$ /Users/praneelkhiantani/Downloads/cs2860/.venv/bin/python3 -m policies.train --env rware-small-2ag-easy-v2 --seed 3 --updates 200 --rollout 512 --eval-every 50 --eval-episodes 10 --log-dir matrix_results/intent_grounded_v1_pilot/rware-small-2ag-easy-v2 --run-name mappo-intent-aux__baseline__d0__s3 --n-msg-tokens 8 --message-grounding rware-intent --message-grounding-coef 0.2 --shape-rewards --pickup-bonus 0.5

[env] EnvSpec(env_id='rware-small-2ag-easy-v2', n_agents=2, obs_dim=71, n_env_actions=5, noop_action=0, family='rware')  (n_msg_tokens=8)
[cfg] {'clip_range': 0.2, 'value_clip_range': 0.2, 'entropy_coef': 0.01, 'value_coef': 0.5, 'max_grad_norm': 0.5, 'gamma': 0.99, 'gae_lambda': 0.95, 'lr_actor': 0.0003, 'lr_critic': 0.001, 'update_epochs': 4, 'minibatches': 4, 'hidden': 128, 'depth': 2, 'device': 'cpu', 'message_grounding_coef': 0.2, 'extra': {}}
[log] writing to matrix_results/intent_grounded_v1_pilot/rware-small-2ag-easy-v2/mappo-intent-aux__baseline__d0__s3
[upd    1 | steps     512 | t    1.0s | sps   534] ret_mean=0.000 ep_len=500.0 pi_loss=0.006 v_loss=0.086 ent=3.674 msg_acc=0.693 kl=0.0288
[upd    2 | steps    1024 | t    2.9s | sps   347] ret_mean=0.500 ep_len=500.0 pi_loss=-0.004 v_loss=0.036 ent=3.593 msg_acc=0.480 kl=0.0345
[upd    3 | steps    1536 | t    4.6s | sps   337] ret_mean=1.500 ep_len=500.0 pi_loss=-0.005 v_loss=0.021 ent=3.569 msg_acc=0.673 kl=0.0147
[upd    4 | steps    2048 | t    6.2s | sps   329] ret_mean=0.000 ep_len=500.0 pi_loss=-0.002 v_loss=0.010 ent=3.505 msg_acc=0.613 kl=0.0107
[upd    5 | steps    2560 | t    8.3s | sps   309] ret_mean=0.000 ep_len=500.0 pi_loss=-0.015 v_loss=0.009 ent=3.514 msg_acc=0.786 kl=0.0238
[upd    6 | steps    3072 | t    9.8s | sps   312] ret_mean=0.000 ep_len=500.0 pi_loss=-0.003 v_loss=0.004 ent=3.546 msg_acc=0.679 kl=0.0137
[upd    7 | steps    3584 | t   11.4s | sps   316] ret_mean=0.000 ep_len=500.0 pi_loss=-0.002 v_loss=0.004 ent=3.481 msg_acc=0.580 kl=0.0040
[upd    8 | steps    4096 | t   12.9s | sps   318] ret_mean=0.000 ep_len=500.0 pi_loss=0.005 v_loss=0.004 ent=3.422 msg_acc=0.444 kl=0.0045
[upd    9 | steps    4608 | t   13.6s | sps   339] ret_mean=1.500 ep_len=500.0 pi_loss=-0.007 v_loss=0.012 ent=3.448 msg_acc=0.293 kl=0.0028
[upd   10 | steps    5120 | t   14.3s | sps   358] ret_mean=1.000 ep_len=500.0 pi_loss=-0.001 v_loss=0.004 ent=3.305 msg_acc=0.759 kl=0.0102
[upd   11 | steps    5632 | t   15.0s | sps   376] ret_mean=2.000 ep_len=500.0 pi_loss=-0.004 v_loss=0.012 ent=3.320 msg_acc=0.685 kl=0.0186
[upd   12 | steps    6144 | t   15.7s | sps   392] ret_mean=1.500 ep_len=500.0 pi_loss=-0.003 v_loss=0.008 ent=3.216 msg_acc=0.493 kl=0.0083
[upd   13 | steps    6656 | t   16.3s | sps   408] ret_mean=0.000 ep_len=500.0 pi_loss=-0.007 v_loss=0.001 ent=3.069 msg_acc=0.835 kl=0.0312
[upd   14 | steps    7168 | t   17.1s | sps   420] ret_mean=0.000 ep_len=500.0 pi_loss=-0.004 v_loss=0.002 ent=3.174 msg_acc=0.406 kl=0.0257
[upd   15 | steps    7680 | t   17.8s | sps   432] ret_mean=0.000 ep_len=500.0 pi_loss=0.001 v_loss=0.004 ent=3.214 msg_acc=0.580 kl=0.0180
[upd   16 | steps    8192 | t   18.4s | sps   444] ret_mean=3.500 ep_len=500.0 pi_loss=-0.008 v_loss=0.041 ent=3.108 msg_acc=0.496 kl=0.0136
[upd   17 | steps    8704 | t   20.7s | sps   421] ret_mean=0.000 ep_len=500.0 pi_loss=-0.001 v_loss=0.002 ent=3.058 msg_acc=0.738 kl=0.0204
[upd   18 | steps    9216 | t   22.1s | sps   417] ret_mean=0.000 ep_len=500.0 pi_loss=-0.010 v_loss=0.001 ent=3.157 msg_acc=0.517 kl=0.0194
[upd   19 | steps    9728 | t   23.1s | sps   421] ret_mean=0.000 ep_len=500.0 pi_loss=-0.014 v_loss=0.001 ent=3.190 msg_acc=0.389 kl=0.0187
[upd   20 | steps   10240 | t   23.9s | sps   428] ret_mean=0.000 ep_len=500.0 pi_loss=-0.010 v_loss=0.009 ent=3.061 msg_acc=0.646 kl=0.0176
[upd   21 | steps   10752 | t   24.6s | sps   437] ret_mean=2.000 ep_len=500.0 pi_loss=-0.014 v_loss=0.001 ent=3.117 msg_acc=0.518 kl=0.0113
[upd   22 | steps   11264 | t   25.3s | sps   446] ret_mean=0.000 ep_len=500.0 pi_loss=-0.013 v_loss=0.006 ent=3.112 msg_acc=0.585 kl=0.0049
[upd   23 | steps   11776 | t   25.9s | sps   454] ret_mean=1.500 ep_len=500.0 pi_loss=-0.011 v_loss=0.009 ent=2.946 msg_acc=0.653 kl=0.0315
[upd   24 | steps   12288 | t   26.7s | sps   460] ret_mean=1.500 ep_len=500.0 pi_loss=-0.004 v_loss=0.001 ent=2.917 msg_acc=0.559 kl=0.0091
[upd   25 | steps   12800 | t   27.4s | sps   467] ret_mean=0.000 ep_len=500.0 pi_loss=-0.008 v_loss=0.004 ent=2.923 msg_acc=0.572 kl=0.0150
[upd   26 | steps   13312 | t   28.0s | sps   475] ret_mean=1.500 ep_len=500.0 pi_loss=-0.005 v_loss=0.003 ent=2.858 msg_acc=0.654 kl=0.0206
[upd   27 | steps   13824 | t   28.7s | sps   482] ret_mean=0.000 ep_len=500.0 pi_loss=-0.006 v_loss=0.002 ent=2.791 msg_acc=0.735 kl=0.0088
[upd   28 | steps   14336 | t   29.3s | sps   489] ret_mean=0.000 ep_len=500.0 pi_loss=-0.012 v_loss=0.001 ent=2.664 msg_acc=0.844 kl=0.0156
[upd   29 | steps   14848 | t   30.2s | sps   492] ret_mean=0.000 ep_len=500.0 pi_loss=-0.002 v_loss=0.001 ent=2.907 msg_acc=0.835 kl=0.0150
[upd   30 | steps   15360 | t   31.0s | sps   496] ret_mean=0.000 ep_len=500.0 pi_loss=-0.007 v_loss=0.001 ent=2.861 msg_acc=0.664 kl=0.0035
[upd   31 | steps   15872 | t   32.1s | sps   494] ret_mean=0.000 ep_len=500.0 pi_loss=-0.005 v_loss=0.001 ent=2.843 msg_acc=0.579 kl=0.0181
[upd   32 | steps   16384 | t   33.2s | sps   493] ret_mean=0.000 ep_len=500.0 pi_loss=-0.012 v_loss=0.001 ent=3.023 msg_acc=0.524 kl=0.0217
[upd   33 | steps   16896 | t   35.4s | sps   477] ret_mean=0.000 ep_len=500.0 pi_loss=-0.012 v_loss=0.001 ent=2.810 msg_acc=0.814 kl=0.0091
[upd   34 | steps   17408 | t   37.2s | sps   468] ret_mean=0.000 ep_len=500.0 pi_loss=-0.011 v_loss=0.022 ent=2.856 msg_acc=0.584 kl=0.0122
[upd   35 | steps   17920 | t   39.1s | sps   459] ret_mean=4.000 ep_len=500.0 pi_loss=-0.009 v_loss=0.010 ent=2.622 msg_acc=0.814 kl=0.0172
[upd   36 | steps   18432 | t   42.2s | sps   436] ret_mean=0.000 ep_len=500.0 pi_loss=-0.006 v_loss=0.001 ent=2.633 msg_acc=0.760 kl=0.0033
[upd   37 | steps   18944 | t   44.8s | sps   422] ret_mean=0.000 ep_len=500.0 pi_loss=0.002 v_loss=0.003 ent=2.851 msg_acc=0.377 kl=0.0236
[upd   38 | steps   19456 | t   47.3s | sps   412] ret_mean=0.500 ep_len=500.0 pi_loss=-0.005 v_loss=0.002 ent=2.787 msg_acc=0.655 kl=0.0144
[upd   39 | steps   19968 | t   49.1s | sps   407] ret_mean=0.000 ep_len=500.0 pi_loss=-0.011 v_loss=0.001 ent=2.474 msg_acc=0.868 kl=0.0010
[upd   40 | steps   20480 | t   50.8s | sps   403] ret_mean=0.000 ep_len=500.0 pi_loss=-0.005 v_loss=0.001 ent=2.886 msg_acc=0.402 kl=0.0188
[upd   41 | steps   20992 | t   52.6s | sps   399] ret_mean=0.000 ep_len=500.0 pi_loss=-0.007 v_loss=0.003 ent=2.795 msg_acc=0.632 kl=0.0192
[upd   42 | steps   21504 | t   54.5s | sps   394] ret_mean=0.750 ep_len=500.0 pi_loss=-0.009 v_loss=0.001 ent=2.707 msg_acc=0.676 kl=0.0068
[upd   43 | steps   22016 | t   56.2s | sps   392] ret_mean=0.500 ep_len=500.0 pi_loss=0.009 v_loss=0.002 ent=2.966 msg_acc=0.230 kl=0.0376
[upd   44 | steps   22528 | t   58.1s | sps   388] ret_mean=0.000 ep_len=500.0 pi_loss=0.000 v_loss=0.001 ent=2.875 msg_acc=0.888 kl=0.0174
[upd   45 | steps   23040 | t   60.6s | sps   380] ret_mean=0.000 ep_len=500.0 pi_loss=-0.011 v_loss=0.000 ent=2.761 msg_acc=0.766 kl=0.0076
[upd   46 | steps   23552 | t   62.3s | sps   378] ret_mean=1.000 ep_len=500.0 pi_loss=-0.009 v_loss=0.005 ent=3.057 msg_acc=0.662 kl=0.0114
[upd   47 | steps   24064 | t   64.2s | sps   375] ret_mean=0.000 ep_len=500.0 pi_loss=-0.005 v_loss=0.001 ent=2.491 msg_acc=0.913 kl=0.0058
[upd   48 | steps   24576 | t   65.9s | sps   373] ret_mean=0.000 ep_len=500.0 pi_loss=-0.013 v_loss=0.001 ent=2.807 msg_acc=0.718 kl=0.0041
[upd   49 | steps   25088 | t   67.7s | sps   370] ret_mean=0.000 ep_len=500.0 pi_loss=-0.004 v_loss=0.001 ent=2.608 msg_acc=0.917 kl=0.0167
[upd   50 | steps   25600 | t   69.5s | sps   369] ret_mean=1.500 ep_len=500.0 pi_loss=-0.005 v_loss=0.008 ent=2.801 msg_acc=0.732 kl=0.0071
        [eval] ret_mean=0.000 ep_len=500.0
[upd   51 | steps   26112 | t   84.0s | sps   311] ret_mean=0.500 ep_len=500.0 pi_loss=-0.004 v_loss=0.002 ent=2.722 msg_acc=0.470 kl=0.0210
[upd   52 | steps   26624 | t   85.7s | sps   311] ret_mean=0.000 ep_len=500.0 pi_loss=-0.014 v_loss=0.001 ent=2.719 msg_acc=0.840 kl=0.0185
[upd   53 | steps   27136 | t   87.0s | sps   312] ret_mean=0.000 ep_len=500.0 pi_loss=-0.003 v_loss=0.001 ent=3.159 msg_acc=0.679 kl=0.0106
[upd   54 | steps   27648 | t   88.3s | sps   313] ret_mean=1.500 ep_len=500.0 pi_loss=-0.007 v_loss=0.013 ent=2.813 msg_acc=0.659 kl=0.0251
[upd   55 | steps   28160 | t   88.9s | sps   317] ret_mean=0.000 ep_len=500.0 pi_loss=-0.009 v_loss=0.001 ent=2.549 msg_acc=0.892 kl=0.0180
[upd   56 | steps   28672 | t   89.7s | sps   320] ret_mean=0.000 ep_len=500.0 pi_loss=-0.004 v_loss=0.022 ent=2.628 msg_acc=0.782 kl=0.0099
[upd   57 | steps   29184 | t   91.3s | sps   320] ret_mean=5.000 ep_len=500.0 pi_loss=-0.006 v_loss=0.021 ent=2.501 msg_acc=0.857 kl=0.0090
[upd   58 | steps   29696 | t   93.1s | sps   319] ret_mean=0.000 ep_len=500.0 pi_loss=-0.007 v_loss=0.002 ent=2.259 msg_acc=0.947 kl=0.0159
[upd   59 | steps   30208 | t   95.3s | sps   317] ret_mean=0.000 ep_len=500.0 pi_loss=-0.006 v_loss=0.010 ent=2.437 msg_acc=0.822 kl=0.0092
[upd   60 | steps   30720 | t   96.6s | sps   318] ret_mean=2.500 ep_len=500.0 pi_loss=-0.009 v_loss=0.009 ent=2.464 msg_acc=0.797 kl=0.0122
[upd   61 | steps   31232 | t   97.4s | sps   321] ret_mean=0.000 ep_len=500.0 pi_loss=-0.007 v_loss=0.002 ent=2.481 msg_acc=0.711 kl=0.0048
[upd   62 | steps   31744 | t   98.1s | sps   324] ret_mean=0.000 ep_len=500.0 pi_loss=-0.009 v_loss=0.001 ent=2.544 msg_acc=0.779 kl=0.0148
[upd   63 | steps   32256 | t   99.3s | sps   325] ret_mean=0.500 ep_len=500.0 pi_loss=-0.005 v_loss=0.003 ent=2.333 msg_acc=0.674 kl=0.0132
[upd   64 | steps   32768 | t  101.2s | sps   324] ret_mean=0.000 ep_len=500.0 pi_loss=-0.006 v_loss=0.027 ent=2.416 msg_acc=0.688 kl=0.0129
[upd   65 | steps   33280 | t  103.9s | sps   320] ret_mean=2.500 ep_len=500.0 pi_loss=-0.005 v_loss=0.002 ent=2.563 msg_acc=0.484 kl=0.0313
[upd   66 | steps   33792 | t  104.8s | sps   323] ret_mean=0.000 ep_len=500.0 pi_loss=-0.009 v_loss=0.001 ent=2.516 msg_acc=0.833 kl=0.0095
[upd   67 | steps   34304 | t  105.6s | sps   325] ret_mean=0.000 ep_len=500.0 pi_loss=-0.009 v_loss=0.001 ent=2.248 msg_acc=0.923 kl=0.0076
[upd   68 | steps   34816 | t  106.7s | sps   326] ret_mean=0.000 ep_len=500.0 pi_loss=-0.015 v_loss=0.002 ent=2.578 msg_acc=0.642 kl=0.0225
[upd   69 | steps   35328 | t  107.7s | sps   328] ret_mean=0.500 ep_len=500.0 pi_loss=-0.006 v_loss=0.003 ent=2.612 msg_acc=0.496 kl=0.0244
[upd   70 | steps   35840 | t  108.6s | sps   330] ret_mean=0.500 ep_len=500.0 pi_loss=-0.014 v_loss=0.002 ent=2.690 msg_acc=0.633 kl=0.0171
[upd   71 | steps   36352 | t  109.5s | sps   332] ret_mean=0.500 ep_len=500.0 pi_loss=-0.006 v_loss=0.001 ent=2.525 msg_acc=0.786 kl=0.0151
[upd   72 | steps   36864 | t  110.4s | sps   334] ret_mean=0.000 ep_len=500.0 pi_loss=-0.007 v_loss=0.001 ent=2.257 msg_acc=0.926 kl=0.0181
[upd   73 | steps   37376 | t  111.2s | sps   336] ret_mean=1.000 ep_len=500.0 pi_loss=-0.009 v_loss=0.004 ent=2.422 msg_acc=0.787 kl=0.0028
[upd   74 | steps   37888 | t  111.9s | sps   338] ret_mean=0.000 ep_len=500.0 pi_loss=-0.011 v_loss=0.001 ent=2.087 msg_acc=0.958 kl=0.0129
[upd   75 | steps   38400 | t  112.8s | sps   341] ret_mean=0.000 ep_len=500.0 pi_loss=-0.005 v_loss=0.012 ent=2.394 msg_acc=0.845 kl=0.0142
[upd   76 | steps   38912 | t  113.5s | sps   343] ret_mean=1.500 ep_len=500.0 pi_loss=-0.009 v_loss=0.000 ent=1.994 msg_acc=0.938 kl=0.0176
[upd   77 | steps   39424 | t  114.2s | sps   345] ret_mean=0.000 ep_len=500.0 pi_loss=-0.009 v_loss=0.000 ent=2.022 msg_acc=0.948 kl=0.0130
[upd   78 | steps   39936 | t  115.0s | sps   347] ret_mean=0.000 ep_len=500.0 pi_loss=-0.008 v_loss=0.000 ent=1.956 msg_acc=0.885 kl=0.0101
[upd   79 | steps   40448 | t  115.9s | sps   349] ret_mean=0.000 ep_len=500.0 pi_loss=-0.015 v_loss=0.000 ent=2.232 msg_acc=0.902 kl=-0.0031
[upd   80 | steps   40960 | t  116.6s | sps   351] ret_mean=0.000 ep_len=500.0 pi_loss=-0.010 v_loss=0.000 ent=2.003 msg_acc=0.898 kl=0.0087
[upd   81 | steps   41472 | t  117.2s | sps   354] ret_mean=0.000 ep_len=500.0 pi_loss=-0.010 v_loss=0.014 ent=2.161 msg_acc=0.673 kl=0.0150
[upd   82 | steps   41984 | t  117.9s | sps   356] ret_mean=1.500 ep_len=500.0 pi_loss=-0.006 v_loss=0.001 ent=2.360 msg_acc=0.847 kl=0.0189
[upd   83 | steps   42496 | t  118.5s | sps   359] ret_mean=0.000 ep_len=500.0 pi_loss=-0.009 v_loss=0.001 ent=1.907 msg_acc=0.969 kl=0.0121
[upd   84 | steps   43008 | t  119.1s | sps   361] ret_mean=0.000 ep_len=500.0 pi_loss=-0.011 v_loss=0.002 ent=2.263 msg_acc=0.751 kl=0.0068
[upd   85 | steps   43520 | t  119.8s | sps   363] ret_mean=0.500 ep_len=500.0 pi_loss=-0.011 v_loss=0.010 ent=2.018 msg_acc=0.869 kl=0.0043
[upd   86 | steps   44032 | t  120.4s | sps   366] ret_mean=1.500 ep_len=500.0 pi_loss=-0.007 v_loss=0.001 ent=1.779 msg_acc=0.883 kl=0.0154
[upd   87 | steps   44544 | t  121.0s | sps   368] ret_mean=0.000 ep_len=500.0 pi_loss=-0.007 v_loss=0.000 ent=1.762 msg_acc=0.957 kl=0.0057
[upd   88 | steps   45056 | t  121.7s | sps   370] ret_mean=0.000 ep_len=500.0 pi_loss=-0.013 v_loss=0.010 ent=1.788 msg_acc=0.914 kl=0.0132
[upd   89 | steps   45568 | t  122.3s | sps   373] ret_mean=1.500 ep_len=500.0 pi_loss=-0.008 v_loss=0.000 ent=1.780 msg_acc=0.926 kl=0.0070
[upd   90 | steps   46080 | t  123.1s | sps   374] ret_mean=0.000 ep_len=500.0 pi_loss=-0.009 v_loss=0.001 ent=1.619 msg_acc=0.933 kl=0.0043
[upd   91 | steps   46592 | t  123.9s | sps   376] ret_mean=0.500 ep_len=500.0 pi_loss=-0.007 v_loss=0.000 ent=1.698 msg_acc=0.975 kl=0.0125
[upd   92 | steps   47104 | t  124.6s | sps   378] ret_mean=0.000 ep_len=500.0 pi_loss=-0.007 v_loss=0.000 ent=1.706 msg_acc=0.950 kl=0.0045
[upd   93 | steps   47616 | t  125.2s | sps   380] ret_mean=4.000 ep_len=500.0 pi_loss=0.011 v_loss=0.059 ent=2.011 msg_acc=0.529 kl=0.0846
[upd   94 | steps   48128 | t  125.9s | sps   382] ret_mean=0.500 ep_len=500.0 pi_loss=-0.007 v_loss=0.001 ent=1.964 msg_acc=0.867 kl=0.0045
[upd   95 | steps   48640 | t  126.6s | sps   384] ret_mean=0.000 ep_len=500.0 pi_loss=-0.014 v_loss=0.001 ent=1.869 msg_acc=0.948 kl=0.0270
[upd   96 | steps   49152 | t  127.3s | sps   386] ret_mean=0.000 ep_len=500.0 pi_loss=-0.011 v_loss=0.015 ent=2.133 msg_acc=0.860 kl=0.0039
[upd   97 | steps   49664 | t  128.0s | sps   388] ret_mean=3.000 ep_len=500.0 pi_loss=-0.016 v_loss=0.005 ent=1.930 msg_acc=0.854 kl=0.0190
[upd   98 | steps   50176 | t  128.7s | sps   390] ret_mean=0.000 ep_len=500.0 pi_loss=-0.021 v_loss=0.001 ent=1.742 msg_acc=0.928 kl=0.0345
[upd   99 | steps   50688 | t  129.4s | sps   392] ret_mean=0.000 ep_len=500.0 pi_loss=-0.006 v_loss=0.001 ent=1.822 msg_acc=0.901 kl=0.0101
[upd  100 | steps   51200 | t  130.1s | sps   394] ret_mean=0.000 ep_len=500.0 pi_loss=0.004 v_loss=0.000 ent=2.391 msg_acc=0.534 kl=0.0328
        [eval] ret_mean=0.000 ep_len=500.0
[upd  101 | steps   51712 | t  135.6s | sps   381] ret_mean=0.000 ep_len=500.0 pi_loss=-0.009 v_loss=0.000 ent=1.795 msg_acc=0.889 kl=0.0137
[upd  102 | steps   52224 | t  136.3s | sps   383] ret_mean=2.000 ep_len=500.0 pi_loss=-0.007 v_loss=0.015 ent=1.978 msg_acc=0.837 kl=0.0126
[upd  103 | steps   52736 | t  137.0s | sps   385] ret_mean=0.000 ep_len=500.0 pi_loss=-0.001 v_loss=0.001 ent=1.702 msg_acc=0.974 kl=0.0129
[upd  104 | steps   53248 | t  137.6s | sps   387] ret_mean=0.000 ep_len=500.0 pi_loss=-0.008 v_loss=0.001 ent=1.913 msg_acc=0.931 kl=0.0024
[upd  105 | steps   53760 | t  138.3s | sps   389] ret_mean=0.000 ep_len=500.0 pi_loss=-0.011 v_loss=0.002 ent=2.170 msg_acc=0.639 kl=0.0043
[upd  106 | steps   54272 | t  138.9s | sps   391] ret_mean=0.500 ep_len=500.0 pi_loss=-0.005 v_loss=0.000 ent=1.773 msg_acc=0.877 kl=-0.0024
[upd  107 | steps   54784 | t  139.5s | sps   393] ret_mean=0.000 ep_len=500.0 pi_loss=-0.007 v_loss=0.000 ent=1.777 msg_acc=0.980 kl=0.0055
[upd  108 | steps   55296 | t  140.2s | sps   394] ret_mean=0.000 ep_len=500.0 pi_loss=-0.008 v_loss=0.000 ent=1.702 msg_acc=0.979 kl=0.0131
[upd  109 | steps   55808 | t  140.8s | sps   396] ret_mean=0.000 ep_len=500.0 pi_loss=-0.003 v_loss=0.000 ent=1.939 msg_acc=0.883 kl=-0.0031
[upd  110 | steps   56320 | t  141.5s | sps   398] ret_mean=0.000 ep_len=500.0 pi_loss=-0.009 v_loss=0.000 ent=1.608 msg_acc=0.954 kl=0.0140
[upd  111 | steps   56832 | t  142.1s | sps   400] ret_mean=0.000 ep_len=500.0 pi_loss=-0.006 v_loss=0.001 ent=1.770 msg_acc=0.809 kl=0.0087
[upd  112 | steps   57344 | t  142.8s | sps   402] ret_mean=0.000 ep_len=500.0 pi_loss=-0.008 v_loss=0.000 ent=1.922 msg_acc=0.809 kl=0.0077
[upd  113 | steps   57856 | t  143.5s | sps   403] ret_mean=0.000 ep_len=500.0 pi_loss=-0.009 v_loss=0.000 ent=1.824 msg_acc=0.823 kl=0.0080
[upd  114 | steps   58368 | t  144.3s | sps   404] ret_mean=0.000 ep_len=500.0 pi_loss=-0.015 v_loss=0.000 ent=1.476 msg_acc=0.964 kl=0.0137
[upd  115 | steps   58880 | t  145.0s | sps   406] ret_mean=0.000 ep_len=500.0 pi_loss=-0.008 v_loss=0.000 ent=1.721 msg_acc=0.946 kl=0.0038
[upd  116 | steps   59392 | t  145.7s | sps   407] ret_mean=0.000 ep_len=500.0 pi_loss=-0.002 v_loss=0.000 ent=1.472 msg_acc=0.986 kl=0.0054
[upd  117 | steps   59904 | t  146.4s | sps   409] ret_mean=0.000 ep_len=500.0 pi_loss=-0.010 v_loss=0.000 ent=1.486 msg_acc=0.965 kl=0.0010
[upd  118 | steps   60416 | t  147.0s | sps   411] ret_mean=0.000 ep_len=500.0 pi_loss=-0.008 v_loss=0.000 ent=1.836 msg_acc=0.757 kl=0.0087
[upd  119 | steps   60928 | t  147.7s | sps   413] ret_mean=0.000 ep_len=500.0 pi_loss=-0.007 v_loss=0.000 ent=1.512 msg_acc=0.934 kl=0.0064
[upd  120 | steps   61440 | t  148.3s | sps   414] ret_mean=0.000 ep_len=500.0 pi_loss=-0.008 v_loss=0.000 ent=1.643 msg_acc=0.916 kl=0.0093
[upd  121 | steps   61952 | t  148.9s | sps   416] ret_mean=0.000 ep_len=500.0 pi_loss=-0.010 v_loss=0.000 ent=1.589 msg_acc=0.929 kl=0.0117
[upd  122 | steps   62464 | t  149.7s | sps   417] ret_mean=0.000 ep_len=500.0 pi_loss=-0.004 v_loss=0.000 ent=1.571 msg_acc=0.905 kl=0.0113
[upd  123 | steps   62976 | t  150.3s | sps   419] ret_mean=0.000 ep_len=500.0 pi_loss=-0.010 v_loss=0.000 ent=1.631 msg_acc=0.924 kl=0.0047
[upd  124 | steps   63488 | t  151.0s | sps   420] ret_mean=0.000 ep_len=500.0 pi_loss=-0.007 v_loss=0.006 ent=1.700 msg_acc=0.801 kl=0.0201
[upd  125 | steps   64000 | t  151.6s | sps   422] ret_mean=1.500 ep_len=500.0 pi_loss=0.009 v_loss=0.001 ent=1.869 msg_acc=0.745 kl=0.0493
[upd  126 | steps   64512 | t  152.3s | sps   424] ret_mean=0.000 ep_len=500.0 pi_loss=-0.007 v_loss=0.001 ent=1.677 msg_acc=0.932 kl=0.0068
[upd  127 | steps   65024 | t  153.0s | sps   425] ret_mean=0.000 ep_len=500.0 pi_loss=-0.019 v_loss=0.001 ent=1.773 msg_acc=0.865 kl=0.0110
[upd  128 | steps   65536 | t  153.7s | sps   426] ret_mean=0.500 ep_len=500.0 pi_loss=-0.008 v_loss=0.000 ent=1.925 msg_acc=0.833 kl=0.0108
[upd  129 | steps   66048 | t  154.4s | sps   428] ret_mean=0.000 ep_len=500.0 pi_loss=-0.008 v_loss=0.000 ent=1.842 msg_acc=0.895 kl=0.0073
[upd  130 | steps   66560 | t  155.2s | sps   429] ret_mean=0.000 ep_len=500.0 pi_loss=-0.008 v_loss=0.000 ent=1.749 msg_acc=0.956 kl=0.0098
[upd  131 | steps   67072 | t  155.9s | sps   430] ret_mean=0.000 ep_len=500.0 pi_loss=-0.013 v_loss=0.000 ent=1.845 msg_acc=0.962 kl=0.0164
[upd  132 | steps   67584 | t  156.6s | sps   432] ret_mean=0.000 ep_len=500.0 pi_loss=-0.006 v_loss=0.000 ent=1.738 msg_acc=0.930 kl=0.0138
[upd  133 | steps   68096 | t  157.2s | sps   433] ret_mean=0.000 ep_len=500.0 pi_loss=-0.009 v_loss=0.008 ent=2.182 msg_acc=0.543 kl=0.0064
[upd  134 | steps   68608 | t  157.9s | sps   435] ret_mean=2.000 ep_len=500.0 pi_loss=-0.007 v_loss=0.001 ent=1.792 msg_acc=0.835 kl=0.0140
[upd  135 | steps   69120 | t  158.6s | sps   436] ret_mean=0.000 ep_len=500.0 pi_loss=-0.009 v_loss=0.001 ent=1.904 msg_acc=0.950 kl=0.0140
[upd  136 | steps   69632 | t  159.5s | sps   437] ret_mean=0.000 ep_len=500.0 pi_loss=-0.002 v_loss=0.000 ent=2.077 msg_acc=0.875 kl=0.0063
[upd  137 | steps   70144 | t  160.3s | sps   438] ret_mean=0.000 ep_len=500.0 pi_loss=-0.011 v_loss=0.000 ent=1.985 msg_acc=0.937 kl=0.0016
[upd  138 | steps   70656 | t  162.8s | sps   434] ret_mean=0.000 ep_len=500.0 pi_loss=-0.014 v_loss=0.001 ent=2.090 msg_acc=0.730 kl=0.0175
[upd  139 | steps   71168 | t  164.6s | sps   432] ret_mean=0.500 ep_len=500.0 pi_loss=-0.009 v_loss=0.001 ent=1.641 msg_acc=0.999 kl=0.0076
[upd  140 | steps   71680 | t  166.7s | sps   430] ret_mean=0.000 ep_len=500.0 pi_loss=-0.006 v_loss=0.005 ent=1.875 msg_acc=0.868 kl=0.0087
[upd  141 | steps   72192 | t  167.7s | sps   431] ret_mean=1.000 ep_len=500.0 pi_loss=-0.012 v_loss=0.004 ent=2.096 msg_acc=0.912 kl=0.0218
[upd  142 | steps   72704 | t  168.6s | sps   431] ret_mean=0.500 ep_len=500.0 pi_loss=-0.004 v_loss=0.001 ent=2.056 msg_acc=0.750 kl=0.0108
[upd  143 | steps   73216 | t  169.8s | sps   431] ret_mean=0.000 ep_len=500.0 pi_loss=-0.007 v_loss=0.001 ent=1.798 msg_acc=0.896 kl=0.0069
[upd  144 | steps   73728 | t  170.5s | sps   432] ret_mean=0.000 ep_len=500.0 pi_loss=-0.006 v_loss=0.000 ent=1.634 msg_acc=0.941 kl=0.0010
[upd  145 | steps   74240 | t  171.2s | sps   434] ret_mean=0.000 ep_len=500.0 pi_loss=-0.007 v_loss=0.002 ent=1.791 msg_acc=0.923 kl=0.0046
[upd  146 | steps   74752 | t  171.9s | sps   435] ret_mean=1.000 ep_len=500.0 pi_loss=-0.018 v_loss=0.023 ent=1.681 msg_acc=0.889 kl=0.0148
[upd  147 | steps   75264 | t  172.6s | sps   436] ret_mean=3.000 ep_len=500.0 pi_loss=0.024 v_loss=0.001 ent=1.855 msg_acc=0.508 kl=0.0214
[upd  148 | steps   75776 | t  173.3s | sps   437] ret_mean=0.000 ep_len=500.0 pi_loss=-0.011 v_loss=0.000 ent=1.589 msg_acc=0.991 kl=0.0121
[upd  149 | steps   76288 | t  174.3s | sps   438] ret_mean=0.000 ep_len=500.0 pi_loss=-0.010 v_loss=0.001 ent=1.819 msg_acc=0.911 kl=0.0072
[upd  150 | steps   76800 | t  175.7s | sps   437] ret_mean=0.000 ep_len=500.0 pi_loss=-0.009 v_loss=0.000 ent=1.699 msg_acc=0.922 kl=0.0165
        [eval] ret_mean=0.050 ep_len=500.0
[upd  151 | steps   77312 | t  187.7s | sps   412] ret_mean=0.000 ep_len=500.0 pi_loss=-0.015 v_loss=0.000 ent=1.939 msg_acc=0.811 kl=0.0184
[upd  152 | steps   77824 | t  188.6s | sps   413] ret_mean=0.000 ep_len=500.0 pi_loss=-0.006 v_loss=0.000 ent=1.645 msg_acc=0.974 kl=0.0037
[upd  153 | steps   78336 | t  189.3s | sps   414] ret_mean=0.000 ep_len=500.0 pi_loss=-0.007 v_loss=0.000 ent=1.634 msg_acc=0.968 kl=0.0172
[upd  154 | steps   78848 | t  189.9s | sps   415] ret_mean=0.000 ep_len=500.0 pi_loss=-0.011 v_loss=0.024 ent=1.657 msg_acc=0.927 kl=0.0083
[upd  155 | steps   79360 | t  190.6s | sps   416] ret_mean=3.000 ep_len=500.0 pi_loss=-0.008 v_loss=0.003 ent=1.969 msg_acc=0.726 kl=0.0075
[upd  156 | steps   79872 | t  191.2s | sps   418] ret_mean=2.000 ep_len=500.0 pi_loss=-0.013 v_loss=0.007 ent=1.765 msg_acc=0.940 kl=0.0154
[upd  157 | steps   80384 | t  191.8s | sps   419] ret_mean=0.000 ep_len=500.0 pi_loss=-0.019 v_loss=0.002 ent=1.663 msg_acc=0.914 kl=-0.0007
[upd  158 | steps   80896 | t  192.5s | sps   420] ret_mean=0.500 ep_len=500.0 pi_loss=-0.007 v_loss=0.000 ent=1.678 msg_acc=0.895 kl=0.0121
[upd  159 | steps   81408 | t  193.1s | sps   422] ret_mean=0.500 ep_len=500.0 pi_loss=-0.013 v_loss=0.002 ent=2.022 msg_acc=0.804 kl=0.0154
[upd  160 | steps   81920 | t  193.9s | sps   423] ret_mean=0.000 ep_len=500.0 pi_loss=-0.013 v_loss=0.000 ent=2.063 msg_acc=0.740 kl=0.0141
[upd  161 | steps   82432 | t  194.6s | sps   424] ret_mean=0.000 ep_len=500.0 pi_loss=-0.009 v_loss=0.000 ent=2.129 msg_acc=0.745 kl=0.0105
[upd  162 | steps   82944 | t  195.3s | sps   425] ret_mean=0.000 ep_len=500.0 pi_loss=-0.007 v_loss=0.000 ent=1.788 msg_acc=0.841 kl=0.0051
[upd  163 | steps   83456 | t  195.9s | sps   426] ret_mean=0.000 ep_len=500.0 pi_loss=-0.012 v_loss=0.002 ent=2.274 msg_acc=0.594 kl=0.0211
[upd  164 | steps   83968 | t  196.6s | sps   427] ret_mean=1.000 ep_len=500.0 pi_loss=-0.010 v_loss=0.002 ent=2.162 msg_acc=0.612 kl=0.0159
[upd  165 | steps   84480 | t  197.2s | sps   428] ret_mean=1.500 ep_len=500.0 pi_loss=-0.009 v_loss=0.007 ent=2.006 msg_acc=0.807 kl=0.0076
[upd  166 | steps   84992 | t  197.8s | sps   430] ret_mean=0.000 ep_len=500.0 pi_loss=-0.007 v_loss=0.001 ent=1.653 msg_acc=0.883 kl=0.0095
[upd  167 | steps   85504 | t  198.5s | sps   431] ret_mean=0.000 ep_len=500.0 pi_loss=-0.007 v_loss=0.000 ent=1.741 msg_acc=0.910 kl=0.0062
[upd  168 | steps   86016 | t  199.1s | sps   432] ret_mean=0.500 ep_len=500.0 pi_loss=-0.012 v_loss=0.002 ent=1.921 msg_acc=0.792 kl=0.0126
[upd  169 | steps   86528 | t  199.7s | sps   433] ret_mean=0.000 ep_len=500.0 pi_loss=-0.013 v_loss=0.000 ent=1.909 msg_acc=0.777 kl=0.0202
[upd  170 | steps   87040 | t  200.4s | sps   434] ret_mean=0.000 ep_len=500.0 pi_loss=-0.008 v_loss=0.000 ent=1.962 msg_acc=0.878 kl=0.0113
[upd  171 | steps   87552 | t  201.0s | sps   436] ret_mean=0.000 ep_len=500.0 pi_loss=-0.010 v_loss=0.000 ent=1.693 msg_acc=0.960 kl=0.0174
[upd  172 | steps   88064 | t  201.6s | sps   437] ret_mean=0.000 ep_len=500.0 pi_loss=-0.014 v_loss=0.000 ent=1.743 msg_acc=0.931 kl=0.0140
[upd  173 | steps   88576 | t  202.3s | sps   438] ret_mean=0.000 ep_len=500.0 pi_loss=0.001 v_loss=0.003 ent=1.749 msg_acc=0.709 kl=0.0197
[upd  174 | steps   89088 | t  202.9s | sps   439] ret_mean=4.500 ep_len=500.0 pi_loss=-0.000 v_loss=0.035 ent=2.059 msg_acc=0.755 kl=0.0118
[upd  175 | steps   89600 | t  203.5s | sps   440] ret_mean=0.000 ep_len=500.0 pi_loss=-0.010 v_loss=0.025 ent=2.032 msg_acc=0.673 kl=0.0172
[upd  176 | steps   90112 | t  204.3s | sps   441] ret_mean=2.500 ep_len=500.0 pi_loss=-0.012 v_loss=0.001 ent=2.388 msg_acc=0.679 kl=0.0218
[upd  177 | steps   90624 | t  205.1s | sps   442] ret_mean=0.000 ep_len=500.0 pi_loss=-0.008 v_loss=0.001 ent=2.243 msg_acc=0.740 kl=0.0056
[upd  178 | steps   91136 | t  205.7s | sps   443] ret_mean=0.000 ep_len=500.0 pi_loss=-0.009 v_loss=0.000 ent=1.786 msg_acc=0.985 kl=0.0069
[upd  179 | steps   91648 | t  206.4s | sps   444] ret_mean=0.000 ep_len=500.0 pi_loss=-0.006 v_loss=0.000 ent=2.218 msg_acc=0.670 kl=0.0042
[upd  180 | steps   92160 | t  207.0s | sps   445] ret_mean=0.000 ep_len=500.0 pi_loss=-0.010 v_loss=0.000 ent=1.840 msg_acc=0.922 kl=0.0084
[upd  181 | steps   92672 | t  207.9s | sps   446] ret_mean=0.000 ep_len=500.0 pi_loss=-0.011 v_loss=0.000 ent=1.683 msg_acc=0.985 kl=0.0027
[upd  182 | steps   93184 | t  208.7s | sps   447] ret_mean=0.000 ep_len=500.0 pi_loss=-0.014 v_loss=0.000 ent=1.888 msg_acc=0.826 kl=0.0263
[upd  183 | steps   93696 | t  209.4s | sps   447] ret_mean=0.000 ep_len=500.0 pi_loss=-0.007 v_loss=0.000 ent=1.923 msg_acc=0.882 kl=0.0104
[upd  184 | steps   94208 | t  210.4s | sps   448] ret_mean=0.000 ep_len=500.0 pi_loss=-0.011 v_loss=0.004 ent=1.847 msg_acc=0.872 kl=0.0192
[upd  185 | steps   94720 | t  211.2s | sps   449] ret_mean=1.000 ep_len=500.0 pi_loss=-0.010 v_loss=0.000 ent=1.675 msg_acc=0.962 kl=0.0082
[upd  186 | steps   95232 | t  212.5s | sps   448] ret_mean=0.000 ep_len=500.0 pi_loss=-0.008 v_loss=0.000 ent=1.742 msg_acc=0.980 kl=0.0059
[upd  187 | steps   95744 | t  213.5s | sps   449] ret_mean=0.000 ep_len=500.0 pi_loss=-0.015 v_loss=0.000 ent=1.662 msg_acc=0.940 kl=0.0116
[upd  188 | steps   96256 | t  214.2s | sps   449] ret_mean=0.000 ep_len=500.0 pi_loss=-0.007 v_loss=0.000 ent=1.579 msg_acc=0.962 kl=0.0119
[upd  189 | steps   96768 | t  215.3s | sps   450] ret_mean=0.000 ep_len=500.0 pi_loss=-0.008 v_loss=0.000 ent=1.791 msg_acc=0.868 kl=0.0081
[upd  190 | steps   97280 | t  216.6s | sps   449] ret_mean=0.000 ep_len=500.0 pi_loss=0.009 v_loss=0.007 ent=2.514 msg_acc=0.431 kl=0.0430
[upd  191 | steps   97792 | t  217.6s | sps   449] ret_mean=1.500 ep_len=500.0 pi_loss=0.000 v_loss=0.001 ent=2.161 msg_acc=0.772 kl=0.0420
[upd  192 | steps   98304 | t  218.8s | sps   449] ret_mean=0.250 ep_len=500.0 pi_loss=-0.015 v_loss=0.000 ent=2.140 msg_acc=0.913 kl=0.0102
[upd  193 | steps   98816 | t  220.4s | sps   448] ret_mean=0.000 ep_len=500.0 pi_loss=-0.010 v_loss=0.000 ent=2.031 msg_acc=0.963 kl=0.0033
[upd  194 | steps   99328 | t  221.9s | sps   448] ret_mean=0.000 ep_len=500.0 pi_loss=-0.010 v_loss=0.000 ent=1.874 msg_acc=0.878 kl=0.0051
[upd  195 | steps   99840 | t  223.9s | sps   446] ret_mean=0.500 ep_len=500.0 pi_loss=-0.007 v_loss=0.002 ent=1.926 msg_acc=0.908 kl=0.0109
[upd  196 | steps  100352 | t  225.8s | sps   444] ret_mean=0.000 ep_len=500.0 pi_loss=-0.009 v_loss=0.002 ent=1.827 msg_acc=0.936 kl=0.0137
[upd  197 | steps  100864 | t  226.4s | sps   445] ret_mean=3.000 ep_len=500.0 pi_loss=0.002 v_loss=0.013 ent=2.216 msg_acc=0.516 kl=0.0133
[upd  198 | steps  101376 | t  227.1s | sps   446] ret_mean=0.000 ep_len=500.0 pi_loss=-0.011 v_loss=0.001 ent=2.106 msg_acc=0.710 kl=0.0048
[upd  199 | steps  101888 | t  228.0s | sps   447] ret_mean=0.000 ep_len=500.0 pi_loss=-0.014 v_loss=0.000 ent=2.023 msg_acc=0.833 kl=0.0164
[upd  200 | steps  102400 | t  228.6s | sps   448] ret_mean=11.000 ep_len=500.0 pi_loss=-0.016 v_loss=0.262 ent=1.942 msg_acc=0.816 kl=0.0043
        [eval] ret_mean=12.500 ep_len=500.0
