$ /Users/samchen/Coding/CLASSES/CS2860/.venv/bin/python3 -m policies.train --env rware-tiny-2ag-easy-v2 --seed 1 --updates 300 --rollout 512 --eval-every 25 --eval-episodes 30 --log-dir matrix_results/diagnostics_v1_sam/death_token/tiny_oracle --run-name mappo-heartbeat-plus-comm__delay-only__d30__s1 --n-msg-tokens 8 --heartbeat --heartbeat-period 1 --heartbeat-max-age-clip 128 --heartbeat-delay 30 --shape-rewards --pickup-bonus 0.5 --disable-message-echo

[env] EnvSpec(env_id='rware-tiny-2ag-easy-v2', n_agents=2, obs_dim=73, n_env_actions=5, noop_action=0, family='rware')  (n_msg_tokens=8)
[cfg] {'clip_range': 0.2, 'value_clip_range': 0.2, 'entropy_coef': 0.01, 'value_coef': 0.5, 'max_grad_norm': 0.5, 'gamma': 0.99, 'gae_lambda': 0.95, 'lr_actor': 0.0003, 'lr_critic': 0.001, 'update_epochs': 4, 'minibatches': 4, 'hidden': 128, 'depth': 2, 'device': 'cpu', 'extra': {}}
[log] writing to matrix_results/diagnostics_v1_sam/death_token/tiny_oracle/mappo-heartbeat-plus-comm__delay-only__d30__s1
[upd    1 | steps     512 | t    0.2s | sps  2447] ret_mean=0.000 ep_len=500.0 pi_loss=-0.012 v_loss=0.058 ent=3.685 kl=0.0060
[upd    2 | steps    1024 | t    0.4s | sps  2524] ret_mean=0.500 ep_len=500.0 pi_loss=-0.013 v_loss=0.015 ent=3.677 kl=0.0035
[upd    3 | steps    1536 | t    0.6s | sps  2562] ret_mean=1.500 ep_len=500.0 pi_loss=-0.010 v_loss=0.017 ent=3.650 kl=0.0066
[upd    4 | steps    2048 | t    0.8s | sps  2557] ret_mean=0.000 ep_len=500.0 pi_loss=-0.014 v_loss=0.035 ent=3.642 kl=-0.0012
[upd    5 | steps    2560 | t    1.1s | sps  2395] ret_mean=0.500 ep_len=500.0 pi_loss=-0.008 v_loss=0.014 ent=3.638 kl=0.0055
[upd    6 | steps    3072 | t    1.3s | sps  2434] ret_mean=1.000 ep_len=500.0 pi_loss=-0.004 v_loss=0.011 ent=3.641 kl=0.0035
[upd    7 | steps    3584 | t    1.5s | sps  2460] ret_mean=0.500 ep_len=500.0 pi_loss=-0.013 v_loss=0.009 ent=3.625 kl=-0.0012
[upd    8 | steps    4096 | t    1.6s | sps  2483] ret_mean=0.500 ep_len=500.0 pi_loss=-0.011 v_loss=0.005 ent=3.627 kl=0.0124
[upd    9 | steps    4608 | t    1.9s | sps  2487] ret_mean=1.500 ep_len=500.0 pi_loss=-0.009 v_loss=0.008 ent=3.617 kl=-0.0001
[upd   10 | steps    5120 | t    2.0s | sps  2501] ret_mean=0.000 ep_len=500.0 pi_loss=-0.014 v_loss=0.006 ent=3.611 kl=0.0099
[upd   11 | steps    5632 | t    2.2s | sps  2510] ret_mean=2.500 ep_len=500.0 pi_loss=-0.008 v_loss=0.015 ent=3.578 kl=0.0068
[upd   12 | steps    6144 | t    2.5s | sps  2491] ret_mean=1.500 ep_len=500.0 pi_loss=-0.008 v_loss=0.003 ent=3.540 kl=0.0051
[upd   13 | steps    6656 | t    2.7s | sps  2482] ret_mean=0.000 ep_len=500.0 pi_loss=-0.017 v_loss=0.007 ent=3.549 kl=0.0086
[upd   14 | steps    7168 | t    2.9s | sps  2493] ret_mean=1.000 ep_len=500.0 pi_loss=-0.016 v_loss=0.003 ent=3.542 kl=0.0047
[upd   15 | steps    7680 | t    3.1s | sps  2501] ret_mean=0.000 ep_len=500.0 pi_loss=-0.015 v_loss=0.002 ent=3.545 kl=0.0154
[upd   16 | steps    8192 | t    3.3s | sps  2512] ret_mean=0.000 ep_len=500.0 pi_loss=-0.012 v_loss=0.002 ent=3.494 kl=0.0036
[upd   17 | steps    8704 | t    3.5s | sps  2516] ret_mean=2.500 ep_len=500.0 pi_loss=-0.012 v_loss=0.020 ent=3.434 kl=0.0140
[upd   18 | steps    9216 | t    3.7s | sps  2518] ret_mean=1.500 ep_len=500.0 pi_loss=-0.010 v_loss=0.002 ent=3.463 kl=0.0029
[upd   19 | steps    9728 | t    3.9s | sps  2522] ret_mean=0.000 ep_len=500.0 pi_loss=-0.006 v_loss=0.002 ent=3.457 kl=0.0002
[upd   20 | steps   10240 | t    4.1s | sps  2523] ret_mean=0.500 ep_len=500.0 pi_loss=-0.006 v_loss=0.003 ent=3.437 kl=0.0039
[upd   21 | steps   10752 | t    4.3s | sps  2490] ret_mean=0.000 ep_len=500.0 pi_loss=-0.013 v_loss=0.002 ent=3.545 kl=0.0048
[upd   22 | steps   11264 | t    4.5s | sps  2490] ret_mean=0.000 ep_len=500.0 pi_loss=-0.009 v_loss=0.006 ent=3.447 kl=0.0104
[upd   23 | steps   11776 | t    4.7s | sps  2494] ret_mean=2.500 ep_len=500.0 pi_loss=-0.014 v_loss=0.007 ent=3.455 kl=0.0117
[upd   24 | steps   12288 | t    4.9s | sps  2495] ret_mean=0.500 ep_len=500.0 pi_loss=-0.013 v_loss=0.003 ent=3.445 kl=0.0096
[upd   25 | steps   12800 | t    5.1s | sps  2502] ret_mean=2.500 ep_len=500.0 pi_loss=-0.009 v_loss=0.010 ent=3.446 kl=0.0065
        [eval] ret_mean=3.917 ep_len=500.0
[upd   26 | steps   13312 | t   10.4s | sps  1286] ret_mean=0.000 ep_len=500.0 pi_loss=-0.006 v_loss=0.002 ent=3.386 kl=0.0021
[upd   27 | steps   13824 | t   10.6s | sps  1303] ret_mean=0.000 ep_len=500.0 pi_loss=-0.012 v_loss=0.001 ent=3.524 kl=0.0048
[upd   28 | steps   14336 | t   10.8s | sps  1323] ret_mean=0.000 ep_len=500.0 pi_loss=-0.012 v_loss=0.002 ent=3.438 kl=0.0123
[upd   29 | steps   14848 | t   11.1s | sps  1343] ret_mean=1.000 ep_len=500.0 pi_loss=-0.012 v_loss=0.005 ent=3.553 kl=0.0049
[upd   30 | steps   15360 | t   11.3s | sps  1361] ret_mean=0.000 ep_len=500.0 pi_loss=-0.012 v_loss=0.001 ent=3.460 kl=0.0096
[upd   31 | steps   15872 | t   11.5s | sps  1380] ret_mean=0.500 ep_len=500.0 pi_loss=-0.012 v_loss=0.004 ent=3.443 kl=0.0034
[upd   32 | steps   16384 | t   11.7s | sps  1401] ret_mean=0.500 ep_len=500.0 pi_loss=-0.015 v_loss=0.001 ent=3.399 kl=0.0158
[upd   33 | steps   16896 | t   11.9s | sps  1418] ret_mean=0.000 ep_len=500.0 pi_loss=-0.013 v_loss=0.001 ent=3.440 kl=0.0183
[upd   34 | steps   17408 | t   12.1s | sps  1438] ret_mean=0.000 ep_len=500.0 pi_loss=-0.018 v_loss=0.001 ent=3.415 kl=-0.0015
[upd   35 | steps   17920 | t   12.3s | sps  1456] ret_mean=0.000 ep_len=500.0 pi_loss=-0.014 v_loss=0.001 ent=3.419 kl=0.0075
[upd   36 | steps   18432 | t   12.5s | sps  1473] ret_mean=3.000 ep_len=500.0 pi_loss=-0.011 v_loss=0.024 ent=3.451 kl=0.0076
[upd   37 | steps   18944 | t   12.7s | sps  1493] ret_mean=1.000 ep_len=500.0 pi_loss=-0.019 v_loss=0.009 ent=3.462 kl=0.0088
[upd   38 | steps   19456 | t   12.9s | sps  1509] ret_mean=0.500 ep_len=500.0 pi_loss=-0.012 v_loss=0.003 ent=3.388 kl=0.0134
[upd   39 | steps   19968 | t   13.1s | sps  1523] ret_mean=0.500 ep_len=500.0 pi_loss=-0.009 v_loss=0.002 ent=3.418 kl=0.0041
[upd   40 | steps   20480 | t   13.3s | sps  1540] ret_mean=0.500 ep_len=500.0 pi_loss=-0.015 v_loss=0.004 ent=3.476 kl=0.0046
[upd   41 | steps   20992 | t   13.5s | sps  1557] ret_mean=4.000 ep_len=500.0 pi_loss=-0.011 v_loss=0.026 ent=3.408 kl=0.0094
[upd   42 | steps   21504 | t   13.7s | sps  1573] ret_mean=0.000 ep_len=500.0 pi_loss=-0.009 v_loss=0.003 ent=3.371 kl=0.0037
[upd   43 | steps   22016 | t   13.9s | sps  1587] ret_mean=0.000 ep_len=500.0 pi_loss=-0.016 v_loss=0.001 ent=3.354 kl=0.0061
[upd   44 | steps   22528 | t   14.1s | sps  1602] ret_mean=0.500 ep_len=500.0 pi_loss=-0.009 v_loss=0.003 ent=3.435 kl=0.0058
[upd   45 | steps   23040 | t   14.3s | sps  1617] ret_mean=0.000 ep_len=500.0 pi_loss=-0.014 v_loss=0.007 ent=3.379 kl=0.0080
[upd   46 | steps   23552 | t   14.4s | sps  1631] ret_mean=1.500 ep_len=500.0 pi_loss=-0.013 v_loss=0.008 ent=3.338 kl=0.0140
[upd   47 | steps   24064 | t   14.6s | sps  1645] ret_mean=1.500 ep_len=500.0 pi_loss=-0.009 v_loss=0.005 ent=3.362 kl=0.0086
[upd   48 | steps   24576 | t   14.8s | sps  1656] ret_mean=1.000 ep_len=500.0 pi_loss=-0.018 v_loss=0.002 ent=3.405 kl=0.0144
[upd   49 | steps   25088 | t   15.0s | sps  1668] ret_mean=1.500 ep_len=500.0 pi_loss=-0.006 v_loss=0.007 ent=3.401 kl=0.0102
[upd   50 | steps   25600 | t   15.2s | sps  1680] ret_mean=1.000 ep_len=500.0 pi_loss=-0.008 v_loss=0.004 ent=3.325 kl=-0.0033
        [eval] ret_mean=0.000 ep_len=500.0
[upd   51 | steps   26112 | t   19.8s | sps  1320] ret_mean=2.000 ep_len=500.0 pi_loss=-0.019 v_loss=0.018 ent=3.415 kl=0.0071
[upd   52 | steps   26624 | t   20.0s | sps  1332] ret_mean=0.000 ep_len=500.0 pi_loss=-0.012 v_loss=0.001 ent=3.241 kl=0.0138
[upd   53 | steps   27136 | t   20.2s | sps  1344] ret_mean=0.500 ep_len=500.0 pi_loss=-0.011 v_loss=0.003 ent=3.273 kl=0.0079
[upd   54 | steps   27648 | t   20.4s | sps  1357] ret_mean=1.000 ep_len=500.0 pi_loss=-0.010 v_loss=0.014 ent=3.236 kl=0.0139
[upd   55 | steps   28160 | t   20.6s | sps  1369] ret_mean=6.000 ep_len=500.0 pi_loss=-0.010 v_loss=0.033 ent=3.360 kl=0.0102
[upd   56 | steps   28672 | t   20.7s | sps  1382] ret_mean=1.000 ep_len=500.0 pi_loss=-0.010 v_loss=0.005 ent=3.333 kl=0.0046
[upd   57 | steps   29184 | t   20.9s | sps  1393] ret_mean=0.500 ep_len=500.0 pi_loss=-0.017 v_loss=0.003 ent=3.227 kl=0.0135
[upd   58 | steps   29696 | t   21.1s | sps  1405] ret_mean=0.000 ep_len=500.0 pi_loss=-0.011 v_loss=0.002 ent=3.256 kl=0.0081
[upd   59 | steps   30208 | t   21.3s | sps  1417] ret_mean=3.000 ep_len=500.0 pi_loss=-0.008 v_loss=0.017 ent=3.271 kl=0.0008
[upd   60 | steps   30720 | t   21.5s | sps  1426] ret_mean=0.000 ep_len=500.0 pi_loss=-0.007 v_loss=0.010 ent=3.264 kl=0.0161
[upd   61 | steps   31232 | t   21.7s | sps  1438] ret_mean=2.500 ep_len=500.0 pi_loss=-0.018 v_loss=0.007 ent=3.281 kl=0.0053
[upd   62 | steps   31744 | t   21.9s | sps  1448] ret_mean=1.000 ep_len=500.0 pi_loss=-0.015 v_loss=0.007 ent=3.216 kl=0.0069
[upd   63 | steps   32256 | t   22.1s | sps  1459] ret_mean=0.000 ep_len=500.0 pi_loss=-0.016 v_loss=0.023 ent=3.099 kl=0.0067
[upd   64 | steps   32768 | t   22.3s | sps  1469] ret_mean=5.500 ep_len=500.0 pi_loss=-0.008 v_loss=0.020 ent=3.211 kl=0.0117
[upd   65 | steps   33280 | t   22.5s | sps  1478] ret_mean=0.000 ep_len=500.0 pi_loss=-0.012 v_loss=0.002 ent=3.103 kl=0.0201
[upd   66 | steps   33792 | t   22.7s | sps  1489] ret_mean=0.000 ep_len=500.0 pi_loss=-0.012 v_loss=0.002 ent=3.153 kl=0.0140
[upd   67 | steps   34304 | t   22.9s | sps  1499] ret_mean=0.000 ep_len=500.0 pi_loss=-0.013 v_loss=0.015 ent=3.113 kl=0.0087
[upd   68 | steps   34816 | t   23.1s | sps  1509] ret_mean=3.500 ep_len=500.0 pi_loss=-0.017 v_loss=0.051 ent=3.089 kl=0.0085
[upd   69 | steps   35328 | t   23.2s | sps  1520] ret_mean=5.000 ep_len=500.0 pi_loss=-0.011 v_loss=0.006 ent=3.211 kl=-0.0023
[upd   70 | steps   35840 | t   23.4s | sps  1529] ret_mean=0.000 ep_len=500.0 pi_loss=-0.012 v_loss=0.009 ent=3.083 kl=0.0046
[upd   71 | steps   36352 | t   23.6s | sps  1539] ret_mean=2.500 ep_len=500.0 pi_loss=-0.014 v_loss=0.021 ent=3.021 kl=0.0177
[upd   72 | steps   36864 | t   23.8s | sps  1549] ret_mean=2.500 ep_len=500.0 pi_loss=-0.014 v_loss=0.002 ent=3.004 kl=0.0037
[upd   73 | steps   37376 | t   24.0s | sps  1558] ret_mean=0.000 ep_len=500.0 pi_loss=-0.011 v_loss=0.017 ent=3.153 kl=0.0059
[upd   74 | steps   37888 | t   24.2s | sps  1568] ret_mean=2.500 ep_len=500.0 pi_loss=-0.011 v_loss=0.137 ent=3.060 kl=0.0090
[upd   75 | steps   38400 | t   24.4s | sps  1577] ret_mean=16.500 ep_len=500.0 pi_loss=-0.013 v_loss=0.124 ent=3.071 kl=0.0141
        [eval] ret_mean=4.167 ep_len=500.0
[upd   76 | steps   38912 | t   28.8s | sps  1350] ret_mean=2.000 ep_len=500.0 pi_loss=-0.011 v_loss=0.015 ent=3.089 kl=0.0093
[upd   77 | steps   39424 | t   29.0s | sps  1360] ret_mean=2.000 ep_len=500.0 pi_loss=-0.009 v_loss=0.014 ent=3.090 kl=0.0101
[upd   78 | steps   39936 | t   29.2s | sps  1369] ret_mean=0.000 ep_len=500.0 pi_loss=-0.012 v_loss=0.003 ent=3.070 kl=0.0144
[upd   79 | steps   40448 | t   29.4s | sps  1378] ret_mean=0.500 ep_len=500.0 pi_loss=-0.013 v_loss=0.001 ent=3.131 kl=0.0067
[upd   80 | steps   40960 | t   29.5s | sps  1387] ret_mean=16.000 ep_len=500.0 pi_loss=-0.013 v_loss=0.376 ent=3.045 kl=0.0048
[upd   81 | steps   41472 | t   29.7s | sps  1396] ret_mean=7.000 ep_len=500.0 pi_loss=-0.015 v_loss=0.105 ent=3.057 kl=0.0210
[upd   82 | steps   41984 | t   29.9s | sps  1404] ret_mean=19.000 ep_len=500.0 pi_loss=-0.011 v_loss=0.615 ent=2.970 kl=0.0135
[upd   83 | steps   42496 | t   30.1s | sps  1412] ret_mean=0.000 ep_len=500.0 pi_loss=-0.008 v_loss=0.005 ent=3.072 kl=0.0007
[upd   84 | steps   43008 | t   30.3s | sps  1420] ret_mean=2.000 ep_len=500.0 pi_loss=-0.012 v_loss=0.254 ent=3.119 kl=0.0084
[upd   85 | steps   43520 | t   30.6s | sps  1423] ret_mean=26.000 ep_len=500.0 pi_loss=-0.009 v_loss=0.317 ent=3.109 kl=0.0110
[upd   86 | steps   44032 | t   30.8s | sps  1429] ret_mean=3.000 ep_len=500.0 pi_loss=-0.009 v_loss=0.136 ent=3.118 kl=0.0030
[upd   87 | steps   44544 | t   31.0s | sps  1435] ret_mean=12.500 ep_len=500.0 pi_loss=-0.017 v_loss=0.177 ent=3.101 kl=0.0071
[upd   88 | steps   45056 | t   31.3s | sps  1441] ret_mean=3.000 ep_len=500.0 pi_loss=-0.017 v_loss=0.005 ent=3.196 kl=0.0176
[upd   89 | steps   45568 | t   31.4s | sps  1450] ret_mean=2.500 ep_len=500.0 pi_loss=-0.010 v_loss=0.041 ent=3.090 kl=0.0134
[upd   90 | steps   46080 | t   31.6s | sps  1459] ret_mean=1.000 ep_len=500.0 pi_loss=-0.012 v_loss=0.008 ent=3.134 kl=0.0021
[upd   91 | steps   46592 | t   31.8s | sps  1466] ret_mean=0.000 ep_len=500.0 pi_loss=-0.010 v_loss=0.042 ent=3.118 kl=0.0057
[upd   92 | steps   47104 | t   32.0s | sps  1471] ret_mean=9.000 ep_len=500.0 pi_loss=-0.016 v_loss=0.343 ent=3.010 kl=0.0144
[upd   93 | steps   47616 | t   32.3s | sps  1475] ret_mean=15.500 ep_len=500.0 pi_loss=-0.013 v_loss=0.049 ent=3.089 kl=0.0126
[upd   94 | steps   48128 | t   32.5s | sps  1482] ret_mean=0.000 ep_len=500.0 pi_loss=-0.011 v_loss=0.008 ent=3.075 kl=0.0115
[upd   95 | steps   48640 | t   32.7s | sps  1489] ret_mean=1.000 ep_len=500.0 pi_loss=-0.012 v_loss=0.028 ent=3.015 kl=0.0031
[upd   96 | steps   49152 | t   32.8s | sps  1497] ret_mean=6.000 ep_len=500.0 pi_loss=-0.008 v_loss=0.051 ent=2.850 kl=0.0109
[upd   97 | steps   49664 | t   33.0s | sps  1505] ret_mean=0.000 ep_len=500.0 pi_loss=-0.011 v_loss=0.286 ent=2.891 kl=0.0112
[upd   98 | steps   50176 | t   33.2s | sps  1512] ret_mean=11.000 ep_len=500.0 pi_loss=-0.016 v_loss=0.366 ent=2.960 kl=0.0160
[upd   99 | steps   50688 | t   33.4s | sps  1519] ret_mean=15.000 ep_len=500.0 pi_loss=-0.016 v_loss=0.004 ent=3.037 kl=0.0093
[upd  100 | steps   51200 | t   33.5s | sps  1527] ret_mean=22.500 ep_len=500.0 pi_loss=-0.018 v_loss=1.101 ent=3.023 kl=0.0099
        [eval] ret_mean=4.167 ep_len=500.0
[upd  101 | steps   51712 | t   37.3s | sps  1385] ret_mean=9.500 ep_len=500.0 pi_loss=-0.014 v_loss=0.118 ent=3.184 kl=0.0077
[upd  102 | steps   52224 | t   37.5s | sps  1393] ret_mean=0.000 ep_len=500.0 pi_loss=-0.018 v_loss=0.005 ent=3.136 kl=0.0240
[upd  103 | steps   52736 | t   37.7s | sps  1401] ret_mean=23.500 ep_len=500.0 pi_loss=-0.016 v_loss=0.598 ent=3.095 kl=0.0140
[upd  104 | steps   53248 | t   37.8s | sps  1408] ret_mean=3.500 ep_len=500.0 pi_loss=-0.011 v_loss=0.154 ent=3.110 kl=0.0125
[upd  105 | steps   53760 | t   38.0s | sps  1416] ret_mean=15.500 ep_len=500.0 pi_loss=-0.014 v_loss=0.152 ent=3.000 kl=0.0056
[upd  106 | steps   54272 | t   38.1s | sps  1423] ret_mean=8.500 ep_len=500.0 pi_loss=-0.011 v_loss=0.232 ent=2.851 kl=0.0094
[upd  107 | steps   54784 | t   38.3s | sps  1431] ret_mean=0.000 ep_len=500.0 pi_loss=-0.011 v_loss=0.131 ent=2.983 kl=0.0128
[upd  108 | steps   55296 | t   38.4s | sps  1438] ret_mean=19.500 ep_len=500.0 pi_loss=-0.013 v_loss=0.738 ent=2.865 kl=0.0080
[upd  109 | steps   55808 | t   38.6s | sps  1446] ret_mean=53.000 ep_len=500.0 pi_loss=-0.021 v_loss=1.521 ent=2.714 kl=0.0146
[upd  110 | steps   56320 | t   38.7s | sps  1453] ret_mean=1.500 ep_len=500.0 pi_loss=-0.015 v_loss=0.015 ent=3.034 kl=0.0182
[upd  111 | steps   56832 | t   38.9s | sps  1461] ret_mean=6.500 ep_len=500.0 pi_loss=-0.014 v_loss=0.171 ent=2.765 kl=0.0191
[upd  112 | steps   57344 | t   39.1s | sps  1468] ret_mean=34.000 ep_len=500.0 pi_loss=-0.010 v_loss=1.189 ent=2.603 kl=0.0069
[upd  113 | steps   57856 | t   39.2s | sps  1476] ret_mean=15.000 ep_len=500.0 pi_loss=-0.010 v_loss=0.541 ent=2.709 kl=0.0094
[upd  114 | steps   58368 | t   39.4s | sps  1483] ret_mean=0.000 ep_len=500.0 pi_loss=-0.012 v_loss=0.743 ent=2.846 kl=0.0138
[upd  115 | steps   58880 | t   39.5s | sps  1490] ret_mean=71.000 ep_len=500.0 pi_loss=-0.013 v_loss=1.576 ent=2.691 kl=0.0000
[upd  116 | steps   59392 | t   39.7s | sps  1497] ret_mean=0.000 ep_len=500.0 pi_loss=-0.013 v_loss=0.677 ent=2.857 kl=0.0089
[upd  117 | steps   59904 | t   39.8s | sps  1504] ret_mean=22.000 ep_len=500.0 pi_loss=-0.014 v_loss=0.042 ent=2.711 kl=0.0109
[upd  118 | steps   60416 | t   40.0s | sps  1511] ret_mean=0.000 ep_len=500.0 pi_loss=-0.016 v_loss=0.147 ent=2.777 kl=0.0111
[upd  119 | steps   60928 | t   40.1s | sps  1518] ret_mean=21.500 ep_len=500.0 pi_loss=-0.016 v_loss=6.664 ent=2.416 kl=0.0102
[upd  120 | steps   61440 | t   40.3s | sps  1525] ret_mean=125.500 ep_len=500.0 pi_loss=-0.011 v_loss=3.760 ent=2.361 kl=0.0050
[upd  121 | steps   61952 | t   40.4s | sps  1532] ret_mean=57.500 ep_len=500.0 pi_loss=-0.008 v_loss=0.162 ent=2.811 kl=-0.0002
[upd  122 | steps   62464 | t   40.6s | sps  1539] ret_mean=0.000 ep_len=500.0 pi_loss=-0.010 v_loss=0.213 ent=2.735 kl=-0.0011
[upd  123 | steps   62976 | t   40.7s | sps  1546] ret_mean=71.500 ep_len=500.0 pi_loss=-0.010 v_loss=4.762 ent=2.224 kl=0.0071
[upd  124 | steps   63488 | t   40.9s | sps  1553] ret_mean=0.000 ep_len=500.0 pi_loss=-0.017 v_loss=0.972 ent=2.788 kl=0.0108
[upd  125 | steps   64000 | t   41.0s | sps  1560] ret_mean=71.500 ep_len=500.0 pi_loss=-0.015 v_loss=2.983 ent=2.271 kl=0.0099
        [eval] ret_mean=4.150 ep_len=500.0
[upd  126 | steps   64512 | t   45.0s | sps  1433] ret_mean=64.500 ep_len=500.0 pi_loss=-0.015 v_loss=2.435 ent=2.394 kl=0.0114
[upd  127 | steps   65024 | t   45.2s | sps  1439] ret_mean=96.000 ep_len=500.0 pi_loss=-0.012 v_loss=3.978 ent=1.949 kl=0.0084
[upd  128 | steps   65536 | t   45.3s | sps  1446] ret_mean=102.500 ep_len=500.0 pi_loss=-0.010 v_loss=4.250 ent=2.235 kl=0.0049
[upd  129 | steps   66048 | t   45.5s | sps  1452] ret_mean=73.500 ep_len=500.0 pi_loss=-0.011 v_loss=3.078 ent=2.335 kl=0.0070
[upd  130 | steps   66560 | t   45.6s | sps  1458] ret_mean=75.500 ep_len=500.0 pi_loss=-0.013 v_loss=3.234 ent=2.392 kl=0.0082
[upd  131 | steps   67072 | t   45.8s | sps  1463] ret_mean=114.000 ep_len=500.0 pi_loss=-0.016 v_loss=4.110 ent=2.100 kl=0.0073
[upd  132 | steps   67584 | t   46.1s | sps  1468] ret_mean=16.500 ep_len=500.0 pi_loss=-0.008 v_loss=0.236 ent=2.716 kl=0.0075
[upd  133 | steps   68096 | t   46.2s | sps  1473] ret_mean=120.500 ep_len=500.0 pi_loss=-0.007 v_loss=7.436 ent=1.823 kl=0.0062
[upd  134 | steps   68608 | t   46.4s | sps  1479] ret_mean=94.500 ep_len=500.0 pi_loss=-0.009 v_loss=5.111 ent=2.182 kl=0.0085
[upd  135 | steps   69120 | t   46.5s | sps  1485] ret_mean=89.000 ep_len=500.0 pi_loss=-0.013 v_loss=3.105 ent=2.112 kl=0.0118
[upd  136 | steps   69632 | t   46.7s | sps  1491] ret_mean=113.500 ep_len=500.0 pi_loss=-0.013 v_loss=3.284 ent=2.124 kl=0.0058
[upd  137 | steps   70144 | t   46.9s | sps  1496] ret_mean=31.000 ep_len=500.0 pi_loss=-0.011 v_loss=1.197 ent=2.701 kl=0.0095
[upd  138 | steps   70656 | t   47.1s | sps  1501] ret_mean=16.500 ep_len=500.0 pi_loss=-0.008 v_loss=0.404 ent=2.389 kl=0.0136
[upd  139 | steps   71168 | t   47.3s | sps  1506] ret_mean=0.000 ep_len=500.0 pi_loss=-0.017 v_loss=0.453 ent=2.485 kl=0.0128
[upd  140 | steps   71680 | t   47.4s | sps  1512] ret_mean=90.500 ep_len=500.0 pi_loss=-0.011 v_loss=2.898 ent=2.196 kl=0.0044
[upd  141 | steps   72192 | t   47.6s | sps  1517] ret_mean=0.000 ep_len=500.0 pi_loss=-0.011 v_loss=0.136 ent=2.432 kl=0.0093
[upd  142 | steps   72704 | t   47.7s | sps  1523] ret_mean=0.000 ep_len=500.0 pi_loss=-0.011 v_loss=0.061 ent=2.511 kl=0.0079
[upd  143 | steps   73216 | t   47.9s | sps  1529] ret_mean=0.000 ep_len=500.0 pi_loss=-0.012 v_loss=1.911 ent=2.398 kl=0.0048
[upd  144 | steps   73728 | t   48.0s | sps  1535] ret_mean=120.500 ep_len=500.0 pi_loss=-0.012 v_loss=2.367 ent=2.310 kl=0.0094
[upd  145 | steps   74240 | t   48.2s | sps  1540] ret_mean=0.000 ep_len=500.0 pi_loss=-0.009 v_loss=2.023 ent=2.451 kl=0.0047
[upd  146 | steps   74752 | t   48.4s | sps  1546] ret_mean=58.000 ep_len=500.0 pi_loss=-0.012 v_loss=0.989 ent=2.416 kl=0.0012
[upd  147 | steps   75264 | t   48.5s | sps  1552] ret_mean=85.000 ep_len=500.0 pi_loss=-0.017 v_loss=1.756 ent=2.031 kl=0.0123
[upd  148 | steps   75776 | t   48.7s | sps  1556] ret_mean=36.500 ep_len=500.0 pi_loss=-0.005 v_loss=10.002 ent=1.816 kl=0.0023
[upd  149 | steps   76288 | t   48.8s | sps  1562] ret_mean=210.000 ep_len=500.0 pi_loss=-0.011 v_loss=7.224 ent=1.707 kl=0.0103
[upd  150 | steps   76800 | t   49.0s | sps  1568] ret_mean=0.000 ep_len=500.0 pi_loss=-0.009 v_loss=2.684 ent=1.781 kl=0.0144
        [eval] ret_mean=12.500 ep_len=500.0
[upd  151 | steps   77312 | t   53.2s | sps  1454] ret_mean=104.000 ep_len=500.0 pi_loss=-0.014 v_loss=7.779 ent=1.870 kl=0.0067
[upd  152 | steps   77824 | t   53.3s | sps  1459] ret_mean=80.500 ep_len=500.0 pi_loss=-0.011 v_loss=3.513 ent=2.335 kl=0.0175
[upd  153 | steps   78336 | t   53.5s | sps  1464] ret_mean=77.500 ep_len=500.0 pi_loss=-0.012 v_loss=2.921 ent=2.323 kl=0.0067
[upd  154 | steps   78848 | t   53.7s | sps  1469] ret_mean=0.000 ep_len=500.0 pi_loss=-0.015 v_loss=0.163 ent=2.733 kl=0.0108
[upd  155 | steps   79360 | t   53.9s | sps  1472] ret_mean=7.000 ep_len=500.0 pi_loss=-0.012 v_loss=0.186 ent=2.321 kl=0.0032
[upd  156 | steps   79872 | t   54.2s | sps  1475] ret_mean=40.000 ep_len=500.0 pi_loss=-0.018 v_loss=1.969 ent=2.298 kl=0.0196
[upd  157 | steps   80384 | t   54.4s | sps  1478] ret_mean=14.000 ep_len=500.0 pi_loss=-0.011 v_loss=0.049 ent=2.569 kl=0.0121
[upd  158 | steps   80896 | t   54.6s | sps  1482] ret_mean=100.500 ep_len=500.0 pi_loss=-0.014 v_loss=4.251 ent=1.748 kl=0.0184
[upd  159 | steps   81408 | t   54.8s | sps  1486] ret_mean=77.000 ep_len=500.0 pi_loss=-0.019 v_loss=3.607 ent=2.365 kl=0.0071
[upd  160 | steps   81920 | t   55.0s | sps  1490] ret_mean=106.500 ep_len=500.0 pi_loss=-0.015 v_loss=3.919 ent=2.148 kl=0.0098
[upd  161 | steps   82432 | t   55.1s | sps  1495] ret_mean=0.000 ep_len=500.0 pi_loss=-0.015 v_loss=0.607 ent=2.283 kl=0.0136
[upd  162 | steps   82944 | t   55.3s | sps  1499] ret_mean=105.000 ep_len=500.0 pi_loss=-0.008 v_loss=2.926 ent=2.005 kl=0.0031
[upd  163 | steps   83456 | t   55.5s | sps  1502] ret_mean=0.000 ep_len=500.0 pi_loss=-0.014 v_loss=1.551 ent=2.573 kl=0.0126
[upd  164 | steps   83968 | t   55.7s | sps  1507] ret_mean=123.500 ep_len=500.0 pi_loss=-0.013 v_loss=3.577 ent=2.191 kl=0.0062
[upd  165 | steps   84480 | t   55.9s | sps  1512] ret_mean=90.000 ep_len=500.0 pi_loss=-0.012 v_loss=2.860 ent=1.861 kl=0.0132
[upd  166 | steps   84992 | t   56.0s | sps  1516] ret_mean=0.000 ep_len=500.0 pi_loss=-0.012 v_loss=1.368 ent=2.591 kl=0.0044
[upd  167 | steps   85504 | t   56.2s | sps  1521] ret_mean=42.000 ep_len=500.0 pi_loss=-0.010 v_loss=1.010 ent=2.575 kl=0.0027
[upd  168 | steps   86016 | t   56.4s | sps  1526] ret_mean=90.500 ep_len=500.0 pi_loss=-0.009 v_loss=4.726 ent=2.107 kl=0.0111
[upd  169 | steps   86528 | t   56.6s | sps  1530] ret_mean=115.000 ep_len=500.0 pi_loss=-0.014 v_loss=2.669 ent=2.370 kl=0.0177
[upd  170 | steps   87040 | t   56.7s | sps  1534] ret_mean=9.500 ep_len=500.0 pi_loss=-0.016 v_loss=1.946 ent=2.570 kl=0.0145
[upd  171 | steps   87552 | t   56.9s | sps  1539] ret_mean=108.000 ep_len=500.0 pi_loss=-0.009 v_loss=3.792 ent=1.943 kl=0.0024
[upd  172 | steps   88064 | t   57.1s | sps  1543] ret_mean=113.000 ep_len=500.0 pi_loss=-0.008 v_loss=3.675 ent=1.818 kl=0.0077
[upd  173 | steps   88576 | t   57.2s | sps  1547] ret_mean=119.500 ep_len=500.0 pi_loss=-0.013 v_loss=3.078 ent=2.168 kl=0.0104
[upd  174 | steps   89088 | t   57.4s | sps  1552] ret_mean=98.500 ep_len=500.0 pi_loss=-0.015 v_loss=1.697 ent=2.688 kl=0.0112
[upd  175 | steps   89600 | t   57.6s | sps  1557] ret_mean=0.000 ep_len=500.0 pi_loss=-0.013 v_loss=0.473 ent=2.561 kl=0.0091
        [eval] ret_mean=4.167 ep_len=500.0
[upd  176 | steps   90112 | t   61.6s | sps  1462] ret_mean=117.500 ep_len=500.0 pi_loss=-0.017 v_loss=4.317 ent=2.296 kl=0.0042
[upd  177 | steps   90624 | t   61.8s | sps  1467] ret_mean=0.000 ep_len=500.0 pi_loss=-0.007 v_loss=0.395 ent=2.313 kl=0.0110
[upd  178 | steps   91136 | t   61.9s | sps  1471] ret_mean=0.000 ep_len=500.0 pi_loss=-0.014 v_loss=0.513 ent=2.313 kl=0.0058
[upd  179 | steps   91648 | t   62.1s | sps  1475] ret_mean=78.000 ep_len=500.0 pi_loss=-0.021 v_loss=2.024 ent=2.623 kl=0.0096
[upd  180 | steps   92160 | t   62.3s | sps  1479] ret_mean=0.000 ep_len=500.0 pi_loss=-0.013 v_loss=0.756 ent=2.343 kl=0.0075
[upd  181 | steps   92672 | t   62.5s | sps  1483] ret_mean=106.500 ep_len=500.0 pi_loss=-0.014 v_loss=3.005 ent=1.985 kl=0.0080
[upd  182 | steps   93184 | t   62.6s | sps  1488] ret_mean=0.000 ep_len=500.0 pi_loss=-0.012 v_loss=0.289 ent=2.211 kl=0.0035
[upd  183 | steps   93696 | t   62.8s | sps  1492] ret_mean=0.000 ep_len=500.0 pi_loss=-0.018 v_loss=0.230 ent=2.486 kl=0.0057
[upd  184 | steps   94208 | t   63.0s | sps  1496] ret_mean=21.000 ep_len=500.0 pi_loss=-0.010 v_loss=0.919 ent=2.220 kl=-0.0004
[upd  185 | steps   94720 | t   63.1s | sps  1501] ret_mean=117.500 ep_len=500.0 pi_loss=-0.012 v_loss=7.810 ent=1.961 kl=0.0184
[upd  186 | steps   95232 | t   63.3s | sps  1505] ret_mean=58.500 ep_len=500.0 pi_loss=-0.012 v_loss=2.714 ent=2.397 kl=0.0096
[upd  187 | steps   95744 | t   63.4s | sps  1509] ret_mean=101.000 ep_len=500.0 pi_loss=-0.012 v_loss=4.419 ent=2.192 kl=-0.0010
[upd  188 | steps   96256 | t   63.6s | sps  1514] ret_mean=153.000 ep_len=500.0 pi_loss=-0.009 v_loss=7.279 ent=1.889 kl=0.0054
[upd  189 | steps   96768 | t   63.7s | sps  1518] ret_mean=7.500 ep_len=500.0 pi_loss=-0.008 v_loss=0.551 ent=2.464 kl=0.0165
[upd  190 | steps   97280 | t   63.9s | sps  1522] ret_mean=0.000 ep_len=500.0 pi_loss=-0.010 v_loss=1.620 ent=2.351 kl=0.0073
[upd  191 | steps   97792 | t   64.1s | sps  1527] ret_mean=166.000 ep_len=500.0 pi_loss=-0.011 v_loss=8.186 ent=1.881 kl=0.0098
[upd  192 | steps   98304 | t   64.2s | sps  1531] ret_mean=19.500 ep_len=500.0 pi_loss=-0.009 v_loss=6.326 ent=2.322 kl=0.0041
[upd  193 | steps   98816 | t   64.4s | sps  1535] ret_mean=209.000 ep_len=500.0 pi_loss=-0.013 v_loss=12.274 ent=1.731 kl=0.0317
[upd  194 | steps   99328 | t   64.5s | sps  1539] ret_mean=174.000 ep_len=500.0 pi_loss=-0.015 v_loss=11.783 ent=1.539 kl=0.0136
[upd  195 | steps   99840 | t   64.7s | sps  1543] ret_mean=113.000 ep_len=500.0 pi_loss=-0.008 v_loss=8.798 ent=1.704 kl=0.0226
[upd  196 | steps  100352 | t   64.8s | sps  1548] ret_mean=180.500 ep_len=500.0 pi_loss=-0.008 v_loss=9.948 ent=1.633 kl=-0.0009
[upd  197 | steps  100864 | t   65.0s | sps  1552] ret_mean=202.500 ep_len=500.0 pi_loss=-0.006 v_loss=8.841 ent=1.815 kl=0.0019
[upd  198 | steps  101376 | t   65.2s | sps  1556] ret_mean=44.500 ep_len=500.0 pi_loss=-0.008 v_loss=7.524 ent=1.921 kl=0.0077
[upd  199 | steps  101888 | t   65.3s | sps  1560] ret_mean=209.500 ep_len=500.0 pi_loss=-0.010 v_loss=8.058 ent=1.727 kl=0.0099
[upd  200 | steps  102400 | t   65.5s | sps  1564] ret_mean=82.000 ep_len=500.0 pi_loss=-0.010 v_loss=2.778 ent=2.209 kl=0.0050
        [eval] ret_mean=4.167 ep_len=500.0
[upd  201 | steps  102912 | t   70.3s | sps  1464] ret_mean=103.500 ep_len=500.0 pi_loss=-0.013 v_loss=3.070 ent=2.179 kl=0.0116
[upd  202 | steps  103424 | t   70.5s | sps  1468] ret_mean=0.000 ep_len=500.0 pi_loss=-0.010 v_loss=0.751 ent=2.833 kl=0.0077
[upd  203 | steps  103936 | t   70.6s | sps  1472] ret_mean=207.500 ep_len=500.0 pi_loss=-0.009 v_loss=12.171 ent=1.752 kl=0.0087
[upd  204 | steps  104448 | t   70.8s | sps  1475] ret_mean=0.000 ep_len=500.0 pi_loss=-0.009 v_loss=0.335 ent=2.633 kl=0.0066
[upd  205 | steps  104960 | t   71.0s | sps  1479] ret_mean=101.000 ep_len=500.0 pi_loss=-0.013 v_loss=2.847 ent=2.234 kl=0.0088
[upd  206 | steps  105472 | t   71.1s | sps  1483] ret_mean=0.500 ep_len=500.0 pi_loss=-0.013 v_loss=0.790 ent=2.435 kl=0.0055
[upd  207 | steps  105984 | t   71.3s | sps  1487] ret_mean=0.000 ep_len=500.0 pi_loss=-0.011 v_loss=0.823 ent=2.445 kl=0.0106
[upd  208 | steps  106496 | t   71.4s | sps  1491] ret_mean=116.500 ep_len=500.0 pi_loss=-0.014 v_loss=2.797 ent=2.187 kl=0.0138
[upd  209 | steps  107008 | t   71.6s | sps  1495] ret_mean=171.000 ep_len=500.0 pi_loss=-0.008 v_loss=14.909 ent=1.596 kl=0.0053
[upd  210 | steps  107520 | t   71.7s | sps  1499] ret_mean=220.000 ep_len=500.0 pi_loss=-0.010 v_loss=10.635 ent=1.607 kl=0.0099
[upd  211 | steps  108032 | t   71.9s | sps  1502] ret_mean=121.000 ep_len=500.0 pi_loss=-0.014 v_loss=6.810 ent=2.054 kl=0.0084
[upd  212 | steps  108544 | t   72.1s | sps  1506] ret_mean=0.000 ep_len=500.0 pi_loss=-0.007 v_loss=0.553 ent=2.772 kl=0.0013
[upd  213 | steps  109056 | t   72.2s | sps  1510] ret_mean=0.000 ep_len=500.0 pi_loss=-0.014 v_loss=1.171 ent=2.785 kl=0.0014
[upd  214 | steps  109568 | t   72.4s | sps  1513] ret_mean=109.500 ep_len=500.0 pi_loss=-0.016 v_loss=1.852 ent=2.407 kl=0.0084
[upd  215 | steps  110080 | t   72.6s | sps  1516] ret_mean=0.000 ep_len=500.0 pi_loss=-0.011 v_loss=4.887 ent=2.357 kl=0.0117
[upd  216 | steps  110592 | t   72.8s | sps  1520] ret_mean=225.500 ep_len=500.0 pi_loss=-0.003 v_loss=9.542 ent=1.734 kl=0.0050
[upd  217 | steps  111104 | t   72.9s | sps  1524] ret_mean=113.000 ep_len=500.0 pi_loss=-0.014 v_loss=2.137 ent=2.334 kl=0.0126
[upd  218 | steps  111616 | t   73.1s | sps  1527] ret_mean=0.000 ep_len=500.0 pi_loss=-0.014 v_loss=0.230 ent=3.020 kl=0.0086
[upd  219 | steps  112128 | t   73.2s | sps  1531] ret_mean=0.000 ep_len=500.0 pi_loss=-0.010 v_loss=0.311 ent=2.853 kl=-0.0042
[upd  220 | steps  112640 | t   73.4s | sps  1535] ret_mean=26.000 ep_len=500.0 pi_loss=-0.010 v_loss=2.343 ent=2.541 kl=0.0100
[upd  221 | steps  113152 | t   73.6s | sps  1538] ret_mean=136.000 ep_len=500.0 pi_loss=-0.013 v_loss=7.807 ent=1.959 kl=-0.0006
[upd  222 | steps  113664 | t   73.7s | sps  1542] ret_mean=94.500 ep_len=500.0 pi_loss=-0.012 v_loss=3.231 ent=2.073 kl=0.0065
[upd  223 | steps  114176 | t   73.9s | sps  1546] ret_mean=106.500 ep_len=500.0 pi_loss=-0.019 v_loss=3.976 ent=2.339 kl=0.0136
[upd  224 | steps  114688 | t   74.0s | sps  1549] ret_mean=84.000 ep_len=500.0 pi_loss=-0.010 v_loss=1.741 ent=2.634 kl=0.0059
[upd  225 | steps  115200 | t   74.2s | sps  1553] ret_mean=0.000 ep_len=500.0 pi_loss=-0.013 v_loss=0.788 ent=2.941 kl=0.0015
        [eval] ret_mean=16.650 ep_len=500.0
[upd  226 | steps  115712 | t   78.3s | sps  1477] ret_mean=18.000 ep_len=500.0 pi_loss=-0.010 v_loss=0.814 ent=2.944 kl=0.0078
[upd  227 | steps  116224 | t   78.5s | sps  1480] ret_mean=10.500 ep_len=500.0 pi_loss=-0.008 v_loss=1.018 ent=2.873 kl=0.0034
[upd  228 | steps  116736 | t   78.7s | sps  1484] ret_mean=115.000 ep_len=500.0 pi_loss=-0.010 v_loss=4.080 ent=2.318 kl=0.0054
[upd  229 | steps  117248 | t   78.8s | sps  1487] ret_mean=119.500 ep_len=500.0 pi_loss=-0.012 v_loss=3.193 ent=2.078 kl=0.0161
[upd  230 | steps  117760 | t   79.0s | sps  1491] ret_mean=65.000 ep_len=500.0 pi_loss=-0.013 v_loss=3.762 ent=2.450 kl=0.0150
[upd  231 | steps  118272 | t   79.2s | sps  1494] ret_mean=79.500 ep_len=500.0 pi_loss=-0.012 v_loss=2.289 ent=2.564 kl=0.0097
[upd  232 | steps  118784 | t   79.3s | sps  1497] ret_mean=0.000 ep_len=500.0 pi_loss=-0.010 v_loss=1.093 ent=2.857 kl=0.0037
[upd  233 | steps  119296 | t   79.5s | sps  1501] ret_mean=214.000 ep_len=500.0 pi_loss=-0.009 v_loss=12.261 ent=1.717 kl=0.0030
[upd  234 | steps  119808 | t   79.6s | sps  1504] ret_mean=152.000 ep_len=500.0 pi_loss=-0.008 v_loss=7.070 ent=2.136 kl=0.0103
[upd  235 | steps  120320 | t   79.8s | sps  1507] ret_mean=62.000 ep_len=500.0 pi_loss=-0.011 v_loss=1.383 ent=2.783 kl=0.0118
[upd  236 | steps  120832 | t   80.0s | sps  1510] ret_mean=66.000 ep_len=500.0 pi_loss=-0.015 v_loss=2.883 ent=2.501 kl=0.0111
[upd  237 | steps  121344 | t   80.2s | sps  1514] ret_mean=62.500 ep_len=500.0 pi_loss=-0.016 v_loss=5.147 ent=2.347 kl=0.0101
[upd  238 | steps  121856 | t   80.3s | sps  1517] ret_mean=112.000 ep_len=500.0 pi_loss=-0.013 v_loss=4.218 ent=2.369 kl=0.0032
[upd  239 | steps  122368 | t   80.5s | sps  1520] ret_mean=187.000 ep_len=500.0 pi_loss=-0.013 v_loss=10.558 ent=1.767 kl=0.0180
[upd  240 | steps  122880 | t   80.6s | sps  1524] ret_mean=152.500 ep_len=500.0 pi_loss=-0.007 v_loss=10.297 ent=1.767 kl=0.0070
[upd  241 | steps  123392 | t   80.8s | sps  1527] ret_mean=122.000 ep_len=500.0 pi_loss=-0.015 v_loss=2.556 ent=2.287 kl=0.0123
[upd  242 | steps  123904 | t   81.0s | sps  1530] ret_mean=92.500 ep_len=500.0 pi_loss=-0.012 v_loss=3.077 ent=2.310 kl=0.0033
[upd  243 | steps  124416 | t   81.2s | sps  1533] ret_mean=120.500 ep_len=500.0 pi_loss=-0.014 v_loss=7.104 ent=2.071 kl=0.0014
[upd  244 | steps  124928 | t   81.3s | sps  1536] ret_mean=221.000 ep_len=500.0 pi_loss=-0.011 v_loss=8.592 ent=1.892 kl=0.0110
[upd  245 | steps  125440 | t   81.5s | sps  1540] ret_mean=148.500 ep_len=500.0 pi_loss=-0.010 v_loss=11.272 ent=1.914 kl=0.0066
[upd  246 | steps  125952 | t   81.7s | sps  1543] ret_mean=226.500 ep_len=500.0 pi_loss=-0.013 v_loss=7.449 ent=2.212 kl=0.0103
[upd  247 | steps  126464 | t   81.8s | sps  1546] ret_mean=0.000 ep_len=500.0 pi_loss=-0.019 v_loss=5.266 ent=2.571 kl=0.0202
[upd  248 | steps  126976 | t   82.0s | sps  1549] ret_mean=208.000 ep_len=500.0 pi_loss=-0.011 v_loss=7.561 ent=2.250 kl=0.0223
[upd  249 | steps  127488 | t   82.1s | sps  1552] ret_mean=70.500 ep_len=500.0 pi_loss=-0.012 v_loss=3.720 ent=2.485 kl=0.0085
[upd  250 | steps  128000 | t   82.3s | sps  1555] ret_mean=98.000 ep_len=500.0 pi_loss=-0.009 v_loss=3.301 ent=2.363 kl=0.0080
        [eval] ret_mean=37.417 ep_len=500.0
[upd  251 | steps  128512 | t   86.3s | sps  1489] ret_mean=15.000 ep_len=500.0 pi_loss=-0.013 v_loss=1.016 ent=2.975 kl=0.0151
[upd  252 | steps  129024 | t   86.5s | sps  1492] ret_mean=26.500 ep_len=500.0 pi_loss=-0.019 v_loss=2.417 ent=2.680 kl=0.0168
[upd  253 | steps  129536 | t   86.7s | sps  1495] ret_mean=122.000 ep_len=500.0 pi_loss=-0.014 v_loss=3.004 ent=2.174 kl=0.0081
[upd  254 | steps  130048 | t   86.8s | sps  1498] ret_mean=179.000 ep_len=500.0 pi_loss=-0.009 v_loss=10.384 ent=1.813 kl=0.0071
[upd  255 | steps  130560 | t   87.0s | sps  1501] ret_mean=119.500 ep_len=500.0 pi_loss=-0.014 v_loss=2.997 ent=2.247 kl=0.0196
[upd  256 | steps  131072 | t   87.2s | sps  1504] ret_mean=202.000 ep_len=500.0 pi_loss=-0.009 v_loss=9.777 ent=1.765 kl=0.0094
[upd  257 | steps  131584 | t   87.3s | sps  1507] ret_mean=72.000 ep_len=500.0 pi_loss=-0.015 v_loss=3.263 ent=2.351 kl=0.0139
[upd  258 | steps  132096 | t   87.5s | sps  1510] ret_mean=123.500 ep_len=500.0 pi_loss=-0.007 v_loss=5.845 ent=2.070 kl=0.0026
[upd  259 | steps  132608 | t   87.7s | sps  1513] ret_mean=110.000 ep_len=500.0 pi_loss=-0.015 v_loss=3.431 ent=2.099 kl=0.0159
[upd  260 | steps  133120 | t   87.8s | sps  1516] ret_mean=149.000 ep_len=500.0 pi_loss=-0.016 v_loss=5.705 ent=2.084 kl=0.0041
[upd  261 | steps  133632 | t   88.0s | sps  1519] ret_mean=109.500 ep_len=500.0 pi_loss=-0.022 v_loss=2.874 ent=2.285 kl=0.0118
[upd  262 | steps  134144 | t   88.1s | sps  1522] ret_mean=18.500 ep_len=500.0 pi_loss=-0.012 v_loss=2.145 ent=2.851 kl=0.0075
[upd  263 | steps  134656 | t   88.3s | sps  1524] ret_mean=62.000 ep_len=500.0 pi_loss=-0.017 v_loss=3.236 ent=2.222 kl=0.0047
[upd  264 | steps  135168 | t   88.5s | sps  1527] ret_mean=96.500 ep_len=500.0 pi_loss=-0.015 v_loss=4.477 ent=2.053 kl=0.0097
[upd  265 | steps  135680 | t   88.7s | sps  1530] ret_mean=190.500 ep_len=500.0 pi_loss=-0.011 v_loss=9.375 ent=1.923 kl=0.0090
[upd  266 | steps  136192 | t   88.9s | sps  1532] ret_mean=153.500 ep_len=500.0 pi_loss=-0.013 v_loss=9.521 ent=1.743 kl=0.0043
[upd  267 | steps  136704 | t   89.1s | sps  1534] ret_mean=178.000 ep_len=500.0 pi_loss=-0.011 v_loss=8.373 ent=1.922 kl=0.0165
[upd  268 | steps  137216 | t   89.3s | sps  1537] ret_mean=110.000 ep_len=500.0 pi_loss=-0.014 v_loss=2.975 ent=2.250 kl=0.0038
[upd  269 | steps  137728 | t   89.5s | sps  1539] ret_mean=89.000 ep_len=500.0 pi_loss=-0.015 v_loss=3.320 ent=2.209 kl=0.0176
[upd  270 | steps  138240 | t   89.6s | sps  1542] ret_mean=77.500 ep_len=500.0 pi_loss=-0.014 v_loss=3.961 ent=2.376 kl=0.0032
[upd  271 | steps  138752 | t   89.8s | sps  1545] ret_mean=116.500 ep_len=500.0 pi_loss=-0.011 v_loss=12.612 ent=1.756 kl=0.0122
[upd  272 | steps  139264 | t   90.0s | sps  1548] ret_mean=224.000 ep_len=500.0 pi_loss=-0.006 v_loss=9.202 ent=2.013 kl=0.0026
[upd  273 | steps  139776 | t   90.2s | sps  1550] ret_mean=83.000 ep_len=500.0 pi_loss=-0.017 v_loss=7.036 ent=2.101 kl=0.0111
[upd  274 | steps  140288 | t   90.4s | sps  1553] ret_mean=204.500 ep_len=500.0 pi_loss=-0.008 v_loss=11.053 ent=1.800 kl=0.0150
[upd  275 | steps  140800 | t   90.5s | sps  1555] ret_mean=224.000 ep_len=500.0 pi_loss=-0.010 v_loss=11.976 ent=1.716 kl=0.0125
        [eval] ret_mean=49.800 ep_len=500.0
[upd  276 | steps  141312 | t   95.5s | sps  1480] ret_mean=64.500 ep_len=500.0 pi_loss=-0.015 v_loss=4.460 ent=2.410 kl=0.0057
[upd  277 | steps  141824 | t   95.7s | sps  1483] ret_mean=111.000 ep_len=500.0 pi_loss=-0.015 v_loss=4.017 ent=2.344 kl=0.0096
[upd  278 | steps  142336 | t   95.9s | sps  1485] ret_mean=102.000 ep_len=500.0 pi_loss=-0.014 v_loss=3.595 ent=2.244 kl=0.0054
[upd  279 | steps  142848 | t   96.1s | sps  1487] ret_mean=166.000 ep_len=500.0 pi_loss=-0.012 v_loss=11.975 ent=1.955 kl=0.0046
[upd  280 | steps  143360 | t   96.3s | sps  1489] ret_mean=168.000 ep_len=500.0 pi_loss=-0.007 v_loss=10.732 ent=1.875 kl=0.0085
[upd  281 | steps  143872 | t   96.5s | sps  1491] ret_mean=181.500 ep_len=500.0 pi_loss=-0.010 v_loss=10.527 ent=2.049 kl=0.0101
[upd  282 | steps  144384 | t   96.7s | sps  1494] ret_mean=0.000 ep_len=500.0 pi_loss=-0.016 v_loss=3.012 ent=2.610 kl=0.0134
[upd  283 | steps  144896 | t   96.8s | sps  1496] ret_mean=121.000 ep_len=500.0 pi_loss=-0.009 v_loss=3.323 ent=2.227 kl=0.0050
[upd  284 | steps  145408 | t   97.0s | sps  1499] ret_mean=123.500 ep_len=500.0 pi_loss=-0.014 v_loss=3.367 ent=2.354 kl=0.0106
[upd  285 | steps  145920 | t   97.2s | sps  1501] ret_mean=104.000 ep_len=500.0 pi_loss=-0.017 v_loss=4.606 ent=2.406 kl=0.0054
[upd  286 | steps  146432 | t   97.4s | sps  1503] ret_mean=122.000 ep_len=500.0 pi_loss=-0.015 v_loss=3.866 ent=2.201 kl=0.0127
[upd  287 | steps  146944 | t   97.6s | sps  1506] ret_mean=119.000 ep_len=500.0 pi_loss=-0.013 v_loss=5.379 ent=2.252 kl=0.0099
[upd  288 | steps  147456 | t   97.8s | sps  1508] ret_mean=165.500 ep_len=500.0 pi_loss=-0.013 v_loss=3.965 ent=2.002 kl=0.0065
[upd  289 | steps  147968 | t   98.0s | sps  1510] ret_mean=162.500 ep_len=500.0 pi_loss=-0.007 v_loss=9.736 ent=1.904 kl=0.0076
[upd  290 | steps  148480 | t   98.2s | sps  1512] ret_mean=233.500 ep_len=500.0 pi_loss=-0.013 v_loss=10.106 ent=1.867 kl=0.0086
[upd  291 | steps  148992 | t   98.4s | sps  1515] ret_mean=119.000 ep_len=500.0 pi_loss=-0.015 v_loss=4.467 ent=2.545 kl=0.0100
[upd  292 | steps  149504 | t   98.5s | sps  1518] ret_mean=73.000 ep_len=500.0 pi_loss=-0.011 v_loss=7.354 ent=2.261 kl=0.0087
[upd  293 | steps  150016 | t   98.7s | sps  1520] ret_mean=202.000 ep_len=500.0 pi_loss=-0.018 v_loss=8.744 ent=1.939 kl=0.0235
[upd  294 | steps  150528 | t   98.8s | sps  1523] ret_mean=205.000 ep_len=500.0 pi_loss=-0.009 v_loss=8.039 ent=2.163 kl=0.0045
[upd  295 | steps  151040 | t   99.0s | sps  1525] ret_mean=0.000 ep_len=500.0 pi_loss=-0.015 v_loss=3.090 ent=2.776 kl=0.0055
[upd  296 | steps  151552 | t   99.3s | sps  1527] ret_mean=60.000 ep_len=500.0 pi_loss=-0.019 v_loss=4.056 ent=2.477 kl=0.0123
[upd  297 | steps  152064 | t   99.5s | sps  1528] ret_mean=117.000 ep_len=500.0 pi_loss=-0.015 v_loss=3.996 ent=2.356 kl=0.0130
[upd  298 | steps  152576 | t   99.7s | sps  1530] ret_mean=128.000 ep_len=500.0 pi_loss=-0.012 v_loss=7.995 ent=2.087 kl=0.0171
[upd  299 | steps  153088 | t   99.9s | sps  1533] ret_mean=180.000 ep_len=500.0 pi_loss=-0.012 v_loss=10.084 ent=1.913 kl=0.0214
[upd  300 | steps  153600 | t  100.0s | sps  1535] ret_mean=157.500 ep_len=500.0 pi_loss=-0.008 v_loss=7.933 ent=2.079 kl=0.0070
        [eval] ret_mean=12.483 ep_len=500.0
