$ /Users/praneelkhiantani/Downloads/cs2860/.venv/bin/python3 -m policies.train --env rware-medium-2ag-easy-v2 --seed 3 --updates 200 --rollout 512 --eval-every 50 --eval-episodes 10 --log-dir matrix_results/intent_grounded_v1_pilot/rware-medium-2ag-easy-v2 --run-name mappo-comm__baseline__d0__s3 --n-msg-tokens 8 --shape-rewards --pickup-bonus 0.5

[env] EnvSpec(env_id='rware-medium-2ag-easy-v2', n_agents=2, obs_dim=71, n_env_actions=5, noop_action=0, family='rware')  (n_msg_tokens=8)
[cfg] {'clip_range': 0.2, 'value_clip_range': 0.2, 'entropy_coef': 0.01, 'value_coef': 0.5, 'max_grad_norm': 0.5, 'gamma': 0.99, 'gae_lambda': 0.95, 'lr_actor': 0.0003, 'lr_critic': 0.001, 'update_epochs': 4, 'minibatches': 4, 'hidden': 128, 'depth': 2, 'device': 'cpu', 'message_grounding_coef': 0.0, 'extra': {}}
[log] writing to matrix_results/intent_grounded_v1_pilot/rware-medium-2ag-easy-v2/mappo-comm__baseline__d0__s3
[upd    1 | steps     512 | t    0.8s | sps   682] ret_mean=0.500 ep_len=500.0 pi_loss=-0.019 v_loss=0.088 ent=3.682 msg_acc=0.000 kl=0.0257
[upd    2 | steps    1024 | t    1.9s | sps   553] ret_mean=0.000 ep_len=500.0 pi_loss=-0.012 v_loss=0.059 ent=3.679 msg_acc=0.000 kl=0.0215
[upd    3 | steps    1536 | t    2.6s | sps   584] ret_mean=0.000 ep_len=500.0 pi_loss=-0.009 v_loss=0.056 ent=3.682 msg_acc=0.000 kl=0.0006
[upd    4 | steps    2048 | t    3.3s | sps   612] ret_mean=0.000 ep_len=500.0 pi_loss=-0.009 v_loss=0.031 ent=3.677 msg_acc=0.000 kl=0.0103
[upd    5 | steps    2560 | t    4.2s | sps   609] ret_mean=0.000 ep_len=500.0 pi_loss=-0.008 v_loss=0.022 ent=3.681 msg_acc=0.000 kl=0.0089
[upd    6 | steps    3072 | t    4.9s | sps   624] ret_mean=0.000 ep_len=500.0 pi_loss=-0.010 v_loss=0.009 ent=3.679 msg_acc=0.000 kl=0.0065
[upd    7 | steps    3584 | t    5.9s | sps   612] ret_mean=0.000 ep_len=500.0 pi_loss=-0.013 v_loss=0.006 ent=3.671 msg_acc=0.000 kl=0.0043
[upd    8 | steps    4096 | t    6.9s | sps   595] ret_mean=0.000 ep_len=500.0 pi_loss=-0.009 v_loss=0.006 ent=3.656 msg_acc=0.000 kl=0.0129
[upd    9 | steps    4608 | t    8.2s | sps   564] ret_mean=0.000 ep_len=500.0 pi_loss=-0.011 v_loss=0.005 ent=3.659 msg_acc=0.000 kl=0.0024
[upd   10 | steps    5120 | t    9.0s | sps   566] ret_mean=0.000 ep_len=500.0 pi_loss=-0.017 v_loss=0.007 ent=3.645 msg_acc=0.000 kl=0.0145
[upd   11 | steps    5632 | t    9.8s | sps   572] ret_mean=0.000 ep_len=500.0 pi_loss=-0.012 v_loss=0.021 ent=3.638 msg_acc=0.000 kl=0.0070
[upd   12 | steps    6144 | t   10.6s | sps   579] ret_mean=1.500 ep_len=500.0 pi_loss=-0.009 v_loss=0.004 ent=3.642 msg_acc=0.000 kl=0.0017
[upd   13 | steps    6656 | t   11.5s | sps   581] ret_mean=0.000 ep_len=500.0 pi_loss=-0.009 v_loss=0.006 ent=3.625 msg_acc=0.000 kl=0.0050
[upd   14 | steps    7168 | t   12.3s | sps   582] ret_mean=0.000 ep_len=500.0 pi_loss=-0.011 v_loss=0.012 ent=3.623 msg_acc=0.000 kl=0.0022
[upd   15 | steps    7680 | t   13.1s | sps   588] ret_mean=0.000 ep_len=500.0 pi_loss=-0.011 v_loss=0.011 ent=3.604 msg_acc=0.000 kl=0.0059
[upd   16 | steps    8192 | t   13.8s | sps   592] ret_mean=1.500 ep_len=500.0 pi_loss=-0.009 v_loss=0.002 ent=3.601 msg_acc=0.000 kl=0.0076
[upd   17 | steps    8704 | t   15.4s | sps   565] ret_mean=0.000 ep_len=500.0 pi_loss=-0.010 v_loss=0.002 ent=3.627 msg_acc=0.000 kl=-0.0009
[upd   18 | steps    9216 | t   16.4s | sps   562] ret_mean=0.000 ep_len=500.0 pi_loss=-0.016 v_loss=0.003 ent=3.582 msg_acc=0.000 kl=0.0098
[upd   19 | steps    9728 | t   17.1s | sps   570] ret_mean=0.000 ep_len=500.0 pi_loss=-0.011 v_loss=0.002 ent=3.628 msg_acc=0.000 kl=0.0021
[upd   20 | steps   10240 | t   17.7s | sps   577] ret_mean=0.000 ep_len=500.0 pi_loss=-0.011 v_loss=0.002 ent=3.550 msg_acc=0.000 kl=0.0099
[upd   21 | steps   10752 | t   18.4s | sps   585] ret_mean=1.000 ep_len=500.0 pi_loss=-0.012 v_loss=0.007 ent=3.488 msg_acc=0.000 kl=0.0094
[upd   22 | steps   11264 | t   19.1s | sps   591] ret_mean=0.000 ep_len=500.0 pi_loss=-0.008 v_loss=0.004 ent=3.544 msg_acc=0.000 kl=0.0064
[upd   23 | steps   11776 | t   19.7s | sps   597] ret_mean=0.000 ep_len=500.0 pi_loss=-0.009 v_loss=0.012 ent=3.628 msg_acc=0.000 kl=-0.0008
[upd   24 | steps   12288 | t   20.4s | sps   603] ret_mean=2.000 ep_len=500.0 pi_loss=-0.012 v_loss=0.003 ent=3.540 msg_acc=0.000 kl=0.0049
[upd   25 | steps   12800 | t   21.0s | sps   609] ret_mean=0.000 ep_len=500.0 pi_loss=-0.005 v_loss=0.001 ent=3.589 msg_acc=0.000 kl=-0.0016
[upd   26 | steps   13312 | t   21.6s | sps   615] ret_mean=0.000 ep_len=500.0 pi_loss=-0.011 v_loss=0.001 ent=3.557 msg_acc=0.000 kl=0.0025
[upd   27 | steps   13824 | t   22.3s | sps   619] ret_mean=0.000 ep_len=500.0 pi_loss=-0.011 v_loss=0.002 ent=3.633 msg_acc=0.000 kl=0.0004
[upd   28 | steps   14336 | t   23.0s | sps   623] ret_mean=0.000 ep_len=500.0 pi_loss=-0.010 v_loss=0.003 ent=3.617 msg_acc=0.000 kl=0.0028
[upd   29 | steps   14848 | t   23.7s | sps   626] ret_mean=0.000 ep_len=500.0 pi_loss=-0.009 v_loss=0.001 ent=3.479 msg_acc=0.000 kl=-0.0012
[upd   30 | steps   15360 | t   24.6s | sps   625] ret_mean=0.000 ep_len=500.0 pi_loss=-0.009 v_loss=0.001 ent=3.599 msg_acc=0.000 kl=0.0071
[upd   31 | steps   15872 | t   25.2s | sps   629] ret_mean=0.000 ep_len=500.0 pi_loss=-0.014 v_loss=0.002 ent=3.627 msg_acc=0.000 kl=0.0035
[upd   32 | steps   16384 | t   25.9s | sps   633] ret_mean=0.000 ep_len=500.0 pi_loss=-0.011 v_loss=0.001 ent=3.536 msg_acc=0.000 kl=0.0130
[upd   33 | steps   16896 | t   26.5s | sps   637] ret_mean=0.000 ep_len=500.0 pi_loss=-0.006 v_loss=0.001 ent=3.504 msg_acc=0.000 kl=0.0053
[upd   34 | steps   17408 | t   27.1s | sps   642] ret_mean=0.000 ep_len=500.0 pi_loss=-0.010 v_loss=0.003 ent=3.555 msg_acc=0.000 kl=0.0036
[upd   35 | steps   17920 | t   27.7s | sps   646] ret_mean=0.500 ep_len=500.0 pi_loss=-0.010 v_loss=0.001 ent=3.570 msg_acc=0.000 kl=0.0039
[upd   36 | steps   18432 | t   28.4s | sps   650] ret_mean=0.000 ep_len=500.0 pi_loss=-0.012 v_loss=0.001 ent=3.590 msg_acc=0.000 kl=0.0064
[upd   37 | steps   18944 | t   29.0s | sps   654] ret_mean=0.000 ep_len=500.0 pi_loss=-0.011 v_loss=0.002 ent=3.611 msg_acc=0.000 kl=0.0012
[upd   38 | steps   19456 | t   29.6s | sps   657] ret_mean=1.000 ep_len=500.0 pi_loss=-0.011 v_loss=0.009 ent=3.620 msg_acc=0.000 kl=0.0083
[upd   39 | steps   19968 | t   30.2s | sps   661] ret_mean=1.500 ep_len=500.0 pi_loss=-0.013 v_loss=0.004 ent=3.548 msg_acc=0.000 kl=0.0080
[upd   40 | steps   20480 | t   30.8s | sps   664] ret_mean=1.500 ep_len=500.0 pi_loss=-0.015 v_loss=0.009 ent=3.558 msg_acc=0.000 kl=0.0047
[upd   41 | steps   20992 | t   31.5s | sps   667] ret_mean=0.000 ep_len=500.0 pi_loss=-0.014 v_loss=0.008 ent=3.506 msg_acc=0.000 kl=0.0066
[upd   42 | steps   21504 | t   32.1s | sps   671] ret_mean=1.000 ep_len=500.0 pi_loss=-0.010 v_loss=0.011 ent=3.504 msg_acc=0.000 kl=0.0073
[upd   43 | steps   22016 | t   32.7s | sps   673] ret_mean=0.000 ep_len=500.0 pi_loss=-0.014 v_loss=0.002 ent=3.545 msg_acc=0.000 kl=0.0021
[upd   44 | steps   22528 | t   33.3s | sps   676] ret_mean=0.000 ep_len=500.0 pi_loss=-0.007 v_loss=0.002 ent=3.251 msg_acc=0.000 kl=0.0024
[upd   45 | steps   23040 | t   33.9s | sps   679] ret_mean=0.000 ep_len=500.0 pi_loss=-0.013 v_loss=0.002 ent=3.498 msg_acc=0.000 kl=0.0085
[upd   46 | steps   23552 | t   34.6s | sps   681] ret_mean=0.000 ep_len=500.0 pi_loss=-0.012 v_loss=0.001 ent=3.416 msg_acc=0.000 kl=0.0033
[upd   47 | steps   24064 | t   35.2s | sps   683] ret_mean=0.000 ep_len=500.0 pi_loss=-0.011 v_loss=0.002 ent=3.530 msg_acc=0.000 kl=0.0058
[upd   48 | steps   24576 | t   35.8s | sps   686] ret_mean=0.000 ep_len=500.0 pi_loss=-0.007 v_loss=0.002 ent=3.347 msg_acc=0.000 kl=0.0113
[upd   49 | steps   25088 | t   36.4s | sps   688] ret_mean=0.000 ep_len=500.0 pi_loss=-0.017 v_loss=0.001 ent=3.498 msg_acc=0.000 kl=0.0099
[upd   50 | steps   25600 | t   37.1s | sps   691] ret_mean=0.000 ep_len=500.0 pi_loss=-0.012 v_loss=0.001 ent=3.605 msg_acc=0.000 kl=0.0059
        [eval] ret_mean=0.000 ep_len=500.0
[upd   51 | steps   26112 | t   42.3s | sps   617] ret_mean=0.500 ep_len=500.0 pi_loss=-0.011 v_loss=0.001 ent=3.328 msg_acc=0.000 kl=0.0071
[upd   52 | steps   26624 | t   42.9s | sps   620] ret_mean=0.000 ep_len=500.0 pi_loss=-0.015 v_loss=0.001 ent=3.500 msg_acc=0.000 kl=-0.0000
[upd   53 | steps   27136 | t   43.6s | sps   622] ret_mean=0.000 ep_len=500.0 pi_loss=-0.012 v_loss=0.001 ent=3.538 msg_acc=0.000 kl=0.0184
[upd   54 | steps   27648 | t   44.3s | sps   624] ret_mean=0.000 ep_len=500.0 pi_loss=-0.014 v_loss=0.000 ent=3.463 msg_acc=0.000 kl=0.0070
[upd   55 | steps   28160 | t   45.0s | sps   626] ret_mean=0.000 ep_len=500.0 pi_loss=-0.009 v_loss=0.000 ent=3.378 msg_acc=0.000 kl=0.0037
[upd   56 | steps   28672 | t   45.7s | sps   627] ret_mean=3.000 ep_len=500.0 pi_loss=-0.008 v_loss=0.023 ent=3.605 msg_acc=0.000 kl=0.0086
[upd   57 | steps   29184 | t   46.5s | sps   628] ret_mean=0.000 ep_len=500.0 pi_loss=-0.012 v_loss=0.001 ent=3.587 msg_acc=0.000 kl=0.0141
[upd   58 | steps   29696 | t   47.2s | sps   629] ret_mean=0.000 ep_len=500.0 pi_loss=-0.016 v_loss=0.002 ent=3.505 msg_acc=0.000 kl=0.0074
[upd   59 | steps   30208 | t   48.0s | sps   629] ret_mean=0.000 ep_len=500.0 pi_loss=-0.013 v_loss=0.001 ent=3.505 msg_acc=0.000 kl=0.0028
[upd   60 | steps   30720 | t   48.7s | sps   631] ret_mean=0.000 ep_len=500.0 pi_loss=-0.013 v_loss=0.000 ent=3.574 msg_acc=0.000 kl=0.0001
[upd   61 | steps   31232 | t   49.3s | sps   633] ret_mean=0.000 ep_len=500.0 pi_loss=-0.011 v_loss=0.001 ent=3.565 msg_acc=0.000 kl=0.0044
[upd   62 | steps   31744 | t   50.1s | sps   634] ret_mean=0.000 ep_len=500.0 pi_loss=-0.012 v_loss=0.001 ent=3.457 msg_acc=0.000 kl=0.0003
[upd   63 | steps   32256 | t   50.7s | sps   636] ret_mean=0.000 ep_len=500.0 pi_loss=-0.009 v_loss=0.001 ent=3.394 msg_acc=0.000 kl=0.0075
[upd   64 | steps   32768 | t   51.3s | sps   638] ret_mean=0.000 ep_len=500.0 pi_loss=-0.010 v_loss=0.000 ent=3.274 msg_acc=0.000 kl=0.0052
[upd   65 | steps   33280 | t   52.0s | sps   640] ret_mean=0.000 ep_len=500.0 pi_loss=-0.013 v_loss=0.001 ent=3.509 msg_acc=0.000 kl=0.0056
[upd   66 | steps   33792 | t   52.6s | sps   642] ret_mean=0.000 ep_len=500.0 pi_loss=-0.015 v_loss=0.001 ent=3.504 msg_acc=0.000 kl=0.0104
[upd   67 | steps   34304 | t   53.3s | sps   644] ret_mean=0.000 ep_len=500.0 pi_loss=-0.010 v_loss=0.005 ent=3.566 msg_acc=0.000 kl=0.0057
[upd   68 | steps   34816 | t   53.9s | sps   645] ret_mean=1.000 ep_len=500.0 pi_loss=-0.017 v_loss=0.001 ent=3.480 msg_acc=0.000 kl=0.0015
[upd   69 | steps   35328 | t   54.6s | sps   647] ret_mean=0.000 ep_len=500.0 pi_loss=-0.016 v_loss=0.000 ent=3.459 msg_acc=0.000 kl=-0.0033
[upd   70 | steps   35840 | t   55.2s | sps   649] ret_mean=0.000 ep_len=500.0 pi_loss=-0.011 v_loss=0.001 ent=3.484 msg_acc=0.000 kl=0.0030
[upd   71 | steps   36352 | t   55.9s | sps   651] ret_mean=0.000 ep_len=500.0 pi_loss=-0.014 v_loss=0.001 ent=3.329 msg_acc=0.000 kl=0.0081
[upd   72 | steps   36864 | t   56.5s | sps   653] ret_mean=0.000 ep_len=500.0 pi_loss=-0.010 v_loss=0.002 ent=3.394 msg_acc=0.000 kl=0.0108
[upd   73 | steps   37376 | t   57.1s | sps   654] ret_mean=1.500 ep_len=500.0 pi_loss=-0.008 v_loss=0.006 ent=3.371 msg_acc=0.000 kl=0.0011
[upd   74 | steps   37888 | t   57.8s | sps   656] ret_mean=0.000 ep_len=500.0 pi_loss=-0.012 v_loss=0.001 ent=3.378 msg_acc=0.000 kl=0.0170
[upd   75 | steps   38400 | t   58.5s | sps   657] ret_mean=0.000 ep_len=500.0 pi_loss=-0.010 v_loss=0.001 ent=3.473 msg_acc=0.000 kl=0.0006
[upd   76 | steps   38912 | t   59.1s | sps   658] ret_mean=0.000 ep_len=500.0 pi_loss=-0.011 v_loss=0.001 ent=3.486 msg_acc=0.000 kl=0.0066
[upd   77 | steps   39424 | t   59.8s | sps   660] ret_mean=0.000 ep_len=500.0 pi_loss=-0.009 v_loss=0.000 ent=3.447 msg_acc=0.000 kl=0.0205
[upd   78 | steps   39936 | t   60.4s | sps   662] ret_mean=0.000 ep_len=500.0 pi_loss=-0.018 v_loss=0.001 ent=3.319 msg_acc=0.000 kl=0.0197
[upd   79 | steps   40448 | t   61.1s | sps   662] ret_mean=0.000 ep_len=500.0 pi_loss=-0.012 v_loss=0.002 ent=3.410 msg_acc=0.000 kl=0.0047
[upd   80 | steps   40960 | t   61.7s | sps   664] ret_mean=0.500 ep_len=500.0 pi_loss=-0.012 v_loss=0.001 ent=3.405 msg_acc=0.000 kl=0.0059
[upd   81 | steps   41472 | t   62.3s | sps   666] ret_mean=0.000 ep_len=500.0 pi_loss=-0.012 v_loss=0.001 ent=3.406 msg_acc=0.000 kl=0.0048
[upd   82 | steps   41984 | t   63.0s | sps   666] ret_mean=0.000 ep_len=500.0 pi_loss=-0.013 v_loss=0.001 ent=3.362 msg_acc=0.000 kl=0.0059
[upd   83 | steps   42496 | t   63.7s | sps   667] ret_mean=0.000 ep_len=500.0 pi_loss=-0.009 v_loss=0.001 ent=3.393 msg_acc=0.000 kl=-0.0037
[upd   84 | steps   43008 | t   64.4s | sps   668] ret_mean=0.000 ep_len=500.0 pi_loss=-0.015 v_loss=0.002 ent=3.529 msg_acc=0.000 kl=0.0220
[upd   85 | steps   43520 | t   65.0s | sps   670] ret_mean=0.500 ep_len=500.0 pi_loss=-0.012 v_loss=0.001 ent=3.492 msg_acc=0.000 kl=0.0066
[upd   86 | steps   44032 | t   65.7s | sps   670] ret_mean=0.000 ep_len=500.0 pi_loss=-0.010 v_loss=0.062 ent=3.484 msg_acc=0.000 kl=0.0027
[upd   87 | steps   44544 | t   66.4s | sps   671] ret_mean=3.500 ep_len=500.0 pi_loss=-0.013 v_loss=0.001 ent=3.527 msg_acc=0.000 kl=0.0066
[upd   88 | steps   45056 | t   67.1s | sps   672] ret_mean=0.000 ep_len=500.0 pi_loss=-0.007 v_loss=0.001 ent=3.222 msg_acc=0.000 kl=0.0062
[upd   89 | steps   45568 | t   67.7s | sps   673] ret_mean=0.000 ep_len=500.0 pi_loss=-0.018 v_loss=0.001 ent=3.465 msg_acc=0.000 kl=0.0120
[upd   90 | steps   46080 | t   68.3s | sps   675] ret_mean=0.000 ep_len=500.0 pi_loss=-0.012 v_loss=0.000 ent=3.614 msg_acc=0.000 kl=0.0123
[upd   91 | steps   46592 | t   68.9s | sps   676] ret_mean=0.000 ep_len=500.0 pi_loss=-0.008 v_loss=0.001 ent=3.587 msg_acc=0.000 kl=0.0009
[upd   92 | steps   47104 | t   69.6s | sps   677] ret_mean=0.000 ep_len=500.0 pi_loss=-0.016 v_loss=0.000 ent=3.390 msg_acc=0.000 kl=0.0101
[upd   93 | steps   47616 | t   70.2s | sps   678] ret_mean=0.000 ep_len=500.0 pi_loss=-0.017 v_loss=0.000 ent=3.208 msg_acc=0.000 kl=0.0166
[upd   94 | steps   48128 | t   70.8s | sps   680] ret_mean=2.000 ep_len=500.0 pi_loss=-0.012 v_loss=0.016 ent=3.480 msg_acc=0.000 kl=0.0190
[upd   95 | steps   48640 | t   71.4s | sps   681] ret_mean=0.000 ep_len=500.0 pi_loss=-0.009 v_loss=0.001 ent=3.190 msg_acc=0.000 kl=0.0058
[upd   96 | steps   49152 | t   72.4s | sps   679] ret_mean=0.000 ep_len=500.0 pi_loss=-0.011 v_loss=0.000 ent=3.238 msg_acc=0.000 kl=0.0077
[upd   97 | steps   49664 | t   73.0s | sps   680] ret_mean=0.000 ep_len=500.0 pi_loss=-0.012 v_loss=0.023 ent=3.120 msg_acc=0.000 kl=0.0025
[upd   98 | steps   50176 | t   73.6s | sps   682] ret_mean=4.500 ep_len=500.0 pi_loss=-0.016 v_loss=0.009 ent=3.447 msg_acc=0.000 kl=0.0256
[upd   99 | steps   50688 | t   74.2s | sps   683] ret_mean=0.000 ep_len=500.0 pi_loss=-0.016 v_loss=0.001 ent=2.751 msg_acc=0.000 kl=0.0148
[upd  100 | steps   51200 | t   74.8s | sps   684] ret_mean=0.000 ep_len=500.0 pi_loss=-0.011 v_loss=0.001 ent=3.087 msg_acc=0.000 kl=0.0057
        [eval] ret_mean=0.000 ep_len=500.0
[upd  101 | steps   51712 | t   80.4s | sps   643] ret_mean=0.500 ep_len=500.0 pi_loss=-0.009 v_loss=0.004 ent=3.395 msg_acc=0.000 kl=0.0024
[upd  102 | steps   52224 | t   81.0s | sps   644] ret_mean=1.500 ep_len=500.0 pi_loss=-0.007 v_loss=0.013 ent=2.985 msg_acc=0.000 kl=0.0017
[upd  103 | steps   52736 | t   81.7s | sps   646] ret_mean=0.000 ep_len=500.0 pi_loss=-0.014 v_loss=0.003 ent=2.979 msg_acc=0.000 kl=0.0077
[upd  104 | steps   53248 | t   82.3s | sps   647] ret_mean=0.000 ep_len=500.0 pi_loss=-0.015 v_loss=0.003 ent=3.381 msg_acc=0.000 kl=0.0122
[upd  105 | steps   53760 | t   83.0s | sps   648] ret_mean=0.000 ep_len=500.0 pi_loss=-0.011 v_loss=0.003 ent=3.424 msg_acc=0.000 kl=0.0073
[upd  106 | steps   54272 | t   83.6s | sps   649] ret_mean=0.500 ep_len=500.0 pi_loss=-0.015 v_loss=0.001 ent=3.500 msg_acc=0.000 kl=-0.0008
[upd  107 | steps   54784 | t   84.2s | sps   650] ret_mean=0.000 ep_len=500.0 pi_loss=-0.010 v_loss=0.001 ent=3.149 msg_acc=0.000 kl=0.0063
[upd  108 | steps   55296 | t   85.2s | sps   649] ret_mean=0.000 ep_len=500.0 pi_loss=-0.011 v_loss=0.001 ent=3.169 msg_acc=0.000 kl=0.0068
[upd  109 | steps   55808 | t   85.9s | sps   650] ret_mean=0.000 ep_len=500.0 pi_loss=-0.011 v_loss=0.001 ent=3.416 msg_acc=0.000 kl=0.0149
[upd  110 | steps   56320 | t   86.8s | sps   649] ret_mean=0.000 ep_len=500.0 pi_loss=-0.012 v_loss=0.000 ent=3.177 msg_acc=0.000 kl=0.0052
[upd  111 | steps   56832 | t   87.6s | sps   648] ret_mean=0.000 ep_len=500.0 pi_loss=-0.009 v_loss=0.001 ent=3.494 msg_acc=0.000 kl=-0.0019
[upd  112 | steps   57344 | t   88.3s | sps   649] ret_mean=0.000 ep_len=500.0 pi_loss=-0.014 v_loss=0.000 ent=3.289 msg_acc=0.000 kl=0.0079
[upd  113 | steps   57856 | t   89.1s | sps   650] ret_mean=0.000 ep_len=500.0 pi_loss=-0.010 v_loss=0.000 ent=2.837 msg_acc=0.000 kl=0.0177
[upd  114 | steps   58368 | t   89.8s | sps   650] ret_mean=0.000 ep_len=500.0 pi_loss=-0.015 v_loss=0.000 ent=3.326 msg_acc=0.000 kl=0.0000
[upd  115 | steps   58880 | t   90.5s | sps   651] ret_mean=0.000 ep_len=500.0 pi_loss=-0.015 v_loss=0.001 ent=3.278 msg_acc=0.000 kl=0.0041
[upd  116 | steps   59392 | t   91.2s | sps   651] ret_mean=0.000 ep_len=500.0 pi_loss=-0.009 v_loss=0.000 ent=2.970 msg_acc=0.000 kl=0.0041
[upd  117 | steps   59904 | t   91.9s | sps   652] ret_mean=0.000 ep_len=500.0 pi_loss=-0.012 v_loss=0.000 ent=3.398 msg_acc=0.000 kl=0.0101
[upd  118 | steps   60416 | t   92.6s | sps   653] ret_mean=0.000 ep_len=500.0 pi_loss=-0.008 v_loss=0.000 ent=3.050 msg_acc=0.000 kl=0.0102
[upd  119 | steps   60928 | t   93.2s | sps   654] ret_mean=0.000 ep_len=500.0 pi_loss=-0.010 v_loss=0.000 ent=3.376 msg_acc=0.000 kl=0.0089
[upd  120 | steps   61440 | t   93.8s | sps   655] ret_mean=0.000 ep_len=500.0 pi_loss=-0.016 v_loss=0.000 ent=3.098 msg_acc=0.000 kl=0.0043
[upd  121 | steps   61952 | t   94.4s | sps   656] ret_mean=0.000 ep_len=500.0 pi_loss=-0.007 v_loss=0.000 ent=3.050 msg_acc=0.000 kl=0.0142
[upd  122 | steps   62464 | t   95.0s | sps   657] ret_mean=0.000 ep_len=500.0 pi_loss=-0.008 v_loss=0.000 ent=3.007 msg_acc=0.000 kl=0.0072
[upd  123 | steps   62976 | t   95.7s | sps   658] ret_mean=0.000 ep_len=500.0 pi_loss=-0.018 v_loss=0.000 ent=3.049 msg_acc=0.000 kl=0.0067
[upd  124 | steps   63488 | t   96.3s | sps   659] ret_mean=0.000 ep_len=500.0 pi_loss=-0.012 v_loss=0.000 ent=3.190 msg_acc=0.000 kl=0.0089
[upd  125 | steps   64000 | t   96.9s | sps   660] ret_mean=0.000 ep_len=500.0 pi_loss=-0.009 v_loss=0.000 ent=3.340 msg_acc=0.000 kl=0.0093
[upd  126 | steps   64512 | t   97.7s | sps   660] ret_mean=0.000 ep_len=500.0 pi_loss=-0.014 v_loss=0.000 ent=3.228 msg_acc=0.000 kl=0.0103
[upd  127 | steps   65024 | t   98.5s | sps   660] ret_mean=0.000 ep_len=500.0 pi_loss=-0.013 v_loss=0.047 ent=3.186 msg_acc=0.000 kl=0.0128
[upd  128 | steps   65536 | t   99.2s | sps   661] ret_mean=5.500 ep_len=500.0 pi_loss=-0.013 v_loss=0.001 ent=3.173 msg_acc=0.000 kl=0.0036
[upd  129 | steps   66048 | t   99.8s | sps   662] ret_mean=0.000 ep_len=500.0 pi_loss=-0.009 v_loss=0.001 ent=3.236 msg_acc=0.000 kl=0.0092
[upd  130 | steps   66560 | t  100.4s | sps   663] ret_mean=0.000 ep_len=500.0 pi_loss=-0.020 v_loss=0.018 ent=3.407 msg_acc=0.000 kl=0.0200
[upd  131 | steps   67072 | t  101.0s | sps   664] ret_mean=2.000 ep_len=500.0 pi_loss=-0.017 v_loss=0.001 ent=3.351 msg_acc=0.000 kl=0.0092
[upd  132 | steps   67584 | t  101.6s | sps   665] ret_mean=0.000 ep_len=500.0 pi_loss=-0.014 v_loss=0.000 ent=3.448 msg_acc=0.000 kl=0.0090
[upd  133 | steps   68096 | t  102.2s | sps   666] ret_mean=0.000 ep_len=500.0 pi_loss=-0.011 v_loss=0.001 ent=2.910 msg_acc=0.000 kl=0.0092
[upd  134 | steps   68608 | t  102.9s | sps   667] ret_mean=0.000 ep_len=500.0 pi_loss=-0.015 v_loss=0.001 ent=3.244 msg_acc=0.000 kl=0.0047
[upd  135 | steps   69120 | t  103.6s | sps   667] ret_mean=0.000 ep_len=500.0 pi_loss=-0.009 v_loss=0.020 ent=2.939 msg_acc=0.000 kl=0.0059
[upd  136 | steps   69632 | t  104.3s | sps   668] ret_mean=2.500 ep_len=500.0 pi_loss=-0.008 v_loss=0.001 ent=2.787 msg_acc=0.000 kl=-0.0027
[upd  137 | steps   70144 | t  105.0s | sps   668] ret_mean=0.000 ep_len=500.0 pi_loss=-0.013 v_loss=0.001 ent=3.042 msg_acc=0.000 kl=0.0018
[upd  138 | steps   70656 | t  105.6s | sps   669] ret_mean=0.000 ep_len=500.0 pi_loss=-0.008 v_loss=0.000 ent=3.053 msg_acc=0.000 kl=0.0055
[upd  139 | steps   71168 | t  106.2s | sps   670] ret_mean=0.000 ep_len=500.0 pi_loss=-0.012 v_loss=0.000 ent=3.248 msg_acc=0.000 kl=-0.0017
[upd  140 | steps   71680 | t  106.8s | sps   671] ret_mean=0.000 ep_len=500.0 pi_loss=-0.012 v_loss=0.000 ent=2.989 msg_acc=0.000 kl=-0.0003
[upd  141 | steps   72192 | t  107.5s | sps   672] ret_mean=0.000 ep_len=500.0 pi_loss=-0.008 v_loss=0.000 ent=2.684 msg_acc=0.000 kl=0.0086
[upd  142 | steps   72704 | t  108.1s | sps   673] ret_mean=6.250 ep_len=500.0 pi_loss=-0.015 v_loss=0.170 ent=3.180 msg_acc=0.000 kl=0.0149
[upd  143 | steps   73216 | t  108.7s | sps   674] ret_mean=0.000 ep_len=500.0 pi_loss=-0.017 v_loss=0.002 ent=3.268 msg_acc=0.000 kl=0.0106
[upd  144 | steps   73728 | t  109.3s | sps   675] ret_mean=0.000 ep_len=500.0 pi_loss=-0.014 v_loss=0.001 ent=3.086 msg_acc=0.000 kl=0.0108
[upd  145 | steps   74240 | t  110.0s | sps   675] ret_mean=0.000 ep_len=500.0 pi_loss=-0.011 v_loss=0.000 ent=2.674 msg_acc=0.000 kl=0.0053
[upd  146 | steps   74752 | t  110.7s | sps   675] ret_mean=0.000 ep_len=500.0 pi_loss=-0.009 v_loss=0.001 ent=2.988 msg_acc=0.000 kl=0.0104
[upd  147 | steps   75264 | t  111.4s | sps   676] ret_mean=0.000 ep_len=500.0 pi_loss=-0.013 v_loss=0.000 ent=3.238 msg_acc=0.000 kl=0.0101
[upd  148 | steps   75776 | t  112.0s | sps   677] ret_mean=0.000 ep_len=500.0 pi_loss=-0.012 v_loss=0.001 ent=3.050 msg_acc=0.000 kl=0.0091
[upd  149 | steps   76288 | t  112.6s | sps   678] ret_mean=0.000 ep_len=500.0 pi_loss=-0.012 v_loss=0.000 ent=3.165 msg_acc=0.000 kl=0.0017
[upd  150 | steps   76800 | t  113.2s | sps   678] ret_mean=0.000 ep_len=500.0 pi_loss=-0.011 v_loss=0.000 ent=3.176 msg_acc=0.000 kl=0.0092
        [eval] ret_mean=0.000 ep_len=500.0
[upd  151 | steps   77312 | t  118.6s | sps   652] ret_mean=0.000 ep_len=500.0 pi_loss=-0.011 v_loss=0.000 ent=2.713 msg_acc=0.000 kl=0.0026
[upd  152 | steps   77824 | t  119.2s | sps   653] ret_mean=0.000 ep_len=500.0 pi_loss=-0.013 v_loss=0.002 ent=2.870 msg_acc=0.000 kl=0.0089
[upd  153 | steps   78336 | t  119.8s | sps   654] ret_mean=0.500 ep_len=500.0 pi_loss=-0.013 v_loss=0.001 ent=2.618 msg_acc=0.000 kl=0.0105
[upd  154 | steps   78848 | t  120.4s | sps   655] ret_mean=0.500 ep_len=500.0 pi_loss=-0.010 v_loss=0.003 ent=3.189 msg_acc=0.000 kl=0.0050
[upd  155 | steps   79360 | t  121.0s | sps   656] ret_mean=0.000 ep_len=500.0 pi_loss=-0.009 v_loss=0.000 ent=2.825 msg_acc=0.000 kl=0.0087
[upd  156 | steps   79872 | t  121.6s | sps   657] ret_mean=0.000 ep_len=500.0 pi_loss=-0.005 v_loss=0.001 ent=2.785 msg_acc=0.000 kl=0.0055
[upd  157 | steps   80384 | t  122.3s | sps   657] ret_mean=0.000 ep_len=500.0 pi_loss=-0.009 v_loss=0.003 ent=3.336 msg_acc=0.000 kl=0.0044
[upd  158 | steps   80896 | t  123.0s | sps   658] ret_mean=0.500 ep_len=500.0 pi_loss=-0.016 v_loss=0.001 ent=2.810 msg_acc=0.000 kl=0.0066
[upd  159 | steps   81408 | t  123.7s | sps   658] ret_mean=0.000 ep_len=500.0 pi_loss=-0.015 v_loss=0.001 ent=3.178 msg_acc=0.000 kl=0.0123
[upd  160 | steps   81920 | t  124.4s | sps   659] ret_mean=0.000 ep_len=500.0 pi_loss=-0.013 v_loss=0.000 ent=3.229 msg_acc=0.000 kl=0.0015
[upd  161 | steps   82432 | t  125.0s | sps   660] ret_mean=0.000 ep_len=500.0 pi_loss=-0.015 v_loss=0.000 ent=3.008 msg_acc=0.000 kl=0.0119
[upd  162 | steps   82944 | t  125.6s | sps   660] ret_mean=0.000 ep_len=500.0 pi_loss=-0.012 v_loss=0.001 ent=3.131 msg_acc=0.000 kl=0.0021
[upd  163 | steps   83456 | t  126.4s | sps   660] ret_mean=0.000 ep_len=500.0 pi_loss=-0.011 v_loss=0.000 ent=2.875 msg_acc=0.000 kl=0.0061
[upd  164 | steps   83968 | t  127.0s | sps   661] ret_mean=1.500 ep_len=500.0 pi_loss=-0.013 v_loss=0.025 ent=3.013 msg_acc=0.000 kl=-0.0006
[upd  165 | steps   84480 | t  127.6s | sps   662] ret_mean=1.500 ep_len=500.0 pi_loss=-0.012 v_loss=0.001 ent=2.927 msg_acc=0.000 kl=0.0063
[upd  166 | steps   84992 | t  128.3s | sps   663] ret_mean=0.000 ep_len=500.0 pi_loss=-0.013 v_loss=0.000 ent=3.170 msg_acc=0.000 kl=0.0144
[upd  167 | steps   85504 | t  128.9s | sps   663] ret_mean=1.000 ep_len=500.0 pi_loss=-0.013 v_loss=0.008 ent=3.072 msg_acc=0.000 kl=0.0204
[upd  168 | steps   86016 | t  129.5s | sps   664] ret_mean=2.000 ep_len=500.0 pi_loss=-0.008 v_loss=0.002 ent=2.549 msg_acc=0.000 kl=0.0028
[upd  169 | steps   86528 | t  130.2s | sps   665] ret_mean=0.000 ep_len=500.0 pi_loss=-0.009 v_loss=0.000 ent=2.796 msg_acc=0.000 kl=0.0019
[upd  170 | steps   87040 | t  130.8s | sps   666] ret_mean=0.000 ep_len=500.0 pi_loss=-0.009 v_loss=0.001 ent=3.063 msg_acc=0.000 kl=0.0022
[upd  171 | steps   87552 | t  131.4s | sps   666] ret_mean=0.000 ep_len=500.0 pi_loss=-0.009 v_loss=0.000 ent=2.847 msg_acc=0.000 kl=0.0075
[upd  172 | steps   88064 | t  132.0s | sps   667] ret_mean=0.000 ep_len=500.0 pi_loss=-0.011 v_loss=0.000 ent=2.777 msg_acc=0.000 kl=0.0085
[upd  173 | steps   88576 | t  132.6s | sps   668] ret_mean=0.000 ep_len=500.0 pi_loss=-0.014 v_loss=0.001 ent=2.978 msg_acc=0.000 kl=0.0119
[upd  174 | steps   89088 | t  133.2s | sps   669] ret_mean=1.000 ep_len=500.0 pi_loss=-0.010 v_loss=0.006 ent=2.746 msg_acc=0.000 kl=0.0108
[upd  175 | steps   89600 | t  133.9s | sps   669] ret_mean=0.000 ep_len=500.0 pi_loss=-0.009 v_loss=0.001 ent=2.758 msg_acc=0.000 kl=0.0016
[upd  176 | steps   90112 | t  134.5s | sps   670] ret_mean=0.000 ep_len=500.0 pi_loss=-0.014 v_loss=0.000 ent=2.905 msg_acc=0.000 kl=0.0015
[upd  177 | steps   90624 | t  135.2s | sps   670] ret_mean=0.000 ep_len=500.0 pi_loss=-0.010 v_loss=0.000 ent=3.127 msg_acc=0.000 kl=0.0074
[upd  178 | steps   91136 | t  135.9s | sps   670] ret_mean=0.000 ep_len=500.0 pi_loss=-0.011 v_loss=0.000 ent=3.280 msg_acc=0.000 kl=0.0030
[upd  179 | steps   91648 | t  136.6s | sps   671] ret_mean=0.000 ep_len=500.0 pi_loss=-0.012 v_loss=0.000 ent=3.297 msg_acc=0.000 kl=0.0107
[upd  180 | steps   92160 | t  137.2s | sps   672] ret_mean=0.000 ep_len=500.0 pi_loss=-0.013 v_loss=0.000 ent=3.128 msg_acc=0.000 kl=0.0151
[upd  181 | steps   92672 | t  137.9s | sps   672] ret_mean=0.000 ep_len=500.0 pi_loss=-0.015 v_loss=0.000 ent=3.064 msg_acc=0.000 kl=0.0113
[upd  182 | steps   93184 | t  138.6s | sps   672] ret_mean=0.000 ep_len=500.0 pi_loss=-0.011 v_loss=0.032 ent=2.725 msg_acc=0.000 kl=0.0004
[upd  183 | steps   93696 | t  139.2s | sps   673] ret_mean=5.000 ep_len=500.0 pi_loss=-0.010 v_loss=0.003 ent=2.821 msg_acc=0.000 kl=0.0065
[upd  184 | steps   94208 | t  139.9s | sps   674] ret_mean=0.000 ep_len=500.0 pi_loss=-0.014 v_loss=0.000 ent=3.115 msg_acc=0.000 kl=0.0103
[upd  185 | steps   94720 | t  140.5s | sps   674] ret_mean=0.000 ep_len=500.0 pi_loss=-0.013 v_loss=0.000 ent=3.344 msg_acc=0.000 kl=0.0060
[upd  186 | steps   95232 | t  141.1s | sps   675] ret_mean=0.000 ep_len=500.0 pi_loss=-0.011 v_loss=0.121 ent=2.739 msg_acc=0.000 kl=0.0051
[upd  187 | steps   95744 | t  141.7s | sps   676] ret_mean=10.000 ep_len=500.0 pi_loss=-0.009 v_loss=0.001 ent=3.138 msg_acc=0.000 kl=0.0003
[upd  188 | steps   96256 | t  142.3s | sps   677] ret_mean=0.000 ep_len=500.0 pi_loss=-0.010 v_loss=0.000 ent=2.654 msg_acc=0.000 kl=0.0092
[upd  189 | steps   96768 | t  142.9s | sps   677] ret_mean=0.000 ep_len=500.0 pi_loss=-0.016 v_loss=0.000 ent=2.780 msg_acc=0.000 kl=0.0154
[upd  190 | steps   97280 | t  143.5s | sps   678] ret_mean=0.000 ep_len=500.0 pi_loss=-0.008 v_loss=0.000 ent=2.238 msg_acc=0.000 kl=0.0085
[upd  191 | steps   97792 | t  144.1s | sps   679] ret_mean=2.500 ep_len=500.0 pi_loss=-0.011 v_loss=0.020 ent=3.109 msg_acc=0.000 kl=0.0093
[upd  192 | steps   98304 | t  144.7s | sps   679] ret_mean=0.000 ep_len=500.0 pi_loss=-0.012 v_loss=0.001 ent=3.007 msg_acc=0.000 kl=0.0022
[upd  193 | steps   98816 | t  145.5s | sps   679] ret_mean=0.000 ep_len=500.0 pi_loss=-0.010 v_loss=0.001 ent=2.067 msg_acc=0.000 kl=0.0085
[upd  194 | steps   99328 | t  146.1s | sps   680] ret_mean=0.000 ep_len=500.0 pi_loss=-0.013 v_loss=0.000 ent=3.408 msg_acc=0.000 kl=0.0070
[upd  195 | steps   99840 | t  146.7s | sps   681] ret_mean=0.000 ep_len=500.0 pi_loss=-0.007 v_loss=0.000 ent=2.850 msg_acc=0.000 kl=0.0046
[upd  196 | steps  100352 | t  147.3s | sps   681] ret_mean=0.000 ep_len=500.0 pi_loss=-0.010 v_loss=0.001 ent=2.459 msg_acc=0.000 kl=0.0068
[upd  197 | steps  100864 | t  147.9s | sps   682] ret_mean=0.000 ep_len=500.0 pi_loss=-0.013 v_loss=0.000 ent=3.203 msg_acc=0.000 kl=0.0054
[upd  198 | steps  101376 | t  148.5s | sps   683] ret_mean=0.000 ep_len=500.0 pi_loss=-0.013 v_loss=0.000 ent=3.110 msg_acc=0.000 kl=0.0001
[upd  199 | steps  101888 | t  149.3s | sps   683] ret_mean=0.000 ep_len=500.0 pi_loss=-0.011 v_loss=0.111 ent=3.042 msg_acc=0.000 kl=0.0092
[upd  200 | steps  102400 | t  149.9s | sps   683] ret_mean=6.500 ep_len=500.0 pi_loss=-0.014 v_loss=0.001 ent=3.031 msg_acc=0.000 kl=0.0204
        [eval] ret_mean=0.000 ep_len=500.0
