$ /Users/samchen/Coding/CLASSES/CS2860/.venv/bin/python3 -m policies.train --env rware-tiny-2ag-easy-v2 --seed 0 --updates 400 --rollout 512 --eval-every 25 --eval-episodes 30 --log-dir matrix_results/diagnostics_v1_sam/comm_2ag/main_tiny --run-name mappo-heartbeat-only__dropout-only__d0__s0 --n-msg-tokens 8 --no-comm --heartbeat --heartbeat-period 1 --heartbeat-max-age-clip 128 --dropout --dropout-window-start 200 --dropout-window-end 350 --shape-rewards --pickup-bonus 0.5

[env] EnvSpec(env_id='rware-tiny-2ag-easy-v2', n_agents=2, obs_dim=73, n_env_actions=5, noop_action=0, family='rware')  (n_msg_tokens=1)
[cfg] {'clip_range': 0.2, 'value_clip_range': 0.2, 'entropy_coef': 0.01, 'value_coef': 0.5, 'max_grad_norm': 0.5, 'gamma': 0.99, 'gae_lambda': 0.95, 'lr_actor': 0.0003, 'lr_critic': 0.001, 'update_epochs': 4, 'minibatches': 4, 'hidden': 128, 'depth': 2, 'device': 'cpu', 'extra': {}}
[log] writing to matrix_results/diagnostics_v1_sam/comm_2ag/main_tiny/mappo-heartbeat-only__dropout-only__d0__s0
[upd    1 | steps     512 | t    0.2s | sps  2767] ret_mean=0.000 ep_len=500.0 pi_loss=-0.011 v_loss=0.030 ent=1.605 kl=0.0030
[upd    2 | steps    1024 | t    0.4s | sps  2897] ret_mean=0.000 ep_len=500.0 pi_loss=-0.006 v_loss=0.011 ent=1.600 kl=0.0062
[upd    3 | steps    1536 | t    0.5s | sps  2973] ret_mean=1.500 ep_len=500.0 pi_loss=-0.006 v_loss=0.014 ent=1.600 kl=0.0031
[upd    4 | steps    2048 | t    0.7s | sps  2983] ret_mean=2.500 ep_len=500.0 pi_loss=-0.007 v_loss=0.016 ent=1.602 kl=0.0048
[upd    5 | steps    2560 | t    0.9s | sps  2845] ret_mean=0.000 ep_len=500.0 pi_loss=-0.002 v_loss=0.003 ent=1.604 kl=-0.0019
[upd    6 | steps    3072 | t    1.1s | sps  2899] ret_mean=1.000 ep_len=500.0 pi_loss=-0.002 v_loss=0.013 ent=1.600 kl=-0.0002
[upd    7 | steps    3584 | t    1.2s | sps  2918] ret_mean=0.000 ep_len=500.0 pi_loss=-0.003 v_loss=0.004 ent=1.600 kl=0.0031
[upd    8 | steps    4096 | t    1.4s | sps  2932] ret_mean=5.000 ep_len=500.0 pi_loss=-0.009 v_loss=0.066 ent=1.580 kl=0.0016
[upd    9 | steps    4608 | t    1.6s | sps  2959] ret_mean=1.500 ep_len=500.0 pi_loss=-0.004 v_loss=0.010 ent=1.581 kl=0.0032
[upd   10 | steps    5120 | t    1.7s | sps  2971] ret_mean=3.000 ep_len=500.0 pi_loss=-0.005 v_loss=0.030 ent=1.558 kl=0.0044
[upd   11 | steps    5632 | t    1.9s | sps  2977] ret_mean=0.000 ep_len=500.0 pi_loss=-0.011 v_loss=0.001 ent=1.551 kl=0.0100
[upd   12 | steps    6144 | t    2.1s | sps  2984] ret_mean=1.000 ep_len=500.0 pi_loss=-0.006 v_loss=0.005 ent=1.569 kl=0.0079
[upd   13 | steps    6656 | t    2.2s | sps  2995] ret_mean=3.500 ep_len=500.0 pi_loss=-0.003 v_loss=0.022 ent=1.577 kl=0.0036
[upd   14 | steps    7168 | t    2.4s | sps  3000] ret_mean=0.000 ep_len=500.0 pi_loss=-0.009 v_loss=0.005 ent=1.562 kl=0.0042
[upd   15 | steps    7680 | t    2.6s | sps  3003] ret_mean=0.500 ep_len=500.0 pi_loss=-0.004 v_loss=0.004 ent=1.558 kl=0.0011
[upd   16 | steps    8192 | t    2.7s | sps  3030] ret_mean=0.000 ep_len=500.0 pi_loss=-0.003 v_loss=0.006 ent=1.520 kl=0.0042
[upd   17 | steps    8704 | t    2.9s | sps  3049] ret_mean=1.000 ep_len=500.0 pi_loss=-0.002 v_loss=0.002 ent=1.474 kl=-0.0001
[upd   18 | steps    9216 | t    3.0s | sps  3039] ret_mean=2.000 ep_len=500.0 pi_loss=-0.004 v_loss=0.019 ent=1.527 kl=0.0000
[upd   19 | steps    9728 | t    3.2s | sps  3036] ret_mean=1.000 ep_len=500.0 pi_loss=-0.005 v_loss=0.003 ent=1.493 kl=0.0033
[upd   20 | steps   10240 | t    3.4s | sps  3040] ret_mean=0.500 ep_len=500.0 pi_loss=-0.003 v_loss=0.011 ent=1.482 kl=0.0017
[upd   21 | steps   10752 | t    3.5s | sps  3045] ret_mean=1.500 ep_len=500.0 pi_loss=-0.007 v_loss=0.001 ent=1.420 kl=0.0097
[upd   22 | steps   11264 | t    3.7s | sps  3051] ret_mean=0.000 ep_len=500.0 pi_loss=-0.003 v_loss=0.001 ent=1.322 kl=-0.0016
[upd   23 | steps   11776 | t    3.9s | sps  3055] ret_mean=0.500 ep_len=500.0 pi_loss=-0.004 v_loss=0.003 ent=1.455 kl=0.0069
[upd   24 | steps   12288 | t    4.0s | sps  3052] ret_mean=0.000 ep_len=500.0 pi_loss=-0.004 v_loss=0.001 ent=1.415 kl=0.0009
[upd   25 | steps   12800 | t    4.2s | sps  3051] ret_mean=2.000 ep_len=500.0 pi_loss=-0.007 v_loss=0.012 ent=1.500 kl=0.0068
        [eval] ret_mean=7.317 ep_len=500.0
[upd   26 | steps   13312 | t    8.1s | sps  1634] ret_mean=0.000 ep_len=500.0 pi_loss=-0.003 v_loss=0.001 ent=1.533 kl=-0.0009
[upd   27 | steps   13824 | t    8.3s | sps  1663] ret_mean=4.500 ep_len=500.0 pi_loss=-0.005 v_loss=0.047 ent=1.468 kl=0.0050
[upd   28 | steps   14336 | t    8.5s | sps  1690] ret_mean=0.000 ep_len=500.0 pi_loss=-0.006 v_loss=0.003 ent=1.542 kl=0.0048
[upd   29 | steps   14848 | t    8.6s | sps  1717] ret_mean=1.500 ep_len=500.0 pi_loss=-0.003 v_loss=0.006 ent=1.520 kl=0.0026
[upd   30 | steps   15360 | t    8.8s | sps  1744] ret_mean=0.500 ep_len=500.0 pi_loss=-0.009 v_loss=0.002 ent=1.500 kl=0.0009
[upd   31 | steps   15872 | t    9.0s | sps  1768] ret_mean=1.000 ep_len=500.0 pi_loss=-0.002 v_loss=0.005 ent=1.487 kl=-0.0005
[upd   32 | steps   16384 | t    9.1s | sps  1791] ret_mean=0.000 ep_len=500.0 pi_loss=-0.006 v_loss=0.001 ent=1.521 kl=0.0058
[upd   33 | steps   16896 | t    9.3s | sps  1815] ret_mean=0.000 ep_len=500.0 pi_loss=-0.003 v_loss=0.001 ent=1.557 kl=-0.0015
[upd   34 | steps   17408 | t    9.5s | sps  1837] ret_mean=0.000 ep_len=500.0 pi_loss=-0.008 v_loss=0.002 ent=1.554 kl=0.0023
[upd   35 | steps   17920 | t    9.6s | sps  1859] ret_mean=0.500 ep_len=500.0 pi_loss=-0.005 v_loss=0.001 ent=1.553 kl=0.0012
[upd   36 | steps   18432 | t    9.8s | sps  1880] ret_mean=1.000 ep_len=500.0 pi_loss=-0.004 v_loss=0.026 ent=1.517 kl=0.0073
[upd   37 | steps   18944 | t   10.0s | sps  1900] ret_mean=2.500 ep_len=500.0 pi_loss=-0.004 v_loss=0.002 ent=1.536 kl=0.0052
[upd   38 | steps   19456 | t   10.1s | sps  1921] ret_mean=0.000 ep_len=500.0 pi_loss=-0.002 v_loss=0.001 ent=1.503 kl=-0.0011
[upd   39 | steps   19968 | t   10.3s | sps  1940] ret_mean=0.000 ep_len=500.0 pi_loss=-0.003 v_loss=0.001 ent=1.412 kl=0.0028
[upd   40 | steps   20480 | t   10.5s | sps  1955] ret_mean=0.000 ep_len=500.0 pi_loss=-0.004 v_loss=0.002 ent=1.409 kl=0.0063
[upd   41 | steps   20992 | t   10.7s | sps  1971] ret_mean=0.500 ep_len=500.0 pi_loss=-0.002 v_loss=0.000 ent=1.314 kl=0.0012
[upd   42 | steps   21504 | t   10.8s | sps  1988] ret_mean=0.000 ep_len=500.0 pi_loss=-0.005 v_loss=0.001 ent=1.389 kl=-0.0005
[upd   43 | steps   22016 | t   11.0s | sps  2005] ret_mean=0.000 ep_len=500.0 pi_loss=-0.005 v_loss=0.265 ent=1.445 kl=0.0007
[upd   44 | steps   22528 | t   11.1s | sps  2021] ret_mean=11.500 ep_len=500.0 pi_loss=-0.005 v_loss=0.006 ent=1.566 kl=0.0035
[upd   45 | steps   23040 | t   11.3s | sps  2035] ret_mean=1.000 ep_len=500.0 pi_loss=-0.008 v_loss=0.063 ent=1.513 kl=0.0077
[upd   46 | steps   23552 | t   11.5s | sps  2051] ret_mean=6.000 ep_len=500.0 pi_loss=-0.002 v_loss=0.001 ent=1.395 kl=0.0002
[upd   47 | steps   24064 | t   11.6s | sps  2066] ret_mean=0.000 ep_len=500.0 pi_loss=-0.005 v_loss=0.336 ent=1.368 kl=0.0002
[upd   48 | steps   24576 | t   11.8s | sps  2080] ret_mean=18.000 ep_len=500.0 pi_loss=-0.000 v_loss=0.050 ent=1.404 kl=0.0038
[upd   49 | steps   25088 | t   12.0s | sps  2093] ret_mean=1.500 ep_len=500.0 pi_loss=-0.002 v_loss=0.031 ent=1.345 kl=-0.0001
[upd   50 | steps   25600 | t   12.2s | sps  2106] ret_mean=2.500 ep_len=500.0 pi_loss=-0.003 v_loss=0.010 ent=1.340 kl=0.0015
        [eval] ret_mean=4.167 ep_len=500.0
[upd   51 | steps   26112 | t   16.1s | sps  1618] ret_mean=6.500 ep_len=500.0 pi_loss=-0.009 v_loss=0.096 ent=1.380 kl=0.0081
[upd   52 | steps   26624 | t   16.3s | sps  1632] ret_mean=10.000 ep_len=500.0 pi_loss=-0.006 v_loss=0.154 ent=1.519 kl=0.0007
[upd   53 | steps   27136 | t   16.5s | sps  1646] ret_mean=5.000 ep_len=500.0 pi_loss=-0.005 v_loss=0.054 ent=1.448 kl=0.0124
[upd   54 | steps   27648 | t   16.6s | sps  1661] ret_mean=6.000 ep_len=500.0 pi_loss=-0.012 v_loss=0.102 ent=1.409 kl=-0.0000
[upd   55 | steps   28160 | t   16.8s | sps  1675] ret_mean=7.500 ep_len=500.0 pi_loss=-0.008 v_loss=0.188 ent=1.513 kl=0.0041
[upd   56 | steps   28672 | t   17.0s | sps  1686] ret_mean=0.000 ep_len=500.0 pi_loss=-0.007 v_loss=0.003 ent=1.454 kl=0.0072
[upd   57 | steps   29184 | t   17.2s | sps  1700] ret_mean=0.000 ep_len=500.0 pi_loss=-0.002 v_loss=0.002 ent=1.486 kl=-0.0011
[upd   58 | steps   29696 | t   17.3s | sps  1713] ret_mean=0.000 ep_len=500.0 pi_loss=-0.002 v_loss=0.002 ent=1.504 kl=0.0041
[upd   59 | steps   30208 | t   17.5s | sps  1726] ret_mean=0.000 ep_len=500.0 pi_loss=-0.009 v_loss=0.011 ent=1.325 kl=0.0059
[upd   60 | steps   30720 | t   17.7s | sps  1739] ret_mean=12.000 ep_len=500.0 pi_loss=-0.004 v_loss=0.201 ent=1.396 kl=0.0164
[upd   61 | steps   31232 | t   17.8s | sps  1752] ret_mean=3.500 ep_len=500.0 pi_loss=-0.002 v_loss=0.031 ent=1.494 kl=0.0059
[upd   62 | steps   31744 | t   18.0s | sps  1765] ret_mean=0.000 ep_len=500.0 pi_loss=-0.003 v_loss=0.154 ent=1.521 kl=0.0013
[upd   63 | steps   32256 | t   18.2s | sps  1777] ret_mean=7.500 ep_len=500.0 pi_loss=-0.006 v_loss=0.005 ent=1.473 kl=0.0102
[upd   64 | steps   32768 | t   18.3s | sps  1788] ret_mean=0.000 ep_len=500.0 pi_loss=-0.004 v_loss=0.165 ent=1.375 kl=0.0015
[upd   65 | steps   33280 | t   18.5s | sps  1799] ret_mean=6.500 ep_len=500.0 pi_loss=-0.006 v_loss=0.003 ent=1.371 kl=0.0088
[upd   66 | steps   33792 | t   18.7s | sps  1810] ret_mean=0.000 ep_len=500.0 pi_loss=-0.005 v_loss=0.002 ent=1.500 kl=0.0021
[upd   67 | steps   34304 | t   18.9s | sps  1819] ret_mean=0.000 ep_len=500.0 pi_loss=-0.004 v_loss=0.104 ent=1.511 kl=0.0004
[upd   68 | steps   34816 | t   19.1s | sps  1827] ret_mean=7.500 ep_len=500.0 pi_loss=-0.008 v_loss=0.004 ent=1.497 kl=0.0128
[upd   69 | steps   35328 | t   19.2s | sps  1837] ret_mean=0.000 ep_len=500.0 pi_loss=-0.012 v_loss=0.002 ent=1.396 kl=0.0096
[upd   70 | steps   35840 | t   19.4s | sps  1847] ret_mean=12.500 ep_len=500.0 pi_loss=-0.005 v_loss=0.437 ent=1.353 kl=0.0018
[upd   71 | steps   36352 | t   19.6s | sps  1858] ret_mean=0.000 ep_len=500.0 pi_loss=-0.005 v_loss=0.041 ent=1.488 kl=0.0003
[upd   72 | steps   36864 | t   19.7s | sps  1868] ret_mean=4.000 ep_len=500.0 pi_loss=-0.004 v_loss=0.003 ent=1.358 kl=0.0003
[upd   73 | steps   37376 | t   19.9s | sps  1879] ret_mean=0.000 ep_len=500.0 pi_loss=-0.006 v_loss=0.016 ent=1.266 kl=0.0038
[upd   74 | steps   37888 | t   20.1s | sps  1889] ret_mean=1.500 ep_len=500.0 pi_loss=-0.004 v_loss=0.371 ent=1.467 kl=0.0062
[upd   75 | steps   38400 | t   20.2s | sps  1898] ret_mean=11.500 ep_len=500.0 pi_loss=-0.008 v_loss=0.004 ent=1.520 kl=0.0017
        [eval] ret_mean=12.950 ep_len=500.0
[upd   76 | steps   38912 | t   24.4s | sps  1594] ret_mean=20.000 ep_len=500.0 pi_loss=-0.008 v_loss=0.534 ent=1.398 kl=0.0081
[upd   77 | steps   39424 | t   24.6s | sps  1604] ret_mean=5.500 ep_len=500.0 pi_loss=-0.007 v_loss=0.058 ent=1.494 kl=0.0024
[upd   78 | steps   39936 | t   24.8s | sps  1614] ret_mean=0.000 ep_len=500.0 pi_loss=-0.002 v_loss=0.005 ent=1.406 kl=0.0084
[upd   79 | steps   40448 | t   24.9s | sps  1624] ret_mean=5.000 ep_len=500.0 pi_loss=-0.011 v_loss=0.099 ent=1.330 kl=0.0044
[upd   80 | steps   40960 | t   25.1s | sps  1634] ret_mean=0.000 ep_len=500.0 pi_loss=-0.005 v_loss=0.100 ent=1.044 kl=0.0067
[upd   81 | steps   41472 | t   25.2s | sps  1643] ret_mean=18.500 ep_len=500.0 pi_loss=-0.001 v_loss=0.353 ent=1.216 kl=0.0008
[upd   82 | steps   41984 | t   25.4s | sps  1653] ret_mean=0.500 ep_len=500.0 pi_loss=-0.006 v_loss=0.004 ent=1.393 kl=0.0064
[upd   83 | steps   42496 | t   25.6s | sps  1662] ret_mean=0.000 ep_len=500.0 pi_loss=-0.004 v_loss=0.002 ent=1.500 kl=-0.0033
[upd   84 | steps   43008 | t   25.7s | sps  1671] ret_mean=7.000 ep_len=500.0 pi_loss=-0.004 v_loss=0.149 ent=1.453 kl=0.0090
[upd   85 | steps   43520 | t   25.9s | sps  1680] ret_mean=1.000 ep_len=500.0 pi_loss=-0.009 v_loss=0.033 ent=1.315 kl=0.0026
[upd   86 | steps   44032 | t   26.1s | sps  1689] ret_mean=19.500 ep_len=500.0 pi_loss=-0.009 v_loss=1.088 ent=1.366 kl=0.0030
[upd   87 | steps   44544 | t   26.2s | sps  1697] ret_mean=29.000 ep_len=500.0 pi_loss=0.000 v_loss=0.251 ent=0.942 kl=0.0080
[upd   88 | steps   45056 | t   26.4s | sps  1706] ret_mean=23.500 ep_len=500.0 pi_loss=-0.007 v_loss=0.932 ent=1.215 kl=0.0139
[upd   89 | steps   45568 | t   26.6s | sps  1715] ret_mean=7.000 ep_len=500.0 pi_loss=-0.005 v_loss=0.058 ent=1.431 kl=0.0042
[upd   90 | steps   46080 | t   26.7s | sps  1723] ret_mean=3.500 ep_len=500.0 pi_loss=-0.007 v_loss=0.050 ent=1.447 kl=-0.0030
[upd   91 | steps   46592 | t   26.9s | sps  1731] ret_mean=9.000 ep_len=500.0 pi_loss=-0.009 v_loss=0.200 ent=1.154 kl=-0.0018
[upd   92 | steps   47104 | t   27.1s | sps  1740] ret_mean=0.000 ep_len=500.0 pi_loss=-0.006 v_loss=0.701 ent=1.263 kl=0.0061
[upd   93 | steps   47616 | t   27.2s | sps  1749] ret_mean=24.000 ep_len=500.0 pi_loss=-0.009 v_loss=0.240 ent=1.361 kl=0.0022
[upd   94 | steps   48128 | t   27.4s | sps  1757] ret_mean=8.000 ep_len=500.0 pi_loss=-0.009 v_loss=0.013 ent=1.074 kl=0.0108
[upd   95 | steps   48640 | t   27.6s | sps  1765] ret_mean=0.000 ep_len=500.0 pi_loss=-0.007 v_loss=0.051 ent=1.303 kl=0.0084
[upd   96 | steps   49152 | t   27.7s | sps  1774] ret_mean=5.000 ep_len=500.0 pi_loss=-0.002 v_loss=0.013 ent=1.385 kl=0.0076
[upd   97 | steps   49664 | t   27.9s | sps  1779] ret_mean=0.000 ep_len=500.0 pi_loss=-0.007 v_loss=0.240 ent=1.424 kl=0.0043
[upd   98 | steps   50176 | t   28.1s | sps  1785] ret_mean=12.000 ep_len=500.0 pi_loss=-0.008 v_loss=0.009 ent=1.466 kl=0.0091
[upd   99 | steps   50688 | t   28.3s | sps  1791] ret_mean=0.000 ep_len=500.0 pi_loss=-0.006 v_loss=0.237 ent=1.329 kl=0.0056
[upd  100 | steps   51200 | t   28.5s | sps  1796] ret_mean=12.000 ep_len=500.0 pi_loss=-0.009 v_loss=0.004 ent=1.380 kl=0.0032
        [eval] ret_mean=4.167 ep_len=500.0
[upd  101 | steps   51712 | t   32.8s | sps  1577] ret_mean=2.500 ep_len=500.0 pi_loss=-0.009 v_loss=0.021 ent=1.446 kl=0.0067
[upd  102 | steps   52224 | t   33.0s | sps  1585] ret_mean=0.000 ep_len=500.0 pi_loss=-0.007 v_loss=0.005 ent=1.414 kl=0.0114
[upd  103 | steps   52736 | t   33.1s | sps  1591] ret_mean=0.000 ep_len=500.0 pi_loss=-0.003 v_loss=0.003 ent=1.421 kl=0.0011
[upd  104 | steps   53248 | t   33.3s | sps  1598] ret_mean=8.000 ep_len=500.0 pi_loss=-0.002 v_loss=0.210 ent=1.395 kl=0.0006
[upd  105 | steps   53760 | t   33.5s | sps  1605] ret_mean=15.500 ep_len=500.0 pi_loss=-0.001 v_loss=0.434 ent=1.398 kl=0.0014
[upd  106 | steps   54272 | t   33.7s | sps  1610] ret_mean=0.500 ep_len=500.0 pi_loss=0.001 v_loss=0.057 ent=1.327 kl=0.0018
[upd  107 | steps   54784 | t   33.9s | sps  1617] ret_mean=56.500 ep_len=500.0 pi_loss=-0.007 v_loss=2.182 ent=1.142 kl=0.0086
[upd  108 | steps   55296 | t   34.0s | sps  1624] ret_mean=1.500 ep_len=500.0 pi_loss=-0.011 v_loss=0.010 ent=1.313 kl=0.0070
[upd  109 | steps   55808 | t   34.2s | sps  1631] ret_mean=5.500 ep_len=500.0 pi_loss=-0.005 v_loss=0.110 ent=1.363 kl=0.0133
[upd  110 | steps   56320 | t   34.4s | sps  1638] ret_mean=0.000 ep_len=500.0 pi_loss=-0.003 v_loss=0.003 ent=1.358 kl=-0.0008
[upd  111 | steps   56832 | t   34.6s | sps  1645] ret_mean=0.000 ep_len=500.0 pi_loss=-0.007 v_loss=0.005 ent=1.253 kl=0.0044
[upd  112 | steps   57344 | t   34.7s | sps  1652] ret_mean=0.000 ep_len=500.0 pi_loss=-0.002 v_loss=0.006 ent=1.230 kl=-0.0008
[upd  113 | steps   57856 | t   34.9s | sps  1659] ret_mean=17.000 ep_len=500.0 pi_loss=-0.003 v_loss=1.903 ent=1.024 kl=0.0013
[upd  114 | steps   58368 | t   35.0s | sps  1666] ret_mean=99.500 ep_len=500.0 pi_loss=-0.006 v_loss=4.109 ent=0.945 kl=0.0130
[upd  115 | steps   58880 | t   35.2s | sps  1674] ret_mean=37.000 ep_len=500.0 pi_loss=-0.005 v_loss=0.722 ent=1.022 kl=0.0018
[upd  116 | steps   59392 | t   35.3s | sps  1681] ret_mean=5.000 ep_len=500.0 pi_loss=-0.004 v_loss=0.670 ent=1.339 kl=0.0047
[upd  117 | steps   59904 | t   35.5s | sps  1687] ret_mean=53.000 ep_len=500.0 pi_loss=-0.008 v_loss=2.500 ent=1.018 kl=0.0062
[upd  118 | steps   60416 | t   35.7s | sps  1694] ret_mean=62.000 ep_len=500.0 pi_loss=-0.006 v_loss=0.960 ent=0.996 kl=0.0083
[upd  119 | steps   60928 | t   35.8s | sps  1701] ret_mean=43.000 ep_len=500.0 pi_loss=-0.002 v_loss=4.153 ent=0.718 kl=0.0014
[upd  120 | steps   61440 | t   36.0s | sps  1708] ret_mean=116.000 ep_len=500.0 pi_loss=-0.006 v_loss=2.598 ent=0.842 kl=0.0106
[upd  121 | steps   61952 | t   36.1s | sps  1715] ret_mean=0.000 ep_len=500.0 pi_loss=-0.005 v_loss=1.661 ent=1.001 kl=0.0045
[upd  122 | steps   62464 | t   36.3s | sps  1722] ret_mean=46.000 ep_len=500.0 pi_loss=-0.008 v_loss=0.045 ent=0.831 kl=0.0022
[upd  123 | steps   62976 | t   36.5s | sps  1727] ret_mean=0.000 ep_len=500.0 pi_loss=-0.008 v_loss=0.029 ent=1.014 kl=0.0086
[upd  124 | steps   63488 | t   36.6s | sps  1733] ret_mean=0.000 ep_len=500.0 pi_loss=-0.003 v_loss=2.804 ent=0.778 kl=0.0014
[upd  125 | steps   64000 | t   36.8s | sps  1739] ret_mean=113.000 ep_len=500.0 pi_loss=-0.006 v_loss=2.024 ent=0.993 kl=0.0085
        [eval] ret_mean=7.333 ep_len=500.0
[upd  126 | steps   64512 | t   41.0s | sps  1573] ret_mean=0.000 ep_len=500.0 pi_loss=-0.007 v_loss=0.022 ent=0.749 kl=0.0081
[upd  127 | steps   65024 | t   41.2s | sps  1579] ret_mean=95.500 ep_len=500.0 pi_loss=-0.007 v_loss=4.954 ent=0.481 kl=0.0058
[upd  128 | steps   65536 | t   41.4s | sps  1585] ret_mean=0.000 ep_len=500.0 pi_loss=-0.005 v_loss=0.015 ent=1.224 kl=0.0011
[upd  129 | steps   66048 | t   41.5s | sps  1591] ret_mean=0.000 ep_len=500.0 pi_loss=-0.001 v_loss=0.342 ent=1.072 kl=0.0049
[upd  130 | steps   66560 | t   41.7s | sps  1597] ret_mean=34.500 ep_len=500.0 pi_loss=-0.004 v_loss=0.937 ent=0.679 kl=0.0144
[upd  131 | steps   67072 | t   41.9s | sps  1603] ret_mean=38.000 ep_len=500.0 pi_loss=-0.006 v_loss=1.775 ent=1.190 kl=0.0145
[upd  132 | steps   67584 | t   42.0s | sps  1608] ret_mean=0.000 ep_len=500.0 pi_loss=-0.005 v_loss=0.011 ent=1.137 kl=0.0093
[upd  133 | steps   68096 | t   42.2s | sps  1614] ret_mean=0.000 ep_len=500.0 pi_loss=-0.003 v_loss=0.016 ent=0.908 kl=0.0030
[upd  134 | steps   68608 | t   42.4s | sps  1620] ret_mean=0.000 ep_len=500.0 pi_loss=-0.003 v_loss=0.013 ent=0.812 kl=0.0083
[upd  135 | steps   69120 | t   42.5s | sps  1626] ret_mean=0.000 ep_len=500.0 pi_loss=-0.009 v_loss=0.005 ent=0.967 kl=0.0064
[upd  136 | steps   69632 | t   42.7s | sps  1632] ret_mean=0.000 ep_len=500.0 pi_loss=-0.011 v_loss=4.245 ent=1.020 kl=0.0030
[upd  137 | steps   70144 | t   42.8s | sps  1637] ret_mean=168.500 ep_len=500.0 pi_loss=-0.006 v_loss=8.496 ent=0.452 kl=0.0093
[upd  138 | steps   70656 | t   43.0s | sps  1643] ret_mean=0.000 ep_len=500.0 pi_loss=-0.003 v_loss=4.823 ent=0.575 kl=0.0002
[upd  139 | steps   71168 | t   43.2s | sps  1649] ret_mean=88.500 ep_len=500.0 pi_loss=-0.005 v_loss=3.016 ent=0.800 kl=-0.0024
[upd  140 | steps   71680 | t   43.3s | sps  1654] ret_mean=67.000 ep_len=500.0 pi_loss=-0.010 v_loss=1.041 ent=1.121 kl=0.0058
[upd  141 | steps   72192 | t   43.5s | sps  1660] ret_mean=0.000 ep_len=500.0 pi_loss=-0.006 v_loss=0.010 ent=0.803 kl=0.0014
[upd  142 | steps   72704 | t   43.7s | sps  1665] ret_mean=23.000 ep_len=500.0 pi_loss=-0.002 v_loss=1.130 ent=1.021 kl=0.0048
[upd  143 | steps   73216 | t   43.8s | sps  1670] ret_mean=77.500 ep_len=500.0 pi_loss=-0.004 v_loss=2.943 ent=0.491 kl=0.0031
[upd  144 | steps   73728 | t   44.0s | sps  1676] ret_mean=0.000 ep_len=500.0 pi_loss=-0.005 v_loss=0.028 ent=0.982 kl=0.0046
[upd  145 | steps   74240 | t   44.2s | sps  1681] ret_mean=0.000 ep_len=500.0 pi_loss=-0.003 v_loss=0.020 ent=1.047 kl=-0.0035
[upd  146 | steps   74752 | t   44.3s | sps  1686] ret_mean=0.000 ep_len=500.0 pi_loss=-0.001 v_loss=7.971 ent=0.915 kl=0.0055
[upd  147 | steps   75264 | t   44.5s | sps  1691] ret_mean=144.500 ep_len=500.0 pi_loss=-0.008 v_loss=2.996 ent=0.790 kl=0.0223
[upd  148 | steps   75776 | t   44.7s | sps  1697] ret_mean=0.000 ep_len=500.0 pi_loss=-0.003 v_loss=2.777 ent=0.737 kl=0.0034
[upd  149 | steps   76288 | t   44.8s | sps  1702] ret_mean=108.000 ep_len=500.0 pi_loss=-0.005 v_loss=2.268 ent=0.799 kl=0.0145
[upd  150 | steps   76800 | t   45.0s | sps  1708] ret_mean=0.000 ep_len=500.0 pi_loss=-0.005 v_loss=0.046 ent=0.956 kl=0.0065
        [eval] ret_mean=11.117 ep_len=500.0
[upd  151 | steps   77312 | t   49.2s | sps  1571] ret_mean=31.000 ep_len=500.0 pi_loss=-0.006 v_loss=1.327 ent=0.807 kl=0.0114
[upd  152 | steps   77824 | t   49.4s | sps  1576] ret_mean=3.500 ep_len=500.0 pi_loss=-0.004 v_loss=0.057 ent=1.045 kl=0.0049
[upd  153 | steps   78336 | t   49.5s | sps  1582] ret_mean=4.000 ep_len=500.0 pi_loss=-0.008 v_loss=0.107 ent=1.132 kl=-0.0000
[upd  154 | steps   78848 | t   49.7s | sps  1587] ret_mean=0.000 ep_len=500.0 pi_loss=-0.000 v_loss=0.026 ent=0.826 kl=0.0027
[upd  155 | steps   79360 | t   49.8s | sps  1593] ret_mean=0.000 ep_len=500.0 pi_loss=-0.008 v_loss=0.431 ent=1.148 kl=-0.0006
[upd  156 | steps   79872 | t   50.0s | sps  1598] ret_mean=71.500 ep_len=500.0 pi_loss=-0.002 v_loss=2.409 ent=0.711 kl=0.0067
[upd  157 | steps   80384 | t   50.1s | sps  1604] ret_mean=90.500 ep_len=500.0 pi_loss=-0.012 v_loss=4.853 ent=0.552 kl=0.0136
[upd  158 | steps   80896 | t   50.3s | sps  1609] ret_mean=0.000 ep_len=500.0 pi_loss=-0.005 v_loss=0.014 ent=1.196 kl=0.0020
[upd  159 | steps   81408 | t   50.4s | sps  1614] ret_mean=0.000 ep_len=500.0 pi_loss=-0.003 v_loss=0.018 ent=1.087 kl=0.0028
[upd  160 | steps   81920 | t   50.6s | sps  1619] ret_mean=6.000 ep_len=500.0 pi_loss=-0.006 v_loss=3.363 ent=1.148 kl=0.0149
[upd  161 | steps   82432 | t   50.7s | sps  1624] ret_mean=155.500 ep_len=500.0 pi_loss=-0.007 v_loss=8.448 ent=0.432 kl=0.0078
[upd  162 | steps   82944 | t   50.9s | sps  1629] ret_mean=118.500 ep_len=500.0 pi_loss=-0.010 v_loss=3.817 ent=0.642 kl=0.0163
[upd  163 | steps   83456 | t   51.1s | sps  1633] ret_mean=0.000 ep_len=500.0 pi_loss=-0.012 v_loss=1.268 ent=1.026 kl=0.0128
[upd  164 | steps   83968 | t   51.3s | sps  1638] ret_mean=56.500 ep_len=500.0 pi_loss=-0.010 v_loss=1.777 ent=0.784 kl=0.0120
[upd  165 | steps   84480 | t   51.4s | sps  1643] ret_mean=68.500 ep_len=500.0 pi_loss=-0.004 v_loss=1.414 ent=0.937 kl=0.0051
[upd  166 | steps   84992 | t   51.6s | sps  1649] ret_mean=0.000 ep_len=500.0 pi_loss=-0.005 v_loss=5.184 ent=0.825 kl=0.0035
[upd  167 | steps   85504 | t   51.7s | sps  1654] ret_mean=170.500 ep_len=500.0 pi_loss=-0.008 v_loss=5.902 ent=0.658 kl=0.0125
[upd  168 | steps   86016 | t   51.9s | sps  1659] ret_mean=0.000 ep_len=500.0 pi_loss=-0.003 v_loss=0.732 ent=1.192 kl=0.0079
[upd  169 | steps   86528 | t   52.0s | sps  1664] ret_mean=83.000 ep_len=500.0 pi_loss=-0.005 v_loss=1.966 ent=0.737 kl=0.0160
[upd  170 | steps   87040 | t   52.2s | sps  1669] ret_mean=0.000 ep_len=500.0 pi_loss=-0.006 v_loss=0.254 ent=1.192 kl=0.0070
[upd  171 | steps   87552 | t   52.3s | sps  1674] ret_mean=20.500 ep_len=500.0 pi_loss=-0.003 v_loss=0.367 ent=0.864 kl=0.0045
[upd  172 | steps   88064 | t   52.4s | sps  1679] ret_mean=0.000 ep_len=500.0 pi_loss=-0.005 v_loss=0.036 ent=1.061 kl=0.0097
[upd  173 | steps   88576 | t   52.6s | sps  1684] ret_mean=0.000 ep_len=500.0 pi_loss=-0.005 v_loss=2.345 ent=0.906 kl=0.0093
[upd  174 | steps   89088 | t   52.7s | sps  1689] ret_mean=106.500 ep_len=500.0 pi_loss=-0.006 v_loss=4.747 ent=0.445 kl=0.0053
[upd  175 | steps   89600 | t   52.9s | sps  1694] ret_mean=54.500 ep_len=500.0 pi_loss=-0.011 v_loss=9.438 ent=0.799 kl=0.0098
        [eval] ret_mean=4.167 ep_len=500.0
[upd  176 | steps   90112 | t   56.9s | sps  1585] ret_mean=44.500 ep_len=500.0 pi_loss=-0.004 v_loss=1.964 ent=0.707 kl=0.0065
[upd  177 | steps   90624 | t   57.1s | sps  1587] ret_mean=0.000 ep_len=500.0 pi_loss=-0.004 v_loss=0.028 ent=1.139 kl=0.0055
[upd  178 | steps   91136 | t   57.4s | sps  1588] ret_mean=171.000 ep_len=500.0 pi_loss=-0.004 v_loss=13.760 ent=0.193 kl=0.0034
[upd  179 | steps   91648 | t   57.7s | sps  1589] ret_mean=54.000 ep_len=500.0 pi_loss=-0.005 v_loss=1.793 ent=0.765 kl=0.0029
[upd  180 | steps   92160 | t   57.9s | sps  1592] ret_mean=109.000 ep_len=500.0 pi_loss=-0.004 v_loss=4.755 ent=0.363 kl=0.0017
[upd  181 | steps   92672 | t   58.0s | sps  1596] ret_mean=91.000 ep_len=500.0 pi_loss=-0.005 v_loss=5.737 ent=0.261 kl=0.0037
[upd  182 | steps   93184 | t   58.2s | sps  1601] ret_mean=189.500 ep_len=500.0 pi_loss=-0.006 v_loss=11.393 ent=0.325 kl=0.0083
[upd  183 | steps   93696 | t   58.4s | sps  1605] ret_mean=50.000 ep_len=500.0 pi_loss=-0.006 v_loss=1.525 ent=0.398 kl=0.0089
[upd  184 | steps   94208 | t   58.5s | sps  1609] ret_mean=31.000 ep_len=500.0 pi_loss=-0.005 v_loss=1.440 ent=0.735 kl=0.0046
[upd  185 | steps   94720 | t   58.7s | sps  1613] ret_mean=0.000 ep_len=500.0 pi_loss=-0.010 v_loss=0.030 ent=1.282 kl=0.0122
[upd  186 | steps   95232 | t   58.9s | sps  1618] ret_mean=0.000 ep_len=500.0 pi_loss=-0.006 v_loss=3.286 ent=0.949 kl=0.0149
[upd  187 | steps   95744 | t   59.1s | sps  1620] ret_mean=161.500 ep_len=500.0 pi_loss=-0.010 v_loss=6.705 ent=0.224 kl=0.0119
[upd  188 | steps   96256 | t   59.3s | sps  1624] ret_mean=28.000 ep_len=500.0 pi_loss=-0.008 v_loss=3.404 ent=0.933 kl=0.0099
[upd  189 | steps   96768 | t   59.5s | sps  1628] ret_mean=167.000 ep_len=500.0 pi_loss=-0.002 v_loss=13.824 ent=0.177 kl=0.0042
[upd  190 | steps   97280 | t   59.6s | sps  1631] ret_mean=179.000 ep_len=500.0 pi_loss=-0.002 v_loss=11.212 ent=0.170 kl=0.0005
[upd  191 | steps   97792 | t   59.8s | sps  1635] ret_mean=153.000 ep_len=500.0 pi_loss=-0.002 v_loss=5.187 ent=0.331 kl=0.0028
[upd  192 | steps   98304 | t   60.0s | sps  1639] ret_mean=58.000 ep_len=500.0 pi_loss=-0.006 v_loss=1.213 ent=1.122 kl=0.0041
[upd  193 | steps   98816 | t   60.2s | sps  1642] ret_mean=28.000 ep_len=500.0 pi_loss=-0.009 v_loss=0.354 ent=0.992 kl=0.0163
[upd  194 | steps   99328 | t   60.4s | sps  1645] ret_mean=4.500 ep_len=500.0 pi_loss=-0.007 v_loss=2.115 ent=0.843 kl=0.0145
[upd  195 | steps   99840 | t   60.6s | sps  1648] ret_mean=116.000 ep_len=500.0 pi_loss=-0.005 v_loss=4.060 ent=0.398 kl=0.0064
[upd  196 | steps  100352 | t   60.8s | sps  1651] ret_mean=117.500 ep_len=500.0 pi_loss=-0.003 v_loss=3.540 ent=0.461 kl=0.0037
[upd  197 | steps  100864 | t   61.0s | sps  1654] ret_mean=121.000 ep_len=500.0 pi_loss=-0.004 v_loss=2.984 ent=0.542 kl=0.0014
[upd  198 | steps  101376 | t   61.2s | sps  1658] ret_mean=24.500 ep_len=500.0 pi_loss=-0.006 v_loss=0.178 ent=1.177 kl=0.0085
[upd  199 | steps  101888 | t   61.3s | sps  1661] ret_mean=0.000 ep_len=500.0 pi_loss=-0.007 v_loss=1.774 ent=0.941 kl=0.0018
[upd  200 | steps  102400 | t   61.5s | sps  1665] ret_mean=104.500 ep_len=500.0 pi_loss=-0.004 v_loss=2.430 ent=0.621 kl=0.0082
        [eval] ret_mean=4.167 ep_len=500.0
[upd  201 | steps  102912 | t   65.7s | sps  1566] ret_mean=74.500 ep_len=500.0 pi_loss=-0.004 v_loss=2.380 ent=0.585 kl=0.0022
[upd  202 | steps  103424 | t   65.9s | sps  1570] ret_mean=0.000 ep_len=500.0 pi_loss=-0.005 v_loss=0.228 ent=0.980 kl=0.0060
[upd  203 | steps  103936 | t   66.1s | sps  1574] ret_mean=82.000 ep_len=500.0 pi_loss=-0.008 v_loss=2.907 ent=0.525 kl=0.0088
[upd  204 | steps  104448 | t   66.2s | sps  1577] ret_mean=0.000 ep_len=500.0 pi_loss=-0.009 v_loss=0.187 ent=1.334 kl=0.0128
[upd  205 | steps  104960 | t   66.4s | sps  1581] ret_mean=60.000 ep_len=500.0 pi_loss=-0.006 v_loss=2.032 ent=0.770 kl=0.0072
[upd  206 | steps  105472 | t   66.5s | sps  1585] ret_mean=98.500 ep_len=500.0 pi_loss=-0.008 v_loss=3.934 ent=0.556 kl=0.0042
[upd  207 | steps  105984 | t   66.7s | sps  1589] ret_mean=81.500 ep_len=500.0 pi_loss=-0.006 v_loss=2.041 ent=0.886 kl=0.0091
[upd  208 | steps  106496 | t   66.9s | sps  1593] ret_mean=0.000 ep_len=500.0 pi_loss=-0.003 v_loss=3.064 ent=0.519 kl=0.0081
[upd  209 | steps  107008 | t   67.0s | sps  1597] ret_mean=204.000 ep_len=500.0 pi_loss=-0.006 v_loss=8.490 ent=0.262 kl=0.0081
[upd  210 | steps  107520 | t   67.2s | sps  1601] ret_mean=0.000 ep_len=500.0 pi_loss=-0.005 v_loss=0.681 ent=1.114 kl=0.0094
[upd  211 | steps  108032 | t   67.3s | sps  1605] ret_mean=107.500 ep_len=500.0 pi_loss=-0.000 v_loss=3.629 ent=0.525 kl=0.0028
[upd  212 | steps  108544 | t   67.5s | sps  1608] ret_mean=118.500 ep_len=500.0 pi_loss=-0.018 v_loss=2.535 ent=0.616 kl=0.0288
[upd  213 | steps  109056 | t   67.7s | sps  1612] ret_mean=7.500 ep_len=500.0 pi_loss=-0.009 v_loss=0.487 ent=1.112 kl=0.0172
[upd  214 | steps  109568 | t   67.8s | sps  1615] ret_mean=15.500 ep_len=500.0 pi_loss=-0.003 v_loss=0.724 ent=1.059 kl=0.0033
[upd  215 | steps  110080 | t   68.0s | sps  1619] ret_mean=44.500 ep_len=500.0 pi_loss=-0.005 v_loss=3.430 ent=0.647 kl=0.0048
[upd  216 | steps  110592 | t   68.2s | sps  1622] ret_mean=48.500 ep_len=500.0 pi_loss=-0.006 v_loss=0.354 ent=1.138 kl=0.0074
[upd  217 | steps  111104 | t   68.3s | sps  1626] ret_mean=0.000 ep_len=500.0 pi_loss=-0.004 v_loss=0.610 ent=1.311 kl=0.0059
[upd  218 | steps  111616 | t   68.5s | sps  1630] ret_mean=104.000 ep_len=500.0 pi_loss=-0.003 v_loss=5.752 ent=0.535 kl=0.0103
[upd  219 | steps  112128 | t   68.6s | sps  1633] ret_mean=37.000 ep_len=500.0 pi_loss=-0.005 v_loss=4.321 ent=1.040 kl=-0.0009
[upd  220 | steps  112640 | t   68.8s | sps  1637] ret_mean=108.500 ep_len=500.0 pi_loss=-0.007 v_loss=1.818 ent=0.802 kl=0.0161
[upd  221 | steps  113152 | t   68.9s | sps  1641] ret_mean=27.000 ep_len=500.0 pi_loss=-0.009 v_loss=3.225 ent=0.686 kl=0.0092
[upd  222 | steps  113664 | t   69.1s | sps  1645] ret_mean=79.000 ep_len=500.0 pi_loss=-0.003 v_loss=0.444 ent=1.023 kl=0.0095
[upd  223 | steps  114176 | t   69.2s | sps  1649] ret_mean=0.000 ep_len=500.0 pi_loss=-0.007 v_loss=1.352 ent=1.036 kl=0.0028
[upd  224 | steps  114688 | t   69.4s | sps  1653] ret_mean=100.500 ep_len=500.0 pi_loss=-0.008 v_loss=3.733 ent=0.588 kl=0.0069
[upd  225 | steps  115200 | t   69.5s | sps  1657] ret_mean=45.500 ep_len=500.0 pi_loss=-0.004 v_loss=1.707 ent=1.001 kl=0.0041
        [eval] ret_mean=6.033 ep_len=500.0
[upd  226 | steps  115712 | t   73.2s | sps  1581] ret_mean=69.000 ep_len=500.0 pi_loss=-0.007 v_loss=2.514 ent=0.659 kl=0.0123
[upd  227 | steps  116224 | t   73.4s | sps  1584] ret_mean=17.500 ep_len=500.0 pi_loss=-0.011 v_loss=0.730 ent=1.228 kl=0.0155
[upd  228 | steps  116736 | t   73.5s | sps  1588] ret_mean=43.500 ep_len=500.0 pi_loss=-0.007 v_loss=1.705 ent=1.069 kl=0.0015
[upd  229 | steps  117248 | t   73.7s | sps  1591] ret_mean=105.500 ep_len=500.0 pi_loss=-0.004 v_loss=4.166 ent=0.441 kl=0.0016
[upd  230 | steps  117760 | t   74.0s | sps  1592] ret_mean=41.500 ep_len=500.0 pi_loss=-0.009 v_loss=1.009 ent=1.148 kl=0.0105
[upd  231 | steps  118272 | t   74.2s | sps  1593] ret_mean=0.000 ep_len=500.0 pi_loss=-0.009 v_loss=0.066 ent=1.382 kl=0.0108
[upd  232 | steps  118784 | t   74.4s | sps  1596] ret_mean=0.000 ep_len=500.0 pi_loss=-0.015 v_loss=0.251 ent=1.268 kl=0.0124
[upd  233 | steps  119296 | t   74.6s | sps  1599] ret_mean=0.000 ep_len=500.0 pi_loss=-0.005 v_loss=1.528 ent=0.952 kl=0.0106
[upd  234 | steps  119808 | t   74.8s | sps  1602] ret_mean=161.500 ep_len=500.0 pi_loss=-0.004 v_loss=6.787 ent=0.261 kl=0.0031
[upd  235 | steps  120320 | t   75.0s | sps  1605] ret_mean=19.000 ep_len=500.0 pi_loss=-0.005 v_loss=0.394 ent=1.201 kl=0.0124
[upd  236 | steps  120832 | t   75.2s | sps  1607] ret_mean=0.000 ep_len=500.0 pi_loss=-0.008 v_loss=0.698 ent=1.044 kl=0.0171
[upd  237 | steps  121344 | t   75.4s | sps  1609] ret_mean=71.000 ep_len=500.0 pi_loss=-0.006 v_loss=2.041 ent=0.886 kl=0.0050
[upd  238 | steps  121856 | t   75.6s | sps  1612] ret_mean=100.000 ep_len=500.0 pi_loss=-0.009 v_loss=3.912 ent=0.493 kl=0.0137
[upd  239 | steps  122368 | t   75.8s | sps  1615] ret_mean=54.500 ep_len=500.0 pi_loss=-0.005 v_loss=2.621 ent=0.858 kl=0.0030
[upd  240 | steps  122880 | t   75.9s | sps  1618] ret_mean=77.500 ep_len=500.0 pi_loss=-0.007 v_loss=1.467 ent=0.657 kl=0.0030
[upd  241 | steps  123392 | t   76.1s | sps  1622] ret_mean=0.000 ep_len=500.0 pi_loss=-0.007 v_loss=0.120 ent=1.004 kl=0.0046
[upd  242 | steps  123904 | t   76.2s | sps  1625] ret_mean=0.000 ep_len=500.0 pi_loss=-0.006 v_loss=1.425 ent=0.935 kl=0.0116
[upd  243 | steps  124416 | t   76.4s | sps  1629] ret_mean=54.500 ep_len=500.0 pi_loss=-0.002 v_loss=1.869 ent=0.436 kl=0.0018
[upd  244 | steps  124928 | t   76.5s | sps  1632] ret_mean=67.000 ep_len=500.0 pi_loss=-0.008 v_loss=7.391 ent=0.659 kl=0.0101
[upd  245 | steps  125440 | t   76.7s | sps  1636] ret_mean=168.000 ep_len=500.0 pi_loss=-0.015 v_loss=2.274 ent=0.358 kl=0.0458
[upd  246 | steps  125952 | t   76.9s | sps  1638] ret_mean=0.000 ep_len=500.0 pi_loss=-0.002 v_loss=1.300 ent=1.056 kl=0.0041
[upd  247 | steps  126464 | t   77.1s | sps  1641] ret_mean=52.500 ep_len=500.0 pi_loss=-0.006 v_loss=2.389 ent=0.924 kl=0.0075
[upd  248 | steps  126976 | t   77.2s | sps  1644] ret_mean=53.000 ep_len=500.0 pi_loss=-0.006 v_loss=9.606 ent=0.500 kl=0.0101
[upd  249 | steps  127488 | t   77.4s | sps  1647] ret_mean=180.500 ep_len=500.0 pi_loss=-0.006 v_loss=2.474 ent=0.457 kl=0.0078
[upd  250 | steps  128000 | t   77.6s | sps  1650] ret_mean=54.500 ep_len=500.0 pi_loss=-0.004 v_loss=2.471 ent=0.564 kl=0.0011
        [eval] ret_mean=29.000 ep_len=500.0
[upd  251 | steps  128512 | t   81.4s | sps  1579] ret_mean=166.500 ep_len=500.0 pi_loss=-0.004 v_loss=9.867 ent=0.157 kl=0.0034
[upd  252 | steps  129024 | t   81.5s | sps  1582] ret_mean=148.500 ep_len=500.0 pi_loss=-0.005 v_loss=8.132 ent=0.270 kl=0.0028
[upd  253 | steps  129536 | t   81.7s | sps  1586] ret_mean=54.500 ep_len=500.0 pi_loss=-0.000 v_loss=1.872 ent=0.762 kl=0.0023
[upd  254 | steps  130048 | t   81.8s | sps  1589] ret_mean=59.500 ep_len=500.0 pi_loss=-0.004 v_loss=3.187 ent=0.629 kl=0.0014
[upd  255 | steps  130560 | t   82.0s | sps  1592] ret_mean=162.000 ep_len=500.0 pi_loss=-0.002 v_loss=9.932 ent=0.138 kl=0.0031
[upd  256 | steps  131072 | t   82.1s | sps  1596] ret_mean=47.000 ep_len=500.0 pi_loss=-0.012 v_loss=1.582 ent=0.866 kl=-0.0001
[upd  257 | steps  131584 | t   82.3s | sps  1599] ret_mean=64.500 ep_len=500.0 pi_loss=-0.009 v_loss=2.137 ent=0.589 kl=0.0649
[upd  258 | steps  132096 | t   82.5s | sps  1602] ret_mean=122.000 ep_len=500.0 pi_loss=-0.001 v_loss=3.311 ent=0.282 kl=0.0067
[upd  259 | steps  132608 | t   82.6s | sps  1605] ret_mean=51.000 ep_len=500.0 pi_loss=-0.001 v_loss=1.688 ent=0.829 kl=0.0021
[upd  260 | steps  133120 | t   82.8s | sps  1608] ret_mean=80.500 ep_len=500.0 pi_loss=-0.007 v_loss=2.826 ent=0.563 kl=0.0054
[upd  261 | steps  133632 | t   82.9s | sps  1612] ret_mean=2.000 ep_len=500.0 pi_loss=-0.008 v_loss=1.204 ent=0.924 kl=0.0063
[upd  262 | steps  134144 | t   83.1s | sps  1615] ret_mean=28.500 ep_len=500.0 pi_loss=-0.004 v_loss=0.827 ent=1.030 kl=0.0042
[upd  263 | steps  134656 | t   83.2s | sps  1618] ret_mean=96.000 ep_len=500.0 pi_loss=-0.005 v_loss=2.713 ent=0.477 kl=0.0024
[upd  264 | steps  135168 | t   83.4s | sps  1620] ret_mean=110.500 ep_len=500.0 pi_loss=-0.003 v_loss=4.483 ent=0.288 kl=0.0052
[upd  265 | steps  135680 | t   83.6s | sps  1623] ret_mean=107.500 ep_len=500.0 pi_loss=-0.001 v_loss=6.087 ent=0.195 kl=0.0022
[upd  266 | steps  136192 | t   83.7s | sps  1626] ret_mean=153.000 ep_len=500.0 pi_loss=-0.005 v_loss=3.750 ent=0.331 kl=0.0080
[upd  267 | steps  136704 | t   83.9s | sps  1629] ret_mean=85.500 ep_len=500.0 pi_loss=-0.005 v_loss=3.548 ent=0.276 kl=0.0085
[upd  268 | steps  137216 | t   84.1s | sps  1633] ret_mean=124.000 ep_len=500.0 pi_loss=-0.005 v_loss=3.284 ent=0.364 kl=0.0039
[upd  269 | steps  137728 | t   84.2s | sps  1635] ret_mean=109.000 ep_len=500.0 pi_loss=-0.006 v_loss=3.135 ent=0.269 kl=0.0103
[upd  270 | steps  138240 | t   84.4s | sps  1638] ret_mean=77.500 ep_len=500.0 pi_loss=-0.006 v_loss=5.906 ent=0.598 kl=0.0154
[upd  271 | steps  138752 | t   84.6s | sps  1640] ret_mean=162.500 ep_len=500.0 pi_loss=-0.005 v_loss=2.495 ent=0.554 kl=0.0195
[upd  272 | steps  139264 | t   84.8s | sps  1643] ret_mean=0.000 ep_len=500.0 pi_loss=-0.003 v_loss=2.243 ent=0.904 kl=0.0047
[upd  273 | steps  139776 | t   84.9s | sps  1646] ret_mean=104.500 ep_len=500.0 pi_loss=-0.004 v_loss=2.943 ent=0.325 kl=0.0048
[upd  274 | steps  140288 | t   85.1s | sps  1649] ret_mean=125.000 ep_len=500.0 pi_loss=-0.003 v_loss=2.812 ent=0.295 kl=0.0031
[upd  275 | steps  140800 | t   85.3s | sps  1652] ret_mean=115.000 ep_len=500.0 pi_loss=-0.003 v_loss=3.242 ent=0.414 kl=0.0027
        [eval] ret_mean=33.650 ep_len=500.0
[upd  276 | steps  141312 | t   89.2s | sps  1583] ret_mean=54.500 ep_len=500.0 pi_loss=-0.004 v_loss=1.935 ent=0.890 kl=0.0035
[upd  277 | steps  141824 | t   89.4s | sps  1586] ret_mean=0.000 ep_len=500.0 pi_loss=-0.004 v_loss=0.659 ent=1.008 kl=-0.0002
[upd  278 | steps  142336 | t   89.6s | sps  1589] ret_mean=78.000 ep_len=500.0 pi_loss=-0.006 v_loss=3.743 ent=0.757 kl=0.0021
[upd  279 | steps  142848 | t   89.7s | sps  1592] ret_mean=93.500 ep_len=500.0 pi_loss=-0.011 v_loss=4.003 ent=0.434 kl=0.0202
[upd  280 | steps  143360 | t   89.9s | sps  1595] ret_mean=4.500 ep_len=500.0 pi_loss=-0.004 v_loss=1.116 ent=0.862 kl=0.0004
[upd  281 | steps  143872 | t   90.0s | sps  1598] ret_mean=74.500 ep_len=500.0 pi_loss=-0.003 v_loss=1.782 ent=0.743 kl=0.0011
[upd  282 | steps  144384 | t   90.2s | sps  1601] ret_mean=0.000 ep_len=500.0 pi_loss=-0.009 v_loss=0.924 ent=0.878 kl=0.0069
[upd  283 | steps  144896 | t   90.4s | sps  1603] ret_mean=117.500 ep_len=500.0 pi_loss=-0.002 v_loss=2.849 ent=0.228 kl=0.0041
[upd  284 | steps  145408 | t   90.5s | sps  1606] ret_mean=131.500 ep_len=500.0 pi_loss=-0.006 v_loss=4.331 ent=0.264 kl=0.0077
[upd  285 | steps  145920 | t   90.7s | sps  1609] ret_mean=34.500 ep_len=500.0 pi_loss=-0.002 v_loss=2.331 ent=0.648 kl=-0.0014
[upd  286 | steps  146432 | t   90.8s | sps  1612] ret_mean=139.500 ep_len=500.0 pi_loss=-0.005 v_loss=3.134 ent=0.185 kl=0.0102
[upd  287 | steps  146944 | t   91.0s | sps  1615] ret_mean=82.000 ep_len=500.0 pi_loss=-0.008 v_loss=1.566 ent=0.748 kl=0.0203
[upd  288 | steps  147456 | t   91.2s | sps  1618] ret_mean=84.500 ep_len=500.0 pi_loss=-0.004 v_loss=3.078 ent=0.269 kl=0.0095
[upd  289 | steps  147968 | t   91.3s | sps  1620] ret_mean=114.500 ep_len=500.0 pi_loss=-0.007 v_loss=2.283 ent=0.359 kl=0.0065
[upd  290 | steps  148480 | t   91.5s | sps  1623] ret_mean=113.500 ep_len=500.0 pi_loss=-0.004 v_loss=5.471 ent=0.162 kl=0.0059
[upd  291 | steps  148992 | t   91.6s | sps  1626] ret_mean=135.000 ep_len=500.0 pi_loss=-0.003 v_loss=3.511 ent=0.293 kl=0.0117
[upd  292 | steps  149504 | t   91.8s | sps  1629] ret_mean=0.000 ep_len=500.0 pi_loss=-0.008 v_loss=1.684 ent=0.668 kl=0.0186
[upd  293 | steps  150016 | t   91.9s | sps  1632] ret_mean=111.500 ep_len=500.0 pi_loss=-0.007 v_loss=3.095 ent=0.262 kl=0.0084
[upd  294 | steps  150528 | t   92.1s | sps  1634] ret_mean=94.000 ep_len=500.0 pi_loss=-0.005 v_loss=3.173 ent=0.154 kl=0.0100
[upd  295 | steps  151040 | t   92.3s | sps  1637] ret_mean=64.000 ep_len=500.0 pi_loss=-0.009 v_loss=2.200 ent=0.660 kl=0.0132
[upd  296 | steps  151552 | t   92.4s | sps  1640] ret_mean=27.000 ep_len=500.0 pi_loss=-0.001 v_loss=1.886 ent=0.590 kl=0.0018
[upd  297 | steps  152064 | t   92.6s | sps  1643] ret_mean=68.500 ep_len=500.0 pi_loss=-0.005 v_loss=3.406 ent=0.521 kl=0.0131
[upd  298 | steps  152576 | t   92.7s | sps  1645] ret_mean=129.000 ep_len=500.0 pi_loss=-0.008 v_loss=3.674 ent=0.237 kl=0.0047
[upd  299 | steps  153088 | t   92.9s | sps  1648] ret_mean=89.000 ep_len=500.0 pi_loss=-0.014 v_loss=3.480 ent=0.315 kl=0.0098
[upd  300 | steps  153600 | t   93.0s | sps  1651] ret_mean=38.500 ep_len=500.0 pi_loss=-0.004 v_loss=0.383 ent=0.770 kl=0.0032
        [eval] ret_mean=27.850 ep_len=500.0
[upd  301 | steps  154112 | t   97.1s | sps  1588] ret_mean=166.000 ep_len=500.0 pi_loss=-0.003 v_loss=8.154 ent=0.109 kl=0.0018
[upd  302 | steps  154624 | t   97.2s | sps  1591] ret_mean=55.000 ep_len=500.0 pi_loss=-0.002 v_loss=2.453 ent=0.586 kl=0.0053
[upd  303 | steps  155136 | t   97.4s | sps  1593] ret_mean=150.000 ep_len=500.0 pi_loss=-0.004 v_loss=6.248 ent=0.145 kl=-0.0019
[upd  304 | steps  155648 | t   97.5s | sps  1596] ret_mean=42.000 ep_len=500.0 pi_loss=-0.004 v_loss=2.035 ent=0.592 kl=0.0029
[upd  305 | steps  156160 | t   97.7s | sps  1599] ret_mean=178.000 ep_len=500.0 pi_loss=-0.006 v_loss=7.602 ent=0.119 kl=0.0112
[upd  306 | steps  156672 | t   97.9s | sps  1601] ret_mean=85.500 ep_len=500.0 pi_loss=-0.004 v_loss=4.806 ent=0.372 kl=-0.0023
[upd  307 | steps  157184 | t   98.0s | sps  1603] ret_mean=145.000 ep_len=500.0 pi_loss=-0.001 v_loss=5.283 ent=0.156 kl=0.0002
[upd  308 | steps  157696 | t   98.2s | sps  1606] ret_mean=105.500 ep_len=500.0 pi_loss=-0.006 v_loss=4.185 ent=0.359 kl=0.0107
[upd  309 | steps  158208 | t   98.4s | sps  1608] ret_mean=93.000 ep_len=500.0 pi_loss=-0.000 v_loss=3.588 ent=0.409 kl=-0.0004
[upd  310 | steps  158720 | t   98.5s | sps  1611] ret_mean=121.500 ep_len=500.0 pi_loss=-0.005 v_loss=6.179 ent=0.165 kl=0.0053
[upd  311 | steps  159232 | t   98.7s | sps  1614] ret_mean=177.000 ep_len=500.0 pi_loss=-0.002 v_loss=6.450 ent=0.092 kl=-0.0008
[upd  312 | steps  159744 | t   98.8s | sps  1616] ret_mean=135.500 ep_len=500.0 pi_loss=-0.005 v_loss=6.089 ent=0.422 kl=0.0052
[upd  313 | steps  160256 | t   99.0s | sps  1619] ret_mean=67.500 ep_len=500.0 pi_loss=-0.001 v_loss=2.214 ent=0.458 kl=0.0044
[upd  314 | steps  160768 | t   99.1s | sps  1621] ret_mean=124.000 ep_len=500.0 pi_loss=-0.007 v_loss=2.708 ent=0.198 kl=-0.0001
[upd  315 | steps  161280 | t   99.3s | sps  1624] ret_mean=103.000 ep_len=500.0 pi_loss=-0.006 v_loss=2.769 ent=0.294 kl=0.0065
[upd  316 | steps  161792 | t   99.5s | sps  1627] ret_mean=82.500 ep_len=500.0 pi_loss=-0.004 v_loss=2.294 ent=0.154 kl=0.0035
[upd  317 | steps  162304 | t   99.6s | sps  1630] ret_mean=48.500 ep_len=500.0 pi_loss=-0.003 v_loss=3.337 ent=0.498 kl=0.0025
[upd  318 | steps  162816 | t   99.8s | sps  1632] ret_mean=112.500 ep_len=500.0 pi_loss=-0.004 v_loss=2.670 ent=0.189 kl=-0.0008
[upd  319 | steps  163328 | t   99.9s | sps  1635] ret_mean=120.000 ep_len=500.0 pi_loss=-0.001 v_loss=3.275 ent=0.259 kl=0.0014
[upd  320 | steps  163840 | t  100.1s | sps  1637] ret_mean=120.500 ep_len=500.0 pi_loss=-0.002 v_loss=2.227 ent=0.070 kl=0.0015
[upd  321 | steps  164352 | t  100.2s | sps  1640] ret_mean=124.500 ep_len=500.0 pi_loss=-0.003 v_loss=2.269 ent=0.318 kl=0.0074
[upd  322 | steps  164864 | t  100.4s | sps  1642] ret_mean=96.000 ep_len=500.0 pi_loss=-0.004 v_loss=4.518 ent=0.188 kl=0.0016
[upd  323 | steps  165376 | t  100.5s | sps  1645] ret_mean=149.000 ep_len=500.0 pi_loss=-0.002 v_loss=2.711 ent=0.336 kl=0.0038
[upd  324 | steps  165888 | t  100.7s | sps  1648] ret_mean=80.000 ep_len=500.0 pi_loss=-0.003 v_loss=2.513 ent=0.560 kl=0.0062
[upd  325 | steps  166400 | t  100.8s | sps  1650] ret_mean=62.000 ep_len=500.0 pi_loss=0.001 v_loss=2.241 ent=0.353 kl=0.0165
        [eval] ret_mean=0.000 ep_len=500.0
[upd  326 | steps  166912 | t  104.9s | sps  1591] ret_mean=100.500 ep_len=500.0 pi_loss=-0.003 v_loss=2.146 ent=0.221 kl=0.0045
[upd  327 | steps  167424 | t  105.1s | sps  1594] ret_mean=0.000 ep_len=500.0 pi_loss=-0.005 v_loss=1.877 ent=0.647 kl=0.0035
[upd  328 | steps  167936 | t  105.2s | sps  1596] ret_mean=0.000 ep_len=500.0 pi_loss=-0.008 v_loss=1.830 ent=0.978 kl=0.0279
[upd  329 | steps  168448 | t  105.4s | sps  1599] ret_mean=57.500 ep_len=500.0 pi_loss=-0.005 v_loss=3.360 ent=0.423 kl=0.0080
[upd  330 | steps  168960 | t  105.5s | sps  1601] ret_mean=3.000 ep_len=500.0 pi_loss=-0.002 v_loss=2.945 ent=0.326 kl=0.0028
[upd  331 | steps  169472 | t  105.7s | sps  1604] ret_mean=103.500 ep_len=500.0 pi_loss=-0.005 v_loss=2.147 ent=0.368 kl=0.0073
[upd  332 | steps  169984 | t  105.9s | sps  1606] ret_mean=138.500 ep_len=500.0 pi_loss=-0.003 v_loss=5.193 ent=0.176 kl=0.0020
[upd  333 | steps  170496 | t  106.0s | sps  1608] ret_mean=106.000 ep_len=500.0 pi_loss=-0.001 v_loss=2.256 ent=0.177 kl=-0.0001
[upd  334 | steps  171008 | t  106.2s | sps  1610] ret_mean=22.500 ep_len=500.0 pi_loss=-0.003 v_loss=2.338 ent=0.193 kl=0.0036
[upd  335 | steps  171520 | t  106.4s | sps  1612] ret_mean=0.000 ep_len=500.0 pi_loss=-0.005 v_loss=1.437 ent=0.583 kl=-0.0008
[upd  336 | steps  172032 | t  106.5s | sps  1615] ret_mean=64.500 ep_len=500.0 pi_loss=-0.002 v_loss=1.820 ent=0.742 kl=0.0073
[upd  337 | steps  172544 | t  106.7s | sps  1617] ret_mean=5.500 ep_len=500.0 pi_loss=-0.005 v_loss=1.426 ent=0.614 kl=0.0031
[upd  338 | steps  173056 | t  106.9s | sps  1619] ret_mean=70.000 ep_len=500.0 pi_loss=-0.004 v_loss=2.968 ent=0.744 kl=-0.0013
[upd  339 | steps  173568 | t  107.0s | sps  1622] ret_mean=130.000 ep_len=500.0 pi_loss=-0.007 v_loss=3.856 ent=0.302 kl=0.0045
[upd  340 | steps  174080 | t  107.2s | sps  1624] ret_mean=42.500 ep_len=500.0 pi_loss=-0.004 v_loss=2.241 ent=0.485 kl=0.0015
[upd  341 | steps  174592 | t  107.4s | sps  1625] ret_mean=118.500 ep_len=500.0 pi_loss=-0.004 v_loss=7.757 ent=0.092 kl=-0.0011
[upd  342 | steps  175104 | t  107.6s | sps  1627] ret_mean=172.500 ep_len=500.0 pi_loss=-0.001 v_loss=7.903 ent=0.028 kl=-0.0007
[upd  343 | steps  175616 | t  107.8s | sps  1629] ret_mean=183.500 ep_len=500.0 pi_loss=-0.003 v_loss=4.156 ent=0.201 kl=0.0046
[upd  344 | steps  176128 | t  108.0s | sps  1631] ret_mean=44.500 ep_len=500.0 pi_loss=-0.002 v_loss=1.722 ent=0.586 kl=0.0072
[upd  345 | steps  176640 | t  108.2s | sps  1633] ret_mean=0.000 ep_len=500.0 pi_loss=-0.000 v_loss=0.584 ent=0.433 kl=0.0018
[upd  346 | steps  177152 | t  108.4s | sps  1635] ret_mean=125.000 ep_len=500.0 pi_loss=-0.010 v_loss=3.614 ent=0.250 kl=0.0159
[upd  347 | steps  177664 | t  108.5s | sps  1637] ret_mean=111.500 ep_len=500.0 pi_loss=-0.004 v_loss=2.577 ent=0.349 kl=0.0075
[upd  348 | steps  178176 | t  108.7s | sps  1639] ret_mean=77.500 ep_len=500.0 pi_loss=-0.005 v_loss=2.721 ent=0.742 kl=0.0114
[upd  349 | steps  178688 | t  108.9s | sps  1641] ret_mean=51.000 ep_len=500.0 pi_loss=-0.007 v_loss=1.583 ent=0.352 kl=0.0045
[upd  350 | steps  179200 | t  109.0s | sps  1644] ret_mean=121.000 ep_len=500.0 pi_loss=-0.004 v_loss=7.520 ent=0.113 kl=0.0032
        [eval] ret_mean=21.083 ep_len=500.0
[upd  351 | steps  179712 | t  113.1s | sps  1589] ret_mean=179.500 ep_len=500.0 pi_loss=-0.005 v_loss=6.929 ent=0.096 kl=-0.0017
[upd  352 | steps  180224 | t  113.3s | sps  1591] ret_mean=82.000 ep_len=500.0 pi_loss=-0.004 v_loss=2.417 ent=0.390 kl=0.0037
[upd  353 | steps  180736 | t  113.4s | sps  1593] ret_mean=140.000 ep_len=500.0 pi_loss=-0.005 v_loss=5.632 ent=0.135 kl=0.0010
[upd  354 | steps  181248 | t  113.6s | sps  1595] ret_mean=111.500 ep_len=500.0 pi_loss=-0.008 v_loss=3.088 ent=0.168 kl=0.0062
[upd  355 | steps  181760 | t  113.8s | sps  1597] ret_mean=119.000 ep_len=500.0 pi_loss=-0.005 v_loss=6.100 ent=0.250 kl=-0.0005
[upd  356 | steps  182272 | t  114.0s | sps  1599] ret_mean=159.000 ep_len=500.0 pi_loss=-0.002 v_loss=5.390 ent=0.065 kl=0.0006
[upd  357 | steps  182784 | t  114.2s | sps  1601] ret_mean=124.000 ep_len=500.0 pi_loss=-0.007 v_loss=3.544 ent=0.267 kl=0.0005
[upd  358 | steps  183296 | t  114.4s | sps  1603] ret_mean=188.500 ep_len=500.0 pi_loss=-0.001 v_loss=6.828 ent=0.016 kl=-0.0004
[upd  359 | steps  183808 | t  114.5s | sps  1605] ret_mean=176.500 ep_len=500.0 pi_loss=-0.002 v_loss=3.683 ent=0.135 kl=-0.0001
[upd  360 | steps  184320 | t  114.7s | sps  1607] ret_mean=58.500 ep_len=500.0 pi_loss=-0.014 v_loss=2.460 ent=0.706 kl=0.0131
[upd  361 | steps  184832 | t  114.9s | sps  1609] ret_mean=78.000 ep_len=500.0 pi_loss=-0.007 v_loss=3.646 ent=0.225 kl=0.0062
[upd  362 | steps  185344 | t  115.1s | sps  1611] ret_mean=121.000 ep_len=500.0 pi_loss=-0.000 v_loss=4.464 ent=0.058 kl=0.0004
[upd  363 | steps  185856 | t  115.2s | sps  1613] ret_mean=191.000 ep_len=500.0 pi_loss=-0.002 v_loss=5.137 ent=0.142 kl=0.0078
[upd  364 | steps  186368 | t  115.4s | sps  1615] ret_mean=152.500 ep_len=500.0 pi_loss=-0.003 v_loss=4.141 ent=0.174 kl=0.0077
[upd  365 | steps  186880 | t  115.6s | sps  1617] ret_mean=140.500 ep_len=500.0 pi_loss=-0.008 v_loss=6.968 ent=0.087 kl=0.0043
[upd  366 | steps  187392 | t  115.7s | sps  1619] ret_mean=179.000 ep_len=500.0 pi_loss=-0.000 v_loss=3.633 ent=0.199 kl=0.0006
[upd  367 | steps  187904 | t  115.9s | sps  1621] ret_mean=21.000 ep_len=500.0 pi_loss=-0.011 v_loss=4.645 ent=0.333 kl=0.0014
[upd  368 | steps  188416 | t  116.1s | sps  1624] ret_mean=76.500 ep_len=500.0 pi_loss=-0.003 v_loss=2.248 ent=0.274 kl=-0.0006
[upd  369 | steps  188928 | t  116.2s | sps  1626] ret_mean=124.500 ep_len=500.0 pi_loss=-0.005 v_loss=2.896 ent=0.143 kl=0.0040
[upd  370 | steps  189440 | t  116.4s | sps  1628] ret_mean=83.500 ep_len=500.0 pi_loss=-0.008 v_loss=6.421 ent=0.287 kl=0.0059
[upd  371 | steps  189952 | t  116.5s | sps  1630] ret_mean=168.000 ep_len=500.0 pi_loss=-0.011 v_loss=5.027 ent=0.147 kl=0.0224
[upd  372 | steps  190464 | t  116.7s | sps  1632] ret_mean=169.500 ep_len=500.0 pi_loss=-0.003 v_loss=6.896 ent=0.132 kl=0.0022
[upd  373 | steps  190976 | t  116.9s | sps  1634] ret_mean=168.000 ep_len=500.0 pi_loss=-0.004 v_loss=5.619 ent=0.336 kl=0.0037
[upd  374 | steps  191488 | t  117.0s | sps  1636] ret_mean=98.000 ep_len=500.0 pi_loss=-0.002 v_loss=6.661 ent=0.138 kl=-0.0006
[upd  375 | steps  192000 | t  117.2s | sps  1638] ret_mean=184.000 ep_len=500.0 pi_loss=-0.002 v_loss=3.847 ent=0.227 kl=0.0024
        [eval] ret_mean=28.750 ep_len=500.0
[upd  376 | steps  192512 | t  121.5s | sps  1585] ret_mean=169.500 ep_len=500.0 pi_loss=-0.002 v_loss=5.253 ent=0.176 kl=0.0027
[upd  377 | steps  193024 | t  121.7s | sps  1587] ret_mean=55.000 ep_len=500.0 pi_loss=-0.006 v_loss=2.871 ent=0.715 kl=0.0047
[upd  378 | steps  193536 | t  121.8s | sps  1589] ret_mean=69.000 ep_len=500.0 pi_loss=-0.006 v_loss=3.035 ent=0.675 kl=0.0079
[upd  379 | steps  194048 | t  122.0s | sps  1591] ret_mean=107.000 ep_len=500.0 pi_loss=-0.007 v_loss=3.027 ent=0.307 kl=0.0128
[upd  380 | steps  194560 | t  122.2s | sps  1593] ret_mean=149.500 ep_len=500.0 pi_loss=-0.002 v_loss=3.982 ent=0.123 kl=0.0028
[upd  381 | steps  195072 | t  122.3s | sps  1595] ret_mean=125.000 ep_len=500.0 pi_loss=-0.006 v_loss=1.696 ent=0.351 kl=0.0027
[upd  382 | steps  195584 | t  122.5s | sps  1597] ret_mean=0.000 ep_len=500.0 pi_loss=-0.007 v_loss=3.740 ent=0.845 kl=0.0069
[upd  383 | steps  196096 | t  122.7s | sps  1599] ret_mean=141.500 ep_len=500.0 pi_loss=-0.002 v_loss=3.971 ent=0.164 kl=0.0027
[upd  384 | steps  196608 | t  122.8s | sps  1601] ret_mean=95.000 ep_len=500.0 pi_loss=-0.012 v_loss=4.367 ent=0.582 kl=0.0168
[upd  385 | steps  197120 | t  123.0s | sps  1603] ret_mean=77.000 ep_len=500.0 pi_loss=-0.007 v_loss=2.848 ent=0.341 kl=0.0078
[upd  386 | steps  197632 | t  123.2s | sps  1605] ret_mean=158.500 ep_len=500.0 pi_loss=-0.002 v_loss=4.522 ent=0.193 kl=0.0040
[upd  387 | steps  198144 | t  123.3s | sps  1607] ret_mean=107.500 ep_len=500.0 pi_loss=-0.000 v_loss=2.015 ent=0.322 kl=0.0095
[upd  388 | steps  198656 | t  123.5s | sps  1608] ret_mean=70.500 ep_len=500.0 pi_loss=-0.003 v_loss=3.509 ent=0.660 kl=0.0079
[upd  389 | steps  199168 | t  123.7s | sps  1610] ret_mean=38.500 ep_len=500.0 pi_loss=-0.005 v_loss=5.113 ent=0.588 kl=0.0008
[upd  390 | steps  199680 | t  123.8s | sps  1613] ret_mean=173.000 ep_len=500.0 pi_loss=-0.002 v_loss=5.268 ent=0.062 kl=-0.0033
[upd  391 | steps  200192 | t  124.0s | sps  1615] ret_mean=197.500 ep_len=500.0 pi_loss=-0.004 v_loss=4.052 ent=0.256 kl=0.0142
[upd  392 | steps  200704 | t  124.2s | sps  1616] ret_mean=109.000 ep_len=500.0 pi_loss=-0.008 v_loss=3.220 ent=0.490 kl=0.0174
[upd  393 | steps  201216 | t  124.3s | sps  1618] ret_mean=70.500 ep_len=500.0 pi_loss=-0.006 v_loss=1.885 ent=0.393 kl=0.0085
[upd  394 | steps  201728 | t  124.5s | sps  1620] ret_mean=61.000 ep_len=500.0 pi_loss=-0.005 v_loss=4.817 ent=0.626 kl=0.0238
[upd  395 | steps  202240 | t  124.7s | sps  1622] ret_mean=154.000 ep_len=500.0 pi_loss=-0.002 v_loss=7.481 ent=0.059 kl=0.0005
[upd  396 | steps  202752 | t  124.9s | sps  1624] ret_mean=165.500 ep_len=500.0 pi_loss=-0.008 v_loss=4.339 ent=0.112 kl=0.0104
[upd  397 | steps  203264 | t  125.0s | sps  1626] ret_mean=168.500 ep_len=500.0 pi_loss=-0.003 v_loss=5.237 ent=0.314 kl=0.0029
[upd  398 | steps  203776 | t  125.2s | sps  1628] ret_mean=56.000 ep_len=500.0 pi_loss=-0.006 v_loss=3.309 ent=0.596 kl=0.0173
[upd  399 | steps  204288 | t  125.4s | sps  1630] ret_mean=188.000 ep_len=500.0 pi_loss=-0.002 v_loss=3.794 ent=0.239 kl=0.0009
[upd  400 | steps  204800 | t  125.5s | sps  1632] ret_mean=144.000 ep_len=500.0 pi_loss=-0.003 v_loss=3.757 ent=0.211 kl=0.0004
        [eval] ret_mean=24.967 ep_len=500.0
