$ /Users/samchen/Coding/CLASSES/CS2860/.venv/bin/python3 -m policies.train --env rware-tiny-2ag-easy-v2 --seed 2 --updates 300 --rollout 512 --eval-every 25 --eval-episodes 30 --log-dir matrix_results/diagnostics_v1_sam/comm_2ag/headroom/rware-tiny-2ag-easy-v2 --run-name mappo-heartbeat-only__delay-dropout__d30__s2 --n-msg-tokens 8 --no-comm --heartbeat --heartbeat-period 1 --heartbeat-max-age-clip 128 --heartbeat-delay 30 --dropout --dropout-window-start 200 --dropout-window-end 350 --shape-rewards --pickup-bonus 0.5

[env] EnvSpec(env_id='rware-tiny-2ag-easy-v2', n_agents=2, obs_dim=73, n_env_actions=5, noop_action=0, family='rware')  (n_msg_tokens=1)
[cfg] {'clip_range': 0.2, 'value_clip_range': 0.2, 'entropy_coef': 0.01, 'value_coef': 0.5, 'max_grad_norm': 0.5, 'gamma': 0.99, 'gae_lambda': 0.95, 'lr_actor': 0.0003, 'lr_critic': 0.001, 'update_epochs': 4, 'minibatches': 4, 'hidden': 128, 'depth': 2, 'device': 'cpu', 'extra': {}}
[log] writing to matrix_results/diagnostics_v1_sam/comm_2ag/headroom/rware-tiny-2ag-easy-v2/mappo-heartbeat-only__delay-dropout__d30__s2
[upd    1 | steps     512 | t    0.2s | sps  3225] ret_mean=0.000 ep_len=500.0 pi_loss=-0.008 v_loss=0.020 ent=1.606 kl=0.0053
[upd    2 | steps    1024 | t    0.3s | sps  3411] ret_mean=0.000 ep_len=500.0 pi_loss=-0.004 v_loss=0.006 ent=1.604 kl=0.0004
[upd    3 | steps    1536 | t    0.4s | sps  3497] ret_mean=1.000 ep_len=500.0 pi_loss=-0.007 v_loss=0.011 ent=1.596 kl=-0.0021
[upd    4 | steps    2048 | t    0.6s | sps  3553] ret_mean=5.000 ep_len=500.0 pi_loss=-0.002 v_loss=0.047 ent=1.594 kl=-0.0006
[upd    5 | steps    2560 | t    0.8s | sps  3395] ret_mean=2.000 ep_len=500.0 pi_loss=-0.005 v_loss=0.009 ent=1.590 kl=0.0014
[upd    6 | steps    3072 | t    0.9s | sps  3410] ret_mean=0.500 ep_len=500.0 pi_loss=-0.002 v_loss=0.009 ent=1.587 kl=0.0032
[upd    7 | steps    3584 | t    1.0s | sps  3432] ret_mean=0.000 ep_len=500.0 pi_loss=-0.004 v_loss=0.003 ent=1.585 kl=-0.0001
[upd    8 | steps    4096 | t    1.2s | sps  3453] ret_mean=1.500 ep_len=500.0 pi_loss=-0.005 v_loss=0.017 ent=1.531 kl=0.0098
[upd    9 | steps    4608 | t    1.3s | sps  3463] ret_mean=0.000 ep_len=500.0 pi_loss=-0.007 v_loss=0.003 ent=1.510 kl=0.0008
[upd   10 | steps    5120 | t    1.5s | sps  3480] ret_mean=0.000 ep_len=500.0 pi_loss=-0.007 v_loss=0.038 ent=1.525 kl=0.0013
[upd   11 | steps    5632 | t    1.6s | sps  3478] ret_mean=3.500 ep_len=500.0 pi_loss=-0.008 v_loss=0.003 ent=1.469 kl=0.0046
[upd   12 | steps    6144 | t    1.8s | sps  3483] ret_mean=0.000 ep_len=500.0 pi_loss=-0.003 v_loss=0.002 ent=1.474 kl=0.0016
[upd   13 | steps    6656 | t    1.9s | sps  3500] ret_mean=0.000 ep_len=500.0 pi_loss=-0.003 v_loss=0.001 ent=1.425 kl=0.0038
[upd   14 | steps    7168 | t    2.0s | sps  3499] ret_mean=0.000 ep_len=500.0 pi_loss=-0.004 v_loss=0.001 ent=1.433 kl=0.0075
[upd   15 | steps    7680 | t    2.2s | sps  3507] ret_mean=0.000 ep_len=500.0 pi_loss=-0.004 v_loss=0.001 ent=1.450 kl=0.0010
[upd   16 | steps    8192 | t    2.3s | sps  3518] ret_mean=0.000 ep_len=500.0 pi_loss=-0.007 v_loss=0.001 ent=1.479 kl=0.0097
[upd   17 | steps    8704 | t    2.5s | sps  3523] ret_mean=0.500 ep_len=500.0 pi_loss=-0.001 v_loss=0.002 ent=1.470 kl=0.0022
[upd   18 | steps    9216 | t    2.6s | sps  3533] ret_mean=0.000 ep_len=500.0 pi_loss=-0.006 v_loss=0.002 ent=1.447 kl=-0.0018
[upd   19 | steps    9728 | t    2.8s | sps  3535] ret_mean=1.000 ep_len=500.0 pi_loss=-0.005 v_loss=0.003 ent=1.408 kl=0.0121
[upd   20 | steps   10240 | t    2.9s | sps  3540] ret_mean=0.000 ep_len=500.0 pi_loss=-0.005 v_loss=0.001 ent=1.329 kl=0.0012
[upd   21 | steps   10752 | t    3.0s | sps  3544] ret_mean=0.000 ep_len=500.0 pi_loss=-0.004 v_loss=0.001 ent=1.263 kl=0.0076
[upd   22 | steps   11264 | t    3.2s | sps  3551] ret_mean=0.000 ep_len=500.0 pi_loss=-0.002 v_loss=0.001 ent=1.284 kl=0.0026
[upd   23 | steps   11776 | t    3.3s | sps  3553] ret_mean=0.000 ep_len=500.0 pi_loss=-0.004 v_loss=0.024 ent=1.261 kl=0.0105
[upd   24 | steps   12288 | t    3.5s | sps  3553] ret_mean=3.000 ep_len=500.0 pi_loss=-0.008 v_loss=0.007 ent=1.290 kl=0.0025
[upd   25 | steps   12800 | t    3.6s | sps  3552] ret_mean=1.500 ep_len=500.0 pi_loss=-0.008 v_loss=0.038 ent=1.221 kl=0.0045
        [eval] ret_mean=10.033 ep_len=500.0
[upd   26 | steps   13312 | t    7.1s | sps  1872] ret_mean=9.500 ep_len=500.0 pi_loss=-0.006 v_loss=0.170 ent=1.216 kl=0.0019
[upd   27 | steps   13824 | t    7.3s | sps  1906] ret_mean=5.000 ep_len=500.0 pi_loss=-0.004 v_loss=0.114 ent=1.100 kl=-0.0024
[upd   28 | steps   14336 | t    7.4s | sps  1939] ret_mean=6.000 ep_len=500.0 pi_loss=-0.009 v_loss=0.024 ent=1.116 kl=0.0031
[upd   29 | steps   14848 | t    7.5s | sps  1972] ret_mean=21.500 ep_len=500.0 pi_loss=-0.003 v_loss=0.619 ent=1.025 kl=0.0078
[upd   30 | steps   15360 | t    7.7s | sps  2001] ret_mean=0.000 ep_len=500.0 pi_loss=-0.005 v_loss=0.001 ent=0.962 kl=0.0022
[upd   31 | steps   15872 | t    7.8s | sps  2030] ret_mean=0.000 ep_len=500.0 pi_loss=-0.006 v_loss=0.175 ent=0.987 kl=0.0022
[upd   32 | steps   16384 | t    8.0s | sps  2059] ret_mean=25.000 ep_len=500.0 pi_loss=-0.002 v_loss=0.251 ent=0.982 kl=0.0015
[upd   33 | steps   16896 | t    8.1s | sps  2088] ret_mean=0.000 ep_len=500.0 pi_loss=-0.005 v_loss=0.184 ent=0.889 kl=-0.0008
[upd   34 | steps   17408 | t    8.2s | sps  2116] ret_mean=10.000 ep_len=500.0 pi_loss=-0.008 v_loss=0.007 ent=0.911 kl=0.0036
[upd   35 | steps   17920 | t    8.4s | sps  2141] ret_mean=0.000 ep_len=500.0 pi_loss=-0.000 v_loss=0.154 ent=0.893 kl=0.0023
[upd   36 | steps   18432 | t    8.5s | sps  2166] ret_mean=52.000 ep_len=500.0 pi_loss=-0.013 v_loss=1.053 ent=0.812 kl=0.0118
[upd   37 | steps   18944 | t    8.6s | sps  2190] ret_mean=0.000 ep_len=500.0 pi_loss=-0.005 v_loss=0.003 ent=0.829 kl=0.0093
[upd   38 | steps   19456 | t    8.8s | sps  2215] ret_mean=14.000 ep_len=500.0 pi_loss=-0.001 v_loss=0.314 ent=0.898 kl=0.0041
[upd   39 | steps   19968 | t    8.9s | sps  2238] ret_mean=0.000 ep_len=500.0 pi_loss=-0.004 v_loss=0.414 ent=0.867 kl=0.0109
[upd   40 | steps   20480 | t    9.1s | sps  2260] ret_mean=29.000 ep_len=500.0 pi_loss=-0.006 v_loss=0.116 ent=0.846 kl=0.0026
[upd   41 | steps   20992 | t    9.2s | sps  2280] ret_mean=0.000 ep_len=500.0 pi_loss=-0.002 v_loss=0.003 ent=0.874 kl=-0.0006
[upd   42 | steps   21504 | t    9.3s | sps  2303] ret_mean=0.000 ep_len=500.0 pi_loss=-0.005 v_loss=0.003 ent=0.856 kl=-0.0003
[upd   43 | steps   22016 | t    9.5s | sps  2323] ret_mean=0.000 ep_len=500.0 pi_loss=-0.004 v_loss=0.004 ent=0.940 kl=0.0077
[upd   44 | steps   22528 | t    9.6s | sps  2343] ret_mean=5.000 ep_len=500.0 pi_loss=-0.002 v_loss=0.097 ent=0.958 kl=0.0029
[upd   45 | steps   23040 | t    9.7s | sps  2363] ret_mean=0.000 ep_len=500.0 pi_loss=-0.003 v_loss=0.003 ent=0.939 kl=0.0051
[upd   46 | steps   23552 | t    9.9s | sps  2381] ret_mean=0.000 ep_len=500.0 pi_loss=-0.002 v_loss=0.003 ent=1.048 kl=0.0010
[upd   47 | steps   24064 | t   10.0s | sps  2399] ret_mean=0.000 ep_len=500.0 pi_loss=-0.003 v_loss=0.002 ent=1.068 kl=0.0064
[upd   48 | steps   24576 | t   10.2s | sps  2417] ret_mean=0.000 ep_len=500.0 pi_loss=-0.003 v_loss=0.003 ent=0.982 kl=0.0015
[upd   49 | steps   25088 | t   10.3s | sps  2435] ret_mean=0.000 ep_len=500.0 pi_loss=-0.002 v_loss=0.086 ent=0.923 kl=0.0070
[upd   50 | steps   25600 | t   10.4s | sps  2452] ret_mean=23.500 ep_len=500.0 pi_loss=-0.013 v_loss=0.289 ent=1.041 kl=0.0117
        [eval] ret_mean=4.150 ep_len=500.0
[upd   51 | steps   26112 | t   13.9s | sps  1874] ret_mean=0.000 ep_len=500.0 pi_loss=-0.003 v_loss=0.001 ent=1.001 kl=0.0064
[upd   52 | steps   26624 | t   14.1s | sps  1892] ret_mean=0.000 ep_len=500.0 pi_loss=-0.006 v_loss=0.001 ent=1.081 kl=0.0056
[upd   53 | steps   27136 | t   14.2s | sps  1909] ret_mean=0.000 ep_len=500.0 pi_loss=-0.007 v_loss=0.001 ent=1.002 kl=-0.0016
[upd   54 | steps   27648 | t   14.4s | sps  1925] ret_mean=0.000 ep_len=500.0 pi_loss=-0.009 v_loss=0.001 ent=1.139 kl=0.0280
[upd   55 | steps   28160 | t   14.5s | sps  1942] ret_mean=0.000 ep_len=500.0 pi_loss=-0.002 v_loss=0.001 ent=1.103 kl=0.0010
[upd   56 | steps   28672 | t   14.6s | sps  1958] ret_mean=0.000 ep_len=500.0 pi_loss=-0.004 v_loss=0.001 ent=1.158 kl=0.0091
[upd   57 | steps   29184 | t   14.8s | sps  1973] ret_mean=0.000 ep_len=500.0 pi_loss=-0.005 v_loss=0.001 ent=1.093 kl=0.0095
[upd   58 | steps   29696 | t   14.9s | sps  1988] ret_mean=0.000 ep_len=500.0 pi_loss=-0.002 v_loss=0.001 ent=1.003 kl=0.0046
[upd   59 | steps   30208 | t   15.1s | sps  2002] ret_mean=0.000 ep_len=500.0 pi_loss=-0.006 v_loss=0.000 ent=0.950 kl=0.0059
[upd   60 | steps   30720 | t   15.2s | sps  2017] ret_mean=0.000 ep_len=500.0 pi_loss=0.002 v_loss=0.075 ent=0.907 kl=-0.0005
[upd   61 | steps   31232 | t   15.4s | sps  2031] ret_mean=6.000 ep_len=500.0 pi_loss=-0.008 v_loss=0.002 ent=1.033 kl=-0.0017
[upd   62 | steps   31744 | t   15.5s | sps  2045] ret_mean=6.500 ep_len=500.0 pi_loss=-0.000 v_loss=0.082 ent=1.167 kl=0.0003
[upd   63 | steps   32256 | t   15.7s | sps  2060] ret_mean=0.000 ep_len=500.0 pi_loss=-0.009 v_loss=0.002 ent=1.055 kl=0.0050
[upd   64 | steps   32768 | t   15.8s | sps  2074] ret_mean=0.000 ep_len=500.0 pi_loss=-0.006 v_loss=0.001 ent=1.029 kl=0.0048
[upd   65 | steps   33280 | t   15.9s | sps  2088] ret_mean=0.000 ep_len=500.0 pi_loss=-0.002 v_loss=0.000 ent=1.017 kl=0.0035
[upd   66 | steps   33792 | t   16.1s | sps  2101] ret_mean=0.000 ep_len=500.0 pi_loss=-0.004 v_loss=0.000 ent=0.994 kl=0.0016
[upd   67 | steps   34304 | t   16.2s | sps  2114] ret_mean=0.000 ep_len=500.0 pi_loss=-0.005 v_loss=0.001 ent=1.090 kl=0.0085
[upd   68 | steps   34816 | t   16.4s | sps  2126] ret_mean=0.000 ep_len=500.0 pi_loss=0.001 v_loss=0.001 ent=1.135 kl=-0.0018
[upd   69 | steps   35328 | t   16.5s | sps  2140] ret_mean=0.000 ep_len=500.0 pi_loss=-0.005 v_loss=0.001 ent=1.065 kl=0.0004
[upd   70 | steps   35840 | t   16.6s | sps  2153] ret_mean=0.000 ep_len=500.0 pi_loss=-0.001 v_loss=0.000 ent=1.056 kl=0.0037
[upd   71 | steps   36352 | t   16.8s | sps  2166] ret_mean=0.000 ep_len=500.0 pi_loss=-0.002 v_loss=0.396 ent=1.121 kl=0.0024
[upd   72 | steps   36864 | t   16.9s | sps  2178] ret_mean=21.000 ep_len=500.0 pi_loss=-0.002 v_loss=0.006 ent=1.108 kl=0.0002
[upd   73 | steps   37376 | t   17.1s | sps  2191] ret_mean=2.000 ep_len=500.0 pi_loss=-0.001 v_loss=0.021 ent=1.120 kl=0.0092
[upd   74 | steps   37888 | t   17.2s | sps  2204] ret_mean=0.000 ep_len=500.0 pi_loss=-0.004 v_loss=0.002 ent=1.197 kl=-0.0004
[upd   75 | steps   38400 | t   17.3s | sps  2216] ret_mean=0.000 ep_len=500.0 pi_loss=-0.006 v_loss=0.001 ent=1.130 kl=0.0058
        [eval] ret_mean=5.917 ep_len=500.0
[upd   76 | steps   38912 | t   20.8s | sps  1867] ret_mean=0.500 ep_len=500.0 pi_loss=-0.003 v_loss=0.003 ent=1.208 kl=0.0102
[upd   77 | steps   39424 | t   21.0s | sps  1878] ret_mean=0.000 ep_len=500.0 pi_loss=-0.006 v_loss=0.000 ent=1.069 kl=0.0065
[upd   78 | steps   39936 | t   21.1s | sps  1890] ret_mean=12.000 ep_len=500.0 pi_loss=-0.003 v_loss=0.300 ent=1.143 kl=0.0036
[upd   79 | steps   40448 | t   21.3s | sps  1901] ret_mean=0.000 ep_len=500.0 pi_loss=-0.004 v_loss=0.001 ent=1.078 kl=0.0047
[upd   80 | steps   40960 | t   21.4s | sps  1911] ret_mean=0.000 ep_len=500.0 pi_loss=-0.004 v_loss=0.000 ent=1.113 kl=0.0098
[upd   81 | steps   41472 | t   21.6s | sps  1922] ret_mean=14.000 ep_len=500.0 pi_loss=-0.003 v_loss=0.427 ent=1.075 kl=0.0046
[upd   82 | steps   41984 | t   21.7s | sps  1933] ret_mean=0.000 ep_len=500.0 pi_loss=-0.004 v_loss=0.001 ent=1.098 kl=0.0030
[upd   83 | steps   42496 | t   21.9s | sps  1944] ret_mean=0.000 ep_len=500.0 pi_loss=-0.005 v_loss=0.001 ent=1.164 kl=0.0036
[upd   84 | steps   43008 | t   22.0s | sps  1954] ret_mean=0.000 ep_len=500.0 pi_loss=-0.006 v_loss=0.001 ent=0.989 kl=0.0092
[upd   85 | steps   43520 | t   22.1s | sps  1965] ret_mean=0.000 ep_len=500.0 pi_loss=-0.010 v_loss=0.001 ent=1.107 kl=0.0220
[upd   86 | steps   44032 | t   22.3s | sps  1976] ret_mean=0.000 ep_len=500.0 pi_loss=-0.003 v_loss=0.472 ent=1.023 kl=0.0059
[upd   87 | steps   44544 | t   22.4s | sps  1986] ret_mean=47.000 ep_len=500.0 pi_loss=-0.005 v_loss=0.672 ent=1.078 kl=0.0120
[upd   88 | steps   45056 | t   22.6s | sps  1997] ret_mean=0.000 ep_len=500.0 pi_loss=-0.009 v_loss=0.006 ent=1.154 kl=0.0094
[upd   89 | steps   45568 | t   22.7s | sps  2007] ret_mean=0.000 ep_len=500.0 pi_loss=-0.003 v_loss=0.009 ent=1.034 kl=0.0033
[upd   90 | steps   46080 | t   22.8s | sps  2017] ret_mean=0.000 ep_len=500.0 pi_loss=-0.004 v_loss=0.003 ent=0.999 kl=0.0116
[upd   91 | steps   46592 | t   23.0s | sps  2027] ret_mean=0.000 ep_len=500.0 pi_loss=-0.007 v_loss=0.001 ent=1.141 kl=0.0096
[upd   92 | steps   47104 | t   23.1s | sps  2037] ret_mean=0.000 ep_len=500.0 pi_loss=-0.010 v_loss=0.821 ent=1.112 kl=0.0066
[upd   93 | steps   47616 | t   23.3s | sps  2047] ret_mean=36.000 ep_len=500.0 pi_loss=-0.004 v_loss=0.867 ent=1.128 kl=0.0054
[upd   94 | steps   48128 | t   23.4s | sps  2057] ret_mean=36.500 ep_len=500.0 pi_loss=-0.003 v_loss=0.144 ent=1.116 kl=0.0041
[upd   95 | steps   48640 | t   23.5s | sps  2067] ret_mean=0.000 ep_len=500.0 pi_loss=-0.003 v_loss=0.006 ent=1.149 kl=0.0035
[upd   96 | steps   49152 | t   23.7s | sps  2075] ret_mean=0.000 ep_len=500.0 pi_loss=-0.004 v_loss=0.003 ent=1.154 kl=0.0059
[upd   97 | steps   49664 | t   23.8s | sps  2084] ret_mean=0.000 ep_len=500.0 pi_loss=-0.009 v_loss=0.378 ent=1.093 kl=-0.0002
[upd   98 | steps   50176 | t   24.0s | sps  2093] ret_mean=40.000 ep_len=500.0 pi_loss=-0.005 v_loss=0.334 ent=1.109 kl=0.0051
[upd   99 | steps   50688 | t   24.1s | sps  2102] ret_mean=0.000 ep_len=500.0 pi_loss=-0.009 v_loss=0.005 ent=1.169 kl=0.0072
[upd  100 | steps   51200 | t   24.3s | sps  2111] ret_mean=15.000 ep_len=500.0 pi_loss=-0.012 v_loss=1.002 ent=1.070 kl=0.0157
        [eval] ret_mean=4.167 ep_len=500.0
[upd  101 | steps   51712 | t   27.9s | sps  1852] ret_mean=39.000 ep_len=500.0 pi_loss=-0.005 v_loss=0.920 ent=1.086 kl=0.0046
[upd  102 | steps   52224 | t   28.1s | sps  1861] ret_mean=0.000 ep_len=500.0 pi_loss=-0.004 v_loss=0.010 ent=1.090 kl=0.0046
[upd  103 | steps   52736 | t   28.2s | sps  1870] ret_mean=1.000 ep_len=500.0 pi_loss=-0.003 v_loss=0.018 ent=1.022 kl=0.0038
[upd  104 | steps   53248 | t   28.4s | sps  1878] ret_mean=0.000 ep_len=500.0 pi_loss=-0.006 v_loss=0.007 ent=1.217 kl=0.0073
[upd  105 | steps   53760 | t   28.5s | sps  1887] ret_mean=0.000 ep_len=500.0 pi_loss=0.000 v_loss=0.007 ent=1.154 kl=0.0045
[upd  106 | steps   54272 | t   28.6s | sps  1895] ret_mean=0.000 ep_len=500.0 pi_loss=-0.008 v_loss=0.003 ent=1.216 kl=0.0161
[upd  107 | steps   54784 | t   28.8s | sps  1903] ret_mean=0.000 ep_len=500.0 pi_loss=-0.002 v_loss=0.003 ent=1.126 kl=0.0025
[upd  108 | steps   55296 | t   28.9s | sps  1911] ret_mean=0.000 ep_len=500.0 pi_loss=-0.007 v_loss=0.001 ent=1.197 kl=0.0115
[upd  109 | steps   55808 | t   29.1s | sps  1919] ret_mean=0.000 ep_len=500.0 pi_loss=-0.002 v_loss=0.001 ent=1.175 kl=0.0058
[upd  110 | steps   56320 | t   29.2s | sps  1927] ret_mean=0.000 ep_len=500.0 pi_loss=-0.006 v_loss=0.286 ent=1.074 kl=0.0007
[upd  111 | steps   56832 | t   29.4s | sps  1935] ret_mean=34.000 ep_len=500.0 pi_loss=-0.005 v_loss=0.660 ent=1.046 kl=0.0096
[upd  112 | steps   57344 | t   29.5s | sps  1943] ret_mean=0.000 ep_len=500.0 pi_loss=-0.008 v_loss=0.002 ent=1.159 kl=0.0124
[upd  113 | steps   57856 | t   29.7s | sps  1951] ret_mean=0.000 ep_len=500.0 pi_loss=-0.006 v_loss=0.002 ent=1.029 kl=0.0062
[upd  114 | steps   58368 | t   29.8s | sps  1958] ret_mean=0.000 ep_len=500.0 pi_loss=-0.006 v_loss=0.001 ent=1.033 kl=0.0045
[upd  115 | steps   58880 | t   30.0s | sps  1966] ret_mean=0.000 ep_len=500.0 pi_loss=-0.005 v_loss=0.714 ent=1.124 kl=0.0039
[upd  116 | steps   59392 | t   30.1s | sps  1973] ret_mean=75.000 ep_len=500.0 pi_loss=-0.013 v_loss=1.870 ent=0.945 kl=0.0062
[upd  117 | steps   59904 | t   30.2s | sps  1980] ret_mean=0.000 ep_len=500.0 pi_loss=-0.009 v_loss=1.639 ent=1.006 kl=0.0145
[upd  118 | steps   60416 | t   30.4s | sps  1988] ret_mean=54.000 ep_len=500.0 pi_loss=-0.004 v_loss=0.323 ent=1.052 kl=0.0021
[upd  119 | steps   60928 | t   30.5s | sps  1995] ret_mean=0.000 ep_len=500.0 pi_loss=-0.003 v_loss=0.001 ent=0.961 kl=0.0121
[upd  120 | steps   61440 | t   30.7s | sps  2001] ret_mean=0.000 ep_len=500.0 pi_loss=-0.010 v_loss=1.404 ent=0.867 kl=-0.0005
[upd  121 | steps   61952 | t   30.8s | sps  2008] ret_mean=31.500 ep_len=500.0 pi_loss=-0.004 v_loss=0.008 ent=0.932 kl=0.0055
[upd  122 | steps   62464 | t   31.0s | sps  2015] ret_mean=0.000 ep_len=500.0 pi_loss=-0.007 v_loss=0.002 ent=1.004 kl=0.0040
[upd  123 | steps   62976 | t   31.1s | sps  2023] ret_mean=0.000 ep_len=500.0 pi_loss=-0.004 v_loss=0.004 ent=0.780 kl=0.0038
[upd  124 | steps   63488 | t   31.3s | sps  2030] ret_mean=0.000 ep_len=500.0 pi_loss=-0.005 v_loss=0.003 ent=0.756 kl=0.0048
[upd  125 | steps   64000 | t   31.4s | sps  2037] ret_mean=0.000 ep_len=500.0 pi_loss=-0.002 v_loss=0.004 ent=1.070 kl=0.0076
        [eval] ret_mean=0.000 ep_len=500.0
[upd  126 | steps   64512 | t   35.0s | sps  1845] ret_mean=0.000 ep_len=500.0 pi_loss=-0.003 v_loss=0.001 ent=1.043 kl=0.0094
[upd  127 | steps   65024 | t   35.1s | sps  1852] ret_mean=0.000 ep_len=500.0 pi_loss=-0.001 v_loss=0.000 ent=1.069 kl=0.0021
[upd  128 | steps   65536 | t   35.3s | sps  1859] ret_mean=0.000 ep_len=500.0 pi_loss=-0.009 v_loss=0.000 ent=0.898 kl=0.0134
[upd  129 | steps   66048 | t   35.4s | sps  1865] ret_mean=0.000 ep_len=500.0 pi_loss=-0.010 v_loss=0.000 ent=1.049 kl=0.0086
[upd  130 | steps   66560 | t   35.5s | sps  1873] ret_mean=56.500 ep_len=500.0 pi_loss=-0.006 v_loss=2.447 ent=0.779 kl=0.0101
[upd  131 | steps   67072 | t   35.7s | sps  1879] ret_mean=0.000 ep_len=500.0 pi_loss=-0.002 v_loss=0.683 ent=0.601 kl=0.0025
[upd  132 | steps   67584 | t   35.8s | sps  1886] ret_mean=121.500 ep_len=500.0 pi_loss=-0.002 v_loss=5.434 ent=0.324 kl=0.0003
[upd  133 | steps   68096 | t   36.0s | sps  1893] ret_mean=0.000 ep_len=500.0 pi_loss=-0.007 v_loss=0.696 ent=0.916 kl=0.0022
[upd  134 | steps   68608 | t   36.1s | sps  1900] ret_mean=109.000 ep_len=500.0 pi_loss=-0.009 v_loss=4.058 ent=0.633 kl=0.0101
[upd  135 | steps   69120 | t   36.3s | sps  1906] ret_mean=0.000 ep_len=500.0 pi_loss=-0.010 v_loss=0.017 ent=0.819 kl=0.0062
[upd  136 | steps   69632 | t   36.4s | sps  1913] ret_mean=0.000 ep_len=500.0 pi_loss=-0.007 v_loss=1.422 ent=0.641 kl=0.0024
[upd  137 | steps   70144 | t   36.5s | sps  1920] ret_mean=126.500 ep_len=500.0 pi_loss=-0.008 v_loss=5.447 ent=0.457 kl=0.0087
[upd  138 | steps   70656 | t   36.7s | sps  1926] ret_mean=0.000 ep_len=500.0 pi_loss=-0.005 v_loss=0.065 ent=0.926 kl=0.0042
[upd  139 | steps   71168 | t   36.8s | sps  1933] ret_mean=84.500 ep_len=500.0 pi_loss=-0.004 v_loss=3.524 ent=0.404 kl=0.0011
[upd  140 | steps   71680 | t   37.0s | sps  1939] ret_mean=0.000 ep_len=500.0 pi_loss=-0.004 v_loss=0.054 ent=0.501 kl=0.0027
[upd  141 | steps   72192 | t   37.1s | sps  1945] ret_mean=0.000 ep_len=500.0 pi_loss=-0.003 v_loss=0.005 ent=0.889 kl=0.0054
[upd  142 | steps   72704 | t   37.3s | sps  1952] ret_mean=0.000 ep_len=500.0 pi_loss=-0.009 v_loss=0.016 ent=0.385 kl=0.0101
[upd  143 | steps   73216 | t   37.4s | sps  1958] ret_mean=0.000 ep_len=500.0 pi_loss=-0.001 v_loss=0.010 ent=0.584 kl=0.0024
[upd  144 | steps   73728 | t   37.5s | sps  1964] ret_mean=0.000 ep_len=500.0 pi_loss=-0.005 v_loss=0.004 ent=1.128 kl=0.0028
[upd  145 | steps   74240 | t   37.7s | sps  1970] ret_mean=0.000 ep_len=500.0 pi_loss=-0.009 v_loss=0.001 ent=1.097 kl=0.0168
[upd  146 | steps   74752 | t   37.8s | sps  1975] ret_mean=0.000 ep_len=500.0 pi_loss=0.002 v_loss=0.002 ent=0.790 kl=0.0046
[upd  147 | steps   75264 | t   38.0s | sps  1982] ret_mean=0.000 ep_len=500.0 pi_loss=-0.003 v_loss=0.003 ent=0.686 kl=0.0034
[upd  148 | steps   75776 | t   38.1s | sps  1988] ret_mean=0.000 ep_len=500.0 pi_loss=-0.008 v_loss=2.143 ent=0.803 kl=0.0053
[upd  149 | steps   76288 | t   38.3s | sps  1993] ret_mean=43.500 ep_len=500.0 pi_loss=-0.003 v_loss=0.004 ent=0.813 kl=0.0074
[upd  150 | steps   76800 | t   38.4s | sps  1999] ret_mean=0.000 ep_len=500.0 pi_loss=-0.004 v_loss=1.526 ent=0.571 kl=-0.0012
        [eval] ret_mean=3.833 ep_len=500.0
[upd  151 | steps   77312 | t   41.9s | sps  1844] ret_mean=0.000 ep_len=500.0 pi_loss=-0.001 v_loss=0.002 ent=0.976 kl=0.0085
[upd  152 | steps   77824 | t   42.1s | sps  1851] ret_mean=57.000 ep_len=500.0 pi_loss=-0.001 v_loss=3.069 ent=0.403 kl=0.0014
[upd  153 | steps   78336 | t   42.2s | sps  1856] ret_mean=0.000 ep_len=500.0 pi_loss=-0.013 v_loss=0.003 ent=0.966 kl=0.0086
[upd  154 | steps   78848 | t   42.3s | sps  1862] ret_mean=0.000 ep_len=500.0 pi_loss=-0.008 v_loss=0.002 ent=0.702 kl=-0.0047
[upd  155 | steps   79360 | t   42.5s | sps  1868] ret_mean=0.000 ep_len=500.0 pi_loss=-0.007 v_loss=0.001 ent=0.845 kl=0.0049
[upd  156 | steps   79872 | t   42.6s | sps  1874] ret_mean=0.000 ep_len=500.0 pi_loss=-0.003 v_loss=0.001 ent=1.023 kl=0.0001
[upd  157 | steps   80384 | t   42.8s | sps  1880] ret_mean=2.000 ep_len=500.0 pi_loss=-0.001 v_loss=0.020 ent=0.747 kl=-0.0005
[upd  158 | steps   80896 | t   42.9s | sps  1885] ret_mean=38.500 ep_len=500.0 pi_loss=-0.005 v_loss=2.035 ent=0.523 kl=0.0114
[upd  159 | steps   81408 | t   43.0s | sps  1891] ret_mean=0.000 ep_len=500.0 pi_loss=-0.003 v_loss=1.211 ent=0.617 kl=0.0033
[upd  160 | steps   81920 | t   43.2s | sps  1897] ret_mean=76.000 ep_len=500.0 pi_loss=-0.005 v_loss=2.357 ent=0.646 kl=0.0027
[upd  161 | steps   82432 | t   43.3s | sps  1902] ret_mean=0.000 ep_len=500.0 pi_loss=-0.005 v_loss=0.014 ent=0.797 kl=0.0028
[upd  162 | steps   82944 | t   43.5s | sps  1908] ret_mean=0.000 ep_len=500.0 pi_loss=-0.008 v_loss=0.013 ent=0.552 kl=-0.0046
[upd  163 | steps   83456 | t   43.6s | sps  1914] ret_mean=0.000 ep_len=500.0 pi_loss=-0.004 v_loss=0.006 ent=0.573 kl=-0.0014
[upd  164 | steps   83968 | t   43.8s | sps  1919] ret_mean=0.000 ep_len=500.0 pi_loss=-0.004 v_loss=5.111 ent=0.697 kl=0.0051
[upd  165 | steps   84480 | t   43.9s | sps  1925] ret_mean=157.000 ep_len=500.0 pi_loss=-0.003 v_loss=5.680 ent=0.472 kl=0.0073
[upd  166 | steps   84992 | t   44.0s | sps  1930] ret_mean=0.000 ep_len=500.0 pi_loss=-0.006 v_loss=1.273 ent=0.888 kl=0.0072
[upd  167 | steps   85504 | t   44.2s | sps  1935] ret_mean=98.500 ep_len=500.0 pi_loss=-0.008 v_loss=3.630 ent=0.592 kl=0.0088
[upd  168 | steps   86016 | t   44.3s | sps  1941] ret_mean=0.000 ep_len=500.0 pi_loss=-0.007 v_loss=0.004 ent=0.958 kl=0.0054
[upd  169 | steps   86528 | t   44.5s | sps  1946] ret_mean=0.000 ep_len=500.0 pi_loss=-0.004 v_loss=2.203 ent=0.487 kl=0.0053
[upd  170 | steps   87040 | t   44.6s | sps  1952] ret_mean=71.000 ep_len=500.0 pi_loss=-0.008 v_loss=2.341 ent=0.721 kl=0.0112
[upd  171 | steps   87552 | t   44.7s | sps  1957] ret_mean=56.500 ep_len=500.0 pi_loss=-0.008 v_loss=0.688 ent=0.974 kl=0.0088
[upd  172 | steps   88064 | t   44.9s | sps  1962] ret_mean=0.000 ep_len=500.0 pi_loss=-0.007 v_loss=0.016 ent=0.920 kl=0.0075
[upd  173 | steps   88576 | t   45.0s | sps  1967] ret_mean=51.000 ep_len=500.0 pi_loss=-0.005 v_loss=5.154 ent=0.314 kl=0.0008
[upd  174 | steps   89088 | t   45.2s | sps  1973] ret_mean=108.500 ep_len=500.0 pi_loss=-0.010 v_loss=5.133 ent=0.409 kl=0.0128
[upd  175 | steps   89600 | t   45.3s | sps  1978] ret_mean=110.000 ep_len=500.0 pi_loss=-0.010 v_loss=2.054 ent=0.480 kl=0.0550
        [eval] ret_mean=4.167 ep_len=500.0
[upd  176 | steps   90112 | t   48.9s | sps  1844] ret_mean=0.000 ep_len=500.0 pi_loss=-0.005 v_loss=0.088 ent=0.603 kl=0.0046
[upd  177 | steps   90624 | t   49.0s | sps  1849] ret_mean=11.000 ep_len=500.0 pi_loss=-0.005 v_loss=0.480 ent=0.989 kl=0.0050
[upd  178 | steps   91136 | t   49.1s | sps  1854] ret_mean=111.000 ep_len=500.0 pi_loss=-0.005 v_loss=6.366 ent=0.508 kl=-0.0021
[upd  179 | steps   91648 | t   49.3s | sps  1859] ret_mean=0.000 ep_len=500.0 pi_loss=-0.006 v_loss=0.196 ent=1.087 kl=0.0022
[upd  180 | steps   92160 | t   49.4s | sps  1864] ret_mean=77.000 ep_len=500.0 pi_loss=-0.012 v_loss=2.420 ent=0.743 kl=0.0133
[upd  181 | steps   92672 | t   49.6s | sps  1870] ret_mean=0.000 ep_len=500.0 pi_loss=-0.005 v_loss=0.056 ent=0.529 kl=0.0045
[upd  182 | steps   93184 | t   49.7s | sps  1874] ret_mean=0.000 ep_len=500.0 pi_loss=-0.002 v_loss=0.677 ent=0.855 kl=0.0105
[upd  183 | steps   93696 | t   49.9s | sps  1880] ret_mean=106.500 ep_len=500.0 pi_loss=-0.005 v_loss=4.044 ent=0.352 kl=0.0010
[upd  184 | steps   94208 | t   50.0s | sps  1884] ret_mean=56.500 ep_len=500.0 pi_loss=-0.006 v_loss=0.880 ent=0.841 kl=0.0071
[upd  185 | steps   94720 | t   50.1s | sps  1889] ret_mean=0.000 ep_len=500.0 pi_loss=-0.010 v_loss=0.109 ent=0.726 kl=0.0046
[upd  186 | steps   95232 | t   50.3s | sps  1894] ret_mean=83.000 ep_len=500.0 pi_loss=-0.001 v_loss=3.540 ent=0.458 kl=0.0033
[upd  187 | steps   95744 | t   50.4s | sps  1899] ret_mean=91.000 ep_len=500.0 pi_loss=-0.002 v_loss=3.354 ent=0.344 kl=0.0012
[upd  188 | steps   96256 | t   50.6s | sps  1904] ret_mean=0.000 ep_len=500.0 pi_loss=-0.004 v_loss=0.055 ent=0.972 kl=0.0026
[upd  189 | steps   96768 | t   50.7s | sps  1909] ret_mean=0.000 ep_len=500.0 pi_loss=-0.008 v_loss=0.030 ent=0.992 kl=0.0114
[upd  190 | steps   97280 | t   50.8s | sps  1913] ret_mean=0.000 ep_len=500.0 pi_loss=-0.005 v_loss=0.013 ent=0.885 kl=0.0079
[upd  191 | steps   97792 | t   51.0s | sps  1918] ret_mean=68.000 ep_len=500.0 pi_loss=-0.006 v_loss=2.768 ent=0.680 kl=0.0116
[upd  192 | steps   98304 | t   51.1s | sps  1922] ret_mean=0.000 ep_len=500.0 pi_loss=-0.010 v_loss=0.049 ent=0.933 kl=0.0071
[upd  193 | steps   98816 | t   51.3s | sps  1927] ret_mean=0.000 ep_len=500.0 pi_loss=-0.004 v_loss=5.693 ent=0.746 kl=0.0063
[upd  194 | steps   99328 | t   51.4s | sps  1932] ret_mean=146.500 ep_len=500.0 pi_loss=-0.007 v_loss=3.456 ent=0.479 kl=0.0134
[upd  195 | steps   99840 | t   51.6s | sps  1936] ret_mean=0.000 ep_len=500.0 pi_loss=-0.008 v_loss=1.328 ent=0.782 kl=0.0104
[upd  196 | steps  100352 | t   51.7s | sps  1941] ret_mean=45.000 ep_len=500.0 pi_loss=-0.005 v_loss=1.449 ent=0.213 kl=0.0021
[upd  197 | steps  100864 | t   51.8s | sps  1945] ret_mean=27.500 ep_len=500.0 pi_loss=-0.004 v_loss=0.012 ent=0.593 kl=0.0068
[upd  198 | steps  101376 | t   52.0s | sps  1950] ret_mean=0.000 ep_len=500.0 pi_loss=-0.005 v_loss=0.621 ent=0.655 kl=0.0048
[upd  199 | steps  101888 | t   52.1s | sps  1954] ret_mean=18.000 ep_len=500.0 pi_loss=-0.004 v_loss=0.056 ent=0.299 kl=0.0019
[upd  200 | steps  102400 | t   52.3s | sps  1959] ret_mean=7.500 ep_len=500.0 pi_loss=-0.006 v_loss=4.872 ent=0.408 kl=0.0009
        [eval] ret_mean=4.167 ep_len=500.0
[upd  201 | steps  102912 | t   55.9s | sps  1842] ret_mean=0.000 ep_len=500.0 pi_loss=-0.015 v_loss=0.021 ent=0.586 kl=0.0094
[upd  202 | steps  103424 | t   56.0s | sps  1847] ret_mean=51.500 ep_len=500.0 pi_loss=-0.004 v_loss=2.557 ent=0.348 kl=0.0104
[upd  203 | steps  103936 | t   56.1s | sps  1852] ret_mean=0.000 ep_len=500.0 pi_loss=-0.002 v_loss=0.014 ent=0.251 kl=0.0067
[upd  204 | steps  104448 | t   56.3s | sps  1856] ret_mean=69.500 ep_len=500.0 pi_loss=-0.004 v_loss=4.256 ent=0.318 kl=0.0055
[upd  205 | steps  104960 | t   56.4s | sps  1861] ret_mean=194.000 ep_len=500.0 pi_loss=-0.004 v_loss=16.879 ent=0.182 kl=0.0034
[upd  206 | steps  105472 | t   56.5s | sps  1865] ret_mean=26.500 ep_len=500.0 pi_loss=-0.002 v_loss=1.148 ent=0.592 kl=0.0010
[upd  207 | steps  105984 | t   56.7s | sps  1870] ret_mean=0.000 ep_len=500.0 pi_loss=-0.004 v_loss=0.011 ent=0.427 kl=0.0075
[upd  208 | steps  106496 | t   56.8s | sps  1874] ret_mean=52.500 ep_len=500.0 pi_loss=-0.005 v_loss=3.247 ent=0.377 kl=0.0051
[upd  209 | steps  107008 | t   57.0s | sps  1878] ret_mean=93.000 ep_len=500.0 pi_loss=-0.003 v_loss=2.742 ent=0.474 kl=0.0057
[upd  210 | steps  107520 | t   57.1s | sps  1883] ret_mean=85.500 ep_len=500.0 pi_loss=-0.005 v_loss=4.316 ent=0.434 kl=0.0020
[upd  211 | steps  108032 | t   57.3s | sps  1887] ret_mean=84.500 ep_len=500.0 pi_loss=-0.000 v_loss=4.089 ent=0.387 kl=0.0022
[upd  212 | steps  108544 | t   57.4s | sps  1891] ret_mean=0.000 ep_len=500.0 pi_loss=-0.005 v_loss=0.484 ent=0.420 kl=0.0018
[upd  213 | steps  109056 | t   57.5s | sps  1896] ret_mean=101.500 ep_len=500.0 pi_loss=-0.002 v_loss=3.881 ent=0.207 kl=0.0030
[upd  214 | steps  109568 | t   57.7s | sps  1900] ret_mean=0.000 ep_len=500.0 pi_loss=-0.004 v_loss=0.024 ent=0.452 kl=0.0008
[upd  215 | steps  110080 | t   57.8s | sps  1904] ret_mean=0.000 ep_len=500.0 pi_loss=-0.006 v_loss=0.025 ent=0.304 kl=0.0046
[upd  216 | steps  110592 | t   57.9s | sps  1909] ret_mean=0.000 ep_len=500.0 pi_loss=-0.002 v_loss=1.073 ent=0.254 kl=0.0027
[upd  217 | steps  111104 | t   58.1s | sps  1913] ret_mean=43.500 ep_len=500.0 pi_loss=-0.004 v_loss=2.538 ent=0.241 kl=-0.0010
[upd  218 | steps  111616 | t   58.2s | sps  1917] ret_mean=121.000 ep_len=500.0 pi_loss=-0.004 v_loss=3.146 ent=0.278 kl=0.0050
[upd  219 | steps  112128 | t   58.4s | sps  1922] ret_mean=40.000 ep_len=500.0 pi_loss=-0.005 v_loss=3.949 ent=0.291 kl=0.0113
[upd  220 | steps  112640 | t   58.5s | sps  1926] ret_mean=114.000 ep_len=500.0 pi_loss=-0.005 v_loss=4.355 ent=0.203 kl=0.0055
[upd  221 | steps  113152 | t   58.6s | sps  1930] ret_mean=39.500 ep_len=500.0 pi_loss=-0.006 v_loss=0.110 ent=0.525 kl=0.0080
[upd  222 | steps  113664 | t   58.8s | sps  1934] ret_mean=0.000 ep_len=500.0 pi_loss=-0.008 v_loss=0.031 ent=0.827 kl=0.0032
[upd  223 | steps  114176 | t   58.9s | sps  1938] ret_mean=0.000 ep_len=500.0 pi_loss=-0.008 v_loss=1.864 ent=0.516 kl=0.0034
[upd  224 | steps  114688 | t   59.0s | sps  1942] ret_mean=47.000 ep_len=500.0 pi_loss=-0.002 v_loss=0.034 ent=0.766 kl=0.0061
[upd  225 | steps  115200 | t   59.2s | sps  1946] ret_mean=0.000 ep_len=500.0 pi_loss=-0.006 v_loss=0.014 ent=0.820 kl=0.0015
        [eval] ret_mean=10.333 ep_len=500.0
[upd  226 | steps  115712 | t   62.7s | sps  1846] ret_mean=65.000 ep_len=500.0 pi_loss=-0.004 v_loss=3.363 ent=0.297 kl=0.0046
[upd  227 | steps  116224 | t   62.8s | sps  1850] ret_mean=0.000 ep_len=500.0 pi_loss=-0.010 v_loss=0.076 ent=0.389 kl=0.0171
[upd  228 | steps  116736 | t   63.0s | sps  1854] ret_mean=153.500 ep_len=500.0 pi_loss=-0.003 v_loss=9.692 ent=0.157 kl=0.0018
[upd  229 | steps  117248 | t   63.1s | sps  1858] ret_mean=79.500 ep_len=500.0 pi_loss=-0.007 v_loss=3.748 ent=0.449 kl=0.0051
[upd  230 | steps  117760 | t   63.2s | sps  1862] ret_mean=63.500 ep_len=500.0 pi_loss=-0.004 v_loss=3.147 ent=0.200 kl=0.0053
[upd  231 | steps  118272 | t   63.4s | sps  1866] ret_mean=84.500 ep_len=500.0 pi_loss=-0.004 v_loss=3.894 ent=0.322 kl=0.0108
[upd  232 | steps  118784 | t   63.5s | sps  1870] ret_mean=0.000 ep_len=500.0 pi_loss=-0.006 v_loss=3.107 ent=0.522 kl=0.0164
[upd  233 | steps  119296 | t   63.7s | sps  1874] ret_mean=187.500 ep_len=500.0 pi_loss=-0.007 v_loss=10.005 ent=0.219 kl=0.0078
[upd  234 | steps  119808 | t   63.8s | sps  1878] ret_mean=0.000 ep_len=500.0 pi_loss=-0.006 v_loss=0.970 ent=0.990 kl=0.0064
[upd  235 | steps  120320 | t   63.9s | sps  1882] ret_mean=94.000 ep_len=500.0 pi_loss=-0.003 v_loss=3.945 ent=0.346 kl=0.0014
[upd  236 | steps  120832 | t   64.1s | sps  1886] ret_mean=163.000 ep_len=500.0 pi_loss=-0.003 v_loss=11.156 ent=0.113 kl=0.0005
[upd  237 | steps  121344 | t   64.2s | sps  1890] ret_mean=116.500 ep_len=500.0 pi_loss=-0.003 v_loss=6.219 ent=0.161 kl=0.0021
[upd  238 | steps  121856 | t   64.4s | sps  1893] ret_mean=144.500 ep_len=500.0 pi_loss=-0.002 v_loss=5.526 ent=0.045 kl=-0.0012
[upd  239 | steps  122368 | t   64.5s | sps  1897] ret_mean=69.500 ep_len=500.0 pi_loss=-0.002 v_loss=2.199 ent=0.203 kl=0.0006
[upd  240 | steps  122880 | t   64.6s | sps  1901] ret_mean=66.500 ep_len=500.0 pi_loss=-0.004 v_loss=2.224 ent=0.273 kl=-0.0000
[upd  241 | steps  123392 | t   64.8s | sps  1905] ret_mean=107.500 ep_len=500.0 pi_loss=-0.005 v_loss=3.738 ent=0.201 kl=0.0010
[upd  242 | steps  123904 | t   64.9s | sps  1909] ret_mean=19.000 ep_len=500.0 pi_loss=-0.005 v_loss=0.484 ent=0.637 kl=0.0063
[upd  243 | steps  124416 | t   65.1s | sps  1912] ret_mean=61.500 ep_len=500.0 pi_loss=-0.007 v_loss=6.421 ent=0.212 kl=0.0048
[upd  244 | steps  124928 | t   65.2s | sps  1916] ret_mean=153.500 ep_len=500.0 pi_loss=-0.001 v_loss=6.312 ent=0.196 kl=-0.0001
[upd  245 | steps  125440 | t   65.3s | sps  1920] ret_mean=124.000 ep_len=500.0 pi_loss=-0.002 v_loss=5.638 ent=0.228 kl=0.0016
[upd  246 | steps  125952 | t   65.5s | sps  1923] ret_mean=119.000 ep_len=500.0 pi_loss=-0.005 v_loss=3.508 ent=0.274 kl=0.0047
[upd  247 | steps  126464 | t   65.6s | sps  1927] ret_mean=75.500 ep_len=500.0 pi_loss=-0.005 v_loss=2.012 ent=0.740 kl=0.0156
[upd  248 | steps  126976 | t   65.8s | sps  1931] ret_mean=113.500 ep_len=500.0 pi_loss=-0.006 v_loss=3.002 ent=0.325 kl=0.0098
[upd  249 | steps  127488 | t   65.9s | sps  1934] ret_mean=63.500 ep_len=500.0 pi_loss=-0.004 v_loss=3.651 ent=0.484 kl=-0.0003
[upd  250 | steps  128000 | t   66.0s | sps  1938] ret_mean=136.000 ep_len=500.0 pi_loss=-0.001 v_loss=3.373 ent=0.384 kl=0.0045
        [eval] ret_mean=24.783 ep_len=500.0
[upd  251 | steps  128512 | t   69.6s | sps  1846] ret_mean=200.500 ep_len=500.0 pi_loss=-0.005 v_loss=12.286 ent=0.111 kl=0.0004
[upd  252 | steps  129024 | t   69.8s | sps  1850] ret_mean=109.500 ep_len=500.0 pi_loss=-0.003 v_loss=2.966 ent=0.221 kl=0.0091
[upd  253 | steps  129536 | t   69.9s | sps  1853] ret_mean=55.000 ep_len=500.0 pi_loss=-0.008 v_loss=1.718 ent=0.618 kl=0.0006
[upd  254 | steps  130048 | t   70.1s | sps  1856] ret_mean=73.500 ep_len=500.0 pi_loss=-0.002 v_loss=1.827 ent=0.352 kl=0.0020
[upd  255 | steps  130560 | t   70.2s | sps  1860] ret_mean=116.500 ep_len=500.0 pi_loss=-0.006 v_loss=5.185 ent=0.295 kl=0.0052
[upd  256 | steps  131072 | t   70.3s | sps  1863] ret_mean=103.000 ep_len=500.0 pi_loss=-0.004 v_loss=3.492 ent=0.313 kl=0.0036
[upd  257 | steps  131584 | t   70.5s | sps  1867] ret_mean=95.500 ep_len=500.0 pi_loss=-0.007 v_loss=3.016 ent=0.289 kl=-0.0014
[upd  258 | steps  132096 | t   70.6s | sps  1870] ret_mean=29.000 ep_len=500.0 pi_loss=-0.003 v_loss=2.158 ent=0.613 kl=0.0037
[upd  259 | steps  132608 | t   70.8s | sps  1873] ret_mean=137.500 ep_len=500.0 pi_loss=-0.005 v_loss=4.066 ent=0.255 kl=0.0017
[upd  260 | steps  133120 | t   70.9s | sps  1877] ret_mean=76.500 ep_len=500.0 pi_loss=-0.005 v_loss=3.804 ent=0.595 kl=0.0033
[upd  261 | steps  133632 | t   71.1s | sps  1880] ret_mean=47.500 ep_len=500.0 pi_loss=-0.011 v_loss=1.699 ent=0.810 kl=0.0084
[upd  262 | steps  134144 | t   71.2s | sps  1883] ret_mean=46.500 ep_len=500.0 pi_loss=-0.002 v_loss=1.636 ent=0.589 kl=0.0007
[upd  263 | steps  134656 | t   71.4s | sps  1887] ret_mean=125.000 ep_len=500.0 pi_loss=-0.003 v_loss=2.973 ent=0.252 kl=0.0010
[upd  264 | steps  135168 | t   71.5s | sps  1890] ret_mean=72.000 ep_len=500.0 pi_loss=-0.003 v_loss=3.037 ent=0.528 kl=0.0019
[upd  265 | steps  135680 | t   71.6s | sps  1894] ret_mean=121.500 ep_len=500.0 pi_loss=-0.005 v_loss=3.340 ent=0.290 kl=0.0099
[upd  266 | steps  136192 | t   71.8s | sps  1897] ret_mean=74.500 ep_len=500.0 pi_loss=-0.006 v_loss=2.658 ent=0.395 kl=0.0049
[upd  267 | steps  136704 | t   71.9s | sps  1900] ret_mean=19.000 ep_len=500.0 pi_loss=-0.005 v_loss=1.332 ent=0.877 kl=0.0034
[upd  268 | steps  137216 | t   72.1s | sps  1903] ret_mean=95.000 ep_len=500.0 pi_loss=-0.004 v_loss=3.217 ent=0.281 kl=0.0030
[upd  269 | steps  137728 | t   72.2s | sps  1907] ret_mean=57.000 ep_len=500.0 pi_loss=-0.009 v_loss=5.211 ent=0.438 kl=0.0032
[upd  270 | steps  138240 | t   72.4s | sps  1910] ret_mean=158.000 ep_len=500.0 pi_loss=-0.007 v_loss=3.063 ent=0.437 kl=0.0190
[upd  271 | steps  138752 | t   72.5s | sps  1913] ret_mean=0.000 ep_len=500.0 pi_loss=-0.009 v_loss=1.191 ent=0.939 kl=0.0133
[upd  272 | steps  139264 | t   72.7s | sps  1916] ret_mean=20.000 ep_len=500.0 pi_loss=-0.005 v_loss=1.775 ent=0.705 kl=0.0071
[upd  273 | steps  139776 | t   72.8s | sps  1919] ret_mean=120.500 ep_len=500.0 pi_loss=-0.007 v_loss=9.804 ent=0.083 kl=0.0096
[upd  274 | steps  140288 | t   73.0s | sps  1921] ret_mean=192.000 ep_len=500.0 pi_loss=-0.004 v_loss=2.768 ent=0.288 kl=0.0146
[upd  275 | steps  140800 | t   73.2s | sps  1925] ret_mean=110.000 ep_len=500.0 pi_loss=-0.004 v_loss=2.974 ent=0.463 kl=0.0060
        [eval] ret_mean=16.667 ep_len=500.0
[upd  276 | steps  141312 | t   76.8s | sps  1840] ret_mean=8.000 ep_len=500.0 pi_loss=-0.005 v_loss=1.088 ent=0.975 kl=0.0048
[upd  277 | steps  141824 | t   77.0s | sps  1843] ret_mean=131.500 ep_len=500.0 pi_loss=-0.003 v_loss=3.683 ent=0.306 kl=-0.0006
[upd  278 | steps  142336 | t   77.1s | sps  1846] ret_mean=124.000 ep_len=500.0 pi_loss=-0.005 v_loss=3.107 ent=0.360 kl=0.0020
[upd  279 | steps  142848 | t   77.2s | sps  1850] ret_mean=121.000 ep_len=500.0 pi_loss=-0.005 v_loss=4.344 ent=0.247 kl=0.0029
[upd  280 | steps  143360 | t   77.4s | sps  1853] ret_mean=99.000 ep_len=500.0 pi_loss=-0.006 v_loss=2.489 ent=0.364 kl=0.0033
[upd  281 | steps  143872 | t   77.5s | sps  1856] ret_mean=102.500 ep_len=500.0 pi_loss=-0.006 v_loss=2.632 ent=0.357 kl=0.0042
[upd  282 | steps  144384 | t   77.7s | sps  1859] ret_mean=50.000 ep_len=500.0 pi_loss=-0.004 v_loss=1.561 ent=0.691 kl=0.0030
[upd  283 | steps  144896 | t   77.8s | sps  1862] ret_mean=125.500 ep_len=500.0 pi_loss=-0.007 v_loss=3.032 ent=0.244 kl=0.0132
[upd  284 | steps  145408 | t   78.0s | sps  1865] ret_mean=131.000 ep_len=500.0 pi_loss=-0.005 v_loss=5.273 ent=0.254 kl=0.0127
[upd  285 | steps  145920 | t   78.1s | sps  1868] ret_mean=0.000 ep_len=500.0 pi_loss=-0.006 v_loss=0.987 ent=0.879 kl=0.0027
[upd  286 | steps  146432 | t   78.2s | sps  1871] ret_mean=90.500 ep_len=500.0 pi_loss=-0.003 v_loss=6.288 ent=0.129 kl=0.0012
[upd  287 | steps  146944 | t   78.4s | sps  1875] ret_mean=179.000 ep_len=500.0 pi_loss=-0.003 v_loss=5.827 ent=0.188 kl=0.0023
[upd  288 | steps  147456 | t   78.5s | sps  1878] ret_mean=144.500 ep_len=500.0 pi_loss=-0.002 v_loss=4.838 ent=0.175 kl=0.0015
[upd  289 | steps  147968 | t   78.7s | sps  1881] ret_mean=131.000 ep_len=500.0 pi_loss=-0.003 v_loss=5.644 ent=0.179 kl=0.0008
[upd  290 | steps  148480 | t   78.8s | sps  1884] ret_mean=152.500 ep_len=500.0 pi_loss=0.000 v_loss=5.921 ent=0.098 kl=0.0020
[upd  291 | steps  148992 | t   78.9s | sps  1888] ret_mean=159.000 ep_len=500.0 pi_loss=-0.003 v_loss=5.479 ent=0.127 kl=0.0007
[upd  292 | steps  149504 | t   79.1s | sps  1891] ret_mean=164.000 ep_len=500.0 pi_loss=-0.005 v_loss=4.233 ent=0.261 kl=0.0018
[upd  293 | steps  150016 | t   79.2s | sps  1894] ret_mean=121.500 ep_len=500.0 pi_loss=-0.001 v_loss=8.188 ent=0.077 kl=-0.0018
[upd  294 | steps  150528 | t   79.3s | sps  1897] ret_mean=166.500 ep_len=500.0 pi_loss=-0.000 v_loss=4.484 ent=0.171 kl=0.0031
[upd  295 | steps  151040 | t   79.5s | sps  1900] ret_mean=147.000 ep_len=500.0 pi_loss=-0.001 v_loss=2.477 ent=0.260 kl=-0.0000
[upd  296 | steps  151552 | t   79.6s | sps  1903] ret_mean=72.000 ep_len=500.0 pi_loss=-0.004 v_loss=6.470 ent=0.572 kl=0.0024
[upd  297 | steps  152064 | t   79.8s | sps  1906] ret_mean=175.000 ep_len=500.0 pi_loss=-0.003 v_loss=3.866 ent=0.235 kl=0.0031
[upd  298 | steps  152576 | t   79.9s | sps  1909] ret_mean=136.500 ep_len=500.0 pi_loss=-0.002 v_loss=7.176 ent=0.115 kl=-0.0009
[upd  299 | steps  153088 | t   80.1s | sps  1912] ret_mean=167.000 ep_len=500.0 pi_loss=-0.005 v_loss=4.852 ent=0.252 kl=0.0052
[upd  300 | steps  153600 | t   80.2s | sps  1915] ret_mean=139.000 ep_len=500.0 pi_loss=-0.004 v_loss=2.794 ent=0.329 kl=0.0007
        [eval] ret_mean=27.633 ep_len=500.0
