$ /Users/samchen/Coding/CLASSES/CS2860/.venv/bin/python3 -m policies.hierarchical.train --env rware-medium-4ag-v2 --episodes 600 --max-steps 500 --eval-every 50 --eval-episodes 10 --seed 6 --heartbeat --heartbeat-delay 30 --heartbeat-max-age-clip 128 --epsilon-start 0.5 --epsilon-end 0.05 --epsilon-decay-episodes 300 --log-dir /Users/samchen/Coding/CLASSES/CS2860/runs/overnight_v1/hrl --run-name hrl-comm__delay-dropout__d30__s6 --dropout --dropout-window-start 200 --dropout-window-end 350 --comm

[env] EnvSpec(env_id='rware-medium-4ag-v2', n_agents=4, obs_dim=75, n_env_actions=5, noop_action=0, family='rware')  request_queue_size=4  comm=True
[cfg] alpha=0.3 gamma=0.99 eps=[0.5->0.05] over 300 eps  coop=True comm=True
[hb] heartbeat=True (period=1, delay=30)  dropout=True (agent=None, time=None)
[log] writing to /Users/samchen/Coding/CLASSES/CS2860/runs/overnight_v1/hrl/hrl-comm__delay-dropout__d30__s6
[ep    0 | steps     500 | t    0.1s | sps  6331] ret=0.000 ep_len=500 deliv=0 eps=0.498 |Q|=12
[ep    1 | steps    1000 | t    0.2s | sps  6301] ret=0.000 ep_len=500 deliv=0 eps=0.497 |Q|=23
[ep    2 | steps    1500 | t    0.2s | sps  6202] ret=0.000 ep_len=500 deliv=0 eps=0.495 |Q|=37
[ep    3 | steps    2000 | t    0.3s | sps  6194] ret=0.000 ep_len=500 deliv=0 eps=0.494 |Q|=52
[ep    4 | steps    2500 | t    0.4s | sps  6144] ret=0.000 ep_len=500 deliv=0 eps=0.492 |Q|=59
[ep    5 | steps    3000 | t    0.5s | sps  6116] ret=0.000 ep_len=500 deliv=0 eps=0.491 |Q|=64
[ep    6 | steps    3500 | t    0.6s | sps  6023] ret=0.000 ep_len=500 deliv=0 eps=0.489 |Q|=70
[ep    7 | steps    4000 | t    0.7s | sps  5976] ret=0.000 ep_len=500 deliv=0 eps=0.488 |Q|=81
[ep    8 | steps    4500 | t    0.8s | sps  5974] ret=0.000 ep_len=500 deliv=0 eps=0.486 |Q|=87
[ep    9 | steps    5000 | t    0.8s | sps  5897] ret=1.000 ep_len=500 deliv=1 eps=0.485 |Q|=98
[ep   10 | steps    5500 | t    0.9s | sps  5893] ret=0.000 ep_len=500 deliv=0 eps=0.483 |Q|=106
[ep   11 | steps    6000 | t    1.0s | sps  5879] ret=0.000 ep_len=500 deliv=0 eps=0.482 |Q|=111
[ep   12 | steps    6500 | t    1.1s | sps  5868] ret=0.000 ep_len=500 deliv=0 eps=0.480 |Q|=114
[ep   13 | steps    7000 | t    1.2s | sps  5858] ret=0.000 ep_len=500 deliv=0 eps=0.479 |Q|=120
[ep   14 | steps    7500 | t    1.3s | sps  5862] ret=0.000 ep_len=500 deliv=0 eps=0.477 |Q|=125
[ep   15 | steps    8000 | t    1.4s | sps  5850] ret=0.000 ep_len=500 deliv=0 eps=0.476 |Q|=130
[ep   16 | steps    8500 | t    1.5s | sps  5832] ret=1.000 ep_len=500 deliv=1 eps=0.474 |Q|=147
[ep   17 | steps    9000 | t    1.5s | sps  5829] ret=0.000 ep_len=500 deliv=0 eps=0.473 |Q|=150
[ep   18 | steps    9500 | t    1.6s | sps  5827] ret=0.000 ep_len=500 deliv=0 eps=0.471 |Q|=158
[ep   19 | steps   10000 | t    1.7s | sps  5819] ret=0.000 ep_len=500 deliv=0 eps=0.470 |Q|=163
[ep   20 | steps   10500 | t    1.8s | sps  5814] ret=0.000 ep_len=500 deliv=0 eps=0.468 |Q|=164
[ep   21 | steps   11000 | t    1.9s | sps  5811] ret=0.000 ep_len=500 deliv=0 eps=0.467 |Q|=171
[ep   22 | steps   11500 | t    2.0s | sps  5813] ret=0.000 ep_len=500 deliv=0 eps=0.466 |Q|=185
[ep   23 | steps   12000 | t    2.1s | sps  5816] ret=0.000 ep_len=500 deliv=0 eps=0.464 |Q|=193
[ep   24 | steps   12500 | t    2.1s | sps  5816] ret=0.000 ep_len=500 deliv=0 eps=0.463 |Q|=194
[ep   25 | steps   13000 | t    2.2s | sps  5820] ret=0.000 ep_len=500 deliv=0 eps=0.461 |Q|=203
[ep   26 | steps   13500 | t    2.3s | sps  5817] ret=0.000 ep_len=500 deliv=0 eps=0.460 |Q|=208
[ep   27 | steps   14000 | t    2.4s | sps  5812] ret=0.000 ep_len=500 deliv=0 eps=0.458 |Q|=213
[ep   28 | steps   14500 | t    2.5s | sps  5810] ret=0.000 ep_len=500 deliv=0 eps=0.457 |Q|=214
[ep   29 | steps   15000 | t    2.6s | sps  5809] ret=0.000 ep_len=500 deliv=0 eps=0.455 |Q|=216
[ep   30 | steps   15500 | t    2.7s | sps  5807] ret=0.000 ep_len=500 deliv=0 eps=0.454 |Q|=221
[ep   31 | steps   16000 | t    2.8s | sps  5798] ret=1.000 ep_len=500 deliv=1 eps=0.452 |Q|=237
[ep   32 | steps   16500 | t    2.8s | sps  5794] ret=0.000 ep_len=500 deliv=0 eps=0.451 |Q|=245
[ep   33 | steps   17000 | t    2.9s | sps  5790] ret=0.000 ep_len=500 deliv=0 eps=0.449 |Q|=248
[ep   34 | steps   17500 | t    3.0s | sps  5790] ret=0.000 ep_len=500 deliv=0 eps=0.448 |Q|=250
[ep   35 | steps   18000 | t    3.1s | sps  5793] ret=0.000 ep_len=500 deliv=0 eps=0.446 |Q|=254
[ep   36 | steps   18500 | t    3.2s | sps  5790] ret=0.000 ep_len=500 deliv=0 eps=0.445 |Q|=257
[ep   37 | steps   19000 | t    3.3s | sps  5790] ret=0.000 ep_len=500 deliv=0 eps=0.443 |Q|=260
[ep   38 | steps   19500 | t    3.4s | sps  5793] ret=0.000 ep_len=500 deliv=0 eps=0.442 |Q|=261
[ep   39 | steps   20000 | t    3.5s | sps  5790] ret=0.000 ep_len=500 deliv=0 eps=0.440 |Q|=267
[ep   40 | steps   20500 | t    3.5s | sps  5791] ret=0.000 ep_len=500 deliv=0 eps=0.439 |Q|=269
[ep   41 | steps   21000 | t    3.6s | sps  5789] ret=0.000 ep_len=500 deliv=0 eps=0.437 |Q|=273
[ep   42 | steps   21500 | t    3.7s | sps  5789] ret=0.000 ep_len=500 deliv=0 eps=0.435 |Q|=276
[ep   43 | steps   22000 | t    3.8s | sps  5788] ret=0.000 ep_len=500 deliv=0 eps=0.434 |Q|=284
[ep   44 | steps   22500 | t    3.9s | sps  5786] ret=0.000 ep_len=500 deliv=0 eps=0.432 |Q|=288
[ep   45 | steps   23000 | t    4.0s | sps  5784] ret=0.000 ep_len=500 deliv=0 eps=0.431 |Q|=291
[ep   46 | steps   23500 | t    4.1s | sps  5783] ret=0.000 ep_len=500 deliv=0 eps=0.429 |Q|=292
[ep   47 | steps   24000 | t    4.2s | sps  5782] ret=0.000 ep_len=500 deliv=0 eps=0.428 |Q|=296
[ep   48 | steps   24500 | t    4.2s | sps  5783] ret=0.000 ep_len=500 deliv=0 eps=0.426 |Q|=299
[ep   49 | steps   25000 | t    4.3s | sps  5783] ret=0.000 ep_len=500 deliv=0 eps=0.425 |Q|=299
        [eval] ret_mean=0.000 ep_len=500.0 deliv=0.00
[ep   50 | steps   25500 | t    5.3s | sps  4852] ret=0.000 ep_len=500 deliv=0 eps=0.408 |Q|=325
[ep   51 | steps   26000 | t    5.3s | sps  4869] ret=0.000 ep_len=500 deliv=0 eps=0.407 |Q|=327
[ep   52 | steps   26500 | t    5.4s | sps  4885] ret=0.000 ep_len=500 deliv=0 eps=0.405 |Q|=336
[ep   53 | steps   27000 | t    5.5s | sps  4898] ret=0.000 ep_len=500 deliv=0 eps=0.404 |Q|=336
[ep   54 | steps   27500 | t    5.6s | sps  4910] ret=0.000 ep_len=500 deliv=0 eps=0.402 |Q|=336
[ep   55 | steps   28000 | t    5.7s | sps  4911] ret=1.000 ep_len=500 deliv=1 eps=0.401 |Q|=338
[ep   56 | steps   28500 | t    5.8s | sps  4923] ret=0.000 ep_len=500 deliv=0 eps=0.399 |Q|=341
[ep   57 | steps   29000 | t    5.9s | sps  4937] ret=0.000 ep_len=500 deliv=0 eps=0.398 |Q|=343
[ep   58 | steps   29500 | t    6.0s | sps  4944] ret=1.000 ep_len=500 deliv=1 eps=0.396 |Q|=346
[ep   59 | steps   30000 | t    6.1s | sps  4956] ret=0.000 ep_len=500 deliv=0 eps=0.395 |Q|=346
[ep   60 | steps   30500 | t    6.1s | sps  4968] ret=0.000 ep_len=500 deliv=0 eps=0.394 |Q|=347
[ep   61 | steps   31000 | t    6.2s | sps  4978] ret=0.000 ep_len=500 deliv=0 eps=0.392 |Q|=349
[ep   62 | steps   31500 | t    6.3s | sps  4991] ret=0.000 ep_len=500 deliv=0 eps=0.390 |Q|=349
[ep   63 | steps   32000 | t    6.4s | sps  5001] ret=0.000 ep_len=500 deliv=0 eps=0.389 |Q|=350
[ep   64 | steps   32500 | t    6.5s | sps  5012] ret=0.000 ep_len=500 deliv=0 eps=0.388 |Q|=352
[ep   65 | steps   33000 | t    6.6s | sps  5012] ret=1.000 ep_len=500 deliv=1 eps=0.386 |Q|=360
[ep   66 | steps   33500 | t    6.7s | sps  5022] ret=0.000 ep_len=500 deliv=0 eps=0.385 |Q|=363
[ep   67 | steps   34000 | t    6.8s | sps  5032] ret=0.000 ep_len=500 deliv=0 eps=0.383 |Q|=366
[ep   68 | steps   34500 | t    6.8s | sps  5037] ret=1.000 ep_len=500 deliv=1 eps=0.382 |Q|=369
[ep   69 | steps   35000 | t    6.9s | sps  5045] ret=0.000 ep_len=500 deliv=0 eps=0.380 |Q|=373
[ep   70 | steps   35500 | t    7.0s | sps  5055] ret=0.000 ep_len=500 deliv=0 eps=0.379 |Q|=373
[ep   71 | steps   36000 | t    7.1s | sps  5065] ret=0.000 ep_len=500 deliv=0 eps=0.377 |Q|=376
[ep   72 | steps   36500 | t    7.2s | sps  5075] ret=0.000 ep_len=500 deliv=0 eps=0.376 |Q|=376
[ep   73 | steps   37000 | t    7.3s | sps  5083] ret=0.000 ep_len=500 deliv=0 eps=0.374 |Q|=376
[ep   74 | steps   37500 | t    7.4s | sps  5092] ret=0.000 ep_len=500 deliv=0 eps=0.372 |Q|=380
[ep   75 | steps   38000 | t    7.4s | sps  5102] ret=0.000 ep_len=500 deliv=0 eps=0.371 |Q|=382
[ep   76 | steps   38500 | t    7.5s | sps  5110] ret=0.000 ep_len=500 deliv=0 eps=0.369 |Q|=383
[ep   77 | steps   39000 | t    7.6s | sps  5118] ret=0.000 ep_len=500 deliv=0 eps=0.368 |Q|=384
[ep   78 | steps   39500 | t    7.7s | sps  5126] ret=0.000 ep_len=500 deliv=0 eps=0.366 |Q|=388
[ep   79 | steps   40000 | t    7.8s | sps  5135] ret=0.000 ep_len=500 deliv=0 eps=0.365 |Q|=390
[ep   80 | steps   40500 | t    7.9s | sps  5141] ret=0.000 ep_len=500 deliv=0 eps=0.363 |Q|=391
[ep   81 | steps   41000 | t    8.0s | sps  5148] ret=0.000 ep_len=500 deliv=0 eps=0.362 |Q|=393
[ep   82 | steps   41500 | t    8.0s | sps  5155] ret=0.000 ep_len=500 deliv=0 eps=0.360 |Q|=397
[ep   83 | steps   42000 | t    8.1s | sps  5162] ret=0.000 ep_len=500 deliv=0 eps=0.359 |Q|=397
[ep   84 | steps   42500 | t    8.2s | sps  5168] ret=0.000 ep_len=500 deliv=0 eps=0.358 |Q|=398
[ep   85 | steps   43000 | t    8.3s | sps  5174] ret=0.000 ep_len=500 deliv=0 eps=0.356 |Q|=400
[ep   86 | steps   43500 | t    8.4s | sps  5181] ret=0.000 ep_len=500 deliv=0 eps=0.355 |Q|=401
[ep   87 | steps   44000 | t    8.5s | sps  5179] ret=1.000 ep_len=500 deliv=1 eps=0.353 |Q|=408
[ep   88 | steps   44500 | t    8.6s | sps  5185] ret=0.000 ep_len=500 deliv=0 eps=0.351 |Q|=409
[ep   89 | steps   45000 | t    8.7s | sps  5174] ret=0.000 ep_len=500 deliv=0 eps=0.350 |Q|=410
[ep   90 | steps   45500 | t    8.8s | sps  5180] ret=0.000 ep_len=500 deliv=0 eps=0.349 |Q|=412
[ep   91 | steps   46000 | t    8.9s | sps  5186] ret=0.000 ep_len=500 deliv=0 eps=0.347 |Q|=412
[ep   92 | steps   46500 | t    9.0s | sps  5192] ret=0.000 ep_len=500 deliv=0 eps=0.346 |Q|=416
[ep   93 | steps   47000 | t    9.0s | sps  5197] ret=0.000 ep_len=500 deliv=0 eps=0.344 |Q|=416
[ep   94 | steps   47500 | t    9.1s | sps  5203] ret=0.000 ep_len=500 deliv=0 eps=0.343 |Q|=417
[ep   95 | steps   48000 | t    9.2s | sps  5208] ret=0.000 ep_len=500 deliv=0 eps=0.341 |Q|=418
[ep   96 | steps   48500 | t    9.3s | sps  5214] ret=0.000 ep_len=500 deliv=0 eps=0.340 |Q|=419
[ep   97 | steps   49000 | t    9.4s | sps  5220] ret=0.000 ep_len=500 deliv=0 eps=0.338 |Q|=419
[ep   98 | steps   49500 | t    9.5s | sps  5225] ret=0.000 ep_len=500 deliv=0 eps=0.337 |Q|=423
[ep   99 | steps   50000 | t    9.6s | sps  5229] ret=0.000 ep_len=500 deliv=0 eps=0.335 |Q|=426
        [eval] ret_mean=0.200 ep_len=500.0 deliv=0.20
[ep  100 | steps   50500 | t   10.5s | sps  4802] ret=0.000 ep_len=500 deliv=0 eps=0.319 |Q|=441
[ep  101 | steps   51000 | t   10.6s | sps  4811] ret=0.000 ep_len=500 deliv=0 eps=0.317 |Q|=442
[ep  102 | steps   51500 | t   10.7s | sps  4819] ret=0.000 ep_len=500 deliv=0 eps=0.316 |Q|=444
[ep  103 | steps   52000 | t   10.8s | sps  4827] ret=0.000 ep_len=500 deliv=0 eps=0.314 |Q|=444
[ep  104 | steps   52500 | t   10.9s | sps  4828] ret=1.000 ep_len=500 deliv=1 eps=0.312 |Q|=448
[ep  105 | steps   53000 | t   11.0s | sps  4836] ret=0.000 ep_len=500 deliv=0 eps=0.311 |Q|=448
[ep  106 | steps   53500 | t   11.1s | sps  4837] ret=1.000 ep_len=500 deliv=1 eps=0.309 |Q|=450
[ep  107 | steps   54000 | t   11.2s | sps  4838] ret=1.000 ep_len=500 deliv=1 eps=0.308 |Q|=450
[ep  108 | steps   54500 | t   11.2s | sps  4846] ret=0.000 ep_len=500 deliv=0 eps=0.306 |Q|=452
[ep  109 | steps   55000 | t   11.3s | sps  4852] ret=0.000 ep_len=500 deliv=0 eps=0.305 |Q|=453
[ep  110 | steps   55500 | t   11.4s | sps  4859] ret=0.000 ep_len=500 deliv=0 eps=0.303 |Q|=454
[ep  111 | steps   56000 | t   11.5s | sps  4866] ret=0.000 ep_len=500 deliv=0 eps=0.302 |Q|=456
[ep  112 | steps   56500 | t   11.6s | sps  4870] ret=1.000 ep_len=500 deliv=1 eps=0.300 |Q|=458
[ep  113 | steps   57000 | t   11.7s | sps  4877] ret=0.000 ep_len=500 deliv=0 eps=0.299 |Q|=458
[ep  114 | steps   57500 | t   11.8s | sps  4881] ret=1.000 ep_len=500 deliv=1 eps=0.297 |Q|=461
[ep  115 | steps   58000 | t   11.9s | sps  4887] ret=0.000 ep_len=500 deliv=0 eps=0.296 |Q|=461
[ep  116 | steps   58500 | t   12.0s | sps  4893] ret=0.000 ep_len=500 deliv=0 eps=0.294 |Q|=461
[ep  117 | steps   59000 | t   12.0s | sps  4900] ret=0.000 ep_len=500 deliv=0 eps=0.293 |Q|=461
[ep  118 | steps   59500 | t   12.2s | sps  4897] ret=2.000 ep_len=500 deliv=2 eps=0.291 |Q|=465
[ep  119 | steps   60000 | t   12.2s | sps  4903] ret=0.000 ep_len=500 deliv=0 eps=0.290 |Q|=466
[ep  120 | steps   60500 | t   12.3s | sps  4909] ret=0.000 ep_len=500 deliv=0 eps=0.288 |Q|=469
[ep  121 | steps   61000 | t   12.4s | sps  4914] ret=0.000 ep_len=500 deliv=0 eps=0.287 |Q|=469
[ep  122 | steps   61500 | t   12.5s | sps  4921] ret=0.000 ep_len=500 deliv=0 eps=0.285 |Q|=469
[ep  123 | steps   62000 | t   12.6s | sps  4926] ret=0.000 ep_len=500 deliv=0 eps=0.284 |Q|=469
[ep  124 | steps   62500 | t   12.7s | sps  4929] ret=1.000 ep_len=500 deliv=1 eps=0.282 |Q|=470
[ep  125 | steps   63000 | t   12.8s | sps  4934] ret=0.000 ep_len=500 deliv=0 eps=0.281 |Q|=470
[ep  126 | steps   63500 | t   12.9s | sps  4940] ret=0.000 ep_len=500 deliv=0 eps=0.279 |Q|=470
[ep  127 | steps   64000 | t   12.9s | sps  4942] ret=1.000 ep_len=500 deliv=1 eps=0.278 |Q|=472
[ep  128 | steps   64500 | t   13.0s | sps  4949] ret=0.000 ep_len=500 deliv=0 eps=0.276 |Q|=472
[ep  129 | steps   65000 | t   13.1s | sps  4954] ret=0.000 ep_len=500 deliv=0 eps=0.275 |Q|=472
[ep  130 | steps   65500 | t   13.2s | sps  4959] ret=0.000 ep_len=500 deliv=0 eps=0.274 |Q|=472
[ep  131 | steps   66000 | t   13.3s | sps  4964] ret=0.000 ep_len=500 deliv=0 eps=0.272 |Q|=472
[ep  132 | steps   66500 | t   13.4s | sps  4969] ret=0.000 ep_len=500 deliv=0 eps=0.270 |Q|=472
[ep  133 | steps   67000 | t   13.5s | sps  4974] ret=0.000 ep_len=500 deliv=0 eps=0.269 |Q|=472
[ep  134 | steps   67500 | t   13.6s | sps  4978] ret=0.000 ep_len=500 deliv=0 eps=0.267 |Q|=473
[ep  135 | steps   68000 | t   13.6s | sps  4984] ret=0.000 ep_len=500 deliv=0 eps=0.266 |Q|=473
[ep  136 | steps   68500 | t   13.7s | sps  4988] ret=0.000 ep_len=500 deliv=0 eps=0.265 |Q|=473
[ep  137 | steps   69000 | t   13.8s | sps  4992] ret=0.000 ep_len=500 deliv=0 eps=0.263 |Q|=473
[ep  138 | steps   69500 | t   13.9s | sps  4996] ret=0.000 ep_len=500 deliv=0 eps=0.261 |Q|=473
[ep  139 | steps   70000 | t   14.0s | sps  5001] ret=0.000 ep_len=500 deliv=0 eps=0.260 |Q|=475
[ep  140 | steps   70500 | t   14.1s | sps  5006] ret=0.000 ep_len=500 deliv=0 eps=0.259 |Q|=475
[ep  141 | steps   71000 | t   14.2s | sps  5011] ret=0.000 ep_len=500 deliv=0 eps=0.257 |Q|=475
[ep  142 | steps   71500 | t   14.3s | sps  5015] ret=0.000 ep_len=500 deliv=0 eps=0.256 |Q|=476
[ep  143 | steps   72000 | t   14.3s | sps  5020] ret=0.000 ep_len=500 deliv=0 eps=0.254 |Q|=478
[ep  144 | steps   72500 | t   14.4s | sps  5024] ret=0.000 ep_len=500 deliv=0 eps=0.252 |Q|=479
[ep  145 | steps   73000 | t   14.5s | sps  5029] ret=0.000 ep_len=500 deliv=0 eps=0.251 |Q|=480
[ep  146 | steps   73500 | t   14.6s | sps  5034] ret=0.000 ep_len=500 deliv=0 eps=0.249 |Q|=480
[ep  147 | steps   74000 | t   14.7s | sps  5037] ret=0.000 ep_len=500 deliv=0 eps=0.248 |Q|=480
[ep  148 | steps   74500 | t   14.8s | sps  5038] ret=1.000 ep_len=500 deliv=1 eps=0.246 |Q|=482
[ep  149 | steps   75000 | t   14.9s | sps  5042] ret=0.000 ep_len=500 deliv=0 eps=0.245 |Q|=484
        [eval] ret_mean=0.000 ep_len=500.0 deliv=0.00
[ep  150 | steps   75500 | t   15.8s | sps  4776] ret=0.000 ep_len=500 deliv=0 eps=0.228 |Q|=493
[ep  151 | steps   76000 | t   15.9s | sps  4782] ret=0.000 ep_len=500 deliv=0 eps=0.227 |Q|=493
[ep  152 | steps   76500 | t   16.0s | sps  4786] ret=0.000 ep_len=500 deliv=0 eps=0.225 |Q|=493
[ep  153 | steps   77000 | t   16.1s | sps  4791] ret=0.000 ep_len=500 deliv=0 eps=0.224 |Q|=493
[ep  154 | steps   77500 | t   16.2s | sps  4797] ret=0.000 ep_len=500 deliv=0 eps=0.222 |Q|=493
[ep  155 | steps   78000 | t   16.2s | sps  4802] ret=0.000 ep_len=500 deliv=0 eps=0.221 |Q|=493
[ep  156 | steps   78500 | t   16.3s | sps  4806] ret=0.000 ep_len=500 deliv=0 eps=0.220 |Q|=493
[ep  157 | steps   79000 | t   16.4s | sps  4811] ret=0.000 ep_len=500 deliv=0 eps=0.218 |Q|=493
[ep  158 | steps   79500 | t   16.5s | sps  4817] ret=0.000 ep_len=500 deliv=0 eps=0.216 |Q|=493
[ep  159 | steps   80000 | t   16.6s | sps  4823] ret=0.000 ep_len=500 deliv=0 eps=0.215 |Q|=496
[ep  160 | steps   80500 | t   16.7s | sps  4828] ret=0.000 ep_len=500 deliv=0 eps=0.213 |Q|=498
[ep  161 | steps   81000 | t   16.8s | sps  4833] ret=0.000 ep_len=500 deliv=0 eps=0.212 |Q|=499
[ep  162 | steps   81500 | t   16.8s | sps  4838] ret=0.000 ep_len=500 deliv=0 eps=0.211 |Q|=500
[ep  163 | steps   82000 | t   16.9s | sps  4842] ret=0.000 ep_len=500 deliv=0 eps=0.209 |Q|=501
[ep  164 | steps   82500 | t   17.0s | sps  4847] ret=0.000 ep_len=500 deliv=0 eps=0.207 |Q|=501
[ep  165 | steps   83000 | t   17.1s | sps  4852] ret=0.000 ep_len=500 deliv=0 eps=0.206 |Q|=501
[ep  166 | steps   83500 | t   17.2s | sps  4857] ret=0.000 ep_len=500 deliv=0 eps=0.205 |Q|=501
[ep  167 | steps   84000 | t   17.3s | sps  4861] ret=0.000 ep_len=500 deliv=0 eps=0.203 |Q|=502
[ep  168 | steps   84500 | t   17.4s | sps  4865] ret=0.000 ep_len=500 deliv=0 eps=0.202 |Q|=505
[ep  169 | steps   85000 | t   17.5s | sps  4870] ret=0.000 ep_len=500 deliv=0 eps=0.200 |Q|=508
[ep  170 | steps   85500 | t   17.5s | sps  4874] ret=0.000 ep_len=500 deliv=0 eps=0.198 |Q|=508
[ep  171 | steps   86000 | t   17.6s | sps  4878] ret=0.000 ep_len=500 deliv=0 eps=0.197 |Q|=509
[ep  172 | steps   86500 | t   17.7s | sps  4881] ret=0.000 ep_len=500 deliv=0 eps=0.196 |Q|=511
[ep  173 | steps   87000 | t   17.8s | sps  4885] ret=0.000 ep_len=500 deliv=0 eps=0.194 |Q|=511
[ep  174 | steps   87500 | t   17.9s | sps  4887] ret=1.000 ep_len=500 deliv=1 eps=0.193 |Q|=512
[ep  175 | steps   88000 | t   18.0s | sps  4891] ret=0.000 ep_len=500 deliv=0 eps=0.191 |Q|=512
[ep  176 | steps   88500 | t   18.1s | sps  4896] ret=0.000 ep_len=500 deliv=0 eps=0.190 |Q|=513
[ep  177 | steps   89000 | t   18.2s | sps  4901] ret=0.000 ep_len=500 deliv=0 eps=0.188 |Q|=514
[ep  178 | steps   89500 | t   18.2s | sps  4904] ret=0.000 ep_len=500 deliv=0 eps=0.186 |Q|=514
[ep  179 | steps   90000 | t   18.3s | sps  4909] ret=0.000 ep_len=500 deliv=0 eps=0.185 |Q|=516
[ep  180 | steps   90500 | t   18.4s | sps  4913] ret=0.000 ep_len=500 deliv=0 eps=0.183 |Q|=516
[ep  181 | steps   91000 | t   18.5s | sps  4917] ret=0.000 ep_len=500 deliv=0 eps=0.182 |Q|=518
[ep  182 | steps   91500 | t   18.6s | sps  4920] ret=0.000 ep_len=500 deliv=0 eps=0.180 |Q|=518
[ep  183 | steps   92000 | t   18.7s | sps  4924] ret=0.000 ep_len=500 deliv=0 eps=0.179 |Q|=518
[ep  184 | steps   92500 | t   18.8s | sps  4926] ret=0.000 ep_len=500 deliv=0 eps=0.177 |Q|=518
[ep  185 | steps   93000 | t   18.9s | sps  4930] ret=0.000 ep_len=500 deliv=0 eps=0.176 |Q|=519
[ep  186 | steps   93500 | t   19.0s | sps  4933] ret=0.000 ep_len=500 deliv=0 eps=0.174 |Q|=521
[ep  187 | steps   94000 | t   19.0s | sps  4937] ret=0.000 ep_len=500 deliv=0 eps=0.173 |Q|=523
[ep  188 | steps   94500 | t   19.1s | sps  4940] ret=0.000 ep_len=500 deliv=0 eps=0.171 |Q|=523
[ep  189 | steps   95000 | t   19.2s | sps  4943] ret=0.000 ep_len=500 deliv=0 eps=0.170 |Q|=523
[ep  190 | steps   95500 | t   19.3s | sps  4943] ret=1.000 ep_len=500 deliv=1 eps=0.168 |Q|=525
[ep  191 | steps   96000 | t   19.4s | sps  4944] ret=1.000 ep_len=500 deliv=1 eps=0.167 |Q|=530
[ep  192 | steps   96500 | t   19.5s | sps  4947] ret=0.000 ep_len=500 deliv=0 eps=0.166 |Q|=531
[ep  193 | steps   97000 | t   19.6s | sps  4949] ret=1.000 ep_len=500 deliv=1 eps=0.164 |Q|=533
[ep  194 | steps   97500 | t   19.7s | sps  4951] ret=1.000 ep_len=500 deliv=1 eps=0.162 |Q|=535
[ep  195 | steps   98000 | t   19.8s | sps  4955] ret=0.000 ep_len=500 deliv=0 eps=0.161 |Q|=536
[ep  196 | steps   98500 | t   19.9s | sps  4959] ret=0.000 ep_len=500 deliv=0 eps=0.159 |Q|=537
[ep  197 | steps   99000 | t   20.0s | sps  4961] ret=0.000 ep_len=500 deliv=0 eps=0.158 |Q|=538
[ep  198 | steps   99500 | t   20.0s | sps  4965] ret=0.000 ep_len=500 deliv=0 eps=0.157 |Q|=538
[ep  199 | steps  100000 | t   20.1s | sps  4968] ret=0.000 ep_len=500 deliv=0 eps=0.155 |Q|=538
        [eval] ret_mean=0.000 ep_len=500.0 deliv=0.00
[ep  200 | steps  100500 | t   21.1s | sps  4765] ret=0.000 ep_len=500 deliv=0 eps=0.139 |Q|=547
[ep  201 | steps  101000 | t   21.2s | sps  4769] ret=0.000 ep_len=500 deliv=0 eps=0.137 |Q|=547
[ep  202 | steps  101500 | t   21.3s | sps  4772] ret=0.000 ep_len=500 deliv=0 eps=0.135 |Q|=547
[ep  203 | steps  102000 | t   21.4s | sps  4776] ret=0.000 ep_len=500 deliv=0 eps=0.134 |Q|=547
[ep  204 | steps  102500 | t   21.4s | sps  4780] ret=0.000 ep_len=500 deliv=0 eps=0.133 |Q|=547
[ep  205 | steps  103000 | t   21.5s | sps  4783] ret=0.000 ep_len=500 deliv=0 eps=0.131 |Q|=548
[ep  206 | steps  103500 | t   21.6s | sps  4786] ret=0.000 ep_len=500 deliv=0 eps=0.130 |Q|=549
[ep  207 | steps  104000 | t   21.7s | sps  4789] ret=0.000 ep_len=500 deliv=0 eps=0.128 |Q|=550
[ep  208 | steps  104500 | t   21.8s | sps  4793] ret=0.000 ep_len=500 deliv=0 eps=0.127 |Q|=551
[ep  209 | steps  105000 | t   21.9s | sps  4797] ret=0.000 ep_len=500 deliv=0 eps=0.125 |Q|=551
[ep  210 | steps  105500 | t   22.0s | sps  4800] ret=0.000 ep_len=500 deliv=0 eps=0.123 |Q|=552
[ep  211 | steps  106000 | t   22.1s | sps  4804] ret=0.000 ep_len=500 deliv=0 eps=0.122 |Q|=552
[ep  212 | steps  106500 | t   22.2s | sps  4807] ret=0.000 ep_len=500 deliv=0 eps=0.120 |Q|=552
[ep  213 | steps  107000 | t   22.2s | sps  4810] ret=0.000 ep_len=500 deliv=0 eps=0.119 |Q|=552
[ep  214 | steps  107500 | t   22.3s | sps  4814] ret=0.000 ep_len=500 deliv=0 eps=0.117 |Q|=552
[ep  215 | steps  108000 | t   22.4s | sps  4817] ret=0.000 ep_len=500 deliv=0 eps=0.116 |Q|=552
[ep  216 | steps  108500 | t   22.5s | sps  4820] ret=0.000 ep_len=500 deliv=0 eps=0.114 |Q|=552
[ep  217 | steps  109000 | t   22.6s | sps  4824] ret=0.000 ep_len=500 deliv=0 eps=0.113 |Q|=554
[ep  218 | steps  109500 | t   22.7s | sps  4828] ret=0.000 ep_len=500 deliv=0 eps=0.111 |Q|=554
[ep  219 | steps  110000 | t   22.8s | sps  4831] ret=0.000 ep_len=500 deliv=0 eps=0.110 |Q|=554
[ep  220 | steps  110500 | t   22.9s | sps  4834] ret=0.000 ep_len=500 deliv=0 eps=0.108 |Q|=556
[ep  221 | steps  111000 | t   22.9s | sps  4838] ret=0.000 ep_len=500 deliv=0 eps=0.107 |Q|=556
[ep  222 | steps  111500 | t   23.0s | sps  4841] ret=0.000 ep_len=500 deliv=0 eps=0.105 |Q|=556
[ep  223 | steps  112000 | t   23.1s | sps  4844] ret=0.000 ep_len=500 deliv=0 eps=0.104 |Q|=556
[ep  224 | steps  112500 | t   23.2s | sps  4846] ret=0.000 ep_len=500 deliv=0 eps=0.102 |Q|=556
[ep  225 | steps  113000 | t   23.3s | sps  4849] ret=0.000 ep_len=500 deliv=0 eps=0.101 |Q|=557
[ep  226 | steps  113500 | t   23.4s | sps  4853] ret=0.000 ep_len=500 deliv=0 eps=0.099 |Q|=562
[ep  227 | steps  114000 | t   23.5s | sps  4856] ret=0.000 ep_len=500 deliv=0 eps=0.098 |Q|=562
[ep  228 | steps  114500 | t   23.6s | sps  4859] ret=0.000 ep_len=500 deliv=0 eps=0.097 |Q|=562
[ep  229 | steps  115000 | t   23.7s | sps  4862] ret=0.000 ep_len=500 deliv=0 eps=0.095 |Q|=562
[ep  230 | steps  115500 | t   23.7s | sps  4865] ret=0.000 ep_len=500 deliv=0 eps=0.093 |Q|=562
[ep  231 | steps  116000 | t   23.8s | sps  4868] ret=0.000 ep_len=500 deliv=0 eps=0.092 |Q|=562
[ep  232 | steps  116500 | t   23.9s | sps  4871] ret=0.000 ep_len=500 deliv=0 eps=0.090 |Q|=562
[ep  233 | steps  117000 | t   24.0s | sps  4874] ret=0.000 ep_len=500 deliv=0 eps=0.089 |Q|=565
[ep  234 | steps  117500 | t   24.1s | sps  4877] ret=0.000 ep_len=500 deliv=0 eps=0.088 |Q|=568
[ep  235 | steps  118000 | t   24.2s | sps  4881] ret=0.000 ep_len=500 deliv=0 eps=0.086 |Q|=568
[ep  236 | steps  118500 | t   24.3s | sps  4883] ret=0.000 ep_len=500 deliv=0 eps=0.084 |Q|=568
[ep  237 | steps  119000 | t   24.4s | sps  4886] ret=0.000 ep_len=500 deliv=0 eps=0.083 |Q|=569
[ep  238 | steps  119500 | t   24.5s | sps  4883] ret=0.000 ep_len=500 deliv=0 eps=0.081 |Q|=569
[ep  239 | steps  120000 | t   24.6s | sps  4886] ret=0.000 ep_len=500 deliv=0 eps=0.080 |Q|=569
[ep  240 | steps  120500 | t   24.6s | sps  4889] ret=0.000 ep_len=500 deliv=0 eps=0.079 |Q|=569
[ep  241 | steps  121000 | t   24.7s | sps  4891] ret=0.000 ep_len=500 deliv=0 eps=0.077 |Q|=569
[ep  242 | steps  121500 | t   24.8s | sps  4894] ret=0.000 ep_len=500 deliv=0 eps=0.075 |Q|=569
[ep  243 | steps  122000 | t   24.9s | sps  4894] ret=1.000 ep_len=500 deliv=1 eps=0.074 |Q|=571
[ep  244 | steps  122500 | t   25.0s | sps  4897] ret=0.000 ep_len=500 deliv=0 eps=0.073 |Q|=571
[ep  245 | steps  123000 | t   25.1s | sps  4900] ret=0.000 ep_len=500 deliv=0 eps=0.071 |Q|=571
[ep  246 | steps  123500 | t   25.2s | sps  4902] ret=0.000 ep_len=500 deliv=0 eps=0.070 |Q|=573
[ep  247 | steps  124000 | t   25.3s | sps  4905] ret=0.000 ep_len=500 deliv=0 eps=0.068 |Q|=575
[ep  248 | steps  124500 | t   25.4s | sps  4908] ret=0.000 ep_len=500 deliv=0 eps=0.066 |Q|=575
[ep  249 | steps  125000 | t   25.5s | sps  4911] ret=0.000 ep_len=500 deliv=0 eps=0.065 |Q|=575
        [eval] ret_mean=0.200 ep_len=500.0 deliv=0.20
[ep  250 | steps  125500 | t   26.4s | sps  4745] ret=0.000 ep_len=500 deliv=0 eps=0.050 |Q|=585
[ep  251 | steps  126000 | t   26.5s | sps  4748] ret=0.000 ep_len=500 deliv=0 eps=0.050 |Q|=586
[ep  252 | steps  126500 | t   26.6s | sps  4751] ret=0.000 ep_len=500 deliv=0 eps=0.050 |Q|=586
[ep  253 | steps  127000 | t   26.7s | sps  4754] ret=0.000 ep_len=500 deliv=0 eps=0.050 |Q|=586
[ep  254 | steps  127500 | t   26.8s | sps  4757] ret=0.000 ep_len=500 deliv=0 eps=0.050 |Q|=586
[ep  255 | steps  128000 | t   26.9s | sps  4760] ret=0.000 ep_len=500 deliv=0 eps=0.050 |Q|=586
[ep  256 | steps  128500 | t   27.0s | sps  4764] ret=0.000 ep_len=500 deliv=0 eps=0.050 |Q|=588
[ep  257 | steps  129000 | t   27.1s | sps  4767] ret=0.000 ep_len=500 deliv=0 eps=0.050 |Q|=589
[ep  258 | steps  129500 | t   27.2s | sps  4770] ret=0.000 ep_len=500 deliv=0 eps=0.050 |Q|=589
[ep  259 | steps  130000 | t   27.3s | sps  4770] ret=1.000 ep_len=500 deliv=1 eps=0.050 |Q|=591
[ep  260 | steps  130500 | t   27.3s | sps  4773] ret=0.000 ep_len=500 deliv=0 eps=0.050 |Q|=591
[ep  261 | steps  131000 | t   27.4s | sps  4776] ret=0.000 ep_len=500 deliv=0 eps=0.050 |Q|=591
[ep  262 | steps  131500 | t   27.5s | sps  4779] ret=0.000 ep_len=500 deliv=0 eps=0.050 |Q|=591
[ep  263 | steps  132000 | t   27.6s | sps  4782] ret=0.000 ep_len=500 deliv=0 eps=0.050 |Q|=591
[ep  264 | steps  132500 | t   27.7s | sps  4785] ret=0.000 ep_len=500 deliv=0 eps=0.050 |Q|=591
[ep  265 | steps  133000 | t   27.8s | sps  4787] ret=0.000 ep_len=500 deliv=0 eps=0.050 |Q|=592
[ep  266 | steps  133500 | t   27.9s | sps  4790] ret=0.000 ep_len=500 deliv=0 eps=0.050 |Q|=592
[ep  267 | steps  134000 | t   28.0s | sps  4793] ret=0.000 ep_len=500 deliv=0 eps=0.050 |Q|=593
[ep  268 | steps  134500 | t   28.0s | sps  4795] ret=0.000 ep_len=500 deliv=0 eps=0.050 |Q|=593
[ep  269 | steps  135000 | t   28.1s | sps  4797] ret=0.000 ep_len=500 deliv=0 eps=0.050 |Q|=594
[ep  270 | steps  135500 | t   28.2s | sps  4800] ret=0.000 ep_len=500 deliv=0 eps=0.050 |Q|=594
[ep  271 | steps  136000 | t   28.3s | sps  4803] ret=0.000 ep_len=500 deliv=0 eps=0.050 |Q|=597
[ep  272 | steps  136500 | t   28.4s | sps  4805] ret=0.000 ep_len=500 deliv=0 eps=0.050 |Q|=597
[ep  273 | steps  137000 | t   28.5s | sps  4808] ret=0.000 ep_len=500 deliv=0 eps=0.050 |Q|=597
[ep  274 | steps  137500 | t   28.6s | sps  4809] ret=1.000 ep_len=500 deliv=1 eps=0.050 |Q|=597
[ep  275 | steps  138000 | t   28.7s | sps  4811] ret=0.000 ep_len=500 deliv=0 eps=0.050 |Q|=597
[ep  276 | steps  138500 | t   28.8s | sps  4814] ret=0.000 ep_len=500 deliv=0 eps=0.050 |Q|=598
[ep  277 | steps  139000 | t   28.9s | sps  4817] ret=0.000 ep_len=500 deliv=0 eps=0.050 |Q|=598
[ep  278 | steps  139500 | t   28.9s | sps  4820] ret=0.000 ep_len=500 deliv=0 eps=0.050 |Q|=598
[ep  279 | steps  140000 | t   29.0s | sps  4822] ret=0.000 ep_len=500 deliv=0 eps=0.050 |Q|=599
[ep  280 | steps  140500 | t   29.1s | sps  4825] ret=0.000 ep_len=500 deliv=0 eps=0.050 |Q|=599
[ep  281 | steps  141000 | t   29.2s | sps  4827] ret=0.000 ep_len=500 deliv=0 eps=0.050 |Q|=599
[ep  282 | steps  141500 | t   29.3s | sps  4829] ret=0.000 ep_len=500 deliv=0 eps=0.050 |Q|=599
[ep  283 | steps  142000 | t   29.4s | sps  4832] ret=0.000 ep_len=500 deliv=0 eps=0.050 |Q|=599
[ep  284 | steps  142500 | t   29.5s | sps  4833] ret=1.000 ep_len=500 deliv=1 eps=0.050 |Q|=603
[ep  285 | steps  143000 | t   29.6s | sps  4834] ret=1.000 ep_len=500 deliv=1 eps=0.050 |Q|=603
[ep  286 | steps  143500 | t   29.7s | sps  4836] ret=0.000 ep_len=500 deliv=0 eps=0.050 |Q|=603
[ep  287 | steps  144000 | t   29.8s | sps  4839] ret=0.000 ep_len=500 deliv=0 eps=0.050 |Q|=603
[ep  288 | steps  144500 | t   29.9s | sps  4841] ret=0.000 ep_len=500 deliv=0 eps=0.050 |Q|=603
[ep  289 | steps  145000 | t   29.9s | sps  4843] ret=0.000 ep_len=500 deliv=0 eps=0.050 |Q|=603
[ep  290 | steps  145500 | t   30.0s | sps  4846] ret=0.000 ep_len=500 deliv=0 eps=0.050 |Q|=603
[ep  291 | steps  146000 | t   30.1s | sps  4848] ret=0.000 ep_len=500 deliv=0 eps=0.050 |Q|=603
[ep  292 | steps  146500 | t   30.2s | sps  4851] ret=0.000 ep_len=500 deliv=0 eps=0.050 |Q|=603
[ep  293 | steps  147000 | t   30.3s | sps  4853] ret=0.000 ep_len=500 deliv=0 eps=0.050 |Q|=604
[ep  294 | steps  147500 | t   30.4s | sps  4855] ret=0.000 ep_len=500 deliv=0 eps=0.050 |Q|=604
[ep  295 | steps  148000 | t   30.5s | sps  4857] ret=0.000 ep_len=500 deliv=0 eps=0.050 |Q|=604
[ep  296 | steps  148500 | t   30.6s | sps  4860] ret=0.000 ep_len=500 deliv=0 eps=0.050 |Q|=604
[ep  297 | steps  149000 | t   30.6s | sps  4862] ret=0.000 ep_len=500 deliv=0 eps=0.050 |Q|=604
[ep  298 | steps  149500 | t   30.7s | sps  4863] ret=0.000 ep_len=500 deliv=0 eps=0.050 |Q|=604
[ep  299 | steps  150000 | t   30.8s | sps  4866] ret=0.000 ep_len=500 deliv=0 eps=0.050 |Q|=604
        [eval] ret_mean=0.000 ep_len=500.0 deliv=0.00
[ep  300 | steps  150500 | t   31.8s | sps  4731] ret=1.000 ep_len=500 deliv=1 eps=0.050 |Q|=610
[ep  301 | steps  151000 | t   31.9s | sps  4733] ret=0.000 ep_len=500 deliv=0 eps=0.050 |Q|=610
[ep  302 | steps  151500 | t   32.0s | sps  4736] ret=0.000 ep_len=500 deliv=0 eps=0.050 |Q|=612
[ep  303 | steps  152000 | t   32.1s | sps  4737] ret=1.000 ep_len=500 deliv=1 eps=0.050 |Q|=612
[ep  304 | steps  152500 | t   32.2s | sps  4739] ret=0.000 ep_len=500 deliv=0 eps=0.050 |Q|=613
[ep  305 | steps  153000 | t   32.3s | sps  4742] ret=0.000 ep_len=500 deliv=0 eps=0.050 |Q|=613
[ep  306 | steps  153500 | t   32.4s | sps  4744] ret=0.000 ep_len=500 deliv=0 eps=0.050 |Q|=613
[ep  307 | steps  154000 | t   32.4s | sps  4747] ret=0.000 ep_len=500 deliv=0 eps=0.050 |Q|=613
[ep  308 | steps  154500 | t   32.5s | sps  4749] ret=0.000 ep_len=500 deliv=0 eps=0.050 |Q|=613
[ep  309 | steps  155000 | t   32.6s | sps  4752] ret=0.000 ep_len=500 deliv=0 eps=0.050 |Q|=613
[ep  310 | steps  155500 | t   32.7s | sps  4754] ret=0.000 ep_len=500 deliv=0 eps=0.050 |Q|=613
[ep  311 | steps  156000 | t   32.8s | sps  4757] ret=0.000 ep_len=500 deliv=0 eps=0.050 |Q|=613
[ep  312 | steps  156500 | t   32.9s | sps  4755] ret=2.000 ep_len=500 deliv=2 eps=0.050 |Q|=620
[ep  313 | steps  157000 | t   33.0s | sps  4757] ret=1.000 ep_len=500 deliv=1 eps=0.050 |Q|=621
[ep  314 | steps  157500 | t   33.1s | sps  4759] ret=0.000 ep_len=500 deliv=0 eps=0.050 |Q|=621
[ep  315 | steps  158000 | t   33.2s | sps  4762] ret=0.000 ep_len=500 deliv=0 eps=0.050 |Q|=622
[ep  316 | steps  158500 | t   33.3s | sps  4764] ret=0.000 ep_len=500 deliv=0 eps=0.050 |Q|=622
[ep  317 | steps  159000 | t   33.4s | sps  4766] ret=0.000 ep_len=500 deliv=0 eps=0.050 |Q|=622
[ep  318 | steps  159500 | t   33.4s | sps  4769] ret=0.000 ep_len=500 deliv=0 eps=0.050 |Q|=622
[ep  319 | steps  160000 | t   33.5s | sps  4772] ret=0.000 ep_len=500 deliv=0 eps=0.050 |Q|=622
[ep  320 | steps  160500 | t   33.6s | sps  4774] ret=0.000 ep_len=500 deliv=0 eps=0.050 |Q|=622
[ep  321 | steps  161000 | t   33.7s | sps  4776] ret=0.000 ep_len=500 deliv=0 eps=0.050 |Q|=622
[ep  322 | steps  161500 | t   33.8s | sps  4778] ret=0.000 ep_len=500 deliv=0 eps=0.050 |Q|=622
[ep  323 | steps  162000 | t   33.9s | sps  4781] ret=0.000 ep_len=500 deliv=0 eps=0.050 |Q|=622
[ep  324 | steps  162500 | t   34.0s | sps  4783] ret=0.000 ep_len=500 deliv=0 eps=0.050 |Q|=622
[ep  325 | steps  163000 | t   34.1s | sps  4785] ret=0.000 ep_len=500 deliv=0 eps=0.050 |Q|=622
[ep  326 | steps  163500 | t   34.2s | sps  4787] ret=0.000 ep_len=500 deliv=0 eps=0.050 |Q|=623
[ep  327 | steps  164000 | t   34.2s | sps  4789] ret=0.000 ep_len=500 deliv=0 eps=0.050 |Q|=624
[ep  328 | steps  164500 | t   34.3s | sps  4792] ret=0.000 ep_len=500 deliv=0 eps=0.050 |Q|=624
[ep  329 | steps  165000 | t   34.4s | sps  4794] ret=0.000 ep_len=500 deliv=0 eps=0.050 |Q|=624
[ep  330 | steps  165500 | t   34.5s | sps  4796] ret=0.000 ep_len=500 deliv=0 eps=0.050 |Q|=624
[ep  331 | steps  166000 | t   34.6s | sps  4798] ret=0.000 ep_len=500 deliv=0 eps=0.050 |Q|=624
[ep  332 | steps  166500 | t   34.7s | sps  4800] ret=0.000 ep_len=500 deliv=0 eps=0.050 |Q|=624
[ep  333 | steps  167000 | t   34.8s | sps  4801] ret=1.000 ep_len=500 deliv=1 eps=0.050 |Q|=624
[ep  334 | steps  167500 | t   34.9s | sps  4804] ret=0.000 ep_len=500 deliv=0 eps=0.050 |Q|=624
[ep  335 | steps  168000 | t   35.0s | sps  4806] ret=0.000 ep_len=500 deliv=0 eps=0.050 |Q|=624
[ep  336 | steps  168500 | t   35.0s | sps  4808] ret=0.000 ep_len=500 deliv=0 eps=0.050 |Q|=624
[ep  337 | steps  169000 | t   35.1s | sps  4810] ret=0.000 ep_len=500 deliv=0 eps=0.050 |Q|=624
[ep  338 | steps  169500 | t   35.2s | sps  4812] ret=0.000 ep_len=500 deliv=0 eps=0.050 |Q|=625
[ep  339 | steps  170000 | t   35.3s | sps  4814] ret=0.000 ep_len=500 deliv=0 eps=0.050 |Q|=625
[ep  340 | steps  170500 | t   35.4s | sps  4816] ret=0.000 ep_len=500 deliv=0 eps=0.050 |Q|=626
[ep  341 | steps  171000 | t   35.5s | sps  4816] ret=1.000 ep_len=500 deliv=1 eps=0.050 |Q|=629
[ep  342 | steps  171500 | t   35.6s | sps  4818] ret=0.000 ep_len=500 deliv=0 eps=0.050 |Q|=630
[ep  343 | steps  172000 | t   35.7s | sps  4820] ret=0.000 ep_len=500 deliv=0 eps=0.050 |Q|=630
[ep  344 | steps  172500 | t   35.8s | sps  4822] ret=0.000 ep_len=500 deliv=0 eps=0.050 |Q|=632
[ep  345 | steps  173000 | t   35.9s | sps  4825] ret=0.000 ep_len=500 deliv=0 eps=0.050 |Q|=633
[ep  346 | steps  173500 | t   35.9s | sps  4827] ret=0.000 ep_len=500 deliv=0 eps=0.050 |Q|=633
[ep  347 | steps  174000 | t   36.0s | sps  4829] ret=0.000 ep_len=500 deliv=0 eps=0.050 |Q|=633
[ep  348 | steps  174500 | t   36.1s | sps  4831] ret=0.000 ep_len=500 deliv=0 eps=0.050 |Q|=635
[ep  349 | steps  175000 | t   36.2s | sps  4833] ret=0.000 ep_len=500 deliv=0 eps=0.050 |Q|=636
        [eval] ret_mean=0.200 ep_len=500.0 deliv=0.20
[ep  350 | steps  175500 | t   37.2s | sps  4719] ret=0.000 ep_len=500 deliv=0 eps=0.050 |Q|=642
[ep  351 | steps  176000 | t   37.3s | sps  4722] ret=0.000 ep_len=500 deliv=0 eps=0.050 |Q|=642
[ep  352 | steps  176500 | t   37.4s | sps  4724] ret=0.000 ep_len=500 deliv=0 eps=0.050 |Q|=642
[ep  353 | steps  177000 | t   37.4s | sps  4726] ret=0.000 ep_len=500 deliv=0 eps=0.050 |Q|=642
[ep  354 | steps  177500 | t   37.5s | sps  4729] ret=0.000 ep_len=500 deliv=0 eps=0.050 |Q|=642
[ep  355 | steps  178000 | t   37.6s | sps  4731] ret=0.000 ep_len=500 deliv=0 eps=0.050 |Q|=642
[ep  356 | steps  178500 | t   37.7s | sps  4734] ret=0.000 ep_len=500 deliv=0 eps=0.050 |Q|=643
[ep  357 | steps  179000 | t   37.8s | sps  4736] ret=0.000 ep_len=500 deliv=0 eps=0.050 |Q|=643
[ep  358 | steps  179500 | t   37.9s | sps  4737] ret=1.000 ep_len=500 deliv=1 eps=0.050 |Q|=643
[ep  359 | steps  180000 | t   38.0s | sps  4739] ret=0.000 ep_len=500 deliv=0 eps=0.050 |Q|=643
[ep  360 | steps  180500 | t   38.1s | sps  4741] ret=0.000 ep_len=500 deliv=0 eps=0.050 |Q|=643
[ep  361 | steps  181000 | t   38.2s | sps  4741] ret=1.000 ep_len=500 deliv=1 eps=0.050 |Q|=644
[ep  362 | steps  181500 | t   38.3s | sps  4743] ret=0.000 ep_len=500 deliv=0 eps=0.050 |Q|=646
[ep  363 | steps  182000 | t   38.4s | sps  4745] ret=0.000 ep_len=500 deliv=0 eps=0.050 |Q|=647
[ep  364 | steps  182500 | t   38.4s | sps  4748] ret=0.000 ep_len=500 deliv=0 eps=0.050 |Q|=648
[ep  365 | steps  183000 | t   38.5s | sps  4750] ret=0.000 ep_len=500 deliv=0 eps=0.050 |Q|=648
[ep  366 | steps  183500 | t   38.6s | sps  4752] ret=0.000 ep_len=500 deliv=0 eps=0.050 |Q|=648
[ep  367 | steps  184000 | t   38.7s | sps  4754] ret=0.000 ep_len=500 deliv=0 eps=0.050 |Q|=648
[ep  368 | steps  184500 | t   38.8s | sps  4756] ret=0.000 ep_len=500 deliv=0 eps=0.050 |Q|=648
[ep  369 | steps  185000 | t   38.9s | sps  4758] ret=0.000 ep_len=500 deliv=0 eps=0.050 |Q|=648
[ep  370 | steps  185500 | t   39.0s | sps  4760] ret=0.000 ep_len=500 deliv=0 eps=0.050 |Q|=649
[ep  371 | steps  186000 | t   39.1s | sps  4762] ret=0.000 ep_len=500 deliv=0 eps=0.050 |Q|=649
[ep  372 | steps  186500 | t   39.2s | sps  4763] ret=0.000 ep_len=500 deliv=0 eps=0.050 |Q|=650
[ep  373 | steps  187000 | t   39.2s | sps  4765] ret=0.000 ep_len=500 deliv=0 eps=0.050 |Q|=650
[ep  374 | steps  187500 | t   39.3s | sps  4767] ret=1.000 ep_len=500 deliv=1 eps=0.050 |Q|=653
[ep  375 | steps  188000 | t   39.4s | sps  4769] ret=0.000 ep_len=500 deliv=0 eps=0.050 |Q|=653
[ep  376 | steps  188500 | t   39.5s | sps  4771] ret=0.000 ep_len=500 deliv=0 eps=0.050 |Q|=653
[ep  377 | steps  189000 | t   39.6s | sps  4773] ret=0.000 ep_len=500 deliv=0 eps=0.050 |Q|=653
[ep  378 | steps  189500 | t   39.7s | sps  4775] ret=0.000 ep_len=500 deliv=0 eps=0.050 |Q|=653
[ep  379 | steps  190000 | t   39.8s | sps  4777] ret=0.000 ep_len=500 deliv=0 eps=0.050 |Q|=653
[ep  380 | steps  190500 | t   39.9s | sps  4779] ret=0.000 ep_len=500 deliv=0 eps=0.050 |Q|=654
[ep  381 | steps  191000 | t   40.0s | sps  4781] ret=0.000 ep_len=500 deliv=0 eps=0.050 |Q|=654
[ep  382 | steps  191500 | t   40.0s | sps  4783] ret=0.000 ep_len=500 deliv=0 eps=0.050 |Q|=654
[ep  383 | steps  192000 | t   40.1s | sps  4785] ret=0.000 ep_len=500 deliv=0 eps=0.050 |Q|=655
[ep  384 | steps  192500 | t   40.2s | sps  4787] ret=0.000 ep_len=500 deliv=0 eps=0.050 |Q|=655
[ep  385 | steps  193000 | t   40.3s | sps  4786] ret=0.000 ep_len=500 deliv=0 eps=0.050 |Q|=655
[ep  386 | steps  193500 | t   40.4s | sps  4788] ret=0.000 ep_len=500 deliv=0 eps=0.050 |Q|=655
[ep  387 | steps  194000 | t   40.5s | sps  4790] ret=0.000 ep_len=500 deliv=0 eps=0.050 |Q|=655
[ep  388 | steps  194500 | t   40.6s | sps  4792] ret=0.000 ep_len=500 deliv=0 eps=0.050 |Q|=655
[ep  389 | steps  195000 | t   40.7s | sps  4794] ret=0.000 ep_len=500 deliv=0 eps=0.050 |Q|=656
[ep  390 | steps  195500 | t   40.8s | sps  4796] ret=0.000 ep_len=500 deliv=0 eps=0.050 |Q|=657
[ep  391 | steps  196000 | t   40.9s | sps  4798] ret=0.000 ep_len=500 deliv=0 eps=0.050 |Q|=657
[ep  392 | steps  196500 | t   40.9s | sps  4800] ret=0.000 ep_len=500 deliv=0 eps=0.050 |Q|=661
[ep  393 | steps  197000 | t   41.0s | sps  4801] ret=0.000 ep_len=500 deliv=0 eps=0.050 |Q|=661
[ep  394 | steps  197500 | t   41.1s | sps  4803] ret=0.000 ep_len=500 deliv=0 eps=0.050 |Q|=661
[ep  395 | steps  198000 | t   41.2s | sps  4805] ret=0.000 ep_len=500 deliv=0 eps=0.050 |Q|=661
[ep  396 | steps  198500 | t   41.3s | sps  4807] ret=0.000 ep_len=500 deliv=0 eps=0.050 |Q|=661
[ep  397 | steps  199000 | t   41.4s | sps  4809] ret=0.000 ep_len=500 deliv=0 eps=0.050 |Q|=661
[ep  398 | steps  199500 | t   41.5s | sps  4811] ret=0.000 ep_len=500 deliv=0 eps=0.050 |Q|=661
[ep  399 | steps  200000 | t   41.6s | sps  4812] ret=0.000 ep_len=500 deliv=0 eps=0.050 |Q|=661
        [eval] ret_mean=0.100 ep_len=500.0 deliv=0.10
[ep  400 | steps  200500 | t   42.5s | sps  4714] ret=0.000 ep_len=500 deliv=0 eps=0.050 |Q|=667
[ep  401 | steps  201000 | t   42.6s | sps  4716] ret=0.000 ep_len=500 deliv=0 eps=0.050 |Q|=668
[ep  402 | steps  201500 | t   42.7s | sps  4718] ret=0.000 ep_len=500 deliv=0 eps=0.050 |Q|=668
[ep  403 | steps  202000 | t   42.8s | sps  4720] ret=0.000 ep_len=500 deliv=0 eps=0.050 |Q|=668
[ep  404 | steps  202500 | t   42.9s | sps  4720] ret=1.000 ep_len=500 deliv=1 eps=0.050 |Q|=670
[ep  405 | steps  203000 | t   43.0s | sps  4722] ret=0.000 ep_len=500 deliv=0 eps=0.050 |Q|=670
[ep  406 | steps  203500 | t   43.1s | sps  4724] ret=0.000 ep_len=500 deliv=0 eps=0.050 |Q|=671
[ep  407 | steps  204000 | t   43.2s | sps  4726] ret=0.000 ep_len=500 deliv=0 eps=0.050 |Q|=671
[ep  408 | steps  204500 | t   43.3s | sps  4727] ret=0.000 ep_len=500 deliv=0 eps=0.050 |Q|=671
[ep  409 | steps  205000 | t   43.4s | sps  4729] ret=0.000 ep_len=500 deliv=0 eps=0.050 |Q|=671
[ep  410 | steps  205500 | t   43.4s | sps  4730] ret=0.000 ep_len=500 deliv=0 eps=0.050 |Q|=671
[ep  411 | steps  206000 | t   43.6s | sps  4730] ret=2.000 ep_len=500 deliv=2 eps=0.050 |Q|=677
[ep  412 | steps  206500 | t   43.6s | sps  4731] ret=0.000 ep_len=500 deliv=0 eps=0.050 |Q|=677
[ep  413 | steps  207000 | t   43.7s | sps  4733] ret=0.000 ep_len=500 deliv=0 eps=0.050 |Q|=679
[ep  414 | steps  207500 | t   43.8s | sps  4735] ret=0.000 ep_len=500 deliv=0 eps=0.050 |Q|=679
[ep  415 | steps  208000 | t   43.9s | sps  4737] ret=0.000 ep_len=500 deliv=0 eps=0.050 |Q|=681
[ep  416 | steps  208500 | t   44.0s | sps  4738] ret=0.000 ep_len=500 deliv=0 eps=0.050 |Q|=682
[ep  417 | steps  209000 | t   44.1s | sps  4739] ret=1.000 ep_len=500 deliv=1 eps=0.050 |Q|=682
[ep  418 | steps  209500 | t   44.2s | sps  4741] ret=0.000 ep_len=500 deliv=0 eps=0.050 |Q|=683
[ep  419 | steps  210000 | t   44.3s | sps  4743] ret=0.000 ep_len=500 deliv=0 eps=0.050 |Q|=683
[ep  420 | steps  210500 | t   44.4s | sps  4744] ret=0.000 ep_len=500 deliv=0 eps=0.050 |Q|=683
[ep  421 | steps  211000 | t   44.5s | sps  4746] ret=0.000 ep_len=500 deliv=0 eps=0.050 |Q|=683
[ep  422 | steps  211500 | t   44.5s | sps  4748] ret=0.000 ep_len=500 deliv=0 eps=0.050 |Q|=683
[ep  423 | steps  212000 | t   44.7s | sps  4748] ret=1.000 ep_len=500 deliv=1 eps=0.050 |Q|=684
[ep  424 | steps  212500 | t   44.7s | sps  4750] ret=0.000 ep_len=500 deliv=0 eps=0.050 |Q|=684
[ep  425 | steps  213000 | t   44.8s | sps  4751] ret=0.000 ep_len=500 deliv=0 eps=0.050 |Q|=684
[ep  426 | steps  213500 | t   44.9s | sps  4753] ret=0.000 ep_len=500 deliv=0 eps=0.050 |Q|=687
[ep  427 | steps  214000 | t   45.0s | sps  4755] ret=0.000 ep_len=500 deliv=0 eps=0.050 |Q|=687
[ep  428 | steps  214500 | t   45.1s | sps  4756] ret=0.000 ep_len=500 deliv=0 eps=0.050 |Q|=687
[ep  429 | steps  215000 | t   45.2s | sps  4758] ret=0.000 ep_len=500 deliv=0 eps=0.050 |Q|=687
[ep  430 | steps  215500 | t   45.3s | sps  4760] ret=0.000 ep_len=500 deliv=0 eps=0.050 |Q|=687
[ep  431 | steps  216000 | t   45.4s | sps  4761] ret=0.000 ep_len=500 deliv=0 eps=0.050 |Q|=687
[ep  432 | steps  216500 | t   45.5s | sps  4763] ret=0.000 ep_len=500 deliv=0 eps=0.050 |Q|=687
[ep  433 | steps  217000 | t   45.5s | sps  4765] ret=0.000 ep_len=500 deliv=0 eps=0.050 |Q|=687
[ep  434 | steps  217500 | t   45.6s | sps  4766] ret=0.000 ep_len=500 deliv=0 eps=0.050 |Q|=691
[ep  435 | steps  218000 | t   45.7s | sps  4768] ret=0.000 ep_len=500 deliv=0 eps=0.050 |Q|=691
[ep  436 | steps  218500 | t   45.8s | sps  4770] ret=0.000 ep_len=500 deliv=0 eps=0.050 |Q|=691
[ep  437 | steps  219000 | t   45.9s | sps  4771] ret=0.000 ep_len=500 deliv=0 eps=0.050 |Q|=691
[ep  438 | steps  219500 | t   46.0s | sps  4773] ret=0.000 ep_len=500 deliv=0 eps=0.050 |Q|=691
[ep  439 | steps  220000 | t   46.1s | sps  4774] ret=0.000 ep_len=500 deliv=0 eps=0.050 |Q|=691
[ep  440 | steps  220500 | t   46.2s | sps  4776] ret=0.000 ep_len=500 deliv=0 eps=0.050 |Q|=691
[ep  441 | steps  221000 | t   46.3s | sps  4777] ret=1.000 ep_len=500 deliv=1 eps=0.050 |Q|=694
[ep  442 | steps  221500 | t   46.4s | sps  4778] ret=0.000 ep_len=500 deliv=0 eps=0.050 |Q|=694
[ep  443 | steps  222000 | t   46.4s | sps  4780] ret=0.000 ep_len=500 deliv=0 eps=0.050 |Q|=694
[ep  444 | steps  222500 | t   46.5s | sps  4781] ret=0.000 ep_len=500 deliv=0 eps=0.050 |Q|=694
[ep  445 | steps  223000 | t   46.6s | sps  4783] ret=0.000 ep_len=500 deliv=0 eps=0.050 |Q|=694
[ep  446 | steps  223500 | t   46.7s | sps  4785] ret=0.000 ep_len=500 deliv=0 eps=0.050 |Q|=694
[ep  447 | steps  224000 | t   46.8s | sps  4786] ret=0.000 ep_len=500 deliv=0 eps=0.050 |Q|=695
[ep  448 | steps  224500 | t   46.9s | sps  4788] ret=0.000 ep_len=500 deliv=0 eps=0.050 |Q|=695
[ep  449 | steps  225000 | t   47.0s | sps  4788] ret=1.000 ep_len=500 deliv=1 eps=0.050 |Q|=696
        [eval] ret_mean=0.200 ep_len=500.0 deliv=0.20
[ep  450 | steps  225500 | t   48.0s | sps  4699] ret=0.000 ep_len=500 deliv=0 eps=0.050 |Q|=699
[ep  451 | steps  226000 | t   48.1s | sps  4701] ret=0.000 ep_len=500 deliv=0 eps=0.050 |Q|=700
[ep  452 | steps  226500 | t   48.2s | sps  4703] ret=0.000 ep_len=500 deliv=0 eps=0.050 |Q|=700
[ep  453 | steps  227000 | t   48.3s | sps  4704] ret=0.000 ep_len=500 deliv=0 eps=0.050 |Q|=700
[ep  454 | steps  227500 | t   48.3s | sps  4706] ret=0.000 ep_len=500 deliv=0 eps=0.050 |Q|=700
[ep  455 | steps  228000 | t   48.4s | sps  4707] ret=0.000 ep_len=500 deliv=0 eps=0.050 |Q|=700
[ep  456 | steps  228500 | t   48.5s | sps  4709] ret=0.000 ep_len=500 deliv=0 eps=0.050 |Q|=701
[ep  457 | steps  229000 | t   48.6s | sps  4711] ret=0.000 ep_len=500 deliv=0 eps=0.050 |Q|=701
[ep  458 | steps  229500 | t   48.7s | sps  4712] ret=0.000 ep_len=500 deliv=0 eps=0.050 |Q|=701
[ep  459 | steps  230000 | t   48.8s | sps  4714] ret=0.000 ep_len=500 deliv=0 eps=0.050 |Q|=701
[ep  460 | steps  230500 | t   48.9s | sps  4715] ret=0.000 ep_len=500 deliv=0 eps=0.050 |Q|=701
[ep  461 | steps  231000 | t   49.0s | sps  4717] ret=0.000 ep_len=500 deliv=0 eps=0.050 |Q|=701
[ep  462 | steps  231500 | t   49.1s | sps  4719] ret=0.000 ep_len=500 deliv=0 eps=0.050 |Q|=701
[ep  463 | steps  232000 | t   49.1s | sps  4721] ret=0.000 ep_len=500 deliv=0 eps=0.050 |Q|=701
[ep  464 | steps  232500 | t   49.2s | sps  4722] ret=0.000 ep_len=500 deliv=0 eps=0.050 |Q|=701
[ep  465 | steps  233000 | t   49.3s | sps  4724] ret=0.000 ep_len=500 deliv=0 eps=0.050 |Q|=701
[ep  466 | steps  233500 | t   49.4s | sps  4725] ret=0.000 ep_len=500 deliv=0 eps=0.050 |Q|=702
[ep  467 | steps  234000 | t   49.5s | sps  4727] ret=0.000 ep_len=500 deliv=0 eps=0.050 |Q|=702
[ep  468 | steps  234500 | t   49.6s | sps  4729] ret=0.000 ep_len=500 deliv=0 eps=0.050 |Q|=702
[ep  469 | steps  235000 | t   49.7s | sps  4730] ret=0.000 ep_len=500 deliv=0 eps=0.050 |Q|=702
[ep  470 | steps  235500 | t   49.8s | sps  4732] ret=0.000 ep_len=500 deliv=0 eps=0.050 |Q|=702
[ep  471 | steps  236000 | t   49.9s | sps  4734] ret=0.000 ep_len=500 deliv=0 eps=0.050 |Q|=702
[ep  472 | steps  236500 | t   49.9s | sps  4735] ret=0.000 ep_len=500 deliv=0 eps=0.050 |Q|=702
[ep  473 | steps  237000 | t   50.0s | sps  4737] ret=0.000 ep_len=500 deliv=0 eps=0.050 |Q|=703
[ep  474 | steps  237500 | t   50.1s | sps  4739] ret=0.000 ep_len=500 deliv=0 eps=0.050 |Q|=703
[ep  475 | steps  238000 | t   50.2s | sps  4740] ret=0.000 ep_len=500 deliv=0 eps=0.050 |Q|=703
[ep  476 | steps  238500 | t   50.3s | sps  4742] ret=0.000 ep_len=500 deliv=0 eps=0.050 |Q|=704
[ep  477 | steps  239000 | t   50.4s | sps  4744] ret=0.000 ep_len=500 deliv=0 eps=0.050 |Q|=704
[ep  478 | steps  239500 | t   50.5s | sps  4745] ret=0.000 ep_len=500 deliv=0 eps=0.050 |Q|=704
[ep  479 | steps  240000 | t   50.6s | sps  4746] ret=0.000 ep_len=500 deliv=0 eps=0.050 |Q|=704
[ep  480 | steps  240500 | t   50.7s | sps  4748] ret=0.000 ep_len=500 deliv=0 eps=0.050 |Q|=704
[ep  481 | steps  241000 | t   50.7s | sps  4749] ret=0.000 ep_len=500 deliv=0 eps=0.050 |Q|=704
[ep  482 | steps  241500 | t   50.8s | sps  4750] ret=0.000 ep_len=500 deliv=0 eps=0.050 |Q|=706
[ep  483 | steps  242000 | t   50.9s | sps  4751] ret=0.000 ep_len=500 deliv=0 eps=0.050 |Q|=706
[ep  484 | steps  242500 | t   51.0s | sps  4753] ret=0.000 ep_len=500 deliv=0 eps=0.050 |Q|=707
[ep  485 | steps  243000 | t   51.1s | sps  4754] ret=0.000 ep_len=500 deliv=0 eps=0.050 |Q|=707
[ep  486 | steps  243500 | t   51.2s | sps  4756] ret=0.000 ep_len=500 deliv=0 eps=0.050 |Q|=708
[ep  487 | steps  244000 | t   51.3s | sps  4758] ret=0.000 ep_len=500 deliv=0 eps=0.050 |Q|=709
[ep  488 | steps  244500 | t   51.4s | sps  4759] ret=0.000 ep_len=500 deliv=0 eps=0.050 |Q|=709
[ep  489 | steps  245000 | t   51.5s | sps  4760] ret=0.000 ep_len=500 deliv=0 eps=0.050 |Q|=709
[ep  490 | steps  245500 | t   51.6s | sps  4761] ret=1.000 ep_len=500 deliv=1 eps=0.050 |Q|=710
[ep  491 | steps  246000 | t   51.7s | sps  4762] ret=1.000 ep_len=500 deliv=1 eps=0.050 |Q|=713
[ep  492 | steps  246500 | t   51.7s | sps  4763] ret=0.000 ep_len=500 deliv=0 eps=0.050 |Q|=713
[ep  493 | steps  247000 | t   51.8s | sps  4765] ret=0.000 ep_len=500 deliv=0 eps=0.050 |Q|=713
[ep  494 | steps  247500 | t   51.9s | sps  4766] ret=0.000 ep_len=500 deliv=0 eps=0.050 |Q|=713
[ep  495 | steps  248000 | t   52.0s | sps  4766] ret=1.000 ep_len=500 deliv=1 eps=0.050 |Q|=713
[ep  496 | steps  248500 | t   52.1s | sps  4768] ret=0.000 ep_len=500 deliv=0 eps=0.050 |Q|=713
[ep  497 | steps  249000 | t   52.2s | sps  4769] ret=0.000 ep_len=500 deliv=0 eps=0.050 |Q|=713
[ep  498 | steps  249500 | t   52.3s | sps  4771] ret=0.000 ep_len=500 deliv=0 eps=0.050 |Q|=713
[ep  499 | steps  250000 | t   52.4s | sps  4772] ret=0.000 ep_len=500 deliv=0 eps=0.050 |Q|=713
        [eval] ret_mean=0.000 ep_len=500.0 deliv=0.00
[ep  500 | steps  250500 | t   53.4s | sps  4693] ret=0.000 ep_len=500 deliv=0 eps=0.050 |Q|=716
[ep  501 | steps  251000 | t   53.5s | sps  4694] ret=0.000 ep_len=500 deliv=0 eps=0.050 |Q|=716
[ep  502 | steps  251500 | t   53.6s | sps  4694] ret=1.000 ep_len=500 deliv=1 eps=0.050 |Q|=717
[ep  503 | steps  252000 | t   53.7s | sps  4696] ret=0.000 ep_len=500 deliv=0 eps=0.050 |Q|=717
[ep  504 | steps  252500 | t   53.7s | sps  4698] ret=0.000 ep_len=500 deliv=0 eps=0.050 |Q|=717
[ep  505 | steps  253000 | t   53.8s | sps  4699] ret=0.000 ep_len=500 deliv=0 eps=0.050 |Q|=717
[ep  506 | steps  253500 | t   53.9s | sps  4701] ret=0.000 ep_len=500 deliv=0 eps=0.050 |Q|=717
[ep  507 | steps  254000 | t   54.0s | sps  4702] ret=0.000 ep_len=500 deliv=0 eps=0.050 |Q|=717
[ep  508 | steps  254500 | t   54.1s | sps  4704] ret=0.000 ep_len=500 deliv=0 eps=0.050 |Q|=717
[ep  509 | steps  255000 | t   54.2s | sps  4704] ret=1.000 ep_len=500 deliv=1 eps=0.050 |Q|=717
[ep  510 | steps  255500 | t   54.3s | sps  4705] ret=0.000 ep_len=500 deliv=0 eps=0.050 |Q|=717
[ep  511 | steps  256000 | t   54.4s | sps  4707] ret=0.000 ep_len=500 deliv=0 eps=0.050 |Q|=717
[ep  512 | steps  256500 | t   54.5s | sps  4708] ret=0.000 ep_len=500 deliv=0 eps=0.050 |Q|=717
[ep  513 | steps  257000 | t   54.6s | sps  4710] ret=0.000 ep_len=500 deliv=0 eps=0.050 |Q|=717
[ep  514 | steps  257500 | t   54.7s | sps  4711] ret=0.000 ep_len=500 deliv=0 eps=0.050 |Q|=718
[ep  515 | steps  258000 | t   54.7s | sps  4712] ret=0.000 ep_len=500 deliv=0 eps=0.050 |Q|=718
[ep  516 | steps  258500 | t   54.8s | sps  4714] ret=0.000 ep_len=500 deliv=0 eps=0.050 |Q|=718
[ep  517 | steps  259000 | t   54.9s | sps  4715] ret=0.000 ep_len=500 deliv=0 eps=0.050 |Q|=718
[ep  518 | steps  259500 | t   55.0s | sps  4717] ret=0.000 ep_len=500 deliv=0 eps=0.050 |Q|=718
[ep  519 | steps  260000 | t   55.1s | sps  4718] ret=0.000 ep_len=500 deliv=0 eps=0.050 |Q|=718
[ep  520 | steps  260500 | t   55.2s | sps  4719] ret=0.000 ep_len=500 deliv=0 eps=0.050 |Q|=718
[ep  521 | steps  261000 | t   55.3s | sps  4721] ret=0.000 ep_len=500 deliv=0 eps=0.050 |Q|=718
[ep  522 | steps  261500 | t   55.4s | sps  4722] ret=0.000 ep_len=500 deliv=0 eps=0.050 |Q|=718
[ep  523 | steps  262000 | t   55.5s | sps  4724] ret=0.000 ep_len=500 deliv=0 eps=0.050 |Q|=718
[ep  524 | steps  262500 | t   55.6s | sps  4725] ret=0.000 ep_len=500 deliv=0 eps=0.050 |Q|=718
[ep  525 | steps  263000 | t   55.6s | sps  4727] ret=0.000 ep_len=500 deliv=0 eps=0.050 |Q|=718
[ep  526 | steps  263500 | t   55.7s | sps  4728] ret=0.000 ep_len=500 deliv=0 eps=0.050 |Q|=718
[ep  527 | steps  264000 | t   55.8s | sps  4730] ret=0.000 ep_len=500 deliv=0 eps=0.050 |Q|=718
[ep  528 | steps  264500 | t   55.9s | sps  4731] ret=0.000 ep_len=500 deliv=0 eps=0.050 |Q|=718
[ep  529 | steps  265000 | t   56.0s | sps  4733] ret=0.000 ep_len=500 deliv=0 eps=0.050 |Q|=718
[ep  530 | steps  265500 | t   56.1s | sps  4734] ret=0.000 ep_len=500 deliv=0 eps=0.050 |Q|=718
[ep  531 | steps  266000 | t   56.2s | sps  4735] ret=0.000 ep_len=500 deliv=0 eps=0.050 |Q|=718
[ep  532 | steps  266500 | t   56.3s | sps  4737] ret=0.000 ep_len=500 deliv=0 eps=0.050 |Q|=718
[ep  533 | steps  267000 | t   56.4s | sps  4736] ret=0.000 ep_len=500 deliv=0 eps=0.050 |Q|=718
[ep  534 | steps  267500 | t   56.5s | sps  4737] ret=0.000 ep_len=500 deliv=0 eps=0.050 |Q|=718
[ep  535 | steps  268000 | t   56.6s | sps  4739] ret=0.000 ep_len=500 deliv=0 eps=0.050 |Q|=718
[ep  536 | steps  268500 | t   56.6s | sps  4740] ret=0.000 ep_len=500 deliv=0 eps=0.050 |Q|=718
[ep  537 | steps  269000 | t   56.7s | sps  4742] ret=0.000 ep_len=500 deliv=0 eps=0.050 |Q|=718
[ep  538 | steps  269500 | t   56.8s | sps  4743] ret=0.000 ep_len=500 deliv=0 eps=0.050 |Q|=718
[ep  539 | steps  270000 | t   56.9s | sps  4744] ret=0.000 ep_len=500 deliv=0 eps=0.050 |Q|=718
[ep  540 | steps  270500 | t   57.0s | sps  4744] ret=1.000 ep_len=500 deliv=1 eps=0.050 |Q|=719
[ep  541 | steps  271000 | t   57.1s | sps  4746] ret=0.000 ep_len=500 deliv=0 eps=0.050 |Q|=720
[ep  542 | steps  271500 | t   57.2s | sps  4747] ret=0.000 ep_len=500 deliv=0 eps=0.050 |Q|=721
[ep  543 | steps  272000 | t   57.3s | sps  4748] ret=0.000 ep_len=500 deliv=0 eps=0.050 |Q|=721
[ep  544 | steps  272500 | t   57.4s | sps  4749] ret=0.000 ep_len=500 deliv=0 eps=0.050 |Q|=721
[ep  545 | steps  273000 | t   57.5s | sps  4750] ret=0.000 ep_len=500 deliv=0 eps=0.050 |Q|=721
[ep  546 | steps  273500 | t   57.6s | sps  4752] ret=0.000 ep_len=500 deliv=0 eps=0.050 |Q|=721
[ep  547 | steps  274000 | t   57.6s | sps  4753] ret=0.000 ep_len=500 deliv=0 eps=0.050 |Q|=721
[ep  548 | steps  274500 | t   57.7s | sps  4754] ret=0.000 ep_len=500 deliv=0 eps=0.050 |Q|=721
[ep  549 | steps  275000 | t   57.8s | sps  4755] ret=0.000 ep_len=500 deliv=0 eps=0.050 |Q|=721
        [eval] ret_mean=0.000 ep_len=500.0 deliv=0.00
[ep  550 | steps  275500 | t   58.8s | sps  4683] ret=0.000 ep_len=500 deliv=0 eps=0.050 |Q|=721
[ep  551 | steps  276000 | t   58.9s | sps  4685] ret=0.000 ep_len=500 deliv=0 eps=0.050 |Q|=721
[ep  552 | steps  276500 | t   59.0s | sps  4686] ret=0.000 ep_len=500 deliv=0 eps=0.050 |Q|=721
[ep  553 | steps  277000 | t   59.1s | sps  4687] ret=0.000 ep_len=500 deliv=0 eps=0.050 |Q|=721
[ep  554 | steps  277500 | t   59.2s | sps  4688] ret=0.000 ep_len=500 deliv=0 eps=0.050 |Q|=721
[ep  555 | steps  278000 | t   59.3s | sps  4690] ret=0.000 ep_len=500 deliv=0 eps=0.050 |Q|=722
[ep  556 | steps  278500 | t   59.4s | sps  4691] ret=0.000 ep_len=500 deliv=0 eps=0.050 |Q|=722
[ep  557 | steps  279000 | t   59.5s | sps  4692] ret=0.000 ep_len=500 deliv=0 eps=0.050 |Q|=722
[ep  558 | steps  279500 | t   59.5s | sps  4694] ret=0.000 ep_len=500 deliv=0 eps=0.050 |Q|=722
[ep  559 | steps  280000 | t   59.6s | sps  4694] ret=1.000 ep_len=500 deliv=1 eps=0.050 |Q|=722
[ep  560 | steps  280500 | t   59.7s | sps  4695] ret=0.000 ep_len=500 deliv=0 eps=0.050 |Q|=722
[ep  561 | steps  281000 | t   59.8s | sps  4697] ret=0.000 ep_len=500 deliv=0 eps=0.050 |Q|=722
[ep  562 | steps  281500 | t   59.9s | sps  4698] ret=0.000 ep_len=500 deliv=0 eps=0.050 |Q|=722
[ep  563 | steps  282000 | t   60.0s | sps  4699] ret=0.000 ep_len=500 deliv=0 eps=0.050 |Q|=722
[ep  564 | steps  282500 | t   60.1s | sps  4701] ret=0.000 ep_len=500 deliv=0 eps=0.050 |Q|=722
[ep  565 | steps  283000 | t   60.2s | sps  4702] ret=0.000 ep_len=500 deliv=0 eps=0.050 |Q|=722
[ep  566 | steps  283500 | t   60.3s | sps  4704] ret=0.000 ep_len=500 deliv=0 eps=0.050 |Q|=722
[ep  567 | steps  284000 | t   60.4s | sps  4705] ret=0.000 ep_len=500 deliv=0 eps=0.050 |Q|=722
[ep  568 | steps  284500 | t   60.5s | sps  4706] ret=1.000 ep_len=500 deliv=1 eps=0.050 |Q|=722
[ep  569 | steps  285000 | t   60.5s | sps  4707] ret=0.000 ep_len=500 deliv=0 eps=0.050 |Q|=722
[ep  570 | steps  285500 | t   60.6s | sps  4708] ret=0.000 ep_len=500 deliv=0 eps=0.050 |Q|=722
[ep  571 | steps  286000 | t   60.7s | sps  4709] ret=1.000 ep_len=500 deliv=1 eps=0.050 |Q|=722
[ep  572 | steps  286500 | t   60.8s | sps  4710] ret=0.000 ep_len=500 deliv=0 eps=0.050 |Q|=722
[ep  573 | steps  287000 | t   60.9s | sps  4710] ret=1.000 ep_len=500 deliv=1 eps=0.050 |Q|=725
[ep  574 | steps  287500 | t   61.0s | sps  4712] ret=0.000 ep_len=500 deliv=0 eps=0.050 |Q|=725
[ep  575 | steps  288000 | t   61.1s | sps  4712] ret=1.000 ep_len=500 deliv=1 eps=0.050 |Q|=726
[ep  576 | steps  288500 | t   61.2s | sps  4714] ret=0.000 ep_len=500 deliv=0 eps=0.050 |Q|=726
[ep  577 | steps  289000 | t   61.3s | sps  4715] ret=0.000 ep_len=500 deliv=0 eps=0.050 |Q|=727
[ep  578 | steps  289500 | t   61.4s | sps  4716] ret=0.000 ep_len=500 deliv=0 eps=0.050 |Q|=728
[ep  579 | steps  290000 | t   61.5s | sps  4717] ret=0.000 ep_len=500 deliv=0 eps=0.050 |Q|=728
[ep  580 | steps  290500 | t   61.6s | sps  4718] ret=0.000 ep_len=500 deliv=0 eps=0.050 |Q|=728
[ep  581 | steps  291000 | t   61.7s | sps  4720] ret=0.000 ep_len=500 deliv=0 eps=0.050 |Q|=728
[ep  582 | steps  291500 | t   61.7s | sps  4721] ret=0.000 ep_len=500 deliv=0 eps=0.050 |Q|=729
[ep  583 | steps  292000 | t   61.8s | sps  4722] ret=0.000 ep_len=500 deliv=0 eps=0.050 |Q|=729
[ep  584 | steps  292500 | t   61.9s | sps  4723] ret=0.000 ep_len=500 deliv=0 eps=0.050 |Q|=729
[ep  585 | steps  293000 | t   62.0s | sps  4725] ret=0.000 ep_len=500 deliv=0 eps=0.050 |Q|=729
[ep  586 | steps  293500 | t   62.1s | sps  4726] ret=0.000 ep_len=500 deliv=0 eps=0.050 |Q|=729
[ep  587 | steps  294000 | t   62.2s | sps  4727] ret=0.000 ep_len=500 deliv=0 eps=0.050 |Q|=729
[ep  588 | steps  294500 | t   62.3s | sps  4728] ret=0.000 ep_len=500 deliv=0 eps=0.050 |Q|=729
[ep  589 | steps  295000 | t   62.4s | sps  4730] ret=0.000 ep_len=500 deliv=0 eps=0.050 |Q|=729
[ep  590 | steps  295500 | t   62.5s | sps  4731] ret=0.000 ep_len=500 deliv=0 eps=0.050 |Q|=729
[ep  591 | steps  296000 | t   62.6s | sps  4732] ret=0.000 ep_len=500 deliv=0 eps=0.050 |Q|=730
[ep  592 | steps  296500 | t   62.6s | sps  4733] ret=0.000 ep_len=500 deliv=0 eps=0.050 |Q|=731
[ep  593 | steps  297000 | t   62.7s | sps  4734] ret=0.000 ep_len=500 deliv=0 eps=0.050 |Q|=731
[ep  594 | steps  297500 | t   62.8s | sps  4735] ret=0.000 ep_len=500 deliv=0 eps=0.050 |Q|=731
[ep  595 | steps  298000 | t   62.9s | sps  4736] ret=0.000 ep_len=500 deliv=0 eps=0.050 |Q|=731
[ep  596 | steps  298500 | t   63.0s | sps  4737] ret=0.000 ep_len=500 deliv=0 eps=0.050 |Q|=731
[ep  597 | steps  299000 | t   63.1s | sps  4738] ret=0.000 ep_len=500 deliv=0 eps=0.050 |Q|=731
[ep  598 | steps  299500 | t   63.2s | sps  4739] ret=0.000 ep_len=500 deliv=0 eps=0.050 |Q|=731
[ep  599 | steps  300000 | t   63.3s | sps  4740] ret=0.000 ep_len=500 deliv=0 eps=0.050 |Q|=731
        [eval] ret_mean=0.000 ep_len=500.0 deliv=0.00
