$ /Users/praneelkhiantani/Downloads/cs2860/.venv/bin/python3 -m policies.train --env rware-tiny-2ag-easy-v2 --seed 0 --updates 200 --rollout 512 --eval-every 50 --eval-episodes 10 --log-dir matrix_results/intent_grounded_v1_pilot/rware-tiny-2ag-easy-v2 --run-name mappo-comm__dropout-only__d0__s0 --n-msg-tokens 8 --dropout --dropout-agent 0 --dropout-time 100 --shape-rewards --pickup-bonus 0.5

[env] EnvSpec(env_id='rware-tiny-2ag-easy-v2', n_agents=2, obs_dim=71, n_env_actions=5, noop_action=0, family='rware')  (n_msg_tokens=8)
[cfg] {'clip_range': 0.2, 'value_clip_range': 0.2, 'entropy_coef': 0.01, 'value_coef': 0.5, 'max_grad_norm': 0.5, 'gamma': 0.99, 'gae_lambda': 0.95, 'lr_actor': 0.0003, 'lr_critic': 0.001, 'update_epochs': 4, 'minibatches': 4, 'hidden': 128, 'depth': 2, 'device': 'cpu', 'message_grounding_coef': 0.0, 'extra': {}}
[log] writing to matrix_results/intent_grounded_v1_pilot/rware-tiny-2ag-easy-v2/mappo-comm__dropout-only__d0__s0
[upd    1 | steps     512 | t    0.7s | sps   686] ret_mean=0.000 ep_len=500.0 pi_loss=-0.008 v_loss=0.011 ent=3.686 msg_acc=0.000 kl=0.0074
[upd    2 | steps    1024 | t    1.4s | sps   747] ret_mean=0.000 ep_len=500.0 pi_loss=-0.007 v_loss=0.011 ent=3.676 msg_acc=0.000 kl=0.0069
[upd    3 | steps    1536 | t    2.0s | sps   768] ret_mean=0.000 ep_len=500.0 pi_loss=-0.005 v_loss=0.009 ent=3.672 msg_acc=0.000 kl=-0.0002
[upd    4 | steps    2048 | t    2.6s | sps   776] ret_mean=0.500 ep_len=500.0 pi_loss=-0.006 v_loss=0.004 ent=3.674 msg_acc=0.000 kl=0.0003
[upd    5 | steps    2560 | t    3.4s | sps   742] ret_mean=0.000 ep_len=500.0 pi_loss=-0.006 v_loss=0.005 ent=3.656 msg_acc=0.000 kl=0.0055
[upd    6 | steps    3072 | t    4.1s | sps   743] ret_mean=0.500 ep_len=500.0 pi_loss=-0.010 v_loss=0.005 ent=3.609 msg_acc=0.000 kl=0.0066
[upd    7 | steps    3584 | t    4.8s | sps   747] ret_mean=0.000 ep_len=500.0 pi_loss=-0.011 v_loss=0.003 ent=3.605 msg_acc=0.000 kl=0.0066
[upd    8 | steps    4096 | t    5.6s | sps   733] ret_mean=2.000 ep_len=500.0 pi_loss=-0.010 v_loss=0.014 ent=3.627 msg_acc=0.000 kl=0.0051
[upd    9 | steps    4608 | t    9.0s | sps   514] ret_mean=0.000 ep_len=500.0 pi_loss=-0.009 v_loss=0.001 ent=3.614 msg_acc=0.000 kl=0.0019
[upd   10 | steps    5120 | t   11.1s | sps   459] ret_mean=0.000 ep_len=500.0 pi_loss=-0.011 v_loss=0.009 ent=3.621 msg_acc=0.000 kl=0.0009
[upd   11 | steps    5632 | t   12.3s | sps   459] ret_mean=3.000 ep_len=500.0 pi_loss=-0.008 v_loss=0.006 ent=3.600 msg_acc=0.000 kl=0.0047
[upd   12 | steps    6144 | t   13.2s | sps   465] ret_mean=0.000 ep_len=500.0 pi_loss=-0.010 v_loss=0.035 ent=3.539 msg_acc=0.000 kl=-0.0057
[upd   13 | steps    6656 | t   14.0s | sps   477] ret_mean=3.000 ep_len=500.0 pi_loss=-0.017 v_loss=0.004 ent=3.524 msg_acc=0.000 kl=0.0096
[upd   14 | steps    7168 | t   14.6s | sps   490] ret_mean=0.000 ep_len=500.0 pi_loss=-0.010 v_loss=0.002 ent=3.502 msg_acc=0.000 kl=0.0058
[upd   15 | steps    7680 | t   15.3s | sps   502] ret_mean=0.000 ep_len=500.0 pi_loss=-0.013 v_loss=0.001 ent=3.537 msg_acc=0.000 kl=0.0050
[upd   16 | steps    8192 | t   16.4s | sps   499] ret_mean=0.000 ep_len=500.0 pi_loss=-0.008 v_loss=0.009 ent=3.533 msg_acc=0.000 kl=0.0026
[upd   17 | steps    8704 | t   17.2s | sps   506] ret_mean=1.500 ep_len=500.0 pi_loss=-0.010 v_loss=0.003 ent=3.510 msg_acc=0.000 kl=-0.0003
[upd   18 | steps    9216 | t   17.9s | sps   516] ret_mean=0.500 ep_len=500.0 pi_loss=-0.011 v_loss=0.001 ent=3.440 msg_acc=0.000 kl=0.0094
[upd   19 | steps    9728 | t   18.5s | sps   525] ret_mean=0.000 ep_len=500.0 pi_loss=-0.014 v_loss=0.001 ent=3.453 msg_acc=0.000 kl=0.0101
[upd   20 | steps   10240 | t   19.3s | sps   531] ret_mean=0.000 ep_len=500.0 pi_loss=-0.015 v_loss=0.002 ent=3.330 msg_acc=0.000 kl=0.0069
[upd   21 | steps   10752 | t   20.4s | sps   528] ret_mean=0.500 ep_len=500.0 pi_loss=-0.009 v_loss=0.001 ent=3.334 msg_acc=0.000 kl=0.0061
[upd   22 | steps   11264 | t   21.2s | sps   530] ret_mean=0.000 ep_len=500.0 pi_loss=-0.012 v_loss=0.001 ent=3.416 msg_acc=0.000 kl=0.0093
[upd   23 | steps   11776 | t   22.1s | sps   534] ret_mean=0.000 ep_len=500.0 pi_loss=-0.003 v_loss=0.000 ent=3.350 msg_acc=0.000 kl=0.0027
[upd   24 | steps   12288 | t   22.8s | sps   539] ret_mean=0.000 ep_len=500.0 pi_loss=-0.011 v_loss=0.000 ent=3.429 msg_acc=0.000 kl=0.0113
[upd   25 | steps   12800 | t   23.7s | sps   540] ret_mean=3.000 ep_len=500.0 pi_loss=-0.007 v_loss=0.027 ent=3.525 msg_acc=0.000 kl=0.0001
[upd   26 | steps   13312 | t   24.9s | sps   536] ret_mean=0.000 ep_len=500.0 pi_loss=-0.009 v_loss=0.002 ent=3.386 msg_acc=0.000 kl=0.0086
[upd   27 | steps   13824 | t   26.0s | sps   531] ret_mean=0.000 ep_len=500.0 pi_loss=-0.013 v_loss=0.001 ent=3.450 msg_acc=0.000 kl=0.0084
[upd   28 | steps   14336 | t   28.0s | sps   511] ret_mean=0.000 ep_len=500.0 pi_loss=-0.008 v_loss=0.026 ent=3.391 msg_acc=0.000 kl=0.0084
[upd   29 | steps   14848 | t   29.2s | sps   508] ret_mean=3.500 ep_len=500.0 pi_loss=-0.009 v_loss=0.006 ent=3.517 msg_acc=0.000 kl=-0.0025
[upd   30 | steps   15360 | t   30.6s | sps   502] ret_mean=1.000 ep_len=500.0 pi_loss=-0.009 v_loss=0.001 ent=3.468 msg_acc=0.000 kl=0.0118
[upd   31 | steps   15872 | t   31.3s | sps   507] ret_mean=0.000 ep_len=500.0 pi_loss=-0.007 v_loss=0.001 ent=3.496 msg_acc=0.000 kl=0.0026
[upd   32 | steps   16384 | t   32.0s | sps   512] ret_mean=0.000 ep_len=500.0 pi_loss=-0.009 v_loss=0.008 ent=3.446 msg_acc=0.000 kl=0.0007
[upd   33 | steps   16896 | t   32.7s | sps   517] ret_mean=1.500 ep_len=500.0 pi_loss=-0.007 v_loss=0.004 ent=3.341 msg_acc=0.000 kl=-0.0025
[upd   34 | steps   17408 | t   33.3s | sps   523] ret_mean=1.000 ep_len=500.0 pi_loss=-0.007 v_loss=0.003 ent=3.417 msg_acc=0.000 kl=-0.0006
[upd   35 | steps   17920 | t   33.9s | sps   528] ret_mean=0.500 ep_len=500.0 pi_loss=-0.010 v_loss=0.001 ent=3.505 msg_acc=0.000 kl=0.0042
[upd   36 | steps   18432 | t   34.6s | sps   533] ret_mean=0.000 ep_len=500.0 pi_loss=-0.011 v_loss=0.021 ent=3.375 msg_acc=0.000 kl=0.0048
[upd   37 | steps   18944 | t   35.3s | sps   537] ret_mean=3.000 ep_len=500.0 pi_loss=-0.015 v_loss=0.002 ent=3.413 msg_acc=0.000 kl=0.0108
[upd   38 | steps   19456 | t   35.9s | sps   542] ret_mean=0.500 ep_len=500.0 pi_loss=-0.019 v_loss=0.001 ent=3.116 msg_acc=0.000 kl=0.0073
[upd   39 | steps   19968 | t   36.6s | sps   545] ret_mean=0.000 ep_len=500.0 pi_loss=-0.011 v_loss=0.001 ent=3.345 msg_acc=0.000 kl=0.0081
[upd   40 | steps   20480 | t   37.3s | sps   550] ret_mean=0.000 ep_len=500.0 pi_loss=-0.011 v_loss=0.006 ent=3.335 msg_acc=0.000 kl=0.0113
[upd   41 | steps   20992 | t   37.9s | sps   554] ret_mean=1.500 ep_len=500.0 pi_loss=-0.010 v_loss=0.005 ent=3.403 msg_acc=0.000 kl=0.0045
[upd   42 | steps   21504 | t   38.5s | sps   558] ret_mean=1.250 ep_len=500.0 pi_loss=-0.012 v_loss=0.010 ent=3.275 msg_acc=0.000 kl=0.0158
[upd   43 | steps   22016 | t   39.1s | sps   562] ret_mean=1.500 ep_len=500.0 pi_loss=-0.010 v_loss=0.004 ent=3.333 msg_acc=0.000 kl=0.0057
[upd   44 | steps   22528 | t   40.0s | sps   564] ret_mean=0.500 ep_len=500.0 pi_loss=-0.012 v_loss=0.008 ent=3.335 msg_acc=0.000 kl=-0.0008
[upd   45 | steps   23040 | t   40.6s | sps   567] ret_mean=1.500 ep_len=500.0 pi_loss=-0.010 v_loss=0.001 ent=3.414 msg_acc=0.000 kl=0.0037
[upd   46 | steps   23552 | t   41.3s | sps   570] ret_mean=0.500 ep_len=500.0 pi_loss=-0.008 v_loss=0.002 ent=3.311 msg_acc=0.000 kl=0.0086
[upd   47 | steps   24064 | t   41.9s | sps   574] ret_mean=0.500 ep_len=500.0 pi_loss=-0.009 v_loss=0.001 ent=3.310 msg_acc=0.000 kl=0.0055
[upd   48 | steps   24576 | t   42.8s | sps   575] ret_mean=2.500 ep_len=500.0 pi_loss=-0.010 v_loss=0.020 ent=3.397 msg_acc=0.000 kl=0.0008
[upd   49 | steps   25088 | t   43.7s | sps   574] ret_mean=6.500 ep_len=500.0 pi_loss=-0.014 v_loss=0.045 ent=3.312 msg_acc=0.000 kl=0.0027
[upd   50 | steps   25600 | t   44.5s | sps   575] ret_mean=0.000 ep_len=500.0 pi_loss=-0.012 v_loss=0.002 ent=3.149 msg_acc=0.000 kl=0.0032
        [eval] ret_mean=0.000 ep_len=500.0
[upd   51 | steps   26112 | t   51.7s | sps   505] ret_mean=0.000 ep_len=500.0 pi_loss=-0.011 v_loss=0.002 ent=3.340 msg_acc=0.000 kl=0.0039
[upd   52 | steps   26624 | t   53.3s | sps   499] ret_mean=5.500 ep_len=500.0 pi_loss=-0.009 v_loss=0.075 ent=3.332 msg_acc=0.000 kl=0.0100
[upd   53 | steps   27136 | t   55.0s | sps   494] ret_mean=1.500 ep_len=500.0 pi_loss=-0.005 v_loss=0.008 ent=3.273 msg_acc=0.000 kl=0.0017
[upd   54 | steps   27648 | t   56.4s | sps   490] ret_mean=0.000 ep_len=500.0 pi_loss=-0.009 v_loss=0.012 ent=3.273 msg_acc=0.000 kl=0.0023
[upd   55 | steps   28160 | t   57.9s | sps   486] ret_mean=3.000 ep_len=500.0 pi_loss=-0.010 v_loss=0.093 ent=3.272 msg_acc=0.000 kl=0.0033
[upd   56 | steps   28672 | t   58.6s | sps   490] ret_mean=6.500 ep_len=500.0 pi_loss=-0.010 v_loss=0.005 ent=3.350 msg_acc=0.000 kl=0.0081
[upd   57 | steps   29184 | t   59.2s | sps   493] ret_mean=1.500 ep_len=500.0 pi_loss=-0.005 v_loss=0.008 ent=3.353 msg_acc=0.000 kl=0.0136
[upd   58 | steps   29696 | t   59.9s | sps   496] ret_mean=0.000 ep_len=500.0 pi_loss=-0.017 v_loss=0.001 ent=3.394 msg_acc=0.000 kl=0.0069
[upd   59 | steps   30208 | t   60.5s | sps   499] ret_mean=0.000 ep_len=500.0 pi_loss=-0.010 v_loss=0.001 ent=3.361 msg_acc=0.000 kl=0.0048
[upd   60 | steps   30720 | t   61.2s | sps   502] ret_mean=0.000 ep_len=500.0 pi_loss=-0.014 v_loss=0.009 ent=3.317 msg_acc=0.000 kl=0.0051
[upd   61 | steps   31232 | t   62.9s | sps   497] ret_mean=2.500 ep_len=500.0 pi_loss=-0.014 v_loss=0.001 ent=3.491 msg_acc=0.000 kl=0.0094
[upd   62 | steps   31744 | t   64.2s | sps   495] ret_mean=0.000 ep_len=500.0 pi_loss=-0.008 v_loss=0.000 ent=3.406 msg_acc=0.000 kl=0.0015
[upd   63 | steps   32256 | t   65.6s | sps   491] ret_mean=0.000 ep_len=500.0 pi_loss=-0.007 v_loss=0.017 ent=3.435 msg_acc=0.000 kl=0.0016
[upd   64 | steps   32768 | t   70.4s | sps   465] ret_mean=3.000 ep_len=500.0 pi_loss=-0.019 v_loss=0.001 ent=3.604 msg_acc=0.000 kl=0.0038
[upd   65 | steps   33280 | t   74.2s | sps   449] ret_mean=5.000 ep_len=500.0 pi_loss=-0.009 v_loss=0.056 ent=3.503 msg_acc=0.000 kl=0.0002
[upd   66 | steps   33792 | t   75.8s | sps   446] ret_mean=0.000 ep_len=500.0 pi_loss=-0.011 v_loss=0.001 ent=3.531 msg_acc=0.000 kl=0.0041
[upd   67 | steps   34304 | t   77.7s | sps   441] ret_mean=0.000 ep_len=500.0 pi_loss=-0.013 v_loss=0.001 ent=3.432 msg_acc=0.000 kl=0.0072
[upd   68 | steps   34816 | t   78.5s | sps   444] ret_mean=0.000 ep_len=500.0 pi_loss=-0.012 v_loss=0.012 ent=3.483 msg_acc=0.000 kl=0.0005
[upd   69 | steps   35328 | t   80.8s | sps   437] ret_mean=2.500 ep_len=500.0 pi_loss=-0.013 v_loss=0.005 ent=3.410 msg_acc=0.000 kl=0.0010
[upd   70 | steps   35840 | t   82.5s | sps   434] ret_mean=0.000 ep_len=500.0 pi_loss=-0.012 v_loss=0.001 ent=3.414 msg_acc=0.000 kl=0.0035
[upd   71 | steps   36352 | t   83.5s | sps   435] ret_mean=0.500 ep_len=500.0 pi_loss=-0.009 v_loss=0.019 ent=3.391 msg_acc=0.000 kl=0.0025
[upd   72 | steps   36864 | t   84.4s | sps   437] ret_mean=2.500 ep_len=500.0 pi_loss=-0.013 v_loss=0.002 ent=3.434 msg_acc=0.000 kl=0.0008
[upd   73 | steps   37376 | t   85.4s | sps   438] ret_mean=0.500 ep_len=500.0 pi_loss=-0.008 v_loss=0.000 ent=3.426 msg_acc=0.000 kl=0.0012
[upd   74 | steps   37888 | t   86.5s | sps   438] ret_mean=0.000 ep_len=500.0 pi_loss=-0.010 v_loss=0.115 ent=3.362 msg_acc=0.000 kl=0.0001
[upd   75 | steps   38400 | t   87.2s | sps   440] ret_mean=22.000 ep_len=500.0 pi_loss=-0.015 v_loss=0.380 ent=3.308 msg_acc=0.000 kl=0.0117
[upd   76 | steps   38912 | t   87.8s | sps   443] ret_mean=0.000 ep_len=500.0 pi_loss=-0.008 v_loss=0.001 ent=3.296 msg_acc=0.000 kl=0.0026
[upd   77 | steps   39424 | t   88.5s | sps   445] ret_mean=0.000 ep_len=500.0 pi_loss=-0.019 v_loss=0.049 ent=3.225 msg_acc=0.000 kl=0.0276
[upd   78 | steps   39936 | t   89.2s | sps   448] ret_mean=3.000 ep_len=500.0 pi_loss=-0.013 v_loss=0.001 ent=3.167 msg_acc=0.000 kl=0.0062
[upd   79 | steps   40448 | t   89.9s | sps   450] ret_mean=0.000 ep_len=500.0 pi_loss=-0.010 v_loss=0.001 ent=3.054 msg_acc=0.000 kl=0.0081
[upd   80 | steps   40960 | t   90.5s | sps   453] ret_mean=0.000 ep_len=500.0 pi_loss=-0.006 v_loss=0.075 ent=3.212 msg_acc=0.000 kl=0.0058
[upd   81 | steps   41472 | t   91.1s | sps   455] ret_mean=4.500 ep_len=500.0 pi_loss=-0.017 v_loss=0.001 ent=3.091 msg_acc=0.000 kl=0.0026
[upd   82 | steps   41984 | t   91.8s | sps   457] ret_mean=0.000 ep_len=500.0 pi_loss=-0.011 v_loss=0.001 ent=3.114 msg_acc=0.000 kl=0.0010
[upd   83 | steps   42496 | t   92.8s | sps   458] ret_mean=17.000 ep_len=500.0 pi_loss=-0.010 v_loss=0.589 ent=3.132 msg_acc=0.000 kl=0.0138
[upd   84 | steps   43008 | t   93.8s | sps   459] ret_mean=0.000 ep_len=500.0 pi_loss=-0.009 v_loss=0.003 ent=3.061 msg_acc=0.000 kl=0.0061
[upd   85 | steps   43520 | t   94.5s | sps   461] ret_mean=0.000 ep_len=500.0 pi_loss=-0.013 v_loss=0.002 ent=3.035 msg_acc=0.000 kl=0.0078
[upd   86 | steps   44032 | t   95.4s | sps   462] ret_mean=0.000 ep_len=500.0 pi_loss=-0.011 v_loss=0.001 ent=3.154 msg_acc=0.000 kl=0.0012
[upd   87 | steps   44544 | t   96.2s | sps   463] ret_mean=0.000 ep_len=500.0 pi_loss=-0.009 v_loss=0.000 ent=3.208 msg_acc=0.000 kl=-0.0044
[upd   88 | steps   45056 | t   97.0s | sps   465] ret_mean=0.000 ep_len=500.0 pi_loss=-0.011 v_loss=0.001 ent=3.246 msg_acc=0.000 kl=0.0072
[upd   89 | steps   45568 | t   97.6s | sps   467] ret_mean=0.000 ep_len=500.0 pi_loss=-0.013 v_loss=0.299 ent=2.836 msg_acc=0.000 kl=0.0018
[upd   90 | steps   46080 | t   98.2s | sps   469] ret_mean=9.500 ep_len=500.0 pi_loss=-0.013 v_loss=3.972 ent=2.720 msg_acc=0.000 kl=0.0011
[upd   91 | steps   46592 | t   98.9s | sps   471] ret_mean=94.000 ep_len=500.0 pi_loss=-0.010 v_loss=2.100 ent=2.687 msg_acc=0.000 kl=0.0014
[upd   92 | steps   47104 | t   99.5s | sps   473] ret_mean=30.500 ep_len=500.0 pi_loss=-0.015 v_loss=0.133 ent=3.020 msg_acc=0.000 kl=0.0005
[upd   93 | steps   47616 | t  100.1s | sps   476] ret_mean=2.500 ep_len=500.0 pi_loss=-0.007 v_loss=0.032 ent=2.911 msg_acc=0.000 kl=-0.0040
[upd   94 | steps   48128 | t  100.7s | sps   478] ret_mean=4.500 ep_len=500.0 pi_loss=-0.007 v_loss=0.073 ent=2.650 msg_acc=0.000 kl=0.0031
[upd   95 | steps   48640 | t  101.4s | sps   480] ret_mean=0.000 ep_len=500.0 pi_loss=-0.008 v_loss=0.121 ent=2.803 msg_acc=0.000 kl=0.0052
[upd   96 | steps   49152 | t  102.3s | sps   481] ret_mean=10.500 ep_len=500.0 pi_loss=-0.013 v_loss=0.020 ent=3.001 msg_acc=0.000 kl=0.0055
[upd   97 | steps   49664 | t  103.1s | sps   482] ret_mean=0.000 ep_len=500.0 pi_loss=-0.015 v_loss=0.009 ent=2.570 msg_acc=0.000 kl=0.0071
[upd   98 | steps   50176 | t  103.9s | sps   483] ret_mean=0.000 ep_len=500.0 pi_loss=-0.011 v_loss=0.012 ent=3.212 msg_acc=0.000 kl=0.0042
[upd   99 | steps   50688 | t  104.7s | sps   484] ret_mean=5.000 ep_len=500.0 pi_loss=-0.008 v_loss=0.105 ent=3.144 msg_acc=0.000 kl=0.0059
[upd  100 | steps   51200 | t  105.7s | sps   484] ret_mean=0.000 ep_len=500.0 pi_loss=-0.009 v_loss=0.005 ent=2.994 msg_acc=0.000 kl=-0.0023
        [eval] ret_mean=12.500 ep_len=500.0
[upd  101 | steps   51712 | t  112.4s | sps   460] ret_mean=17.000 ep_len=500.0 pi_loss=-0.010 v_loss=0.505 ent=3.343 msg_acc=0.000 kl=0.0041
[upd  102 | steps   52224 | t  113.2s | sps   461] ret_mean=0.000 ep_len=500.0 pi_loss=-0.007 v_loss=0.060 ent=2.885 msg_acc=0.000 kl=0.0017
[upd  103 | steps   52736 | t  113.9s | sps   463] ret_mean=20.000 ep_len=500.0 pi_loss=-0.009 v_loss=0.467 ent=2.709 msg_acc=0.000 kl=0.0013
[upd  104 | steps   53248 | t  114.9s | sps   463] ret_mean=3.000 ep_len=500.0 pi_loss=-0.009 v_loss=0.055 ent=2.780 msg_acc=0.000 kl=0.0008
[upd  105 | steps   53760 | t  115.9s | sps   464] ret_mean=0.000 ep_len=500.0 pi_loss=-0.013 v_loss=0.334 ent=2.633 msg_acc=0.000 kl=0.0072
[upd  106 | steps   54272 | t  116.7s | sps   465] ret_mean=20.500 ep_len=500.0 pi_loss=-0.010 v_loss=0.132 ent=2.879 msg_acc=0.000 kl=-0.0013
[upd  107 | steps   54784 | t  117.4s | sps   467] ret_mean=39.000 ep_len=500.0 pi_loss=-0.014 v_loss=1.959 ent=2.537 msg_acc=0.000 kl=0.0040
[upd  108 | steps   55296 | t  118.1s | sps   468] ret_mean=0.000 ep_len=500.0 pi_loss=-0.010 v_loss=0.005 ent=2.730 msg_acc=0.000 kl=0.0043
[upd  109 | steps   55808 | t  118.8s | sps   470] ret_mean=0.000 ep_len=500.0 pi_loss=-0.010 v_loss=0.784 ent=2.317 msg_acc=0.000 kl=0.0033
[upd  110 | steps   56320 | t  119.4s | sps   472] ret_mean=112.000 ep_len=500.0 pi_loss=-0.015 v_loss=3.983 ent=2.265 msg_acc=0.000 kl=0.0139
[upd  111 | steps   56832 | t  120.1s | sps   473] ret_mean=0.000 ep_len=500.0 pi_loss=-0.011 v_loss=0.004 ent=2.529 msg_acc=0.000 kl=0.0028
[upd  112 | steps   57344 | t  120.8s | sps   475] ret_mean=0.000 ep_len=500.0 pi_loss=-0.007 v_loss=0.009 ent=3.048 msg_acc=0.000 kl=0.0104
[upd  113 | steps   57856 | t  121.5s | sps   476] ret_mean=0.000 ep_len=500.0 pi_loss=-0.008 v_loss=0.008 ent=2.848 msg_acc=0.000 kl=0.0069
[upd  114 | steps   58368 | t  122.1s | sps   478] ret_mean=0.000 ep_len=500.0 pi_loss=-0.011 v_loss=0.005 ent=2.949 msg_acc=0.000 kl=0.0047
[upd  115 | steps   58880 | t  122.8s | sps   480] ret_mean=0.000 ep_len=500.0 pi_loss=-0.013 v_loss=0.003 ent=2.476 msg_acc=0.000 kl=0.0029
[upd  116 | steps   59392 | t  123.5s | sps   481] ret_mean=0.000 ep_len=500.0 pi_loss=-0.008 v_loss=0.003 ent=2.674 msg_acc=0.000 kl=0.0223
[upd  117 | steps   59904 | t  124.2s | sps   482] ret_mean=0.000 ep_len=500.0 pi_loss=-0.008 v_loss=0.002 ent=2.995 msg_acc=0.000 kl=0.0050
[upd  118 | steps   60416 | t  125.2s | sps   483] ret_mean=0.000 ep_len=500.0 pi_loss=-0.017 v_loss=0.001 ent=3.155 msg_acc=0.000 kl=0.0138
[upd  119 | steps   60928 | t  126.2s | sps   483] ret_mean=30.500 ep_len=500.0 pi_loss=-0.009 v_loss=2.305 ent=2.666 msg_acc=0.000 kl=0.0083
[upd  120 | steps   61440 | t  127.5s | sps   482] ret_mean=52.000 ep_len=500.0 pi_loss=-0.002 v_loss=0.829 ent=2.490 msg_acc=0.000 kl=0.0091
[upd  121 | steps   61952 | t  128.2s | sps   483] ret_mean=0.000 ep_len=500.0 pi_loss=-0.012 v_loss=0.006 ent=2.590 msg_acc=0.000 kl=0.0044
[upd  122 | steps   62464 | t  129.1s | sps   484] ret_mean=0.000 ep_len=500.0 pi_loss=-0.012 v_loss=0.002 ent=2.822 msg_acc=0.000 kl=0.0007
[upd  123 | steps   62976 | t  129.7s | sps   486] ret_mean=0.000 ep_len=500.0 pi_loss=-0.016 v_loss=2.056 ent=2.650 msg_acc=0.000 kl=0.0126
[upd  124 | steps   63488 | t  131.6s | sps   482] ret_mean=50.500 ep_len=500.0 pi_loss=-0.005 v_loss=0.008 ent=2.822 msg_acc=0.000 kl=0.0026
[upd  125 | steps   64000 | t  132.5s | sps   483] ret_mean=0.000 ep_len=500.0 pi_loss=-0.008 v_loss=3.972 ent=2.400 msg_acc=0.000 kl=0.0099
[upd  126 | steps   64512 | t  133.3s | sps   484] ret_mean=71.000 ep_len=500.0 pi_loss=-0.008 v_loss=0.028 ent=2.522 msg_acc=0.000 kl=0.0086
[upd  127 | steps   65024 | t  133.9s | sps   486] ret_mean=0.000 ep_len=500.0 pi_loss=-0.012 v_loss=0.025 ent=2.721 msg_acc=0.000 kl=0.0078
[upd  128 | steps   65536 | t  134.6s | sps   487] ret_mean=0.000 ep_len=500.0 pi_loss=-0.013 v_loss=0.270 ent=2.607 msg_acc=0.000 kl=0.0193
[upd  129 | steps   66048 | t  135.8s | sps   486] ret_mean=20.000 ep_len=500.0 pi_loss=-0.008 v_loss=0.200 ent=2.801 msg_acc=0.000 kl=0.0028
[upd  130 | steps   66560 | t  136.9s | sps   486] ret_mean=0.000 ep_len=500.0 pi_loss=-0.010 v_loss=0.003 ent=2.644 msg_acc=0.000 kl=0.0058
[upd  131 | steps   67072 | t  137.8s | sps   487] ret_mean=0.000 ep_len=500.0 pi_loss=-0.019 v_loss=0.007 ent=2.634 msg_acc=0.000 kl=0.0026
[upd  132 | steps   67584 | t  138.6s | sps   488] ret_mean=0.000 ep_len=500.0 pi_loss=-0.012 v_loss=0.003 ent=2.686 msg_acc=0.000 kl=0.0070
[upd  133 | steps   68096 | t  139.2s | sps   489] ret_mean=0.000 ep_len=500.0 pi_loss=-0.008 v_loss=0.036 ent=2.403 msg_acc=0.000 kl=-0.0046
[upd  134 | steps   68608 | t  139.8s | sps   491] ret_mean=9.000 ep_len=500.0 pi_loss=-0.010 v_loss=1.413 ent=2.586 msg_acc=0.000 kl=0.0066
[upd  135 | steps   69120 | t  140.4s | sps   492] ret_mean=34.500 ep_len=500.0 pi_loss=-0.010 v_loss=0.162 ent=2.896 msg_acc=0.000 kl=-0.0007
[upd  136 | steps   69632 | t  141.0s | sps   494] ret_mean=7.000 ep_len=500.0 pi_loss=-0.011 v_loss=0.483 ent=2.739 msg_acc=0.000 kl=0.0110
[upd  137 | steps   70144 | t  141.6s | sps   495] ret_mean=19.500 ep_len=500.0 pi_loss=-0.018 v_loss=1.114 ent=2.370 msg_acc=0.000 kl=0.0193
[upd  138 | steps   70656 | t  142.4s | sps   496] ret_mean=37.000 ep_len=500.0 pi_loss=-0.012 v_loss=1.277 ent=2.609 msg_acc=0.000 kl=0.0061
[upd  139 | steps   71168 | t  143.0s | sps   498] ret_mean=28.500 ep_len=500.0 pi_loss=-0.015 v_loss=0.002 ent=2.725 msg_acc=0.000 kl=0.0068
[upd  140 | steps   71680 | t  143.6s | sps   499] ret_mean=0.000 ep_len=500.0 pi_loss=-0.010 v_loss=0.003 ent=2.903 msg_acc=0.000 kl=0.0088
[upd  141 | steps   72192 | t  144.4s | sps   500] ret_mean=0.000 ep_len=500.0 pi_loss=-0.005 v_loss=1.364 ent=1.713 msg_acc=0.000 kl=0.0069
[upd  142 | steps   72704 | t  145.5s | sps   500] ret_mean=36.500 ep_len=500.0 pi_loss=-0.014 v_loss=1.694 ent=2.587 msg_acc=0.000 kl=-0.0022
[upd  143 | steps   73216 | t  146.6s | sps   499] ret_mean=2.000 ep_len=500.0 pi_loss=-0.012 v_loss=0.020 ent=2.612 msg_acc=0.000 kl=0.0068
[upd  144 | steps   73728 | t  148.0s | sps   498] ret_mean=0.000 ep_len=500.0 pi_loss=-0.014 v_loss=0.007 ent=2.539 msg_acc=0.000 kl=0.0175
[upd  145 | steps   74240 | t  148.7s | sps   499] ret_mean=0.000 ep_len=500.0 pi_loss=-0.012 v_loss=0.178 ent=2.167 msg_acc=0.000 kl=0.0041
[upd  146 | steps   74752 | t  149.5s | sps   500] ret_mean=19.500 ep_len=500.0 pi_loss=-0.009 v_loss=0.365 ent=2.668 msg_acc=0.000 kl=0.0021
[upd  147 | steps   75264 | t  150.1s | sps   501] ret_mean=7.500 ep_len=500.0 pi_loss=-0.011 v_loss=0.178 ent=2.857 msg_acc=0.000 kl=0.0080
[upd  148 | steps   75776 | t  150.7s | sps   503] ret_mean=6.000 ep_len=500.0 pi_loss=-0.009 v_loss=0.145 ent=2.915 msg_acc=0.000 kl=0.0026
[upd  149 | steps   76288 | t  151.3s | sps   504] ret_mean=0.000 ep_len=500.0 pi_loss=-0.011 v_loss=0.003 ent=2.608 msg_acc=0.000 kl=0.0042
[upd  150 | steps   76800 | t  152.0s | sps   505] ret_mean=0.000 ep_len=500.0 pi_loss=-0.016 v_loss=0.004 ent=2.834 msg_acc=0.000 kl=0.0084
        [eval] ret_mean=24.950 ep_len=500.0
[upd  151 | steps   77312 | t  157.4s | sps   491] ret_mean=0.000 ep_len=500.0 pi_loss=-0.013 v_loss=0.003 ent=3.159 msg_acc=0.000 kl=0.0050
[upd  152 | steps   77824 | t  158.0s | sps   493] ret_mean=5.000 ep_len=500.0 pi_loss=-0.012 v_loss=0.102 ent=3.207 msg_acc=0.000 kl=0.0045
[upd  153 | steps   78336 | t  158.6s | sps   494] ret_mean=5.000 ep_len=500.0 pi_loss=-0.011 v_loss=0.111 ent=2.900 msg_acc=0.000 kl=0.0020
[upd  154 | steps   78848 | t  159.2s | sps   495] ret_mean=0.000 ep_len=500.0 pi_loss=-0.010 v_loss=0.040 ent=2.713 msg_acc=0.000 kl=0.0039
[upd  155 | steps   79360 | t  159.9s | sps   496] ret_mean=91.500 ep_len=500.0 pi_loss=-0.012 v_loss=3.670 ent=2.144 msg_acc=0.000 kl=0.0176
[upd  156 | steps   79872 | t  160.5s | sps   498] ret_mean=4.500 ep_len=500.0 pi_loss=-0.020 v_loss=0.009 ent=2.926 msg_acc=0.000 kl=0.0223
[upd  157 | steps   80384 | t  161.1s | sps   499] ret_mean=0.000 ep_len=500.0 pi_loss=-0.014 v_loss=0.002 ent=2.536 msg_acc=0.000 kl=0.0061
[upd  158 | steps   80896 | t  161.7s | sps   500] ret_mean=0.000 ep_len=500.0 pi_loss=-0.010 v_loss=0.004 ent=2.942 msg_acc=0.000 kl=0.0091
[upd  159 | steps   81408 | t  162.3s | sps   502] ret_mean=0.000 ep_len=500.0 pi_loss=-0.013 v_loss=0.001 ent=3.143 msg_acc=0.000 kl=0.0117
[upd  160 | steps   81920 | t  163.0s | sps   503] ret_mean=0.000 ep_len=500.0 pi_loss=-0.018 v_loss=0.001 ent=3.183 msg_acc=0.000 kl=0.0171
[upd  161 | steps   82432 | t  163.6s | sps   504] ret_mean=53.500 ep_len=500.0 pi_loss=-0.008 v_loss=2.681 ent=2.519 msg_acc=0.000 kl=0.0142
[upd  162 | steps   82944 | t  164.3s | sps   505] ret_mean=4.000 ep_len=500.0 pi_loss=-0.013 v_loss=0.003 ent=2.725 msg_acc=0.000 kl=0.0048
[upd  163 | steps   83456 | t  164.9s | sps   506] ret_mean=13.000 ep_len=500.0 pi_loss=-0.010 v_loss=0.565 ent=2.708 msg_acc=0.000 kl=0.0116
[upd  164 | steps   83968 | t  165.5s | sps   507] ret_mean=43.500 ep_len=500.0 pi_loss=-0.006 v_loss=1.276 ent=2.461 msg_acc=0.000 kl=0.0017
[upd  165 | steps   84480 | t  166.1s | sps   509] ret_mean=1.500 ep_len=500.0 pi_loss=-0.015 v_loss=0.182 ent=2.743 msg_acc=0.000 kl=0.0023
[upd  166 | steps   84992 | t  166.7s | sps   510] ret_mean=7.000 ep_len=500.0 pi_loss=-0.011 v_loss=0.005 ent=3.111 msg_acc=0.000 kl=0.0087
[upd  167 | steps   85504 | t  167.3s | sps   511] ret_mean=0.000 ep_len=500.0 pi_loss=-0.011 v_loss=0.002 ent=2.972 msg_acc=0.000 kl=0.0106
[upd  168 | steps   86016 | t  167.9s | sps   512] ret_mean=0.000 ep_len=500.0 pi_loss=-0.013 v_loss=0.310 ent=2.841 msg_acc=0.000 kl=0.0058
[upd  169 | steps   86528 | t  168.5s | sps   514] ret_mean=17.500 ep_len=500.0 pi_loss=-0.011 v_loss=0.327 ent=2.994 msg_acc=0.000 kl=0.0016
[upd  170 | steps   87040 | t  169.1s | sps   515] ret_mean=59.500 ep_len=500.0 pi_loss=-0.008 v_loss=1.964 ent=2.723 msg_acc=0.000 kl=0.0083
[upd  171 | steps   87552 | t  169.7s | sps   516] ret_mean=0.000 ep_len=500.0 pi_loss=-0.007 v_loss=0.015 ent=3.012 msg_acc=0.000 kl=0.0068
[upd  172 | steps   88064 | t  170.4s | sps   517] ret_mean=2.000 ep_len=500.0 pi_loss=-0.013 v_loss=0.139 ent=3.030 msg_acc=0.000 kl=-0.0019
[upd  173 | steps   88576 | t  171.0s | sps   518] ret_mean=6.500 ep_len=500.0 pi_loss=-0.010 v_loss=1.812 ent=2.559 msg_acc=0.000 kl=0.0062
[upd  174 | steps   89088 | t  171.6s | sps   519] ret_mean=90.500 ep_len=500.0 pi_loss=-0.012 v_loss=2.225 ent=2.647 msg_acc=0.000 kl=0.0068
[upd  175 | steps   89600 | t  172.2s | sps   520] ret_mean=4.500 ep_len=500.0 pi_loss=-0.015 v_loss=0.795 ent=2.608 msg_acc=0.000 kl=-0.0031
[upd  176 | steps   90112 | t  172.9s | sps   521] ret_mean=23.000 ep_len=500.0 pi_loss=-0.009 v_loss=4.986 ent=2.297 msg_acc=0.000 kl=0.0058
[upd  177 | steps   90624 | t  173.8s | sps   521] ret_mean=89.500 ep_len=500.0 pi_loss=-0.010 v_loss=0.233 ent=2.628 msg_acc=0.000 kl=0.0065
[upd  178 | steps   91136 | t  174.7s | sps   522] ret_mean=3.500 ep_len=500.0 pi_loss=-0.011 v_loss=0.024 ent=2.830 msg_acc=0.000 kl=-0.0013
[upd  179 | steps   91648 | t  175.6s | sps   522] ret_mean=0.000 ep_len=500.0 pi_loss=-0.009 v_loss=0.371 ent=3.036 msg_acc=0.000 kl=0.0032
[upd  180 | steps   92160 | t  176.3s | sps   523] ret_mean=13.000 ep_len=500.0 pi_loss=-0.012 v_loss=0.118 ent=2.819 msg_acc=0.000 kl=0.0052
[upd  181 | steps   92672 | t  177.0s | sps   524] ret_mean=14.500 ep_len=500.0 pi_loss=-0.007 v_loss=0.355 ent=2.612 msg_acc=0.000 kl=0.0084
[upd  182 | steps   93184 | t  177.6s | sps   525] ret_mean=0.000 ep_len=500.0 pi_loss=-0.013 v_loss=0.013 ent=2.850 msg_acc=0.000 kl=0.0110
[upd  183 | steps   93696 | t  178.3s | sps   526] ret_mean=0.000 ep_len=500.0 pi_loss=-0.011 v_loss=0.011 ent=2.990 msg_acc=0.000 kl=0.0058
[upd  184 | steps   94208 | t  179.0s | sps   526] ret_mean=0.500 ep_len=500.0 pi_loss=-0.021 v_loss=2.522 ent=2.414 msg_acc=0.000 kl=0.0091
[upd  185 | steps   94720 | t  179.6s | sps   527] ret_mean=53.500 ep_len=500.0 pi_loss=-0.010 v_loss=0.008 ent=2.233 msg_acc=0.000 kl=0.0089
[upd  186 | steps   95232 | t  180.3s | sps   528] ret_mean=0.000 ep_len=500.0 pi_loss=-0.011 v_loss=0.746 ent=2.591 msg_acc=0.000 kl=0.0045
[upd  187 | steps   95744 | t  181.0s | sps   529] ret_mean=20.500 ep_len=500.0 pi_loss=-0.013 v_loss=6.851 ent=1.970 msg_acc=0.000 kl=0.0026
[upd  188 | steps   96256 | t  181.6s | sps   530] ret_mean=129.500 ep_len=500.0 pi_loss=-0.013 v_loss=1.366 ent=2.259 msg_acc=0.000 kl=0.0046
[upd  189 | steps   96768 | t  182.3s | sps   531] ret_mean=38.500 ep_len=500.0 pi_loss=-0.003 v_loss=0.224 ent=2.807 msg_acc=0.000 kl=0.0097
[upd  190 | steps   97280 | t  182.9s | sps   532] ret_mean=0.000 ep_len=500.0 pi_loss=-0.011 v_loss=0.329 ent=2.876 msg_acc=0.000 kl=0.0063
[upd  191 | steps   97792 | t  183.5s | sps   533] ret_mean=11.500 ep_len=500.0 pi_loss=-0.015 v_loss=0.555 ent=2.130 msg_acc=0.000 kl=0.0068
[upd  192 | steps   98304 | t  184.1s | sps   534] ret_mean=10.000 ep_len=500.0 pi_loss=-0.015 v_loss=0.042 ent=2.432 msg_acc=0.000 kl=0.0121
[upd  193 | steps   98816 | t  184.8s | sps   535] ret_mean=0.000 ep_len=500.0 pi_loss=-0.009 v_loss=0.038 ent=3.045 msg_acc=0.000 kl=0.0029
[upd  194 | steps   99328 | t  185.4s | sps   536] ret_mean=3.000 ep_len=500.0 pi_loss=-0.011 v_loss=0.025 ent=2.978 msg_acc=0.000 kl=0.0103
[upd  195 | steps   99840 | t  186.5s | sps   535] ret_mean=10.500 ep_len=500.0 pi_loss=-0.008 v_loss=0.549 ent=2.014 msg_acc=0.000 kl=0.0054
[upd  196 | steps  100352 | t  187.3s | sps   536] ret_mean=76.000 ep_len=500.0 pi_loss=-0.007 v_loss=3.184 ent=1.912 msg_acc=0.000 kl=0.0147
[upd  197 | steps  100864 | t  188.0s | sps   537] ret_mean=17.500 ep_len=500.0 pi_loss=-0.010 v_loss=0.653 ent=2.163 msg_acc=0.000 kl=0.0098
[upd  198 | steps  101376 | t  188.6s | sps   538] ret_mean=119.500 ep_len=500.0 pi_loss=-0.013 v_loss=4.520 ent=1.809 msg_acc=0.000 kl=0.0062
[upd  199 | steps  101888 | t  189.2s | sps   539] ret_mean=91.500 ep_len=500.0 pi_loss=-0.009 v_loss=4.154 ent=2.052 msg_acc=0.000 kl=0.0062
[upd  200 | steps  102400 | t  189.8s | sps   540] ret_mean=0.000 ep_len=500.0 pi_loss=-0.012 v_loss=0.020 ent=2.179 msg_acc=0.000 kl=0.0040
        [eval] ret_mean=2.300 ep_len=500.0
