$ /Users/samchen/Coding/CLASSES/CS2860/.venv/bin/python3 -m policies.train --env rware-small-2ag-v2 --seed 1 --updates 300 --rollout 512 --eval-every 25 --eval-episodes 30 --log-dir matrix_results/diagnostics_v1_sam/comm_2ag/headroom/rware-small-2ag-v2 --run-name mappo-heartbeat-only__delay-dropout__d30__s1 --n-msg-tokens 8 --no-comm --heartbeat --heartbeat-period 1 --heartbeat-max-age-clip 128 --heartbeat-delay 30 --dropout --dropout-window-start 200 --dropout-window-end 350 --shape-rewards --pickup-bonus 0.5

[env] EnvSpec(env_id='rware-small-2ag-v2', n_agents=2, obs_dim=73, n_env_actions=5, noop_action=0, family='rware')  (n_msg_tokens=1)
[cfg] {'clip_range': 0.2, 'value_clip_range': 0.2, 'entropy_coef': 0.01, 'value_coef': 0.5, 'max_grad_norm': 0.5, 'gamma': 0.99, 'gae_lambda': 0.95, 'lr_actor': 0.0003, 'lr_critic': 0.001, 'update_epochs': 4, 'minibatches': 4, 'hidden': 128, 'depth': 2, 'device': 'cpu', 'extra': {}}
[log] writing to matrix_results/diagnostics_v1_sam/comm_2ag/headroom/rware-small-2ag-v2/mappo-heartbeat-only__delay-dropout__d30__s1
[upd    1 | steps     512 | t    0.2s | sps  2222] ret_mean=0.000 ep_len=500.0 pi_loss=-0.006 v_loss=0.077 ent=1.607 kl=-0.0000
[upd    2 | steps    1024 | t    0.4s | sps  2550] ret_mean=0.000 ep_len=500.0 pi_loss=-0.006 v_loss=0.027 ent=1.602 kl=0.0002
[upd    3 | steps    1536 | t    0.6s | sps  2650] ret_mean=1.500 ep_len=500.0 pi_loss=-0.005 v_loss=0.087 ent=1.582 kl=0.0056
[upd    4 | steps    2048 | t    0.8s | sps  2715] ret_mean=0.000 ep_len=500.0 pi_loss=-0.004 v_loss=0.065 ent=1.568 kl=-0.0037
[upd    5 | steps    2560 | t    1.0s | sps  2564] ret_mean=0.000 ep_len=500.0 pi_loss=-0.003 v_loss=0.055 ent=1.546 kl=-0.0001
[upd    6 | steps    3072 | t    1.2s | sps  2631] ret_mean=0.500 ep_len=500.0 pi_loss=-0.004 v_loss=0.005 ent=1.552 kl=-0.0031
[upd    7 | steps    3584 | t    1.4s | sps  2645] ret_mean=0.000 ep_len=500.0 pi_loss=-0.006 v_loss=0.019 ent=1.557 kl=-0.0009
[upd    8 | steps    4096 | t    1.5s | sps  2685] ret_mean=0.000 ep_len=500.0 pi_loss=-0.002 v_loss=0.010 ent=1.569 kl=-0.0003
[upd    9 | steps    4608 | t    1.7s | sps  2719] ret_mean=0.000 ep_len=500.0 pi_loss=-0.006 v_loss=0.005 ent=1.584 kl=0.0087
[upd   10 | steps    5120 | t    1.9s | sps  2750] ret_mean=0.000 ep_len=500.0 pi_loss=-0.003 v_loss=0.004 ent=1.596 kl=-0.0000
[upd   11 | steps    5632 | t    2.0s | sps  2784] ret_mean=0.000 ep_len=500.0 pi_loss=-0.003 v_loss=0.006 ent=1.587 kl=-0.0001
[upd   12 | steps    6144 | t    2.2s | sps  2804] ret_mean=0.000 ep_len=500.0 pi_loss=-0.010 v_loss=0.007 ent=1.577 kl=0.0039
[upd   13 | steps    6656 | t    2.4s | sps  2828] ret_mean=0.000 ep_len=500.0 pi_loss=-0.009 v_loss=0.002 ent=1.562 kl=0.0025
[upd   14 | steps    7168 | t    2.5s | sps  2832] ret_mean=0.000 ep_len=500.0 pi_loss=-0.006 v_loss=0.003 ent=1.498 kl=0.0081
[upd   15 | steps    7680 | t    2.7s | sps  2835] ret_mean=0.000 ep_len=500.0 pi_loss=-0.004 v_loss=0.005 ent=1.535 kl=0.0012
[upd   16 | steps    8192 | t    2.9s | sps  2838] ret_mean=0.000 ep_len=500.0 pi_loss=-0.008 v_loss=0.002 ent=1.527 kl=0.0122
[upd   17 | steps    8704 | t    3.1s | sps  2848] ret_mean=0.000 ep_len=500.0 pi_loss=-0.005 v_loss=0.002 ent=1.525 kl=-0.0009
[upd   18 | steps    9216 | t    3.2s | sps  2839] ret_mean=0.000 ep_len=500.0 pi_loss=-0.004 v_loss=0.003 ent=1.476 kl=0.0076
[upd   19 | steps    9728 | t    3.4s | sps  2839] ret_mean=0.000 ep_len=500.0 pi_loss=-0.005 v_loss=0.002 ent=1.554 kl=-0.0010
[upd   20 | steps   10240 | t    3.6s | sps  2839] ret_mean=0.000 ep_len=500.0 pi_loss=-0.004 v_loss=0.009 ent=1.569 kl=0.0014
[upd   21 | steps   10752 | t    3.8s | sps  2837] ret_mean=1.500 ep_len=500.0 pi_loss=-0.003 v_loss=0.004 ent=1.560 kl=0.0016
[upd   22 | steps   11264 | t    4.0s | sps  2835] ret_mean=1.000 ep_len=500.0 pi_loss=-0.006 v_loss=0.002 ent=1.560 kl=0.0074
[upd   23 | steps   11776 | t    4.1s | sps  2839] ret_mean=0.000 ep_len=500.0 pi_loss=-0.008 v_loss=0.001 ent=1.544 kl=0.0120
[upd   24 | steps   12288 | t    4.3s | sps  2841] ret_mean=0.000 ep_len=500.0 pi_loss=-0.005 v_loss=0.008 ent=1.560 kl=0.0012
[upd   25 | steps   12800 | t    4.5s | sps  2841] ret_mean=1.500 ep_len=500.0 pi_loss=-0.006 v_loss=0.002 ent=1.559 kl=0.0044
        [eval] ret_mean=4.167 ep_len=500.0
[upd   26 | steps   13312 | t    8.6s | sps  1548] ret_mean=0.000 ep_len=500.0 pi_loss=-0.002 v_loss=0.002 ent=1.563 kl=0.0001
[upd   27 | steps   13824 | t    8.8s | sps  1578] ret_mean=0.000 ep_len=500.0 pi_loss=-0.006 v_loss=0.003 ent=1.572 kl=-0.0014
[upd   28 | steps   14336 | t    8.9s | sps  1606] ret_mean=1.000 ep_len=500.0 pi_loss=-0.005 v_loss=0.005 ent=1.571 kl=0.0016
[upd   29 | steps   14848 | t    9.1s | sps  1635] ret_mean=0.000 ep_len=500.0 pi_loss=-0.015 v_loss=0.003 ent=1.588 kl=0.0166
[upd   30 | steps   15360 | t    9.2s | sps  1662] ret_mean=0.000 ep_len=500.0 pi_loss=-0.003 v_loss=0.003 ent=1.548 kl=0.0021
[upd   31 | steps   15872 | t    9.4s | sps  1689] ret_mean=0.500 ep_len=500.0 pi_loss=-0.008 v_loss=0.003 ent=1.571 kl=0.0044
[upd   32 | steps   16384 | t    9.6s | sps  1712] ret_mean=0.000 ep_len=500.0 pi_loss=-0.005 v_loss=0.002 ent=1.552 kl=0.0001
[upd   33 | steps   16896 | t    9.8s | sps  1730] ret_mean=0.000 ep_len=500.0 pi_loss=-0.009 v_loss=0.001 ent=1.569 kl=0.0024
[upd   34 | steps   17408 | t   10.0s | sps  1745] ret_mean=2.000 ep_len=500.0 pi_loss=-0.006 v_loss=0.012 ent=1.576 kl=0.0063
[upd   35 | steps   17920 | t   10.2s | sps  1764] ret_mean=0.000 ep_len=500.0 pi_loss=-0.008 v_loss=0.002 ent=1.562 kl=0.0046
[upd   36 | steps   18432 | t   10.3s | sps  1782] ret_mean=0.000 ep_len=500.0 pi_loss=-0.005 v_loss=0.002 ent=1.544 kl=0.0048
[upd   37 | steps   18944 | t   10.6s | sps  1796] ret_mean=0.000 ep_len=500.0 pi_loss=-0.009 v_loss=0.001 ent=1.534 kl=0.0110
[upd   38 | steps   19456 | t   10.7s | sps  1814] ret_mean=0.000 ep_len=500.0 pi_loss=-0.002 v_loss=0.002 ent=1.503 kl=0.0083
[upd   39 | steps   19968 | t   10.9s | sps  1833] ret_mean=0.000 ep_len=500.0 pi_loss=-0.003 v_loss=0.002 ent=1.505 kl=0.0072
[upd   40 | steps   20480 | t   11.1s | sps  1852] ret_mean=0.000 ep_len=500.0 pi_loss=-0.004 v_loss=0.001 ent=1.449 kl=0.0028
[upd   41 | steps   20992 | t   11.2s | sps  1870] ret_mean=0.000 ep_len=500.0 pi_loss=-0.005 v_loss=0.001 ent=1.453 kl=0.0088
[upd   42 | steps   21504 | t   11.4s | sps  1888] ret_mean=0.000 ep_len=500.0 pi_loss=-0.005 v_loss=0.001 ent=1.462 kl=-0.0000
[upd   43 | steps   22016 | t   11.6s | sps  1904] ret_mean=0.000 ep_len=500.0 pi_loss=-0.005 v_loss=0.001 ent=1.388 kl=0.0030
[upd   44 | steps   22528 | t   11.7s | sps  1919] ret_mean=0.000 ep_len=500.0 pi_loss=-0.004 v_loss=0.000 ent=1.449 kl=0.0101
[upd   45 | steps   23040 | t   11.9s | sps  1930] ret_mean=0.000 ep_len=500.0 pi_loss=-0.005 v_loss=0.000 ent=1.431 kl=0.0074
[upd   46 | steps   23552 | t   12.1s | sps  1942] ret_mean=0.000 ep_len=500.0 pi_loss=-0.002 v_loss=0.001 ent=1.409 kl=-0.0001
[upd   47 | steps   24064 | t   12.3s | sps  1957] ret_mean=0.000 ep_len=500.0 pi_loss=-0.007 v_loss=0.001 ent=1.330 kl=0.0058
[upd   48 | steps   24576 | t   12.5s | sps  1969] ret_mean=0.000 ep_len=500.0 pi_loss=-0.009 v_loss=0.001 ent=1.359 kl=0.0084
[upd   49 | steps   25088 | t   12.7s | sps  1975] ret_mean=0.000 ep_len=500.0 pi_loss=-0.005 v_loss=0.001 ent=1.472 kl=0.0013
[upd   50 | steps   25600 | t   12.9s | sps  1989] ret_mean=0.000 ep_len=500.0 pi_loss=-0.004 v_loss=0.001 ent=1.432 kl=0.0025
        [eval] ret_mean=8.200 ep_len=500.0
[upd   51 | steps   26112 | t   16.8s | sps  1556] ret_mean=0.500 ep_len=500.0 pi_loss=-0.007 v_loss=0.004 ent=1.453 kl=0.0102
[upd   52 | steps   26624 | t   17.0s | sps  1571] ret_mean=2.000 ep_len=500.0 pi_loss=-0.006 v_loss=0.005 ent=1.464 kl=-0.0044
[upd   53 | steps   27136 | t   17.1s | sps  1586] ret_mean=0.500 ep_len=500.0 pi_loss=-0.007 v_loss=0.003 ent=1.455 kl=0.0033
[upd   54 | steps   27648 | t   17.3s | sps  1601] ret_mean=0.000 ep_len=500.0 pi_loss=-0.006 v_loss=0.001 ent=1.476 kl=0.0048
[upd   55 | steps   28160 | t   17.4s | sps  1615] ret_mean=0.500 ep_len=500.0 pi_loss=-0.003 v_loss=0.002 ent=1.417 kl=0.0035
[upd   56 | steps   28672 | t   17.6s | sps  1629] ret_mean=1.500 ep_len=500.0 pi_loss=-0.006 v_loss=0.006 ent=1.473 kl=0.0015
[upd   57 | steps   29184 | t   17.8s | sps  1644] ret_mean=0.000 ep_len=500.0 pi_loss=-0.006 v_loss=0.001 ent=1.381 kl=0.0093
[upd   58 | steps   29696 | t   17.9s | sps  1657] ret_mean=0.000 ep_len=500.0 pi_loss=-0.016 v_loss=0.001 ent=1.346 kl=0.0115
[upd   59 | steps   30208 | t   18.1s | sps  1670] ret_mean=0.000 ep_len=500.0 pi_loss=-0.005 v_loss=0.001 ent=1.387 kl=0.0042
[upd   60 | steps   30720 | t   18.2s | sps  1684] ret_mean=0.000 ep_len=500.0 pi_loss=-0.010 v_loss=0.000 ent=1.437 kl=0.0105
[upd   61 | steps   31232 | t   18.4s | sps  1697] ret_mean=0.000 ep_len=500.0 pi_loss=-0.005 v_loss=0.000 ent=1.447 kl=0.0080
[upd   62 | steps   31744 | t   18.6s | sps  1709] ret_mean=0.000 ep_len=500.0 pi_loss=-0.007 v_loss=0.000 ent=1.483 kl=0.0023
[upd   63 | steps   32256 | t   18.8s | sps  1720] ret_mean=0.000 ep_len=500.0 pi_loss=-0.007 v_loss=0.001 ent=1.486 kl=0.0042
[upd   64 | steps   32768 | t   18.9s | sps  1732] ret_mean=0.000 ep_len=500.0 pi_loss=-0.009 v_loss=0.001 ent=1.447 kl=0.0063
[upd   65 | steps   33280 | t   19.1s | sps  1744] ret_mean=0.000 ep_len=500.0 pi_loss=-0.007 v_loss=0.001 ent=1.488 kl=0.0079
[upd   66 | steps   33792 | t   19.2s | sps  1757] ret_mean=0.000 ep_len=500.0 pi_loss=-0.006 v_loss=0.002 ent=1.511 kl=0.0018
[upd   67 | steps   34304 | t   19.4s | sps  1770] ret_mean=2.000 ep_len=500.0 pi_loss=-0.003 v_loss=0.010 ent=1.497 kl=0.0022
[upd   68 | steps   34816 | t   19.6s | sps  1781] ret_mean=0.000 ep_len=500.0 pi_loss=-0.003 v_loss=0.000 ent=1.483 kl=0.0023
[upd   69 | steps   35328 | t   19.7s | sps  1792] ret_mean=0.000 ep_len=500.0 pi_loss=-0.008 v_loss=0.000 ent=1.489 kl=0.0097
[upd   70 | steps   35840 | t   19.9s | sps  1802] ret_mean=0.000 ep_len=500.0 pi_loss=-0.008 v_loss=0.001 ent=1.472 kl=0.0039
[upd   71 | steps   36352 | t   20.1s | sps  1813] ret_mean=0.000 ep_len=500.0 pi_loss=-0.007 v_loss=0.008 ent=1.416 kl=0.0036
[upd   72 | steps   36864 | t   20.2s | sps  1824] ret_mean=1.500 ep_len=500.0 pi_loss=-0.006 v_loss=0.001 ent=1.475 kl=0.0038
[upd   73 | steps   37376 | t   20.4s | sps  1835] ret_mean=0.000 ep_len=500.0 pi_loss=-0.009 v_loss=0.001 ent=1.407 kl=0.0049
[upd   74 | steps   37888 | t   20.5s | sps  1844] ret_mean=0.000 ep_len=500.0 pi_loss=-0.010 v_loss=0.000 ent=1.407 kl=-0.0013
[upd   75 | steps   38400 | t   20.7s | sps  1855] ret_mean=0.000 ep_len=500.0 pi_loss=-0.004 v_loss=0.000 ent=1.395 kl=0.0042
        [eval] ret_mean=8.333 ep_len=500.0
[upd   76 | steps   38912 | t   24.4s | sps  1594] ret_mean=0.000 ep_len=500.0 pi_loss=-0.007 v_loss=0.001 ent=1.534 kl=0.0042
[upd   77 | steps   39424 | t   24.6s | sps  1604] ret_mean=0.000 ep_len=500.0 pi_loss=-0.002 v_loss=0.001 ent=1.465 kl=0.0056
[upd   78 | steps   39936 | t   24.7s | sps  1614] ret_mean=0.000 ep_len=500.0 pi_loss=-0.004 v_loss=0.000 ent=1.327 kl=0.0030
[upd   79 | steps   40448 | t   24.9s | sps  1624] ret_mean=1.500 ep_len=500.0 pi_loss=-0.005 v_loss=0.008 ent=1.475 kl=0.0078
[upd   80 | steps   40960 | t   25.1s | sps  1634] ret_mean=0.000 ep_len=500.0 pi_loss=-0.004 v_loss=0.002 ent=1.394 kl=0.0045
[upd   81 | steps   41472 | t   25.2s | sps  1644] ret_mean=0.000 ep_len=500.0 pi_loss=-0.005 v_loss=0.001 ent=1.437 kl=-0.0031
[upd   82 | steps   41984 | t   25.4s | sps  1654] ret_mean=0.000 ep_len=500.0 pi_loss=-0.004 v_loss=0.000 ent=1.427 kl=0.0060
[upd   83 | steps   42496 | t   25.5s | sps  1664] ret_mean=0.000 ep_len=500.0 pi_loss=-0.006 v_loss=0.002 ent=1.450 kl=0.0102
[upd   84 | steps   43008 | t   25.7s | sps  1674] ret_mean=0.500 ep_len=500.0 pi_loss=-0.005 v_loss=0.000 ent=1.287 kl=0.0017
[upd   85 | steps   43520 | t   25.9s | sps  1683] ret_mean=0.000 ep_len=500.0 pi_loss=-0.006 v_loss=0.000 ent=1.437 kl=0.0053
[upd   86 | steps   44032 | t   26.0s | sps  1692] ret_mean=0.000 ep_len=500.0 pi_loss=-0.006 v_loss=0.001 ent=1.386 kl=0.0122
[upd   87 | steps   44544 | t   26.2s | sps  1702] ret_mean=0.000 ep_len=500.0 pi_loss=-0.007 v_loss=0.001 ent=1.398 kl=0.0104
[upd   88 | steps   45056 | t   26.3s | sps  1711] ret_mean=0.500 ep_len=500.0 pi_loss=-0.003 v_loss=0.000 ent=1.391 kl=0.0032
[upd   89 | steps   45568 | t   26.5s | sps  1719] ret_mean=0.000 ep_len=500.0 pi_loss=-0.007 v_loss=0.000 ent=1.390 kl=0.0025
[upd   90 | steps   46080 | t   26.7s | sps  1728] ret_mean=0.000 ep_len=500.0 pi_loss=-0.009 v_loss=0.032 ent=1.424 kl=0.0084
[upd   91 | steps   46592 | t   26.8s | sps  1737] ret_mean=9.500 ep_len=500.0 pi_loss=-0.010 v_loss=0.101 ent=1.421 kl=0.0046
[upd   92 | steps   47104 | t   27.0s | sps  1746] ret_mean=0.000 ep_len=500.0 pi_loss=-0.004 v_loss=0.002 ent=1.446 kl=0.0064
[upd   93 | steps   47616 | t   27.1s | sps  1754] ret_mean=0.000 ep_len=500.0 pi_loss=-0.011 v_loss=0.001 ent=1.362 kl=0.0069
[upd   94 | steps   48128 | t   27.3s | sps  1763] ret_mean=0.000 ep_len=500.0 pi_loss=-0.002 v_loss=0.000 ent=1.355 kl=0.0008
[upd   95 | steps   48640 | t   27.5s | sps  1771] ret_mean=0.000 ep_len=500.0 pi_loss=-0.007 v_loss=0.000 ent=1.398 kl=0.0074
[upd   96 | steps   49152 | t   27.6s | sps  1780] ret_mean=0.000 ep_len=500.0 pi_loss=-0.006 v_loss=0.001 ent=1.457 kl=0.0095
[upd   97 | steps   49664 | t   27.8s | sps  1788] ret_mean=0.000 ep_len=500.0 pi_loss=-0.003 v_loss=0.001 ent=1.467 kl=-0.0004
[upd   98 | steps   50176 | t   27.9s | sps  1796] ret_mean=2.500 ep_len=500.0 pi_loss=-0.003 v_loss=0.027 ent=1.435 kl=0.0011
[upd   99 | steps   50688 | t   28.1s | sps  1804] ret_mean=0.000 ep_len=500.0 pi_loss=-0.004 v_loss=0.000 ent=1.459 kl=0.0043
[upd  100 | steps   51200 | t   28.2s | sps  1813] ret_mean=0.000 ep_len=500.0 pi_loss=-0.003 v_loss=0.003 ent=1.365 kl=0.0077
        [eval] ret_mean=0.000 ep_len=500.0
[upd  101 | steps   51712 | t   31.9s | sps  1621] ret_mean=0.000 ep_len=500.0 pi_loss=-0.005 v_loss=0.001 ent=1.454 kl=0.0041
[upd  102 | steps   52224 | t   32.1s | sps  1629] ret_mean=0.000 ep_len=500.0 pi_loss=-0.004 v_loss=0.001 ent=1.487 kl=-0.0012
[upd  103 | steps   52736 | t   32.2s | sps  1637] ret_mean=0.000 ep_len=500.0 pi_loss=-0.008 v_loss=0.001 ent=1.354 kl=0.0193
[upd  104 | steps   53248 | t   32.4s | sps  1645] ret_mean=0.000 ep_len=500.0 pi_loss=-0.003 v_loss=0.001 ent=1.354 kl=-0.0003
[upd  105 | steps   53760 | t   32.5s | sps  1652] ret_mean=0.000 ep_len=500.0 pi_loss=-0.003 v_loss=0.000 ent=1.303 kl=0.0010
[upd  106 | steps   54272 | t   32.7s | sps  1659] ret_mean=0.000 ep_len=500.0 pi_loss=-0.005 v_loss=0.000 ent=1.248 kl=0.0042
[upd  107 | steps   54784 | t   32.9s | sps  1664] ret_mean=0.000 ep_len=500.0 pi_loss=-0.004 v_loss=0.000 ent=1.466 kl=0.0091
[upd  108 | steps   55296 | t   33.2s | sps  1666] ret_mean=0.000 ep_len=500.0 pi_loss=-0.007 v_loss=0.000 ent=1.454 kl=0.0150
[upd  109 | steps   55808 | t   33.4s | sps  1671] ret_mean=0.000 ep_len=500.0 pi_loss=-0.003 v_loss=0.000 ent=1.484 kl=0.0018
[upd  110 | steps   56320 | t   33.6s | sps  1678] ret_mean=0.000 ep_len=500.0 pi_loss=-0.006 v_loss=0.000 ent=1.435 kl=-0.0014
[upd  111 | steps   56832 | t   33.7s | sps  1684] ret_mean=0.000 ep_len=500.0 pi_loss=-0.010 v_loss=0.000 ent=1.428 kl=0.0047
[upd  112 | steps   57344 | t   33.9s | sps  1691] ret_mean=0.000 ep_len=500.0 pi_loss=-0.008 v_loss=0.000 ent=1.440 kl=0.0064
[upd  113 | steps   57856 | t   34.1s | sps  1698] ret_mean=2.500 ep_len=500.0 pi_loss=-0.002 v_loss=0.025 ent=1.406 kl=0.0040
[upd  114 | steps   58368 | t   34.2s | sps  1705] ret_mean=0.500 ep_len=500.0 pi_loss=-0.005 v_loss=0.001 ent=1.431 kl=0.0088
[upd  115 | steps   58880 | t   34.4s | sps  1712] ret_mean=0.000 ep_len=500.0 pi_loss=-0.005 v_loss=0.000 ent=1.426 kl=0.0019
[upd  116 | steps   59392 | t   34.5s | sps  1719] ret_mean=0.000 ep_len=500.0 pi_loss=-0.009 v_loss=0.000 ent=1.421 kl=0.0093
[upd  117 | steps   59904 | t   34.7s | sps  1726] ret_mean=0.000 ep_len=500.0 pi_loss=-0.005 v_loss=0.001 ent=1.441 kl=0.0099
[upd  118 | steps   60416 | t   34.9s | sps  1733] ret_mean=0.500 ep_len=500.0 pi_loss=-0.002 v_loss=0.015 ent=1.406 kl=0.0015
[upd  119 | steps   60928 | t   35.0s | sps  1740] ret_mean=1.500 ep_len=500.0 pi_loss=-0.009 v_loss=0.001 ent=1.500 kl=0.0077
[upd  120 | steps   61440 | t   35.2s | sps  1747] ret_mean=0.000 ep_len=500.0 pi_loss=-0.006 v_loss=0.000 ent=1.417 kl=0.0061
[upd  121 | steps   61952 | t   35.3s | sps  1754] ret_mean=0.000 ep_len=500.0 pi_loss=-0.003 v_loss=0.000 ent=1.460 kl=0.0097
[upd  122 | steps   62464 | t   35.5s | sps  1760] ret_mean=0.000 ep_len=500.0 pi_loss=-0.008 v_loss=0.000 ent=1.429 kl=0.0082
[upd  123 | steps   62976 | t   35.6s | sps  1767] ret_mean=0.000 ep_len=500.0 pi_loss=-0.010 v_loss=0.000 ent=1.406 kl=-0.0020
[upd  124 | steps   63488 | t   35.8s | sps  1773] ret_mean=0.000 ep_len=500.0 pi_loss=-0.007 v_loss=0.000 ent=1.484 kl=0.0023
[upd  125 | steps   64000 | t   36.0s | sps  1780] ret_mean=0.000 ep_len=500.0 pi_loss=-0.006 v_loss=0.000 ent=1.445 kl=0.0068
        [eval] ret_mean=1.683 ep_len=500.0
[upd  126 | steps   64512 | t   39.7s | sps  1623] ret_mean=5.000 ep_len=500.0 pi_loss=-0.006 v_loss=0.103 ent=1.475 kl=0.0036
[upd  127 | steps   65024 | t   40.0s | sps  1626] ret_mean=0.000 ep_len=500.0 pi_loss=-0.006 v_loss=0.001 ent=1.437 kl=0.0072
[upd  128 | steps   65536 | t   40.2s | sps  1630] ret_mean=0.000 ep_len=500.0 pi_loss=-0.007 v_loss=0.000 ent=1.455 kl=0.0014
[upd  129 | steps   66048 | t   40.4s | sps  1637] ret_mean=0.000 ep_len=500.0 pi_loss=-0.007 v_loss=0.000 ent=1.438 kl=0.0007
[upd  130 | steps   66560 | t   40.5s | sps  1643] ret_mean=0.000 ep_len=500.0 pi_loss=-0.005 v_loss=0.000 ent=1.478 kl=0.0008
[upd  131 | steps   67072 | t   40.7s | sps  1649] ret_mean=0.000 ep_len=500.0 pi_loss=-0.011 v_loss=0.000 ent=1.453 kl=-0.0007
[upd  132 | steps   67584 | t   40.8s | sps  1655] ret_mean=0.000 ep_len=500.0 pi_loss=-0.005 v_loss=0.002 ent=1.408 kl=0.0061
[upd  133 | steps   68096 | t   41.0s | sps  1662] ret_mean=0.500 ep_len=500.0 pi_loss=-0.008 v_loss=0.000 ent=1.405 kl=-0.0008
[upd  134 | steps   68608 | t   41.1s | sps  1668] ret_mean=0.000 ep_len=500.0 pi_loss=-0.010 v_loss=0.000 ent=1.404 kl=0.0030
[upd  135 | steps   69120 | t   41.3s | sps  1673] ret_mean=0.000 ep_len=500.0 pi_loss=-0.004 v_loss=0.000 ent=1.333 kl=0.0006
[upd  136 | steps   69632 | t   41.5s | sps  1679] ret_mean=0.000 ep_len=500.0 pi_loss=-0.005 v_loss=0.000 ent=1.385 kl=-0.0006
[upd  137 | steps   70144 | t   41.6s | sps  1684] ret_mean=0.000 ep_len=500.0 pi_loss=-0.007 v_loss=0.000 ent=1.344 kl=0.0050
[upd  138 | steps   70656 | t   41.8s | sps  1690] ret_mean=0.000 ep_len=500.0 pi_loss=-0.013 v_loss=0.000 ent=1.383 kl=0.0123
[upd  139 | steps   71168 | t   42.0s | sps  1695] ret_mean=0.000 ep_len=500.0 pi_loss=-0.011 v_loss=0.006 ent=1.358 kl=0.0159
[upd  140 | steps   71680 | t   42.1s | sps  1701] ret_mean=1.000 ep_len=500.0 pi_loss=-0.003 v_loss=0.001 ent=1.229 kl=0.0005
[upd  141 | steps   72192 | t   42.3s | sps  1705] ret_mean=0.000 ep_len=500.0 pi_loss=-0.009 v_loss=0.001 ent=1.339 kl=0.0043
[upd  142 | steps   72704 | t   42.5s | sps  1711] ret_mean=0.000 ep_len=500.0 pi_loss=-0.010 v_loss=0.000 ent=1.327 kl=0.0097
[upd  143 | steps   73216 | t   42.7s | sps  1716] ret_mean=0.000 ep_len=500.0 pi_loss=-0.009 v_loss=0.000 ent=1.272 kl=0.0063
[upd  144 | steps   73728 | t   42.8s | sps  1721] ret_mean=0.000 ep_len=500.0 pi_loss=-0.006 v_loss=0.000 ent=1.202 kl=0.0078
[upd  145 | steps   74240 | t   43.0s | sps  1726] ret_mean=0.000 ep_len=500.0 pi_loss=-0.007 v_loss=0.000 ent=1.139 kl=0.0035
[upd  146 | steps   74752 | t   43.2s | sps  1731] ret_mean=0.000 ep_len=500.0 pi_loss=-0.009 v_loss=0.000 ent=1.066 kl=0.0006
[upd  147 | steps   75264 | t   43.3s | sps  1736] ret_mean=0.000 ep_len=500.0 pi_loss=-0.010 v_loss=0.000 ent=1.246 kl=0.0127
[upd  148 | steps   75776 | t   43.5s | sps  1742] ret_mean=0.000 ep_len=500.0 pi_loss=-0.010 v_loss=0.000 ent=1.230 kl=0.0040
[upd  149 | steps   76288 | t   43.6s | sps  1748] ret_mean=0.000 ep_len=500.0 pi_loss=-0.004 v_loss=0.000 ent=1.081 kl=0.0011
[upd  150 | steps   76800 | t   43.8s | sps  1753] ret_mean=0.000 ep_len=500.0 pi_loss=-0.006 v_loss=0.000 ent=1.226 kl=0.0072
        [eval] ret_mean=0.000 ep_len=500.0
[upd  151 | steps   77312 | t   47.7s | sps  1620] ret_mean=0.000 ep_len=500.0 pi_loss=-0.008 v_loss=0.000 ent=1.028 kl=0.0091
[upd  152 | steps   77824 | t   47.9s | sps  1625] ret_mean=0.000 ep_len=500.0 pi_loss=-0.004 v_loss=0.000 ent=1.199 kl=-0.0003
[upd  153 | steps   78336 | t   48.1s | sps  1630] ret_mean=0.000 ep_len=500.0 pi_loss=-0.006 v_loss=0.000 ent=1.099 kl=0.0079
[upd  154 | steps   78848 | t   48.2s | sps  1635] ret_mean=1.000 ep_len=500.0 pi_loss=-0.011 v_loss=0.006 ent=1.081 kl=0.0065
[upd  155 | steps   79360 | t   48.4s | sps  1640] ret_mean=0.000 ep_len=500.0 pi_loss=-0.005 v_loss=0.000 ent=0.993 kl=0.0046
[upd  156 | steps   79872 | t   48.6s | sps  1645] ret_mean=0.000 ep_len=500.0 pi_loss=-0.004 v_loss=0.001 ent=1.138 kl=0.0021
[upd  157 | steps   80384 | t   48.7s | sps  1649] ret_mean=0.500 ep_len=500.0 pi_loss=-0.006 v_loss=0.002 ent=1.219 kl=0.0056
[upd  158 | steps   80896 | t   48.9s | sps  1654] ret_mean=0.000 ep_len=500.0 pi_loss=-0.007 v_loss=0.000 ent=0.962 kl=0.0058
[upd  159 | steps   81408 | t   49.1s | sps  1658] ret_mean=0.000 ep_len=500.0 pi_loss=-0.004 v_loss=0.000 ent=1.065 kl=0.0037
[upd  160 | steps   81920 | t   49.3s | sps  1663] ret_mean=0.000 ep_len=500.0 pi_loss=-0.005 v_loss=0.000 ent=0.982 kl=0.0048
[upd  161 | steps   82432 | t   49.4s | sps  1668] ret_mean=0.000 ep_len=500.0 pi_loss=-0.006 v_loss=0.000 ent=0.981 kl=0.0074
[upd  162 | steps   82944 | t   49.6s | sps  1672] ret_mean=0.000 ep_len=500.0 pi_loss=-0.010 v_loss=0.002 ent=1.217 kl=0.0160
[upd  163 | steps   83456 | t   49.8s | sps  1677] ret_mean=0.500 ep_len=500.0 pi_loss=-0.007 v_loss=0.000 ent=1.206 kl=0.0115
[upd  164 | steps   83968 | t   49.9s | sps  1682] ret_mean=0.000 ep_len=500.0 pi_loss=-0.011 v_loss=0.002 ent=1.033 kl=-0.0024
[upd  165 | steps   84480 | t   50.1s | sps  1687] ret_mean=1.000 ep_len=500.0 pi_loss=-0.005 v_loss=0.001 ent=1.199 kl=0.0035
[upd  166 | steps   84992 | t   50.3s | sps  1691] ret_mean=0.000 ep_len=500.0 pi_loss=-0.006 v_loss=0.061 ent=1.392 kl=0.0020
[upd  167 | steps   85504 | t   50.4s | sps  1696] ret_mean=15.000 ep_len=500.0 pi_loss=-0.008 v_loss=0.132 ent=1.224 kl=0.0114
[upd  168 | steps   86016 | t   50.6s | sps  1700] ret_mean=0.000 ep_len=500.0 pi_loss=-0.006 v_loss=0.003 ent=1.184 kl=0.0095
[upd  169 | steps   86528 | t   50.8s | sps  1703] ret_mean=0.000 ep_len=500.0 pi_loss=-0.004 v_loss=0.001 ent=1.318 kl=0.0060
[upd  170 | steps   87040 | t   51.0s | sps  1707] ret_mean=0.000 ep_len=500.0 pi_loss=-0.005 v_loss=0.002 ent=1.445 kl=-0.0018
[upd  171 | steps   87552 | t   51.2s | sps  1711] ret_mean=0.000 ep_len=500.0 pi_loss=-0.008 v_loss=0.000 ent=1.332 kl=0.0123
[upd  172 | steps   88064 | t   51.3s | sps  1716] ret_mean=0.000 ep_len=500.0 pi_loss=-0.011 v_loss=0.001 ent=1.416 kl=0.0143
[upd  173 | steps   88576 | t   51.5s | sps  1720] ret_mean=0.000 ep_len=500.0 pi_loss=-0.010 v_loss=0.000 ent=1.348 kl=0.0065
[upd  174 | steps   89088 | t   51.7s | sps  1724] ret_mean=0.000 ep_len=500.0 pi_loss=-0.008 v_loss=0.000 ent=1.426 kl=0.0094
[upd  175 | steps   89600 | t   51.8s | sps  1729] ret_mean=0.000 ep_len=500.0 pi_loss=-0.007 v_loss=0.001 ent=1.377 kl=0.0117
        [eval] ret_mean=2.383 ep_len=500.0
[upd  176 | steps   90112 | t   55.5s | sps  1623] ret_mean=0.000 ep_len=500.0 pi_loss=-0.005 v_loss=0.000 ent=1.333 kl=0.0048
[upd  177 | steps   90624 | t   55.7s | sps  1628] ret_mean=1.000 ep_len=500.0 pi_loss=-0.002 v_loss=0.006 ent=1.410 kl=0.0033
[upd  178 | steps   91136 | t   55.8s | sps  1632] ret_mean=0.000 ep_len=500.0 pi_loss=-0.008 v_loss=0.001 ent=1.422 kl=-0.0070
[upd  179 | steps   91648 | t   56.0s | sps  1637] ret_mean=0.000 ep_len=500.0 pi_loss=-0.006 v_loss=0.000 ent=1.483 kl=0.0080
[upd  180 | steps   92160 | t   56.2s | sps  1641] ret_mean=1.500 ep_len=500.0 pi_loss=-0.009 v_loss=0.014 ent=1.462 kl=0.0146
[upd  181 | steps   92672 | t   56.3s | sps  1645] ret_mean=0.000 ep_len=500.0 pi_loss=-0.010 v_loss=0.000 ent=1.373 kl=0.0161
[upd  182 | steps   93184 | t   56.5s | sps  1650] ret_mean=0.000 ep_len=500.0 pi_loss=-0.007 v_loss=0.000 ent=1.214 kl=0.0085
[upd  183 | steps   93696 | t   56.6s | sps  1654] ret_mean=0.000 ep_len=500.0 pi_loss=-0.005 v_loss=0.000 ent=1.421 kl=0.0061
[upd  184 | steps   94208 | t   56.8s | sps  1659] ret_mean=0.000 ep_len=500.0 pi_loss=-0.012 v_loss=0.000 ent=1.375 kl=-0.0011
[upd  185 | steps   94720 | t   56.9s | sps  1663] ret_mean=0.000 ep_len=500.0 pi_loss=-0.012 v_loss=0.000 ent=1.386 kl=0.0098
[upd  186 | steps   95232 | t   57.1s | sps  1668] ret_mean=0.000 ep_len=500.0 pi_loss=-0.003 v_loss=0.000 ent=1.203 kl=0.0001
[upd  187 | steps   95744 | t   57.3s | sps  1672] ret_mean=0.000 ep_len=500.0 pi_loss=-0.004 v_loss=0.000 ent=1.368 kl=0.0043
[upd  188 | steps   96256 | t   57.4s | sps  1676] ret_mean=0.000 ep_len=500.0 pi_loss=-0.008 v_loss=0.000 ent=1.441 kl=0.0103
[upd  189 | steps   96768 | t   57.6s | sps  1680] ret_mean=0.000 ep_len=500.0 pi_loss=-0.003 v_loss=0.000 ent=1.378 kl=0.0151
[upd  190 | steps   97280 | t   57.8s | sps  1683] ret_mean=3.000 ep_len=500.0 pi_loss=-0.003 v_loss=0.064 ent=1.373 kl=0.0014
[upd  191 | steps   97792 | t   58.0s | sps  1687] ret_mean=2.000 ep_len=500.0 pi_loss=-0.011 v_loss=0.001 ent=1.367 kl=0.0054
[upd  192 | steps   98304 | t   58.1s | sps  1691] ret_mean=0.000 ep_len=500.0 pi_loss=-0.005 v_loss=0.000 ent=1.365 kl=0.0048
[upd  193 | steps   98816 | t   58.3s | sps  1696] ret_mean=0.000 ep_len=500.0 pi_loss=-0.008 v_loss=0.017 ent=1.370 kl=0.0075
[upd  194 | steps   99328 | t   58.4s | sps  1700] ret_mean=2.000 ep_len=500.0 pi_loss=-0.010 v_loss=0.001 ent=1.426 kl=0.0089
[upd  195 | steps   99840 | t   58.6s | sps  1704] ret_mean=0.000 ep_len=500.0 pi_loss=-0.007 v_loss=0.002 ent=1.427 kl=0.0049
[upd  196 | steps  100352 | t   58.7s | sps  1708] ret_mean=0.500 ep_len=500.0 pi_loss=-0.006 v_loss=0.001 ent=1.452 kl=0.0025
[upd  197 | steps  100864 | t   58.9s | sps  1712] ret_mean=0.000 ep_len=500.0 pi_loss=-0.009 v_loss=0.000 ent=1.473 kl=0.0033
[upd  198 | steps  101376 | t   59.1s | sps  1716] ret_mean=0.000 ep_len=500.0 pi_loss=-0.007 v_loss=0.001 ent=1.475 kl=0.0024
[upd  199 | steps  101888 | t   59.2s | sps  1720] ret_mean=0.000 ep_len=500.0 pi_loss=-0.009 v_loss=0.000 ent=1.465 kl=0.0009
[upd  200 | steps  102400 | t   59.4s | sps  1724] ret_mean=0.000 ep_len=500.0 pi_loss=-0.001 v_loss=0.000 ent=1.374 kl=0.0010
        [eval] ret_mean=0.000 ep_len=500.0
[upd  201 | steps  102912 | t   63.1s | sps  1631] ret_mean=0.000 ep_len=500.0 pi_loss=-0.008 v_loss=0.000 ent=1.498 kl=0.0081
[upd  202 | steps  103424 | t   63.2s | sps  1635] ret_mean=0.000 ep_len=500.0 pi_loss=-0.009 v_loss=0.000 ent=1.407 kl=0.0077
[upd  203 | steps  103936 | t   63.4s | sps  1639] ret_mean=0.000 ep_len=500.0 pi_loss=-0.003 v_loss=0.000 ent=1.472 kl=0.0141
[upd  204 | steps  104448 | t   63.6s | sps  1643] ret_mean=0.000 ep_len=500.0 pi_loss=-0.002 v_loss=0.000 ent=1.433 kl=0.0016
[upd  205 | steps  104960 | t   63.7s | sps  1647] ret_mean=1.500 ep_len=500.0 pi_loss=-0.010 v_loss=0.005 ent=1.441 kl=0.0277
[upd  206 | steps  105472 | t   63.9s | sps  1651] ret_mean=0.000 ep_len=500.0 pi_loss=-0.012 v_loss=0.006 ent=1.421 kl=0.0138
[upd  207 | steps  105984 | t   64.0s | sps  1655] ret_mean=1.500 ep_len=500.0 pi_loss=-0.006 v_loss=0.001 ent=1.383 kl=-0.0027
[upd  208 | steps  106496 | t   64.2s | sps  1659] ret_mean=0.000 ep_len=500.0 pi_loss=-0.004 v_loss=0.001 ent=1.354 kl=0.0015
[upd  209 | steps  107008 | t   64.4s | sps  1662] ret_mean=0.000 ep_len=500.0 pi_loss=-0.004 v_loss=0.000 ent=1.447 kl=0.0097
[upd  210 | steps  107520 | t   64.5s | sps  1666] ret_mean=0.000 ep_len=500.0 pi_loss=-0.004 v_loss=0.000 ent=1.494 kl=-0.0002
[upd  211 | steps  108032 | t   64.7s | sps  1670] ret_mean=0.000 ep_len=500.0 pi_loss=-0.010 v_loss=0.000 ent=1.450 kl=0.0088
[upd  212 | steps  108544 | t   64.8s | sps  1674] ret_mean=0.000 ep_len=500.0 pi_loss=-0.011 v_loss=0.011 ent=1.352 kl=0.0082
[upd  213 | steps  109056 | t   65.0s | sps  1677] ret_mean=1.500 ep_len=500.0 pi_loss=-0.010 v_loss=0.001 ent=1.375 kl=0.0039
[upd  214 | steps  109568 | t   65.2s | sps  1681] ret_mean=0.000 ep_len=500.0 pi_loss=-0.011 v_loss=0.000 ent=1.358 kl=0.0149
[upd  215 | steps  110080 | t   65.3s | sps  1685] ret_mean=0.000 ep_len=500.0 pi_loss=-0.002 v_loss=0.001 ent=1.308 kl=0.0020
[upd  216 | steps  110592 | t   65.5s | sps  1689] ret_mean=0.000 ep_len=500.0 pi_loss=-0.003 v_loss=0.000 ent=1.187 kl=0.0031
[upd  217 | steps  111104 | t   65.7s | sps  1692] ret_mean=15.000 ep_len=500.0 pi_loss=-0.009 v_loss=0.340 ent=1.275 kl=0.0176
[upd  218 | steps  111616 | t   65.8s | sps  1696] ret_mean=0.000 ep_len=500.0 pi_loss=-0.008 v_loss=0.012 ent=1.296 kl=0.0148
[upd  219 | steps  112128 | t   66.0s | sps  1699] ret_mean=1.500 ep_len=500.0 pi_loss=-0.004 v_loss=0.047 ent=1.207 kl=0.0080
[upd  220 | steps  112640 | t   66.1s | sps  1703] ret_mean=9.500 ep_len=500.0 pi_loss=-0.010 v_loss=0.122 ent=1.127 kl=0.0260
[upd  221 | steps  113152 | t   66.3s | sps  1707] ret_mean=0.000 ep_len=500.0 pi_loss=-0.006 v_loss=0.059 ent=1.086 kl=0.0042
[upd  222 | steps  113664 | t   66.5s | sps  1711] ret_mean=15.500 ep_len=500.0 pi_loss=-0.007 v_loss=2.256 ent=0.901 kl=0.0055
[upd  223 | steps  114176 | t   66.6s | sps  1714] ret_mean=47.000 ep_len=500.0 pi_loss=-0.006 v_loss=0.205 ent=1.028 kl=0.0052
[upd  224 | steps  114688 | t   66.8s | sps  1718] ret_mean=0.000 ep_len=500.0 pi_loss=-0.003 v_loss=0.004 ent=1.163 kl=0.0025
[upd  225 | steps  115200 | t   66.9s | sps  1721] ret_mean=0.000 ep_len=500.0 pi_loss=-0.006 v_loss=0.002 ent=1.082 kl=0.0066
        [eval] ret_mean=0.000 ep_len=500.0
[upd  226 | steps  115712 | t   71.0s | sps  1629] ret_mean=22.000 ep_len=500.0 pi_loss=-0.008 v_loss=1.023 ent=0.986 kl=0.0073
[upd  227 | steps  116224 | t   71.2s | sps  1632] ret_mean=0.000 ep_len=500.0 pi_loss=-0.005 v_loss=0.002 ent=0.912 kl=0.0068
[upd  228 | steps  116736 | t   71.4s | sps  1636] ret_mean=0.000 ep_len=500.0 pi_loss=0.000 v_loss=0.003 ent=0.763 kl=0.0050
[upd  229 | steps  117248 | t   71.5s | sps  1639] ret_mean=0.000 ep_len=500.0 pi_loss=-0.008 v_loss=0.001 ent=0.516 kl=0.0102
[upd  230 | steps  117760 | t   71.7s | sps  1643] ret_mean=0.000 ep_len=500.0 pi_loss=-0.009 v_loss=0.000 ent=0.917 kl=0.0082
[upd  231 | steps  118272 | t   71.8s | sps  1646] ret_mean=0.000 ep_len=500.0 pi_loss=-0.009 v_loss=0.001 ent=0.828 kl=0.0124
[upd  232 | steps  118784 | t   72.0s | sps  1650] ret_mean=0.000 ep_len=500.0 pi_loss=-0.004 v_loss=0.001 ent=0.916 kl=0.0002
[upd  233 | steps  119296 | t   72.2s | sps  1653] ret_mean=0.000 ep_len=500.0 pi_loss=-0.004 v_loss=0.000 ent=0.859 kl=0.0003
[upd  234 | steps  119808 | t   72.3s | sps  1657] ret_mean=0.000 ep_len=500.0 pi_loss=-0.003 v_loss=0.062 ent=0.654 kl=0.0025
[upd  235 | steps  120320 | t   72.5s | sps  1659] ret_mean=4.500 ep_len=500.0 pi_loss=-0.005 v_loss=0.001 ent=0.575 kl=0.0010
[upd  236 | steps  120832 | t   72.7s | sps  1663] ret_mean=0.000 ep_len=500.0 pi_loss=-0.007 v_loss=0.000 ent=0.709 kl=0.0023
[upd  237 | steps  121344 | t   72.8s | sps  1666] ret_mean=0.000 ep_len=500.0 pi_loss=-0.005 v_loss=0.000 ent=0.833 kl=0.0102
[upd  238 | steps  121856 | t   73.0s | sps  1669] ret_mean=0.000 ep_len=500.0 pi_loss=-0.004 v_loss=0.000 ent=0.691 kl=0.0026
[upd  239 | steps  122368 | t   73.2s | sps  1672] ret_mean=0.000 ep_len=500.0 pi_loss=-0.005 v_loss=0.000 ent=0.787 kl=0.0029
[upd  240 | steps  122880 | t   73.3s | sps  1676] ret_mean=0.000 ep_len=500.0 pi_loss=-0.002 v_loss=0.000 ent=0.635 kl=0.0036
[upd  241 | steps  123392 | t   73.5s | sps  1679] ret_mean=0.000 ep_len=500.0 pi_loss=-0.007 v_loss=0.000 ent=1.059 kl=0.0072
[upd  242 | steps  123904 | t   73.6s | sps  1682] ret_mean=0.000 ep_len=500.0 pi_loss=-0.003 v_loss=0.000 ent=0.727 kl=0.0027
[upd  243 | steps  124416 | t   73.8s | sps  1686] ret_mean=0.000 ep_len=500.0 pi_loss=-0.005 v_loss=0.000 ent=0.769 kl=0.0081
[upd  244 | steps  124928 | t   74.0s | sps  1689] ret_mean=0.000 ep_len=500.0 pi_loss=-0.004 v_loss=0.000 ent=0.808 kl=0.0073
[upd  245 | steps  125440 | t   74.1s | sps  1692] ret_mean=0.000 ep_len=500.0 pi_loss=-0.005 v_loss=0.000 ent=0.938 kl=0.0018
[upd  246 | steps  125952 | t   74.3s | sps  1696] ret_mean=0.000 ep_len=500.0 pi_loss=-0.002 v_loss=0.000 ent=0.662 kl=0.0017
[upd  247 | steps  126464 | t   74.4s | sps  1699] ret_mean=0.000 ep_len=500.0 pi_loss=-0.002 v_loss=0.000 ent=0.767 kl=0.0059
[upd  248 | steps  126976 | t   74.6s | sps  1703] ret_mean=0.000 ep_len=500.0 pi_loss=-0.007 v_loss=0.000 ent=0.652 kl=0.0044
[upd  249 | steps  127488 | t   74.7s | sps  1706] ret_mean=0.000 ep_len=500.0 pi_loss=-0.006 v_loss=0.000 ent=0.660 kl=-0.0020
[upd  250 | steps  128000 | t   74.9s | sps  1710] ret_mean=0.000 ep_len=500.0 pi_loss=-0.005 v_loss=0.000 ent=0.940 kl=0.0059
        [eval] ret_mean=4.167 ep_len=500.0
[upd  251 | steps  128512 | t   78.6s | sps  1635] ret_mean=0.000 ep_len=500.0 pi_loss=-0.002 v_loss=0.000 ent=0.653 kl=0.0058
[upd  252 | steps  129024 | t   78.8s | sps  1638] ret_mean=0.000 ep_len=500.0 pi_loss=-0.003 v_loss=0.000 ent=0.706 kl=0.0041
[upd  253 | steps  129536 | t   78.9s | sps  1641] ret_mean=0.000 ep_len=500.0 pi_loss=-0.007 v_loss=0.000 ent=1.125 kl=0.0058
[upd  254 | steps  130048 | t   79.1s | sps  1644] ret_mean=27.000 ep_len=500.0 pi_loss=-0.007 v_loss=1.232 ent=0.896 kl=0.0127
[upd  255 | steps  130560 | t   79.2s | sps  1648] ret_mean=0.000 ep_len=500.0 pi_loss=-0.007 v_loss=0.001 ent=0.750 kl=0.0050
[upd  256 | steps  131072 | t   79.4s | sps  1651] ret_mean=0.000 ep_len=500.0 pi_loss=-0.010 v_loss=0.001 ent=0.995 kl=0.0126
[upd  257 | steps  131584 | t   79.5s | sps  1654] ret_mean=0.000 ep_len=500.0 pi_loss=-0.005 v_loss=0.297 ent=0.700 kl=0.0029
[upd  258 | steps  132096 | t   79.7s | sps  1657] ret_mean=99.500 ep_len=500.0 pi_loss=-0.009 v_loss=4.506 ent=0.671 kl=0.0147
[upd  259 | steps  132608 | t   79.9s | sps  1659] ret_mean=0.000 ep_len=500.0 pi_loss=-0.010 v_loss=0.832 ent=0.879 kl=0.0039
[upd  260 | steps  133120 | t   80.1s | sps  1662] ret_mean=96.500 ep_len=500.0 pi_loss=-0.005 v_loss=3.694 ent=0.516 kl=0.0094
[upd  261 | steps  133632 | t   80.2s | sps  1665] ret_mean=0.000 ep_len=500.0 pi_loss=-0.005 v_loss=0.065 ent=0.780 kl=0.0152
[upd  262 | steps  134144 | t   80.4s | sps  1669] ret_mean=0.000 ep_len=500.0 pi_loss=-0.001 v_loss=0.004 ent=0.480 kl=-0.0003
[upd  263 | steps  134656 | t   80.5s | sps  1672] ret_mean=0.000 ep_len=500.0 pi_loss=-0.004 v_loss=0.014 ent=0.845 kl=0.0114
[upd  264 | steps  135168 | t   80.7s | sps  1675] ret_mean=11.500 ep_len=500.0 pi_loss=-0.004 v_loss=0.469 ent=0.658 kl=0.0067
[upd  265 | steps  135680 | t   80.8s | sps  1678] ret_mean=0.000 ep_len=500.0 pi_loss=-0.003 v_loss=0.030 ent=0.652 kl=0.0013
[upd  266 | steps  136192 | t   81.0s | sps  1681] ret_mean=0.000 ep_len=500.0 pi_loss=-0.009 v_loss=0.001 ent=0.726 kl=0.0079
[upd  267 | steps  136704 | t   81.2s | sps  1684] ret_mean=0.000 ep_len=500.0 pi_loss=-0.007 v_loss=0.002 ent=0.579 kl=0.0117
[upd  268 | steps  137216 | t   81.3s | sps  1688] ret_mean=0.000 ep_len=500.0 pi_loss=-0.001 v_loss=0.003 ent=0.639 kl=0.0052
[upd  269 | steps  137728 | t   81.5s | sps  1691] ret_mean=0.000 ep_len=500.0 pi_loss=-0.009 v_loss=0.006 ent=0.799 kl=0.0056
[upd  270 | steps  138240 | t   81.6s | sps  1694] ret_mean=0.000 ep_len=500.0 pi_loss=-0.004 v_loss=0.001 ent=0.581 kl=0.0027
[upd  271 | steps  138752 | t   81.8s | sps  1697] ret_mean=0.000 ep_len=500.0 pi_loss=-0.004 v_loss=0.000 ent=0.825 kl=-0.0013
[upd  272 | steps  139264 | t   81.9s | sps  1700] ret_mean=0.000 ep_len=500.0 pi_loss=-0.006 v_loss=0.001 ent=0.511 kl=0.0083
[upd  273 | steps  139776 | t   82.1s | sps  1703] ret_mean=0.000 ep_len=500.0 pi_loss=-0.002 v_loss=0.002 ent=0.595 kl=-0.0026
[upd  274 | steps  140288 | t   82.2s | sps  1706] ret_mean=0.000 ep_len=500.0 pi_loss=-0.003 v_loss=0.001 ent=0.654 kl=0.0012
[upd  275 | steps  140800 | t   82.4s | sps  1709] ret_mean=0.000 ep_len=500.0 pi_loss=-0.006 v_loss=0.001 ent=0.738 kl=0.0063
        [eval] ret_mean=4.167 ep_len=500.0
[upd  276 | steps  141312 | t   86.1s | sps  1641] ret_mean=0.000 ep_len=500.0 pi_loss=-0.006 v_loss=0.002 ent=0.583 kl=-0.0020
[upd  277 | steps  141824 | t   86.3s | sps  1643] ret_mean=0.000 ep_len=500.0 pi_loss=-0.004 v_loss=0.000 ent=0.972 kl=0.0056
[upd  278 | steps  142336 | t   86.4s | sps  1647] ret_mean=0.000 ep_len=500.0 pi_loss=-0.006 v_loss=0.000 ent=0.462 kl=-0.0024
[upd  279 | steps  142848 | t   86.6s | sps  1650] ret_mean=0.000 ep_len=500.0 pi_loss=-0.004 v_loss=0.002 ent=0.522 kl=0.0033
[upd  280 | steps  143360 | t   86.8s | sps  1652] ret_mean=0.000 ep_len=500.0 pi_loss=-0.008 v_loss=0.001 ent=0.886 kl=0.0029
[upd  281 | steps  143872 | t   86.9s | sps  1655] ret_mean=0.000 ep_len=500.0 pi_loss=-0.004 v_loss=0.000 ent=0.463 kl=0.0086
[upd  282 | steps  144384 | t   87.1s | sps  1658] ret_mean=0.000 ep_len=500.0 pi_loss=-0.007 v_loss=0.000 ent=0.546 kl=-0.0020
[upd  283 | steps  144896 | t   87.2s | sps  1661] ret_mean=32.500 ep_len=500.0 pi_loss=-0.003 v_loss=1.751 ent=0.613 kl=0.0107
[upd  284 | steps  145408 | t   87.4s | sps  1664] ret_mean=16.000 ep_len=500.0 pi_loss=-0.004 v_loss=3.464 ent=0.698 kl=0.0048
[upd  285 | steps  145920 | t   87.5s | sps  1667] ret_mean=48.500 ep_len=500.0 pi_loss=-0.012 v_loss=0.250 ent=0.935 kl=0.0332
[upd  286 | steps  146432 | t   87.7s | sps  1670] ret_mean=0.000 ep_len=500.0 pi_loss=-0.003 v_loss=0.001 ent=0.854 kl=0.0051
[upd  287 | steps  146944 | t   87.8s | sps  1673] ret_mean=0.000 ep_len=500.0 pi_loss=-0.002 v_loss=0.000 ent=0.357 kl=0.0020
[upd  288 | steps  147456 | t   88.0s | sps  1676] ret_mean=0.000 ep_len=500.0 pi_loss=-0.002 v_loss=1.488 ent=0.381 kl=0.0017
[upd  289 | steps  147968 | t   88.1s | sps  1679] ret_mean=41.500 ep_len=500.0 pi_loss=-0.003 v_loss=0.456 ent=0.752 kl=0.0004
[upd  290 | steps  148480 | t   88.3s | sps  1682] ret_mean=0.000 ep_len=500.0 pi_loss=-0.001 v_loss=0.003 ent=0.479 kl=0.0061
[upd  291 | steps  148992 | t   88.4s | sps  1685] ret_mean=0.000 ep_len=500.0 pi_loss=-0.004 v_loss=0.002 ent=0.788 kl=0.0053
[upd  292 | steps  149504 | t   88.6s | sps  1688] ret_mean=0.000 ep_len=500.0 pi_loss=-0.004 v_loss=0.001 ent=0.431 kl=-0.0010
[upd  293 | steps  150016 | t   88.8s | sps  1690] ret_mean=0.000 ep_len=500.0 pi_loss=-0.005 v_loss=0.001 ent=0.639 kl=0.0057
[upd  294 | steps  150528 | t   88.9s | sps  1693] ret_mean=0.000 ep_len=500.0 pi_loss=-0.005 v_loss=0.001 ent=0.701 kl=0.0100
[upd  295 | steps  151040 | t   89.1s | sps  1696] ret_mean=0.000 ep_len=500.0 pi_loss=-0.008 v_loss=0.001 ent=0.727 kl=0.0022
[upd  296 | steps  151552 | t   89.2s | sps  1699] ret_mean=0.000 ep_len=500.0 pi_loss=-0.003 v_loss=0.001 ent=0.313 kl=-0.0000
[upd  297 | steps  152064 | t   89.4s | sps  1702] ret_mean=0.000 ep_len=500.0 pi_loss=-0.003 v_loss=0.000 ent=0.372 kl=-0.0007
[upd  298 | steps  152576 | t   89.5s | sps  1705] ret_mean=0.000 ep_len=500.0 pi_loss=-0.005 v_loss=0.001 ent=0.403 kl=0.0069
[upd  299 | steps  153088 | t   89.7s | sps  1707] ret_mean=0.000 ep_len=500.0 pi_loss=-0.004 v_loss=0.000 ent=0.471 kl=0.0024
[upd  300 | steps  153600 | t   89.8s | sps  1710] ret_mean=0.000 ep_len=500.0 pi_loss=-0.002 v_loss=0.000 ent=0.933 kl=0.0008
        [eval] ret_mean=4.167 ep_len=500.0
