$ /Users/samchen/Coding/CLASSES/CS2860/.venv/bin/python3 -m policies.train --env rware-small-2ag-v2 --seed 1 --updates 300 --rollout 512 --eval-every 25 --eval-episodes 30 --log-dir matrix_results/diagnostics_v1_sam/comm_2ag/headroom/rware-small-2ag-v2 --run-name mappo-heartbeat-only__delay-only__d30__s1 --n-msg-tokens 8 --no-comm --heartbeat --heartbeat-period 1 --heartbeat-max-age-clip 128 --heartbeat-delay 30 --shape-rewards --pickup-bonus 0.5

[env] EnvSpec(env_id='rware-small-2ag-v2', n_agents=2, obs_dim=73, n_env_actions=5, noop_action=0, family='rware')  (n_msg_tokens=1)
[cfg] {'clip_range': 0.2, 'value_clip_range': 0.2, 'entropy_coef': 0.01, 'value_coef': 0.5, 'max_grad_norm': 0.5, 'gamma': 0.99, 'gae_lambda': 0.95, 'lr_actor': 0.0003, 'lr_critic': 0.001, 'update_epochs': 4, 'minibatches': 4, 'hidden': 128, 'depth': 2, 'device': 'cpu', 'extra': {}}
[log] writing to matrix_results/diagnostics_v1_sam/comm_2ag/headroom/rware-small-2ag-v2/mappo-heartbeat-only__delay-only__d30__s1
[upd    1 | steps     512 | t    0.2s | sps  2216] ret_mean=0.000 ep_len=500.0 pi_loss=-0.004 v_loss=0.096 ent=1.609 kl=0.0003
[upd    2 | steps    1024 | t    0.4s | sps  2500] ret_mean=0.000 ep_len=500.0 pi_loss=-0.007 v_loss=0.026 ent=1.607 kl=0.0013
[upd    3 | steps    1536 | t    0.6s | sps  2605] ret_mean=5.000 ep_len=500.0 pi_loss=-0.007 v_loss=0.072 ent=1.594 kl=0.0148
[upd    4 | steps    2048 | t    0.8s | sps  2675] ret_mean=0.000 ep_len=500.0 pi_loss=-0.004 v_loss=0.134 ent=1.601 kl=0.0053
[upd    5 | steps    2560 | t    1.0s | sps  2546] ret_mean=0.000 ep_len=500.0 pi_loss=-0.004 v_loss=0.097 ent=1.595 kl=0.0073
[upd    6 | steps    3072 | t    1.2s | sps  2620] ret_mean=0.500 ep_len=500.0 pi_loss=-0.004 v_loss=0.013 ent=1.591 kl=-0.0051
[upd    7 | steps    3584 | t    1.4s | sps  2637] ret_mean=4.500 ep_len=500.0 pi_loss=-0.005 v_loss=0.056 ent=1.595 kl=-0.0014
[upd    8 | steps    4096 | t    1.5s | sps  2661] ret_mean=0.000 ep_len=500.0 pi_loss=-0.005 v_loss=0.035 ent=1.578 kl=0.0036
[upd    9 | steps    4608 | t    1.7s | sps  2703] ret_mean=0.000 ep_len=500.0 pi_loss=-0.004 v_loss=0.007 ent=1.583 kl=0.0054
[upd   10 | steps    5120 | t    1.9s | sps  2730] ret_mean=0.000 ep_len=500.0 pi_loss=-0.004 v_loss=0.005 ent=1.589 kl=-0.0002
[upd   11 | steps    5632 | t    2.0s | sps  2753] ret_mean=0.000 ep_len=500.0 pi_loss=-0.010 v_loss=0.008 ent=1.591 kl=0.0092
[upd   12 | steps    6144 | t    2.2s | sps  2777] ret_mean=1.500 ep_len=500.0 pi_loss=-0.007 v_loss=0.016 ent=1.591 kl=0.0093
[upd   13 | steps    6656 | t    2.4s | sps  2790] ret_mean=0.000 ep_len=500.0 pi_loss=-0.005 v_loss=0.007 ent=1.575 kl=0.0086
[upd   14 | steps    7168 | t    2.6s | sps  2793] ret_mean=0.000 ep_len=500.0 pi_loss=-0.008 v_loss=0.003 ent=1.562 kl=0.0073
[upd   15 | steps    7680 | t    2.8s | sps  2783] ret_mean=0.000 ep_len=500.0 pi_loss=-0.003 v_loss=0.005 ent=1.549 kl=0.0021
[upd   16 | steps    8192 | t    2.9s | sps  2787] ret_mean=0.000 ep_len=500.0 pi_loss=-0.004 v_loss=0.003 ent=1.543 kl=0.0065
[upd   17 | steps    8704 | t    3.1s | sps  2788] ret_mean=0.000 ep_len=500.0 pi_loss=-0.003 v_loss=0.001 ent=1.524 kl=0.0008
[upd   18 | steps    9216 | t    3.3s | sps  2779] ret_mean=0.000 ep_len=500.0 pi_loss=-0.008 v_loss=0.003 ent=1.519 kl=0.0062
[upd   19 | steps    9728 | t    3.5s | sps  2782] ret_mean=0.000 ep_len=500.0 pi_loss=-0.002 v_loss=0.004 ent=1.536 kl=0.0043
[upd   20 | steps   10240 | t    3.7s | sps  2777] ret_mean=0.000 ep_len=500.0 pi_loss=-0.006 v_loss=0.007 ent=1.538 kl=0.0119
[upd   21 | steps   10752 | t    3.9s | sps  2780] ret_mean=1.500 ep_len=500.0 pi_loss=-0.003 v_loss=0.001 ent=1.560 kl=-0.0021
[upd   22 | steps   11264 | t    4.1s | sps  2777] ret_mean=0.000 ep_len=500.0 pi_loss=-0.007 v_loss=0.003 ent=1.561 kl=0.0022
[upd   23 | steps   11776 | t    4.2s | sps  2779] ret_mean=0.500 ep_len=500.0 pi_loss=-0.005 v_loss=0.001 ent=1.564 kl=0.0038
[upd   24 | steps   12288 | t    4.4s | sps  2780] ret_mean=0.000 ep_len=500.0 pi_loss=-0.007 v_loss=0.001 ent=1.565 kl=0.0034
[upd   25 | steps   12800 | t    4.6s | sps  2783] ret_mean=0.000 ep_len=500.0 pi_loss=-0.006 v_loss=0.001 ent=1.544 kl=0.0061
        [eval] ret_mean=0.000 ep_len=500.0
[upd   26 | steps   13312 | t    8.8s | sps  1511] ret_mean=0.000 ep_len=500.0 pi_loss=-0.009 v_loss=0.001 ent=1.560 kl=0.0040
[upd   27 | steps   13824 | t    9.0s | sps  1541] ret_mean=1.500 ep_len=500.0 pi_loss=-0.007 v_loss=0.010 ent=1.569 kl=0.0012
[upd   28 | steps   14336 | t    9.1s | sps  1571] ret_mean=0.000 ep_len=500.0 pi_loss=-0.003 v_loss=0.002 ent=1.565 kl=0.0010
[upd   29 | steps   14848 | t    9.3s | sps  1598] ret_mean=0.000 ep_len=500.0 pi_loss=-0.007 v_loss=0.001 ent=1.526 kl=0.0062
[upd   30 | steps   15360 | t    9.5s | sps  1625] ret_mean=0.000 ep_len=500.0 pi_loss=-0.007 v_loss=0.001 ent=1.577 kl=0.0060
[upd   31 | steps   15872 | t    9.6s | sps  1647] ret_mean=0.000 ep_len=500.0 pi_loss=-0.004 v_loss=0.000 ent=1.571 kl=0.0025
[upd   32 | steps   16384 | t    9.8s | sps  1663] ret_mean=0.000 ep_len=500.0 pi_loss=-0.004 v_loss=0.001 ent=1.531 kl=0.0021
[upd   33 | steps   16896 | t   10.1s | sps  1680] ret_mean=0.000 ep_len=500.0 pi_loss=-0.006 v_loss=0.001 ent=1.534 kl=0.0119
[upd   34 | steps   17408 | t   10.2s | sps  1700] ret_mean=0.000 ep_len=500.0 pi_loss=-0.005 v_loss=0.001 ent=1.543 kl=-0.0001
[upd   35 | steps   17920 | t   10.4s | sps  1716] ret_mean=0.000 ep_len=500.0 pi_loss=-0.003 v_loss=0.000 ent=1.539 kl=0.0063
[upd   36 | steps   18432 | t   10.6s | sps  1734] ret_mean=0.000 ep_len=500.0 pi_loss=-0.006 v_loss=0.001 ent=1.533 kl=0.0125
[upd   37 | steps   18944 | t   10.8s | sps  1754] ret_mean=0.000 ep_len=500.0 pi_loss=-0.010 v_loss=0.014 ent=1.555 kl=0.0178
[upd   38 | steps   19456 | t   11.0s | sps  1773] ret_mean=2.500 ep_len=500.0 pi_loss=-0.004 v_loss=0.003 ent=1.501 kl=0.0023
[upd   39 | steps   19968 | t   11.1s | sps  1794] ret_mean=0.000 ep_len=500.0 pi_loss=-0.003 v_loss=0.000 ent=1.516 kl=-0.0009
[upd   40 | steps   20480 | t   11.3s | sps  1813] ret_mean=0.000 ep_len=500.0 pi_loss=-0.008 v_loss=0.001 ent=1.524 kl=0.0073
[upd   41 | steps   20992 | t   11.5s | sps  1829] ret_mean=0.000 ep_len=500.0 pi_loss=-0.004 v_loss=0.000 ent=1.525 kl=0.0023
[upd   42 | steps   21504 | t   11.7s | sps  1845] ret_mean=0.000 ep_len=500.0 pi_loss=-0.010 v_loss=0.003 ent=1.492 kl=0.0180
[upd   43 | steps   22016 | t   11.8s | sps  1861] ret_mean=1.500 ep_len=500.0 pi_loss=-0.011 v_loss=0.009 ent=1.511 kl=0.0129
[upd   44 | steps   22528 | t   12.0s | sps  1872] ret_mean=0.000 ep_len=500.0 pi_loss=-0.002 v_loss=0.001 ent=1.496 kl=0.0044
[upd   45 | steps   23040 | t   12.2s | sps  1888] ret_mean=0.000 ep_len=500.0 pi_loss=-0.000 v_loss=0.004 ent=1.491 kl=-0.0006
[upd   46 | steps   23552 | t   12.4s | sps  1903] ret_mean=0.000 ep_len=500.0 pi_loss=-0.003 v_loss=0.001 ent=1.501 kl=0.0044
[upd   47 | steps   24064 | t   12.6s | sps  1912] ret_mean=0.000 ep_len=500.0 pi_loss=-0.007 v_loss=0.000 ent=1.477 kl=0.0034
[upd   48 | steps   24576 | t   12.8s | sps  1924] ret_mean=0.000 ep_len=500.0 pi_loss=-0.003 v_loss=0.000 ent=1.456 kl=0.0041
[upd   49 | steps   25088 | t   13.0s | sps  1937] ret_mean=0.000 ep_len=500.0 pi_loss=-0.006 v_loss=0.000 ent=1.442 kl=-0.0036
[upd   50 | steps   25600 | t   13.1s | sps  1952] ret_mean=0.000 ep_len=500.0 pi_loss=0.001 v_loss=0.000 ent=1.430 kl=0.0019
        [eval] ret_mean=0.000 ep_len=500.0
[upd   51 | steps   26112 | t   17.0s | sps  1540] ret_mean=0.000 ep_len=500.0 pi_loss=-0.005 v_loss=0.000 ent=1.476 kl=-0.0019
[upd   52 | steps   26624 | t   17.1s | sps  1555] ret_mean=0.000 ep_len=500.0 pi_loss=-0.001 v_loss=0.000 ent=1.426 kl=0.0029
[upd   53 | steps   27136 | t   17.3s | sps  1571] ret_mean=0.000 ep_len=500.0 pi_loss=-0.006 v_loss=0.000 ent=1.459 kl=0.0014
[upd   54 | steps   27648 | t   17.4s | sps  1586] ret_mean=0.000 ep_len=500.0 pi_loss=-0.002 v_loss=0.000 ent=1.426 kl=0.0068
[upd   55 | steps   28160 | t   17.6s | sps  1600] ret_mean=0.000 ep_len=500.0 pi_loss=-0.002 v_loss=0.000 ent=1.458 kl=0.0002
[upd   56 | steps   28672 | t   17.8s | sps  1614] ret_mean=0.000 ep_len=500.0 pi_loss=-0.008 v_loss=0.000 ent=1.447 kl=0.0153
[upd   57 | steps   29184 | t   17.9s | sps  1628] ret_mean=0.000 ep_len=500.0 pi_loss=-0.006 v_loss=0.000 ent=1.424 kl=0.0127
[upd   58 | steps   29696 | t   18.1s | sps  1642] ret_mean=0.000 ep_len=500.0 pi_loss=-0.007 v_loss=0.000 ent=1.370 kl=0.0112
[upd   59 | steps   30208 | t   18.2s | sps  1656] ret_mean=0.000 ep_len=500.0 pi_loss=-0.008 v_loss=0.000 ent=1.426 kl=0.0039
[upd   60 | steps   30720 | t   18.4s | sps  1669] ret_mean=0.000 ep_len=500.0 pi_loss=-0.004 v_loss=0.000 ent=1.429 kl=0.0119
[upd   61 | steps   31232 | t   18.6s | sps  1682] ret_mean=0.000 ep_len=500.0 pi_loss=-0.006 v_loss=0.000 ent=1.374 kl=-0.0049
[upd   62 | steps   31744 | t   18.7s | sps  1694] ret_mean=0.000 ep_len=500.0 pi_loss=-0.005 v_loss=0.000 ent=1.408 kl=0.0026
[upd   63 | steps   32256 | t   18.9s | sps  1707] ret_mean=0.000 ep_len=500.0 pi_loss=-0.003 v_loss=0.031 ent=1.427 kl=0.0004
[upd   64 | steps   32768 | t   19.0s | sps  1720] ret_mean=18.000 ep_len=500.0 pi_loss=-0.011 v_loss=0.126 ent=1.377 kl=0.0158
[upd   65 | steps   33280 | t   19.2s | sps  1732] ret_mean=0.000 ep_len=500.0 pi_loss=-0.008 v_loss=0.001 ent=1.376 kl=0.0200
[upd   66 | steps   33792 | t   19.4s | sps  1745] ret_mean=2.000 ep_len=500.0 pi_loss=-0.003 v_loss=0.055 ent=1.447 kl=0.0059
[upd   67 | steps   34304 | t   19.5s | sps  1756] ret_mean=6.000 ep_len=500.0 pi_loss=-0.006 v_loss=0.015 ent=1.402 kl=0.0043
[upd   68 | steps   34816 | t   19.7s | sps  1768] ret_mean=0.000 ep_len=500.0 pi_loss=-0.004 v_loss=0.004 ent=1.349 kl=0.0045
[upd   69 | steps   35328 | t   19.9s | sps  1779] ret_mean=0.000 ep_len=500.0 pi_loss=-0.005 v_loss=0.001 ent=1.319 kl=0.0002
[upd   70 | steps   35840 | t   20.0s | sps  1791] ret_mean=0.000 ep_len=500.0 pi_loss=-0.002 v_loss=0.001 ent=1.354 kl=0.0012
[upd   71 | steps   36352 | t   20.2s | sps  1802] ret_mean=0.000 ep_len=500.0 pi_loss=-0.005 v_loss=0.001 ent=1.323 kl=-0.0024
[upd   72 | steps   36864 | t   20.3s | sps  1813] ret_mean=0.000 ep_len=500.0 pi_loss=-0.005 v_loss=0.001 ent=1.356 kl=-0.0041
[upd   73 | steps   37376 | t   20.5s | sps  1823] ret_mean=0.000 ep_len=500.0 pi_loss=-0.003 v_loss=0.000 ent=1.335 kl=0.0054
[upd   74 | steps   37888 | t   20.7s | sps  1834] ret_mean=0.000 ep_len=500.0 pi_loss=-0.009 v_loss=0.000 ent=1.330 kl=-0.0007
[upd   75 | steps   38400 | t   20.8s | sps  1845] ret_mean=0.000 ep_len=500.0 pi_loss=-0.010 v_loss=0.001 ent=1.359 kl=0.0025
        [eval] ret_mean=8.333 ep_len=500.0
[upd   76 | steps   38912 | t   24.5s | sps  1585] ret_mean=0.000 ep_len=500.0 pi_loss=-0.003 v_loss=0.000 ent=1.254 kl=0.0095
[upd   77 | steps   39424 | t   24.7s | sps  1596] ret_mean=0.000 ep_len=500.0 pi_loss=-0.007 v_loss=0.000 ent=1.289 kl=0.0077
[upd   78 | steps   39936 | t   24.9s | sps  1606] ret_mean=24.500 ep_len=500.0 pi_loss=-0.007 v_loss=0.492 ent=1.290 kl=-0.0045
[upd   79 | steps   40448 | t   25.0s | sps  1616] ret_mean=0.000 ep_len=500.0 pi_loss=-0.008 v_loss=0.001 ent=1.248 kl=0.0064
[upd   80 | steps   40960 | t   25.2s | sps  1627] ret_mean=0.500 ep_len=500.0 pi_loss=-0.003 v_loss=0.000 ent=1.134 kl=0.0050
[upd   81 | steps   41472 | t   25.3s | sps  1637] ret_mean=0.000 ep_len=500.0 pi_loss=-0.007 v_loss=0.000 ent=1.210 kl=-0.0026
[upd   82 | steps   41984 | t   25.5s | sps  1647] ret_mean=0.000 ep_len=500.0 pi_loss=-0.001 v_loss=0.000 ent=1.215 kl=0.0038
[upd   83 | steps   42496 | t   25.6s | sps  1657] ret_mean=0.000 ep_len=500.0 pi_loss=-0.000 v_loss=0.007 ent=1.256 kl=0.0037
[upd   84 | steps   43008 | t   25.8s | sps  1667] ret_mean=1.000 ep_len=500.0 pi_loss=-0.005 v_loss=0.000 ent=1.287 kl=-0.0021
[upd   85 | steps   43520 | t   26.0s | sps  1677] ret_mean=0.000 ep_len=500.0 pi_loss=-0.004 v_loss=0.001 ent=1.255 kl=0.0149
[upd   86 | steps   44032 | t   26.1s | sps  1686] ret_mean=0.000 ep_len=500.0 pi_loss=-0.001 v_loss=0.000 ent=1.221 kl=-0.0002
[upd   87 | steps   44544 | t   26.3s | sps  1696] ret_mean=0.000 ep_len=500.0 pi_loss=-0.007 v_loss=0.000 ent=1.174 kl=0.0006
[upd   88 | steps   45056 | t   26.4s | sps  1706] ret_mean=0.000 ep_len=500.0 pi_loss=-0.003 v_loss=0.000 ent=1.181 kl=0.0017
[upd   89 | steps   45568 | t   26.6s | sps  1715] ret_mean=0.000 ep_len=500.0 pi_loss=-0.002 v_loss=0.000 ent=1.207 kl=-0.0010
[upd   90 | steps   46080 | t   26.7s | sps  1724] ret_mean=0.000 ep_len=500.0 pi_loss=-0.001 v_loss=0.000 ent=1.206 kl=0.0034
[upd   91 | steps   46592 | t   26.9s | sps  1733] ret_mean=0.000 ep_len=500.0 pi_loss=-0.006 v_loss=0.001 ent=1.259 kl=0.0092
[upd   92 | steps   47104 | t   27.0s | sps  1742] ret_mean=0.000 ep_len=500.0 pi_loss=-0.003 v_loss=0.000 ent=1.274 kl=-0.0016
[upd   93 | steps   47616 | t   27.2s | sps  1751] ret_mean=0.000 ep_len=500.0 pi_loss=-0.006 v_loss=0.000 ent=1.323 kl=0.0043
[upd   94 | steps   48128 | t   27.3s | sps  1760] ret_mean=0.000 ep_len=500.0 pi_loss=-0.008 v_loss=0.000 ent=1.316 kl=0.0093
[upd   95 | steps   48640 | t   27.5s | sps  1769] ret_mean=0.000 ep_len=500.0 pi_loss=-0.006 v_loss=0.000 ent=1.241 kl=0.0109
[upd   96 | steps   49152 | t   27.7s | sps  1777] ret_mean=0.000 ep_len=500.0 pi_loss=-0.003 v_loss=0.000 ent=1.145 kl=0.0027
[upd   97 | steps   49664 | t   27.8s | sps  1785] ret_mean=0.000 ep_len=500.0 pi_loss=-0.003 v_loss=0.000 ent=1.209 kl=0.0001
[upd   98 | steps   50176 | t   28.0s | sps  1794] ret_mean=0.000 ep_len=500.0 pi_loss=-0.003 v_loss=0.000 ent=1.254 kl=0.0023
[upd   99 | steps   50688 | t   28.1s | sps  1802] ret_mean=0.000 ep_len=500.0 pi_loss=-0.004 v_loss=0.000 ent=1.192 kl=0.0027
[upd  100 | steps   51200 | t   28.3s | sps  1811] ret_mean=0.000 ep_len=500.0 pi_loss=-0.007 v_loss=0.000 ent=1.201 kl=0.0103
        [eval] ret_mean=0.000 ep_len=500.0
[upd  101 | steps   51712 | t   32.0s | sps  1616] ret_mean=0.000 ep_len=500.0 pi_loss=-0.006 v_loss=0.000 ent=1.230 kl=0.0089
[upd  102 | steps   52224 | t   32.1s | sps  1624] ret_mean=0.000 ep_len=500.0 pi_loss=-0.004 v_loss=0.000 ent=1.200 kl=0.0039
[upd  103 | steps   52736 | t   32.3s | sps  1632] ret_mean=10.500 ep_len=500.0 pi_loss=-0.003 v_loss=0.280 ent=1.260 kl=0.0067
[upd  104 | steps   53248 | t   32.5s | sps  1641] ret_mean=0.000 ep_len=500.0 pi_loss=-0.004 v_loss=0.002 ent=1.263 kl=0.0001
[upd  105 | steps   53760 | t   32.6s | sps  1647] ret_mean=0.000 ep_len=500.0 pi_loss=-0.009 v_loss=0.001 ent=1.386 kl=0.0080
[upd  106 | steps   54272 | t   32.8s | sps  1654] ret_mean=0.000 ep_len=500.0 pi_loss=-0.006 v_loss=0.000 ent=1.289 kl=0.0035
[upd  107 | steps   54784 | t   33.1s | sps  1655] ret_mean=0.000 ep_len=500.0 pi_loss=-0.003 v_loss=0.000 ent=1.173 kl=0.0026
[upd  108 | steps   55296 | t   33.3s | sps  1661] ret_mean=0.000 ep_len=500.0 pi_loss=-0.004 v_loss=0.000 ent=1.165 kl=0.0004
[upd  109 | steps   55808 | t   33.5s | sps  1667] ret_mean=0.000 ep_len=500.0 pi_loss=-0.005 v_loss=0.000 ent=1.117 kl=0.0073
[upd  110 | steps   56320 | t   33.6s | sps  1675] ret_mean=0.000 ep_len=500.0 pi_loss=-0.002 v_loss=0.000 ent=1.189 kl=0.0026
[upd  111 | steps   56832 | t   33.8s | sps  1681] ret_mean=0.000 ep_len=500.0 pi_loss=-0.003 v_loss=0.000 ent=1.185 kl=0.0035
[upd  112 | steps   57344 | t   34.0s | sps  1689] ret_mean=0.000 ep_len=500.0 pi_loss=-0.005 v_loss=0.000 ent=1.353 kl=0.0066
[upd  113 | steps   57856 | t   34.1s | sps  1696] ret_mean=0.000 ep_len=500.0 pi_loss=-0.008 v_loss=0.000 ent=1.288 kl=0.0046
[upd  114 | steps   58368 | t   34.3s | sps  1704] ret_mean=0.000 ep_len=500.0 pi_loss=-0.003 v_loss=0.000 ent=1.214 kl=0.0021
[upd  115 | steps   58880 | t   34.4s | sps  1711] ret_mean=0.000 ep_len=500.0 pi_loss=-0.007 v_loss=0.000 ent=1.268 kl=0.0031
[upd  116 | steps   59392 | t   34.6s | sps  1719] ret_mean=0.000 ep_len=500.0 pi_loss=-0.008 v_loss=0.000 ent=1.238 kl=0.0108
[upd  117 | steps   59904 | t   34.7s | sps  1726] ret_mean=0.000 ep_len=500.0 pi_loss=-0.007 v_loss=0.000 ent=1.198 kl=0.0036
[upd  118 | steps   60416 | t   34.9s | sps  1733] ret_mean=0.000 ep_len=500.0 pi_loss=-0.002 v_loss=0.000 ent=1.227 kl=0.0063
[upd  119 | steps   60928 | t   35.0s | sps  1740] ret_mean=0.000 ep_len=500.0 pi_loss=-0.004 v_loss=0.229 ent=1.252 kl=0.0073
[upd  120 | steps   61440 | t   35.2s | sps  1747] ret_mean=20.000 ep_len=500.0 pi_loss=-0.005 v_loss=0.057 ent=1.279 kl=0.0002
[upd  121 | steps   61952 | t   35.3s | sps  1754] ret_mean=0.000 ep_len=500.0 pi_loss=-0.009 v_loss=0.001 ent=1.271 kl=0.0100
[upd  122 | steps   62464 | t   35.5s | sps  1761] ret_mean=0.000 ep_len=500.0 pi_loss=-0.005 v_loss=0.001 ent=1.240 kl=-0.0002
[upd  123 | steps   62976 | t   35.6s | sps  1767] ret_mean=0.000 ep_len=500.0 pi_loss=-0.001 v_loss=0.001 ent=1.250 kl=0.0021
[upd  124 | steps   63488 | t   35.8s | sps  1774] ret_mean=0.500 ep_len=500.0 pi_loss=-0.008 v_loss=0.002 ent=1.310 kl=0.0092
[upd  125 | steps   64000 | t   35.9s | sps  1780] ret_mean=0.000 ep_len=500.0 pi_loss=-0.004 v_loss=0.001 ent=1.177 kl=0.0019
        [eval] ret_mean=0.000 ep_len=500.0
[upd  126 | steps   64512 | t   39.8s | sps  1622] ret_mean=0.000 ep_len=500.0 pi_loss=-0.007 v_loss=0.001 ent=1.111 kl=0.0102
[upd  127 | steps   65024 | t   40.0s | sps  1624] ret_mean=0.000 ep_len=500.0 pi_loss=-0.008 v_loss=0.000 ent=1.266 kl=0.0237
[upd  128 | steps   65536 | t   40.2s | sps  1629] ret_mean=0.000 ep_len=500.0 pi_loss=-0.009 v_loss=0.001 ent=1.247 kl=0.0018
[upd  129 | steps   66048 | t   40.4s | sps  1635] ret_mean=0.000 ep_len=500.0 pi_loss=-0.003 v_loss=0.001 ent=1.198 kl=0.0040
[upd  130 | steps   66560 | t   40.5s | sps  1642] ret_mean=3.000 ep_len=500.0 pi_loss=-0.004 v_loss=0.025 ent=1.135 kl=0.0023
[upd  131 | steps   67072 | t   40.7s | sps  1648] ret_mean=0.000 ep_len=500.0 pi_loss=-0.006 v_loss=0.001 ent=1.061 kl=0.0106
[upd  132 | steps   67584 | t   40.9s | sps  1654] ret_mean=0.000 ep_len=500.0 pi_loss=-0.003 v_loss=0.000 ent=1.100 kl=0.0026
[upd  133 | steps   68096 | t   41.0s | sps  1661] ret_mean=0.000 ep_len=500.0 pi_loss=-0.003 v_loss=0.000 ent=1.084 kl=0.0089
[upd  134 | steps   68608 | t   41.1s | sps  1667] ret_mean=0.000 ep_len=500.0 pi_loss=-0.001 v_loss=0.000 ent=1.064 kl=0.0029
[upd  135 | steps   69120 | t   41.3s | sps  1673] ret_mean=0.000 ep_len=500.0 pi_loss=-0.006 v_loss=0.000 ent=1.134 kl=0.0040
[upd  136 | steps   69632 | t   41.5s | sps  1678] ret_mean=0.000 ep_len=500.0 pi_loss=-0.005 v_loss=0.000 ent=1.156 kl=0.0065
[upd  137 | steps   70144 | t   41.6s | sps  1684] ret_mean=0.000 ep_len=500.0 pi_loss=-0.007 v_loss=0.000 ent=1.116 kl=0.0190
[upd  138 | steps   70656 | t   41.8s | sps  1690] ret_mean=0.000 ep_len=500.0 pi_loss=-0.004 v_loss=0.000 ent=1.056 kl=0.0049
[upd  139 | steps   71168 | t   42.0s | sps  1696] ret_mean=0.000 ep_len=500.0 pi_loss=-0.004 v_loss=0.000 ent=1.191 kl=0.0030
[upd  140 | steps   71680 | t   42.1s | sps  1702] ret_mean=0.000 ep_len=500.0 pi_loss=-0.005 v_loss=0.000 ent=1.229 kl=0.0059
[upd  141 | steps   72192 | t   42.3s | sps  1706] ret_mean=0.000 ep_len=500.0 pi_loss=-0.011 v_loss=0.000 ent=1.133 kl=0.0053
[upd  142 | steps   72704 | t   42.5s | sps  1712] ret_mean=0.000 ep_len=500.0 pi_loss=-0.012 v_loss=0.000 ent=1.069 kl=0.0004
[upd  143 | steps   73216 | t   42.6s | sps  1718] ret_mean=0.000 ep_len=500.0 pi_loss=-0.007 v_loss=0.000 ent=1.092 kl=0.0035
[upd  144 | steps   73728 | t   42.8s | sps  1722] ret_mean=0.000 ep_len=500.0 pi_loss=-0.010 v_loss=0.000 ent=1.036 kl=0.0073
[upd  145 | steps   74240 | t   43.0s | sps  1728] ret_mean=0.000 ep_len=500.0 pi_loss=-0.005 v_loss=0.000 ent=0.978 kl=-0.0033
[upd  146 | steps   74752 | t   43.1s | sps  1733] ret_mean=0.000 ep_len=500.0 pi_loss=-0.006 v_loss=0.000 ent=1.133 kl=0.0190
[upd  147 | steps   75264 | t   43.3s | sps  1739] ret_mean=0.000 ep_len=500.0 pi_loss=-0.007 v_loss=0.000 ent=1.085 kl=0.0104
[upd  148 | steps   75776 | t   43.4s | sps  1744] ret_mean=0.000 ep_len=500.0 pi_loss=-0.005 v_loss=0.000 ent=1.174 kl=0.0035
[upd  149 | steps   76288 | t   43.6s | sps  1750] ret_mean=0.000 ep_len=500.0 pi_loss=-0.008 v_loss=0.000 ent=1.126 kl=0.0055
[upd  150 | steps   76800 | t   43.7s | sps  1756] ret_mean=0.000 ep_len=500.0 pi_loss=-0.005 v_loss=0.000 ent=1.074 kl=0.0106
        [eval] ret_mean=0.000 ep_len=500.0
[upd  151 | steps   77312 | t   47.6s | sps  1624] ret_mean=0.000 ep_len=500.0 pi_loss=-0.001 v_loss=0.000 ent=1.080 kl=-0.0027
[upd  152 | steps   77824 | t   47.8s | sps  1629] ret_mean=0.000 ep_len=500.0 pi_loss=-0.008 v_loss=0.000 ent=1.166 kl=0.0205
[upd  153 | steps   78336 | t   47.9s | sps  1635] ret_mean=0.000 ep_len=500.0 pi_loss=-0.004 v_loss=0.000 ent=1.162 kl=0.0079
[upd  154 | steps   78848 | t   48.1s | sps  1640] ret_mean=0.000 ep_len=500.0 pi_loss=-0.000 v_loss=0.000 ent=1.211 kl=0.0019
[upd  155 | steps   79360 | t   48.2s | sps  1645] ret_mean=0.000 ep_len=500.0 pi_loss=-0.008 v_loss=0.000 ent=1.113 kl=0.0080
[upd  156 | steps   79872 | t   48.4s | sps  1650] ret_mean=0.000 ep_len=500.0 pi_loss=-0.005 v_loss=0.000 ent=1.182 kl=-0.0026
[upd  157 | steps   80384 | t   48.6s | sps  1655] ret_mean=0.000 ep_len=500.0 pi_loss=-0.006 v_loss=0.000 ent=1.182 kl=0.0089
[upd  158 | steps   80896 | t   48.7s | sps  1660] ret_mean=0.000 ep_len=500.0 pi_loss=-0.009 v_loss=0.000 ent=1.234 kl=0.0083
[upd  159 | steps   81408 | t   48.9s | sps  1665] ret_mean=0.000 ep_len=500.0 pi_loss=-0.005 v_loss=0.000 ent=1.265 kl=0.0017
[upd  160 | steps   81920 | t   49.1s | sps  1670] ret_mean=0.000 ep_len=500.0 pi_loss=-0.007 v_loss=0.000 ent=1.294 kl=-0.0039
[upd  161 | steps   82432 | t   49.2s | sps  1675] ret_mean=0.000 ep_len=500.0 pi_loss=-0.013 v_loss=0.000 ent=1.241 kl=0.0116
[upd  162 | steps   82944 | t   49.4s | sps  1679] ret_mean=0.000 ep_len=500.0 pi_loss=-0.004 v_loss=0.000 ent=1.211 kl=0.0106
[upd  163 | steps   83456 | t   49.6s | sps  1684] ret_mean=1.500 ep_len=500.0 pi_loss=-0.010 v_loss=0.008 ent=1.275 kl=0.0130
[upd  164 | steps   83968 | t   49.7s | sps  1689] ret_mean=0.000 ep_len=500.0 pi_loss=-0.008 v_loss=0.000 ent=1.271 kl=0.0155
[upd  165 | steps   84480 | t   49.9s | sps  1694] ret_mean=0.000 ep_len=500.0 pi_loss=-0.008 v_loss=0.000 ent=1.245 kl=0.0104
[upd  166 | steps   84992 | t   50.0s | sps  1699] ret_mean=0.000 ep_len=500.0 pi_loss=-0.006 v_loss=0.000 ent=1.339 kl=0.0037
[upd  167 | steps   85504 | t   50.2s | sps  1703] ret_mean=0.000 ep_len=500.0 pi_loss=-0.004 v_loss=0.000 ent=1.276 kl=0.0070
[upd  168 | steps   86016 | t   50.4s | sps  1708] ret_mean=0.000 ep_len=500.0 pi_loss=-0.005 v_loss=0.000 ent=1.267 kl=0.0007
[upd  169 | steps   86528 | t   50.5s | sps  1713] ret_mean=0.000 ep_len=500.0 pi_loss=-0.002 v_loss=0.005 ent=1.235 kl=-0.0006
[upd  170 | steps   87040 | t   50.7s | sps  1718] ret_mean=1.500 ep_len=500.0 pi_loss=-0.004 v_loss=0.001 ent=1.215 kl=0.0031
[upd  171 | steps   87552 | t   50.8s | sps  1722] ret_mean=0.000 ep_len=500.0 pi_loss=-0.007 v_loss=0.000 ent=1.229 kl=0.0048
[upd  172 | steps   88064 | t   51.1s | sps  1725] ret_mean=0.000 ep_len=500.0 pi_loss=-0.008 v_loss=0.022 ent=1.290 kl=0.0074
[upd  173 | steps   88576 | t   51.2s | sps  1729] ret_mean=6.500 ep_len=500.0 pi_loss=-0.006 v_loss=0.029 ent=1.324 kl=-0.0016
[upd  174 | steps   89088 | t   51.4s | sps  1733] ret_mean=0.000 ep_len=500.0 pi_loss=-0.011 v_loss=0.001 ent=1.361 kl=-0.0020
[upd  175 | steps   89600 | t   51.6s | sps  1738] ret_mean=0.000 ep_len=500.0 pi_loss=-0.009 v_loss=0.001 ent=1.375 kl=0.0050
        [eval] ret_mean=0.000 ep_len=500.0
[upd  176 | steps   90112 | t   55.3s | sps  1630] ret_mean=0.000 ep_len=500.0 pi_loss=-0.009 v_loss=0.001 ent=1.318 kl=0.0041
[upd  177 | steps   90624 | t   55.4s | sps  1634] ret_mean=0.000 ep_len=500.0 pi_loss=-0.004 v_loss=0.000 ent=1.315 kl=0.0021
[upd  178 | steps   91136 | t   55.6s | sps  1639] ret_mean=0.000 ep_len=500.0 pi_loss=-0.007 v_loss=0.000 ent=1.274 kl=0.0017
[upd  179 | steps   91648 | t   55.7s | sps  1644] ret_mean=0.000 ep_len=500.0 pi_loss=-0.012 v_loss=0.000 ent=1.253 kl=0.0053
[upd  180 | steps   92160 | t   55.9s | sps  1648] ret_mean=0.000 ep_len=500.0 pi_loss=-0.005 v_loss=0.000 ent=1.355 kl=0.0069
[upd  181 | steps   92672 | t   56.1s | sps  1653] ret_mean=0.000 ep_len=500.0 pi_loss=-0.003 v_loss=0.000 ent=0.987 kl=0.0006
[upd  182 | steps   93184 | t   56.2s | sps  1657] ret_mean=0.000 ep_len=500.0 pi_loss=-0.006 v_loss=0.000 ent=1.268 kl=0.0157
[upd  183 | steps   93696 | t   56.4s | sps  1662] ret_mean=0.000 ep_len=500.0 pi_loss=-0.005 v_loss=0.000 ent=1.155 kl=0.0047
[upd  184 | steps   94208 | t   56.5s | sps  1666] ret_mean=0.000 ep_len=500.0 pi_loss=-0.005 v_loss=0.000 ent=1.179 kl=0.0054
[upd  185 | steps   94720 | t   56.7s | sps  1671] ret_mean=0.000 ep_len=500.0 pi_loss=-0.008 v_loss=0.000 ent=1.185 kl=0.0079
[upd  186 | steps   95232 | t   56.8s | sps  1675] ret_mean=0.000 ep_len=500.0 pi_loss=-0.007 v_loss=0.000 ent=1.238 kl=0.0028
[upd  187 | steps   95744 | t   57.0s | sps  1680] ret_mean=0.000 ep_len=500.0 pi_loss=-0.006 v_loss=0.000 ent=1.163 kl=-0.0029
[upd  188 | steps   96256 | t   57.2s | sps  1684] ret_mean=0.500 ep_len=500.0 pi_loss=-0.006 v_loss=0.002 ent=1.103 kl=0.0005
[upd  189 | steps   96768 | t   57.3s | sps  1689] ret_mean=0.000 ep_len=500.0 pi_loss=-0.008 v_loss=0.000 ent=1.112 kl=0.0135
[upd  190 | steps   97280 | t   57.5s | sps  1693] ret_mean=0.000 ep_len=500.0 pi_loss=-0.002 v_loss=0.000 ent=1.133 kl=0.0035
[upd  191 | steps   97792 | t   57.6s | sps  1697] ret_mean=0.000 ep_len=500.0 pi_loss=-0.009 v_loss=0.000 ent=1.081 kl=0.0204
[upd  192 | steps   98304 | t   57.8s | sps  1700] ret_mean=0.000 ep_len=500.0 pi_loss=-0.006 v_loss=0.000 ent=1.194 kl=0.0030
[upd  193 | steps   98816 | t   58.0s | sps  1704] ret_mean=0.000 ep_len=500.0 pi_loss=-0.004 v_loss=0.000 ent=1.106 kl=0.0033
[upd  194 | steps   99328 | t   58.1s | sps  1709] ret_mean=0.000 ep_len=500.0 pi_loss=-0.003 v_loss=0.000 ent=1.148 kl=0.0007
[upd  195 | steps   99840 | t   58.3s | sps  1713] ret_mean=0.000 ep_len=500.0 pi_loss=-0.002 v_loss=0.000 ent=1.256 kl=0.0035
[upd  196 | steps  100352 | t   58.5s | sps  1717] ret_mean=0.000 ep_len=500.0 pi_loss=-0.010 v_loss=0.000 ent=1.120 kl=0.0247
[upd  197 | steps  100864 | t   58.6s | sps  1721] ret_mean=0.000 ep_len=500.0 pi_loss=-0.007 v_loss=0.000 ent=1.201 kl=0.0012
[upd  198 | steps  101376 | t   58.8s | sps  1725] ret_mean=0.000 ep_len=500.0 pi_loss=-0.012 v_loss=0.000 ent=1.215 kl=0.0099
[upd  199 | steps  101888 | t   58.9s | sps  1729] ret_mean=0.000 ep_len=500.0 pi_loss=-0.005 v_loss=0.069 ent=1.278 kl=0.0077
[upd  200 | steps  102400 | t   59.1s | sps  1734] ret_mean=8.500 ep_len=500.0 pi_loss=-0.005 v_loss=0.019 ent=1.305 kl=0.0058
        [eval] ret_mean=0.000 ep_len=500.0
[upd  201 | steps  102912 | t   62.8s | sps  1640] ret_mean=5.000 ep_len=500.0 pi_loss=-0.006 v_loss=0.036 ent=1.364 kl=0.0099
[upd  202 | steps  103424 | t   62.9s | sps  1644] ret_mean=0.000 ep_len=500.0 pi_loss=-0.005 v_loss=0.001 ent=1.275 kl=0.0022
[upd  203 | steps  103936 | t   63.0s | sps  1648] ret_mean=0.000 ep_len=500.0 pi_loss=-0.008 v_loss=0.001 ent=1.295 kl=0.0029
[upd  204 | steps  104448 | t   63.2s | sps  1653] ret_mean=0.000 ep_len=500.0 pi_loss=-0.001 v_loss=0.000 ent=1.272 kl=0.0032
[upd  205 | steps  104960 | t   63.3s | sps  1657] ret_mean=0.000 ep_len=500.0 pi_loss=-0.007 v_loss=0.001 ent=1.335 kl=0.0050
[upd  206 | steps  105472 | t   63.5s | sps  1661] ret_mean=0.000 ep_len=500.0 pi_loss=-0.011 v_loss=0.084 ent=1.317 kl=0.0152
[upd  207 | steps  105984 | t   63.6s | sps  1665] ret_mean=32.000 ep_len=500.0 pi_loss=-0.007 v_loss=0.645 ent=1.226 kl=0.0069
[upd  208 | steps  106496 | t   63.8s | sps  1669] ret_mean=0.000 ep_len=500.0 pi_loss=-0.010 v_loss=0.002 ent=1.215 kl=0.0029
[upd  209 | steps  107008 | t   64.0s | sps  1673] ret_mean=0.000 ep_len=500.0 pi_loss=-0.011 v_loss=0.001 ent=1.221 kl=0.0219
[upd  210 | steps  107520 | t   64.1s | sps  1677] ret_mean=0.000 ep_len=500.0 pi_loss=-0.005 v_loss=0.001 ent=1.181 kl=0.0070
[upd  211 | steps  108032 | t   64.3s | sps  1681] ret_mean=0.000 ep_len=500.0 pi_loss=-0.015 v_loss=0.001 ent=1.194 kl=0.0084
[upd  212 | steps  108544 | t   64.4s | sps  1685] ret_mean=0.000 ep_len=500.0 pi_loss=-0.003 v_loss=0.002 ent=1.206 kl=0.0080
[upd  213 | steps  109056 | t   64.6s | sps  1689] ret_mean=0.500 ep_len=500.0 pi_loss=-0.008 v_loss=0.001 ent=1.138 kl=0.0059
[upd  214 | steps  109568 | t   64.7s | sps  1693] ret_mean=0.000 ep_len=500.0 pi_loss=-0.009 v_loss=0.000 ent=0.987 kl=0.0072
[upd  215 | steps  110080 | t   64.9s | sps  1696] ret_mean=0.000 ep_len=500.0 pi_loss=-0.008 v_loss=0.000 ent=1.108 kl=0.0078
[upd  216 | steps  110592 | t   65.0s | sps  1700] ret_mean=0.000 ep_len=500.0 pi_loss=-0.003 v_loss=0.000 ent=1.260 kl=0.0042
[upd  217 | steps  111104 | t   65.2s | sps  1704] ret_mean=0.000 ep_len=500.0 pi_loss=-0.007 v_loss=0.000 ent=1.218 kl=0.0121
[upd  218 | steps  111616 | t   65.3s | sps  1708] ret_mean=0.000 ep_len=500.0 pi_loss=-0.009 v_loss=0.000 ent=1.173 kl=0.0050
[upd  219 | steps  112128 | t   65.5s | sps  1712] ret_mean=0.000 ep_len=500.0 pi_loss=-0.009 v_loss=0.000 ent=1.330 kl=0.0089
[upd  220 | steps  112640 | t   65.6s | sps  1716] ret_mean=0.000 ep_len=500.0 pi_loss=-0.010 v_loss=0.000 ent=1.197 kl=0.0073
[upd  221 | steps  113152 | t   65.8s | sps  1720] ret_mean=0.000 ep_len=500.0 pi_loss=-0.011 v_loss=0.000 ent=1.324 kl=0.0251
[upd  222 | steps  113664 | t   65.9s | sps  1724] ret_mean=0.000 ep_len=500.0 pi_loss=-0.002 v_loss=0.000 ent=1.347 kl=0.0025
[upd  223 | steps  114176 | t   66.1s | sps  1727] ret_mean=0.000 ep_len=500.0 pi_loss=-0.011 v_loss=0.000 ent=1.225 kl=-0.0003
[upd  224 | steps  114688 | t   66.3s | sps  1731] ret_mean=0.000 ep_len=500.0 pi_loss=-0.009 v_loss=0.000 ent=1.367 kl=0.0057
[upd  225 | steps  115200 | t   66.4s | sps  1735] ret_mean=0.000 ep_len=500.0 pi_loss=-0.006 v_loss=0.000 ent=1.307 kl=-0.0017
        [eval] ret_mean=0.000 ep_len=500.0
[upd  226 | steps  115712 | t   70.5s | sps  1641] ret_mean=0.000 ep_len=500.0 pi_loss=-0.008 v_loss=0.000 ent=1.298 kl=0.0031
[upd  227 | steps  116224 | t   70.7s | sps  1645] ret_mean=0.000 ep_len=500.0 pi_loss=-0.008 v_loss=0.000 ent=1.297 kl=0.0008
[upd  228 | steps  116736 | t   70.8s | sps  1648] ret_mean=0.000 ep_len=500.0 pi_loss=-0.005 v_loss=0.000 ent=1.277 kl=0.0069
[upd  229 | steps  117248 | t   71.0s | sps  1652] ret_mean=0.000 ep_len=500.0 pi_loss=-0.004 v_loss=0.000 ent=1.294 kl=0.0103
[upd  230 | steps  117760 | t   71.1s | sps  1656] ret_mean=0.000 ep_len=500.0 pi_loss=-0.007 v_loss=0.000 ent=1.302 kl=-0.0076
[upd  231 | steps  118272 | t   71.3s | sps  1659] ret_mean=1.000 ep_len=500.0 pi_loss=-0.010 v_loss=0.005 ent=1.355 kl=0.0109
[upd  232 | steps  118784 | t   71.4s | sps  1663] ret_mean=0.000 ep_len=500.0 pi_loss=-0.008 v_loss=0.000 ent=1.355 kl=0.0067
[upd  233 | steps  119296 | t   71.6s | sps  1667] ret_mean=0.000 ep_len=500.0 pi_loss=-0.022 v_loss=0.028 ent=1.276 kl=0.0103
[upd  234 | steps  119808 | t   71.7s | sps  1670] ret_mean=2.500 ep_len=500.0 pi_loss=-0.006 v_loss=0.001 ent=1.297 kl=0.0002
[upd  235 | steps  120320 | t   71.9s | sps  1674] ret_mean=7.000 ep_len=500.0 pi_loss=-0.016 v_loss=0.052 ent=1.353 kl=0.0177
[upd  236 | steps  120832 | t   72.0s | sps  1677] ret_mean=0.000 ep_len=500.0 pi_loss=-0.010 v_loss=0.001 ent=1.395 kl=0.0117
[upd  237 | steps  121344 | t   72.2s | sps  1680] ret_mean=0.000 ep_len=500.0 pi_loss=-0.006 v_loss=0.000 ent=1.404 kl=0.0011
[upd  238 | steps  121856 | t   72.4s | sps  1684] ret_mean=0.000 ep_len=500.0 pi_loss=-0.006 v_loss=0.000 ent=1.384 kl=0.0045
[upd  239 | steps  122368 | t   72.5s | sps  1687] ret_mean=0.000 ep_len=500.0 pi_loss=-0.005 v_loss=0.000 ent=1.362 kl=0.0062
[upd  240 | steps  122880 | t   72.7s | sps  1690] ret_mean=0.000 ep_len=500.0 pi_loss=-0.006 v_loss=0.000 ent=1.394 kl=0.0003
[upd  241 | steps  123392 | t   72.9s | sps  1693] ret_mean=0.000 ep_len=500.0 pi_loss=-0.005 v_loss=0.000 ent=1.320 kl=0.0022
[upd  242 | steps  123904 | t   73.0s | sps  1697] ret_mean=0.000 ep_len=500.0 pi_loss=-0.015 v_loss=0.000 ent=1.373 kl=0.0130
[upd  243 | steps  124416 | t   73.2s | sps  1700] ret_mean=0.000 ep_len=500.0 pi_loss=-0.008 v_loss=0.127 ent=1.345 kl=0.0038
[upd  244 | steps  124928 | t   73.3s | sps  1704] ret_mean=5.500 ep_len=500.0 pi_loss=-0.005 v_loss=0.001 ent=1.235 kl=0.0055
[upd  245 | steps  125440 | t   73.5s | sps  1707] ret_mean=0.000 ep_len=500.0 pi_loss=-0.004 v_loss=0.001 ent=1.279 kl=-0.0010
[upd  246 | steps  125952 | t   73.6s | sps  1710] ret_mean=0.000 ep_len=500.0 pi_loss=-0.005 v_loss=0.001 ent=1.282 kl=-0.0015
[upd  247 | steps  126464 | t   73.8s | sps  1713] ret_mean=0.000 ep_len=500.0 pi_loss=-0.005 v_loss=0.000 ent=1.326 kl=0.0094
[upd  248 | steps  126976 | t   74.0s | sps  1717] ret_mean=0.000 ep_len=500.0 pi_loss=-0.006 v_loss=0.000 ent=1.418 kl=0.0043
[upd  249 | steps  127488 | t   74.1s | sps  1720] ret_mean=0.000 ep_len=500.0 pi_loss=-0.002 v_loss=0.000 ent=1.415 kl=0.0039
[upd  250 | steps  128000 | t   74.3s | sps  1724] ret_mean=3.500 ep_len=500.0 pi_loss=-0.007 v_loss=0.050 ent=1.433 kl=0.0054
        [eval] ret_mean=0.000 ep_len=500.0
[upd  251 | steps  128512 | t   78.0s | sps  1648] ret_mean=0.000 ep_len=500.0 pi_loss=-0.005 v_loss=0.000 ent=1.429 kl=0.0062
[upd  252 | steps  129024 | t   78.1s | sps  1651] ret_mean=0.000 ep_len=500.0 pi_loss=-0.010 v_loss=0.000 ent=1.449 kl=0.0021
[upd  253 | steps  129536 | t   78.3s | sps  1655] ret_mean=0.000 ep_len=500.0 pi_loss=-0.006 v_loss=0.000 ent=1.445 kl=0.0075
[upd  254 | steps  130048 | t   78.4s | sps  1658] ret_mean=0.000 ep_len=500.0 pi_loss=-0.005 v_loss=0.000 ent=1.486 kl=0.0062
[upd  255 | steps  130560 | t   78.6s | sps  1661] ret_mean=0.500 ep_len=500.0 pi_loss=-0.008 v_loss=0.002 ent=1.474 kl=0.0150
[upd  256 | steps  131072 | t   78.8s | sps  1664] ret_mean=0.000 ep_len=500.0 pi_loss=-0.012 v_loss=0.000 ent=1.425 kl=-0.0044
[upd  257 | steps  131584 | t   78.9s | sps  1667] ret_mean=0.000 ep_len=500.0 pi_loss=-0.008 v_loss=0.000 ent=1.469 kl=0.0096
[upd  258 | steps  132096 | t   79.1s | sps  1670] ret_mean=0.000 ep_len=500.0 pi_loss=-0.006 v_loss=0.000 ent=1.443 kl=0.0110
[upd  259 | steps  132608 | t   79.2s | sps  1674] ret_mean=0.000 ep_len=500.0 pi_loss=-0.008 v_loss=0.000 ent=1.361 kl=0.0010
[upd  260 | steps  133120 | t   79.4s | sps  1677] ret_mean=0.000 ep_len=500.0 pi_loss=-0.003 v_loss=0.000 ent=1.427 kl=-0.0012
[upd  261 | steps  133632 | t   79.5s | sps  1680] ret_mean=0.000 ep_len=500.0 pi_loss=-0.009 v_loss=0.000 ent=1.250 kl=-0.0021
[upd  262 | steps  134144 | t   79.7s | sps  1683] ret_mean=0.000 ep_len=500.0 pi_loss=-0.005 v_loss=0.000 ent=1.403 kl=0.0019
[upd  263 | steps  134656 | t   79.9s | sps  1685] ret_mean=0.000 ep_len=500.0 pi_loss=-0.005 v_loss=0.000 ent=1.357 kl=0.0040
[upd  264 | steps  135168 | t   80.1s | sps  1688] ret_mean=0.000 ep_len=500.0 pi_loss=-0.005 v_loss=0.000 ent=1.423 kl=0.0019
[upd  265 | steps  135680 | t   80.2s | sps  1691] ret_mean=0.000 ep_len=500.0 pi_loss=-0.006 v_loss=0.000 ent=1.442 kl=0.0049
[upd  266 | steps  136192 | t   80.4s | sps  1694] ret_mean=0.000 ep_len=500.0 pi_loss=-0.007 v_loss=0.000 ent=1.421 kl=0.0108
[upd  267 | steps  136704 | t   80.6s | sps  1697] ret_mean=0.000 ep_len=500.0 pi_loss=-0.008 v_loss=0.000 ent=1.326 kl=0.0069
[upd  268 | steps  137216 | t   80.7s | sps  1700] ret_mean=0.000 ep_len=500.0 pi_loss=-0.011 v_loss=0.000 ent=1.300 kl=0.0103
[upd  269 | steps  137728 | t   80.9s | sps  1703] ret_mean=0.000 ep_len=500.0 pi_loss=-0.006 v_loss=0.000 ent=1.321 kl=0.0009
[upd  270 | steps  138240 | t   81.0s | sps  1706] ret_mean=0.000 ep_len=500.0 pi_loss=-0.006 v_loss=0.000 ent=1.314 kl=0.0008
[upd  271 | steps  138752 | t   81.2s | sps  1709] ret_mean=0.000 ep_len=500.0 pi_loss=-0.014 v_loss=0.000 ent=1.413 kl=0.0116
[upd  272 | steps  139264 | t   81.3s | sps  1712] ret_mean=0.000 ep_len=500.0 pi_loss=-0.002 v_loss=0.000 ent=1.396 kl=0.0125
[upd  273 | steps  139776 | t   81.5s | sps  1715] ret_mean=0.000 ep_len=500.0 pi_loss=-0.006 v_loss=0.000 ent=1.315 kl=0.0015
[upd  274 | steps  140288 | t   81.6s | sps  1718] ret_mean=0.000 ep_len=500.0 pi_loss=-0.003 v_loss=0.000 ent=1.382 kl=0.0084
[upd  275 | steps  140800 | t   81.8s | sps  1721] ret_mean=0.000 ep_len=500.0 pi_loss=-0.008 v_loss=0.148 ent=1.369 kl=0.0116
        [eval] ret_mean=0.000 ep_len=500.0
[upd  276 | steps  141312 | t   85.6s | sps  1651] ret_mean=0.000 ep_len=500.0 pi_loss=-0.007 v_loss=0.001 ent=1.422 kl=0.0059
[upd  277 | steps  141824 | t   85.7s | sps  1654] ret_mean=0.000 ep_len=500.0 pi_loss=-0.008 v_loss=0.000 ent=1.244 kl=0.0048
[upd  278 | steps  142336 | t   85.9s | sps  1657] ret_mean=0.000 ep_len=500.0 pi_loss=-0.006 v_loss=0.000 ent=1.433 kl=0.0012
[upd  279 | steps  142848 | t   86.0s | sps  1660] ret_mean=0.000 ep_len=500.0 pi_loss=-0.005 v_loss=0.000 ent=1.352 kl=0.0042
[upd  280 | steps  143360 | t   86.2s | sps  1663] ret_mean=0.000 ep_len=500.0 pi_loss=-0.003 v_loss=0.000 ent=1.328 kl=0.0008
[upd  281 | steps  143872 | t   86.3s | sps  1666] ret_mean=4.000 ep_len=500.0 pi_loss=-0.011 v_loss=0.041 ent=1.412 kl=0.0161
[upd  282 | steps  144384 | t   86.5s | sps  1670] ret_mean=6.000 ep_len=500.0 pi_loss=-0.003 v_loss=0.109 ent=1.344 kl=0.0042
[upd  283 | steps  144896 | t   86.6s | sps  1673] ret_mean=0.000 ep_len=500.0 pi_loss=-0.003 v_loss=0.001 ent=1.379 kl=0.0001
[upd  284 | steps  145408 | t   86.8s | sps  1676] ret_mean=0.000 ep_len=500.0 pi_loss=-0.012 v_loss=0.000 ent=1.338 kl=0.0163
[upd  285 | steps  145920 | t   86.9s | sps  1678] ret_mean=6.000 ep_len=500.0 pi_loss=-0.011 v_loss=0.095 ent=1.310 kl=0.0195
[upd  286 | steps  146432 | t   87.1s | sps  1681] ret_mean=0.000 ep_len=500.0 pi_loss=-0.007 v_loss=0.001 ent=1.210 kl=0.0060
[upd  287 | steps  146944 | t   87.2s | sps  1684] ret_mean=0.000 ep_len=500.0 pi_loss=-0.004 v_loss=0.000 ent=1.189 kl=0.0009
[upd  288 | steps  147456 | t   87.4s | sps  1687] ret_mean=0.000 ep_len=500.0 pi_loss=-0.007 v_loss=0.000 ent=1.185 kl=0.0116
[upd  289 | steps  147968 | t   87.6s | sps  1690] ret_mean=0.000 ep_len=500.0 pi_loss=-0.009 v_loss=0.000 ent=1.223 kl=0.0182
[upd  290 | steps  148480 | t   87.7s | sps  1693] ret_mean=0.000 ep_len=500.0 pi_loss=-0.006 v_loss=0.000 ent=1.359 kl=0.0120
[upd  291 | steps  148992 | t   87.9s | sps  1696] ret_mean=0.000 ep_len=500.0 pi_loss=-0.006 v_loss=0.000 ent=1.314 kl=0.0054
[upd  292 | steps  149504 | t   88.0s | sps  1699] ret_mean=0.000 ep_len=500.0 pi_loss=-0.009 v_loss=0.000 ent=1.335 kl=0.0001
[upd  293 | steps  150016 | t   88.2s | sps  1702] ret_mean=0.000 ep_len=500.0 pi_loss=-0.009 v_loss=0.000 ent=1.342 kl=0.0039
[upd  294 | steps  150528 | t   88.3s | sps  1704] ret_mean=0.000 ep_len=500.0 pi_loss=-0.011 v_loss=0.000 ent=1.329 kl=0.0203
[upd  295 | steps  151040 | t   88.5s | sps  1707] ret_mean=2.000 ep_len=500.0 pi_loss=-0.005 v_loss=0.015 ent=1.314 kl=0.0040
[upd  296 | steps  151552 | t   88.6s | sps  1710] ret_mean=15.500 ep_len=500.0 pi_loss=-0.009 v_loss=0.540 ent=1.338 kl=0.0023
[upd  297 | steps  152064 | t   88.8s | sps  1713] ret_mean=0.000 ep_len=500.0 pi_loss=-0.004 v_loss=0.000 ent=1.287 kl=0.0084
[upd  298 | steps  152576 | t   88.9s | sps  1716] ret_mean=0.000 ep_len=500.0 pi_loss=-0.008 v_loss=0.001 ent=1.250 kl=0.0019
[upd  299 | steps  153088 | t   89.1s | sps  1719] ret_mean=0.000 ep_len=500.0 pi_loss=-0.005 v_loss=0.002 ent=1.296 kl=0.0047
[upd  300 | steps  153600 | t   89.2s | sps  1721] ret_mean=0.000 ep_len=500.0 pi_loss=-0.004 v_loss=0.000 ent=1.293 kl=0.0001
        [eval] ret_mean=0.000 ep_len=500.0
