$ /Users/praneelkhiantani/Downloads/cs2860/.venv/bin/python3 -m policies.train --env rware-medium-2ag-easy-v2 --seed 2 --updates 200 --rollout 512 --eval-every 50 --eval-episodes 10 --log-dir matrix_results/intent_grounded_v1_pilot/rware-medium-2ag-easy-v2 --run-name mappo-no-comm__baseline__d0__s2 --n-msg-tokens 8 --no-comm --shape-rewards --pickup-bonus 0.5

[env] EnvSpec(env_id='rware-medium-2ag-easy-v2', n_agents=2, obs_dim=71, n_env_actions=5, noop_action=0, family='rware')  (n_msg_tokens=1)
[cfg] {'clip_range': 0.2, 'value_clip_range': 0.2, 'entropy_coef': 0.01, 'value_coef': 0.5, 'max_grad_norm': 0.5, 'gamma': 0.99, 'gae_lambda': 0.95, 'lr_actor': 0.0003, 'lr_critic': 0.001, 'update_epochs': 4, 'minibatches': 4, 'hidden': 128, 'depth': 2, 'device': 'cpu', 'message_grounding_coef': 0.0, 'extra': {}}
[log] writing to matrix_results/intent_grounded_v1_pilot/rware-medium-2ag-easy-v2/mappo-no-comm__baseline__d0__s2
[upd    1 | steps     512 | t    0.6s | sps   931] ret_mean=0.000 ep_len=500.0 pi_loss=-0.007 v_loss=0.115 ent=1.607 msg_acc=0.000 kl=0.0025
[upd    2 | steps    1024 | t    1.0s | sps  1045] ret_mean=0.000 ep_len=500.0 pi_loss=-0.007 v_loss=0.081 ent=1.605 msg_acc=0.000 kl=0.0045
[upd    3 | steps    1536 | t    1.4s | sps  1063] ret_mean=0.000 ep_len=500.0 pi_loss=-0.010 v_loss=0.020 ent=1.590 msg_acc=0.000 kl=0.0132
[upd    4 | steps    2048 | t    2.3s | sps   905] ret_mean=0.500 ep_len=500.0 pi_loss=-0.010 v_loss=0.042 ent=1.563 msg_acc=0.000 kl=0.0034
[upd    5 | steps    2560 | t    3.7s | sps   699] ret_mean=0.000 ep_len=500.0 pi_loss=-0.004 v_loss=0.029 ent=1.559 msg_acc=0.000 kl=0.0084
[upd    6 | steps    3072 | t    4.8s | sps   646] ret_mean=0.000 ep_len=500.0 pi_loss=-0.006 v_loss=0.022 ent=1.585 msg_acc=0.000 kl=0.0026
[upd    7 | steps    3584 | t    5.9s | sps   612] ret_mean=0.000 ep_len=500.0 pi_loss=-0.006 v_loss=0.023 ent=1.578 msg_acc=0.000 kl=0.0044
[upd    8 | steps    4096 | t    7.8s | sps   523] ret_mean=0.000 ep_len=500.0 pi_loss=-0.007 v_loss=0.028 ent=1.583 msg_acc=0.000 kl=0.0018
[upd    9 | steps    4608 | t    9.9s | sps   468] ret_mean=0.000 ep_len=500.0 pi_loss=-0.005 v_loss=0.008 ent=1.588 msg_acc=0.000 kl=0.0043
[upd   10 | steps    5120 | t   10.8s | sps   473] ret_mean=0.000 ep_len=500.0 pi_loss=-0.011 v_loss=0.017 ent=1.586 msg_acc=0.000 kl=0.0039
[upd   11 | steps    5632 | t   11.5s | sps   489] ret_mean=0.000 ep_len=500.0 pi_loss=-0.006 v_loss=0.019 ent=1.576 msg_acc=0.000 kl=-0.0008
[upd   12 | steps    6144 | t   12.2s | sps   504] ret_mean=0.000 ep_len=500.0 pi_loss=-0.006 v_loss=0.003 ent=1.564 msg_acc=0.000 kl=-0.0003
[upd   13 | steps    6656 | t   12.9s | sps   516] ret_mean=0.000 ep_len=500.0 pi_loss=-0.008 v_loss=0.009 ent=1.557 msg_acc=0.000 kl=0.0024
[upd   14 | steps    7168 | t   13.6s | sps   528] ret_mean=0.000 ep_len=500.0 pi_loss=-0.007 v_loss=0.010 ent=1.568 msg_acc=0.000 kl=0.0052
[upd   15 | steps    7680 | t   14.4s | sps   535] ret_mean=0.000 ep_len=500.0 pi_loss=-0.004 v_loss=0.006 ent=1.556 msg_acc=0.000 kl=0.0029
[upd   16 | steps    8192 | t   15.6s | sps   526] ret_mean=0.000 ep_len=500.0 pi_loss=-0.005 v_loss=0.003 ent=1.579 msg_acc=0.000 kl=0.0015
[upd   17 | steps    8704 | t   16.8s | sps   519] ret_mean=0.000 ep_len=500.0 pi_loss=-0.010 v_loss=0.003 ent=1.568 msg_acc=0.000 kl=0.0047
[upd   18 | steps    9216 | t   17.6s | sps   525] ret_mean=0.500 ep_len=500.0 pi_loss=-0.006 v_loss=0.003 ent=1.522 msg_acc=0.000 kl=0.0003
[upd   19 | steps    9728 | t   18.3s | sps   533] ret_mean=0.000 ep_len=500.0 pi_loss=-0.003 v_loss=0.002 ent=1.530 msg_acc=0.000 kl=0.0026
[upd   20 | steps   10240 | t   19.1s | sps   537] ret_mean=0.000 ep_len=500.0 pi_loss=-0.005 v_loss=0.005 ent=1.500 msg_acc=0.000 kl=0.0074
[upd   21 | steps   10752 | t   20.1s | sps   535] ret_mean=2.000 ep_len=500.0 pi_loss=-0.000 v_loss=0.007 ent=1.528 msg_acc=0.000 kl=0.0007
[upd   22 | steps   11264 | t   21.0s | sps   537] ret_mean=0.000 ep_len=500.0 pi_loss=-0.007 v_loss=0.006 ent=1.483 msg_acc=0.000 kl=-0.0002
[upd   23 | steps   11776 | t   21.9s | sps   537] ret_mean=0.500 ep_len=500.0 pi_loss=-0.006 v_loss=0.004 ent=1.523 msg_acc=0.000 kl=0.0051
[upd   24 | steps   12288 | t   23.0s | sps   535] ret_mean=0.000 ep_len=500.0 pi_loss=-0.007 v_loss=0.003 ent=1.536 msg_acc=0.000 kl=0.0003
[upd   25 | steps   12800 | t   23.8s | sps   538] ret_mean=0.000 ep_len=500.0 pi_loss=-0.005 v_loss=0.003 ent=1.439 msg_acc=0.000 kl=0.0048
[upd   26 | steps   13312 | t   24.5s | sps   543] ret_mean=0.000 ep_len=500.0 pi_loss=-0.008 v_loss=0.001 ent=1.505 msg_acc=0.000 kl=0.0059
[upd   27 | steps   13824 | t   25.2s | sps   549] ret_mean=0.000 ep_len=500.0 pi_loss=-0.005 v_loss=0.003 ent=1.513 msg_acc=0.000 kl=-0.0022
[upd   28 | steps   14336 | t   26.1s | sps   550] ret_mean=0.500 ep_len=500.0 pi_loss=-0.009 v_loss=0.003 ent=1.521 msg_acc=0.000 kl=0.0047
[upd   29 | steps   14848 | t   26.9s | sps   552] ret_mean=0.500 ep_len=500.0 pi_loss=-0.007 v_loss=0.002 ent=1.505 msg_acc=0.000 kl=0.0015
[upd   30 | steps   15360 | t   27.7s | sps   554] ret_mean=0.000 ep_len=500.0 pi_loss=-0.008 v_loss=0.006 ent=1.535 msg_acc=0.000 kl=0.0029
[upd   31 | steps   15872 | t   28.4s | sps   560] ret_mean=1.000 ep_len=500.0 pi_loss=-0.005 v_loss=0.001 ent=1.526 msg_acc=0.000 kl=0.0052
[upd   32 | steps   16384 | t   29.0s | sps   564] ret_mean=0.000 ep_len=500.0 pi_loss=-0.007 v_loss=0.001 ent=1.524 msg_acc=0.000 kl=0.0026
[upd   33 | steps   16896 | t   30.1s | sps   562] ret_mean=0.000 ep_len=500.0 pi_loss=-0.010 v_loss=0.002 ent=1.471 msg_acc=0.000 kl=0.0064
[upd   34 | steps   17408 | t   31.2s | sps   557] ret_mean=0.000 ep_len=500.0 pi_loss=-0.009 v_loss=0.001 ent=1.480 msg_acc=0.000 kl=0.0185
[upd   35 | steps   17920 | t   32.1s | sps   559] ret_mean=0.000 ep_len=500.0 pi_loss=-0.004 v_loss=0.002 ent=1.491 msg_acc=0.000 kl=0.0034
[upd   36 | steps   18432 | t   32.8s | sps   562] ret_mean=0.000 ep_len=500.0 pi_loss=-0.008 v_loss=0.001 ent=1.461 msg_acc=0.000 kl=0.0035
[upd   37 | steps   18944 | t   33.8s | sps   560] ret_mean=0.000 ep_len=500.0 pi_loss=-0.006 v_loss=0.001 ent=1.522 msg_acc=0.000 kl=0.0039
[upd   38 | steps   19456 | t   34.9s | sps   558] ret_mean=0.000 ep_len=500.0 pi_loss=-0.005 v_loss=0.001 ent=1.477 msg_acc=0.000 kl=0.0062
[upd   39 | steps   19968 | t   35.9s | sps   556] ret_mean=0.000 ep_len=500.0 pi_loss=-0.002 v_loss=0.002 ent=1.502 msg_acc=0.000 kl=0.0077
[upd   40 | steps   20480 | t   36.7s | sps   558] ret_mean=0.000 ep_len=500.0 pi_loss=-0.006 v_loss=0.003 ent=1.487 msg_acc=0.000 kl=0.0048
[upd   41 | steps   20992 | t   37.5s | sps   560] ret_mean=0.000 ep_len=500.0 pi_loss=-0.004 v_loss=0.001 ent=1.491 msg_acc=0.000 kl=0.0061
[upd   42 | steps   21504 | t   38.2s | sps   563] ret_mean=0.000 ep_len=500.0 pi_loss=-0.010 v_loss=0.001 ent=1.472 msg_acc=0.000 kl=0.0114
[upd   43 | steps   22016 | t   39.2s | sps   561] ret_mean=0.000 ep_len=500.0 pi_loss=-0.007 v_loss=0.001 ent=1.471 msg_acc=0.000 kl=0.0124
[upd   44 | steps   22528 | t   40.0s | sps   563] ret_mean=0.000 ep_len=500.0 pi_loss=-0.003 v_loss=0.002 ent=1.442 msg_acc=0.000 kl=0.0015
[upd   45 | steps   23040 | t   40.9s | sps   564] ret_mean=0.000 ep_len=500.0 pi_loss=-0.005 v_loss=0.001 ent=1.436 msg_acc=0.000 kl=-0.0011
[upd   46 | steps   23552 | t   41.7s | sps   565] ret_mean=0.000 ep_len=500.0 pi_loss=-0.005 v_loss=0.001 ent=1.484 msg_acc=0.000 kl=0.0051
[upd   47 | steps   24064 | t   42.5s | sps   567] ret_mean=0.000 ep_len=500.0 pi_loss=-0.002 v_loss=0.006 ent=1.378 msg_acc=0.000 kl=0.0023
[upd   48 | steps   24576 | t   43.1s | sps   570] ret_mean=0.000 ep_len=500.0 pi_loss=-0.008 v_loss=0.001 ent=1.383 msg_acc=0.000 kl=0.0020
[upd   49 | steps   25088 | t   43.9s | sps   572] ret_mean=0.000 ep_len=500.0 pi_loss=-0.004 v_loss=0.002 ent=1.433 msg_acc=0.000 kl=0.0001
[upd   50 | steps   25600 | t   44.6s | sps   575] ret_mean=0.000 ep_len=500.0 pi_loss=-0.003 v_loss=0.001 ent=1.327 msg_acc=0.000 kl=0.0028
        [eval] ret_mean=0.000 ep_len=500.0
[upd   51 | steps   26112 | t   50.9s | sps   513] ret_mean=0.000 ep_len=500.0 pi_loss=-0.007 v_loss=0.002 ent=1.354 msg_acc=0.000 kl=0.0055
[upd   52 | steps   26624 | t   51.7s | sps   515] ret_mean=0.000 ep_len=500.0 pi_loss=-0.005 v_loss=0.002 ent=1.367 msg_acc=0.000 kl=0.0032
[upd   53 | steps   27136 | t   52.5s | sps   517] ret_mean=0.000 ep_len=500.0 pi_loss=-0.006 v_loss=0.001 ent=1.365 msg_acc=0.000 kl=0.0123
[upd   54 | steps   27648 | t   53.2s | sps   520] ret_mean=0.000 ep_len=500.0 pi_loss=-0.002 v_loss=0.001 ent=1.372 msg_acc=0.000 kl=0.0027
[upd   55 | steps   28160 | t   53.9s | sps   523] ret_mean=0.000 ep_len=500.0 pi_loss=-0.005 v_loss=0.001 ent=1.453 msg_acc=0.000 kl=0.0040
[upd   56 | steps   28672 | t   54.6s | sps   525] ret_mean=0.000 ep_len=500.0 pi_loss=-0.007 v_loss=0.001 ent=1.200 msg_acc=0.000 kl=0.0036
[upd   57 | steps   29184 | t   55.3s | sps   528] ret_mean=0.000 ep_len=500.0 pi_loss=-0.007 v_loss=0.001 ent=1.298 msg_acc=0.000 kl=0.0050
[upd   58 | steps   29696 | t   56.0s | sps   531] ret_mean=0.000 ep_len=500.0 pi_loss=-0.008 v_loss=0.001 ent=1.338 msg_acc=0.000 kl=0.0012
[upd   59 | steps   30208 | t   56.7s | sps   533] ret_mean=0.000 ep_len=500.0 pi_loss=-0.007 v_loss=0.001 ent=1.406 msg_acc=0.000 kl=0.0001
[upd   60 | steps   30720 | t   57.5s | sps   535] ret_mean=0.000 ep_len=500.0 pi_loss=-0.010 v_loss=0.001 ent=1.357 msg_acc=0.000 kl=0.0079
[upd   61 | steps   31232 | t   58.4s | sps   534] ret_mean=0.000 ep_len=500.0 pi_loss=-0.011 v_loss=0.000 ent=1.472 msg_acc=0.000 kl=0.0108
[upd   62 | steps   31744 | t   59.1s | sps   537] ret_mean=0.000 ep_len=500.0 pi_loss=-0.010 v_loss=0.000 ent=1.432 msg_acc=0.000 kl=0.0127
[upd   63 | steps   32256 | t   60.2s | sps   536] ret_mean=0.000 ep_len=500.0 pi_loss=-0.010 v_loss=0.001 ent=1.396 msg_acc=0.000 kl=0.0011
[upd   64 | steps   32768 | t   61.5s | sps   533] ret_mean=0.000 ep_len=500.0 pi_loss=-0.011 v_loss=0.008 ent=1.290 msg_acc=0.000 kl=0.0164
[upd   65 | steps   33280 | t   62.7s | sps   531] ret_mean=2.000 ep_len=500.0 pi_loss=-0.003 v_loss=0.001 ent=1.430 msg_acc=0.000 kl=0.0021
[upd   66 | steps   33792 | t   64.0s | sps   528] ret_mean=0.000 ep_len=500.0 pi_loss=-0.007 v_loss=0.001 ent=1.427 msg_acc=0.000 kl=0.0078
[upd   67 | steps   34304 | t   65.3s | sps   525] ret_mean=0.000 ep_len=500.0 pi_loss=-0.004 v_loss=0.001 ent=1.430 msg_acc=0.000 kl=0.0103
[upd   68 | steps   34816 | t   66.2s | sps   526] ret_mean=0.000 ep_len=500.0 pi_loss=-0.005 v_loss=0.000 ent=1.279 msg_acc=0.000 kl=0.0047
[upd   69 | steps   35328 | t   66.9s | sps   528] ret_mean=0.000 ep_len=500.0 pi_loss=-0.004 v_loss=0.001 ent=1.293 msg_acc=0.000 kl=0.0039
[upd   70 | steps   35840 | t   67.7s | sps   529] ret_mean=0.000 ep_len=500.0 pi_loss=-0.004 v_loss=0.000 ent=1.273 msg_acc=0.000 kl=-0.0022
[upd   71 | steps   36352 | t   68.5s | sps   531] ret_mean=0.000 ep_len=500.0 pi_loss=-0.006 v_loss=0.001 ent=1.117 msg_acc=0.000 kl=0.0043
[upd   72 | steps   36864 | t   69.5s | sps   531] ret_mean=0.000 ep_len=500.0 pi_loss=-0.007 v_loss=0.001 ent=1.416 msg_acc=0.000 kl=0.0192
[upd   73 | steps   37376 | t   70.2s | sps   532] ret_mean=0.500 ep_len=500.0 pi_loss=-0.005 v_loss=0.001 ent=1.348 msg_acc=0.000 kl=0.0101
[upd   74 | steps   37888 | t   70.9s | sps   534] ret_mean=0.000 ep_len=500.0 pi_loss=-0.007 v_loss=0.001 ent=1.111 msg_acc=0.000 kl=0.0102
[upd   75 | steps   38400 | t   71.7s | sps   536] ret_mean=0.000 ep_len=500.0 pi_loss=-0.008 v_loss=0.001 ent=1.325 msg_acc=0.000 kl=0.0088
[upd   76 | steps   38912 | t   72.5s | sps   537] ret_mean=0.000 ep_len=500.0 pi_loss=-0.007 v_loss=0.000 ent=1.486 msg_acc=0.000 kl=0.0019
[upd   77 | steps   39424 | t   74.5s | sps   529] ret_mean=0.000 ep_len=500.0 pi_loss=-0.006 v_loss=0.001 ent=1.274 msg_acc=0.000 kl=0.0020
[upd   78 | steps   39936 | t   76.5s | sps   522] ret_mean=1.500 ep_len=500.0 pi_loss=-0.004 v_loss=0.008 ent=1.191 msg_acc=0.000 kl=0.0021
[upd   79 | steps   40448 | t   77.8s | sps   520] ret_mean=0.000 ep_len=500.0 pi_loss=-0.006 v_loss=0.002 ent=1.423 msg_acc=0.000 kl=0.0060
[upd   80 | steps   40960 | t   78.9s | sps   519] ret_mean=0.500 ep_len=500.0 pi_loss=-0.007 v_loss=0.001 ent=1.498 msg_acc=0.000 kl=0.0061
[upd   81 | steps   41472 | t   80.0s | sps   519] ret_mean=0.000 ep_len=500.0 pi_loss=-0.010 v_loss=0.001 ent=1.478 msg_acc=0.000 kl=0.0016
[upd   82 | steps   41984 | t   81.0s | sps   518] ret_mean=0.000 ep_len=500.0 pi_loss=-0.007 v_loss=0.006 ent=1.396 msg_acc=0.000 kl=0.0066
[upd   83 | steps   42496 | t   82.6s | sps   515] ret_mean=1.000 ep_len=500.0 pi_loss=-0.006 v_loss=0.001 ent=1.155 msg_acc=0.000 kl=0.0099
[upd   84 | steps   43008 | t   83.7s | sps   514] ret_mean=0.000 ep_len=500.0 pi_loss=-0.008 v_loss=0.011 ent=1.348 msg_acc=0.000 kl=0.0045
[upd   85 | steps   43520 | t   84.8s | sps   513] ret_mean=2.000 ep_len=500.0 pi_loss=-0.006 v_loss=0.001 ent=1.320 msg_acc=0.000 kl=0.0053
[upd   86 | steps   44032 | t   86.2s | sps   511] ret_mean=0.000 ep_len=500.0 pi_loss=-0.005 v_loss=0.002 ent=1.176 msg_acc=0.000 kl=0.0038
[upd   87 | steps   44544 | t   87.3s | sps   510] ret_mean=0.500 ep_len=500.0 pi_loss=-0.004 v_loss=0.006 ent=1.030 msg_acc=0.000 kl=0.0057
[upd   88 | steps   45056 | t   88.3s | sps   510] ret_mean=1.000 ep_len=500.0 pi_loss=-0.002 v_loss=0.001 ent=1.349 msg_acc=0.000 kl=-0.0012
[upd   89 | steps   45568 | t   89.3s | sps   510] ret_mean=0.000 ep_len=500.0 pi_loss=-0.009 v_loss=0.001 ent=1.462 msg_acc=0.000 kl=0.0042
[upd   90 | steps   46080 | t   90.2s | sps   511] ret_mean=0.000 ep_len=500.0 pi_loss=-0.008 v_loss=0.001 ent=1.079 msg_acc=0.000 kl=0.0106
[upd   91 | steps   46592 | t   91.0s | sps   512] ret_mean=0.000 ep_len=500.0 pi_loss=-0.010 v_loss=0.001 ent=1.081 msg_acc=0.000 kl=0.0035
[upd   92 | steps   47104 | t   91.7s | sps   514] ret_mean=0.000 ep_len=500.0 pi_loss=-0.009 v_loss=0.001 ent=0.964 msg_acc=0.000 kl=-0.0056
[upd   93 | steps   47616 | t   92.5s | sps   515] ret_mean=0.000 ep_len=500.0 pi_loss=-0.004 v_loss=0.001 ent=1.114 msg_acc=0.000 kl=0.0097
[upd   94 | steps   48128 | t   93.2s | sps   516] ret_mean=0.000 ep_len=500.0 pi_loss=-0.008 v_loss=0.000 ent=1.208 msg_acc=0.000 kl=0.0117
[upd   95 | steps   48640 | t   93.9s | sps   518] ret_mean=1.000 ep_len=500.0 pi_loss=-0.009 v_loss=0.004 ent=0.769 msg_acc=0.000 kl=0.0096
[upd   96 | steps   49152 | t   94.6s | sps   520] ret_mean=0.000 ep_len=500.0 pi_loss=-0.006 v_loss=0.004 ent=0.873 msg_acc=0.000 kl=0.0053
[upd   97 | steps   49664 | t   95.3s | sps   521] ret_mean=1.000 ep_len=500.0 pi_loss=-0.007 v_loss=0.003 ent=1.084 msg_acc=0.000 kl=-0.0035
[upd   98 | steps   50176 | t   96.0s | sps   522] ret_mean=0.000 ep_len=500.0 pi_loss=-0.008 v_loss=0.001 ent=1.162 msg_acc=0.000 kl=0.0026
[upd   99 | steps   50688 | t   96.9s | sps   523] ret_mean=0.000 ep_len=500.0 pi_loss=-0.008 v_loss=0.001 ent=1.197 msg_acc=0.000 kl=0.0106
[upd  100 | steps   51200 | t   97.6s | sps   525] ret_mean=0.000 ep_len=500.0 pi_loss=-0.007 v_loss=0.001 ent=1.312 msg_acc=0.000 kl=0.0047
        [eval] ret_mean=0.000 ep_len=500.0
[upd  101 | steps   51712 | t  103.7s | sps   499] ret_mean=0.500 ep_len=500.0 pi_loss=-0.011 v_loss=0.002 ent=1.123 msg_acc=0.000 kl=0.0106
[upd  102 | steps   52224 | t  104.4s | sps   500] ret_mean=0.000 ep_len=500.0 pi_loss=-0.007 v_loss=0.001 ent=0.910 msg_acc=0.000 kl=0.0021
[upd  103 | steps   52736 | t  105.5s | sps   500] ret_mean=0.000 ep_len=500.0 pi_loss=-0.003 v_loss=0.001 ent=0.785 msg_acc=0.000 kl=0.0015
[upd  104 | steps   53248 | t  107.3s | sps   496] ret_mean=0.000 ep_len=500.0 pi_loss=-0.007 v_loss=0.001 ent=1.082 msg_acc=0.000 kl=0.0050
[upd  105 | steps   53760 | t  109.0s | sps   493] ret_mean=0.000 ep_len=500.0 pi_loss=-0.006 v_loss=0.000 ent=1.139 msg_acc=0.000 kl=0.0054
[upd  106 | steps   54272 | t  110.5s | sps   491] ret_mean=0.000 ep_len=500.0 pi_loss=-0.005 v_loss=0.000 ent=0.739 msg_acc=0.000 kl=0.0016
[upd  107 | steps   54784 | t  111.7s | sps   490] ret_mean=0.000 ep_len=500.0 pi_loss=-0.006 v_loss=0.001 ent=0.946 msg_acc=0.000 kl=-0.0004
[upd  108 | steps   55296 | t  112.7s | sps   491] ret_mean=0.000 ep_len=500.0 pi_loss=-0.004 v_loss=0.000 ent=1.249 msg_acc=0.000 kl=0.0003
[upd  109 | steps   55808 | t  113.5s | sps   492] ret_mean=0.000 ep_len=500.0 pi_loss=-0.005 v_loss=0.000 ent=1.068 msg_acc=0.000 kl=0.0081
[upd  110 | steps   56320 | t  114.2s | sps   493] ret_mean=0.000 ep_len=500.0 pi_loss=-0.002 v_loss=0.000 ent=0.841 msg_acc=0.000 kl=0.0057
[upd  111 | steps   56832 | t  115.5s | sps   492] ret_mean=0.000 ep_len=500.0 pi_loss=-0.008 v_loss=0.000 ent=1.022 msg_acc=0.000 kl=0.0076
[upd  112 | steps   57344 | t  116.9s | sps   491] ret_mean=0.000 ep_len=500.0 pi_loss=-0.010 v_loss=0.000 ent=1.116 msg_acc=0.000 kl=0.0026
[upd  113 | steps   57856 | t  117.8s | sps   491] ret_mean=0.000 ep_len=500.0 pi_loss=-0.006 v_loss=0.000 ent=0.760 msg_acc=0.000 kl=0.0108
[upd  114 | steps   58368 | t  118.5s | sps   493] ret_mean=0.000 ep_len=500.0 pi_loss=-0.002 v_loss=0.000 ent=0.102 msg_acc=0.000 kl=-0.0011
[upd  115 | steps   58880 | t  119.7s | sps   492] ret_mean=0.000 ep_len=500.0 pi_loss=-0.003 v_loss=0.000 ent=0.359 msg_acc=0.000 kl=0.0018
[upd  116 | steps   59392 | t  120.6s | sps   493] ret_mean=0.000 ep_len=500.0 pi_loss=-0.006 v_loss=0.000 ent=0.246 msg_acc=0.000 kl=0.0123
[upd  117 | steps   59904 | t  121.3s | sps   494] ret_mean=0.000 ep_len=500.0 pi_loss=-0.004 v_loss=0.000 ent=0.798 msg_acc=0.000 kl=0.0037
[upd  118 | steps   60416 | t  122.5s | sps   493] ret_mean=0.000 ep_len=500.0 pi_loss=-0.005 v_loss=0.000 ent=0.630 msg_acc=0.000 kl=0.0037
[upd  119 | steps   60928 | t  123.4s | sps   494] ret_mean=0.000 ep_len=500.0 pi_loss=0.001 v_loss=0.000 ent=0.828 msg_acc=0.000 kl=0.0082
[upd  120 | steps   61440 | t  125.3s | sps   490] ret_mean=0.000 ep_len=500.0 pi_loss=-0.005 v_loss=0.000 ent=0.740 msg_acc=0.000 kl=0.0016
[upd  121 | steps   61952 | t  126.7s | sps   489] ret_mean=0.000 ep_len=500.0 pi_loss=-0.003 v_loss=0.000 ent=1.091 msg_acc=0.000 kl=0.0014
[upd  122 | steps   62464 | t  127.9s | sps   488] ret_mean=0.000 ep_len=500.0 pi_loss=-0.012 v_loss=0.000 ent=1.023 msg_acc=0.000 kl=0.0025
[upd  123 | steps   62976 | t  129.1s | sps   488] ret_mean=0.000 ep_len=500.0 pi_loss=-0.007 v_loss=0.832 ent=0.582 msg_acc=0.000 kl=0.0065
[upd  124 | steps   63488 | t  130.5s | sps   487] ret_mean=22.000 ep_len=500.0 pi_loss=-0.002 v_loss=0.012 ent=0.630 msg_acc=0.000 kl=0.0071
[upd  125 | steps   64000 | t  132.3s | sps   484] ret_mean=0.000 ep_len=500.0 pi_loss=-0.007 v_loss=0.002 ent=0.659 msg_acc=0.000 kl=-0.0026
[upd  126 | steps   64512 | t  133.7s | sps   483] ret_mean=0.000 ep_len=500.0 pi_loss=-0.002 v_loss=0.005 ent=0.436 msg_acc=0.000 kl=-0.0008
[upd  127 | steps   65024 | t  135.1s | sps   481] ret_mean=0.000 ep_len=500.0 pi_loss=-0.007 v_loss=0.000 ent=0.491 msg_acc=0.000 kl=0.0033
[upd  128 | steps   65536 | t  136.6s | sps   480] ret_mean=0.000 ep_len=500.0 pi_loss=-0.001 v_loss=0.001 ent=0.491 msg_acc=0.000 kl=0.0052
[upd  129 | steps   66048 | t  137.7s | sps   480] ret_mean=0.000 ep_len=500.0 pi_loss=-0.002 v_loss=0.012 ent=0.391 msg_acc=0.000 kl=-0.0025
[upd  130 | steps   66560 | t  138.6s | sps   480] ret_mean=0.000 ep_len=500.0 pi_loss=-0.006 v_loss=0.003 ent=0.208 msg_acc=0.000 kl=-0.0005
[upd  131 | steps   67072 | t  139.5s | sps   481] ret_mean=0.000 ep_len=500.0 pi_loss=-0.000 v_loss=0.003 ent=0.202 msg_acc=0.000 kl=0.0001
[upd  132 | steps   67584 | t  140.6s | sps   481] ret_mean=0.000 ep_len=500.0 pi_loss=-0.003 v_loss=0.001 ent=0.081 msg_acc=0.000 kl=-0.0003
[upd  133 | steps   68096 | t  141.3s | sps   482] ret_mean=0.000 ep_len=500.0 pi_loss=-0.003 v_loss=0.001 ent=0.112 msg_acc=0.000 kl=-0.0024
[upd  134 | steps   68608 | t  142.0s | sps   483] ret_mean=0.000 ep_len=500.0 pi_loss=-0.002 v_loss=0.001 ent=0.162 msg_acc=0.000 kl=0.0018
[upd  135 | steps   69120 | t  142.8s | sps   484] ret_mean=0.000 ep_len=500.0 pi_loss=-0.003 v_loss=0.001 ent=0.488 msg_acc=0.000 kl=-0.0014
[upd  136 | steps   69632 | t  143.5s | sps   485] ret_mean=0.000 ep_len=500.0 pi_loss=-0.004 v_loss=0.000 ent=0.211 msg_acc=0.000 kl=-0.0023
[upd  137 | steps   70144 | t  144.2s | sps   486] ret_mean=0.000 ep_len=500.0 pi_loss=-0.002 v_loss=0.001 ent=0.381 msg_acc=0.000 kl=0.0013
[upd  138 | steps   70656 | t  145.0s | sps   487] ret_mean=0.000 ep_len=500.0 pi_loss=-0.004 v_loss=0.000 ent=0.308 msg_acc=0.000 kl=0.0023
[upd  139 | steps   71168 | t  145.7s | sps   488] ret_mean=0.000 ep_len=500.0 pi_loss=-0.002 v_loss=0.001 ent=0.341 msg_acc=0.000 kl=-0.0009
[upd  140 | steps   71680 | t  146.5s | sps   489] ret_mean=0.000 ep_len=500.0 pi_loss=-0.002 v_loss=0.001 ent=0.351 msg_acc=0.000 kl=0.0006
[upd  141 | steps   72192 | t  147.7s | sps   489] ret_mean=0.000 ep_len=500.0 pi_loss=-0.006 v_loss=0.000 ent=0.216 msg_acc=0.000 kl=0.0049
[upd  142 | steps   72704 | t  149.4s | sps   487] ret_mean=0.000 ep_len=500.0 pi_loss=-0.000 v_loss=0.000 ent=0.248 msg_acc=0.000 kl=0.0001
[upd  143 | steps   73216 | t  150.7s | sps   486] ret_mean=0.000 ep_len=500.0 pi_loss=-0.002 v_loss=0.000 ent=0.253 msg_acc=0.000 kl=0.0018
[upd  144 | steps   73728 | t  151.8s | sps   486] ret_mean=0.000 ep_len=500.0 pi_loss=-0.003 v_loss=0.003 ent=0.358 msg_acc=0.000 kl=0.0032
[upd  145 | steps   74240 | t  152.7s | sps   486] ret_mean=0.000 ep_len=500.0 pi_loss=-0.002 v_loss=0.002 ent=0.053 msg_acc=0.000 kl=0.0011
[upd  146 | steps   74752 | t  153.5s | sps   487] ret_mean=0.000 ep_len=500.0 pi_loss=-0.001 v_loss=0.001 ent=0.103 msg_acc=0.000 kl=0.0018
[upd  147 | steps   75264 | t  154.4s | sps   488] ret_mean=0.000 ep_len=500.0 pi_loss=-0.005 v_loss=0.000 ent=0.284 msg_acc=0.000 kl=-0.0030
[upd  148 | steps   75776 | t  155.2s | sps   488] ret_mean=0.000 ep_len=500.0 pi_loss=-0.004 v_loss=0.000 ent=0.561 msg_acc=0.000 kl=0.0067
[upd  149 | steps   76288 | t  155.8s | sps   490] ret_mean=0.000 ep_len=500.0 pi_loss=-0.003 v_loss=0.000 ent=0.123 msg_acc=0.000 kl=0.0017
[upd  150 | steps   76800 | t  156.9s | sps   490] ret_mean=0.000 ep_len=500.0 pi_loss=-0.006 v_loss=0.000 ent=0.287 msg_acc=0.000 kl=0.0078
        [eval] ret_mean=0.000 ep_len=500.0
[upd  151 | steps   77312 | t  164.0s | sps   471] ret_mean=0.000 ep_len=500.0 pi_loss=-0.006 v_loss=0.000 ent=0.391 msg_acc=0.000 kl=0.0059
[upd  152 | steps   77824 | t  164.7s | sps   473] ret_mean=0.000 ep_len=500.0 pi_loss=-0.004 v_loss=0.000 ent=0.698 msg_acc=0.000 kl=0.0126
[upd  153 | steps   78336 | t  165.4s | sps   474] ret_mean=0.000 ep_len=500.0 pi_loss=-0.004 v_loss=0.000 ent=0.468 msg_acc=0.000 kl=0.0034
[upd  154 | steps   78848 | t  166.1s | sps   475] ret_mean=0.000 ep_len=500.0 pi_loss=-0.008 v_loss=0.000 ent=0.816 msg_acc=0.000 kl=0.0167
[upd  155 | steps   79360 | t  166.7s | sps   476] ret_mean=0.000 ep_len=500.0 pi_loss=-0.003 v_loss=0.000 ent=0.426 msg_acc=0.000 kl=0.0002
[upd  156 | steps   79872 | t  167.4s | sps   477] ret_mean=0.000 ep_len=500.0 pi_loss=-0.005 v_loss=0.000 ent=0.758 msg_acc=0.000 kl=0.0038
[upd  157 | steps   80384 | t  168.0s | sps   478] ret_mean=0.000 ep_len=500.0 pi_loss=-0.006 v_loss=0.000 ent=0.622 msg_acc=0.000 kl=0.0050
[upd  158 | steps   80896 | t  168.7s | sps   480] ret_mean=0.000 ep_len=500.0 pi_loss=-0.003 v_loss=0.000 ent=0.452 msg_acc=0.000 kl=0.0058
[upd  159 | steps   81408 | t  169.4s | sps   481] ret_mean=0.000 ep_len=500.0 pi_loss=-0.004 v_loss=0.000 ent=0.669 msg_acc=0.000 kl=-0.0005
[upd  160 | steps   81920 | t  170.2s | sps   481] ret_mean=0.000 ep_len=500.0 pi_loss=-0.002 v_loss=0.000 ent=0.848 msg_acc=0.000 kl=0.0028
[upd  161 | steps   82432 | t  170.9s | sps   482] ret_mean=0.000 ep_len=500.0 pi_loss=-0.004 v_loss=0.000 ent=0.594 msg_acc=0.000 kl=-0.0017
[upd  162 | steps   82944 | t  171.7s | sps   483] ret_mean=3.500 ep_len=500.0 pi_loss=-0.004 v_loss=0.065 ent=0.581 msg_acc=0.000 kl=0.0092
[upd  163 | steps   83456 | t  172.4s | sps   484] ret_mean=2.000 ep_len=500.0 pi_loss=-0.004 v_loss=0.023 ent=0.731 msg_acc=0.000 kl=0.0033
[upd  164 | steps   83968 | t  173.0s | sps   485] ret_mean=0.000 ep_len=500.0 pi_loss=-0.002 v_loss=0.000 ent=0.561 msg_acc=0.000 kl=0.0075
[upd  165 | steps   84480 | t  173.7s | sps   486] ret_mean=0.000 ep_len=500.0 pi_loss=-0.009 v_loss=0.001 ent=0.647 msg_acc=0.000 kl=0.0148
[upd  166 | steps   84992 | t  174.4s | sps   487] ret_mean=0.000 ep_len=500.0 pi_loss=-0.003 v_loss=0.001 ent=0.638 msg_acc=0.000 kl=0.0051
[upd  167 | steps   85504 | t  175.0s | sps   489] ret_mean=0.000 ep_len=500.0 pi_loss=-0.004 v_loss=0.000 ent=0.511 msg_acc=0.000 kl=-0.0020
[upd  168 | steps   86016 | t  175.8s | sps   489] ret_mean=0.000 ep_len=500.0 pi_loss=-0.005 v_loss=0.000 ent=0.570 msg_acc=0.000 kl=0.0110
[upd  169 | steps   86528 | t  176.4s | sps   490] ret_mean=0.000 ep_len=500.0 pi_loss=-0.002 v_loss=0.000 ent=0.531 msg_acc=0.000 kl=0.0041
[upd  170 | steps   87040 | t  177.3s | sps   491] ret_mean=0.000 ep_len=500.0 pi_loss=-0.006 v_loss=0.000 ent=0.636 msg_acc=0.000 kl=0.0078
[upd  171 | steps   87552 | t  179.6s | sps   487] ret_mean=0.000 ep_len=500.0 pi_loss=-0.005 v_loss=0.000 ent=0.529 msg_acc=0.000 kl=0.0075
[upd  172 | steps   88064 | t  180.6s | sps   488] ret_mean=0.000 ep_len=500.0 pi_loss=-0.002 v_loss=0.001 ent=0.388 msg_acc=0.000 kl=0.0001
[upd  173 | steps   88576 | t  181.4s | sps   488] ret_mean=0.000 ep_len=500.0 pi_loss=-0.005 v_loss=0.000 ent=0.622 msg_acc=0.000 kl=0.0039
[upd  174 | steps   89088 | t  182.2s | sps   489] ret_mean=0.000 ep_len=500.0 pi_loss=-0.009 v_loss=0.000 ent=0.479 msg_acc=0.000 kl=0.0204
[upd  175 | steps   89600 | t  183.2s | sps   489] ret_mean=0.000 ep_len=500.0 pi_loss=-0.005 v_loss=0.000 ent=0.373 msg_acc=0.000 kl=0.0136
[upd  176 | steps   90112 | t  184.2s | sps   489] ret_mean=0.000 ep_len=500.0 pi_loss=0.000 v_loss=0.000 ent=0.556 msg_acc=0.000 kl=0.0040
[upd  177 | steps   90624 | t  185.1s | sps   490] ret_mean=0.000 ep_len=500.0 pi_loss=-0.005 v_loss=0.000 ent=0.677 msg_acc=0.000 kl=0.0017
[upd  178 | steps   91136 | t  185.9s | sps   490] ret_mean=0.000 ep_len=500.0 pi_loss=-0.006 v_loss=0.000 ent=0.514 msg_acc=0.000 kl=0.0025
[upd  179 | steps   91648 | t  186.7s | sps   491] ret_mean=0.000 ep_len=500.0 pi_loss=-0.005 v_loss=0.028 ent=0.621 msg_acc=0.000 kl=0.0046
[upd  180 | steps   92160 | t  187.5s | sps   491] ret_mean=3.500 ep_len=500.0 pi_loss=-0.006 v_loss=0.001 ent=0.514 msg_acc=0.000 kl=0.0068
[upd  181 | steps   92672 | t  188.4s | sps   492] ret_mean=0.000 ep_len=500.0 pi_loss=-0.002 v_loss=0.000 ent=0.448 msg_acc=0.000 kl=-0.0001
[upd  182 | steps   93184 | t  189.2s | sps   493] ret_mean=0.000 ep_len=500.0 pi_loss=-0.005 v_loss=0.000 ent=0.610 msg_acc=0.000 kl=0.0044
[upd  183 | steps   93696 | t  189.9s | sps   493] ret_mean=0.000 ep_len=500.0 pi_loss=-0.003 v_loss=0.000 ent=0.687 msg_acc=0.000 kl=0.0030
[upd  184 | steps   94208 | t  190.6s | sps   494] ret_mean=0.000 ep_len=500.0 pi_loss=-0.002 v_loss=0.000 ent=0.610 msg_acc=0.000 kl=0.0078
[upd  185 | steps   94720 | t  191.4s | sps   495] ret_mean=0.000 ep_len=500.0 pi_loss=-0.010 v_loss=0.000 ent=0.495 msg_acc=0.000 kl=0.0191
[upd  186 | steps   95232 | t  192.4s | sps   495] ret_mean=0.000 ep_len=500.0 pi_loss=0.000 v_loss=0.000 ent=0.629 msg_acc=0.000 kl=0.0052
[upd  187 | steps   95744 | t  193.2s | sps   496] ret_mean=0.000 ep_len=500.0 pi_loss=-0.004 v_loss=0.000 ent=0.564 msg_acc=0.000 kl=0.0051
[upd  188 | steps   96256 | t  193.9s | sps   496] ret_mean=0.000 ep_len=500.0 pi_loss=-0.005 v_loss=0.000 ent=0.568 msg_acc=0.000 kl=0.0124
[upd  189 | steps   96768 | t  194.6s | sps   497] ret_mean=0.000 ep_len=500.0 pi_loss=-0.003 v_loss=0.000 ent=0.340 msg_acc=0.000 kl=0.0016
[upd  190 | steps   97280 | t  195.4s | sps   498] ret_mean=0.000 ep_len=500.0 pi_loss=-0.002 v_loss=0.006 ent=0.730 msg_acc=0.000 kl=0.0032
[upd  191 | steps   97792 | t  196.1s | sps   499] ret_mean=1.000 ep_len=500.0 pi_loss=-0.003 v_loss=0.000 ent=0.659 msg_acc=0.000 kl=0.0046
[upd  192 | steps   98304 | t  197.0s | sps   499] ret_mean=0.250 ep_len=500.0 pi_loss=-0.007 v_loss=0.002 ent=0.598 msg_acc=0.000 kl=0.0002
[upd  193 | steps   98816 | t  198.0s | sps   499] ret_mean=0.000 ep_len=500.0 pi_loss=-0.007 v_loss=0.000 ent=0.750 msg_acc=0.000 kl=0.0103
[upd  194 | steps   99328 | t  198.8s | sps   500] ret_mean=0.000 ep_len=500.0 pi_loss=-0.001 v_loss=0.000 ent=0.765 msg_acc=0.000 kl=0.0104
[upd  195 | steps   99840 | t  199.6s | sps   500] ret_mean=0.000 ep_len=500.0 pi_loss=0.002 v_loss=0.000 ent=0.646 msg_acc=0.000 kl=0.0027
[upd  196 | steps  100352 | t  200.5s | sps   501] ret_mean=0.000 ep_len=500.0 pi_loss=-0.004 v_loss=0.001 ent=0.423 msg_acc=0.000 kl=0.0042
[upd  197 | steps  100864 | t  201.3s | sps   501] ret_mean=10.000 ep_len=500.0 pi_loss=-0.008 v_loss=0.342 ent=0.661 msg_acc=0.000 kl=0.0045
[upd  198 | steps  101376 | t  202.0s | sps   502] ret_mean=0.000 ep_len=500.0 pi_loss=-0.010 v_loss=0.002 ent=0.660 msg_acc=0.000 kl=0.0091
[upd  199 | steps  101888 | t  202.8s | sps   502] ret_mean=0.000 ep_len=500.0 pi_loss=-0.005 v_loss=0.001 ent=0.579 msg_acc=0.000 kl=-0.0029
[upd  200 | steps  102400 | t  203.5s | sps   503] ret_mean=0.000 ep_len=500.0 pi_loss=-0.002 v_loss=0.001 ent=0.562 msg_acc=0.000 kl=-0.0004
        [eval] ret_mean=0.000 ep_len=500.0
