$ /Users/samchen/Coding/CLASSES/CS2860/.venv/bin/python3 -m policies.train --env rware-tiny-2ag-easy-v2 --seed 1 --updates 400 --rollout 512 --eval-every 25 --eval-episodes 30 --log-dir matrix_results/diagnostics_v1_sam/comm_2ag/main_tiny --run-name mappo-heartbeat-only__dropout-only__d0__s1 --n-msg-tokens 8 --no-comm --heartbeat --heartbeat-period 1 --heartbeat-max-age-clip 128 --dropout --dropout-window-start 200 --dropout-window-end 350 --shape-rewards --pickup-bonus 0.5

[env] EnvSpec(env_id='rware-tiny-2ag-easy-v2', n_agents=2, obs_dim=73, n_env_actions=5, noop_action=0, family='rware')  (n_msg_tokens=1)
[cfg] {'clip_range': 0.2, 'value_clip_range': 0.2, 'entropy_coef': 0.01, 'value_coef': 0.5, 'max_grad_norm': 0.5, 'gamma': 0.99, 'gae_lambda': 0.95, 'lr_actor': 0.0003, 'lr_critic': 0.001, 'update_epochs': 4, 'minibatches': 4, 'hidden': 128, 'depth': 2, 'device': 'cpu', 'extra': {}}
[log] writing to matrix_results/diagnostics_v1_sam/comm_2ag/main_tiny/mappo-heartbeat-only__dropout-only__d0__s1
[upd    1 | steps     512 | t    0.2s | sps  2803] ret_mean=2.500 ep_len=500.0 pi_loss=-0.004 v_loss=0.088 ent=1.608 kl=0.0016
[upd    2 | steps    1024 | t    0.3s | sps  2935] ret_mean=7.000 ep_len=500.0 pi_loss=-0.008 v_loss=0.073 ent=1.599 kl=-0.0012
[upd    3 | steps    1536 | t    0.5s | sps  3003] ret_mean=0.000 ep_len=500.0 pi_loss=-0.004 v_loss=0.022 ent=1.587 kl=0.0062
[upd    4 | steps    2048 | t    0.7s | sps  3032] ret_mean=1.500 ep_len=500.0 pi_loss=-0.005 v_loss=0.014 ent=1.586 kl=0.0043
[upd    5 | steps    2560 | t    0.9s | sps  2880] ret_mean=0.500 ep_len=500.0 pi_loss=-0.004 v_loss=0.016 ent=1.555 kl=0.0013
[upd    6 | steps    3072 | t    1.0s | sps  2933] ret_mean=1.500 ep_len=500.0 pi_loss=-0.005 v_loss=0.014 ent=1.549 kl=0.0115
[upd    7 | steps    3584 | t    1.2s | sps  2948] ret_mean=0.000 ep_len=500.0 pi_loss=-0.003 v_loss=0.016 ent=1.541 kl=0.0007
[upd    8 | steps    4096 | t    1.4s | sps  2967] ret_mean=2.000 ep_len=500.0 pi_loss=-0.007 v_loss=0.007 ent=1.576 kl=0.0116
[upd    9 | steps    4608 | t    1.5s | sps  2982] ret_mean=0.000 ep_len=500.0 pi_loss=-0.001 v_loss=0.006 ent=1.591 kl=-0.0002
[upd   10 | steps    5120 | t    1.7s | sps  2992] ret_mean=4.500 ep_len=500.0 pi_loss=-0.006 v_loss=0.034 ent=1.584 kl=-0.0002
[upd   11 | steps    5632 | t    1.9s | sps  3002] ret_mean=3.500 ep_len=500.0 pi_loss=-0.004 v_loss=0.007 ent=1.551 kl=0.0061
[upd   12 | steps    6144 | t    2.0s | sps  3011] ret_mean=1.000 ep_len=500.0 pi_loss=-0.001 v_loss=0.008 ent=1.524 kl=0.0021
[upd   13 | steps    6656 | t    2.2s | sps  3015] ret_mean=12.500 ep_len=500.0 pi_loss=-0.009 v_loss=0.229 ent=1.439 kl=0.0088
[upd   14 | steps    7168 | t    2.4s | sps  3038] ret_mean=0.000 ep_len=500.0 pi_loss=-0.006 v_loss=0.004 ent=1.501 kl=0.0068
[upd   15 | steps    7680 | t    2.5s | sps  3049] ret_mean=1.000 ep_len=500.0 pi_loss=-0.004 v_loss=0.009 ent=1.312 kl=0.0025
[upd   16 | steps    8192 | t    2.7s | sps  3036] ret_mean=0.000 ep_len=500.0 pi_loss=-0.004 v_loss=0.009 ent=1.459 kl=0.0007
[upd   17 | steps    8704 | t    2.9s | sps  3034] ret_mean=1.500 ep_len=500.0 pi_loss=-0.007 v_loss=0.032 ent=1.447 kl=0.0024
[upd   18 | steps    9216 | t    3.0s | sps  3033] ret_mean=10.500 ep_len=500.0 pi_loss=-0.007 v_loss=0.130 ent=1.372 kl=0.0049
[upd   19 | steps    9728 | t    3.2s | sps  3044] ret_mean=0.000 ep_len=500.0 pi_loss=-0.003 v_loss=0.014 ent=1.375 kl=0.0027
[upd   20 | steps   10240 | t    3.4s | sps  3053] ret_mean=1.500 ep_len=500.0 pi_loss=-0.002 v_loss=0.005 ent=1.448 kl=0.0045
[upd   21 | steps   10752 | t    3.5s | sps  3062] ret_mean=0.500 ep_len=500.0 pi_loss=-0.006 v_loss=0.006 ent=1.390 kl=0.0085
[upd   22 | steps   11264 | t    3.7s | sps  3061] ret_mean=1.000 ep_len=500.0 pi_loss=-0.005 v_loss=0.002 ent=1.293 kl=0.0041
[upd   23 | steps   11776 | t    3.8s | sps  3067] ret_mean=0.000 ep_len=500.0 pi_loss=-0.002 v_loss=0.003 ent=1.204 kl=0.0084
[upd   24 | steps   12288 | t    4.0s | sps  3068] ret_mean=0.000 ep_len=500.0 pi_loss=-0.006 v_loss=0.009 ent=1.319 kl=0.0028
[upd   25 | steps   12800 | t    4.2s | sps  3077] ret_mean=1.000 ep_len=500.0 pi_loss=-0.006 v_loss=0.002 ent=1.451 kl=0.0031
        [eval] ret_mean=10.033 ep_len=500.0
[upd   26 | steps   13312 | t    8.1s | sps  1642] ret_mean=9.000 ep_len=500.0 pi_loss=-0.011 v_loss=0.233 ent=1.376 kl=0.0076
[upd   27 | steps   13824 | t    8.3s | sps  1673] ret_mean=5.000 ep_len=500.0 pi_loss=-0.007 v_loss=0.102 ent=1.436 kl=0.0026
[upd   28 | steps   14336 | t    8.4s | sps  1702] ret_mean=0.500 ep_len=500.0 pi_loss=-0.009 v_loss=0.004 ent=1.372 kl=0.0176
[upd   29 | steps   14848 | t    8.6s | sps  1728] ret_mean=0.000 ep_len=500.0 pi_loss=-0.007 v_loss=0.002 ent=1.394 kl=0.0132
[upd   30 | steps   15360 | t    8.8s | sps  1754] ret_mean=0.500 ep_len=500.0 pi_loss=-0.004 v_loss=0.013 ent=1.364 kl=0.0064
[upd   31 | steps   15872 | t    8.9s | sps  1780] ret_mean=1.500 ep_len=500.0 pi_loss=-0.003 v_loss=0.002 ent=1.362 kl=0.0019
[upd   32 | steps   16384 | t    9.1s | sps  1804] ret_mean=4.500 ep_len=500.0 pi_loss=-0.008 v_loss=0.092 ent=1.382 kl=0.0107
[upd   33 | steps   16896 | t    9.2s | sps  1827] ret_mean=0.000 ep_len=500.0 pi_loss=-0.006 v_loss=0.001 ent=1.303 kl=0.0065
[upd   34 | steps   17408 | t    9.4s | sps  1850] ret_mean=3.000 ep_len=500.0 pi_loss=-0.008 v_loss=0.066 ent=1.511 kl=-0.0001
[upd   35 | steps   17920 | t    9.6s | sps  1873] ret_mean=17.000 ep_len=500.0 pi_loss=-0.003 v_loss=0.437 ent=1.388 kl=-0.0006
[upd   36 | steps   18432 | t    9.7s | sps  1894] ret_mean=1.000 ep_len=500.0 pi_loss=-0.005 v_loss=0.002 ent=1.315 kl=0.0061
[upd   37 | steps   18944 | t    9.9s | sps  1915] ret_mean=0.000 ep_len=500.0 pi_loss=-0.005 v_loss=0.003 ent=1.456 kl=0.0111
[upd   38 | steps   19456 | t   10.1s | sps  1934] ret_mean=0.000 ep_len=500.0 pi_loss=-0.003 v_loss=0.001 ent=1.238 kl=0.0002
[upd   39 | steps   19968 | t   10.2s | sps  1952] ret_mean=0.000 ep_len=500.0 pi_loss=-0.006 v_loss=0.002 ent=1.321 kl=0.0072
[upd   40 | steps   20480 | t   10.4s | sps  1970] ret_mean=1.500 ep_len=500.0 pi_loss=-0.005 v_loss=0.011 ent=1.385 kl=-0.0008
[upd   41 | steps   20992 | t   10.6s | sps  1987] ret_mean=0.000 ep_len=500.0 pi_loss=-0.006 v_loss=0.002 ent=1.434 kl=-0.0020
[upd   42 | steps   21504 | t   10.7s | sps  2005] ret_mean=2.500 ep_len=500.0 pi_loss=-0.005 v_loss=0.083 ent=1.452 kl=-0.0017
[upd   43 | steps   22016 | t   10.9s | sps  2022] ret_mean=4.500 ep_len=500.0 pi_loss=-0.004 v_loss=0.002 ent=1.525 kl=0.0036
[upd   44 | steps   22528 | t   11.1s | sps  2038] ret_mean=0.000 ep_len=500.0 pi_loss=-0.002 v_loss=0.003 ent=1.536 kl=0.0023
[upd   45 | steps   23040 | t   11.2s | sps  2054] ret_mean=1.500 ep_len=500.0 pi_loss=-0.005 v_loss=0.007 ent=1.528 kl=0.0017
[upd   46 | steps   23552 | t   11.4s | sps  2069] ret_mean=2.500 ep_len=500.0 pi_loss=-0.005 v_loss=0.012 ent=1.510 kl=0.0019
[upd   47 | steps   24064 | t   11.6s | sps  2083] ret_mean=0.000 ep_len=500.0 pi_loss=-0.004 v_loss=0.001 ent=1.551 kl=0.0043
[upd   48 | steps   24576 | t   11.7s | sps  2097] ret_mean=2.000 ep_len=500.0 pi_loss=-0.007 v_loss=0.183 ent=1.440 kl=0.0038
[upd   49 | steps   25088 | t   11.9s | sps  2111] ret_mean=18.500 ep_len=500.0 pi_loss=-0.003 v_loss=0.129 ent=1.481 kl=0.0009
[upd   50 | steps   25600 | t   12.0s | sps  2126] ret_mean=0.000 ep_len=500.0 pi_loss=-0.004 v_loss=0.002 ent=1.527 kl=-0.0015
        [eval] ret_mean=4.167 ep_len=500.0
[upd   51 | steps   26112 | t   16.0s | sps  1629] ret_mean=7.000 ep_len=500.0 pi_loss=-0.007 v_loss=0.075 ent=1.517 kl=0.0027
[upd   52 | steps   26624 | t   16.2s | sps  1645] ret_mean=5.000 ep_len=500.0 pi_loss=-0.006 v_loss=0.089 ent=1.457 kl=0.0097
[upd   53 | steps   27136 | t   16.3s | sps  1660] ret_mean=9.500 ep_len=500.0 pi_loss=-0.010 v_loss=0.267 ent=1.460 kl=0.0018
[upd   54 | steps   27648 | t   16.5s | sps  1674] ret_mean=8.000 ep_len=500.0 pi_loss=-0.007 v_loss=0.147 ent=1.483 kl=0.0093
[upd   55 | steps   28160 | t   16.7s | sps  1686] ret_mean=0.000 ep_len=500.0 pi_loss=-0.001 v_loss=0.005 ent=1.472 kl=0.0030
[upd   56 | steps   28672 | t   16.9s | sps  1700] ret_mean=0.000 ep_len=500.0 pi_loss=-0.003 v_loss=0.003 ent=1.504 kl=0.0026
[upd   57 | steps   29184 | t   17.0s | sps  1713] ret_mean=0.000 ep_len=500.0 pi_loss=-0.007 v_loss=0.029 ent=1.520 kl=0.0170
[upd   58 | steps   29696 | t   17.2s | sps  1726] ret_mean=2.500 ep_len=500.0 pi_loss=-0.008 v_loss=0.003 ent=1.561 kl=0.0059
[upd   59 | steps   30208 | t   17.4s | sps  1738] ret_mean=0.000 ep_len=500.0 pi_loss=-0.005 v_loss=0.003 ent=1.561 kl=0.0051
[upd   60 | steps   30720 | t   17.5s | sps  1751] ret_mean=3.000 ep_len=500.0 pi_loss=-0.008 v_loss=0.044 ent=1.546 kl=0.0043
[upd   61 | steps   31232 | t   17.7s | sps  1763] ret_mean=0.000 ep_len=500.0 pi_loss=-0.005 v_loss=0.002 ent=1.549 kl=0.0009
[upd   62 | steps   31744 | t   17.9s | sps  1776] ret_mean=0.000 ep_len=500.0 pi_loss=-0.011 v_loss=0.068 ent=1.504 kl=0.0049
[upd   63 | steps   32256 | t   18.0s | sps  1788] ret_mean=6.000 ep_len=500.0 pi_loss=-0.006 v_loss=0.002 ent=1.533 kl=0.0008
[upd   64 | steps   32768 | t   18.2s | sps  1800] ret_mean=4.500 ep_len=500.0 pi_loss=-0.005 v_loss=0.089 ent=1.495 kl=0.0028
[upd   65 | steps   33280 | t   18.4s | sps  1811] ret_mean=0.000 ep_len=500.0 pi_loss=-0.005 v_loss=0.002 ent=1.568 kl=0.0050
[upd   66 | steps   33792 | t   18.6s | sps  1821] ret_mean=4.000 ep_len=500.0 pi_loss=-0.010 v_loss=0.048 ent=1.482 kl=0.0142
[upd   67 | steps   34304 | t   18.8s | sps  1829] ret_mean=0.500 ep_len=500.0 pi_loss=-0.007 v_loss=0.002 ent=1.514 kl=0.0056
[upd   68 | steps   34816 | t   18.9s | sps  1841] ret_mean=0.000 ep_len=500.0 pi_loss=-0.005 v_loss=0.002 ent=1.515 kl=0.0130
[upd   69 | steps   35328 | t   19.1s | sps  1852] ret_mean=5.500 ep_len=500.0 pi_loss=-0.008 v_loss=0.184 ent=1.438 kl=0.0044
[upd   70 | steps   35840 | t   19.2s | sps  1863] ret_mean=9.000 ep_len=500.0 pi_loss=-0.008 v_loss=0.783 ent=1.395 kl=0.0012
[upd   71 | steps   36352 | t   19.4s | sps  1874] ret_mean=31.500 ep_len=500.0 pi_loss=-0.007 v_loss=0.141 ent=1.412 kl=0.0021
[upd   72 | steps   36864 | t   19.6s | sps  1884] ret_mean=0.000 ep_len=500.0 pi_loss=-0.009 v_loss=0.096 ent=1.428 kl=0.0045
[upd   73 | steps   37376 | t   19.7s | sps  1894] ret_mean=7.500 ep_len=500.0 pi_loss=-0.003 v_loss=0.893 ent=1.330 kl=0.0025
[upd   74 | steps   37888 | t   19.9s | sps  1904] ret_mean=27.000 ep_len=500.0 pi_loss=-0.008 v_loss=0.016 ent=1.396 kl=0.0174
[upd   75 | steps   38400 | t   20.1s | sps  1913] ret_mean=0.000 ep_len=500.0 pi_loss=-0.007 v_loss=0.007 ent=1.344 kl=0.0041
        [eval] ret_mean=5.917 ep_len=500.0
[upd   76 | steps   38912 | t   24.1s | sps  1615] ret_mean=0.000 ep_len=500.0 pi_loss=-0.005 v_loss=0.008 ent=1.325 kl=0.0077
[upd   77 | steps   39424 | t   24.3s | sps  1625] ret_mean=14.500 ep_len=500.0 pi_loss=-0.005 v_loss=0.396 ent=1.265 kl=0.0041
[upd   78 | steps   39936 | t   24.4s | sps  1635] ret_mean=2.500 ep_len=500.0 pi_loss=-0.004 v_loss=0.112 ent=1.403 kl=0.0033
[upd   79 | steps   40448 | t   24.6s | sps  1645] ret_mean=14.500 ep_len=500.0 pi_loss=-0.005 v_loss=0.129 ent=1.336 kl=-0.0001
[upd   80 | steps   40960 | t   24.7s | sps  1655] ret_mean=10.500 ep_len=500.0 pi_loss=-0.008 v_loss=0.356 ent=1.315 kl=0.0115
[upd   81 | steps   41472 | t   24.9s | sps  1665] ret_mean=30.000 ep_len=500.0 pi_loss=-0.014 v_loss=0.848 ent=1.341 kl=0.0224
[upd   82 | steps   41984 | t   25.1s | sps  1675] ret_mean=7.000 ep_len=500.0 pi_loss=-0.009 v_loss=0.142 ent=1.245 kl=0.0039
[upd   83 | steps   42496 | t   25.2s | sps  1684] ret_mean=0.000 ep_len=500.0 pi_loss=-0.009 v_loss=0.007 ent=1.336 kl=-0.0043
[upd   84 | steps   43008 | t   25.4s | sps  1693] ret_mean=0.000 ep_len=500.0 pi_loss=-0.002 v_loss=0.008 ent=1.294 kl=0.0032
[upd   85 | steps   43520 | t   25.6s | sps  1702] ret_mean=24.500 ep_len=500.0 pi_loss=-0.006 v_loss=0.740 ent=1.255 kl=0.0002
[upd   86 | steps   44032 | t   25.7s | sps  1711] ret_mean=16.500 ep_len=500.0 pi_loss=-0.008 v_loss=0.723 ent=1.295 kl=0.0040
[upd   87 | steps   44544 | t   25.9s | sps  1719] ret_mean=24.000 ep_len=500.0 pi_loss=-0.009 v_loss=0.418 ent=1.226 kl=0.0125
[upd   88 | steps   45056 | t   26.1s | sps  1727] ret_mean=0.000 ep_len=500.0 pi_loss=-0.006 v_loss=0.011 ent=1.277 kl=0.0137
[upd   89 | steps   45568 | t   26.2s | sps  1736] ret_mean=0.000 ep_len=500.0 pi_loss=-0.002 v_loss=0.015 ent=1.230 kl=-0.0006
[upd   90 | steps   46080 | t   26.4s | sps  1745] ret_mean=0.000 ep_len=500.0 pi_loss=-0.005 v_loss=0.221 ent=1.298 kl=0.0055
[upd   91 | steps   46592 | t   26.6s | sps  1752] ret_mean=44.500 ep_len=500.0 pi_loss=-0.009 v_loss=2.457 ent=1.035 kl=0.0147
[upd   92 | steps   47104 | t   26.7s | sps  1761] ret_mean=75.500 ep_len=500.0 pi_loss=-0.007 v_loss=2.367 ent=0.828 kl=0.0143
[upd   93 | steps   47616 | t   26.9s | sps  1770] ret_mean=0.000 ep_len=500.0 pi_loss=-0.003 v_loss=0.017 ent=1.240 kl=0.0038
[upd   94 | steps   48128 | t   27.1s | sps  1778] ret_mean=0.000 ep_len=500.0 pi_loss=-0.003 v_loss=1.183 ent=1.147 kl=0.0045
[upd   95 | steps   48640 | t   27.2s | sps  1786] ret_mean=38.500 ep_len=500.0 pi_loss=-0.007 v_loss=0.056 ent=1.342 kl=0.0029
[upd   96 | steps   49152 | t   27.4s | sps  1794] ret_mean=0.000 ep_len=500.0 pi_loss=-0.004 v_loss=0.008 ent=1.332 kl=-0.0025
[upd   97 | steps   49664 | t   27.6s | sps  1798] ret_mean=0.000 ep_len=500.0 pi_loss=-0.008 v_loss=0.173 ent=1.152 kl=0.0096
[upd   98 | steps   50176 | t   27.8s | sps  1804] ret_mean=7.000 ep_len=500.0 pi_loss=-0.004 v_loss=0.028 ent=0.745 kl=0.0123
[upd   99 | steps   50688 | t   28.0s | sps  1810] ret_mean=0.000 ep_len=500.0 pi_loss=-0.010 v_loss=2.138 ent=0.750 kl=0.0181
[upd  100 | steps   51200 | t   28.2s | sps  1816] ret_mean=48.500 ep_len=500.0 pi_loss=-0.010 v_loss=1.628 ent=1.077 kl=0.0080
        [eval] ret_mean=4.167 ep_len=500.0
[upd  101 | steps   51712 | t   32.4s | sps  1595] ret_mean=11.000 ep_len=500.0 pi_loss=-0.003 v_loss=0.371 ent=0.782 kl=0.0122
[upd  102 | steps   52224 | t   32.6s | sps  1602] ret_mean=0.000 ep_len=500.0 pi_loss=-0.007 v_loss=0.039 ent=1.265 kl=0.0095
[upd  103 | steps   52736 | t   32.8s | sps  1609] ret_mean=52.500 ep_len=500.0 pi_loss=-0.009 v_loss=2.150 ent=1.042 kl=0.0075
[upd  104 | steps   53248 | t   32.9s | sps  1617] ret_mean=20.500 ep_len=500.0 pi_loss=-0.003 v_loss=0.829 ent=0.755 kl=0.0026
[upd  105 | steps   53760 | t   33.1s | sps  1624] ret_mean=0.000 ep_len=500.0 pi_loss=-0.003 v_loss=0.007 ent=1.083 kl=0.0103
[upd  106 | steps   54272 | t   33.3s | sps  1629] ret_mean=0.000 ep_len=500.0 pi_loss=-0.008 v_loss=0.016 ent=1.040 kl=0.0101
[upd  107 | steps   54784 | t   33.5s | sps  1635] ret_mean=0.000 ep_len=500.0 pi_loss=-0.011 v_loss=0.027 ent=1.091 kl=0.0110
[upd  108 | steps   55296 | t   33.7s | sps  1642] ret_mean=18.000 ep_len=500.0 pi_loss=-0.005 v_loss=1.022 ent=0.974 kl=0.0006
[upd  109 | steps   55808 | t   33.8s | sps  1649] ret_mean=41.000 ep_len=500.0 pi_loss=-0.009 v_loss=2.537 ent=0.754 kl=0.0132
[upd  110 | steps   56320 | t   34.0s | sps  1656] ret_mean=111.500 ep_len=500.0 pi_loss=-0.007 v_loss=4.722 ent=0.650 kl=0.0100
[upd  111 | steps   56832 | t   34.2s | sps  1664] ret_mean=0.000 ep_len=500.0 pi_loss=-0.002 v_loss=0.027 ent=0.796 kl=0.0056
[upd  112 | steps   57344 | t   34.3s | sps  1671] ret_mean=0.000 ep_len=500.0 pi_loss=-0.002 v_loss=0.013 ent=0.961 kl=0.0046
[upd  113 | steps   57856 | t   34.5s | sps  1678] ret_mean=0.000 ep_len=500.0 pi_loss=0.001 v_loss=1.526 ent=0.702 kl=0.0139
[upd  114 | steps   58368 | t   34.6s | sps  1685] ret_mean=101.000 ep_len=500.0 pi_loss=-0.008 v_loss=2.781 ent=0.641 kl=0.0110
[upd  115 | steps   58880 | t   34.8s | sps  1693] ret_mean=57.000 ep_len=500.0 pi_loss=-0.004 v_loss=4.806 ent=0.480 kl=0.0013
[upd  116 | steps   59392 | t   34.9s | sps  1700] ret_mean=77.000 ep_len=500.0 pi_loss=-0.006 v_loss=1.569 ent=0.664 kl=0.0042
[upd  117 | steps   59904 | t   35.1s | sps  1706] ret_mean=80.000 ep_len=500.0 pi_loss=-0.005 v_loss=4.487 ent=0.276 kl=0.0063
[upd  118 | steps   60416 | t   35.3s | sps  1712] ret_mean=27.000 ep_len=500.0 pi_loss=-0.008 v_loss=1.217 ent=0.589 kl=-0.0001
[upd  119 | steps   60928 | t   35.4s | sps  1719] ret_mean=32.000 ep_len=500.0 pi_loss=-0.004 v_loss=10.314 ent=0.686 kl=0.0080
[upd  120 | steps   61440 | t   35.6s | sps  1727] ret_mean=174.500 ep_len=500.0 pi_loss=-0.003 v_loss=3.571 ent=0.345 kl=0.0041
[upd  121 | steps   61952 | t   35.7s | sps  1734] ret_mean=0.000 ep_len=500.0 pi_loss=-0.003 v_loss=2.394 ent=0.517 kl=-0.0002
[upd  122 | steps   62464 | t   35.9s | sps  1741] ret_mean=111.500 ep_len=500.0 pi_loss=-0.005 v_loss=2.533 ent=0.383 kl=0.0110
[upd  123 | steps   62976 | t   36.1s | sps  1746] ret_mean=0.000 ep_len=500.0 pi_loss=-0.005 v_loss=0.020 ent=0.746 kl=0.0003
[upd  124 | steps   63488 | t   36.2s | sps  1752] ret_mean=0.000 ep_len=500.0 pi_loss=-0.007 v_loss=2.865 ent=0.636 kl=0.0075
[upd  125 | steps   64000 | t   36.4s | sps  1758] ret_mean=111.000 ep_len=500.0 pi_loss=-0.001 v_loss=5.365 ent=0.272 kl=0.0002
        [eval] ret_mean=0.000 ep_len=500.0
[upd  126 | steps   64512 | t   40.5s | sps  1592] ret_mean=33.000 ep_len=500.0 pi_loss=-0.010 v_loss=0.630 ent=0.629 kl=0.0131
[upd  127 | steps   65024 | t   40.7s | sps  1598] ret_mean=70.500 ep_len=500.0 pi_loss=-0.000 v_loss=2.973 ent=0.640 kl=0.0140
[upd  128 | steps   65536 | t   40.9s | sps  1604] ret_mean=0.000 ep_len=500.0 pi_loss=-0.005 v_loss=0.048 ent=0.740 kl=0.0055
[upd  129 | steps   66048 | t   41.0s | sps  1609] ret_mean=0.000 ep_len=500.0 pi_loss=-0.006 v_loss=0.026 ent=1.052 kl=0.0004
[upd  130 | steps   66560 | t   41.2s | sps  1616] ret_mean=74.500 ep_len=500.0 pi_loss=-0.006 v_loss=4.630 ent=0.592 kl=0.0026
[upd  131 | steps   67072 | t   41.4s | sps  1622] ret_mean=114.500 ep_len=500.0 pi_loss=-0.003 v_loss=3.705 ent=0.316 kl=0.0060
[upd  132 | steps   67584 | t   41.5s | sps  1628] ret_mean=14.500 ep_len=500.0 pi_loss=-0.003 v_loss=0.688 ent=0.645 kl=0.0095
[upd  133 | steps   68096 | t   41.7s | sps  1633] ret_mean=103.000 ep_len=500.0 pi_loss=-0.006 v_loss=5.064 ent=0.364 kl=0.0008
[upd  134 | steps   68608 | t   41.8s | sps  1640] ret_mean=72.000 ep_len=500.0 pi_loss=-0.003 v_loss=1.742 ent=0.536 kl=0.0105
[upd  135 | steps   69120 | t   42.0s | sps  1646] ret_mean=134.500 ep_len=500.0 pi_loss=-0.003 v_loss=8.774 ent=0.273 kl=0.0034
[upd  136 | steps   69632 | t   42.2s | sps  1652] ret_mean=46.500 ep_len=500.0 pi_loss=-0.005 v_loss=2.729 ent=0.476 kl=0.0043
[upd  137 | steps   70144 | t   42.3s | sps  1657] ret_mean=73.000 ep_len=500.0 pi_loss=-0.011 v_loss=2.120 ent=0.826 kl=0.0080
[upd  138 | steps   70656 | t   42.5s | sps  1663] ret_mean=48.500 ep_len=500.0 pi_loss=-0.010 v_loss=1.890 ent=0.819 kl=0.0211
[upd  139 | steps   71168 | t   42.7s | sps  1668] ret_mean=118.000 ep_len=500.0 pi_loss=-0.008 v_loss=3.800 ent=0.366 kl=0.0243
[upd  140 | steps   71680 | t   42.8s | sps  1674] ret_mean=39.000 ep_len=500.0 pi_loss=-0.002 v_loss=6.443 ent=0.553 kl=0.0047
[upd  141 | steps   72192 | t   43.0s | sps  1679] ret_mean=146.500 ep_len=500.0 pi_loss=-0.007 v_loss=4.751 ent=0.290 kl=0.0036
[upd  142 | steps   72704 | t   43.2s | sps  1684] ret_mean=63.000 ep_len=500.0 pi_loss=-0.000 v_loss=0.525 ent=0.938 kl=0.0030
[upd  143 | steps   73216 | t   43.3s | sps  1689] ret_mean=0.000 ep_len=500.0 pi_loss=-0.009 v_loss=1.686 ent=0.922 kl=0.0032
[upd  144 | steps   73728 | t   43.5s | sps  1694] ret_mean=121.500 ep_len=500.0 pi_loss=-0.003 v_loss=4.073 ent=0.302 kl=0.0047
[upd  145 | steps   74240 | t   43.7s | sps  1700] ret_mean=109.000 ep_len=500.0 pi_loss=-0.002 v_loss=3.670 ent=0.354 kl=0.0017
[upd  146 | steps   74752 | t   43.9s | sps  1705] ret_mean=117.500 ep_len=500.0 pi_loss=-0.006 v_loss=1.556 ent=0.445 kl=0.0134
[upd  147 | steps   75264 | t   44.0s | sps  1710] ret_mean=0.000 ep_len=500.0 pi_loss=-0.010 v_loss=1.590 ent=0.509 kl=0.0204
[upd  148 | steps   75776 | t   44.2s | sps  1716] ret_mean=72.000 ep_len=500.0 pi_loss=-0.002 v_loss=0.721 ent=0.691 kl=0.0012
[upd  149 | steps   76288 | t   44.3s | sps  1721] ret_mean=0.000 ep_len=500.0 pi_loss=-0.005 v_loss=1.892 ent=0.850 kl=0.0110
[upd  150 | steps   76800 | t   44.5s | sps  1726] ret_mean=65.500 ep_len=500.0 pi_loss=-0.004 v_loss=1.698 ent=0.742 kl=0.0049
        [eval] ret_mean=15.233 ep_len=500.0
[upd  151 | steps   77312 | t   48.6s | sps  1591] ret_mean=0.000 ep_len=500.0 pi_loss=-0.006 v_loss=0.546 ent=0.810 kl=0.0191
[upd  152 | steps   77824 | t   48.8s | sps  1596] ret_mean=98.000 ep_len=500.0 pi_loss=-0.004 v_loss=3.314 ent=0.333 kl=0.0034
[upd  153 | steps   78336 | t   48.9s | sps  1601] ret_mean=35.500 ep_len=500.0 pi_loss=-0.004 v_loss=1.351 ent=0.888 kl=0.0092
[upd  154 | steps   78848 | t   49.1s | sps  1606] ret_mean=181.000 ep_len=500.0 pi_loss=-0.008 v_loss=11.248 ent=0.118 kl=0.0113
[upd  155 | steps   79360 | t   49.3s | sps  1611] ret_mean=120.000 ep_len=500.0 pi_loss=-0.009 v_loss=3.536 ent=0.391 kl=0.0141
[upd  156 | steps   79872 | t   49.4s | sps  1616] ret_mean=0.000 ep_len=500.0 pi_loss=-0.007 v_loss=0.525 ent=1.125 kl=0.0046
[upd  157 | steps   80384 | t   49.6s | sps  1622] ret_mean=70.000 ep_len=500.0 pi_loss=-0.006 v_loss=1.463 ent=0.852 kl=0.0024
[upd  158 | steps   80896 | t   49.7s | sps  1626] ret_mean=0.000 ep_len=500.0 pi_loss=-0.004 v_loss=0.371 ent=0.951 kl=0.0037
[upd  159 | steps   81408 | t   49.9s | sps  1631] ret_mean=67.500 ep_len=500.0 pi_loss=-0.002 v_loss=2.421 ent=0.639 kl=0.0068
[upd  160 | steps   81920 | t   50.1s | sps  1636] ret_mean=0.000 ep_len=500.0 pi_loss=-0.007 v_loss=0.477 ent=0.985 kl=0.0076
[upd  161 | steps   82432 | t   50.2s | sps  1641] ret_mean=11.000 ep_len=500.0 pi_loss=-0.007 v_loss=0.371 ent=0.806 kl=0.0056
[upd  162 | steps   82944 | t   50.4s | sps  1645] ret_mean=0.000 ep_len=500.0 pi_loss=-0.006 v_loss=0.557 ent=0.872 kl=0.0061
[upd  163 | steps   83456 | t   50.6s | sps  1649] ret_mean=60.500 ep_len=500.0 pi_loss=-0.007 v_loss=3.687 ent=0.693 kl=0.0025
[upd  164 | steps   83968 | t   50.8s | sps  1654] ret_mean=149.500 ep_len=500.0 pi_loss=-0.010 v_loss=4.563 ent=0.436 kl=0.0179
[upd  165 | steps   84480 | t   50.9s | sps  1659] ret_mean=16.000 ep_len=500.0 pi_loss=-0.002 v_loss=1.409 ent=0.745 kl=-0.0002
[upd  166 | steps   84992 | t   51.1s | sps  1664] ret_mean=117.500 ep_len=500.0 pi_loss=-0.003 v_loss=3.651 ent=0.330 kl=-0.0002
[upd  167 | steps   85504 | t   51.2s | sps  1669] ret_mean=80.500 ep_len=500.0 pi_loss=-0.007 v_loss=2.129 ent=0.668 kl=0.0021
[upd  168 | steps   86016 | t   51.4s | sps  1674] ret_mean=84.000 ep_len=500.0 pi_loss=-0.004 v_loss=1.993 ent=0.627 kl=0.0088
[upd  169 | steps   86528 | t   51.5s | sps  1679] ret_mean=114.000 ep_len=500.0 pi_loss=-0.007 v_loss=3.558 ent=0.396 kl=0.0047
[upd  170 | steps   87040 | t   51.7s | sps  1683] ret_mean=30.000 ep_len=500.0 pi_loss=-0.003 v_loss=0.699 ent=1.011 kl=0.0028
[upd  171 | steps   87552 | t   51.9s | sps  1688] ret_mean=79.000 ep_len=500.0 pi_loss=-0.003 v_loss=2.687 ent=0.581 kl=0.0097
[upd  172 | steps   88064 | t   52.0s | sps  1693] ret_mean=7.000 ep_len=500.0 pi_loss=-0.010 v_loss=1.202 ent=0.864 kl=0.0069
[upd  173 | steps   88576 | t   52.2s | sps  1698] ret_mean=42.000 ep_len=500.0 pi_loss=-0.004 v_loss=1.709 ent=0.603 kl=0.0025
[upd  174 | steps   89088 | t   52.3s | sps  1702] ret_mean=36.000 ep_len=500.0 pi_loss=-0.006 v_loss=1.900 ent=0.832 kl=0.0036
[upd  175 | steps   89600 | t   52.5s | sps  1707] ret_mean=61.500 ep_len=500.0 pi_loss=-0.008 v_loss=0.796 ent=1.026 kl=0.0059
        [eval] ret_mean=6.150 ep_len=500.0
[upd  176 | steps   90112 | t   56.6s | sps  1591] ret_mean=67.000 ep_len=500.0 pi_loss=-0.006 v_loss=1.867 ent=0.756 kl=0.0022
[upd  177 | steps   90624 | t   56.9s | sps  1592] ret_mean=53.500 ep_len=500.0 pi_loss=-0.005 v_loss=1.350 ent=0.841 kl=0.0095
[upd  178 | steps   91136 | t   57.2s | sps  1593] ret_mean=85.000 ep_len=500.0 pi_loss=-0.007 v_loss=3.390 ent=0.506 kl=0.0089
[upd  179 | steps   91648 | t   57.5s | sps  1595] ret_mean=6.500 ep_len=500.0 pi_loss=-0.004 v_loss=0.476 ent=0.947 kl=0.0077
[upd  180 | steps   92160 | t   57.7s | sps  1598] ret_mean=0.000 ep_len=500.0 pi_loss=-0.007 v_loss=2.122 ent=0.912 kl=0.0161
[upd  181 | steps   92672 | t   57.8s | sps  1603] ret_mean=191.500 ep_len=500.0 pi_loss=-0.003 v_loss=8.709 ent=0.169 kl=0.0014
[upd  182 | steps   93184 | t   58.0s | sps  1607] ret_mean=0.000 ep_len=500.0 pi_loss=-0.002 v_loss=0.607 ent=0.878 kl=0.0031
[upd  183 | steps   93696 | t   58.2s | sps  1611] ret_mean=111.500 ep_len=500.0 pi_loss=-0.007 v_loss=3.458 ent=0.297 kl=0.0082
[upd  184 | steps   94208 | t   58.3s | sps  1615] ret_mean=29.500 ep_len=500.0 pi_loss=-0.005 v_loss=1.502 ent=0.653 kl=0.0056
[upd  185 | steps   94720 | t   58.5s | sps  1619] ret_mean=125.000 ep_len=500.0 pi_loss=-0.008 v_loss=3.751 ent=0.222 kl=0.0063
[upd  186 | steps   95232 | t   58.7s | sps  1622] ret_mean=67.500 ep_len=500.0 pi_loss=-0.002 v_loss=2.490 ent=0.385 kl=0.0047
[upd  187 | steps   95744 | t   58.9s | sps  1625] ret_mean=0.000 ep_len=500.0 pi_loss=-0.005 v_loss=2.594 ent=0.746 kl=0.0079
[upd  188 | steps   96256 | t   59.1s | sps  1629] ret_mean=75.500 ep_len=500.0 pi_loss=-0.001 v_loss=1.403 ent=0.610 kl=0.0032
[upd  189 | steps   96768 | t   59.3s | sps  1632] ret_mean=22.500 ep_len=500.0 pi_loss=-0.006 v_loss=1.487 ent=0.659 kl=0.0069
[upd  190 | steps   97280 | t   59.5s | sps  1636] ret_mean=81.500 ep_len=500.0 pi_loss=-0.005 v_loss=1.692 ent=0.610 kl=0.0064
[upd  191 | steps   97792 | t   59.7s | sps  1638] ret_mean=2.500 ep_len=500.0 pi_loss=-0.002 v_loss=0.795 ent=0.633 kl=0.0043
[upd  192 | steps   98304 | t   59.9s | sps  1642] ret_mean=97.000 ep_len=500.0 pi_loss=-0.003 v_loss=3.730 ent=0.143 kl=0.0003
[upd  193 | steps   98816 | t   60.1s | sps  1645] ret_mean=61.000 ep_len=500.0 pi_loss=-0.001 v_loss=0.868 ent=0.362 kl=-0.0001
[upd  194 | steps   99328 | t   60.3s | sps  1648] ret_mean=1.000 ep_len=500.0 pi_loss=0.001 v_loss=4.055 ent=0.576 kl=0.0026
[upd  195 | steps   99840 | t   60.5s | sps  1651] ret_mean=135.500 ep_len=500.0 pi_loss=-0.001 v_loss=4.624 ent=0.219 kl=0.0014
[upd  196 | steps  100352 | t   60.7s | sps  1654] ret_mean=88.500 ep_len=500.0 pi_loss=-0.006 v_loss=2.903 ent=0.376 kl=0.0053
[upd  197 | steps  100864 | t   60.8s | sps  1658] ret_mean=113.500 ep_len=500.0 pi_loss=-0.003 v_loss=3.053 ent=0.195 kl=0.0160
[upd  198 | steps  101376 | t   61.0s | sps  1662] ret_mean=6.000 ep_len=500.0 pi_loss=-0.001 v_loss=1.674 ent=0.553 kl=0.0042
[upd  199 | steps  101888 | t   61.2s | sps  1666] ret_mean=27.500 ep_len=500.0 pi_loss=-0.004 v_loss=1.866 ent=0.683 kl=0.0026
[upd  200 | steps  102400 | t   61.4s | sps  1669] ret_mean=71.500 ep_len=500.0 pi_loss=-0.005 v_loss=2.206 ent=0.708 kl=0.0071
        [eval] ret_mean=13.700 ep_len=500.0
[upd  201 | steps  102912 | t   65.5s | sps  1570] ret_mean=186.000 ep_len=500.0 pi_loss=-0.001 v_loss=10.051 ent=0.043 kl=0.0006
[upd  202 | steps  103424 | t   65.7s | sps  1574] ret_mean=0.000 ep_len=500.0 pi_loss=-0.012 v_loss=0.735 ent=0.454 kl=0.0375
[upd  203 | steps  103936 | t   65.8s | sps  1578] ret_mean=186.500 ep_len=500.0 pi_loss=-0.005 v_loss=10.725 ent=0.079 kl=0.0032
[upd  204 | steps  104448 | t   66.0s | sps  1582] ret_mean=90.000 ep_len=500.0 pi_loss=-0.005 v_loss=4.057 ent=0.333 kl=0.0105
[upd  205 | steps  104960 | t   66.2s | sps  1586] ret_mean=11.000 ep_len=500.0 pi_loss=-0.006 v_loss=0.812 ent=0.750 kl=0.0168
[upd  206 | steps  105472 | t   66.3s | sps  1590] ret_mean=106.000 ep_len=500.0 pi_loss=-0.001 v_loss=3.194 ent=0.343 kl=0.0035
[upd  207 | steps  105984 | t   66.5s | sps  1594] ret_mean=78.500 ep_len=500.0 pi_loss=-0.007 v_loss=3.291 ent=0.486 kl=0.0034
[upd  208 | steps  106496 | t   66.6s | sps  1598] ret_mean=50.500 ep_len=500.0 pi_loss=-0.005 v_loss=2.616 ent=0.502 kl=0.0019
[upd  209 | steps  107008 | t   66.8s | sps  1602] ret_mean=64.000 ep_len=500.0 pi_loss=-0.004 v_loss=1.413 ent=0.906 kl=0.0053
[upd  210 | steps  107520 | t   67.0s | sps  1606] ret_mean=139.000 ep_len=500.0 pi_loss=-0.005 v_loss=7.097 ent=0.214 kl=0.0034
[upd  211 | steps  108032 | t   67.1s | sps  1609] ret_mean=103.500 ep_len=500.0 pi_loss=-0.000 v_loss=3.142 ent=0.453 kl=0.0011
[upd  212 | steps  108544 | t   67.3s | sps  1613] ret_mean=0.000 ep_len=500.0 pi_loss=-0.010 v_loss=1.200 ent=0.934 kl=0.0140
[upd  213 | steps  109056 | t   67.5s | sps  1617] ret_mean=137.000 ep_len=500.0 pi_loss=-0.003 v_loss=5.070 ent=0.349 kl=0.0018
[upd  214 | steps  109568 | t   67.6s | sps  1620] ret_mean=66.000 ep_len=500.0 pi_loss=-0.002 v_loss=1.718 ent=0.531 kl=0.0013
[upd  215 | steps  110080 | t   67.8s | sps  1624] ret_mean=96.000 ep_len=500.0 pi_loss=-0.006 v_loss=2.285 ent=0.480 kl=0.0100
[upd  216 | steps  110592 | t   68.0s | sps  1627] ret_mean=0.000 ep_len=500.0 pi_loss=-0.007 v_loss=1.310 ent=0.960 kl=0.0074
[upd  217 | steps  111104 | t   68.1s | sps  1631] ret_mean=123.500 ep_len=500.0 pi_loss=-0.004 v_loss=2.881 ent=0.306 kl=0.0025
[upd  218 | steps  111616 | t   68.3s | sps  1635] ret_mean=98.500 ep_len=500.0 pi_loss=-0.002 v_loss=3.165 ent=0.334 kl=0.0045
[upd  219 | steps  112128 | t   68.4s | sps  1639] ret_mean=101.500 ep_len=500.0 pi_loss=-0.006 v_loss=2.836 ent=0.358 kl=0.0094
[upd  220 | steps  112640 | t   68.6s | sps  1643] ret_mean=116.500 ep_len=500.0 pi_loss=-0.003 v_loss=8.992 ent=0.078 kl=-0.0011
[upd  221 | steps  113152 | t   68.7s | sps  1646] ret_mean=182.000 ep_len=500.0 pi_loss=-0.006 v_loss=3.214 ent=0.327 kl=0.0097
[upd  222 | steps  113664 | t   68.9s | sps  1650] ret_mean=102.500 ep_len=500.0 pi_loss=-0.003 v_loss=2.398 ent=0.397 kl=0.0071
[upd  223 | steps  114176 | t   69.0s | sps  1654] ret_mean=59.500 ep_len=500.0 pi_loss=-0.003 v_loss=1.391 ent=1.041 kl=0.0088
[upd  224 | steps  114688 | t   69.2s | sps  1658] ret_mean=55.000 ep_len=500.0 pi_loss=-0.004 v_loss=2.474 ent=0.384 kl=0.0002
[upd  225 | steps  115200 | t   69.3s | sps  1661] ret_mean=123.000 ep_len=500.0 pi_loss=-0.006 v_loss=2.268 ent=0.485 kl=0.0020
        [eval] ret_mean=24.383 ep_len=500.0
[upd  226 | steps  115712 | t   73.2s | sps  1580] ret_mean=114.500 ep_len=500.0 pi_loss=-0.006 v_loss=2.731 ent=0.401 kl=0.0042
[upd  227 | steps  116224 | t   73.4s | sps  1583] ret_mean=24.000 ep_len=500.0 pi_loss=-0.009 v_loss=1.972 ent=0.808 kl=0.0106
[upd  228 | steps  116736 | t   73.7s | sps  1583] ret_mean=127.500 ep_len=500.0 pi_loss=-0.004 v_loss=2.714 ent=0.307 kl=-0.0003
[upd  229 | steps  117248 | t   73.9s | sps  1586] ret_mean=108.500 ep_len=500.0 pi_loss=-0.006 v_loss=3.070 ent=0.385 kl=0.0111
[upd  230 | steps  117760 | t   74.1s | sps  1588] ret_mean=17.000 ep_len=500.0 pi_loss=-0.007 v_loss=1.812 ent=1.188 kl=0.0040
[upd  231 | steps  118272 | t   74.3s | sps  1591] ret_mean=65.000 ep_len=500.0 pi_loss=-0.006 v_loss=3.702 ent=0.483 kl=0.0058
[upd  232 | steps  118784 | t   74.5s | sps  1594] ret_mean=123.500 ep_len=500.0 pi_loss=-0.004 v_loss=3.004 ent=0.359 kl=0.0021
[upd  233 | steps  119296 | t   74.7s | sps  1596] ret_mean=107.500 ep_len=500.0 pi_loss=-0.009 v_loss=2.350 ent=0.390 kl=0.0133
[upd  234 | steps  119808 | t   75.0s | sps  1598] ret_mean=82.000 ep_len=500.0 pi_loss=-0.002 v_loss=3.218 ent=0.556 kl=0.0004
[upd  235 | steps  120320 | t   75.2s | sps  1601] ret_mean=62.500 ep_len=500.0 pi_loss=-0.002 v_loss=3.428 ent=0.814 kl=0.0003
[upd  236 | steps  120832 | t   75.4s | sps  1604] ret_mean=153.000 ep_len=500.0 pi_loss=-0.012 v_loss=5.016 ent=0.315 kl=0.0157
[upd  237 | steps  121344 | t   75.5s | sps  1607] ret_mean=0.000 ep_len=500.0 pi_loss=-0.006 v_loss=1.222 ent=1.043 kl=0.0030
[upd  238 | steps  121856 | t   75.7s | sps  1610] ret_mean=119.500 ep_len=500.0 pi_loss=-0.003 v_loss=2.606 ent=0.432 kl=-0.0001
[upd  239 | steps  122368 | t   75.8s | sps  1614] ret_mean=59.000 ep_len=500.0 pi_loss=-0.002 v_loss=1.727 ent=1.096 kl=-0.0005
[upd  240 | steps  122880 | t   76.0s | sps  1617] ret_mean=21.500 ep_len=500.0 pi_loss=-0.003 v_loss=1.279 ent=1.097 kl=0.0125
[upd  241 | steps  123392 | t   76.2s | sps  1620] ret_mean=105.000 ep_len=500.0 pi_loss=-0.003 v_loss=6.244 ent=0.229 kl=-0.0001
[upd  242 | steps  123904 | t   76.3s | sps  1624] ret_mean=173.500 ep_len=500.0 pi_loss=-0.002 v_loss=3.295 ent=0.280 kl=0.0024
[upd  243 | steps  124416 | t   76.5s | sps  1627] ret_mean=64.000 ep_len=500.0 pi_loss=-0.005 v_loss=1.362 ent=0.958 kl=0.0032
[upd  244 | steps  124928 | t   76.7s | sps  1629] ret_mean=60.000 ep_len=500.0 pi_loss=-0.009 v_loss=4.265 ent=0.559 kl=0.0042
[upd  245 | steps  125440 | t   76.8s | sps  1632] ret_mean=119.000 ep_len=500.0 pi_loss=-0.003 v_loss=2.190 ent=0.597 kl=0.0123
[upd  246 | steps  125952 | t   77.0s | sps  1635] ret_mean=23.000 ep_len=500.0 pi_loss=-0.005 v_loss=2.843 ent=0.885 kl=0.0021
[upd  247 | steps  126464 | t   77.2s | sps  1638] ret_mean=122.000 ep_len=500.0 pi_loss=-0.005 v_loss=2.919 ent=0.552 kl=0.0057
[upd  248 | steps  126976 | t   77.4s | sps  1641] ret_mean=27.500 ep_len=500.0 pi_loss=-0.006 v_loss=1.285 ent=1.204 kl=0.0013
[upd  249 | steps  127488 | t   77.6s | sps  1644] ret_mean=58.000 ep_len=500.0 pi_loss=-0.006 v_loss=2.995 ent=0.677 kl=0.0028
[upd  250 | steps  128000 | t   77.7s | sps  1647] ret_mean=92.500 ep_len=500.0 pi_loss=-0.007 v_loss=2.518 ent=0.533 kl=0.0098
        [eval] ret_mean=25.700 ep_len=500.0
[upd  251 | steps  128512 | t   81.5s | sps  1577] ret_mean=177.000 ep_len=500.0 pi_loss=-0.001 v_loss=9.033 ent=0.232 kl=0.0022
[upd  252 | steps  129024 | t   81.7s | sps  1580] ret_mean=71.000 ep_len=500.0 pi_loss=-0.004 v_loss=2.612 ent=0.846 kl=0.0056
[upd  253 | steps  129536 | t   81.8s | sps  1583] ret_mean=101.500 ep_len=500.0 pi_loss=-0.005 v_loss=3.051 ent=0.489 kl=0.0040
[upd  254 | steps  130048 | t   82.0s | sps  1586] ret_mean=131.500 ep_len=500.0 pi_loss=-0.002 v_loss=4.259 ent=0.510 kl=0.0004
[upd  255 | steps  130560 | t   82.1s | sps  1589] ret_mean=35.500 ep_len=500.0 pi_loss=-0.005 v_loss=1.251 ent=1.058 kl=0.0031
[upd  256 | steps  131072 | t   82.3s | sps  1593] ret_mean=122.000 ep_len=500.0 pi_loss=-0.005 v_loss=5.890 ent=0.470 kl=0.0048
[upd  257 | steps  131584 | t   82.4s | sps  1596] ret_mean=158.500 ep_len=500.0 pi_loss=-0.002 v_loss=6.033 ent=0.383 kl=0.0031
[upd  258 | steps  132096 | t   82.6s | sps  1599] ret_mean=134.500 ep_len=500.0 pi_loss=-0.006 v_loss=4.725 ent=0.376 kl=0.0013
[upd  259 | steps  132608 | t   82.7s | sps  1603] ret_mean=50.000 ep_len=500.0 pi_loss=-0.003 v_loss=1.880 ent=0.978 kl=0.0044
[upd  260 | steps  133120 | t   82.9s | sps  1606] ret_mean=19.500 ep_len=500.0 pi_loss=-0.003 v_loss=2.056 ent=1.080 kl=0.0019
[upd  261 | steps  133632 | t   83.1s | sps  1608] ret_mean=84.000 ep_len=500.0 pi_loss=-0.006 v_loss=4.117 ent=0.704 kl=0.0039
[upd  262 | steps  134144 | t   83.3s | sps  1611] ret_mean=156.500 ep_len=500.0 pi_loss=-0.005 v_loss=3.616 ent=0.385 kl=0.0037
[upd  263 | steps  134656 | t   83.4s | sps  1614] ret_mean=103.000 ep_len=500.0 pi_loss=-0.004 v_loss=2.347 ent=0.455 kl=0.0033
[upd  264 | steps  135168 | t   83.6s | sps  1618] ret_mean=142.500 ep_len=500.0 pi_loss=-0.005 v_loss=7.795 ent=0.201 kl=0.0000
[upd  265 | steps  135680 | t   83.7s | sps  1621] ret_mean=162.500 ep_len=500.0 pi_loss=-0.001 v_loss=5.184 ent=0.180 kl=0.0002
[upd  266 | steps  136192 | t   83.9s | sps  1624] ret_mean=171.000 ep_len=500.0 pi_loss=-0.003 v_loss=6.096 ent=0.144 kl=0.0023
[upd  267 | steps  136704 | t   84.1s | sps  1626] ret_mean=150.500 ep_len=500.0 pi_loss=-0.004 v_loss=4.002 ent=0.362 kl=0.0068
[upd  268 | steps  137216 | t   84.2s | sps  1629] ret_mean=123.000 ep_len=500.0 pi_loss=-0.002 v_loss=6.318 ent=0.110 kl=0.0013
[upd  269 | steps  137728 | t   84.4s | sps  1632] ret_mean=186.500 ep_len=500.0 pi_loss=-0.001 v_loss=7.468 ent=0.111 kl=0.0011
[upd  270 | steps  138240 | t   84.6s | sps  1635] ret_mean=169.000 ep_len=500.0 pi_loss=-0.003 v_loss=5.349 ent=0.212 kl=0.0027
[upd  271 | steps  138752 | t   84.7s | sps  1638] ret_mean=89.500 ep_len=500.0 pi_loss=-0.010 v_loss=4.362 ent=0.888 kl=0.0126
[upd  272 | steps  139264 | t   84.9s | sps  1641] ret_mean=153.000 ep_len=500.0 pi_loss=-0.005 v_loss=3.265 ent=0.458 kl=0.0038
[upd  273 | steps  139776 | t   85.0s | sps  1644] ret_mean=48.000 ep_len=500.0 pi_loss=-0.008 v_loss=4.027 ent=0.749 kl=0.0071
[upd  274 | steps  140288 | t   85.2s | sps  1647] ret_mean=138.500 ep_len=500.0 pi_loss=-0.006 v_loss=3.060 ent=0.541 kl=0.0066
[upd  275 | steps  140800 | t   85.3s | sps  1650] ret_mean=50.000 ep_len=500.0 pi_loss=-0.004 v_loss=5.097 ent=0.434 kl=0.0059
        [eval] ret_mean=33.567 ep_len=500.0
[upd  276 | steps  141312 | t   89.3s | sps  1583] ret_mean=115.500 ep_len=500.0 pi_loss=-0.005 v_loss=3.074 ent=0.445 kl=0.0101
[upd  277 | steps  141824 | t   89.4s | sps  1586] ret_mean=113.500 ep_len=500.0 pi_loss=-0.005 v_loss=2.233 ent=0.411 kl=0.0059
[upd  278 | steps  142336 | t   89.6s | sps  1588] ret_mean=171.000 ep_len=500.0 pi_loss=-0.001 v_loss=5.525 ent=0.246 kl=0.0025
[upd  279 | steps  142848 | t   89.8s | sps  1591] ret_mean=116.000 ep_len=500.0 pi_loss=-0.004 v_loss=2.151 ent=0.269 kl=0.0075
[upd  280 | steps  143360 | t   89.9s | sps  1595] ret_mean=191.500 ep_len=500.0 pi_loss=-0.002 v_loss=5.813 ent=0.168 kl=0.0026
[upd  281 | steps  143872 | t   90.1s | sps  1597] ret_mean=154.500 ep_len=500.0 pi_loss=-0.005 v_loss=5.536 ent=0.188 kl=0.0031
[upd  282 | steps  144384 | t   90.2s | sps  1600] ret_mean=102.500 ep_len=500.0 pi_loss=-0.009 v_loss=2.720 ent=0.342 kl=0.0117
[upd  283 | steps  144896 | t   90.4s | sps  1603] ret_mean=115.000 ep_len=500.0 pi_loss=-0.001 v_loss=3.809 ent=0.206 kl=-0.0008
[upd  284 | steps  145408 | t   90.5s | sps  1606] ret_mean=183.500 ep_len=500.0 pi_loss=-0.004 v_loss=4.566 ent=0.202 kl=0.0155
[upd  285 | steps  145920 | t   90.7s | sps  1609] ret_mean=148.500 ep_len=500.0 pi_loss=-0.002 v_loss=5.193 ent=0.295 kl=0.0049
[upd  286 | steps  146432 | t   90.8s | sps  1612] ret_mean=99.000 ep_len=500.0 pi_loss=-0.004 v_loss=2.493 ent=0.415 kl=0.0084
[upd  287 | steps  146944 | t   91.0s | sps  1615] ret_mean=0.000 ep_len=500.0 pi_loss=-0.013 v_loss=2.049 ent=0.802 kl=0.0138
[upd  288 | steps  147456 | t   91.2s | sps  1617] ret_mean=121.000 ep_len=500.0 pi_loss=-0.005 v_loss=1.951 ent=0.446 kl=0.0075
[upd  289 | steps  147968 | t   91.3s | sps  1620] ret_mean=0.000 ep_len=500.0 pi_loss=-0.005 v_loss=1.513 ent=0.700 kl=0.0027
[upd  290 | steps  148480 | t   91.5s | sps  1623] ret_mean=148.500 ep_len=500.0 pi_loss=-0.002 v_loss=4.254 ent=0.245 kl=0.0006
[upd  291 | steps  148992 | t   91.6s | sps  1626] ret_mean=76.000 ep_len=500.0 pi_loss=-0.005 v_loss=2.796 ent=0.885 kl=0.0063
[upd  292 | steps  149504 | t   91.8s | sps  1629] ret_mean=0.000 ep_len=500.0 pi_loss=-0.007 v_loss=5.697 ent=0.620 kl=0.0067
[upd  293 | steps  150016 | t   91.9s | sps  1632] ret_mean=181.500 ep_len=500.0 pi_loss=-0.001 v_loss=5.783 ent=0.031 kl=-0.0003
[upd  294 | steps  150528 | t   92.1s | sps  1635] ret_mean=204.000 ep_len=500.0 pi_loss=-0.005 v_loss=4.225 ent=0.388 kl=0.0086
[upd  295 | steps  151040 | t   92.2s | sps  1637] ret_mean=47.000 ep_len=500.0 pi_loss=-0.006 v_loss=4.504 ent=0.582 kl=0.0108
[upd  296 | steps  151552 | t   92.4s | sps  1640] ret_mean=24.500 ep_len=500.0 pi_loss=-0.010 v_loss=1.012 ent=0.952 kl=0.0041
[upd  297 | steps  152064 | t   92.5s | sps  1643] ret_mean=29.500 ep_len=500.0 pi_loss=-0.011 v_loss=4.564 ent=0.661 kl=0.0128
[upd  298 | steps  152576 | t   92.7s | sps  1646] ret_mean=156.500 ep_len=500.0 pi_loss=-0.004 v_loss=7.348 ent=0.062 kl=-0.0004
[upd  299 | steps  153088 | t   92.8s | sps  1649] ret_mean=193.500 ep_len=500.0 pi_loss=-0.002 v_loss=6.125 ent=0.190 kl=0.0023
[upd  300 | steps  153600 | t   93.0s | sps  1652] ret_mean=174.000 ep_len=500.0 pi_loss=-0.005 v_loss=3.357 ent=0.423 kl=0.0148
        [eval] ret_mean=23.417 ep_len=500.0
[upd  301 | steps  154112 | t   97.0s | sps  1588] ret_mean=74.500 ep_len=500.0 pi_loss=-0.007 v_loss=2.847 ent=0.697 kl=0.0031
[upd  302 | steps  154624 | t   97.2s | sps  1591] ret_mean=130.000 ep_len=500.0 pi_loss=-0.002 v_loss=4.176 ent=0.341 kl=0.0034
[upd  303 | steps  155136 | t   97.3s | sps  1594] ret_mean=91.000 ep_len=500.0 pi_loss=-0.002 v_loss=3.163 ent=0.625 kl=-0.0010
[upd  304 | steps  155648 | t   97.5s | sps  1596] ret_mean=57.000 ep_len=500.0 pi_loss=-0.007 v_loss=2.941 ent=0.607 kl=0.0070
[upd  305 | steps  156160 | t   97.7s | sps  1598] ret_mean=70.000 ep_len=500.0 pi_loss=-0.006 v_loss=2.137 ent=0.527 kl=0.0094
[upd  306 | steps  156672 | t   97.9s | sps  1601] ret_mean=59.000 ep_len=500.0 pi_loss=-0.005 v_loss=4.393 ent=0.709 kl=0.0001
[upd  307 | steps  157184 | t   98.1s | sps  1603] ret_mean=44.500 ep_len=500.0 pi_loss=-0.006 v_loss=2.410 ent=0.752 kl=0.0090
[upd  308 | steps  157696 | t   98.2s | sps  1606] ret_mean=119.500 ep_len=500.0 pi_loss=-0.005 v_loss=2.132 ent=0.515 kl=0.0006
[upd  309 | steps  158208 | t   98.4s | sps  1608] ret_mean=34.500 ep_len=500.0 pi_loss=-0.004 v_loss=3.271 ent=0.861 kl=0.0037
[upd  310 | steps  158720 | t   98.5s | sps  1611] ret_mean=103.500 ep_len=500.0 pi_loss=-0.004 v_loss=4.293 ent=0.226 kl=0.0064
[upd  311 | steps  159232 | t   98.7s | sps  1614] ret_mean=167.000 ep_len=500.0 pi_loss=-0.002 v_loss=4.247 ent=0.281 kl=0.0089
[upd  312 | steps  159744 | t   98.8s | sps  1616] ret_mean=73.500 ep_len=500.0 pi_loss=-0.002 v_loss=5.959 ent=0.196 kl=0.0013
[upd  313 | steps  160256 | t   99.0s | sps  1619] ret_mean=182.500 ep_len=500.0 pi_loss=-0.001 v_loss=6.494 ent=0.076 kl=-0.0037
[upd  314 | steps  160768 | t   99.1s | sps  1622] ret_mean=166.500 ep_len=500.0 pi_loss=-0.004 v_loss=5.860 ent=0.200 kl=-0.0027
[upd  315 | steps  161280 | t   99.3s | sps  1624] ret_mean=165.500 ep_len=500.0 pi_loss=-0.002 v_loss=5.444 ent=0.144 kl=-0.0005
[upd  316 | steps  161792 | t   99.4s | sps  1627] ret_mean=144.500 ep_len=500.0 pi_loss=-0.004 v_loss=5.209 ent=0.093 kl=-0.0019
[upd  317 | steps  162304 | t   99.6s | sps  1630] ret_mean=182.500 ep_len=500.0 pi_loss=-0.001 v_loss=5.474 ent=0.110 kl=0.0002
[upd  318 | steps  162816 | t   99.7s | sps  1632] ret_mean=149.000 ep_len=500.0 pi_loss=-0.002 v_loss=5.376 ent=0.085 kl=-0.0000
[upd  319 | steps  163328 | t   99.9s | sps  1635] ret_mean=156.000 ep_len=500.0 pi_loss=-0.001 v_loss=4.825 ent=0.160 kl=0.0027
[upd  320 | steps  163840 | t  100.1s | sps  1638] ret_mean=158.500 ep_len=500.0 pi_loss=-0.006 v_loss=3.864 ent=0.297 kl=0.0003
[upd  321 | steps  164352 | t  100.2s | sps  1640] ret_mean=64.000 ep_len=500.0 pi_loss=-0.002 v_loss=5.727 ent=0.448 kl=0.0040
[upd  322 | steps  164864 | t  100.4s | sps  1643] ret_mean=169.000 ep_len=500.0 pi_loss=-0.004 v_loss=6.980 ent=0.383 kl=0.0099
[upd  323 | steps  165376 | t  100.5s | sps  1645] ret_mean=123.000 ep_len=500.0 pi_loss=-0.003 v_loss=2.504 ent=0.370 kl=0.0047
[upd  324 | steps  165888 | t  100.7s | sps  1648] ret_mean=89.500 ep_len=500.0 pi_loss=-0.011 v_loss=5.729 ent=0.433 kl=0.0041
[upd  325 | steps  166400 | t  100.8s | sps  1650] ret_mean=103.500 ep_len=500.0 pi_loss=-0.004 v_loss=1.873 ent=0.274 kl=0.0028
        [eval] ret_mean=38.783 ep_len=500.0
[upd  326 | steps  166912 | t  104.9s | sps  1591] ret_mean=207.000 ep_len=500.0 pi_loss=-0.002 v_loss=5.755 ent=0.062 kl=0.0013
[upd  327 | steps  167424 | t  105.1s | sps  1593] ret_mean=0.000 ep_len=500.0 pi_loss=-0.011 v_loss=4.213 ent=1.052 kl=0.0121
[upd  328 | steps  167936 | t  105.2s | sps  1596] ret_mean=0.000 ep_len=500.0 pi_loss=-0.005 v_loss=3.100 ent=0.883 kl=0.0084
[upd  329 | steps  168448 | t  105.4s | sps  1599] ret_mean=173.500 ep_len=500.0 pi_loss=-0.005 v_loss=5.059 ent=0.181 kl=0.0082
[upd  330 | steps  168960 | t  105.6s | sps  1601] ret_mean=60.000 ep_len=500.0 pi_loss=-0.007 v_loss=4.237 ent=0.450 kl=0.0058
[upd  331 | steps  169472 | t  105.7s | sps  1603] ret_mean=174.500 ep_len=500.0 pi_loss=0.000 v_loss=4.559 ent=0.080 kl=0.0014
[upd  332 | steps  169984 | t  105.9s | sps  1605] ret_mean=123.500 ep_len=500.0 pi_loss=-0.001 v_loss=2.243 ent=0.246 kl=0.0009
[upd  333 | steps  170496 | t  106.1s | sps  1607] ret_mean=174.500 ep_len=500.0 pi_loss=-0.002 v_loss=5.470 ent=0.062 kl=-0.0012
[upd  334 | steps  171008 | t  106.2s | sps  1610] ret_mean=190.000 ep_len=500.0 pi_loss=-0.000 v_loss=4.993 ent=0.113 kl=-0.0006
[upd  335 | steps  171520 | t  106.4s | sps  1612] ret_mean=161.000 ep_len=500.0 pi_loss=-0.001 v_loss=4.936 ent=0.113 kl=-0.0003
[upd  336 | steps  172032 | t  106.5s | sps  1615] ret_mean=178.500 ep_len=500.0 pi_loss=-0.002 v_loss=3.859 ent=0.178 kl=-0.0007
[upd  337 | steps  172544 | t  106.7s | sps  1617] ret_mean=80.000 ep_len=500.0 pi_loss=-0.011 v_loss=4.405 ent=0.581 kl=0.0203
[upd  338 | steps  173056 | t  106.9s | sps  1619] ret_mean=171.500 ep_len=500.0 pi_loss=-0.004 v_loss=4.957 ent=0.151 kl=-0.0035
[upd  339 | steps  173568 | t  107.1s | sps  1621] ret_mean=151.000 ep_len=500.0 pi_loss=-0.003 v_loss=4.839 ent=0.130 kl=0.0012
[upd  340 | steps  174080 | t  107.3s | sps  1622] ret_mean=161.000 ep_len=500.0 pi_loss=-0.005 v_loss=3.966 ent=0.380 kl=-0.0005
[upd  341 | steps  174592 | t  107.5s | sps  1624] ret_mean=56.500 ep_len=500.0 pi_loss=-0.006 v_loss=5.126 ent=0.732 kl=0.0029
[upd  342 | steps  175104 | t  107.7s | sps  1626] ret_mean=174.500 ep_len=500.0 pi_loss=-0.004 v_loss=4.164 ent=0.204 kl=0.0034
[upd  343 | steps  175616 | t  107.9s | sps  1628] ret_mean=163.500 ep_len=500.0 pi_loss=-0.005 v_loss=3.033 ent=0.397 kl=0.0303
[upd  344 | steps  176128 | t  108.0s | sps  1630] ret_mean=65.000 ep_len=500.0 pi_loss=-0.004 v_loss=4.563 ent=0.630 kl=0.0052
[upd  345 | steps  176640 | t  108.2s | sps  1633] ret_mean=180.000 ep_len=500.0 pi_loss=-0.001 v_loss=4.205 ent=0.372 kl=0.0021
[upd  346 | steps  177152 | t  108.3s | sps  1635] ret_mean=102.500 ep_len=500.0 pi_loss=-0.009 v_loss=4.264 ent=0.260 kl=0.0084
[upd  347 | steps  177664 | t  108.5s | sps  1637] ret_mean=178.000 ep_len=500.0 pi_loss=-0.005 v_loss=6.238 ent=0.410 kl=-0.0022
[upd  348 | steps  178176 | t  108.7s | sps  1640] ret_mean=45.000 ep_len=500.0 pi_loss=-0.004 v_loss=3.815 ent=0.590 kl=0.0012
[upd  349 | steps  178688 | t  108.8s | sps  1642] ret_mean=159.000 ep_len=500.0 pi_loss=-0.006 v_loss=3.105 ent=0.403 kl=0.0024
[upd  350 | steps  179200 | t  109.0s | sps  1645] ret_mean=112.000 ep_len=500.0 pi_loss=-0.003 v_loss=4.742 ent=0.259 kl=0.0038
        [eval] ret_mean=56.067 ep_len=500.0
[upd  351 | steps  179712 | t  113.2s | sps  1588] ret_mean=139.500 ep_len=500.0 pi_loss=-0.003 v_loss=3.380 ent=0.465 kl=0.0074
[upd  352 | steps  180224 | t  113.4s | sps  1590] ret_mean=57.500 ep_len=500.0 pi_loss=-0.007 v_loss=6.736 ent=0.878 kl=0.0057
[upd  353 | steps  180736 | t  113.6s | sps  1592] ret_mean=118.000 ep_len=500.0 pi_loss=-0.003 v_loss=5.145 ent=0.648 kl=0.0006
[upd  354 | steps  181248 | t  113.7s | sps  1593] ret_mean=162.000 ep_len=500.0 pi_loss=-0.006 v_loss=4.635 ent=0.413 kl=0.0034
[upd  355 | steps  181760 | t  113.9s | sps  1596] ret_mean=126.500 ep_len=500.0 pi_loss=-0.010 v_loss=3.734 ent=0.589 kl=0.0138
[upd  356 | steps  182272 | t  114.1s | sps  1598] ret_mean=116.000 ep_len=500.0 pi_loss=-0.009 v_loss=4.493 ent=0.621 kl=0.0165
[upd  357 | steps  182784 | t  114.2s | sps  1600] ret_mean=93.000 ep_len=500.0 pi_loss=-0.005 v_loss=2.535 ent=0.667 kl=0.0028
[upd  358 | steps  183296 | t  114.4s | sps  1602] ret_mean=98.500 ep_len=500.0 pi_loss=-0.006 v_loss=2.315 ent=0.668 kl=0.0050
[upd  359 | steps  183808 | t  114.6s | sps  1604] ret_mean=163.000 ep_len=500.0 pi_loss=-0.003 v_loss=4.493 ent=0.331 kl=0.0007
[upd  360 | steps  184320 | t  114.8s | sps  1606] ret_mean=147.000 ep_len=500.0 pi_loss=-0.004 v_loss=4.171 ent=0.336 kl=0.0050
[upd  361 | steps  184832 | t  114.9s | sps  1608] ret_mean=33.500 ep_len=500.0 pi_loss=-0.012 v_loss=4.137 ent=1.027 kl=0.0027
[upd  362 | steps  185344 | t  115.1s | sps  1610] ret_mean=42.500 ep_len=500.0 pi_loss=-0.005 v_loss=3.935 ent=0.914 kl=0.0054
[upd  363 | steps  185856 | t  115.3s | sps  1612] ret_mean=55.500 ep_len=500.0 pi_loss=-0.002 v_loss=4.134 ent=0.997 kl=0.0046
[upd  364 | steps  186368 | t  115.4s | sps  1614] ret_mean=65.000 ep_len=500.0 pi_loss=-0.006 v_loss=2.678 ent=0.568 kl=0.0107
[upd  365 | steps  186880 | t  115.6s | sps  1617] ret_mean=179.500 ep_len=500.0 pi_loss=-0.002 v_loss=3.435 ent=0.318 kl=0.0070
[upd  366 | steps  187392 | t  115.7s | sps  1619] ret_mean=82.500 ep_len=500.0 pi_loss=-0.008 v_loss=2.844 ent=0.749 kl=0.0044
[upd  367 | steps  187904 | t  115.9s | sps  1621] ret_mean=61.000 ep_len=500.0 pi_loss=-0.009 v_loss=4.262 ent=0.785 kl=0.0088
[upd  368 | steps  188416 | t  116.1s | sps  1623] ret_mean=85.500 ep_len=500.0 pi_loss=-0.006 v_loss=3.518 ent=0.705 kl=-0.0020
[upd  369 | steps  188928 | t  116.2s | sps  1625] ret_mean=70.000 ep_len=500.0 pi_loss=-0.006 v_loss=4.893 ent=0.762 kl=0.0083
[upd  370 | steps  189440 | t  116.4s | sps  1628] ret_mean=130.500 ep_len=500.0 pi_loss=-0.014 v_loss=2.657 ent=0.547 kl=0.0074
[upd  371 | steps  189952 | t  116.6s | sps  1630] ret_mean=106.500 ep_len=500.0 pi_loss=-0.004 v_loss=3.834 ent=0.212 kl=0.0011
[upd  372 | steps  190464 | t  116.7s | sps  1632] ret_mean=187.000 ep_len=500.0 pi_loss=-0.006 v_loss=6.257 ent=0.148 kl=0.0027
[upd  373 | steps  190976 | t  116.9s | sps  1634] ret_mean=168.000 ep_len=500.0 pi_loss=-0.002 v_loss=4.351 ent=0.143 kl=-0.0015
[upd  374 | steps  191488 | t  117.1s | sps  1636] ret_mean=166.500 ep_len=500.0 pi_loss=-0.005 v_loss=5.015 ent=0.438 kl=0.0017
[upd  375 | steps  192000 | t  117.2s | sps  1638] ret_mean=73.000 ep_len=500.0 pi_loss=-0.003 v_loss=2.178 ent=0.529 kl=0.0069
        [eval] ret_mean=39.667 ep_len=500.0
[upd  376 | steps  192512 | t  121.5s | sps  1585] ret_mean=130.000 ep_len=500.0 pi_loss=-0.007 v_loss=3.630 ent=0.336 kl=0.0036
[upd  377 | steps  193024 | t  121.7s | sps  1587] ret_mean=67.500 ep_len=500.0 pi_loss=-0.011 v_loss=1.523 ent=0.711 kl=0.0082
[upd  378 | steps  193536 | t  121.8s | sps  1589] ret_mean=126.500 ep_len=500.0 pi_loss=-0.002 v_loss=3.390 ent=0.302 kl=0.0032
[upd  379 | steps  194048 | t  122.0s | sps  1591] ret_mean=76.500 ep_len=500.0 pi_loss=-0.004 v_loss=3.717 ent=0.657 kl=0.0049
[upd  380 | steps  194560 | t  122.2s | sps  1592] ret_mean=147.000 ep_len=500.0 pi_loss=-0.006 v_loss=3.140 ent=0.280 kl=0.0040
[upd  381 | steps  195072 | t  122.4s | sps  1594] ret_mean=112.000 ep_len=500.0 pi_loss=-0.006 v_loss=1.819 ent=0.443 kl=0.0095
[upd  382 | steps  195584 | t  122.5s | sps  1596] ret_mean=122.500 ep_len=500.0 pi_loss=-0.008 v_loss=3.972 ent=0.345 kl=0.0031
[upd  383 | steps  196096 | t  122.7s | sps  1599] ret_mean=176.500 ep_len=500.0 pi_loss=-0.004 v_loss=4.399 ent=0.213 kl=0.0123
[upd  384 | steps  196608 | t  122.8s | sps  1601] ret_mean=104.500 ep_len=500.0 pi_loss=-0.004 v_loss=4.197 ent=0.409 kl=0.0053
[upd  385 | steps  197120 | t  123.0s | sps  1603] ret_mean=157.500 ep_len=500.0 pi_loss=-0.009 v_loss=4.645 ent=0.240 kl=0.0214
[upd  386 | steps  197632 | t  123.2s | sps  1605] ret_mean=192.000 ep_len=500.0 pi_loss=-0.001 v_loss=3.716 ent=0.204 kl=-0.0004
[upd  387 | steps  198144 | t  123.3s | sps  1607] ret_mean=108.500 ep_len=500.0 pi_loss=-0.003 v_loss=2.497 ent=0.477 kl=0.0156
[upd  388 | steps  198656 | t  123.5s | sps  1608] ret_mean=121.500 ep_len=500.0 pi_loss=-0.007 v_loss=1.953 ent=0.379 kl=0.0008
[upd  389 | steps  199168 | t  123.7s | sps  1610] ret_mean=126.500 ep_len=500.0 pi_loss=-0.004 v_loss=2.830 ent=0.378 kl=0.0055
[upd  390 | steps  199680 | t  123.8s | sps  1612] ret_mean=99.500 ep_len=500.0 pi_loss=-0.007 v_loss=3.304 ent=0.319 kl=0.0041
[upd  391 | steps  200192 | t  124.0s | sps  1615] ret_mean=141.000 ep_len=500.0 pi_loss=-0.003 v_loss=3.764 ent=0.331 kl=0.0010
[upd  392 | steps  200704 | t  124.1s | sps  1617] ret_mean=140.500 ep_len=500.0 pi_loss=-0.004 v_loss=6.379 ent=0.385 kl=0.0002
[upd  393 | steps  201216 | t  124.3s | sps  1619] ret_mean=141.000 ep_len=500.0 pi_loss=-0.003 v_loss=3.634 ent=0.248 kl=0.0153
[upd  394 | steps  201728 | t  124.5s | sps  1621] ret_mean=138.000 ep_len=500.0 pi_loss=-0.002 v_loss=1.613 ent=0.375 kl=0.0148
[upd  395 | steps  202240 | t  124.6s | sps  1623] ret_mean=57.000 ep_len=500.0 pi_loss=-0.011 v_loss=4.587 ent=0.530 kl=0.0147
[upd  396 | steps  202752 | t  124.8s | sps  1625] ret_mean=157.000 ep_len=500.0 pi_loss=-0.002 v_loss=4.181 ent=0.308 kl=0.0026
[upd  397 | steps  203264 | t  124.9s | sps  1627] ret_mean=142.000 ep_len=500.0 pi_loss=-0.005 v_loss=2.457 ent=0.360 kl=-0.0014
[upd  398 | steps  203776 | t  125.1s | sps  1629] ret_mean=145.000 ep_len=500.0 pi_loss=-0.005 v_loss=4.026 ent=0.486 kl=0.0112
[upd  399 | steps  204288 | t  125.3s | sps  1631] ret_mean=146.000 ep_len=500.0 pi_loss=-0.004 v_loss=4.186 ent=0.257 kl=0.0076
[upd  400 | steps  204800 | t  125.4s | sps  1633] ret_mean=130.500 ep_len=500.0 pi_loss=-0.004 v_loss=3.261 ent=0.397 kl=0.0085
        [eval] ret_mean=37.883 ep_len=500.0
