$ /Users/praneelkhiantani/Downloads/cs2860/.venv/bin/python3 -m policies.train --env rware-tiny-2ag-easy-v2 --seed 3 --updates 200 --rollout 512 --eval-every 50 --eval-episodes 10 --log-dir matrix_results/intent_grounded_v1_pilot/rware-tiny-2ag-easy-v2 --run-name mappo-no-comm__dropout-only__d0__s3 --n-msg-tokens 8 --no-comm --dropout --dropout-agent 0 --dropout-time 100 --shape-rewards --pickup-bonus 0.5

[env] EnvSpec(env_id='rware-tiny-2ag-easy-v2', n_agents=2, obs_dim=71, n_env_actions=5, noop_action=0, family='rware')  (n_msg_tokens=1)
[cfg] {'clip_range': 0.2, 'value_clip_range': 0.2, 'entropy_coef': 0.01, 'value_coef': 0.5, 'max_grad_norm': 0.5, 'gamma': 0.99, 'gae_lambda': 0.95, 'lr_actor': 0.0003, 'lr_critic': 0.001, 'update_epochs': 4, 'minibatches': 4, 'hidden': 128, 'depth': 2, 'device': 'cpu', 'message_grounding_coef': 0.0, 'extra': {}}
[log] writing to matrix_results/intent_grounded_v1_pilot/rware-tiny-2ag-easy-v2/mappo-no-comm__dropout-only__d0__s3
[upd    1 | steps     512 | t    0.9s | sps   578] ret_mean=2.000 ep_len=500.0 pi_loss=-0.004 v_loss=0.059 ent=1.607 msg_acc=0.000 kl=0.0058
[upd    2 | steps    1024 | t    1.6s | sps   632] ret_mean=0.000 ep_len=500.0 pi_loss=-0.006 v_loss=0.010 ent=1.605 msg_acc=0.000 kl=-0.0025
[upd    3 | steps    1536 | t    2.4s | sps   651] ret_mean=0.000 ep_len=500.0 pi_loss=-0.002 v_loss=0.006 ent=1.600 msg_acc=0.000 kl=-0.0005
[upd    4 | steps    2048 | t    3.3s | sps   621] ret_mean=1.000 ep_len=500.0 pi_loss=-0.006 v_loss=0.010 ent=1.592 msg_acc=0.000 kl=0.0013
[upd    5 | steps    2560 | t    4.3s | sps   594] ret_mean=0.500 ep_len=500.0 pi_loss=-0.010 v_loss=0.003 ent=1.568 msg_acc=0.000 kl=0.0064
[upd    6 | steps    3072 | t    5.1s | sps   599] ret_mean=0.000 ep_len=500.0 pi_loss=-0.007 v_loss=0.002 ent=1.561 msg_acc=0.000 kl=0.0007
[upd    7 | steps    3584 | t    5.8s | sps   615] ret_mean=0.000 ep_len=500.0 pi_loss=-0.004 v_loss=0.002 ent=1.559 msg_acc=0.000 kl=0.0018
[upd    8 | steps    4096 | t    6.6s | sps   617] ret_mean=4.000 ep_len=500.0 pi_loss=-0.010 v_loss=0.033 ent=1.555 msg_acc=0.000 kl=0.0061
[upd    9 | steps    4608 | t    7.3s | sps   628] ret_mean=0.000 ep_len=500.0 pi_loss=-0.004 v_loss=0.002 ent=1.541 msg_acc=0.000 kl=0.0046
[upd   10 | steps    5120 | t    8.0s | sps   636] ret_mean=0.000 ep_len=500.0 pi_loss=-0.004 v_loss=0.001 ent=1.557 msg_acc=0.000 kl=0.0011
[upd   11 | steps    5632 | t    8.9s | sps   634] ret_mean=0.000 ep_len=500.0 pi_loss=-0.008 v_loss=0.001 ent=1.564 msg_acc=0.000 kl=0.0013
[upd   12 | steps    6144 | t    9.9s | sps   621] ret_mean=0.500 ep_len=500.0 pi_loss=-0.005 v_loss=0.005 ent=1.533 msg_acc=0.000 kl=0.0047
[upd   13 | steps    6656 | t   10.6s | sps   626] ret_mean=0.500 ep_len=500.0 pi_loss=-0.003 v_loss=0.002 ent=1.585 msg_acc=0.000 kl=0.0016
[upd   14 | steps    7168 | t   11.4s | sps   627] ret_mean=0.000 ep_len=500.0 pi_loss=-0.003 v_loss=0.001 ent=1.545 msg_acc=0.000 kl=0.0020
[upd   15 | steps    7680 | t   12.3s | sps   627] ret_mean=0.000 ep_len=500.0 pi_loss=-0.003 v_loss=0.004 ent=1.585 msg_acc=0.000 kl=0.0018
[upd   16 | steps    8192 | t   13.0s | sps   629] ret_mean=1.000 ep_len=500.0 pi_loss=-0.003 v_loss=0.001 ent=1.590 msg_acc=0.000 kl=0.0011
[upd   17 | steps    8704 | t   14.0s | sps   620] ret_mean=0.000 ep_len=500.0 pi_loss=-0.007 v_loss=0.001 ent=1.580 msg_acc=0.000 kl=0.0028
[upd   18 | steps    9216 | t   14.9s | sps   617] ret_mean=0.000 ep_len=500.0 pi_loss=-0.005 v_loss=0.001 ent=1.590 msg_acc=0.000 kl=0.0019
[upd   19 | steps    9728 | t   15.7s | sps   619] ret_mean=0.000 ep_len=500.0 pi_loss=-0.003 v_loss=0.011 ent=1.582 msg_acc=0.000 kl=-0.0001
[upd   20 | steps   10240 | t   16.5s | sps   622] ret_mean=1.500 ep_len=500.0 pi_loss=-0.001 v_loss=0.006 ent=1.575 msg_acc=0.000 kl=0.0009
[upd   21 | steps   10752 | t   17.3s | sps   622] ret_mean=1.000 ep_len=500.0 pi_loss=-0.005 v_loss=0.002 ent=1.580 msg_acc=0.000 kl=0.0003
[upd   22 | steps   11264 | t   18.5s | sps   610] ret_mean=0.000 ep_len=500.0 pi_loss=-0.005 v_loss=0.001 ent=1.566 msg_acc=0.000 kl=0.0041
[upd   23 | steps   11776 | t   19.5s | sps   605] ret_mean=0.000 ep_len=500.0 pi_loss=-0.006 v_loss=0.002 ent=1.576 msg_acc=0.000 kl=0.0015
[upd   24 | steps   12288 | t   20.7s | sps   595] ret_mean=0.000 ep_len=500.0 pi_loss=-0.007 v_loss=0.001 ent=1.588 msg_acc=0.000 kl=0.0024
[upd   25 | steps   12800 | t   21.7s | sps   589] ret_mean=0.000 ep_len=500.0 pi_loss=-0.005 v_loss=0.003 ent=1.595 msg_acc=0.000 kl=0.0014
[upd   26 | steps   13312 | t   22.5s | sps   590] ret_mean=2.000 ep_len=500.0 pi_loss=-0.002 v_loss=0.005 ent=1.594 msg_acc=0.000 kl=0.0015
[upd   27 | steps   13824 | t   23.3s | sps   592] ret_mean=0.000 ep_len=500.0 pi_loss=-0.005 v_loss=0.017 ent=1.592 msg_acc=0.000 kl=0.0031
[upd   28 | steps   14336 | t   24.1s | sps   594] ret_mean=2.500 ep_len=500.0 pi_loss=-0.007 v_loss=0.015 ent=1.581 msg_acc=0.000 kl=0.0059
[upd   29 | steps   14848 | t   25.0s | sps   594] ret_mean=1.500 ep_len=500.0 pi_loss=-0.004 v_loss=0.090 ent=1.567 msg_acc=0.000 kl=-0.0012
[upd   30 | steps   15360 | t   25.8s | sps   596] ret_mean=8.000 ep_len=500.0 pi_loss=-0.008 v_loss=0.010 ent=1.531 msg_acc=0.000 kl=0.0027
[upd   31 | steps   15872 | t   26.5s | sps   599] ret_mean=1.000 ep_len=500.0 pi_loss=-0.010 v_loss=0.001 ent=1.527 msg_acc=0.000 kl=0.0109
[upd   32 | steps   16384 | t   27.3s | sps   601] ret_mean=0.000 ep_len=500.0 pi_loss=-0.003 v_loss=0.060 ent=1.527 msg_acc=0.000 kl=0.0056
[upd   33 | steps   16896 | t   28.0s | sps   603] ret_mean=4.000 ep_len=500.0 pi_loss=-0.004 v_loss=0.025 ent=1.524 msg_acc=0.000 kl=0.0084
[upd   34 | steps   17408 | t   28.9s | sps   603] ret_mean=2.000 ep_len=500.0 pi_loss=-0.005 v_loss=0.010 ent=1.542 msg_acc=0.000 kl=0.0017
[upd   35 | steps   17920 | t   29.6s | sps   605] ret_mean=2.000 ep_len=500.0 pi_loss=-0.005 v_loss=0.003 ent=1.540 msg_acc=0.000 kl=0.0059
[upd   36 | steps   18432 | t   30.5s | sps   605] ret_mean=0.000 ep_len=500.0 pi_loss=-0.011 v_loss=0.003 ent=1.506 msg_acc=0.000 kl=0.0126
[upd   37 | steps   18944 | t   31.4s | sps   603] ret_mean=0.500 ep_len=500.0 pi_loss=-0.004 v_loss=0.026 ent=1.486 msg_acc=0.000 kl=0.0063
[upd   38 | steps   19456 | t   32.5s | sps   599] ret_mean=2.500 ep_len=500.0 pi_loss=-0.008 v_loss=0.007 ent=1.382 msg_acc=0.000 kl=0.0049
[upd   39 | steps   19968 | t   33.4s | sps   598] ret_mean=1.500 ep_len=500.0 pi_loss=-0.003 v_loss=0.001 ent=1.481 msg_acc=0.000 kl=0.0031
[upd   40 | steps   20480 | t   34.3s | sps   596] ret_mean=0.000 ep_len=500.0 pi_loss=-0.005 v_loss=0.001 ent=1.476 msg_acc=0.000 kl=0.0039
[upd   41 | steps   20992 | t   35.2s | sps   596] ret_mean=0.000 ep_len=500.0 pi_loss=-0.009 v_loss=0.001 ent=1.466 msg_acc=0.000 kl=0.0099
[upd   42 | steps   21504 | t   36.1s | sps   596] ret_mean=0.000 ep_len=500.0 pi_loss=-0.007 v_loss=0.001 ent=1.364 msg_acc=0.000 kl=0.0042
[upd   43 | steps   22016 | t   37.0s | sps   595] ret_mean=6.500 ep_len=500.0 pi_loss=-0.008 v_loss=0.086 ent=1.446 msg_acc=0.000 kl=0.0073
[upd   44 | steps   22528 | t   37.8s | sps   596] ret_mean=2.500 ep_len=500.0 pi_loss=-0.006 v_loss=0.022 ent=1.436 msg_acc=0.000 kl=0.0015
[upd   45 | steps   23040 | t   38.7s | sps   595] ret_mean=0.500 ep_len=500.0 pi_loss=-0.013 v_loss=0.003 ent=1.381 msg_acc=0.000 kl=0.0132
[upd   46 | steps   23552 | t   39.9s | sps   591] ret_mean=2.000 ep_len=500.0 pi_loss=-0.005 v_loss=0.019 ent=1.375 msg_acc=0.000 kl=0.0077
[upd   47 | steps   24064 | t   40.7s | sps   591] ret_mean=5.500 ep_len=500.0 pi_loss=-0.009 v_loss=0.098 ent=1.430 msg_acc=0.000 kl=0.0036
[upd   48 | steps   24576 | t   41.6s | sps   590] ret_mean=0.000 ep_len=500.0 pi_loss=-0.006 v_loss=0.003 ent=1.430 msg_acc=0.000 kl=0.0008
[upd   49 | steps   25088 | t   42.5s | sps   591] ret_mean=2.000 ep_len=500.0 pi_loss=-0.006 v_loss=0.011 ent=1.373 msg_acc=0.000 kl=0.0056
[upd   50 | steps   25600 | t   43.4s | sps   590] ret_mean=9.500 ep_len=500.0 pi_loss=-0.003 v_loss=0.192 ent=1.316 msg_acc=0.000 kl=-0.0036
        [eval] ret_mean=12.500 ep_len=500.0
[upd   51 | steps   26112 | t   50.9s | sps   513] ret_mean=0.000 ep_len=500.0 pi_loss=-0.003 v_loss=0.005 ent=1.413 msg_acc=0.000 kl=0.0027
[upd   52 | steps   26624 | t   52.1s | sps   511] ret_mean=0.000 ep_len=500.0 pi_loss=-0.004 v_loss=0.003 ent=1.414 msg_acc=0.000 kl=0.0021
[upd   53 | steps   27136 | t   53.0s | sps   512] ret_mean=3.500 ep_len=500.0 pi_loss=-0.002 v_loss=0.015 ent=1.479 msg_acc=0.000 kl=0.0004
[upd   54 | steps   27648 | t   54.1s | sps   511] ret_mean=0.000 ep_len=500.0 pi_loss=-0.011 v_loss=0.001 ent=1.362 msg_acc=0.000 kl=0.0156
[upd   55 | steps   28160 | t   55.0s | sps   512] ret_mean=0.000 ep_len=500.0 pi_loss=-0.003 v_loss=0.017 ent=1.429 msg_acc=0.000 kl=0.0044
[upd   56 | steps   28672 | t   56.0s | sps   512] ret_mean=22.000 ep_len=500.0 pi_loss=-0.009 v_loss=0.460 ent=1.350 msg_acc=0.000 kl=0.0093
[upd   57 | steps   29184 | t   57.1s | sps   511] ret_mean=4.000 ep_len=500.0 pi_loss=-0.007 v_loss=0.026 ent=1.285 msg_acc=0.000 kl=-0.0008
[upd   58 | steps   29696 | t   58.0s | sps   512] ret_mean=20.500 ep_len=500.0 pi_loss=-0.008 v_loss=0.602 ent=1.107 msg_acc=0.000 kl=0.0147
[upd   59 | steps   30208 | t   59.1s | sps   511] ret_mean=0.000 ep_len=500.0 pi_loss=-0.006 v_loss=0.003 ent=1.014 msg_acc=0.000 kl=0.0088
[upd   60 | steps   30720 | t   60.0s | sps   512] ret_mean=0.000 ep_len=500.0 pi_loss=-0.008 v_loss=0.001 ent=1.263 msg_acc=0.000 kl=0.0091
[upd   61 | steps   31232 | t   60.9s | sps   513] ret_mean=0.000 ep_len=500.0 pi_loss=-0.009 v_loss=0.324 ent=1.058 msg_acc=0.000 kl=-0.0032
[upd   62 | steps   31744 | t   61.9s | sps   513] ret_mean=27.000 ep_len=500.0 pi_loss=-0.005 v_loss=0.609 ent=1.042 msg_acc=0.000 kl=0.0132
[upd   63 | steps   32256 | t   63.6s | sps   507] ret_mean=0.000 ep_len=500.0 pi_loss=-0.003 v_loss=0.320 ent=1.103 msg_acc=0.000 kl=-0.0011
[upd   64 | steps   32768 | t   64.9s | sps   505] ret_mean=11.500 ep_len=500.0 pi_loss=-0.009 v_loss=0.006 ent=0.830 msg_acc=0.000 kl=0.0063
[upd   65 | steps   33280 | t   66.2s | sps   503] ret_mean=0.000 ep_len=500.0 pi_loss=-0.005 v_loss=0.002 ent=0.956 msg_acc=0.000 kl=0.0114
[upd   66 | steps   33792 | t   67.6s | sps   500] ret_mean=0.000 ep_len=500.0 pi_loss=-0.008 v_loss=0.002 ent=1.387 msg_acc=0.000 kl=0.0023
[upd   67 | steps   34304 | t   68.6s | sps   500] ret_mean=25.000 ep_len=500.0 pi_loss=-0.009 v_loss=1.765 ent=1.037 msg_acc=0.000 kl=-0.0009
[upd   68 | steps   34816 | t   69.8s | sps   499] ret_mean=18.000 ep_len=500.0 pi_loss=-0.006 v_loss=0.003 ent=1.313 msg_acc=0.000 kl=0.0020
[upd   69 | steps   35328 | t   70.9s | sps   498] ret_mean=0.000 ep_len=500.0 pi_loss=-0.005 v_loss=0.003 ent=1.263 msg_acc=0.000 kl=0.0045
[upd   70 | steps   35840 | t   71.7s | sps   500] ret_mean=0.000 ep_len=500.0 pi_loss=-0.004 v_loss=0.014 ent=1.140 msg_acc=0.000 kl=0.0059
[upd   71 | steps   36352 | t   72.5s | sps   502] ret_mean=7.000 ep_len=500.0 pi_loss=-0.006 v_loss=0.310 ent=1.227 msg_acc=0.000 kl=0.0029
[upd   72 | steps   36864 | t   73.2s | sps   504] ret_mean=8.500 ep_len=500.0 pi_loss=-0.007 v_loss=0.002 ent=1.346 msg_acc=0.000 kl=0.0023
[upd   73 | steps   37376 | t   74.3s | sps   503] ret_mean=0.000 ep_len=500.0 pi_loss=-0.007 v_loss=0.136 ent=1.264 msg_acc=0.000 kl=0.0079
[upd   74 | steps   37888 | t   75.3s | sps   503] ret_mean=54.000 ep_len=500.0 pi_loss=-0.009 v_loss=2.184 ent=0.965 msg_acc=0.000 kl=0.0111
[upd   75 | steps   38400 | t   76.2s | sps   504] ret_mean=0.000 ep_len=500.0 pi_loss=-0.005 v_loss=0.005 ent=1.327 msg_acc=0.000 kl=0.0023
[upd   76 | steps   38912 | t   77.1s | sps   505] ret_mean=0.000 ep_len=500.0 pi_loss=-0.002 v_loss=1.606 ent=1.016 msg_acc=0.000 kl=0.0006
[upd   77 | steps   39424 | t   77.9s | sps   506] ret_mean=85.500 ep_len=500.0 pi_loss=-0.012 v_loss=1.905 ent=1.046 msg_acc=0.000 kl=0.0059
[upd   78 | steps   39936 | t   78.6s | sps   508] ret_mean=0.000 ep_len=500.0 pi_loss=-0.004 v_loss=0.009 ent=0.766 msg_acc=0.000 kl=0.0005
[upd   79 | steps   40448 | t   79.4s | sps   510] ret_mean=0.000 ep_len=500.0 pi_loss=-0.008 v_loss=0.012 ent=0.810 msg_acc=0.000 kl=-0.0011
[upd   80 | steps   40960 | t   80.1s | sps   511] ret_mean=0.000 ep_len=500.0 pi_loss=-0.002 v_loss=0.165 ent=0.789 msg_acc=0.000 kl=0.0061
[upd   81 | steps   41472 | t   80.9s | sps   513] ret_mean=7.000 ep_len=500.0 pi_loss=-0.002 v_loss=1.186 ent=0.865 msg_acc=0.000 kl=0.0038
[upd   82 | steps   41984 | t   81.6s | sps   515] ret_mean=21.500 ep_len=500.0 pi_loss=-0.003 v_loss=0.007 ent=0.530 msg_acc=0.000 kl=-0.0024
[upd   83 | steps   42496 | t   82.4s | sps   516] ret_mean=0.000 ep_len=500.0 pi_loss=-0.003 v_loss=0.005 ent=1.018 msg_acc=0.000 kl=0.0003
[upd   84 | steps   43008 | t   83.3s | sps   516] ret_mean=0.000 ep_len=500.0 pi_loss=-0.003 v_loss=0.005 ent=0.578 msg_acc=0.000 kl=0.0044
[upd   85 | steps   43520 | t   84.1s | sps   517] ret_mean=0.000 ep_len=500.0 pi_loss=-0.002 v_loss=0.165 ent=0.549 msg_acc=0.000 kl=-0.0001
[upd   86 | steps   44032 | t   85.0s | sps   518] ret_mean=6.000 ep_len=500.0 pi_loss=-0.003 v_loss=0.005 ent=0.536 msg_acc=0.000 kl=-0.0017
[upd   87 | steps   44544 | t   85.8s | sps   519] ret_mean=0.000 ep_len=500.0 pi_loss=-0.007 v_loss=3.387 ent=0.406 msg_acc=0.000 kl=0.0159
[upd   88 | steps   45056 | t   86.7s | sps   520] ret_mean=64.000 ep_len=500.0 pi_loss=-0.003 v_loss=4.069 ent=0.434 msg_acc=0.000 kl=0.0035
[upd   89 | steps   45568 | t   87.9s | sps   519] ret_mean=81.500 ep_len=500.0 pi_loss=-0.009 v_loss=0.872 ent=0.981 msg_acc=0.000 kl=-0.0030
[upd   90 | steps   46080 | t   88.6s | sps   520] ret_mean=17.500 ep_len=500.0 pi_loss=-0.005 v_loss=0.220 ent=1.061 msg_acc=0.000 kl=0.0009
[upd   91 | steps   46592 | t   89.4s | sps   521] ret_mean=12.000 ep_len=500.0 pi_loss=-0.008 v_loss=0.005 ent=1.302 msg_acc=0.000 kl=0.0077
[upd   92 | steps   47104 | t   90.2s | sps   522] ret_mean=10.250 ep_len=500.0 pi_loss=-0.002 v_loss=0.825 ent=0.933 msg_acc=0.000 kl=0.0013
[upd   93 | steps   47616 | t   90.9s | sps   524] ret_mean=0.000 ep_len=500.0 pi_loss=-0.005 v_loss=0.007 ent=0.981 msg_acc=0.000 kl=0.0031
[upd   94 | steps   48128 | t   92.0s | sps   523] ret_mean=12.000 ep_len=500.0 pi_loss=-0.005 v_loss=0.434 ent=0.784 msg_acc=0.000 kl=0.0048
[upd   95 | steps   48640 | t   92.9s | sps   523] ret_mean=0.000 ep_len=500.0 pi_loss=-0.002 v_loss=0.240 ent=0.906 msg_acc=0.000 kl=0.0025
[upd   96 | steps   49152 | t   93.8s | sps   524] ret_mean=64.000 ep_len=500.0 pi_loss=-0.003 v_loss=2.037 ent=0.666 msg_acc=0.000 kl=0.0033
[upd   97 | steps   49664 | t   94.6s | sps   525] ret_mean=0.000 ep_len=500.0 pi_loss=-0.007 v_loss=0.007 ent=0.747 msg_acc=0.000 kl=0.0066
[upd   98 | steps   50176 | t   95.3s | sps   527] ret_mean=0.000 ep_len=500.0 pi_loss=-0.004 v_loss=0.012 ent=0.841 msg_acc=0.000 kl=0.0050
[upd   99 | steps   50688 | t   96.0s | sps   528] ret_mean=0.000 ep_len=500.0 pi_loss=-0.007 v_loss=0.016 ent=1.297 msg_acc=0.000 kl=0.0083
[upd  100 | steps   51200 | t   96.8s | sps   529] ret_mean=0.000 ep_len=500.0 pi_loss=-0.007 v_loss=0.008 ent=0.991 msg_acc=0.000 kl=0.0006
        [eval] ret_mean=2.450 ep_len=500.0
[upd  101 | steps   51712 | t  104.0s | sps   497] ret_mean=35.500 ep_len=500.0 pi_loss=-0.001 v_loss=1.504 ent=0.871 msg_acc=0.000 kl=0.0045
[upd  102 | steps   52224 | t  104.7s | sps   499] ret_mean=0.000 ep_len=500.0 pi_loss=-0.014 v_loss=0.010 ent=1.380 msg_acc=0.000 kl=0.0081
[upd  103 | steps   52736 | t  105.5s | sps   500] ret_mean=0.000 ep_len=500.0 pi_loss=-0.006 v_loss=0.006 ent=1.069 msg_acc=0.000 kl=0.0030
[upd  104 | steps   53248 | t  106.2s | sps   501] ret_mean=23.500 ep_len=500.0 pi_loss=-0.008 v_loss=0.938 ent=0.936 msg_acc=0.000 kl=0.0115
[upd  105 | steps   53760 | t  107.7s | sps   499] ret_mean=116.500 ep_len=500.0 pi_loss=-0.001 v_loss=5.935 ent=0.344 msg_acc=0.000 kl=0.0020
[upd  106 | steps   54272 | t  108.8s | sps   499] ret_mean=32.000 ep_len=500.0 pi_loss=-0.006 v_loss=1.067 ent=0.845 msg_acc=0.000 kl=0.0010
[upd  107 | steps   54784 | t  110.0s | sps   498] ret_mean=51.000 ep_len=500.0 pi_loss=-0.001 v_loss=2.808 ent=0.563 msg_acc=0.000 kl=0.0010
[upd  108 | steps   55296 | t  111.1s | sps   498] ret_mean=36.500 ep_len=500.0 pi_loss=-0.009 v_loss=0.591 ent=0.658 msg_acc=0.000 kl=0.0084
[upd  109 | steps   55808 | t  112.1s | sps   498] ret_mean=0.000 ep_len=500.0 pi_loss=-0.010 v_loss=0.056 ent=1.157 msg_acc=0.000 kl=0.0054
[upd  110 | steps   56320 | t  113.1s | sps   498] ret_mean=0.000 ep_len=500.0 pi_loss=-0.018 v_loss=0.020 ent=1.044 msg_acc=0.000 kl=0.0389
[upd  111 | steps   56832 | t  114.0s | sps   499] ret_mean=26.500 ep_len=500.0 pi_loss=-0.007 v_loss=1.169 ent=1.018 msg_acc=0.000 kl=0.0405
[upd  112 | steps   57344 | t  115.3s | sps   497] ret_mean=0.000 ep_len=500.0 pi_loss=-0.002 v_loss=0.009 ent=1.235 msg_acc=0.000 kl=0.0007
[upd  113 | steps   57856 | t  116.2s | sps   498] ret_mean=0.000 ep_len=500.0 pi_loss=-0.005 v_loss=1.437 ent=1.015 msg_acc=0.000 kl=0.0047
[upd  114 | steps   58368 | t  117.0s | sps   499] ret_mean=92.000 ep_len=500.0 pi_loss=-0.006 v_loss=2.531 ent=0.674 msg_acc=0.000 kl=0.0089
[upd  115 | steps   58880 | t  118.2s | sps   498] ret_mean=17.000 ep_len=500.0 pi_loss=-0.004 v_loss=0.430 ent=1.129 msg_acc=0.000 kl=0.0093
[upd  116 | steps   59392 | t  119.3s | sps   498] ret_mean=42.000 ep_len=500.0 pi_loss=-0.003 v_loss=2.248 ent=0.776 msg_acc=0.000 kl=-0.0004
[upd  117 | steps   59904 | t  120.2s | sps   498] ret_mean=14.500 ep_len=500.0 pi_loss=-0.013 v_loss=0.213 ent=0.842 msg_acc=0.000 kl=0.0068
[upd  118 | steps   60416 | t  121.2s | sps   499] ret_mean=47.500 ep_len=500.0 pi_loss=-0.005 v_loss=1.670 ent=0.807 msg_acc=0.000 kl=0.0038
[upd  119 | steps   60928 | t  122.1s | sps   499] ret_mean=8.000 ep_len=500.0 pi_loss=-0.002 v_loss=1.344 ent=0.671 msg_acc=0.000 kl=0.0017
[upd  120 | steps   61440 | t  123.3s | sps   498] ret_mean=104.000 ep_len=500.0 pi_loss=-0.006 v_loss=2.127 ent=0.636 msg_acc=0.000 kl=0.0074
[upd  121 | steps   61952 | t  124.1s | sps   499] ret_mean=0.000 ep_len=500.0 pi_loss=-0.003 v_loss=2.108 ent=0.663 msg_acc=0.000 kl=0.0007
[upd  122 | steps   62464 | t  125.3s | sps   498] ret_mean=114.000 ep_len=500.0 pi_loss=-0.002 v_loss=1.991 ent=0.536 msg_acc=0.000 kl=0.0040
[upd  123 | steps   62976 | t  126.3s | sps   499] ret_mean=0.000 ep_len=500.0 pi_loss=-0.012 v_loss=0.116 ent=1.454 msg_acc=0.000 kl=0.0119
[upd  124 | steps   63488 | t  127.2s | sps   499] ret_mean=0.000 ep_len=500.0 pi_loss=-0.004 v_loss=0.045 ent=1.230 msg_acc=0.000 kl=0.0002
[upd  125 | steps   64000 | t  128.3s | sps   499] ret_mean=0.000 ep_len=500.0 pi_loss=-0.006 v_loss=0.109 ent=1.303 msg_acc=0.000 kl=0.0038
[upd  126 | steps   64512 | t  129.4s | sps   498] ret_mean=0.000 ep_len=500.0 pi_loss=-0.004 v_loss=2.379 ent=0.966 msg_acc=0.000 kl=0.0046
[upd  127 | steps   65024 | t  130.3s | sps   499] ret_mean=104.000 ep_len=500.0 pi_loss=-0.005 v_loss=1.960 ent=0.803 msg_acc=0.000 kl=0.0100
[upd  128 | steps   65536 | t  131.3s | sps   499] ret_mean=15.500 ep_len=500.0 pi_loss=-0.009 v_loss=2.800 ent=0.670 msg_acc=0.000 kl=0.0101
[upd  129 | steps   66048 | t  132.2s | sps   500] ret_mean=122.500 ep_len=500.0 pi_loss=-0.002 v_loss=2.012 ent=0.442 msg_acc=0.000 kl=0.0007
[upd  130 | steps   66560 | t  133.1s | sps   500] ret_mean=58.500 ep_len=500.0 pi_loss=-0.003 v_loss=5.197 ent=0.212 msg_acc=0.000 kl=-0.0011
[upd  131 | steps   67072 | t  134.2s | sps   500] ret_mean=86.000 ep_len=500.0 pi_loss=-0.004 v_loss=2.587 ent=0.458 msg_acc=0.000 kl=0.0013
[upd  132 | steps   67584 | t  135.1s | sps   500] ret_mean=123.500 ep_len=500.0 pi_loss=-0.002 v_loss=1.126 ent=0.732 msg_acc=0.000 kl=0.0023
[upd  133 | steps   68096 | t  136.1s | sps   500] ret_mean=24.500 ep_len=500.0 pi_loss=-0.004 v_loss=1.260 ent=0.681 msg_acc=0.000 kl=0.0014
[upd  134 | steps   68608 | t  136.9s | sps   501] ret_mean=13.000 ep_len=500.0 pi_loss=-0.010 v_loss=0.163 ent=1.207 msg_acc=0.000 kl=0.0120
[upd  135 | steps   69120 | t  138.0s | sps   501] ret_mean=0.000 ep_len=500.0 pi_loss=-0.006 v_loss=0.011 ent=1.279 msg_acc=0.000 kl=0.0039
[upd  136 | steps   69632 | t  139.2s | sps   500] ret_mean=0.000 ep_len=500.0 pi_loss=-0.003 v_loss=0.102 ent=0.686 msg_acc=0.000 kl=0.0009
[upd  137 | steps   70144 | t  139.9s | sps   501] ret_mean=3.000 ep_len=500.0 pi_loss=-0.002 v_loss=3.485 ent=0.470 msg_acc=0.000 kl=0.0031
[upd  138 | steps   70656 | t  140.7s | sps   502] ret_mean=92.000 ep_len=500.0 pi_loss=-0.004 v_loss=4.705 ent=0.272 msg_acc=0.000 kl=-0.0001
[upd  139 | steps   71168 | t  141.6s | sps   503] ret_mean=111.000 ep_len=500.0 pi_loss=-0.009 v_loss=0.786 ent=1.095 msg_acc=0.000 kl=0.0016
[upd  140 | steps   71680 | t  142.4s | sps   503] ret_mean=22.000 ep_len=500.0 pi_loss=-0.003 v_loss=3.795 ent=0.574 msg_acc=0.000 kl=-0.0001
[upd  141 | steps   72192 | t  143.4s | sps   503] ret_mean=90.000 ep_len=500.0 pi_loss=-0.004 v_loss=0.132 ent=1.046 msg_acc=0.000 kl=0.0068
[upd  142 | steps   72704 | t  144.3s | sps   504] ret_mean=0.000 ep_len=500.0 pi_loss=-0.011 v_loss=0.060 ent=1.402 msg_acc=0.000 kl=0.0122
[upd  143 | steps   73216 | t  145.1s | sps   505] ret_mean=0.000 ep_len=500.0 pi_loss=-0.008 v_loss=0.459 ent=0.860 msg_acc=0.000 kl=-0.0007
[upd  144 | steps   73728 | t  145.8s | sps   506] ret_mean=119.000 ep_len=500.0 pi_loss=-0.001 v_loss=4.077 ent=0.329 msg_acc=0.000 kl=-0.0015
[upd  145 | steps   74240 | t  146.5s | sps   507] ret_mean=107.000 ep_len=500.0 pi_loss=-0.003 v_loss=3.698 ent=0.363 msg_acc=0.000 kl=0.0014
[upd  146 | steps   74752 | t  147.2s | sps   508] ret_mean=53.000 ep_len=500.0 pi_loss=-0.006 v_loss=1.824 ent=0.565 msg_acc=0.000 kl=0.0056
[upd  147 | steps   75264 | t  148.0s | sps   509] ret_mean=66.500 ep_len=500.0 pi_loss=-0.006 v_loss=2.232 ent=1.009 msg_acc=0.000 kl=0.0042
[upd  148 | steps   75776 | t  148.7s | sps   509] ret_mean=0.000 ep_len=500.0 pi_loss=-0.004 v_loss=0.341 ent=0.823 msg_acc=0.000 kl=0.0049
[upd  149 | steps   76288 | t  149.5s | sps   510] ret_mean=69.000 ep_len=500.0 pi_loss=-0.005 v_loss=1.999 ent=0.565 msg_acc=0.000 kl=0.0040
[upd  150 | steps   76800 | t  150.2s | sps   511] ret_mean=0.000 ep_len=500.0 pi_loss=-0.010 v_loss=0.350 ent=1.227 msg_acc=0.000 kl=-0.0007
        [eval] ret_mean=29.950 ep_len=500.0
[upd  151 | steps   77312 | t  157.6s | sps   491] ret_mean=113.000 ep_len=500.0 pi_loss=-0.006 v_loss=4.893 ent=0.278 msg_acc=0.000 kl=0.0062
[upd  152 | steps   77824 | t  158.7s | sps   490] ret_mean=0.000 ep_len=500.0 pi_loss=-0.007 v_loss=0.318 ent=1.017 msg_acc=0.000 kl=0.0046
[upd  153 | steps   78336 | t  159.5s | sps   491] ret_mean=11.500 ep_len=500.0 pi_loss=-0.003 v_loss=0.282 ent=1.163 msg_acc=0.000 kl=0.0039
[upd  154 | steps   78848 | t  160.1s | sps   492] ret_mean=2.000 ep_len=500.0 pi_loss=-0.007 v_loss=0.136 ent=1.302 msg_acc=0.000 kl=0.0049
[upd  155 | steps   79360 | t  160.8s | sps   493] ret_mean=49.500 ep_len=500.0 pi_loss=-0.005 v_loss=2.726 ent=0.714 msg_acc=0.000 kl=0.0074
[upd  156 | steps   79872 | t  161.5s | sps   495] ret_mean=71.500 ep_len=500.0 pi_loss=-0.002 v_loss=2.091 ent=0.685 msg_acc=0.000 kl=0.0076
[upd  157 | steps   80384 | t  162.1s | sps   496] ret_mean=0.000 ep_len=500.0 pi_loss=-0.004 v_loss=0.514 ent=1.159 msg_acc=0.000 kl=0.0014
[upd  158 | steps   80896 | t  163.0s | sps   496] ret_mean=19.500 ep_len=500.0 pi_loss=-0.004 v_loss=0.116 ent=0.619 msg_acc=0.000 kl=0.0018
[upd  159 | steps   81408 | t  163.7s | sps   497] ret_mean=56.500 ep_len=500.0 pi_loss=-0.006 v_loss=3.121 ent=0.607 msg_acc=0.000 kl=0.0049
[upd  160 | steps   81920 | t  164.6s | sps   498] ret_mean=120.500 ep_len=500.0 pi_loss=-0.016 v_loss=3.788 ent=0.436 msg_acc=0.000 kl=0.0276
[upd  161 | steps   82432 | t  165.3s | sps   499] ret_mean=0.000 ep_len=500.0 pi_loss=-0.008 v_loss=0.817 ent=1.123 msg_acc=0.000 kl=-0.0024
[upd  162 | steps   82944 | t  166.0s | sps   500] ret_mean=112.500 ep_len=500.0 pi_loss=-0.007 v_loss=3.412 ent=0.393 msg_acc=0.000 kl=0.0077
[upd  163 | steps   83456 | t  166.6s | sps   501] ret_mean=54.500 ep_len=500.0 pi_loss=-0.010 v_loss=2.003 ent=0.679 msg_acc=0.000 kl=0.0085
[upd  164 | steps   83968 | t  167.3s | sps   502] ret_mean=114.500 ep_len=500.0 pi_loss=-0.003 v_loss=3.682 ent=0.354 msg_acc=0.000 kl=0.0010
[upd  165 | steps   84480 | t  168.1s | sps   503] ret_mean=116.000 ep_len=500.0 pi_loss=-0.002 v_loss=3.444 ent=0.376 msg_acc=0.000 kl=0.0022
[upd  166 | steps   84992 | t  168.9s | sps   503] ret_mean=121.000 ep_len=500.0 pi_loss=-0.008 v_loss=2.728 ent=0.602 msg_acc=0.000 kl=0.0111
[upd  167 | steps   85504 | t  169.7s | sps   504] ret_mean=0.000 ep_len=500.0 pi_loss=-0.006 v_loss=0.986 ent=1.077 msg_acc=0.000 kl=0.0083
[upd  168 | steps   86016 | t  170.5s | sps   504] ret_mean=101.500 ep_len=500.0 pi_loss=-0.007 v_loss=2.386 ent=0.671 msg_acc=0.000 kl=0.0157
[upd  169 | steps   86528 | t  172.7s | sps   501] ret_mean=0.000 ep_len=500.0 pi_loss=-0.004 v_loss=1.974 ent=0.797 msg_acc=0.000 kl=0.0041
[upd  170 | steps   87040 | t  173.4s | sps   502] ret_mean=119.500 ep_len=500.0 pi_loss=-0.004 v_loss=3.649 ent=0.255 msg_acc=0.000 kl=0.0026
[upd  171 | steps   87552 | t  174.1s | sps   503] ret_mean=40.000 ep_len=500.0 pi_loss=-0.007 v_loss=1.591 ent=0.815 msg_acc=0.000 kl=0.0018
[upd  172 | steps   88064 | t  174.7s | sps   504] ret_mean=103.000 ep_len=500.0 pi_loss=-0.002 v_loss=5.572 ent=0.131 msg_acc=0.000 kl=0.0010
[upd  173 | steps   88576 | t  175.5s | sps   505] ret_mean=129.500 ep_len=500.0 pi_loss=-0.004 v_loss=3.096 ent=0.389 msg_acc=0.000 kl=0.0031
[upd  174 | steps   89088 | t  176.2s | sps   506] ret_mean=74.500 ep_len=500.0 pi_loss=-0.004 v_loss=1.892 ent=0.560 msg_acc=0.000 kl=0.0044
[upd  175 | steps   89600 | t  176.8s | sps   507] ret_mean=7.000 ep_len=500.0 pi_loss=-0.006 v_loss=0.128 ent=1.203 msg_acc=0.000 kl=0.0121
[upd  176 | steps   90112 | t  177.5s | sps   508] ret_mean=1.000 ep_len=500.0 pi_loss=-0.009 v_loss=0.142 ent=1.071 msg_acc=0.000 kl=0.0086
[upd  177 | steps   90624 | t  178.5s | sps   508] ret_mean=0.000 ep_len=500.0 pi_loss=-0.009 v_loss=0.155 ent=1.205 msg_acc=0.000 kl=0.0063
[upd  178 | steps   91136 | t  179.2s | sps   508] ret_mean=5.500 ep_len=500.0 pi_loss=-0.009 v_loss=1.836 ent=0.741 msg_acc=0.000 kl=0.0198
[upd  179 | steps   91648 | t  180.0s | sps   509] ret_mean=87.500 ep_len=500.0 pi_loss=-0.010 v_loss=3.517 ent=0.288 msg_acc=0.000 kl=0.0169
[upd  180 | steps   92160 | t  180.7s | sps   510] ret_mean=100.500 ep_len=500.0 pi_loss=-0.004 v_loss=1.600 ent=0.755 msg_acc=0.000 kl=0.0058
[upd  181 | steps   92672 | t  181.4s | sps   511] ret_mean=11.000 ep_len=500.0 pi_loss=-0.004 v_loss=0.671 ent=1.209 msg_acc=0.000 kl=0.0009
[upd  182 | steps   93184 | t  182.2s | sps   511] ret_mean=21.500 ep_len=500.0 pi_loss=-0.004 v_loss=3.427 ent=0.426 msg_acc=0.000 kl=0.0033
[upd  183 | steps   93696 | t  183.0s | sps   512] ret_mean=120.500 ep_len=500.0 pi_loss=-0.007 v_loss=1.160 ent=0.931 msg_acc=0.000 kl=0.0089
[upd  184 | steps   94208 | t  183.8s | sps   513] ret_mean=0.000 ep_len=500.0 pi_loss=-0.006 v_loss=0.184 ent=1.282 msg_acc=0.000 kl=-0.0003
[upd  185 | steps   94720 | t  184.7s | sps   513] ret_mean=2.000 ep_len=500.0 pi_loss=-0.007 v_loss=1.942 ent=0.863 msg_acc=0.000 kl=0.0115
[upd  186 | steps   95232 | t  185.5s | sps   513] ret_mean=65.500 ep_len=500.0 pi_loss=-0.001 v_loss=4.179 ent=0.189 msg_acc=0.000 kl=-0.0033
[upd  187 | steps   95744 | t  186.3s | sps   514] ret_mean=122.000 ep_len=500.0 pi_loss=-0.006 v_loss=0.566 ent=1.164 msg_acc=0.000 kl=0.0067
[upd  188 | steps   96256 | t  187.0s | sps   515] ret_mean=0.000 ep_len=500.0 pi_loss=-0.002 v_loss=4.489 ent=0.362 msg_acc=0.000 kl=0.0013
[upd  189 | steps   96768 | t  187.7s | sps   516] ret_mean=115.000 ep_len=500.0 pi_loss=-0.004 v_loss=3.870 ent=0.173 msg_acc=0.000 kl=0.0058
[upd  190 | steps   97280 | t  188.4s | sps   516] ret_mean=115.500 ep_len=500.0 pi_loss=-0.006 v_loss=2.322 ent=0.704 msg_acc=0.000 kl=0.0063
[upd  191 | steps   97792 | t  189.0s | sps   517] ret_mean=47.000 ep_len=500.0 pi_loss=-0.004 v_loss=0.922 ent=1.193 msg_acc=0.000 kl=0.0061
[upd  192 | steps   98304 | t  189.6s | sps   518] ret_mean=23.000 ep_len=500.0 pi_loss=-0.007 v_loss=0.723 ent=1.179 msg_acc=0.000 kl=0.0034
[upd  193 | steps   98816 | t  190.3s | sps   519] ret_mean=66.500 ep_len=500.0 pi_loss=-0.003 v_loss=2.929 ent=0.515 msg_acc=0.000 kl=0.0038
[upd  194 | steps   99328 | t  190.9s | sps   520] ret_mean=0.000 ep_len=500.0 pi_loss=-0.010 v_loss=0.126 ent=1.322 msg_acc=0.000 kl=0.0106
[upd  195 | steps   99840 | t  191.6s | sps   521] ret_mean=97.500 ep_len=500.0 pi_loss=-0.008 v_loss=4.305 ent=0.313 msg_acc=0.000 kl=0.0172
[upd  196 | steps  100352 | t  192.3s | sps   522] ret_mean=73.000 ep_len=500.0 pi_loss=-0.001 v_loss=2.784 ent=0.665 msg_acc=0.000 kl=0.0024
[upd  197 | steps  100864 | t  193.0s | sps   523] ret_mean=102.500 ep_len=500.0 pi_loss=-0.005 v_loss=3.933 ent=0.291 msg_acc=0.000 kl=0.0045
[upd  198 | steps  101376 | t  194.3s | sps   522] ret_mean=109.000 ep_len=500.0 pi_loss=-0.002 v_loss=4.756 ent=0.165 msg_acc=0.000 kl=0.0002
[upd  199 | steps  101888 | t  195.6s | sps   521] ret_mean=124.500 ep_len=500.0 pi_loss=-0.001 v_loss=4.409 ent=0.165 msg_acc=0.000 kl=-0.0006
[upd  200 | steps  102400 | t  196.5s | sps   521] ret_mean=22.500 ep_len=500.0 pi_loss=-0.004 v_loss=2.238 ent=1.040 msg_acc=0.000 kl=0.0008
        [eval] ret_mean=14.750 ep_len=500.0
