$ /Users/praneelkhiantani/Downloads/cs2860/.venv/bin/python3 -m policies.train --env rware-tiny-2ag-easy-v2 --seed 2 --updates 200 --rollout 512 --eval-every 50 --eval-episodes 10 --log-dir matrix_results/intent_grounded_v1_pilot/rware-tiny-2ag-easy-v2 --run-name mappo-no-comm__baseline__d0__s2 --n-msg-tokens 8 --no-comm --shape-rewards --pickup-bonus 0.5

[env] EnvSpec(env_id='rware-tiny-2ag-easy-v2', n_agents=2, obs_dim=71, n_env_actions=5, noop_action=0, family='rware')  (n_msg_tokens=1)
[cfg] {'clip_range': 0.2, 'value_clip_range': 0.2, 'entropy_coef': 0.01, 'value_coef': 0.5, 'max_grad_norm': 0.5, 'gamma': 0.99, 'gae_lambda': 0.95, 'lr_actor': 0.0003, 'lr_critic': 0.001, 'update_epochs': 4, 'minibatches': 4, 'hidden': 128, 'depth': 2, 'device': 'cpu', 'message_grounding_coef': 0.0, 'extra': {}}
[log] writing to matrix_results/intent_grounded_v1_pilot/rware-tiny-2ag-easy-v2/mappo-no-comm__baseline__d0__s2
[upd    1 | steps     512 | t    1.0s | sps   514] ret_mean=0.000 ep_len=500.0 pi_loss=-0.000 v_loss=0.063 ent=1.608 msg_acc=0.000 kl=-0.0023
[upd    2 | steps    1024 | t    1.8s | sps   560] ret_mean=0.500 ep_len=500.0 pi_loss=-0.007 v_loss=0.013 ent=1.608 msg_acc=0.000 kl=0.0035
[upd    3 | steps    1536 | t    2.8s | sps   557] ret_mean=1.500 ep_len=500.0 pi_loss=-0.004 v_loss=0.020 ent=1.602 msg_acc=0.000 kl=-0.0014
[upd    4 | steps    2048 | t    3.5s | sps   578] ret_mean=0.000 ep_len=500.0 pi_loss=-0.003 v_loss=0.007 ent=1.601 msg_acc=0.000 kl=0.0013
[upd    5 | steps    2560 | t    4.5s | sps   566] ret_mean=0.500 ep_len=500.0 pi_loss=-0.004 v_loss=0.004 ent=1.602 msg_acc=0.000 kl=0.0023
[upd    6 | steps    3072 | t    5.3s | sps   582] ret_mean=0.500 ep_len=500.0 pi_loss=-0.006 v_loss=0.004 ent=1.598 msg_acc=0.000 kl=0.0056
[upd    7 | steps    3584 | t    6.0s | sps   596] ret_mean=2.000 ep_len=500.0 pi_loss=-0.007 v_loss=0.019 ent=1.599 msg_acc=0.000 kl=0.0046
[upd    8 | steps    4096 | t    6.8s | sps   606] ret_mean=3.000 ep_len=500.0 pi_loss=-0.005 v_loss=0.016 ent=1.600 msg_acc=0.000 kl=0.0012
[upd    9 | steps    4608 | t    7.6s | sps   608] ret_mean=0.500 ep_len=500.0 pi_loss=-0.000 v_loss=0.004 ent=1.585 msg_acc=0.000 kl=-0.0009
[upd   10 | steps    5120 | t    8.3s | sps   615] ret_mean=2.000 ep_len=500.0 pi_loss=-0.009 v_loss=0.020 ent=1.579 msg_acc=0.000 kl=0.0099
[upd   11 | steps    5632 | t    9.1s | sps   620] ret_mean=1.500 ep_len=500.0 pi_loss=-0.007 v_loss=0.002 ent=1.572 msg_acc=0.000 kl=0.0023
[upd   12 | steps    6144 | t    9.9s | sps   624] ret_mean=0.000 ep_len=500.0 pi_loss=-0.008 v_loss=0.002 ent=1.586 msg_acc=0.000 kl=0.0091
[upd   13 | steps    6656 | t   10.6s | sps   627] ret_mean=1.000 ep_len=500.0 pi_loss=-0.003 v_loss=0.007 ent=1.573 msg_acc=0.000 kl=0.0074
[upd   14 | steps    7168 | t   11.3s | sps   632] ret_mean=2.000 ep_len=500.0 pi_loss=-0.006 v_loss=0.014 ent=1.572 msg_acc=0.000 kl=-0.0017
[upd   15 | steps    7680 | t   12.2s | sps   628] ret_mean=1.000 ep_len=500.0 pi_loss=-0.003 v_loss=0.004 ent=1.578 msg_acc=0.000 kl=0.0013
[upd   16 | steps    8192 | t   13.0s | sps   632] ret_mean=0.500 ep_len=500.0 pi_loss=-0.006 v_loss=0.003 ent=1.571 msg_acc=0.000 kl=0.0052
[upd   17 | steps    8704 | t   13.7s | sps   635] ret_mean=0.000 ep_len=500.0 pi_loss=-0.003 v_loss=0.008 ent=1.581 msg_acc=0.000 kl=-0.0001
[upd   18 | steps    9216 | t   14.5s | sps   637] ret_mean=1.500 ep_len=500.0 pi_loss=-0.006 v_loss=0.005 ent=1.579 msg_acc=0.000 kl=0.0050
[upd   19 | steps    9728 | t   15.2s | sps   639] ret_mean=1.500 ep_len=500.0 pi_loss=-0.004 v_loss=0.004 ent=1.562 msg_acc=0.000 kl=0.0074
[upd   20 | steps   10240 | t   16.0s | sps   641] ret_mean=0.000 ep_len=500.0 pi_loss=-0.006 v_loss=0.001 ent=1.537 msg_acc=0.000 kl=0.0025
[upd   21 | steps   10752 | t   16.8s | sps   642] ret_mean=0.500 ep_len=500.0 pi_loss=-0.006 v_loss=0.004 ent=1.522 msg_acc=0.000 kl=0.0049
[upd   22 | steps   11264 | t   17.5s | sps   643] ret_mean=0.500 ep_len=500.0 pi_loss=-0.009 v_loss=0.002 ent=1.526 msg_acc=0.000 kl=-0.0031
[upd   23 | steps   11776 | t   18.3s | sps   644] ret_mean=2.000 ep_len=500.0 pi_loss=-0.004 v_loss=0.013 ent=1.530 msg_acc=0.000 kl=0.0003
[upd   24 | steps   12288 | t   19.1s | sps   642] ret_mean=1.500 ep_len=500.0 pi_loss=-0.007 v_loss=0.006 ent=1.514 msg_acc=0.000 kl=0.0077
[upd   25 | steps   12800 | t   19.9s | sps   643] ret_mean=2.500 ep_len=500.0 pi_loss=-0.004 v_loss=0.006 ent=1.498 msg_acc=0.000 kl=0.0046
[upd   26 | steps   13312 | t   20.7s | sps   643] ret_mean=0.000 ep_len=500.0 pi_loss=-0.005 v_loss=0.004 ent=1.551 msg_acc=0.000 kl=0.0044
[upd   27 | steps   13824 | t   21.5s | sps   644] ret_mean=1.000 ep_len=500.0 pi_loss=-0.008 v_loss=0.002 ent=1.561 msg_acc=0.000 kl=0.0039
[upd   28 | steps   14336 | t   22.2s | sps   646] ret_mean=0.000 ep_len=500.0 pi_loss=-0.007 v_loss=0.001 ent=1.530 msg_acc=0.000 kl=0.0089
[upd   29 | steps   14848 | t   23.0s | sps   647] ret_mean=0.000 ep_len=500.0 pi_loss=-0.006 v_loss=0.002 ent=1.513 msg_acc=0.000 kl=0.0105
[upd   30 | steps   15360 | t   23.7s | sps   647] ret_mean=0.500 ep_len=500.0 pi_loss=-0.007 v_loss=0.002 ent=1.510 msg_acc=0.000 kl=0.0083
[upd   31 | steps   15872 | t   24.8s | sps   640] ret_mean=0.000 ep_len=500.0 pi_loss=-0.002 v_loss=0.011 ent=1.522 msg_acc=0.000 kl=0.0004
[upd   32 | steps   16384 | t   25.7s | sps   639] ret_mean=1.500 ep_len=500.0 pi_loss=-0.005 v_loss=0.005 ent=1.528 msg_acc=0.000 kl=0.0040
[upd   33 | steps   16896 | t   26.4s | sps   639] ret_mean=1.500 ep_len=500.0 pi_loss=-0.007 v_loss=0.008 ent=1.548 msg_acc=0.000 kl=0.0061
[upd   34 | steps   17408 | t   27.2s | sps   641] ret_mean=1.500 ep_len=500.0 pi_loss=-0.007 v_loss=0.008 ent=1.554 msg_acc=0.000 kl=0.0020
[upd   35 | steps   17920 | t   27.9s | sps   642] ret_mean=1.500 ep_len=500.0 pi_loss=-0.008 v_loss=0.002 ent=1.506 msg_acc=0.000 kl=0.0025
[upd   36 | steps   18432 | t   28.7s | sps   642] ret_mean=0.000 ep_len=500.0 pi_loss=-0.010 v_loss=0.021 ent=1.530 msg_acc=0.000 kl=0.0086
[upd   37 | steps   18944 | t   29.5s | sps   643] ret_mean=3.000 ep_len=500.0 pi_loss=-0.007 v_loss=0.012 ent=1.496 msg_acc=0.000 kl=0.0024
[upd   38 | steps   19456 | t   30.2s | sps   644] ret_mean=2.000 ep_len=500.0 pi_loss=-0.010 v_loss=0.001 ent=1.508 msg_acc=0.000 kl=0.0077
[upd   39 | steps   19968 | t   31.0s | sps   645] ret_mean=0.000 ep_len=500.0 pi_loss=-0.007 v_loss=0.041 ent=1.540 msg_acc=0.000 kl=0.0077
[upd   40 | steps   20480 | t   31.7s | sps   646] ret_mean=4.000 ep_len=500.0 pi_loss=-0.008 v_loss=0.005 ent=1.522 msg_acc=0.000 kl=0.0034
[upd   41 | steps   20992 | t   32.4s | sps   648] ret_mean=1.500 ep_len=500.0 pi_loss=-0.005 v_loss=0.005 ent=1.506 msg_acc=0.000 kl=0.0089
[upd   42 | steps   21504 | t   33.2s | sps   647] ret_mean=0.500 ep_len=500.0 pi_loss=-0.007 v_loss=0.001 ent=1.509 msg_acc=0.000 kl=-0.0003
[upd   43 | steps   22016 | t   34.0s | sps   647] ret_mean=0.000 ep_len=500.0 pi_loss=-0.006 v_loss=0.001 ent=1.458 msg_acc=0.000 kl=0.0022
[upd   44 | steps   22528 | t   34.8s | sps   647] ret_mean=0.000 ep_len=500.0 pi_loss=-0.006 v_loss=0.001 ent=1.527 msg_acc=0.000 kl=0.0057
[upd   45 | steps   23040 | t   35.6s | sps   647] ret_mean=0.000 ep_len=500.0 pi_loss=-0.007 v_loss=0.004 ent=1.425 msg_acc=0.000 kl=0.0039
[upd   46 | steps   23552 | t   36.3s | sps   648] ret_mean=1.000 ep_len=500.0 pi_loss=-0.009 v_loss=0.001 ent=1.455 msg_acc=0.000 kl=0.0095
[upd   47 | steps   24064 | t   37.1s | sps   649] ret_mean=4.500 ep_len=500.0 pi_loss=-0.011 v_loss=0.053 ent=1.485 msg_acc=0.000 kl=0.0080
[upd   48 | steps   24576 | t   37.8s | sps   650] ret_mean=14.500 ep_len=500.0 pi_loss=-0.008 v_loss=0.203 ent=1.407 msg_acc=0.000 kl=0.0122
[upd   49 | steps   25088 | t   38.6s | sps   651] ret_mean=2.500 ep_len=500.0 pi_loss=-0.008 v_loss=0.029 ent=1.400 msg_acc=0.000 kl=0.0036
[upd   50 | steps   25600 | t   39.3s | sps   652] ret_mean=5.000 ep_len=500.0 pi_loss=-0.006 v_loss=0.091 ent=1.442 msg_acc=0.000 kl=0.0019
        [eval] ret_mean=0.000 ep_len=500.0
[upd   51 | steps   26112 | t   45.6s | sps   573] ret_mean=2.000 ep_len=500.0 pi_loss=-0.004 v_loss=0.015 ent=1.434 msg_acc=0.000 kl=0.0113
[upd   52 | steps   26624 | t   46.3s | sps   575] ret_mean=0.000 ep_len=500.0 pi_loss=-0.008 v_loss=0.003 ent=1.441 msg_acc=0.000 kl=0.0111
[upd   53 | steps   27136 | t   47.1s | sps   577] ret_mean=0.000 ep_len=500.0 pi_loss=-0.008 v_loss=0.003 ent=1.464 msg_acc=0.000 kl=0.0057
[upd   54 | steps   27648 | t   47.8s | sps   579] ret_mean=0.000 ep_len=500.0 pi_loss=-0.005 v_loss=0.002 ent=1.445 msg_acc=0.000 kl=0.0054
[upd   55 | steps   28160 | t   48.8s | sps   577] ret_mean=1.500 ep_len=500.0 pi_loss=-0.008 v_loss=0.095 ent=1.421 msg_acc=0.000 kl=0.0054
[upd   56 | steps   28672 | t   49.5s | sps   579] ret_mean=15.500 ep_len=500.0 pi_loss=-0.007 v_loss=0.278 ent=1.390 msg_acc=0.000 kl=0.0116
[upd   57 | steps   29184 | t   50.3s | sps   581] ret_mean=10.500 ep_len=500.0 pi_loss=-0.006 v_loss=0.263 ent=1.270 msg_acc=0.000 kl=0.0091
[upd   58 | steps   29696 | t   51.0s | sps   582] ret_mean=5.000 ep_len=500.0 pi_loss=-0.010 v_loss=0.075 ent=1.284 msg_acc=0.000 kl=0.0116
[upd   59 | steps   30208 | t   51.8s | sps   584] ret_mean=19.500 ep_len=500.0 pi_loss=-0.002 v_loss=0.742 ent=0.973 msg_acc=0.000 kl=0.0133
[upd   60 | steps   30720 | t   52.5s | sps   585] ret_mean=3.000 ep_len=500.0 pi_loss=-0.006 v_loss=0.007 ent=1.266 msg_acc=0.000 kl=0.0201
[upd   61 | steps   31232 | t   53.2s | sps   587] ret_mean=0.000 ep_len=500.0 pi_loss=-0.005 v_loss=0.005 ent=1.214 msg_acc=0.000 kl=0.0018
[upd   62 | steps   31744 | t   53.9s | sps   589] ret_mean=1.000 ep_len=500.0 pi_loss=-0.006 v_loss=0.004 ent=1.112 msg_acc=0.000 kl=0.0127
[upd   63 | steps   32256 | t   54.7s | sps   590] ret_mean=3.500 ep_len=500.0 pi_loss=-0.002 v_loss=0.067 ent=1.141 msg_acc=0.000 kl=0.0064
[upd   64 | steps   32768 | t   55.8s | sps   587] ret_mean=0.000 ep_len=500.0 pi_loss=-0.009 v_loss=0.003 ent=1.270 msg_acc=0.000 kl=0.0008
[upd   65 | steps   33280 | t   56.6s | sps   588] ret_mean=0.000 ep_len=500.0 pi_loss=-0.009 v_loss=0.947 ent=1.059 msg_acc=0.000 kl=0.0205
[upd   66 | steps   33792 | t   57.4s | sps   589] ret_mean=23.500 ep_len=500.0 pi_loss=-0.002 v_loss=0.004 ent=1.167 msg_acc=0.000 kl=0.0011
[upd   67 | steps   34304 | t   58.1s | sps   590] ret_mean=0.000 ep_len=500.0 pi_loss=-0.010 v_loss=0.003 ent=1.070 msg_acc=0.000 kl=0.0028
[upd   68 | steps   34816 | t   58.9s | sps   591] ret_mean=0.000 ep_len=500.0 pi_loss=-0.008 v_loss=0.075 ent=1.115 msg_acc=0.000 kl=0.0122
[upd   69 | steps   35328 | t   59.7s | sps   592] ret_mean=6.000 ep_len=500.0 pi_loss=-0.002 v_loss=0.003 ent=1.243 msg_acc=0.000 kl=0.0030
[upd   70 | steps   35840 | t   60.4s | sps   593] ret_mean=0.000 ep_len=500.0 pi_loss=-0.001 v_loss=0.094 ent=0.905 msg_acc=0.000 kl=0.0038
[upd   71 | steps   36352 | t   61.2s | sps   594] ret_mean=4.500 ep_len=500.0 pi_loss=-0.003 v_loss=0.001 ent=0.939 msg_acc=0.000 kl=0.0039
[upd   72 | steps   36864 | t   61.9s | sps   595] ret_mean=23.500 ep_len=500.0 pi_loss=-0.002 v_loss=0.791 ent=0.899 msg_acc=0.000 kl=0.0012
[upd   73 | steps   37376 | t   62.7s | sps   597] ret_mean=20.500 ep_len=500.0 pi_loss=-0.004 v_loss=0.802 ent=1.001 msg_acc=0.000 kl=0.0093
[upd   74 | steps   37888 | t   63.4s | sps   597] ret_mean=3.500 ep_len=500.0 pi_loss=-0.003 v_loss=0.012 ent=1.023 msg_acc=0.000 kl=0.0072
[upd   75 | steps   38400 | t   64.1s | sps   599] ret_mean=3.500 ep_len=500.0 pi_loss=-0.008 v_loss=0.015 ent=0.960 msg_acc=0.000 kl=0.0079
[upd   76 | steps   38912 | t   64.9s | sps   600] ret_mean=30.000 ep_len=500.0 pi_loss=-0.009 v_loss=1.242 ent=0.874 msg_acc=0.000 kl=0.0014
[upd   77 | steps   39424 | t   65.6s | sps   601] ret_mean=0.000 ep_len=500.0 pi_loss=-0.006 v_loss=0.005 ent=0.955 msg_acc=0.000 kl=0.0057
[upd   78 | steps   39936 | t   66.3s | sps   602] ret_mean=0.000 ep_len=500.0 pi_loss=-0.003 v_loss=0.006 ent=1.135 msg_acc=0.000 kl=0.0015
[upd   79 | steps   40448 | t   67.0s | sps   603] ret_mean=0.500 ep_len=500.0 pi_loss=-0.008 v_loss=0.887 ent=1.054 msg_acc=0.000 kl=0.0051
[upd   80 | steps   40960 | t   67.8s | sps   604] ret_mean=30.500 ep_len=500.0 pi_loss=-0.005 v_loss=2.171 ent=0.717 msg_acc=0.000 kl=0.0149
[upd   81 | steps   41472 | t   68.5s | sps   605] ret_mean=46.000 ep_len=500.0 pi_loss=-0.008 v_loss=0.018 ent=0.694 msg_acc=0.000 kl=0.0035
[upd   82 | steps   41984 | t   69.3s | sps   606] ret_mean=0.500 ep_len=500.0 pi_loss=-0.006 v_loss=0.039 ent=1.165 msg_acc=0.000 kl=0.0043
[upd   83 | steps   42496 | t   70.0s | sps   607] ret_mean=2.500 ep_len=500.0 pi_loss=0.000 v_loss=0.012 ent=0.855 msg_acc=0.000 kl=0.0058
[upd   84 | steps   43008 | t   70.7s | sps   608] ret_mean=0.000 ep_len=500.0 pi_loss=-0.005 v_loss=0.008 ent=1.026 msg_acc=0.000 kl=0.0018
[upd   85 | steps   43520 | t   71.4s | sps   609] ret_mean=0.000 ep_len=500.0 pi_loss=-0.006 v_loss=1.563 ent=0.842 msg_acc=0.000 kl=0.0157
[upd   86 | steps   44032 | t   72.2s | sps   610] ret_mean=43.500 ep_len=500.0 pi_loss=-0.010 v_loss=0.014 ent=1.047 msg_acc=0.000 kl=0.0042
[upd   87 | steps   44544 | t   73.1s | sps   609] ret_mean=0.000 ep_len=500.0 pi_loss=-0.001 v_loss=2.798 ent=0.883 msg_acc=0.000 kl=0.0044
[upd   88 | steps   45056 | t   73.8s | sps   611] ret_mean=72.000 ep_len=500.0 pi_loss=-0.003 v_loss=1.651 ent=1.040 msg_acc=0.000 kl=0.0071
[upd   89 | steps   45568 | t   74.6s | sps   611] ret_mean=2.500 ep_len=500.0 pi_loss=-0.007 v_loss=2.930 ent=0.776 msg_acc=0.000 kl=0.0082
[upd   90 | steps   46080 | t   75.3s | sps   612] ret_mean=61.000 ep_len=500.0 pi_loss=-0.009 v_loss=0.558 ent=0.715 msg_acc=0.000 kl=0.0065
[upd   91 | steps   46592 | t   76.0s | sps   613] ret_mean=18.000 ep_len=500.0 pi_loss=-0.003 v_loss=0.380 ent=0.737 msg_acc=0.000 kl=0.0056
[upd   92 | steps   47104 | t   76.8s | sps   614] ret_mean=5.500 ep_len=500.0 pi_loss=-0.002 v_loss=0.014 ent=0.520 msg_acc=0.000 kl=0.0052
[upd   93 | steps   47616 | t   77.5s | sps   614] ret_mean=0.000 ep_len=500.0 pi_loss=-0.005 v_loss=0.010 ent=0.631 msg_acc=0.000 kl=0.0055
[upd   94 | steps   48128 | t   78.2s | sps   615] ret_mean=110.000 ep_len=500.0 pi_loss=-0.015 v_loss=5.845 ent=0.405 msg_acc=0.000 kl=0.0221
[upd   95 | steps   48640 | t   79.1s | sps   615] ret_mean=18.500 ep_len=500.0 pi_loss=-0.007 v_loss=0.619 ent=0.770 msg_acc=0.000 kl=0.0009
[upd   96 | steps   49152 | t   79.8s | sps   616] ret_mean=114.000 ep_len=500.0 pi_loss=-0.006 v_loss=6.630 ent=0.619 msg_acc=0.000 kl=0.0056
[upd   97 | steps   49664 | t   80.6s | sps   616] ret_mean=26.500 ep_len=500.0 pi_loss=-0.005 v_loss=1.027 ent=0.880 msg_acc=0.000 kl=0.0134
[upd   98 | steps   50176 | t   81.3s | sps   617] ret_mean=102.000 ep_len=500.0 pi_loss=-0.000 v_loss=5.017 ent=0.556 msg_acc=0.000 kl=-0.0006
[upd   99 | steps   50688 | t   82.1s | sps   617] ret_mean=34.500 ep_len=500.0 pi_loss=-0.005 v_loss=1.375 ent=0.856 msg_acc=0.000 kl=0.0089
[upd  100 | steps   51200 | t   82.8s | sps   618] ret_mean=0.000 ep_len=500.0 pi_loss=-0.006 v_loss=1.068 ent=0.720 msg_acc=0.000 kl=0.0093
        [eval] ret_mean=12.500 ep_len=500.0
[upd  101 | steps   51712 | t   89.6s | sps   577] ret_mean=0.000 ep_len=500.0 pi_loss=-0.006 v_loss=0.016 ent=1.077 msg_acc=0.000 kl=0.0084
[upd  102 | steps   52224 | t   90.4s | sps   578] ret_mean=0.000 ep_len=500.0 pi_loss=-0.003 v_loss=0.094 ent=0.572 msg_acc=0.000 kl=0.0097
[upd  103 | steps   52736 | t   91.1s | sps   579] ret_mean=28.000 ep_len=500.0 pi_loss=-0.006 v_loss=0.801 ent=0.541 msg_acc=0.000 kl=0.0068
[upd  104 | steps   53248 | t   91.8s | sps   580] ret_mean=87.500 ep_len=500.0 pi_loss=-0.005 v_loss=4.293 ent=0.337 msg_acc=0.000 kl=0.0049
[upd  105 | steps   53760 | t   92.6s | sps   580] ret_mean=75.500 ep_len=500.0 pi_loss=-0.007 v_loss=3.941 ent=0.525 msg_acc=0.000 kl=0.0112
[upd  106 | steps   54272 | t   93.5s | sps   580] ret_mean=0.000 ep_len=500.0 pi_loss=-0.007 v_loss=0.014 ent=0.872 msg_acc=0.000 kl=0.0044
[upd  107 | steps   54784 | t   94.3s | sps   581] ret_mean=0.000 ep_len=500.0 pi_loss=-0.005 v_loss=0.014 ent=0.703 msg_acc=0.000 kl=0.0021
[upd  108 | steps   55296 | t   95.0s | sps   582] ret_mean=45.500 ep_len=500.0 pi_loss=-0.010 v_loss=2.212 ent=0.651 msg_acc=0.000 kl=0.0106
[upd  109 | steps   55808 | t   95.8s | sps   583] ret_mean=44.500 ep_len=500.0 pi_loss=-0.004 v_loss=2.005 ent=0.795 msg_acc=0.000 kl=0.0031
[upd  110 | steps   56320 | t   96.7s | sps   582] ret_mean=0.000 ep_len=500.0 pi_loss=-0.003 v_loss=1.013 ent=0.876 msg_acc=0.000 kl=0.0032
[upd  111 | steps   56832 | t   98.0s | sps   580] ret_mean=111.000 ep_len=500.0 pi_loss=-0.006 v_loss=3.790 ent=0.631 msg_acc=0.000 kl=0.0095
[upd  112 | steps   57344 | t   99.1s | sps   579] ret_mean=11.000 ep_len=500.0 pi_loss=-0.013 v_loss=0.228 ent=0.833 msg_acc=0.000 kl=0.0103
[upd  113 | steps   57856 | t   99.9s | sps   579] ret_mean=9.500 ep_len=500.0 pi_loss=-0.003 v_loss=0.031 ent=0.831 msg_acc=0.000 kl=0.0114
[upd  114 | steps   58368 | t  100.6s | sps   580] ret_mean=0.000 ep_len=500.0 pi_loss=-0.002 v_loss=1.710 ent=0.508 msg_acc=0.000 kl=0.0019
[upd  115 | steps   58880 | t  101.3s | sps   581] ret_mean=96.500 ep_len=500.0 pi_loss=-0.008 v_loss=2.307 ent=0.670 msg_acc=0.000 kl=0.0092
[upd  116 | steps   59392 | t  101.9s | sps   583] ret_mean=0.000 ep_len=500.0 pi_loss=-0.005 v_loss=0.019 ent=0.960 msg_acc=0.000 kl=0.0143
[upd  117 | steps   59904 | t  102.9s | sps   582] ret_mean=0.000 ep_len=500.0 pi_loss=-0.005 v_loss=0.012 ent=0.824 msg_acc=0.000 kl=0.0071
[upd  118 | steps   60416 | t  103.6s | sps   583] ret_mean=64.000 ep_len=500.0 pi_loss=-0.009 v_loss=3.838 ent=0.611 msg_acc=0.000 kl=0.0114
[upd  119 | steps   60928 | t  104.3s | sps   584] ret_mean=40.000 ep_len=500.0 pi_loss=-0.006 v_loss=0.738 ent=0.877 msg_acc=0.000 kl=0.0093
[upd  120 | steps   61440 | t  105.1s | sps   584] ret_mean=7.500 ep_len=500.0 pi_loss=-0.005 v_loss=0.021 ent=0.986 msg_acc=0.000 kl=0.0048
[upd  121 | steps   61952 | t  106.0s | sps   584] ret_mean=0.000 ep_len=500.0 pi_loss=-0.004 v_loss=1.866 ent=0.917 msg_acc=0.000 kl=0.0093
[upd  122 | steps   62464 | t  106.9s | sps   585] ret_mean=50.000 ep_len=500.0 pi_loss=-0.009 v_loss=0.085 ent=1.012 msg_acc=0.000 kl=0.0031
[upd  123 | steps   62976 | t  107.5s | sps   586] ret_mean=30.500 ep_len=500.0 pi_loss=-0.005 v_loss=4.410 ent=0.597 msg_acc=0.000 kl=0.0129
[upd  124 | steps   63488 | t  108.2s | sps   587] ret_mean=147.500 ep_len=500.0 pi_loss=-0.005 v_loss=7.028 ent=0.643 msg_acc=0.000 kl=0.0114
[upd  125 | steps   64000 | t  108.9s | sps   588] ret_mean=0.000 ep_len=500.0 pi_loss=-0.005 v_loss=0.022 ent=0.878 msg_acc=0.000 kl=0.0071
[upd  126 | steps   64512 | t  109.6s | sps   589] ret_mean=0.000 ep_len=500.0 pi_loss=-0.009 v_loss=2.313 ent=0.957 msg_acc=0.000 kl=0.0030
[upd  127 | steps   65024 | t  110.2s | sps   590] ret_mean=56.000 ep_len=500.0 pi_loss=-0.005 v_loss=0.359 ent=0.918 msg_acc=0.000 kl=0.0060
[upd  128 | steps   65536 | t  110.9s | sps   591] ret_mean=0.000 ep_len=500.0 pi_loss=-0.005 v_loss=1.984 ent=0.824 msg_acc=0.000 kl=0.0163
[upd  129 | steps   66048 | t  111.7s | sps   591] ret_mean=43.000 ep_len=500.0 pi_loss=-0.005 v_loss=1.873 ent=0.837 msg_acc=0.000 kl=0.0090
[upd  130 | steps   66560 | t  112.6s | sps   591] ret_mean=81.500 ep_len=500.0 pi_loss=-0.012 v_loss=3.701 ent=0.789 msg_acc=0.000 kl=0.0083
[upd  131 | steps   67072 | t  113.4s | sps   592] ret_mean=85.500 ep_len=500.0 pi_loss=-0.008 v_loss=0.369 ent=1.172 msg_acc=0.000 kl=0.0107
[upd  132 | steps   67584 | t  114.1s | sps   593] ret_mean=0.000 ep_len=500.0 pi_loss=-0.007 v_loss=0.142 ent=1.083 msg_acc=0.000 kl=0.0117
[upd  133 | steps   68096 | t  114.9s | sps   593] ret_mean=17.000 ep_len=500.0 pi_loss=-0.010 v_loss=1.304 ent=1.086 msg_acc=0.000 kl=0.0079
[upd  134 | steps   68608 | t  115.8s | sps   593] ret_mean=24.500 ep_len=500.0 pi_loss=-0.010 v_loss=0.039 ent=1.216 msg_acc=0.000 kl=0.0143
[upd  135 | steps   69120 | t  116.4s | sps   594] ret_mean=0.000 ep_len=500.0 pi_loss=-0.006 v_loss=7.644 ent=0.760 msg_acc=0.000 kl=0.0047
[upd  136 | steps   69632 | t  117.1s | sps   595] ret_mean=97.500 ep_len=500.0 pi_loss=-0.008 v_loss=18.561 ent=0.309 msg_acc=0.000 kl=0.0076
[upd  137 | steps   70144 | t  117.8s | sps   595] ret_mean=227.000 ep_len=500.0 pi_loss=-0.003 v_loss=1.804 ent=1.050 msg_acc=0.000 kl=0.0066
[upd  138 | steps   70656 | t  118.5s | sps   596] ret_mean=0.000 ep_len=500.0 pi_loss=-0.009 v_loss=5.078 ent=0.717 msg_acc=0.000 kl=0.0083
[upd  139 | steps   71168 | t  119.1s | sps   597] ret_mean=122.000 ep_len=500.0 pi_loss=-0.006 v_loss=3.504 ent=0.842 msg_acc=0.000 kl=0.0037
[upd  140 | steps   71680 | t  119.8s | sps   598] ret_mean=85.500 ep_len=500.0 pi_loss=-0.011 v_loss=0.152 ent=1.010 msg_acc=0.000 kl=0.0090
[upd  141 | steps   72192 | t  120.6s | sps   599] ret_mean=0.000 ep_len=500.0 pi_loss=-0.010 v_loss=0.023 ent=0.987 msg_acc=0.000 kl=-0.0021
[upd  142 | steps   72704 | t  121.4s | sps   599] ret_mean=11.750 ep_len=500.0 pi_loss=-0.004 v_loss=1.047 ent=0.835 msg_acc=0.000 kl=0.0059
[upd  143 | steps   73216 | t  122.1s | sps   600] ret_mean=65.500 ep_len=500.0 pi_loss=-0.014 v_loss=2.727 ent=0.733 msg_acc=0.000 kl=0.0225
[upd  144 | steps   73728 | t  122.9s | sps   600] ret_mean=4.500 ep_len=500.0 pi_loss=-0.004 v_loss=0.156 ent=0.886 msg_acc=0.000 kl=0.0139
[upd  145 | steps   74240 | t  123.6s | sps   601] ret_mean=49.000 ep_len=500.0 pi_loss=-0.006 v_loss=2.135 ent=0.842 msg_acc=0.000 kl=0.0115
[upd  146 | steps   74752 | t  124.4s | sps   601] ret_mean=74.500 ep_len=500.0 pi_loss=-0.012 v_loss=3.500 ent=0.811 msg_acc=0.000 kl=0.0067
[upd  147 | steps   75264 | t  125.2s | sps   601] ret_mean=0.000 ep_len=500.0 pi_loss=-0.011 v_loss=0.012 ent=0.970 msg_acc=0.000 kl=0.0062
[upd  148 | steps   75776 | t  126.0s | sps   602] ret_mean=36.000 ep_len=500.0 pi_loss=-0.009 v_loss=1.866 ent=0.813 msg_acc=0.000 kl=0.0144
[upd  149 | steps   76288 | t  126.9s | sps   601] ret_mean=28.500 ep_len=500.0 pi_loss=-0.011 v_loss=0.525 ent=0.935 msg_acc=0.000 kl=0.0123
[upd  150 | steps   76800 | t  127.8s | sps   601] ret_mean=27.500 ep_len=500.0 pi_loss=-0.003 v_loss=2.042 ent=0.635 msg_acc=0.000 kl=0.0072
        [eval] ret_mean=37.450 ep_len=500.0
[upd  151 | steps   77312 | t  134.9s | sps   573] ret_mean=46.000 ep_len=500.0 pi_loss=-0.008 v_loss=1.698 ent=0.841 msg_acc=0.000 kl=0.0126
[upd  152 | steps   77824 | t  135.7s | sps   574] ret_mean=5.500 ep_len=500.0 pi_loss=-0.006 v_loss=0.272 ent=0.924 msg_acc=0.000 kl=0.0054
[upd  153 | steps   78336 | t  136.6s | sps   574] ret_mean=159.500 ep_len=500.0 pi_loss=-0.003 v_loss=12.212 ent=0.366 msg_acc=0.000 kl=0.0056
[upd  154 | steps   78848 | t  137.5s | sps   573] ret_mean=117.000 ep_len=500.0 pi_loss=-0.009 v_loss=4.839 ent=0.395 msg_acc=0.000 kl=0.0256
[upd  155 | steps   79360 | t  138.3s | sps   574] ret_mean=125.000 ep_len=500.0 pi_loss=-0.005 v_loss=4.094 ent=0.427 msg_acc=0.000 kl=0.0040
[upd  156 | steps   79872 | t  139.1s | sps   574] ret_mean=129.000 ep_len=500.0 pi_loss=-0.005 v_loss=9.845 ent=0.313 msg_acc=0.000 kl=0.0264
[upd  157 | steps   80384 | t  139.9s | sps   575] ret_mean=118.000 ep_len=500.0 pi_loss=-0.007 v_loss=3.321 ent=0.645 msg_acc=0.000 kl=0.0201
[upd  158 | steps   80896 | t  140.7s | sps   575] ret_mean=82.000 ep_len=500.0 pi_loss=-0.006 v_loss=2.614 ent=0.608 msg_acc=0.000 kl=0.0055
[upd  159 | steps   81408 | t  141.5s | sps   575] ret_mean=3.000 ep_len=500.0 pi_loss=-0.005 v_loss=0.504 ent=0.821 msg_acc=0.000 kl=0.0073
[upd  160 | steps   81920 | t  142.2s | sps   576] ret_mean=98.000 ep_len=500.0 pi_loss=-0.003 v_loss=3.514 ent=0.468 msg_acc=0.000 kl=0.0061
[upd  161 | steps   82432 | t  143.0s | sps   577] ret_mean=145.000 ep_len=500.0 pi_loss=-0.011 v_loss=10.234 ent=0.402 msg_acc=0.000 kl=0.0160
[upd  162 | steps   82944 | t  143.8s | sps   577] ret_mean=0.000 ep_len=500.0 pi_loss=-0.004 v_loss=0.246 ent=0.783 msg_acc=0.000 kl=0.0121
[upd  163 | steps   83456 | t  144.6s | sps   577] ret_mean=7.000 ep_len=500.0 pi_loss=-0.005 v_loss=0.326 ent=0.703 msg_acc=0.000 kl=0.0009
[upd  164 | steps   83968 | t  145.3s | sps   578] ret_mean=0.000 ep_len=500.0 pi_loss=-0.000 v_loss=1.185 ent=0.604 msg_acc=0.000 kl=0.0014
[upd  165 | steps   84480 | t  146.1s | sps   578] ret_mean=109.000 ep_len=500.0 pi_loss=-0.001 v_loss=2.700 ent=0.511 msg_acc=0.000 kl=0.0031
[upd  166 | steps   84992 | t  147.0s | sps   578] ret_mean=39.000 ep_len=500.0 pi_loss=-0.005 v_loss=2.434 ent=0.690 msg_acc=0.000 kl=0.0073
[upd  167 | steps   85504 | t  147.8s | sps   579] ret_mean=98.000 ep_len=500.0 pi_loss=-0.004 v_loss=4.225 ent=0.482 msg_acc=0.000 kl=-0.0089
[upd  168 | steps   86016 | t  148.5s | sps   579] ret_mean=118.500 ep_len=500.0 pi_loss=-0.008 v_loss=8.395 ent=0.325 msg_acc=0.000 kl=0.0159
[upd  169 | steps   86528 | t  149.2s | sps   580] ret_mean=229.000 ep_len=500.0 pi_loss=-0.004 v_loss=10.164 ent=0.290 msg_acc=0.000 kl=0.0064
[upd  170 | steps   87040 | t  149.9s | sps   581] ret_mean=100.000 ep_len=500.0 pi_loss=-0.006 v_loss=3.531 ent=0.495 msg_acc=0.000 kl=0.0103
[upd  171 | steps   87552 | t  150.6s | sps   581] ret_mean=169.500 ep_len=500.0 pi_loss=-0.006 v_loss=10.190 ent=0.342 msg_acc=0.000 kl=0.0090
[upd  172 | steps   88064 | t  151.3s | sps   582] ret_mean=94.500 ep_len=500.0 pi_loss=-0.006 v_loss=3.006 ent=0.614 msg_acc=0.000 kl=0.0068
[upd  173 | steps   88576 | t  152.1s | sps   582] ret_mean=36.500 ep_len=500.0 pi_loss=-0.006 v_loss=1.958 ent=0.549 msg_acc=0.000 kl=0.0062
[upd  174 | steps   89088 | t  152.9s | sps   583] ret_mean=109.500 ep_len=500.0 pi_loss=-0.004 v_loss=1.795 ent=0.599 msg_acc=0.000 kl=0.0157
[upd  175 | steps   89600 | t  153.7s | sps   583] ret_mean=40.000 ep_len=500.0 pi_loss=-0.008 v_loss=1.702 ent=0.735 msg_acc=0.000 kl=0.0084
[upd  176 | steps   90112 | t  154.4s | sps   583] ret_mean=0.000 ep_len=500.0 pi_loss=-0.006 v_loss=1.381 ent=0.875 msg_acc=0.000 kl=0.0026
[upd  177 | steps   90624 | t  155.2s | sps   584] ret_mean=73.000 ep_len=500.0 pi_loss=-0.009 v_loss=3.502 ent=0.498 msg_acc=0.000 kl=0.0073
[upd  178 | steps   91136 | t  156.0s | sps   584] ret_mean=120.500 ep_len=500.0 pi_loss=0.001 v_loss=1.423 ent=0.730 msg_acc=0.000 kl=0.0061
[upd  179 | steps   91648 | t  156.7s | sps   585] ret_mean=9.000 ep_len=500.0 pi_loss=-0.006 v_loss=1.364 ent=0.730 msg_acc=0.000 kl=0.0096
[upd  180 | steps   92160 | t  157.5s | sps   585] ret_mean=28.000 ep_len=500.0 pi_loss=-0.005 v_loss=8.285 ent=0.398 msg_acc=0.000 kl=0.0098
[upd  181 | steps   92672 | t  158.3s | sps   585] ret_mean=197.500 ep_len=500.0 pi_loss=-0.004 v_loss=5.074 ent=0.701 msg_acc=0.000 kl=0.0159
[upd  182 | steps   93184 | t  159.1s | sps   586] ret_mean=47.000 ep_len=500.0 pi_loss=-0.006 v_loss=1.247 ent=0.843 msg_acc=0.000 kl=0.0159
[upd  183 | steps   93696 | t  159.8s | sps   586] ret_mean=0.000 ep_len=500.0 pi_loss=-0.005 v_loss=12.726 ent=0.289 msg_acc=0.000 kl=0.0102
[upd  184 | steps   94208 | t  160.5s | sps   587] ret_mean=243.500 ep_len=500.0 pi_loss=-0.005 v_loss=12.324 ent=0.225 msg_acc=0.000 kl=0.0083
[upd  185 | steps   94720 | t  161.3s | sps   587] ret_mean=201.000 ep_len=500.0 pi_loss=-0.005 v_loss=5.699 ent=0.494 msg_acc=0.000 kl=0.0039
[upd  186 | steps   95232 | t  162.4s | sps   586] ret_mean=96.500 ep_len=500.0 pi_loss=-0.004 v_loss=2.914 ent=0.657 msg_acc=0.000 kl=0.0036
[upd  187 | steps   95744 | t  163.2s | sps   587] ret_mean=113.000 ep_len=500.0 pi_loss=-0.005 v_loss=12.559 ent=0.224 msg_acc=0.000 kl=-0.0021
[upd  188 | steps   96256 | t  163.9s | sps   587] ret_mean=228.500 ep_len=500.0 pi_loss=-0.001 v_loss=5.211 ent=0.541 msg_acc=0.000 kl=0.0021
[upd  189 | steps   96768 | t  164.6s | sps   588] ret_mean=113.000 ep_len=500.0 pi_loss=-0.009 v_loss=7.343 ent=0.425 msg_acc=0.000 kl=0.0198
[upd  190 | steps   97280 | t  165.3s | sps   588] ret_mean=163.000 ep_len=500.0 pi_loss=-0.003 v_loss=11.769 ent=0.252 msg_acc=0.000 kl=0.0002
[upd  191 | steps   97792 | t  166.1s | sps   589] ret_mean=209.500 ep_len=500.0 pi_loss=-0.003 v_loss=4.420 ent=0.624 msg_acc=0.000 kl=0.0077
[upd  192 | steps   98304 | t  166.9s | sps   589] ret_mean=110.500 ep_len=500.0 pi_loss=-0.010 v_loss=4.958 ent=0.524 msg_acc=0.000 kl=0.0056
[upd  193 | steps   98816 | t  167.7s | sps   589] ret_mean=0.000 ep_len=500.0 pi_loss=-0.009 v_loss=0.873 ent=1.051 msg_acc=0.000 kl=0.0036
[upd  194 | steps   99328 | t  168.5s | sps   590] ret_mean=0.000 ep_len=500.0 pi_loss=-0.008 v_loss=0.877 ent=0.867 msg_acc=0.000 kl=0.0060
[upd  195 | steps   99840 | t  169.5s | sps   589] ret_mean=228.000 ep_len=500.0 pi_loss=-0.002 v_loss=13.626 ent=0.176 msg_acc=0.000 kl=0.0013
[upd  196 | steps  100352 | t  170.3s | sps   589] ret_mean=234.500 ep_len=500.0 pi_loss=-0.001 v_loss=11.321 ent=0.181 msg_acc=0.000 kl=0.0016
[upd  197 | steps  100864 | t  171.1s | sps   590] ret_mean=29.000 ep_len=500.0 pi_loss=-0.008 v_loss=2.746 ent=0.821 msg_acc=0.000 kl=0.0040
[upd  198 | steps  101376 | t  171.9s | sps   590] ret_mean=218.000 ep_len=500.0 pi_loss=-0.000 v_loss=11.114 ent=0.300 msg_acc=0.000 kl=0.0028
[upd  199 | steps  101888 | t  172.6s | sps   590] ret_mean=86.000 ep_len=500.0 pi_loss=-0.004 v_loss=4.701 ent=0.593 msg_acc=0.000 kl=0.0005
[upd  200 | steps  102400 | t  173.6s | sps   590] ret_mean=116.500 ep_len=500.0 pi_loss=-0.013 v_loss=4.255 ent=0.557 msg_acc=0.000 kl=0.0180
        [eval] ret_mean=12.350 ep_len=500.0
