$ /Users/samchen/Coding/CLASSES/CS2860/.venv/bin/python3 -m policies.train --env rware-tiny-2ag-easy-v2 --seed 3 --updates 400 --rollout 512 --eval-every 25 --eval-episodes 30 --log-dir matrix_results/diagnostics_v1_sam/comm_2ag/main_tiny --run-name mappo-no-comm__dropout-only__d0__s3 --n-msg-tokens 8 --no-comm --dropout --dropout-window-start 200 --dropout-window-end 350 --shape-rewards --pickup-bonus 0.5

[env] EnvSpec(env_id='rware-tiny-2ag-easy-v2', n_agents=2, obs_dim=71, n_env_actions=5, noop_action=0, family='rware')  (n_msg_tokens=1)
[cfg] {'clip_range': 0.2, 'value_clip_range': 0.2, 'entropy_coef': 0.01, 'value_coef': 0.5, 'max_grad_norm': 0.5, 'gamma': 0.99, 'gae_lambda': 0.95, 'lr_actor': 0.0003, 'lr_critic': 0.001, 'update_epochs': 4, 'minibatches': 4, 'hidden': 128, 'depth': 2, 'device': 'cpu', 'extra': {}}
[log] writing to matrix_results/diagnostics_v1_sam/comm_2ag/main_tiny/mappo-no-comm__dropout-only__d0__s3
[upd    1 | steps     512 | t    0.2s | sps  2965] ret_mean=2.000 ep_len=500.0 pi_loss=-0.004 v_loss=0.067 ent=1.608 kl=0.0076
[upd    2 | steps    1024 | t    0.4s | sps  2903] ret_mean=0.000 ep_len=500.0 pi_loss=-0.005 v_loss=0.024 ent=1.602 kl=-0.0021
[upd    3 | steps    1536 | t    0.5s | sps  3047] ret_mean=2.000 ep_len=500.0 pi_loss=-0.006 v_loss=0.017 ent=1.596 kl=0.0040
[upd    4 | steps    2048 | t    0.7s | sps  3081] ret_mean=0.500 ep_len=500.0 pi_loss=-0.005 v_loss=0.009 ent=1.585 kl=0.0013
[upd    5 | steps    2560 | t    0.9s | sps  2910] ret_mean=0.000 ep_len=500.0 pi_loss=-0.005 v_loss=0.005 ent=1.567 kl=0.0035
[upd    6 | steps    3072 | t    1.0s | sps  2964] ret_mean=1.000 ep_len=500.0 pi_loss=-0.003 v_loss=0.004 ent=1.569 kl=0.0019
[upd    7 | steps    3584 | t    1.2s | sps  3027] ret_mean=0.000 ep_len=500.0 pi_loss=-0.004 v_loss=0.004 ent=1.589 kl=0.0002
[upd    8 | steps    4096 | t    1.3s | sps  3071] ret_mean=1.500 ep_len=500.0 pi_loss=-0.008 v_loss=0.008 ent=1.540 kl=0.0016
[upd    9 | steps    4608 | t    1.5s | sps  3105] ret_mean=0.000 ep_len=500.0 pi_loss=-0.005 v_loss=0.030 ent=1.554 kl=0.0040
[upd   10 | steps    5120 | t    1.6s | sps  3124] ret_mean=6.000 ep_len=500.0 pi_loss=-0.005 v_loss=0.024 ent=1.528 kl=0.0044
[upd   11 | steps    5632 | t    1.8s | sps  3119] ret_mean=0.000 ep_len=500.0 pi_loss=-0.007 v_loss=0.005 ent=1.538 kl=0.0075
[upd   12 | steps    6144 | t    2.0s | sps  3112] ret_mean=2.000 ep_len=500.0 pi_loss=-0.004 v_loss=0.018 ent=1.533 kl=0.0042
[upd   13 | steps    6656 | t    2.1s | sps  3112] ret_mean=0.000 ep_len=500.0 pi_loss=-0.005 v_loss=0.003 ent=1.522 kl=0.0075
[upd   14 | steps    7168 | t    2.3s | sps  3110] ret_mean=0.000 ep_len=500.0 pi_loss=-0.011 v_loss=0.003 ent=1.461 kl=0.0031
[upd   15 | steps    7680 | t    2.5s | sps  3125] ret_mean=0.000 ep_len=500.0 pi_loss=-0.008 v_loss=0.003 ent=1.410 kl=0.0077
[upd   16 | steps    8192 | t    2.6s | sps  3106] ret_mean=0.000 ep_len=500.0 pi_loss=-0.004 v_loss=0.001 ent=1.268 kl=0.0140
[upd   17 | steps    8704 | t    2.8s | sps  3064] ret_mean=0.000 ep_len=500.0 pi_loss=-0.003 v_loss=0.001 ent=1.368 kl=0.0047
[upd   18 | steps    9216 | t    3.0s | sps  3036] ret_mean=2.000 ep_len=500.0 pi_loss=-0.002 v_loss=0.010 ent=1.384 kl=0.0013
[upd   19 | steps    9728 | t    3.2s | sps  3018] ret_mean=0.000 ep_len=500.0 pi_loss=-0.007 v_loss=0.012 ent=1.283 kl=0.0058
[upd   20 | steps   10240 | t    3.4s | sps  3004] ret_mean=1.500 ep_len=500.0 pi_loss=-0.003 v_loss=0.001 ent=1.337 kl=0.0051
[upd   21 | steps   10752 | t    3.6s | sps  2994] ret_mean=0.000 ep_len=500.0 pi_loss=-0.003 v_loss=0.065 ent=1.245 kl=-0.0001
[upd   22 | steps   11264 | t    3.8s | sps  3003] ret_mean=5.500 ep_len=500.0 pi_loss=-0.007 v_loss=0.003 ent=1.236 kl=0.0111
[upd   23 | steps   11776 | t    3.9s | sps  2993] ret_mean=0.000 ep_len=500.0 pi_loss=-0.003 v_loss=0.123 ent=1.306 kl=-0.0007
[upd   24 | steps   12288 | t    4.1s | sps  2985] ret_mean=15.000 ep_len=500.0 pi_loss=-0.003 v_loss=0.032 ent=1.194 kl=0.0051
[upd   25 | steps   12800 | t    4.3s | sps  3000] ret_mean=0.000 ep_len=500.0 pi_loss=-0.007 v_loss=0.032 ent=1.169 kl=0.0074
        [eval] ret_mean=0.000 ep_len=500.0
[upd   26 | steps   13312 | t    8.2s | sps  1621] ret_mean=0.000 ep_len=500.0 pi_loss=-0.004 v_loss=0.004 ent=1.212 kl=0.0004
[upd   27 | steps   13824 | t    8.4s | sps  1651] ret_mean=6.500 ep_len=500.0 pi_loss=-0.005 v_loss=0.064 ent=1.208 kl=0.0081
[upd   28 | steps   14336 | t    8.5s | sps  1681] ret_mean=0.000 ep_len=500.0 pi_loss=-0.004 v_loss=0.012 ent=1.280 kl=0.0014
[upd   29 | steps   14848 | t    8.7s | sps  1712] ret_mean=6.000 ep_len=500.0 pi_loss=-0.002 v_loss=0.029 ent=1.121 kl=0.0037
[upd   30 | steps   15360 | t    8.8s | sps  1737] ret_mean=23.000 ep_len=500.0 pi_loss=-0.010 v_loss=0.324 ent=1.246 kl=0.0022
[upd   31 | steps   15872 | t    9.0s | sps  1755] ret_mean=18.000 ep_len=500.0 pi_loss=-0.007 v_loss=0.316 ent=1.169 kl=0.0100
[upd   32 | steps   16384 | t    9.2s | sps  1780] ret_mean=0.000 ep_len=500.0 pi_loss=-0.009 v_loss=0.009 ent=1.307 kl=0.0109
[upd   33 | steps   16896 | t    9.3s | sps  1807] ret_mean=1.500 ep_len=500.0 pi_loss=-0.012 v_loss=0.003 ent=1.372 kl=0.0158
[upd   34 | steps   17408 | t    9.5s | sps  1830] ret_mean=0.000 ep_len=500.0 pi_loss=-0.009 v_loss=0.005 ent=1.264 kl=0.0151
[upd   35 | steps   17920 | t    9.7s | sps  1854] ret_mean=0.000 ep_len=500.0 pi_loss=-0.005 v_loss=0.002 ent=1.320 kl=-0.0006
[upd   36 | steps   18432 | t    9.8s | sps  1877] ret_mean=0.500 ep_len=500.0 pi_loss=-0.006 v_loss=0.002 ent=1.371 kl=0.0055
[upd   37 | steps   18944 | t   10.0s | sps  1899] ret_mean=0.000 ep_len=500.0 pi_loss=-0.006 v_loss=0.001 ent=1.317 kl=0.0134
[upd   38 | steps   19456 | t   10.2s | sps  1915] ret_mean=0.000 ep_len=500.0 pi_loss=-0.005 v_loss=0.001 ent=1.407 kl=0.0020
[upd   39 | steps   19968 | t   10.3s | sps  1935] ret_mean=0.000 ep_len=500.0 pi_loss=-0.003 v_loss=0.001 ent=1.374 kl=-0.0010
[upd   40 | steps   20480 | t   10.5s | sps  1954] ret_mean=0.000 ep_len=500.0 pi_loss=-0.007 v_loss=0.001 ent=1.333 kl=-0.0003
[upd   41 | steps   20992 | t   10.6s | sps  1974] ret_mean=0.000 ep_len=500.0 pi_loss=-0.003 v_loss=0.168 ent=1.395 kl=0.0007
[upd   42 | steps   21504 | t   10.8s | sps  1994] ret_mean=9.000 ep_len=500.0 pi_loss=-0.005 v_loss=0.001 ent=1.379 kl=0.0027
[upd   43 | steps   22016 | t   10.9s | sps  2013] ret_mean=0.000 ep_len=500.0 pi_loss=-0.000 v_loss=0.147 ent=1.360 kl=0.0011
[upd   44 | steps   22528 | t   11.1s | sps  2033] ret_mean=11.000 ep_len=500.0 pi_loss=-0.008 v_loss=0.034 ent=1.417 kl=0.0097
[upd   45 | steps   23040 | t   11.2s | sps  2053] ret_mean=2.500 ep_len=500.0 pi_loss=-0.005 v_loss=0.054 ent=1.426 kl=0.0002
[upd   46 | steps   23552 | t   11.4s | sps  2071] ret_mean=3.500 ep_len=500.0 pi_loss=-0.005 v_loss=0.002 ent=1.392 kl=-0.0005
[upd   47 | steps   24064 | t   11.5s | sps  2090] ret_mean=0.000 ep_len=500.0 pi_loss=-0.007 v_loss=0.002 ent=1.396 kl=0.0065
[upd   48 | steps   24576 | t   11.7s | sps  2108] ret_mean=0.000 ep_len=500.0 pi_loss=-0.004 v_loss=0.000 ent=1.365 kl=0.0027
[upd   49 | steps   25088 | t   11.8s | sps  2125] ret_mean=0.000 ep_len=500.0 pi_loss=-0.005 v_loss=0.002 ent=1.432 kl=0.0007
[upd   50 | steps   25600 | t   12.0s | sps  2141] ret_mean=0.000 ep_len=500.0 pi_loss=-0.004 v_loss=0.294 ent=1.375 kl=0.0060
        [eval] ret_mean=4.167 ep_len=500.0
[upd   51 | steps   26112 | t   15.6s | sps  1677] ret_mean=0.000 ep_len=500.0 pi_loss=-0.005 v_loss=0.001 ent=1.445 kl=0.0060
[upd   52 | steps   26624 | t   15.7s | sps  1693] ret_mean=0.000 ep_len=500.0 pi_loss=-0.002 v_loss=0.001 ent=1.350 kl=0.0050
[upd   53 | steps   27136 | t   15.9s | sps  1710] ret_mean=0.000 ep_len=500.0 pi_loss=-0.002 v_loss=0.046 ent=1.368 kl=0.0034
[upd   54 | steps   27648 | t   16.0s | sps  1726] ret_mean=42.000 ep_len=500.0 pi_loss=-0.007 v_loss=0.885 ent=1.206 kl=0.0068
[upd   55 | steps   28160 | t   16.2s | sps  1740] ret_mean=1.500 ep_len=500.0 pi_loss=-0.001 v_loss=0.001 ent=1.264 kl=-0.0010
[upd   56 | steps   28672 | t   16.3s | sps  1754] ret_mean=8.000 ep_len=500.0 pi_loss=-0.005 v_loss=0.151 ent=1.409 kl=0.0065
[upd   57 | steps   29184 | t   16.5s | sps  1768] ret_mean=0.000 ep_len=500.0 pi_loss=-0.012 v_loss=0.002 ent=1.489 kl=0.0183
[upd   58 | steps   29696 | t   16.7s | sps  1782] ret_mean=0.000 ep_len=500.0 pi_loss=-0.004 v_loss=0.002 ent=1.368 kl=0.0043
[upd   59 | steps   30208 | t   16.8s | sps  1796] ret_mean=0.000 ep_len=500.0 pi_loss=-0.011 v_loss=0.005 ent=1.515 kl=0.0133
[upd   60 | steps   30720 | t   17.0s | sps  1811] ret_mean=7.000 ep_len=500.0 pi_loss=-0.005 v_loss=0.056 ent=1.376 kl=0.0127
[upd   61 | steps   31232 | t   17.1s | sps  1826] ret_mean=0.000 ep_len=500.0 pi_loss=-0.005 v_loss=0.038 ent=1.350 kl=0.0084
[upd   62 | steps   31744 | t   17.3s | sps  1839] ret_mean=3.000 ep_len=500.0 pi_loss=-0.005 v_loss=0.001 ent=1.303 kl=0.0016
[upd   63 | steps   32256 | t   17.4s | sps  1853] ret_mean=0.000 ep_len=500.0 pi_loss=-0.003 v_loss=0.001 ent=1.348 kl=0.0036
[upd   64 | steps   32768 | t   17.6s | sps  1866] ret_mean=0.000 ep_len=500.0 pi_loss=-0.004 v_loss=0.053 ent=1.395 kl=0.0062
[upd   65 | steps   33280 | t   17.7s | sps  1878] ret_mean=4.000 ep_len=500.0 pi_loss=-0.008 v_loss=0.602 ent=1.411 kl=0.0104
[upd   66 | steps   33792 | t   17.9s | sps  1889] ret_mean=28.000 ep_len=500.0 pi_loss=-0.007 v_loss=0.199 ent=1.310 kl=0.0080
[upd   67 | steps   34304 | t   18.0s | sps  1902] ret_mean=14.500 ep_len=500.0 pi_loss=-0.014 v_loss=0.334 ent=1.223 kl=0.0429
[upd   68 | steps   34816 | t   18.2s | sps  1913] ret_mean=5.500 ep_len=500.0 pi_loss=-0.005 v_loss=0.106 ent=1.261 kl=0.0048
[upd   69 | steps   35328 | t   18.4s | sps  1924] ret_mean=2.000 ep_len=500.0 pi_loss=-0.004 v_loss=0.002 ent=1.276 kl=0.0025
[upd   70 | steps   35840 | t   18.6s | sps  1932] ret_mean=0.000 ep_len=500.0 pi_loss=-0.008 v_loss=0.002 ent=1.360 kl=0.0019
[upd   71 | steps   36352 | t   18.7s | sps  1940] ret_mean=0.000 ep_len=500.0 pi_loss=-0.006 v_loss=0.104 ent=1.289 kl=-0.0025
[upd   72 | steps   36864 | t   18.9s | sps  1948] ret_mean=28.500 ep_len=500.0 pi_loss=-0.016 v_loss=0.658 ent=1.191 kl=0.0122
[upd   73 | steps   37376 | t   19.1s | sps  1958] ret_mean=0.000 ep_len=500.0 pi_loss=-0.008 v_loss=0.002 ent=1.186 kl=0.0090
[upd   74 | steps   37888 | t   19.2s | sps  1970] ret_mean=0.000 ep_len=500.0 pi_loss=-0.005 v_loss=0.019 ent=1.054 kl=0.0025
[upd   75 | steps   38400 | t   19.4s | sps  1981] ret_mean=2.000 ep_len=500.0 pi_loss=-0.004 v_loss=0.001 ent=1.049 kl=0.0050
        [eval] ret_mean=5.917 ep_len=500.0
[upd   76 | steps   38912 | t   23.0s | sps  1694] ret_mean=5.000 ep_len=500.0 pi_loss=-0.006 v_loss=0.089 ent=1.253 kl=0.0016
[upd   77 | steps   39424 | t   23.1s | sps  1706] ret_mean=2.500 ep_len=500.0 pi_loss=-0.007 v_loss=0.034 ent=1.251 kl=0.0010
[upd   78 | steps   39936 | t   23.3s | sps  1717] ret_mean=0.000 ep_len=500.0 pi_loss=-0.005 v_loss=0.001 ent=1.223 kl=0.0048
[upd   79 | steps   40448 | t   23.4s | sps  1728] ret_mean=0.000 ep_len=500.0 pi_loss=-0.003 v_loss=0.002 ent=1.164 kl=0.0033
[upd   80 | steps   40960 | t   23.6s | sps  1738] ret_mean=0.000 ep_len=500.0 pi_loss=-0.007 v_loss=0.000 ent=1.108 kl=0.0101
[upd   81 | steps   41472 | t   23.7s | sps  1749] ret_mean=0.000 ep_len=500.0 pi_loss=-0.002 v_loss=0.067 ent=1.082 kl=0.0015
[upd   82 | steps   41984 | t   23.9s | sps  1759] ret_mean=24.500 ep_len=500.0 pi_loss=-0.003 v_loss=0.519 ent=1.233 kl=0.0015
[upd   83 | steps   42496 | t   24.0s | sps  1770] ret_mean=0.000 ep_len=500.0 pi_loss=-0.003 v_loss=0.002 ent=1.286 kl=0.0011
[upd   84 | steps   43008 | t   24.2s | sps  1780] ret_mean=0.000 ep_len=500.0 pi_loss=-0.005 v_loss=0.004 ent=1.269 kl=0.0040
[upd   85 | steps   43520 | t   24.3s | sps  1791] ret_mean=0.000 ep_len=500.0 pi_loss=-0.004 v_loss=0.001 ent=1.150 kl=0.0029
[upd   86 | steps   44032 | t   24.5s | sps  1800] ret_mean=0.000 ep_len=500.0 pi_loss=-0.004 v_loss=0.015 ent=1.141 kl=0.0013
[upd   87 | steps   44544 | t   24.6s | sps  1811] ret_mean=3.000 ep_len=500.0 pi_loss=-0.004 v_loss=0.001 ent=1.117 kl=0.0002
[upd   88 | steps   45056 | t   24.8s | sps  1820] ret_mean=0.000 ep_len=500.0 pi_loss=-0.004 v_loss=0.001 ent=1.100 kl=0.0083
[upd   89 | steps   45568 | t   24.9s | sps  1830] ret_mean=16.500 ep_len=500.0 pi_loss=-0.005 v_loss=0.487 ent=1.091 kl=0.0088
[upd   90 | steps   46080 | t   25.0s | sps  1840] ret_mean=0.000 ep_len=500.0 pi_loss=-0.010 v_loss=0.001 ent=1.119 kl=0.0055
[upd   91 | steps   46592 | t   25.2s | sps  1850] ret_mean=0.000 ep_len=500.0 pi_loss=-0.009 v_loss=0.032 ent=1.214 kl=-0.0031
[upd   92 | steps   47104 | t   25.3s | sps  1860] ret_mean=4.000 ep_len=500.0 pi_loss=-0.007 v_loss=0.018 ent=1.160 kl=0.0109
[upd   93 | steps   47616 | t   25.5s | sps  1868] ret_mean=0.000 ep_len=500.0 pi_loss=-0.004 v_loss=0.322 ent=1.184 kl=0.0020
[upd   94 | steps   48128 | t   25.6s | sps  1878] ret_mean=17.500 ep_len=500.0 pi_loss=-0.007 v_loss=0.047 ent=1.120 kl=0.0032
[upd   95 | steps   48640 | t   25.8s | sps  1887] ret_mean=0.000 ep_len=500.0 pi_loss=-0.005 v_loss=0.004 ent=1.096 kl=0.0063
[upd   96 | steps   49152 | t   25.9s | sps  1896] ret_mean=0.000 ep_len=500.0 pi_loss=-0.007 v_loss=0.002 ent=1.119 kl=0.0112
[upd   97 | steps   49664 | t   26.1s | sps  1905] ret_mean=0.000 ep_len=500.0 pi_loss=-0.004 v_loss=0.001 ent=1.300 kl=0.0050
[upd   98 | steps   50176 | t   26.2s | sps  1913] ret_mean=0.000 ep_len=500.0 pi_loss=-0.006 v_loss=0.001 ent=1.074 kl=-0.0019
[upd   99 | steps   50688 | t   26.4s | sps  1921] ret_mean=0.000 ep_len=500.0 pi_loss=-0.005 v_loss=0.420 ent=1.103 kl=-0.0000
[upd  100 | steps   51200 | t   26.5s | sps  1930] ret_mean=29.500 ep_len=500.0 pi_loss=-0.004 v_loss=0.175 ent=1.163 kl=0.0094
        [eval] ret_mean=0.000 ep_len=500.0
[upd  101 | steps   51712 | t   30.3s | sps  1706] ret_mean=0.000 ep_len=500.0 pi_loss=-0.004 v_loss=0.001 ent=0.917 kl=-0.0041
[upd  102 | steps   52224 | t   30.4s | sps  1715] ret_mean=0.000 ep_len=500.0 pi_loss=-0.010 v_loss=0.003 ent=0.866 kl=-0.0024
[upd  103 | steps   52736 | t   30.6s | sps  1723] ret_mean=0.000 ep_len=500.0 pi_loss=-0.007 v_loss=0.001 ent=0.960 kl=0.0060
[upd  104 | steps   53248 | t   30.8s | sps  1729] ret_mean=0.000 ep_len=500.0 pi_loss=-0.003 v_loss=0.001 ent=0.927 kl=0.0071
[upd  105 | steps   53760 | t   31.0s | sps  1736] ret_mean=0.000 ep_len=500.0 pi_loss=-0.006 v_loss=0.001 ent=0.986 kl=-0.0005
[upd  106 | steps   54272 | t   31.1s | sps  1744] ret_mean=0.000 ep_len=500.0 pi_loss=-0.007 v_loss=0.384 ent=0.884 kl=0.0052
[upd  107 | steps   54784 | t   31.3s | sps  1751] ret_mean=41.500 ep_len=500.0 pi_loss=-0.003 v_loss=1.107 ent=0.891 kl=0.0039
[upd  108 | steps   55296 | t   31.4s | sps  1758] ret_mean=0.000 ep_len=500.0 pi_loss=-0.009 v_loss=0.003 ent=0.871 kl=0.0103
[upd  109 | steps   55808 | t   31.6s | sps  1765] ret_mean=0.000 ep_len=500.0 pi_loss=-0.006 v_loss=0.800 ent=0.831 kl=0.0011
[upd  110 | steps   56320 | t   31.8s | sps  1771] ret_mean=63.500 ep_len=500.0 pi_loss=-0.009 v_loss=1.583 ent=0.942 kl=0.0049
[upd  111 | steps   56832 | t   32.0s | sps  1776] ret_mean=0.000 ep_len=500.0 pi_loss=-0.003 v_loss=0.005 ent=0.951 kl=0.0036
[upd  112 | steps   57344 | t   32.2s | sps  1782] ret_mean=0.000 ep_len=500.0 pi_loss=-0.006 v_loss=0.002 ent=1.143 kl=0.0031
[upd  113 | steps   57856 | t   32.4s | sps  1787] ret_mean=0.000 ep_len=500.0 pi_loss=-0.007 v_loss=1.365 ent=0.908 kl=0.0198
[upd  114 | steps   58368 | t   32.6s | sps  1792] ret_mean=85.000 ep_len=500.0 pi_loss=-0.006 v_loss=2.157 ent=0.685 kl=-0.0019
[upd  115 | steps   58880 | t   32.7s | sps  1799] ret_mean=0.000 ep_len=500.0 pi_loss=-0.004 v_loss=0.004 ent=0.810 kl=0.0023
[upd  116 | steps   59392 | t   32.9s | sps  1806] ret_mean=0.000 ep_len=500.0 pi_loss=-0.004 v_loss=0.003 ent=0.964 kl=-0.0007
[upd  117 | steps   59904 | t   33.0s | sps  1813] ret_mean=11.500 ep_len=500.0 pi_loss=-0.007 v_loss=0.381 ent=0.905 kl=-0.0001
[upd  118 | steps   60416 | t   33.2s | sps  1820] ret_mean=0.000 ep_len=500.0 pi_loss=-0.003 v_loss=1.603 ent=0.611 kl=0.0010
[upd  119 | steps   60928 | t   33.3s | sps  1827] ret_mean=53.500 ep_len=500.0 pi_loss=-0.003 v_loss=2.942 ent=0.594 kl=0.0031
[upd  120 | steps   61440 | t   33.5s | sps  1835] ret_mean=113.000 ep_len=500.0 pi_loss=-0.010 v_loss=4.230 ent=0.509 kl=0.0153
[upd  121 | steps   61952 | t   33.6s | sps  1842] ret_mean=92.000 ep_len=500.0 pi_loss=-0.010 v_loss=2.599 ent=0.597 kl=0.0189
[upd  122 | steps   62464 | t   33.8s | sps  1849] ret_mean=0.000 ep_len=500.0 pi_loss=-0.007 v_loss=2.771 ent=0.819 kl=0.0078
[upd  123 | steps   62976 | t   33.9s | sps  1856] ret_mean=71.000 ep_len=500.0 pi_loss=-0.003 v_loss=0.231 ent=0.876 kl=0.0018
[upd  124 | steps   63488 | t   34.1s | sps  1864] ret_mean=25.500 ep_len=500.0 pi_loss=-0.002 v_loss=1.025 ent=0.804 kl=0.0052
[upd  125 | steps   64000 | t   34.2s | sps  1871] ret_mean=0.000 ep_len=500.0 pi_loss=-0.005 v_loss=0.120 ent=0.940 kl=-0.0021
        [eval] ret_mean=1.767 ep_len=500.0
[upd  126 | steps   64512 | t   38.0s | sps  1698] ret_mean=0.000 ep_len=500.0 pi_loss=-0.007 v_loss=0.031 ent=1.170 kl=0.0066
[upd  127 | steps   65024 | t   38.1s | sps  1705] ret_mean=63.000 ep_len=500.0 pi_loss=-0.008 v_loss=2.672 ent=0.642 kl=0.0105
[upd  128 | steps   65536 | t   38.3s | sps  1712] ret_mean=0.000 ep_len=500.0 pi_loss=-0.009 v_loss=0.057 ent=0.853 kl=0.0094
[upd  129 | steps   66048 | t   38.4s | sps  1719] ret_mean=0.000 ep_len=500.0 pi_loss=-0.006 v_loss=0.042 ent=1.333 kl=0.0064
[upd  130 | steps   66560 | t   38.6s | sps  1725] ret_mean=47.000 ep_len=500.0 pi_loss=-0.005 v_loss=2.161 ent=1.160 kl=0.0065
[upd  131 | steps   67072 | t   38.8s | sps  1731] ret_mean=0.000 ep_len=500.0 pi_loss=-0.005 v_loss=0.340 ent=1.287 kl=0.0093
[upd  132 | steps   67584 | t   38.9s | sps  1737] ret_mean=24.500 ep_len=500.0 pi_loss=-0.010 v_loss=0.336 ent=1.077 kl=0.0048
[upd  133 | steps   68096 | t   39.0s | sps  1744] ret_mean=24.000 ep_len=500.0 pi_loss=-0.007 v_loss=0.882 ent=0.874 kl=-0.0037
[upd  134 | steps   68608 | t   39.2s | sps  1751] ret_mean=60.500 ep_len=500.0 pi_loss=-0.009 v_loss=2.674 ent=0.806 kl=0.0174
[upd  135 | steps   69120 | t   39.3s | sps  1757] ret_mean=0.000 ep_len=500.0 pi_loss=-0.009 v_loss=0.051 ent=1.211 kl=0.0015
[upd  136 | steps   69632 | t   39.5s | sps  1763] ret_mean=16.500 ep_len=500.0 pi_loss=-0.005 v_loss=0.693 ent=1.115 kl=0.0217
[upd  137 | steps   70144 | t   39.7s | sps  1769] ret_mean=0.000 ep_len=500.0 pi_loss=-0.007 v_loss=0.034 ent=1.091 kl=-0.0008
[upd  138 | steps   70656 | t   39.8s | sps  1774] ret_mean=10.500 ep_len=500.0 pi_loss=-0.002 v_loss=0.386 ent=1.011 kl=0.0093
[upd  139 | steps   71168 | t   40.0s | sps  1781] ret_mean=0.000 ep_len=500.0 pi_loss=-0.008 v_loss=0.009 ent=1.298 kl=0.0070
[upd  140 | steps   71680 | t   40.1s | sps  1786] ret_mean=34.500 ep_len=500.0 pi_loss=-0.006 v_loss=3.447 ent=0.627 kl=0.0028
[upd  141 | steps   72192 | t   40.3s | sps  1793] ret_mean=80.000 ep_len=500.0 pi_loss=-0.010 v_loss=3.903 ent=0.841 kl=0.0141
[upd  142 | steps   72704 | t   40.4s | sps  1798] ret_mean=91.000 ep_len=500.0 pi_loss=-0.008 v_loss=3.728 ent=0.767 kl=0.0009
[upd  143 | steps   73216 | t   40.6s | sps  1803] ret_mean=48.000 ep_len=500.0 pi_loss=-0.002 v_loss=0.081 ent=1.015 kl=0.0062
[upd  144 | steps   73728 | t   40.8s | sps  1808] ret_mean=16.500 ep_len=500.0 pi_loss=-0.007 v_loss=2.964 ent=0.560 kl=-0.0029
[upd  145 | steps   74240 | t   41.0s | sps  1813] ret_mean=59.500 ep_len=500.0 pi_loss=-0.010 v_loss=0.103 ent=1.194 kl=0.0102
[upd  146 | steps   74752 | t   41.1s | sps  1818] ret_mean=0.000 ep_len=500.0 pi_loss=-0.008 v_loss=0.047 ent=1.156 kl=0.0120
[upd  147 | steps   75264 | t   41.3s | sps  1824] ret_mean=0.000 ep_len=500.0 pi_loss=-0.004 v_loss=0.022 ent=1.033 kl=0.0054
[upd  148 | steps   75776 | t   41.4s | sps  1829] ret_mean=20.000 ep_len=500.0 pi_loss=-0.009 v_loss=3.956 ent=0.635 kl=0.0092
[upd  149 | steps   76288 | t   41.6s | sps  1835] ret_mean=103.500 ep_len=500.0 pi_loss=-0.003 v_loss=1.283 ent=0.969 kl=0.0054
[upd  150 | steps   76800 | t   41.7s | sps  1840] ret_mean=0.000 ep_len=500.0 pi_loss=-0.008 v_loss=0.028 ent=1.095 kl=-0.0014
        [eval] ret_mean=3.833 ep_len=500.0
[upd  151 | steps   77312 | t   45.7s | sps  1693] ret_mean=0.000 ep_len=500.0 pi_loss=-0.005 v_loss=0.028 ent=1.064 kl=0.0040
[upd  152 | steps   77824 | t   45.8s | sps  1699] ret_mean=19.500 ep_len=500.0 pi_loss=-0.000 v_loss=0.703 ent=0.960 kl=0.0153
[upd  153 | steps   78336 | t   46.0s | sps  1705] ret_mean=72.500 ep_len=500.0 pi_loss=-0.009 v_loss=3.005 ent=0.754 kl=0.0025
[upd  154 | steps   78848 | t   46.1s | sps  1710] ret_mean=19.000 ep_len=500.0 pi_loss=-0.002 v_loss=0.752 ent=0.961 kl=0.0033
[upd  155 | steps   79360 | t   46.3s | sps  1715] ret_mean=0.000 ep_len=500.0 pi_loss=-0.003 v_loss=0.010 ent=1.311 kl=0.0010
[upd  156 | steps   79872 | t   46.4s | sps  1721] ret_mean=26.500 ep_len=500.0 pi_loss=-0.004 v_loss=1.209 ent=1.117 kl=0.0009
[upd  157 | steps   80384 | t   46.6s | sps  1726] ret_mean=93.500 ep_len=500.0 pi_loss=-0.007 v_loss=4.497 ent=0.465 kl=0.0061
[upd  158 | steps   80896 | t   46.7s | sps  1731] ret_mean=0.000 ep_len=500.0 pi_loss=-0.003 v_loss=0.574 ent=0.608 kl=0.0072
[upd  159 | steps   81408 | t   46.9s | sps  1736] ret_mean=99.500 ep_len=500.0 pi_loss=-0.003 v_loss=3.446 ent=0.682 kl=0.0062
[upd  160 | steps   81920 | t   47.1s | sps  1741] ret_mean=0.000 ep_len=500.0 pi_loss=-0.010 v_loss=0.973 ent=1.207 kl=0.0073
[upd  161 | steps   82432 | t   47.2s | sps  1746] ret_mean=32.500 ep_len=500.0 pi_loss=-0.005 v_loss=0.062 ent=0.823 kl=0.0075
[upd  162 | steps   82944 | t   47.4s | sps  1751] ret_mean=31.500 ep_len=500.0 pi_loss=-0.008 v_loss=1.135 ent=0.938 kl=0.0062
[upd  163 | steps   83456 | t   47.5s | sps  1756] ret_mean=0.000 ep_len=500.0 pi_loss=-0.011 v_loss=0.228 ent=0.996 kl=0.0083
[upd  164 | steps   83968 | t   47.7s | sps  1761] ret_mean=87.000 ep_len=500.0 pi_loss=-0.012 v_loss=3.791 ent=0.531 kl=0.0096
[upd  165 | steps   84480 | t   47.8s | sps  1766] ret_mean=95.500 ep_len=500.0 pi_loss=-0.010 v_loss=2.924 ent=0.670 kl=0.0090
[upd  166 | steps   84992 | t   48.0s | sps  1771] ret_mean=0.000 ep_len=500.0 pi_loss=-0.002 v_loss=0.040 ent=1.010 kl=0.0023
[upd  167 | steps   85504 | t   48.1s | sps  1776] ret_mean=5.000 ep_len=500.0 pi_loss=-0.003 v_loss=0.125 ent=1.064 kl=0.0028
[upd  168 | steps   86016 | t   48.3s | sps  1781] ret_mean=64.500 ep_len=500.0 pi_loss=-0.010 v_loss=3.030 ent=0.702 kl=0.0150
[upd  169 | steps   86528 | t   48.5s | sps  1785] ret_mean=0.000 ep_len=500.0 pi_loss=-0.005 v_loss=0.029 ent=1.023 kl=0.0087
[upd  170 | steps   87040 | t   48.7s | sps  1789] ret_mean=0.000 ep_len=500.0 pi_loss=-0.010 v_loss=0.052 ent=1.129 kl=0.0068
[upd  171 | steps   87552 | t   48.8s | sps  1793] ret_mean=0.000 ep_len=500.0 pi_loss=-0.006 v_loss=1.851 ent=0.997 kl=0.0036
[upd  172 | steps   88064 | t   49.0s | sps  1798] ret_mean=44.500 ep_len=500.0 pi_loss=-0.009 v_loss=0.094 ent=1.142 kl=0.0156
[upd  173 | steps   88576 | t   49.1s | sps  1803] ret_mean=0.500 ep_len=500.0 pi_loss=-0.008 v_loss=2.729 ent=0.854 kl=0.0054
[upd  174 | steps   89088 | t   49.3s | sps  1807] ret_mean=120.000 ep_len=500.0 pi_loss=-0.007 v_loss=3.726 ent=0.583 kl=0.0035
[upd  175 | steps   89600 | t   49.4s | sps  1812] ret_mean=35.000 ep_len=500.0 pi_loss=-0.014 v_loss=0.366 ent=1.060 kl=0.0025
        [eval] ret_mean=4.167 ep_len=500.0
[upd  176 | steps   90112 | t   53.3s | sps  1691] ret_mean=73.000 ep_len=500.0 pi_loss=-0.003 v_loss=3.373 ent=0.699 kl=0.0048
[upd  177 | steps   90624 | t   53.4s | sps  1696] ret_mean=76.000 ep_len=500.0 pi_loss=-0.005 v_loss=3.206 ent=0.567 kl=0.0060
[upd  178 | steps   91136 | t   53.6s | sps  1700] ret_mean=120.000 ep_len=500.0 pi_loss=-0.006 v_loss=4.929 ent=0.428 kl=0.0082
[upd  179 | steps   91648 | t   53.8s | sps  1705] ret_mean=79.500 ep_len=500.0 pi_loss=-0.008 v_loss=4.067 ent=0.636 kl=0.0197
[upd  180 | steps   92160 | t   53.9s | sps  1709] ret_mean=178.500 ep_len=500.0 pi_loss=-0.009 v_loss=9.438 ent=0.251 kl=0.0083
[upd  181 | steps   92672 | t   54.1s | sps  1714] ret_mean=84.500 ep_len=500.0 pi_loss=-0.002 v_loss=2.904 ent=0.779 kl=-0.0004
[upd  182 | steps   93184 | t   54.2s | sps  1719] ret_mean=81.000 ep_len=500.0 pi_loss=-0.005 v_loss=2.690 ent=0.757 kl=0.0044
[upd  183 | steps   93696 | t   54.4s | sps  1723] ret_mean=116.500 ep_len=500.0 pi_loss=-0.008 v_loss=3.878 ent=0.547 kl=0.0082
[upd  184 | steps   94208 | t   54.5s | sps  1727] ret_mean=1.000 ep_len=500.0 pi_loss=-0.004 v_loss=0.116 ent=1.287 kl=-0.0018
[upd  185 | steps   94720 | t   54.7s | sps  1732] ret_mean=53.000 ep_len=500.0 pi_loss=-0.009 v_loss=1.622 ent=0.862 kl=0.0107
[upd  186 | steps   95232 | t   54.9s | sps  1736] ret_mean=0.000 ep_len=500.0 pi_loss=-0.004 v_loss=1.199 ent=1.194 kl=0.0023
[upd  187 | steps   95744 | t   55.0s | sps  1741] ret_mean=52.500 ep_len=500.0 pi_loss=-0.006 v_loss=1.472 ent=1.146 kl=-0.0011
[upd  188 | steps   96256 | t   55.2s | sps  1745] ret_mean=65.000 ep_len=500.0 pi_loss=-0.009 v_loss=1.968 ent=0.591 kl=0.0017
[upd  189 | steps   96768 | t   55.3s | sps  1749] ret_mean=60.000 ep_len=500.0 pi_loss=-0.008 v_loss=1.262 ent=0.862 kl=-0.0002
[upd  190 | steps   97280 | t   55.5s | sps  1754] ret_mean=0.000 ep_len=500.0 pi_loss=-0.005 v_loss=0.607 ent=0.930 kl=0.0034
[upd  191 | steps   97792 | t   55.6s | sps  1758] ret_mean=62.000 ep_len=500.0 pi_loss=-0.008 v_loss=9.384 ent=0.378 kl=0.0115
[upd  192 | steps   98304 | t   55.8s | sps  1762] ret_mean=173.000 ep_len=500.0 pi_loss=-0.005 v_loss=3.166 ent=0.425 kl=0.0126
[upd  193 | steps   98816 | t   55.9s | sps  1767] ret_mean=0.000 ep_len=500.0 pi_loss=-0.000 v_loss=5.310 ent=0.806 kl=0.0276
[upd  194 | steps   99328 | t   56.1s | sps  1771] ret_mean=162.500 ep_len=500.0 pi_loss=-0.010 v_loss=4.586 ent=0.477 kl=0.0136
[upd  195 | steps   99840 | t   56.3s | sps  1775] ret_mean=29.500 ep_len=500.0 pi_loss=-0.010 v_loss=7.703 ent=0.724 kl=0.0144
[upd  196 | steps  100352 | t   56.4s | sps  1779] ret_mean=169.500 ep_len=500.0 pi_loss=-0.002 v_loss=3.865 ent=0.316 kl=0.0024
[upd  197 | steps  100864 | t   56.6s | sps  1783] ret_mean=110.500 ep_len=500.0 pi_loss=-0.007 v_loss=3.222 ent=0.381 kl=0.0101
[upd  198 | steps  101376 | t   56.7s | sps  1787] ret_mean=101.000 ep_len=500.0 pi_loss=-0.006 v_loss=3.713 ent=0.418 kl=0.0066
[upd  199 | steps  101888 | t   56.9s | sps  1791] ret_mean=73.500 ep_len=500.0 pi_loss=-0.005 v_loss=2.193 ent=0.767 kl=0.0050
[upd  200 | steps  102400 | t   57.1s | sps  1795] ret_mean=66.500 ep_len=500.0 pi_loss=-0.008 v_loss=2.039 ent=0.608 kl=-0.0008
        [eval] ret_mean=4.167 ep_len=500.0
[upd  201 | steps  102912 | t   61.2s | sps  1682] ret_mean=59.500 ep_len=500.0 pi_loss=-0.003 v_loss=1.795 ent=0.678 kl=0.0038
[upd  202 | steps  103424 | t   61.3s | sps  1686] ret_mean=44.500 ep_len=500.0 pi_loss=-0.001 v_loss=1.973 ent=0.280 kl=-0.0025
[upd  203 | steps  103936 | t   61.5s | sps  1691] ret_mean=203.000 ep_len=500.0 pi_loss=-0.005 v_loss=10.067 ent=0.162 kl=0.0041
[upd  204 | steps  104448 | t   61.6s | sps  1695] ret_mean=55.000 ep_len=500.0 pi_loss=-0.008 v_loss=1.868 ent=0.921 kl=0.0007
[upd  205 | steps  104960 | t   61.8s | sps  1698] ret_mean=55.500 ep_len=500.0 pi_loss=-0.010 v_loss=1.218 ent=0.940 kl=0.0068
[upd  206 | steps  105472 | t   62.0s | sps  1702] ret_mean=107.000 ep_len=500.0 pi_loss=-0.002 v_loss=2.698 ent=0.416 kl=0.0075
[upd  207 | steps  105984 | t   62.1s | sps  1706] ret_mean=0.000 ep_len=500.0 pi_loss=-0.008 v_loss=3.083 ent=0.939 kl=0.0048
[upd  208 | steps  106496 | t   62.3s | sps  1710] ret_mean=95.000 ep_len=500.0 pi_loss=-0.003 v_loss=2.741 ent=0.961 kl=-0.0001
[upd  209 | steps  107008 | t   62.4s | sps  1714] ret_mean=36.500 ep_len=500.0 pi_loss=-0.008 v_loss=0.786 ent=1.119 kl=0.0092
[upd  210 | steps  107520 | t   62.6s | sps  1717] ret_mean=0.000 ep_len=500.0 pi_loss=-0.011 v_loss=0.309 ent=1.038 kl=0.0149
[upd  211 | steps  108032 | t   62.8s | sps  1721] ret_mean=0.000 ep_len=500.0 pi_loss=-0.007 v_loss=0.833 ent=1.105 kl=0.0093
[upd  212 | steps  108544 | t   62.9s | sps  1725] ret_mean=50.000 ep_len=500.0 pi_loss=-0.002 v_loss=1.287 ent=0.731 kl=0.0024
[upd  213 | steps  109056 | t   63.1s | sps  1728] ret_mean=70.500 ep_len=500.0 pi_loss=-0.012 v_loss=2.526 ent=0.632 kl=0.0153
[upd  214 | steps  109568 | t   63.3s | sps  1732] ret_mean=0.000 ep_len=500.0 pi_loss=-0.010 v_loss=0.175 ent=1.033 kl=0.0014
[upd  215 | steps  110080 | t   63.4s | sps  1735] ret_mean=80.500 ep_len=500.0 pi_loss=-0.007 v_loss=2.998 ent=0.482 kl=0.0100
[upd  216 | steps  110592 | t   63.6s | sps  1739] ret_mean=89.500 ep_len=500.0 pi_loss=-0.006 v_loss=3.782 ent=0.305 kl=0.0044
[upd  217 | steps  111104 | t   63.8s | sps  1742] ret_mean=68.000 ep_len=500.0 pi_loss=-0.004 v_loss=4.571 ent=0.729 kl=0.0084
[upd  218 | steps  111616 | t   63.9s | sps  1746] ret_mean=143.000 ep_len=500.0 pi_loss=-0.003 v_loss=7.995 ent=0.147 kl=0.0016
[upd  219 | steps  112128 | t   64.1s | sps  1750] ret_mean=150.000 ep_len=500.0 pi_loss=-0.003 v_loss=3.460 ent=0.194 kl=0.0014
[upd  220 | steps  112640 | t   64.2s | sps  1754] ret_mean=89.000 ep_len=500.0 pi_loss=-0.002 v_loss=9.245 ent=0.094 kl=0.0024
[upd  221 | steps  113152 | t   64.4s | sps  1757] ret_mean=189.500 ep_len=500.0 pi_loss=-0.002 v_loss=4.085 ent=0.250 kl=0.0011
[upd  222 | steps  113664 | t   64.5s | sps  1761] ret_mean=80.000 ep_len=500.0 pi_loss=-0.004 v_loss=3.130 ent=0.428 kl=0.0043
[upd  223 | steps  114176 | t   64.7s | sps  1764] ret_mean=57.000 ep_len=500.0 pi_loss=-0.006 v_loss=1.941 ent=0.543 kl=-0.0015
[upd  224 | steps  114688 | t   64.9s | sps  1768] ret_mean=97.000 ep_len=500.0 pi_loss=0.007 v_loss=5.989 ent=0.443 kl=0.0076
[upd  225 | steps  115200 | t   65.0s | sps  1771] ret_mean=110.500 ep_len=500.0 pi_loss=-0.006 v_loss=3.188 ent=0.485 kl=0.0081
        [eval] ret_mean=10.750 ep_len=500.0
[upd  226 | steps  115712 | t   69.2s | sps  1672] ret_mean=40.000 ep_len=500.0 pi_loss=-0.001 v_loss=1.344 ent=0.852 kl=0.0119
[upd  227 | steps  116224 | t   69.4s | sps  1676] ret_mean=31.500 ep_len=500.0 pi_loss=-0.007 v_loss=1.512 ent=0.965 kl=0.0037
[upd  228 | steps  116736 | t   69.5s | sps  1679] ret_mean=6.500 ep_len=500.0 pi_loss=-0.006 v_loss=0.589 ent=1.097 kl=0.0103
[upd  229 | steps  117248 | t   69.7s | sps  1683] ret_mean=96.000 ep_len=500.0 pi_loss=-0.007 v_loss=3.349 ent=0.428 kl=0.0085
[upd  230 | steps  117760 | t   69.8s | sps  1686] ret_mean=58.000 ep_len=500.0 pi_loss=-0.004 v_loss=2.686 ent=0.560 kl=0.0060
[upd  231 | steps  118272 | t   70.0s | sps  1690] ret_mean=125.000 ep_len=500.0 pi_loss=-0.008 v_loss=2.949 ent=0.342 kl=0.0162
[upd  232 | steps  118784 | t   70.1s | sps  1693] ret_mean=106.000 ep_len=500.0 pi_loss=-0.001 v_loss=3.381 ent=0.270 kl=0.0033
[upd  233 | steps  119296 | t   70.3s | sps  1697] ret_mean=159.000 ep_len=500.0 pi_loss=-0.003 v_loss=8.140 ent=0.150 kl=0.0000
[upd  234 | steps  119808 | t   70.5s | sps  1700] ret_mean=123.500 ep_len=500.0 pi_loss=-0.004 v_loss=3.227 ent=0.327 kl=0.0033
[upd  235 | steps  120320 | t   70.6s | sps  1704] ret_mean=53.500 ep_len=500.0 pi_loss=-0.003 v_loss=1.654 ent=0.803 kl=0.0058
[upd  236 | steps  120832 | t   70.8s | sps  1707] ret_mean=148.500 ep_len=500.0 pi_loss=-0.002 v_loss=8.697 ent=0.042 kl=-0.0010
[upd  237 | steps  121344 | t   70.9s | sps  1711] ret_mean=195.500 ep_len=500.0 pi_loss=-0.003 v_loss=6.129 ent=0.204 kl=0.0125
[upd  238 | steps  121856 | t   71.1s | sps  1714] ret_mean=53.500 ep_len=500.0 pi_loss=-0.006 v_loss=1.968 ent=0.570 kl=0.0005
[upd  239 | steps  122368 | t   71.3s | sps  1717] ret_mean=92.500 ep_len=500.0 pi_loss=-0.002 v_loss=3.572 ent=0.423 kl=0.0040
[upd  240 | steps  122880 | t   71.4s | sps  1720] ret_mean=45.500 ep_len=500.0 pi_loss=-0.004 v_loss=1.673 ent=0.768 kl=0.0074
[upd  241 | steps  123392 | t   71.6s | sps  1723] ret_mean=67.000 ep_len=500.0 pi_loss=-0.004 v_loss=3.404 ent=0.299 kl=0.0024
[upd  242 | steps  123904 | t   71.8s | sps  1726] ret_mean=46.500 ep_len=500.0 pi_loss=-0.005 v_loss=2.613 ent=0.521 kl=0.0031
[upd  243 | steps  124416 | t   71.9s | sps  1730] ret_mean=114.500 ep_len=500.0 pi_loss=-0.006 v_loss=2.675 ent=0.288 kl=0.0019
[upd  244 | steps  124928 | t   72.1s | sps  1733] ret_mean=78.500 ep_len=500.0 pi_loss=-0.011 v_loss=2.570 ent=0.500 kl=0.0122
[upd  245 | steps  125440 | t   72.3s | sps  1736] ret_mean=40.500 ep_len=500.0 pi_loss=-0.001 v_loss=1.413 ent=0.600 kl=0.0024
[upd  246 | steps  125952 | t   72.4s | sps  1739] ret_mean=53.000 ep_len=500.0 pi_loss=-0.002 v_loss=5.593 ent=0.465 kl=0.0023
[upd  247 | steps  126464 | t   72.6s | sps  1742] ret_mean=166.500 ep_len=500.0 pi_loss=-0.006 v_loss=4.211 ent=0.309 kl=0.0029
[upd  248 | steps  126976 | t   72.8s | sps  1745] ret_mean=26.500 ep_len=500.0 pi_loss=-0.001 v_loss=0.781 ent=0.812 kl=0.0046
[upd  249 | steps  127488 | t   72.9s | sps  1748] ret_mean=91.500 ep_len=500.0 pi_loss=-0.003 v_loss=6.793 ent=0.095 kl=-0.0004
[upd  250 | steps  128000 | t   73.1s | sps  1752] ret_mean=177.000 ep_len=500.0 pi_loss=-0.006 v_loss=2.585 ent=0.358 kl=0.0134
        [eval] ret_mean=26.650 ep_len=500.0
[upd  251 | steps  128512 | t   77.0s | sps  1668] ret_mean=57.500 ep_len=500.0 pi_loss=-0.011 v_loss=1.998 ent=0.582 kl=0.0137
[upd  252 | steps  129024 | t   77.2s | sps  1672] ret_mean=193.000 ep_len=500.0 pi_loss=-0.000 v_loss=8.666 ent=0.059 kl=0.0012
[upd  253 | steps  129536 | t   77.3s | sps  1675] ret_mean=115.000 ep_len=500.0 pi_loss=-0.007 v_loss=3.388 ent=0.341 kl=0.0138
[upd  254 | steps  130048 | t   77.5s | sps  1678] ret_mean=131.500 ep_len=500.0 pi_loss=-0.003 v_loss=3.678 ent=0.200 kl=0.0026
[upd  255 | steps  130560 | t   77.7s | sps  1681] ret_mean=40.500 ep_len=500.0 pi_loss=-0.005 v_loss=3.168 ent=0.718 kl=0.0021
[upd  256 | steps  131072 | t   77.8s | sps  1684] ret_mean=44.000 ep_len=500.0 pi_loss=-0.013 v_loss=2.998 ent=0.757 kl=0.0203
[upd  257 | steps  131584 | t   78.0s | sps  1687] ret_mean=49.500 ep_len=500.0 pi_loss=-0.003 v_loss=1.658 ent=0.687 kl=0.0043
[upd  258 | steps  132096 | t   78.1s | sps  1690] ret_mean=167.000 ep_len=500.0 pi_loss=-0.002 v_loss=5.322 ent=0.096 kl=-0.0015
[upd  259 | steps  132608 | t   78.3s | sps  1693] ret_mean=78.500 ep_len=500.0 pi_loss=-0.007 v_loss=2.541 ent=0.635 kl=-0.0000
[upd  260 | steps  133120 | t   78.5s | sps  1696] ret_mean=46.500 ep_len=500.0 pi_loss=-0.004 v_loss=2.980 ent=0.644 kl=0.0016
[upd  261 | steps  133632 | t   78.7s | sps  1699] ret_mean=130.500 ep_len=500.0 pi_loss=-0.006 v_loss=5.064 ent=0.306 kl=-0.0000
[upd  262 | steps  134144 | t   78.8s | sps  1702] ret_mean=139.500 ep_len=500.0 pi_loss=-0.001 v_loss=6.783 ent=0.127 kl=0.0006
[upd  263 | steps  134656 | t   79.0s | sps  1705] ret_mean=176.000 ep_len=500.0 pi_loss=-0.002 v_loss=4.955 ent=0.177 kl=0.0024
[upd  264 | steps  135168 | t   79.1s | sps  1708] ret_mean=130.000 ep_len=500.0 pi_loss=-0.003 v_loss=6.189 ent=0.051 kl=-0.0023
[upd  265 | steps  135680 | t   79.3s | sps  1712] ret_mean=185.000 ep_len=500.0 pi_loss=-0.002 v_loss=6.221 ent=0.057 kl=-0.0017
[upd  266 | steps  136192 | t   79.4s | sps  1715] ret_mean=192.000 ep_len=500.0 pi_loss=-0.002 v_loss=4.155 ent=0.221 kl=0.0038
[upd  267 | steps  136704 | t   79.6s | sps  1718] ret_mean=122.000 ep_len=500.0 pi_loss=-0.002 v_loss=2.323 ent=0.359 kl=0.0107
[upd  268 | steps  137216 | t   79.8s | sps  1720] ret_mean=111.000 ep_len=500.0 pi_loss=-0.003 v_loss=3.324 ent=0.407 kl=0.0067
[upd  269 | steps  137728 | t   79.9s | sps  1723] ret_mean=0.000 ep_len=500.0 pi_loss=-0.006 v_loss=4.981 ent=0.730 kl=0.0124
[upd  270 | steps  138240 | t   80.1s | sps  1726] ret_mean=115.000 ep_len=500.0 pi_loss=-0.001 v_loss=2.421 ent=0.270 kl=-0.0005
[upd  271 | steps  138752 | t   80.2s | sps  1729] ret_mean=80.500 ep_len=500.0 pi_loss=-0.003 v_loss=4.634 ent=0.696 kl=-0.0016
[upd  272 | steps  139264 | t   80.4s | sps  1732] ret_mean=85.000 ep_len=500.0 pi_loss=-0.004 v_loss=3.337 ent=0.590 kl=0.0074
[upd  273 | steps  139776 | t   80.6s | sps  1735] ret_mean=22.500 ep_len=500.0 pi_loss=-0.010 v_loss=1.214 ent=0.732 kl=0.0037
[upd  274 | steps  140288 | t   80.7s | sps  1738] ret_mean=121.500 ep_len=500.0 pi_loss=-0.005 v_loss=2.816 ent=0.605 kl=0.0133
[upd  275 | steps  140800 | t   80.9s | sps  1741] ret_mean=0.000 ep_len=500.0 pi_loss=-0.004 v_loss=1.683 ent=0.765 kl=0.0020
        [eval] ret_mean=31.567 ep_len=500.0
[upd  276 | steps  141312 | t   85.0s | sps  1663] ret_mean=184.000 ep_len=500.0 pi_loss=-0.001 v_loss=7.384 ent=0.146 kl=-0.0023
[upd  277 | steps  141824 | t   85.1s | sps  1666] ret_mean=133.000 ep_len=500.0 pi_loss=-0.004 v_loss=3.442 ent=0.296 kl=-0.0028
[upd  278 | steps  142336 | t   85.3s | sps  1669] ret_mean=127.000 ep_len=500.0 pi_loss=-0.001 v_loss=3.847 ent=0.223 kl=0.0009
[upd  279 | steps  142848 | t   85.5s | sps  1672] ret_mean=127.000 ep_len=500.0 pi_loss=-0.001 v_loss=4.627 ent=0.132 kl=0.0006
[upd  280 | steps  143360 | t   85.6s | sps  1674] ret_mean=185.000 ep_len=500.0 pi_loss=-0.002 v_loss=6.180 ent=0.118 kl=0.0008
[upd  281 | steps  143872 | t   85.8s | sps  1677] ret_mean=162.000 ep_len=500.0 pi_loss=0.000 v_loss=6.288 ent=0.107 kl=0.0012
[upd  282 | steps  144384 | t   85.9s | sps  1680] ret_mean=168.500 ep_len=500.0 pi_loss=-0.002 v_loss=6.881 ent=0.128 kl=0.0018
[upd  283 | steps  144896 | t   86.1s | sps  1683] ret_mean=177.500 ep_len=500.0 pi_loss=-0.004 v_loss=7.034 ent=0.095 kl=-0.0014
[upd  284 | steps  145408 | t   86.2s | sps  1686] ret_mean=181.500 ep_len=500.0 pi_loss=-0.001 v_loss=4.985 ent=0.115 kl=0.0005
[upd  285 | steps  145920 | t   86.4s | sps  1689] ret_mean=53.500 ep_len=500.0 pi_loss=-0.005 v_loss=3.814 ent=0.654 kl=0.0122
[upd  286 | steps  146432 | t   86.6s | sps  1692] ret_mean=161.500 ep_len=500.0 pi_loss=-0.003 v_loss=7.348 ent=0.052 kl=-0.0002
[upd  287 | steps  146944 | t   86.7s | sps  1695] ret_mean=170.500 ep_len=500.0 pi_loss=-0.001 v_loss=5.980 ent=0.029 kl=-0.0003
[upd  288 | steps  147456 | t   86.9s | sps  1697] ret_mean=186.500 ep_len=500.0 pi_loss=-0.002 v_loss=3.892 ent=0.120 kl=0.0037
[upd  289 | steps  147968 | t   87.0s | sps  1700] ret_mean=153.000 ep_len=500.0 pi_loss=-0.001 v_loss=4.492 ent=0.176 kl=0.0006
[upd  290 | steps  148480 | t   87.2s | sps  1703] ret_mean=72.500 ep_len=500.0 pi_loss=-0.001 v_loss=6.518 ent=0.189 kl=-0.0002
[upd  291 | steps  148992 | t   87.4s | sps  1706] ret_mean=98.500 ep_len=500.0 pi_loss=-0.004 v_loss=4.596 ent=0.398 kl=0.0152
[upd  292 | steps  149504 | t   87.5s | sps  1708] ret_mean=161.000 ep_len=500.0 pi_loss=-0.003 v_loss=5.726 ent=0.173 kl=0.0026
[upd  293 | steps  150016 | t   87.7s | sps  1711] ret_mean=142.000 ep_len=500.0 pi_loss=-0.004 v_loss=5.235 ent=0.169 kl=0.0007
[upd  294 | steps  150528 | t   87.8s | sps  1714] ret_mean=136.000 ep_len=500.0 pi_loss=-0.003 v_loss=4.166 ent=0.244 kl=0.0035
[upd  295 | steps  151040 | t   88.0s | sps  1717] ret_mean=74.500 ep_len=500.0 pi_loss=-0.002 v_loss=3.071 ent=0.292 kl=0.0116
[upd  296 | steps  151552 | t   88.1s | sps  1720] ret_mean=137.000 ep_len=500.0 pi_loss=-0.003 v_loss=6.700 ent=0.104 kl=0.0026
[upd  297 | steps  152064 | t   88.3s | sps  1722] ret_mean=165.500 ep_len=500.0 pi_loss=-0.002 v_loss=2.256 ent=0.239 kl=0.0083
[upd  298 | steps  152576 | t   88.5s | sps  1725] ret_mean=124.500 ep_len=500.0 pi_loss=-0.008 v_loss=4.767 ent=0.217 kl=0.0033
[upd  299 | steps  153088 | t   88.6s | sps  1727] ret_mean=166.000 ep_len=500.0 pi_loss=-0.000 v_loss=6.708 ent=0.073 kl=0.0007
[upd  300 | steps  153600 | t   88.8s | sps  1730] ret_mean=161.000 ep_len=500.0 pi_loss=-0.005 v_loss=5.349 ent=0.078 kl=-0.0005
        [eval] ret_mean=40.417 ep_len=500.0
[upd  301 | steps  154112 | t   92.7s | sps  1663] ret_mean=134.000 ep_len=500.0 pi_loss=-0.001 v_loss=4.760 ent=0.170 kl=0.0011
[upd  302 | steps  154624 | t   92.8s | sps  1666] ret_mean=179.000 ep_len=500.0 pi_loss=-0.003 v_loss=5.514 ent=0.181 kl=-0.0000
[upd  303 | steps  155136 | t   93.0s | sps  1668] ret_mean=35.500 ep_len=500.0 pi_loss=-0.003 v_loss=5.552 ent=0.722 kl=0.0092
[upd  304 | steps  155648 | t   93.1s | sps  1671] ret_mean=200.000 ep_len=500.0 pi_loss=-0.001 v_loss=5.860 ent=0.068 kl=-0.0001
[upd  305 | steps  156160 | t   93.3s | sps  1674] ret_mean=164.500 ep_len=500.0 pi_loss=-0.005 v_loss=6.604 ent=0.108 kl=-0.0018
[upd  306 | steps  156672 | t   93.5s | sps  1676] ret_mean=194.000 ep_len=500.0 pi_loss=-0.010 v_loss=5.190 ent=0.182 kl=0.0213
[upd  307 | steps  157184 | t   93.6s | sps  1679] ret_mean=53.500 ep_len=500.0 pi_loss=-0.002 v_loss=4.527 ent=0.709 kl=0.0013
[upd  308 | steps  157696 | t   93.8s | sps  1682] ret_mean=147.000 ep_len=500.0 pi_loss=-0.005 v_loss=6.024 ent=0.184 kl=0.0065
[upd  309 | steps  158208 | t   93.9s | sps  1685] ret_mean=153.000 ep_len=500.0 pi_loss=-0.003 v_loss=5.483 ent=0.073 kl=0.0018
[upd  310 | steps  158720 | t   94.1s | sps  1687] ret_mean=177.500 ep_len=500.0 pi_loss=-0.000 v_loss=4.640 ent=0.147 kl=0.0010
[upd  311 | steps  159232 | t   94.2s | sps  1690] ret_mean=129.000 ep_len=500.0 pi_loss=-0.002 v_loss=4.868 ent=0.262 kl=-0.0008
[upd  312 | steps  159744 | t   94.4s | sps  1692] ret_mean=124.000 ep_len=500.0 pi_loss=-0.011 v_loss=2.508 ent=0.317 kl=0.0196
[upd  313 | steps  160256 | t   94.5s | sps  1695] ret_mean=88.000 ep_len=500.0 pi_loss=-0.008 v_loss=6.348 ent=0.576 kl=0.0091
[upd  314 | steps  160768 | t   94.7s | sps  1697] ret_mean=24.500 ep_len=500.0 pi_loss=-0.001 v_loss=3.073 ent=0.640 kl=0.0016
[upd  315 | steps  161280 | t   94.9s | sps  1700] ret_mean=123.500 ep_len=500.0 pi_loss=-0.004 v_loss=2.872 ent=0.341 kl=0.0017
[upd  316 | steps  161792 | t   95.0s | sps  1703] ret_mean=99.500 ep_len=500.0 pi_loss=-0.004 v_loss=2.660 ent=0.279 kl=0.0089
[upd  317 | steps  162304 | t   95.2s | sps  1705] ret_mean=52.500 ep_len=500.0 pi_loss=-0.005 v_loss=4.498 ent=0.714 kl=0.0005
[upd  318 | steps  162816 | t   95.4s | sps  1707] ret_mean=39.000 ep_len=500.0 pi_loss=0.001 v_loss=3.248 ent=0.712 kl=0.0070
[upd  319 | steps  163328 | t   95.5s | sps  1710] ret_mean=120.500 ep_len=500.0 pi_loss=-0.004 v_loss=5.255 ent=0.384 kl=-0.0006
[upd  320 | steps  163840 | t   95.7s | sps  1712] ret_mean=70.000 ep_len=500.0 pi_loss=-0.003 v_loss=2.691 ent=0.270 kl=0.0038
[upd  321 | steps  164352 | t   95.8s | sps  1715] ret_mean=103.000 ep_len=500.0 pi_loss=-0.005 v_loss=4.752 ent=0.449 kl=0.0047
[upd  322 | steps  164864 | t   96.0s | sps  1718] ret_mean=128.000 ep_len=500.0 pi_loss=-0.001 v_loss=6.127 ent=0.320 kl=0.0001
[upd  323 | steps  165376 | t   96.1s | sps  1720] ret_mean=46.000 ep_len=500.0 pi_loss=-0.005 v_loss=6.084 ent=0.409 kl=0.0015
[upd  324 | steps  165888 | t   96.3s | sps  1722] ret_mean=150.500 ep_len=500.0 pi_loss=-0.003 v_loss=4.970 ent=0.292 kl=0.0018
[upd  325 | steps  166400 | t   96.5s | sps  1725] ret_mean=88.000 ep_len=500.0 pi_loss=-0.008 v_loss=2.914 ent=0.448 kl=-0.0031
        [eval] ret_mean=26.700 ep_len=500.0
[upd  326 | steps  166912 | t  100.3s | sps  1664] ret_mean=166.000 ep_len=500.0 pi_loss=-0.002 v_loss=5.252 ent=0.147 kl=0.0006
[upd  327 | steps  167424 | t  100.5s | sps  1666] ret_mean=162.500 ep_len=500.0 pi_loss=-0.003 v_loss=4.967 ent=0.131 kl=0.0029
[upd  328 | steps  167936 | t  100.7s | sps  1669] ret_mean=47.000 ep_len=500.0 pi_loss=-0.006 v_loss=3.430 ent=0.662 kl=0.0015
[upd  329 | steps  168448 | t  100.8s | sps  1671] ret_mean=67.000 ep_len=500.0 pi_loss=-0.001 v_loss=3.656 ent=0.603 kl=0.0053
[upd  330 | steps  168960 | t  101.0s | sps  1673] ret_mean=175.500 ep_len=500.0 pi_loss=-0.001 v_loss=5.100 ent=0.114 kl=0.0023
[upd  331 | steps  169472 | t  101.1s | sps  1676] ret_mean=192.000 ep_len=500.0 pi_loss=-0.005 v_loss=5.448 ent=0.153 kl=0.0054
[upd  332 | steps  169984 | t  101.3s | sps  1678] ret_mean=74.000 ep_len=500.0 pi_loss=-0.008 v_loss=4.314 ent=0.527 kl=0.0172
[upd  333 | steps  170496 | t  101.4s | sps  1681] ret_mean=164.000 ep_len=500.0 pi_loss=-0.000 v_loss=5.259 ent=0.064 kl=-0.0007
[upd  334 | steps  171008 | t  101.6s | sps  1683] ret_mean=191.500 ep_len=500.0 pi_loss=-0.003 v_loss=4.883 ent=0.160 kl=0.0026
[upd  335 | steps  171520 | t  101.7s | sps  1686] ret_mean=136.500 ep_len=500.0 pi_loss=-0.004 v_loss=4.273 ent=0.251 kl=0.0046
[upd  336 | steps  172032 | t  101.9s | sps  1688] ret_mean=118.000 ep_len=500.0 pi_loss=-0.003 v_loss=5.348 ent=0.261 kl=0.0044
[upd  337 | steps  172544 | t  102.1s | sps  1691] ret_mean=83.000 ep_len=500.0 pi_loss=-0.004 v_loss=5.704 ent=0.493 kl=0.0032
[upd  338 | steps  173056 | t  102.2s | sps  1693] ret_mean=190.000 ep_len=500.0 pi_loss=-0.003 v_loss=4.170 ent=0.280 kl=0.0043
[upd  339 | steps  173568 | t  102.4s | sps  1695] ret_mean=102.000 ep_len=500.0 pi_loss=-0.004 v_loss=4.402 ent=0.182 kl=0.0024
[upd  340 | steps  174080 | t  102.5s | sps  1698] ret_mean=176.000 ep_len=500.0 pi_loss=-0.002 v_loss=6.670 ent=0.042 kl=-0.0000
[upd  341 | steps  174592 | t  102.7s | sps  1700] ret_mean=196.500 ep_len=500.0 pi_loss=-0.002 v_loss=4.697 ent=0.264 kl=0.0035
[upd  342 | steps  175104 | t  102.9s | sps  1702] ret_mean=50.500 ep_len=500.0 pi_loss=-0.006 v_loss=3.631 ent=0.751 kl=0.0069
[upd  343 | steps  175616 | t  103.0s | sps  1705] ret_mean=106.500 ep_len=500.0 pi_loss=-0.004 v_loss=3.905 ent=0.309 kl=0.0015
[upd  344 | steps  176128 | t  103.2s | sps  1707] ret_mean=131.000 ep_len=500.0 pi_loss=-0.002 v_loss=4.305 ent=0.202 kl=0.0008
[upd  345 | steps  176640 | t  103.3s | sps  1709] ret_mean=60.500 ep_len=500.0 pi_loss=-0.005 v_loss=4.385 ent=0.720 kl=0.0085
[upd  346 | steps  177152 | t  103.5s | sps  1712] ret_mean=124.000 ep_len=500.0 pi_loss=-0.001 v_loss=5.162 ent=0.315 kl=0.0062
[upd  347 | steps  177664 | t  103.7s | sps  1714] ret_mean=132.500 ep_len=500.0 pi_loss=-0.002 v_loss=4.572 ent=0.189 kl=0.0013
[upd  348 | steps  178176 | t  103.8s | sps  1716] ret_mean=157.000 ep_len=500.0 pi_loss=-0.005 v_loss=4.698 ent=0.478 kl=0.0083
[upd  349 | steps  178688 | t  104.0s | sps  1719] ret_mean=76.000 ep_len=500.0 pi_loss=-0.003 v_loss=4.868 ent=0.143 kl=0.0026
[upd  350 | steps  179200 | t  104.1s | sps  1721] ret_mean=181.500 ep_len=500.0 pi_loss=-0.001 v_loss=7.828 ent=0.059 kl=-0.0008
        [eval] ret_mean=40.000 ep_len=500.0
[upd  351 | steps  179712 | t  108.2s | sps  1661] ret_mean=111.500 ep_len=500.0 pi_loss=-0.002 v_loss=4.844 ent=0.415 kl=0.0010
[upd  352 | steps  180224 | t  108.3s | sps  1664] ret_mean=195.500 ep_len=500.0 pi_loss=-0.002 v_loss=7.033 ent=0.074 kl=-0.0019
[upd  353 | steps  180736 | t  108.5s | sps  1666] ret_mean=149.500 ep_len=500.0 pi_loss=-0.004 v_loss=4.825 ent=0.179 kl=0.0011
[upd  354 | steps  181248 | t  108.7s | sps  1668] ret_mean=168.500 ep_len=500.0 pi_loss=-0.001 v_loss=4.909 ent=0.045 kl=0.0010
[upd  355 | steps  181760 | t  108.8s | sps  1670] ret_mean=190.500 ep_len=500.0 pi_loss=-0.003 v_loss=6.060 ent=0.082 kl=0.0003
[upd  356 | steps  182272 | t  109.0s | sps  1673] ret_mean=157.000 ep_len=500.0 pi_loss=-0.000 v_loss=4.382 ent=0.128 kl=0.0007
[upd  357 | steps  182784 | t  109.1s | sps  1675] ret_mean=165.000 ep_len=500.0 pi_loss=-0.002 v_loss=5.017 ent=0.141 kl=-0.0005
[upd  358 | steps  183296 | t  109.3s | sps  1677] ret_mean=140.500 ep_len=500.0 pi_loss=-0.004 v_loss=6.229 ent=0.507 kl=0.0042
[upd  359 | steps  183808 | t  109.5s | sps  1679] ret_mean=74.000 ep_len=500.0 pi_loss=-0.004 v_loss=4.354 ent=0.386 kl=0.0005
[upd  360 | steps  184320 | t  109.6s | sps  1682] ret_mean=156.500 ep_len=500.0 pi_loss=-0.001 v_loss=5.172 ent=0.034 kl=-0.0008
[upd  361 | steps  184832 | t  109.8s | sps  1684] ret_mean=180.000 ep_len=500.0 pi_loss=-0.002 v_loss=5.638 ent=0.244 kl=-0.0000
[upd  362 | steps  185344 | t  109.9s | sps  1686] ret_mean=24.500 ep_len=500.0 pi_loss=-0.006 v_loss=5.200 ent=0.801 kl=0.0017
[upd  363 | steps  185856 | t  110.1s | sps  1688] ret_mean=102.000 ep_len=500.0 pi_loss=-0.004 v_loss=5.522 ent=0.413 kl=0.0072
[upd  364 | steps  186368 | t  110.3s | sps  1690] ret_mean=106.500 ep_len=500.0 pi_loss=-0.005 v_loss=5.952 ent=0.440 kl=0.0047
[upd  365 | steps  186880 | t  110.4s | sps  1693] ret_mean=139.500 ep_len=500.0 pi_loss=-0.003 v_loss=4.105 ent=0.246 kl=0.0048
[upd  366 | steps  187392 | t  110.6s | sps  1695] ret_mean=102.500 ep_len=500.0 pi_loss=-0.007 v_loss=2.279 ent=0.405 kl=0.0012
[upd  367 | steps  187904 | t  110.7s | sps  1697] ret_mean=152.000 ep_len=500.0 pi_loss=-0.002 v_loss=5.837 ent=0.025 kl=-0.0005
[upd  368 | steps  188416 | t  110.9s | sps  1699] ret_mean=181.500 ep_len=500.0 pi_loss=-0.002 v_loss=4.853 ent=0.105 kl=-0.0037
[upd  369 | steps  188928 | t  111.0s | sps  1702] ret_mean=166.500 ep_len=500.0 pi_loss=-0.002 v_loss=5.565 ent=0.082 kl=-0.0018
[upd  370 | steps  189440 | t  111.2s | sps  1704] ret_mean=177.500 ep_len=500.0 pi_loss=-0.000 v_loss=5.123 ent=0.145 kl=-0.0003
[upd  371 | steps  189952 | t  111.3s | sps  1706] ret_mean=165.500 ep_len=500.0 pi_loss=-0.006 v_loss=5.297 ent=0.225 kl=0.0009
[upd  372 | steps  190464 | t  111.5s | sps  1708] ret_mean=161.000 ep_len=500.0 pi_loss=-0.001 v_loss=6.901 ent=0.042 kl=-0.0001
[upd  373 | steps  190976 | t  111.7s | sps  1710] ret_mean=186.500 ep_len=500.0 pi_loss=-0.003 v_loss=3.108 ent=0.255 kl=0.0028
[upd  374 | steps  191488 | t  111.8s | sps  1713] ret_mean=121.000 ep_len=500.0 pi_loss=-0.001 v_loss=5.627 ent=0.038 kl=-0.0010
[upd  375 | steps  192000 | t  112.0s | sps  1715] ret_mean=177.500 ep_len=500.0 pi_loss=-0.007 v_loss=4.395 ent=0.219 kl=0.0103
        [eval] ret_mean=33.950 ep_len=500.0
[upd  376 | steps  192512 | t  116.1s | sps  1658] ret_mean=138.500 ep_len=500.0 pi_loss=-0.001 v_loss=4.304 ent=0.254 kl=0.0023
[upd  377 | steps  193024 | t  116.3s | sps  1660] ret_mean=143.000 ep_len=500.0 pi_loss=-0.003 v_loss=4.716 ent=0.196 kl=0.0052
[upd  378 | steps  193536 | t  116.4s | sps  1662] ret_mean=0.000 ep_len=500.0 pi_loss=-0.006 v_loss=5.379 ent=1.115 kl=0.0100
[upd  379 | steps  194048 | t  116.6s | sps  1664] ret_mean=135.500 ep_len=500.0 pi_loss=-0.004 v_loss=5.315 ent=0.143 kl=-0.0016
[upd  380 | steps  194560 | t  116.7s | sps  1667] ret_mean=203.500 ep_len=500.0 pi_loss=-0.002 v_loss=5.772 ent=0.141 kl=0.0011
[upd  381 | steps  195072 | t  116.9s | sps  1669] ret_mean=148.500 ep_len=500.0 pi_loss=-0.008 v_loss=4.681 ent=0.297 kl=0.0147
[upd  382 | steps  195584 | t  117.1s | sps  1670] ret_mean=11.000 ep_len=500.0 pi_loss=-0.007 v_loss=6.315 ent=0.993 kl=0.0112
[upd  383 | steps  196096 | t  117.3s | sps  1672] ret_mean=119.500 ep_len=500.0 pi_loss=-0.003 v_loss=2.510 ent=0.314 kl=0.0086
[upd  384 | steps  196608 | t  117.4s | sps  1674] ret_mean=122.000 ep_len=500.0 pi_loss=-0.006 v_loss=4.008 ent=0.431 kl=0.0018
[upd  385 | steps  197120 | t  117.6s | sps  1676] ret_mean=118.500 ep_len=500.0 pi_loss=-0.005 v_loss=4.288 ent=0.257 kl=0.0034
[upd  386 | steps  197632 | t  117.8s | sps  1678] ret_mean=170.000 ep_len=500.0 pi_loss=-0.001 v_loss=3.902 ent=0.156 kl=0.0019
[upd  387 | steps  198144 | t  117.9s | sps  1680] ret_mean=154.500 ep_len=500.0 pi_loss=-0.003 v_loss=3.963 ent=0.270 kl=0.0036
[upd  388 | steps  198656 | t  118.1s | sps  1682] ret_mean=53.500 ep_len=500.0 pi_loss=-0.005 v_loss=4.020 ent=0.615 kl=0.0041
[upd  389 | steps  199168 | t  118.2s | sps  1685] ret_mean=154.000 ep_len=500.0 pi_loss=-0.001 v_loss=4.040 ent=0.210 kl=0.0019
[upd  390 | steps  199680 | t  118.4s | sps  1687] ret_mean=54.000 ep_len=500.0 pi_loss=-0.011 v_loss=4.851 ent=0.693 kl=0.0040
[upd  391 | steps  200192 | t  118.6s | sps  1688] ret_mean=147.500 ep_len=500.0 pi_loss=-0.002 v_loss=4.970 ent=0.219 kl=0.0080
[upd  392 | steps  200704 | t  118.7s | sps  1690] ret_mean=130.500 ep_len=500.0 pi_loss=-0.006 v_loss=4.790 ent=0.317 kl=0.0062
[upd  393 | steps  201216 | t  118.9s | sps  1692] ret_mean=151.500 ep_len=500.0 pi_loss=-0.005 v_loss=5.729 ent=0.426 kl=0.0061
[upd  394 | steps  201728 | t  119.1s | sps  1694] ret_mean=71.500 ep_len=500.0 pi_loss=-0.005 v_loss=5.505 ent=0.431 kl=0.0069
[upd  395 | steps  202240 | t  119.2s | sps  1696] ret_mean=17.000 ep_len=500.0 pi_loss=-0.004 v_loss=3.542 ent=0.569 kl=0.0128
[upd  396 | steps  202752 | t  119.4s | sps  1698] ret_mean=167.000 ep_len=500.0 pi_loss=-0.010 v_loss=6.828 ent=0.481 kl=0.0139
[upd  397 | steps  203264 | t  119.5s | sps  1700] ret_mean=50.500 ep_len=500.0 pi_loss=-0.002 v_loss=5.091 ent=0.257 kl=0.0056
[upd  398 | steps  203776 | t  119.7s | sps  1702] ret_mean=169.000 ep_len=500.0 pi_loss=-0.004 v_loss=3.035 ent=0.398 kl=0.0186
[upd  399 | steps  204288 | t  119.9s | sps  1704] ret_mean=103.500 ep_len=500.0 pi_loss=-0.007 v_loss=5.088 ent=0.356 kl=0.0170
[upd  400 | steps  204800 | t  120.0s | sps  1706] ret_mean=134.500 ep_len=500.0 pi_loss=-0.006 v_loss=3.862 ent=0.436 kl=0.0031
        [eval] ret_mean=66.667 ep_len=500.0
