$ /Users/praneelkhiantani/Downloads/cs2860/.venv/bin/python3 -m policies.train --env rware-medium-2ag-easy-v2 --seed 2 --updates 200 --rollout 512 --eval-every 50 --eval-episodes 10 --log-dir matrix_results/intent_grounded_v1_pilot/rware-medium-2ag-easy-v2 --run-name mappo-comm__baseline__d0__s2 --n-msg-tokens 8 --shape-rewards --pickup-bonus 0.5

[env] EnvSpec(env_id='rware-medium-2ag-easy-v2', n_agents=2, obs_dim=71, n_env_actions=5, noop_action=0, family='rware')  (n_msg_tokens=8)
[cfg] {'clip_range': 0.2, 'value_clip_range': 0.2, 'entropy_coef': 0.01, 'value_coef': 0.5, 'max_grad_norm': 0.5, 'gamma': 0.99, 'gae_lambda': 0.95, 'lr_actor': 0.0003, 'lr_critic': 0.001, 'update_epochs': 4, 'minibatches': 4, 'hidden': 128, 'depth': 2, 'device': 'cpu', 'message_grounding_coef': 0.0, 'extra': {}}
[log] writing to matrix_results/intent_grounded_v1_pilot/rware-medium-2ag-easy-v2/mappo-comm__baseline__d0__s2
[upd    1 | steps     512 | t    0.8s | sps   604] ret_mean=0.000 ep_len=500.0 pi_loss=-0.011 v_loss=0.100 ent=3.683 msg_acc=0.000 kl=0.0054
[upd    2 | steps    1024 | t    1.6s | sps   646] ret_mean=0.000 ep_len=500.0 pi_loss=-0.007 v_loss=0.008 ent=3.685 msg_acc=0.000 kl=0.0005
[upd    3 | steps    1536 | t    2.3s | sps   667] ret_mean=0.000 ep_len=500.0 pi_loss=-0.010 v_loss=0.009 ent=3.679 msg_acc=0.000 kl=0.0068
[upd    4 | steps    2048 | t    3.0s | sps   683] ret_mean=0.000 ep_len=500.0 pi_loss=-0.011 v_loss=0.014 ent=3.675 msg_acc=0.000 kl=0.0065
[upd    5 | steps    2560 | t    3.9s | sps   655] ret_mean=0.000 ep_len=500.0 pi_loss=-0.009 v_loss=0.007 ent=3.661 msg_acc=0.000 kl=0.0048
[upd    6 | steps    3072 | t    4.6s | sps   663] ret_mean=0.000 ep_len=500.0 pi_loss=-0.012 v_loss=0.005 ent=3.656 msg_acc=0.000 kl=-0.0012
[upd    7 | steps    3584 | t    5.4s | sps   669] ret_mean=0.000 ep_len=500.0 pi_loss=-0.010 v_loss=0.002 ent=3.634 msg_acc=0.000 kl=0.0089
[upd    8 | steps    4096 | t    6.1s | sps   672] ret_mean=0.000 ep_len=500.0 pi_loss=-0.007 v_loss=0.003 ent=3.638 msg_acc=0.000 kl=0.0030
[upd    9 | steps    4608 | t    7.1s | sps   645] ret_mean=0.000 ep_len=500.0 pi_loss=-0.012 v_loss=0.002 ent=3.652 msg_acc=0.000 kl=0.0058
[upd   10 | steps    5120 | t    8.0s | sps   637] ret_mean=0.000 ep_len=500.0 pi_loss=-0.007 v_loss=0.001 ent=3.543 msg_acc=0.000 kl=0.0032
[upd   11 | steps    5632 | t    8.8s | sps   637] ret_mean=0.000 ep_len=500.0 pi_loss=-0.018 v_loss=0.005 ent=3.539 msg_acc=0.000 kl=0.0041
[upd   12 | steps    6144 | t    9.7s | sps   636] ret_mean=0.000 ep_len=500.0 pi_loss=-0.013 v_loss=0.003 ent=3.563 msg_acc=0.000 kl=0.0070
[upd   13 | steps    6656 | t   10.4s | sps   640] ret_mean=0.000 ep_len=500.0 pi_loss=-0.016 v_loss=0.028 ent=3.503 msg_acc=0.000 kl=0.0104
[upd   14 | steps    7168 | t   11.3s | sps   633] ret_mean=4.000 ep_len=500.0 pi_loss=-0.013 v_loss=0.009 ent=3.535 msg_acc=0.000 kl=0.0147
[upd   15 | steps    7680 | t   12.3s | sps   625] ret_mean=0.000 ep_len=500.0 pi_loss=-0.013 v_loss=0.005 ent=3.539 msg_acc=0.000 kl=0.0132
[upd   16 | steps    8192 | t   13.5s | sps   607] ret_mean=0.000 ep_len=500.0 pi_loss=-0.011 v_loss=0.004 ent=3.435 msg_acc=0.000 kl=0.0116
[upd   17 | steps    8704 | t   14.4s | sps   603] ret_mean=0.000 ep_len=500.0 pi_loss=-0.010 v_loss=0.015 ent=3.417 msg_acc=0.000 kl=0.0099
[upd   18 | steps    9216 | t   15.3s | sps   604] ret_mean=0.000 ep_len=500.0 pi_loss=-0.003 v_loss=0.003 ent=3.537 msg_acc=0.000 kl=0.0041
[upd   19 | steps    9728 | t   16.0s | sps   606] ret_mean=0.000 ep_len=500.0 pi_loss=-0.006 v_loss=0.019 ent=3.351 msg_acc=0.000 kl=0.0059
[upd   20 | steps   10240 | t   16.8s | sps   608] ret_mean=0.000 ep_len=500.0 pi_loss=-0.008 v_loss=0.004 ent=3.466 msg_acc=0.000 kl=0.0173
[upd   21 | steps   10752 | t   17.8s | sps   606] ret_mean=0.000 ep_len=500.0 pi_loss=-0.009 v_loss=0.002 ent=3.428 msg_acc=0.000 kl=0.0082
[upd   22 | steps   11264 | t   18.6s | sps   607] ret_mean=0.000 ep_len=500.0 pi_loss=-0.012 v_loss=0.003 ent=3.415 msg_acc=0.000 kl=0.0092
[upd   23 | steps   11776 | t   19.3s | sps   610] ret_mean=0.000 ep_len=500.0 pi_loss=-0.010 v_loss=0.006 ent=3.368 msg_acc=0.000 kl=0.0101
[upd   24 | steps   12288 | t   20.8s | sps   590] ret_mean=0.000 ep_len=500.0 pi_loss=-0.007 v_loss=0.003 ent=3.405 msg_acc=0.000 kl=0.0081
[upd   25 | steps   12800 | t   21.9s | sps   585] ret_mean=0.000 ep_len=500.0 pi_loss=-0.015 v_loss=0.003 ent=3.236 msg_acc=0.000 kl=0.0067
[upd   26 | steps   13312 | t   22.6s | sps   589] ret_mean=0.000 ep_len=500.0 pi_loss=-0.008 v_loss=0.011 ent=3.276 msg_acc=0.000 kl=0.0118
[upd   27 | steps   13824 | t   23.3s | sps   593] ret_mean=0.000 ep_len=500.0 pi_loss=-0.012 v_loss=0.002 ent=3.383 msg_acc=0.000 kl=0.0040
[upd   28 | steps   14336 | t   24.0s | sps   598] ret_mean=0.000 ep_len=500.0 pi_loss=-0.007 v_loss=0.002 ent=3.377 msg_acc=0.000 kl=0.0003
[upd   29 | steps   14848 | t   24.6s | sps   603] ret_mean=0.500 ep_len=500.0 pi_loss=-0.017 v_loss=0.001 ent=3.393 msg_acc=0.000 kl=0.0111
[upd   30 | steps   15360 | t   25.3s | sps   607] ret_mean=0.000 ep_len=500.0 pi_loss=-0.009 v_loss=0.000 ent=3.350 msg_acc=0.000 kl=0.0083
[upd   31 | steps   15872 | t   26.0s | sps   611] ret_mean=0.000 ep_len=500.0 pi_loss=-0.013 v_loss=0.006 ent=3.209 msg_acc=0.000 kl=0.0116
[upd   32 | steps   16384 | t   26.6s | sps   615] ret_mean=1.000 ep_len=500.0 pi_loss=-0.014 v_loss=0.008 ent=3.346 msg_acc=0.000 kl=0.0096
[upd   33 | steps   16896 | t   27.2s | sps   620] ret_mean=1.500 ep_len=500.0 pi_loss=-0.011 v_loss=0.008 ent=3.458 msg_acc=0.000 kl=0.0024
[upd   34 | steps   17408 | t   27.9s | sps   624] ret_mean=2.000 ep_len=500.0 pi_loss=-0.011 v_loss=0.002 ent=3.221 msg_acc=0.000 kl=0.0177
[upd   35 | steps   17920 | t   28.6s | sps   626] ret_mean=0.000 ep_len=500.0 pi_loss=-0.006 v_loss=0.000 ent=3.249 msg_acc=0.000 kl=0.0065
[upd   36 | steps   18432 | t   29.3s | sps   629] ret_mean=0.000 ep_len=500.0 pi_loss=-0.007 v_loss=0.001 ent=3.027 msg_acc=0.000 kl=0.0030
[upd   37 | steps   18944 | t   30.2s | sps   627] ret_mean=0.000 ep_len=500.0 pi_loss=-0.008 v_loss=0.024 ent=2.986 msg_acc=0.000 kl=0.0092
[upd   38 | steps   19456 | t   30.9s | sps   629] ret_mean=3.000 ep_len=500.0 pi_loss=-0.010 v_loss=0.003 ent=3.427 msg_acc=0.000 kl=0.0039
[upd   39 | steps   19968 | t   31.6s | sps   632] ret_mean=0.500 ep_len=500.0 pi_loss=-0.017 v_loss=0.001 ent=3.204 msg_acc=0.000 kl=-0.0016
[upd   40 | steps   20480 | t   32.2s | sps   635] ret_mean=0.000 ep_len=500.0 pi_loss=-0.009 v_loss=0.002 ent=3.116 msg_acc=0.000 kl=0.0109
[upd   41 | steps   20992 | t   32.9s | sps   639] ret_mean=0.000 ep_len=500.0 pi_loss=-0.015 v_loss=0.001 ent=3.260 msg_acc=0.000 kl=0.0033
[upd   42 | steps   21504 | t   33.5s | sps   642] ret_mean=0.000 ep_len=500.0 pi_loss=-0.009 v_loss=0.001 ent=3.163 msg_acc=0.000 kl=0.0045
[upd   43 | steps   22016 | t   34.2s | sps   644] ret_mean=0.000 ep_len=500.0 pi_loss=-0.010 v_loss=0.000 ent=3.231 msg_acc=0.000 kl=0.0007
[upd   44 | steps   22528 | t   34.8s | sps   647] ret_mean=0.000 ep_len=500.0 pi_loss=-0.012 v_loss=0.001 ent=3.377 msg_acc=0.000 kl=0.0078
[upd   45 | steps   23040 | t   35.5s | sps   650] ret_mean=0.000 ep_len=500.0 pi_loss=-0.009 v_loss=0.001 ent=3.508 msg_acc=0.000 kl=0.0042
[upd   46 | steps   23552 | t   36.1s | sps   653] ret_mean=1.000 ep_len=500.0 pi_loss=-0.013 v_loss=0.006 ent=3.540 msg_acc=0.000 kl=0.0085
[upd   47 | steps   24064 | t   36.7s | sps   655] ret_mean=0.000 ep_len=500.0 pi_loss=-0.014 v_loss=0.001 ent=3.303 msg_acc=0.000 kl=0.0046
[upd   48 | steps   24576 | t   37.3s | sps   658] ret_mean=0.000 ep_len=500.0 pi_loss=-0.009 v_loss=0.001 ent=3.341 msg_acc=0.000 kl=0.0061
[upd   49 | steps   25088 | t   38.0s | sps   661] ret_mean=0.000 ep_len=500.0 pi_loss=-0.008 v_loss=0.001 ent=3.168 msg_acc=0.000 kl=0.0078
[upd   50 | steps   25600 | t   38.6s | sps   663] ret_mean=0.000 ep_len=500.0 pi_loss=-0.009 v_loss=0.003 ent=3.428 msg_acc=0.000 kl=-0.0015
        [eval] ret_mean=0.000 ep_len=500.0
[upd   51 | steps   26112 | t   44.0s | sps   593] ret_mean=0.000 ep_len=500.0 pi_loss=-0.005 v_loss=0.000 ent=2.987 msg_acc=0.000 kl=0.0020
[upd   52 | steps   26624 | t   44.6s | sps   597] ret_mean=0.000 ep_len=500.0 pi_loss=-0.010 v_loss=0.000 ent=3.304 msg_acc=0.000 kl=0.0107
[upd   53 | steps   27136 | t   45.3s | sps   600] ret_mean=0.000 ep_len=500.0 pi_loss=-0.010 v_loss=0.001 ent=3.242 msg_acc=0.000 kl=0.0147
[upd   54 | steps   27648 | t   45.9s | sps   602] ret_mean=0.000 ep_len=500.0 pi_loss=-0.010 v_loss=0.000 ent=3.325 msg_acc=0.000 kl=0.0098
[upd   55 | steps   28160 | t   46.5s | sps   605] ret_mean=0.000 ep_len=500.0 pi_loss=-0.007 v_loss=0.001 ent=3.273 msg_acc=0.000 kl=0.0046
[upd   56 | steps   28672 | t   47.2s | sps   608] ret_mean=0.000 ep_len=500.0 pi_loss=-0.012 v_loss=0.001 ent=3.298 msg_acc=0.000 kl=0.0090
[upd   57 | steps   29184 | t   47.8s | sps   611] ret_mean=0.000 ep_len=500.0 pi_loss=-0.012 v_loss=0.001 ent=3.224 msg_acc=0.000 kl=0.0137
[upd   58 | steps   29696 | t   48.4s | sps   614] ret_mean=0.000 ep_len=500.0 pi_loss=-0.007 v_loss=0.001 ent=3.211 msg_acc=0.000 kl=0.0042
[upd   59 | steps   30208 | t   49.0s | sps   617] ret_mean=0.000 ep_len=500.0 pi_loss=-0.011 v_loss=0.000 ent=3.179 msg_acc=0.000 kl=0.0132
[upd   60 | steps   30720 | t   49.7s | sps   619] ret_mean=0.000 ep_len=500.0 pi_loss=-0.008 v_loss=0.000 ent=3.321 msg_acc=0.000 kl=0.0030
[upd   61 | steps   31232 | t   50.3s | sps   620] ret_mean=0.000 ep_len=500.0 pi_loss=-0.010 v_loss=0.000 ent=3.375 msg_acc=0.000 kl=0.0045
[upd   62 | steps   31744 | t   51.0s | sps   622] ret_mean=0.000 ep_len=500.0 pi_loss=-0.013 v_loss=0.000 ent=3.486 msg_acc=0.000 kl=0.0097
[upd   63 | steps   32256 | t   51.7s | sps   624] ret_mean=0.000 ep_len=500.0 pi_loss=-0.009 v_loss=0.000 ent=3.220 msg_acc=0.000 kl=0.0053
[upd   64 | steps   32768 | t   52.5s | sps   625] ret_mean=0.000 ep_len=500.0 pi_loss=-0.014 v_loss=0.010 ent=3.150 msg_acc=0.000 kl=0.0213
[upd   65 | steps   33280 | t   53.2s | sps   626] ret_mean=4.000 ep_len=500.0 pi_loss=-0.013 v_loss=0.017 ent=3.204 msg_acc=0.000 kl=0.0042
[upd   66 | steps   33792 | t   53.9s | sps   627] ret_mean=0.000 ep_len=500.0 pi_loss=-0.012 v_loss=0.005 ent=3.162 msg_acc=0.000 kl=0.0067
[upd   67 | steps   34304 | t   54.6s | sps   628] ret_mean=0.000 ep_len=500.0 pi_loss=-0.011 v_loss=0.001 ent=3.340 msg_acc=0.000 kl=0.0053
[upd   68 | steps   34816 | t   55.3s | sps   630] ret_mean=0.000 ep_len=500.0 pi_loss=-0.009 v_loss=0.001 ent=3.055 msg_acc=0.000 kl=0.0016
[upd   69 | steps   35328 | t   56.0s | sps   631] ret_mean=0.000 ep_len=500.0 pi_loss=-0.011 v_loss=0.001 ent=3.233 msg_acc=0.000 kl=0.0048
[upd   70 | steps   35840 | t   56.6s | sps   633] ret_mean=0.000 ep_len=500.0 pi_loss=-0.011 v_loss=0.001 ent=3.368 msg_acc=0.000 kl=-0.0002
[upd   71 | steps   36352 | t   57.2s | sps   635] ret_mean=0.000 ep_len=500.0 pi_loss=-0.011 v_loss=0.001 ent=3.007 msg_acc=0.000 kl=0.0179
[upd   72 | steps   36864 | t   57.9s | sps   637] ret_mean=0.000 ep_len=500.0 pi_loss=-0.013 v_loss=0.000 ent=3.133 msg_acc=0.000 kl=0.0100
[upd   73 | steps   37376 | t   58.5s | sps   639] ret_mean=0.000 ep_len=500.0 pi_loss=-0.014 v_loss=0.001 ent=3.188 msg_acc=0.000 kl=0.0128
[upd   74 | steps   37888 | t   59.1s | sps   641] ret_mean=0.000 ep_len=500.0 pi_loss=-0.010 v_loss=0.000 ent=3.085 msg_acc=0.000 kl=0.0133
[upd   75 | steps   38400 | t   59.8s | sps   642] ret_mean=0.000 ep_len=500.0 pi_loss=-0.016 v_loss=0.000 ent=3.233 msg_acc=0.000 kl=0.0157
[upd   76 | steps   38912 | t   60.4s | sps   644] ret_mean=0.000 ep_len=500.0 pi_loss=-0.011 v_loss=0.000 ent=3.267 msg_acc=0.000 kl=0.0168
[upd   77 | steps   39424 | t   61.0s | sps   646] ret_mean=0.000 ep_len=500.0 pi_loss=-0.014 v_loss=0.000 ent=3.148 msg_acc=0.000 kl=0.0119
[upd   78 | steps   39936 | t   61.7s | sps   648] ret_mean=0.000 ep_len=500.0 pi_loss=-0.010 v_loss=0.000 ent=2.880 msg_acc=0.000 kl=0.0049
[upd   79 | steps   40448 | t   62.3s | sps   649] ret_mean=0.000 ep_len=500.0 pi_loss=-0.009 v_loss=0.000 ent=2.917 msg_acc=0.000 kl=0.0088
[upd   80 | steps   40960 | t   62.9s | sps   651] ret_mean=0.000 ep_len=500.0 pi_loss=-0.014 v_loss=0.000 ent=3.079 msg_acc=0.000 kl=0.0062
[upd   81 | steps   41472 | t   63.5s | sps   653] ret_mean=0.000 ep_len=500.0 pi_loss=-0.008 v_loss=0.000 ent=2.930 msg_acc=0.000 kl=0.0203
[upd   82 | steps   41984 | t   64.2s | sps   654] ret_mean=0.000 ep_len=500.0 pi_loss=-0.013 v_loss=0.000 ent=2.672 msg_acc=0.000 kl=0.0129
[upd   83 | steps   42496 | t   64.8s | sps   655] ret_mean=0.000 ep_len=500.0 pi_loss=-0.009 v_loss=0.000 ent=2.933 msg_acc=0.000 kl=0.0095
[upd   84 | steps   43008 | t   65.5s | sps   657] ret_mean=0.000 ep_len=500.0 pi_loss=-0.007 v_loss=0.000 ent=2.673 msg_acc=0.000 kl=0.0073
[upd   85 | steps   43520 | t   66.1s | sps   658] ret_mean=0.000 ep_len=500.0 pi_loss=-0.008 v_loss=0.000 ent=2.887 msg_acc=0.000 kl=-0.0008
[upd   86 | steps   44032 | t   66.8s | sps   660] ret_mean=0.000 ep_len=500.0 pi_loss=-0.011 v_loss=0.000 ent=3.097 msg_acc=0.000 kl=0.0052
[upd   87 | steps   44544 | t   67.4s | sps   661] ret_mean=0.000 ep_len=500.0 pi_loss=-0.011 v_loss=0.011 ent=3.091 msg_acc=0.000 kl=0.0109
[upd   88 | steps   45056 | t   68.1s | sps   662] ret_mean=2.000 ep_len=500.0 pi_loss=-0.014 v_loss=0.000 ent=3.233 msg_acc=0.000 kl=0.0124
[upd   89 | steps   45568 | t   68.7s | sps   663] ret_mean=0.000 ep_len=500.0 pi_loss=-0.011 v_loss=0.015 ent=3.365 msg_acc=0.000 kl=0.0049
[upd   90 | steps   46080 | t   69.4s | sps   664] ret_mean=2.500 ep_len=500.0 pi_loss=-0.011 v_loss=0.001 ent=3.049 msg_acc=0.000 kl=0.0028
[upd   91 | steps   46592 | t   70.1s | sps   665] ret_mean=0.000 ep_len=500.0 pi_loss=-0.012 v_loss=0.000 ent=2.888 msg_acc=0.000 kl=0.0129
[upd   92 | steps   47104 | t   70.7s | sps   666] ret_mean=0.000 ep_len=500.0 pi_loss=-0.007 v_loss=0.000 ent=2.626 msg_acc=0.000 kl=0.0144
[upd   93 | steps   47616 | t   71.4s | sps   667] ret_mean=0.000 ep_len=500.0 pi_loss=-0.009 v_loss=0.000 ent=2.908 msg_acc=0.000 kl=0.0076
[upd   94 | steps   48128 | t   72.1s | sps   667] ret_mean=0.000 ep_len=500.0 pi_loss=-0.012 v_loss=0.000 ent=2.604 msg_acc=0.000 kl=0.0099
[upd   95 | steps   48640 | t   72.8s | sps   668] ret_mean=0.000 ep_len=500.0 pi_loss=-0.008 v_loss=0.000 ent=3.346 msg_acc=0.000 kl=0.0042
[upd   96 | steps   49152 | t   73.4s | sps   670] ret_mean=0.000 ep_len=500.0 pi_loss=-0.007 v_loss=0.000 ent=3.035 msg_acc=0.000 kl=0.0013
[upd   97 | steps   49664 | t   74.0s | sps   671] ret_mean=0.000 ep_len=500.0 pi_loss=-0.013 v_loss=0.000 ent=2.958 msg_acc=0.000 kl=0.0041
[upd   98 | steps   50176 | t   74.7s | sps   672] ret_mean=0.000 ep_len=500.0 pi_loss=-0.006 v_loss=0.000 ent=2.855 msg_acc=0.000 kl=0.0102
[upd   99 | steps   50688 | t   75.3s | sps   673] ret_mean=0.000 ep_len=500.0 pi_loss=-0.010 v_loss=0.000 ent=3.191 msg_acc=0.000 kl=0.0056
[upd  100 | steps   51200 | t   76.0s | sps   674] ret_mean=0.000 ep_len=500.0 pi_loss=-0.013 v_loss=0.000 ent=2.765 msg_acc=0.000 kl=0.0081
        [eval] ret_mean=0.000 ep_len=500.0
[upd  101 | steps   51712 | t   81.8s | sps   632] ret_mean=0.000 ep_len=500.0 pi_loss=-0.010 v_loss=0.001 ent=2.622 msg_acc=0.000 kl=0.0119
[upd  102 | steps   52224 | t   82.4s | sps   634] ret_mean=0.000 ep_len=500.0 pi_loss=-0.008 v_loss=0.000 ent=2.861 msg_acc=0.000 kl=0.0161
[upd  103 | steps   52736 | t   83.1s | sps   635] ret_mean=0.000 ep_len=500.0 pi_loss=-0.014 v_loss=0.000 ent=2.663 msg_acc=0.000 kl=0.0119
[upd  104 | steps   53248 | t   83.8s | sps   636] ret_mean=0.000 ep_len=500.0 pi_loss=-0.013 v_loss=0.000 ent=2.745 msg_acc=0.000 kl=-0.0016
[upd  105 | steps   53760 | t   84.4s | sps   637] ret_mean=0.000 ep_len=500.0 pi_loss=-0.005 v_loss=0.000 ent=2.702 msg_acc=0.000 kl=0.0047
[upd  106 | steps   54272 | t   85.0s | sps   638] ret_mean=0.000 ep_len=500.0 pi_loss=-0.015 v_loss=0.000 ent=3.131 msg_acc=0.000 kl=0.0078
[upd  107 | steps   54784 | t   85.6s | sps   640] ret_mean=0.000 ep_len=500.0 pi_loss=-0.012 v_loss=0.000 ent=3.030 msg_acc=0.000 kl=0.0118
[upd  108 | steps   55296 | t   86.2s | sps   641] ret_mean=0.000 ep_len=500.0 pi_loss=-0.018 v_loss=0.000 ent=3.307 msg_acc=0.000 kl=0.0037
[upd  109 | steps   55808 | t   86.9s | sps   642] ret_mean=0.000 ep_len=500.0 pi_loss=-0.010 v_loss=0.000 ent=3.132 msg_acc=0.000 kl=0.0096
[upd  110 | steps   56320 | t   87.5s | sps   643] ret_mean=0.000 ep_len=500.0 pi_loss=-0.008 v_loss=0.000 ent=2.899 msg_acc=0.000 kl=-0.0050
[upd  111 | steps   56832 | t   88.1s | sps   645] ret_mean=0.000 ep_len=500.0 pi_loss=-0.012 v_loss=0.000 ent=3.081 msg_acc=0.000 kl=0.0058
[upd  112 | steps   57344 | t   88.8s | sps   646] ret_mean=0.000 ep_len=500.0 pi_loss=-0.011 v_loss=0.000 ent=2.931 msg_acc=0.000 kl=0.0108
[upd  113 | steps   57856 | t   89.4s | sps   647] ret_mean=0.000 ep_len=500.0 pi_loss=-0.011 v_loss=0.000 ent=2.855 msg_acc=0.000 kl=0.0105
[upd  114 | steps   58368 | t   90.1s | sps   648] ret_mean=0.000 ep_len=500.0 pi_loss=-0.008 v_loss=0.000 ent=3.010 msg_acc=0.000 kl=0.0069
[upd  115 | steps   58880 | t   91.0s | sps   647] ret_mean=0.000 ep_len=500.0 pi_loss=-0.017 v_loss=0.000 ent=2.877 msg_acc=0.000 kl=0.0021
[upd  116 | steps   59392 | t   91.7s | sps   648] ret_mean=0.000 ep_len=500.0 pi_loss=-0.013 v_loss=0.000 ent=3.083 msg_acc=0.000 kl=0.0078
[upd  117 | steps   59904 | t   92.7s | sps   646] ret_mean=0.000 ep_len=500.0 pi_loss=-0.012 v_loss=0.000 ent=2.654 msg_acc=0.000 kl=0.0110
[upd  118 | steps   60416 | t   93.4s | sps   647] ret_mean=0.000 ep_len=500.0 pi_loss=-0.011 v_loss=0.000 ent=2.688 msg_acc=0.000 kl=0.0119
[upd  119 | steps   60928 | t   94.2s | sps   647] ret_mean=0.000 ep_len=500.0 pi_loss=-0.012 v_loss=0.000 ent=2.820 msg_acc=0.000 kl=0.0056
[upd  120 | steps   61440 | t   94.9s | sps   648] ret_mean=0.000 ep_len=500.0 pi_loss=-0.012 v_loss=0.000 ent=2.959 msg_acc=0.000 kl=0.0062
[upd  121 | steps   61952 | t   95.6s | sps   648] ret_mean=0.000 ep_len=500.0 pi_loss=-0.017 v_loss=0.000 ent=3.001 msg_acc=0.000 kl=0.0072
[upd  122 | steps   62464 | t   96.3s | sps   649] ret_mean=0.000 ep_len=500.0 pi_loss=-0.012 v_loss=0.000 ent=2.865 msg_acc=0.000 kl=0.0059
[upd  123 | steps   62976 | t   97.0s | sps   649] ret_mean=0.000 ep_len=500.0 pi_loss=-0.010 v_loss=0.000 ent=2.779 msg_acc=0.000 kl=-0.0016
[upd  124 | steps   63488 | t   97.6s | sps   650] ret_mean=0.000 ep_len=500.0 pi_loss=-0.014 v_loss=0.000 ent=2.986 msg_acc=0.000 kl=0.0090
[upd  125 | steps   64000 | t   98.3s | sps   651] ret_mean=0.000 ep_len=500.0 pi_loss=-0.010 v_loss=0.008 ent=2.805 msg_acc=0.000 kl=0.0098
[upd  126 | steps   64512 | t   98.9s | sps   652] ret_mean=1.500 ep_len=500.0 pi_loss=-0.016 v_loss=0.000 ent=2.708 msg_acc=0.000 kl=0.0159
[upd  127 | steps   65024 | t   99.5s | sps   653] ret_mean=0.000 ep_len=500.0 pi_loss=-0.010 v_loss=0.000 ent=2.732 msg_acc=0.000 kl=0.0140
[upd  128 | steps   65536 | t  100.1s | sps   655] ret_mean=0.000 ep_len=500.0 pi_loss=-0.012 v_loss=0.015 ent=2.899 msg_acc=0.000 kl=0.0058
[upd  129 | steps   66048 | t  100.7s | sps   656] ret_mean=2.000 ep_len=500.0 pi_loss=-0.012 v_loss=0.000 ent=2.735 msg_acc=0.000 kl=0.0158
[upd  130 | steps   66560 | t  101.4s | sps   656] ret_mean=0.000 ep_len=500.0 pi_loss=-0.006 v_loss=0.002 ent=2.731 msg_acc=0.000 kl=0.0056
[upd  131 | steps   67072 | t  102.0s | sps   657] ret_mean=0.000 ep_len=500.0 pi_loss=-0.011 v_loss=0.001 ent=2.578 msg_acc=0.000 kl=0.0038
[upd  132 | steps   67584 | t  102.6s | sps   659] ret_mean=0.000 ep_len=500.0 pi_loss=-0.011 v_loss=0.000 ent=2.852 msg_acc=0.000 kl=0.0080
[upd  133 | steps   68096 | t  103.4s | sps   659] ret_mean=0.000 ep_len=500.0 pi_loss=-0.006 v_loss=0.001 ent=2.706 msg_acc=0.000 kl=0.0080
[upd  134 | steps   68608 | t  104.2s | sps   659] ret_mean=0.000 ep_len=500.0 pi_loss=-0.010 v_loss=0.003 ent=2.484 msg_acc=0.000 kl=0.0051
[upd  135 | steps   69120 | t  104.9s | sps   659] ret_mean=1.000 ep_len=500.0 pi_loss=-0.011 v_loss=0.001 ent=2.940 msg_acc=0.000 kl=0.0131
[upd  136 | steps   69632 | t  105.6s | sps   660] ret_mean=0.000 ep_len=500.0 pi_loss=-0.011 v_loss=0.000 ent=2.702 msg_acc=0.000 kl=0.0105
[upd  137 | steps   70144 | t  106.2s | sps   661] ret_mean=0.000 ep_len=500.0 pi_loss=-0.008 v_loss=0.000 ent=2.904 msg_acc=0.000 kl=0.0025
[upd  138 | steps   70656 | t  106.8s | sps   662] ret_mean=0.000 ep_len=500.0 pi_loss=-0.011 v_loss=0.000 ent=2.733 msg_acc=0.000 kl=0.0031
[upd  139 | steps   71168 | t  107.4s | sps   663] ret_mean=0.000 ep_len=500.0 pi_loss=-0.010 v_loss=0.000 ent=2.810 msg_acc=0.000 kl=0.0044
[upd  140 | steps   71680 | t  108.0s | sps   664] ret_mean=0.000 ep_len=500.0 pi_loss=-0.009 v_loss=0.000 ent=2.825 msg_acc=0.000 kl=0.0030
[upd  141 | steps   72192 | t  108.7s | sps   664] ret_mean=0.000 ep_len=500.0 pi_loss=-0.011 v_loss=0.000 ent=2.931 msg_acc=0.000 kl=0.0035
[upd  142 | steps   72704 | t  109.4s | sps   665] ret_mean=0.000 ep_len=500.0 pi_loss=-0.014 v_loss=0.000 ent=3.200 msg_acc=0.000 kl=0.0035
[upd  143 | steps   73216 | t  110.0s | sps   665] ret_mean=0.000 ep_len=500.0 pi_loss=-0.009 v_loss=0.000 ent=2.739 msg_acc=0.000 kl=0.0034
[upd  144 | steps   73728 | t  110.7s | sps   666] ret_mean=0.000 ep_len=500.0 pi_loss=-0.006 v_loss=0.000 ent=2.180 msg_acc=0.000 kl=-0.0003
[upd  145 | steps   74240 | t  111.3s | sps   667] ret_mean=0.000 ep_len=500.0 pi_loss=-0.009 v_loss=0.009 ent=2.231 msg_acc=0.000 kl=0.0112
[upd  146 | steps   74752 | t  111.9s | sps   668] ret_mean=0.000 ep_len=500.0 pi_loss=-0.009 v_loss=0.000 ent=3.174 msg_acc=0.000 kl=0.0046
[upd  147 | steps   75264 | t  112.5s | sps   669] ret_mean=0.000 ep_len=500.0 pi_loss=-0.015 v_loss=0.000 ent=2.817 msg_acc=0.000 kl=0.0106
[upd  148 | steps   75776 | t  113.2s | sps   670] ret_mean=8.500 ep_len=500.0 pi_loss=-0.015 v_loss=0.101 ent=2.959 msg_acc=0.000 kl=0.0140
[upd  149 | steps   76288 | t  113.8s | sps   670] ret_mean=0.000 ep_len=500.0 pi_loss=-0.008 v_loss=0.009 ent=2.727 msg_acc=0.000 kl=0.0029
[upd  150 | steps   76800 | t  114.4s | sps   671] ret_mean=0.000 ep_len=500.0 pi_loss=-0.013 v_loss=0.003 ent=2.838 msg_acc=0.000 kl=0.0116
        [eval] ret_mean=0.000 ep_len=500.0
[upd  151 | steps   77312 | t  120.1s | sps   644] ret_mean=0.000 ep_len=500.0 pi_loss=-0.007 v_loss=0.001 ent=2.732 msg_acc=0.000 kl=0.0045
[upd  152 | steps   77824 | t  120.7s | sps   645] ret_mean=0.000 ep_len=500.0 pi_loss=-0.014 v_loss=0.001 ent=2.755 msg_acc=0.000 kl=0.0124
[upd  153 | steps   78336 | t  121.3s | sps   646] ret_mean=0.000 ep_len=500.0 pi_loss=-0.018 v_loss=0.000 ent=2.377 msg_acc=0.000 kl=0.0177
[upd  154 | steps   78848 | t  121.9s | sps   647] ret_mean=0.000 ep_len=500.0 pi_loss=-0.006 v_loss=0.001 ent=2.351 msg_acc=0.000 kl=0.0003
[upd  155 | steps   79360 | t  122.5s | sps   648] ret_mean=0.000 ep_len=500.0 pi_loss=-0.013 v_loss=0.009 ent=2.908 msg_acc=0.000 kl=0.0185
[upd  156 | steps   79872 | t  123.2s | sps   648] ret_mean=2.500 ep_len=500.0 pi_loss=-0.015 v_loss=0.002 ent=3.133 msg_acc=0.000 kl=0.0088
[upd  157 | steps   80384 | t  123.8s | sps   649] ret_mean=0.000 ep_len=500.0 pi_loss=-0.009 v_loss=0.000 ent=2.108 msg_acc=0.000 kl=0.0156
[upd  158 | steps   80896 | t  124.4s | sps   650] ret_mean=0.000 ep_len=500.0 pi_loss=-0.010 v_loss=0.001 ent=2.230 msg_acc=0.000 kl=0.0162
[upd  159 | steps   81408 | t  125.0s | sps   651] ret_mean=0.000 ep_len=500.0 pi_loss=-0.012 v_loss=0.000 ent=2.676 msg_acc=0.000 kl=0.0140
[upd  160 | steps   81920 | t  125.6s | sps   652] ret_mean=11.000 ep_len=500.0 pi_loss=-0.013 v_loss=0.204 ent=2.470 msg_acc=0.000 kl=0.0082
[upd  161 | steps   82432 | t  126.2s | sps   653] ret_mean=0.000 ep_len=500.0 pi_loss=-0.009 v_loss=0.000 ent=2.790 msg_acc=0.000 kl=0.0123
[upd  162 | steps   82944 | t  126.9s | sps   654] ret_mean=0.000 ep_len=500.0 pi_loss=-0.014 v_loss=0.000 ent=2.825 msg_acc=0.000 kl=0.0073
[upd  163 | steps   83456 | t  127.5s | sps   655] ret_mean=0.000 ep_len=500.0 pi_loss=-0.007 v_loss=0.000 ent=2.816 msg_acc=0.000 kl=0.0068
[upd  164 | steps   83968 | t  128.1s | sps   655] ret_mean=0.000 ep_len=500.0 pi_loss=-0.015 v_loss=0.000 ent=2.917 msg_acc=0.000 kl=0.0156
[upd  165 | steps   84480 | t  128.9s | sps   656] ret_mean=0.000 ep_len=500.0 pi_loss=-0.015 v_loss=0.000 ent=2.731 msg_acc=0.000 kl=0.0103
[upd  166 | steps   84992 | t  129.5s | sps   656] ret_mean=0.000 ep_len=500.0 pi_loss=-0.010 v_loss=0.000 ent=2.170 msg_acc=0.000 kl=0.0116
[upd  167 | steps   85504 | t  130.2s | sps   657] ret_mean=0.000 ep_len=500.0 pi_loss=-0.007 v_loss=0.000 ent=2.637 msg_acc=0.000 kl=0.0085
[upd  168 | steps   86016 | t  130.9s | sps   657] ret_mean=0.000 ep_len=500.0 pi_loss=-0.014 v_loss=0.000 ent=2.713 msg_acc=0.000 kl=0.0049
[upd  169 | steps   86528 | t  131.5s | sps   658] ret_mean=0.000 ep_len=500.0 pi_loss=-0.005 v_loss=0.000 ent=2.401 msg_acc=0.000 kl=0.0065
[upd  170 | steps   87040 | t  132.2s | sps   658] ret_mean=0.000 ep_len=500.0 pi_loss=-0.012 v_loss=0.000 ent=2.462 msg_acc=0.000 kl=0.0135
[upd  171 | steps   87552 | t  132.9s | sps   659] ret_mean=0.000 ep_len=500.0 pi_loss=-0.011 v_loss=0.000 ent=2.702 msg_acc=0.000 kl=0.0117
[upd  172 | steps   88064 | t  133.5s | sps   660] ret_mean=0.000 ep_len=500.0 pi_loss=-0.007 v_loss=0.000 ent=2.554 msg_acc=0.000 kl=0.0098
[upd  173 | steps   88576 | t  134.1s | sps   660] ret_mean=0.000 ep_len=500.0 pi_loss=-0.012 v_loss=0.000 ent=2.335 msg_acc=0.000 kl=0.0104
[upd  174 | steps   89088 | t  134.7s | sps   661] ret_mean=0.000 ep_len=500.0 pi_loss=-0.008 v_loss=0.000 ent=2.572 msg_acc=0.000 kl=0.0042
[upd  175 | steps   89600 | t  135.4s | sps   662] ret_mean=0.000 ep_len=500.0 pi_loss=-0.013 v_loss=0.000 ent=2.558 msg_acc=0.000 kl=0.0202
[upd  176 | steps   90112 | t  136.1s | sps   662] ret_mean=0.000 ep_len=500.0 pi_loss=-0.003 v_loss=0.000 ent=2.556 msg_acc=0.000 kl=0.0086
[upd  177 | steps   90624 | t  136.7s | sps   663] ret_mean=0.000 ep_len=500.0 pi_loss=-0.007 v_loss=0.000 ent=2.609 msg_acc=0.000 kl=0.0123
[upd  178 | steps   91136 | t  137.3s | sps   664] ret_mean=0.000 ep_len=500.0 pi_loss=-0.004 v_loss=0.000 ent=2.355 msg_acc=0.000 kl=0.0025
[upd  179 | steps   91648 | t  137.9s | sps   665] ret_mean=0.000 ep_len=500.0 pi_loss=-0.010 v_loss=0.262 ent=2.441 msg_acc=0.000 kl=0.0076
[upd  180 | steps   92160 | t  138.5s | sps   665] ret_mean=11.500 ep_len=500.0 pi_loss=-0.010 v_loss=0.001 ent=2.528 msg_acc=0.000 kl=0.0029
[upd  181 | steps   92672 | t  139.1s | sps   666] ret_mean=0.000 ep_len=500.0 pi_loss=-0.012 v_loss=0.000 ent=2.816 msg_acc=0.000 kl=0.0076
[upd  182 | steps   93184 | t  139.8s | sps   667] ret_mean=0.000 ep_len=500.0 pi_loss=-0.015 v_loss=0.001 ent=2.892 msg_acc=0.000 kl=0.0139
[upd  183 | steps   93696 | t  140.4s | sps   667] ret_mean=0.000 ep_len=500.0 pi_loss=-0.015 v_loss=0.002 ent=3.118 msg_acc=0.000 kl=0.0114
[upd  184 | steps   94208 | t  141.1s | sps   668] ret_mean=0.000 ep_len=500.0 pi_loss=-0.009 v_loss=0.000 ent=2.891 msg_acc=0.000 kl=0.0015
[upd  185 | steps   94720 | t  141.8s | sps   668] ret_mean=0.000 ep_len=500.0 pi_loss=-0.013 v_loss=0.000 ent=2.572 msg_acc=0.000 kl=0.0128
[upd  186 | steps   95232 | t  142.5s | sps   668] ret_mean=0.000 ep_len=500.0 pi_loss=-0.013 v_loss=0.000 ent=2.896 msg_acc=0.000 kl=0.0133
[upd  187 | steps   95744 | t  143.1s | sps   669] ret_mean=0.000 ep_len=500.0 pi_loss=-0.017 v_loss=0.001 ent=2.897 msg_acc=0.000 kl=0.0040
[upd  188 | steps   96256 | t  143.8s | sps   669] ret_mean=0.000 ep_len=500.0 pi_loss=-0.014 v_loss=0.000 ent=2.774 msg_acc=0.000 kl=0.0066
[upd  189 | steps   96768 | t  144.5s | sps   670] ret_mean=0.000 ep_len=500.0 pi_loss=-0.009 v_loss=0.000 ent=2.761 msg_acc=0.000 kl=0.0106
[upd  190 | steps   97280 | t  145.1s | sps   670] ret_mean=0.000 ep_len=500.0 pi_loss=-0.006 v_loss=0.000 ent=2.911 msg_acc=0.000 kl=0.0057
[upd  191 | steps   97792 | t  145.7s | sps   671] ret_mean=0.000 ep_len=500.0 pi_loss=-0.011 v_loss=0.000 ent=2.860 msg_acc=0.000 kl=0.0131
[upd  192 | steps   98304 | t  146.3s | sps   672] ret_mean=0.000 ep_len=500.0 pi_loss=-0.014 v_loss=0.000 ent=2.974 msg_acc=0.000 kl=0.0039
[upd  193 | steps   98816 | t  146.9s | sps   673] ret_mean=3.000 ep_len=500.0 pi_loss=-0.015 v_loss=0.040 ent=3.191 msg_acc=0.000 kl=0.0099
[upd  194 | steps   99328 | t  147.5s | sps   673] ret_mean=0.000 ep_len=500.0 pi_loss=-0.009 v_loss=0.000 ent=3.012 msg_acc=0.000 kl=0.0059
[upd  195 | steps   99840 | t  148.2s | sps   674] ret_mean=0.000 ep_len=500.0 pi_loss=-0.008 v_loss=0.001 ent=3.084 msg_acc=0.000 kl=0.0014
[upd  196 | steps  100352 | t  148.8s | sps   675] ret_mean=0.000 ep_len=500.0 pi_loss=-0.011 v_loss=0.000 ent=2.660 msg_acc=0.000 kl=0.0156
[upd  197 | steps  100864 | t  149.4s | sps   675] ret_mean=0.000 ep_len=500.0 pi_loss=-0.008 v_loss=0.000 ent=3.044 msg_acc=0.000 kl=0.0038
[upd  198 | steps  101376 | t  150.0s | sps   676] ret_mean=0.000 ep_len=500.0 pi_loss=-0.014 v_loss=0.000 ent=3.119 msg_acc=0.000 kl=0.0120
[upd  199 | steps  101888 | t  150.6s | sps   676] ret_mean=0.000 ep_len=500.0 pi_loss=-0.013 v_loss=0.000 ent=2.991 msg_acc=0.000 kl=0.0093
[upd  200 | steps  102400 | t  151.4s | sps   677] ret_mean=0.000 ep_len=500.0 pi_loss=-0.016 v_loss=0.001 ent=2.974 msg_acc=0.000 kl=0.0166
        [eval] ret_mean=0.000 ep_len=500.0
