$ /Users/praneelkhiantani/Downloads/cs2860/.venv/bin/python3 -m policies.train --env rware-tiny-2ag-easy-v2 --seed 1 --updates 200 --rollout 512 --eval-every 50 --eval-episodes 10 --log-dir matrix_results/intent_grounded_v1_pilot/rware-tiny-2ag-easy-v2 --run-name mappo-intent-aux__dropout-only__d0__s1 --n-msg-tokens 8 --message-grounding rware-intent --message-grounding-coef 0.2 --dropout --dropout-agent 0 --dropout-time 100 --shape-rewards --pickup-bonus 0.5

[env] EnvSpec(env_id='rware-tiny-2ag-easy-v2', n_agents=2, obs_dim=71, n_env_actions=5, noop_action=0, family='rware')  (n_msg_tokens=8)
[cfg] {'clip_range': 0.2, 'value_clip_range': 0.2, 'entropy_coef': 0.01, 'value_coef': 0.5, 'max_grad_norm': 0.5, 'gamma': 0.99, 'gae_lambda': 0.95, 'lr_actor': 0.0003, 'lr_critic': 0.001, 'update_epochs': 4, 'minibatches': 4, 'hidden': 128, 'depth': 2, 'device': 'cpu', 'message_grounding_coef': 0.2, 'extra': {}}
[log] writing to matrix_results/intent_grounded_v1_pilot/rware-tiny-2ag-easy-v2/mappo-intent-aux__dropout-only__d0__s1
[upd    1 | steps     512 | t    1.7s | sps   294] ret_mean=2.500 ep_len=500.0 pi_loss=-0.003 v_loss=0.026 ent=3.680 msg_acc=0.490 kl=0.0072
[upd    2 | steps    1024 | t    3.1s | sps   325] ret_mean=1.500 ep_len=500.0 pi_loss=-0.006 v_loss=0.012 ent=3.646 msg_acc=0.109 kl=0.0053
[upd    3 | steps    1536 | t    4.4s | sps   349] ret_mean=1.500 ep_len=500.0 pi_loss=-0.007 v_loss=0.010 ent=3.646 msg_acc=0.520 kl=0.0033
[upd    4 | steps    2048 | t    5.2s | sps   393] ret_mean=3.500 ep_len=500.0 pi_loss=-0.004 v_loss=0.031 ent=3.637 msg_acc=0.154 kl=0.0041
[upd    5 | steps    2560 | t    8.2s | sps   314] ret_mean=2.000 ep_len=500.0 pi_loss=-0.008 v_loss=0.015 ent=3.600 msg_acc=0.301 kl=0.0201
[upd    6 | steps    3072 | t   10.2s | sps   301] ret_mean=0.000 ep_len=500.0 pi_loss=0.005 v_loss=0.002 ent=3.546 msg_acc=0.771 kl=0.0083
[upd    7 | steps    3584 | t   11.8s | sps   303] ret_mean=0.500 ep_len=500.0 pi_loss=-0.010 v_loss=0.010 ent=3.354 msg_acc=0.661 kl=0.0136
[upd    8 | steps    4096 | t   12.5s | sps   327] ret_mean=2.000 ep_len=500.0 pi_loss=-0.002 v_loss=0.003 ent=3.364 msg_acc=0.368 kl=0.0266
[upd    9 | steps    4608 | t   13.2s | sps   350] ret_mean=1.500 ep_len=500.0 pi_loss=-0.004 v_loss=0.010 ent=3.212 msg_acc=0.719 kl=0.0292
[upd   10 | steps    5120 | t   13.8s | sps   371] ret_mean=0.000 ep_len=500.0 pi_loss=0.000 v_loss=0.003 ent=3.381 msg_acc=0.760 kl=0.0036
[upd   11 | steps    5632 | t   15.8s | sps   357] ret_mean=0.000 ep_len=500.0 pi_loss=-0.003 v_loss=0.003 ent=3.030 msg_acc=0.774 kl=0.0215
[upd   12 | steps    6144 | t   16.9s | sps   362] ret_mean=0.500 ep_len=500.0 pi_loss=-0.006 v_loss=0.001 ent=2.950 msg_acc=0.601 kl=0.0137
[upd   13 | steps    6656 | t   17.6s | sps   378] ret_mean=0.000 ep_len=500.0 pi_loss=0.004 v_loss=0.001 ent=3.107 msg_acc=0.255 kl=0.0221
[upd   14 | steps    7168 | t   18.4s | sps   389] ret_mean=0.000 ep_len=500.0 pi_loss=-0.002 v_loss=0.002 ent=2.905 msg_acc=0.777 kl=0.0190
[upd   15 | steps    7680 | t   19.5s | sps   394] ret_mean=0.500 ep_len=500.0 pi_loss=-0.006 v_loss=0.001 ent=2.814 msg_acc=0.580 kl=0.0139
[upd   16 | steps    8192 | t   20.5s | sps   400] ret_mean=3.500 ep_len=500.0 pi_loss=0.003 v_loss=0.042 ent=3.138 msg_acc=0.159 kl=0.0163
[upd   17 | steps    8704 | t   21.3s | sps   408] ret_mean=1.500 ep_len=500.0 pi_loss=0.005 v_loss=0.002 ent=3.074 msg_acc=0.340 kl=0.0238
[upd   18 | steps    9216 | t   22.0s | sps   418] ret_mean=0.000 ep_len=500.0 pi_loss=-0.005 v_loss=0.003 ent=2.924 msg_acc=0.544 kl=0.0001
[upd   19 | steps    9728 | t   22.7s | sps   429] ret_mean=1.000 ep_len=500.0 pi_loss=-0.002 v_loss=0.001 ent=3.147 msg_acc=0.229 kl=0.0273
[upd   20 | steps   10240 | t   23.3s | sps   439] ret_mean=3.000 ep_len=500.0 pi_loss=-0.004 v_loss=0.034 ent=3.046 msg_acc=0.537 kl=0.0135
[upd   21 | steps   10752 | t   23.9s | sps   449] ret_mean=0.000 ep_len=500.0 pi_loss=-0.010 v_loss=0.001 ent=2.893 msg_acc=0.664 kl=0.0114
[upd   22 | steps   11264 | t   24.6s | sps   458] ret_mean=0.000 ep_len=500.0 pi_loss=-0.010 v_loss=0.007 ent=2.790 msg_acc=0.587 kl=0.0197
[upd   23 | steps   11776 | t   25.2s | sps   467] ret_mean=1.000 ep_len=500.0 pi_loss=-0.000 v_loss=0.013 ent=3.140 msg_acc=0.270 kl=0.0363
[upd   24 | steps   12288 | t   25.9s | sps   475] ret_mean=1.500 ep_len=500.0 pi_loss=-0.002 v_loss=0.023 ent=2.988 msg_acc=0.464 kl=0.0127
[upd   25 | steps   12800 | t   26.6s | sps   482] ret_mean=2.500 ep_len=500.0 pi_loss=-0.006 v_loss=0.001 ent=3.059 msg_acc=0.128 kl=0.0042
[upd   26 | steps   13312 | t   27.3s | sps   487] ret_mean=0.000 ep_len=500.0 pi_loss=0.005 v_loss=0.008 ent=3.079 msg_acc=0.415 kl=0.0328
[upd   27 | steps   13824 | t   28.1s | sps   492] ret_mean=1.500 ep_len=500.0 pi_loss=-0.007 v_loss=0.001 ent=2.872 msg_acc=0.740 kl=0.0264
[upd   28 | steps   14336 | t   28.7s | sps   499] ret_mean=0.500 ep_len=500.0 pi_loss=0.001 v_loss=0.001 ent=2.864 msg_acc=0.732 kl=0.0365
[upd   29 | steps   14848 | t   29.4s | sps   505] ret_mean=0.000 ep_len=500.0 pi_loss=0.001 v_loss=0.002 ent=2.797 msg_acc=0.607 kl=0.0116
[upd   30 | steps   15360 | t   30.0s | sps   512] ret_mean=0.500 ep_len=500.0 pi_loss=-0.000 v_loss=0.001 ent=2.878 msg_acc=0.693 kl=0.0065
[upd   31 | steps   15872 | t   30.6s | sps   518] ret_mean=0.000 ep_len=500.0 pi_loss=-0.000 v_loss=0.003 ent=2.965 msg_acc=0.383 kl=0.0165
[upd   32 | steps   16384 | t   31.3s | sps   523] ret_mean=0.500 ep_len=500.0 pi_loss=-0.002 v_loss=0.001 ent=2.819 msg_acc=0.822 kl=0.0021
[upd   33 | steps   16896 | t   32.1s | sps   526] ret_mean=0.000 ep_len=500.0 pi_loss=-0.007 v_loss=0.002 ent=2.784 msg_acc=0.495 kl=0.0195
[upd   34 | steps   17408 | t   32.8s | sps   531] ret_mean=0.500 ep_len=500.0 pi_loss=-0.010 v_loss=0.000 ent=2.316 msg_acc=0.808 kl=0.0105
[upd   35 | steps   17920 | t   33.4s | sps   537] ret_mean=0.000 ep_len=500.0 pi_loss=0.000 v_loss=0.033 ent=2.757 msg_acc=0.401 kl=0.0147
[upd   36 | steps   18432 | t   34.0s | sps   542] ret_mean=4.000 ep_len=500.0 pi_loss=-0.014 v_loss=0.001 ent=2.448 msg_acc=0.545 kl=0.0136
[upd   37 | steps   18944 | t   34.6s | sps   548] ret_mean=0.000 ep_len=500.0 pi_loss=0.005 v_loss=0.005 ent=2.859 msg_acc=0.402 kl=0.0249
[upd   38 | steps   19456 | t   35.2s | sps   553] ret_mean=1.000 ep_len=500.0 pi_loss=0.001 v_loss=0.003 ent=2.832 msg_acc=0.490 kl=0.0159
[upd   39 | steps   19968 | t   35.9s | sps   556] ret_mean=2.000 ep_len=500.0 pi_loss=-0.007 v_loss=0.005 ent=2.251 msg_acc=0.837 kl=0.0148
[upd   40 | steps   20480 | t   36.5s | sps   561] ret_mean=0.000 ep_len=500.0 pi_loss=-0.010 v_loss=0.007 ent=2.603 msg_acc=0.436 kl=0.0080
[upd   41 | steps   20992 | t   37.2s | sps   565] ret_mean=3.500 ep_len=500.0 pi_loss=-0.009 v_loss=0.058 ent=2.787 msg_acc=0.402 kl=0.0144
[upd   42 | steps   21504 | t   37.8s | sps   569] ret_mean=2.500 ep_len=500.0 pi_loss=-0.001 v_loss=0.002 ent=2.789 msg_acc=0.618 kl=0.0080
[upd   43 | steps   22016 | t   38.4s | sps   574] ret_mean=2.500 ep_len=500.0 pi_loss=-0.000 v_loss=0.029 ent=2.851 msg_acc=0.440 kl=0.0074
[upd   44 | steps   22528 | t   39.0s | sps   577] ret_mean=0.000 ep_len=500.0 pi_loss=-0.005 v_loss=0.002 ent=2.114 msg_acc=0.877 kl=0.0132
[upd   45 | steps   23040 | t   39.6s | sps   581] ret_mean=6.000 ep_len=500.0 pi_loss=-0.002 v_loss=0.077 ent=2.829 msg_acc=0.196 kl=0.0093
[upd   46 | steps   23552 | t   40.2s | sps   585] ret_mean=5.500 ep_len=500.0 pi_loss=-0.000 v_loss=0.114 ent=2.749 msg_acc=0.425 kl=0.0121
[upd   47 | steps   24064 | t   40.9s | sps   589] ret_mean=0.000 ep_len=500.0 pi_loss=-0.007 v_loss=0.005 ent=2.087 msg_acc=0.790 kl=0.0150
[upd   48 | steps   24576 | t   41.6s | sps   591] ret_mean=0.000 ep_len=500.0 pi_loss=-0.005 v_loss=0.003 ent=2.213 msg_acc=0.840 kl=0.0158
[upd   49 | steps   25088 | t   42.6s | sps   589] ret_mean=2.500 ep_len=500.0 pi_loss=0.002 v_loss=0.017 ent=2.372 msg_acc=0.456 kl=0.0237
[upd   50 | steps   25600 | t   43.3s | sps   591] ret_mean=0.000 ep_len=500.0 pi_loss=-0.005 v_loss=0.002 ent=1.898 msg_acc=0.779 kl=0.0293
        [eval] ret_mean=0.000 ep_len=500.0
[upd   51 | steps   26112 | t   50.0s | sps   522] ret_mean=0.000 ep_len=500.0 pi_loss=0.011 v_loss=0.001 ent=2.312 msg_acc=0.592 kl=0.0050
[upd   52 | steps   26624 | t   50.8s | sps   524] ret_mean=0.000 ep_len=500.0 pi_loss=0.008 v_loss=0.001 ent=2.169 msg_acc=0.502 kl=0.0129
[upd   53 | steps   27136 | t   51.5s | sps   527] ret_mean=11.500 ep_len=500.0 pi_loss=-0.003 v_loss=0.367 ent=2.365 msg_acc=0.418 kl=0.0342
[upd   54 | steps   27648 | t   52.3s | sps   529] ret_mean=15.500 ep_len=500.0 pi_loss=0.001 v_loss=0.691 ent=2.370 msg_acc=0.432 kl=0.0231
[upd   55 | steps   28160 | t   53.1s | sps   531] ret_mean=8.000 ep_len=500.0 pi_loss=-0.011 v_loss=0.008 ent=1.978 msg_acc=0.583 kl=0.0076
[upd   56 | steps   28672 | t   53.8s | sps   533] ret_mean=3.000 ep_len=500.0 pi_loss=0.015 v_loss=0.032 ent=2.170 msg_acc=0.224 kl=0.1113
[upd   57 | steps   29184 | t   54.4s | sps   536] ret_mean=0.000 ep_len=500.0 pi_loss=-0.002 v_loss=0.002 ent=2.731 msg_acc=0.722 kl=0.0281
[upd   58 | steps   29696 | t   55.8s | sps   532] ret_mean=0.000 ep_len=500.0 pi_loss=0.005 v_loss=0.007 ent=2.828 msg_acc=0.425 kl=0.0395
[upd   59 | steps   30208 | t   56.6s | sps   534] ret_mean=2.000 ep_len=500.0 pi_loss=-0.011 v_loss=0.002 ent=2.083 msg_acc=0.641 kl=0.0056
[upd   60 | steps   30720 | t   57.3s | sps   536] ret_mean=19.500 ep_len=500.0 pi_loss=-0.004 v_loss=0.675 ent=2.219 msg_acc=0.444 kl=0.0286
[upd   61 | steps   31232 | t   58.0s | sps   538] ret_mean=9.500 ep_len=500.0 pi_loss=-0.003 v_loss=0.227 ent=2.419 msg_acc=0.402 kl=0.0103
[upd   62 | steps   31744 | t   59.9s | sps   530] ret_mean=0.000 ep_len=500.0 pi_loss=-0.012 v_loss=0.083 ent=2.191 msg_acc=0.604 kl=0.0133
[upd   63 | steps   32256 | t   61.0s | sps   529] ret_mean=5.000 ep_len=500.0 pi_loss=-0.006 v_loss=0.007 ent=2.368 msg_acc=0.596 kl=0.0086
[upd   64 | steps   32768 | t   62.7s | sps   522] ret_mean=0.000 ep_len=500.0 pi_loss=-0.006 v_loss=0.003 ent=2.310 msg_acc=0.700 kl=0.0109
[upd   65 | steps   33280 | t   63.7s | sps   523] ret_mean=9.000 ep_len=500.0 pi_loss=-0.002 v_loss=0.184 ent=2.507 msg_acc=0.539 kl=0.0183
[upd   66 | steps   33792 | t   64.6s | sps   523] ret_mean=0.000 ep_len=500.0 pi_loss=-0.006 v_loss=0.186 ent=2.517 msg_acc=0.368 kl=0.0203
[upd   67 | steps   34304 | t   65.8s | sps   521] ret_mean=19.000 ep_len=500.0 pi_loss=0.006 v_loss=0.419 ent=2.177 msg_acc=0.347 kl=0.0414
[upd   68 | steps   34816 | t   66.8s | sps   521] ret_mean=9.000 ep_len=500.0 pi_loss=0.007 v_loss=0.010 ent=2.286 msg_acc=0.353 kl=0.0478
[upd   69 | steps   35328 | t   67.6s | sps   522] ret_mean=0.000 ep_len=500.0 pi_loss=-0.005 v_loss=0.005 ent=2.616 msg_acc=0.312 kl=0.0186
[upd   70 | steps   35840 | t   69.3s | sps   517] ret_mean=0.000 ep_len=500.0 pi_loss=0.001 v_loss=0.002 ent=2.324 msg_acc=0.647 kl=0.0063
[upd   71 | steps   36352 | t   70.5s | sps   516] ret_mean=0.000 ep_len=500.0 pi_loss=-0.007 v_loss=0.139 ent=2.181 msg_acc=0.734 kl=0.0018
[upd   72 | steps   36864 | t   71.6s | sps   515] ret_mean=6.500 ep_len=500.0 pi_loss=-0.005 v_loss=0.070 ent=2.292 msg_acc=0.747 kl=0.0096
[upd   73 | steps   37376 | t   72.5s | sps   516] ret_mean=5.500 ep_len=500.0 pi_loss=-0.008 v_loss=0.002 ent=1.733 msg_acc=0.649 kl=0.0124
[upd   74 | steps   37888 | t   73.6s | sps   515] ret_mean=0.000 ep_len=500.0 pi_loss=-0.004 v_loss=0.002 ent=1.987 msg_acc=0.712 kl=0.0099
[upd   75 | steps   38400 | t   74.5s | sps   516] ret_mean=0.000 ep_len=500.0 pi_loss=-0.004 v_loss=0.454 ent=1.836 msg_acc=0.660 kl=0.0095
[upd   76 | steps   38912 | t   75.3s | sps   517] ret_mean=13.000 ep_len=500.0 pi_loss=-0.009 v_loss=0.003 ent=1.983 msg_acc=0.665 kl=0.0034
[upd   77 | steps   39424 | t   76.1s | sps   518] ret_mean=0.000 ep_len=500.0 pi_loss=-0.003 v_loss=0.002 ent=1.922 msg_acc=0.586 kl=0.0141
[upd   78 | steps   39936 | t   76.9s | sps   520] ret_mean=0.000 ep_len=500.0 pi_loss=-0.003 v_loss=0.001 ent=2.095 msg_acc=0.404 kl=0.0099
[upd   79 | steps   40448 | t   77.5s | sps   522] ret_mean=0.000 ep_len=500.0 pi_loss=0.006 v_loss=2.383 ent=2.261 msg_acc=0.549 kl=0.0229
[upd   80 | steps   40960 | t   78.2s | sps   524] ret_mean=51.500 ep_len=500.0 pi_loss=-0.005 v_loss=0.004 ent=2.382 msg_acc=0.515 kl=0.0118
[upd   81 | steps   41472 | t   78.9s | sps   526] ret_mean=0.000 ep_len=500.0 pi_loss=-0.011 v_loss=0.003 ent=2.061 msg_acc=0.592 kl=0.0145
[upd   82 | steps   41984 | t   79.6s | sps   527] ret_mean=0.000 ep_len=500.0 pi_loss=-0.000 v_loss=0.001 ent=2.035 msg_acc=0.736 kl=0.0062
[upd   83 | steps   42496 | t   80.4s | sps   529] ret_mean=0.000 ep_len=500.0 pi_loss=-0.005 v_loss=1.000 ent=1.984 msg_acc=0.521 kl=0.0062
[upd   84 | steps   43008 | t   81.5s | sps   528] ret_mean=43.500 ep_len=500.0 pi_loss=-0.009 v_loss=1.202 ent=1.664 msg_acc=0.605 kl=0.0034
[upd   85 | steps   43520 | t   82.2s | sps   529] ret_mean=10.500 ep_len=500.0 pi_loss=-0.008 v_loss=0.006 ent=2.265 msg_acc=0.543 kl=0.0086
[upd   86 | steps   44032 | t   82.9s | sps   531] ret_mean=0.500 ep_len=500.0 pi_loss=-0.002 v_loss=1.228 ent=2.191 msg_acc=0.483 kl=0.0006
[upd   87 | steps   44544 | t   83.6s | sps   533] ret_mean=47.000 ep_len=500.0 pi_loss=0.000 v_loss=0.443 ent=2.213 msg_acc=0.246 kl=0.0199
[upd   88 | steps   45056 | t   84.2s | sps   535] ret_mean=8.000 ep_len=500.0 pi_loss=-0.005 v_loss=0.008 ent=1.549 msg_acc=0.815 kl=0.0159
[upd   89 | steps   45568 | t   84.9s | sps   537] ret_mean=0.000 ep_len=500.0 pi_loss=-0.002 v_loss=0.003 ent=2.284 msg_acc=0.581 kl=0.0215
[upd   90 | steps   46080 | t   85.5s | sps   539] ret_mean=0.000 ep_len=500.0 pi_loss=0.004 v_loss=0.006 ent=2.124 msg_acc=0.541 kl=0.0067
[upd   91 | steps   46592 | t   86.2s | sps   541] ret_mean=0.000 ep_len=500.0 pi_loss=0.020 v_loss=0.002 ent=2.232 msg_acc=0.465 kl=0.0611
[upd   92 | steps   47104 | t   86.8s | sps   543] ret_mean=26.250 ep_len=500.0 pi_loss=0.001 v_loss=2.193 ent=1.936 msg_acc=0.553 kl=0.0381
[upd   93 | steps   47616 | t   87.6s | sps   544] ret_mean=2.000 ep_len=500.0 pi_loss=-0.007 v_loss=0.016 ent=2.460 msg_acc=0.631 kl=0.0122
[upd   94 | steps   48128 | t   88.3s | sps   545] ret_mean=2.000 ep_len=500.0 pi_loss=0.002 v_loss=0.019 ent=2.595 msg_acc=0.252 kl=0.0184
[upd   95 | steps   48640 | t   89.0s | sps   547] ret_mean=0.000 ep_len=500.0 pi_loss=0.001 v_loss=0.008 ent=2.219 msg_acc=0.340 kl=0.0085
[upd   96 | steps   49152 | t   89.6s | sps   549] ret_mean=0.000 ep_len=500.0 pi_loss=-0.009 v_loss=0.002 ent=1.415 msg_acc=0.856 kl=0.0082
[upd   97 | steps   49664 | t   90.4s | sps   550] ret_mean=21.000 ep_len=500.0 pi_loss=0.000 v_loss=0.742 ent=2.278 msg_acc=0.353 kl=0.0094
[upd   98 | steps   50176 | t   91.7s | sps   547] ret_mean=23.000 ep_len=500.0 pi_loss=-0.002 v_loss=1.004 ent=2.219 msg_acc=0.431 kl=0.0115
[upd   99 | steps   50688 | t   92.9s | sps   546] ret_mean=14.500 ep_len=500.0 pi_loss=-0.004 v_loss=0.567 ent=2.027 msg_acc=0.525 kl=0.0066
[upd  100 | steps   51200 | t   93.6s | sps   547] ret_mean=27.500 ep_len=500.0 pi_loss=-0.001 v_loss=1.132 ent=2.159 msg_acc=0.579 kl=0.0151
        [eval] ret_mean=14.950 ep_len=500.0
[upd  101 | steps   51712 | t   99.1s | sps   522] ret_mean=27.000 ep_len=500.0 pi_loss=-0.004 v_loss=1.174 ent=1.896 msg_acc=0.400 kl=0.0037
[upd  102 | steps   52224 | t   99.7s | sps   524] ret_mean=23.000 ep_len=500.0 pi_loss=-0.009 v_loss=1.072 ent=2.274 msg_acc=0.620 kl=0.0019
[upd  103 | steps   52736 | t  100.3s | sps   526] ret_mean=4.000 ep_len=500.0 pi_loss=-0.013 v_loss=0.060 ent=1.712 msg_acc=0.665 kl=0.0062
[upd  104 | steps   53248 | t  100.9s | sps   528] ret_mean=52.000 ep_len=500.0 pi_loss=-0.000 v_loss=2.295 ent=1.701 msg_acc=0.624 kl=0.0138
[upd  105 | steps   53760 | t  101.6s | sps   529] ret_mean=17.500 ep_len=500.0 pi_loss=-0.007 v_loss=0.957 ent=2.094 msg_acc=0.513 kl=0.0047
[upd  106 | steps   54272 | t  102.2s | sps   531] ret_mean=15.000 ep_len=500.0 pi_loss=-0.001 v_loss=0.164 ent=1.701 msg_acc=0.452 kl=0.0163
[upd  107 | steps   54784 | t  102.9s | sps   533] ret_mean=46.500 ep_len=500.0 pi_loss=0.001 v_loss=2.601 ent=1.863 msg_acc=0.525 kl=0.0226
[upd  108 | steps   55296 | t  103.7s | sps   533] ret_mean=15.000 ep_len=500.0 pi_loss=-0.006 v_loss=0.058 ent=1.644 msg_acc=0.630 kl=0.0108
[upd  109 | steps   55808 | t  104.5s | sps   534] ret_mean=0.000 ep_len=500.0 pi_loss=-0.004 v_loss=0.036 ent=2.050 msg_acc=0.791 kl=0.0260
[upd  110 | steps   56320 | t  105.2s | sps   535] ret_mean=12.500 ep_len=500.0 pi_loss=-0.008 v_loss=0.479 ent=1.961 msg_acc=0.612 kl=0.0078
[upd  111 | steps   56832 | t  105.8s | sps   537] ret_mean=8.000 ep_len=500.0 pi_loss=-0.009 v_loss=0.628 ent=1.640 msg_acc=0.639 kl=0.0036
[upd  112 | steps   57344 | t  106.5s | sps   539] ret_mean=89.500 ep_len=500.0 pi_loss=0.018 v_loss=5.077 ent=1.603 msg_acc=0.178 kl=0.0477
[upd  113 | steps   57856 | t  107.3s | sps   539] ret_mean=113.000 ep_len=500.0 pi_loss=0.002 v_loss=3.285 ent=1.754 msg_acc=0.284 kl=0.0235
[upd  114 | steps   58368 | t  108.7s | sps   537] ret_mean=11.000 ep_len=500.0 pi_loss=-0.012 v_loss=0.297 ent=2.239 msg_acc=0.301 kl=0.0093
[upd  115 | steps   58880 | t  109.4s | sps   538] ret_mean=5.000 ep_len=500.0 pi_loss=-0.009 v_loss=0.143 ent=2.344 msg_acc=0.447 kl=0.0144
[upd  116 | steps   59392 | t  110.1s | sps   540] ret_mean=58.500 ep_len=500.0 pi_loss=-0.004 v_loss=2.358 ent=1.666 msg_acc=0.414 kl=0.0137
[upd  117 | steps   59904 | t  110.9s | sps   540] ret_mean=0.000 ep_len=500.0 pi_loss=-0.006 v_loss=0.241 ent=1.723 msg_acc=0.728 kl=0.0148
[upd  118 | steps   60416 | t  113.9s | sps   530] ret_mean=44.000 ep_len=500.0 pi_loss=-0.006 v_loss=2.255 ent=1.857 msg_acc=0.501 kl=0.0220
[upd  119 | steps   60928 | t  115.7s | sps   527] ret_mean=81.500 ep_len=500.0 pi_loss=0.002 v_loss=3.194 ent=1.698 msg_acc=0.249 kl=0.0043
[upd  120 | steps   61440 | t  116.4s | sps   528] ret_mean=12.000 ep_len=500.0 pi_loss=-0.002 v_loss=0.744 ent=1.630 msg_acc=0.883 kl=0.0137
[upd  121 | steps   61952 | t  117.0s | sps   529] ret_mean=18.000 ep_len=500.0 pi_loss=-0.012 v_loss=0.165 ent=1.919 msg_acc=0.652 kl=0.0049
[upd  122 | steps   62464 | t  117.6s | sps   531] ret_mean=42.500 ep_len=500.0 pi_loss=-0.004 v_loss=3.284 ent=1.567 msg_acc=0.769 kl=0.0239
[upd  123 | steps   62976 | t  118.5s | sps   532] ret_mean=76.000 ep_len=500.0 pi_loss=-0.008 v_loss=1.055 ent=1.917 msg_acc=0.527 kl=0.0105
[upd  124 | steps   63488 | t  119.1s | sps   533] ret_mean=17.000 ep_len=500.0 pi_loss=-0.011 v_loss=2.336 ent=1.932 msg_acc=0.438 kl=0.0028
[upd  125 | steps   64000 | t  119.7s | sps   534] ret_mean=91.000 ep_len=500.0 pi_loss=0.007 v_loss=1.680 ent=1.863 msg_acc=0.362 kl=0.0156
[upd  126 | steps   64512 | t  120.4s | sps   536] ret_mean=7.000 ep_len=500.0 pi_loss=0.002 v_loss=2.346 ent=1.745 msg_acc=0.313 kl=0.0137
[upd  127 | steps   65024 | t  121.0s | sps   537] ret_mean=100.000 ep_len=500.0 pi_loss=0.006 v_loss=2.589 ent=1.412 msg_acc=0.548 kl=0.0079
[upd  128 | steps   65536 | t  121.8s | sps   538] ret_mean=35.500 ep_len=500.0 pi_loss=-0.009 v_loss=1.957 ent=1.854 msg_acc=0.722 kl=0.0026
[upd  129 | steps   66048 | t  122.5s | sps   539] ret_mean=40.500 ep_len=500.0 pi_loss=-0.015 v_loss=2.446 ent=1.588 msg_acc=0.620 kl=0.0236
[upd  130 | steps   66560 | t  123.2s | sps   540] ret_mean=91.500 ep_len=500.0 pi_loss=-0.008 v_loss=1.333 ent=1.564 msg_acc=0.841 kl=0.0189
[upd  131 | steps   67072 | t  124.1s | sps   540] ret_mean=0.000 ep_len=500.0 pi_loss=-0.006 v_loss=0.897 ent=2.010 msg_acc=0.470 kl=0.0146
[upd  132 | steps   67584 | t  124.9s | sps   541] ret_mean=21.500 ep_len=500.0 pi_loss=-0.012 v_loss=0.152 ent=2.069 msg_acc=0.530 kl=0.0056
[upd  133 | steps   68096 | t  125.8s | sps   541] ret_mean=0.000 ep_len=500.0 pi_loss=-0.009 v_loss=1.482 ent=1.718 msg_acc=0.785 kl=0.0072
[upd  134 | steps   68608 | t  127.1s | sps   540] ret_mean=63.500 ep_len=500.0 pi_loss=-0.004 v_loss=4.204 ent=1.295 msg_acc=0.918 kl=0.0109
[upd  135 | steps   69120 | t  128.5s | sps   538] ret_mean=102.000 ep_len=500.0 pi_loss=-0.002 v_loss=2.958 ent=1.589 msg_acc=0.478 kl=0.0265
[upd  136 | steps   69632 | t  129.9s | sps   536] ret_mean=67.500 ep_len=500.0 pi_loss=-0.004 v_loss=4.162 ent=1.337 msg_acc=0.416 kl=0.0102
[upd  137 | steps   70144 | t  130.7s | sps   537] ret_mean=116.000 ep_len=500.0 pi_loss=-0.005 v_loss=4.239 ent=1.948 msg_acc=0.568 kl=0.0050
[upd  138 | steps   70656 | t  131.6s | sps   537] ret_mean=65.500 ep_len=500.0 pi_loss=-0.001 v_loss=3.754 ent=1.499 msg_acc=0.740 kl=0.0119
[upd  139 | steps   71168 | t  132.2s | sps   538] ret_mean=117.000 ep_len=500.0 pi_loss=0.003 v_loss=3.672 ent=1.207 msg_acc=0.846 kl=0.0029
[upd  140 | steps   71680 | t  132.8s | sps   540] ret_mean=121.500 ep_len=500.0 pi_loss=-0.004 v_loss=0.419 ent=2.116 msg_acc=0.584 kl=0.0105
[upd  141 | steps   72192 | t  133.5s | sps   541] ret_mean=0.000 ep_len=500.0 pi_loss=-0.013 v_loss=3.073 ent=1.862 msg_acc=0.419 kl=0.0107
[upd  142 | steps   72704 | t  134.2s | sps   542] ret_mean=67.250 ep_len=500.0 pi_loss=-0.010 v_loss=1.784 ent=2.014 msg_acc=0.480 kl=0.0001
[upd  143 | steps   73216 | t  135.0s | sps   542] ret_mean=15.500 ep_len=500.0 pi_loss=-0.010 v_loss=0.447 ent=1.901 msg_acc=0.807 kl=0.0183
[upd  144 | steps   73728 | t  135.7s | sps   543] ret_mean=57.000 ep_len=500.0 pi_loss=-0.008 v_loss=2.230 ent=1.971 msg_acc=0.500 kl=0.0162
[upd  145 | steps   74240 | t  136.6s | sps   543] ret_mean=41.500 ep_len=500.0 pi_loss=-0.009 v_loss=1.016 ent=2.235 msg_acc=0.395 kl=0.0038
[upd  146 | steps   74752 | t  137.3s | sps   544] ret_mean=121.000 ep_len=500.0 pi_loss=-0.004 v_loss=3.855 ent=1.320 msg_acc=0.523 kl=0.0208
[upd  147 | steps   75264 | t  138.0s | sps   545] ret_mean=65.500 ep_len=500.0 pi_loss=-0.010 v_loss=2.696 ent=1.806 msg_acc=0.354 kl=0.0234
[upd  148 | steps   75776 | t  138.6s | sps   547] ret_mean=44.500 ep_len=500.0 pi_loss=-0.005 v_loss=1.364 ent=1.683 msg_acc=0.407 kl=0.0155
[upd  149 | steps   76288 | t  139.2s | sps   548] ret_mean=0.000 ep_len=500.0 pi_loss=-0.014 v_loss=0.429 ent=1.400 msg_acc=0.735 kl=0.0212
[upd  150 | steps   76800 | t  140.1s | sps   548] ret_mean=76.500 ep_len=500.0 pi_loss=-0.009 v_loss=3.433 ent=1.462 msg_acc=0.750 kl=0.0166
        [eval] ret_mean=39.900 ep_len=500.0
[upd  151 | steps   77312 | t  146.6s | sps   528] ret_mean=87.500 ep_len=500.0 pi_loss=0.001 v_loss=3.792 ent=1.367 msg_acc=0.440 kl=0.0280
[upd  152 | steps   77824 | t  147.2s | sps   529] ret_mean=0.000 ep_len=500.0 pi_loss=0.004 v_loss=0.646 ent=2.258 msg_acc=0.737 kl=0.0235
[upd  153 | steps   78336 | t  147.9s | sps   530] ret_mean=121.000 ep_len=500.0 pi_loss=0.001 v_loss=3.796 ent=1.309 msg_acc=0.456 kl=0.0228
[upd  154 | steps   78848 | t  148.6s | sps   530] ret_mean=56.000 ep_len=500.0 pi_loss=-0.003 v_loss=2.305 ent=1.895 msg_acc=0.485 kl=0.0082
[upd  155 | steps   79360 | t  149.4s | sps   531] ret_mean=59.500 ep_len=500.0 pi_loss=-0.007 v_loss=3.590 ent=1.661 msg_acc=0.433 kl=0.0143
[upd  156 | steps   79872 | t  150.0s | sps   532] ret_mean=43.000 ep_len=500.0 pi_loss=-0.011 v_loss=1.021 ent=2.162 msg_acc=0.419 kl=0.0085
[upd  157 | steps   80384 | t  150.7s | sps   533] ret_mean=119.000 ep_len=500.0 pi_loss=0.003 v_loss=3.959 ent=1.002 msg_acc=0.865 kl=0.0105
[upd  158 | steps   80896 | t  151.3s | sps   535] ret_mean=90.000 ep_len=500.0 pi_loss=-0.009 v_loss=4.933 ent=1.296 msg_acc=0.440 kl=0.0076
[upd  159 | steps   81408 | t  151.9s | sps   536] ret_mean=90.000 ep_len=500.0 pi_loss=-0.003 v_loss=2.474 ent=1.776 msg_acc=0.397 kl=0.0154
[upd  160 | steps   81920 | t  152.5s | sps   537] ret_mean=94.000 ep_len=500.0 pi_loss=-0.000 v_loss=3.631 ent=1.137 msg_acc=0.534 kl=0.0216
[upd  161 | steps   82432 | t  153.3s | sps   538] ret_mean=113.000 ep_len=500.0 pi_loss=0.001 v_loss=3.431 ent=1.036 msg_acc=0.704 kl=0.0198
[upd  162 | steps   82944 | t  154.0s | sps   538] ret_mean=120.000 ep_len=500.0 pi_loss=-0.006 v_loss=4.866 ent=1.180 msg_acc=0.853 kl=0.0181
[upd  163 | steps   83456 | t  154.7s | sps   540] ret_mean=81.500 ep_len=500.0 pi_loss=-0.003 v_loss=2.805 ent=1.646 msg_acc=0.438 kl=0.0140
[upd  164 | steps   83968 | t  155.2s | sps   541] ret_mean=16.000 ep_len=500.0 pi_loss=-0.004 v_loss=0.394 ent=1.923 msg_acc=0.533 kl=0.0217
[upd  165 | steps   84480 | t  155.9s | sps   542] ret_mean=5.000 ep_len=500.0 pi_loss=-0.007 v_loss=0.641 ent=1.980 msg_acc=0.580 kl=0.0041
[upd  166 | steps   84992 | t  156.6s | sps   543] ret_mean=19.500 ep_len=500.0 pi_loss=-0.007 v_loss=0.894 ent=1.374 msg_acc=0.728 kl=0.0073
[upd  167 | steps   85504 | t  157.5s | sps   543] ret_mean=111.000 ep_len=500.0 pi_loss=-0.011 v_loss=3.165 ent=1.187 msg_acc=0.709 kl=0.0292
[upd  168 | steps   86016 | t  158.2s | sps   544] ret_mean=83.500 ep_len=500.0 pi_loss=-0.009 v_loss=2.332 ent=1.427 msg_acc=0.775 kl=0.0173
[upd  169 | steps   86528 | t  159.3s | sps   543] ret_mean=0.000 ep_len=500.0 pi_loss=-0.009 v_loss=1.527 ent=1.518 msg_acc=0.727 kl=0.0153
[upd  170 | steps   87040 | t  160.2s | sps   543] ret_mean=123.500 ep_len=500.0 pi_loss=-0.006 v_loss=3.184 ent=1.075 msg_acc=0.782 kl=0.0062
[upd  171 | steps   87552 | t  161.0s | sps   544] ret_mean=95.000 ep_len=500.0 pi_loss=-0.004 v_loss=3.416 ent=0.983 msg_acc=0.743 kl=0.0095
[upd  172 | steps   88064 | t  161.9s | sps   544] ret_mean=108.000 ep_len=500.0 pi_loss=-0.001 v_loss=2.106 ent=1.509 msg_acc=0.400 kl=0.0366
[upd  173 | steps   88576 | t  162.8s | sps   544] ret_mean=32.000 ep_len=500.0 pi_loss=-0.002 v_loss=1.766 ent=1.790 msg_acc=0.552 kl=0.0162
[upd  174 | steps   89088 | t  163.7s | sps   544] ret_mean=2.500 ep_len=500.0 pi_loss=-0.009 v_loss=0.509 ent=1.892 msg_acc=0.694 kl=0.0189
[upd  175 | steps   89600 | t  164.6s | sps   544] ret_mean=52.500 ep_len=500.0 pi_loss=-0.003 v_loss=4.819 ent=1.215 msg_acc=0.489 kl=0.0094
[upd  176 | steps   90112 | t  165.5s | sps   544] ret_mean=60.500 ep_len=500.0 pi_loss=-0.003 v_loss=0.217 ent=2.232 msg_acc=0.206 kl=0.0222
[upd  177 | steps   90624 | t  166.7s | sps   544] ret_mean=0.000 ep_len=500.0 pi_loss=-0.001 v_loss=2.628 ent=1.375 msg_acc=0.759 kl=0.0069
[upd  178 | steps   91136 | t  167.7s | sps   543] ret_mean=119.000 ep_len=500.0 pi_loss=-0.010 v_loss=2.618 ent=1.269 msg_acc=0.748 kl=0.0103
[upd  179 | steps   91648 | t  169.9s | sps   540] ret_mean=79.000 ep_len=500.0 pi_loss=-0.002 v_loss=3.389 ent=0.921 msg_acc=0.677 kl=0.0000
[upd  180 | steps   92160 | t  171.2s | sps   538] ret_mean=116.000 ep_len=500.0 pi_loss=0.003 v_loss=2.729 ent=1.122 msg_acc=0.694 kl=0.0205
[upd  181 | steps   92672 | t  172.2s | sps   538] ret_mean=88.500 ep_len=500.0 pi_loss=0.006 v_loss=1.270 ent=1.404 msg_acc=0.868 kl=0.0389
[upd  182 | steps   93184 | t  173.4s | sps   538] ret_mean=0.000 ep_len=500.0 pi_loss=0.001 v_loss=2.944 ent=0.940 msg_acc=0.586 kl=0.0097
[upd  183 | steps   93696 | t  174.2s | sps   538] ret_mean=123.500 ep_len=500.0 pi_loss=-0.003 v_loss=1.578 ent=1.914 msg_acc=0.592 kl=0.0092
[upd  184 | steps   94208 | t  175.0s | sps   538] ret_mean=18.500 ep_len=500.0 pi_loss=-0.005 v_loss=2.842 ent=1.241 msg_acc=0.793 kl=0.0082
[upd  185 | steps   94720 | t  175.9s | sps   538] ret_mean=123.000 ep_len=500.0 pi_loss=0.002 v_loss=3.471 ent=0.743 msg_acc=0.906 kl=0.0033
[upd  186 | steps   95232 | t  176.8s | sps   539] ret_mean=124.500 ep_len=500.0 pi_loss=0.003 v_loss=4.970 ent=0.746 msg_acc=0.561 kl=0.0256
[upd  187 | steps   95744 | t  178.2s | sps   537] ret_mean=125.500 ep_len=500.0 pi_loss=-0.005 v_loss=3.302 ent=1.208 msg_acc=0.501 kl=0.0233
[upd  188 | steps   96256 | t  181.6s | sps   530] ret_mean=89.000 ep_len=500.0 pi_loss=0.003 v_loss=4.782 ent=0.864 msg_acc=0.627 kl=0.0401
[upd  189 | steps   96768 | t  183.2s | sps   528] ret_mean=149.000 ep_len=500.0 pi_loss=-0.001 v_loss=2.332 ent=1.670 msg_acc=0.246 kl=0.0128
[upd  190 | steps   97280 | t  184.5s | sps   527] ret_mean=48.000 ep_len=500.0 pi_loss=0.014 v_loss=0.990 ent=2.230 msg_acc=0.210 kl=0.0473
[upd  191 | steps   97792 | t  186.6s | sps   524] ret_mean=3.500 ep_len=500.0 pi_loss=-0.006 v_loss=1.589 ent=1.886 msg_acc=0.407 kl=0.0166
[upd  192 | steps   98304 | t  188.0s | sps   523] ret_mean=71.000 ep_len=500.0 pi_loss=-0.007 v_loss=4.366 ent=1.215 msg_acc=0.533 kl=0.0022
[upd  193 | steps   98816 | t  190.0s | sps   520] ret_mean=21.000 ep_len=500.0 pi_loss=-0.002 v_loss=0.900 ent=2.157 msg_acc=0.222 kl=0.0165
[upd  194 | steps   99328 | t  191.2s | sps   519] ret_mean=88.000 ep_len=500.0 pi_loss=-0.004 v_loss=3.136 ent=1.245 msg_acc=0.629 kl=0.0128
[upd  195 | steps   99840 | t  193.7s | sps   516] ret_mean=87.000 ep_len=500.0 pi_loss=-0.008 v_loss=3.065 ent=1.204 msg_acc=0.796 kl=0.0118
[upd  196 | steps  100352 | t  195.6s | sps   513] ret_mean=111.000 ep_len=500.0 pi_loss=0.002 v_loss=4.922 ent=1.114 msg_acc=0.751 kl=0.0037
[upd  197 | steps  100864 | t  197.6s | sps   510] ret_mean=140.000 ep_len=500.0 pi_loss=0.014 v_loss=3.655 ent=0.891 msg_acc=0.527 kl=0.0161
[upd  198 | steps  101376 | t  199.6s | sps   508] ret_mean=22.000 ep_len=500.0 pi_loss=-0.006 v_loss=0.217 ent=1.741 msg_acc=0.773 kl=0.0115
[upd  199 | steps  101888 | t  201.9s | sps   505] ret_mean=24.500 ep_len=500.0 pi_loss=-0.015 v_loss=1.464 ent=1.782 msg_acc=0.367 kl=0.0282
[upd  200 | steps  102400 | t  203.4s | sps   503] ret_mean=0.000 ep_len=500.0 pi_loss=-0.005 v_loss=0.618 ent=1.992 msg_acc=0.310 kl=0.0130
        [eval] ret_mean=2.400 ep_len=500.0
