$ /Users/samchen/Coding/CLASSES/CS2860/.venv/bin/python3 -m policies.train --env rware-tiny-2ag-easy-v2 --seed 1 --updates 400 --rollout 512 --eval-every 25 --eval-episodes 30 --log-dir matrix_results/diagnostics_v1_sam/comm_2ag/main_tiny --run-name mappo-heartbeat-plus-comm__delay-dropout__d30__s1 --n-msg-tokens 8 --heartbeat --heartbeat-period 1 --heartbeat-max-age-clip 128 --heartbeat-delay 30 --dropout --dropout-window-start 200 --dropout-window-end 350 --shape-rewards --pickup-bonus 0.5

[env] EnvSpec(env_id='rware-tiny-2ag-easy-v2', n_agents=2, obs_dim=73, n_env_actions=5, noop_action=0, family='rware')  (n_msg_tokens=8)
[cfg] {'clip_range': 0.2, 'value_clip_range': 0.2, 'entropy_coef': 0.01, 'value_coef': 0.5, 'max_grad_norm': 0.5, 'gamma': 0.99, 'gae_lambda': 0.95, 'lr_actor': 0.0003, 'lr_critic': 0.001, 'update_epochs': 4, 'minibatches': 4, 'hidden': 128, 'depth': 2, 'device': 'cpu', 'extra': {}}
[log] writing to matrix_results/diagnostics_v1_sam/comm_2ag/main_tiny/mappo-heartbeat-plus-comm__delay-dropout__d30__s1
[upd    1 | steps     512 | t    0.2s | sps  2980] ret_mean=0.000 ep_len=500.0 pi_loss=-0.015 v_loss=0.040 ent=3.682 kl=0.0083
[upd    2 | steps    1024 | t    0.3s | sps  3085] ret_mean=0.500 ep_len=500.0 pi_loss=-0.010 v_loss=0.019 ent=3.678 kl=0.0046
[upd    3 | steps    1536 | t    0.5s | sps  2995] ret_mean=0.000 ep_len=500.0 pi_loss=-0.007 v_loss=0.013 ent=3.670 kl=0.0015
[upd    4 | steps    2048 | t    0.7s | sps  2969] ret_mean=1.500 ep_len=500.0 pi_loss=-0.009 v_loss=0.014 ent=3.671 kl=0.0042
[upd    5 | steps    2560 | t    0.9s | sps  2853] ret_mean=0.000 ep_len=500.0 pi_loss=-0.013 v_loss=0.018 ent=3.653 kl=0.0070
[upd    6 | steps    3072 | t    1.1s | sps  2886] ret_mean=2.500 ep_len=500.0 pi_loss=-0.011 v_loss=0.003 ent=3.650 kl=0.0063
[upd    7 | steps    3584 | t    1.2s | sps  2898] ret_mean=0.000 ep_len=500.0 pi_loss=-0.011 v_loss=0.002 ent=3.606 kl=0.0130
[upd    8 | steps    4096 | t    1.4s | sps  2910] ret_mean=0.000 ep_len=500.0 pi_loss=-0.010 v_loss=0.002 ent=3.598 kl=0.0089
[upd    9 | steps    4608 | t    1.6s | sps  2865] ret_mean=0.000 ep_len=500.0 pi_loss=-0.009 v_loss=0.002 ent=3.624 kl=-0.0010
[upd   10 | steps    5120 | t    1.8s | sps  2860] ret_mean=1.500 ep_len=500.0 pi_loss=-0.017 v_loss=0.040 ent=3.565 kl=0.0157
[upd   11 | steps    5632 | t    2.0s | sps  2815] ret_mean=3.500 ep_len=500.0 pi_loss=-0.010 v_loss=0.003 ent=3.590 kl=0.0064
[upd   12 | steps    6144 | t    2.2s | sps  2777] ret_mean=0.000 ep_len=500.0 pi_loss=-0.010 v_loss=0.021 ent=3.492 kl=0.0082
[upd   13 | steps    6656 | t    2.4s | sps  2781] ret_mean=2.000 ep_len=500.0 pi_loss=-0.008 v_loss=0.002 ent=3.492 kl=0.0069
[upd   14 | steps    7168 | t    2.6s | sps  2774] ret_mean=0.500 ep_len=500.0 pi_loss=-0.008 v_loss=0.003 ent=3.525 kl=0.0045
[upd   15 | steps    7680 | t    2.8s | sps  2764] ret_mean=1.500 ep_len=500.0 pi_loss=-0.009 v_loss=0.006 ent=3.482 kl=0.0075
[upd   16 | steps    8192 | t    3.0s | sps  2768] ret_mean=0.500 ep_len=500.0 pi_loss=-0.012 v_loss=0.056 ent=3.506 kl=0.0041
[upd   17 | steps    8704 | t    3.1s | sps  2788] ret_mean=5.000 ep_len=500.0 pi_loss=-0.012 v_loss=0.004 ent=3.468 kl=0.0028
[upd   18 | steps    9216 | t    3.3s | sps  2804] ret_mean=0.500 ep_len=500.0 pi_loss=-0.011 v_loss=0.004 ent=3.455 kl=0.0036
[upd   19 | steps    9728 | t    3.5s | sps  2819] ret_mean=0.500 ep_len=500.0 pi_loss=-0.012 v_loss=0.003 ent=3.578 kl=-0.0039
[upd   20 | steps   10240 | t    3.6s | sps  2835] ret_mean=6.000 ep_len=500.0 pi_loss=-0.013 v_loss=0.051 ent=3.543 kl=0.0059
[upd   21 | steps   10752 | t    3.8s | sps  2829] ret_mean=1.000 ep_len=500.0 pi_loss=-0.011 v_loss=0.002 ent=3.529 kl=0.0052
[upd   22 | steps   11264 | t    4.0s | sps  2821] ret_mean=0.000 ep_len=500.0 pi_loss=-0.008 v_loss=0.002 ent=3.455 kl=0.0066
[upd   23 | steps   11776 | t    4.2s | sps  2830] ret_mean=0.000 ep_len=500.0 pi_loss=-0.010 v_loss=0.001 ent=3.493 kl=0.0007
[upd   24 | steps   12288 | t    4.4s | sps  2805] ret_mean=0.000 ep_len=500.0 pi_loss=-0.012 v_loss=0.026 ent=3.419 kl=0.0121
[upd   25 | steps   12800 | t    4.6s | sps  2794] ret_mean=2.500 ep_len=500.0 pi_loss=-0.009 v_loss=0.003 ent=3.476 kl=0.0028
        [eval] ret_mean=10.033 ep_len=500.0
[upd   26 | steps   13312 | t    8.6s | sps  1554] ret_mean=0.000 ep_len=500.0 pi_loss=-0.006 v_loss=0.002 ent=3.384 kl=0.0062
[upd   27 | steps   13824 | t    8.7s | sps  1586] ret_mean=4.000 ep_len=500.0 pi_loss=-0.012 v_loss=0.050 ent=3.463 kl=0.0025
[upd   28 | steps   14336 | t    8.9s | sps  1615] ret_mean=0.000 ep_len=500.0 pi_loss=-0.010 v_loss=0.004 ent=3.446 kl=0.0001
[upd   29 | steps   14848 | t    9.0s | sps  1642] ret_mean=0.500 ep_len=500.0 pi_loss=-0.008 v_loss=0.002 ent=3.431 kl=0.0063
[upd   30 | steps   15360 | t    9.2s | sps  1671] ret_mean=0.000 ep_len=500.0 pi_loss=-0.018 v_loss=0.001 ent=3.411 kl=0.0157
[upd   31 | steps   15872 | t    9.4s | sps  1697] ret_mean=1.000 ep_len=500.0 pi_loss=-0.016 v_loss=0.004 ent=3.491 kl=0.0065
[upd   32 | steps   16384 | t    9.5s | sps  1724] ret_mean=0.000 ep_len=500.0 pi_loss=-0.009 v_loss=0.002 ent=3.471 kl=0.0081
[upd   33 | steps   16896 | t    9.7s | sps  1750] ret_mean=0.500 ep_len=500.0 pi_loss=-0.013 v_loss=0.020 ent=3.495 kl=0.0140
[upd   34 | steps   17408 | t    9.8s | sps  1775] ret_mean=4.000 ep_len=500.0 pi_loss=-0.009 v_loss=0.021 ent=3.445 kl=0.0030
[upd   35 | steps   17920 | t   10.0s | sps  1798] ret_mean=1.000 ep_len=500.0 pi_loss=-0.011 v_loss=0.009 ent=3.536 kl=0.0065
[upd   36 | steps   18432 | t   10.1s | sps  1822] ret_mean=6.000 ep_len=500.0 pi_loss=-0.013 v_loss=0.055 ent=3.473 kl=-0.0018
[upd   37 | steps   18944 | t   10.3s | sps  1845] ret_mean=0.500 ep_len=500.0 pi_loss=-0.011 v_loss=0.003 ent=3.500 kl=0.0058
[upd   38 | steps   19456 | t   10.4s | sps  1867] ret_mean=0.500 ep_len=500.0 pi_loss=-0.010 v_loss=0.003 ent=3.528 kl=0.0081
[upd   39 | steps   19968 | t   10.6s | sps  1890] ret_mean=0.000 ep_len=500.0 pi_loss=-0.014 v_loss=0.001 ent=3.522 kl=0.0020
[upd   40 | steps   20480 | t   10.7s | sps  1911] ret_mean=0.000 ep_len=500.0 pi_loss=-0.015 v_loss=0.014 ent=3.455 kl=0.0110
[upd   41 | steps   20992 | t   10.9s | sps  1930] ret_mean=2.500 ep_len=500.0 pi_loss=-0.013 v_loss=0.002 ent=3.399 kl=0.0140
[upd   42 | steps   21504 | t   11.0s | sps  1950] ret_mean=0.000 ep_len=500.0 pi_loss=-0.010 v_loss=0.123 ent=3.367 kl=0.0114
[upd   43 | steps   22016 | t   11.2s | sps  1970] ret_mean=6.500 ep_len=500.0 pi_loss=-0.015 v_loss=0.051 ent=3.358 kl=0.0083
[upd   44 | steps   22528 | t   11.3s | sps  1990] ret_mean=3.500 ep_len=500.0 pi_loss=-0.011 v_loss=0.305 ent=3.422 kl=0.0036
[upd   45 | steps   23040 | t   11.5s | sps  2005] ret_mean=11.000 ep_len=500.0 pi_loss=-0.012 v_loss=0.003 ent=3.382 kl=-0.0035
[upd   46 | steps   23552 | t   11.6s | sps  2022] ret_mean=0.000 ep_len=500.0 pi_loss=-0.010 v_loss=0.001 ent=3.359 kl=0.0012
[upd   47 | steps   24064 | t   11.8s | sps  2039] ret_mean=0.000 ep_len=500.0 pi_loss=-0.012 v_loss=0.115 ent=3.294 kl=0.0030
[upd   48 | steps   24576 | t   12.0s | sps  2056] ret_mean=9.000 ep_len=500.0 pi_loss=-0.007 v_loss=0.010 ent=3.373 kl=0.0072
[upd   49 | steps   25088 | t   12.1s | sps  2073] ret_mean=0.500 ep_len=500.0 pi_loss=-0.013 v_loss=0.138 ent=3.339 kl=-0.0043
[upd   50 | steps   25600 | t   12.3s | sps  2090] ret_mean=7.500 ep_len=500.0 pi_loss=-0.012 v_loss=0.003 ent=3.361 kl=0.0134
        [eval] ret_mean=4.167 ep_len=500.0
[upd   51 | steps   26112 | t   16.0s | sps  1628] ret_mean=0.000 ep_len=500.0 pi_loss=-0.015 v_loss=0.003 ent=3.361 kl=0.0199
[upd   52 | steps   26624 | t   16.2s | sps  1645] ret_mean=0.500 ep_len=500.0 pi_loss=-0.014 v_loss=0.004 ent=3.327 kl=0.0156
[upd   53 | steps   27136 | t   16.3s | sps  1661] ret_mean=0.000 ep_len=500.0 pi_loss=-0.019 v_loss=0.001 ent=3.353 kl=0.0036
[upd   54 | steps   27648 | t   16.6s | sps  1669] ret_mean=0.000 ep_len=500.0 pi_loss=-0.011 v_loss=0.002 ent=3.384 kl=0.0096
[upd   55 | steps   28160 | t   16.7s | sps  1682] ret_mean=0.500 ep_len=500.0 pi_loss=-0.010 v_loss=0.003 ent=3.317 kl=0.0049
[upd   56 | steps   28672 | t   16.9s | sps  1696] ret_mean=7.500 ep_len=500.0 pi_loss=-0.015 v_loss=0.125 ent=3.215 kl=0.0027
[upd   57 | steps   29184 | t   17.1s | sps  1709] ret_mean=0.500 ep_len=500.0 pi_loss=-0.015 v_loss=0.005 ent=3.340 kl=0.0021
[upd   58 | steps   29696 | t   17.2s | sps  1723] ret_mean=0.000 ep_len=500.0 pi_loss=-0.012 v_loss=0.081 ent=3.207 kl=0.0163
[upd   59 | steps   30208 | t   17.4s | sps  1736] ret_mean=5.000 ep_len=500.0 pi_loss=-0.014 v_loss=0.002 ent=3.244 kl=0.0052
[upd   60 | steps   30720 | t   17.6s | sps  1750] ret_mean=0.000 ep_len=500.0 pi_loss=-0.009 v_loss=0.001 ent=3.059 kl=0.0053
[upd   61 | steps   31232 | t   17.7s | sps  1763] ret_mean=0.000 ep_len=500.0 pi_loss=-0.014 v_loss=0.001 ent=3.172 kl=0.0083
[upd   62 | steps   31744 | t   17.9s | sps  1771] ret_mean=0.000 ep_len=500.0 pi_loss=-0.016 v_loss=0.001 ent=3.188 kl=0.0074
[upd   63 | steps   32256 | t   18.1s | sps  1784] ret_mean=0.000 ep_len=500.0 pi_loss=-0.009 v_loss=0.153 ent=3.339 kl=-0.0031
[upd   64 | steps   32768 | t   18.2s | sps  1796] ret_mean=6.500 ep_len=500.0 pi_loss=-0.010 v_loss=0.001 ent=3.383 kl=0.0025
[upd   65 | steps   33280 | t   18.4s | sps  1808] ret_mean=1.000 ep_len=500.0 pi_loss=-0.010 v_loss=0.174 ent=3.193 kl=0.0071
[upd   66 | steps   33792 | t   18.6s | sps  1821] ret_mean=6.500 ep_len=500.0 pi_loss=-0.014 v_loss=0.002 ent=3.226 kl=0.0120
[upd   67 | steps   34304 | t   18.7s | sps  1833] ret_mean=0.000 ep_len=500.0 pi_loss=-0.012 v_loss=0.001 ent=3.208 kl=0.0090
[upd   68 | steps   34816 | t   18.9s | sps  1844] ret_mean=0.000 ep_len=500.0 pi_loss=-0.008 v_loss=0.001 ent=3.258 kl=0.0081
[upd   69 | steps   35328 | t   19.0s | sps  1857] ret_mean=2.000 ep_len=500.0 pi_loss=-0.011 v_loss=0.012 ent=3.077 kl=0.0066
[upd   70 | steps   35840 | t   19.2s | sps  1869] ret_mean=3.000 ep_len=500.0 pi_loss=-0.008 v_loss=0.041 ent=3.431 kl=0.0078
[upd   71 | steps   36352 | t   19.3s | sps  1881] ret_mean=0.000 ep_len=500.0 pi_loss=-0.010 v_loss=0.003 ent=3.382 kl=-0.0003
[upd   72 | steps   36864 | t   19.5s | sps  1891] ret_mean=0.500 ep_len=500.0 pi_loss=-0.017 v_loss=0.001 ent=3.444 kl=0.0154
[upd   73 | steps   37376 | t   19.7s | sps  1901] ret_mean=0.000 ep_len=500.0 pi_loss=-0.010 v_loss=0.001 ent=3.346 kl=0.0030
[upd   74 | steps   37888 | t   19.8s | sps  1912] ret_mean=0.000 ep_len=500.0 pi_loss=-0.016 v_loss=0.128 ent=3.325 kl=0.0056
[upd   75 | steps   38400 | t   20.0s | sps  1922] ret_mean=7.000 ep_len=500.0 pi_loss=-0.011 v_loss=0.002 ent=3.162 kl=0.0098
        [eval] ret_mean=7.900 ep_len=500.0
[upd   76 | steps   38912 | t   23.8s | sps  1633] ret_mean=0.000 ep_len=500.0 pi_loss=-0.011 v_loss=0.001 ent=3.267 kl=0.0049
[upd   77 | steps   39424 | t   24.0s | sps  1644] ret_mean=0.500 ep_len=500.0 pi_loss=-0.017 v_loss=0.002 ent=3.453 kl=0.0027
[upd   78 | steps   39936 | t   24.1s | sps  1654] ret_mean=0.500 ep_len=500.0 pi_loss=-0.012 v_loss=0.002 ent=3.312 kl=0.0033
[upd   79 | steps   40448 | t   24.3s | sps  1664] ret_mean=0.000 ep_len=500.0 pi_loss=-0.015 v_loss=0.000 ent=3.397 kl=0.0076
[upd   80 | steps   40960 | t   24.5s | sps  1674] ret_mean=0.500 ep_len=500.0 pi_loss=-0.008 v_loss=0.002 ent=3.189 kl=0.0079
[upd   81 | steps   41472 | t   24.6s | sps  1685] ret_mean=3.000 ep_len=500.0 pi_loss=-0.009 v_loss=0.048 ent=3.258 kl=0.0012
[upd   82 | steps   41984 | t   24.8s | sps  1695] ret_mean=2.000 ep_len=500.0 pi_loss=-0.015 v_loss=0.002 ent=3.389 kl=0.0130
[upd   83 | steps   42496 | t   24.9s | sps  1705] ret_mean=0.000 ep_len=500.0 pi_loss=-0.015 v_loss=0.003 ent=3.225 kl=0.0102
[upd   84 | steps   43008 | t   25.1s | sps  1715] ret_mean=3.000 ep_len=500.0 pi_loss=-0.007 v_loss=0.022 ent=3.332 kl=0.0096
[upd   85 | steps   43520 | t   25.2s | sps  1724] ret_mean=0.000 ep_len=500.0 pi_loss=-0.015 v_loss=0.001 ent=3.345 kl=0.0116
[upd   86 | steps   44032 | t   25.4s | sps  1732] ret_mean=0.000 ep_len=500.0 pi_loss=-0.013 v_loss=0.001 ent=3.496 kl=0.0005
[upd   87 | steps   44544 | t   25.6s | sps  1740] ret_mean=6.000 ep_len=500.0 pi_loss=-0.016 v_loss=0.144 ent=3.370 kl=0.0050
[upd   88 | steps   45056 | t   25.8s | sps  1750] ret_mean=2.000 ep_len=500.0 pi_loss=-0.009 v_loss=0.013 ent=3.455 kl=0.0153
[upd   89 | steps   45568 | t   25.9s | sps  1760] ret_mean=10.000 ep_len=500.0 pi_loss=-0.012 v_loss=0.282 ent=3.354 kl=0.0081
[upd   90 | steps   46080 | t   26.0s | sps  1769] ret_mean=8.000 ep_len=500.0 pi_loss=-0.011 v_loss=0.018 ent=3.226 kl=0.0015
[upd   91 | steps   46592 | t   26.2s | sps  1777] ret_mean=4.500 ep_len=500.0 pi_loss=-0.016 v_loss=0.035 ent=3.296 kl=0.0183
[upd   92 | steps   47104 | t   26.4s | sps  1785] ret_mean=0.000 ep_len=500.0 pi_loss=-0.011 v_loss=0.005 ent=3.454 kl=-0.0026
[upd   93 | steps   47616 | t   26.6s | sps  1793] ret_mean=0.000 ep_len=500.0 pi_loss=-0.013 v_loss=0.134 ent=3.384 kl=0.0050
[upd   94 | steps   48128 | t   26.7s | sps  1803] ret_mean=7.500 ep_len=500.0 pi_loss=-0.011 v_loss=0.030 ent=3.406 kl=0.0032
[upd   95 | steps   48640 | t   26.8s | sps  1812] ret_mean=4.000 ep_len=500.0 pi_loss=-0.012 v_loss=0.008 ent=3.297 kl=0.0153
[upd   96 | steps   49152 | t   27.0s | sps  1821] ret_mean=0.000 ep_len=500.0 pi_loss=-0.011 v_loss=1.328 ent=3.149 kl=0.0045
[upd   97 | steps   49664 | t   27.2s | sps  1829] ret_mean=40.500 ep_len=500.0 pi_loss=-0.013 v_loss=0.589 ent=3.318 kl=0.0082
[upd   98 | steps   50176 | t   27.3s | sps  1837] ret_mean=0.000 ep_len=500.0 pi_loss=-0.013 v_loss=0.004 ent=3.263 kl=0.0137
[upd   99 | steps   50688 | t   27.5s | sps  1845] ret_mean=0.000 ep_len=500.0 pi_loss=-0.016 v_loss=0.357 ent=3.251 kl=0.0024
[upd  100 | steps   51200 | t   27.6s | sps  1854] ret_mean=15.500 ep_len=500.0 pi_loss=-0.008 v_loss=0.054 ent=3.410 kl=0.0006
        [eval] ret_mean=12.483 ep_len=500.0
[upd  101 | steps   51712 | t   31.4s | sps  1647] ret_mean=0.000 ep_len=500.0 pi_loss=-0.015 v_loss=0.010 ent=3.304 kl=0.0045
[upd  102 | steps   52224 | t   31.5s | sps  1656] ret_mean=19.000 ep_len=500.0 pi_loss=-0.015 v_loss=0.453 ent=3.248 kl=0.0080
[upd  103 | steps   52736 | t   31.7s | sps  1664] ret_mean=0.000 ep_len=500.0 pi_loss=-0.012 v_loss=0.008 ent=3.416 kl=0.0192
[upd  104 | steps   53248 | t   31.8s | sps  1672] ret_mean=0.000 ep_len=500.0 pi_loss=-0.020 v_loss=0.144 ent=3.331 kl=0.0088
[upd  105 | steps   53760 | t   32.0s | sps  1680] ret_mean=7.000 ep_len=500.0 pi_loss=-0.013 v_loss=0.006 ent=3.194 kl=0.0056
[upd  106 | steps   54272 | t   32.2s | sps  1688] ret_mean=0.000 ep_len=500.0 pi_loss=-0.019 v_loss=0.005 ent=3.226 kl=0.0108
[upd  107 | steps   54784 | t   32.3s | sps  1696] ret_mean=0.000 ep_len=500.0 pi_loss=-0.016 v_loss=0.053 ent=3.156 kl=-0.0005
[upd  108 | steps   55296 | t   32.5s | sps  1704] ret_mean=3.500 ep_len=500.0 pi_loss=-0.016 v_loss=0.091 ent=3.189 kl=0.0134
[upd  109 | steps   55808 | t   32.6s | sps  1712] ret_mean=5.500 ep_len=500.0 pi_loss=-0.010 v_loss=0.005 ent=3.024 kl=0.0050
[upd  110 | steps   56320 | t   32.8s | sps  1719] ret_mean=0.000 ep_len=500.0 pi_loss=-0.011 v_loss=0.499 ent=3.040 kl=-0.0016
[upd  111 | steps   56832 | t   32.9s | sps  1727] ret_mean=93.000 ep_len=500.0 pi_loss=-0.011 v_loss=3.331 ent=2.542 kl=0.0086
[upd  112 | steps   57344 | t   33.1s | sps  1734] ret_mean=8.000 ep_len=500.0 pi_loss=-0.010 v_loss=0.047 ent=3.099 kl=0.0026
[upd  113 | steps   57856 | t   33.2s | sps  1742] ret_mean=0.000 ep_len=500.0 pi_loss=-0.011 v_loss=0.495 ent=2.807 kl=-0.0003
[upd  114 | steps   58368 | t   33.4s | sps  1749] ret_mean=23.000 ep_len=500.0 pi_loss=-0.013 v_loss=0.018 ent=3.129 kl=-0.0019
[upd  115 | steps   58880 | t   33.5s | sps  1756] ret_mean=0.000 ep_len=500.0 pi_loss=-0.011 v_loss=0.029 ent=2.635 kl=0.0106
[upd  116 | steps   59392 | t   33.7s | sps  1763] ret_mean=2.500 ep_len=500.0 pi_loss=-0.015 v_loss=0.006 ent=2.868 kl=0.0096
[upd  117 | steps   59904 | t   33.8s | sps  1770] ret_mean=0.000 ep_len=500.0 pi_loss=-0.017 v_loss=0.888 ent=2.611 kl=0.0100
[upd  118 | steps   60416 | t   34.0s | sps  1778] ret_mean=41.500 ep_len=500.0 pi_loss=-0.016 v_loss=0.479 ent=2.786 kl=0.0087
[upd  119 | steps   60928 | t   34.1s | sps  1785] ret_mean=9.500 ep_len=500.0 pi_loss=-0.015 v_loss=1.412 ent=2.853 kl=-0.0080
[upd  120 | steps   61440 | t   34.3s | sps  1793] ret_mean=45.500 ep_len=500.0 pi_loss=-0.012 v_loss=0.103 ent=2.875 kl=0.0001
[upd  121 | steps   61952 | t   34.4s | sps  1799] ret_mean=1.000 ep_len=500.0 pi_loss=-0.013 v_loss=0.014 ent=2.857 kl=0.0017
[upd  122 | steps   62464 | t   34.6s | sps  1805] ret_mean=28.500 ep_len=500.0 pi_loss=-0.009 v_loss=1.662 ent=2.590 kl=0.0099
[upd  123 | steps   62976 | t   34.8s | sps  1812] ret_mean=21.500 ep_len=500.0 pi_loss=-0.011 v_loss=0.020 ent=2.689 kl=0.0134
[upd  124 | steps   63488 | t   34.9s | sps  1819] ret_mean=0.000 ep_len=500.0 pi_loss=-0.013 v_loss=0.014 ent=3.092 kl=0.0123
[upd  125 | steps   64000 | t   35.1s | sps  1825] ret_mean=0.000 ep_len=500.0 pi_loss=-0.013 v_loss=0.192 ent=2.811 kl=0.0037
        [eval] ret_mean=2.217 ep_len=500.0
[upd  126 | steps   64512 | t   38.9s | sps  1657] ret_mean=86.000 ep_len=500.0 pi_loss=-0.013 v_loss=3.972 ent=2.554 kl=0.0054
[upd  127 | steps   65024 | t   39.1s | sps  1664] ret_mean=0.000 ep_len=500.0 pi_loss=-0.011 v_loss=0.010 ent=3.070 kl=0.0081
[upd  128 | steps   65536 | t   39.2s | sps  1671] ret_mean=0.000 ep_len=500.0 pi_loss=-0.009 v_loss=0.007 ent=2.619 kl=-0.0010
[upd  129 | steps   66048 | t   39.4s | sps  1678] ret_mean=0.000 ep_len=500.0 pi_loss=-0.009 v_loss=0.004 ent=2.754 kl=0.0087
[upd  130 | steps   66560 | t   39.5s | sps  1685] ret_mean=0.000 ep_len=500.0 pi_loss=-0.009 v_loss=0.262 ent=2.585 kl=0.0122
[upd  131 | steps   67072 | t   39.7s | sps  1691] ret_mean=101.000 ep_len=500.0 pi_loss=-0.020 v_loss=4.185 ent=2.468 kl=0.0213
[upd  132 | steps   67584 | t   39.8s | sps  1698] ret_mean=97.000 ep_len=500.0 pi_loss=-0.014 v_loss=4.599 ent=2.359 kl=0.0093
[upd  133 | steps   68096 | t   39.9s | sps  1705] ret_mean=0.000 ep_len=500.0 pi_loss=-0.014 v_loss=0.615 ent=2.846 kl=0.0162
[upd  134 | steps   68608 | t   40.1s | sps  1711] ret_mean=71.500 ep_len=500.0 pi_loss=-0.012 v_loss=2.111 ent=2.347 kl=0.0039
[upd  135 | steps   69120 | t   40.2s | sps  1718] ret_mean=6.000 ep_len=500.0 pi_loss=-0.013 v_loss=0.067 ent=2.499 kl=0.0123
[upd  136 | steps   69632 | t   40.4s | sps  1725] ret_mean=0.000 ep_len=500.0 pi_loss=-0.010 v_loss=0.238 ent=2.597 kl=0.0034
[upd  137 | steps   70144 | t   40.5s | sps  1731] ret_mean=12.000 ep_len=500.0 pi_loss=-0.012 v_loss=0.703 ent=2.792 kl=0.0110
[upd  138 | steps   70656 | t   40.7s | sps  1737] ret_mean=39.000 ep_len=500.0 pi_loss=-0.009 v_loss=0.371 ent=2.572 kl=0.0045
[upd  139 | steps   71168 | t   40.8s | sps  1744] ret_mean=0.000 ep_len=500.0 pi_loss=-0.013 v_loss=0.047 ent=2.604 kl=0.0151
[upd  140 | steps   71680 | t   41.0s | sps  1750] ret_mean=10.000 ep_len=500.0 pi_loss=-0.012 v_loss=0.246 ent=2.750 kl=0.0039
[upd  141 | steps   72192 | t   41.1s | sps  1756] ret_mean=0.000 ep_len=500.0 pi_loss=-0.009 v_loss=0.075 ent=2.914 kl=0.0099
[upd  142 | steps   72704 | t   41.3s | sps  1762] ret_mean=2.500 ep_len=500.0 pi_loss=-0.010 v_loss=0.677 ent=2.415 kl=0.0070
[upd  143 | steps   73216 | t   41.4s | sps  1768] ret_mean=27.000 ep_len=500.0 pi_loss=-0.013 v_loss=1.946 ent=2.571 kl=-0.0010
[upd  144 | steps   73728 | t   41.6s | sps  1774] ret_mean=48.000 ep_len=500.0 pi_loss=-0.013 v_loss=0.287 ent=2.844 kl=0.0094
[upd  145 | steps   74240 | t   41.7s | sps  1780] ret_mean=5.000 ep_len=500.0 pi_loss=-0.015 v_loss=2.132 ent=2.583 kl=-0.0030
[upd  146 | steps   74752 | t   41.9s | sps  1786] ret_mean=112.500 ep_len=500.0 pi_loss=-0.013 v_loss=2.158 ent=2.388 kl=0.0121
[upd  147 | steps   75264 | t   42.0s | sps  1792] ret_mean=0.000 ep_len=500.0 pi_loss=-0.019 v_loss=0.300 ent=2.516 kl=-0.0028
[upd  148 | steps   75776 | t   42.2s | sps  1797] ret_mean=59.000 ep_len=500.0 pi_loss=-0.010 v_loss=3.047 ent=2.387 kl=0.0091
[upd  149 | steps   76288 | t   42.3s | sps  1803] ret_mean=63.000 ep_len=500.0 pi_loss=-0.013 v_loss=1.190 ent=2.457 kl=0.0306
[upd  150 | steps   76800 | t   42.5s | sps  1809] ret_mean=0.000 ep_len=500.0 pi_loss=-0.014 v_loss=0.077 ent=3.008 kl=0.0098
        [eval] ret_mean=11.417 ep_len=500.0
[upd  151 | steps   77312 | t   46.2s | sps  1672] ret_mean=25.500 ep_len=500.0 pi_loss=-0.014 v_loss=0.837 ent=2.852 kl=0.0006
[upd  152 | steps   77824 | t   46.4s | sps  1678] ret_mean=18.000 ep_len=500.0 pi_loss=-0.012 v_loss=0.700 ent=2.796 kl=0.0065
[upd  153 | steps   78336 | t   46.5s | sps  1684] ret_mean=70.000 ep_len=500.0 pi_loss=-0.018 v_loss=4.024 ent=2.521 kl=0.0203
[upd  154 | steps   78848 | t   46.7s | sps  1689] ret_mean=0.000 ep_len=500.0 pi_loss=-0.009 v_loss=0.094 ent=2.785 kl=-0.0038
[upd  155 | steps   79360 | t   46.8s | sps  1695] ret_mean=35.000 ep_len=500.0 pi_loss=-0.013 v_loss=1.108 ent=2.461 kl=0.0113
[upd  156 | steps   79872 | t   47.0s | sps  1701] ret_mean=14.000 ep_len=500.0 pi_loss=-0.018 v_loss=0.672 ent=2.750 kl=0.0050
[upd  157 | steps   80384 | t   47.1s | sps  1706] ret_mean=30.500 ep_len=500.0 pi_loss=-0.010 v_loss=0.289 ent=2.604 kl=0.0013
[upd  158 | steps   80896 | t   47.3s | sps  1712] ret_mean=53.500 ep_len=500.0 pi_loss=-0.012 v_loss=2.522 ent=2.316 kl=0.0104
[upd  159 | steps   81408 | t   47.4s | sps  1717] ret_mean=0.000 ep_len=500.0 pi_loss=-0.011 v_loss=0.116 ent=2.983 kl=0.0028
[upd  160 | steps   81920 | t   47.6s | sps  1722] ret_mean=4.000 ep_len=500.0 pi_loss=-0.011 v_loss=0.046 ent=3.029 kl=0.0217
[upd  161 | steps   82432 | t   47.7s | sps  1727] ret_mean=8.500 ep_len=500.0 pi_loss=-0.017 v_loss=0.244 ent=3.041 kl=0.0015
[upd  162 | steps   82944 | t   47.9s | sps  1733] ret_mean=0.000 ep_len=500.0 pi_loss=-0.014 v_loss=0.025 ent=2.739 kl=0.0035
[upd  163 | steps   83456 | t   48.0s | sps  1738] ret_mean=0.000 ep_len=500.0 pi_loss=-0.013 v_loss=2.919 ent=2.571 kl=0.0053
[upd  164 | steps   83968 | t   48.2s | sps  1743] ret_mean=143.000 ep_len=500.0 pi_loss=-0.013 v_loss=6.559 ent=2.263 kl=0.0109
[upd  165 | steps   84480 | t   48.3s | sps  1749] ret_mean=109.500 ep_len=500.0 pi_loss=-0.013 v_loss=3.931 ent=2.145 kl=0.0114
[upd  166 | steps   84992 | t   48.5s | sps  1754] ret_mean=0.000 ep_len=500.0 pi_loss=-0.011 v_loss=0.026 ent=2.798 kl=0.0027
[upd  167 | steps   85504 | t   48.6s | sps  1759] ret_mean=33.000 ep_len=500.0 pi_loss=-0.010 v_loss=1.340 ent=2.371 kl=0.0077
[upd  168 | steps   86016 | t   48.8s | sps  1764] ret_mean=20.000 ep_len=500.0 pi_loss=-0.014 v_loss=4.185 ent=2.588 kl=0.0152
[upd  169 | steps   86528 | t   48.9s | sps  1769] ret_mean=129.500 ep_len=500.0 pi_loss=-0.013 v_loss=5.129 ent=2.020 kl=0.0233
[upd  170 | steps   87040 | t   49.0s | sps  1775] ret_mean=118.000 ep_len=500.0 pi_loss=-0.014 v_loss=2.661 ent=2.043 kl=0.0141
[upd  171 | steps   87552 | t   49.2s | sps  1779] ret_mean=2.000 ep_len=500.0 pi_loss=-0.014 v_loss=0.103 ent=2.974 kl=0.0069
[upd  172 | steps   88064 | t   49.3s | sps  1785] ret_mean=3.000 ep_len=500.0 pi_loss=-0.010 v_loss=0.119 ent=2.569 kl=0.0084
[upd  173 | steps   88576 | t   49.5s | sps  1790] ret_mean=0.000 ep_len=500.0 pi_loss=-0.017 v_loss=1.766 ent=2.316 kl=0.0052
[upd  174 | steps   89088 | t   49.6s | sps  1795] ret_mean=98.500 ep_len=500.0 pi_loss=-0.020 v_loss=2.142 ent=2.536 kl=0.0260
[upd  175 | steps   89600 | t   49.8s | sps  1799] ret_mean=0.000 ep_len=500.0 pi_loss=-0.015 v_loss=0.014 ent=2.893 kl=0.0052
        [eval] ret_mean=4.167 ep_len=500.0
[upd  176 | steps   90112 | t   53.7s | sps  1679] ret_mean=115.500 ep_len=500.0 pi_loss=-0.011 v_loss=5.551 ent=2.203 kl=0.0082
[upd  177 | steps   90624 | t   53.8s | sps  1684] ret_mean=126.500 ep_len=500.0 pi_loss=-0.007 v_loss=7.706 ent=1.882 kl=0.0025
[upd  178 | steps   91136 | t   53.9s | sps  1689] ret_mean=0.000 ep_len=500.0 pi_loss=-0.019 v_loss=0.092 ent=2.831 kl=0.0075
[upd  179 | steps   91648 | t   54.1s | sps  1694] ret_mean=104.000 ep_len=500.0 pi_loss=-0.015 v_loss=3.401 ent=2.093 kl=0.0110
[upd  180 | steps   92160 | t   54.2s | sps  1699] ret_mean=84.500 ep_len=500.0 pi_loss=-0.019 v_loss=2.834 ent=2.202 kl=0.0204
[upd  181 | steps   92672 | t   54.4s | sps  1704] ret_mean=28.500 ep_len=500.0 pi_loss=-0.009 v_loss=1.120 ent=2.766 kl=0.0096
[upd  182 | steps   93184 | t   54.5s | sps  1708] ret_mean=40.500 ep_len=500.0 pi_loss=-0.008 v_loss=1.623 ent=2.348 kl=0.0099
[upd  183 | steps   93696 | t   54.7s | sps  1713] ret_mean=0.000 ep_len=500.0 pi_loss=-0.010 v_loss=0.045 ent=2.142 kl=0.0165
[upd  184 | steps   94208 | t   54.8s | sps  1718] ret_mean=64.000 ep_len=500.0 pi_loss=-0.015 v_loss=3.484 ent=2.342 kl=0.0194
[upd  185 | steps   94720 | t   55.0s | sps  1723] ret_mean=52.500 ep_len=500.0 pi_loss=-0.008 v_loss=1.396 ent=1.972 kl=0.0074
[upd  186 | steps   95232 | t   55.1s | sps  1727] ret_mean=27.500 ep_len=500.0 pi_loss=-0.012 v_loss=0.541 ent=2.397 kl=0.0089
[upd  187 | steps   95744 | t   55.3s | sps  1732] ret_mean=0.000 ep_len=500.0 pi_loss=-0.012 v_loss=1.138 ent=2.772 kl=0.0092
[upd  188 | steps   96256 | t   55.4s | sps  1737] ret_mean=54.500 ep_len=500.0 pi_loss=-0.013 v_loss=0.640 ent=2.250 kl=0.0053
[upd  189 | steps   96768 | t   55.6s | sps  1741] ret_mean=76.000 ep_len=500.0 pi_loss=-0.011 v_loss=3.347 ent=1.699 kl=0.0130
[upd  190 | steps   97280 | t   55.7s | sps  1746] ret_mean=71.000 ep_len=500.0 pi_loss=-0.012 v_loss=3.016 ent=1.766 kl=0.0073
[upd  191 | steps   97792 | t   55.9s | sps  1750] ret_mean=46.500 ep_len=500.0 pi_loss=-0.019 v_loss=1.358 ent=2.179 kl=0.0260
[upd  192 | steps   98304 | t   56.0s | sps  1755] ret_mean=0.500 ep_len=500.0 pi_loss=-0.015 v_loss=1.732 ent=2.069 kl=0.0134
[upd  193 | steps   98816 | t   56.2s | sps  1759] ret_mean=57.000 ep_len=500.0 pi_loss=-0.003 v_loss=0.486 ent=2.130 kl=0.0042
[upd  194 | steps   99328 | t   56.3s | sps  1764] ret_mean=0.000 ep_len=500.0 pi_loss=-0.014 v_loss=1.717 ent=2.381 kl=0.0113
[upd  195 | steps   99840 | t   56.5s | sps  1768] ret_mean=52.500 ep_len=500.0 pi_loss=-0.014 v_loss=1.127 ent=1.986 kl=-0.0062
[upd  196 | steps  100352 | t   56.6s | sps  1773] ret_mean=46.000 ep_len=500.0 pi_loss=-0.011 v_loss=2.529 ent=2.101 kl=0.0044
[upd  197 | steps  100864 | t   56.7s | sps  1777] ret_mean=118.500 ep_len=500.0 pi_loss=-0.018 v_loss=2.239 ent=1.766 kl=0.0320
[upd  198 | steps  101376 | t   56.9s | sps  1782] ret_mean=0.000 ep_len=500.0 pi_loss=-0.021 v_loss=2.645 ent=2.503 kl=0.0069
[upd  199 | steps  101888 | t   57.0s | sps  1786] ret_mean=118.500 ep_len=500.0 pi_loss=-0.010 v_loss=3.626 ent=1.449 kl=0.0067
[upd  200 | steps  102400 | t   57.2s | sps  1791] ret_mean=109.500 ep_len=500.0 pi_loss=-0.008 v_loss=2.132 ent=1.659 kl=0.0172
        [eval] ret_mean=4.167 ep_len=500.0
[upd  201 | steps  102912 | t   61.0s | sps  1687] ret_mean=161.500 ep_len=500.0 pi_loss=-0.012 v_loss=10.372 ent=1.466 kl=0.0092
[upd  202 | steps  103424 | t   61.1s | sps  1692] ret_mean=0.000 ep_len=500.0 pi_loss=-0.020 v_loss=0.157 ent=2.863 kl=0.0156
[upd  203 | steps  103936 | t   61.3s | sps  1696] ret_mean=80.500 ep_len=500.0 pi_loss=-0.019 v_loss=3.019 ent=1.926 kl=0.0158
[upd  204 | steps  104448 | t   61.4s | sps  1700] ret_mean=145.500 ep_len=500.0 pi_loss=-0.012 v_loss=6.721 ent=1.930 kl=0.0106
[upd  205 | steps  104960 | t   61.6s | sps  1705] ret_mean=85.500 ep_len=500.0 pi_loss=-0.018 v_loss=3.251 ent=2.349 kl=0.0030
[upd  206 | steps  105472 | t   61.7s | sps  1709] ret_mean=77.000 ep_len=500.0 pi_loss=-0.014 v_loss=2.281 ent=2.393 kl=0.0108
[upd  207 | steps  105984 | t   61.9s | sps  1713] ret_mean=0.000 ep_len=500.0 pi_loss=-0.010 v_loss=0.887 ent=2.572 kl=0.0136
[upd  208 | steps  106496 | t   62.0s | sps  1717] ret_mean=175.000 ep_len=500.0 pi_loss=-0.015 v_loss=9.028 ent=1.211 kl=0.0129
[upd  209 | steps  107008 | t   62.2s | sps  1721] ret_mean=10.000 ep_len=500.0 pi_loss=-0.014 v_loss=0.449 ent=2.786 kl=0.0146
[upd  210 | steps  107520 | t   62.3s | sps  1725] ret_mean=22.500 ep_len=500.0 pi_loss=-0.008 v_loss=1.070 ent=2.623 kl=0.0085
[upd  211 | steps  108032 | t   62.5s | sps  1729] ret_mean=0.000 ep_len=500.0 pi_loss=-0.014 v_loss=0.047 ent=2.622 kl=0.0089
[upd  212 | steps  108544 | t   62.6s | sps  1733] ret_mean=0.000 ep_len=500.0 pi_loss=-0.008 v_loss=0.063 ent=2.794 kl=0.0118
[upd  213 | steps  109056 | t   62.8s | sps  1738] ret_mean=55.000 ep_len=500.0 pi_loss=-0.009 v_loss=2.919 ent=2.060 kl=0.0077
[upd  214 | steps  109568 | t   62.9s | sps  1742] ret_mean=62.500 ep_len=500.0 pi_loss=-0.011 v_loss=0.947 ent=2.883 kl=0.0117
[upd  215 | steps  110080 | t   63.1s | sps  1746] ret_mean=0.000 ep_len=500.0 pi_loss=-0.013 v_loss=0.041 ent=2.583 kl=0.0063
[upd  216 | steps  110592 | t   63.2s | sps  1750] ret_mean=0.000 ep_len=500.0 pi_loss=-0.011 v_loss=0.568 ent=2.924 kl=0.0235
[upd  217 | steps  111104 | t   63.4s | sps  1754] ret_mean=88.000 ep_len=500.0 pi_loss=-0.010 v_loss=3.635 ent=1.934 kl=0.0093
[upd  218 | steps  111616 | t   63.5s | sps  1758] ret_mean=100.500 ep_len=500.0 pi_loss=-0.013 v_loss=4.541 ent=1.898 kl=0.0074
[upd  219 | steps  112128 | t   63.6s | sps  1762] ret_mean=63.500 ep_len=500.0 pi_loss=-0.015 v_loss=0.835 ent=2.806 kl=0.0019
[upd  220 | steps  112640 | t   63.8s | sps  1766] ret_mean=79.500 ep_len=500.0 pi_loss=-0.007 v_loss=8.243 ent=1.303 kl=0.0012
[upd  221 | steps  113152 | t   63.9s | sps  1770] ret_mean=160.000 ep_len=500.0 pi_loss=-0.009 v_loss=2.362 ent=1.607 kl=0.0117
[upd  222 | steps  113664 | t   64.1s | sps  1774] ret_mean=0.000 ep_len=500.0 pi_loss=-0.017 v_loss=1.354 ent=2.281 kl=0.0193
[upd  223 | steps  114176 | t   64.2s | sps  1778] ret_mean=42.000 ep_len=500.0 pi_loss=-0.020 v_loss=1.703 ent=2.520 kl=0.0040
[upd  224 | steps  114688 | t   64.4s | sps  1782] ret_mean=54.500 ep_len=500.0 pi_loss=-0.017 v_loss=0.502 ent=2.987 kl=0.0023
[upd  225 | steps  115200 | t   64.5s | sps  1785] ret_mean=0.000 ep_len=500.0 pi_loss=-0.012 v_loss=2.577 ent=2.767 kl=0.0120
        [eval] ret_mean=12.200 ep_len=500.0
[upd  226 | steps  115712 | t   68.2s | sps  1696] ret_mean=72.500 ep_len=500.0 pi_loss=-0.015 v_loss=2.515 ent=2.139 kl=0.0088
[upd  227 | steps  116224 | t   68.4s | sps  1700] ret_mean=45.500 ep_len=500.0 pi_loss=-0.011 v_loss=1.914 ent=2.391 kl=0.0113
[upd  228 | steps  116736 | t   68.5s | sps  1704] ret_mean=93.000 ep_len=500.0 pi_loss=-0.012 v_loss=2.951 ent=2.029 kl=0.0036
[upd  229 | steps  117248 | t   68.7s | sps  1707] ret_mean=95.000 ep_len=500.0 pi_loss=-0.009 v_loss=3.738 ent=1.599 kl=0.0031
[upd  230 | steps  117760 | t   68.8s | sps  1711] ret_mean=71.000 ep_len=500.0 pi_loss=-0.017 v_loss=1.890 ent=1.792 kl=0.0048
[upd  231 | steps  118272 | t   69.0s | sps  1715] ret_mean=89.500 ep_len=500.0 pi_loss=-0.014 v_loss=4.216 ent=1.824 kl=0.0086
[upd  232 | steps  118784 | t   69.1s | sps  1719] ret_mean=168.000 ep_len=500.0 pi_loss=-0.009 v_loss=8.007 ent=1.226 kl=0.0040
[upd  233 | steps  119296 | t   69.3s | sps  1722] ret_mean=52.500 ep_len=500.0 pi_loss=-0.009 v_loss=2.210 ent=2.361 kl=0.0071
[upd  234 | steps  119808 | t   69.4s | sps  1726] ret_mean=67.000 ep_len=500.0 pi_loss=-0.015 v_loss=3.050 ent=1.983 kl=0.0130
[upd  235 | steps  120320 | t   69.6s | sps  1730] ret_mean=0.000 ep_len=500.0 pi_loss=-0.017 v_loss=0.450 ent=3.003 kl=0.0053
[upd  236 | steps  120832 | t   69.7s | sps  1733] ret_mean=97.500 ep_len=500.0 pi_loss=-0.013 v_loss=3.731 ent=1.917 kl=0.0024
[upd  237 | steps  121344 | t   69.9s | sps  1737] ret_mean=94.500 ep_len=500.0 pi_loss=-0.008 v_loss=3.925 ent=1.809 kl=0.0074
[upd  238 | steps  121856 | t   70.0s | sps  1741] ret_mean=82.000 ep_len=500.0 pi_loss=-0.010 v_loss=3.455 ent=2.305 kl=0.0032
[upd  239 | steps  122368 | t   70.1s | sps  1745] ret_mean=101.500 ep_len=500.0 pi_loss=-0.018 v_loss=2.895 ent=2.313 kl=0.0118
[upd  240 | steps  122880 | t   70.3s | sps  1748] ret_mean=27.000 ep_len=500.0 pi_loss=-0.015 v_loss=0.740 ent=2.828 kl=0.0009
[upd  241 | steps  123392 | t   70.4s | sps  1752] ret_mean=82.500 ep_len=500.0 pi_loss=-0.018 v_loss=3.977 ent=1.614 kl=0.0222
[upd  242 | steps  123904 | t   70.6s | sps  1755] ret_mean=102.500 ep_len=500.0 pi_loss=-0.015 v_loss=8.807 ent=1.737 kl=0.0101
[upd  243 | steps  124416 | t   70.7s | sps  1759] ret_mean=184.000 ep_len=500.0 pi_loss=-0.012 v_loss=3.392 ent=1.813 kl=0.0156
[upd  244 | steps  124928 | t   70.9s | sps  1763] ret_mean=70.500 ep_len=500.0 pi_loss=-0.018 v_loss=1.304 ent=2.410 kl=0.0277
[upd  245 | steps  125440 | t   71.0s | sps  1766] ret_mean=0.000 ep_len=500.0 pi_loss=-0.020 v_loss=0.297 ent=3.087 kl=0.0066
[upd  246 | steps  125952 | t   71.2s | sps  1770] ret_mean=0.000 ep_len=500.0 pi_loss=-0.016 v_loss=5.614 ent=2.442 kl=0.0097
[upd  247 | steps  126464 | t   71.3s | sps  1773] ret_mean=108.500 ep_len=500.0 pi_loss=-0.016 v_loss=2.270 ent=2.178 kl=0.0047
[upd  248 | steps  126976 | t   71.5s | sps  1777] ret_mean=129.000 ep_len=500.0 pi_loss=-0.013 v_loss=3.250 ent=2.095 kl=0.0163
[upd  249 | steps  127488 | t   71.6s | sps  1780] ret_mean=80.500 ep_len=500.0 pi_loss=-0.011 v_loss=3.445 ent=1.705 kl=0.0109
[upd  250 | steps  128000 | t   71.8s | sps  1784] ret_mean=120.000 ep_len=500.0 pi_loss=-0.009 v_loss=1.578 ent=1.735 kl=0.0124
        [eval] ret_mean=31.683 ep_len=500.0
[upd  251 | steps  128512 | t   75.4s | sps  1704] ret_mean=106.000 ep_len=500.0 pi_loss=-0.013 v_loss=2.513 ent=2.070 kl=0.0082
[upd  252 | steps  129024 | t   75.5s | sps  1708] ret_mean=119.000 ep_len=500.0 pi_loss=-0.009 v_loss=4.185 ent=1.661 kl=0.0007
[upd  253 | steps  129536 | t   75.7s | sps  1712] ret_mean=129.500 ep_len=500.0 pi_loss=-0.011 v_loss=4.995 ent=1.924 kl=0.0119
[upd  254 | steps  130048 | t   75.8s | sps  1715] ret_mean=120.500 ep_len=500.0 pi_loss=-0.012 v_loss=2.095 ent=1.871 kl=0.0134
[upd  255 | steps  130560 | t   76.0s | sps  1719] ret_mean=119.000 ep_len=500.0 pi_loss=-0.013 v_loss=3.497 ent=2.043 kl=0.0070
[upd  256 | steps  131072 | t   76.1s | sps  1722] ret_mean=24.000 ep_len=500.0 pi_loss=-0.017 v_loss=1.965 ent=2.656 kl=0.0015
[upd  257 | steps  131584 | t   76.3s | sps  1725] ret_mean=0.000 ep_len=500.0 pi_loss=-0.019 v_loss=1.155 ent=2.866 kl=0.0071
[upd  258 | steps  132096 | t   76.4s | sps  1729] ret_mean=116.500 ep_len=500.0 pi_loss=-0.015 v_loss=2.778 ent=2.237 kl=0.0099
[upd  259 | steps  132608 | t   76.6s | sps  1732] ret_mean=49.000 ep_len=500.0 pi_loss=-0.015 v_loss=1.502 ent=2.484 kl=0.0026
[upd  260 | steps  133120 | t   76.7s | sps  1735] ret_mean=50.500 ep_len=500.0 pi_loss=-0.013 v_loss=1.100 ent=2.641 kl=-0.0006
[upd  261 | steps  133632 | t   76.9s | sps  1739] ret_mean=91.500 ep_len=500.0 pi_loss=-0.008 v_loss=3.027 ent=1.922 kl=0.0041
[upd  262 | steps  134144 | t   77.0s | sps  1742] ret_mean=28.500 ep_len=500.0 pi_loss=-0.011 v_loss=1.551 ent=2.340 kl=0.0006
[upd  263 | steps  134656 | t   77.2s | sps  1745] ret_mean=99.000 ep_len=500.0 pi_loss=-0.010 v_loss=1.938 ent=2.290 kl=0.0059
[upd  264 | steps  135168 | t   77.3s | sps  1749] ret_mean=0.000 ep_len=500.0 pi_loss=-0.006 v_loss=1.051 ent=2.712 kl=0.0112
[upd  265 | steps  135680 | t   77.5s | sps  1752] ret_mean=29.000 ep_len=500.0 pi_loss=-0.011 v_loss=0.905 ent=2.755 kl=0.0089
[upd  266 | steps  136192 | t   77.6s | sps  1755] ret_mean=30.500 ep_len=500.0 pi_loss=-0.010 v_loss=2.375 ent=2.474 kl=-0.0007
[upd  267 | steps  136704 | t   77.7s | sps  1758] ret_mean=73.000 ep_len=500.0 pi_loss=-0.015 v_loss=3.162 ent=2.358 kl=-0.0000
[upd  268 | steps  137216 | t   77.9s | sps  1762] ret_mean=121.000 ep_len=500.0 pi_loss=-0.008 v_loss=2.831 ent=1.951 kl=0.0094
[upd  269 | steps  137728 | t   78.0s | sps  1765] ret_mean=124.500 ep_len=500.0 pi_loss=-0.010 v_loss=2.217 ent=2.158 kl=0.0090
[upd  270 | steps  138240 | t   78.2s | sps  1768] ret_mean=114.500 ep_len=500.0 pi_loss=-0.015 v_loss=3.638 ent=2.160 kl=0.0164
[upd  271 | steps  138752 | t   78.3s | sps  1772] ret_mean=96.000 ep_len=500.0 pi_loss=-0.009 v_loss=2.863 ent=2.334 kl=0.0191
[upd  272 | steps  139264 | t   78.5s | sps  1775] ret_mean=0.000 ep_len=500.0 pi_loss=-0.020 v_loss=1.332 ent=2.749 kl=0.0013
[upd  273 | steps  139776 | t   78.6s | sps  1778] ret_mean=46.000 ep_len=500.0 pi_loss=-0.014 v_loss=1.876 ent=2.076 kl=0.0013
[upd  274 | steps  140288 | t   78.8s | sps  1781] ret_mean=115.500 ep_len=500.0 pi_loss=-0.011 v_loss=3.279 ent=1.940 kl=0.0074
[upd  275 | steps  140800 | t   78.9s | sps  1785] ret_mean=66.000 ep_len=500.0 pi_loss=-0.011 v_loss=1.682 ent=2.260 kl=0.0032
        [eval] ret_mean=8.333 ep_len=500.0
[upd  276 | steps  141312 | t   82.6s | sps  1710] ret_mean=81.000 ep_len=500.0 pi_loss=-0.011 v_loss=2.651 ent=2.276 kl=0.0024
[upd  277 | steps  141824 | t   82.8s | sps  1713] ret_mean=179.500 ep_len=500.0 pi_loss=-0.008 v_loss=8.108 ent=1.787 kl=0.0019
[upd  278 | steps  142336 | t   82.9s | sps  1716] ret_mean=89.500 ep_len=500.0 pi_loss=-0.011 v_loss=2.423 ent=2.300 kl=0.0126
[upd  279 | steps  142848 | t   83.1s | sps  1719] ret_mean=20.500 ep_len=500.0 pi_loss=-0.018 v_loss=2.441 ent=2.870 kl=-0.0020
[upd  280 | steps  143360 | t   83.2s | sps  1722] ret_mean=119.000 ep_len=500.0 pi_loss=-0.013 v_loss=2.039 ent=2.090 kl=0.0065
[upd  281 | steps  143872 | t   83.4s | sps  1725] ret_mean=111.500 ep_len=500.0 pi_loss=-0.013 v_loss=2.158 ent=2.002 kl=0.0085
[upd  282 | steps  144384 | t   83.5s | sps  1728] ret_mean=0.000 ep_len=500.0 pi_loss=-0.014 v_loss=0.617 ent=2.856 kl=0.0035
[upd  283 | steps  144896 | t   83.7s | sps  1731] ret_mean=45.500 ep_len=500.0 pi_loss=-0.005 v_loss=1.448 ent=2.643 kl=0.0048
[upd  284 | steps  145408 | t   83.9s | sps  1734] ret_mean=63.500 ep_len=500.0 pi_loss=-0.014 v_loss=1.897 ent=2.703 kl=0.0009
[upd  285 | steps  145920 | t   84.0s | sps  1737] ret_mean=107.500 ep_len=500.0 pi_loss=-0.012 v_loss=3.998 ent=2.140 kl=0.0041
[upd  286 | steps  146432 | t   84.1s | sps  1740] ret_mean=129.000 ep_len=500.0 pi_loss=-0.012 v_loss=4.044 ent=2.095 kl=0.0034
[upd  287 | steps  146944 | t   84.3s | sps  1743] ret_mean=0.000 ep_len=500.0 pi_loss=-0.017 v_loss=1.246 ent=2.896 kl=0.0136
[upd  288 | steps  147456 | t   84.4s | sps  1746] ret_mean=74.000 ep_len=500.0 pi_loss=-0.016 v_loss=2.903 ent=2.517 kl=0.0058
[upd  289 | steps  147968 | t   84.6s | sps  1749] ret_mean=134.000 ep_len=500.0 pi_loss=-0.013 v_loss=4.550 ent=1.898 kl=0.0113
[upd  290 | steps  148480 | t   84.8s | sps  1752] ret_mean=118.500 ep_len=500.0 pi_loss=-0.010 v_loss=3.202 ent=2.294 kl=0.0022
[upd  291 | steps  148992 | t   84.9s | sps  1755] ret_mean=92.500 ep_len=500.0 pi_loss=-0.014 v_loss=3.207 ent=2.246 kl=0.0233
[upd  292 | steps  149504 | t   85.1s | sps  1758] ret_mean=149.000 ep_len=500.0 pi_loss=-0.010 v_loss=3.360 ent=2.022 kl=0.0045
[upd  293 | steps  150016 | t   85.2s | sps  1761] ret_mean=52.000 ep_len=500.0 pi_loss=-0.016 v_loss=1.831 ent=2.831 kl=0.0072
[upd  294 | steps  150528 | t   85.4s | sps  1763] ret_mean=27.000 ep_len=500.0 pi_loss=-0.017 v_loss=2.599 ent=2.727 kl=-0.0018
[upd  295 | steps  151040 | t   85.5s | sps  1766] ret_mean=57.000 ep_len=500.0 pi_loss=-0.015 v_loss=3.455 ent=2.891 kl=0.0053
[upd  296 | steps  151552 | t   85.7s | sps  1769] ret_mean=12.000 ep_len=500.0 pi_loss=-0.011 v_loss=1.158 ent=2.675 kl=0.0000
[upd  297 | steps  152064 | t   85.8s | sps  1772] ret_mean=106.500 ep_len=500.0 pi_loss=-0.012 v_loss=2.736 ent=2.397 kl=0.0036
[upd  298 | steps  152576 | t   86.0s | sps  1775] ret_mean=60.000 ep_len=500.0 pi_loss=-0.013 v_loss=1.864 ent=2.265 kl=0.0134
[upd  299 | steps  153088 | t   86.1s | sps  1778] ret_mean=69.000 ep_len=500.0 pi_loss=-0.013 v_loss=1.939 ent=2.534 kl=-0.0005
[upd  300 | steps  153600 | t   86.3s | sps  1781] ret_mean=55.500 ep_len=500.0 pi_loss=-0.017 v_loss=3.347 ent=2.574 kl=0.0126
        [eval] ret_mean=25.017 ep_len=500.0
[upd  301 | steps  154112 | t   90.1s | sps  1711] ret_mean=42.000 ep_len=500.0 pi_loss=-0.016 v_loss=2.098 ent=2.751 kl=0.0126
[upd  302 | steps  154624 | t   90.2s | sps  1714] ret_mean=0.000 ep_len=500.0 pi_loss=-0.011 v_loss=1.189 ent=2.905 kl=0.0051
[upd  303 | steps  155136 | t   90.4s | sps  1717] ret_mean=60.500 ep_len=500.0 pi_loss=-0.013 v_loss=3.222 ent=2.241 kl=0.0129
[upd  304 | steps  155648 | t   90.5s | sps  1719] ret_mean=32.500 ep_len=500.0 pi_loss=-0.013 v_loss=1.697 ent=2.821 kl=0.0032
[upd  305 | steps  156160 | t   90.7s | sps  1722] ret_mean=0.000 ep_len=500.0 pi_loss=-0.012 v_loss=1.050 ent=2.964 kl=0.0043
[upd  306 | steps  156672 | t   90.8s | sps  1725] ret_mean=0.000 ep_len=500.0 pi_loss=-0.016 v_loss=1.162 ent=2.936 kl=0.0133
[upd  307 | steps  157184 | t   91.0s | sps  1728] ret_mean=144.000 ep_len=500.0 pi_loss=-0.007 v_loss=6.088 ent=1.838 kl=0.0019
[upd  308 | steps  157696 | t   91.1s | sps  1731] ret_mean=178.000 ep_len=500.0 pi_loss=-0.014 v_loss=7.836 ent=1.906 kl=0.0181
[upd  309 | steps  158208 | t   91.3s | sps  1733] ret_mean=112.500 ep_len=500.0 pi_loss=-0.013 v_loss=2.859 ent=2.096 kl=0.0181
[upd  310 | steps  158720 | t   91.4s | sps  1736] ret_mean=49.000 ep_len=500.0 pi_loss=-0.015 v_loss=2.751 ent=2.383 kl=0.0111
[upd  311 | steps  159232 | t   91.6s | sps  1739] ret_mean=37.000 ep_len=500.0 pi_loss=-0.009 v_loss=0.882 ent=2.907 kl=0.0061
[upd  312 | steps  159744 | t   91.7s | sps  1742] ret_mean=64.000 ep_len=500.0 pi_loss=-0.014 v_loss=3.483 ent=2.108 kl=0.0086
[upd  313 | steps  160256 | t   91.9s | sps  1744] ret_mean=66.500 ep_len=500.0 pi_loss=-0.015 v_loss=1.829 ent=2.714 kl=0.0018
[upd  314 | steps  160768 | t   92.0s | sps  1747] ret_mean=117.000 ep_len=500.0 pi_loss=-0.012 v_loss=3.054 ent=2.124 kl=0.0086
[upd  315 | steps  161280 | t   92.2s | sps  1750] ret_mean=58.500 ep_len=500.0 pi_loss=-0.016 v_loss=1.253 ent=2.812 kl=-0.0002
[upd  316 | steps  161792 | t   92.3s | sps  1752] ret_mean=14.500 ep_len=500.0 pi_loss=-0.019 v_loss=2.556 ent=2.489 kl=-0.0002
[upd  317 | steps  162304 | t   92.5s | sps  1755] ret_mean=146.500 ep_len=500.0 pi_loss=-0.014 v_loss=4.120 ent=1.921 kl=0.0075
[upd  318 | steps  162816 | t   92.7s | sps  1756] ret_mean=77.500 ep_len=500.0 pi_loss=-0.015 v_loss=3.542 ent=2.135 kl=0.0093
[upd  319 | steps  163328 | t   92.9s | sps  1759] ret_mean=107.000 ep_len=500.0 pi_loss=-0.010 v_loss=3.280 ent=1.637 kl=0.0046
[upd  320 | steps  163840 | t   93.0s | sps  1761] ret_mean=122.000 ep_len=500.0 pi_loss=-0.009 v_loss=7.264 ent=1.506 kl=0.0025
[upd  321 | steps  164352 | t   93.2s | sps  1764] ret_mean=189.000 ep_len=500.0 pi_loss=-0.011 v_loss=5.977 ent=1.561 kl=0.0090
[upd  322 | steps  164864 | t   93.3s | sps  1767] ret_mean=166.500 ep_len=500.0 pi_loss=-0.013 v_loss=4.506 ent=1.733 kl=0.0219
[upd  323 | steps  165376 | t   93.5s | sps  1769] ret_mean=129.500 ep_len=500.0 pi_loss=-0.012 v_loss=3.382 ent=2.012 kl=0.0066
[upd  324 | steps  165888 | t   93.6s | sps  1772] ret_mean=52.500 ep_len=500.0 pi_loss=-0.010 v_loss=1.108 ent=2.242 kl=0.0051
[upd  325 | steps  166400 | t   93.8s | sps  1774] ret_mean=113.000 ep_len=500.0 pi_loss=-0.011 v_loss=2.132 ent=1.811 kl=0.0079
        [eval] ret_mean=25.583 ep_len=500.0
[upd  326 | steps  166912 | t   97.7s | sps  1709] ret_mean=172.500 ep_len=500.0 pi_loss=-0.013 v_loss=5.973 ent=1.532 kl=0.0093
[upd  327 | steps  167424 | t   97.8s | sps  1711] ret_mean=121.500 ep_len=500.0 pi_loss=-0.010 v_loss=2.140 ent=1.861 kl=0.0119
[upd  328 | steps  167936 | t   98.0s | sps  1714] ret_mean=58.000 ep_len=500.0 pi_loss=-0.011 v_loss=1.038 ent=2.429 kl=0.0018
[upd  329 | steps  168448 | t   98.1s | sps  1717] ret_mean=117.000 ep_len=500.0 pi_loss=-0.017 v_loss=5.302 ent=1.846 kl=0.0125
[upd  330 | steps  168960 | t   98.3s | sps  1719] ret_mean=0.000 ep_len=500.0 pi_loss=-0.018 v_loss=2.219 ent=2.477 kl=0.0147
[upd  331 | steps  169472 | t   98.4s | sps  1722] ret_mean=183.500 ep_len=500.0 pi_loss=-0.001 v_loss=5.551 ent=1.097 kl=0.0105
[upd  332 | steps  169984 | t   98.6s | sps  1724] ret_mean=124.000 ep_len=500.0 pi_loss=-0.006 v_loss=1.916 ent=1.657 kl=0.0092
[upd  333 | steps  170496 | t   98.7s | sps  1727] ret_mean=146.000 ep_len=500.0 pi_loss=-0.008 v_loss=4.680 ent=1.470 kl=0.0023
[upd  334 | steps  171008 | t   98.9s | sps  1729] ret_mean=66.500 ep_len=500.0 pi_loss=-0.012 v_loss=1.606 ent=2.135 kl=0.0037
[upd  335 | steps  171520 | t   99.0s | sps  1732] ret_mean=131.000 ep_len=500.0 pi_loss=-0.010 v_loss=4.279 ent=1.504 kl=0.0119
[upd  336 | steps  172032 | t   99.2s | sps  1734] ret_mean=141.500 ep_len=500.0 pi_loss=-0.007 v_loss=5.012 ent=1.529 kl=0.0048
[upd  337 | steps  172544 | t   99.3s | sps  1737] ret_mean=123.000 ep_len=500.0 pi_loss=-0.011 v_loss=2.302 ent=1.937 kl=0.0058
[upd  338 | steps  173056 | t   99.5s | sps  1739] ret_mean=104.000 ep_len=500.0 pi_loss=-0.014 v_loss=4.343 ent=1.552 kl=0.0170
[upd  339 | steps  173568 | t   99.6s | sps  1742] ret_mean=155.000 ep_len=500.0 pi_loss=-0.009 v_loss=5.747 ent=1.275 kl=0.0059
[upd  340 | steps  174080 | t   99.8s | sps  1745] ret_mean=165.000 ep_len=500.0 pi_loss=-0.010 v_loss=5.532 ent=1.531 kl=0.0127
[upd  341 | steps  174592 | t   99.9s | sps  1747] ret_mean=159.500 ep_len=500.0 pi_loss=-0.005 v_loss=2.586 ent=1.448 kl=0.0031
[upd  342 | steps  175104 | t  100.1s | sps  1750] ret_mean=123.500 ep_len=500.0 pi_loss=-0.009 v_loss=3.800 ent=1.501 kl=0.0035
[upd  343 | steps  175616 | t  100.2s | sps  1752] ret_mean=149.000 ep_len=500.0 pi_loss=-0.010 v_loss=2.832 ent=1.497 kl=0.0067
[upd  344 | steps  176128 | t  100.4s | sps  1755] ret_mean=114.500 ep_len=500.0 pi_loss=-0.015 v_loss=5.865 ent=1.402 kl=-0.0038
[upd  345 | steps  176640 | t  100.5s | sps  1757] ret_mean=190.000 ep_len=500.0 pi_loss=-0.010 v_loss=2.932 ent=1.614 kl=0.0021
[upd  346 | steps  177152 | t  100.7s | sps  1759] ret_mean=35.000 ep_len=500.0 pi_loss=-0.010 v_loss=2.481 ent=2.435 kl=0.0080
[upd  347 | steps  177664 | t  100.8s | sps  1762] ret_mean=54.500 ep_len=500.0 pi_loss=-0.010 v_loss=2.629 ent=1.910 kl=0.0009
[upd  348 | steps  178176 | t  101.0s | sps  1764] ret_mean=96.500 ep_len=500.0 pi_loss=-0.015 v_loss=3.160 ent=1.970 kl=0.0111
[upd  349 | steps  178688 | t  101.1s | sps  1767] ret_mean=64.500 ep_len=500.0 pi_loss=-0.009 v_loss=4.779 ent=1.427 kl=0.0017
[upd  350 | steps  179200 | t  101.3s | sps  1769] ret_mean=147.500 ep_len=500.0 pi_loss=-0.009 v_loss=5.460 ent=1.404 kl=0.0024
        [eval] ret_mean=52.067 ep_len=500.0
[upd  351 | steps  179712 | t  105.1s | sps  1710] ret_mean=154.500 ep_len=500.0 pi_loss=-0.005 v_loss=4.053 ent=1.323 kl=0.0003
[upd  352 | steps  180224 | t  105.2s | sps  1713] ret_mean=139.500 ep_len=500.0 pi_loss=-0.010 v_loss=3.926 ent=1.452 kl=0.0093
[upd  353 | steps  180736 | t  105.4s | sps  1715] ret_mean=119.500 ep_len=500.0 pi_loss=-0.009 v_loss=2.130 ent=1.317 kl=0.0135
[upd  354 | steps  181248 | t  105.5s | sps  1718] ret_mean=61.000 ep_len=500.0 pi_loss=-0.017 v_loss=4.438 ent=1.984 kl=0.0118
[upd  355 | steps  181760 | t  105.7s | sps  1720] ret_mean=110.000 ep_len=500.0 pi_loss=-0.014 v_loss=2.154 ent=1.697 kl=0.0133
[upd  356 | steps  182272 | t  105.8s | sps  1722] ret_mean=74.000 ep_len=500.0 pi_loss=-0.012 v_loss=3.129 ent=2.195 kl=0.0035
[upd  357 | steps  182784 | t  106.0s | sps  1725] ret_mean=120.000 ep_len=500.0 pi_loss=-0.010 v_loss=1.906 ent=1.800 kl=0.0065
[upd  358 | steps  183296 | t  106.1s | sps  1727] ret_mean=68.500 ep_len=500.0 pi_loss=-0.012 v_loss=3.982 ent=2.025 kl=0.0023
[upd  359 | steps  183808 | t  106.3s | sps  1730] ret_mean=146.500 ep_len=500.0 pi_loss=-0.009 v_loss=5.804 ent=1.528 kl=0.0040
[upd  360 | steps  184320 | t  106.4s | sps  1732] ret_mean=159.500 ep_len=500.0 pi_loss=-0.006 v_loss=4.274 ent=1.421 kl=0.0087
[upd  361 | steps  184832 | t  106.6s | sps  1735] ret_mean=143.000 ep_len=500.0 pi_loss=-0.010 v_loss=3.983 ent=1.566 kl=0.0129
[upd  362 | steps  185344 | t  106.7s | sps  1737] ret_mean=131.500 ep_len=500.0 pi_loss=-0.008 v_loss=3.238 ent=1.706 kl=0.0043
[upd  363 | steps  185856 | t  106.8s | sps  1740] ret_mean=149.500 ep_len=500.0 pi_loss=-0.008 v_loss=4.002 ent=1.571 kl=0.0071
[upd  364 | steps  186368 | t  107.0s | sps  1742] ret_mean=122.000 ep_len=500.0 pi_loss=-0.010 v_loss=2.029 ent=1.849 kl=0.0124
[upd  365 | steps  186880 | t  107.1s | sps  1744] ret_mean=117.500 ep_len=500.0 pi_loss=-0.008 v_loss=1.578 ent=1.569 kl=0.0055
[upd  366 | steps  187392 | t  107.3s | sps  1747] ret_mean=164.500 ep_len=500.0 pi_loss=-0.013 v_loss=5.310 ent=1.409 kl=-0.0026
[upd  367 | steps  187904 | t  107.4s | sps  1749] ret_mean=153.500 ep_len=500.0 pi_loss=-0.012 v_loss=5.953 ent=1.446 kl=0.0043
[upd  368 | steps  188416 | t  107.6s | sps  1752] ret_mean=166.500 ep_len=500.0 pi_loss=-0.011 v_loss=2.165 ent=1.753 kl=0.0110
[upd  369 | steps  188928 | t  107.7s | sps  1754] ret_mean=61.000 ep_len=500.0 pi_loss=-0.012 v_loss=4.768 ent=1.997 kl=0.0104
[upd  370 | steps  189440 | t  107.9s | sps  1756] ret_mean=180.000 ep_len=500.0 pi_loss=-0.004 v_loss=3.481 ent=1.570 kl=0.0010
[upd  371 | steps  189952 | t  108.0s | sps  1759] ret_mean=127.500 ep_len=500.0 pi_loss=-0.007 v_loss=4.493 ent=1.410 kl=0.0027
[upd  372 | steps  190464 | t  108.1s | sps  1761] ret_mean=175.000 ep_len=500.0 pi_loss=-0.011 v_loss=5.212 ent=1.269 kl=0.0092
[upd  373 | steps  190976 | t  108.3s | sps  1764] ret_mean=128.000 ep_len=500.0 pi_loss=-0.012 v_loss=3.787 ent=1.414 kl=0.0062
[upd  374 | steps  191488 | t  108.4s | sps  1766] ret_mean=146.000 ep_len=500.0 pi_loss=-0.012 v_loss=4.677 ent=1.852 kl=0.0053
[upd  375 | steps  192000 | t  108.6s | sps  1768] ret_mean=100.500 ep_len=500.0 pi_loss=-0.008 v_loss=1.645 ent=1.864 kl=0.0075
        [eval] ret_mean=37.000 ep_len=500.0
[upd  376 | steps  192512 | t  112.5s | sps  1711] ret_mean=141.000 ep_len=500.0 pi_loss=-0.008 v_loss=3.381 ent=1.834 kl=0.0115
[upd  377 | steps  193024 | t  112.6s | sps  1714] ret_mean=142.500 ep_len=500.0 pi_loss=-0.009 v_loss=4.215 ent=1.800 kl=0.0115
[upd  378 | steps  193536 | t  112.8s | sps  1716] ret_mean=0.000 ep_len=500.0 pi_loss=-0.017 v_loss=4.619 ent=2.554 kl=0.0117
[upd  379 | steps  194048 | t  112.9s | sps  1718] ret_mean=72.500 ep_len=500.0 pi_loss=-0.019 v_loss=5.356 ent=2.031 kl=0.0046
[upd  380 | steps  194560 | t  113.1s | sps  1720] ret_mean=49.000 ep_len=500.0 pi_loss=-0.009 v_loss=3.368 ent=2.357 kl=-0.0011
[upd  381 | steps  195072 | t  113.2s | sps  1723] ret_mean=173.000 ep_len=500.0 pi_loss=-0.011 v_loss=5.104 ent=1.732 kl=0.0068
[upd  382 | steps  195584 | t  113.4s | sps  1725] ret_mean=32.000 ep_len=500.0 pi_loss=-0.016 v_loss=5.563 ent=2.006 kl=0.0066
[upd  383 | steps  196096 | t  113.5s | sps  1727] ret_mean=63.500 ep_len=500.0 pi_loss=-0.009 v_loss=3.739 ent=1.891 kl=0.0115
[upd  384 | steps  196608 | t  113.7s | sps  1729] ret_mean=60.000 ep_len=500.0 pi_loss=-0.012 v_loss=5.935 ent=2.023 kl=0.0252
[upd  385 | steps  197120 | t  113.8s | sps  1731] ret_mean=122.000 ep_len=500.0 pi_loss=-0.010 v_loss=4.294 ent=1.869 kl=0.0084
[upd  386 | steps  197632 | t  114.0s | sps  1734] ret_mean=184.500 ep_len=500.0 pi_loss=-0.007 v_loss=3.411 ent=1.758 kl=0.0065
[upd  387 | steps  198144 | t  114.1s | sps  1736] ret_mean=116.500 ep_len=500.0 pi_loss=-0.005 v_loss=2.092 ent=1.822 kl=0.0070
[upd  388 | steps  198656 | t  114.3s | sps  1738] ret_mean=49.500 ep_len=500.0 pi_loss=-0.014 v_loss=4.096 ent=2.106 kl=0.0081
[upd  389 | steps  199168 | t  114.4s | sps  1740] ret_mean=131.000 ep_len=500.0 pi_loss=-0.014 v_loss=2.567 ent=1.967 kl=0.0109
[upd  390 | steps  199680 | t  114.6s | sps  1742] ret_mean=113.500 ep_len=500.0 pi_loss=-0.012 v_loss=2.795 ent=2.053 kl=0.0072
[upd  391 | steps  200192 | t  114.8s | sps  1745] ret_mean=37.500 ep_len=500.0 pi_loss=-0.016 v_loss=2.805 ent=2.654 kl=0.0113
[upd  392 | steps  200704 | t  114.9s | sps  1747] ret_mean=49.500 ep_len=500.0 pi_loss=-0.012 v_loss=6.072 ent=2.133 kl=0.0086
[upd  393 | steps  201216 | t  115.1s | sps  1749] ret_mean=49.500 ep_len=500.0 pi_loss=-0.012 v_loss=3.601 ent=1.793 kl=0.0022
[upd  394 | steps  201728 | t  115.2s | sps  1751] ret_mean=121.500 ep_len=500.0 pi_loss=-0.008 v_loss=2.106 ent=1.650 kl=0.0089
[upd  395 | steps  202240 | t  115.3s | sps  1753] ret_mean=88.000 ep_len=500.0 pi_loss=-0.011 v_loss=3.387 ent=1.843 kl=0.0050
[upd  396 | steps  202752 | t  115.5s | sps  1755] ret_mean=105.000 ep_len=500.0 pi_loss=-0.016 v_loss=2.409 ent=1.986 kl=0.0059
[upd  397 | steps  203264 | t  115.7s | sps  1758] ret_mean=102.000 ep_len=500.0 pi_loss=-0.008 v_loss=1.718 ent=1.940 kl=0.0063
[upd  398 | steps  203776 | t  115.8s | sps  1759] ret_mean=117.000 ep_len=500.0 pi_loss=-0.014 v_loss=4.513 ent=1.782 kl=0.0055
[upd  399 | steps  204288 | t  116.0s | sps  1761] ret_mean=162.500 ep_len=500.0 pi_loss=-0.017 v_loss=4.495 ent=1.629 kl=0.0020
[upd  400 | steps  204800 | t  116.1s | sps  1763] ret_mean=156.000 ep_len=500.0 pi_loss=-0.008 v_loss=3.187 ent=1.702 kl=0.0045
        [eval] ret_mean=31.600 ep_len=500.0
