$ /Users/samchen/Coding/CLASSES/CS2860/.venv/bin/python3 -m policies.train --env rware-medium-2ag-v2 --seed 1 --updates 300 --rollout 512 --eval-every 25 --eval-episodes 30 --log-dir matrix_results/diagnostics_v1_sam/comm_2ag/headroom/rware-medium-2ag-v2 --run-name mappo-heartbeat-only__delay-only__d30__s1 --n-msg-tokens 8 --no-comm --heartbeat --heartbeat-period 1 --heartbeat-max-age-clip 128 --heartbeat-delay 30 --shape-rewards --pickup-bonus 0.5

[env] EnvSpec(env_id='rware-medium-2ag-v2', n_agents=2, obs_dim=73, n_env_actions=5, noop_action=0, family='rware')  (n_msg_tokens=1)
[cfg] {'clip_range': 0.2, 'value_clip_range': 0.2, 'entropy_coef': 0.01, 'value_coef': 0.5, 'max_grad_norm': 0.5, 'gamma': 0.99, 'gae_lambda': 0.95, 'lr_actor': 0.0003, 'lr_critic': 0.001, 'update_epochs': 4, 'minibatches': 4, 'hidden': 128, 'depth': 2, 'device': 'cpu', 'extra': {}}
[log] writing to matrix_results/diagnostics_v1_sam/comm_2ag/headroom/rware-medium-2ag-v2/mappo-heartbeat-only__delay-only__d30__s1
[upd    1 | steps     512 | t    0.2s | sps  2808] ret_mean=0.000 ep_len=500.0 pi_loss=-0.006 v_loss=0.236 ent=1.607 kl=0.0077
[upd    2 | steps    1024 | t    0.4s | sps  2862] ret_mean=0.000 ep_len=500.0 pi_loss=-0.007 v_loss=0.249 ent=1.601 kl=0.0026
[upd    3 | steps    1536 | t    0.5s | sps  2902] ret_mean=0.000 ep_len=500.0 pi_loss=-0.003 v_loss=0.267 ent=1.593 kl=0.0002
[upd    4 | steps    2048 | t    0.7s | sps  2929] ret_mean=0.000 ep_len=500.0 pi_loss=-0.005 v_loss=0.142 ent=1.604 kl=0.0011
[upd    5 | steps    2560 | t    0.9s | sps  2727] ret_mean=0.000 ep_len=500.0 pi_loss=-0.004 v_loss=0.176 ent=1.603 kl=0.0017
[upd    6 | steps    3072 | t    1.1s | sps  2789] ret_mean=0.000 ep_len=500.0 pi_loss=-0.007 v_loss=0.047 ent=1.603 kl=0.0007
[upd    7 | steps    3584 | t    1.3s | sps  2820] ret_mean=0.000 ep_len=500.0 pi_loss=-0.009 v_loss=0.073 ent=1.589 kl=0.0072
[upd    8 | steps    4096 | t    1.4s | sps  2838] ret_mean=0.000 ep_len=500.0 pi_loss=-0.006 v_loss=0.028 ent=1.596 kl=0.0005
[upd    9 | steps    4608 | t    1.6s | sps  2875] ret_mean=0.000 ep_len=500.0 pi_loss=-0.004 v_loss=0.023 ent=1.590 kl=0.0026
[upd   10 | steps    5120 | t    1.8s | sps  2896] ret_mean=0.000 ep_len=500.0 pi_loss=-0.008 v_loss=0.014 ent=1.563 kl=0.0050
[upd   11 | steps    5632 | t    1.9s | sps  2914] ret_mean=0.000 ep_len=500.0 pi_loss=-0.006 v_loss=0.018 ent=1.554 kl=0.0084
[upd   12 | steps    6144 | t    2.1s | sps  2899] ret_mean=0.000 ep_len=500.0 pi_loss=-0.009 v_loss=0.057 ent=1.553 kl=0.0046
[upd   13 | steps    6656 | t    2.3s | sps  2887] ret_mean=0.000 ep_len=500.0 pi_loss=-0.003 v_loss=0.007 ent=1.568 kl=0.0041
[upd   14 | steps    7168 | t    2.5s | sps  2888] ret_mean=0.000 ep_len=500.0 pi_loss=-0.008 v_loss=0.009 ent=1.545 kl=0.0011
[upd   15 | steps    7680 | t    2.6s | sps  2905] ret_mean=0.000 ep_len=500.0 pi_loss=-0.010 v_loss=0.023 ent=1.544 kl=0.0098
[upd   16 | steps    8192 | t    2.8s | sps  2910] ret_mean=0.000 ep_len=500.0 pi_loss=-0.002 v_loss=0.004 ent=1.543 kl=0.0027
[upd   17 | steps    8704 | t    3.0s | sps  2909] ret_mean=0.000 ep_len=500.0 pi_loss=-0.004 v_loss=0.019 ent=1.474 kl=0.0118
[upd   18 | steps    9216 | t    3.2s | sps  2896] ret_mean=0.000 ep_len=500.0 pi_loss=-0.003 v_loss=0.027 ent=1.468 kl=0.0054
[upd   19 | steps    9728 | t    3.4s | sps  2880] ret_mean=0.000 ep_len=500.0 pi_loss=-0.002 v_loss=0.013 ent=1.471 kl=0.0025
[upd   20 | steps   10240 | t    3.6s | sps  2866] ret_mean=0.000 ep_len=500.0 pi_loss=-0.007 v_loss=0.003 ent=1.512 kl=0.0100
[upd   21 | steps   10752 | t    3.8s | sps  2864] ret_mean=0.000 ep_len=500.0 pi_loss=-0.008 v_loss=0.003 ent=1.464 kl=0.0143
[upd   22 | steps   11264 | t    3.9s | sps  2867] ret_mean=0.000 ep_len=500.0 pi_loss=-0.004 v_loss=0.003 ent=1.505 kl=0.0133
[upd   23 | steps   11776 | t    4.1s | sps  2861] ret_mean=0.000 ep_len=500.0 pi_loss=-0.004 v_loss=0.002 ent=1.496 kl=-0.0005
[upd   24 | steps   12288 | t    4.3s | sps  2864] ret_mean=0.000 ep_len=500.0 pi_loss=-0.005 v_loss=0.003 ent=1.487 kl=-0.0040
[upd   25 | steps   12800 | t    4.5s | sps  2866] ret_mean=1.000 ep_len=500.0 pi_loss=-0.011 v_loss=0.003 ent=1.509 kl=0.0185
        [eval] ret_mean=0.000 ep_len=500.0
[upd   26 | steps   13312 | t    8.8s | sps  1519] ret_mean=0.000 ep_len=500.0 pi_loss=-0.010 v_loss=0.001 ent=1.471 kl=0.0129
[upd   27 | steps   13824 | t    8.9s | sps  1548] ret_mean=0.000 ep_len=500.0 pi_loss=-0.006 v_loss=0.004 ent=1.497 kl=0.0060
[upd   28 | steps   14336 | t    9.1s | sps  1575] ret_mean=0.000 ep_len=500.0 pi_loss=-0.011 v_loss=0.006 ent=1.475 kl=0.0161
[upd   29 | steps   14848 | t    9.3s | sps  1602] ret_mean=0.500 ep_len=500.0 pi_loss=-0.003 v_loss=0.004 ent=1.474 kl=0.0061
[upd   30 | steps   15360 | t    9.5s | sps  1624] ret_mean=0.000 ep_len=500.0 pi_loss=-0.006 v_loss=0.001 ent=1.545 kl=0.0036
[upd   31 | steps   15872 | t    9.6s | sps  1646] ret_mean=0.000 ep_len=500.0 pi_loss=-0.007 v_loss=0.001 ent=1.541 kl=0.0101
[upd   32 | steps   16384 | t    9.8s | sps  1670] ret_mean=0.000 ep_len=500.0 pi_loss=-0.008 v_loss=0.005 ent=1.519 kl=0.0019
[upd   33 | steps   16896 | t   10.0s | sps  1692] ret_mean=1.000 ep_len=500.0 pi_loss=-0.007 v_loss=0.001 ent=1.533 kl=0.0056
[upd   34 | steps   17408 | t   10.2s | sps  1713] ret_mean=0.000 ep_len=500.0 pi_loss=-0.012 v_loss=0.002 ent=1.497 kl=0.0114
[upd   35 | steps   17920 | t   10.3s | sps  1734] ret_mean=0.000 ep_len=500.0 pi_loss=-0.004 v_loss=0.001 ent=1.459 kl=-0.0003
[upd   36 | steps   18432 | t   10.5s | sps  1750] ret_mean=0.000 ep_len=500.0 pi_loss=-0.008 v_loss=0.001 ent=1.272 kl=0.0141
[upd   37 | steps   18944 | t   10.7s | sps  1766] ret_mean=0.000 ep_len=500.0 pi_loss=-0.008 v_loss=0.001 ent=1.287 kl=0.0048
[upd   38 | steps   19456 | t   10.9s | sps  1786] ret_mean=0.000 ep_len=500.0 pi_loss=-0.009 v_loss=0.001 ent=1.340 kl=0.0072
[upd   39 | steps   19968 | t   11.1s | sps  1804] ret_mean=0.000 ep_len=500.0 pi_loss=-0.010 v_loss=0.004 ent=1.418 kl=0.0214
[upd   40 | steps   20480 | t   11.3s | sps  1818] ret_mean=0.000 ep_len=500.0 pi_loss=-0.007 v_loss=0.004 ent=1.377 kl=0.0114
[upd   41 | steps   20992 | t   11.5s | sps  1833] ret_mean=0.000 ep_len=500.0 pi_loss=-0.006 v_loss=0.003 ent=1.347 kl=0.0131
[upd   42 | steps   21504 | t   11.6s | sps  1850] ret_mean=0.000 ep_len=500.0 pi_loss=-0.006 v_loss=0.002 ent=1.362 kl=-0.0007
[upd   43 | steps   22016 | t   11.8s | sps  1863] ret_mean=0.000 ep_len=500.0 pi_loss=-0.005 v_loss=0.001 ent=1.414 kl=0.0050
[upd   44 | steps   22528 | t   12.0s | sps  1879] ret_mean=0.000 ep_len=500.0 pi_loss=-0.011 v_loss=0.001 ent=1.289 kl=0.0109
[upd   45 | steps   23040 | t   12.2s | sps  1895] ret_mean=0.000 ep_len=500.0 pi_loss=-0.004 v_loss=0.000 ent=1.310 kl=0.0037
[upd   46 | steps   23552 | t   12.3s | sps  1911] ret_mean=0.000 ep_len=500.0 pi_loss=-0.005 v_loss=0.000 ent=1.429 kl=0.0090
[upd   47 | steps   24064 | t   12.5s | sps  1926] ret_mean=0.000 ep_len=500.0 pi_loss=-0.005 v_loss=0.000 ent=1.399 kl=-0.0029
[upd   48 | steps   24576 | t   12.7s | sps  1942] ret_mean=0.000 ep_len=500.0 pi_loss=-0.008 v_loss=0.000 ent=1.337 kl=0.0098
[upd   49 | steps   25088 | t   12.8s | sps  1958] ret_mean=0.000 ep_len=500.0 pi_loss=-0.002 v_loss=0.000 ent=1.422 kl=0.0097
[upd   50 | steps   25600 | t   13.0s | sps  1973] ret_mean=0.000 ep_len=500.0 pi_loss=-0.009 v_loss=0.000 ent=1.455 kl=0.0147
        [eval] ret_mean=0.000 ep_len=500.0
[upd   51 | steps   26112 | t   17.2s | sps  1517] ret_mean=0.000 ep_len=500.0 pi_loss=-0.003 v_loss=0.000 ent=1.232 kl=0.0022
[upd   52 | steps   26624 | t   17.4s | sps  1531] ret_mean=0.000 ep_len=500.0 pi_loss=-0.009 v_loss=0.002 ent=1.351 kl=0.0129
[upd   53 | steps   27136 | t   17.6s | sps  1546] ret_mean=0.000 ep_len=500.0 pi_loss=-0.004 v_loss=0.000 ent=1.504 kl=0.0036
[upd   54 | steps   27648 | t   17.7s | sps  1559] ret_mean=0.000 ep_len=500.0 pi_loss=-0.002 v_loss=0.000 ent=1.409 kl=0.0023
[upd   55 | steps   28160 | t   17.9s | sps  1573] ret_mean=0.000 ep_len=500.0 pi_loss=-0.010 v_loss=0.000 ent=1.487 kl=0.0058
[upd   56 | steps   28672 | t   18.1s | sps  1586] ret_mean=0.000 ep_len=500.0 pi_loss=-0.003 v_loss=0.001 ent=1.490 kl=-0.0001
[upd   57 | steps   29184 | t   18.3s | sps  1596] ret_mean=0.000 ep_len=500.0 pi_loss=-0.008 v_loss=0.000 ent=1.496 kl=0.0123
[upd   58 | steps   29696 | t   18.5s | sps  1608] ret_mean=0.000 ep_len=500.0 pi_loss=-0.005 v_loss=0.002 ent=1.393 kl=0.0023
[upd   59 | steps   30208 | t   18.6s | sps  1620] ret_mean=0.000 ep_len=500.0 pi_loss=-0.008 v_loss=0.000 ent=1.494 kl=0.0084
[upd   60 | steps   30720 | t   18.8s | sps  1630] ret_mean=0.000 ep_len=500.0 pi_loss=-0.004 v_loss=0.042 ent=1.411 kl=0.0036
[upd   61 | steps   31232 | t   19.0s | sps  1642] ret_mean=4.000 ep_len=500.0 pi_loss=-0.007 v_loss=0.009 ent=1.486 kl=0.0085
[upd   62 | steps   31744 | t   19.2s | sps  1650] ret_mean=0.000 ep_len=500.0 pi_loss=-0.004 v_loss=0.001 ent=1.476 kl=0.0012
[upd   63 | steps   32256 | t   19.4s | sps  1659] ret_mean=0.000 ep_len=500.0 pi_loss=-0.012 v_loss=0.001 ent=1.522 kl=0.0017
[upd   64 | steps   32768 | t   19.6s | sps  1671] ret_mean=0.000 ep_len=500.0 pi_loss=-0.005 v_loss=0.001 ent=1.466 kl=0.0011
[upd   65 | steps   33280 | t   19.8s | sps  1679] ret_mean=0.000 ep_len=500.0 pi_loss=-0.007 v_loss=0.001 ent=1.414 kl=0.0043
[upd   66 | steps   33792 | t   20.0s | sps  1686] ret_mean=0.000 ep_len=500.0 pi_loss=-0.007 v_loss=0.000 ent=1.384 kl=0.0091
[upd   67 | steps   34304 | t   20.3s | sps  1694] ret_mean=0.000 ep_len=500.0 pi_loss=-0.003 v_loss=0.001 ent=1.532 kl=0.0035
[upd   68 | steps   34816 | t   20.5s | sps  1702] ret_mean=0.000 ep_len=500.0 pi_loss=-0.006 v_loss=0.000 ent=1.445 kl=0.0112
[upd   69 | steps   35328 | t   20.7s | sps  1708] ret_mean=0.000 ep_len=500.0 pi_loss=-0.001 v_loss=0.002 ent=1.375 kl=0.0036
[upd   70 | steps   35840 | t   20.9s | sps  1716] ret_mean=0.500 ep_len=500.0 pi_loss=-0.007 v_loss=0.000 ent=1.438 kl=0.0023
[upd   71 | steps   36352 | t   21.1s | sps  1725] ret_mean=0.000 ep_len=500.0 pi_loss=-0.009 v_loss=0.000 ent=1.385 kl=0.0069
[upd   72 | steps   36864 | t   21.2s | sps  1735] ret_mean=0.000 ep_len=500.0 pi_loss=-0.007 v_loss=0.001 ent=1.339 kl=0.0120
[upd   73 | steps   37376 | t   21.4s | sps  1746] ret_mean=0.000 ep_len=500.0 pi_loss=-0.008 v_loss=0.005 ent=1.303 kl=0.0035
[upd   74 | steps   37888 | t   21.6s | sps  1756] ret_mean=0.500 ep_len=500.0 pi_loss=-0.006 v_loss=0.000 ent=1.420 kl=-0.0015
[upd   75 | steps   38400 | t   21.8s | sps  1763] ret_mean=0.000 ep_len=500.0 pi_loss=-0.002 v_loss=0.000 ent=1.311 kl=0.0008
        [eval] ret_mean=0.000 ep_len=500.0
[upd   76 | steps   38912 | t   25.7s | sps  1511] ret_mean=0.000 ep_len=500.0 pi_loss=-0.005 v_loss=0.000 ent=1.211 kl=0.0065
[upd   77 | steps   39424 | t   25.9s | sps  1522] ret_mean=0.500 ep_len=500.0 pi_loss=-0.003 v_loss=0.002 ent=1.504 kl=0.0010
[upd   78 | steps   39936 | t   26.1s | sps  1532] ret_mean=0.000 ep_len=500.0 pi_loss=-0.003 v_loss=0.001 ent=1.296 kl=-0.0042
[upd   79 | steps   40448 | t   26.2s | sps  1541] ret_mean=0.000 ep_len=500.0 pi_loss=-0.002 v_loss=0.025 ent=1.432 kl=0.0032
[upd   80 | steps   40960 | t   26.4s | sps  1551] ret_mean=5.000 ep_len=500.0 pi_loss=-0.008 v_loss=0.010 ent=1.269 kl=0.0198
[upd   81 | steps   41472 | t   26.6s | sps  1560] ret_mean=0.000 ep_len=500.0 pi_loss=-0.005 v_loss=0.001 ent=1.375 kl=0.0105
[upd   82 | steps   41984 | t   26.7s | sps  1570] ret_mean=0.000 ep_len=500.0 pi_loss=-0.004 v_loss=0.004 ent=1.255 kl=0.0046
[upd   83 | steps   42496 | t   26.9s | sps  1578] ret_mean=0.000 ep_len=500.0 pi_loss=-0.002 v_loss=0.003 ent=1.330 kl=0.0019
[upd   84 | steps   43008 | t   27.1s | sps  1587] ret_mean=0.000 ep_len=500.0 pi_loss=-0.004 v_loss=0.002 ent=1.240 kl=0.0034
[upd   85 | steps   43520 | t   27.3s | sps  1596] ret_mean=0.000 ep_len=500.0 pi_loss=-0.006 v_loss=0.000 ent=1.517 kl=-0.0034
[upd   86 | steps   44032 | t   27.5s | sps  1602] ret_mean=0.000 ep_len=500.0 pi_loss=-0.004 v_loss=0.000 ent=1.485 kl=0.0090
[upd   87 | steps   44544 | t   27.7s | sps  1608] ret_mean=0.000 ep_len=500.0 pi_loss=-0.007 v_loss=0.000 ent=1.410 kl=0.0094
[upd   88 | steps   45056 | t   27.9s | sps  1614] ret_mean=0.000 ep_len=500.0 pi_loss=-0.006 v_loss=0.000 ent=1.292 kl=0.0043
[upd   89 | steps   45568 | t   28.1s | sps  1620] ret_mean=0.000 ep_len=500.0 pi_loss=-0.006 v_loss=0.000 ent=1.309 kl=0.0042
[upd   90 | steps   46080 | t   28.4s | sps  1624] ret_mean=0.000 ep_len=500.0 pi_loss=-0.003 v_loss=0.000 ent=1.416 kl=0.0063
[upd   91 | steps   46592 | t   28.6s | sps  1630] ret_mean=0.000 ep_len=500.0 pi_loss=-0.007 v_loss=0.005 ent=1.247 kl=0.0155
[upd   92 | steps   47104 | t   28.8s | sps  1635] ret_mean=23.000 ep_len=500.0 pi_loss=-0.003 v_loss=0.616 ent=1.252 kl=0.0013
[upd   93 | steps   47616 | t   29.0s | sps  1641] ret_mean=0.000 ep_len=500.0 pi_loss=-0.006 v_loss=0.001 ent=1.160 kl=0.0081
[upd   94 | steps   48128 | t   29.2s | sps  1647] ret_mean=0.000 ep_len=500.0 pi_loss=-0.007 v_loss=0.000 ent=1.188 kl=0.0103
[upd   95 | steps   48640 | t   29.4s | sps  1653] ret_mean=0.000 ep_len=500.0 pi_loss=-0.006 v_loss=0.000 ent=1.211 kl=0.0008
[upd   96 | steps   49152 | t   29.6s | sps  1660] ret_mean=0.000 ep_len=500.0 pi_loss=-0.007 v_loss=0.028 ent=1.293 kl=0.0121
[upd   97 | steps   49664 | t   29.8s | sps  1667] ret_mean=3.000 ep_len=500.0 pi_loss=-0.007 v_loss=0.001 ent=1.324 kl=0.0096
[upd   98 | steps   50176 | t   30.0s | sps  1673] ret_mean=0.000 ep_len=500.0 pi_loss=-0.006 v_loss=0.000 ent=1.277 kl=0.0096
[upd   99 | steps   50688 | t   30.2s | sps  1679] ret_mean=0.000 ep_len=500.0 pi_loss=-0.006 v_loss=0.000 ent=1.225 kl=0.0084
[upd  100 | steps   51200 | t   30.4s | sps  1684] ret_mean=0.000 ep_len=500.0 pi_loss=-0.002 v_loss=0.000 ent=1.068 kl=0.0038
        [eval] ret_mean=0.000 ep_len=500.0
[upd  101 | steps   51712 | t   35.1s | sps  1472] ret_mean=0.000 ep_len=500.0 pi_loss=-0.001 v_loss=0.000 ent=1.369 kl=0.0024
[upd  102 | steps   52224 | t   35.3s | sps  1478] ret_mean=0.000 ep_len=500.0 pi_loss=-0.002 v_loss=0.000 ent=1.290 kl=0.0108
[upd  103 | steps   52736 | t   35.5s | sps  1484] ret_mean=0.000 ep_len=500.0 pi_loss=-0.006 v_loss=0.001 ent=1.096 kl=0.0135
[upd  104 | steps   53248 | t   35.7s | sps  1492] ret_mean=0.000 ep_len=500.0 pi_loss=-0.007 v_loss=0.000 ent=1.193 kl=0.0088
[upd  105 | steps   53760 | t   35.9s | sps  1499] ret_mean=0.000 ep_len=500.0 pi_loss=-0.003 v_loss=0.000 ent=1.099 kl=0.0078
[upd  106 | steps   54272 | t   36.0s | sps  1507] ret_mean=0.000 ep_len=500.0 pi_loss=-0.002 v_loss=0.000 ent=1.165 kl=0.0043
[upd  107 | steps   54784 | t   36.2s | sps  1514] ret_mean=0.000 ep_len=500.0 pi_loss=-0.007 v_loss=0.001 ent=1.120 kl=0.0142
[upd  108 | steps   55296 | t   36.4s | sps  1521] ret_mean=0.000 ep_len=500.0 pi_loss=-0.007 v_loss=0.000 ent=1.176 kl=0.0049
[upd  109 | steps   55808 | t   36.5s | sps  1528] ret_mean=0.000 ep_len=500.0 pi_loss=-0.004 v_loss=0.000 ent=1.343 kl=0.0040
[upd  110 | steps   56320 | t   36.7s | sps  1535] ret_mean=0.000 ep_len=500.0 pi_loss=-0.005 v_loss=0.000 ent=1.313 kl=0.0073
[upd  111 | steps   56832 | t   36.8s | sps  1542] ret_mean=0.000 ep_len=500.0 pi_loss=-0.002 v_loss=0.000 ent=1.318 kl=0.0035
[upd  112 | steps   57344 | t   37.0s | sps  1549] ret_mean=0.000 ep_len=500.0 pi_loss=-0.003 v_loss=0.000 ent=1.265 kl=0.0056
[upd  113 | steps   57856 | t   37.2s | sps  1556] ret_mean=0.000 ep_len=500.0 pi_loss=-0.008 v_loss=0.000 ent=1.243 kl=0.0040
[upd  114 | steps   58368 | t   37.3s | sps  1563] ret_mean=0.000 ep_len=500.0 pi_loss=-0.007 v_loss=0.000 ent=1.222 kl=0.0085
[upd  115 | steps   58880 | t   37.5s | sps  1570] ret_mean=0.000 ep_len=500.0 pi_loss=-0.005 v_loss=0.000 ent=1.243 kl=0.0024
[upd  116 | steps   59392 | t   37.7s | sps  1577] ret_mean=0.000 ep_len=500.0 pi_loss=-0.005 v_loss=0.000 ent=1.182 kl=0.0085
[upd  117 | steps   59904 | t   37.8s | sps  1583] ret_mean=0.000 ep_len=500.0 pi_loss=-0.003 v_loss=0.002 ent=1.092 kl=0.0111
[upd  118 | steps   60416 | t   38.0s | sps  1590] ret_mean=1.000 ep_len=500.0 pi_loss=-0.004 v_loss=0.000 ent=1.065 kl=0.0120
[upd  119 | steps   60928 | t   38.2s | sps  1597] ret_mean=0.000 ep_len=500.0 pi_loss=-0.014 v_loss=0.000 ent=1.125 kl=0.0151
[upd  120 | steps   61440 | t   38.3s | sps  1603] ret_mean=0.000 ep_len=500.0 pi_loss=-0.005 v_loss=0.000 ent=1.178 kl=0.0079
[upd  121 | steps   61952 | t   38.5s | sps  1610] ret_mean=0.000 ep_len=500.0 pi_loss=-0.006 v_loss=0.000 ent=1.231 kl=0.0057
[upd  122 | steps   62464 | t   38.6s | sps  1616] ret_mean=0.000 ep_len=500.0 pi_loss=-0.004 v_loss=0.000 ent=1.210 kl=0.0085
[upd  123 | steps   62976 | t   38.8s | sps  1623] ret_mean=0.000 ep_len=500.0 pi_loss=-0.003 v_loss=0.000 ent=1.262 kl=-0.0017
[upd  124 | steps   63488 | t   39.0s | sps  1629] ret_mean=0.000 ep_len=500.0 pi_loss=-0.008 v_loss=0.000 ent=1.255 kl=0.0108
[upd  125 | steps   64000 | t   39.1s | sps  1635] ret_mean=0.000 ep_len=500.0 pi_loss=-0.005 v_loss=0.000 ent=1.233 kl=0.0005
        [eval] ret_mean=4.167 ep_len=500.0
[upd  126 | steps   64512 | t   43.2s | sps  1494] ret_mean=0.000 ep_len=500.0 pi_loss=-0.005 v_loss=0.000 ent=1.210 kl=-0.0022
[upd  127 | steps   65024 | t   43.4s | sps  1500] ret_mean=0.000 ep_len=500.0 pi_loss=-0.004 v_loss=0.000 ent=1.398 kl=0.0144
[upd  128 | steps   65536 | t   43.5s | sps  1506] ret_mean=0.000 ep_len=500.0 pi_loss=-0.008 v_loss=0.000 ent=1.248 kl=0.0005
[upd  129 | steps   66048 | t   43.7s | sps  1512] ret_mean=0.000 ep_len=500.0 pi_loss=-0.005 v_loss=0.000 ent=1.435 kl=0.0100
[upd  130 | steps   66560 | t   43.9s | sps  1517] ret_mean=0.000 ep_len=500.0 pi_loss=-0.007 v_loss=0.000 ent=1.264 kl=0.0036
[upd  131 | steps   67072 | t   44.0s | sps  1523] ret_mean=0.000 ep_len=500.0 pi_loss=-0.012 v_loss=0.000 ent=1.345 kl=0.0153
[upd  132 | steps   67584 | t   44.2s | sps  1529] ret_mean=0.000 ep_len=500.0 pi_loss=-0.008 v_loss=0.000 ent=1.239 kl=0.0036
[upd  133 | steps   68096 | t   44.4s | sps  1535] ret_mean=0.000 ep_len=500.0 pi_loss=-0.005 v_loss=0.000 ent=1.305 kl=0.0008
[upd  134 | steps   68608 | t   44.5s | sps  1541] ret_mean=0.000 ep_len=500.0 pi_loss=-0.004 v_loss=0.000 ent=1.116 kl=-0.0001
[upd  135 | steps   69120 | t   44.7s | sps  1547] ret_mean=0.000 ep_len=500.0 pi_loss=-0.009 v_loss=0.000 ent=1.210 kl=0.0038
[upd  136 | steps   69632 | t   44.8s | sps  1553] ret_mean=0.000 ep_len=500.0 pi_loss=-0.004 v_loss=0.000 ent=1.246 kl=0.0076
[upd  137 | steps   70144 | t   45.0s | sps  1559] ret_mean=0.000 ep_len=500.0 pi_loss=-0.005 v_loss=0.000 ent=1.167 kl=0.0110
[upd  138 | steps   70656 | t   45.2s | sps  1565] ret_mean=0.000 ep_len=500.0 pi_loss=-0.002 v_loss=0.000 ent=1.217 kl=0.0079
[upd  139 | steps   71168 | t   45.3s | sps  1570] ret_mean=0.000 ep_len=500.0 pi_loss=-0.009 v_loss=0.000 ent=1.237 kl=0.0143
[upd  140 | steps   71680 | t   45.5s | sps  1576] ret_mean=0.000 ep_len=500.0 pi_loss=-0.005 v_loss=0.000 ent=1.233 kl=0.0043
[upd  141 | steps   72192 | t   45.7s | sps  1581] ret_mean=0.000 ep_len=500.0 pi_loss=-0.005 v_loss=0.000 ent=1.260 kl=0.0068
[upd  142 | steps   72704 | t   45.8s | sps  1587] ret_mean=0.000 ep_len=500.0 pi_loss=0.000 v_loss=0.000 ent=1.182 kl=0.0112
[upd  143 | steps   73216 | t   46.0s | sps  1593] ret_mean=0.000 ep_len=500.0 pi_loss=-0.008 v_loss=0.000 ent=1.193 kl=0.0039
[upd  144 | steps   73728 | t   46.1s | sps  1598] ret_mean=0.000 ep_len=500.0 pi_loss=-0.010 v_loss=0.000 ent=1.215 kl=0.0068
[upd  145 | steps   74240 | t   46.4s | sps  1601] ret_mean=0.000 ep_len=500.0 pi_loss=-0.009 v_loss=0.000 ent=1.362 kl=0.0072
[upd  146 | steps   74752 | t   46.6s | sps  1605] ret_mean=0.000 ep_len=500.0 pi_loss=-0.002 v_loss=0.000 ent=1.229 kl=0.0043
[upd  147 | steps   75264 | t   46.8s | sps  1608] ret_mean=0.000 ep_len=500.0 pi_loss=-0.004 v_loss=0.000 ent=1.252 kl=0.0038
[upd  148 | steps   75776 | t   47.0s | sps  1613] ret_mean=0.000 ep_len=500.0 pi_loss=-0.006 v_loss=0.000 ent=1.409 kl=0.0068
[upd  149 | steps   76288 | t   47.2s | sps  1617] ret_mean=0.000 ep_len=500.0 pi_loss=-0.007 v_loss=0.000 ent=1.425 kl=0.0073
[upd  150 | steps   76800 | t   47.4s | sps  1621] ret_mean=0.000 ep_len=500.0 pi_loss=-0.007 v_loss=0.000 ent=1.385 kl=0.0051
        [eval] ret_mean=0.000 ep_len=500.0
[upd  151 | steps   77312 | t   52.2s | sps  1482] ret_mean=0.000 ep_len=500.0 pi_loss=-0.003 v_loss=0.000 ent=1.170 kl=0.0009
[upd  152 | steps   77824 | t   52.4s | sps  1486] ret_mean=0.000 ep_len=500.0 pi_loss=-0.005 v_loss=0.000 ent=1.322 kl=0.0074
[upd  153 | steps   78336 | t   52.5s | sps  1491] ret_mean=0.000 ep_len=500.0 pi_loss=-0.005 v_loss=0.000 ent=1.350 kl=0.0031
[upd  154 | steps   78848 | t   52.7s | sps  1496] ret_mean=0.000 ep_len=500.0 pi_loss=-0.010 v_loss=0.000 ent=1.297 kl=0.0178
[upd  155 | steps   79360 | t   52.9s | sps  1500] ret_mean=0.000 ep_len=500.0 pi_loss=-0.004 v_loss=0.000 ent=1.284 kl=0.0121
[upd  156 | steps   79872 | t   53.1s | sps  1505] ret_mean=0.000 ep_len=500.0 pi_loss=-0.002 v_loss=0.000 ent=1.228 kl=0.0116
[upd  157 | steps   80384 | t   53.2s | sps  1510] ret_mean=0.000 ep_len=500.0 pi_loss=-0.004 v_loss=0.000 ent=1.212 kl=0.0076
[upd  158 | steps   80896 | t   53.4s | sps  1514] ret_mean=0.000 ep_len=500.0 pi_loss=-0.007 v_loss=0.000 ent=1.343 kl=0.0040
[upd  159 | steps   81408 | t   53.6s | sps  1519] ret_mean=0.000 ep_len=500.0 pi_loss=-0.007 v_loss=0.000 ent=1.100 kl=0.0024
[upd  160 | steps   81920 | t   53.8s | sps  1524] ret_mean=0.000 ep_len=500.0 pi_loss=-0.002 v_loss=0.000 ent=1.310 kl=0.0046
[upd  161 | steps   82432 | t   54.0s | sps  1527] ret_mean=0.000 ep_len=500.0 pi_loss=-0.002 v_loss=0.000 ent=1.204 kl=0.0006
[upd  162 | steps   82944 | t   54.2s | sps  1530] ret_mean=0.000 ep_len=500.0 pi_loss=-0.003 v_loss=0.000 ent=1.212 kl=0.0002
[upd  163 | steps   83456 | t   54.4s | sps  1535] ret_mean=0.000 ep_len=500.0 pi_loss=-0.007 v_loss=0.000 ent=1.188 kl=0.0074
[upd  164 | steps   83968 | t   54.6s | sps  1539] ret_mean=0.000 ep_len=500.0 pi_loss=-0.004 v_loss=0.000 ent=1.269 kl=-0.0015
[upd  165 | steps   84480 | t   54.7s | sps  1544] ret_mean=0.000 ep_len=500.0 pi_loss=-0.005 v_loss=0.000 ent=1.041 kl=0.0050
[upd  166 | steps   84992 | t   54.9s | sps  1548] ret_mean=0.000 ep_len=500.0 pi_loss=-0.006 v_loss=0.000 ent=1.187 kl=0.0029
[upd  167 | steps   85504 | t   55.1s | sps  1553] ret_mean=0.000 ep_len=500.0 pi_loss=-0.005 v_loss=0.000 ent=1.170 kl=0.0038
[upd  168 | steps   86016 | t   55.2s | sps  1558] ret_mean=0.000 ep_len=500.0 pi_loss=-0.005 v_loss=0.000 ent=0.829 kl=0.0077
[upd  169 | steps   86528 | t   55.4s | sps  1562] ret_mean=0.000 ep_len=500.0 pi_loss=-0.005 v_loss=0.000 ent=0.890 kl=0.0037
[upd  170 | steps   87040 | t   55.6s | sps  1566] ret_mean=0.000 ep_len=500.0 pi_loss=-0.005 v_loss=0.000 ent=1.118 kl=0.0036
[upd  171 | steps   87552 | t   55.7s | sps  1571] ret_mean=0.000 ep_len=500.0 pi_loss=-0.000 v_loss=0.000 ent=1.124 kl=-0.0029
[upd  172 | steps   88064 | t   55.9s | sps  1576] ret_mean=0.000 ep_len=500.0 pi_loss=-0.010 v_loss=0.000 ent=1.058 kl=0.0087
[upd  173 | steps   88576 | t   56.1s | sps  1580] ret_mean=0.000 ep_len=500.0 pi_loss=-0.001 v_loss=0.000 ent=1.136 kl=0.0095
[upd  174 | steps   89088 | t   56.2s | sps  1584] ret_mean=0.000 ep_len=500.0 pi_loss=-0.009 v_loss=0.000 ent=1.118 kl=0.0111
[upd  175 | steps   89600 | t   56.4s | sps  1589] ret_mean=0.000 ep_len=500.0 pi_loss=-0.007 v_loss=0.000 ent=0.924 kl=-0.0027
        [eval] ret_mean=0.000 ep_len=500.0
[upd  176 | steps   90112 | t   60.5s | sps  1489] ret_mean=0.000 ep_len=500.0 pi_loss=-0.005 v_loss=0.000 ent=1.119 kl=0.0082
[upd  177 | steps   90624 | t   60.7s | sps  1493] ret_mean=0.000 ep_len=500.0 pi_loss=-0.005 v_loss=0.000 ent=1.072 kl=0.0090
[upd  178 | steps   91136 | t   60.9s | sps  1498] ret_mean=0.000 ep_len=500.0 pi_loss=-0.004 v_loss=0.000 ent=1.022 kl=0.0088
[upd  179 | steps   91648 | t   61.0s | sps  1502] ret_mean=0.000 ep_len=500.0 pi_loss=-0.005 v_loss=0.000 ent=1.046 kl=0.0104
[upd  180 | steps   92160 | t   61.2s | sps  1506] ret_mean=0.000 ep_len=500.0 pi_loss=-0.002 v_loss=0.000 ent=1.066 kl=0.0069
[upd  181 | steps   92672 | t   61.3s | sps  1511] ret_mean=0.000 ep_len=500.0 pi_loss=-0.005 v_loss=0.000 ent=1.030 kl=0.0050
[upd  182 | steps   93184 | t   61.5s | sps  1515] ret_mean=0.000 ep_len=500.0 pi_loss=-0.003 v_loss=0.000 ent=0.884 kl=0.0011
[upd  183 | steps   93696 | t   61.7s | sps  1519] ret_mean=0.000 ep_len=500.0 pi_loss=-0.004 v_loss=0.000 ent=0.866 kl=0.0031
[upd  184 | steps   94208 | t   61.8s | sps  1524] ret_mean=0.000 ep_len=500.0 pi_loss=-0.005 v_loss=0.000 ent=0.860 kl=0.0002
[upd  185 | steps   94720 | t   62.0s | sps  1528] ret_mean=0.000 ep_len=500.0 pi_loss=-0.001 v_loss=0.000 ent=0.993 kl=0.0105
[upd  186 | steps   95232 | t   62.2s | sps  1532] ret_mean=0.000 ep_len=500.0 pi_loss=-0.004 v_loss=0.000 ent=0.933 kl=0.0106
[upd  187 | steps   95744 | t   62.3s | sps  1536] ret_mean=0.000 ep_len=500.0 pi_loss=-0.004 v_loss=0.000 ent=1.066 kl=0.0059
[upd  188 | steps   96256 | t   62.5s | sps  1540] ret_mean=0.000 ep_len=500.0 pi_loss=-0.007 v_loss=0.000 ent=0.975 kl=0.0059
[upd  189 | steps   96768 | t   62.7s | sps  1544] ret_mean=0.000 ep_len=500.0 pi_loss=-0.003 v_loss=0.000 ent=0.941 kl=0.0108
[upd  190 | steps   97280 | t   62.9s | sps  1548] ret_mean=0.000 ep_len=500.0 pi_loss=-0.004 v_loss=0.000 ent=1.014 kl=0.0052
[upd  191 | steps   97792 | t   63.0s | sps  1551] ret_mean=0.000 ep_len=500.0 pi_loss=-0.006 v_loss=0.000 ent=0.962 kl=0.0079
[upd  192 | steps   98304 | t   63.2s | sps  1555] ret_mean=0.000 ep_len=500.0 pi_loss=-0.008 v_loss=0.000 ent=0.881 kl=0.0026
[upd  193 | steps   98816 | t   63.4s | sps  1559] ret_mean=0.000 ep_len=500.0 pi_loss=-0.006 v_loss=0.001 ent=0.641 kl=0.0063
[upd  194 | steps   99328 | t   63.5s | sps  1563] ret_mean=0.000 ep_len=500.0 pi_loss=-0.003 v_loss=0.001 ent=0.608 kl=0.0047
[upd  195 | steps   99840 | t   63.7s | sps  1567] ret_mean=0.000 ep_len=500.0 pi_loss=-0.001 v_loss=0.009 ent=0.631 kl=0.0045
[upd  196 | steps  100352 | t   63.9s | sps  1570] ret_mean=0.000 ep_len=500.0 pi_loss=-0.003 v_loss=0.001 ent=0.630 kl=0.0048
[upd  197 | steps  100864 | t   64.1s | sps  1574] ret_mean=0.000 ep_len=500.0 pi_loss=-0.006 v_loss=0.009 ent=0.806 kl=0.0052
[upd  198 | steps  101376 | t   64.2s | sps  1578] ret_mean=7.000 ep_len=500.0 pi_loss=-0.010 v_loss=0.022 ent=0.831 kl=0.0181
[upd  199 | steps  101888 | t   64.4s | sps  1582] ret_mean=0.000 ep_len=500.0 pi_loss=-0.006 v_loss=0.000 ent=0.843 kl=0.0039
[upd  200 | steps  102400 | t   64.6s | sps  1586] ret_mean=0.000 ep_len=500.0 pi_loss=-0.007 v_loss=0.000 ent=0.987 kl=0.0155
        [eval] ret_mean=0.000 ep_len=500.0
[upd  201 | steps  102912 | t   68.7s | sps  1499] ret_mean=0.000 ep_len=500.0 pi_loss=-0.003 v_loss=0.000 ent=1.017 kl=0.0023
[upd  202 | steps  103424 | t   68.8s | sps  1503] ret_mean=0.500 ep_len=500.0 pi_loss=-0.008 v_loss=0.003 ent=0.815 kl=0.0056
[upd  203 | steps  103936 | t   69.0s | sps  1506] ret_mean=0.000 ep_len=500.0 pi_loss=-0.005 v_loss=0.001 ent=0.757 kl=0.0058
[upd  204 | steps  104448 | t   69.2s | sps  1509] ret_mean=0.000 ep_len=500.0 pi_loss=-0.003 v_loss=0.000 ent=1.049 kl=0.0057
[upd  205 | steps  104960 | t   69.4s | sps  1513] ret_mean=0.000 ep_len=500.0 pi_loss=-0.003 v_loss=0.000 ent=0.790 kl=-0.0003
[upd  206 | steps  105472 | t   69.5s | sps  1517] ret_mean=0.000 ep_len=500.0 pi_loss=-0.003 v_loss=0.003 ent=0.972 kl=0.0025
[upd  207 | steps  105984 | t   69.7s | sps  1520] ret_mean=1.000 ep_len=500.0 pi_loss=-0.010 v_loss=0.000 ent=0.795 kl=0.0081
[upd  208 | steps  106496 | t   69.9s | sps  1524] ret_mean=0.000 ep_len=500.0 pi_loss=-0.005 v_loss=0.000 ent=0.941 kl=0.0019
[upd  209 | steps  107008 | t   70.0s | sps  1528] ret_mean=0.000 ep_len=500.0 pi_loss=-0.002 v_loss=0.000 ent=0.740 kl=-0.0031
[upd  210 | steps  107520 | t   70.2s | sps  1531] ret_mean=0.000 ep_len=500.0 pi_loss=-0.004 v_loss=0.000 ent=0.518 kl=-0.0029
[upd  211 | steps  108032 | t   70.4s | sps  1535] ret_mean=0.000 ep_len=500.0 pi_loss=-0.002 v_loss=0.000 ent=0.619 kl=0.0018
[upd  212 | steps  108544 | t   70.5s | sps  1539] ret_mean=0.000 ep_len=500.0 pi_loss=-0.005 v_loss=0.000 ent=0.976 kl=0.0084
[upd  213 | steps  109056 | t   70.7s | sps  1542] ret_mean=0.000 ep_len=500.0 pi_loss=-0.009 v_loss=0.000 ent=0.842 kl=0.0124
[upd  214 | steps  109568 | t   70.9s | sps  1545] ret_mean=0.000 ep_len=500.0 pi_loss=-0.007 v_loss=0.000 ent=0.567 kl=0.0141
[upd  215 | steps  110080 | t   71.1s | sps  1549] ret_mean=0.000 ep_len=500.0 pi_loss=-0.007 v_loss=0.001 ent=0.811 kl=0.0075
[upd  216 | steps  110592 | t   71.3s | sps  1552] ret_mean=0.000 ep_len=500.0 pi_loss=-0.003 v_loss=0.000 ent=0.949 kl=0.0034
[upd  217 | steps  111104 | t   71.4s | sps  1555] ret_mean=0.000 ep_len=500.0 pi_loss=-0.005 v_loss=0.000 ent=1.073 kl=-0.0009
[upd  218 | steps  111616 | t   71.6s | sps  1559] ret_mean=0.000 ep_len=500.0 pi_loss=-0.004 v_loss=0.000 ent=0.992 kl=0.0059
[upd  219 | steps  112128 | t   71.7s | sps  1563] ret_mean=0.000 ep_len=500.0 pi_loss=-0.013 v_loss=0.000 ent=1.137 kl=0.0134
[upd  220 | steps  112640 | t   71.9s | sps  1567] ret_mean=0.000 ep_len=500.0 pi_loss=-0.004 v_loss=0.000 ent=1.066 kl=0.0066
[upd  221 | steps  113152 | t   72.1s | sps  1570] ret_mean=0.000 ep_len=500.0 pi_loss=-0.000 v_loss=0.000 ent=1.023 kl=0.0042
[upd  222 | steps  113664 | t   72.2s | sps  1574] ret_mean=0.000 ep_len=500.0 pi_loss=-0.003 v_loss=0.000 ent=0.970 kl=0.0096
[upd  223 | steps  114176 | t   72.4s | sps  1578] ret_mean=0.000 ep_len=500.0 pi_loss=-0.004 v_loss=0.000 ent=0.967 kl=0.0038
[upd  224 | steps  114688 | t   72.5s | sps  1581] ret_mean=0.000 ep_len=500.0 pi_loss=-0.004 v_loss=0.000 ent=1.025 kl=0.0008
[upd  225 | steps  115200 | t   72.7s | sps  1585] ret_mean=0.000 ep_len=500.0 pi_loss=-0.001 v_loss=0.000 ent=1.080 kl=0.0063
        [eval] ret_mean=0.000 ep_len=500.0
[upd  226 | steps  115712 | t   77.1s | sps  1501] ret_mean=0.000 ep_len=500.0 pi_loss=-0.009 v_loss=0.000 ent=1.154 kl=0.0110
[upd  227 | steps  116224 | t   77.3s | sps  1504] ret_mean=0.000 ep_len=500.0 pi_loss=-0.001 v_loss=0.000 ent=0.890 kl=0.0015
[upd  228 | steps  116736 | t   77.4s | sps  1507] ret_mean=0.000 ep_len=500.0 pi_loss=-0.008 v_loss=0.000 ent=0.894 kl=0.0098
[upd  229 | steps  117248 | t   77.6s | sps  1511] ret_mean=0.000 ep_len=500.0 pi_loss=-0.003 v_loss=0.000 ent=0.936 kl=0.0006
[upd  230 | steps  117760 | t   77.8s | sps  1514] ret_mean=0.000 ep_len=500.0 pi_loss=-0.002 v_loss=0.000 ent=0.999 kl=0.0060
[upd  231 | steps  118272 | t   78.0s | sps  1517] ret_mean=0.000 ep_len=500.0 pi_loss=-0.006 v_loss=0.000 ent=1.065 kl=0.0096
[upd  232 | steps  118784 | t   78.1s | sps  1520] ret_mean=0.000 ep_len=500.0 pi_loss=-0.002 v_loss=0.000 ent=1.089 kl=0.0098
[upd  233 | steps  119296 | t   78.3s | sps  1523] ret_mean=0.000 ep_len=500.0 pi_loss=-0.003 v_loss=0.000 ent=1.174 kl=0.0027
[upd  234 | steps  119808 | t   78.5s | sps  1527] ret_mean=0.000 ep_len=500.0 pi_loss=-0.007 v_loss=0.000 ent=1.125 kl=0.0028
[upd  235 | steps  120320 | t   78.6s | sps  1530] ret_mean=0.000 ep_len=500.0 pi_loss=-0.006 v_loss=0.000 ent=1.137 kl=0.0053
[upd  236 | steps  120832 | t   78.8s | sps  1534] ret_mean=0.000 ep_len=500.0 pi_loss=-0.005 v_loss=0.000 ent=1.001 kl=0.0017
[upd  237 | steps  121344 | t   78.9s | sps  1537] ret_mean=0.000 ep_len=500.0 pi_loss=-0.002 v_loss=0.000 ent=1.087 kl=0.0067
[upd  238 | steps  121856 | t   79.1s | sps  1540] ret_mean=0.000 ep_len=500.0 pi_loss=-0.002 v_loss=0.000 ent=1.029 kl=-0.0005
[upd  239 | steps  122368 | t   79.3s | sps  1543] ret_mean=0.000 ep_len=500.0 pi_loss=-0.007 v_loss=0.000 ent=1.074 kl=0.0091
[upd  240 | steps  122880 | t   79.5s | sps  1546] ret_mean=0.000 ep_len=500.0 pi_loss=-0.007 v_loss=0.000 ent=1.107 kl=0.0047
[upd  241 | steps  123392 | t   79.6s | sps  1550] ret_mean=0.000 ep_len=500.0 pi_loss=-0.008 v_loss=0.000 ent=1.170 kl=0.0068
[upd  242 | steps  123904 | t   79.8s | sps  1553] ret_mean=0.000 ep_len=500.0 pi_loss=-0.009 v_loss=0.000 ent=1.101 kl=0.0211
[upd  243 | steps  124416 | t   80.0s | sps  1556] ret_mean=0.000 ep_len=500.0 pi_loss=-0.004 v_loss=0.000 ent=1.013 kl=0.0109
[upd  244 | steps  124928 | t   80.1s | sps  1559] ret_mean=0.000 ep_len=500.0 pi_loss=-0.002 v_loss=0.000 ent=1.014 kl=0.0036
[upd  245 | steps  125440 | t   80.3s | sps  1562] ret_mean=0.000 ep_len=500.0 pi_loss=-0.001 v_loss=0.000 ent=0.923 kl=0.0052
[upd  246 | steps  125952 | t   80.5s | sps  1564] ret_mean=0.000 ep_len=500.0 pi_loss=-0.005 v_loss=0.000 ent=0.929 kl=0.0027
[upd  247 | steps  126464 | t   80.7s | sps  1567] ret_mean=0.000 ep_len=500.0 pi_loss=-0.010 v_loss=0.000 ent=0.878 kl=0.0146
[upd  248 | steps  126976 | t   80.9s | sps  1569] ret_mean=0.000 ep_len=500.0 pi_loss=-0.006 v_loss=0.000 ent=0.972 kl=0.0078
[upd  249 | steps  127488 | t   81.1s | sps  1571] ret_mean=0.000 ep_len=500.0 pi_loss=-0.004 v_loss=0.000 ent=1.000 kl=0.0143
[upd  250 | steps  128000 | t   81.3s | sps  1574] ret_mean=0.000 ep_len=500.0 pi_loss=-0.002 v_loss=0.000 ent=0.975 kl=0.0033
        [eval] ret_mean=0.000 ep_len=500.0
[upd  251 | steps  128512 | t   85.5s | sps  1503] ret_mean=0.000 ep_len=500.0 pi_loss=-0.002 v_loss=0.000 ent=1.038 kl=0.0071
[upd  252 | steps  129024 | t   85.7s | sps  1506] ret_mean=0.000 ep_len=500.0 pi_loss=-0.000 v_loss=0.000 ent=0.954 kl=0.0017
[upd  253 | steps  129536 | t   85.8s | sps  1509] ret_mean=0.000 ep_len=500.0 pi_loss=-0.004 v_loss=0.000 ent=0.947 kl=0.0069
[upd  254 | steps  130048 | t   86.0s | sps  1512] ret_mean=0.000 ep_len=500.0 pi_loss=-0.002 v_loss=0.000 ent=1.013 kl=0.0035
[upd  255 | steps  130560 | t   86.2s | sps  1515] ret_mean=0.000 ep_len=500.0 pi_loss=-0.004 v_loss=0.000 ent=1.079 kl=0.0053
[upd  256 | steps  131072 | t   86.3s | sps  1518] ret_mean=0.000 ep_len=500.0 pi_loss=-0.008 v_loss=0.000 ent=1.018 kl=0.0083
[upd  257 | steps  131584 | t   86.5s | sps  1521] ret_mean=0.000 ep_len=500.0 pi_loss=-0.004 v_loss=0.000 ent=1.062 kl=0.0015
[upd  258 | steps  132096 | t   86.7s | sps  1524] ret_mean=0.000 ep_len=500.0 pi_loss=-0.004 v_loss=0.000 ent=1.039 kl=-0.0001
[upd  259 | steps  132608 | t   86.8s | sps  1527] ret_mean=0.000 ep_len=500.0 pi_loss=-0.004 v_loss=0.000 ent=0.903 kl=-0.0006
[upd  260 | steps  133120 | t   87.0s | sps  1530] ret_mean=0.000 ep_len=500.0 pi_loss=-0.002 v_loss=0.000 ent=0.965 kl=0.0002
[upd  261 | steps  133632 | t   87.2s | sps  1533] ret_mean=0.000 ep_len=500.0 pi_loss=-0.005 v_loss=0.000 ent=0.926 kl=0.0057
[upd  262 | steps  134144 | t   87.4s | sps  1536] ret_mean=0.000 ep_len=500.0 pi_loss=-0.004 v_loss=0.000 ent=0.993 kl=-0.0004
[upd  263 | steps  134656 | t   87.5s | sps  1539] ret_mean=0.000 ep_len=500.0 pi_loss=-0.006 v_loss=0.000 ent=0.964 kl=0.0007
[upd  264 | steps  135168 | t   87.7s | sps  1541] ret_mean=0.000 ep_len=500.0 pi_loss=-0.007 v_loss=0.000 ent=0.896 kl=-0.0008
[upd  265 | steps  135680 | t   87.9s | sps  1544] ret_mean=0.000 ep_len=500.0 pi_loss=-0.006 v_loss=0.000 ent=0.944 kl=0.0053
[upd  266 | steps  136192 | t   88.0s | sps  1547] ret_mean=0.000 ep_len=500.0 pi_loss=-0.001 v_loss=0.000 ent=0.953 kl=-0.0009
[upd  267 | steps  136704 | t   88.2s | sps  1550] ret_mean=0.000 ep_len=500.0 pi_loss=-0.004 v_loss=0.000 ent=0.920 kl=0.0057
[upd  268 | steps  137216 | t   88.4s | sps  1552] ret_mean=0.000 ep_len=500.0 pi_loss=-0.007 v_loss=0.000 ent=0.914 kl=0.0013
[upd  269 | steps  137728 | t   88.6s | sps  1555] ret_mean=0.000 ep_len=500.0 pi_loss=-0.007 v_loss=0.000 ent=1.021 kl=0.0029
[upd  270 | steps  138240 | t   88.7s | sps  1558] ret_mean=0.000 ep_len=500.0 pi_loss=-0.003 v_loss=0.000 ent=0.904 kl=-0.0005
[upd  271 | steps  138752 | t   88.9s | sps  1561] ret_mean=0.000 ep_len=500.0 pi_loss=-0.003 v_loss=0.000 ent=0.873 kl=0.0019
[upd  272 | steps  139264 | t   89.1s | sps  1564] ret_mean=0.000 ep_len=500.0 pi_loss=-0.010 v_loss=0.000 ent=0.979 kl=0.0018
[upd  273 | steps  139776 | t   89.2s | sps  1567] ret_mean=0.000 ep_len=500.0 pi_loss=-0.007 v_loss=0.000 ent=0.940 kl=0.0038
[upd  274 | steps  140288 | t   89.4s | sps  1569] ret_mean=0.000 ep_len=500.0 pi_loss=-0.006 v_loss=0.000 ent=1.069 kl=0.0031
[upd  275 | steps  140800 | t   89.6s | sps  1572] ret_mean=0.000 ep_len=500.0 pi_loss=-0.005 v_loss=0.000 ent=1.052 kl=0.0018
        [eval] ret_mean=0.000 ep_len=500.0
[upd  276 | steps  141312 | t   93.8s | sps  1507] ret_mean=0.000 ep_len=500.0 pi_loss=-0.005 v_loss=0.000 ent=0.961 kl=0.0016
[upd  277 | steps  141824 | t   93.9s | sps  1510] ret_mean=0.000 ep_len=500.0 pi_loss=-0.004 v_loss=0.000 ent=0.834 kl=0.0045
[upd  278 | steps  142336 | t   94.1s | sps  1513] ret_mean=0.000 ep_len=500.0 pi_loss=-0.006 v_loss=0.000 ent=0.996 kl=0.0051
[upd  279 | steps  142848 | t   94.3s | sps  1515] ret_mean=0.000 ep_len=500.0 pi_loss=-0.004 v_loss=0.000 ent=1.037 kl=0.0019
[upd  280 | steps  143360 | t   94.4s | sps  1518] ret_mean=0.000 ep_len=500.0 pi_loss=-0.004 v_loss=0.000 ent=1.023 kl=0.0014
[upd  281 | steps  143872 | t   94.6s | sps  1521] ret_mean=0.000 ep_len=500.0 pi_loss=-0.004 v_loss=0.000 ent=1.033 kl=0.0027
[upd  282 | steps  144384 | t   94.8s | sps  1524] ret_mean=0.000 ep_len=500.0 pi_loss=-0.004 v_loss=0.000 ent=0.985 kl=0.0072
[upd  283 | steps  144896 | t   94.9s | sps  1527] ret_mean=0.000 ep_len=500.0 pi_loss=-0.005 v_loss=0.000 ent=1.060 kl=0.0144
[upd  284 | steps  145408 | t   95.1s | sps  1529] ret_mean=0.000 ep_len=500.0 pi_loss=-0.007 v_loss=0.000 ent=1.046 kl=0.0030
[upd  285 | steps  145920 | t   95.2s | sps  1532] ret_mean=0.000 ep_len=500.0 pi_loss=-0.009 v_loss=0.000 ent=0.989 kl=0.0088
[upd  286 | steps  146432 | t   95.4s | sps  1535] ret_mean=0.000 ep_len=500.0 pi_loss=-0.002 v_loss=0.000 ent=1.054 kl=0.0019
[upd  287 | steps  146944 | t   95.6s | sps  1537] ret_mean=0.000 ep_len=500.0 pi_loss=-0.006 v_loss=0.000 ent=1.073 kl=0.0137
[upd  288 | steps  147456 | t   95.8s | sps  1540] ret_mean=0.000 ep_len=500.0 pi_loss=-0.004 v_loss=0.000 ent=1.069 kl=0.0054
[upd  289 | steps  147968 | t   95.9s | sps  1543] ret_mean=0.000 ep_len=500.0 pi_loss=-0.005 v_loss=0.000 ent=0.953 kl=0.0059
[upd  290 | steps  148480 | t   96.1s | sps  1545] ret_mean=0.000 ep_len=500.0 pi_loss=-0.002 v_loss=0.000 ent=0.995 kl=-0.0016
[upd  291 | steps  148992 | t   96.3s | sps  1548] ret_mean=0.000 ep_len=500.0 pi_loss=-0.005 v_loss=0.000 ent=1.013 kl=0.0042
[upd  292 | steps  149504 | t   96.4s | sps  1550] ret_mean=0.000 ep_len=500.0 pi_loss=-0.012 v_loss=0.000 ent=1.073 kl=0.0070
[upd  293 | steps  150016 | t   96.6s | sps  1553] ret_mean=0.000 ep_len=500.0 pi_loss=-0.003 v_loss=0.000 ent=0.901 kl=0.0057
[upd  294 | steps  150528 | t   96.8s | sps  1555] ret_mean=0.000 ep_len=500.0 pi_loss=-0.010 v_loss=0.000 ent=0.885 kl=0.0025
[upd  295 | steps  151040 | t   97.0s | sps  1558] ret_mean=0.000 ep_len=500.0 pi_loss=-0.007 v_loss=0.001 ent=0.950 kl=0.0044
[upd  296 | steps  151552 | t   97.1s | sps  1560] ret_mean=0.000 ep_len=500.0 pi_loss=-0.007 v_loss=0.000 ent=0.910 kl=0.0032
[upd  297 | steps  152064 | t   97.3s | sps  1563] ret_mean=0.000 ep_len=500.0 pi_loss=-0.010 v_loss=0.000 ent=0.908 kl=0.0171
[upd  298 | steps  152576 | t   97.5s | sps  1565] ret_mean=0.000 ep_len=500.0 pi_loss=-0.006 v_loss=0.000 ent=1.060 kl=0.0064
[upd  299 | steps  153088 | t   97.7s | sps  1568] ret_mean=0.000 ep_len=500.0 pi_loss=-0.005 v_loss=0.000 ent=1.002 kl=0.0020
[upd  300 | steps  153600 | t   97.8s | sps  1570] ret_mean=0.000 ep_len=500.0 pi_loss=-0.003 v_loss=0.000 ent=0.891 kl=0.0099
        [eval] ret_mean=0.000 ep_len=500.0
