$ /Users/praneelkhiantani/Downloads/cs2860/.venv/bin/python3 -m policies.train --env rware-medium-2ag-easy-v2 --seed 1 --updates 200 --rollout 512 --eval-every 50 --eval-episodes 10 --log-dir matrix_results/intent_grounded_v1_pilot/rware-medium-2ag-easy-v2 --run-name mappo-comm__dropout-only__d0__s1 --n-msg-tokens 8 --dropout --dropout-agent 0 --dropout-time 100 --shape-rewards --pickup-bonus 0.5

[env] EnvSpec(env_id='rware-medium-2ag-easy-v2', n_agents=2, obs_dim=71, n_env_actions=5, noop_action=0, family='rware')  (n_msg_tokens=8)
[cfg] {'clip_range': 0.2, 'value_clip_range': 0.2, 'entropy_coef': 0.01, 'value_coef': 0.5, 'max_grad_norm': 0.5, 'gamma': 0.99, 'gae_lambda': 0.95, 'lr_actor': 0.0003, 'lr_critic': 0.001, 'update_epochs': 4, 'minibatches': 4, 'hidden': 128, 'depth': 2, 'device': 'cpu', 'message_grounding_coef': 0.0, 'extra': {}}
[log] writing to matrix_results/intent_grounded_v1_pilot/rware-medium-2ag-easy-v2/mappo-comm__dropout-only__d0__s1
[upd    1 | steps     512 | t    0.7s | sps   753] ret_mean=0.000 ep_len=500.0 pi_loss=-0.014 v_loss=0.017 ent=3.683 msg_acc=0.000 kl=0.0140
[upd    2 | steps    1024 | t    1.2s | sps   821] ret_mean=0.500 ep_len=500.0 pi_loss=-0.013 v_loss=0.006 ent=3.683 msg_acc=0.000 kl=0.0047
[upd    3 | steps    1536 | t    1.9s | sps   807] ret_mean=0.000 ep_len=500.0 pi_loss=-0.011 v_loss=0.005 ent=3.669 msg_acc=0.000 kl=0.0068
[upd    4 | steps    2048 | t    2.5s | sps   820] ret_mean=0.000 ep_len=500.0 pi_loss=-0.010 v_loss=0.003 ent=3.665 msg_acc=0.000 kl=0.0081
[upd    5 | steps    2560 | t    3.8s | sps   677] ret_mean=0.000 ep_len=500.0 pi_loss=-0.011 v_loss=0.003 ent=3.611 msg_acc=0.000 kl=0.0155
[upd    6 | steps    3072 | t    4.9s | sps   625] ret_mean=0.500 ep_len=500.0 pi_loss=-0.010 v_loss=0.004 ent=3.644 msg_acc=0.000 kl=0.0038
[upd    7 | steps    3584 | t    5.7s | sps   633] ret_mean=0.500 ep_len=500.0 pi_loss=-0.011 v_loss=0.002 ent=3.652 msg_acc=0.000 kl=0.0058
[upd    8 | steps    4096 | t    6.4s | sps   641] ret_mean=0.000 ep_len=500.0 pi_loss=-0.005 v_loss=0.003 ent=3.582 msg_acc=0.000 kl=-0.0046
[upd    9 | steps    4608 | t    7.1s | sps   653] ret_mean=0.000 ep_len=500.0 pi_loss=-0.016 v_loss=0.004 ent=3.619 msg_acc=0.000 kl=0.0110
[upd   10 | steps    5120 | t    7.7s | sps   666] ret_mean=0.000 ep_len=500.0 pi_loss=-0.005 v_loss=0.001 ent=3.658 msg_acc=0.000 kl=-0.0005
[upd   11 | steps    5632 | t    8.9s | sps   633] ret_mean=0.000 ep_len=500.0 pi_loss=-0.006 v_loss=0.001 ent=3.653 msg_acc=0.000 kl=0.0012
[upd   12 | steps    6144 | t    9.9s | sps   619] ret_mean=0.000 ep_len=500.0 pi_loss=-0.011 v_loss=0.003 ent=3.656 msg_acc=0.000 kl=0.0056
[upd   13 | steps    6656 | t   11.0s | sps   607] ret_mean=0.000 ep_len=500.0 pi_loss=-0.008 v_loss=0.002 ent=3.668 msg_acc=0.000 kl=0.0056
[upd   14 | steps    7168 | t   11.7s | sps   614] ret_mean=0.000 ep_len=500.0 pi_loss=-0.008 v_loss=0.001 ent=3.641 msg_acc=0.000 kl=0.0033
[upd   15 | steps    7680 | t   12.6s | sps   610] ret_mean=0.000 ep_len=500.0 pi_loss=-0.010 v_loss=0.002 ent=3.594 msg_acc=0.000 kl=0.0050
[upd   16 | steps    8192 | t   13.3s | sps   616] ret_mean=0.000 ep_len=500.0 pi_loss=-0.008 v_loss=0.001 ent=3.557 msg_acc=0.000 kl=0.0030
[upd   17 | steps    8704 | t   14.0s | sps   622] ret_mean=0.000 ep_len=500.0 pi_loss=-0.006 v_loss=0.001 ent=3.620 msg_acc=0.000 kl=-0.0002
[upd   18 | steps    9216 | t   14.7s | sps   627] ret_mean=0.000 ep_len=500.0 pi_loss=-0.009 v_loss=0.001 ent=3.570 msg_acc=0.000 kl=0.0108
[upd   19 | steps    9728 | t   15.9s | sps   610] ret_mean=0.000 ep_len=500.0 pi_loss=-0.013 v_loss=0.001 ent=3.611 msg_acc=0.000 kl=0.0071
[upd   20 | steps   10240 | t   17.0s | sps   601] ret_mean=0.000 ep_len=500.0 pi_loss=-0.013 v_loss=0.001 ent=3.590 msg_acc=0.000 kl=0.0046
[upd   21 | steps   10752 | t   18.0s | sps   598] ret_mean=0.000 ep_len=500.0 pi_loss=-0.015 v_loss=0.001 ent=3.599 msg_acc=0.000 kl=0.0016
[upd   22 | steps   11264 | t   18.7s | sps   602] ret_mean=0.000 ep_len=500.0 pi_loss=-0.011 v_loss=0.001 ent=3.543 msg_acc=0.000 kl=0.0045
[upd   23 | steps   11776 | t   19.5s | sps   604] ret_mean=0.000 ep_len=500.0 pi_loss=-0.010 v_loss=0.001 ent=3.496 msg_acc=0.000 kl=0.0045
[upd   24 | steps   12288 | t   20.2s | sps   609] ret_mean=0.000 ep_len=500.0 pi_loss=-0.004 v_loss=0.001 ent=3.480 msg_acc=0.000 kl=-0.0014
[upd   25 | steps   12800 | t   20.9s | sps   614] ret_mean=0.000 ep_len=500.0 pi_loss=-0.015 v_loss=0.001 ent=3.508 msg_acc=0.000 kl=0.0170
[upd   26 | steps   13312 | t   21.5s | sps   619] ret_mean=0.000 ep_len=500.0 pi_loss=-0.010 v_loss=0.001 ent=3.530 msg_acc=0.000 kl=0.0086
[upd   27 | steps   13824 | t   22.1s | sps   624] ret_mean=0.000 ep_len=500.0 pi_loss=-0.014 v_loss=0.000 ent=3.502 msg_acc=0.000 kl=0.0054
[upd   28 | steps   14336 | t   23.0s | sps   624] ret_mean=0.000 ep_len=500.0 pi_loss=-0.013 v_loss=0.000 ent=3.453 msg_acc=0.000 kl=0.0021
[upd   29 | steps   14848 | t   23.7s | sps   627] ret_mean=0.000 ep_len=500.0 pi_loss=-0.008 v_loss=0.001 ent=3.507 msg_acc=0.000 kl=0.0130
[upd   30 | steps   15360 | t   24.5s | sps   628] ret_mean=0.000 ep_len=500.0 pi_loss=-0.012 v_loss=0.002 ent=3.464 msg_acc=0.000 kl=0.0117
[upd   31 | steps   15872 | t   25.4s | sps   625] ret_mean=0.500 ep_len=500.0 pi_loss=-0.019 v_loss=0.001 ent=3.533 msg_acc=0.000 kl=0.0103
[upd   32 | steps   16384 | t   26.5s | sps   617] ret_mean=0.000 ep_len=500.0 pi_loss=-0.015 v_loss=0.001 ent=3.613 msg_acc=0.000 kl=0.0041
[upd   33 | steps   16896 | t   27.4s | sps   618] ret_mean=0.500 ep_len=500.0 pi_loss=-0.017 v_loss=0.001 ent=3.495 msg_acc=0.000 kl=0.0095
[upd   34 | steps   17408 | t   28.5s | sps   612] ret_mean=0.000 ep_len=500.0 pi_loss=-0.010 v_loss=0.002 ent=3.551 msg_acc=0.000 kl=0.0062
[upd   35 | steps   17920 | t   29.7s | sps   603] ret_mean=0.000 ep_len=500.0 pi_loss=-0.010 v_loss=0.001 ent=3.582 msg_acc=0.000 kl=0.0016
[upd   36 | steps   18432 | t   30.7s | sps   601] ret_mean=0.000 ep_len=500.0 pi_loss=-0.013 v_loss=0.001 ent=3.527 msg_acc=0.000 kl=0.0154
[upd   37 | steps   18944 | t   31.8s | sps   595] ret_mean=0.000 ep_len=500.0 pi_loss=-0.010 v_loss=0.001 ent=3.454 msg_acc=0.000 kl=0.0055
[upd   38 | steps   19456 | t   33.1s | sps   587] ret_mean=0.000 ep_len=500.0 pi_loss=-0.015 v_loss=0.001 ent=3.476 msg_acc=0.000 kl=0.0091
[upd   39 | steps   19968 | t   34.4s | sps   581] ret_mean=0.000 ep_len=500.0 pi_loss=-0.009 v_loss=0.000 ent=3.544 msg_acc=0.000 kl=-0.0013
[upd   40 | steps   20480 | t   35.3s | sps   581] ret_mean=0.000 ep_len=500.0 pi_loss=-0.013 v_loss=0.001 ent=3.596 msg_acc=0.000 kl=0.0010
[upd   41 | steps   20992 | t   36.0s | sps   583] ret_mean=0.500 ep_len=500.0 pi_loss=-0.011 v_loss=0.001 ent=3.574 msg_acc=0.000 kl=0.0040
[upd   42 | steps   21504 | t   36.8s | sps   584] ret_mean=0.000 ep_len=500.0 pi_loss=-0.014 v_loss=0.001 ent=3.513 msg_acc=0.000 kl=0.0048
[upd   43 | steps   22016 | t   37.4s | sps   588] ret_mean=0.000 ep_len=500.0 pi_loss=-0.012 v_loss=0.000 ent=3.484 msg_acc=0.000 kl=0.0122
[upd   44 | steps   22528 | t   38.2s | sps   590] ret_mean=0.000 ep_len=500.0 pi_loss=-0.011 v_loss=0.000 ent=3.550 msg_acc=0.000 kl=-0.0022
[upd   45 | steps   23040 | t   38.8s | sps   594] ret_mean=0.000 ep_len=500.0 pi_loss=-0.013 v_loss=0.004 ent=3.494 msg_acc=0.000 kl=0.0004
[upd   46 | steps   23552 | t   39.4s | sps   598] ret_mean=0.500 ep_len=500.0 pi_loss=-0.011 v_loss=0.002 ent=3.568 msg_acc=0.000 kl=0.0077
[upd   47 | steps   24064 | t   40.1s | sps   601] ret_mean=0.000 ep_len=500.0 pi_loss=-0.012 v_loss=0.000 ent=3.558 msg_acc=0.000 kl=0.0057
[upd   48 | steps   24576 | t   40.7s | sps   604] ret_mean=0.000 ep_len=500.0 pi_loss=-0.012 v_loss=0.001 ent=3.356 msg_acc=0.000 kl=0.0126
[upd   49 | steps   25088 | t   41.4s | sps   606] ret_mean=0.000 ep_len=500.0 pi_loss=-0.014 v_loss=0.001 ent=3.518 msg_acc=0.000 kl=0.0132
[upd   50 | steps   25600 | t   42.6s | sps   600] ret_mean=0.000 ep_len=500.0 pi_loss=-0.011 v_loss=0.003 ent=3.224 msg_acc=0.000 kl=0.0050
        [eval] ret_mean=0.000 ep_len=500.0
[upd   51 | steps   26112 | t   51.9s | sps   503] ret_mean=0.000 ep_len=500.0 pi_loss=-0.013 v_loss=0.001 ent=3.363 msg_acc=0.000 kl=0.0071
[upd   52 | steps   26624 | t   52.6s | sps   506] ret_mean=0.000 ep_len=500.0 pi_loss=-0.011 v_loss=0.001 ent=3.509 msg_acc=0.000 kl=0.0159
[upd   53 | steps   27136 | t   53.3s | sps   509] ret_mean=0.000 ep_len=500.0 pi_loss=-0.011 v_loss=0.001 ent=3.588 msg_acc=0.000 kl=0.0051
[upd   54 | steps   27648 | t   54.5s | sps   507] ret_mean=0.000 ep_len=500.0 pi_loss=-0.011 v_loss=0.001 ent=3.571 msg_acc=0.000 kl=0.0038
[upd   55 | steps   28160 | t   55.5s | sps   507] ret_mean=0.500 ep_len=500.0 pi_loss=-0.010 v_loss=0.002 ent=3.617 msg_acc=0.000 kl=0.0075
[upd   56 | steps   28672 | t   56.3s | sps   509] ret_mean=1.000 ep_len=500.0 pi_loss=-0.015 v_loss=0.001 ent=3.536 msg_acc=0.000 kl=0.0045
[upd   57 | steps   29184 | t   57.0s | sps   512] ret_mean=0.000 ep_len=500.0 pi_loss=-0.012 v_loss=0.000 ent=3.586 msg_acc=0.000 kl=0.0075
[upd   58 | steps   29696 | t   57.7s | sps   514] ret_mean=0.000 ep_len=500.0 pi_loss=-0.011 v_loss=0.000 ent=3.532 msg_acc=0.000 kl=0.0058
[upd   59 | steps   30208 | t   58.4s | sps   517] ret_mean=0.000 ep_len=500.0 pi_loss=-0.012 v_loss=0.000 ent=3.571 msg_acc=0.000 kl=0.0087
[upd   60 | steps   30720 | t   59.1s | sps   520] ret_mean=0.000 ep_len=500.0 pi_loss=-0.012 v_loss=0.001 ent=3.453 msg_acc=0.000 kl=-0.0013
[upd   61 | steps   31232 | t   59.7s | sps   523] ret_mean=0.000 ep_len=500.0 pi_loss=-0.014 v_loss=0.010 ent=3.526 msg_acc=0.000 kl=0.0023
[upd   62 | steps   31744 | t   60.4s | sps   525] ret_mean=1.500 ep_len=500.0 pi_loss=-0.012 v_loss=0.001 ent=3.630 msg_acc=0.000 kl=-0.0011
[upd   63 | steps   32256 | t   61.6s | sps   524] ret_mean=0.000 ep_len=500.0 pi_loss=-0.010 v_loss=0.001 ent=3.596 msg_acc=0.000 kl=0.0004
[upd   64 | steps   32768 | t   62.3s | sps   526] ret_mean=0.000 ep_len=500.0 pi_loss=-0.007 v_loss=0.000 ent=3.567 msg_acc=0.000 kl=0.0072
[upd   65 | steps   33280 | t   63.0s | sps   528] ret_mean=0.000 ep_len=500.0 pi_loss=-0.008 v_loss=0.000 ent=3.577 msg_acc=0.000 kl=0.0027
[upd   66 | steps   33792 | t   63.7s | sps   531] ret_mean=0.000 ep_len=500.0 pi_loss=-0.013 v_loss=0.002 ent=3.579 msg_acc=0.000 kl=0.0072
[upd   67 | steps   34304 | t   64.4s | sps   533] ret_mean=1.000 ep_len=500.0 pi_loss=-0.008 v_loss=0.000 ent=3.530 msg_acc=0.000 kl=0.0021
[upd   68 | steps   34816 | t   65.0s | sps   535] ret_mean=0.000 ep_len=500.0 pi_loss=-0.009 v_loss=0.000 ent=3.552 msg_acc=0.000 kl=-0.0003
[upd   69 | steps   35328 | t   65.7s | sps   538] ret_mean=0.000 ep_len=500.0 pi_loss=-0.012 v_loss=0.000 ent=3.515 msg_acc=0.000 kl=0.0033
[upd   70 | steps   35840 | t   66.3s | sps   541] ret_mean=0.000 ep_len=500.0 pi_loss=-0.007 v_loss=0.000 ent=3.456 msg_acc=0.000 kl=0.0055
[upd   71 | steps   36352 | t   66.9s | sps   543] ret_mean=0.000 ep_len=500.0 pi_loss=-0.008 v_loss=0.000 ent=3.383 msg_acc=0.000 kl=-0.0024
[upd   72 | steps   36864 | t   67.6s | sps   545] ret_mean=0.000 ep_len=500.0 pi_loss=-0.010 v_loss=0.000 ent=3.358 msg_acc=0.000 kl=0.0025
[upd   73 | steps   37376 | t   68.3s | sps   547] ret_mean=0.000 ep_len=500.0 pi_loss=-0.012 v_loss=0.000 ent=3.386 msg_acc=0.000 kl=0.0032
[upd   74 | steps   37888 | t   69.3s | sps   546] ret_mean=0.000 ep_len=500.0 pi_loss=-0.010 v_loss=0.000 ent=3.387 msg_acc=0.000 kl=0.0058
[upd   75 | steps   38400 | t   70.1s | sps   548] ret_mean=0.000 ep_len=500.0 pi_loss=-0.008 v_loss=0.000 ent=3.493 msg_acc=0.000 kl=0.0046
[upd   76 | steps   38912 | t   70.7s | sps   550] ret_mean=0.000 ep_len=500.0 pi_loss=-0.017 v_loss=0.000 ent=3.450 msg_acc=0.000 kl=0.0144
[upd   77 | steps   39424 | t   71.4s | sps   552] ret_mean=0.000 ep_len=500.0 pi_loss=-0.004 v_loss=0.000 ent=3.431 msg_acc=0.000 kl=0.0035
[upd   78 | steps   39936 | t   72.1s | sps   554] ret_mean=0.000 ep_len=500.0 pi_loss=-0.011 v_loss=0.000 ent=3.517 msg_acc=0.000 kl=0.0056
[upd   79 | steps   40448 | t   72.8s | sps   556] ret_mean=0.000 ep_len=500.0 pi_loss=-0.014 v_loss=0.000 ent=3.478 msg_acc=0.000 kl=0.0080
[upd   80 | steps   40960 | t   73.7s | sps   556] ret_mean=0.000 ep_len=500.0 pi_loss=-0.012 v_loss=0.000 ent=3.495 msg_acc=0.000 kl=0.0044
[upd   81 | steps   41472 | t   74.8s | sps   554] ret_mean=0.000 ep_len=500.0 pi_loss=-0.014 v_loss=0.003 ent=3.490 msg_acc=0.000 kl=0.0033
[upd   82 | steps   41984 | t   76.2s | sps   551] ret_mean=1.000 ep_len=500.0 pi_loss=-0.011 v_loss=0.001 ent=3.501 msg_acc=0.000 kl=0.0026
[upd   83 | steps   42496 | t   77.2s | sps   551] ret_mean=0.000 ep_len=500.0 pi_loss=-0.010 v_loss=0.000 ent=3.337 msg_acc=0.000 kl=-0.0001
[upd   84 | steps   43008 | t   77.8s | sps   553] ret_mean=0.000 ep_len=500.0 pi_loss=-0.014 v_loss=0.000 ent=3.523 msg_acc=0.000 kl=0.0164
[upd   85 | steps   43520 | t   78.8s | sps   552] ret_mean=0.000 ep_len=500.0 pi_loss=-0.008 v_loss=0.000 ent=3.503 msg_acc=0.000 kl=0.0017
[upd   86 | steps   44032 | t   79.7s | sps   552] ret_mean=0.500 ep_len=500.0 pi_loss=-0.009 v_loss=0.002 ent=3.574 msg_acc=0.000 kl=0.0022
[upd   87 | steps   44544 | t   80.5s | sps   554] ret_mean=0.000 ep_len=500.0 pi_loss=-0.008 v_loss=0.000 ent=3.465 msg_acc=0.000 kl=-0.0003
[upd   88 | steps   45056 | t   81.1s | sps   555] ret_mean=0.000 ep_len=500.0 pi_loss=-0.010 v_loss=0.000 ent=3.438 msg_acc=0.000 kl=0.0032
[upd   89 | steps   45568 | t   81.8s | sps   557] ret_mean=0.000 ep_len=500.0 pi_loss=-0.005 v_loss=0.000 ent=3.447 msg_acc=0.000 kl=0.0023
[upd   90 | steps   46080 | t   82.4s | sps   559] ret_mean=0.000 ep_len=500.0 pi_loss=-0.011 v_loss=0.000 ent=3.373 msg_acc=0.000 kl=0.0042
[upd   91 | steps   46592 | t   83.0s | sps   561] ret_mean=0.000 ep_len=500.0 pi_loss=-0.013 v_loss=0.000 ent=3.499 msg_acc=0.000 kl=0.0058
[upd   92 | steps   47104 | t   83.7s | sps   563] ret_mean=0.500 ep_len=500.0 pi_loss=-0.008 v_loss=0.004 ent=3.453 msg_acc=0.000 kl=0.0037
[upd   93 | steps   47616 | t   84.3s | sps   565] ret_mean=3.000 ep_len=500.0 pi_loss=-0.008 v_loss=0.028 ent=3.518 msg_acc=0.000 kl=0.0009
[upd   94 | steps   48128 | t   84.9s | sps   567] ret_mean=0.000 ep_len=500.0 pi_loss=-0.015 v_loss=0.001 ent=3.304 msg_acc=0.000 kl=0.0143
[upd   95 | steps   48640 | t   85.6s | sps   568] ret_mean=0.000 ep_len=500.0 pi_loss=-0.009 v_loss=0.002 ent=3.223 msg_acc=0.000 kl=0.0065
[upd   96 | steps   49152 | t   86.2s | sps   570] ret_mean=0.000 ep_len=500.0 pi_loss=-0.012 v_loss=0.000 ent=3.340 msg_acc=0.000 kl=0.0072
[upd   97 | steps   49664 | t   86.8s | sps   572] ret_mean=0.000 ep_len=500.0 pi_loss=-0.012 v_loss=0.000 ent=3.527 msg_acc=0.000 kl=0.0062
[upd   98 | steps   50176 | t   87.4s | sps   574] ret_mean=0.000 ep_len=500.0 pi_loss=-0.012 v_loss=0.000 ent=3.528 msg_acc=0.000 kl=0.0077
[upd   99 | steps   50688 | t   88.0s | sps   576] ret_mean=0.000 ep_len=500.0 pi_loss=-0.013 v_loss=0.001 ent=3.513 msg_acc=0.000 kl=0.0022
[upd  100 | steps   51200 | t   88.7s | sps   577] ret_mean=0.500 ep_len=500.0 pi_loss=-0.013 v_loss=0.000 ent=3.485 msg_acc=0.000 kl=0.0063
        [eval] ret_mean=0.000 ep_len=500.0
[upd  101 | steps   51712 | t   94.8s | sps   545] ret_mean=4.000 ep_len=500.0 pi_loss=-0.016 v_loss=0.031 ent=3.422 msg_acc=0.000 kl=-0.0023
[upd  102 | steps   52224 | t   96.4s | sps   542] ret_mean=0.000 ep_len=500.0 pi_loss=-0.019 v_loss=0.001 ent=3.395 msg_acc=0.000 kl=0.0116
[upd  103 | steps   52736 | t   97.2s | sps   542] ret_mean=0.000 ep_len=500.0 pi_loss=-0.012 v_loss=0.000 ent=3.449 msg_acc=0.000 kl=0.0025
[upd  104 | steps   53248 | t   97.9s | sps   544] ret_mean=0.000 ep_len=500.0 pi_loss=-0.018 v_loss=0.000 ent=3.563 msg_acc=0.000 kl=0.0087
[upd  105 | steps   53760 | t   98.5s | sps   546] ret_mean=0.000 ep_len=500.0 pi_loss=-0.013 v_loss=0.000 ent=3.395 msg_acc=0.000 kl=0.0093
[upd  106 | steps   54272 | t   99.3s | sps   547] ret_mean=0.000 ep_len=500.0 pi_loss=-0.014 v_loss=0.001 ent=3.464 msg_acc=0.000 kl=0.0048
[upd  107 | steps   54784 | t  100.3s | sps   546] ret_mean=0.000 ep_len=500.0 pi_loss=-0.011 v_loss=0.000 ent=3.486 msg_acc=0.000 kl=0.0049
[upd  108 | steps   55296 | t  101.0s | sps   548] ret_mean=0.000 ep_len=500.0 pi_loss=-0.013 v_loss=0.001 ent=3.204 msg_acc=0.000 kl=0.0093
[upd  109 | steps   55808 | t  101.7s | sps   549] ret_mean=0.500 ep_len=500.0 pi_loss=-0.016 v_loss=0.001 ent=3.432 msg_acc=0.000 kl=0.0034
[upd  110 | steps   56320 | t  102.3s | sps   550] ret_mean=0.000 ep_len=500.0 pi_loss=-0.014 v_loss=0.000 ent=3.291 msg_acc=0.000 kl=0.0040
[upd  111 | steps   56832 | t  103.0s | sps   552] ret_mean=0.000 ep_len=500.0 pi_loss=-0.010 v_loss=0.004 ent=3.321 msg_acc=0.000 kl=0.0075
[upd  112 | steps   57344 | t  103.7s | sps   553] ret_mean=1.000 ep_len=500.0 pi_loss=-0.017 v_loss=0.002 ent=3.434 msg_acc=0.000 kl=0.0114
[upd  113 | steps   57856 | t  104.4s | sps   554] ret_mean=0.000 ep_len=500.0 pi_loss=-0.015 v_loss=0.001 ent=3.375 msg_acc=0.000 kl=0.0039
[upd  114 | steps   58368 | t  105.2s | sps   555] ret_mean=1.500 ep_len=500.0 pi_loss=-0.013 v_loss=0.012 ent=3.484 msg_acc=0.000 kl=0.0105
[upd  115 | steps   58880 | t  106.1s | sps   555] ret_mean=0.000 ep_len=500.0 pi_loss=-0.015 v_loss=0.001 ent=3.387 msg_acc=0.000 kl=0.0086
[upd  116 | steps   59392 | t  106.8s | sps   556] ret_mean=0.000 ep_len=500.0 pi_loss=-0.014 v_loss=0.001 ent=3.245 msg_acc=0.000 kl=0.0097
[upd  117 | steps   59904 | t  107.5s | sps   557] ret_mean=0.000 ep_len=500.0 pi_loss=-0.005 v_loss=0.000 ent=3.133 msg_acc=0.000 kl=0.0003
[upd  118 | steps   60416 | t  108.5s | sps   557] ret_mean=0.000 ep_len=500.0 pi_loss=-0.013 v_loss=0.001 ent=3.336 msg_acc=0.000 kl=0.0054
[upd  119 | steps   60928 | t  109.2s | sps   558] ret_mean=0.500 ep_len=500.0 pi_loss=-0.006 v_loss=0.000 ent=3.437 msg_acc=0.000 kl=0.0021
[upd  120 | steps   61440 | t  109.8s | sps   559] ret_mean=1.000 ep_len=500.0 pi_loss=-0.007 v_loss=0.007 ent=3.423 msg_acc=0.000 kl=0.0008
[upd  121 | steps   61952 | t  110.5s | sps   561] ret_mean=0.000 ep_len=500.0 pi_loss=-0.006 v_loss=0.001 ent=3.346 msg_acc=0.000 kl=0.0057
[upd  122 | steps   62464 | t  111.1s | sps   562] ret_mean=0.000 ep_len=500.0 pi_loss=-0.013 v_loss=0.001 ent=3.289 msg_acc=0.000 kl=0.0088
[upd  123 | steps   62976 | t  111.8s | sps   564] ret_mean=0.000 ep_len=500.0 pi_loss=-0.012 v_loss=0.000 ent=3.488 msg_acc=0.000 kl=0.0075
[upd  124 | steps   63488 | t  112.4s | sps   565] ret_mean=0.000 ep_len=500.0 pi_loss=-0.006 v_loss=0.000 ent=3.475 msg_acc=0.000 kl=0.0047
[upd  125 | steps   64000 | t  113.2s | sps   565] ret_mean=0.000 ep_len=500.0 pi_loss=-0.016 v_loss=0.000 ent=3.471 msg_acc=0.000 kl=0.0063
[upd  126 | steps   64512 | t  114.1s | sps   566] ret_mean=0.000 ep_len=500.0 pi_loss=-0.010 v_loss=0.000 ent=3.510 msg_acc=0.000 kl=0.0010
[upd  127 | steps   65024 | t  114.7s | sps   567] ret_mean=0.000 ep_len=500.0 pi_loss=-0.012 v_loss=0.000 ent=3.425 msg_acc=0.000 kl=0.0170
[upd  128 | steps   65536 | t  115.3s | sps   568] ret_mean=0.000 ep_len=500.0 pi_loss=-0.012 v_loss=0.000 ent=3.565 msg_acc=0.000 kl=-0.0002
[upd  129 | steps   66048 | t  116.0s | sps   570] ret_mean=0.000 ep_len=500.0 pi_loss=-0.010 v_loss=0.000 ent=3.573 msg_acc=0.000 kl=-0.0006
[upd  130 | steps   66560 | t  116.6s | sps   571] ret_mean=0.000 ep_len=500.0 pi_loss=-0.012 v_loss=0.000 ent=3.472 msg_acc=0.000 kl=0.0017
[upd  131 | steps   67072 | t  117.2s | sps   572] ret_mean=0.000 ep_len=500.0 pi_loss=-0.009 v_loss=0.000 ent=3.405 msg_acc=0.000 kl=0.0125
[upd  132 | steps   67584 | t  117.9s | sps   573] ret_mean=0.000 ep_len=500.0 pi_loss=-0.013 v_loss=0.000 ent=3.553 msg_acc=0.000 kl=0.0002
[upd  133 | steps   68096 | t  118.6s | sps   574] ret_mean=0.000 ep_len=500.0 pi_loss=-0.009 v_loss=0.000 ent=3.474 msg_acc=0.000 kl=0.0112
[upd  134 | steps   68608 | t  119.3s | sps   575] ret_mean=0.000 ep_len=500.0 pi_loss=-0.014 v_loss=0.000 ent=3.488 msg_acc=0.000 kl=0.0014
[upd  135 | steps   69120 | t  120.0s | sps   576] ret_mean=0.000 ep_len=500.0 pi_loss=-0.012 v_loss=0.000 ent=3.507 msg_acc=0.000 kl=0.0065
[upd  136 | steps   69632 | t  120.7s | sps   577] ret_mean=0.000 ep_len=500.0 pi_loss=-0.012 v_loss=0.000 ent=3.293 msg_acc=0.000 kl=0.0044
[upd  137 | steps   70144 | t  121.3s | sps   578] ret_mean=0.000 ep_len=500.0 pi_loss=-0.012 v_loss=0.000 ent=3.125 msg_acc=0.000 kl=0.0042
[upd  138 | steps   70656 | t  122.0s | sps   579] ret_mean=0.000 ep_len=500.0 pi_loss=-0.009 v_loss=0.000 ent=3.222 msg_acc=0.000 kl=-0.0016
[upd  139 | steps   71168 | t  122.9s | sps   579] ret_mean=0.000 ep_len=500.0 pi_loss=-0.014 v_loss=0.007 ent=3.251 msg_acc=0.000 kl=0.0208
[upd  140 | steps   71680 | t  123.8s | sps   579] ret_mean=1.500 ep_len=500.0 pi_loss=-0.009 v_loss=0.057 ent=3.135 msg_acc=0.000 kl=0.0071
[upd  141 | steps   72192 | t  124.9s | sps   578] ret_mean=5.500 ep_len=500.0 pi_loss=-0.008 v_loss=0.010 ent=3.277 msg_acc=0.000 kl=0.0051
[upd  142 | steps   72704 | t  127.3s | sps   571] ret_mean=0.000 ep_len=500.0 pi_loss=-0.013 v_loss=0.001 ent=3.289 msg_acc=0.000 kl=0.0104
[upd  143 | steps   73216 | t  128.0s | sps   572] ret_mean=3.000 ep_len=500.0 pi_loss=-0.010 v_loss=0.034 ent=3.333 msg_acc=0.000 kl=0.0015
[upd  144 | steps   73728 | t  128.7s | sps   573] ret_mean=12.500 ep_len=500.0 pi_loss=-0.013 v_loss=0.232 ent=3.345 msg_acc=0.000 kl=0.0140
[upd  145 | steps   74240 | t  129.4s | sps   574] ret_mean=0.000 ep_len=500.0 pi_loss=-0.006 v_loss=0.002 ent=3.234 msg_acc=0.000 kl=0.0001
[upd  146 | steps   74752 | t  130.1s | sps   575] ret_mean=0.000 ep_len=500.0 pi_loss=-0.010 v_loss=0.000 ent=3.273 msg_acc=0.000 kl=0.0022
[upd  147 | steps   75264 | t  130.7s | sps   576] ret_mean=0.000 ep_len=500.0 pi_loss=-0.008 v_loss=0.001 ent=3.346 msg_acc=0.000 kl=0.0018
[upd  148 | steps   75776 | t  131.4s | sps   577] ret_mean=0.000 ep_len=500.0 pi_loss=-0.011 v_loss=0.011 ent=3.322 msg_acc=0.000 kl=-0.0024
[upd  149 | steps   76288 | t  132.0s | sps   578] ret_mean=4.500 ep_len=500.0 pi_loss=-0.005 v_loss=0.015 ent=3.297 msg_acc=0.000 kl=0.0031
[upd  150 | steps   76800 | t  132.8s | sps   578] ret_mean=0.000 ep_len=500.0 pi_loss=-0.014 v_loss=0.000 ent=3.207 msg_acc=0.000 kl=0.0078
        [eval] ret_mean=0.000 ep_len=500.0
[upd  151 | steps   77312 | t  138.9s | sps   557] ret_mean=0.000 ep_len=500.0 pi_loss=-0.010 v_loss=0.001 ent=3.226 msg_acc=0.000 kl=-0.0001
[upd  152 | steps   77824 | t  140.5s | sps   554] ret_mean=11.500 ep_len=500.0 pi_loss=-0.009 v_loss=0.285 ent=3.224 msg_acc=0.000 kl=0.0064
[upd  153 | steps   78336 | t  142.2s | sps   551] ret_mean=7.500 ep_len=500.0 pi_loss=-0.011 v_loss=0.176 ent=3.189 msg_acc=0.000 kl=0.0031
[upd  154 | steps   78848 | t  144.0s | sps   548] ret_mean=1.000 ep_len=500.0 pi_loss=-0.011 v_loss=0.012 ent=2.816 msg_acc=0.000 kl=0.0019
[upd  155 | steps   79360 | t  146.1s | sps   543] ret_mean=1.000 ep_len=500.0 pi_loss=-0.008 v_loss=0.011 ent=2.847 msg_acc=0.000 kl=-0.0030
[upd  156 | steps   79872 | t  147.7s | sps   541] ret_mean=0.500 ep_len=500.0 pi_loss=-0.007 v_loss=0.002 ent=3.233 msg_acc=0.000 kl=0.0009
[upd  157 | steps   80384 | t  149.5s | sps   538] ret_mean=0.000 ep_len=500.0 pi_loss=-0.016 v_loss=0.000 ent=3.120 msg_acc=0.000 kl=0.0109
[upd  158 | steps   80896 | t  151.1s | sps   535] ret_mean=0.000 ep_len=500.0 pi_loss=-0.007 v_loss=0.084 ent=2.956 msg_acc=0.000 kl=0.0022
[upd  159 | steps   81408 | t  152.1s | sps   535] ret_mean=5.000 ep_len=500.0 pi_loss=-0.006 v_loss=0.003 ent=2.584 msg_acc=0.000 kl=0.0037
[upd  160 | steps   81920 | t  153.0s | sps   535] ret_mean=0.000 ep_len=500.0 pi_loss=-0.008 v_loss=0.002 ent=3.059 msg_acc=0.000 kl=0.0078
[upd  161 | steps   82432 | t  153.8s | sps   536] ret_mean=0.000 ep_len=500.0 pi_loss=-0.008 v_loss=0.001 ent=3.006 msg_acc=0.000 kl=0.0063
[upd  162 | steps   82944 | t  154.6s | sps   536] ret_mean=0.000 ep_len=500.0 pi_loss=-0.006 v_loss=0.001 ent=3.052 msg_acc=0.000 kl=0.0031
[upd  163 | steps   83456 | t  155.4s | sps   537] ret_mean=0.000 ep_len=500.0 pi_loss=-0.011 v_loss=0.001 ent=2.926 msg_acc=0.000 kl=0.0049
[upd  164 | steps   83968 | t  156.2s | sps   538] ret_mean=0.000 ep_len=500.0 pi_loss=-0.005 v_loss=0.081 ent=2.801 msg_acc=0.000 kl=0.0007
[upd  165 | steps   84480 | t  157.0s | sps   538] ret_mean=4.500 ep_len=500.0 pi_loss=-0.011 v_loss=0.002 ent=3.115 msg_acc=0.000 kl=0.0111
[upd  166 | steps   84992 | t  157.8s | sps   539] ret_mean=7.500 ep_len=500.0 pi_loss=-0.008 v_loss=0.144 ent=3.069 msg_acc=0.000 kl=0.0039
[upd  167 | steps   85504 | t  158.6s | sps   539] ret_mean=0.000 ep_len=500.0 pi_loss=-0.012 v_loss=0.303 ent=3.065 msg_acc=0.000 kl=0.0121
[upd  168 | steps   86016 | t  159.4s | sps   540] ret_mean=9.500 ep_len=500.0 pi_loss=-0.011 v_loss=0.476 ent=2.974 msg_acc=0.000 kl=0.0009
[upd  169 | steps   86528 | t  160.4s | sps   539] ret_mean=13.000 ep_len=500.0 pi_loss=-0.012 v_loss=0.002 ent=3.198 msg_acc=0.000 kl=0.0110
[upd  170 | steps   87040 | t  161.8s | sps   538] ret_mean=0.000 ep_len=500.0 pi_loss=-0.016 v_loss=0.002 ent=3.178 msg_acc=0.000 kl=0.0069
[upd  171 | steps   87552 | t  163.0s | sps   537] ret_mean=0.000 ep_len=500.0 pi_loss=-0.012 v_loss=0.002 ent=3.211 msg_acc=0.000 kl=0.0029
[upd  172 | steps   88064 | t  163.9s | sps   537] ret_mean=0.000 ep_len=500.0 pi_loss=-0.010 v_loss=0.001 ent=3.289 msg_acc=0.000 kl=0.0052
[upd  173 | steps   88576 | t  164.7s | sps   538] ret_mean=0.000 ep_len=500.0 pi_loss=-0.009 v_loss=0.001 ent=3.121 msg_acc=0.000 kl=0.0063
[upd  174 | steps   89088 | t  165.6s | sps   538] ret_mean=0.000 ep_len=500.0 pi_loss=-0.010 v_loss=0.001 ent=3.166 msg_acc=0.000 kl=-0.0031
[upd  175 | steps   89600 | t  166.4s | sps   539] ret_mean=0.000 ep_len=500.0 pi_loss=-0.009 v_loss=0.000 ent=3.100 msg_acc=0.000 kl=0.0073
[upd  176 | steps   90112 | t  167.2s | sps   539] ret_mean=0.000 ep_len=500.0 pi_loss=-0.010 v_loss=0.000 ent=3.255 msg_acc=0.000 kl=0.0060
[upd  177 | steps   90624 | t  168.0s | sps   539] ret_mean=0.000 ep_len=500.0 pi_loss=-0.007 v_loss=0.001 ent=3.205 msg_acc=0.000 kl=0.0011
[upd  178 | steps   91136 | t  168.8s | sps   540] ret_mean=0.000 ep_len=500.0 pi_loss=-0.014 v_loss=0.001 ent=3.365 msg_acc=0.000 kl=0.0100
[upd  179 | steps   91648 | t  169.6s | sps   540] ret_mean=0.000 ep_len=500.0 pi_loss=-0.006 v_loss=0.187 ent=3.280 msg_acc=0.000 kl=-0.0010
[upd  180 | steps   92160 | t  170.4s | sps   541] ret_mean=12.000 ep_len=500.0 pi_loss=-0.008 v_loss=0.032 ent=3.265 msg_acc=0.000 kl=-0.0026
[upd  181 | steps   92672 | t  171.2s | sps   541] ret_mean=0.000 ep_len=500.0 pi_loss=-0.008 v_loss=0.000 ent=3.298 msg_acc=0.000 kl=0.0086
[upd  182 | steps   93184 | t  172.0s | sps   542] ret_mean=0.000 ep_len=500.0 pi_loss=-0.010 v_loss=0.000 ent=3.309 msg_acc=0.000 kl=0.0055
[upd  183 | steps   93696 | t  172.8s | sps   542] ret_mean=0.000 ep_len=500.0 pi_loss=-0.016 v_loss=0.001 ent=3.134 msg_acc=0.000 kl=0.0071
[upd  184 | steps   94208 | t  173.7s | sps   542] ret_mean=0.000 ep_len=500.0 pi_loss=-0.010 v_loss=0.001 ent=3.003 msg_acc=0.000 kl=0.0128
[upd  185 | steps   94720 | t  174.6s | sps   542] ret_mean=0.000 ep_len=500.0 pi_loss=-0.009 v_loss=0.000 ent=3.398 msg_acc=0.000 kl=0.0047
[upd  186 | steps   95232 | t  175.5s | sps   543] ret_mean=0.000 ep_len=500.0 pi_loss=-0.008 v_loss=0.000 ent=3.421 msg_acc=0.000 kl=0.0040
[upd  187 | steps   95744 | t  176.5s | sps   543] ret_mean=0.000 ep_len=500.0 pi_loss=-0.008 v_loss=0.006 ent=3.344 msg_acc=0.000 kl=-0.0006
[upd  188 | steps   96256 | t  177.4s | sps   543] ret_mean=1.000 ep_len=500.0 pi_loss=-0.010 v_loss=0.001 ent=3.318 msg_acc=0.000 kl=0.0008
[upd  189 | steps   96768 | t  178.2s | sps   543] ret_mean=0.000 ep_len=500.0 pi_loss=-0.009 v_loss=0.066 ent=3.295 msg_acc=0.000 kl=0.0014
[upd  190 | steps   97280 | t  179.1s | sps   543] ret_mean=4.000 ep_len=500.0 pi_loss=-0.010 v_loss=0.001 ent=3.237 msg_acc=0.000 kl=0.0079
[upd  191 | steps   97792 | t  180.1s | sps   543] ret_mean=0.000 ep_len=500.0 pi_loss=-0.010 v_loss=0.002 ent=3.486 msg_acc=0.000 kl=0.0070
[upd  192 | steps   98304 | t  181.0s | sps   543] ret_mean=2.500 ep_len=500.0 pi_loss=-0.010 v_loss=0.079 ent=3.152 msg_acc=0.000 kl=0.0005
[upd  193 | steps   98816 | t  181.9s | sps   543] ret_mean=0.000 ep_len=500.0 pi_loss=-0.014 v_loss=0.001 ent=3.369 msg_acc=0.000 kl=0.0065
[upd  194 | steps   99328 | t  182.8s | sps   543] ret_mean=0.000 ep_len=500.0 pi_loss=-0.010 v_loss=0.001 ent=3.364 msg_acc=0.000 kl=0.0044
[upd  195 | steps   99840 | t  183.7s | sps   543] ret_mean=0.000 ep_len=500.0 pi_loss=-0.013 v_loss=0.000 ent=3.258 msg_acc=0.000 kl=0.0034
[upd  196 | steps  100352 | t  184.6s | sps   544] ret_mean=0.000 ep_len=500.0 pi_loss=-0.011 v_loss=0.001 ent=3.327 msg_acc=0.000 kl=0.0105
[upd  197 | steps  100864 | t  185.5s | sps   544] ret_mean=0.000 ep_len=500.0 pi_loss=-0.016 v_loss=0.000 ent=3.277 msg_acc=0.000 kl=0.0084
[upd  198 | steps  101376 | t  186.4s | sps   544] ret_mean=0.000 ep_len=500.0 pi_loss=-0.012 v_loss=0.000 ent=3.254 msg_acc=0.000 kl=0.0063
[upd  199 | steps  101888 | t  187.5s | sps   543] ret_mean=0.000 ep_len=500.0 pi_loss=-0.015 v_loss=0.000 ent=3.317 msg_acc=0.000 kl=0.0175
[upd  200 | steps  102400 | t  188.5s | sps   543] ret_mean=0.000 ep_len=500.0 pi_loss=-0.013 v_loss=0.002 ent=3.428 msg_acc=0.000 kl=0.0017
        [eval] ret_mean=12.450 ep_len=500.0
