$ /Users/praneelkhiantani/Downloads/cs2860/.venv/bin/python3 -m policies.train --env rware-small-2ag-easy-v2 --seed 2 --updates 200 --rollout 512 --eval-every 50 --eval-episodes 10 --log-dir matrix_results/intent_grounded_v1_pilot/rware-small-2ag-easy-v2 --run-name mappo-intent-aux__baseline__d0__s2 --n-msg-tokens 8 --message-grounding rware-intent --message-grounding-coef 0.2 --shape-rewards --pickup-bonus 0.5

[env] EnvSpec(env_id='rware-small-2ag-easy-v2', n_agents=2, obs_dim=71, n_env_actions=5, noop_action=0, family='rware')  (n_msg_tokens=8)
[cfg] {'clip_range': 0.2, 'value_clip_range': 0.2, 'entropy_coef': 0.01, 'value_coef': 0.5, 'max_grad_norm': 0.5, 'gamma': 0.99, 'gae_lambda': 0.95, 'lr_actor': 0.0003, 'lr_critic': 0.001, 'update_epochs': 4, 'minibatches': 4, 'hidden': 128, 'depth': 2, 'device': 'cpu', 'message_grounding_coef': 0.2, 'extra': {}}
[log] writing to matrix_results/intent_grounded_v1_pilot/rware-small-2ag-easy-v2/mappo-intent-aux__baseline__d0__s2
[upd    1 | steps     512 | t    1.0s | sps   528] ret_mean=0.000 ep_len=500.0 pi_loss=0.003 v_loss=0.084 ent=3.676 msg_acc=0.835 kl=0.0080
[upd    2 | steps    1024 | t    2.7s | sps   382] ret_mean=0.000 ep_len=500.0 pi_loss=-0.001 v_loss=0.025 ent=3.638 msg_acc=0.801 kl=0.0020
[upd    3 | steps    1536 | t    4.3s | sps   357] ret_mean=0.500 ep_len=500.0 pi_loss=-0.000 v_loss=0.012 ent=3.574 msg_acc=0.581 kl=0.0047
[upd    4 | steps    2048 | t    6.4s | sps   322] ret_mean=1.000 ep_len=500.0 pi_loss=0.005 v_loss=0.007 ent=3.503 msg_acc=0.900 kl=0.0259
[upd    5 | steps    2560 | t    8.0s | sps   319] ret_mean=0.000 ep_len=500.0 pi_loss=-0.006 v_loss=0.023 ent=3.281 msg_acc=0.754 kl=0.0248
[upd    6 | steps    3072 | t    8.7s | sps   354] ret_mean=0.000 ep_len=500.0 pi_loss=-0.004 v_loss=0.004 ent=3.480 msg_acc=0.452 kl=0.0097
[upd    7 | steps    3584 | t   10.1s | sps   355] ret_mean=0.000 ep_len=500.0 pi_loss=-0.009 v_loss=0.004 ent=3.418 msg_acc=0.657 kl=0.0278
[upd    8 | steps    4096 | t   12.0s | sps   340] ret_mean=0.000 ep_len=500.0 pi_loss=-0.010 v_loss=0.005 ent=3.415 msg_acc=0.730 kl=0.0063
[upd    9 | steps    4608 | t   13.9s | sps   331] ret_mean=0.500 ep_len=500.0 pi_loss=-0.008 v_loss=0.005 ent=3.335 msg_acc=0.569 kl=0.0111
[upd   10 | steps    5120 | t   15.6s | sps   329] ret_mean=0.000 ep_len=500.0 pi_loss=-0.010 v_loss=0.003 ent=3.244 msg_acc=0.773 kl=0.0184
[upd   11 | steps    5632 | t   16.4s | sps   343] ret_mean=0.500 ep_len=500.0 pi_loss=-0.009 v_loss=0.002 ent=3.218 msg_acc=0.512 kl=0.0099
[upd   12 | steps    6144 | t   18.0s | sps   342] ret_mean=0.000 ep_len=500.0 pi_loss=-0.011 v_loss=0.002 ent=3.073 msg_acc=0.604 kl=0.0081
[upd   13 | steps    6656 | t   19.9s | sps   335] ret_mean=0.000 ep_len=500.0 pi_loss=-0.008 v_loss=0.003 ent=3.237 msg_acc=0.501 kl=0.0123
[upd   14 | steps    7168 | t   21.4s | sps   335] ret_mean=0.000 ep_len=500.0 pi_loss=-0.005 v_loss=0.003 ent=3.069 msg_acc=0.758 kl=-0.0027
[upd   15 | steps    7680 | t   23.1s | sps   333] ret_mean=0.500 ep_len=500.0 pi_loss=-0.015 v_loss=0.001 ent=3.157 msg_acc=0.711 kl=0.0017
[upd   16 | steps    8192 | t   24.7s | sps   332] ret_mean=0.000 ep_len=500.0 pi_loss=-0.007 v_loss=0.001 ent=3.009 msg_acc=0.729 kl=0.0183
[upd   17 | steps    8704 | t   26.2s | sps   332] ret_mean=0.000 ep_len=500.0 pi_loss=-0.006 v_loss=0.001 ent=3.047 msg_acc=0.815 kl=0.0076
[upd   18 | steps    9216 | t   27.8s | sps   332] ret_mean=0.000 ep_len=500.0 pi_loss=-0.008 v_loss=0.001 ent=3.053 msg_acc=0.782 kl=0.0090
[upd   19 | steps    9728 | t   29.0s | sps   336] ret_mean=0.000 ep_len=500.0 pi_loss=-0.007 v_loss=0.001 ent=3.117 msg_acc=0.395 kl=0.0204
[upd   20 | steps   10240 | t   29.6s | sps   346] ret_mean=0.000 ep_len=500.0 pi_loss=-0.009 v_loss=0.001 ent=3.061 msg_acc=0.579 kl=0.0178
[upd   21 | steps   10752 | t   30.3s | sps   355] ret_mean=0.000 ep_len=500.0 pi_loss=-0.014 v_loss=0.000 ent=3.000 msg_acc=0.597 kl=0.0123
[upd   22 | steps   11264 | t   30.9s | sps   364] ret_mean=0.000 ep_len=500.0 pi_loss=-0.015 v_loss=0.001 ent=2.895 msg_acc=0.621 kl=0.0185
[upd   23 | steps   11776 | t   31.6s | sps   373] ret_mean=0.000 ep_len=500.0 pi_loss=-0.010 v_loss=0.001 ent=2.791 msg_acc=0.777 kl=0.0144
[upd   24 | steps   12288 | t   32.3s | sps   381] ret_mean=0.000 ep_len=500.0 pi_loss=-0.003 v_loss=0.001 ent=2.783 msg_acc=0.911 kl=0.0244
[upd   25 | steps   12800 | t   33.0s | sps   388] ret_mean=0.000 ep_len=500.0 pi_loss=-0.012 v_loss=0.003 ent=2.831 msg_acc=0.480 kl=0.0161
[upd   26 | steps   13312 | t   33.7s | sps   395] ret_mean=0.500 ep_len=500.0 pi_loss=-0.007 v_loss=0.001 ent=2.760 msg_acc=0.681 kl=0.0131
[upd   27 | steps   13824 | t   34.3s | sps   402] ret_mean=0.000 ep_len=500.0 pi_loss=-0.006 v_loss=0.003 ent=2.846 msg_acc=0.630 kl=0.0086
[upd   28 | steps   14336 | t   36.7s | sps   391] ret_mean=0.500 ep_len=500.0 pi_loss=-0.001 v_loss=0.004 ent=2.819 msg_acc=0.544 kl=0.0016
[upd   29 | steps   14848 | t   38.1s | sps   390] ret_mean=1.000 ep_len=500.0 pi_loss=-0.006 v_loss=0.009 ent=2.984 msg_acc=0.571 kl=0.0251
[upd   30 | steps   15360 | t   39.0s | sps   394] ret_mean=1.500 ep_len=500.0 pi_loss=-0.005 v_loss=0.003 ent=2.902 msg_acc=0.948 kl=0.0189
[upd   31 | steps   15872 | t   39.8s | sps   399] ret_mean=0.000 ep_len=500.0 pi_loss=-0.008 v_loss=0.006 ent=3.052 msg_acc=0.442 kl=0.0062
[upd   32 | steps   16384 | t   40.4s | sps   405] ret_mean=1.500 ep_len=500.0 pi_loss=-0.012 v_loss=0.001 ent=3.015 msg_acc=0.507 kl=0.0070
[upd   33 | steps   16896 | t   41.0s | sps   412] ret_mean=0.000 ep_len=500.0 pi_loss=-0.009 v_loss=0.001 ent=2.951 msg_acc=0.718 kl=0.0176
[upd   34 | steps   17408 | t   41.7s | sps   417] ret_mean=0.000 ep_len=500.0 pi_loss=-0.008 v_loss=0.003 ent=3.025 msg_acc=0.579 kl=0.0017
[upd   35 | steps   17920 | t   42.4s | sps   422] ret_mean=0.000 ep_len=500.0 pi_loss=-0.012 v_loss=0.001 ent=2.989 msg_acc=0.633 kl=0.0252
[upd   36 | steps   18432 | t   43.1s | sps   427] ret_mean=0.000 ep_len=500.0 pi_loss=-0.005 v_loss=0.016 ent=3.035 msg_acc=0.553 kl=0.0334
[upd   37 | steps   18944 | t   43.8s | sps   433] ret_mean=2.000 ep_len=500.0 pi_loss=-0.005 v_loss=0.002 ent=3.011 msg_acc=0.505 kl=0.0203
[upd   38 | steps   19456 | t   44.4s | sps   439] ret_mean=0.000 ep_len=500.0 pi_loss=-0.008 v_loss=0.007 ent=2.932 msg_acc=0.598 kl=0.0034
[upd   39 | steps   19968 | t   45.0s | sps   444] ret_mean=1.000 ep_len=500.0 pi_loss=-0.012 v_loss=0.017 ent=2.850 msg_acc=0.655 kl=0.0248
[upd   40 | steps   20480 | t   45.7s | sps   448] ret_mean=2.500 ep_len=500.0 pi_loss=-0.004 v_loss=0.001 ent=2.762 msg_acc=0.949 kl=0.0192
[upd   41 | steps   20992 | t   46.5s | sps   452] ret_mean=0.000 ep_len=500.0 pi_loss=0.001 v_loss=0.001 ent=2.840 msg_acc=0.685 kl=0.0104
[upd   42 | steps   21504 | t   47.5s | sps   453] ret_mean=0.000 ep_len=500.0 pi_loss=0.001 v_loss=0.001 ent=2.803 msg_acc=0.399 kl=0.0179
[upd   43 | steps   22016 | t   48.4s | sps   455] ret_mean=1.000 ep_len=500.0 pi_loss=-0.012 v_loss=0.007 ent=2.815 msg_acc=0.480 kl=0.0101
[upd   44 | steps   22528 | t   50.1s | sps   450] ret_mean=0.000 ep_len=500.0 pi_loss=-0.008 v_loss=0.001 ent=2.625 msg_acc=0.799 kl=0.0104
[upd   45 | steps   23040 | t   51.9s | sps   444] ret_mean=0.000 ep_len=500.0 pi_loss=-0.008 v_loss=0.001 ent=2.481 msg_acc=0.900 kl=0.0106
[upd   46 | steps   23552 | t   53.5s | sps   440] ret_mean=1.000 ep_len=500.0 pi_loss=-0.013 v_loss=0.001 ent=2.397 msg_acc=0.908 kl=0.0098
[upd   47 | steps   24064 | t   55.4s | sps   434] ret_mean=0.000 ep_len=500.0 pi_loss=-0.009 v_loss=0.001 ent=2.523 msg_acc=0.764 kl=-0.0030
[upd   48 | steps   24576 | t   58.7s | sps   419] ret_mean=0.000 ep_len=500.0 pi_loss=-0.005 v_loss=0.001 ent=2.185 msg_acc=0.922 kl=0.0098
[upd   49 | steps   25088 | t   61.2s | sps   410] ret_mean=0.000 ep_len=500.0 pi_loss=-0.012 v_loss=0.000 ent=2.619 msg_acc=0.620 kl=0.0001
[upd   50 | steps   25600 | t   63.5s | sps   403] ret_mean=0.000 ep_len=500.0 pi_loss=-0.005 v_loss=0.001 ent=2.384 msg_acc=0.847 kl=0.0095
        [eval] ret_mean=0.000 ep_len=500.0
[upd   51 | steps   26112 | t   78.5s | sps   333] ret_mean=0.000 ep_len=500.0 pi_loss=-0.007 v_loss=0.003 ent=2.289 msg_acc=0.852 kl=0.0199
[upd   52 | steps   26624 | t   80.2s | sps   332] ret_mean=1.000 ep_len=500.0 pi_loss=-0.008 v_loss=0.001 ent=2.508 msg_acc=0.804 kl=0.0087
[upd   53 | steps   27136 | t   81.9s | sps   331] ret_mean=0.000 ep_len=500.0 pi_loss=-0.009 v_loss=0.000 ent=2.596 msg_acc=0.592 kl=0.0074
[upd   54 | steps   27648 | t   83.7s | sps   330] ret_mean=0.000 ep_len=500.0 pi_loss=0.012 v_loss=0.000 ent=2.812 msg_acc=0.356 kl=0.0432
[upd   55 | steps   28160 | t   85.3s | sps   330] ret_mean=0.000 ep_len=500.0 pi_loss=-0.008 v_loss=0.000 ent=2.456 msg_acc=0.827 kl=0.0048
[upd   56 | steps   28672 | t   86.9s | sps   330] ret_mean=0.000 ep_len=500.0 pi_loss=-0.009 v_loss=0.000 ent=2.354 msg_acc=0.873 kl=0.0145
[upd   57 | steps   29184 | t   88.7s | sps   329] ret_mean=0.000 ep_len=500.0 pi_loss=-0.013 v_loss=0.001 ent=2.574 msg_acc=0.697 kl=0.0199
[upd   58 | steps   29696 | t   90.5s | sps   328] ret_mean=0.000 ep_len=500.0 pi_loss=-0.009 v_loss=0.000 ent=2.797 msg_acc=0.588 kl=0.0265
[upd   59 | steps   30208 | t   92.5s | sps   326] ret_mean=0.000 ep_len=500.0 pi_loss=-0.012 v_loss=0.000 ent=2.270 msg_acc=0.847 kl=0.0116
[upd   60 | steps   30720 | t   94.3s | sps   326] ret_mean=0.000 ep_len=500.0 pi_loss=-0.009 v_loss=0.000 ent=2.322 msg_acc=0.886 kl=0.0081
[upd   61 | steps   31232 | t   96.3s | sps   324] ret_mean=0.000 ep_len=500.0 pi_loss=-0.006 v_loss=0.000 ent=2.511 msg_acc=0.849 kl=0.0152
[upd   62 | steps   31744 | t   97.9s | sps   324] ret_mean=0.000 ep_len=500.0 pi_loss=-0.009 v_loss=0.000 ent=2.325 msg_acc=0.754 kl=0.0160
[upd   63 | steps   32256 | t   98.9s | sps   326] ret_mean=0.000 ep_len=500.0 pi_loss=-0.009 v_loss=0.000 ent=2.595 msg_acc=0.604 kl=0.0184
[upd   64 | steps   32768 | t  100.1s | sps   327] ret_mean=0.000 ep_len=500.0 pi_loss=-0.005 v_loss=0.012 ent=2.610 msg_acc=0.623 kl=0.0148
[upd   65 | steps   33280 | t  101.6s | sps   327] ret_mean=6.500 ep_len=500.0 pi_loss=0.010 v_loss=0.065 ent=2.720 msg_acc=0.196 kl=0.0552
[upd   66 | steps   33792 | t  103.3s | sps   327] ret_mean=0.000 ep_len=500.0 pi_loss=-0.003 v_loss=0.001 ent=2.805 msg_acc=0.527 kl=0.0120
[upd   67 | steps   34304 | t  104.1s | sps   329] ret_mean=0.000 ep_len=500.0 pi_loss=0.001 v_loss=0.001 ent=2.430 msg_acc=0.647 kl=0.0074
[upd   68 | steps   34816 | t  104.8s | sps   332] ret_mean=0.500 ep_len=500.0 pi_loss=-0.000 v_loss=0.005 ent=2.748 msg_acc=0.497 kl=-0.0035
[upd   69 | steps   35328 | t  105.5s | sps   335] ret_mean=0.000 ep_len=500.0 pi_loss=-0.015 v_loss=0.001 ent=2.294 msg_acc=0.758 kl=0.0123
[upd   70 | steps   35840 | t  107.2s | sps   334] ret_mean=0.000 ep_len=500.0 pi_loss=-0.011 v_loss=0.001 ent=2.598 msg_acc=0.533 kl=0.0101
[upd   71 | steps   36352 | t  108.9s | sps   334] ret_mean=0.000 ep_len=500.0 pi_loss=-0.008 v_loss=0.000 ent=2.483 msg_acc=0.754 kl=0.0198
[upd   72 | steps   36864 | t  111.0s | sps   332] ret_mean=0.000 ep_len=500.0 pi_loss=-0.015 v_loss=0.001 ent=2.544 msg_acc=0.581 kl=0.0157
[upd   73 | steps   37376 | t  112.3s | sps   333] ret_mean=0.000 ep_len=500.0 pi_loss=-0.010 v_loss=0.000 ent=2.624 msg_acc=0.581 kl=0.0145
[upd   74 | steps   37888 | t  113.1s | sps   335] ret_mean=0.000 ep_len=500.0 pi_loss=-0.009 v_loss=0.000 ent=2.375 msg_acc=0.840 kl=0.0183
[upd   75 | steps   38400 | t  113.7s | sps   338] ret_mean=0.000 ep_len=500.0 pi_loss=-0.012 v_loss=0.000 ent=2.280 msg_acc=0.770 kl=0.0069
[upd   76 | steps   38912 | t  114.7s | sps   339] ret_mean=0.000 ep_len=500.0 pi_loss=-0.013 v_loss=0.000 ent=1.974 msg_acc=0.936 kl=0.0165
[upd   77 | steps   39424 | t  116.6s | sps   338] ret_mean=0.000 ep_len=500.0 pi_loss=-0.011 v_loss=0.000 ent=2.048 msg_acc=0.801 kl=0.0025
[upd   78 | steps   39936 | t  119.5s | sps   334] ret_mean=0.000 ep_len=500.0 pi_loss=-0.009 v_loss=0.000 ent=2.377 msg_acc=0.688 kl=0.0111
[upd   79 | steps   40448 | t  120.2s | sps   337] ret_mean=0.000 ep_len=500.0 pi_loss=-0.003 v_loss=0.000 ent=2.058 msg_acc=0.846 kl=0.0100
[upd   80 | steps   40960 | t  121.0s | sps   338] ret_mean=0.000 ep_len=500.0 pi_loss=-0.012 v_loss=0.000 ent=2.116 msg_acc=0.858 kl=0.0154
[upd   81 | steps   41472 | t  122.0s | sps   340] ret_mean=0.000 ep_len=500.0 pi_loss=0.001 v_loss=0.000 ent=2.305 msg_acc=0.749 kl=0.0157
[upd   82 | steps   41984 | t  123.0s | sps   341] ret_mean=0.000 ep_len=500.0 pi_loss=0.003 v_loss=0.020 ent=2.597 msg_acc=0.428 kl=0.0231
[upd   83 | steps   42496 | t  123.9s | sps   343] ret_mean=3.000 ep_len=500.0 pi_loss=-0.005 v_loss=0.007 ent=1.853 msg_acc=0.876 kl=-0.0014
[upd   84 | steps   43008 | t  124.8s | sps   345] ret_mean=1.500 ep_len=500.0 pi_loss=-0.005 v_loss=0.001 ent=2.366 msg_acc=0.659 kl=0.0381
[upd   85 | steps   43520 | t  125.6s | sps   346] ret_mean=0.000 ep_len=500.0 pi_loss=-0.005 v_loss=0.001 ent=2.087 msg_acc=0.808 kl=0.0124
[upd   86 | steps   44032 | t  126.5s | sps   348] ret_mean=0.000 ep_len=500.0 pi_loss=-0.007 v_loss=0.000 ent=2.065 msg_acc=0.742 kl=0.0082
[upd   87 | steps   44544 | t  127.2s | sps   350] ret_mean=0.000 ep_len=500.0 pi_loss=-0.009 v_loss=0.001 ent=2.066 msg_acc=0.657 kl=0.0161
[upd   88 | steps   45056 | t  127.9s | sps   352] ret_mean=0.000 ep_len=500.0 pi_loss=0.005 v_loss=0.002 ent=2.793 msg_acc=0.250 kl=0.0744
[upd   89 | steps   45568 | t  128.7s | sps   354] ret_mean=0.500 ep_len=500.0 pi_loss=-0.011 v_loss=0.000 ent=2.283 msg_acc=0.726 kl=0.0002
[upd   90 | steps   46080 | t  129.3s | sps   356] ret_mean=0.000 ep_len=500.0 pi_loss=-0.010 v_loss=0.000 ent=2.151 msg_acc=0.883 kl=0.0086
[upd   91 | steps   46592 | t  130.0s | sps   358] ret_mean=0.000 ep_len=500.0 pi_loss=-0.006 v_loss=0.000 ent=2.238 msg_acc=0.883 kl=0.0065
[upd   92 | steps   47104 | t  130.8s | sps   360] ret_mean=0.000 ep_len=500.0 pi_loss=-0.013 v_loss=0.000 ent=2.723 msg_acc=0.674 kl=0.0197
[upd   93 | steps   47616 | t  131.6s | sps   362] ret_mean=1.500 ep_len=500.0 pi_loss=-0.002 v_loss=0.011 ent=2.270 msg_acc=0.548 kl=0.0390
[upd   94 | steps   48128 | t  132.3s | sps   364] ret_mean=0.500 ep_len=500.0 pi_loss=-0.009 v_loss=0.003 ent=2.513 msg_acc=0.898 kl=0.0013
[upd   95 | steps   48640 | t  132.9s | sps   366] ret_mean=0.000 ep_len=500.0 pi_loss=-0.011 v_loss=0.002 ent=2.382 msg_acc=0.799 kl=0.0060
[upd   96 | steps   49152 | t  133.4s | sps   368] ret_mean=0.000 ep_len=500.0 pi_loss=-0.012 v_loss=0.000 ent=1.982 msg_acc=0.969 kl=0.0115
[upd   97 | steps   49664 | t  134.1s | sps   370] ret_mean=0.000 ep_len=500.0 pi_loss=-0.013 v_loss=0.005 ent=2.002 msg_acc=0.894 kl=0.0078
[upd   98 | steps   50176 | t  134.7s | sps   373] ret_mean=1.000 ep_len=500.0 pi_loss=-0.012 v_loss=0.001 ent=2.133 msg_acc=0.918 kl=0.0136
[upd   99 | steps   50688 | t  135.3s | sps   375] ret_mean=0.000 ep_len=500.0 pi_loss=-0.014 v_loss=0.001 ent=2.022 msg_acc=0.827 kl=0.0084
[upd  100 | steps   51200 | t  135.9s | sps   377] ret_mean=0.000 ep_len=500.0 pi_loss=-0.000 v_loss=0.001 ent=2.583 msg_acc=0.847 kl=0.0074
        [eval] ret_mean=0.000 ep_len=500.0
[upd  101 | steps   51712 | t  141.5s | sps   365] ret_mean=0.000 ep_len=500.0 pi_loss=-0.016 v_loss=0.000 ent=2.282 msg_acc=0.885 kl=0.0095
[upd  102 | steps   52224 | t  142.3s | sps   367] ret_mean=0.000 ep_len=500.0 pi_loss=-0.010 v_loss=0.000 ent=2.173 msg_acc=0.752 kl=0.0192
[upd  103 | steps   52736 | t  143.0s | sps   369] ret_mean=1.500 ep_len=500.0 pi_loss=-0.009 v_loss=0.006 ent=2.380 msg_acc=0.692 kl=0.0185
[upd  104 | steps   53248 | t  143.7s | sps   371] ret_mean=0.000 ep_len=500.0 pi_loss=-0.009 v_loss=0.000 ent=2.663 msg_acc=0.674 kl=0.0216
[upd  105 | steps   53760 | t  144.3s | sps   373] ret_mean=0.000 ep_len=500.0 pi_loss=-0.016 v_loss=0.000 ent=2.250 msg_acc=0.748 kl=0.0145
[upd  106 | steps   54272 | t  144.9s | sps   374] ret_mean=1.000 ep_len=500.0 pi_loss=-0.008 v_loss=0.011 ent=2.173 msg_acc=0.729 kl=0.0071
[upd  107 | steps   54784 | t  145.7s | sps   376] ret_mean=1.500 ep_len=500.0 pi_loss=-0.010 v_loss=0.000 ent=2.060 msg_acc=0.839 kl=0.0120
[upd  108 | steps   55296 | t  146.3s | sps   378] ret_mean=0.000 ep_len=500.0 pi_loss=-0.013 v_loss=0.001 ent=2.146 msg_acc=0.783 kl=0.0058
[upd  109 | steps   55808 | t  146.9s | sps   380] ret_mean=0.000 ep_len=500.0 pi_loss=-0.016 v_loss=0.000 ent=2.180 msg_acc=0.812 kl=0.0116
[upd  110 | steps   56320 | t  147.5s | sps   382] ret_mean=0.500 ep_len=500.0 pi_loss=-0.008 v_loss=0.017 ent=2.383 msg_acc=0.602 kl=0.0755
[upd  111 | steps   56832 | t  148.1s | sps   384] ret_mean=2.000 ep_len=500.0 pi_loss=-0.002 v_loss=0.001 ent=2.391 msg_acc=0.878 kl=0.0337
[upd  112 | steps   57344 | t  148.7s | sps   386] ret_mean=2.500 ep_len=500.0 pi_loss=-0.006 v_loss=0.027 ent=2.552 msg_acc=0.643 kl=0.0055
[upd  113 | steps   57856 | t  149.3s | sps   388] ret_mean=0.000 ep_len=500.0 pi_loss=-0.008 v_loss=0.001 ent=2.417 msg_acc=0.646 kl=0.0060
[upd  114 | steps   58368 | t  149.9s | sps   389] ret_mean=0.000 ep_len=500.0 pi_loss=-0.013 v_loss=0.001 ent=2.352 msg_acc=0.665 kl=0.0108
[upd  115 | steps   58880 | t  150.5s | sps   391] ret_mean=0.000 ep_len=500.0 pi_loss=-0.010 v_loss=0.000 ent=2.325 msg_acc=0.694 kl=0.0113
[upd  116 | steps   59392 | t  151.1s | sps   393] ret_mean=0.000 ep_len=500.0 pi_loss=-0.011 v_loss=0.001 ent=2.300 msg_acc=0.688 kl=0.0081
[upd  117 | steps   59904 | t  151.8s | sps   395] ret_mean=0.000 ep_len=500.0 pi_loss=-0.011 v_loss=0.001 ent=2.640 msg_acc=0.807 kl=0.0133
[upd  118 | steps   60416 | t  152.4s | sps   396] ret_mean=0.000 ep_len=500.0 pi_loss=-0.010 v_loss=0.001 ent=2.234 msg_acc=0.785 kl=0.0157
[upd  119 | steps   60928 | t  153.0s | sps   398] ret_mean=0.000 ep_len=500.0 pi_loss=-0.004 v_loss=0.000 ent=2.291 msg_acc=0.743 kl=0.0092
[upd  120 | steps   61440 | t  153.6s | sps   400] ret_mean=0.000 ep_len=500.0 pi_loss=-0.007 v_loss=0.002 ent=2.450 msg_acc=0.573 kl=0.0120
[upd  121 | steps   61952 | t  154.3s | sps   402] ret_mean=1.500 ep_len=500.0 pi_loss=-0.013 v_loss=0.002 ent=2.119 msg_acc=0.625 kl=0.0260
[upd  122 | steps   62464 | t  154.9s | sps   403] ret_mean=0.000 ep_len=500.0 pi_loss=-0.007 v_loss=0.000 ent=2.130 msg_acc=0.881 kl=0.0237
[upd  123 | steps   62976 | t  155.5s | sps   405] ret_mean=0.000 ep_len=500.0 pi_loss=-0.007 v_loss=0.000 ent=2.527 msg_acc=0.764 kl=0.0174
[upd  124 | steps   63488 | t  156.1s | sps   407] ret_mean=0.000 ep_len=500.0 pi_loss=-0.007 v_loss=0.011 ent=2.351 msg_acc=0.580 kl=0.0029
[upd  125 | steps   64000 | t  156.7s | sps   409] ret_mean=1.500 ep_len=500.0 pi_loss=-0.005 v_loss=0.001 ent=2.278 msg_acc=0.998 kl=0.0123
[upd  126 | steps   64512 | t  157.2s | sps   410] ret_mean=0.000 ep_len=500.0 pi_loss=-0.014 v_loss=0.000 ent=2.538 msg_acc=0.642 kl=0.0118
[upd  127 | steps   65024 | t  157.8s | sps   412] ret_mean=0.000 ep_len=500.0 pi_loss=-0.010 v_loss=0.001 ent=2.258 msg_acc=0.638 kl=0.0145
[upd  128 | steps   65536 | t  158.4s | sps   414] ret_mean=0.000 ep_len=500.0 pi_loss=-0.011 v_loss=0.000 ent=2.288 msg_acc=0.759 kl=0.0044
[upd  129 | steps   66048 | t  159.1s | sps   415] ret_mean=0.000 ep_len=500.0 pi_loss=-0.002 v_loss=0.007 ent=2.344 msg_acc=0.587 kl=0.0134
[upd  130 | steps   66560 | t  159.9s | sps   416] ret_mean=1.000 ep_len=500.0 pi_loss=-0.001 v_loss=0.001 ent=2.402 msg_acc=0.352 kl=0.0014
[upd  131 | steps   67072 | t  160.6s | sps   418] ret_mean=0.000 ep_len=500.0 pi_loss=-0.006 v_loss=0.001 ent=2.147 msg_acc=0.550 kl=0.0137
[upd  132 | steps   67584 | t  161.3s | sps   419] ret_mean=0.500 ep_len=500.0 pi_loss=-0.009 v_loss=0.003 ent=2.419 msg_acc=0.615 kl=0.0128
[upd  133 | steps   68096 | t  161.9s | sps   421] ret_mean=1.500 ep_len=500.0 pi_loss=-0.015 v_loss=0.002 ent=2.596 msg_acc=0.583 kl=0.0149
[upd  134 | steps   68608 | t  162.5s | sps   422] ret_mean=0.000 ep_len=500.0 pi_loss=-0.004 v_loss=0.001 ent=2.673 msg_acc=0.431 kl=0.0306
[upd  135 | steps   69120 | t  163.1s | sps   424] ret_mean=0.000 ep_len=500.0 pi_loss=-0.007 v_loss=0.000 ent=2.229 msg_acc=0.620 kl=0.0033
[upd  136 | steps   69632 | t  163.7s | sps   425] ret_mean=0.000 ep_len=500.0 pi_loss=0.003 v_loss=0.001 ent=2.395 msg_acc=0.399 kl=0.0240
[upd  137 | steps   70144 | t  164.2s | sps   427] ret_mean=0.000 ep_len=500.0 pi_loss=-0.011 v_loss=0.000 ent=2.156 msg_acc=0.636 kl=0.0110
[upd  138 | steps   70656 | t  164.8s | sps   429] ret_mean=0.000 ep_len=500.0 pi_loss=-0.007 v_loss=0.000 ent=2.364 msg_acc=0.707 kl=0.0181
[upd  139 | steps   71168 | t  165.5s | sps   430] ret_mean=0.000 ep_len=500.0 pi_loss=-0.011 v_loss=0.002 ent=1.974 msg_acc=0.631 kl=0.0136
[upd  140 | steps   71680 | t  166.1s | sps   432] ret_mean=0.500 ep_len=500.0 pi_loss=-0.006 v_loss=0.000 ent=2.219 msg_acc=0.528 kl=0.0159
[upd  141 | steps   72192 | t  166.7s | sps   433] ret_mean=0.000 ep_len=500.0 pi_loss=-0.008 v_loss=0.000 ent=1.479 msg_acc=0.948 kl=-0.0004
[upd  142 | steps   72704 | t  167.3s | sps   434] ret_mean=0.000 ep_len=500.0 pi_loss=-0.014 v_loss=0.000 ent=1.880 msg_acc=0.731 kl=0.0153
[upd  143 | steps   73216 | t  168.0s | sps   436] ret_mean=1.000 ep_len=500.0 pi_loss=-0.007 v_loss=0.004 ent=2.425 msg_acc=0.568 kl=0.0071
[upd  144 | steps   73728 | t  168.6s | sps   437] ret_mean=0.000 ep_len=500.0 pi_loss=-0.003 v_loss=0.001 ent=2.624 msg_acc=0.333 kl=0.0112
[upd  145 | steps   74240 | t  169.3s | sps   438] ret_mean=0.000 ep_len=500.0 pi_loss=-0.015 v_loss=0.000 ent=2.837 msg_acc=0.381 kl=0.0208
[upd  146 | steps   74752 | t  169.9s | sps   440] ret_mean=0.000 ep_len=500.0 pi_loss=-0.011 v_loss=0.000 ent=2.276 msg_acc=0.694 kl=0.0174
[upd  147 | steps   75264 | t  170.7s | sps   441] ret_mean=0.000 ep_len=500.0 pi_loss=-0.014 v_loss=0.000 ent=2.039 msg_acc=0.669 kl=0.0210
[upd  148 | steps   75776 | t  171.4s | sps   442] ret_mean=0.000 ep_len=500.0 pi_loss=-0.009 v_loss=0.000 ent=1.950 msg_acc=0.727 kl=0.0068
[upd  149 | steps   76288 | t  172.0s | sps   443] ret_mean=1.500 ep_len=500.0 pi_loss=-0.001 v_loss=0.009 ent=2.315 msg_acc=0.448 kl=0.0274
[upd  150 | steps   76800 | t  172.6s | sps   445] ret_mean=0.000 ep_len=500.0 pi_loss=-0.006 v_loss=0.000 ent=2.348 msg_acc=0.760 kl=0.0203
        [eval] ret_mean=0.000 ep_len=500.0
[upd  151 | steps   77312 | t  182.9s | sps   423] ret_mean=0.000 ep_len=500.0 pi_loss=-0.000 v_loss=0.000 ent=2.559 msg_acc=0.867 kl=0.0175
[upd  152 | steps   77824 | t  183.8s | sps   423] ret_mean=1.000 ep_len=500.0 pi_loss=-0.005 v_loss=0.006 ent=2.521 msg_acc=0.507 kl=0.0150
[upd  153 | steps   78336 | t  184.9s | sps   424] ret_mean=8.000 ep_len=500.0 pi_loss=-0.001 v_loss=0.131 ent=2.612 msg_acc=0.216 kl=0.0124
[upd  154 | steps   78848 | t  185.8s | sps   424] ret_mean=0.000 ep_len=500.0 pi_loss=-0.000 v_loss=0.001 ent=2.678 msg_acc=0.431 kl=0.0236
[upd  155 | steps   79360 | t  186.4s | sps   426] ret_mean=0.000 ep_len=500.0 pi_loss=-0.005 v_loss=0.001 ent=2.210 msg_acc=0.484 kl=0.0049
[upd  156 | steps   79872 | t  187.1s | sps   427] ret_mean=0.000 ep_len=500.0 pi_loss=-0.005 v_loss=0.000 ent=2.180 msg_acc=0.829 kl=0.0158
[upd  157 | steps   80384 | t  187.7s | sps   428] ret_mean=0.000 ep_len=500.0 pi_loss=-0.011 v_loss=0.000 ent=2.090 msg_acc=0.760 kl=0.0076
[upd  158 | steps   80896 | t  188.4s | sps   429] ret_mean=0.000 ep_len=500.0 pi_loss=-0.003 v_loss=0.000 ent=2.593 msg_acc=0.610 kl=0.0161
[upd  159 | steps   81408 | t  189.1s | sps   431] ret_mean=0.000 ep_len=500.0 pi_loss=-0.010 v_loss=0.000 ent=2.357 msg_acc=0.504 kl=0.0101
[upd  160 | steps   81920 | t  189.8s | sps   432] ret_mean=0.000 ep_len=500.0 pi_loss=0.001 v_loss=0.048 ent=2.503 msg_acc=0.286 kl=0.0094
[upd  161 | steps   82432 | t  191.4s | sps   431] ret_mean=10.500 ep_len=500.0 pi_loss=-0.005 v_loss=0.092 ent=2.446 msg_acc=0.743 kl=-0.0037
[upd  162 | steps   82944 | t  192.1s | sps   432] ret_mean=0.000 ep_len=500.0 pi_loss=-0.009 v_loss=0.001 ent=2.051 msg_acc=0.756 kl=-0.0023
[upd  163 | steps   83456 | t  192.8s | sps   433] ret_mean=0.000 ep_len=500.0 pi_loss=-0.012 v_loss=0.001 ent=2.319 msg_acc=0.547 kl=0.0128
[upd  164 | steps   83968 | t  193.5s | sps   434] ret_mean=0.000 ep_len=500.0 pi_loss=-0.012 v_loss=0.000 ent=2.458 msg_acc=0.661 kl=0.0010
[upd  165 | steps   84480 | t  194.2s | sps   435] ret_mean=0.000 ep_len=500.0 pi_loss=-0.007 v_loss=0.000 ent=2.255 msg_acc=0.625 kl=0.0133
[upd  166 | steps   84992 | t  195.3s | sps   435] ret_mean=1.000 ep_len=500.0 pi_loss=-0.001 v_loss=0.006 ent=2.064 msg_acc=0.576 kl=0.0193
[upd  167 | steps   85504 | t  198.5s | sps   431] ret_mean=0.000 ep_len=500.0 pi_loss=-0.008 v_loss=0.000 ent=2.253 msg_acc=0.708 kl=0.0122
[upd  168 | steps   86016 | t  201.7s | sps   426] ret_mean=0.000 ep_len=500.0 pi_loss=-0.008 v_loss=0.000 ent=2.367 msg_acc=0.515 kl=0.0236
[upd  169 | steps   86528 | t  202.5s | sps   427] ret_mean=0.000 ep_len=500.0 pi_loss=-0.012 v_loss=0.000 ent=2.123 msg_acc=0.651 kl=0.0049
[upd  170 | steps   87040 | t  203.2s | sps   428] ret_mean=3.000 ep_len=500.0 pi_loss=-0.009 v_loss=0.041 ent=2.207 msg_acc=0.479 kl=0.0087
[upd  171 | steps   87552 | t  204.2s | sps   429] ret_mean=0.000 ep_len=500.0 pi_loss=-0.005 v_loss=0.002 ent=2.105 msg_acc=0.777 kl=0.0119
[upd  172 | steps   88064 | t  204.8s | sps   430] ret_mean=0.000 ep_len=500.0 pi_loss=-0.006 v_loss=0.068 ent=2.257 msg_acc=0.591 kl=0.0052
[upd  173 | steps   88576 | t  205.4s | sps   431] ret_mean=6.000 ep_len=500.0 pi_loss=-0.003 v_loss=0.822 ent=2.326 msg_acc=0.431 kl=0.0069
[upd  174 | steps   89088 | t  206.1s | sps   432] ret_mean=43.000 ep_len=500.0 pi_loss=-0.007 v_loss=0.408 ent=2.339 msg_acc=0.414 kl=0.0038
[upd  175 | steps   89600 | t  206.7s | sps   434] ret_mean=0.000 ep_len=500.0 pi_loss=-0.003 v_loss=0.001 ent=1.921 msg_acc=0.680 kl=0.0087
[upd  176 | steps   90112 | t  207.3s | sps   435] ret_mean=0.000 ep_len=500.0 pi_loss=0.006 v_loss=0.002 ent=2.364 msg_acc=0.420 kl=0.0268
[upd  177 | steps   90624 | t  207.9s | sps   436] ret_mean=0.000 ep_len=500.0 pi_loss=-0.003 v_loss=0.003 ent=2.337 msg_acc=0.641 kl=0.0094
[upd  178 | steps   91136 | t  208.5s | sps   437] ret_mean=0.000 ep_len=500.0 pi_loss=0.002 v_loss=0.004 ent=2.566 msg_acc=0.588 kl=0.0213
[upd  179 | steps   91648 | t  209.1s | sps   438] ret_mean=0.000 ep_len=500.0 pi_loss=-0.005 v_loss=0.002 ent=2.455 msg_acc=0.396 kl=0.0092
[upd  180 | steps   92160 | t  209.8s | sps   439] ret_mean=0.000 ep_len=500.0 pi_loss=-0.009 v_loss=0.002 ent=2.040 msg_acc=0.763 kl=0.0066
[upd  181 | steps   92672 | t  210.4s | sps   440] ret_mean=0.000 ep_len=500.0 pi_loss=-0.007 v_loss=0.001 ent=2.398 msg_acc=0.691 kl=0.0083
[upd  182 | steps   93184 | t  211.0s | sps   442] ret_mean=0.000 ep_len=500.0 pi_loss=-0.008 v_loss=0.000 ent=2.546 msg_acc=0.632 kl=0.0157
[upd  183 | steps   93696 | t  211.6s | sps   443] ret_mean=0.000 ep_len=500.0 pi_loss=-0.010 v_loss=0.001 ent=2.156 msg_acc=0.616 kl=0.0004
[upd  184 | steps   94208 | t  212.2s | sps   444] ret_mean=0.000 ep_len=500.0 pi_loss=-0.003 v_loss=0.001 ent=2.068 msg_acc=0.544 kl=0.0207
[upd  185 | steps   94720 | t  212.8s | sps   445] ret_mean=0.000 ep_len=500.0 pi_loss=-0.003 v_loss=0.000 ent=2.414 msg_acc=0.704 kl=0.0361
[upd  186 | steps   95232 | t  213.4s | sps   446] ret_mean=0.000 ep_len=500.0 pi_loss=-0.015 v_loss=0.000 ent=2.219 msg_acc=0.838 kl=0.0126
[upd  187 | steps   95744 | t  214.0s | sps   447] ret_mean=0.000 ep_len=500.0 pi_loss=-0.008 v_loss=0.000 ent=1.698 msg_acc=0.895 kl=0.0032
[upd  188 | steps   96256 | t  214.6s | sps   449] ret_mean=0.000 ep_len=500.0 pi_loss=-0.001 v_loss=0.000 ent=2.022 msg_acc=0.657 kl=0.0167
[upd  189 | steps   96768 | t  215.2s | sps   450] ret_mean=0.000 ep_len=500.0 pi_loss=-0.009 v_loss=0.000 ent=2.699 msg_acc=0.645 kl=0.0100
[upd  190 | steps   97280 | t  215.8s | sps   451] ret_mean=0.000 ep_len=500.0 pi_loss=-0.011 v_loss=0.000 ent=2.637 msg_acc=0.727 kl=0.0045
[upd  191 | steps   97792 | t  216.4s | sps   452] ret_mean=0.000 ep_len=500.0 pi_loss=-0.008 v_loss=0.000 ent=2.567 msg_acc=0.688 kl=0.0181
[upd  192 | steps   98304 | t  217.0s | sps   453] ret_mean=0.000 ep_len=500.0 pi_loss=-0.012 v_loss=0.000 ent=1.847 msg_acc=0.767 kl=0.0078
[upd  193 | steps   98816 | t  217.6s | sps   454] ret_mean=1.000 ep_len=500.0 pi_loss=-0.009 v_loss=0.001 ent=1.770 msg_acc=0.918 kl=0.0149
[upd  194 | steps   99328 | t  218.2s | sps   455] ret_mean=0.000 ep_len=500.0 pi_loss=-0.006 v_loss=0.000 ent=2.066 msg_acc=0.925 kl=0.0097
[upd  195 | steps   99840 | t  218.7s | sps   456] ret_mean=0.500 ep_len=500.0 pi_loss=-0.005 v_loss=0.002 ent=1.898 msg_acc=0.733 kl=0.0132
[upd  196 | steps  100352 | t  219.3s | sps   457] ret_mean=0.000 ep_len=500.0 pi_loss=-0.013 v_loss=0.000 ent=2.214 msg_acc=0.783 kl=0.0150
[upd  197 | steps  100864 | t  220.1s | sps   458] ret_mean=0.000 ep_len=500.0 pi_loss=-0.009 v_loss=0.009 ent=1.707 msg_acc=0.846 kl=0.0047
[upd  198 | steps  101376 | t  220.8s | sps   459] ret_mean=2.000 ep_len=500.0 pi_loss=-0.013 v_loss=0.000 ent=1.444 msg_acc=0.955 kl=0.0131
[upd  199 | steps  101888 | t  221.4s | sps   460] ret_mean=6.000 ep_len=500.0 pi_loss=-0.013 v_loss=0.099 ent=2.000 msg_acc=0.669 kl=0.0111
[upd  200 | steps  102400 | t  222.0s | sps   461] ret_mean=0.000 ep_len=500.0 pi_loss=0.001 v_loss=0.001 ent=2.392 msg_acc=0.496 kl=0.0089
        [eval] ret_mean=0.000 ep_len=500.0
