$ /Users/praneelkhiantani/Downloads/cs2860/.venv/bin/python3 -m policies.hierarchical.train --env rware-medium-4ag-v2 --episodes 600 --max-steps 500 --eval-every 50 --eval-episodes 10 --seed 0 --heartbeat --heartbeat-delay 30 --heartbeat-max-age-clip 128 --epsilon-start 0.5 --epsilon-end 0.05 --epsilon-decay-episodes 300 --log-dir /Users/praneelkhiantani/Downloads/cs2860/runs/overnight_v1/hrl --run-name hrl__delay-dropout__d30__s0 --dropout --dropout-window-start 200 --dropout-window-end 350

[env] EnvSpec(env_id='rware-medium-4ag-v2', n_agents=4, obs_dim=75, n_env_actions=5, noop_action=0, family='rware')  request_queue_size=4  comm=False
[cfg] alpha=0.3 gamma=0.99 eps=[0.5->0.05] over 300 eps  coop=True comm=False
[hb] heartbeat=True (period=1, delay=30)  dropout=True (agent=None, time=None)
[log] writing to /Users/praneelkhiantani/Downloads/cs2860/runs/overnight_v1/hrl/hrl__delay-dropout__d30__s0
[ep    0 | steps     500 | t    0.1s | sps  3401] ret=1.000 ep_len=500 deliv=1 eps=0.498 |Q|=18
[ep    1 | steps    1000 | t    0.3s | sps  3564] ret=0.000 ep_len=500 deliv=0 eps=0.497 |Q|=36
[ep    2 | steps    1500 | t    0.4s | sps  3394] ret=1.000 ep_len=500 deliv=1 eps=0.495 |Q|=53
[ep    3 | steps    2000 | t    0.6s | sps  3462] ret=0.000 ep_len=500 deliv=0 eps=0.494 |Q|=66
[ep    4 | steps    2500 | t    0.7s | sps  3491] ret=0.000 ep_len=500 deliv=0 eps=0.492 |Q|=74
[ep    5 | steps    3000 | t    0.9s | sps  3501] ret=0.000 ep_len=500 deliv=0 eps=0.491 |Q|=83
[ep    6 | steps    3500 | t    1.0s | sps  3469] ret=0.000 ep_len=500 deliv=0 eps=0.489 |Q|=96
[ep    7 | steps    4000 | t    1.2s | sps  3453] ret=0.000 ep_len=500 deliv=0 eps=0.488 |Q|=109
[ep    8 | steps    4500 | t    1.3s | sps  3433] ret=0.000 ep_len=500 deliv=0 eps=0.486 |Q|=112
[ep    9 | steps    5000 | t    1.5s | sps  3403] ret=0.000 ep_len=500 deliv=0 eps=0.485 |Q|=121
[ep   10 | steps    5500 | t    1.7s | sps  3210] ret=0.000 ep_len=500 deliv=0 eps=0.483 |Q|=138
[ep   11 | steps    6000 | t    1.9s | sps  3221] ret=0.000 ep_len=500 deliv=0 eps=0.482 |Q|=140
[ep   12 | steps    6500 | t    2.0s | sps  3228] ret=0.000 ep_len=500 deliv=0 eps=0.480 |Q|=156
[ep   13 | steps    7000 | t    2.2s | sps  3227] ret=0.000 ep_len=500 deliv=0 eps=0.479 |Q|=163
[ep   14 | steps    7500 | t    2.3s | sps  3232] ret=0.000 ep_len=500 deliv=0 eps=0.477 |Q|=169
[ep   15 | steps    8000 | t    2.5s | sps  3200] ret=1.000 ep_len=500 deliv=1 eps=0.476 |Q|=175
[ep   16 | steps    8500 | t    2.7s | sps  3205] ret=0.000 ep_len=500 deliv=0 eps=0.474 |Q|=183
[ep   17 | steps    9000 | t    2.8s | sps  3190] ret=0.000 ep_len=500 deliv=0 eps=0.473 |Q|=190
[ep   18 | steps    9500 | t    3.0s | sps  3192] ret=0.000 ep_len=500 deliv=0 eps=0.471 |Q|=196
[ep   19 | steps   10000 | t    3.1s | sps  3192] ret=0.000 ep_len=500 deliv=0 eps=0.470 |Q|=200
[ep   20 | steps   10500 | t    3.3s | sps  3201] ret=0.000 ep_len=500 deliv=0 eps=0.468 |Q|=209
[ep   21 | steps   11000 | t    3.4s | sps  3201] ret=0.000 ep_len=500 deliv=0 eps=0.467 |Q|=212
[ep   22 | steps   11500 | t    3.6s | sps  3173] ret=1.000 ep_len=500 deliv=1 eps=0.466 |Q|=223
[ep   23 | steps   12000 | t    3.8s | sps  3178] ret=0.000 ep_len=500 deliv=0 eps=0.464 |Q|=227
[ep   24 | steps   12500 | t    3.9s | sps  3177] ret=0.000 ep_len=500 deliv=0 eps=0.463 |Q|=230
[ep   25 | steps   13000 | t    4.1s | sps  3180] ret=0.000 ep_len=500 deliv=0 eps=0.461 |Q|=235
[ep   26 | steps   13500 | t    4.2s | sps  3181] ret=0.000 ep_len=500 deliv=0 eps=0.460 |Q|=237
[ep   27 | steps   14000 | t    4.4s | sps  3185] ret=0.000 ep_len=500 deliv=0 eps=0.458 |Q|=241
[ep   28 | steps   14500 | t    4.6s | sps  3186] ret=0.000 ep_len=500 deliv=0 eps=0.457 |Q|=245
[ep   29 | steps   15000 | t    4.7s | sps  3193] ret=0.000 ep_len=500 deliv=0 eps=0.455 |Q|=256
[ep   30 | steps   15500 | t    4.9s | sps  3193] ret=0.000 ep_len=500 deliv=0 eps=0.454 |Q|=258
[ep   31 | steps   16000 | t    5.0s | sps  3196] ret=0.000 ep_len=500 deliv=0 eps=0.452 |Q|=266
[ep   32 | steps   16500 | t    5.2s | sps  3197] ret=0.000 ep_len=500 deliv=0 eps=0.451 |Q|=278
[ep   33 | steps   17000 | t    5.3s | sps  3198] ret=0.000 ep_len=500 deliv=0 eps=0.449 |Q|=286
[ep   34 | steps   17500 | t    5.5s | sps  3200] ret=0.000 ep_len=500 deliv=0 eps=0.448 |Q|=294
[ep   35 | steps   18000 | t    5.6s | sps  3202] ret=0.000 ep_len=500 deliv=0 eps=0.446 |Q|=303
[ep   36 | steps   18500 | t    5.8s | sps  3203] ret=0.000 ep_len=500 deliv=0 eps=0.445 |Q|=310
[ep   37 | steps   19000 | t    5.9s | sps  3200] ret=1.000 ep_len=500 deliv=1 eps=0.443 |Q|=326
[ep   38 | steps   19500 | t    6.1s | sps  3200] ret=0.000 ep_len=500 deliv=0 eps=0.442 |Q|=328
[ep   39 | steps   20000 | t    6.3s | sps  3198] ret=0.000 ep_len=500 deliv=0 eps=0.440 |Q|=331
[ep   40 | steps   20500 | t    6.4s | sps  3200] ret=0.000 ep_len=500 deliv=0 eps=0.439 |Q|=338
[ep   41 | steps   21000 | t    6.6s | sps  3198] ret=0.000 ep_len=500 deliv=0 eps=0.437 |Q|=342
[ep   42 | steps   21500 | t    6.7s | sps  3197] ret=0.000 ep_len=500 deliv=0 eps=0.435 |Q|=349
[ep   43 | steps   22000 | t    6.9s | sps  3197] ret=0.000 ep_len=500 deliv=0 eps=0.434 |Q|=352
[ep   44 | steps   22500 | t    7.0s | sps  3198] ret=0.000 ep_len=500 deliv=0 eps=0.432 |Q|=354
[ep   45 | steps   23000 | t    7.2s | sps  3197] ret=0.000 ep_len=500 deliv=0 eps=0.431 |Q|=360
[ep   46 | steps   23500 | t    7.3s | sps  3199] ret=0.000 ep_len=500 deliv=0 eps=0.429 |Q|=362
[ep   47 | steps   24000 | t    7.5s | sps  3199] ret=0.000 ep_len=500 deliv=0 eps=0.428 |Q|=365
[ep   48 | steps   24500 | t    7.7s | sps  3201] ret=0.000 ep_len=500 deliv=0 eps=0.426 |Q|=369
[ep   49 | steps   25000 | t    7.8s | sps  3202] ret=0.000 ep_len=500 deliv=0 eps=0.425 |Q|=372
        [eval] ret_mean=0.200 ep_len=500.0 deliv=0.20
[ep   50 | steps   25500 | t    9.6s | sps  2670] ret=0.000 ep_len=500 deliv=0 eps=0.408 |Q|=407
[ep   51 | steps   26000 | t    9.7s | sps  2677] ret=0.000 ep_len=500 deliv=0 eps=0.407 |Q|=410
[ep   52 | steps   26500 | t    9.9s | sps  2684] ret=0.000 ep_len=500 deliv=0 eps=0.405 |Q|=416
[ep   53 | steps   27000 | t   10.0s | sps  2691] ret=0.000 ep_len=500 deliv=0 eps=0.404 |Q|=416
[ep   54 | steps   27500 | t   10.2s | sps  2699] ret=0.000 ep_len=500 deliv=0 eps=0.402 |Q|=423
[ep   55 | steps   28000 | t   10.3s | sps  2707] ret=0.000 ep_len=500 deliv=0 eps=0.401 |Q|=427
[ep   56 | steps   28500 | t   10.5s | sps  2715] ret=0.000 ep_len=500 deliv=0 eps=0.399 |Q|=430
[ep   57 | steps   29000 | t   10.7s | sps  2722] ret=0.000 ep_len=500 deliv=0 eps=0.398 |Q|=435
[ep   58 | steps   29500 | t   10.8s | sps  2729] ret=0.000 ep_len=500 deliv=0 eps=0.396 |Q|=436
[ep   59 | steps   30000 | t   11.0s | sps  2736] ret=0.000 ep_len=500 deliv=0 eps=0.395 |Q|=438
[ep   60 | steps   30500 | t   11.1s | sps  2742] ret=0.000 ep_len=500 deliv=0 eps=0.394 |Q|=440
[ep   61 | steps   31000 | t   11.3s | sps  2741] ret=1.000 ep_len=500 deliv=1 eps=0.392 |Q|=446
[ep   62 | steps   31500 | t   11.5s | sps  2746] ret=0.000 ep_len=500 deliv=0 eps=0.390 |Q|=448
[ep   63 | steps   32000 | t   11.6s | sps  2753] ret=0.000 ep_len=500 deliv=0 eps=0.389 |Q|=449
[ep   64 | steps   32500 | t   11.8s | sps  2756] ret=1.000 ep_len=500 deliv=1 eps=0.388 |Q|=453
[ep   65 | steps   33000 | t   12.0s | sps  2761] ret=0.000 ep_len=500 deliv=0 eps=0.386 |Q|=455
[ep   66 | steps   33500 | t   12.1s | sps  2766] ret=0.000 ep_len=500 deliv=0 eps=0.385 |Q|=455
[ep   67 | steps   34000 | t   12.3s | sps  2771] ret=0.000 ep_len=500 deliv=0 eps=0.383 |Q|=458
[ep   68 | steps   34500 | t   12.4s | sps  2776] ret=0.000 ep_len=500 deliv=0 eps=0.382 |Q|=460
[ep   69 | steps   35000 | t   12.6s | sps  2780] ret=0.000 ep_len=500 deliv=0 eps=0.380 |Q|=460
[ep   70 | steps   35500 | t   12.7s | sps  2785] ret=0.000 ep_len=500 deliv=0 eps=0.379 |Q|=461
[ep   71 | steps   36000 | t   12.9s | sps  2784] ret=1.000 ep_len=500 deliv=1 eps=0.377 |Q|=462
[ep   72 | steps   36500 | t   13.1s | sps  2788] ret=0.000 ep_len=500 deliv=0 eps=0.376 |Q|=463
[ep   73 | steps   37000 | t   13.2s | sps  2793] ret=0.000 ep_len=500 deliv=0 eps=0.374 |Q|=465
[ep   74 | steps   37500 | t   13.4s | sps  2792] ret=1.000 ep_len=500 deliv=1 eps=0.372 |Q|=473
[ep   75 | steps   38000 | t   13.6s | sps  2795] ret=0.000 ep_len=500 deliv=0 eps=0.371 |Q|=476
[ep   76 | steps   38500 | t   13.8s | sps  2800] ret=0.000 ep_len=500 deliv=0 eps=0.369 |Q|=476
[ep   77 | steps   39000 | t   13.9s | sps  2804] ret=0.000 ep_len=500 deliv=0 eps=0.368 |Q|=477
[ep   78 | steps   39500 | t   14.1s | sps  2808] ret=0.000 ep_len=500 deliv=0 eps=0.366 |Q|=477
[ep   79 | steps   40000 | t   14.3s | sps  2803] ret=0.000 ep_len=500 deliv=0 eps=0.365 |Q|=484
[ep   80 | steps   40500 | t   14.4s | sps  2807] ret=0.000 ep_len=500 deliv=0 eps=0.363 |Q|=489
[ep   81 | steps   41000 | t   14.6s | sps  2811] ret=0.000 ep_len=500 deliv=0 eps=0.362 |Q|=490
[ep   82 | steps   41500 | t   14.7s | sps  2814] ret=0.000 ep_len=500 deliv=0 eps=0.360 |Q|=490
[ep   83 | steps   42000 | t   14.9s | sps  2818] ret=0.000 ep_len=500 deliv=0 eps=0.359 |Q|=493
[ep   84 | steps   42500 | t   15.1s | sps  2822] ret=0.000 ep_len=500 deliv=0 eps=0.358 |Q|=494
[ep   85 | steps   43000 | t   15.2s | sps  2826] ret=0.000 ep_len=500 deliv=0 eps=0.356 |Q|=494
[ep   86 | steps   43500 | t   15.4s | sps  2829] ret=0.000 ep_len=500 deliv=0 eps=0.355 |Q|=495
[ep   87 | steps   44000 | t   15.5s | sps  2833] ret=0.000 ep_len=500 deliv=0 eps=0.353 |Q|=498
[ep   88 | steps   44500 | t   15.7s | sps  2836] ret=0.000 ep_len=500 deliv=0 eps=0.351 |Q|=501
[ep   89 | steps   45000 | t   15.9s | sps  2839] ret=0.000 ep_len=500 deliv=0 eps=0.350 |Q|=506
[ep   90 | steps   45500 | t   16.0s | sps  2842] ret=0.000 ep_len=500 deliv=0 eps=0.349 |Q|=507
[ep   91 | steps   46000 | t   16.2s | sps  2844] ret=0.000 ep_len=500 deliv=0 eps=0.347 |Q|=508
[ep   92 | steps   46500 | t   16.3s | sps  2848] ret=0.000 ep_len=500 deliv=0 eps=0.346 |Q|=509
[ep   93 | steps   47000 | t   16.5s | sps  2850] ret=1.000 ep_len=500 deliv=1 eps=0.344 |Q|=512
[ep   94 | steps   47500 | t   16.7s | sps  2847] ret=0.000 ep_len=500 deliv=0 eps=0.343 |Q|=512
[ep   95 | steps   48000 | t   16.8s | sps  2850] ret=0.000 ep_len=500 deliv=0 eps=0.341 |Q|=516
[ep   96 | steps   48500 | t   17.0s | sps  2854] ret=0.000 ep_len=500 deliv=0 eps=0.340 |Q|=516
[ep   97 | steps   49000 | t   17.2s | sps  2857] ret=0.000 ep_len=500 deliv=0 eps=0.338 |Q|=518
[ep   98 | steps   49500 | t   17.3s | sps  2860] ret=0.000 ep_len=500 deliv=0 eps=0.337 |Q|=520
[ep   99 | steps   50000 | t   17.5s | sps  2863] ret=0.000 ep_len=500 deliv=0 eps=0.335 |Q|=521
        [eval] ret_mean=0.000 ep_len=500.0 deliv=0.00
[ep  100 | steps   50500 | t   19.2s | sps  2629] ret=0.000 ep_len=500 deliv=0 eps=0.319 |Q|=540
[ep  101 | steps   51000 | t   19.4s | sps  2633] ret=0.000 ep_len=500 deliv=0 eps=0.317 |Q|=541
[ep  102 | steps   51500 | t   19.5s | sps  2639] ret=0.000 ep_len=500 deliv=0 eps=0.316 |Q|=544
[ep  103 | steps   52000 | t   19.7s | sps  2643] ret=0.000 ep_len=500 deliv=0 eps=0.314 |Q|=544
[ep  104 | steps   52500 | t   19.8s | sps  2648] ret=0.000 ep_len=500 deliv=0 eps=0.312 |Q|=545
[ep  105 | steps   53000 | t   20.0s | sps  2652] ret=0.000 ep_len=500 deliv=0 eps=0.311 |Q|=546
[ep  106 | steps   53500 | t   20.1s | sps  2656] ret=0.000 ep_len=500 deliv=0 eps=0.309 |Q|=550
[ep  107 | steps   54000 | t   20.3s | sps  2660] ret=0.000 ep_len=500 deliv=0 eps=0.308 |Q|=551
[ep  108 | steps   54500 | t   20.5s | sps  2664] ret=0.000 ep_len=500 deliv=0 eps=0.306 |Q|=555
[ep  109 | steps   55000 | t   20.6s | sps  2668] ret=0.000 ep_len=500 deliv=0 eps=0.305 |Q|=557
[ep  110 | steps   55500 | t   20.8s | sps  2669] ret=1.000 ep_len=500 deliv=1 eps=0.303 |Q|=570
[ep  111 | steps   56000 | t   21.0s | sps  2673] ret=0.000 ep_len=500 deliv=0 eps=0.302 |Q|=574
[ep  112 | steps   56500 | t   21.1s | sps  2676] ret=0.000 ep_len=500 deliv=0 eps=0.300 |Q|=577
[ep  113 | steps   57000 | t   21.3s | sps  2676] ret=1.000 ep_len=500 deliv=1 eps=0.299 |Q|=582
[ep  114 | steps   57500 | t   21.5s | sps  2679] ret=0.000 ep_len=500 deliv=0 eps=0.297 |Q|=582
[ep  115 | steps   58000 | t   21.6s | sps  2682] ret=0.000 ep_len=500 deliv=0 eps=0.296 |Q|=584
[ep  116 | steps   58500 | t   21.8s | sps  2686] ret=0.000 ep_len=500 deliv=0 eps=0.294 |Q|=585
[ep  117 | steps   59000 | t   21.9s | sps  2689] ret=0.000 ep_len=500 deliv=0 eps=0.293 |Q|=589
[ep  118 | steps   59500 | t   22.1s | sps  2689] ret=1.000 ep_len=500 deliv=1 eps=0.291 |Q|=592
[ep  119 | steps   60000 | t   22.3s | sps  2693] ret=0.000 ep_len=500 deliv=0 eps=0.290 |Q|=593
[ep  120 | steps   60500 | t   22.5s | sps  2692] ret=1.000 ep_len=500 deliv=1 eps=0.288 |Q|=597
[ep  121 | steps   61000 | t   22.6s | sps  2695] ret=0.000 ep_len=500 deliv=0 eps=0.287 |Q|=597
[ep  122 | steps   61500 | t   22.8s | sps  2700] ret=0.000 ep_len=500 deliv=0 eps=0.285 |Q|=601
[ep  123 | steps   62000 | t   22.9s | sps  2702] ret=0.000 ep_len=500 deliv=0 eps=0.284 |Q|=602
[ep  124 | steps   62500 | t   23.1s | sps  2703] ret=1.000 ep_len=500 deliv=1 eps=0.282 |Q|=608
[ep  125 | steps   63000 | t   23.3s | sps  2705] ret=0.000 ep_len=500 deliv=0 eps=0.281 |Q|=609
[ep  126 | steps   63500 | t   23.4s | sps  2709] ret=0.000 ep_len=500 deliv=0 eps=0.279 |Q|=612
[ep  127 | steps   64000 | t   23.6s | sps  2711] ret=0.000 ep_len=500 deliv=0 eps=0.278 |Q|=616
[ep  128 | steps   64500 | t   23.8s | sps  2715] ret=0.000 ep_len=500 deliv=0 eps=0.276 |Q|=620
[ep  129 | steps   65000 | t   23.9s | sps  2718] ret=0.000 ep_len=500 deliv=0 eps=0.275 |Q|=624
[ep  130 | steps   65500 | t   24.1s | sps  2719] ret=1.000 ep_len=500 deliv=1 eps=0.274 |Q|=628
[ep  131 | steps   66000 | t   24.3s | sps  2721] ret=0.000 ep_len=500 deliv=0 eps=0.272 |Q|=629
[ep  132 | steps   66500 | t   24.4s | sps  2724] ret=0.000 ep_len=500 deliv=0 eps=0.270 |Q|=630
[ep  133 | steps   67000 | t   24.6s | sps  2725] ret=1.000 ep_len=500 deliv=1 eps=0.269 |Q|=634
[ep  134 | steps   67500 | t   24.7s | sps  2728] ret=0.000 ep_len=500 deliv=0 eps=0.267 |Q|=637
[ep  135 | steps   68000 | t   24.9s | sps  2730] ret=0.000 ep_len=500 deliv=0 eps=0.266 |Q|=638
[ep  136 | steps   68500 | t   25.1s | sps  2733] ret=0.000 ep_len=500 deliv=0 eps=0.265 |Q|=640
[ep  137 | steps   69000 | t   25.2s | sps  2736] ret=0.000 ep_len=500 deliv=0 eps=0.263 |Q|=641
[ep  138 | steps   69500 | t   25.4s | sps  2738] ret=0.000 ep_len=500 deliv=0 eps=0.261 |Q|=642
[ep  139 | steps   70000 | t   25.5s | sps  2741] ret=0.000 ep_len=500 deliv=0 eps=0.260 |Q|=643
[ep  140 | steps   70500 | t   25.7s | sps  2743] ret=0.000 ep_len=500 deliv=0 eps=0.259 |Q|=645
[ep  141 | steps   71000 | t   25.8s | sps  2747] ret=0.000 ep_len=500 deliv=0 eps=0.257 |Q|=649
[ep  142 | steps   71500 | t   26.0s | sps  2750] ret=0.000 ep_len=500 deliv=0 eps=0.256 |Q|=651
[ep  143 | steps   72000 | t   26.2s | sps  2753] ret=0.000 ep_len=500 deliv=0 eps=0.254 |Q|=654
[ep  144 | steps   72500 | t   26.3s | sps  2755] ret=0.000 ep_len=500 deliv=0 eps=0.252 |Q|=655
[ep  145 | steps   73000 | t   26.5s | sps  2758] ret=0.000 ep_len=500 deliv=0 eps=0.251 |Q|=657
[ep  146 | steps   73500 | t   26.6s | sps  2760] ret=0.000 ep_len=500 deliv=0 eps=0.249 |Q|=661
[ep  147 | steps   74000 | t   26.8s | sps  2763] ret=0.000 ep_len=500 deliv=0 eps=0.248 |Q|=661
[ep  148 | steps   74500 | t   26.9s | sps  2765] ret=0.000 ep_len=500 deliv=0 eps=0.246 |Q|=661
[ep  149 | steps   75000 | t   27.1s | sps  2767] ret=0.000 ep_len=500 deliv=0 eps=0.245 |Q|=662
        [eval] ret_mean=0.000 ep_len=500.0 deliv=0.00
[ep  150 | steps   75500 | t   28.9s | sps  2617] ret=0.000 ep_len=500 deliv=0 eps=0.228 |Q|=677
[ep  151 | steps   76000 | t   29.0s | sps  2620] ret=0.000 ep_len=500 deliv=0 eps=0.227 |Q|=677
[ep  152 | steps   76500 | t   29.2s | sps  2623] ret=0.000 ep_len=500 deliv=0 eps=0.225 |Q|=679
[ep  153 | steps   77000 | t   29.3s | sps  2625] ret=0.000 ep_len=500 deliv=0 eps=0.224 |Q|=679
[ep  154 | steps   77500 | t   29.5s | sps  2627] ret=1.000 ep_len=500 deliv=1 eps=0.222 |Q|=680
[ep  155 | steps   78000 | t   29.7s | sps  2629] ret=0.000 ep_len=500 deliv=0 eps=0.221 |Q|=680
[ep  156 | steps   78500 | t   29.8s | sps  2632] ret=0.000 ep_len=500 deliv=0 eps=0.220 |Q|=681
[ep  157 | steps   79000 | t   30.0s | sps  2634] ret=0.000 ep_len=500 deliv=0 eps=0.218 |Q|=681
[ep  158 | steps   79500 | t   30.2s | sps  2636] ret=0.000 ep_len=500 deliv=0 eps=0.216 |Q|=681
[ep  159 | steps   80000 | t   30.3s | sps  2638] ret=0.000 ep_len=500 deliv=0 eps=0.215 |Q|=681
[ep  160 | steps   80500 | t   30.5s | sps  2640] ret=0.000 ep_len=500 deliv=0 eps=0.213 |Q|=684
[ep  161 | steps   81000 | t   30.7s | sps  2642] ret=0.000 ep_len=500 deliv=0 eps=0.212 |Q|=687
[ep  162 | steps   81500 | t   30.8s | sps  2645] ret=0.000 ep_len=500 deliv=0 eps=0.211 |Q|=689
[ep  163 | steps   82000 | t   31.0s | sps  2647] ret=0.000 ep_len=500 deliv=0 eps=0.209 |Q|=690
[ep  164 | steps   82500 | t   31.1s | sps  2650] ret=0.000 ep_len=500 deliv=0 eps=0.207 |Q|=690
[ep  165 | steps   83000 | t   31.3s | sps  2652] ret=0.000 ep_len=500 deliv=0 eps=0.206 |Q|=691
[ep  166 | steps   83500 | t   31.5s | sps  2654] ret=0.000 ep_len=500 deliv=0 eps=0.205 |Q|=691
[ep  167 | steps   84000 | t   31.6s | sps  2656] ret=0.000 ep_len=500 deliv=0 eps=0.203 |Q|=691
[ep  168 | steps   84500 | t   31.8s | sps  2659] ret=0.000 ep_len=500 deliv=0 eps=0.202 |Q|=692
[ep  169 | steps   85000 | t   31.9s | sps  2661] ret=0.000 ep_len=500 deliv=0 eps=0.200 |Q|=692
[ep  170 | steps   85500 | t   32.1s | sps  2663] ret=0.000 ep_len=500 deliv=0 eps=0.198 |Q|=694
[ep  171 | steps   86000 | t   32.3s | sps  2665] ret=0.000 ep_len=500 deliv=0 eps=0.197 |Q|=695
[ep  172 | steps   86500 | t   32.4s | sps  2667] ret=0.000 ep_len=500 deliv=0 eps=0.196 |Q|=696
[ep  173 | steps   87000 | t   32.6s | sps  2669] ret=0.000 ep_len=500 deliv=0 eps=0.194 |Q|=696
[ep  174 | steps   87500 | t   32.8s | sps  2671] ret=0.000 ep_len=500 deliv=0 eps=0.193 |Q|=696
[ep  175 | steps   88000 | t   32.9s | sps  2674] ret=0.000 ep_len=500 deliv=0 eps=0.191 |Q|=697
[ep  176 | steps   88500 | t   33.1s | sps  2676] ret=0.000 ep_len=500 deliv=0 eps=0.190 |Q|=697
[ep  177 | steps   89000 | t   33.2s | sps  2678] ret=0.000 ep_len=500 deliv=0 eps=0.188 |Q|=697
[ep  178 | steps   89500 | t   33.4s | sps  2680] ret=0.000 ep_len=500 deliv=0 eps=0.186 |Q|=699
[ep  179 | steps   90000 | t   33.6s | sps  2682] ret=0.000 ep_len=500 deliv=0 eps=0.185 |Q|=700
[ep  180 | steps   90500 | t   33.7s | sps  2682] ret=1.000 ep_len=500 deliv=1 eps=0.183 |Q|=701
[ep  181 | steps   91000 | t   33.9s | sps  2684] ret=0.000 ep_len=500 deliv=0 eps=0.182 |Q|=701
[ep  182 | steps   91500 | t   34.1s | sps  2686] ret=0.000 ep_len=500 deliv=0 eps=0.180 |Q|=701
[ep  183 | steps   92000 | t   34.2s | sps  2688] ret=0.000 ep_len=500 deliv=0 eps=0.179 |Q|=702
[ep  184 | steps   92500 | t   34.4s | sps  2690] ret=0.000 ep_len=500 deliv=0 eps=0.177 |Q|=702
[ep  185 | steps   93000 | t   34.6s | sps  2692] ret=0.000 ep_len=500 deliv=0 eps=0.176 |Q|=703
[ep  186 | steps   93500 | t   34.7s | sps  2691] ret=1.000 ep_len=500 deliv=1 eps=0.174 |Q|=706
[ep  187 | steps   94000 | t   34.9s | sps  2694] ret=0.000 ep_len=500 deliv=0 eps=0.173 |Q|=711
[ep  188 | steps   94500 | t   35.1s | sps  2696] ret=0.000 ep_len=500 deliv=0 eps=0.171 |Q|=712
[ep  189 | steps   95000 | t   35.2s | sps  2697] ret=0.000 ep_len=500 deliv=0 eps=0.170 |Q|=712
[ep  190 | steps   95500 | t   35.4s | sps  2699] ret=0.000 ep_len=500 deliv=0 eps=0.168 |Q|=712
[ep  191 | steps   96000 | t   35.5s | sps  2701] ret=0.000 ep_len=500 deliv=0 eps=0.167 |Q|=712
[ep  192 | steps   96500 | t   35.7s | sps  2703] ret=0.000 ep_len=500 deliv=0 eps=0.166 |Q|=712
[ep  193 | steps   97000 | t   35.9s | sps  2705] ret=0.000 ep_len=500 deliv=0 eps=0.164 |Q|=713
[ep  194 | steps   97500 | t   36.0s | sps  2706] ret=0.000 ep_len=500 deliv=0 eps=0.162 |Q|=717
[ep  195 | steps   98000 | t   36.2s | sps  2708] ret=0.000 ep_len=500 deliv=0 eps=0.161 |Q|=721
[ep  196 | steps   98500 | t   36.3s | sps  2710] ret=1.000 ep_len=500 deliv=1 eps=0.159 |Q|=722
[ep  197 | steps   99000 | t   36.5s | sps  2710] ret=1.000 ep_len=500 deliv=1 eps=0.158 |Q|=725
[ep  198 | steps   99500 | t   36.7s | sps  2711] ret=0.000 ep_len=500 deliv=0 eps=0.157 |Q|=725
[ep  199 | steps  100000 | t   36.9s | sps  2712] ret=1.000 ep_len=500 deliv=1 eps=0.155 |Q|=729
        [eval] ret_mean=0.000 ep_len=500.0 deliv=0.00
[ep  200 | steps  100500 | t   38.6s | sps  2601] ret=1.000 ep_len=500 deliv=1 eps=0.139 |Q|=750
[ep  201 | steps  101000 | t   38.8s | sps  2603] ret=0.000 ep_len=500 deliv=0 eps=0.137 |Q|=750
[ep  202 | steps  101500 | t   39.0s | sps  2605] ret=0.000 ep_len=500 deliv=0 eps=0.135 |Q|=750
[ep  203 | steps  102000 | t   39.1s | sps  2607] ret=0.000 ep_len=500 deliv=0 eps=0.134 |Q|=751
[ep  204 | steps  102500 | t   39.3s | sps  2609] ret=0.000 ep_len=500 deliv=0 eps=0.133 |Q|=753
[ep  205 | steps  103000 | t   39.5s | sps  2611] ret=0.000 ep_len=500 deliv=0 eps=0.131 |Q|=753
[ep  206 | steps  103500 | t   39.6s | sps  2612] ret=0.000 ep_len=500 deliv=0 eps=0.130 |Q|=753
[ep  207 | steps  104000 | t   39.8s | sps  2614] ret=0.000 ep_len=500 deliv=0 eps=0.128 |Q|=754
[ep  208 | steps  104500 | t   40.0s | sps  2616] ret=0.000 ep_len=500 deliv=0 eps=0.127 |Q|=756
[ep  209 | steps  105000 | t   40.1s | sps  2617] ret=0.000 ep_len=500 deliv=0 eps=0.125 |Q|=758
[ep  210 | steps  105500 | t   40.3s | sps  2619] ret=0.000 ep_len=500 deliv=0 eps=0.123 |Q|=758
[ep  211 | steps  106000 | t   40.5s | sps  2619] ret=1.000 ep_len=500 deliv=1 eps=0.122 |Q|=762
[ep  212 | steps  106500 | t   40.7s | sps  2617] ret=0.000 ep_len=500 deliv=0 eps=0.120 |Q|=762
[ep  213 | steps  107000 | t   40.9s | sps  2618] ret=0.000 ep_len=500 deliv=0 eps=0.119 |Q|=762
[ep  214 | steps  107500 | t   41.0s | sps  2620] ret=0.000 ep_len=500 deliv=0 eps=0.117 |Q|=762
[ep  215 | steps  108000 | t   41.2s | sps  2621] ret=0.000 ep_len=500 deliv=0 eps=0.116 |Q|=762
[ep  216 | steps  108500 | t   41.4s | sps  2623] ret=0.000 ep_len=500 deliv=0 eps=0.114 |Q|=762
[ep  217 | steps  109000 | t   41.5s | sps  2625] ret=0.000 ep_len=500 deliv=0 eps=0.113 |Q|=763
[ep  218 | steps  109500 | t   41.7s | sps  2626] ret=0.000 ep_len=500 deliv=0 eps=0.111 |Q|=764
[ep  219 | steps  110000 | t   41.9s | sps  2628] ret=0.000 ep_len=500 deliv=0 eps=0.110 |Q|=764
[ep  220 | steps  110500 | t   42.0s | sps  2630] ret=0.000 ep_len=500 deliv=0 eps=0.108 |Q|=765
[ep  221 | steps  111000 | t   42.2s | sps  2631] ret=0.000 ep_len=500 deliv=0 eps=0.107 |Q|=765
[ep  222 | steps  111500 | t   42.3s | sps  2633] ret=0.000 ep_len=500 deliv=0 eps=0.105 |Q|=768
[ep  223 | steps  112000 | t   42.5s | sps  2635] ret=0.000 ep_len=500 deliv=0 eps=0.104 |Q|=770
[ep  224 | steps  112500 | t   42.7s | sps  2636] ret=0.000 ep_len=500 deliv=0 eps=0.102 |Q|=772
[ep  225 | steps  113000 | t   42.8s | sps  2637] ret=0.000 ep_len=500 deliv=0 eps=0.101 |Q|=772
[ep  226 | steps  113500 | t   43.0s | sps  2638] ret=0.000 ep_len=500 deliv=0 eps=0.099 |Q|=773
[ep  227 | steps  114000 | t   43.2s | sps  2640] ret=0.000 ep_len=500 deliv=0 eps=0.098 |Q|=775
[ep  228 | steps  114500 | t   43.4s | sps  2640] ret=0.000 ep_len=500 deliv=0 eps=0.097 |Q|=780
[ep  229 | steps  115000 | t   43.5s | sps  2641] ret=0.000 ep_len=500 deliv=0 eps=0.095 |Q|=780
[ep  230 | steps  115500 | t   43.7s | sps  2642] ret=0.000 ep_len=500 deliv=0 eps=0.093 |Q|=780
[ep  231 | steps  116000 | t   43.9s | sps  2642] ret=0.000 ep_len=500 deliv=0 eps=0.092 |Q|=780
[ep  232 | steps  116500 | t   44.1s | sps  2643] ret=0.000 ep_len=500 deliv=0 eps=0.090 |Q|=783
[ep  233 | steps  117000 | t   44.3s | sps  2643] ret=0.000 ep_len=500 deliv=0 eps=0.089 |Q|=783
[ep  234 | steps  117500 | t   44.4s | sps  2643] ret=0.000 ep_len=500 deliv=0 eps=0.088 |Q|=784
[ep  235 | steps  118000 | t   44.6s | sps  2644] ret=0.000 ep_len=500 deliv=0 eps=0.086 |Q|=784
[ep  236 | steps  118500 | t   44.8s | sps  2645] ret=0.000 ep_len=500 deliv=0 eps=0.084 |Q|=784
[ep  237 | steps  119000 | t   45.0s | sps  2645] ret=0.000 ep_len=500 deliv=0 eps=0.083 |Q|=784
[ep  238 | steps  119500 | t   45.2s | sps  2645] ret=0.000 ep_len=500 deliv=0 eps=0.081 |Q|=785
[ep  239 | steps  120000 | t   45.4s | sps  2646] ret=0.000 ep_len=500 deliv=0 eps=0.080 |Q|=785
[ep  240 | steps  120500 | t   45.5s | sps  2647] ret=0.000 ep_len=500 deliv=0 eps=0.079 |Q|=786
[ep  241 | steps  121000 | t   45.7s | sps  2647] ret=0.000 ep_len=500 deliv=0 eps=0.077 |Q|=786
[ep  242 | steps  121500 | t   45.9s | sps  2647] ret=0.000 ep_len=500 deliv=0 eps=0.075 |Q|=786
[ep  243 | steps  122000 | t   46.1s | sps  2647] ret=0.000 ep_len=500 deliv=0 eps=0.074 |Q|=786
[ep  244 | steps  122500 | t   46.3s | sps  2645] ret=0.000 ep_len=500 deliv=0 eps=0.073 |Q|=789
[ep  245 | steps  123000 | t   46.5s | sps  2646] ret=0.000 ep_len=500 deliv=0 eps=0.071 |Q|=789
[ep  246 | steps  123500 | t   46.7s | sps  2646] ret=0.000 ep_len=500 deliv=0 eps=0.070 |Q|=789
[ep  247 | steps  124000 | t   46.9s | sps  2646] ret=0.000 ep_len=500 deliv=0 eps=0.068 |Q|=791
[ep  248 | steps  124500 | t   47.0s | sps  2647] ret=0.000 ep_len=500 deliv=0 eps=0.066 |Q|=793
[ep  249 | steps  125000 | t   47.2s | sps  2646] ret=1.000 ep_len=500 deliv=1 eps=0.065 |Q|=796
        [eval] ret_mean=0.100 ep_len=500.0 deliv=0.10
[ep  250 | steps  125500 | t   49.3s | sps  2547] ret=0.000 ep_len=500 deliv=0 eps=0.050 |Q|=807
[ep  251 | steps  126000 | t   49.5s | sps  2547] ret=0.000 ep_len=500 deliv=0 eps=0.050 |Q|=807
[ep  252 | steps  126500 | t   49.6s | sps  2548] ret=0.000 ep_len=500 deliv=0 eps=0.050 |Q|=807
[ep  253 | steps  127000 | t   49.8s | sps  2548] ret=0.000 ep_len=500 deliv=0 eps=0.050 |Q|=810
[ep  254 | steps  127500 | t   50.0s | sps  2549] ret=0.000 ep_len=500 deliv=0 eps=0.050 |Q|=810
[ep  255 | steps  128000 | t   50.2s | sps  2550] ret=0.000 ep_len=500 deliv=0 eps=0.050 |Q|=812
[ep  256 | steps  128500 | t   50.4s | sps  2550] ret=0.000 ep_len=500 deliv=0 eps=0.050 |Q|=812
[ep  257 | steps  129000 | t   50.6s | sps  2551] ret=0.000 ep_len=500 deliv=0 eps=0.050 |Q|=814
[ep  258 | steps  129500 | t   50.8s | sps  2551] ret=0.000 ep_len=500 deliv=0 eps=0.050 |Q|=814
[ep  259 | steps  130000 | t   50.9s | sps  2552] ret=0.000 ep_len=500 deliv=0 eps=0.050 |Q|=814
[ep  260 | steps  130500 | t   51.1s | sps  2552] ret=0.000 ep_len=500 deliv=0 eps=0.050 |Q|=814
[ep  261 | steps  131000 | t   51.3s | sps  2553] ret=0.000 ep_len=500 deliv=0 eps=0.050 |Q|=815
[ep  262 | steps  131500 | t   51.5s | sps  2554] ret=0.000 ep_len=500 deliv=0 eps=0.050 |Q|=817
[ep  263 | steps  132000 | t   51.7s | sps  2555] ret=0.000 ep_len=500 deliv=0 eps=0.050 |Q|=817
[ep  264 | steps  132500 | t   51.8s | sps  2556] ret=0.000 ep_len=500 deliv=0 eps=0.050 |Q|=817
[ep  265 | steps  133000 | t   52.0s | sps  2556] ret=1.000 ep_len=500 deliv=1 eps=0.050 |Q|=822
[ep  266 | steps  133500 | t   52.2s | sps  2557] ret=0.000 ep_len=500 deliv=0 eps=0.050 |Q|=823
[ep  267 | steps  134000 | t   52.4s | sps  2557] ret=0.000 ep_len=500 deliv=0 eps=0.050 |Q|=823
[ep  268 | steps  134500 | t   52.6s | sps  2558] ret=0.000 ep_len=500 deliv=0 eps=0.050 |Q|=823
[ep  269 | steps  135000 | t   52.8s | sps  2559] ret=0.000 ep_len=500 deliv=0 eps=0.050 |Q|=823
[ep  270 | steps  135500 | t   52.9s | sps  2560] ret=0.000 ep_len=500 deliv=0 eps=0.050 |Q|=823
[ep  271 | steps  136000 | t   53.1s | sps  2560] ret=0.000 ep_len=500 deliv=0 eps=0.050 |Q|=823
[ep  272 | steps  136500 | t   53.3s | sps  2561] ret=0.000 ep_len=500 deliv=0 eps=0.050 |Q|=823
[ep  273 | steps  137000 | t   53.5s | sps  2562] ret=0.000 ep_len=500 deliv=0 eps=0.050 |Q|=823
[ep  274 | steps  137500 | t   53.7s | sps  2559] ret=0.000 ep_len=500 deliv=0 eps=0.050 |Q|=824
[ep  275 | steps  138000 | t   53.9s | sps  2560] ret=0.000 ep_len=500 deliv=0 eps=0.050 |Q|=824
[ep  276 | steps  138500 | t   54.1s | sps  2561] ret=0.000 ep_len=500 deliv=0 eps=0.050 |Q|=825
[ep  277 | steps  139000 | t   54.3s | sps  2562] ret=0.000 ep_len=500 deliv=0 eps=0.050 |Q|=825
[ep  278 | steps  139500 | t   54.4s | sps  2562] ret=0.000 ep_len=500 deliv=0 eps=0.050 |Q|=825
[ep  279 | steps  140000 | t   54.6s | sps  2563] ret=0.000 ep_len=500 deliv=0 eps=0.050 |Q|=825
[ep  280 | steps  140500 | t   54.8s | sps  2562] ret=1.000 ep_len=500 deliv=1 eps=0.050 |Q|=827
[ep  281 | steps  141000 | t   55.0s | sps  2563] ret=0.000 ep_len=500 deliv=0 eps=0.050 |Q|=827
[ep  282 | steps  141500 | t   55.2s | sps  2564] ret=0.000 ep_len=500 deliv=0 eps=0.050 |Q|=828
[ep  283 | steps  142000 | t   55.4s | sps  2565] ret=0.000 ep_len=500 deliv=0 eps=0.050 |Q|=828
[ep  284 | steps  142500 | t   55.5s | sps  2566] ret=0.000 ep_len=500 deliv=0 eps=0.050 |Q|=828
[ep  285 | steps  143000 | t   55.7s | sps  2567] ret=0.000 ep_len=500 deliv=0 eps=0.050 |Q|=828
[ep  286 | steps  143500 | t   55.9s | sps  2568] ret=0.000 ep_len=500 deliv=0 eps=0.050 |Q|=829
[ep  287 | steps  144000 | t   56.1s | sps  2568] ret=0.000 ep_len=500 deliv=0 eps=0.050 |Q|=829
[ep  288 | steps  144500 | t   56.2s | sps  2569] ret=0.000 ep_len=500 deliv=0 eps=0.050 |Q|=829
[ep  289 | steps  145000 | t   56.4s | sps  2570] ret=0.000 ep_len=500 deliv=0 eps=0.050 |Q|=829
[ep  290 | steps  145500 | t   56.6s | sps  2572] ret=0.000 ep_len=500 deliv=0 eps=0.050 |Q|=829
[ep  291 | steps  146000 | t   56.8s | sps  2572] ret=1.000 ep_len=500 deliv=1 eps=0.050 |Q|=831
[ep  292 | steps  146500 | t   56.9s | sps  2573] ret=0.000 ep_len=500 deliv=0 eps=0.050 |Q|=831
[ep  293 | steps  147000 | t   57.1s | sps  2573] ret=0.000 ep_len=500 deliv=0 eps=0.050 |Q|=832
[ep  294 | steps  147500 | t   57.3s | sps  2574] ret=0.000 ep_len=500 deliv=0 eps=0.050 |Q|=833
[ep  295 | steps  148000 | t   57.5s | sps  2575] ret=0.000 ep_len=500 deliv=0 eps=0.050 |Q|=833
[ep  296 | steps  148500 | t   57.6s | sps  2576] ret=0.000 ep_len=500 deliv=0 eps=0.050 |Q|=835
[ep  297 | steps  149000 | t   57.8s | sps  2578] ret=0.000 ep_len=500 deliv=0 eps=0.050 |Q|=836
[ep  298 | steps  149500 | t   58.0s | sps  2579] ret=0.000 ep_len=500 deliv=0 eps=0.050 |Q|=836
[ep  299 | steps  150000 | t   58.1s | sps  2580] ret=0.000 ep_len=500 deliv=0 eps=0.050 |Q|=836
        [eval] ret_mean=0.000 ep_len=500.0 deliv=0.00
[ep  300 | steps  150500 | t   60.0s | sps  2509] ret=0.000 ep_len=500 deliv=0 eps=0.050 |Q|=846
[ep  301 | steps  151000 | t   60.1s | sps  2510] ret=0.000 ep_len=500 deliv=0 eps=0.050 |Q|=846
[ep  302 | steps  151500 | t   60.3s | sps  2512] ret=0.000 ep_len=500 deliv=0 eps=0.050 |Q|=846
[ep  303 | steps  152000 | t   60.5s | sps  2513] ret=0.000 ep_len=500 deliv=0 eps=0.050 |Q|=846
[ep  304 | steps  152500 | t   60.6s | sps  2515] ret=0.000 ep_len=500 deliv=0 eps=0.050 |Q|=847
[ep  305 | steps  153000 | t   60.8s | sps  2516] ret=0.000 ep_len=500 deliv=0 eps=0.050 |Q|=847
[ep  306 | steps  153500 | t   61.0s | sps  2517] ret=1.000 ep_len=500 deliv=1 eps=0.050 |Q|=849
[ep  307 | steps  154000 | t   61.2s | sps  2518] ret=0.000 ep_len=500 deliv=0 eps=0.050 |Q|=849
[ep  308 | steps  154500 | t   61.3s | sps  2519] ret=0.000 ep_len=500 deliv=0 eps=0.050 |Q|=849
[ep  309 | steps  155000 | t   61.5s | sps  2520] ret=1.000 ep_len=500 deliv=1 eps=0.050 |Q|=850
[ep  310 | steps  155500 | t   61.7s | sps  2521] ret=0.000 ep_len=500 deliv=0 eps=0.050 |Q|=850
[ep  311 | steps  156000 | t   61.8s | sps  2523] ret=0.000 ep_len=500 deliv=0 eps=0.050 |Q|=850
[ep  312 | steps  156500 | t   62.0s | sps  2524] ret=0.000 ep_len=500 deliv=0 eps=0.050 |Q|=850
[ep  313 | steps  157000 | t   62.2s | sps  2526] ret=0.000 ep_len=500 deliv=0 eps=0.050 |Q|=850
[ep  314 | steps  157500 | t   62.3s | sps  2527] ret=0.000 ep_len=500 deliv=0 eps=0.050 |Q|=850
[ep  315 | steps  158000 | t   62.5s | sps  2528] ret=0.000 ep_len=500 deliv=0 eps=0.050 |Q|=850
[ep  316 | steps  158500 | t   62.7s | sps  2529] ret=0.000 ep_len=500 deliv=0 eps=0.050 |Q|=850
[ep  317 | steps  159000 | t   62.8s | sps  2531] ret=0.000 ep_len=500 deliv=0 eps=0.050 |Q|=850
[ep  318 | steps  159500 | t   63.0s | sps  2530] ret=2.000 ep_len=500 deliv=2 eps=0.050 |Q|=852
[ep  319 | steps  160000 | t   63.2s | sps  2530] ret=1.000 ep_len=500 deliv=1 eps=0.050 |Q|=853
[ep  320 | steps  160500 | t   63.4s | sps  2531] ret=0.000 ep_len=500 deliv=0 eps=0.050 |Q|=853
[ep  321 | steps  161000 | t   63.6s | sps  2533] ret=0.000 ep_len=500 deliv=0 eps=0.050 |Q|=853
[ep  322 | steps  161500 | t   63.7s | sps  2534] ret=0.000 ep_len=500 deliv=0 eps=0.050 |Q|=853
[ep  323 | steps  162000 | t   63.9s | sps  2536] ret=0.000 ep_len=500 deliv=0 eps=0.050 |Q|=853
[ep  324 | steps  162500 | t   64.1s | sps  2537] ret=0.000 ep_len=500 deliv=0 eps=0.050 |Q|=853
[ep  325 | steps  163000 | t   64.2s | sps  2538] ret=0.000 ep_len=500 deliv=0 eps=0.050 |Q|=853
[ep  326 | steps  163500 | t   64.4s | sps  2540] ret=0.000 ep_len=500 deliv=0 eps=0.050 |Q|=853
[ep  327 | steps  164000 | t   64.5s | sps  2541] ret=0.000 ep_len=500 deliv=0 eps=0.050 |Q|=853
[ep  328 | steps  164500 | t   64.7s | sps  2542] ret=0.000 ep_len=500 deliv=0 eps=0.050 |Q|=853
[ep  329 | steps  165000 | t   64.9s | sps  2543] ret=0.000 ep_len=500 deliv=0 eps=0.050 |Q|=853
[ep  330 | steps  165500 | t   65.0s | sps  2545] ret=0.000 ep_len=500 deliv=0 eps=0.050 |Q|=853
[ep  331 | steps  166000 | t   65.2s | sps  2546] ret=0.000 ep_len=500 deliv=0 eps=0.050 |Q|=853
[ep  332 | steps  166500 | t   65.4s | sps  2547] ret=0.000 ep_len=500 deliv=0 eps=0.050 |Q|=853
[ep  333 | steps  167000 | t   65.5s | sps  2548] ret=0.000 ep_len=500 deliv=0 eps=0.050 |Q|=853
[ep  334 | steps  167500 | t   65.7s | sps  2550] ret=0.000 ep_len=500 deliv=0 eps=0.050 |Q|=853
[ep  335 | steps  168000 | t   65.9s | sps  2551] ret=0.000 ep_len=500 deliv=0 eps=0.050 |Q|=853
[ep  336 | steps  168500 | t   66.0s | sps  2552] ret=0.000 ep_len=500 deliv=0 eps=0.050 |Q|=853
[ep  337 | steps  169000 | t   66.2s | sps  2554] ret=0.000 ep_len=500 deliv=0 eps=0.050 |Q|=854
[ep  338 | steps  169500 | t   66.3s | sps  2555] ret=0.000 ep_len=500 deliv=0 eps=0.050 |Q|=854
[ep  339 | steps  170000 | t   66.5s | sps  2555] ret=1.000 ep_len=500 deliv=1 eps=0.050 |Q|=858
[ep  340 | steps  170500 | t   66.8s | sps  2554] ret=0.000 ep_len=500 deliv=0 eps=0.050 |Q|=858
[ep  341 | steps  171000 | t   66.9s | sps  2555] ret=0.000 ep_len=500 deliv=0 eps=0.050 |Q|=858
[ep  342 | steps  171500 | t   67.1s | sps  2556] ret=0.000 ep_len=500 deliv=0 eps=0.050 |Q|=858
[ep  343 | steps  172000 | t   67.3s | sps  2557] ret=0.000 ep_len=500 deliv=0 eps=0.050 |Q|=858
[ep  344 | steps  172500 | t   67.4s | sps  2559] ret=0.000 ep_len=500 deliv=0 eps=0.050 |Q|=858
[ep  345 | steps  173000 | t   67.6s | sps  2560] ret=0.000 ep_len=500 deliv=0 eps=0.050 |Q|=858
[ep  346 | steps  173500 | t   67.8s | sps  2561] ret=0.000 ep_len=500 deliv=0 eps=0.050 |Q|=858
[ep  347 | steps  174000 | t   67.9s | sps  2562] ret=0.000 ep_len=500 deliv=0 eps=0.050 |Q|=858
[ep  348 | steps  174500 | t   68.1s | sps  2563] ret=0.000 ep_len=500 deliv=0 eps=0.050 |Q|=858
[ep  349 | steps  175000 | t   68.3s | sps  2564] ret=0.000 ep_len=500 deliv=0 eps=0.050 |Q|=859
        [eval] ret_mean=0.000 ep_len=500.0 deliv=0.00
[ep  350 | steps  175500 | t   70.0s | sps  2507] ret=0.000 ep_len=500 deliv=0 eps=0.050 |Q|=862
[ep  351 | steps  176000 | t   70.2s | sps  2508] ret=0.000 ep_len=500 deliv=0 eps=0.050 |Q|=862
[ep  352 | steps  176500 | t   70.3s | sps  2509] ret=0.000 ep_len=500 deliv=0 eps=0.050 |Q|=862
[ep  353 | steps  177000 | t   70.5s | sps  2511] ret=0.000 ep_len=500 deliv=0 eps=0.050 |Q|=862
[ep  354 | steps  177500 | t   70.7s | sps  2512] ret=0.000 ep_len=500 deliv=0 eps=0.050 |Q|=863
[ep  355 | steps  178000 | t   70.8s | sps  2513] ret=0.000 ep_len=500 deliv=0 eps=0.050 |Q|=863
[ep  356 | steps  178500 | t   71.0s | sps  2515] ret=0.000 ep_len=500 deliv=0 eps=0.050 |Q|=865
[ep  357 | steps  179000 | t   71.1s | sps  2516] ret=0.000 ep_len=500 deliv=0 eps=0.050 |Q|=865
[ep  358 | steps  179500 | t   71.3s | sps  2517] ret=0.000 ep_len=500 deliv=0 eps=0.050 |Q|=865
[ep  359 | steps  180000 | t   71.5s | sps  2519] ret=0.000 ep_len=500 deliv=0 eps=0.050 |Q|=865
[ep  360 | steps  180500 | t   71.6s | sps  2520] ret=0.000 ep_len=500 deliv=0 eps=0.050 |Q|=866
[ep  361 | steps  181000 | t   71.8s | sps  2521] ret=0.000 ep_len=500 deliv=0 eps=0.050 |Q|=866
[ep  362 | steps  181500 | t   72.0s | sps  2522] ret=0.000 ep_len=500 deliv=0 eps=0.050 |Q|=867
[ep  363 | steps  182000 | t   72.1s | sps  2523] ret=1.000 ep_len=500 deliv=1 eps=0.050 |Q|=867
[ep  364 | steps  182500 | t   72.3s | sps  2523] ret=1.000 ep_len=500 deliv=1 eps=0.050 |Q|=870
[ep  365 | steps  183000 | t   72.5s | sps  2524] ret=0.000 ep_len=500 deliv=0 eps=0.050 |Q|=871
[ep  366 | steps  183500 | t   72.7s | sps  2525] ret=0.000 ep_len=500 deliv=0 eps=0.050 |Q|=871
[ep  367 | steps  184000 | t   72.8s | sps  2526] ret=1.000 ep_len=500 deliv=1 eps=0.050 |Q|=872
[ep  368 | steps  184500 | t   73.0s | sps  2527] ret=0.000 ep_len=500 deliv=0 eps=0.050 |Q|=872
[ep  369 | steps  185000 | t   73.2s | sps  2528] ret=0.000 ep_len=500 deliv=0 eps=0.050 |Q|=873
[ep  370 | steps  185500 | t   73.3s | sps  2529] ret=0.000 ep_len=500 deliv=0 eps=0.050 |Q|=873
[ep  371 | steps  186000 | t   73.5s | sps  2530] ret=0.000 ep_len=500 deliv=0 eps=0.050 |Q|=873
[ep  372 | steps  186500 | t   73.7s | sps  2532] ret=0.000 ep_len=500 deliv=0 eps=0.050 |Q|=873
[ep  373 | steps  187000 | t   73.8s | sps  2532] ret=0.000 ep_len=500 deliv=0 eps=0.050 |Q|=877
[ep  374 | steps  187500 | t   74.0s | sps  2534] ret=0.000 ep_len=500 deliv=0 eps=0.050 |Q|=877
[ep  375 | steps  188000 | t   74.2s | sps  2535] ret=0.000 ep_len=500 deliv=0 eps=0.050 |Q|=877
[ep  376 | steps  188500 | t   74.3s | sps  2536] ret=0.000 ep_len=500 deliv=0 eps=0.050 |Q|=880
[ep  377 | steps  189000 | t   74.5s | sps  2537] ret=0.000 ep_len=500 deliv=0 eps=0.050 |Q|=880
[ep  378 | steps  189500 | t   74.7s | sps  2538] ret=0.000 ep_len=500 deliv=0 eps=0.050 |Q|=880
[ep  379 | steps  190000 | t   74.8s | sps  2539] ret=0.000 ep_len=500 deliv=0 eps=0.050 |Q|=880
[ep  380 | steps  190500 | t   75.0s | sps  2540] ret=0.000 ep_len=500 deliv=0 eps=0.050 |Q|=881
[ep  381 | steps  191000 | t   75.2s | sps  2541] ret=0.000 ep_len=500 deliv=0 eps=0.050 |Q|=881
[ep  382 | steps  191500 | t   75.3s | sps  2542] ret=0.000 ep_len=500 deliv=0 eps=0.050 |Q|=881
[ep  383 | steps  192000 | t   75.5s | sps  2543] ret=0.000 ep_len=500 deliv=0 eps=0.050 |Q|=882
[ep  384 | steps  192500 | t   75.7s | sps  2544] ret=0.000 ep_len=500 deliv=0 eps=0.050 |Q|=883
[ep  385 | steps  193000 | t   75.8s | sps  2545] ret=0.000 ep_len=500 deliv=0 eps=0.050 |Q|=885
[ep  386 | steps  193500 | t   76.0s | sps  2546] ret=0.000 ep_len=500 deliv=0 eps=0.050 |Q|=885
[ep  387 | steps  194000 | t   76.2s | sps  2547] ret=0.000 ep_len=500 deliv=0 eps=0.050 |Q|=887
[ep  388 | steps  194500 | t   76.3s | sps  2548] ret=0.000 ep_len=500 deliv=0 eps=0.050 |Q|=887
[ep  389 | steps  195000 | t   76.5s | sps  2549] ret=0.000 ep_len=500 deliv=0 eps=0.050 |Q|=887
[ep  390 | steps  195500 | t   76.7s | sps  2550] ret=0.000 ep_len=500 deliv=0 eps=0.050 |Q|=887
[ep  391 | steps  196000 | t   76.8s | sps  2551] ret=0.000 ep_len=500 deliv=0 eps=0.050 |Q|=887
[ep  392 | steps  196500 | t   77.0s | sps  2552] ret=0.000 ep_len=500 deliv=0 eps=0.050 |Q|=887
[ep  393 | steps  197000 | t   77.2s | sps  2553] ret=0.000 ep_len=500 deliv=0 eps=0.050 |Q|=887
[ep  394 | steps  197500 | t   77.3s | sps  2554] ret=0.000 ep_len=500 deliv=0 eps=0.050 |Q|=889
[ep  395 | steps  198000 | t   77.6s | sps  2553] ret=1.000 ep_len=500 deliv=1 eps=0.050 |Q|=895
[ep  396 | steps  198500 | t   77.7s | sps  2553] ret=0.000 ep_len=500 deliv=0 eps=0.050 |Q|=895
[ep  397 | steps  199000 | t   77.9s | sps  2554] ret=0.000 ep_len=500 deliv=0 eps=0.050 |Q|=896
[ep  398 | steps  199500 | t   78.1s | sps  2555] ret=0.000 ep_len=500 deliv=0 eps=0.050 |Q|=898
[ep  399 | steps  200000 | t   78.2s | sps  2556] ret=0.000 ep_len=500 deliv=0 eps=0.050 |Q|=899
        [eval] ret_mean=0.100 ep_len=500.0 deliv=0.10
[ep  400 | steps  200500 | t   80.1s | sps  2503] ret=0.000 ep_len=500 deliv=0 eps=0.050 |Q|=906
[ep  401 | steps  201000 | t   80.3s | sps  2504] ret=0.000 ep_len=500 deliv=0 eps=0.050 |Q|=906
[ep  402 | steps  201500 | t   80.4s | sps  2505] ret=0.000 ep_len=500 deliv=0 eps=0.050 |Q|=906
[ep  403 | steps  202000 | t   80.6s | sps  2506] ret=0.000 ep_len=500 deliv=0 eps=0.050 |Q|=906
[ep  404 | steps  202500 | t   80.8s | sps  2507] ret=0.000 ep_len=500 deliv=0 eps=0.050 |Q|=906
[ep  405 | steps  203000 | t   81.0s | sps  2508] ret=0.000 ep_len=500 deliv=0 eps=0.050 |Q|=907
[ep  406 | steps  203500 | t   81.1s | sps  2509] ret=0.000 ep_len=500 deliv=0 eps=0.050 |Q|=908
[ep  407 | steps  204000 | t   81.3s | sps  2509] ret=0.000 ep_len=500 deliv=0 eps=0.050 |Q|=908
[ep  408 | steps  204500 | t   81.5s | sps  2510] ret=0.000 ep_len=500 deliv=0 eps=0.050 |Q|=908
[ep  409 | steps  205000 | t   81.6s | sps  2511] ret=0.000 ep_len=500 deliv=0 eps=0.050 |Q|=908
[ep  410 | steps  205500 | t   81.8s | sps  2511] ret=1.000 ep_len=500 deliv=1 eps=0.050 |Q|=909
[ep  411 | steps  206000 | t   82.0s | sps  2512] ret=0.000 ep_len=500 deliv=0 eps=0.050 |Q|=909
[ep  412 | steps  206500 | t   82.2s | sps  2513] ret=0.000 ep_len=500 deliv=0 eps=0.050 |Q|=910
[ep  413 | steps  207000 | t   82.3s | sps  2514] ret=0.000 ep_len=500 deliv=0 eps=0.050 |Q|=910
[ep  414 | steps  207500 | t   82.5s | sps  2515] ret=0.000 ep_len=500 deliv=0 eps=0.050 |Q|=910
[ep  415 | steps  208000 | t   82.7s | sps  2516] ret=0.000 ep_len=500 deliv=0 eps=0.050 |Q|=910
[ep  416 | steps  208500 | t   82.9s | sps  2517] ret=0.000 ep_len=500 deliv=0 eps=0.050 |Q|=910
[ep  417 | steps  209000 | t   83.0s | sps  2517] ret=1.000 ep_len=500 deliv=1 eps=0.050 |Q|=912
[ep  418 | steps  209500 | t   83.2s | sps  2518] ret=0.000 ep_len=500 deliv=0 eps=0.050 |Q|=914
[ep  419 | steps  210000 | t   83.4s | sps  2519] ret=0.000 ep_len=500 deliv=0 eps=0.050 |Q|=914
[ep  420 | steps  210500 | t   83.6s | sps  2519] ret=0.000 ep_len=500 deliv=0 eps=0.050 |Q|=915
[ep  421 | steps  211000 | t   83.7s | sps  2520] ret=0.000 ep_len=500 deliv=0 eps=0.050 |Q|=916
[ep  422 | steps  211500 | t   83.9s | sps  2521] ret=0.000 ep_len=500 deliv=0 eps=0.050 |Q|=916
[ep  423 | steps  212000 | t   84.1s | sps  2521] ret=1.000 ep_len=500 deliv=1 eps=0.050 |Q|=918
[ep  424 | steps  212500 | t   84.3s | sps  2522] ret=0.000 ep_len=500 deliv=0 eps=0.050 |Q|=918
[ep  425 | steps  213000 | t   84.4s | sps  2523] ret=0.000 ep_len=500 deliv=0 eps=0.050 |Q|=918
[ep  426 | steps  213500 | t   84.6s | sps  2524] ret=0.000 ep_len=500 deliv=0 eps=0.050 |Q|=918
[ep  427 | steps  214000 | t   84.8s | sps  2525] ret=0.000 ep_len=500 deliv=0 eps=0.050 |Q|=918
[ep  428 | steps  214500 | t   84.9s | sps  2526] ret=0.000 ep_len=500 deliv=0 eps=0.050 |Q|=918
[ep  429 | steps  215000 | t   85.1s | sps  2526] ret=1.000 ep_len=500 deliv=1 eps=0.050 |Q|=920
[ep  430 | steps  215500 | t   85.3s | sps  2526] ret=0.000 ep_len=500 deliv=0 eps=0.050 |Q|=920
[ep  431 | steps  216000 | t   85.5s | sps  2527] ret=0.000 ep_len=500 deliv=0 eps=0.050 |Q|=920
[ep  432 | steps  216500 | t   85.6s | sps  2528] ret=0.000 ep_len=500 deliv=0 eps=0.050 |Q|=922
[ep  433 | steps  217000 | t   85.8s | sps  2529] ret=0.000 ep_len=500 deliv=0 eps=0.050 |Q|=922
[ep  434 | steps  217500 | t   86.0s | sps  2530] ret=0.000 ep_len=500 deliv=0 eps=0.050 |Q|=922
[ep  435 | steps  218000 | t   86.2s | sps  2530] ret=0.000 ep_len=500 deliv=0 eps=0.050 |Q|=922
[ep  436 | steps  218500 | t   86.3s | sps  2531] ret=0.000 ep_len=500 deliv=0 eps=0.050 |Q|=922
[ep  437 | steps  219000 | t   86.5s | sps  2532] ret=0.000 ep_len=500 deliv=0 eps=0.050 |Q|=922
[ep  438 | steps  219500 | t   86.7s | sps  2533] ret=0.000 ep_len=500 deliv=0 eps=0.050 |Q|=923
[ep  439 | steps  220000 | t   86.8s | sps  2533] ret=0.000 ep_len=500 deliv=0 eps=0.050 |Q|=923
[ep  440 | steps  220500 | t   87.0s | sps  2534] ret=0.000 ep_len=500 deliv=0 eps=0.050 |Q|=923
[ep  441 | steps  221000 | t   87.2s | sps  2535] ret=0.000 ep_len=500 deliv=0 eps=0.050 |Q|=923
[ep  442 | steps  221500 | t   87.4s | sps  2535] ret=0.000 ep_len=500 deliv=0 eps=0.050 |Q|=923
[ep  443 | steps  222000 | t   87.5s | sps  2536] ret=0.000 ep_len=500 deliv=0 eps=0.050 |Q|=923
[ep  444 | steps  222500 | t   87.7s | sps  2537] ret=0.000 ep_len=500 deliv=0 eps=0.050 |Q|=923
[ep  445 | steps  223000 | t   87.9s | sps  2538] ret=0.000 ep_len=500 deliv=0 eps=0.050 |Q|=923
[ep  446 | steps  223500 | t   88.0s | sps  2538] ret=0.000 ep_len=500 deliv=0 eps=0.050 |Q|=924
[ep  447 | steps  224000 | t   88.2s | sps  2539] ret=0.000 ep_len=500 deliv=0 eps=0.050 |Q|=925
[ep  448 | steps  224500 | t   88.4s | sps  2540] ret=0.000 ep_len=500 deliv=0 eps=0.050 |Q|=925
[ep  449 | steps  225000 | t   88.5s | sps  2541] ret=0.000 ep_len=500 deliv=0 eps=0.050 |Q|=925
        [eval] ret_mean=0.000 ep_len=500.0 deliv=0.00
[ep  450 | steps  225500 | t   90.4s | sps  2495] ret=0.000 ep_len=500 deliv=0 eps=0.050 |Q|=928
[ep  451 | steps  226000 | t   90.6s | sps  2495] ret=0.000 ep_len=500 deliv=0 eps=0.050 |Q|=930
[ep  452 | steps  226500 | t   90.7s | sps  2496] ret=0.000 ep_len=500 deliv=0 eps=0.050 |Q|=930
[ep  453 | steps  227000 | t   90.9s | sps  2497] ret=0.000 ep_len=500 deliv=0 eps=0.050 |Q|=930
[ep  454 | steps  227500 | t   91.1s | sps  2498] ret=0.000 ep_len=500 deliv=0 eps=0.050 |Q|=930
[ep  455 | steps  228000 | t   91.3s | sps  2498] ret=1.000 ep_len=500 deliv=1 eps=0.050 |Q|=932
[ep  456 | steps  228500 | t   91.4s | sps  2499] ret=0.000 ep_len=500 deliv=0 eps=0.050 |Q|=933
[ep  457 | steps  229000 | t   91.6s | sps  2500] ret=0.000 ep_len=500 deliv=0 eps=0.050 |Q|=934
[ep  458 | steps  229500 | t   91.8s | sps  2500] ret=0.000 ep_len=500 deliv=0 eps=0.050 |Q|=934
[ep  459 | steps  230000 | t   92.0s | sps  2501] ret=0.000 ep_len=500 deliv=0 eps=0.050 |Q|=934
[ep  460 | steps  230500 | t   92.1s | sps  2502] ret=0.000 ep_len=500 deliv=0 eps=0.050 |Q|=934
[ep  461 | steps  231000 | t   92.3s | sps  2503] ret=0.000 ep_len=500 deliv=0 eps=0.050 |Q|=934
[ep  462 | steps  231500 | t   92.5s | sps  2504] ret=0.000 ep_len=500 deliv=0 eps=0.050 |Q|=934
[ep  463 | steps  232000 | t   92.7s | sps  2503] ret=0.000 ep_len=500 deliv=0 eps=0.050 |Q|=934
[ep  464 | steps  232500 | t   92.9s | sps  2503] ret=0.000 ep_len=500 deliv=0 eps=0.050 |Q|=934
[ep  465 | steps  233000 | t   93.0s | sps  2504] ret=0.000 ep_len=500 deliv=0 eps=0.050 |Q|=934
[ep  466 | steps  233500 | t   93.2s | sps  2505] ret=0.000 ep_len=500 deliv=0 eps=0.050 |Q|=934
[ep  467 | steps  234000 | t   93.4s | sps  2506] ret=0.000 ep_len=500 deliv=0 eps=0.050 |Q|=934
[ep  468 | steps  234500 | t   93.6s | sps  2507] ret=0.000 ep_len=500 deliv=0 eps=0.050 |Q|=934
[ep  469 | steps  235000 | t   93.7s | sps  2507] ret=0.000 ep_len=500 deliv=0 eps=0.050 |Q|=934
[ep  470 | steps  235500 | t   93.9s | sps  2508] ret=0.000 ep_len=500 deliv=0 eps=0.050 |Q|=934
[ep  471 | steps  236000 | t   94.1s | sps  2509] ret=0.000 ep_len=500 deliv=0 eps=0.050 |Q|=934
[ep  472 | steps  236500 | t   94.2s | sps  2510] ret=0.000 ep_len=500 deliv=0 eps=0.050 |Q|=934
[ep  473 | steps  237000 | t   94.4s | sps  2511] ret=0.000 ep_len=500 deliv=0 eps=0.050 |Q|=934
[ep  474 | steps  237500 | t   94.6s | sps  2511] ret=0.000 ep_len=500 deliv=0 eps=0.050 |Q|=934
[ep  475 | steps  238000 | t   94.7s | sps  2512] ret=0.000 ep_len=500 deliv=0 eps=0.050 |Q|=934
[ep  476 | steps  238500 | t   94.9s | sps  2513] ret=0.000 ep_len=500 deliv=0 eps=0.050 |Q|=934
[ep  477 | steps  239000 | t   95.1s | sps  2514] ret=0.000 ep_len=500 deliv=0 eps=0.050 |Q|=934
[ep  478 | steps  239500 | t   95.3s | sps  2514] ret=0.000 ep_len=500 deliv=0 eps=0.050 |Q|=934
[ep  479 | steps  240000 | t   95.4s | sps  2515] ret=0.000 ep_len=500 deliv=0 eps=0.050 |Q|=934
[ep  480 | steps  240500 | t   95.6s | sps  2516] ret=0.000 ep_len=500 deliv=0 eps=0.050 |Q|=934
[ep  481 | steps  241000 | t   95.7s | sps  2517] ret=0.000 ep_len=500 deliv=0 eps=0.050 |Q|=936
[ep  482 | steps  241500 | t   95.9s | sps  2518] ret=0.000 ep_len=500 deliv=0 eps=0.050 |Q|=936
[ep  483 | steps  242000 | t   96.1s | sps  2519] ret=0.000 ep_len=500 deliv=0 eps=0.050 |Q|=936
[ep  484 | steps  242500 | t   96.3s | sps  2519] ret=0.000 ep_len=500 deliv=0 eps=0.050 |Q|=936
[ep  485 | steps  243000 | t   96.4s | sps  2520] ret=0.000 ep_len=500 deliv=0 eps=0.050 |Q|=936
[ep  486 | steps  243500 | t   96.6s | sps  2521] ret=0.000 ep_len=500 deliv=0 eps=0.050 |Q|=936
[ep  487 | steps  244000 | t   96.8s | sps  2521] ret=0.000 ep_len=500 deliv=0 eps=0.050 |Q|=937
[ep  488 | steps  244500 | t   96.9s | sps  2522] ret=0.000 ep_len=500 deliv=0 eps=0.050 |Q|=937
[ep  489 | steps  245000 | t   97.1s | sps  2523] ret=0.000 ep_len=500 deliv=0 eps=0.050 |Q|=939
[ep  490 | steps  245500 | t   97.3s | sps  2523] ret=0.000 ep_len=500 deliv=0 eps=0.050 |Q|=939
[ep  491 | steps  246000 | t   97.5s | sps  2524] ret=0.000 ep_len=500 deliv=0 eps=0.050 |Q|=939
[ep  492 | steps  246500 | t   97.6s | sps  2525] ret=0.000 ep_len=500 deliv=0 eps=0.050 |Q|=939
[ep  493 | steps  247000 | t   97.8s | sps  2525] ret=0.000 ep_len=500 deliv=0 eps=0.050 |Q|=939
[ep  494 | steps  247500 | t   98.0s | sps  2526] ret=0.000 ep_len=500 deliv=0 eps=0.050 |Q|=939
[ep  495 | steps  248000 | t   98.1s | sps  2527] ret=0.000 ep_len=500 deliv=0 eps=0.050 |Q|=939
[ep  496 | steps  248500 | t   98.3s | sps  2527] ret=1.000 ep_len=500 deliv=1 eps=0.050 |Q|=940
[ep  497 | steps  249000 | t   98.5s | sps  2528] ret=0.000 ep_len=500 deliv=0 eps=0.050 |Q|=940
[ep  498 | steps  249500 | t   98.7s | sps  2529] ret=0.000 ep_len=500 deliv=0 eps=0.050 |Q|=940
[ep  499 | steps  250000 | t   98.8s | sps  2529] ret=0.000 ep_len=500 deliv=0 eps=0.050 |Q|=940
        [eval] ret_mean=0.000 ep_len=500.0 deliv=0.00
[ep  500 | steps  250500 | t  100.7s | sps  2487] ret=0.000 ep_len=500 deliv=0 eps=0.050 |Q|=944
[ep  501 | steps  251000 | t  100.9s | sps  2488] ret=1.000 ep_len=500 deliv=1 eps=0.050 |Q|=945
[ep  502 | steps  251500 | t  101.1s | sps  2488] ret=0.000 ep_len=500 deliv=0 eps=0.050 |Q|=945
[ep  503 | steps  252000 | t  101.2s | sps  2489] ret=0.000 ep_len=500 deliv=0 eps=0.050 |Q|=945
[ep  504 | steps  252500 | t  101.4s | sps  2489] ret=0.000 ep_len=500 deliv=0 eps=0.050 |Q|=945
[ep  505 | steps  253000 | t  101.6s | sps  2490] ret=0.000 ep_len=500 deliv=0 eps=0.050 |Q|=945
[ep  506 | steps  253500 | t  101.8s | sps  2491] ret=0.000 ep_len=500 deliv=0 eps=0.050 |Q|=945
[ep  507 | steps  254000 | t  101.9s | sps  2492] ret=0.000 ep_len=500 deliv=0 eps=0.050 |Q|=945
[ep  508 | steps  254500 | t  102.1s | sps  2492] ret=1.000 ep_len=500 deliv=1 eps=0.050 |Q|=947
[ep  509 | steps  255000 | t  102.3s | sps  2493] ret=0.000 ep_len=500 deliv=0 eps=0.050 |Q|=947
[ep  510 | steps  255500 | t  102.5s | sps  2494] ret=0.000 ep_len=500 deliv=0 eps=0.050 |Q|=947
[ep  511 | steps  256000 | t  102.6s | sps  2494] ret=0.000 ep_len=500 deliv=0 eps=0.050 |Q|=947
[ep  512 | steps  256500 | t  102.8s | sps  2495] ret=0.000 ep_len=500 deliv=0 eps=0.050 |Q|=948
[ep  513 | steps  257000 | t  103.0s | sps  2496] ret=0.000 ep_len=500 deliv=0 eps=0.050 |Q|=949
[ep  514 | steps  257500 | t  103.1s | sps  2497] ret=0.000 ep_len=500 deliv=0 eps=0.050 |Q|=949
[ep  515 | steps  258000 | t  103.3s | sps  2497] ret=1.000 ep_len=500 deliv=1 eps=0.050 |Q|=950
[ep  516 | steps  258500 | t  103.5s | sps  2498] ret=0.000 ep_len=500 deliv=0 eps=0.050 |Q|=951
[ep  517 | steps  259000 | t  103.7s | sps  2499] ret=0.000 ep_len=500 deliv=0 eps=0.050 |Q|=951
[ep  518 | steps  259500 | t  103.8s | sps  2499] ret=0.000 ep_len=500 deliv=0 eps=0.050 |Q|=953
[ep  519 | steps  260000 | t  104.0s | sps  2500] ret=0.000 ep_len=500 deliv=0 eps=0.050 |Q|=956
[ep  520 | steps  260500 | t  104.2s | sps  2501] ret=0.000 ep_len=500 deliv=0 eps=0.050 |Q|=956
[ep  521 | steps  261000 | t  104.3s | sps  2502] ret=0.000 ep_len=500 deliv=0 eps=0.050 |Q|=956
[ep  522 | steps  261500 | t  104.5s | sps  2503] ret=0.000 ep_len=500 deliv=0 eps=0.050 |Q|=956
[ep  523 | steps  262000 | t  104.7s | sps  2503] ret=0.000 ep_len=500 deliv=0 eps=0.050 |Q|=956
[ep  524 | steps  262500 | t  104.8s | sps  2504] ret=0.000 ep_len=500 deliv=0 eps=0.050 |Q|=958
[ep  525 | steps  263000 | t  105.0s | sps  2505] ret=0.000 ep_len=500 deliv=0 eps=0.050 |Q|=958
[ep  526 | steps  263500 | t  105.2s | sps  2505] ret=0.000 ep_len=500 deliv=0 eps=0.050 |Q|=958
[ep  527 | steps  264000 | t  105.3s | sps  2506] ret=0.000 ep_len=500 deliv=0 eps=0.050 |Q|=958
[ep  528 | steps  264500 | t  105.5s | sps  2507] ret=0.000 ep_len=500 deliv=0 eps=0.050 |Q|=958
[ep  529 | steps  265000 | t  105.7s | sps  2506] ret=0.000 ep_len=500 deliv=0 eps=0.050 |Q|=959
[ep  530 | steps  265500 | t  105.9s | sps  2507] ret=0.000 ep_len=500 deliv=0 eps=0.050 |Q|=959
[ep  531 | steps  266000 | t  106.1s | sps  2508] ret=0.000 ep_len=500 deliv=0 eps=0.050 |Q|=959
[ep  532 | steps  266500 | t  106.2s | sps  2508] ret=0.000 ep_len=500 deliv=0 eps=0.050 |Q|=959
[ep  533 | steps  267000 | t  106.4s | sps  2509] ret=0.000 ep_len=500 deliv=0 eps=0.050 |Q|=960
[ep  534 | steps  267500 | t  106.6s | sps  2510] ret=0.000 ep_len=500 deliv=0 eps=0.050 |Q|=960
[ep  535 | steps  268000 | t  106.8s | sps  2510] ret=0.000 ep_len=500 deliv=0 eps=0.050 |Q|=960
[ep  536 | steps  268500 | t  106.9s | sps  2511] ret=0.000 ep_len=500 deliv=0 eps=0.050 |Q|=960
[ep  537 | steps  269000 | t  107.1s | sps  2512] ret=0.000 ep_len=500 deliv=0 eps=0.050 |Q|=960
[ep  538 | steps  269500 | t  107.3s | sps  2513] ret=0.000 ep_len=500 deliv=0 eps=0.050 |Q|=960
[ep  539 | steps  270000 | t  107.4s | sps  2513] ret=0.000 ep_len=500 deliv=0 eps=0.050 |Q|=960
[ep  540 | steps  270500 | t  107.6s | sps  2514] ret=0.000 ep_len=500 deliv=0 eps=0.050 |Q|=960
[ep  541 | steps  271000 | t  107.8s | sps  2515] ret=0.000 ep_len=500 deliv=0 eps=0.050 |Q|=960
[ep  542 | steps  271500 | t  107.9s | sps  2516] ret=0.000 ep_len=500 deliv=0 eps=0.050 |Q|=960
[ep  543 | steps  272000 | t  108.1s | sps  2517] ret=0.000 ep_len=500 deliv=0 eps=0.050 |Q|=960
[ep  544 | steps  272500 | t  108.2s | sps  2517] ret=0.000 ep_len=500 deliv=0 eps=0.050 |Q|=960
[ep  545 | steps  273000 | t  108.4s | sps  2518] ret=0.000 ep_len=500 deliv=0 eps=0.050 |Q|=960
[ep  546 | steps  273500 | t  108.6s | sps  2518] ret=1.000 ep_len=500 deliv=1 eps=0.050 |Q|=964
[ep  547 | steps  274000 | t  108.8s | sps  2519] ret=0.000 ep_len=500 deliv=0 eps=0.050 |Q|=964
[ep  548 | steps  274500 | t  109.0s | sps  2519] ret=0.000 ep_len=500 deliv=0 eps=0.050 |Q|=964
[ep  549 | steps  275000 | t  109.1s | sps  2520] ret=0.000 ep_len=500 deliv=0 eps=0.050 |Q|=964
        [eval] ret_mean=0.100 ep_len=500.0 deliv=0.10
[ep  550 | steps  275500 | t  111.0s | sps  2482] ret=0.000 ep_len=500 deliv=0 eps=0.050 |Q|=965
[ep  551 | steps  276000 | t  111.2s | sps  2483] ret=0.000 ep_len=500 deliv=0 eps=0.050 |Q|=965
[ep  552 | steps  276500 | t  111.3s | sps  2483] ret=0.000 ep_len=500 deliv=0 eps=0.050 |Q|=965
[ep  553 | steps  277000 | t  111.5s | sps  2484] ret=0.000 ep_len=500 deliv=0 eps=0.050 |Q|=965
[ep  554 | steps  277500 | t  111.7s | sps  2485] ret=0.000 ep_len=500 deliv=0 eps=0.050 |Q|=965
[ep  555 | steps  278000 | t  111.8s | sps  2486] ret=0.000 ep_len=500 deliv=0 eps=0.050 |Q|=965
[ep  556 | steps  278500 | t  112.0s | sps  2486] ret=0.000 ep_len=500 deliv=0 eps=0.050 |Q|=966
[ep  557 | steps  279000 | t  112.2s | sps  2487] ret=0.000 ep_len=500 deliv=0 eps=0.050 |Q|=966
[ep  558 | steps  279500 | t  112.4s | sps  2488] ret=0.000 ep_len=500 deliv=0 eps=0.050 |Q|=966
[ep  559 | steps  280000 | t  112.5s | sps  2488] ret=0.000 ep_len=500 deliv=0 eps=0.050 |Q|=966
[ep  560 | steps  280500 | t  112.7s | sps  2489] ret=0.000 ep_len=500 deliv=0 eps=0.050 |Q|=966
[ep  561 | steps  281000 | t  112.9s | sps  2490] ret=0.000 ep_len=500 deliv=0 eps=0.050 |Q|=966
[ep  562 | steps  281500 | t  113.0s | sps  2491] ret=0.000 ep_len=500 deliv=0 eps=0.050 |Q|=966
[ep  563 | steps  282000 | t  113.2s | sps  2491] ret=0.000 ep_len=500 deliv=0 eps=0.050 |Q|=966
[ep  564 | steps  282500 | t  113.4s | sps  2492] ret=0.000 ep_len=500 deliv=0 eps=0.050 |Q|=966
[ep  565 | steps  283000 | t  113.6s | sps  2492] ret=1.000 ep_len=500 deliv=1 eps=0.050 |Q|=969
[ep  566 | steps  283500 | t  113.7s | sps  2493] ret=0.000 ep_len=500 deliv=0 eps=0.050 |Q|=969
[ep  567 | steps  284000 | t  113.9s | sps  2493] ret=0.000 ep_len=500 deliv=0 eps=0.050 |Q|=969
[ep  568 | steps  284500 | t  114.1s | sps  2494] ret=0.000 ep_len=500 deliv=0 eps=0.050 |Q|=969
[ep  569 | steps  285000 | t  114.2s | sps  2495] ret=0.000 ep_len=500 deliv=0 eps=0.050 |Q|=970
[ep  570 | steps  285500 | t  114.4s | sps  2496] ret=0.000 ep_len=500 deliv=0 eps=0.050 |Q|=970
[ep  571 | steps  286000 | t  114.6s | sps  2496] ret=0.000 ep_len=500 deliv=0 eps=0.050 |Q|=970
[ep  572 | steps  286500 | t  114.7s | sps  2497] ret=0.000 ep_len=500 deliv=0 eps=0.050 |Q|=971
[ep  573 | steps  287000 | t  114.9s | sps  2497] ret=0.000 ep_len=500 deliv=0 eps=0.050 |Q|=971
[ep  574 | steps  287500 | t  115.1s | sps  2497] ret=1.000 ep_len=500 deliv=1 eps=0.050 |Q|=972
[ep  575 | steps  288000 | t  115.3s | sps  2498] ret=0.000 ep_len=500 deliv=0 eps=0.050 |Q|=972
[ep  576 | steps  288500 | t  115.5s | sps  2498] ret=0.000 ep_len=500 deliv=0 eps=0.050 |Q|=972
[ep  577 | steps  289000 | t  115.7s | sps  2499] ret=1.000 ep_len=500 deliv=1 eps=0.050 |Q|=974
[ep  578 | steps  289500 | t  115.8s | sps  2500] ret=0.000 ep_len=500 deliv=0 eps=0.050 |Q|=974
[ep  579 | steps  290000 | t  116.0s | sps  2500] ret=1.000 ep_len=500 deliv=1 eps=0.050 |Q|=977
[ep  580 | steps  290500 | t  116.2s | sps  2500] ret=0.000 ep_len=500 deliv=0 eps=0.050 |Q|=977
[ep  581 | steps  291000 | t  116.3s | sps  2501] ret=0.000 ep_len=500 deliv=0 eps=0.050 |Q|=977
[ep  582 | steps  291500 | t  116.5s | sps  2502] ret=0.000 ep_len=500 deliv=0 eps=0.050 |Q|=977
[ep  583 | steps  292000 | t  116.7s | sps  2502] ret=0.000 ep_len=500 deliv=0 eps=0.050 |Q|=977
[ep  584 | steps  292500 | t  116.9s | sps  2503] ret=0.000 ep_len=500 deliv=0 eps=0.050 |Q|=978
[ep  585 | steps  293000 | t  117.0s | sps  2504] ret=0.000 ep_len=500 deliv=0 eps=0.050 |Q|=978
[ep  586 | steps  293500 | t  117.2s | sps  2504] ret=0.000 ep_len=500 deliv=0 eps=0.050 |Q|=978
[ep  587 | steps  294000 | t  117.4s | sps  2505] ret=0.000 ep_len=500 deliv=0 eps=0.050 |Q|=978
[ep  588 | steps  294500 | t  117.5s | sps  2506] ret=0.000 ep_len=500 deliv=0 eps=0.050 |Q|=978
[ep  589 | steps  295000 | t  117.7s | sps  2506] ret=0.000 ep_len=500 deliv=0 eps=0.050 |Q|=979
[ep  590 | steps  295500 | t  117.9s | sps  2507] ret=0.000 ep_len=500 deliv=0 eps=0.050 |Q|=979
[ep  591 | steps  296000 | t  118.0s | sps  2508] ret=0.000 ep_len=500 deliv=0 eps=0.050 |Q|=979
[ep  592 | steps  296500 | t  118.2s | sps  2508] ret=0.000 ep_len=500 deliv=0 eps=0.050 |Q|=979
[ep  593 | steps  297000 | t  118.5s | sps  2507] ret=0.000 ep_len=500 deliv=0 eps=0.050 |Q|=979
[ep  594 | steps  297500 | t  118.6s | sps  2508] ret=0.000 ep_len=500 deliv=0 eps=0.050 |Q|=979
[ep  595 | steps  298000 | t  118.8s | sps  2508] ret=0.000 ep_len=500 deliv=0 eps=0.050 |Q|=979
[ep  596 | steps  298500 | t  119.0s | sps  2509] ret=0.000 ep_len=500 deliv=0 eps=0.050 |Q|=979
[ep  597 | steps  299000 | t  119.1s | sps  2510] ret=0.000 ep_len=500 deliv=0 eps=0.050 |Q|=979
[ep  598 | steps  299500 | t  119.3s | sps  2510] ret=0.000 ep_len=500 deliv=0 eps=0.050 |Q|=979
[ep  599 | steps  300000 | t  119.5s | sps  2511] ret=0.000 ep_len=500 deliv=0 eps=0.050 |Q|=979
        [eval] ret_mean=0.100 ep_len=500.0 deliv=0.10
