$ /Users/samchen/Coding/CLASSES/CS2860/.venv/bin/python3 -m policies.train --env rware-tiny-2ag-easy-v2 --seed 3 --updates 400 --rollout 512 --eval-every 25 --eval-episodes 30 --log-dir matrix_results/diagnostics_v1_sam/comm_2ag/main_tiny --run-name mappo-heartbeat-plus-comm__delay-only__d30__s3 --n-msg-tokens 8 --heartbeat --heartbeat-period 1 --heartbeat-max-age-clip 128 --heartbeat-delay 30 --shape-rewards --pickup-bonus 0.5

[env] EnvSpec(env_id='rware-tiny-2ag-easy-v2', n_agents=2, obs_dim=73, n_env_actions=5, noop_action=0, family='rware')  (n_msg_tokens=8)
[cfg] {'clip_range': 0.2, 'value_clip_range': 0.2, 'entropy_coef': 0.01, 'value_coef': 0.5, 'max_grad_norm': 0.5, 'gamma': 0.99, 'gae_lambda': 0.95, 'lr_actor': 0.0003, 'lr_critic': 0.001, 'update_epochs': 4, 'minibatches': 4, 'hidden': 128, 'depth': 2, 'device': 'cpu', 'extra': {}}
[log] writing to matrix_results/diagnostics_v1_sam/comm_2ag/main_tiny/mappo-heartbeat-plus-comm__delay-only__d30__s3
[upd    1 | steps     512 | t    0.2s | sps  2598] ret_mean=2.000 ep_len=500.0 pi_loss=-0.015 v_loss=0.058 ent=3.685 kl=0.0090
[upd    2 | steps    1024 | t    0.4s | sps  2660] ret_mean=0.000 ep_len=500.0 pi_loss=-0.009 v_loss=0.014 ent=3.680 kl=0.0019
[upd    3 | steps    1536 | t    0.6s | sps  2697] ret_mean=1.500 ep_len=500.0 pi_loss=-0.010 v_loss=0.016 ent=3.666 kl=0.0030
[upd    4 | steps    2048 | t    0.8s | sps  2719] ret_mean=0.000 ep_len=500.0 pi_loss=-0.009 v_loss=0.007 ent=3.652 kl=0.0086
[upd    5 | steps    2560 | t    1.0s | sps  2585] ret_mean=0.500 ep_len=500.0 pi_loss=-0.011 v_loss=0.003 ent=3.665 kl=0.0029
[upd    6 | steps    3072 | t    1.2s | sps  2611] ret_mean=0.500 ep_len=500.0 pi_loss=-0.009 v_loss=0.006 ent=3.636 kl=0.0111
[upd    7 | steps    3584 | t    1.4s | sps  2556] ret_mean=1.500 ep_len=500.0 pi_loss=-0.008 v_loss=0.015 ent=3.618 kl=0.0095
[upd    8 | steps    4096 | t    1.6s | sps  2503] ret_mean=1.500 ep_len=500.0 pi_loss=-0.009 v_loss=0.003 ent=3.624 kl=0.0022
[upd    9 | steps    4608 | t    1.8s | sps  2522] ret_mean=0.000 ep_len=500.0 pi_loss=-0.010 v_loss=0.001 ent=3.601 kl=0.0035
[upd   10 | steps    5120 | t    2.0s | sps  2513] ret_mean=0.000 ep_len=500.0 pi_loss=-0.010 v_loss=0.004 ent=3.558 kl=0.0138
[upd   11 | steps    5632 | t    2.3s | sps  2475] ret_mean=1.000 ep_len=500.0 pi_loss=-0.008 v_loss=0.006 ent=3.540 kl=0.0034
[upd   12 | steps    6144 | t    2.5s | sps  2471] ret_mean=0.000 ep_len=500.0 pi_loss=-0.014 v_loss=0.020 ent=3.585 kl=0.0021
[upd   13 | steps    6656 | t    2.7s | sps  2490] ret_mean=2.000 ep_len=500.0 pi_loss=-0.014 v_loss=0.003 ent=3.445 kl=0.0207
[upd   14 | steps    7168 | t    2.8s | sps  2531] ret_mean=2.000 ep_len=500.0 pi_loss=-0.013 v_loss=0.057 ent=3.473 kl=0.0073
[upd   15 | steps    7680 | t    3.0s | sps  2564] ret_mean=3.500 ep_len=500.0 pi_loss=-0.011 v_loss=0.005 ent=3.408 kl=0.0114
[upd   16 | steps    8192 | t    3.2s | sps  2596] ret_mean=0.500 ep_len=500.0 pi_loss=-0.011 v_loss=0.005 ent=3.320 kl=0.0057
[upd   17 | steps    8704 | t    3.3s | sps  2619] ret_mean=0.000 ep_len=500.0 pi_loss=-0.014 v_loss=0.030 ent=3.370 kl=0.0110
[upd   18 | steps    9216 | t    3.5s | sps  2638] ret_mean=4.500 ep_len=500.0 pi_loss=-0.010 v_loss=0.010 ent=3.224 kl=0.0071
[upd   19 | steps    9728 | t    3.7s | sps  2661] ret_mean=0.500 ep_len=500.0 pi_loss=-0.011 v_loss=0.003 ent=3.361 kl=-0.0022
[upd   20 | steps   10240 | t    3.8s | sps  2672] ret_mean=0.000 ep_len=500.0 pi_loss=-0.013 v_loss=0.002 ent=3.410 kl=0.0115
[upd   21 | steps   10752 | t    4.0s | sps  2682] ret_mean=0.000 ep_len=500.0 pi_loss=-0.013 v_loss=0.001 ent=3.318 kl=0.0046
[upd   22 | steps   11264 | t    4.2s | sps  2665] ret_mean=1.000 ep_len=500.0 pi_loss=-0.013 v_loss=0.005 ent=3.373 kl=0.0067
[upd   23 | steps   11776 | t    4.4s | sps  2671] ret_mean=0.000 ep_len=500.0 pi_loss=-0.013 v_loss=0.140 ent=3.234 kl=0.0146
[upd   24 | steps   12288 | t    4.6s | sps  2673] ret_mean=8.000 ep_len=500.0 pi_loss=-0.010 v_loss=0.003 ent=3.292 kl=0.0102
[upd   25 | steps   12800 | t    4.8s | sps  2689] ret_mean=0.000 ep_len=500.0 pi_loss=-0.014 v_loss=0.049 ent=3.222 kl=0.0177
        [eval] ret_mean=12.500 ep_len=500.0
[upd   26 | steps   13312 | t    8.7s | sps  1525] ret_mean=1.000 ep_len=500.0 pi_loss=-0.011 v_loss=0.005 ent=3.116 kl=0.0176
[upd   27 | steps   13824 | t    8.9s | sps  1555] ret_mean=7.000 ep_len=500.0 pi_loss=-0.008 v_loss=0.104 ent=3.109 kl=0.0156
[upd   28 | steps   14336 | t    9.1s | sps  1582] ret_mean=2.000 ep_len=500.0 pi_loss=-0.014 v_loss=0.029 ent=3.007 kl=0.0119
[upd   29 | steps   14848 | t    9.2s | sps  1609] ret_mean=2.000 ep_len=500.0 pi_loss=-0.010 v_loss=0.004 ent=3.131 kl=0.0144
[upd   30 | steps   15360 | t    9.4s | sps  1636] ret_mean=1.000 ep_len=500.0 pi_loss=-0.012 v_loss=0.009 ent=3.135 kl=0.0135
[upd   31 | steps   15872 | t    9.6s | sps  1661] ret_mean=11.500 ep_len=500.0 pi_loss=-0.009 v_loss=0.156 ent=3.102 kl=0.0093
[upd   32 | steps   16384 | t    9.7s | sps  1687] ret_mean=1.000 ep_len=500.0 pi_loss=-0.012 v_loss=0.011 ent=3.209 kl=-0.0003
[upd   33 | steps   16896 | t    9.9s | sps  1712] ret_mean=3.000 ep_len=500.0 pi_loss=-0.015 v_loss=0.017 ent=3.182 kl=0.0137
[upd   34 | steps   17408 | t   10.1s | sps  1732] ret_mean=6.000 ep_len=500.0 pi_loss=-0.009 v_loss=0.114 ent=3.260 kl=0.0082
[upd   35 | steps   17920 | t   10.2s | sps  1752] ret_mean=0.000 ep_len=500.0 pi_loss=-0.007 v_loss=0.012 ent=3.262 kl=0.0092
[upd   36 | steps   18432 | t   10.4s | sps  1771] ret_mean=7.000 ep_len=500.0 pi_loss=-0.014 v_loss=0.027 ent=3.123 kl=0.0111
[upd   37 | steps   18944 | t   10.6s | sps  1789] ret_mean=0.500 ep_len=500.0 pi_loss=-0.011 v_loss=0.002 ent=3.158 kl=0.0007
[upd   38 | steps   19456 | t   10.8s | sps  1807] ret_mean=2.500 ep_len=500.0 pi_loss=-0.011 v_loss=0.037 ent=3.290 kl=0.0062
[upd   39 | steps   19968 | t   10.9s | sps  1827] ret_mean=10.000 ep_len=500.0 pi_loss=-0.020 v_loss=0.374 ent=3.338 kl=-0.0004
[upd   40 | steps   20480 | t   11.1s | sps  1847] ret_mean=10.000 ep_len=500.0 pi_loss=-0.015 v_loss=0.039 ent=3.314 kl=0.0041
[upd   41 | steps   20992 | t   11.3s | sps  1866] ret_mean=2.500 ep_len=500.0 pi_loss=-0.012 v_loss=0.005 ent=3.300 kl=0.0169
[upd   42 | steps   21504 | t   11.4s | sps  1885] ret_mean=0.000 ep_len=500.0 pi_loss=-0.012 v_loss=0.032 ent=3.100 kl=0.0083
[upd   43 | steps   22016 | t   11.6s | sps  1903] ret_mean=4.000 ep_len=500.0 pi_loss=-0.011 v_loss=0.003 ent=3.017 kl=0.0104
[upd   44 | steps   22528 | t   11.7s | sps  1921] ret_mean=0.000 ep_len=500.0 pi_loss=-0.006 v_loss=0.095 ent=2.986 kl=0.0023
[upd   45 | steps   23040 | t   11.9s | sps  1936] ret_mean=5.500 ep_len=500.0 pi_loss=-0.016 v_loss=0.030 ent=3.143 kl=0.0084
[upd   46 | steps   23552 | t   12.1s | sps  1952] ret_mean=4.500 ep_len=500.0 pi_loss=-0.009 v_loss=0.022 ent=3.222 kl=0.0042
[upd   47 | steps   24064 | t   12.2s | sps  1968] ret_mean=1.000 ep_len=500.0 pi_loss=-0.009 v_loss=0.048 ent=3.220 kl=0.0051
[upd   48 | steps   24576 | t   12.4s | sps  1984] ret_mean=5.000 ep_len=500.0 pi_loss=-0.012 v_loss=0.024 ent=3.221 kl=0.0086
[upd   49 | steps   25088 | t   12.5s | sps  1999] ret_mean=7.000 ep_len=500.0 pi_loss=-0.014 v_loss=0.067 ent=3.275 kl=0.0043
[upd   50 | steps   25600 | t   12.7s | sps  2014] ret_mean=3.500 ep_len=500.0 pi_loss=-0.008 v_loss=0.029 ent=3.225 kl=0.0086
        [eval] ret_mean=4.167 ep_len=500.0
[upd   51 | steps   26112 | t   16.6s | sps  1575] ret_mean=0.000 ep_len=500.0 pi_loss=-0.016 v_loss=0.004 ent=3.217 kl=-0.0019
[upd   52 | steps   26624 | t   16.7s | sps  1590] ret_mean=0.000 ep_len=500.0 pi_loss=-0.017 v_loss=0.004 ent=3.190 kl=0.0060
[upd   53 | steps   27136 | t   16.9s | sps  1605] ret_mean=14.500 ep_len=500.0 pi_loss=-0.014 v_loss=0.516 ent=3.041 kl=0.0074
[upd   54 | steps   27648 | t   17.1s | sps  1619] ret_mean=5.500 ep_len=500.0 pi_loss=-0.010 v_loss=0.015 ent=3.191 kl=0.0067
[upd   55 | steps   28160 | t   17.3s | sps  1629] ret_mean=7.000 ep_len=500.0 pi_loss=-0.019 v_loss=0.107 ent=2.990 kl=0.0036
[upd   56 | steps   28672 | t   17.5s | sps  1642] ret_mean=2.000 ep_len=500.0 pi_loss=-0.017 v_loss=0.012 ent=3.108 kl=0.0033
[upd   57 | steps   29184 | t   17.6s | sps  1655] ret_mean=0.000 ep_len=500.0 pi_loss=-0.014 v_loss=0.014 ent=3.210 kl=0.0005
[upd   58 | steps   29696 | t   17.8s | sps  1669] ret_mean=6.000 ep_len=500.0 pi_loss=-0.017 v_loss=0.494 ent=3.024 kl=0.0008
[upd   59 | steps   30208 | t   17.9s | sps  1684] ret_mean=80.000 ep_len=500.0 pi_loss=-0.013 v_loss=2.594 ent=2.752 kl=0.0022
[upd   60 | steps   30720 | t   18.1s | sps  1698] ret_mean=19.000 ep_len=500.0 pi_loss=-0.015 v_loss=0.546 ent=2.870 kl=0.0071
[upd   61 | steps   31232 | t   18.2s | sps  1711] ret_mean=0.000 ep_len=500.0 pi_loss=-0.011 v_loss=0.009 ent=3.057 kl=0.0066
[upd   62 | steps   31744 | t   18.4s | sps  1725] ret_mean=0.000 ep_len=500.0 pi_loss=-0.012 v_loss=0.003 ent=2.972 kl=0.0076
[upd   63 | steps   32256 | t   18.6s | sps  1737] ret_mean=0.000 ep_len=500.0 pi_loss=-0.009 v_loss=0.084 ent=2.769 kl=0.0064
[upd   64 | steps   32768 | t   18.7s | sps  1750] ret_mean=28.000 ep_len=500.0 pi_loss=-0.014 v_loss=1.274 ent=2.687 kl=0.0022
[upd   65 | steps   33280 | t   18.9s | sps  1761] ret_mean=16.000 ep_len=500.0 pi_loss=-0.012 v_loss=0.068 ent=2.636 kl=0.0101
[upd   66 | steps   33792 | t   19.1s | sps  1773] ret_mean=2.000 ep_len=500.0 pi_loss=-0.010 v_loss=0.027 ent=2.694 kl=0.0114
[upd   67 | steps   34304 | t   19.2s | sps  1785] ret_mean=4.000 ep_len=500.0 pi_loss=-0.009 v_loss=0.015 ent=2.785 kl=0.0016
[upd   68 | steps   34816 | t   19.4s | sps  1797] ret_mean=58.500 ep_len=500.0 pi_loss=-0.015 v_loss=3.275 ent=2.580 kl=0.0097
[upd   69 | steps   35328 | t   19.5s | sps  1808] ret_mean=23.500 ep_len=500.0 pi_loss=-0.009 v_loss=0.324 ent=2.483 kl=0.0080
[upd   70 | steps   35840 | t   19.7s | sps  1820] ret_mean=0.000 ep_len=500.0 pi_loss=-0.012 v_loss=0.473 ent=2.731 kl=0.0118
[upd   71 | steps   36352 | t   19.9s | sps  1831] ret_mean=25.500 ep_len=500.0 pi_loss=-0.011 v_loss=0.279 ent=3.197 kl=0.0015
[upd   72 | steps   36864 | t   20.0s | sps  1843] ret_mean=17.000 ep_len=500.0 pi_loss=-0.011 v_loss=0.334 ent=2.799 kl=-0.0006
[upd   73 | steps   37376 | t   20.2s | sps  1854] ret_mean=4.500 ep_len=500.0 pi_loss=-0.012 v_loss=0.015 ent=2.795 kl=0.0011
[upd   74 | steps   37888 | t   20.3s | sps  1864] ret_mean=0.500 ep_len=500.0 pi_loss=-0.011 v_loss=0.047 ent=2.854 kl=0.0098
[upd   75 | steps   38400 | t   20.5s | sps  1875] ret_mean=4.500 ep_len=500.0 pi_loss=-0.016 v_loss=0.206 ent=2.772 kl=0.0172
        [eval] ret_mean=8.333 ep_len=500.0
[upd   76 | steps   38912 | t   24.3s | sps  1601] ret_mean=17.500 ep_len=500.0 pi_loss=-0.016 v_loss=0.751 ent=2.525 kl=0.0183
[upd   77 | steps   39424 | t   24.5s | sps  1611] ret_mean=21.500 ep_len=500.0 pi_loss=-0.015 v_loss=0.530 ent=2.981 kl=0.0133
[upd   78 | steps   39936 | t   24.6s | sps  1622] ret_mean=10.000 ep_len=500.0 pi_loss=-0.012 v_loss=0.132 ent=2.980 kl=0.0145
[upd   79 | steps   40448 | t   24.8s | sps  1632] ret_mean=25.000 ep_len=500.0 pi_loss=-0.012 v_loss=1.121 ent=2.745 kl=0.0125
[upd   80 | steps   40960 | t   24.9s | sps  1642] ret_mean=0.000 ep_len=500.0 pi_loss=-0.011 v_loss=0.014 ent=2.482 kl=0.0112
[upd   81 | steps   41472 | t   25.1s | sps  1652] ret_mean=0.500 ep_len=500.0 pi_loss=-0.012 v_loss=0.017 ent=2.757 kl=0.0073
[upd   82 | steps   41984 | t   25.3s | sps  1662] ret_mean=7.000 ep_len=500.0 pi_loss=-0.016 v_loss=0.189 ent=2.689 kl=0.0194
[upd   83 | steps   42496 | t   25.4s | sps  1672] ret_mean=76.000 ep_len=500.0 pi_loss=-0.017 v_loss=2.701 ent=2.638 kl=0.0030
[upd   84 | steps   43008 | t   25.6s | sps  1682] ret_mean=1.000 ep_len=500.0 pi_loss=-0.019 v_loss=0.032 ent=3.177 kl=0.0089
[upd   85 | steps   43520 | t   25.7s | sps  1692] ret_mean=50.500 ep_len=500.0 pi_loss=-0.019 v_loss=3.129 ent=2.695 kl=0.0120
[upd   86 | steps   44032 | t   25.9s | sps  1701] ret_mean=77.000 ep_len=500.0 pi_loss=-0.016 v_loss=3.655 ent=2.422 kl=0.0115
[upd   87 | steps   44544 | t   26.0s | sps  1710] ret_mean=99.000 ep_len=500.0 pi_loss=-0.013 v_loss=3.614 ent=2.247 kl=0.0113
[upd   88 | steps   45056 | t   26.2s | sps  1719] ret_mean=1.000 ep_len=500.0 pi_loss=-0.017 v_loss=0.043 ent=2.809 kl=0.0065
[upd   89 | steps   45568 | t   26.4s | sps  1728] ret_mean=7.000 ep_len=500.0 pi_loss=-0.014 v_loss=0.490 ent=2.971 kl=0.0111
[upd   90 | steps   46080 | t   26.5s | sps  1737] ret_mean=11.000 ep_len=500.0 pi_loss=-0.014 v_loss=0.020 ent=2.946 kl=0.0049
[upd   91 | steps   46592 | t   26.7s | sps  1745] ret_mean=54.500 ep_len=500.0 pi_loss=-0.016 v_loss=2.215 ent=2.927 kl=0.0069
[upd   92 | steps   47104 | t   26.9s | sps  1753] ret_mean=0.000 ep_len=500.0 pi_loss=-0.016 v_loss=0.008 ent=3.197 kl=0.0041
[upd   93 | steps   47616 | t   27.0s | sps  1762] ret_mean=3.000 ep_len=500.0 pi_loss=-0.014 v_loss=0.039 ent=3.040 kl=0.0103
[upd   94 | steps   48128 | t   27.2s | sps  1770] ret_mean=0.000 ep_len=500.0 pi_loss=-0.017 v_loss=0.004 ent=2.976 kl=0.0156
[upd   95 | steps   48640 | t   27.4s | sps  1778] ret_mean=0.000 ep_len=500.0 pi_loss=-0.006 v_loss=0.004 ent=2.819 kl=0.0039
[upd   96 | steps   49152 | t   27.5s | sps  1787] ret_mean=38.500 ep_len=500.0 pi_loss=-0.019 v_loss=1.778 ent=2.655 kl=0.0093
[upd   97 | steps   49664 | t   27.7s | sps  1796] ret_mean=0.000 ep_len=500.0 pi_loss=-0.009 v_loss=0.022 ent=3.114 kl=0.0074
[upd   98 | steps   50176 | t   27.8s | sps  1804] ret_mean=30.000 ep_len=500.0 pi_loss=-0.013 v_loss=1.021 ent=2.848 kl=0.0118
[upd   99 | steps   50688 | t   28.0s | sps  1812] ret_mean=7.000 ep_len=500.0 pi_loss=-0.011 v_loss=0.034 ent=3.014 kl=0.0102
[upd  100 | steps   51200 | t   28.1s | sps  1820] ret_mean=0.000 ep_len=500.0 pi_loss=-0.009 v_loss=0.189 ent=2.720 kl=0.0035
        [eval] ret_mean=0.000 ep_len=500.0
[upd  101 | steps   51712 | t   32.0s | sps  1615] ret_mean=0.000 ep_len=500.0 pi_loss=-0.013 v_loss=0.008 ent=2.913 kl=0.0077
[upd  102 | steps   52224 | t   32.2s | sps  1623] ret_mean=0.000 ep_len=500.0 pi_loss=-0.012 v_loss=0.003 ent=2.822 kl=0.0094
[upd  103 | steps   52736 | t   32.3s | sps  1631] ret_mean=107.000 ep_len=500.0 pi_loss=-0.014 v_loss=5.285 ent=2.335 kl=0.0138
[upd  104 | steps   53248 | t   32.5s | sps  1639] ret_mean=83.500 ep_len=500.0 pi_loss=-0.018 v_loss=4.093 ent=2.544 kl=0.0130
[upd  105 | steps   53760 | t   32.6s | sps  1647] ret_mean=0.000 ep_len=500.0 pi_loss=-0.015 v_loss=0.011 ent=2.827 kl=-0.0008
[upd  106 | steps   54272 | t   32.8s | sps  1655] ret_mean=0.000 ep_len=500.0 pi_loss=-0.010 v_loss=0.140 ent=3.072 kl=0.0053
[upd  107 | steps   54784 | t   33.0s | sps  1663] ret_mean=6.500 ep_len=500.0 pi_loss=-0.013 v_loss=0.012 ent=2.668 kl=0.0049
[upd  108 | steps   55296 | t   33.1s | sps  1670] ret_mean=29.500 ep_len=500.0 pi_loss=-0.018 v_loss=0.873 ent=2.595 kl=0.0152
[upd  109 | steps   55808 | t   33.3s | sps  1678] ret_mean=11.000 ep_len=500.0 pi_loss=-0.016 v_loss=1.018 ent=2.946 kl=0.0198
[upd  110 | steps   56320 | t   33.4s | sps  1685] ret_mean=33.500 ep_len=500.0 pi_loss=-0.009 v_loss=0.239 ent=2.680 kl=0.0100
[upd  111 | steps   56832 | t   33.6s | sps  1692] ret_mean=0.000 ep_len=500.0 pi_loss=-0.017 v_loss=0.057 ent=3.022 kl=0.0194
[upd  112 | steps   57344 | t   33.7s | sps  1700] ret_mean=88.000 ep_len=500.0 pi_loss=-0.015 v_loss=3.677 ent=2.267 kl=0.0159
[upd  113 | steps   57856 | t   33.9s | sps  1707] ret_mean=31.000 ep_len=500.0 pi_loss=-0.018 v_loss=2.192 ent=2.837 kl=0.0124
[upd  114 | steps   58368 | t   34.1s | sps  1714] ret_mean=98.000 ep_len=500.0 pi_loss=-0.014 v_loss=2.943 ent=2.539 kl=0.0022
[upd  115 | steps   58880 | t   34.3s | sps  1718] ret_mean=69.500 ep_len=500.0 pi_loss=-0.011 v_loss=2.533 ent=2.551 kl=0.0108
[upd  116 | steps   59392 | t   34.4s | sps  1725] ret_mean=53.500 ep_len=500.0 pi_loss=-0.020 v_loss=1.983 ent=2.540 kl=0.0059
[upd  117 | steps   59904 | t   34.6s | sps  1731] ret_mean=0.000 ep_len=500.0 pi_loss=-0.012 v_loss=1.602 ent=2.692 kl=-0.0006
[upd  118 | steps   60416 | t   34.8s | sps  1738] ret_mean=107.000 ep_len=500.0 pi_loss=-0.015 v_loss=2.126 ent=2.775 kl=0.0166
[upd  119 | steps   60928 | t   35.0s | sps  1743] ret_mean=64.500 ep_len=500.0 pi_loss=-0.014 v_loss=3.405 ent=2.649 kl=0.0050
[upd  120 | steps   61440 | t   35.1s | sps  1750] ret_mean=15.000 ep_len=500.0 pi_loss=-0.014 v_loss=0.120 ent=3.230 kl=0.0074
[upd  121 | steps   61952 | t   35.3s | sps  1757] ret_mean=50.500 ep_len=500.0 pi_loss=-0.016 v_loss=2.215 ent=2.809 kl=0.0074
[upd  122 | steps   62464 | t   35.4s | sps  1763] ret_mean=0.000 ep_len=500.0 pi_loss=-0.018 v_loss=0.029 ent=2.775 kl=0.0175
[upd  123 | steps   62976 | t   35.6s | sps  1769] ret_mean=0.000 ep_len=500.0 pi_loss=-0.011 v_loss=0.026 ent=2.474 kl=0.0158
[upd  124 | steps   63488 | t   35.8s | sps  1775] ret_mean=0.000 ep_len=500.0 pi_loss=-0.013 v_loss=0.030 ent=2.258 kl=0.0122
[upd  125 | steps   64000 | t   35.9s | sps  1782] ret_mean=0.000 ep_len=500.0 pi_loss=-0.012 v_loss=3.191 ent=2.512 kl=0.0154
        [eval] ret_mean=8.317 ep_len=500.0
[upd  126 | steps   64512 | t   40.0s | sps  1612] ret_mean=0.000 ep_len=500.0 pi_loss=-0.012 v_loss=0.011 ent=3.052 kl=0.0057
[upd  127 | steps   65024 | t   40.2s | sps  1619] ret_mean=105.500 ep_len=500.0 pi_loss=-0.011 v_loss=5.078 ent=2.135 kl=0.0051
[upd  128 | steps   65536 | t   40.3s | sps  1625] ret_mean=94.000 ep_len=500.0 pi_loss=-0.010 v_loss=4.110 ent=2.351 kl=0.0040
[upd  129 | steps   66048 | t   40.5s | sps  1632] ret_mean=67.500 ep_len=500.0 pi_loss=-0.014 v_loss=2.784 ent=2.625 kl=0.0079
[upd  130 | steps   66560 | t   40.6s | sps  1638] ret_mean=115.000 ep_len=500.0 pi_loss=-0.014 v_loss=5.682 ent=2.439 kl=0.0057
[upd  131 | steps   67072 | t   40.8s | sps  1645] ret_mean=102.000 ep_len=500.0 pi_loss=-0.013 v_loss=3.384 ent=2.576 kl=0.0086
[upd  132 | steps   67584 | t   40.9s | sps  1650] ret_mean=0.000 ep_len=500.0 pi_loss=-0.016 v_loss=0.139 ent=2.890 kl=0.0086
[upd  133 | steps   68096 | t   41.1s | sps  1657] ret_mean=0.000 ep_len=500.0 pi_loss=-0.009 v_loss=0.568 ent=2.750 kl=0.0054
[upd  134 | steps   68608 | t   41.3s | sps  1663] ret_mean=26.000 ep_len=500.0 pi_loss=-0.013 v_loss=0.291 ent=2.809 kl=0.0122
[upd  135 | steps   69120 | t   41.4s | sps  1669] ret_mean=80.500 ep_len=500.0 pi_loss=-0.014 v_loss=3.749 ent=2.350 kl=0.0072
[upd  136 | steps   69632 | t   41.6s | sps  1674] ret_mean=11.500 ep_len=500.0 pi_loss=-0.015 v_loss=0.986 ent=2.619 kl=0.0078
[upd  137 | steps   70144 | t   41.8s | sps  1678] ret_mean=117.500 ep_len=500.0 pi_loss=-0.014 v_loss=3.281 ent=2.466 kl=0.0114
[upd  138 | steps   70656 | t   42.0s | sps  1683] ret_mean=0.000 ep_len=500.0 pi_loss=-0.011 v_loss=0.082 ent=2.974 kl=0.0101
[upd  139 | steps   71168 | t   42.2s | sps  1687] ret_mean=0.000 ep_len=500.0 pi_loss=-0.014 v_loss=0.080 ent=2.871 kl=0.0085
[upd  140 | steps   71680 | t   42.4s | sps  1692] ret_mean=64.500 ep_len=500.0 pi_loss=-0.011 v_loss=2.822 ent=2.695 kl=0.0130
[upd  141 | steps   72192 | t   42.5s | sps  1699] ret_mean=0.000 ep_len=500.0 pi_loss=-0.010 v_loss=0.413 ent=2.814 kl=0.0195
[upd  142 | steps   72704 | t   42.7s | sps  1705] ret_mean=79.000 ep_len=500.0 pi_loss=-0.017 v_loss=2.895 ent=2.664 kl=0.0083
[upd  143 | steps   73216 | t   42.8s | sps  1710] ret_mean=76.500 ep_len=500.0 pi_loss=-0.020 v_loss=2.904 ent=2.409 kl=0.0139
[upd  144 | steps   73728 | t   43.0s | sps  1715] ret_mean=25.500 ep_len=500.0 pi_loss=-0.010 v_loss=1.730 ent=2.827 kl=0.0101
[upd  145 | steps   74240 | t   43.2s | sps  1720] ret_mean=111.500 ep_len=500.0 pi_loss=-0.020 v_loss=3.212 ent=2.287 kl=0.0295
[upd  146 | steps   74752 | t   43.3s | sps  1725] ret_mean=93.500 ep_len=500.0 pi_loss=-0.012 v_loss=1.883 ent=2.378 kl=0.0059
[upd  147 | steps   75264 | t   43.5s | sps  1729] ret_mean=0.000 ep_len=500.0 pi_loss=-0.010 v_loss=1.888 ent=2.202 kl=0.0119
[upd  148 | steps   75776 | t   43.7s | sps  1734] ret_mean=108.500 ep_len=500.0 pi_loss=-0.016 v_loss=4.197 ent=1.923 kl=0.0071
[upd  149 | steps   76288 | t   43.9s | sps  1739] ret_mean=121.000 ep_len=500.0 pi_loss=-0.010 v_loss=4.016 ent=1.915 kl=0.0221
[upd  150 | steps   76800 | t   44.0s | sps  1745] ret_mean=89.500 ep_len=500.0 pi_loss=-0.014 v_loss=2.914 ent=2.400 kl=0.0036
        [eval] ret_mean=8.333 ep_len=500.0
[upd  151 | steps   77312 | t   48.0s | sps  1610] ret_mean=0.000 ep_len=500.0 pi_loss=-0.017 v_loss=0.213 ent=2.925 kl=0.0070
[upd  152 | steps   77824 | t   48.2s | sps  1615] ret_mean=13.000 ep_len=500.0 pi_loss=-0.012 v_loss=0.563 ent=2.765 kl=0.0041
[upd  153 | steps   78336 | t   48.3s | sps  1621] ret_mean=56.500 ep_len=500.0 pi_loss=-0.008 v_loss=4.628 ent=2.036 kl=0.0064
[upd  154 | steps   78848 | t   48.5s | sps  1626] ret_mean=74.500 ep_len=500.0 pi_loss=-0.018 v_loss=2.972 ent=2.529 kl=0.0097
[upd  155 | steps   79360 | t   48.7s | sps  1631] ret_mean=26.000 ep_len=500.0 pi_loss=-0.009 v_loss=0.992 ent=2.844 kl=0.0111
[upd  156 | steps   79872 | t   48.8s | sps  1636] ret_mean=0.000 ep_len=500.0 pi_loss=-0.009 v_loss=0.068 ent=2.168 kl=0.0099
[upd  157 | steps   80384 | t   49.0s | sps  1641] ret_mean=65.500 ep_len=500.0 pi_loss=-0.015 v_loss=2.509 ent=2.351 kl=0.0107
[upd  158 | steps   80896 | t   49.1s | sps  1647] ret_mean=60.000 ep_len=500.0 pi_loss=-0.013 v_loss=2.397 ent=2.460 kl=0.0136
[upd  159 | steps   81408 | t   49.3s | sps  1652] ret_mean=0.000 ep_len=500.0 pi_loss=-0.016 v_loss=0.320 ent=2.737 kl=0.0014
[upd  160 | steps   81920 | t   49.4s | sps  1657] ret_mean=94.000 ep_len=500.0 pi_loss=-0.014 v_loss=4.145 ent=2.575 kl=0.0129
[upd  161 | steps   82432 | t   49.6s | sps  1662] ret_mean=125.000 ep_len=500.0 pi_loss=-0.015 v_loss=4.543 ent=2.299 kl=0.0122
[upd  162 | steps   82944 | t   49.8s | sps  1667] ret_mean=107.500 ep_len=500.0 pi_loss=-0.012 v_loss=3.842 ent=2.522 kl=0.0071
[upd  163 | steps   83456 | t   49.9s | sps  1672] ret_mean=54.000 ep_len=500.0 pi_loss=-0.011 v_loss=2.580 ent=2.565 kl=0.0063
[upd  164 | steps   83968 | t   50.1s | sps  1677] ret_mean=97.500 ep_len=500.0 pi_loss=-0.014 v_loss=4.379 ent=2.051 kl=0.0024
[upd  165 | steps   84480 | t   50.2s | sps  1682] ret_mean=187.000 ep_len=500.0 pi_loss=-0.011 v_loss=13.712 ent=1.765 kl=0.0124
[upd  166 | steps   84992 | t   50.4s | sps  1687] ret_mean=0.000 ep_len=500.0 pi_loss=-0.009 v_loss=0.170 ent=2.334 kl=0.0063
[upd  167 | steps   85504 | t   50.5s | sps  1692] ret_mean=0.000 ep_len=500.0 pi_loss=-0.014 v_loss=0.094 ent=2.325 kl=0.0137
[upd  168 | steps   86016 | t   50.7s | sps  1697] ret_mean=0.000 ep_len=500.0 pi_loss=-0.012 v_loss=0.084 ent=2.735 kl=0.0029
[upd  169 | steps   86528 | t   50.8s | sps  1702] ret_mean=0.000 ep_len=500.0 pi_loss=-0.011 v_loss=1.128 ent=2.234 kl=0.0082
[upd  170 | steps   87040 | t   51.0s | sps  1707] ret_mean=94.000 ep_len=500.0 pi_loss=-0.010 v_loss=2.767 ent=2.234 kl=0.0179
[upd  171 | steps   87552 | t   51.1s | sps  1712] ret_mean=0.000 ep_len=500.0 pi_loss=-0.014 v_loss=0.028 ent=2.980 kl=0.0096
[upd  172 | steps   88064 | t   51.3s | sps  1717] ret_mean=0.000 ep_len=500.0 pi_loss=-0.010 v_loss=0.168 ent=2.444 kl=0.0065
[upd  173 | steps   88576 | t   51.4s | sps  1722] ret_mean=6.500 ep_len=500.0 pi_loss=-0.018 v_loss=0.805 ent=2.375 kl=-0.0004
[upd  174 | steps   89088 | t   51.6s | sps  1727] ret_mean=25.000 ep_len=500.0 pi_loss=-0.010 v_loss=7.714 ent=2.158 kl=0.0048
[upd  175 | steps   89600 | t   51.8s | sps  1731] ret_mean=203.000 ep_len=500.0 pi_loss=-0.007 v_loss=10.644 ent=1.885 kl=0.0161
        [eval] ret_mean=4.167 ep_len=500.0
[upd  176 | steps   90112 | t   55.7s | sps  1617] ret_mean=0.000 ep_len=500.0 pi_loss=-0.015 v_loss=0.064 ent=2.532 kl=0.0040
[upd  177 | steps   90624 | t   55.9s | sps  1621] ret_mean=224.000 ep_len=500.0 pi_loss=-0.009 v_loss=20.798 ent=1.838 kl=0.0090
[upd  178 | steps   91136 | t   56.0s | sps  1626] ret_mean=71.500 ep_len=500.0 pi_loss=-0.013 v_loss=3.380 ent=2.141 kl=-0.0013
[upd  179 | steps   91648 | t   56.2s | sps  1631] ret_mean=0.000 ep_len=500.0 pi_loss=-0.011 v_loss=1.302 ent=2.935 kl=0.0053
[upd  180 | steps   92160 | t   56.4s | sps  1635] ret_mean=247.500 ep_len=500.0 pi_loss=-0.014 v_loss=20.421 ent=1.400 kl=0.0088
[upd  181 | steps   92672 | t   56.5s | sps  1640] ret_mean=206.000 ep_len=500.0 pi_loss=-0.013 v_loss=17.028 ent=1.803 kl=0.0072
[upd  182 | steps   93184 | t   56.7s | sps  1644] ret_mean=109.000 ep_len=500.0 pi_loss=-0.012 v_loss=4.427 ent=1.869 kl=0.0067
[upd  183 | steps   93696 | t   56.8s | sps  1649] ret_mean=0.000 ep_len=500.0 pi_loss=-0.010 v_loss=0.750 ent=2.215 kl=0.0106
[upd  184 | steps   94208 | t   57.0s | sps  1654] ret_mean=124.000 ep_len=500.0 pi_loss=-0.014 v_loss=3.117 ent=1.807 kl=0.0162
[upd  185 | steps   94720 | t   57.1s | sps  1658] ret_mean=98.000 ep_len=500.0 pi_loss=-0.007 v_loss=4.174 ent=1.886 kl=0.0059
[upd  186 | steps   95232 | t   57.3s | sps  1662] ret_mean=110.000 ep_len=500.0 pi_loss=-0.009 v_loss=4.530 ent=2.091 kl=0.0070
[upd  187 | steps   95744 | t   57.4s | sps  1667] ret_mean=88.500 ep_len=500.0 pi_loss=-0.013 v_loss=2.637 ent=1.803 kl=0.0092
[upd  188 | steps   96256 | t   57.6s | sps  1671] ret_mean=114.000 ep_len=500.0 pi_loss=-0.013 v_loss=3.035 ent=2.235 kl=0.0123
[upd  189 | steps   96768 | t   57.8s | sps  1675] ret_mean=38.000 ep_len=500.0 pi_loss=-0.007 v_loss=2.822 ent=2.310 kl=0.0158
[upd  190 | steps   97280 | t   57.9s | sps  1680] ret_mean=96.000 ep_len=500.0 pi_loss=-0.015 v_loss=4.003 ent=2.476 kl=0.0104
[upd  191 | steps   97792 | t   58.1s | sps  1684] ret_mean=93.000 ep_len=500.0 pi_loss=-0.008 v_loss=9.487 ent=1.857 kl=0.0186
[upd  192 | steps   98304 | t   58.2s | sps  1688] ret_mean=199.500 ep_len=500.0 pi_loss=-0.010 v_loss=6.685 ent=1.683 kl=0.0085
[upd  193 | steps   98816 | t   58.4s | sps  1692] ret_mean=151.000 ep_len=500.0 pi_loss=-0.011 v_loss=7.651 ent=1.966 kl=0.0053
[upd  194 | steps   99328 | t   58.6s | sps  1696] ret_mean=115.000 ep_len=500.0 pi_loss=-0.012 v_loss=2.431 ent=2.251 kl=0.0066
[upd  195 | steps   99840 | t   58.7s | sps  1700] ret_mean=16.000 ep_len=500.0 pi_loss=-0.016 v_loss=4.174 ent=2.471 kl=0.0071
[upd  196 | steps  100352 | t   58.9s | sps  1704] ret_mean=137.000 ep_len=500.0 pi_loss=-0.009 v_loss=2.172 ent=2.049 kl=-0.0021
[upd  197 | steps  100864 | t   59.1s | sps  1707] ret_mean=38.500 ep_len=500.0 pi_loss=-0.017 v_loss=1.491 ent=2.408 kl=0.0273
[upd  198 | steps  101376 | t   59.2s | sps  1711] ret_mean=0.000 ep_len=500.0 pi_loss=-0.012 v_loss=1.379 ent=2.322 kl=0.0048
[upd  199 | steps  101888 | t   59.4s | sps  1715] ret_mean=79.500 ep_len=500.0 pi_loss=-0.014 v_loss=2.258 ent=2.142 kl=0.0065
[upd  200 | steps  102400 | t   59.6s | sps  1719] ret_mean=21.500 ep_len=500.0 pi_loss=-0.013 v_loss=3.540 ent=2.395 kl=0.0073
        [eval] ret_mean=4.167 ep_len=500.0
[upd  201 | steps  102912 | t   63.7s | sps  1614] ret_mean=123.000 ep_len=500.0 pi_loss=-0.014 v_loss=3.953 ent=2.154 kl=0.0134
[upd  202 | steps  103424 | t   63.9s | sps  1618] ret_mean=0.000 ep_len=500.0 pi_loss=-0.016 v_loss=0.424 ent=2.696 kl=0.0058
[upd  203 | steps  103936 | t   64.1s | sps  1622] ret_mean=88.000 ep_len=500.0 pi_loss=-0.012 v_loss=1.994 ent=2.110 kl=0.0053
[upd  204 | steps  104448 | t   64.3s | sps  1625] ret_mean=0.000 ep_len=500.0 pi_loss=-0.015 v_loss=0.529 ent=2.693 kl=0.0112
[upd  205 | steps  104960 | t   64.4s | sps  1629] ret_mean=16.000 ep_len=500.0 pi_loss=-0.010 v_loss=1.042 ent=2.644 kl=0.0062
[upd  206 | steps  105472 | t   64.6s | sps  1633] ret_mean=60.500 ep_len=500.0 pi_loss=-0.012 v_loss=2.214 ent=1.986 kl=0.0017
[upd  207 | steps  105984 | t   64.7s | sps  1637] ret_mean=89.000 ep_len=500.0 pi_loss=-0.009 v_loss=4.232 ent=1.627 kl=0.0006
[upd  208 | steps  106496 | t   64.9s | sps  1641] ret_mean=198.500 ep_len=500.0 pi_loss=-0.007 v_loss=13.325 ent=1.319 kl=0.0113
[upd  209 | steps  107008 | t   65.1s | sps  1644] ret_mean=118.000 ep_len=500.0 pi_loss=-0.014 v_loss=4.769 ent=1.975 kl=0.0088
[upd  210 | steps  107520 | t   65.2s | sps  1648] ret_mean=123.000 ep_len=500.0 pi_loss=-0.006 v_loss=3.785 ent=2.004 kl=0.0101
[upd  211 | steps  108032 | t   65.4s | sps  1652] ret_mean=123.500 ep_len=500.0 pi_loss=-0.014 v_loss=7.029 ent=1.920 kl=0.0020
[upd  212 | steps  108544 | t   65.5s | sps  1656] ret_mean=204.000 ep_len=500.0 pi_loss=-0.006 v_loss=8.626 ent=1.737 kl=0.0069
[upd  213 | steps  109056 | t   65.7s | sps  1660] ret_mean=0.000 ep_len=500.0 pi_loss=-0.019 v_loss=1.179 ent=2.415 kl=0.0133
[upd  214 | steps  109568 | t   65.9s | sps  1664] ret_mean=128.500 ep_len=500.0 pi_loss=-0.006 v_loss=3.411 ent=1.786 kl=0.0106
[upd  215 | steps  110080 | t   66.0s | sps  1668] ret_mean=85.000 ep_len=500.0 pi_loss=-0.010 v_loss=2.340 ent=2.179 kl=0.0105
[upd  216 | steps  110592 | t   66.2s | sps  1671] ret_mean=0.000 ep_len=500.0 pi_loss=-0.014 v_loss=1.365 ent=2.808 kl=0.0114
[upd  217 | steps  111104 | t   66.3s | sps  1675] ret_mean=142.500 ep_len=500.0 pi_loss=-0.011 v_loss=7.991 ent=1.628 kl=0.0136
[upd  218 | steps  111616 | t   66.5s | sps  1679] ret_mean=33.000 ep_len=500.0 pi_loss=-0.020 v_loss=2.302 ent=2.372 kl=0.0056
[upd  219 | steps  112128 | t   66.7s | sps  1682] ret_mean=111.500 ep_len=500.0 pi_loss=-0.009 v_loss=3.793 ent=1.956 kl=0.0024
[upd  220 | steps  112640 | t   66.8s | sps  1686] ret_mean=121.500 ep_len=500.0 pi_loss=-0.015 v_loss=8.948 ent=1.711 kl=0.0101
[upd  221 | steps  113152 | t   67.0s | sps  1689] ret_mean=228.000 ep_len=500.0 pi_loss=-0.013 v_loss=8.879 ent=1.922 kl=0.0138
[upd  222 | steps  113664 | t   67.1s | sps  1693] ret_mean=31.000 ep_len=500.0 pi_loss=-0.011 v_loss=2.386 ent=1.945 kl=0.0042
[upd  223 | steps  114176 | t   67.3s | sps  1697] ret_mean=161.500 ep_len=500.0 pi_loss=-0.007 v_loss=7.094 ent=2.275 kl=0.0151
[upd  224 | steps  114688 | t   67.5s | sps  1700] ret_mean=0.000 ep_len=500.0 pi_loss=-0.019 v_loss=2.562 ent=2.497 kl=0.0295
[upd  225 | steps  115200 | t   67.6s | sps  1703] ret_mean=134.000 ep_len=500.0 pi_loss=-0.007 v_loss=7.894 ent=1.162 kl=0.0088
        [eval] ret_mean=16.633 ep_len=500.0
[upd  226 | steps  115712 | t   71.6s | sps  1616] ret_mean=69.500 ep_len=500.0 pi_loss=-0.008 v_loss=2.582 ent=1.547 kl=0.0151
[upd  227 | steps  116224 | t   71.8s | sps  1620] ret_mean=0.000 ep_len=500.0 pi_loss=-0.019 v_loss=0.649 ent=3.042 kl=0.0026
[upd  228 | steps  116736 | t   71.9s | sps  1623] ret_mean=30.000 ep_len=500.0 pi_loss=-0.013 v_loss=1.345 ent=2.661 kl=0.0059
[upd  229 | steps  117248 | t   72.1s | sps  1627] ret_mean=180.000 ep_len=500.0 pi_loss=-0.014 v_loss=13.194 ent=1.681 kl=0.0206
[upd  230 | steps  117760 | t   72.2s | sps  1630] ret_mean=94.500 ep_len=500.0 pi_loss=-0.013 v_loss=3.470 ent=1.903 kl=0.0139
[upd  231 | steps  118272 | t   72.4s | sps  1634] ret_mean=80.000 ep_len=500.0 pi_loss=-0.020 v_loss=2.730 ent=1.998 kl=0.0122
[upd  232 | steps  118784 | t   72.5s | sps  1637] ret_mean=116.500 ep_len=500.0 pi_loss=-0.011 v_loss=2.420 ent=1.475 kl=0.0124
[upd  233 | steps  119296 | t   72.7s | sps  1641] ret_mean=0.000 ep_len=500.0 pi_loss=-0.013 v_loss=0.260 ent=3.043 kl=0.0074
[upd  234 | steps  119808 | t   72.9s | sps  1644] ret_mean=0.000 ep_len=500.0 pi_loss=-0.018 v_loss=0.427 ent=2.936 kl=0.0042
[upd  235 | steps  120320 | t   73.0s | sps  1648] ret_mean=94.500 ep_len=500.0 pi_loss=-0.011 v_loss=6.890 ent=1.458 kl=0.0042
[upd  236 | steps  120832 | t   73.2s | sps  1651] ret_mean=238.500 ep_len=500.0 pi_loss=-0.007 v_loss=13.139 ent=1.226 kl=0.0094
[upd  237 | steps  121344 | t   73.3s | sps  1655] ret_mean=113.000 ep_len=500.0 pi_loss=-0.009 v_loss=2.805 ent=2.311 kl=0.0109
[upd  238 | steps  121856 | t   73.5s | sps  1658] ret_mean=0.000 ep_len=500.0 pi_loss=-0.009 v_loss=0.777 ent=2.034 kl=0.0058
[upd  239 | steps  122368 | t   73.6s | sps  1662] ret_mean=0.000 ep_len=500.0 pi_loss=-0.011 v_loss=1.199 ent=2.554 kl=0.0108
[upd  240 | steps  122880 | t   73.8s | sps  1665] ret_mean=108.500 ep_len=500.0 pi_loss=-0.007 v_loss=2.240 ent=1.987 kl=0.0099
[upd  241 | steps  123392 | t   74.0s | sps  1668] ret_mean=0.000 ep_len=500.0 pi_loss=-0.016 v_loss=1.439 ent=2.462 kl=0.0113
[upd  242 | steps  123904 | t   74.1s | sps  1672] ret_mean=117.000 ep_len=500.0 pi_loss=-0.006 v_loss=3.421 ent=1.496 kl=0.0058
[upd  243 | steps  124416 | t   74.3s | sps  1675] ret_mean=120.500 ep_len=500.0 pi_loss=-0.014 v_loss=2.904 ent=1.640 kl=0.0078
[upd  244 | steps  124928 | t   74.4s | sps  1678] ret_mean=55.500 ep_len=500.0 pi_loss=-0.010 v_loss=2.291 ent=2.355 kl=0.0007
[upd  245 | steps  125440 | t   74.6s | sps  1681] ret_mean=0.000 ep_len=500.0 pi_loss=-0.015 v_loss=7.588 ent=2.070 kl=0.0154
[upd  246 | steps  125952 | t   74.8s | sps  1684] ret_mean=245.500 ep_len=500.0 pi_loss=-0.008 v_loss=7.819 ent=1.517 kl=0.0138
[upd  247 | steps  126464 | t   75.0s | sps  1686] ret_mean=18.500 ep_len=500.0 pi_loss=-0.013 v_loss=8.042 ent=2.211 kl=0.0139
[upd  248 | steps  126976 | t   75.2s | sps  1689] ret_mean=192.500 ep_len=500.0 pi_loss=-0.012 v_loss=5.332 ent=2.120 kl=0.0236
[upd  249 | steps  127488 | t   75.4s | sps  1692] ret_mean=0.000 ep_len=500.0 pi_loss=-0.016 v_loss=4.435 ent=2.047 kl=0.0198
[upd  250 | steps  128000 | t   75.5s | sps  1695] ret_mean=188.500 ep_len=500.0 pi_loss=-0.009 v_loss=7.445 ent=1.651 kl=0.0136
        [eval] ret_mean=29.050 ep_len=500.0
[upd  251 | steps  128512 | t   79.5s | sps  1617] ret_mean=106.000 ep_len=500.0 pi_loss=-0.014 v_loss=3.213 ent=2.132 kl=0.0203
[upd  252 | steps  129024 | t   79.6s | sps  1620] ret_mean=0.000 ep_len=500.0 pi_loss=-0.012 v_loss=1.233 ent=2.087 kl=0.0072
[upd  253 | steps  129536 | t   79.8s | sps  1623] ret_mean=115.000 ep_len=500.0 pi_loss=-0.013 v_loss=2.317 ent=1.897 kl=0.0048
[upd  254 | steps  130048 | t   80.0s | sps  1626] ret_mean=125.000 ep_len=500.0 pi_loss=-0.010 v_loss=2.725 ent=1.753 kl=0.0111
[upd  255 | steps  130560 | t   80.2s | sps  1629] ret_mean=0.000 ep_len=500.0 pi_loss=-0.014 v_loss=1.326 ent=2.173 kl=0.0123
[upd  256 | steps  131072 | t   80.3s | sps  1632] ret_mean=61.500 ep_len=500.0 pi_loss=-0.013 v_loss=1.663 ent=2.259 kl=0.0125
[upd  257 | steps  131584 | t   80.5s | sps  1634] ret_mean=107.000 ep_len=500.0 pi_loss=-0.009 v_loss=3.010 ent=2.100 kl=0.0071
[upd  258 | steps  132096 | t   80.7s | sps  1637] ret_mean=88.500 ep_len=500.0 pi_loss=-0.017 v_loss=3.603 ent=2.208 kl=0.0196
[upd  259 | steps  132608 | t   80.9s | sps  1639] ret_mean=0.000 ep_len=500.0 pi_loss=-0.012 v_loss=0.725 ent=2.966 kl=0.0080
[upd  260 | steps  133120 | t   81.1s | sps  1641] ret_mean=101.000 ep_len=500.0 pi_loss=-0.006 v_loss=2.661 ent=1.588 kl=0.0101
[upd  261 | steps  133632 | t   81.3s | sps  1644] ret_mean=11.500 ep_len=500.0 pi_loss=-0.015 v_loss=1.299 ent=2.317 kl=0.0127
[upd  262 | steps  134144 | t   81.5s | sps  1646] ret_mean=87.000 ep_len=500.0 pi_loss=-0.009 v_loss=3.144 ent=1.492 kl=0.0160
[upd  263 | steps  134656 | t   81.7s | sps  1649] ret_mean=125.000 ep_len=500.0 pi_loss=-0.012 v_loss=2.275 ent=1.887 kl=0.0137
[upd  264 | steps  135168 | t   81.8s | sps  1652] ret_mean=0.000 ep_len=500.0 pi_loss=-0.013 v_loss=1.046 ent=2.926 kl=0.0037
[upd  265 | steps  135680 | t   82.0s | sps  1655] ret_mean=99.500 ep_len=500.0 pi_loss=-0.011 v_loss=2.810 ent=1.915 kl=0.0047
[upd  266 | steps  136192 | t   82.2s | sps  1658] ret_mean=46.000 ep_len=500.0 pi_loss=-0.010 v_loss=1.833 ent=2.599 kl=0.0065
[upd  267 | steps  136704 | t   82.3s | sps  1661] ret_mean=86.000 ep_len=500.0 pi_loss=-0.010 v_loss=2.699 ent=2.314 kl=0.0065
[upd  268 | steps  137216 | t   82.5s | sps  1664] ret_mean=146.000 ep_len=500.0 pi_loss=-0.015 v_loss=12.023 ent=1.295 kl=0.0227
[upd  269 | steps  137728 | t   82.6s | sps  1667] ret_mean=200.000 ep_len=500.0 pi_loss=-0.015 v_loss=9.280 ent=1.263 kl=0.0347
[upd  270 | steps  138240 | t   82.8s | sps  1670] ret_mean=123.000 ep_len=500.0 pi_loss=-0.010 v_loss=2.538 ent=2.034 kl=0.0056
[upd  271 | steps  138752 | t   83.0s | sps  1672] ret_mean=112.500 ep_len=500.0 pi_loss=-0.012 v_loss=7.342 ent=1.567 kl=0.0048
[upd  272 | steps  139264 | t   83.2s | sps  1675] ret_mean=200.500 ep_len=500.0 pi_loss=-0.005 v_loss=7.298 ent=1.864 kl=0.0133
[upd  273 | steps  139776 | t   83.3s | sps  1677] ret_mean=48.000 ep_len=500.0 pi_loss=-0.007 v_loss=7.575 ent=1.672 kl=0.0079
[upd  274 | steps  140288 | t   83.5s | sps  1680] ret_mean=160.000 ep_len=500.0 pi_loss=-0.015 v_loss=1.745 ent=1.945 kl=0.0124
[upd  275 | steps  140800 | t   83.7s | sps  1683] ret_mean=24.000 ep_len=500.0 pi_loss=-0.015 v_loss=2.859 ent=1.678 kl=0.0151
        [eval] ret_mean=24.867 ep_len=500.0
[upd  276 | steps  141312 | t   88.4s | sps  1598] ret_mean=122.000 ep_len=500.0 pi_loss=-0.010 v_loss=2.861 ent=1.635 kl=0.0059
[upd  277 | steps  141824 | t   88.6s | sps  1601] ret_mean=155.500 ep_len=500.0 pi_loss=-0.011 v_loss=7.516 ent=1.696 kl=0.0051
[upd  278 | steps  142336 | t   88.8s | sps  1604] ret_mean=78.500 ep_len=500.0 pi_loss=-0.013 v_loss=3.165 ent=2.066 kl=0.0148
[upd  279 | steps  142848 | t   88.9s | sps  1607] ret_mean=195.000 ep_len=500.0 pi_loss=-0.006 v_loss=9.523 ent=1.216 kl=0.0070
[upd  280 | steps  143360 | t   89.1s | sps  1609] ret_mean=81.000 ep_len=500.0 pi_loss=-0.009 v_loss=2.338 ent=2.012 kl=0.0027
[upd  281 | steps  143872 | t   89.2s | sps  1612] ret_mean=220.000 ep_len=500.0 pi_loss=-0.006 v_loss=12.884 ent=0.941 kl=0.0003
[upd  282 | steps  144384 | t   89.4s | sps  1615] ret_mean=237.000 ep_len=500.0 pi_loss=-0.007 v_loss=11.538 ent=0.972 kl=0.0113
[upd  283 | steps  144896 | t   89.6s | sps  1617] ret_mean=71.500 ep_len=500.0 pi_loss=-0.013 v_loss=2.916 ent=2.252 kl=0.0044
[upd  284 | steps  145408 | t   89.8s | sps  1620] ret_mean=124.000 ep_len=500.0 pi_loss=-0.009 v_loss=2.976 ent=1.884 kl=0.0071
[upd  285 | steps  145920 | t   90.0s | sps  1622] ret_mean=43.500 ep_len=500.0 pi_loss=-0.013 v_loss=2.540 ent=2.023 kl=0.0022
[upd  286 | steps  146432 | t   90.1s | sps  1625] ret_mean=17.500 ep_len=500.0 pi_loss=-0.013 v_loss=2.800 ent=2.239 kl=0.0063
[upd  287 | steps  146944 | t   90.3s | sps  1627] ret_mean=204.500 ep_len=500.0 pi_loss=-0.002 v_loss=14.052 ent=1.033 kl=0.0067
[upd  288 | steps  147456 | t   90.5s | sps  1630] ret_mean=225.000 ep_len=500.0 pi_loss=-0.006 v_loss=12.278 ent=0.945 kl=0.0036
[upd  289 | steps  147968 | t   90.6s | sps  1633] ret_mean=219.500 ep_len=500.0 pi_loss=-0.006 v_loss=9.058 ent=1.061 kl=0.0078
[upd  290 | steps  148480 | t   90.8s | sps  1635] ret_mean=111.500 ep_len=500.0 pi_loss=-0.012 v_loss=2.854 ent=1.955 kl=0.0149
[upd  291 | steps  148992 | t   90.9s | sps  1638] ret_mean=2.500 ep_len=500.0 pi_loss=-0.012 v_loss=1.494 ent=2.504 kl=0.0126
[upd  292 | steps  149504 | t   91.1s | sps  1641] ret_mean=139.500 ep_len=500.0 pi_loss=-0.018 v_loss=5.881 ent=1.879 kl=0.0139
[upd  293 | steps  150016 | t   91.3s | sps  1644] ret_mean=53.000 ep_len=500.0 pi_loss=-0.014 v_loss=4.121 ent=2.087 kl=-0.0046
[upd  294 | steps  150528 | t   91.4s | sps  1646] ret_mean=173.000 ep_len=500.0 pi_loss=-0.011 v_loss=8.059 ent=1.506 kl=0.0079
[upd  295 | steps  151040 | t   91.6s | sps  1649] ret_mean=72.500 ep_len=500.0 pi_loss=-0.010 v_loss=1.899 ent=2.478 kl=0.0121
[upd  296 | steps  151552 | t   91.8s | sps  1651] ret_mean=57.000 ep_len=500.0 pi_loss=-0.017 v_loss=2.343 ent=2.443 kl=0.0081
[upd  297 | steps  152064 | t   92.0s | sps  1654] ret_mean=96.000 ep_len=500.0 pi_loss=-0.007 v_loss=7.687 ent=1.934 kl=-0.0023
[upd  298 | steps  152576 | t   92.2s | sps  1655] ret_mean=123.000 ep_len=500.0 pi_loss=-0.011 v_loss=8.433 ent=1.777 kl=0.0009
[upd  299 | steps  153088 | t   92.4s | sps  1657] ret_mean=218.500 ep_len=500.0 pi_loss=-0.008 v_loss=8.553 ent=1.616 kl=0.0222
[upd  300 | steps  153600 | t   92.6s | sps  1658] ret_mean=150.500 ep_len=500.0 pi_loss=-0.009 v_loss=7.004 ent=1.815 kl=0.0207
        [eval] ret_mean=33.133 ep_len=500.0
[upd  301 | steps  154112 | t   96.9s | sps  1591] ret_mean=102.000 ep_len=500.0 pi_loss=-0.014 v_loss=2.990 ent=2.048 kl=0.0208
[upd  302 | steps  154624 | t   97.0s | sps  1593] ret_mean=154.000 ep_len=500.0 pi_loss=-0.010 v_loss=5.240 ent=1.311 kl=0.0108
[upd  303 | steps  155136 | t   97.2s | sps  1596] ret_mean=100.500 ep_len=500.0 pi_loss=-0.007 v_loss=2.840 ent=1.990 kl=0.0052
[upd  304 | steps  155648 | t   97.4s | sps  1599] ret_mean=105.000 ep_len=500.0 pi_loss=-0.010 v_loss=3.100 ent=2.191 kl=0.0025
[upd  305 | steps  156160 | t   97.5s | sps  1601] ret_mean=79.500 ep_len=500.0 pi_loss=-0.017 v_loss=3.555 ent=2.226 kl=-0.0008
[upd  306 | steps  156672 | t   97.7s | sps  1604] ret_mean=189.000 ep_len=500.0 pi_loss=-0.011 v_loss=9.526 ent=1.713 kl=0.0165
[upd  307 | steps  157184 | t   97.8s | sps  1607] ret_mean=167.000 ep_len=500.0 pi_loss=-0.005 v_loss=9.321 ent=1.968 kl=0.0075
[upd  308 | steps  157696 | t   98.0s | sps  1609] ret_mean=117.000 ep_len=500.0 pi_loss=-0.011 v_loss=2.534 ent=2.107 kl=0.0058
[upd  309 | steps  158208 | t   98.2s | sps  1612] ret_mean=165.500 ep_len=500.0 pi_loss=-0.013 v_loss=7.231 ent=1.826 kl=0.0038
[upd  310 | steps  158720 | t   98.3s | sps  1614] ret_mean=104.500 ep_len=500.0 pi_loss=-0.009 v_loss=4.175 ent=2.077 kl=0.0003
[upd  311 | steps  159232 | t   98.5s | sps  1617] ret_mean=246.000 ep_len=500.0 pi_loss=-0.010 v_loss=10.021 ent=1.346 kl=-0.0062
[upd  312 | steps  159744 | t   98.6s | sps  1619] ret_mean=123.000 ep_len=500.0 pi_loss=-0.012 v_loss=3.685 ent=2.371 kl=0.0078
[upd  313 | steps  160256 | t   98.8s | sps  1622] ret_mean=104.500 ep_len=500.0 pi_loss=-0.015 v_loss=6.501 ent=2.124 kl=0.0071
[upd  314 | steps  160768 | t   99.0s | sps  1625] ret_mean=192.500 ep_len=500.0 pi_loss=-0.015 v_loss=4.640 ent=1.875 kl=0.0124
[upd  315 | steps  161280 | t   99.1s | sps  1627] ret_mean=163.500 ep_len=500.0 pi_loss=-0.010 v_loss=9.614 ent=1.728 kl=0.0107
[upd  316 | steps  161792 | t   99.3s | sps  1629] ret_mean=78.500 ep_len=500.0 pi_loss=-0.012 v_loss=4.865 ent=2.143 kl=0.0048
[upd  317 | steps  162304 | t   99.4s | sps  1632] ret_mean=190.000 ep_len=500.0 pi_loss=-0.007 v_loss=11.230 ent=1.544 kl=0.0038
[upd  318 | steps  162816 | t   99.6s | sps  1635] ret_mean=231.000 ep_len=500.0 pi_loss=-0.013 v_loss=8.810 ent=1.952 kl=0.0149
[upd  319 | steps  163328 | t   99.8s | sps  1637] ret_mean=29.000 ep_len=500.0 pi_loss=-0.020 v_loss=3.993 ent=2.877 kl=0.0040
[upd  320 | steps  163840 | t   99.9s | sps  1639] ret_mean=30.000 ep_len=500.0 pi_loss=-0.020 v_loss=2.142 ent=2.233 kl=0.0101
[upd  321 | steps  164352 | t  100.1s | sps  1642] ret_mean=123.000 ep_len=500.0 pi_loss=-0.012 v_loss=4.230 ent=1.723 kl=0.0042
[upd  322 | steps  164864 | t  100.3s | sps  1644] ret_mean=105.000 ep_len=500.0 pi_loss=-0.010 v_loss=3.192 ent=2.217 kl=0.0091
[upd  323 | steps  165376 | t  100.4s | sps  1647] ret_mean=0.000 ep_len=500.0 pi_loss=-0.013 v_loss=2.408 ent=2.692 kl=0.0187
[upd  324 | steps  165888 | t  100.6s | sps  1649] ret_mean=0.000 ep_len=500.0 pi_loss=-0.013 v_loss=6.766 ent=1.950 kl=0.0111
[upd  325 | steps  166400 | t  100.7s | sps  1652] ret_mean=242.000 ep_len=500.0 pi_loss=-0.007 v_loss=11.205 ent=1.105 kl=0.0045
        [eval] ret_mean=16.583 ep_len=500.0
[upd  326 | steps  166912 | t  104.7s | sps  1594] ret_mean=112.500 ep_len=500.0 pi_loss=-0.013 v_loss=2.793 ent=2.026 kl=0.0037
[upd  327 | steps  167424 | t  104.9s | sps  1596] ret_mean=127.500 ep_len=500.0 pi_loss=-0.015 v_loss=8.658 ent=1.805 kl=0.0187
[upd  328 | steps  167936 | t  105.1s | sps  1599] ret_mean=241.000 ep_len=500.0 pi_loss=-0.008 v_loss=11.877 ent=1.003 kl=0.0090
[upd  329 | steps  168448 | t  105.2s | sps  1601] ret_mean=29.500 ep_len=500.0 pi_loss=-0.017 v_loss=3.307 ent=2.859 kl=0.0131
[upd  330 | steps  168960 | t  105.4s | sps  1603] ret_mean=117.500 ep_len=500.0 pi_loss=-0.010 v_loss=2.999 ent=2.238 kl=0.0048
[upd  331 | steps  169472 | t  105.5s | sps  1606] ret_mean=122.500 ep_len=500.0 pi_loss=-0.012 v_loss=3.156 ent=2.018 kl=0.0158
[upd  332 | steps  169984 | t  105.7s | sps  1608] ret_mean=41.000 ep_len=500.0 pi_loss=-0.016 v_loss=3.027 ent=2.708 kl=0.0174
[upd  333 | steps  170496 | t  105.9s | sps  1611] ret_mean=161.000 ep_len=500.0 pi_loss=-0.010 v_loss=9.381 ent=2.084 kl=0.0224
[upd  334 | steps  171008 | t  106.0s | sps  1613] ret_mean=97.000 ep_len=500.0 pi_loss=-0.013 v_loss=3.316 ent=2.242 kl=0.0050
[upd  335 | steps  171520 | t  106.2s | sps  1615] ret_mean=118.500 ep_len=500.0 pi_loss=-0.013 v_loss=3.326 ent=2.183 kl=0.0031
[upd  336 | steps  172032 | t  106.4s | sps  1617] ret_mean=118.000 ep_len=500.0 pi_loss=-0.012 v_loss=2.339 ent=2.488 kl=0.0194
[upd  337 | steps  172544 | t  106.5s | sps  1620] ret_mean=142.500 ep_len=500.0 pi_loss=-0.011 v_loss=7.324 ent=2.398 kl=0.0039
[upd  338 | steps  173056 | t  106.7s | sps  1622] ret_mean=62.000 ep_len=500.0 pi_loss=-0.014 v_loss=4.176 ent=2.830 kl=0.0055
[upd  339 | steps  173568 | t  106.9s | sps  1624] ret_mean=0.000 ep_len=500.0 pi_loss=-0.015 v_loss=4.549 ent=2.598 kl=0.0092
[upd  340 | steps  174080 | t  107.0s | sps  1626] ret_mean=247.000 ep_len=500.0 pi_loss=-0.010 v_loss=9.042 ent=2.086 kl=0.0053
[upd  341 | steps  174592 | t  107.2s | sps  1628] ret_mean=130.000 ep_len=500.0 pi_loss=-0.013 v_loss=9.370 ent=2.122 kl=0.0034
[upd  342 | steps  175104 | t  107.4s | sps  1631] ret_mean=158.000 ep_len=500.0 pi_loss=-0.010 v_loss=7.561 ent=2.482 kl=0.0023
[upd  343 | steps  175616 | t  107.5s | sps  1633] ret_mean=10.500 ep_len=500.0 pi_loss=-0.012 v_loss=5.125 ent=2.595 kl=0.0011
[upd  344 | steps  176128 | t  107.7s | sps  1636] ret_mean=214.500 ep_len=500.0 pi_loss=-0.011 v_loss=8.519 ent=2.151 kl=0.0106
[upd  345 | steps  176640 | t  107.9s | sps  1638] ret_mean=0.000 ep_len=500.0 pi_loss=-0.015 v_loss=1.258 ent=2.722 kl=0.0137
[upd  346 | steps  177152 | t  108.0s | sps  1640] ret_mean=127.500 ep_len=500.0 pi_loss=-0.015 v_loss=4.401 ent=2.426 kl=0.0097
[upd  347 | steps  177664 | t  108.2s | sps  1642] ret_mean=0.000 ep_len=500.0 pi_loss=-0.013 v_loss=1.901 ent=2.810 kl=0.0060
[upd  348 | steps  178176 | t  108.3s | sps  1644] ret_mean=100.000 ep_len=500.0 pi_loss=-0.011 v_loss=2.569 ent=2.559 kl=0.0102
[upd  349 | steps  178688 | t  108.5s | sps  1647] ret_mean=74.500 ep_len=500.0 pi_loss=-0.009 v_loss=4.566 ent=2.177 kl=0.0087
[upd  350 | steps  179200 | t  108.7s | sps  1649] ret_mean=187.500 ep_len=500.0 pi_loss=-0.011 v_loss=6.787 ent=2.350 kl=0.0093
        [eval] ret_mean=33.100 ep_len=500.0
[upd  351 | steps  179712 | t  112.7s | sps  1594] ret_mean=200.000 ep_len=500.0 pi_loss=-0.014 v_loss=13.289 ent=1.740 kl=0.0191
[upd  352 | steps  180224 | t  112.9s | sps  1597] ret_mean=44.000 ep_len=500.0 pi_loss=-0.011 v_loss=5.540 ent=2.886 kl=0.0038
[upd  353 | steps  180736 | t  113.0s | sps  1599] ret_mean=41.500 ep_len=500.0 pi_loss=-0.015 v_loss=6.489 ent=2.890 kl=0.0021
[upd  354 | steps  181248 | t  113.2s | sps  1601] ret_mean=56.500 ep_len=500.0 pi_loss=-0.018 v_loss=3.042 ent=2.775 kl=0.0075
[upd  355 | steps  181760 | t  113.4s | sps  1603] ret_mean=207.500 ep_len=500.0 pi_loss=-0.010 v_loss=10.067 ent=1.481 kl=0.0097
[upd  356 | steps  182272 | t  113.5s | sps  1605] ret_mean=109.000 ep_len=500.0 pi_loss=-0.008 v_loss=3.402 ent=2.085 kl=0.0066
[upd  357 | steps  182784 | t  113.7s | sps  1607] ret_mean=128.000 ep_len=500.0 pi_loss=-0.010 v_loss=3.294 ent=2.447 kl=0.0014
[upd  358 | steps  183296 | t  113.9s | sps  1610] ret_mean=113.000 ep_len=500.0 pi_loss=-0.013 v_loss=3.204 ent=2.363 kl=0.0107
[upd  359 | steps  183808 | t  114.0s | sps  1612] ret_mean=120.000 ep_len=500.0 pi_loss=-0.016 v_loss=5.521 ent=2.382 kl=0.0035
[upd  360 | steps  184320 | t  114.2s | sps  1614] ret_mean=101.000 ep_len=500.0 pi_loss=-0.011 v_loss=2.357 ent=2.682 kl=0.0042
[upd  361 | steps  184832 | t  114.4s | sps  1616] ret_mean=80.000 ep_len=500.0 pi_loss=-0.015 v_loss=3.551 ent=2.861 kl=0.0095
[upd  362 | steps  185344 | t  114.5s | sps  1618] ret_mean=44.000 ep_len=500.0 pi_loss=-0.017 v_loss=2.971 ent=2.760 kl=0.0092
[upd  363 | steps  185856 | t  114.7s | sps  1621] ret_mean=127.500 ep_len=500.0 pi_loss=-0.011 v_loss=4.422 ent=2.715 kl=0.0069
[upd  364 | steps  186368 | t  114.8s | sps  1623] ret_mean=0.000 ep_len=500.0 pi_loss=-0.013 v_loss=2.304 ent=3.194 kl=0.0091
[upd  365 | steps  186880 | t  115.0s | sps  1625] ret_mean=89.000 ep_len=500.0 pi_loss=-0.013 v_loss=3.551 ent=2.677 kl=0.0077
[upd  366 | steps  187392 | t  115.2s | sps  1627] ret_mean=68.500 ep_len=500.0 pi_loss=-0.012 v_loss=4.887 ent=2.375 kl=0.0110
[upd  367 | steps  187904 | t  115.3s | sps  1630] ret_mean=206.500 ep_len=500.0 pi_loss=-0.012 v_loss=10.647 ent=1.931 kl=0.0074
[upd  368 | steps  188416 | t  115.5s | sps  1632] ret_mean=157.500 ep_len=500.0 pi_loss=-0.010 v_loss=5.780 ent=2.268 kl=0.0065
[upd  369 | steps  188928 | t  115.6s | sps  1634] ret_mean=185.500 ep_len=500.0 pi_loss=-0.007 v_loss=5.526 ent=2.605 kl=0.0086
[upd  370 | steps  189440 | t  115.8s | sps  1636] ret_mean=30.000 ep_len=500.0 pi_loss=-0.015 v_loss=6.911 ent=2.447 kl=0.0060
[upd  371 | steps  189952 | t  115.9s | sps  1638] ret_mean=217.000 ep_len=500.0 pi_loss=-0.006 v_loss=8.000 ent=2.182 kl=0.0043
[upd  372 | steps  190464 | t  116.1s | sps  1640] ret_mean=28.500 ep_len=500.0 pi_loss=-0.012 v_loss=4.665 ent=2.558 kl=0.0127
[upd  373 | steps  190976 | t  116.3s | sps  1642] ret_mean=187.500 ep_len=500.0 pi_loss=-0.012 v_loss=7.262 ent=2.018 kl=0.0091
[upd  374 | steps  191488 | t  116.4s | sps  1644] ret_mean=120.500 ep_len=500.0 pi_loss=-0.013 v_loss=3.398 ent=2.366 kl=0.0106
[upd  375 | steps  192000 | t  116.6s | sps  1647] ret_mean=108.000 ep_len=500.0 pi_loss=-0.014 v_loss=4.460 ent=2.348 kl=0.0141
        [eval] ret_mean=45.217 ep_len=500.0
[upd  376 | steps  192512 | t  121.3s | sps  1587] ret_mean=212.000 ep_len=500.0 pi_loss=-0.010 v_loss=10.784 ent=1.957 kl=0.0095
[upd  377 | steps  193024 | t  121.5s | sps  1589] ret_mean=138.000 ep_len=500.0 pi_loss=-0.016 v_loss=5.712 ent=2.224 kl=0.0070
[upd  378 | steps  193536 | t  121.6s | sps  1591] ret_mean=145.500 ep_len=500.0 pi_loss=-0.020 v_loss=7.522 ent=2.301 kl=0.0017
[upd  379 | steps  194048 | t  121.8s | sps  1593] ret_mean=116.000 ep_len=500.0 pi_loss=-0.011 v_loss=3.543 ent=2.244 kl=0.0100
[upd  380 | steps  194560 | t  122.0s | sps  1595] ret_mean=144.000 ep_len=500.0 pi_loss=-0.017 v_loss=8.869 ent=2.170 kl=0.0137
[upd  381 | steps  195072 | t  122.1s | sps  1597] ret_mean=123.000 ep_len=500.0 pi_loss=-0.008 v_loss=4.315 ent=2.211 kl=0.0204
[upd  382 | steps  195584 | t  122.3s | sps  1599] ret_mean=122.500 ep_len=500.0 pi_loss=-0.009 v_loss=4.471 ent=2.371 kl=0.0057
[upd  383 | steps  196096 | t  122.4s | sps  1602] ret_mean=217.000 ep_len=500.0 pi_loss=-0.012 v_loss=8.176 ent=1.956 kl=0.0058
[upd  384 | steps  196608 | t  122.6s | sps  1604] ret_mean=119.000 ep_len=500.0 pi_loss=-0.010 v_loss=3.442 ent=2.205 kl=0.0041
[upd  385 | steps  197120 | t  122.7s | sps  1606] ret_mean=211.000 ep_len=500.0 pi_loss=-0.012 v_loss=11.354 ent=1.953 kl=0.0155
[upd  386 | steps  197632 | t  122.9s | sps  1608] ret_mean=200.000 ep_len=500.0 pi_loss=-0.016 v_loss=8.440 ent=2.073 kl=0.0061
[upd  387 | steps  198144 | t  123.1s | sps  1610] ret_mean=87.500 ep_len=500.0 pi_loss=-0.017 v_loss=4.428 ent=2.665 kl=0.0051
[upd  388 | steps  198656 | t  123.3s | sps  1612] ret_mean=198.500 ep_len=500.0 pi_loss=-0.010 v_loss=8.366 ent=2.133 kl=0.0122
[upd  389 | steps  199168 | t  123.4s | sps  1614] ret_mean=237.500 ep_len=500.0 pi_loss=-0.010 v_loss=11.161 ent=1.987 kl=0.0057
[upd  390 | steps  199680 | t  123.6s | sps  1616] ret_mean=94.500 ep_len=500.0 pi_loss=-0.013 v_loss=5.269 ent=2.367 kl=0.0013
[upd  391 | steps  200192 | t  123.7s | sps  1618] ret_mean=235.500 ep_len=500.0 pi_loss=-0.008 v_loss=10.899 ent=1.967 kl=0.0081
[upd  392 | steps  200704 | t  123.9s | sps  1620] ret_mean=121.000 ep_len=500.0 pi_loss=-0.014 v_loss=4.941 ent=2.749 kl=0.0055
[upd  393 | steps  201216 | t  124.1s | sps  1622] ret_mean=81.500 ep_len=500.0 pi_loss=-0.013 v_loss=4.523 ent=2.639 kl=0.0018
[upd  394 | steps  201728 | t  124.3s | sps  1623] ret_mean=25.000 ep_len=500.0 pi_loss=-0.013 v_loss=8.766 ent=2.843 kl=0.0055
[upd  395 | steps  202240 | t  124.5s | sps  1625] ret_mean=114.000 ep_len=500.0 pi_loss=-0.017 v_loss=11.136 ent=1.940 kl=0.0032
[upd  396 | steps  202752 | t  124.7s | sps  1625] ret_mean=213.500 ep_len=500.0 pi_loss=-0.008 v_loss=12.532 ent=2.168 kl=0.0059
[upd  397 | steps  203264 | t  124.9s | sps  1627] ret_mean=14.500 ep_len=500.0 pi_loss=-0.015 v_loss=4.956 ent=2.757 kl=0.0024
[upd  398 | steps  203776 | t  125.1s | sps  1629] ret_mean=88.000 ep_len=500.0 pi_loss=-0.012 v_loss=4.703 ent=2.577 kl=0.0073
[upd  399 | steps  204288 | t  125.3s | sps  1630] ret_mean=89.500 ep_len=500.0 pi_loss=-0.015 v_loss=3.756 ent=2.451 kl=0.0122
[upd  400 | steps  204800 | t  125.5s | sps  1632] ret_mean=152.500 ep_len=500.0 pi_loss=-0.007 v_loss=8.112 ent=2.382 kl=0.0071
        [eval] ret_mean=57.967 ep_len=500.0
