$ /Users/samchen/Coding/CLASSES/CS2860/.venv/bin/python3 -m policies.train --env rware-tiny-2ag-easy-v2 --seed 2 --updates 400 --rollout 512 --eval-every 25 --eval-episodes 30 --log-dir matrix_results/diagnostics_v1_sam/comm_2ag/main_tiny --run-name mappo-no-comm__baseline__d0__s2 --n-msg-tokens 8 --no-comm --shape-rewards --pickup-bonus 0.5

[env] EnvSpec(env_id='rware-tiny-2ag-easy-v2', n_agents=2, obs_dim=71, n_env_actions=5, noop_action=0, family='rware')  (n_msg_tokens=1)
[cfg] {'clip_range': 0.2, 'value_clip_range': 0.2, 'entropy_coef': 0.01, 'value_coef': 0.5, 'max_grad_norm': 0.5, 'gamma': 0.99, 'gae_lambda': 0.95, 'lr_actor': 0.0003, 'lr_critic': 0.001, 'update_epochs': 4, 'minibatches': 4, 'hidden': 128, 'depth': 2, 'device': 'cpu', 'extra': {}}
[log] writing to matrix_results/diagnostics_v1_sam/comm_2ag/main_tiny/mappo-no-comm__baseline__d0__s2
[upd    1 | steps     512 | t    0.2s | sps  2545] ret_mean=0.000 ep_len=500.0 pi_loss=-0.000 v_loss=0.063 ent=1.608 kl=-0.0023
[upd    2 | steps    1024 | t    0.4s | sps  2865] ret_mean=0.500 ep_len=500.0 pi_loss=-0.007 v_loss=0.013 ent=1.608 kl=0.0035
[upd    3 | steps    1536 | t    0.5s | sps  3010] ret_mean=1.500 ep_len=500.0 pi_loss=-0.004 v_loss=0.020 ent=1.602 kl=-0.0014
[upd    4 | steps    2048 | t    0.7s | sps  3116] ret_mean=0.000 ep_len=500.0 pi_loss=-0.003 v_loss=0.007 ent=1.601 kl=0.0013
[upd    5 | steps    2560 | t    0.9s | sps  2898] ret_mean=0.500 ep_len=500.0 pi_loss=-0.004 v_loss=0.004 ent=1.602 kl=0.0023
[upd    6 | steps    3072 | t    1.0s | sps  2967] ret_mean=0.500 ep_len=500.0 pi_loss=-0.006 v_loss=0.004 ent=1.598 kl=0.0055
[upd    7 | steps    3584 | t    1.2s | sps  2973] ret_mean=2.000 ep_len=500.0 pi_loss=-0.007 v_loss=0.019 ent=1.599 kl=0.0046
[upd    8 | steps    4096 | t    1.4s | sps  3002] ret_mean=3.000 ep_len=500.0 pi_loss=-0.005 v_loss=0.016 ent=1.600 kl=0.0012
[upd    9 | steps    4608 | t    1.5s | sps  3039] ret_mean=0.500 ep_len=500.0 pi_loss=-0.000 v_loss=0.004 ent=1.585 kl=-0.0010
[upd   10 | steps    5120 | t    1.7s | sps  3075] ret_mean=2.000 ep_len=500.0 pi_loss=-0.009 v_loss=0.020 ent=1.579 kl=0.0100
[upd   11 | steps    5632 | t    1.8s | sps  3095] ret_mean=1.500 ep_len=500.0 pi_loss=-0.006 v_loss=0.002 ent=1.570 kl=0.0002
[upd   12 | steps    6144 | t    2.0s | sps  3124] ret_mean=0.000 ep_len=500.0 pi_loss=-0.003 v_loss=0.003 ent=1.569 kl=0.0016
[upd   13 | steps    6656 | t    2.1s | sps  3138] ret_mean=0.000 ep_len=500.0 pi_loss=-0.010 v_loss=0.008 ent=1.566 kl=0.0056
[upd   14 | steps    7168 | t    2.3s | sps  3149] ret_mean=3.000 ep_len=500.0 pi_loss=-0.005 v_loss=0.016 ent=1.554 kl=0.0044
[upd   15 | steps    7680 | t    2.4s | sps  3167] ret_mean=2.500 ep_len=500.0 pi_loss=-0.007 v_loss=0.011 ent=1.557 kl=0.0004
[upd   16 | steps    8192 | t    2.6s | sps  3178] ret_mean=0.000 ep_len=500.0 pi_loss=-0.006 v_loss=0.003 ent=1.569 kl=0.0004
[upd   17 | steps    8704 | t    2.7s | sps  3190] ret_mean=0.000 ep_len=500.0 pi_loss=-0.007 v_loss=0.003 ent=1.561 kl=0.0024
[upd   18 | steps    9216 | t    2.9s | sps  3199] ret_mean=0.500 ep_len=500.0 pi_loss=-0.011 v_loss=0.001 ent=1.546 kl=0.0104
[upd   19 | steps    9728 | t    3.0s | sps  3209] ret_mean=0.000 ep_len=500.0 pi_loss=-0.006 v_loss=0.001 ent=1.512 kl=0.0062
[upd   20 | steps   10240 | t    3.2s | sps  3210] ret_mean=0.000 ep_len=500.0 pi_loss=-0.005 v_loss=0.001 ent=1.474 kl=0.0017
[upd   21 | steps   10752 | t    3.3s | sps  3213] ret_mean=0.500 ep_len=500.0 pi_loss=-0.013 v_loss=0.001 ent=1.417 kl=0.0112
[upd   22 | steps   11264 | t    3.5s | sps  3217] ret_mean=0.000 ep_len=500.0 pi_loss=-0.005 v_loss=0.001 ent=1.400 kl=0.0190
[upd   23 | steps   11776 | t    3.7s | sps  3220] ret_mean=0.000 ep_len=500.0 pi_loss=-0.005 v_loss=0.002 ent=1.410 kl=0.0077
[upd   24 | steps   12288 | t    3.8s | sps  3220] ret_mean=1.500 ep_len=500.0 pi_loss=-0.005 v_loss=0.007 ent=1.383 kl=-0.0006
[upd   25 | steps   12800 | t    4.0s | sps  3189] ret_mean=0.000 ep_len=500.0 pi_loss=-0.004 v_loss=0.001 ent=1.296 kl=0.0029
        [eval] ret_mean=8.333 ep_len=500.0
[upd   26 | steps   13312 | t    8.0s | sps  1670] ret_mean=0.000 ep_len=500.0 pi_loss=-0.004 v_loss=0.002 ent=1.426 kl=0.0042
[upd   27 | steps   13824 | t    8.1s | sps  1702] ret_mean=0.000 ep_len=500.0 pi_loss=-0.009 v_loss=0.001 ent=1.413 kl=0.0116
[upd   28 | steps   14336 | t    8.3s | sps  1732] ret_mean=0.000 ep_len=500.0 pi_loss=-0.007 v_loss=0.001 ent=1.391 kl=0.0042
[upd   29 | steps   14848 | t    8.4s | sps  1758] ret_mean=0.000 ep_len=500.0 pi_loss=-0.005 v_loss=0.001 ent=1.380 kl=0.0012
[upd   30 | steps   15360 | t    8.6s | sps  1783] ret_mean=1.500 ep_len=500.0 pi_loss=-0.005 v_loss=0.010 ent=1.356 kl=0.0019
[upd   31 | steps   15872 | t    8.8s | sps  1806] ret_mean=0.000 ep_len=500.0 pi_loss=-0.003 v_loss=0.001 ent=1.321 kl=0.0016
[upd   32 | steps   16384 | t    9.0s | sps  1830] ret_mean=7.000 ep_len=500.0 pi_loss=-0.008 v_loss=0.092 ent=1.347 kl=0.0062
[upd   33 | steps   16896 | t    9.1s | sps  1856] ret_mean=0.000 ep_len=500.0 pi_loss=-0.008 v_loss=0.010 ent=1.381 kl=0.0128
[upd   34 | steps   17408 | t    9.3s | sps  1879] ret_mean=3.000 ep_len=500.0 pi_loss=-0.010 v_loss=0.002 ent=1.379 kl=0.0065
[upd   35 | steps   17920 | t    9.4s | sps  1902] ret_mean=0.000 ep_len=500.0 pi_loss=-0.008 v_loss=0.002 ent=1.372 kl=0.0061
[upd   36 | steps   18432 | t    9.6s | sps  1925] ret_mean=0.500 ep_len=500.0 pi_loss=-0.006 v_loss=0.001 ent=1.401 kl=0.0049
[upd   37 | steps   18944 | t    9.7s | sps  1948] ret_mean=0.000 ep_len=500.0 pi_loss=-0.007 v_loss=0.005 ent=1.381 kl=0.0035
[upd   38 | steps   19456 | t    9.9s | sps  1969] ret_mean=1.000 ep_len=500.0 pi_loss=-0.006 v_loss=0.016 ent=1.382 kl=0.0065
[upd   39 | steps   19968 | t   10.0s | sps  1990] ret_mean=2.000 ep_len=500.0 pi_loss=-0.011 v_loss=0.004 ent=1.344 kl=0.0070
[upd   40 | steps   20480 | t   10.2s | sps  2010] ret_mean=2.500 ep_len=500.0 pi_loss=-0.006 v_loss=0.012 ent=1.408 kl=0.0081
[upd   41 | steps   20992 | t   10.4s | sps  2024] ret_mean=1.500 ep_len=500.0 pi_loss=-0.006 v_loss=0.002 ent=1.361 kl=0.0075
[upd   42 | steps   21504 | t   10.5s | sps  2039] ret_mean=0.000 ep_len=500.0 pi_loss=-0.007 v_loss=0.001 ent=1.410 kl=0.0049
[upd   43 | steps   22016 | t   10.8s | sps  2048] ret_mean=0.000 ep_len=500.0 pi_loss=-0.007 v_loss=0.041 ent=1.433 kl=0.0036
[upd   44 | steps   22528 | t   11.0s | sps  2054] ret_mean=3.000 ep_len=500.0 pi_loss=-0.006 v_loss=0.006 ent=1.437 kl=0.0029
[upd   45 | steps   23040 | t   11.2s | sps  2062] ret_mean=0.000 ep_len=500.0 pi_loss=-0.006 v_loss=0.050 ent=1.409 kl=0.0043
[upd   46 | steps   23552 | t   11.4s | sps  2074] ret_mean=4.000 ep_len=500.0 pi_loss=-0.005 v_loss=0.013 ent=1.370 kl=-0.0012
[upd   47 | steps   24064 | t   11.5s | sps  2086] ret_mean=1.500 ep_len=500.0 pi_loss=-0.006 v_loss=0.040 ent=1.238 kl=0.0127
[upd   48 | steps   24576 | t   11.8s | sps  2085] ret_mean=5.000 ep_len=500.0 pi_loss=-0.006 v_loss=0.010 ent=1.181 kl=0.0089
[upd   49 | steps   25088 | t   12.0s | sps  2091] ret_mean=1.500 ep_len=500.0 pi_loss=-0.006 v_loss=0.017 ent=1.188 kl=0.0060
[upd   50 | steps   25600 | t   12.2s | sps  2100] ret_mean=1.500 ep_len=500.0 pi_loss=-0.005 v_loss=0.003 ent=1.212 kl=0.0010
        [eval] ret_mean=4.167 ep_len=500.0
[upd   51 | steps   26112 | t   16.5s | sps  1581] ret_mean=8.000 ep_len=500.0 pi_loss=-0.010 v_loss=0.084 ent=1.197 kl=0.0128
[upd   52 | steps   26624 | t   16.7s | sps  1592] ret_mean=0.000 ep_len=500.0 pi_loss=-0.007 v_loss=0.002 ent=1.242 kl=0.0039
[upd   53 | steps   27136 | t   17.0s | sps  1600] ret_mean=2.000 ep_len=500.0 pi_loss=-0.002 v_loss=0.017 ent=1.404 kl=0.0038
[upd   54 | steps   27648 | t   17.2s | sps  1611] ret_mean=0.000 ep_len=500.0 pi_loss=-0.005 v_loss=0.001 ent=1.288 kl=0.0015
[upd   55 | steps   28160 | t   17.4s | sps  1618] ret_mean=2.500 ep_len=500.0 pi_loss=-0.009 v_loss=0.032 ent=1.279 kl=0.0091
[upd   56 | steps   28672 | t   17.6s | sps  1627] ret_mean=2.500 ep_len=500.0 pi_loss=-0.004 v_loss=0.017 ent=1.230 kl=-0.0006
[upd   57 | steps   29184 | t   17.8s | sps  1639] ret_mean=3.500 ep_len=500.0 pi_loss=-0.002 v_loss=0.055 ent=1.291 kl=0.0039
[upd   58 | steps   29696 | t   18.0s | sps  1651] ret_mean=0.000 ep_len=500.0 pi_loss=-0.007 v_loss=0.007 ent=1.257 kl=0.0005
[upd   59 | steps   30208 | t   18.2s | sps  1663] ret_mean=1.500 ep_len=500.0 pi_loss=-0.008 v_loss=0.018 ent=1.266 kl=0.0056
[upd   60 | steps   30720 | t   18.3s | sps  1676] ret_mean=6.000 ep_len=500.0 pi_loss=-0.005 v_loss=0.062 ent=1.257 kl=-0.0006
[upd   61 | steps   31232 | t   18.5s | sps  1690] ret_mean=5.500 ep_len=500.0 pi_loss=-0.006 v_loss=0.030 ent=1.337 kl=-0.0006
[upd   62 | steps   31744 | t   18.6s | sps  1703] ret_mean=2.000 ep_len=500.0 pi_loss=-0.006 v_loss=0.003 ent=1.260 kl=0.0025
[upd   63 | steps   32256 | t   18.8s | sps  1716] ret_mean=0.000 ep_len=500.0 pi_loss=-0.005 v_loss=0.002 ent=1.385 kl=0.0074
[upd   64 | steps   32768 | t   19.0s | sps  1729] ret_mean=0.000 ep_len=500.0 pi_loss=-0.007 v_loss=0.032 ent=1.379 kl=0.0058
[upd   65 | steps   33280 | t   19.1s | sps  1741] ret_mean=3.000 ep_len=500.0 pi_loss=-0.006 v_loss=0.002 ent=1.382 kl=0.0057
[upd   66 | steps   33792 | t   19.3s | sps  1754] ret_mean=7.500 ep_len=500.0 pi_loss=-0.006 v_loss=0.131 ent=1.439 kl=0.0055
[upd   67 | steps   34304 | t   19.4s | sps  1765] ret_mean=0.500 ep_len=500.0 pi_loss=-0.008 v_loss=0.016 ent=1.437 kl=0.0114
[upd   68 | steps   34816 | t   19.6s | sps  1776] ret_mean=3.000 ep_len=500.0 pi_loss=-0.007 v_loss=0.004 ent=1.435 kl=0.0047
[upd   69 | steps   35328 | t   19.8s | sps  1787] ret_mean=3.500 ep_len=500.0 pi_loss=-0.005 v_loss=0.048 ent=1.419 kl=0.0050
[upd   70 | steps   35840 | t   19.9s | sps  1798] ret_mean=0.500 ep_len=500.0 pi_loss=-0.010 v_loss=0.003 ent=1.443 kl=0.0135
[upd   71 | steps   36352 | t   20.1s | sps  1807] ret_mean=0.000 ep_len=500.0 pi_loss=-0.008 v_loss=0.088 ent=1.388 kl=0.0089
[upd   72 | steps   36864 | t   20.3s | sps  1818] ret_mean=6.500 ep_len=500.0 pi_loss=-0.004 v_loss=0.013 ent=1.379 kl=0.0012
[upd   73 | steps   37376 | t   20.4s | sps  1828] ret_mean=1.500 ep_len=500.0 pi_loss=-0.009 v_loss=0.029 ent=1.461 kl=0.0110
[upd   74 | steps   37888 | t   20.6s | sps  1838] ret_mean=3.500 ep_len=500.0 pi_loss=-0.009 v_loss=0.003 ent=1.371 kl=0.0093
[upd   75 | steps   38400 | t   20.8s | sps  1848] ret_mean=7.000 ep_len=500.0 pi_loss=-0.006 v_loss=0.180 ent=1.419 kl=0.0081
        [eval] ret_mean=12.500 ep_len=500.0
[upd   76 | steps   38912 | t   24.9s | sps  1563] ret_mean=6.500 ep_len=500.0 pi_loss=-0.012 v_loss=0.111 ent=1.393 kl=0.0123
[upd   77 | steps   39424 | t   25.0s | sps  1574] ret_mean=18.000 ep_len=500.0 pi_loss=-0.006 v_loss=0.517 ent=1.386 kl=0.0007
[upd   78 | steps   39936 | t   25.2s | sps  1585] ret_mean=27.000 ep_len=500.0 pi_loss=-0.012 v_loss=0.841 ent=1.324 kl=0.0061
[upd   79 | steps   40448 | t   25.4s | sps  1595] ret_mean=2.500 ep_len=500.0 pi_loss=-0.006 v_loss=0.004 ent=1.328 kl=0.0080
[upd   80 | steps   40960 | t   25.5s | sps  1605] ret_mean=10.000 ep_len=500.0 pi_loss=-0.006 v_loss=0.192 ent=1.421 kl=0.0049
[upd   81 | steps   41472 | t   25.7s | sps  1614] ret_mean=9.500 ep_len=500.0 pi_loss=-0.005 v_loss=0.155 ent=1.404 kl=0.0069
[upd   82 | steps   41984 | t   25.9s | sps  1624] ret_mean=12.500 ep_len=500.0 pi_loss=-0.007 v_loss=0.200 ent=1.236 kl=0.0067
[upd   83 | steps   42496 | t   26.0s | sps  1632] ret_mean=24.000 ep_len=500.0 pi_loss=-0.008 v_loss=0.776 ent=1.257 kl=0.0091
[upd   84 | steps   43008 | t   26.2s | sps  1641] ret_mean=8.500 ep_len=500.0 pi_loss=-0.007 v_loss=0.240 ent=1.359 kl=0.0050
[upd   85 | steps   43520 | t   26.4s | sps  1651] ret_mean=0.000 ep_len=500.0 pi_loss=-0.009 v_loss=0.063 ent=1.408 kl=-0.0007
[upd   86 | steps   44032 | t   26.5s | sps  1661] ret_mean=21.500 ep_len=500.0 pi_loss=-0.009 v_loss=0.806 ent=1.276 kl=0.0135
[upd   87 | steps   44544 | t   26.7s | sps  1671] ret_mean=5.000 ep_len=500.0 pi_loss=-0.013 v_loss=0.007 ent=1.198 kl=0.0047
[upd   88 | steps   45056 | t   26.8s | sps  1680] ret_mean=0.000 ep_len=500.0 pi_loss=-0.006 v_loss=0.012 ent=1.179 kl=0.0059
[upd   89 | steps   45568 | t   27.0s | sps  1689] ret_mean=0.000 ep_len=500.0 pi_loss=-0.007 v_loss=0.007 ent=1.288 kl=0.0059
[upd   90 | steps   46080 | t   27.1s | sps  1699] ret_mean=0.000 ep_len=500.0 pi_loss=-0.003 v_loss=0.100 ent=1.226 kl=0.0018
[upd   91 | steps   46592 | t   27.3s | sps  1708] ret_mean=42.500 ep_len=500.0 pi_loss=-0.007 v_loss=1.573 ent=1.123 kl=0.0066
[upd   92 | steps   47104 | t   27.4s | sps  1717] ret_mean=0.000 ep_len=500.0 pi_loss=-0.009 v_loss=0.044 ent=1.240 kl=0.0089
[upd   93 | steps   47616 | t   27.6s | sps  1726] ret_mean=5.500 ep_len=500.0 pi_loss=-0.010 v_loss=2.593 ent=1.034 kl=0.0053
[upd   94 | steps   48128 | t   27.7s | sps  1735] ret_mean=118.000 ep_len=500.0 pi_loss=-0.004 v_loss=3.327 ent=0.862 kl=0.0017
[upd   95 | steps   48640 | t   27.9s | sps  1744] ret_mean=18.000 ep_len=500.0 pi_loss=-0.005 v_loss=0.023 ent=1.116 kl=0.0041
[upd   96 | steps   49152 | t   28.0s | sps  1752] ret_mean=0.000 ep_len=500.0 pi_loss=-0.006 v_loss=1.813 ent=0.930 kl=0.0054
[upd   97 | steps   49664 | t   28.2s | sps  1761] ret_mean=83.500 ep_len=500.0 pi_loss=-0.003 v_loss=2.119 ent=0.885 kl=0.0032
[upd   98 | steps   50176 | t   28.4s | sps  1770] ret_mean=7.000 ep_len=500.0 pi_loss=-0.009 v_loss=0.158 ent=1.102 kl=-0.0006
[upd   99 | steps   50688 | t   28.5s | sps  1778] ret_mean=10.000 ep_len=500.0 pi_loss=-0.006 v_loss=3.435 ent=0.879 kl=0.0088
[upd  100 | steps   51200 | t   28.7s | sps  1787] ret_mean=112.000 ep_len=500.0 pi_loss=-0.004 v_loss=2.129 ent=0.697 kl=0.0047
        [eval] ret_mean=4.167 ep_len=500.0
[upd  101 | steps   51712 | t   32.3s | sps  1602] ret_mean=22.500 ep_len=500.0 pi_loss=-0.008 v_loss=0.891 ent=1.204 kl=0.0205
[upd  102 | steps   52224 | t   32.5s | sps  1609] ret_mean=0.000 ep_len=500.0 pi_loss=-0.007 v_loss=0.054 ent=1.042 kl=-0.0003
[upd  103 | steps   52736 | t   32.7s | sps  1614] ret_mean=0.500 ep_len=500.0 pi_loss=-0.008 v_loss=0.014 ent=1.188 kl=0.0085
[upd  104 | steps   53248 | t   32.9s | sps  1620] ret_mean=0.000 ep_len=500.0 pi_loss=-0.005 v_loss=0.008 ent=1.166 kl=0.0087
[upd  105 | steps   53760 | t   33.0s | sps  1627] ret_mean=0.000 ep_len=500.0 pi_loss=-0.006 v_loss=0.006 ent=0.892 kl=0.0000
[upd  106 | steps   54272 | t   33.2s | sps  1635] ret_mean=33.000 ep_len=500.0 pi_loss=-0.005 v_loss=1.839 ent=0.851 kl=0.0067
[upd  107 | steps   54784 | t   33.4s | sps  1643] ret_mean=40.500 ep_len=500.0 pi_loss=-0.009 v_loss=1.151 ent=0.927 kl=0.0067
[upd  108 | steps   55296 | t   33.5s | sps  1649] ret_mean=45.000 ep_len=500.0 pi_loss=-0.006 v_loss=2.286 ent=0.938 kl=0.0094
[upd  109 | steps   55808 | t   33.7s | sps  1657] ret_mean=0.000 ep_len=500.0 pi_loss=-0.009 v_loss=0.015 ent=1.063 kl=0.0050
[upd  110 | steps   56320 | t   33.9s | sps  1663] ret_mean=0.000 ep_len=500.0 pi_loss=-0.005 v_loss=0.024 ent=1.156 kl=0.0039
[upd  111 | steps   56832 | t   34.0s | sps  1671] ret_mean=3.500 ep_len=500.0 pi_loss=-0.010 v_loss=0.007 ent=1.084 kl=0.0122
[upd  112 | steps   57344 | t   34.2s | sps  1677] ret_mean=19.000 ep_len=500.0 pi_loss=-0.010 v_loss=0.724 ent=0.992 kl=0.0016
[upd  113 | steps   57856 | t   34.4s | sps  1683] ret_mean=0.000 ep_len=500.0 pi_loss=-0.003 v_loss=0.419 ent=1.072 kl=0.0121
[upd  114 | steps   58368 | t   34.6s | sps  1689] ret_mean=66.000 ep_len=500.0 pi_loss=-0.007 v_loss=2.662 ent=0.833 kl=0.0028
[upd  115 | steps   58880 | t   34.8s | sps  1694] ret_mean=13.000 ep_len=500.0 pi_loss=-0.005 v_loss=0.183 ent=0.920 kl=0.0100
[upd  116 | steps   59392 | t   35.0s | sps  1699] ret_mean=40.500 ep_len=500.0 pi_loss=-0.014 v_loss=1.820 ent=0.796 kl=0.0151
[upd  117 | steps   59904 | t   35.1s | sps  1706] ret_mean=70.500 ep_len=500.0 pi_loss=-0.009 v_loss=4.641 ent=0.536 kl=0.0081
[upd  118 | steps   60416 | t   35.3s | sps  1713] ret_mean=103.000 ep_len=500.0 pi_loss=-0.004 v_loss=3.163 ent=0.458 kl=0.0043
[upd  119 | steps   60928 | t   35.4s | sps  1719] ret_mean=0.000 ep_len=500.0 pi_loss=-0.011 v_loss=0.023 ent=0.981 kl=0.0205
[upd  120 | steps   61440 | t   35.6s | sps  1725] ret_mean=63.500 ep_len=500.0 pi_loss=-0.007 v_loss=4.491 ent=0.702 kl=-0.0009
[upd  121 | steps   61952 | t   35.8s | sps  1732] ret_mean=100.500 ep_len=500.0 pi_loss=-0.004 v_loss=3.972 ent=0.644 kl=0.0049
[upd  122 | steps   62464 | t   35.9s | sps  1739] ret_mean=49.500 ep_len=500.0 pi_loss=-0.005 v_loss=2.000 ent=0.950 kl=0.0064
[upd  123 | steps   62976 | t   36.1s | sps  1745] ret_mean=0.000 ep_len=500.0 pi_loss=-0.004 v_loss=0.729 ent=0.834 kl=0.0032
[upd  124 | steps   63488 | t   36.3s | sps  1751] ret_mean=18.000 ep_len=500.0 pi_loss=-0.003 v_loss=0.045 ent=0.606 kl=0.0116
[upd  125 | steps   64000 | t   36.4s | sps  1757] ret_mean=0.000 ep_len=500.0 pi_loss=-0.008 v_loss=14.580 ent=0.432 kl=0.0182
        [eval] ret_mean=4.150 ep_len=500.0
[upd  126 | steps   64512 | t   40.4s | sps  1596] ret_mean=0.000 ep_len=500.0 pi_loss=-0.007 v_loss=0.040 ent=1.173 kl=0.0086
[upd  127 | steps   65024 | t   40.6s | sps  1602] ret_mean=2.000 ep_len=500.0 pi_loss=-0.004 v_loss=0.017 ent=0.960 kl=0.0054
[upd  128 | steps   65536 | t   40.8s | sps  1608] ret_mean=0.000 ep_len=500.0 pi_loss=-0.005 v_loss=0.010 ent=0.654 kl=-0.0035
[upd  129 | steps   66048 | t   40.9s | sps  1614] ret_mean=99.000 ep_len=500.0 pi_loss=-0.007 v_loss=5.552 ent=0.675 kl=0.0114
[upd  130 | steps   66560 | t   41.1s | sps  1620] ret_mean=91.500 ep_len=500.0 pi_loss=-0.008 v_loss=3.247 ent=0.435 kl=0.0095
[upd  131 | steps   67072 | t   41.3s | sps  1623] ret_mean=0.000 ep_len=500.0 pi_loss=-0.005 v_loss=0.033 ent=0.963 kl=0.0078
[upd  132 | steps   67584 | t   41.6s | sps  1625] ret_mean=84.000 ep_len=500.0 pi_loss=-0.008 v_loss=3.895 ent=0.507 kl=0.0037
[upd  133 | steps   68096 | t   41.8s | sps  1628] ret_mean=0.000 ep_len=500.0 pi_loss=-0.004 v_loss=0.018 ent=0.995 kl=0.0217
[upd  134 | steps   68608 | t   42.0s | sps  1633] ret_mean=58.000 ep_len=500.0 pi_loss=-0.006 v_loss=2.559 ent=0.839 kl=0.0055
[upd  135 | steps   69120 | t   42.2s | sps  1637] ret_mean=84.000 ep_len=500.0 pi_loss=-0.003 v_loss=4.239 ent=0.653 kl=0.0009
[upd  136 | steps   69632 | t   42.4s | sps  1642] ret_mean=0.000 ep_len=500.0 pi_loss=-0.003 v_loss=4.846 ent=0.791 kl=0.0068
[upd  137 | steps   70144 | t   42.6s | sps  1647] ret_mean=231.500 ep_len=500.0 pi_loss=-0.002 v_loss=17.481 ent=0.341 kl=0.0025
[upd  138 | steps   70656 | t   42.8s | sps  1652] ret_mean=0.000 ep_len=500.0 pi_loss=-0.006 v_loss=1.452 ent=0.803 kl=0.0110
[upd  139 | steps   71168 | t   42.9s | sps  1658] ret_mean=117.000 ep_len=500.0 pi_loss=-0.005 v_loss=3.298 ent=0.774 kl=0.0087
[upd  140 | steps   71680 | t   43.1s | sps  1664] ret_mean=0.000 ep_len=500.0 pi_loss=-0.007 v_loss=0.019 ent=1.019 kl=0.0144
[upd  141 | steps   72192 | t   43.2s | sps  1670] ret_mean=0.000 ep_len=500.0 pi_loss=-0.005 v_loss=1.265 ent=0.830 kl=0.0115
[upd  142 | steps   72704 | t   43.4s | sps  1676] ret_mean=109.000 ep_len=500.0 pi_loss=-0.004 v_loss=5.066 ent=0.489 kl=-0.0007
[upd  143 | steps   73216 | t   43.5s | sps  1682] ret_mean=119.500 ep_len=500.0 pi_loss=-0.005 v_loss=2.538 ent=0.805 kl=0.0067
[upd  144 | steps   73728 | t   43.7s | sps  1687] ret_mean=0.000 ep_len=500.0 pi_loss=-0.005 v_loss=0.050 ent=0.947 kl=0.0079
[upd  145 | steps   74240 | t   43.9s | sps  1693] ret_mean=0.000 ep_len=500.0 pi_loss=-0.006 v_loss=0.879 ent=0.866 kl=0.0033
[upd  146 | steps   74752 | t   44.0s | sps  1698] ret_mean=39.500 ep_len=500.0 pi_loss=-0.006 v_loss=0.841 ent=0.941 kl=0.0052
[upd  147 | steps   75264 | t   44.2s | sps  1703] ret_mean=0.000 ep_len=500.0 pi_loss=-0.003 v_loss=1.255 ent=0.928 kl=0.0085
[upd  148 | steps   75776 | t   44.3s | sps  1709] ret_mean=134.000 ep_len=500.0 pi_loss=-0.003 v_loss=13.648 ent=0.378 kl=0.0040
[upd  149 | steps   76288 | t   44.5s | sps  1715] ret_mean=134.500 ep_len=500.0 pi_loss=-0.008 v_loss=4.618 ent=0.708 kl=0.0146
[upd  150 | steps   76800 | t   44.7s | sps  1720] ret_mean=0.000 ep_len=500.0 pi_loss=-0.005 v_loss=9.775 ent=0.567 kl=0.0049
        [eval] ret_mean=12.500 ep_len=500.0
[upd  151 | steps   77312 | t   48.4s | sps  1597] ret_mean=0.000 ep_len=500.0 pi_loss=-0.007 v_loss=0.013 ent=0.992 kl=0.0081
[upd  152 | steps   77824 | t   48.6s | sps  1603] ret_mean=0.000 ep_len=500.0 pi_loss=-0.003 v_loss=0.014 ent=0.867 kl=0.0088
[upd  153 | steps   78336 | t   48.7s | sps  1608] ret_mean=30.500 ep_len=500.0 pi_loss=-0.002 v_loss=1.255 ent=0.864 kl=0.0127
[upd  154 | steps   78848 | t   48.9s | sps  1613] ret_mean=15.000 ep_len=500.0 pi_loss=-0.007 v_loss=0.531 ent=0.757 kl=0.0290
[upd  155 | steps   79360 | t   49.0s | sps  1619] ret_mean=0.000 ep_len=500.0 pi_loss=-0.004 v_loss=0.026 ent=1.049 kl=0.0111
[upd  156 | steps   79872 | t   49.2s | sps  1624] ret_mean=0.000 ep_len=500.0 pi_loss=-0.012 v_loss=0.014 ent=0.769 kl=0.0040
[upd  157 | steps   80384 | t   49.3s | sps  1629] ret_mean=0.000 ep_len=500.0 pi_loss=-0.007 v_loss=0.006 ent=0.899 kl=-0.0008
[upd  158 | steps   80896 | t   49.5s | sps  1635] ret_mean=0.000 ep_len=500.0 pi_loss=-0.006 v_loss=0.008 ent=0.799 kl=0.0013
[upd  159 | steps   81408 | t   49.7s | sps  1639] ret_mean=0.000 ep_len=500.0 pi_loss=-0.003 v_loss=2.166 ent=0.731 kl=0.0108
[upd  160 | steps   81920 | t   49.8s | sps  1644] ret_mean=133.000 ep_len=500.0 pi_loss=-0.008 v_loss=4.014 ent=0.289 kl=0.0107
[upd  161 | steps   82432 | t   50.0s | sps  1649] ret_mean=2.500 ep_len=500.0 pi_loss=-0.009 v_loss=0.008 ent=0.676 kl=0.0078
[upd  162 | steps   82944 | t   50.1s | sps  1654] ret_mean=0.000 ep_len=500.0 pi_loss=-0.008 v_loss=0.005 ent=0.630 kl=0.0061
[upd  163 | steps   83456 | t   50.3s | sps  1659] ret_mean=48.500 ep_len=500.0 pi_loss=-0.003 v_loss=2.285 ent=0.466 kl=0.0168
[upd  164 | steps   83968 | t   50.5s | sps  1664] ret_mean=40.500 ep_len=500.0 pi_loss=0.000 v_loss=9.455 ent=0.452 kl=0.0057
[upd  165 | steps   84480 | t   50.6s | sps  1669] ret_mean=241.500 ep_len=500.0 pi_loss=-0.003 v_loss=16.636 ent=0.291 kl=0.0079
[upd  166 | steps   84992 | t   50.7s | sps  1675] ret_mean=0.000 ep_len=500.0 pi_loss=0.001 v_loss=0.128 ent=0.282 kl=0.0084
[upd  167 | steps   85504 | t   50.9s | sps  1680] ret_mean=80.500 ep_len=500.0 pi_loss=-0.006 v_loss=3.464 ent=0.328 kl=0.0145
[upd  168 | steps   86016 | t   51.1s | sps  1684] ret_mean=0.000 ep_len=500.0 pi_loss=-0.005 v_loss=2.782 ent=0.594 kl=0.0074
[upd  169 | steps   86528 | t   51.3s | sps  1688] ret_mean=123.000 ep_len=500.0 pi_loss=-0.003 v_loss=3.998 ent=0.355 kl=0.0075
[upd  170 | steps   87040 | t   51.4s | sps  1693] ret_mean=89.500 ep_len=500.0 pi_loss=-0.006 v_loss=3.805 ent=0.457 kl=0.0050
[upd  171 | steps   87552 | t   51.6s | sps  1698] ret_mean=134.000 ep_len=500.0 pi_loss=-0.003 v_loss=9.145 ent=0.351 kl=0.0076
[upd  172 | steps   88064 | t   51.7s | sps  1703] ret_mean=50.000 ep_len=500.0 pi_loss=-0.004 v_loss=2.375 ent=0.705 kl=0.0055
[upd  173 | steps   88576 | t   51.9s | sps  1708] ret_mean=0.000 ep_len=500.0 pi_loss=-0.004 v_loss=0.075 ent=0.549 kl=0.0046
[upd  174 | steps   89088 | t   52.0s | sps  1713] ret_mean=0.000 ep_len=500.0 pi_loss=-0.009 v_loss=0.029 ent=0.636 kl=0.0102
[upd  175 | steps   89600 | t   52.2s | sps  1718] ret_mean=0.000 ep_len=500.0 pi_loss=-0.005 v_loss=0.100 ent=0.327 kl=0.0064
        [eval] ret_mean=4.167 ep_len=500.0
[upd  176 | steps   90112 | t   56.0s | sps  1610] ret_mean=0.000 ep_len=500.0 pi_loss=-0.001 v_loss=0.031 ent=0.644 kl=0.0011
[upd  177 | steps   90624 | t   56.1s | sps  1615] ret_mean=47.500 ep_len=500.0 pi_loss=-0.004 v_loss=2.232 ent=0.369 kl=0.0053
[upd  178 | steps   91136 | t   56.3s | sps  1618] ret_mean=124.000 ep_len=500.0 pi_loss=-0.003 v_loss=5.528 ent=0.491 kl=0.0067
[upd  179 | steps   91648 | t   56.5s | sps  1623] ret_mean=120.000 ep_len=500.0 pi_loss=-0.002 v_loss=4.647 ent=0.243 kl=-0.0010
[upd  180 | steps   92160 | t   56.6s | sps  1628] ret_mean=122.500 ep_len=500.0 pi_loss=-0.005 v_loss=4.234 ent=0.369 kl=0.0047
[upd  181 | steps   92672 | t   56.8s | sps  1633] ret_mean=0.000 ep_len=500.0 pi_loss=-0.002 v_loss=0.153 ent=0.214 kl=-0.0011
[upd  182 | steps   93184 | t   56.9s | sps  1638] ret_mean=0.000 ep_len=500.0 pi_loss=-0.002 v_loss=0.094 ent=0.632 kl=0.0015
[upd  183 | steps   93696 | t   57.1s | sps  1642] ret_mean=0.000 ep_len=500.0 pi_loss=-0.002 v_loss=0.865 ent=0.642 kl=0.0093
[upd  184 | steps   94208 | t   57.2s | sps  1647] ret_mean=124.000 ep_len=500.0 pi_loss=-0.002 v_loss=4.605 ent=0.288 kl=0.0022
[upd  185 | steps   94720 | t   57.4s | sps  1650] ret_mean=112.500 ep_len=500.0 pi_loss=-0.013 v_loss=3.410 ent=0.662 kl=0.0211
[upd  186 | steps   95232 | t   57.6s | sps  1654] ret_mean=9.500 ep_len=500.0 pi_loss=-0.011 v_loss=0.356 ent=0.723 kl=0.0022
[upd  187 | steps   95744 | t   57.7s | sps  1658] ret_mean=0.000 ep_len=500.0 pi_loss=-0.010 v_loss=0.062 ent=0.562 kl=0.0043
[upd  188 | steps   96256 | t   57.9s | sps  1662] ret_mean=80.000 ep_len=500.0 pi_loss=-0.002 v_loss=2.361 ent=0.508 kl=0.0039
[upd  189 | steps   96768 | t   58.1s | sps  1667] ret_mean=0.000 ep_len=500.0 pi_loss=-0.005 v_loss=0.113 ent=0.531 kl=0.0291
[upd  190 | steps   97280 | t   58.2s | sps  1671] ret_mean=81.000 ep_len=500.0 pi_loss=-0.006 v_loss=3.060 ent=0.438 kl=0.0104
[upd  191 | steps   97792 | t   58.4s | sps  1676] ret_mean=0.000 ep_len=500.0 pi_loss=-0.004 v_loss=0.047 ent=0.665 kl=0.0110
[upd  192 | steps   98304 | t   58.5s | sps  1680] ret_mean=0.000 ep_len=500.0 pi_loss=-0.003 v_loss=0.078 ent=0.430 kl=0.0017
[upd  193 | steps   98816 | t   58.7s | sps  1685] ret_mean=0.000 ep_len=500.0 pi_loss=-0.003 v_loss=0.042 ent=0.376 kl=0.0034
[upd  194 | steps   99328 | t   58.8s | sps  1689] ret_mean=0.000 ep_len=500.0 pi_loss=-0.003 v_loss=1.325 ent=0.471 kl=0.0097
[upd  195 | steps   99840 | t   59.0s | sps  1694] ret_mean=97.500 ep_len=500.0 pi_loss=-0.011 v_loss=2.794 ent=0.613 kl=0.0144
[upd  196 | steps  100352 | t   59.1s | sps  1698] ret_mean=0.000 ep_len=500.0 pi_loss=-0.009 v_loss=0.306 ent=0.782 kl=0.0071
[upd  197 | steps  100864 | t   59.3s | sps  1702] ret_mean=68.500 ep_len=500.0 pi_loss=-0.005 v_loss=5.041 ent=0.468 kl=-0.0029
[upd  198 | steps  101376 | t   59.4s | sps  1706] ret_mean=119.000 ep_len=500.0 pi_loss=-0.002 v_loss=2.311 ent=0.690 kl=0.0034
[upd  199 | steps  101888 | t   59.6s | sps  1710] ret_mean=0.000 ep_len=500.0 pi_loss=-0.003 v_loss=0.455 ent=0.852 kl=-0.0003
[upd  200 | steps  102400 | t   59.7s | sps  1715] ret_mean=14.000 ep_len=500.0 pi_loss=-0.003 v_loss=2.716 ent=0.648 kl=0.0049
        [eval] ret_mean=4.167 ep_len=500.0
[upd  201 | steps  102912 | t   63.3s | sps  1626] ret_mean=116.000 ep_len=500.0 pi_loss=-0.010 v_loss=5.418 ent=0.522 kl=0.0117
[upd  202 | steps  103424 | t   63.5s | sps  1630] ret_mean=0.000 ep_len=500.0 pi_loss=-0.005 v_loss=0.031 ent=0.499 kl=0.0027
[upd  203 | steps  103936 | t   63.6s | sps  1634] ret_mean=0.000 ep_len=500.0 pi_loss=-0.004 v_loss=0.064 ent=0.573 kl=-0.0003
[upd  204 | steps  104448 | t   63.8s | sps  1638] ret_mean=26.000 ep_len=500.0 pi_loss=-0.005 v_loss=1.290 ent=0.737 kl=0.0059
[upd  205 | steps  104960 | t   63.9s | sps  1643] ret_mean=116.500 ep_len=500.0 pi_loss=-0.005 v_loss=4.773 ent=0.223 kl=0.0049
[upd  206 | steps  105472 | t   64.0s | sps  1647] ret_mean=121.500 ep_len=500.0 pi_loss=-0.002 v_loss=8.375 ent=0.418 kl=0.0060
[upd  207 | steps  105984 | t   64.2s | sps  1651] ret_mean=0.000 ep_len=500.0 pi_loss=-0.009 v_loss=0.054 ent=0.638 kl=0.0117
[upd  208 | steps  106496 | t   64.3s | sps  1655] ret_mean=0.000 ep_len=500.0 pi_loss=-0.007 v_loss=0.800 ent=0.644 kl=0.0013
[upd  209 | steps  107008 | t   64.5s | sps  1659] ret_mean=122.500 ep_len=500.0 pi_loss=-0.005 v_loss=3.620 ent=0.480 kl=0.0060
[upd  210 | steps  107520 | t   64.6s | sps  1663] ret_mean=0.000 ep_len=500.0 pi_loss=-0.004 v_loss=0.023 ent=0.457 kl=0.0067
[upd  211 | steps  108032 | t   64.8s | sps  1667] ret_mean=0.000 ep_len=500.0 pi_loss=-0.003 v_loss=0.052 ent=0.808 kl=0.0064
[upd  212 | steps  108544 | t   64.9s | sps  1671] ret_mean=0.000 ep_len=500.0 pi_loss=-0.004 v_loss=0.043 ent=0.871 kl=0.0037
[upd  213 | steps  109056 | t   65.1s | sps  1675] ret_mean=122.500 ep_len=500.0 pi_loss=-0.003 v_loss=11.003 ent=0.408 kl=0.0079
[upd  214 | steps  109568 | t   65.2s | sps  1679] ret_mean=118.000 ep_len=500.0 pi_loss=-0.005 v_loss=3.935 ent=0.676 kl=0.0143
[upd  215 | steps  110080 | t   65.4s | sps  1683] ret_mean=0.000 ep_len=500.0 pi_loss=-0.008 v_loss=1.334 ent=0.915 kl=0.0203
[upd  216 | steps  110592 | t   65.5s | sps  1687] ret_mean=120.500 ep_len=500.0 pi_loss=-0.002 v_loss=5.185 ent=0.411 kl=0.0024
[upd  217 | steps  111104 | t   65.7s | sps  1691] ret_mean=4.500 ep_len=500.0 pi_loss=-0.004 v_loss=2.196 ent=0.329 kl=0.0014
[upd  218 | steps  111616 | t   65.8s | sps  1696] ret_mean=127.000 ep_len=500.0 pi_loss=-0.001 v_loss=4.317 ent=0.362 kl=0.0021
[upd  219 | steps  112128 | t   66.0s | sps  1700] ret_mean=84.500 ep_len=500.0 pi_loss=-0.002 v_loss=2.636 ent=0.605 kl=0.0021
[upd  220 | steps  112640 | t   66.1s | sps  1704] ret_mean=0.000 ep_len=500.0 pi_loss=-0.007 v_loss=2.843 ent=0.540 kl=0.0090
[upd  221 | steps  113152 | t   66.3s | sps  1708] ret_mean=124.000 ep_len=500.0 pi_loss=-0.006 v_loss=2.237 ent=0.382 kl=0.0042
[upd  222 | steps  113664 | t   66.4s | sps  1711] ret_mean=0.000 ep_len=500.0 pi_loss=-0.008 v_loss=1.863 ent=0.680 kl=0.0165
[upd  223 | steps  114176 | t   66.6s | sps  1715] ret_mean=96.000 ep_len=500.0 pi_loss=-0.002 v_loss=3.181 ent=0.655 kl=0.0048
[upd  224 | steps  114688 | t   66.7s | sps  1719] ret_mean=72.000 ep_len=500.0 pi_loss=-0.003 v_loss=1.745 ent=0.714 kl=0.0060
[upd  225 | steps  115200 | t   66.9s | sps  1723] ret_mean=0.000 ep_len=500.0 pi_loss=-0.009 v_loss=1.733 ent=0.835 kl=0.0187
        [eval] ret_mean=12.483 ep_len=500.0
[upd  226 | steps  115712 | t   70.8s | sps  1635] ret_mean=0.000 ep_len=500.0 pi_loss=-0.010 v_loss=0.037 ent=0.904 kl=0.0102
[upd  227 | steps  116224 | t   70.9s | sps  1639] ret_mean=118.500 ep_len=500.0 pi_loss=-0.006 v_loss=4.898 ent=0.457 kl=0.0021
[upd  228 | steps  116736 | t   71.1s | sps  1642] ret_mean=122.000 ep_len=500.0 pi_loss=-0.002 v_loss=4.354 ent=0.583 kl=0.0032
[upd  229 | steps  117248 | t   71.2s | sps  1646] ret_mean=23.500 ep_len=500.0 pi_loss=-0.004 v_loss=1.280 ent=0.909 kl=0.0037
[upd  230 | steps  117760 | t   71.4s | sps  1649] ret_mean=120.000 ep_len=500.0 pi_loss=-0.005 v_loss=4.512 ent=0.564 kl=0.0046
[upd  231 | steps  118272 | t   71.6s | sps  1653] ret_mean=0.000 ep_len=500.0 pi_loss=-0.010 v_loss=0.041 ent=1.046 kl=-0.0030
[upd  232 | steps  118784 | t   71.8s | sps  1655] ret_mean=68.000 ep_len=500.0 pi_loss=-0.005 v_loss=2.728 ent=0.696 kl=0.0063
[upd  233 | steps  119296 | t   71.9s | sps  1658] ret_mean=161.500 ep_len=500.0 pi_loss=-0.003 v_loss=15.237 ent=0.359 kl=-0.0005
[upd  234 | steps  119808 | t   72.1s | sps  1661] ret_mean=12.000 ep_len=500.0 pi_loss=-0.003 v_loss=1.030 ent=0.896 kl=0.0036
[upd  235 | steps  120320 | t   72.3s | sps  1664] ret_mean=212.000 ep_len=500.0 pi_loss=-0.007 v_loss=15.108 ent=0.253 kl=0.0071
[upd  236 | steps  120832 | t   72.5s | sps  1667] ret_mean=0.000 ep_len=500.0 pi_loss=-0.004 v_loss=0.637 ent=0.723 kl=0.0126
[upd  237 | steps  121344 | t   72.6s | sps  1671] ret_mean=102.500 ep_len=500.0 pi_loss=-0.005 v_loss=3.219 ent=0.607 kl=0.0026
[upd  238 | steps  121856 | t   72.8s | sps  1674] ret_mean=73.000 ep_len=500.0 pi_loss=-0.008 v_loss=2.024 ent=0.755 kl=0.0049
[upd  239 | steps  122368 | t   72.9s | sps  1678] ret_mean=116.500 ep_len=500.0 pi_loss=-0.001 v_loss=5.603 ent=0.578 kl=0.0092
[upd  240 | steps  122880 | t   73.1s | sps  1681] ret_mean=217.500 ep_len=500.0 pi_loss=-0.003 v_loss=12.065 ent=0.307 kl=0.0059
[upd  241 | steps  123392 | t   73.2s | sps  1685] ret_mean=114.500 ep_len=500.0 pi_loss=-0.006 v_loss=2.698 ent=0.757 kl=0.0026
[upd  242 | steps  123904 | t   73.4s | sps  1688] ret_mean=0.000 ep_len=500.0 pi_loss=-0.009 v_loss=1.717 ent=0.813 kl=0.0082
[upd  243 | steps  124416 | t   73.5s | sps  1692] ret_mean=119.500 ep_len=500.0 pi_loss=-0.007 v_loss=3.429 ent=0.612 kl=0.0052
[upd  244 | steps  124928 | t   73.7s | sps  1695] ret_mean=121.000 ep_len=500.0 pi_loss=-0.005 v_loss=2.643 ent=0.786 kl=0.0028
[upd  245 | steps  125440 | t   73.9s | sps  1699] ret_mean=9.500 ep_len=500.0 pi_loss=-0.003 v_loss=0.767 ent=0.803 kl=0.0031
[upd  246 | steps  125952 | t   74.0s | sps  1702] ret_mean=0.000 ep_len=500.0 pi_loss=-0.012 v_loss=6.245 ent=0.525 kl=0.0183
[upd  247 | steps  126464 | t   74.1s | sps  1706] ret_mean=219.500 ep_len=500.0 pi_loss=-0.002 v_loss=9.012 ent=0.434 kl=0.0099
[upd  248 | steps  126976 | t   74.3s | sps  1709] ret_mean=97.000 ep_len=500.0 pi_loss=-0.004 v_loss=1.831 ent=0.764 kl=0.0102
[upd  249 | steps  127488 | t   74.4s | sps  1713] ret_mean=0.000 ep_len=500.0 pi_loss=-0.009 v_loss=2.033 ent=0.884 kl=0.0163
[upd  250 | steps  128000 | t   74.6s | sps  1716] ret_mean=124.500 ep_len=500.0 pi_loss=-0.010 v_loss=2.461 ent=0.725 kl=0.0105
        [eval] ret_mean=20.833 ep_len=500.0
[upd  251 | steps  128512 | t   78.1s | sps  1646] ret_mean=170.000 ep_len=500.0 pi_loss=-0.004 v_loss=10.733 ent=0.389 kl=0.0084
[upd  252 | steps  129024 | t   78.2s | sps  1649] ret_mean=70.000 ep_len=500.0 pi_loss=-0.014 v_loss=2.569 ent=0.902 kl=0.0153
[upd  253 | steps  129536 | t   78.4s | sps  1652] ret_mean=118.500 ep_len=500.0 pi_loss=-0.005 v_loss=3.486 ent=0.597 kl=0.0011
[upd  254 | steps  130048 | t   78.5s | sps  1656] ret_mean=121.000 ep_len=500.0 pi_loss=-0.004 v_loss=3.083 ent=0.538 kl=0.0003
[upd  255 | steps  130560 | t   78.7s | sps  1659] ret_mean=215.500 ep_len=500.0 pi_loss=-0.001 v_loss=12.873 ent=0.214 kl=0.0002
[upd  256 | steps  131072 | t   78.8s | sps  1663] ret_mean=0.000 ep_len=500.0 pi_loss=-0.008 v_loss=1.023 ent=1.047 kl=0.0056
[upd  257 | steps  131584 | t   79.0s | sps  1666] ret_mean=12.500 ep_len=500.0 pi_loss=-0.009 v_loss=0.925 ent=1.142 kl=0.0086
[upd  258 | steps  132096 | t   79.1s | sps  1669] ret_mean=122.000 ep_len=500.0 pi_loss=-0.007 v_loss=2.524 ent=0.666 kl=0.0037
[upd  259 | steps  132608 | t   79.3s | sps  1673] ret_mean=121.500 ep_len=500.0 pi_loss=-0.003 v_loss=2.677 ent=0.627 kl=0.0010
[upd  260 | steps  133120 | t   79.4s | sps  1676] ret_mean=178.000 ep_len=500.0 pi_loss=-0.006 v_loss=8.196 ent=0.506 kl=0.0003
[upd  261 | steps  133632 | t   79.6s | sps  1679] ret_mean=173.000 ep_len=500.0 pi_loss=-0.001 v_loss=10.176 ent=0.427 kl=0.0007
[upd  262 | steps  134144 | t   79.7s | sps  1683] ret_mean=92.000 ep_len=500.0 pi_loss=-0.007 v_loss=2.478 ent=0.801 kl=0.0094
[upd  263 | steps  134656 | t   79.9s | sps  1686] ret_mean=124.000 ep_len=500.0 pi_loss=-0.010 v_loss=2.347 ent=0.692 kl=0.0203
[upd  264 | steps  135168 | t   80.0s | sps  1689] ret_mean=80.500 ep_len=500.0 pi_loss=-0.005 v_loss=3.079 ent=0.683 kl=0.0089
[upd  265 | steps  135680 | t   80.2s | sps  1692] ret_mean=106.500 ep_len=500.0 pi_loss=-0.006 v_loss=3.115 ent=0.605 kl=0.0012
[upd  266 | steps  136192 | t   80.3s | sps  1695] ret_mean=96.500 ep_len=500.0 pi_loss=-0.005 v_loss=6.334 ent=0.602 kl=0.0059
[upd  267 | steps  136704 | t   80.5s | sps  1698] ret_mean=235.000 ep_len=500.0 pi_loss=-0.003 v_loss=7.905 ent=0.561 kl=0.0080
[upd  268 | steps  137216 | t   80.7s | sps  1701] ret_mean=0.000 ep_len=500.0 pi_loss=-0.007 v_loss=1.647 ent=1.024 kl=0.0097
[upd  269 | steps  137728 | t   80.8s | sps  1704] ret_mean=110.500 ep_len=500.0 pi_loss=-0.006 v_loss=3.067 ent=0.629 kl=0.0099
[upd  270 | steps  138240 | t   81.0s | sps  1707] ret_mean=115.000 ep_len=500.0 pi_loss=-0.003 v_loss=2.984 ent=0.756 kl=-0.0013
[upd  271 | steps  138752 | t   81.1s | sps  1710] ret_mean=110.000 ep_len=500.0 pi_loss=-0.011 v_loss=5.834 ent=0.529 kl=0.0060
[upd  272 | steps  139264 | t   81.3s | sps  1714] ret_mean=204.500 ep_len=500.0 pi_loss=-0.005 v_loss=6.818 ent=0.443 kl=0.0079
[upd  273 | steps  139776 | t   81.5s | sps  1716] ret_mean=0.000 ep_len=500.0 pi_loss=-0.010 v_loss=6.556 ent=0.565 kl=0.0226
[upd  274 | steps  140288 | t   81.6s | sps  1719] ret_mean=237.000 ep_len=500.0 pi_loss=-0.005 v_loss=6.912 ent=0.583 kl=0.0096
[upd  275 | steps  140800 | t   81.8s | sps  1722] ret_mean=43.000 ep_len=500.0 pi_loss=-0.004 v_loss=3.494 ent=0.809 kl=0.0065
        [eval] ret_mean=16.667 ep_len=500.0
[upd  276 | steps  141312 | t   85.6s | sps  1650] ret_mean=51.000 ep_len=500.0 pi_loss=-0.004 v_loss=3.061 ent=0.972 kl=-0.0017
[upd  277 | steps  141824 | t   85.8s | sps  1653] ret_mean=103.500 ep_len=500.0 pi_loss=-0.013 v_loss=3.929 ent=0.722 kl=0.0077
[upd  278 | steps  142336 | t   86.0s | sps  1656] ret_mean=7.000 ep_len=500.0 pi_loss=-0.007 v_loss=2.979 ent=0.759 kl=0.0092
[upd  279 | steps  142848 | t   86.1s | sps  1659] ret_mean=0.000 ep_len=500.0 pi_loss=-0.006 v_loss=0.634 ent=1.152 kl=0.0061
[upd  280 | steps  143360 | t   86.3s | sps  1662] ret_mean=61.000 ep_len=500.0 pi_loss=-0.006 v_loss=2.822 ent=0.859 kl=0.0079
[upd  281 | steps  143872 | t   86.4s | sps  1665] ret_mean=62.500 ep_len=500.0 pi_loss=-0.011 v_loss=2.676 ent=0.830 kl=0.0041
[upd  282 | steps  144384 | t   86.6s | sps  1668] ret_mean=195.000 ep_len=500.0 pi_loss=-0.005 v_loss=10.354 ent=0.366 kl=0.0016
[upd  283 | steps  144896 | t   86.7s | sps  1671] ret_mean=186.500 ep_len=500.0 pi_loss=-0.004 v_loss=10.365 ent=0.385 kl=0.0001
[upd  284 | steps  145408 | t   86.9s | sps  1674] ret_mean=174.000 ep_len=500.0 pi_loss=-0.004 v_loss=7.452 ent=0.469 kl=0.0011
[upd  285 | steps  145920 | t   87.0s | sps  1677] ret_mean=84.500 ep_len=500.0 pi_loss=-0.007 v_loss=3.361 ent=0.734 kl=0.0030
[upd  286 | steps  146432 | t   87.2s | sps  1680] ret_mean=0.000 ep_len=500.0 pi_loss=-0.004 v_loss=1.164 ent=1.037 kl=0.0045
[upd  287 | steps  146944 | t   87.3s | sps  1683] ret_mean=98.500 ep_len=500.0 pi_loss=-0.006 v_loss=6.116 ent=0.601 kl=0.0027
[upd  288 | steps  147456 | t   87.5s | sps  1686] ret_mean=236.500 ep_len=500.0 pi_loss=-0.002 v_loss=8.911 ent=0.498 kl=0.0030
[upd  289 | steps  147968 | t   87.6s | sps  1689] ret_mean=37.500 ep_len=500.0 pi_loss=-0.007 v_loss=3.008 ent=1.082 kl=0.0018
[upd  290 | steps  148480 | t   87.8s | sps  1691] ret_mean=36.500 ep_len=500.0 pi_loss=-0.006 v_loss=3.466 ent=0.915 kl=0.0009
[upd  291 | steps  148992 | t   87.9s | sps  1694] ret_mean=104.500 ep_len=500.0 pi_loss=-0.014 v_loss=3.404 ent=0.821 kl=0.0097
[upd  292 | steps  149504 | t   88.1s | sps  1697] ret_mean=78.000 ep_len=500.0 pi_loss=-0.013 v_loss=6.149 ent=0.773 kl=0.0100
[upd  293 | steps  150016 | t   88.3s | sps  1700] ret_mean=199.000 ep_len=500.0 pi_loss=-0.005 v_loss=8.744 ent=0.601 kl=0.0000
[upd  294 | steps  150528 | t   88.4s | sps  1702] ret_mean=82.500 ep_len=500.0 pi_loss=-0.005 v_loss=5.881 ent=0.647 kl=0.0025
[upd  295 | steps  151040 | t   88.6s | sps  1705] ret_mean=199.500 ep_len=500.0 pi_loss=-0.004 v_loss=9.493 ent=0.243 kl=0.0060
[upd  296 | steps  151552 | t   88.8s | sps  1708] ret_mean=208.500 ep_len=500.0 pi_loss=-0.000 v_loss=7.906 ent=0.379 kl=0.0011
[upd  297 | steps  152064 | t   88.9s | sps  1710] ret_mean=121.500 ep_len=500.0 pi_loss=-0.007 v_loss=3.157 ent=0.775 kl=0.0014
[upd  298 | steps  152576 | t   89.0s | sps  1713] ret_mean=124.500 ep_len=500.0 pi_loss=-0.004 v_loss=9.862 ent=0.431 kl=0.0062
[upd  299 | steps  153088 | t   89.2s | sps  1716] ret_mean=177.500 ep_len=500.0 pi_loss=-0.009 v_loss=5.443 ent=0.558 kl=-0.0033
[upd  300 | steps  153600 | t   89.3s | sps  1719] ret_mean=155.500 ep_len=500.0 pi_loss=-0.009 v_loss=9.507 ent=0.388 kl=0.0093
        [eval] ret_mean=24.900 ep_len=500.0
[upd  301 | steps  154112 | t   93.3s | sps  1652] ret_mean=192.000 ep_len=500.0 pi_loss=-0.003 v_loss=10.767 ent=0.447 kl=0.0013
[upd  302 | steps  154624 | t   93.5s | sps  1655] ret_mean=81.500 ep_len=500.0 pi_loss=-0.011 v_loss=3.321 ent=0.778 kl=0.0246
[upd  303 | steps  155136 | t   93.6s | sps  1657] ret_mean=64.500 ep_len=500.0 pi_loss=-0.008 v_loss=3.595 ent=0.862 kl=0.0097
[upd  304 | steps  155648 | t   93.8s | sps  1659] ret_mean=124.500 ep_len=500.0 pi_loss=-0.003 v_loss=3.289 ent=0.594 kl=0.0037
[upd  305 | steps  156160 | t   94.0s | sps  1662] ret_mean=230.500 ep_len=500.0 pi_loss=-0.002 v_loss=10.697 ent=0.177 kl=0.0030
[upd  306 | steps  156672 | t   94.1s | sps  1665] ret_mean=100.000 ep_len=500.0 pi_loss=-0.005 v_loss=3.533 ent=0.814 kl=0.0030
[upd  307 | steps  157184 | t   94.3s | sps  1668] ret_mean=127.500 ep_len=500.0 pi_loss=-0.002 v_loss=6.138 ent=0.654 kl=0.0052
[upd  308 | steps  157696 | t   94.4s | sps  1670] ret_mean=174.500 ep_len=500.0 pi_loss=-0.003 v_loss=10.487 ent=0.294 kl=-0.0003
[upd  309 | steps  158208 | t   94.6s | sps  1673] ret_mean=230.000 ep_len=500.0 pi_loss=-0.002 v_loss=11.321 ent=0.202 kl=0.0006
[upd  310 | steps  158720 | t   94.7s | sps  1675] ret_mean=184.000 ep_len=500.0 pi_loss=-0.006 v_loss=8.373 ent=0.481 kl=0.0061
[upd  311 | steps  159232 | t   94.9s | sps  1678] ret_mean=145.000 ep_len=500.0 pi_loss=-0.006 v_loss=5.419 ent=0.469 kl=0.0084
[upd  312 | steps  159744 | t   95.1s | sps  1681] ret_mean=124.500 ep_len=500.0 pi_loss=-0.011 v_loss=5.386 ent=0.485 kl=0.0182
[upd  313 | steps  160256 | t   95.2s | sps  1683] ret_mean=229.500 ep_len=500.0 pi_loss=-0.001 v_loss=9.304 ent=0.262 kl=0.0026
[upd  314 | steps  160768 | t   95.4s | sps  1686] ret_mean=107.500 ep_len=500.0 pi_loss=-0.008 v_loss=5.229 ent=0.677 kl=0.0149
[upd  315 | steps  161280 | t   95.5s | sps  1688] ret_mean=201.000 ep_len=500.0 pi_loss=-0.002 v_loss=9.222 ent=0.456 kl=0.0052
[upd  316 | steps  161792 | t   95.7s | sps  1691] ret_mean=108.000 ep_len=500.0 pi_loss=-0.005 v_loss=7.690 ent=0.542 kl=0.0119
[upd  317 | steps  162304 | t   95.8s | sps  1694] ret_mean=160.500 ep_len=500.0 pi_loss=-0.005 v_loss=10.176 ent=0.387 kl=0.0080
[upd  318 | steps  162816 | t   96.0s | sps  1696] ret_mean=180.500 ep_len=500.0 pi_loss=-0.001 v_loss=9.068 ent=0.255 kl=0.0026
[upd  319 | steps  163328 | t   96.1s | sps  1699] ret_mean=131.500 ep_len=500.0 pi_loss=-0.003 v_loss=9.926 ent=0.349 kl=0.0017
[upd  320 | steps  163840 | t   96.3s | sps  1701] ret_mean=199.500 ep_len=500.0 pi_loss=-0.008 v_loss=7.672 ent=0.667 kl=0.0042
[upd  321 | steps  164352 | t   96.4s | sps  1704] ret_mean=158.000 ep_len=500.0 pi_loss=-0.002 v_loss=8.180 ent=0.336 kl=-0.0025
[upd  322 | steps  164864 | t   96.6s | sps  1707] ret_mean=102.000 ep_len=500.0 pi_loss=-0.004 v_loss=7.229 ent=0.557 kl=0.0017
[upd  323 | steps  165376 | t   96.8s | sps  1709] ret_mean=146.000 ep_len=500.0 pi_loss=-0.002 v_loss=6.962 ent=0.479 kl=0.0019
[upd  324 | steps  165888 | t   96.9s | sps  1712] ret_mean=122.000 ep_len=500.0 pi_loss=-0.009 v_loss=6.556 ent=0.335 kl=0.0013
[upd  325 | steps  166400 | t   97.1s | sps  1714] ret_mean=228.500 ep_len=500.0 pi_loss=-0.003 v_loss=9.913 ent=0.582 kl=0.0116
        [eval] ret_mean=20.717 ep_len=500.0
[upd  326 | steps  166912 | t  100.9s | sps  1654] ret_mean=71.000 ep_len=500.0 pi_loss=-0.007 v_loss=4.783 ent=0.807 kl=0.0003
[upd  327 | steps  167424 | t  101.1s | sps  1656] ret_mean=87.000 ep_len=500.0 pi_loss=-0.002 v_loss=4.349 ent=0.783 kl=0.0135
[upd  328 | steps  167936 | t  101.2s | sps  1659] ret_mean=236.000 ep_len=500.0 pi_loss=-0.000 v_loss=10.529 ent=0.131 kl=-0.0008
[upd  329 | steps  168448 | t  101.4s | sps  1661] ret_mean=123.000 ep_len=500.0 pi_loss=-0.005 v_loss=3.813 ent=0.668 kl=0.0047
[upd  330 | steps  168960 | t  101.5s | sps  1664] ret_mean=210.000 ep_len=500.0 pi_loss=-0.002 v_loss=10.478 ent=0.272 kl=0.0019
[upd  331 | steps  169472 | t  101.7s | sps  1667] ret_mean=137.000 ep_len=500.0 pi_loss=-0.005 v_loss=6.200 ent=0.576 kl=0.0024
[upd  332 | steps  169984 | t  101.8s | sps  1669] ret_mean=112.000 ep_len=500.0 pi_loss=-0.007 v_loss=4.675 ent=0.668 kl=0.0050
[upd  333 | steps  170496 | t  102.0s | sps  1672] ret_mean=169.500 ep_len=500.0 pi_loss=-0.004 v_loss=8.654 ent=0.482 kl=0.0077
[upd  334 | steps  171008 | t  102.1s | sps  1674] ret_mean=111.000 ep_len=500.0 pi_loss=-0.004 v_loss=5.189 ent=0.730 kl=0.0008
[upd  335 | steps  171520 | t  102.3s | sps  1677] ret_mean=102.000 ep_len=500.0 pi_loss=-0.005 v_loss=5.160 ent=0.809 kl=0.0062
[upd  336 | steps  172032 | t  102.4s | sps  1679] ret_mean=108.500 ep_len=500.0 pi_loss=-0.013 v_loss=4.663 ent=0.798 kl=0.0131
[upd  337 | steps  172544 | t  102.6s | sps  1682] ret_mean=105.000 ep_len=500.0 pi_loss=-0.005 v_loss=5.115 ent=0.700 kl=0.0076
[upd  338 | steps  173056 | t  102.7s | sps  1684] ret_mean=175.000 ep_len=500.0 pi_loss=-0.005 v_loss=8.877 ent=0.584 kl=0.0122
[upd  339 | steps  173568 | t  102.9s | sps  1687] ret_mean=0.000 ep_len=500.0 pi_loss=-0.006 v_loss=5.469 ent=1.357 kl=-0.0000
[upd  340 | steps  174080 | t  103.0s | sps  1689] ret_mean=174.000 ep_len=500.0 pi_loss=-0.004 v_loss=10.647 ent=0.437 kl=0.0083
[upd  341 | steps  174592 | t  103.2s | sps  1692] ret_mean=151.500 ep_len=500.0 pi_loss=-0.001 v_loss=9.428 ent=0.544 kl=0.0027
[upd  342 | steps  175104 | t  103.3s | sps  1694] ret_mean=130.000 ep_len=500.0 pi_loss=-0.004 v_loss=8.036 ent=0.769 kl=0.0005
[upd  343 | steps  175616 | t  103.5s | sps  1697] ret_mean=97.000 ep_len=500.0 pi_loss=-0.005 v_loss=5.622 ent=0.978 kl=0.0109
[upd  344 | steps  176128 | t  103.6s | sps  1699] ret_mean=25.500 ep_len=500.0 pi_loss=-0.006 v_loss=6.907 ent=1.093 kl=0.0055
[upd  345 | steps  176640 | t  103.8s | sps  1702] ret_mean=90.000 ep_len=500.0 pi_loss=-0.004 v_loss=5.414 ent=1.002 kl=0.0003
[upd  346 | steps  177152 | t  103.9s | sps  1705] ret_mean=141.000 ep_len=500.0 pi_loss=-0.006 v_loss=9.109 ent=0.606 kl=0.0021
[upd  347 | steps  177664 | t  104.1s | sps  1707] ret_mean=187.500 ep_len=500.0 pi_loss=-0.002 v_loss=9.551 ent=0.367 kl=0.0006
[upd  348 | steps  178176 | t  104.2s | sps  1709] ret_mean=208.500 ep_len=500.0 pi_loss=-0.003 v_loss=11.294 ent=0.280 kl=0.0007
[upd  349 | steps  178688 | t  104.4s | sps  1711] ret_mean=208.000 ep_len=500.0 pi_loss=-0.005 v_loss=9.108 ent=0.572 kl=0.0121
[upd  350 | steps  179200 | t  104.6s | sps  1713] ret_mean=91.500 ep_len=500.0 pi_loss=-0.004 v_loss=6.697 ent=0.769 kl=0.0000
        [eval] ret_mean=53.900 ep_len=500.0
[upd  351 | steps  179712 | t  109.1s | sps  1648] ret_mean=190.000 ep_len=500.0 pi_loss=-0.001 v_loss=10.351 ent=0.448 kl=0.0038
[upd  352 | steps  180224 | t  109.2s | sps  1650] ret_mean=93.500 ep_len=500.0 pi_loss=-0.011 v_loss=6.323 ent=0.844 kl=0.0146
[upd  353 | steps  180736 | t  109.4s | sps  1652] ret_mean=86.500 ep_len=500.0 pi_loss=-0.008 v_loss=7.004 ent=0.895 kl=0.0093
[upd  354 | steps  181248 | t  109.5s | sps  1655] ret_mean=45.500 ep_len=500.0 pi_loss=-0.008 v_loss=6.166 ent=1.044 kl=0.0045
[upd  355 | steps  181760 | t  109.7s | sps  1657] ret_mean=203.500 ep_len=500.0 pi_loss=-0.003 v_loss=9.557 ent=0.457 kl=-0.0021
[upd  356 | steps  182272 | t  109.9s | sps  1659] ret_mean=176.000 ep_len=500.0 pi_loss=-0.002 v_loss=9.532 ent=0.468 kl=0.0032
[upd  357 | steps  182784 | t  110.0s | sps  1661] ret_mean=121.500 ep_len=500.0 pi_loss=-0.006 v_loss=6.495 ent=0.724 kl=0.0098
[upd  358 | steps  183296 | t  110.2s | sps  1664] ret_mean=110.500 ep_len=500.0 pi_loss=-0.005 v_loss=6.049 ent=0.778 kl=0.0003
[upd  359 | steps  183808 | t  110.3s | sps  1666] ret_mean=109.000 ep_len=500.0 pi_loss=-0.010 v_loss=8.601 ent=0.606 kl=0.0035
[upd  360 | steps  184320 | t  110.5s | sps  1668] ret_mean=217.500 ep_len=500.0 pi_loss=-0.002 v_loss=9.535 ent=0.413 kl=-0.0008
[upd  361 | steps  184832 | t  110.7s | sps  1670] ret_mean=156.500 ep_len=500.0 pi_loss=-0.002 v_loss=9.221 ent=0.492 kl=-0.0010
[upd  362 | steps  185344 | t  110.8s | sps  1673] ret_mean=207.000 ep_len=500.0 pi_loss=-0.004 v_loss=8.597 ent=0.439 kl=0.0124
[upd  363 | steps  185856 | t  110.9s | sps  1675] ret_mean=152.500 ep_len=500.0 pi_loss=-0.007 v_loss=6.010 ent=0.605 kl=0.0055
[upd  364 | steps  186368 | t  111.1s | sps  1678] ret_mean=102.500 ep_len=500.0 pi_loss=-0.015 v_loss=5.287 ent=0.790 kl=0.0228
[upd  365 | steps  186880 | t  111.2s | sps  1680] ret_mean=185.000 ep_len=500.0 pi_loss=-0.003 v_loss=10.070 ent=0.618 kl=0.0053
[upd  366 | steps  187392 | t  111.4s | sps  1682] ret_mean=116.000 ep_len=500.0 pi_loss=-0.003 v_loss=9.926 ent=0.567 kl=0.0181
[upd  367 | steps  187904 | t  111.6s | sps  1684] ret_mean=210.500 ep_len=500.0 pi_loss=-0.005 v_loss=9.639 ent=0.433 kl=0.0071
[upd  368 | steps  188416 | t  111.7s | sps  1687] ret_mean=92.000 ep_len=500.0 pi_loss=-0.008 v_loss=7.444 ent=0.524 kl=0.0072
[upd  369 | steps  188928 | t  111.9s | sps  1689] ret_mean=168.500 ep_len=500.0 pi_loss=-0.004 v_loss=8.820 ent=0.441 kl=0.0063
[upd  370 | steps  189440 | t  112.0s | sps  1691] ret_mean=196.000 ep_len=500.0 pi_loss=-0.001 v_loss=10.535 ent=0.202 kl=-0.0003
[upd  371 | steps  189952 | t  112.2s | sps  1694] ret_mean=231.000 ep_len=500.0 pi_loss=-0.002 v_loss=11.120 ent=0.102 kl=0.0014
[upd  372 | steps  190464 | t  112.3s | sps  1696] ret_mean=235.500 ep_len=500.0 pi_loss=-0.002 v_loss=9.840 ent=0.377 kl=0.0047
[upd  373 | steps  190976 | t  112.5s | sps  1698] ret_mean=126.500 ep_len=500.0 pi_loss=-0.004 v_loss=11.795 ent=0.469 kl=0.0028
[upd  374 | steps  191488 | t  112.6s | sps  1700] ret_mean=187.500 ep_len=500.0 pi_loss=-0.003 v_loss=11.408 ent=0.178 kl=0.0005
[upd  375 | steps  192000 | t  112.8s | sps  1703] ret_mean=214.000 ep_len=500.0 pi_loss=-0.003 v_loss=9.628 ent=0.404 kl=-0.0038
        [eval] ret_mean=28.967 ep_len=500.0
[upd  376 | steps  192512 | t  116.8s | sps  1649] ret_mean=152.500 ep_len=500.0 pi_loss=-0.004 v_loss=12.324 ent=0.511 kl=0.0018
[upd  377 | steps  193024 | t  116.9s | sps  1651] ret_mean=117.500 ep_len=500.0 pi_loss=-0.000 v_loss=5.460 ent=0.641 kl=0.0106
[upd  378 | steps  193536 | t  117.1s | sps  1653] ret_mean=115.000 ep_len=500.0 pi_loss=-0.008 v_loss=6.095 ent=0.594 kl=0.0078
[upd  379 | steps  194048 | t  117.3s | sps  1655] ret_mean=105.000 ep_len=500.0 pi_loss=-0.005 v_loss=5.416 ent=0.792 kl=0.0077
[upd  380 | steps  194560 | t  117.4s | sps  1657] ret_mean=107.500 ep_len=500.0 pi_loss=-0.005 v_loss=5.218 ent=0.687 kl=-0.0002
[upd  381 | steps  195072 | t  117.6s | sps  1659] ret_mean=149.500 ep_len=500.0 pi_loss=-0.003 v_loss=9.501 ent=0.412 kl=0.0072
[upd  382 | steps  195584 | t  117.7s | sps  1661] ret_mean=150.500 ep_len=500.0 pi_loss=-0.003 v_loss=9.348 ent=0.383 kl=0.0031
[upd  383 | steps  196096 | t  117.9s | sps  1664] ret_mean=216.500 ep_len=500.0 pi_loss=-0.000 v_loss=10.731 ent=0.194 kl=0.0006
[upd  384 | steps  196608 | t  118.0s | sps  1666] ret_mean=223.500 ep_len=500.0 pi_loss=0.004 v_loss=10.516 ent=0.216 kl=0.0016
[upd  385 | steps  197120 | t  118.2s | sps  1668] ret_mean=214.500 ep_len=500.0 pi_loss=-0.004 v_loss=10.910 ent=0.233 kl=0.0056
[upd  386 | steps  197632 | t  118.3s | sps  1670] ret_mean=210.000 ep_len=500.0 pi_loss=-0.003 v_loss=10.025 ent=0.285 kl=-0.0007
[upd  387 | steps  198144 | t  118.5s | sps  1673] ret_mean=185.000 ep_len=500.0 pi_loss=-0.007 v_loss=8.116 ent=0.278 kl=0.0129
[upd  388 | steps  198656 | t  118.6s | sps  1675] ret_mean=246.500 ep_len=500.0 pi_loss=-0.002 v_loss=11.449 ent=0.203 kl=0.0063
[upd  389 | steps  199168 | t  118.8s | sps  1677] ret_mean=209.500 ep_len=500.0 pi_loss=-0.004 v_loss=10.546 ent=0.393 kl=0.0095
[upd  390 | steps  199680 | t  118.9s | sps  1679] ret_mean=83.500 ep_len=500.0 pi_loss=-0.007 v_loss=6.769 ent=0.661 kl=0.0150
[upd  391 | steps  200192 | t  119.1s | sps  1681] ret_mean=179.500 ep_len=500.0 pi_loss=-0.003 v_loss=8.815 ent=0.393 kl=-0.0003
[upd  392 | steps  200704 | t  119.2s | sps  1683] ret_mean=119.500 ep_len=500.0 pi_loss=-0.003 v_loss=7.603 ent=0.472 kl=0.0056
[upd  393 | steps  201216 | t  119.4s | sps  1685] ret_mean=158.500 ep_len=500.0 pi_loss=-0.000 v_loss=11.813 ent=0.367 kl=0.0079
[upd  394 | steps  201728 | t  119.6s | sps  1687] ret_mean=201.500 ep_len=500.0 pi_loss=-0.005 v_loss=8.883 ent=0.269 kl=0.0132
[upd  395 | steps  202240 | t  119.7s | sps  1689] ret_mean=224.000 ep_len=500.0 pi_loss=-0.005 v_loss=12.036 ent=0.298 kl=0.0171
[upd  396 | steps  202752 | t  119.9s | sps  1692] ret_mean=196.000 ep_len=500.0 pi_loss=-0.005 v_loss=11.540 ent=0.433 kl=0.0044
[upd  397 | steps  203264 | t  120.0s | sps  1694] ret_mean=91.500 ep_len=500.0 pi_loss=-0.001 v_loss=8.796 ent=0.508 kl=0.0014
[upd  398 | steps  203776 | t  120.2s | sps  1696] ret_mean=159.000 ep_len=500.0 pi_loss=-0.003 v_loss=9.691 ent=0.412 kl=0.0053
[upd  399 | steps  204288 | t  120.3s | sps  1698] ret_mean=116.000 ep_len=500.0 pi_loss=-0.016 v_loss=7.008 ent=0.616 kl=0.0234
[upd  400 | steps  204800 | t  120.5s | sps  1699] ret_mean=81.500 ep_len=500.0 pi_loss=-0.001 v_loss=9.158 ent=0.505 kl=-0.0027
        [eval] ret_mean=62.117 ep_len=500.0
