$ /Users/samchen/Coding/CLASSES/CS2860/.venv/bin/python3 -m policies.train --env rware-tiny-2ag-easy-v2 --seed 2 --updates 400 --rollout 512 --eval-every 25 --eval-episodes 30 --log-dir matrix_results/diagnostics_v1_sam/comm_2ag/main_tiny --run-name mappo-heartbeat-only__delay-only__d30__s2 --n-msg-tokens 8 --no-comm --heartbeat --heartbeat-period 1 --heartbeat-max-age-clip 128 --heartbeat-delay 30 --shape-rewards --pickup-bonus 0.5

[env] EnvSpec(env_id='rware-tiny-2ag-easy-v2', n_agents=2, obs_dim=73, n_env_actions=5, noop_action=0, family='rware')  (n_msg_tokens=1)
[cfg] {'clip_range': 0.2, 'value_clip_range': 0.2, 'entropy_coef': 0.01, 'value_coef': 0.5, 'max_grad_norm': 0.5, 'gamma': 0.99, 'gae_lambda': 0.95, 'lr_actor': 0.0003, 'lr_critic': 0.001, 'update_epochs': 4, 'minibatches': 4, 'hidden': 128, 'depth': 2, 'device': 'cpu', 'extra': {}}
[log] writing to matrix_results/diagnostics_v1_sam/comm_2ag/main_tiny/mappo-heartbeat-only__delay-only__d30__s2
[upd    1 | steps     512 | t    0.2s | sps  2775] ret_mean=0.000 ep_len=500.0 pi_loss=-0.011 v_loss=0.048 ent=1.606 kl=0.0009
[upd    2 | steps    1024 | t    0.4s | sps  2849] ret_mean=0.500 ep_len=500.0 pi_loss=-0.008 v_loss=0.013 ent=1.607 kl=0.0044
[upd    3 | steps    1536 | t    0.5s | sps  2828] ret_mean=0.000 ep_len=500.0 pi_loss=-0.005 v_loss=0.008 ent=1.606 kl=0.0014
[upd    4 | steps    2048 | t    0.7s | sps  2871] ret_mean=0.000 ep_len=500.0 pi_loss=-0.004 v_loss=0.006 ent=1.604 kl=0.0019
[upd    5 | steps    2560 | t    0.9s | sps  2724] ret_mean=1.500 ep_len=500.0 pi_loss=-0.004 v_loss=0.013 ent=1.608 kl=0.0029
[upd    6 | steps    3072 | t    1.1s | sps  2782] ret_mean=1.000 ep_len=500.0 pi_loss=-0.003 v_loss=0.007 ent=1.607 kl=0.0008
[upd    7 | steps    3584 | t    1.3s | sps  2819] ret_mean=1.000 ep_len=500.0 pi_loss=-0.005 v_loss=0.015 ent=1.604 kl=0.0029
[upd    8 | steps    4096 | t    1.4s | sps  2837] ret_mean=2.000 ep_len=500.0 pi_loss=-0.005 v_loss=0.007 ent=1.595 kl=0.0032
[upd    9 | steps    4608 | t    1.6s | sps  2851] ret_mean=0.000 ep_len=500.0 pi_loss=-0.005 v_loss=0.003 ent=1.598 kl=-0.0031
[upd   10 | steps    5120 | t    1.8s | sps  2862] ret_mean=0.000 ep_len=500.0 pi_loss=-0.007 v_loss=0.013 ent=1.583 kl=0.0059
[upd   11 | steps    5632 | t    2.0s | sps  2870] ret_mean=3.000 ep_len=500.0 pi_loss=-0.005 v_loss=0.002 ent=1.545 kl=0.0055
[upd   12 | steps    6144 | t    2.1s | sps  2878] ret_mean=0.000 ep_len=500.0 pi_loss=-0.009 v_loss=0.039 ent=1.551 kl=0.0011
[upd   13 | steps    6656 | t    2.3s | sps  2853] ret_mean=3.000 ep_len=500.0 pi_loss=-0.003 v_loss=0.004 ent=1.545 kl=0.0043
[upd   14 | steps    7168 | t    2.5s | sps  2825] ret_mean=1.500 ep_len=500.0 pi_loss=-0.008 v_loss=0.008 ent=1.490 kl=0.0091
[upd   15 | steps    7680 | t    2.7s | sps  2821] ret_mean=2.500 ep_len=500.0 pi_loss=-0.003 v_loss=0.033 ent=1.464 kl=0.0047
[upd   16 | steps    8192 | t    2.9s | sps  2834] ret_mean=0.500 ep_len=500.0 pi_loss=-0.003 v_loss=0.002 ent=1.493 kl=0.0008
[upd   17 | steps    8704 | t    3.1s | sps  2852] ret_mean=3.500 ep_len=500.0 pi_loss=-0.007 v_loss=0.024 ent=1.444 kl=0.0119
[upd   18 | steps    9216 | t    3.2s | sps  2861] ret_mean=0.000 ep_len=500.0 pi_loss=-0.005 v_loss=0.020 ent=1.510 kl=-0.0013
[upd   19 | steps    9728 | t    3.4s | sps  2865] ret_mean=3.500 ep_len=500.0 pi_loss=-0.004 v_loss=0.017 ent=1.466 kl=0.0000
[upd   20 | steps   10240 | t    3.6s | sps  2845] ret_mean=2.500 ep_len=500.0 pi_loss=-0.005 v_loss=0.009 ent=1.495 kl=0.0047
[upd   21 | steps   10752 | t    3.8s | sps  2836] ret_mean=0.000 ep_len=500.0 pi_loss=-0.006 v_loss=0.003 ent=1.463 kl=0.0012
[upd   22 | steps   11264 | t    4.0s | sps  2843] ret_mean=0.000 ep_len=500.0 pi_loss=-0.010 v_loss=0.002 ent=1.495 kl=0.0036
[upd   23 | steps   11776 | t    4.1s | sps  2849] ret_mean=0.000 ep_len=500.0 pi_loss=-0.004 v_loss=0.006 ent=1.528 kl=0.0020
[upd   24 | steps   12288 | t    4.3s | sps  2840] ret_mean=3.500 ep_len=500.0 pi_loss=-0.003 v_loss=0.017 ent=1.475 kl=0.0016
[upd   25 | steps   12800 | t    4.5s | sps  2853] ret_mean=0.000 ep_len=500.0 pi_loss=-0.004 v_loss=0.003 ent=1.467 kl=0.0044
        [eval] ret_mean=12.467 ep_len=500.0
[upd   26 | steps   13312 | t    8.9s | sps  1488] ret_mean=0.000 ep_len=500.0 pi_loss=-0.005 v_loss=0.001 ent=1.485 kl=0.0012
[upd   27 | steps   13824 | t    9.1s | sps  1516] ret_mean=3.500 ep_len=500.0 pi_loss=-0.007 v_loss=0.022 ent=1.481 kl=0.0073
[upd   28 | steps   14336 | t    9.3s | sps  1542] ret_mean=0.000 ep_len=500.0 pi_loss=-0.005 v_loss=0.001 ent=1.513 kl=0.0003
[upd   29 | steps   14848 | t    9.5s | sps  1566] ret_mean=1.000 ep_len=500.0 pi_loss=-0.006 v_loss=0.004 ent=1.470 kl=0.0051
[upd   30 | steps   15360 | t    9.6s | sps  1592] ret_mean=2.000 ep_len=500.0 pi_loss=-0.007 v_loss=0.013 ent=1.405 kl=0.0109
[upd   31 | steps   15872 | t    9.8s | sps  1615] ret_mean=0.000 ep_len=500.0 pi_loss=-0.005 v_loss=0.002 ent=1.467 kl=0.0020
[upd   32 | steps   16384 | t   10.0s | sps  1634] ret_mean=0.000 ep_len=500.0 pi_loss=-0.004 v_loss=0.001 ent=1.404 kl=0.0019
[upd   33 | steps   16896 | t   10.2s | sps  1654] ret_mean=1.000 ep_len=500.0 pi_loss=-0.007 v_loss=0.005 ent=1.379 kl=-0.0006
[upd   34 | steps   17408 | t   10.4s | sps  1675] ret_mean=7.000 ep_len=500.0 pi_loss=-0.016 v_loss=0.200 ent=1.392 kl=0.0063
[upd   35 | steps   17920 | t   10.6s | sps  1694] ret_mean=10.000 ep_len=500.0 pi_loss=-0.005 v_loss=0.088 ent=1.367 kl=0.0032
[upd   36 | steps   18432 | t   10.8s | sps  1711] ret_mean=4.500 ep_len=500.0 pi_loss=-0.004 v_loss=0.025 ent=1.364 kl=0.0028
[upd   37 | steps   18944 | t   11.0s | sps  1725] ret_mean=6.000 ep_len=500.0 pi_loss=-0.005 v_loss=0.074 ent=1.304 kl=0.0068
[upd   38 | steps   19456 | t   11.2s | sps  1740] ret_mean=0.000 ep_len=500.0 pi_loss=-0.008 v_loss=0.004 ent=1.382 kl=0.0053
[upd   39 | steps   19968 | t   11.4s | sps  1755] ret_mean=11.500 ep_len=500.0 pi_loss=-0.004 v_loss=0.343 ent=1.236 kl=0.0035
[upd   40 | steps   20480 | t   11.6s | sps  1772] ret_mean=0.000 ep_len=500.0 pi_loss=-0.006 v_loss=0.002 ent=1.239 kl=0.0063
[upd   41 | steps   20992 | t   11.8s | sps  1785] ret_mean=2.500 ep_len=500.0 pi_loss=-0.004 v_loss=0.086 ent=1.190 kl=0.0000
[upd   42 | steps   21504 | t   12.0s | sps  1798] ret_mean=6.000 ep_len=500.0 pi_loss=-0.009 v_loss=0.163 ent=1.090 kl=0.0042
[upd   43 | steps   22016 | t   12.1s | sps  1814] ret_mean=16.500 ep_len=500.0 pi_loss=-0.007 v_loss=0.145 ent=1.046 kl=0.0046
[upd   44 | steps   22528 | t   12.3s | sps  1830] ret_mean=2.000 ep_len=500.0 pi_loss=-0.004 v_loss=0.017 ent=1.250 kl=-0.0000
[upd   45 | steps   23040 | t   12.5s | sps  1846] ret_mean=3.500 ep_len=500.0 pi_loss=-0.009 v_loss=0.041 ent=1.230 kl=0.0025
[upd   46 | steps   23552 | t   12.7s | sps  1861] ret_mean=0.000 ep_len=500.0 pi_loss=-0.007 v_loss=0.096 ent=1.348 kl=-0.0002
[upd   47 | steps   24064 | t   12.8s | sps  1876] ret_mean=5.500 ep_len=500.0 pi_loss=-0.004 v_loss=0.002 ent=1.295 kl=0.0010
[upd   48 | steps   24576 | t   13.0s | sps  1887] ret_mean=0.000 ep_len=500.0 pi_loss=-0.006 v_loss=0.027 ent=1.165 kl=0.0127
[upd   49 | steps   25088 | t   13.2s | sps  1897] ret_mean=2.500 ep_len=500.0 pi_loss=-0.011 v_loss=0.134 ent=1.290 kl=0.0077
[upd   50 | steps   25600 | t   13.4s | sps  1911] ret_mean=5.500 ep_len=500.0 pi_loss=-0.004 v_loss=0.028 ent=1.283 kl=0.0013
        [eval] ret_mean=4.167 ep_len=500.0
[upd   51 | steps   26112 | t   17.8s | sps  1465] ret_mean=0.000 ep_len=500.0 pi_loss=-0.003 v_loss=0.005 ent=1.197 kl=0.0035
[upd   52 | steps   26624 | t   18.0s | sps  1477] ret_mean=2.500 ep_len=500.0 pi_loss=-0.012 v_loss=0.050 ent=1.194 kl=0.0078
[upd   53 | steps   27136 | t   18.2s | sps  1488] ret_mean=18.000 ep_len=500.0 pi_loss=-0.005 v_loss=0.246 ent=1.239 kl=0.0169
[upd   54 | steps   27648 | t   18.4s | sps  1502] ret_mean=4.000 ep_len=500.0 pi_loss=-0.006 v_loss=0.039 ent=1.299 kl=0.0057
[upd   55 | steps   28160 | t   18.6s | sps  1512] ret_mean=1.000 ep_len=500.0 pi_loss=-0.005 v_loss=0.010 ent=1.236 kl=-0.0013
[upd   56 | steps   28672 | t   18.8s | sps  1525] ret_mean=0.000 ep_len=500.0 pi_loss=-0.003 v_loss=0.006 ent=1.195 kl=0.0049
[upd   57 | steps   29184 | t   19.0s | sps  1538] ret_mean=0.000 ep_len=500.0 pi_loss=-0.011 v_loss=0.004 ent=1.320 kl=0.0066
[upd   58 | steps   29696 | t   19.2s | sps  1548] ret_mean=6.500 ep_len=500.0 pi_loss=-0.004 v_loss=0.173 ent=1.079 kl=0.0002
[upd   59 | steps   30208 | t   19.4s | sps  1560] ret_mean=9.000 ep_len=500.0 pi_loss=-0.005 v_loss=0.193 ent=1.192 kl=-0.0022
[upd   60 | steps   30720 | t   19.5s | sps  1573] ret_mean=13.000 ep_len=500.0 pi_loss=-0.002 v_loss=0.865 ent=0.966 kl=-0.0006
[upd   61 | steps   31232 | t   19.7s | sps  1583] ret_mean=29.000 ep_len=500.0 pi_loss=-0.005 v_loss=0.213 ent=1.082 kl=0.0034
[upd   62 | steps   31744 | t   19.9s | sps  1591] ret_mean=0.000 ep_len=500.0 pi_loss=-0.009 v_loss=0.106 ent=1.081 kl=0.0047
[upd   63 | steps   32256 | t   20.2s | sps  1600] ret_mean=15.500 ep_len=500.0 pi_loss=-0.014 v_loss=0.162 ent=1.244 kl=0.0032
[upd   64 | steps   32768 | t   20.3s | sps  1611] ret_mean=0.000 ep_len=500.0 pi_loss=-0.012 v_loss=0.012 ent=1.074 kl=0.0041
[upd   65 | steps   33280 | t   20.5s | sps  1622] ret_mean=0.000 ep_len=500.0 pi_loss=-0.013 v_loss=0.003 ent=1.229 kl=0.0121
[upd   66 | steps   33792 | t   20.7s | sps  1632] ret_mean=12.500 ep_len=500.0 pi_loss=-0.002 v_loss=2.660 ent=0.845 kl=0.0022
[upd   67 | steps   34304 | t   20.9s | sps  1643] ret_mean=50.000 ep_len=500.0 pi_loss=-0.011 v_loss=0.125 ent=0.952 kl=0.0168
[upd   68 | steps   34816 | t   21.0s | sps  1655] ret_mean=0.000 ep_len=500.0 pi_loss=-0.008 v_loss=0.006 ent=1.167 kl=0.0058
[upd   69 | steps   35328 | t   21.2s | sps  1666] ret_mean=49.000 ep_len=500.0 pi_loss=-0.004 v_loss=2.484 ent=0.950 kl=0.0011
[upd   70 | steps   35840 | t   21.4s | sps  1677] ret_mean=2.000 ep_len=500.0 pi_loss=-0.010 v_loss=0.478 ent=1.044 kl=0.0048
[upd   71 | steps   36352 | t   21.5s | sps  1687] ret_mean=20.500 ep_len=500.0 pi_loss=-0.004 v_loss=0.119 ent=1.005 kl=0.0055
[upd   72 | steps   36864 | t   21.7s | sps  1699] ret_mean=0.000 ep_len=500.0 pi_loss=-0.010 v_loss=0.004 ent=1.156 kl=0.0051
[upd   73 | steps   37376 | t   21.9s | sps  1710] ret_mean=2.000 ep_len=500.0 pi_loss=-0.004 v_loss=0.032 ent=1.207 kl=0.0096
[upd   74 | steps   37888 | t   22.0s | sps  1719] ret_mean=25.000 ep_len=500.0 pi_loss=-0.006 v_loss=0.882 ent=1.126 kl=0.0038
[upd   75 | steps   38400 | t   22.2s | sps  1729] ret_mean=9.500 ep_len=500.0 pi_loss=-0.011 v_loss=0.047 ent=1.212 kl=0.0058
        [eval] ret_mean=12.500 ep_len=500.0
[upd   76 | steps   38912 | t   26.3s | sps  1478] ret_mean=14.500 ep_len=500.0 pi_loss=-0.008 v_loss=0.347 ent=1.125 kl=0.0040
[upd   77 | steps   39424 | t   26.5s | sps  1488] ret_mean=18.000 ep_len=500.0 pi_loss=-0.007 v_loss=0.764 ent=1.103 kl=0.0125
[upd   78 | steps   39936 | t   26.7s | sps  1498] ret_mean=24.000 ep_len=500.0 pi_loss=-0.004 v_loss=1.070 ent=1.039 kl=0.0055
[upd   79 | steps   40448 | t   26.8s | sps  1507] ret_mean=12.500 ep_len=500.0 pi_loss=-0.011 v_loss=0.469 ent=1.013 kl=0.0196
[upd   80 | steps   40960 | t   27.0s | sps  1517] ret_mean=66.000 ep_len=500.0 pi_loss=-0.006 v_loss=4.224 ent=0.757 kl=0.0032
[upd   81 | steps   41472 | t   27.2s | sps  1526] ret_mean=0.000 ep_len=500.0 pi_loss=-0.007 v_loss=0.019 ent=1.028 kl=0.0105
[upd   82 | steps   41984 | t   27.4s | sps  1535] ret_mean=0.000 ep_len=500.0 pi_loss=-0.006 v_loss=0.009 ent=1.108 kl=0.0039
[upd   83 | steps   42496 | t   27.5s | sps  1544] ret_mean=0.000 ep_len=500.0 pi_loss=-0.006 v_loss=0.011 ent=1.107 kl=0.0078
[upd   84 | steps   43008 | t   27.7s | sps  1553] ret_mean=6.000 ep_len=500.0 pi_loss=-0.005 v_loss=1.066 ent=1.060 kl=0.0082
[upd   85 | steps   43520 | t   27.9s | sps  1562] ret_mean=101.000 ep_len=500.0 pi_loss=-0.006 v_loss=6.725 ent=0.827 kl=0.0068
[upd   86 | steps   44032 | t   28.0s | sps  1570] ret_mean=23.000 ep_len=500.0 pi_loss=-0.005 v_loss=0.775 ent=1.040 kl=0.0087
[upd   87 | steps   44544 | t   28.2s | sps  1579] ret_mean=8.500 ep_len=500.0 pi_loss=-0.007 v_loss=0.024 ent=1.070 kl=0.0171
[upd   88 | steps   45056 | t   28.4s | sps  1588] ret_mean=0.000 ep_len=500.0 pi_loss=-0.009 v_loss=0.021 ent=0.860 kl=-0.0005
[upd   89 | steps   45568 | t   28.6s | sps  1596] ret_mean=0.000 ep_len=500.0 pi_loss=-0.006 v_loss=0.025 ent=1.141 kl=0.0189
[upd   90 | steps   46080 | t   28.7s | sps  1604] ret_mean=5.000 ep_len=500.0 pi_loss=-0.003 v_loss=0.022 ent=1.120 kl=0.0057
[upd   91 | steps   46592 | t   28.9s | sps  1613] ret_mean=0.000 ep_len=500.0 pi_loss=-0.001 v_loss=0.008 ent=0.928 kl=0.0052
[upd   92 | steps   47104 | t   29.1s | sps  1621] ret_mean=6.500 ep_len=500.0 pi_loss=-0.008 v_loss=1.091 ent=0.888 kl=0.0077
[upd   93 | steps   47616 | t   29.2s | sps  1629] ret_mean=21.500 ep_len=500.0 pi_loss=-0.005 v_loss=0.145 ent=0.818 kl=0.0066
[upd   94 | steps   48128 | t   29.4s | sps  1636] ret_mean=23.000 ep_len=500.0 pi_loss=-0.004 v_loss=0.545 ent=0.741 kl=0.0079
[upd   95 | steps   48640 | t   29.6s | sps  1644] ret_mean=0.000 ep_len=500.0 pi_loss=-0.006 v_loss=0.021 ent=0.787 kl=0.0071
[upd   96 | steps   49152 | t   29.8s | sps  1651] ret_mean=0.000 ep_len=500.0 pi_loss=-0.013 v_loss=0.203 ent=0.997 kl=0.0073
[upd   97 | steps   49664 | t   29.9s | sps  1659] ret_mean=7.000 ep_len=500.0 pi_loss=-0.003 v_loss=0.010 ent=0.817 kl=0.0074
[upd   98 | steps   50176 | t   30.1s | sps  1667] ret_mean=0.000 ep_len=500.0 pi_loss=-0.010 v_loss=2.739 ent=0.654 kl=0.0253
[upd   99 | steps   50688 | t   30.3s | sps  1674] ret_mean=71.000 ep_len=500.0 pi_loss=-0.005 v_loss=1.133 ent=0.692 kl=0.0055
[upd  100 | steps   51200 | t   30.4s | sps  1682] ret_mean=10.000 ep_len=500.0 pi_loss=-0.004 v_loss=0.012 ent=0.782 kl=0.0072
        [eval] ret_mean=8.317 ep_len=500.0
[upd  101 | steps   51712 | t   34.5s | sps  1497] ret_mean=19.500 ep_len=500.0 pi_loss=-0.002 v_loss=0.774 ent=0.727 kl=0.0118
[upd  102 | steps   52224 | t   34.7s | sps  1505] ret_mean=17.000 ep_len=500.0 pi_loss=-0.004 v_loss=0.743 ent=0.413 kl=0.0003
[upd  103 | steps   52736 | t   34.9s | sps  1512] ret_mean=121.500 ep_len=500.0 pi_loss=-0.006 v_loss=6.303 ent=0.387 kl=0.0027
[upd  104 | steps   53248 | t   35.0s | sps  1520] ret_mean=72.500 ep_len=500.0 pi_loss=-0.004 v_loss=5.322 ent=0.366 kl=0.0007
[upd  105 | steps   53760 | t   35.2s | sps  1527] ret_mean=93.500 ep_len=500.0 pi_loss=-0.013 v_loss=4.632 ent=0.591 kl=0.0072
[upd  106 | steps   54272 | t   35.4s | sps  1535] ret_mean=113.500 ep_len=500.0 pi_loss=-0.009 v_loss=5.127 ent=0.266 kl=0.0036
[upd  107 | steps   54784 | t   35.5s | sps  1542] ret_mean=0.000 ep_len=500.0 pi_loss=-0.005 v_loss=0.064 ent=0.777 kl=0.0036
[upd  108 | steps   55296 | t   35.7s | sps  1549] ret_mean=52.000 ep_len=500.0 pi_loss=-0.004 v_loss=2.493 ent=0.348 kl=0.0037
[upd  109 | steps   55808 | t   35.9s | sps  1556] ret_mean=0.000 ep_len=500.0 pi_loss=-0.006 v_loss=0.367 ent=0.554 kl=0.0054
[upd  110 | steps   56320 | t   36.0s | sps  1563] ret_mean=107.500 ep_len=500.0 pi_loss=-0.001 v_loss=9.578 ent=0.227 kl=0.0060
[upd  111 | steps   56832 | t   36.2s | sps  1570] ret_mean=152.500 ep_len=500.0 pi_loss=-0.003 v_loss=4.727 ent=0.334 kl=-0.0006
[upd  112 | steps   57344 | t   36.4s | sps  1577] ret_mean=0.000 ep_len=500.0 pi_loss=-0.004 v_loss=0.090 ent=0.203 kl=-0.0010
[upd  113 | steps   57856 | t   36.5s | sps  1584] ret_mean=0.000 ep_len=500.0 pi_loss=-0.002 v_loss=0.077 ent=0.484 kl=0.0045
[upd  114 | steps   58368 | t   36.7s | sps  1591] ret_mean=16.500 ep_len=500.0 pi_loss=-0.003 v_loss=2.488 ent=0.270 kl=0.0002
[upd  115 | steps   58880 | t   36.8s | sps  1598] ret_mean=105.000 ep_len=500.0 pi_loss=-0.010 v_loss=3.765 ent=0.486 kl=0.0169
[upd  116 | steps   59392 | t   37.0s | sps  1605] ret_mean=99.000 ep_len=500.0 pi_loss=-0.005 v_loss=5.073 ent=0.245 kl=0.0102
[upd  117 | steps   59904 | t   37.2s | sps  1611] ret_mean=174.000 ep_len=500.0 pi_loss=-0.007 v_loss=14.773 ent=0.313 kl=0.0142
[upd  118 | steps   60416 | t   37.3s | sps  1618] ret_mean=122.500 ep_len=500.0 pi_loss=-0.004 v_loss=2.821 ent=0.431 kl=0.0024
[upd  119 | steps   60928 | t   37.5s | sps  1624] ret_mean=0.000 ep_len=500.0 pi_loss=-0.001 v_loss=0.118 ent=0.643 kl=-0.0003
[upd  120 | steps   61440 | t   37.7s | sps  1630] ret_mean=0.000 ep_len=500.0 pi_loss=-0.004 v_loss=1.144 ent=0.680 kl=0.0060
[upd  121 | steps   61952 | t   37.9s | sps  1637] ret_mean=92.500 ep_len=500.0 pi_loss=-0.005 v_loss=4.197 ent=0.330 kl=0.0034
[upd  122 | steps   62464 | t   38.0s | sps  1643] ret_mean=105.500 ep_len=500.0 pi_loss=-0.005 v_loss=2.330 ent=0.482 kl=0.0073
[upd  123 | steps   62976 | t   38.2s | sps  1649] ret_mean=3.500 ep_len=500.0 pi_loss=-0.004 v_loss=0.178 ent=0.442 kl=0.0048
[upd  124 | steps   63488 | t   38.4s | sps  1655] ret_mean=0.000 ep_len=500.0 pi_loss=-0.006 v_loss=0.281 ent=0.276 kl=0.0005
[upd  125 | steps   64000 | t   38.5s | sps  1661] ret_mean=10.500 ep_len=500.0 pi_loss=-0.002 v_loss=9.360 ent=0.254 kl=0.0001
        [eval] ret_mean=16.583 ep_len=500.0
[upd  126 | steps   64512 | t   42.6s | sps  1514] ret_mean=42.000 ep_len=500.0 pi_loss=-0.007 v_loss=2.872 ent=0.337 kl=-0.0014
[upd  127 | steps   65024 | t   42.8s | sps  1520] ret_mean=2.500 ep_len=500.0 pi_loss=-0.004 v_loss=0.243 ent=0.426 kl=0.0034
[upd  128 | steps   65536 | t   42.9s | sps  1527] ret_mean=17.500 ep_len=500.0 pi_loss=-0.009 v_loss=0.480 ent=0.565 kl=0.0071
[upd  129 | steps   66048 | t   43.1s | sps  1533] ret_mean=4.000 ep_len=500.0 pi_loss=-0.005 v_loss=0.138 ent=0.359 kl=-0.0007
[upd  130 | steps   66560 | t   43.2s | sps  1539] ret_mean=106.000 ep_len=500.0 pi_loss=-0.003 v_loss=4.696 ent=0.247 kl=0.0015
[upd  131 | steps   67072 | t   43.4s | sps  1546] ret_mean=2.500 ep_len=500.0 pi_loss=-0.005 v_loss=0.790 ent=0.713 kl=0.0090
[upd  132 | steps   67584 | t   43.5s | sps  1552] ret_mean=111.000 ep_len=500.0 pi_loss=-0.003 v_loss=4.143 ent=0.353 kl=0.0005
[upd  133 | steps   68096 | t   43.7s | sps  1558] ret_mean=120.000 ep_len=500.0 pi_loss=-0.004 v_loss=4.315 ent=0.348 kl=0.0047
[upd  134 | steps   68608 | t   43.9s | sps  1564] ret_mean=26.500 ep_len=500.0 pi_loss=-0.006 v_loss=1.011 ent=0.567 kl=0.0082
[upd  135 | steps   69120 | t   44.0s | sps  1570] ret_mean=96.000 ep_len=500.0 pi_loss=-0.008 v_loss=4.177 ent=0.437 kl=0.0100
[upd  136 | steps   69632 | t   44.2s | sps  1577] ret_mean=120.000 ep_len=500.0 pi_loss=-0.002 v_loss=11.200 ent=0.220 kl=0.0016
[upd  137 | steps   70144 | t   44.3s | sps  1583] ret_mean=173.000 ep_len=500.0 pi_loss=-0.005 v_loss=5.751 ent=0.335 kl=0.0120
[upd  138 | steps   70656 | t   44.5s | sps  1589] ret_mean=44.000 ep_len=500.0 pi_loss=-0.003 v_loss=1.778 ent=0.421 kl=0.0015
[upd  139 | steps   71168 | t   44.6s | sps  1595] ret_mean=133.500 ep_len=500.0 pi_loss=-0.000 v_loss=9.101 ent=0.190 kl=0.0024
[upd  140 | steps   71680 | t   44.8s | sps  1601] ret_mean=140.500 ep_len=500.0 pi_loss=-0.008 v_loss=8.248 ent=0.251 kl=0.0121
[upd  141 | steps   72192 | t   44.9s | sps  1607] ret_mean=102.000 ep_len=500.0 pi_loss=-0.003 v_loss=4.236 ent=0.258 kl=0.0047
[upd  142 | steps   72704 | t   45.1s | sps  1613] ret_mean=125.000 ep_len=500.0 pi_loss=-0.004 v_loss=3.377 ent=0.180 kl=0.0016
[upd  143 | steps   73216 | t   45.2s | sps  1619] ret_mean=104.000 ep_len=500.0 pi_loss=-0.002 v_loss=8.562 ent=0.295 kl=0.0005
[upd  144 | steps   73728 | t   45.4s | sps  1625] ret_mean=218.000 ep_len=500.0 pi_loss=-0.003 v_loss=11.816 ent=0.179 kl=0.0026
[upd  145 | steps   74240 | t   45.5s | sps  1631] ret_mean=167.500 ep_len=500.0 pi_loss=-0.008 v_loss=10.427 ent=0.315 kl=0.0142
[upd  146 | steps   74752 | t   45.7s | sps  1636] ret_mean=50.500 ep_len=500.0 pi_loss=-0.004 v_loss=2.437 ent=0.438 kl=0.0053
[upd  147 | steps   75264 | t   45.8s | sps  1642] ret_mean=75.000 ep_len=500.0 pi_loss=-0.003 v_loss=3.358 ent=0.449 kl=-0.0002
[upd  148 | steps   75776 | t   46.0s | sps  1647] ret_mean=110.000 ep_len=500.0 pi_loss=-0.003 v_loss=8.718 ent=0.264 kl=0.0061
[upd  149 | steps   76288 | t   46.2s | sps  1653] ret_mean=212.500 ep_len=500.0 pi_loss=-0.004 v_loss=8.871 ent=0.332 kl=0.0055
[upd  150 | steps   76800 | t   46.3s | sps  1658] ret_mean=68.500 ep_len=500.0 pi_loss=-0.004 v_loss=3.084 ent=0.529 kl=0.0096
        [eval] ret_mean=16.650 ep_len=500.0
[upd  151 | steps   77312 | t   50.4s | sps  1534] ret_mean=103.500 ep_len=500.0 pi_loss=-0.009 v_loss=3.997 ent=0.390 kl=0.0072
[upd  152 | steps   77824 | t   50.6s | sps  1539] ret_mean=195.500 ep_len=500.0 pi_loss=-0.005 v_loss=13.134 ent=0.242 kl=0.0055
[upd  153 | steps   78336 | t   50.8s | sps  1543] ret_mean=124.000 ep_len=500.0 pi_loss=-0.006 v_loss=3.555 ent=0.451 kl=-0.0028
[upd  154 | steps   78848 | t   51.0s | sps  1547] ret_mean=91.500 ep_len=500.0 pi_loss=-0.001 v_loss=3.201 ent=0.519 kl=0.0050
[upd  155 | steps   79360 | t   51.1s | sps  1552] ret_mean=171.500 ep_len=500.0 pi_loss=-0.004 v_loss=9.012 ent=0.322 kl=0.0052
[upd  156 | steps   79872 | t   51.3s | sps  1557] ret_mean=0.500 ep_len=500.0 pi_loss=-0.002 v_loss=0.741 ent=0.646 kl=0.0023
[upd  157 | steps   80384 | t   51.5s | sps  1562] ret_mean=5.500 ep_len=500.0 pi_loss=-0.007 v_loss=1.307 ent=0.674 kl=0.0161
[upd  158 | steps   80896 | t   51.6s | sps  1567] ret_mean=67.000 ep_len=500.0 pi_loss=-0.004 v_loss=1.968 ent=0.785 kl=-0.0007
[upd  159 | steps   81408 | t   51.8s | sps  1572] ret_mean=97.000 ep_len=500.0 pi_loss=-0.005 v_loss=3.643 ent=0.478 kl=0.0091
[upd  160 | steps   81920 | t   51.9s | sps  1577] ret_mean=188.000 ep_len=500.0 pi_loss=-0.004 v_loss=10.176 ent=0.351 kl=0.0100
[upd  161 | steps   82432 | t   52.1s | sps  1582] ret_mean=0.000 ep_len=500.0 pi_loss=-0.006 v_loss=1.267 ent=0.755 kl=0.0138
[upd  162 | steps   82944 | t   52.3s | sps  1587] ret_mean=130.500 ep_len=500.0 pi_loss=-0.005 v_loss=6.781 ent=0.432 kl=0.0043
[upd  163 | steps   83456 | t   52.5s | sps  1591] ret_mean=67.000 ep_len=500.0 pi_loss=-0.007 v_loss=2.543 ent=0.634 kl=0.0113
[upd  164 | steps   83968 | t   52.6s | sps  1596] ret_mean=148.500 ep_len=500.0 pi_loss=-0.005 v_loss=8.477 ent=0.414 kl=0.0091
[upd  165 | steps   84480 | t   52.8s | sps  1601] ret_mean=214.000 ep_len=500.0 pi_loss=-0.004 v_loss=10.827 ent=0.317 kl=0.0074
[upd  166 | steps   84992 | t   52.9s | sps  1606] ret_mean=183.500 ep_len=500.0 pi_loss=-0.002 v_loss=9.531 ent=0.428 kl=0.0008
[upd  167 | steps   85504 | t   53.1s | sps  1611] ret_mean=0.000 ep_len=500.0 pi_loss=-0.007 v_loss=1.238 ent=0.776 kl=0.0084
[upd  168 | steps   86016 | t   53.2s | sps  1616] ret_mean=118.500 ep_len=500.0 pi_loss=-0.006 v_loss=3.460 ent=0.711 kl=0.0012
[upd  169 | steps   86528 | t   53.4s | sps  1621] ret_mean=0.000 ep_len=500.0 pi_loss=-0.011 v_loss=1.377 ent=0.941 kl=0.0087
[upd  170 | steps   87040 | t   53.5s | sps  1625] ret_mean=82.000 ep_len=500.0 pi_loss=-0.002 v_loss=3.044 ent=0.569 kl=0.0027
[upd  171 | steps   87552 | t   53.7s | sps  1630] ret_mean=106.500 ep_len=500.0 pi_loss=-0.001 v_loss=3.445 ent=0.565 kl=0.0046
[upd  172 | steps   88064 | t   53.9s | sps  1635] ret_mean=149.500 ep_len=500.0 pi_loss=-0.005 v_loss=6.422 ent=0.569 kl=0.0005
[upd  173 | steps   88576 | t   54.0s | sps  1640] ret_mean=109.000 ep_len=500.0 pi_loss=-0.005 v_loss=2.830 ent=0.593 kl=0.0063
[upd  174 | steps   89088 | t   54.2s | sps  1645] ret_mean=96.000 ep_len=500.0 pi_loss=-0.004 v_loss=2.734 ent=0.580 kl=0.0086
[upd  175 | steps   89600 | t   54.3s | sps  1650] ret_mean=105.000 ep_len=500.0 pi_loss=-0.010 v_loss=4.557 ent=0.531 kl=0.0195
        [eval] ret_mean=8.317 ep_len=500.0
[upd  176 | steps   90112 | t   58.2s | sps  1549] ret_mean=168.500 ep_len=500.0 pi_loss=-0.002 v_loss=9.850 ent=0.388 kl=0.0072
[upd  177 | steps   90624 | t   58.3s | sps  1554] ret_mean=219.000 ep_len=500.0 pi_loss=-0.001 v_loss=12.490 ent=0.160 kl=-0.0007
[upd  178 | steps   91136 | t   58.5s | sps  1559] ret_mean=124.000 ep_len=500.0 pi_loss=-0.006 v_loss=2.357 ent=0.598 kl=0.0029
[upd  179 | steps   91648 | t   58.6s | sps  1564] ret_mean=85.000 ep_len=500.0 pi_loss=-0.009 v_loss=3.047 ent=0.776 kl=0.0163
[upd  180 | steps   92160 | t   58.8s | sps  1568] ret_mean=160.000 ep_len=500.0 pi_loss=-0.003 v_loss=9.254 ent=0.442 kl=0.0042
[upd  181 | steps   92672 | t   58.9s | sps  1573] ret_mean=0.000 ep_len=500.0 pi_loss=-0.009 v_loss=2.446 ent=1.000 kl=0.0079
[upd  182 | steps   93184 | t   59.1s | sps  1577] ret_mean=236.000 ep_len=500.0 pi_loss=-0.004 v_loss=11.183 ent=0.184 kl=0.0054
[upd  183 | steps   93696 | t   59.2s | sps  1582] ret_mean=109.500 ep_len=500.0 pi_loss=-0.006 v_loss=2.998 ent=0.549 kl=0.0060
[upd  184 | steps   94208 | t   59.4s | sps  1586] ret_mean=157.000 ep_len=500.0 pi_loss=-0.005 v_loss=6.793 ent=0.486 kl=0.0362
[upd  185 | steps   94720 | t   59.6s | sps  1591] ret_mean=150.000 ep_len=500.0 pi_loss=-0.004 v_loss=8.479 ent=0.484 kl=0.0032
[upd  186 | steps   95232 | t   59.7s | sps  1595] ret_mean=131.500 ep_len=500.0 pi_loss=-0.009 v_loss=3.383 ent=0.742 kl=0.0102
[upd  187 | steps   95744 | t   59.9s | sps  1599] ret_mean=105.500 ep_len=500.0 pi_loss=-0.008 v_loss=4.222 ent=0.792 kl=0.0050
[upd  188 | steps   96256 | t   60.1s | sps  1603] ret_mean=78.000 ep_len=500.0 pi_loss=-0.006 v_loss=5.343 ent=0.690 kl=0.0030
[upd  189 | steps   96768 | t   60.2s | sps  1607] ret_mean=229.000 ep_len=500.0 pi_loss=-0.001 v_loss=11.591 ent=0.258 kl=-0.0034
[upd  190 | steps   97280 | t   60.4s | sps  1611] ret_mean=228.500 ep_len=500.0 pi_loss=-0.003 v_loss=8.291 ent=0.316 kl=0.0052
[upd  191 | steps   97792 | t   60.5s | sps  1615] ret_mean=116.500 ep_len=500.0 pi_loss=-0.009 v_loss=6.116 ent=0.550 kl=0.0126
[upd  192 | steps   98304 | t   60.7s | sps  1620] ret_mean=218.000 ep_len=500.0 pi_loss=-0.002 v_loss=8.044 ent=0.396 kl=0.0033
[upd  193 | steps   98816 | t   60.9s | sps  1624] ret_mean=111.000 ep_len=500.0 pi_loss=-0.010 v_loss=4.839 ent=0.750 kl=0.0038
[upd  194 | steps   99328 | t   61.0s | sps  1628] ret_mean=193.500 ep_len=500.0 pi_loss=-0.001 v_loss=8.079 ent=0.488 kl=0.0028
[upd  195 | steps   99840 | t   61.2s | sps  1632] ret_mean=116.500 ep_len=500.0 pi_loss=-0.004 v_loss=3.178 ent=0.830 kl=0.0028
[upd  196 | steps  100352 | t   61.3s | sps  1637] ret_mean=136.000 ep_len=500.0 pi_loss=-0.003 v_loss=8.176 ent=0.792 kl=0.0046
[upd  197 | steps  100864 | t   61.5s | sps  1641] ret_mean=21.000 ep_len=500.0 pi_loss=-0.003 v_loss=1.820 ent=0.958 kl=0.0071
[upd  198 | steps  101376 | t   61.6s | sps  1645] ret_mean=110.000 ep_len=500.0 pi_loss=-0.005 v_loss=3.898 ent=1.059 kl=0.0072
[upd  199 | steps  101888 | t   61.8s | sps  1649] ret_mean=7.000 ep_len=500.0 pi_loss=-0.003 v_loss=4.621 ent=1.135 kl=0.0044
[upd  200 | steps  102400 | t   61.9s | sps  1653] ret_mean=60.500 ep_len=500.0 pi_loss=-0.004 v_loss=8.477 ent=0.667 kl=0.0012
        [eval] ret_mean=8.283 ep_len=500.0
[upd  201 | steps  102912 | t   65.9s | sps  1561] ret_mean=73.500 ep_len=500.0 pi_loss=-0.011 v_loss=3.911 ent=0.898 kl=0.0156
[upd  202 | steps  103424 | t   66.1s | sps  1565] ret_mean=225.000 ep_len=500.0 pi_loss=-0.004 v_loss=11.614 ent=0.263 kl=0.0020
[upd  203 | steps  103936 | t   66.3s | sps  1569] ret_mean=201.500 ep_len=500.0 pi_loss=-0.002 v_loss=11.522 ent=0.364 kl=-0.0021
[upd  204 | steps  104448 | t   66.5s | sps  1571] ret_mean=143.000 ep_len=500.0 pi_loss=-0.004 v_loss=8.027 ent=0.547 kl=0.0002
[upd  205 | steps  104960 | t   66.8s | sps  1572] ret_mean=215.500 ep_len=500.0 pi_loss=-0.007 v_loss=10.346 ent=0.497 kl=0.0251
[upd  206 | steps  105472 | t   66.9s | sps  1575] ret_mean=224.000 ep_len=500.0 pi_loss=-0.011 v_loss=8.567 ent=0.247 kl=0.0177
[upd  207 | steps  105984 | t   67.1s | sps  1579] ret_mean=207.000 ep_len=500.0 pi_loss=-0.004 v_loss=10.366 ent=0.289 kl=0.0061
[upd  208 | steps  106496 | t   67.3s | sps  1582] ret_mean=115.000 ep_len=500.0 pi_loss=-0.004 v_loss=3.809 ent=0.684 kl=-0.0022
[upd  209 | steps  107008 | t   67.5s | sps  1585] ret_mean=127.000 ep_len=500.0 pi_loss=-0.007 v_loss=6.057 ent=0.662 kl=0.0065
[upd  210 | steps  107520 | t   67.7s | sps  1589] ret_mean=53.000 ep_len=500.0 pi_loss=-0.004 v_loss=5.217 ent=0.925 kl=0.0043
[upd  211 | steps  108032 | t   67.8s | sps  1592] ret_mean=150.500 ep_len=500.0 pi_loss=-0.003 v_loss=7.230 ent=0.554 kl=0.0017
[upd  212 | steps  108544 | t   68.0s | sps  1596] ret_mean=112.000 ep_len=500.0 pi_loss=-0.005 v_loss=4.163 ent=0.830 kl=0.0066
[upd  213 | steps  109056 | t   68.2s | sps  1599] ret_mean=0.000 ep_len=500.0 pi_loss=-0.010 v_loss=3.177 ent=1.183 kl=0.0041
[upd  214 | steps  109568 | t   68.4s | sps  1602] ret_mean=72.500 ep_len=500.0 pi_loss=-0.008 v_loss=4.425 ent=1.046 kl=0.0084
[upd  215 | steps  110080 | t   68.6s | sps  1606] ret_mean=87.500 ep_len=500.0 pi_loss=-0.007 v_loss=4.281 ent=0.631 kl=0.0048
[upd  216 | steps  110592 | t   68.7s | sps  1609] ret_mean=206.500 ep_len=500.0 pi_loss=-0.001 v_loss=10.916 ent=0.175 kl=-0.0015
[upd  217 | steps  111104 | t   68.9s | sps  1613] ret_mean=234.500 ep_len=500.0 pi_loss=-0.001 v_loss=8.678 ent=0.300 kl=0.0048
[upd  218 | steps  111616 | t   69.1s | sps  1616] ret_mean=123.500 ep_len=500.0 pi_loss=-0.003 v_loss=4.793 ent=0.539 kl=0.0048
[upd  219 | steps  112128 | t   69.2s | sps  1619] ret_mean=212.000 ep_len=500.0 pi_loss=-0.001 v_loss=9.915 ent=0.214 kl=-0.0001
[upd  220 | steps  112640 | t   69.4s | sps  1622] ret_mean=215.000 ep_len=500.0 pi_loss=-0.003 v_loss=10.390 ent=0.229 kl=0.0040
[upd  221 | steps  113152 | t   69.6s | sps  1626] ret_mean=215.000 ep_len=500.0 pi_loss=-0.004 v_loss=9.207 ent=0.234 kl=0.0082
[upd  222 | steps  113664 | t   69.8s | sps  1629] ret_mean=201.000 ep_len=500.0 pi_loss=-0.005 v_loss=9.491 ent=0.594 kl=0.0038
[upd  223 | steps  114176 | t   69.9s | sps  1633] ret_mean=31.000 ep_len=500.0 pi_loss=-0.009 v_loss=5.290 ent=0.714 kl=0.0147
[upd  224 | steps  114688 | t   70.1s | sps  1635] ret_mean=36.500 ep_len=500.0 pi_loss=-0.006 v_loss=6.314 ent=0.655 kl=0.0070
[upd  225 | steps  115200 | t   70.3s | sps  1638] ret_mean=161.000 ep_len=500.0 pi_loss=-0.008 v_loss=5.639 ent=0.534 kl=0.0061
        [eval] ret_mean=37.333 ep_len=500.0
[upd  226 | steps  115712 | t   74.7s | sps  1548] ret_mean=51.500 ep_len=500.0 pi_loss=-0.008 v_loss=3.978 ent=0.745 kl=0.0087
[upd  227 | steps  116224 | t   74.9s | sps  1552] ret_mean=200.000 ep_len=500.0 pi_loss=-0.002 v_loss=10.279 ent=0.248 kl=0.0067
[upd  228 | steps  116736 | t   75.1s | sps  1555] ret_mean=129.000 ep_len=500.0 pi_loss=-0.008 v_loss=3.770 ent=0.407 kl=0.0035
[upd  229 | steps  117248 | t   75.2s | sps  1559] ret_mean=122.000 ep_len=500.0 pi_loss=-0.004 v_loss=3.121 ent=0.423 kl=0.0064
[upd  230 | steps  117760 | t   75.4s | sps  1562] ret_mean=0.000 ep_len=500.0 pi_loss=-0.007 v_loss=3.209 ent=0.665 kl=0.0078
[upd  231 | steps  118272 | t   75.6s | sps  1565] ret_mean=120.500 ep_len=500.0 pi_loss=-0.005 v_loss=5.381 ent=0.330 kl=0.0089
[upd  232 | steps  118784 | t   75.7s | sps  1569] ret_mean=231.000 ep_len=500.0 pi_loss=-0.003 v_loss=9.830 ent=0.174 kl=-0.0002
[upd  233 | steps  119296 | t   75.9s | sps  1572] ret_mean=216.500 ep_len=500.0 pi_loss=-0.004 v_loss=9.455 ent=0.343 kl=0.0070
[upd  234 | steps  119808 | t   76.1s | sps  1575] ret_mean=74.500 ep_len=500.0 pi_loss=-0.005 v_loss=4.026 ent=0.494 kl=0.0034
[upd  235 | steps  120320 | t   76.2s | sps  1578] ret_mean=213.500 ep_len=500.0 pi_loss=-0.002 v_loss=9.086 ent=0.229 kl=0.0023
[upd  236 | steps  120832 | t   76.4s | sps  1582] ret_mean=177.500 ep_len=500.0 pi_loss=0.002 v_loss=9.179 ent=0.335 kl=0.0063
[upd  237 | steps  121344 | t   76.6s | sps  1585] ret_mean=143.500 ep_len=500.0 pi_loss=-0.005 v_loss=6.853 ent=0.459 kl=0.0051
[upd  238 | steps  121856 | t   76.7s | sps  1588] ret_mean=52.000 ep_len=500.0 pi_loss=-0.007 v_loss=7.494 ent=0.589 kl=0.0070
[upd  239 | steps  122368 | t   76.9s | sps  1591] ret_mean=176.000 ep_len=500.0 pi_loss=-0.004 v_loss=7.490 ent=0.303 kl=0.0067
[upd  240 | steps  122880 | t   77.1s | sps  1594] ret_mean=212.500 ep_len=500.0 pi_loss=-0.001 v_loss=8.128 ent=0.423 kl=0.0029
[upd  241 | steps  123392 | t   77.2s | sps  1597] ret_mean=48.000 ep_len=500.0 pi_loss=-0.012 v_loss=4.770 ent=0.801 kl=0.0049
[upd  242 | steps  123904 | t   77.4s | sps  1601] ret_mean=158.000 ep_len=500.0 pi_loss=-0.000 v_loss=8.543 ent=0.429 kl=0.0020
[upd  243 | steps  124416 | t   77.6s | sps  1604] ret_mean=118.500 ep_len=500.0 pi_loss=-0.006 v_loss=6.480 ent=0.579 kl=0.0097
[upd  244 | steps  124928 | t   77.7s | sps  1607] ret_mean=192.500 ep_len=500.0 pi_loss=-0.004 v_loss=9.982 ent=0.313 kl=0.0005
[upd  245 | steps  125440 | t   77.9s | sps  1609] ret_mean=176.000 ep_len=500.0 pi_loss=-0.011 v_loss=5.602 ent=0.504 kl=0.0176
[upd  246 | steps  125952 | t   78.1s | sps  1612] ret_mean=82.500 ep_len=500.0 pi_loss=-0.006 v_loss=4.032 ent=0.560 kl=0.0112
[upd  247 | steps  126464 | t   78.3s | sps  1615] ret_mean=102.000 ep_len=500.0 pi_loss=-0.007 v_loss=4.944 ent=0.638 kl=-0.0014
[upd  248 | steps  126976 | t   78.5s | sps  1618] ret_mean=92.000 ep_len=500.0 pi_loss=-0.008 v_loss=4.441 ent=0.632 kl=0.0015
[upd  249 | steps  127488 | t   78.6s | sps  1621] ret_mean=81.000 ep_len=500.0 pi_loss=-0.005 v_loss=2.980 ent=0.491 kl=0.0016
[upd  250 | steps  128000 | t   78.8s | sps  1625] ret_mean=123.000 ep_len=500.0 pi_loss=-0.008 v_loss=6.850 ent=0.311 kl=0.0058
        [eval] ret_mean=41.517 ep_len=500.0
[upd  251 | steps  128512 | t   83.0s | sps  1548] ret_mean=148.500 ep_len=500.0 pi_loss=-0.000 v_loss=6.232 ent=0.395 kl=-0.0004
[upd  252 | steps  129024 | t   83.2s | sps  1551] ret_mean=138.500 ep_len=500.0 pi_loss=-0.002 v_loss=7.819 ent=0.455 kl=0.0035
[upd  253 | steps  129536 | t   83.3s | sps  1554] ret_mean=1.000 ep_len=500.0 pi_loss=-0.002 v_loss=4.551 ent=0.825 kl=0.0039
[upd  254 | steps  130048 | t   83.5s | sps  1557] ret_mean=111.500 ep_len=500.0 pi_loss=-0.002 v_loss=5.064 ent=0.515 kl=0.0051
[upd  255 | steps  130560 | t   83.7s | sps  1560] ret_mean=217.000 ep_len=500.0 pi_loss=-0.003 v_loss=11.915 ent=0.177 kl=0.0091
[upd  256 | steps  131072 | t   83.9s | sps  1563] ret_mean=124.000 ep_len=500.0 pi_loss=-0.007 v_loss=6.419 ent=0.526 kl=0.0067
[upd  257 | steps  131584 | t   84.0s | sps  1566] ret_mean=159.000 ep_len=500.0 pi_loss=-0.003 v_loss=5.266 ent=0.477 kl=0.0023
[upd  258 | steps  132096 | t   84.2s | sps  1569] ret_mean=47.500 ep_len=500.0 pi_loss=-0.004 v_loss=5.264 ent=0.592 kl=0.0067
[upd  259 | steps  132608 | t   84.4s | sps  1572] ret_mean=203.500 ep_len=500.0 pi_loss=-0.008 v_loss=8.957 ent=0.325 kl=0.0125
[upd  260 | steps  133120 | t   84.5s | sps  1575] ret_mean=180.500 ep_len=500.0 pi_loss=-0.001 v_loss=7.189 ent=0.424 kl=0.0037
[upd  261 | steps  133632 | t   84.7s | sps  1578] ret_mean=143.000 ep_len=500.0 pi_loss=-0.003 v_loss=6.409 ent=0.415 kl=0.0030
[upd  262 | steps  134144 | t   84.9s | sps  1580] ret_mean=114.500 ep_len=500.0 pi_loss=-0.002 v_loss=5.817 ent=0.414 kl=0.0028
[upd  263 | steps  134656 | t   85.0s | sps  1583] ret_mean=215.500 ep_len=500.0 pi_loss=-0.004 v_loss=7.263 ent=0.329 kl=0.0073
[upd  264 | steps  135168 | t   85.2s | sps  1586] ret_mean=119.000 ep_len=500.0 pi_loss=-0.005 v_loss=4.734 ent=0.581 kl=0.0037
[upd  265 | steps  135680 | t   85.4s | sps  1589] ret_mean=118.000 ep_len=500.0 pi_loss=-0.005 v_loss=5.277 ent=0.669 kl=0.0030
[upd  266 | steps  136192 | t   85.5s | sps  1592] ret_mean=125.000 ep_len=500.0 pi_loss=-0.008 v_loss=7.427 ent=0.537 kl=0.0185
[upd  267 | steps  136704 | t   85.7s | sps  1595] ret_mean=115.500 ep_len=500.0 pi_loss=-0.009 v_loss=4.590 ent=0.649 kl=0.0077
[upd  268 | steps  137216 | t   85.9s | sps  1598] ret_mean=143.000 ep_len=500.0 pi_loss=-0.004 v_loss=8.177 ent=0.566 kl=0.0062
[upd  269 | steps  137728 | t   86.0s | sps  1601] ret_mean=0.000 ep_len=500.0 pi_loss=-0.009 v_loss=5.784 ent=0.770 kl=0.0085
[upd  270 | steps  138240 | t   86.2s | sps  1604] ret_mean=206.500 ep_len=500.0 pi_loss=-0.001 v_loss=10.763 ent=0.241 kl=0.0006
[upd  271 | steps  138752 | t   86.3s | sps  1607] ret_mean=215.000 ep_len=500.0 pi_loss=-0.002 v_loss=11.353 ent=0.241 kl=0.0009
[upd  272 | steps  139264 | t   86.5s | sps  1610] ret_mean=211.500 ep_len=500.0 pi_loss=-0.004 v_loss=7.406 ent=0.382 kl=0.0041
[upd  273 | steps  139776 | t   86.7s | sps  1613] ret_mean=115.000 ep_len=500.0 pi_loss=-0.004 v_loss=6.345 ent=0.479 kl=0.0034
[upd  274 | steps  140288 | t   86.8s | sps  1616] ret_mean=210.500 ep_len=500.0 pi_loss=-0.004 v_loss=8.862 ent=0.623 kl=0.0093
[upd  275 | steps  140800 | t   87.0s | sps  1619] ret_mean=79.000 ep_len=500.0 pi_loss=-0.003 v_loss=4.430 ent=0.599 kl=-0.0052
        [eval] ret_mean=41.500 ep_len=500.0
[upd  276 | steps  141312 | t   91.1s | sps  1551] ret_mean=0.000 ep_len=500.0 pi_loss=-0.012 v_loss=4.968 ent=1.097 kl=0.0033
[upd  277 | steps  141824 | t   91.3s | sps  1554] ret_mean=142.500 ep_len=500.0 pi_loss=-0.002 v_loss=7.002 ent=0.528 kl=0.0017
[upd  278 | steps  142336 | t   91.4s | sps  1557] ret_mean=184.000 ep_len=500.0 pi_loss=-0.002 v_loss=8.001 ent=0.421 kl=0.0047
[upd  279 | steps  142848 | t   91.6s | sps  1559] ret_mean=107.000 ep_len=500.0 pi_loss=-0.006 v_loss=3.924 ent=0.730 kl=0.0100
[upd  280 | steps  143360 | t   91.8s | sps  1562] ret_mean=82.000 ep_len=500.0 pi_loss=-0.004 v_loss=8.467 ent=0.814 kl=0.0054
[upd  281 | steps  143872 | t   91.9s | sps  1565] ret_mean=171.000 ep_len=500.0 pi_loss=-0.007 v_loss=10.182 ent=0.454 kl=0.0128
[upd  282 | steps  144384 | t   92.1s | sps  1568] ret_mean=208.000 ep_len=500.0 pi_loss=-0.005 v_loss=9.255 ent=0.281 kl=0.0068
[upd  283 | steps  144896 | t   92.3s | sps  1570] ret_mean=111.500 ep_len=500.0 pi_loss=-0.002 v_loss=4.040 ent=0.619 kl=0.0063
[upd  284 | steps  145408 | t   92.4s | sps  1573] ret_mean=106.000 ep_len=500.0 pi_loss=-0.011 v_loss=4.811 ent=0.564 kl=0.0166
[upd  285 | steps  145920 | t   92.6s | sps  1576] ret_mean=133.000 ep_len=500.0 pi_loss=-0.002 v_loss=6.389 ent=0.517 kl=0.0028
[upd  286 | steps  146432 | t   92.8s | sps  1578] ret_mean=115.500 ep_len=500.0 pi_loss=-0.005 v_loss=5.031 ent=0.712 kl=0.0010
[upd  287 | steps  146944 | t   92.9s | sps  1581] ret_mean=2.000 ep_len=500.0 pi_loss=-0.007 v_loss=5.443 ent=0.927 kl=0.0086
[upd  288 | steps  147456 | t   93.1s | sps  1583] ret_mean=111.500 ep_len=500.0 pi_loss=-0.004 v_loss=5.156 ent=0.683 kl=0.0093
[upd  289 | steps  147968 | t   93.3s | sps  1586] ret_mean=100.500 ep_len=500.0 pi_loss=-0.003 v_loss=6.061 ent=0.535 kl=-0.0037
[upd  290 | steps  148480 | t   93.5s | sps  1589] ret_mean=98.500 ep_len=500.0 pi_loss=-0.012 v_loss=4.832 ent=0.559 kl=0.0105
[upd  291 | steps  148992 | t   93.6s | sps  1592] ret_mean=123.000 ep_len=500.0 pi_loss=-0.003 v_loss=9.211 ent=0.318 kl=-0.0004
[upd  292 | steps  149504 | t   93.8s | sps  1594] ret_mean=181.000 ep_len=500.0 pi_loss=-0.007 v_loss=7.484 ent=0.300 kl=0.0071
[upd  293 | steps  150016 | t   94.0s | sps  1597] ret_mean=230.500 ep_len=500.0 pi_loss=0.000 v_loss=10.493 ent=0.153 kl=-0.0006
[upd  294 | steps  150528 | t   94.1s | sps  1599] ret_mean=219.000 ep_len=500.0 pi_loss=-0.003 v_loss=7.891 ent=0.306 kl=0.0046
[upd  295 | steps  151040 | t   94.3s | sps  1601] ret_mean=108.000 ep_len=500.0 pi_loss=-0.002 v_loss=4.534 ent=0.520 kl=0.0024
[upd  296 | steps  151552 | t   94.5s | sps  1604] ret_mean=185.000 ep_len=500.0 pi_loss=-0.001 v_loss=8.862 ent=0.316 kl=0.0024
[upd  297 | steps  152064 | t   94.6s | sps  1607] ret_mean=150.000 ep_len=500.0 pi_loss=-0.003 v_loss=8.562 ent=0.355 kl=0.0025
[upd  298 | steps  152576 | t   94.8s | sps  1610] ret_mean=222.500 ep_len=500.0 pi_loss=-0.003 v_loss=9.108 ent=0.265 kl=-0.0031
[upd  299 | steps  153088 | t   94.9s | sps  1612] ret_mean=204.000 ep_len=500.0 pi_loss=-0.002 v_loss=9.718 ent=0.294 kl=0.0002
[upd  300 | steps  153600 | t   95.1s | sps  1615] ret_mean=196.500 ep_len=500.0 pi_loss=-0.004 v_loss=10.303 ent=0.485 kl=0.0102
        [eval] ret_mean=57.967 ep_len=500.0
[upd  301 | steps  154112 | t   99.3s | sps  1552] ret_mean=160.500 ep_len=500.0 pi_loss=-0.006 v_loss=9.344 ent=0.566 kl=0.0140
[upd  302 | steps  154624 | t   99.5s | sps  1554] ret_mean=96.000 ep_len=500.0 pi_loss=-0.002 v_loss=4.887 ent=0.673 kl=0.0013
[upd  303 | steps  155136 | t   99.6s | sps  1557] ret_mean=183.500 ep_len=500.0 pi_loss=-0.005 v_loss=11.177 ent=0.446 kl=0.0075
[upd  304 | steps  155648 | t   99.8s | sps  1559] ret_mean=236.500 ep_len=500.0 pi_loss=-0.004 v_loss=9.547 ent=0.268 kl=0.0020
[upd  305 | steps  156160 | t  100.0s | sps  1561] ret_mean=204.000 ep_len=500.0 pi_loss=-0.005 v_loss=9.563 ent=0.450 kl=0.0063
[upd  306 | steps  156672 | t  100.3s | sps  1563] ret_mean=117.000 ep_len=500.0 pi_loss=-0.004 v_loss=9.195 ent=0.588 kl=0.0019
[upd  307 | steps  157184 | t  100.5s | sps  1565] ret_mean=135.500 ep_len=500.0 pi_loss=-0.008 v_loss=8.953 ent=0.436 kl=0.0014
[upd  308 | steps  157696 | t  100.7s | sps  1567] ret_mean=233.500 ep_len=500.0 pi_loss=-0.004 v_loss=10.022 ent=0.389 kl=0.0345
[upd  309 | steps  158208 | t  100.8s | sps  1569] ret_mean=176.000 ep_len=500.0 pi_loss=-0.005 v_loss=10.836 ent=0.633 kl=-0.0027
[upd  310 | steps  158720 | t  101.0s | sps  1571] ret_mean=40.000 ep_len=500.0 pi_loss=-0.005 v_loss=8.142 ent=0.777 kl=0.0065
[upd  311 | steps  159232 | t  101.2s | sps  1574] ret_mean=184.000 ep_len=500.0 pi_loss=-0.010 v_loss=7.428 ent=0.624 kl=0.0316
[upd  312 | steps  159744 | t  101.3s | sps  1576] ret_mean=88.500 ep_len=500.0 pi_loss=-0.003 v_loss=5.999 ent=0.699 kl=0.0034
[upd  313 | steps  160256 | t  101.5s | sps  1579] ret_mean=139.500 ep_len=500.0 pi_loss=-0.009 v_loss=5.764 ent=0.754 kl=0.0114
[upd  314 | steps  160768 | t  101.7s | sps  1581] ret_mean=134.500 ep_len=500.0 pi_loss=-0.002 v_loss=6.742 ent=0.568 kl=0.0154
[upd  315 | steps  161280 | t  101.9s | sps  1583] ret_mean=109.500 ep_len=500.0 pi_loss=-0.003 v_loss=3.791 ent=0.593 kl=0.0011
[upd  316 | steps  161792 | t  102.0s | sps  1586] ret_mean=113.000 ep_len=500.0 pi_loss=-0.003 v_loss=5.616 ent=0.695 kl=0.0093
[upd  317 | steps  162304 | t  102.2s | sps  1588] ret_mean=139.500 ep_len=500.0 pi_loss=-0.014 v_loss=7.231 ent=0.596 kl=0.0073
[upd  318 | steps  162816 | t  102.4s | sps  1591] ret_mean=167.500 ep_len=500.0 pi_loss=-0.005 v_loss=8.226 ent=0.621 kl=0.0049
[upd  319 | steps  163328 | t  102.5s | sps  1593] ret_mean=124.000 ep_len=500.0 pi_loss=-0.007 v_loss=5.515 ent=0.728 kl=0.0034
[upd  320 | steps  163840 | t  102.7s | sps  1595] ret_mean=42.500 ep_len=500.0 pi_loss=-0.008 v_loss=6.190 ent=0.636 kl=0.0246
[upd  321 | steps  164352 | t  102.9s | sps  1598] ret_mean=188.500 ep_len=500.0 pi_loss=-0.002 v_loss=8.091 ent=0.537 kl=0.0056
[upd  322 | steps  164864 | t  103.0s | sps  1600] ret_mean=183.000 ep_len=500.0 pi_loss=-0.001 v_loss=9.004 ent=0.703 kl=0.0053
[upd  323 | steps  165376 | t  103.2s | sps  1602] ret_mean=113.500 ep_len=500.0 pi_loss=-0.005 v_loss=8.446 ent=0.562 kl=0.0039
[upd  324 | steps  165888 | t  103.4s | sps  1605] ret_mean=137.500 ep_len=500.0 pi_loss=-0.005 v_loss=6.025 ent=0.605 kl=0.0024
[upd  325 | steps  166400 | t  103.5s | sps  1607] ret_mean=175.500 ep_len=500.0 pi_loss=-0.001 v_loss=9.484 ent=0.486 kl=0.0015
        [eval] ret_mean=20.733 ep_len=500.0
[upd  326 | steps  166912 | t  108.0s | sps  1545] ret_mean=179.000 ep_len=500.0 pi_loss=-0.005 v_loss=8.555 ent=0.450 kl=0.0065
[upd  327 | steps  167424 | t  108.2s | sps  1547] ret_mean=105.000 ep_len=500.0 pi_loss=-0.005 v_loss=4.368 ent=0.635 kl=0.0071
[upd  328 | steps  167936 | t  108.4s | sps  1549] ret_mean=199.500 ep_len=500.0 pi_loss=-0.003 v_loss=9.076 ent=0.418 kl=0.0047
[upd  329 | steps  168448 | t  108.6s | sps  1552] ret_mean=100.000 ep_len=500.0 pi_loss=-0.005 v_loss=5.153 ent=0.647 kl=0.0053
[upd  330 | steps  168960 | t  108.7s | sps  1554] ret_mean=196.500 ep_len=500.0 pi_loss=-0.004 v_loss=9.856 ent=0.386 kl=-0.0032
[upd  331 | steps  169472 | t  108.9s | sps  1557] ret_mean=173.000 ep_len=500.0 pi_loss=-0.011 v_loss=7.511 ent=0.487 kl=0.0175
[upd  332 | steps  169984 | t  109.1s | sps  1559] ret_mean=177.500 ep_len=500.0 pi_loss=-0.004 v_loss=10.036 ent=0.482 kl=0.0031
[upd  333 | steps  170496 | t  109.2s | sps  1561] ret_mean=175.500 ep_len=500.0 pi_loss=-0.006 v_loss=8.729 ent=0.429 kl=0.0017
[upd  334 | steps  171008 | t  109.4s | sps  1563] ret_mean=105.500 ep_len=500.0 pi_loss=-0.005 v_loss=5.584 ent=0.583 kl=0.0072
[upd  335 | steps  171520 | t  109.6s | sps  1565] ret_mean=196.500 ep_len=500.0 pi_loss=-0.001 v_loss=8.760 ent=0.569 kl=-0.0007
[upd  336 | steps  172032 | t  109.7s | sps  1567] ret_mean=182.500 ep_len=500.0 pi_loss=-0.004 v_loss=9.702 ent=0.620 kl=0.0040
[upd  337 | steps  172544 | t  109.9s | sps  1570] ret_mean=58.000 ep_len=500.0 pi_loss=-0.008 v_loss=6.464 ent=0.663 kl=0.0102
[upd  338 | steps  173056 | t  110.1s | sps  1572] ret_mean=155.500 ep_len=500.0 pi_loss=-0.008 v_loss=8.827 ent=0.461 kl=0.0115
[upd  339 | steps  173568 | t  110.2s | sps  1575] ret_mean=179.500 ep_len=500.0 pi_loss=-0.002 v_loss=10.295 ent=0.542 kl=0.0041
[upd  340 | steps  174080 | t  110.4s | sps  1577] ret_mean=76.500 ep_len=500.0 pi_loss=-0.004 v_loss=4.041 ent=0.689 kl=0.0091
[upd  341 | steps  174592 | t  110.6s | sps  1579] ret_mean=94.000 ep_len=500.0 pi_loss=-0.005 v_loss=4.290 ent=0.720 kl=0.0007
[upd  342 | steps  175104 | t  110.7s | sps  1581] ret_mean=145.500 ep_len=500.0 pi_loss=-0.004 v_loss=8.825 ent=0.595 kl=0.0050
[upd  343 | steps  175616 | t  110.9s | sps  1584] ret_mean=76.000 ep_len=500.0 pi_loss=-0.012 v_loss=5.572 ent=0.676 kl=0.0137
[upd  344 | steps  176128 | t  111.0s | sps  1586] ret_mean=99.000 ep_len=500.0 pi_loss=-0.004 v_loss=7.022 ent=0.436 kl=0.0014
[upd  345 | steps  176640 | t  111.2s | sps  1588] ret_mean=223.500 ep_len=500.0 pi_loss=-0.002 v_loss=8.459 ent=0.333 kl=0.0032
[upd  346 | steps  177152 | t  111.4s | sps  1591] ret_mean=114.500 ep_len=500.0 pi_loss=-0.003 v_loss=5.335 ent=0.569 kl=0.0015
[upd  347 | steps  177664 | t  111.5s | sps  1593] ret_mean=163.000 ep_len=500.0 pi_loss=-0.002 v_loss=6.679 ent=0.440 kl=0.0023
[upd  348 | steps  178176 | t  111.7s | sps  1595] ret_mean=209.500 ep_len=500.0 pi_loss=-0.005 v_loss=9.312 ent=0.414 kl=0.0094
[upd  349 | steps  178688 | t  111.8s | sps  1598] ret_mean=144.000 ep_len=500.0 pi_loss=-0.004 v_loss=9.572 ent=0.258 kl=0.0032
[upd  350 | steps  179200 | t  112.0s | sps  1600] ret_mean=203.500 ep_len=500.0 pi_loss=-0.002 v_loss=9.679 ent=0.642 kl=0.0013
        [eval] ret_mean=45.600 ep_len=500.0
[upd  351 | steps  179712 | t  116.1s | sps  1549] ret_mean=65.000 ep_len=500.0 pi_loss=-0.004 v_loss=7.799 ent=0.646 kl=0.0040
[upd  352 | steps  180224 | t  116.2s | sps  1551] ret_mean=104.000 ep_len=500.0 pi_loss=-0.005 v_loss=5.045 ent=0.718 kl=0.0160
[upd  353 | steps  180736 | t  116.4s | sps  1553] ret_mean=209.500 ep_len=500.0 pi_loss=-0.004 v_loss=8.617 ent=0.524 kl=0.0063
[upd  354 | steps  181248 | t  116.6s | sps  1555] ret_mean=56.500 ep_len=500.0 pi_loss=-0.008 v_loss=6.147 ent=0.766 kl=0.0091
[upd  355 | steps  181760 | t  116.8s | sps  1557] ret_mean=46.500 ep_len=500.0 pi_loss=-0.005 v_loss=5.428 ent=0.897 kl=0.0094
[upd  356 | steps  182272 | t  116.9s | sps  1559] ret_mean=189.500 ep_len=500.0 pi_loss=-0.005 v_loss=8.450 ent=0.530 kl=0.0203
[upd  357 | steps  182784 | t  117.1s | sps  1561] ret_mean=157.000 ep_len=500.0 pi_loss=-0.005 v_loss=7.468 ent=0.753 kl=0.0080
[upd  358 | steps  183296 | t  117.2s | sps  1563] ret_mean=170.500 ep_len=500.0 pi_loss=-0.006 v_loss=8.158 ent=0.539 kl=0.0083
[upd  359 | steps  183808 | t  117.4s | sps  1565] ret_mean=134.000 ep_len=500.0 pi_loss=-0.006 v_loss=8.702 ent=0.615 kl=0.0065
[upd  360 | steps  184320 | t  117.6s | sps  1568] ret_mean=152.000 ep_len=500.0 pi_loss=-0.016 v_loss=7.754 ent=0.622 kl=0.0051
[upd  361 | steps  184832 | t  117.8s | sps  1570] ret_mean=19.000 ep_len=500.0 pi_loss=-0.003 v_loss=4.970 ent=0.767 kl=0.0027
[upd  362 | steps  185344 | t  117.9s | sps  1572] ret_mean=172.000 ep_len=500.0 pi_loss=-0.002 v_loss=7.267 ent=0.456 kl=0.0022
[upd  363 | steps  185856 | t  118.1s | sps  1574] ret_mean=176.500 ep_len=500.0 pi_loss=-0.003 v_loss=8.686 ent=0.398 kl=-0.0016
[upd  364 | steps  186368 | t  118.2s | sps  1576] ret_mean=215.000 ep_len=500.0 pi_loss=-0.004 v_loss=7.714 ent=0.506 kl=0.0061
[upd  365 | steps  186880 | t  118.4s | sps  1579] ret_mean=147.500 ep_len=500.0 pi_loss=-0.007 v_loss=8.667 ent=0.730 kl=0.0016
[upd  366 | steps  187392 | t  118.5s | sps  1581] ret_mean=74.000 ep_len=500.0 pi_loss=-0.006 v_loss=5.360 ent=0.699 kl=0.0067
[upd  367 | steps  187904 | t  118.7s | sps  1583] ret_mean=215.000 ep_len=500.0 pi_loss=-0.005 v_loss=7.750 ent=0.548 kl=0.0063
[upd  368 | steps  188416 | t  118.9s | sps  1585] ret_mean=173.000 ep_len=500.0 pi_loss=-0.001 v_loss=7.519 ent=0.589 kl=0.0006
[upd  369 | steps  188928 | t  119.0s | sps  1587] ret_mean=171.500 ep_len=500.0 pi_loss=-0.004 v_loss=7.871 ent=0.590 kl=0.0040
[upd  370 | steps  189440 | t  119.2s | sps  1589] ret_mean=192.000 ep_len=500.0 pi_loss=-0.003 v_loss=8.421 ent=0.688 kl=0.0028
[upd  371 | steps  189952 | t  119.3s | sps  1592] ret_mean=95.500 ep_len=500.0 pi_loss=-0.005 v_loss=8.133 ent=0.760 kl=0.0150
[upd  372 | steps  190464 | t  119.5s | sps  1594] ret_mean=192.500 ep_len=500.0 pi_loss=-0.003 v_loss=9.906 ent=0.724 kl=0.0047
[upd  373 | steps  190976 | t  119.7s | sps  1596] ret_mean=75.500 ep_len=500.0 pi_loss=0.001 v_loss=6.550 ent=0.846 kl=0.0047
[upd  374 | steps  191488 | t  119.8s | sps  1598] ret_mean=131.000 ep_len=500.0 pi_loss=-0.013 v_loss=8.787 ent=0.634 kl=0.0246
[upd  375 | steps  192000 | t  120.0s | sps  1600] ret_mean=185.000 ep_len=500.0 pi_loss=-0.005 v_loss=10.072 ent=0.631 kl=0.0045
        [eval] ret_mean=12.450 ep_len=500.0
[upd  376 | steps  192512 | t  124.3s | sps  1548] ret_mean=104.000 ep_len=500.0 pi_loss=-0.000 v_loss=6.301 ent=0.700 kl=0.0070
[upd  377 | steps  193024 | t  124.5s | sps  1550] ret_mean=75.000 ep_len=500.0 pi_loss=-0.004 v_loss=7.531 ent=0.867 kl=-0.0007
[upd  378 | steps  193536 | t  124.7s | sps  1552] ret_mean=122.000 ep_len=500.0 pi_loss=-0.005 v_loss=8.405 ent=0.747 kl=0.0082
[upd  379 | steps  194048 | t  124.9s | sps  1554] ret_mean=41.000 ep_len=500.0 pi_loss=-0.008 v_loss=7.789 ent=0.779 kl=0.0072
[upd  380 | steps  194560 | t  125.0s | sps  1556] ret_mean=153.000 ep_len=500.0 pi_loss=-0.005 v_loss=8.185 ent=0.639 kl=0.0114
[upd  381 | steps  195072 | t  125.2s | sps  1558] ret_mean=154.000 ep_len=500.0 pi_loss=-0.005 v_loss=6.319 ent=0.828 kl=0.0038
[upd  382 | steps  195584 | t  125.4s | sps  1560] ret_mean=136.500 ep_len=500.0 pi_loss=-0.005 v_loss=6.989 ent=0.812 kl=0.0024
[upd  383 | steps  196096 | t  125.5s | sps  1562] ret_mean=85.000 ep_len=500.0 pi_loss=-0.008 v_loss=5.348 ent=0.781 kl=0.0077
[upd  384 | steps  196608 | t  125.7s | sps  1564] ret_mean=144.000 ep_len=500.0 pi_loss=-0.009 v_loss=5.614 ent=0.686 kl=0.0191
[upd  385 | steps  197120 | t  125.8s | sps  1567] ret_mean=114.000 ep_len=500.0 pi_loss=0.001 v_loss=6.606 ent=0.721 kl=0.0016
[upd  386 | steps  197632 | t  126.0s | sps  1569] ret_mean=79.500 ep_len=500.0 pi_loss=-0.005 v_loss=5.565 ent=0.717 kl=0.0038
[upd  387 | steps  198144 | t  126.2s | sps  1571] ret_mean=138.000 ep_len=500.0 pi_loss=-0.006 v_loss=5.957 ent=0.794 kl=0.0025
[upd  388 | steps  198656 | t  126.3s | sps  1573] ret_mean=165.000 ep_len=500.0 pi_loss=-0.009 v_loss=7.558 ent=0.717 kl=0.0164
[upd  389 | steps  199168 | t  126.5s | sps  1575] ret_mean=164.500 ep_len=500.0 pi_loss=-0.004 v_loss=6.589 ent=0.652 kl=0.0067
[upd  390 | steps  199680 | t  126.6s | sps  1577] ret_mean=36.500 ep_len=500.0 pi_loss=-0.009 v_loss=5.765 ent=0.683 kl=0.0120
[upd  391 | steps  200192 | t  126.8s | sps  1579] ret_mean=120.000 ep_len=500.0 pi_loss=-0.005 v_loss=6.563 ent=0.504 kl=0.0024
[upd  392 | steps  200704 | t  127.0s | sps  1581] ret_mean=173.500 ep_len=500.0 pi_loss=-0.006 v_loss=9.001 ent=0.507 kl=0.0019
[upd  393 | steps  201216 | t  127.1s | sps  1583] ret_mean=183.500 ep_len=500.0 pi_loss=0.002 v_loss=8.172 ent=0.515 kl=0.0072
[upd  394 | steps  201728 | t  127.3s | sps  1585] ret_mean=178.500 ep_len=500.0 pi_loss=-0.003 v_loss=7.731 ent=0.469 kl=0.0033
[upd  395 | steps  202240 | t  127.4s | sps  1587] ret_mean=202.000 ep_len=500.0 pi_loss=-0.004 v_loss=9.415 ent=0.507 kl=0.0016
[upd  396 | steps  202752 | t  127.6s | sps  1589] ret_mean=150.000 ep_len=500.0 pi_loss=-0.009 v_loss=5.762 ent=0.486 kl=0.0113
[upd  397 | steps  203264 | t  127.7s | sps  1591] ret_mean=149.000 ep_len=500.0 pi_loss=-0.008 v_loss=8.885 ent=0.520 kl=0.0085
[upd  398 | steps  203776 | t  127.9s | sps  1593] ret_mean=201.500 ep_len=500.0 pi_loss=-0.008 v_loss=8.584 ent=0.527 kl=0.0055
[upd  399 | steps  204288 | t  128.1s | sps  1595] ret_mean=90.500 ep_len=500.0 pi_loss=-0.009 v_loss=7.807 ent=0.811 kl=0.0025
[upd  400 | steps  204800 | t  128.2s | sps  1597] ret_mean=7.500 ep_len=500.0 pi_loss=-0.007 v_loss=6.647 ent=0.754 kl=0.0082
        [eval] ret_mean=37.267 ep_len=500.0
