$ /Users/praneelkhiantani/Downloads/cs2860/.venv/bin/python3 -m policies.train --env rware-tiny-2ag-easy-v2 --seed 0 --updates 200 --rollout 512 --eval-every 50 --eval-episodes 10 --log-dir matrix_results/intent_grounded_v1_pilot/rware-tiny-2ag-easy-v2 --run-name mappo-comm__baseline__d0__s0 --n-msg-tokens 8 --shape-rewards --pickup-bonus 0.5

[env] EnvSpec(env_id='rware-tiny-2ag-easy-v2', n_agents=2, obs_dim=71, n_env_actions=5, noop_action=0, family='rware')  (n_msg_tokens=8)
[cfg] {'clip_range': 0.2, 'value_clip_range': 0.2, 'entropy_coef': 0.01, 'value_coef': 0.5, 'max_grad_norm': 0.5, 'gamma': 0.99, 'gae_lambda': 0.95, 'lr_actor': 0.0003, 'lr_critic': 0.001, 'update_epochs': 4, 'minibatches': 4, 'hidden': 128, 'depth': 2, 'device': 'cpu', 'message_grounding_coef': 0.0, 'extra': {}}
[log] writing to matrix_results/intent_grounded_v1_pilot/rware-tiny-2ag-easy-v2/mappo-comm__baseline__d0__s0
[upd    1 | steps     512 | t    1.0s | sps   529] ret_mean=0.000 ep_len=500.0 pi_loss=-0.011 v_loss=0.019 ent=3.685 msg_acc=0.000 kl=0.0091
[upd    2 | steps    1024 | t    2.1s | sps   499] ret_mean=0.500 ep_len=500.0 pi_loss=-0.010 v_loss=0.008 ent=3.675 msg_acc=0.000 kl=0.0106
[upd    3 | steps    1536 | t    2.8s | sps   553] ret_mean=0.000 ep_len=500.0 pi_loss=-0.008 v_loss=0.005 ent=3.663 msg_acc=0.000 kl=0.0043
[upd    4 | steps    2048 | t    3.5s | sps   590] ret_mean=0.500 ep_len=500.0 pi_loss=-0.008 v_loss=0.009 ent=3.659 msg_acc=0.000 kl=0.0012
[upd    5 | steps    2560 | t    4.7s | sps   542] ret_mean=0.000 ep_len=500.0 pi_loss=-0.012 v_loss=0.006 ent=3.654 msg_acc=0.000 kl=0.0036
[upd    6 | steps    3072 | t    5.5s | sps   555] ret_mean=0.500 ep_len=500.0 pi_loss=-0.011 v_loss=0.005 ent=3.651 msg_acc=0.000 kl=-0.0008
[upd    7 | steps    3584 | t    6.2s | sps   576] ret_mean=0.000 ep_len=500.0 pi_loss=-0.010 v_loss=0.003 ent=3.643 msg_acc=0.000 kl=0.0047
[upd    8 | steps    4096 | t    7.1s | sps   575] ret_mean=3.000 ep_len=500.0 pi_loss=-0.011 v_loss=0.018 ent=3.620 msg_acc=0.000 kl=0.0129
[upd    9 | steps    4608 | t    8.2s | sps   562] ret_mean=0.000 ep_len=500.0 pi_loss=-0.012 v_loss=0.004 ent=3.608 msg_acc=0.000 kl=0.0069
[upd   10 | steps    5120 | t    9.0s | sps   569] ret_mean=0.000 ep_len=500.0 pi_loss=-0.010 v_loss=0.003 ent=3.594 msg_acc=0.000 kl=0.0026
[upd   11 | steps    5632 | t    9.7s | sps   582] ret_mean=0.500 ep_len=500.0 pi_loss=-0.013 v_loss=0.002 ent=3.557 msg_acc=0.000 kl=0.0034
[upd   12 | steps    6144 | t   10.5s | sps   585] ret_mean=0.000 ep_len=500.0 pi_loss=-0.006 v_loss=0.001 ent=3.560 msg_acc=0.000 kl=0.0014
[upd   13 | steps    6656 | t   11.6s | sps   572] ret_mean=0.000 ep_len=500.0 pi_loss=-0.011 v_loss=0.002 ent=3.501 msg_acc=0.000 kl=0.0139
[upd   14 | steps    7168 | t   12.5s | sps   573] ret_mean=0.000 ep_len=500.0 pi_loss=-0.012 v_loss=0.002 ent=3.558 msg_acc=0.000 kl=0.0100
[upd   15 | steps    7680 | t   13.2s | sps   582] ret_mean=0.000 ep_len=500.0 pi_loss=-0.010 v_loss=0.005 ent=3.496 msg_acc=0.000 kl=0.0068
[upd   16 | steps    8192 | t   13.8s | sps   592] ret_mean=2.000 ep_len=500.0 pi_loss=-0.011 v_loss=0.006 ent=3.535 msg_acc=0.000 kl=0.0046
[upd   17 | steps    8704 | t   14.5s | sps   600] ret_mean=0.500 ep_len=500.0 pi_loss=-0.010 v_loss=0.002 ent=3.523 msg_acc=0.000 kl=0.0025
[upd   18 | steps    9216 | t   15.5s | sps   593] ret_mean=0.500 ep_len=500.0 pi_loss=-0.008 v_loss=0.001 ent=3.505 msg_acc=0.000 kl=0.0009
[upd   19 | steps    9728 | t   16.4s | sps   594] ret_mean=0.000 ep_len=500.0 pi_loss=-0.017 v_loss=0.010 ent=3.492 msg_acc=0.000 kl=0.0056
[upd   20 | steps   10240 | t   17.3s | sps   590] ret_mean=2.500 ep_len=500.0 pi_loss=-0.010 v_loss=0.008 ent=3.550 msg_acc=0.000 kl=0.0035
[upd   21 | steps   10752 | t   18.1s | sps   593] ret_mean=0.000 ep_len=500.0 pi_loss=-0.015 v_loss=0.002 ent=3.400 msg_acc=0.000 kl=0.0148
[upd   22 | steps   11264 | t   18.8s | sps   600] ret_mean=0.000 ep_len=500.0 pi_loss=-0.014 v_loss=0.003 ent=3.487 msg_acc=0.000 kl=0.0114
[upd   23 | steps   11776 | t   19.4s | sps   606] ret_mean=0.500 ep_len=500.0 pi_loss=-0.012 v_loss=0.003 ent=3.464 msg_acc=0.000 kl=0.0077
[upd   24 | steps   12288 | t   20.1s | sps   612] ret_mean=0.500 ep_len=500.0 pi_loss=-0.017 v_loss=0.002 ent=3.446 msg_acc=0.000 kl=0.0090
[upd   25 | steps   12800 | t   20.8s | sps   616] ret_mean=0.000 ep_len=500.0 pi_loss=-0.012 v_loss=0.002 ent=3.456 msg_acc=0.000 kl=-0.0021
[upd   26 | steps   13312 | t   21.5s | sps   618] ret_mean=1.000 ep_len=500.0 pi_loss=-0.016 v_loss=0.004 ent=3.472 msg_acc=0.000 kl=0.0117
[upd   27 | steps   13824 | t   22.2s | sps   624] ret_mean=0.500 ep_len=500.0 pi_loss=-0.013 v_loss=0.001 ent=3.421 msg_acc=0.000 kl=0.0076
[upd   28 | steps   14336 | t   22.8s | sps   629] ret_mean=0.000 ep_len=500.0 pi_loss=-0.015 v_loss=0.006 ent=3.446 msg_acc=0.000 kl=0.0112
[upd   29 | steps   14848 | t   23.4s | sps   634] ret_mean=1.500 ep_len=500.0 pi_loss=-0.010 v_loss=0.014 ent=3.436 msg_acc=0.000 kl=0.0057
[upd   30 | steps   15360 | t   24.0s | sps   639] ret_mean=1.500 ep_len=500.0 pi_loss=-0.019 v_loss=0.002 ent=3.392 msg_acc=0.000 kl=0.0083
[upd   31 | steps   15872 | t   24.7s | sps   642] ret_mean=0.000 ep_len=500.0 pi_loss=-0.012 v_loss=0.001 ent=3.412 msg_acc=0.000 kl=0.0046
[upd   32 | steps   16384 | t   25.5s | sps   643] ret_mean=0.000 ep_len=500.0 pi_loss=-0.014 v_loss=0.001 ent=3.409 msg_acc=0.000 kl=0.0050
[upd   33 | steps   16896 | t   26.1s | sps   647] ret_mean=2.000 ep_len=500.0 pi_loss=-0.011 v_loss=0.015 ent=3.434 msg_acc=0.000 kl=0.0082
[upd   34 | steps   17408 | t   26.8s | sps   651] ret_mean=0.000 ep_len=500.0 pi_loss=-0.012 v_loss=0.001 ent=3.443 msg_acc=0.000 kl=0.0049
[upd   35 | steps   17920 | t   27.4s | sps   655] ret_mean=0.000 ep_len=500.0 pi_loss=-0.012 v_loss=0.001 ent=3.450 msg_acc=0.000 kl=0.0029
[upd   36 | steps   18432 | t   28.0s | sps   659] ret_mean=0.000 ep_len=500.0 pi_loss=-0.011 v_loss=0.002 ent=3.470 msg_acc=0.000 kl=-0.0021
[upd   37 | steps   18944 | t   28.6s | sps   663] ret_mean=0.500 ep_len=500.0 pi_loss=-0.016 v_loss=0.002 ent=3.498 msg_acc=0.000 kl=0.0071
[upd   38 | steps   19456 | t   29.2s | sps   667] ret_mean=0.500 ep_len=500.0 pi_loss=-0.016 v_loss=0.004 ent=3.527 msg_acc=0.000 kl=0.0030
[upd   39 | steps   19968 | t   29.8s | sps   671] ret_mean=1.000 ep_len=500.0 pi_loss=-0.012 v_loss=0.010 ent=3.519 msg_acc=0.000 kl=0.0047
[upd   40 | steps   20480 | t   30.4s | sps   674] ret_mean=1.500 ep_len=500.0 pi_loss=-0.015 v_loss=0.004 ent=3.487 msg_acc=0.000 kl=0.0130
[upd   41 | steps   20992 | t   31.0s | sps   677] ret_mean=1.000 ep_len=500.0 pi_loss=-0.015 v_loss=0.002 ent=3.525 msg_acc=0.000 kl=0.0115
[upd   42 | steps   21504 | t   31.6s | sps   680] ret_mean=0.250 ep_len=500.0 pi_loss=-0.015 v_loss=0.001 ent=3.508 msg_acc=0.000 kl=0.0073
[upd   43 | steps   22016 | t   32.2s | sps   684] ret_mean=0.000 ep_len=500.0 pi_loss=-0.009 v_loss=0.002 ent=3.522 msg_acc=0.000 kl=0.0023
[upd   44 | steps   22528 | t   32.8s | sps   686] ret_mean=2.500 ep_len=500.0 pi_loss=-0.011 v_loss=0.011 ent=3.488 msg_acc=0.000 kl=0.0050
[upd   45 | steps   23040 | t   33.4s | sps   689] ret_mean=0.000 ep_len=500.0 pi_loss=-0.012 v_loss=0.004 ent=3.475 msg_acc=0.000 kl=0.0048
[upd   46 | steps   23552 | t   34.0s | sps   692] ret_mean=0.500 ep_len=500.0 pi_loss=-0.013 v_loss=0.002 ent=3.504 msg_acc=0.000 kl=0.0014
[upd   47 | steps   24064 | t   34.7s | sps   694] ret_mean=0.000 ep_len=500.0 pi_loss=-0.011 v_loss=0.001 ent=3.484 msg_acc=0.000 kl=0.0037
[upd   48 | steps   24576 | t   35.3s | sps   697] ret_mean=0.500 ep_len=500.0 pi_loss=-0.012 v_loss=0.003 ent=3.460 msg_acc=0.000 kl=0.0016
[upd   49 | steps   25088 | t   35.9s | sps   699] ret_mean=0.000 ep_len=500.0 pi_loss=-0.009 v_loss=0.001 ent=3.463 msg_acc=0.000 kl=0.0013
[upd   50 | steps   25600 | t   36.6s | sps   699] ret_mean=1.500 ep_len=500.0 pi_loss=-0.010 v_loss=0.007 ent=3.412 msg_acc=0.000 kl=0.0068
        [eval] ret_mean=0.000 ep_len=500.0
[upd   51 | steps   26112 | t   42.0s | sps   621] ret_mean=1.000 ep_len=500.0 pi_loss=-0.013 v_loss=0.005 ent=3.483 msg_acc=0.000 kl=0.0053
[upd   52 | steps   26624 | t   42.8s | sps   621] ret_mean=0.000 ep_len=500.0 pi_loss=-0.015 v_loss=0.001 ent=3.368 msg_acc=0.000 kl=0.0043
[upd   53 | steps   27136 | t   43.5s | sps   624] ret_mean=2.000 ep_len=500.0 pi_loss=-0.014 v_loss=0.012 ent=3.414 msg_acc=0.000 kl=0.0153
[upd   54 | steps   27648 | t   44.1s | sps   627] ret_mean=2.500 ep_len=500.0 pi_loss=-0.016 v_loss=0.019 ent=3.457 msg_acc=0.000 kl=0.0030
[upd   55 | steps   28160 | t   44.7s | sps   630] ret_mean=1.500 ep_len=500.0 pi_loss=-0.009 v_loss=0.003 ent=3.309 msg_acc=0.000 kl=0.0071
[upd   56 | steps   28672 | t   45.3s | sps   633] ret_mean=0.500 ep_len=500.0 pi_loss=-0.009 v_loss=0.002 ent=3.372 msg_acc=0.000 kl=0.0018
[upd   57 | steps   29184 | t   45.9s | sps   635] ret_mean=1.500 ep_len=500.0 pi_loss=-0.020 v_loss=0.004 ent=3.292 msg_acc=0.000 kl=0.0090
[upd   58 | steps   29696 | t   46.5s | sps   638] ret_mean=0.000 ep_len=500.0 pi_loss=-0.012 v_loss=0.037 ent=3.303 msg_acc=0.000 kl=0.0003
[upd   59 | steps   30208 | t   47.2s | sps   641] ret_mean=5.000 ep_len=500.0 pi_loss=-0.014 v_loss=0.007 ent=3.301 msg_acc=0.000 kl=0.0122
[upd   60 | steps   30720 | t   47.8s | sps   643] ret_mean=0.000 ep_len=500.0 pi_loss=-0.008 v_loss=0.008 ent=3.341 msg_acc=0.000 kl=0.0036
[upd   61 | steps   31232 | t   48.4s | sps   645] ret_mean=1.500 ep_len=500.0 pi_loss=-0.007 v_loss=0.001 ent=3.221 msg_acc=0.000 kl=0.0048
[upd   62 | steps   31744 | t   49.0s | sps   648] ret_mean=0.000 ep_len=500.0 pi_loss=-0.012 v_loss=0.001 ent=3.311 msg_acc=0.000 kl=0.0053
[upd   63 | steps   32256 | t   49.6s | sps   650] ret_mean=0.000 ep_len=500.0 pi_loss=-0.016 v_loss=0.013 ent=3.343 msg_acc=0.000 kl=0.0197
[upd   64 | steps   32768 | t   50.2s | sps   652] ret_mean=3.000 ep_len=500.0 pi_loss=-0.014 v_loss=0.035 ent=3.353 msg_acc=0.000 kl=0.0019
[upd   65 | steps   33280 | t   50.9s | sps   654] ret_mean=3.500 ep_len=500.0 pi_loss=-0.017 v_loss=0.004 ent=3.335 msg_acc=0.000 kl=0.0089
[upd   66 | steps   33792 | t   51.7s | sps   654] ret_mean=0.500 ep_len=500.0 pi_loss=-0.012 v_loss=0.019 ent=3.274 msg_acc=0.000 kl=0.0148
[upd   67 | steps   34304 | t   52.3s | sps   655] ret_mean=2.000 ep_len=500.0 pi_loss=-0.006 v_loss=0.002 ent=3.188 msg_acc=0.000 kl=0.0076
[upd   68 | steps   34816 | t   53.0s | sps   657] ret_mean=0.000 ep_len=500.0 pi_loss=-0.012 v_loss=0.002 ent=3.248 msg_acc=0.000 kl=-0.0027
[upd   69 | steps   35328 | t   53.6s | sps   659] ret_mean=2.000 ep_len=500.0 pi_loss=-0.014 v_loss=0.020 ent=3.335 msg_acc=0.000 kl=0.0118
[upd   70 | steps   35840 | t   54.2s | sps   661] ret_mean=1.500 ep_len=500.0 pi_loss=-0.014 v_loss=0.003 ent=3.366 msg_acc=0.000 kl=0.0077
[upd   71 | steps   36352 | t   54.8s | sps   663] ret_mean=0.000 ep_len=500.0 pi_loss=-0.012 v_loss=0.017 ent=3.392 msg_acc=0.000 kl=0.0090
[upd   72 | steps   36864 | t   55.4s | sps   665] ret_mean=4.000 ep_len=500.0 pi_loss=-0.009 v_loss=0.008 ent=3.417 msg_acc=0.000 kl=0.0085
[upd   73 | steps   37376 | t   56.0s | sps   667] ret_mean=3.000 ep_len=500.0 pi_loss=-0.014 v_loss=0.017 ent=3.459 msg_acc=0.000 kl=0.0103
[upd   74 | steps   37888 | t   56.7s | sps   669] ret_mean=0.000 ep_len=500.0 pi_loss=-0.019 v_loss=0.002 ent=3.403 msg_acc=0.000 kl=0.0020
[upd   75 | steps   38400 | t   57.3s | sps   671] ret_mean=0.500 ep_len=500.0 pi_loss=-0.013 v_loss=0.049 ent=3.492 msg_acc=0.000 kl=0.0029
[upd   76 | steps   38912 | t   58.1s | sps   670] ret_mean=4.000 ep_len=500.0 pi_loss=-0.013 v_loss=0.003 ent=3.457 msg_acc=0.000 kl=0.0038
[upd   77 | steps   39424 | t   58.7s | sps   672] ret_mean=2.500 ep_len=500.0 pi_loss=-0.010 v_loss=0.010 ent=3.462 msg_acc=0.000 kl=0.0036
[upd   78 | steps   39936 | t   59.3s | sps   673] ret_mean=0.000 ep_len=500.0 pi_loss=-0.012 v_loss=0.003 ent=3.432 msg_acc=0.000 kl=0.0001
[upd   79 | steps   40448 | t   59.9s | sps   675] ret_mean=0.500 ep_len=500.0 pi_loss=-0.012 v_loss=0.001 ent=3.442 msg_acc=0.000 kl=0.0070
[upd   80 | steps   40960 | t   60.5s | sps   677] ret_mean=1.000 ep_len=500.0 pi_loss=-0.014 v_loss=0.015 ent=3.454 msg_acc=0.000 kl=0.0008
[upd   81 | steps   41472 | t   61.1s | sps   679] ret_mean=2.000 ep_len=500.0 pi_loss=-0.008 v_loss=0.005 ent=3.460 msg_acc=0.000 kl=0.0007
[upd   82 | steps   41984 | t   61.7s | sps   680] ret_mean=2.000 ep_len=500.0 pi_loss=-0.012 v_loss=0.473 ent=3.359 msg_acc=0.000 kl=0.0008
[upd   83 | steps   42496 | t   62.3s | sps   682] ret_mean=15.000 ep_len=500.0 pi_loss=-0.011 v_loss=0.003 ent=3.455 msg_acc=0.000 kl=0.0049
[upd   84 | steps   43008 | t   62.9s | sps   684] ret_mean=0.500 ep_len=500.0 pi_loss=-0.013 v_loss=0.027 ent=3.384 msg_acc=0.000 kl=0.0032
[upd   85 | steps   43520 | t   63.5s | sps   685] ret_mean=4.000 ep_len=500.0 pi_loss=-0.015 v_loss=0.004 ent=3.445 msg_acc=0.000 kl=0.0007
[upd   86 | steps   44032 | t   64.1s | sps   687] ret_mean=0.500 ep_len=500.0 pi_loss=-0.016 v_loss=0.618 ent=3.324 msg_acc=0.000 kl=0.0017
[upd   87 | steps   44544 | t   64.9s | sps   687] ret_mean=30.500 ep_len=500.0 pi_loss=-0.017 v_loss=0.265 ent=3.395 msg_acc=0.000 kl=0.0138
[upd   88 | steps   45056 | t   65.9s | sps   683] ret_mean=6.500 ep_len=500.0 pi_loss=-0.014 v_loss=0.002 ent=3.388 msg_acc=0.000 kl=0.0078
[upd   89 | steps   45568 | t   67.0s | sps   680] ret_mean=0.000 ep_len=500.0 pi_loss=-0.012 v_loss=0.099 ent=3.391 msg_acc=0.000 kl=0.0006
[upd   90 | steps   46080 | t   68.0s | sps   678] ret_mean=5.500 ep_len=500.0 pi_loss=-0.007 v_loss=2.818 ent=3.265 msg_acc=0.000 kl=0.0073
[upd   91 | steps   46592 | t   68.9s | sps   677] ret_mean=43.000 ep_len=500.0 pi_loss=-0.017 v_loss=0.019 ent=3.418 msg_acc=0.000 kl=0.0092
[upd   92 | steps   47104 | t   69.7s | sps   676] ret_mean=6.500 ep_len=500.0 pi_loss=-0.012 v_loss=0.320 ent=3.307 msg_acc=0.000 kl=0.0124
[upd   93 | steps   47616 | t   70.5s | sps   675] ret_mean=6.500 ep_len=500.0 pi_loss=-0.010 v_loss=0.168 ent=3.351 msg_acc=0.000 kl=0.0066
[upd   94 | steps   48128 | t   71.3s | sps   675] ret_mean=60.500 ep_len=500.0 pi_loss=-0.021 v_loss=2.400 ent=3.153 msg_acc=0.000 kl=0.0108
[upd   95 | steps   48640 | t   72.1s | sps   675] ret_mean=3.500 ep_len=500.0 pi_loss=-0.013 v_loss=0.042 ent=3.346 msg_acc=0.000 kl=0.0182
[upd   96 | steps   49152 | t   73.0s | sps   673] ret_mean=0.000 ep_len=500.0 pi_loss=-0.014 v_loss=0.003 ent=3.354 msg_acc=0.000 kl=0.0004
[upd   97 | steps   49664 | t   73.8s | sps   673] ret_mean=14.000 ep_len=500.0 pi_loss=-0.011 v_loss=0.388 ent=3.215 msg_acc=0.000 kl=0.0018
[upd   98 | steps   50176 | t   74.6s | sps   672] ret_mean=0.000 ep_len=500.0 pi_loss=-0.017 v_loss=0.114 ent=3.273 msg_acc=0.000 kl=0.0088
[upd   99 | steps   50688 | t   75.4s | sps   672] ret_mean=24.000 ep_len=500.0 pi_loss=-0.013 v_loss=0.473 ent=3.066 msg_acc=0.000 kl=0.0084
[upd  100 | steps   51200 | t   76.4s | sps   670] ret_mean=0.000 ep_len=500.0 pi_loss=-0.017 v_loss=0.002 ent=3.303 msg_acc=0.000 kl=0.0084
        [eval] ret_mean=12.500 ep_len=500.0
[upd  101 | steps   51712 | t   82.6s | sps   626] ret_mean=1.000 ep_len=500.0 pi_loss=-0.014 v_loss=0.006 ent=3.324 msg_acc=0.000 kl=0.0097
[upd  102 | steps   52224 | t   83.2s | sps   628] ret_mean=35.500 ep_len=500.0 pi_loss=-0.014 v_loss=1.092 ent=3.073 msg_acc=0.000 kl=0.0097
[upd  103 | steps   52736 | t   83.8s | sps   629] ret_mean=18.000 ep_len=500.0 pi_loss=-0.010 v_loss=0.508 ent=3.082 msg_acc=0.000 kl=0.0102
[upd  104 | steps   53248 | t   84.4s | sps   631] ret_mean=0.000 ep_len=500.0 pi_loss=-0.013 v_loss=0.010 ent=3.261 msg_acc=0.000 kl=0.0054
[upd  105 | steps   53760 | t   85.0s | sps   633] ret_mean=4.000 ep_len=500.0 pi_loss=-0.013 v_loss=0.237 ent=3.085 msg_acc=0.000 kl=0.0070
[upd  106 | steps   54272 | t   85.6s | sps   634] ret_mean=14.000 ep_len=500.0 pi_loss=-0.011 v_loss=0.087 ent=3.151 msg_acc=0.000 kl=0.0072
[upd  107 | steps   54784 | t   86.2s | sps   636] ret_mean=7.000 ep_len=500.0 pi_loss=-0.011 v_loss=0.138 ent=3.249 msg_acc=0.000 kl=0.0001
[upd  108 | steps   55296 | t   86.8s | sps   637] ret_mean=4.000 ep_len=500.0 pi_loss=-0.012 v_loss=0.097 ent=3.106 msg_acc=0.000 kl=0.0099
[upd  109 | steps   55808 | t   87.4s | sps   639] ret_mean=0.000 ep_len=500.0 pi_loss=-0.021 v_loss=0.627 ent=3.196 msg_acc=0.000 kl=0.0142
[upd  110 | steps   56320 | t   88.0s | sps   640] ret_mean=25.500 ep_len=500.0 pi_loss=-0.013 v_loss=0.057 ent=3.200 msg_acc=0.000 kl=0.0013
[upd  111 | steps   56832 | t   88.6s | sps   641] ret_mean=0.000 ep_len=500.0 pi_loss=-0.011 v_loss=0.010 ent=3.127 msg_acc=0.000 kl=0.0049
[upd  112 | steps   57344 | t   89.2s | sps   643] ret_mean=0.000 ep_len=500.0 pi_loss=-0.014 v_loss=0.011 ent=3.263 msg_acc=0.000 kl=0.0020
[upd  113 | steps   57856 | t   89.8s | sps   644] ret_mean=27.000 ep_len=500.0 pi_loss=-0.013 v_loss=0.908 ent=2.950 msg_acc=0.000 kl=0.0010
[upd  114 | steps   58368 | t   90.5s | sps   645] ret_mean=0.000 ep_len=500.0 pi_loss=-0.011 v_loss=0.007 ent=3.164 msg_acc=0.000 kl=0.0126
[upd  115 | steps   58880 | t   91.2s | sps   646] ret_mean=2.500 ep_len=500.0 pi_loss=-0.015 v_loss=0.071 ent=3.073 msg_acc=0.000 kl=0.0081
[upd  116 | steps   59392 | t   91.8s | sps   647] ret_mean=6.500 ep_len=500.0 pi_loss=-0.015 v_loss=0.035 ent=3.065 msg_acc=0.000 kl=0.0027
[upd  117 | steps   59904 | t   92.4s | sps   649] ret_mean=0.000 ep_len=500.0 pi_loss=-0.013 v_loss=0.625 ent=2.891 msg_acc=0.000 kl=0.0069
[upd  118 | steps   60416 | t   92.9s | sps   650] ret_mean=91.000 ep_len=500.0 pi_loss=-0.007 v_loss=5.319 ent=2.523 msg_acc=0.000 kl=0.0036
[upd  119 | steps   60928 | t   93.6s | sps   651] ret_mean=38.000 ep_len=500.0 pi_loss=-0.011 v_loss=0.122 ent=2.891 msg_acc=0.000 kl=0.0048
[upd  120 | steps   61440 | t   94.2s | sps   652] ret_mean=1.500 ep_len=500.0 pi_loss=-0.009 v_loss=0.011 ent=2.963 msg_acc=0.000 kl=0.0019
[upd  121 | steps   61952 | t   94.8s | sps   654] ret_mean=0.000 ep_len=500.0 pi_loss=-0.011 v_loss=1.384 ent=2.799 msg_acc=0.000 kl=0.0139
[upd  122 | steps   62464 | t   95.5s | sps   654] ret_mean=42.000 ep_len=500.0 pi_loss=-0.012 v_loss=0.235 ent=2.794 msg_acc=0.000 kl=0.0063
[upd  123 | steps   62976 | t   96.1s | sps   656] ret_mean=5.500 ep_len=500.0 pi_loss=-0.008 v_loss=2.046 ent=2.861 msg_acc=0.000 kl=0.0066
[upd  124 | steps   63488 | t   96.7s | sps   657] ret_mean=67.500 ep_len=500.0 pi_loss=-0.012 v_loss=1.091 ent=2.777 msg_acc=0.000 kl=-0.0010
[upd  125 | steps   64000 | t   97.3s | sps   658] ret_mean=2.500 ep_len=500.0 pi_loss=-0.013 v_loss=3.213 ent=2.658 msg_acc=0.000 kl=0.0039
[upd  126 | steps   64512 | t   97.9s | sps   659] ret_mean=111.000 ep_len=500.0 pi_loss=-0.011 v_loss=1.921 ent=2.679 msg_acc=0.000 kl=0.0009
[upd  127 | steps   65024 | t   98.5s | sps   660] ret_mean=0.000 ep_len=500.0 pi_loss=-0.023 v_loss=0.791 ent=2.852 msg_acc=0.000 kl=0.0015
[upd  128 | steps   65536 | t   99.1s | sps   661] ret_mean=23.500 ep_len=500.0 pi_loss=-0.020 v_loss=0.508 ent=2.963 msg_acc=0.000 kl=0.0078
[upd  129 | steps   66048 | t   99.7s | sps   662] ret_mean=13.000 ep_len=500.0 pi_loss=-0.009 v_loss=2.222 ent=2.536 msg_acc=0.000 kl=0.0040
[upd  130 | steps   66560 | t  100.3s | sps   664] ret_mean=54.000 ep_len=500.0 pi_loss=-0.016 v_loss=0.412 ent=2.590 msg_acc=0.000 kl=0.0053
[upd  131 | steps   67072 | t  100.9s | sps   665] ret_mean=28.500 ep_len=500.0 pi_loss=-0.018 v_loss=0.819 ent=2.674 msg_acc=0.000 kl=0.0054
[upd  132 | steps   67584 | t  101.5s | sps   666] ret_mean=7.000 ep_len=500.0 pi_loss=-0.013 v_loss=0.023 ent=2.844 msg_acc=0.000 kl=0.0043
[upd  133 | steps   68096 | t  102.1s | sps   667] ret_mean=0.000 ep_len=500.0 pi_loss=-0.014 v_loss=0.048 ent=2.925 msg_acc=0.000 kl=0.0116
[upd  134 | steps   68608 | t  102.7s | sps   668] ret_mean=2.000 ep_len=500.0 pi_loss=-0.013 v_loss=0.012 ent=2.798 msg_acc=0.000 kl=0.0071
[upd  135 | steps   69120 | t  103.5s | sps   668] ret_mean=16.000 ep_len=500.0 pi_loss=-0.014 v_loss=0.603 ent=2.834 msg_acc=0.000 kl=0.0077
[upd  136 | steps   69632 | t  104.2s | sps   668] ret_mean=0.000 ep_len=500.0 pi_loss=-0.014 v_loss=0.009 ent=2.795 msg_acc=0.000 kl=0.0052
[upd  137 | steps   70144 | t  104.9s | sps   669] ret_mean=0.000 ep_len=500.0 pi_loss=-0.015 v_loss=3.623 ent=2.589 msg_acc=0.000 kl=0.0112
[upd  138 | steps   70656 | t  105.6s | sps   669] ret_mean=70.000 ep_len=500.0 pi_loss=-0.009 v_loss=2.879 ent=2.477 msg_acc=0.000 kl=0.0031
[upd  139 | steps   71168 | t  106.3s | sps   670] ret_mean=61.500 ep_len=500.0 pi_loss=-0.013 v_loss=0.068 ent=2.841 msg_acc=0.000 kl=0.0057
[upd  140 | steps   71680 | t  106.9s | sps   670] ret_mean=2.500 ep_len=500.0 pi_loss=-0.017 v_loss=0.016 ent=2.699 msg_acc=0.000 kl=0.0060
[upd  141 | steps   72192 | t  107.6s | sps   671] ret_mean=0.000 ep_len=500.0 pi_loss=-0.016 v_loss=2.658 ent=2.664 msg_acc=0.000 kl=0.0152
[upd  142 | steps   72704 | t  108.2s | sps   672] ret_mean=56.500 ep_len=500.0 pi_loss=-0.014 v_loss=3.676 ent=2.543 msg_acc=0.000 kl=0.0204
[upd  143 | steps   73216 | t  108.8s | sps   673] ret_mean=0.000 ep_len=500.0 pi_loss=-0.015 v_loss=0.050 ent=2.394 msg_acc=0.000 kl=0.0126
[upd  144 | steps   73728 | t  109.4s | sps   674] ret_mean=53.500 ep_len=500.0 pi_loss=-0.012 v_loss=2.329 ent=2.669 msg_acc=0.000 kl=0.0065
[upd  145 | steps   74240 | t  110.1s | sps   675] ret_mean=0.000 ep_len=500.0 pi_loss=-0.013 v_loss=0.028 ent=2.779 msg_acc=0.000 kl=0.0103
[upd  146 | steps   74752 | t  110.7s | sps   675] ret_mean=0.000 ep_len=500.0 pi_loss=-0.016 v_loss=0.845 ent=2.623 msg_acc=0.000 kl=0.0115
[upd  147 | steps   75264 | t  111.3s | sps   676] ret_mean=91.500 ep_len=500.0 pi_loss=-0.009 v_loss=3.331 ent=2.228 msg_acc=0.000 kl=0.0042
[upd  148 | steps   75776 | t  112.4s | sps   674] ret_mean=26.000 ep_len=500.0 pi_loss=-0.014 v_loss=1.229 ent=2.731 msg_acc=0.000 kl=0.0079
[upd  149 | steps   76288 | t  113.1s | sps   675] ret_mean=41.000 ep_len=500.0 pi_loss=-0.012 v_loss=1.844 ent=2.694 msg_acc=0.000 kl=0.0056
[upd  150 | steps   76800 | t  113.7s | sps   675] ret_mean=23.000 ep_len=500.0 pi_loss=-0.014 v_loss=1.905 ent=2.395 msg_acc=0.000 kl=0.0217
        [eval] ret_mean=49.900 ep_len=500.0
[upd  151 | steps   77312 | t  118.9s | sps   650] ret_mean=45.500 ep_len=500.0 pi_loss=-0.010 v_loss=2.143 ent=2.704 msg_acc=0.000 kl=0.0092
[upd  152 | steps   77824 | t  119.5s | sps   652] ret_mean=61.000 ep_len=500.0 pi_loss=-0.014 v_loss=2.588 ent=2.686 msg_acc=0.000 kl=0.0094
[upd  153 | steps   78336 | t  120.1s | sps   652] ret_mean=27.000 ep_len=500.0 pi_loss=-0.013 v_loss=0.992 ent=2.785 msg_acc=0.000 kl=0.0179
[upd  154 | steps   78848 | t  120.7s | sps   653] ret_mean=0.000 ep_len=500.0 pi_loss=-0.013 v_loss=0.117 ent=2.674 msg_acc=0.000 kl=0.0095
[upd  155 | steps   79360 | t  121.2s | sps   655] ret_mean=177.000 ep_len=500.0 pi_loss=-0.010 v_loss=15.230 ent=1.914 msg_acc=0.000 kl=0.0052
[upd  156 | steps   79872 | t  121.9s | sps   655] ret_mean=100.500 ep_len=500.0 pi_loss=-0.016 v_loss=4.580 ent=2.382 msg_acc=0.000 kl=0.0084
[upd  157 | steps   80384 | t  122.5s | sps   656] ret_mean=99.000 ep_len=500.0 pi_loss=-0.015 v_loss=4.186 ent=2.303 msg_acc=0.000 kl=0.0129
[upd  158 | steps   80896 | t  123.0s | sps   657] ret_mean=53.000 ep_len=500.0 pi_loss=-0.012 v_loss=1.478 ent=2.554 msg_acc=0.000 kl=0.0105
[upd  159 | steps   81408 | t  123.6s | sps   658] ret_mean=17.000 ep_len=500.0 pi_loss=-0.018 v_loss=1.079 ent=2.442 msg_acc=0.000 kl=0.0069
[upd  160 | steps   81920 | t  124.2s | sps   660] ret_mean=110.000 ep_len=500.0 pi_loss=-0.015 v_loss=4.085 ent=2.155 msg_acc=0.000 kl=0.0116
[upd  161 | steps   82432 | t  124.8s | sps   660] ret_mean=40.000 ep_len=500.0 pi_loss=-0.010 v_loss=1.855 ent=2.598 msg_acc=0.000 kl=0.0127
[upd  162 | steps   82944 | t  125.5s | sps   661] ret_mean=0.000 ep_len=500.0 pi_loss=-0.014 v_loss=0.459 ent=2.500 msg_acc=0.000 kl=0.0140
[upd  163 | steps   83456 | t  126.3s | sps   661] ret_mean=14.500 ep_len=500.0 pi_loss=-0.012 v_loss=0.046 ent=2.661 msg_acc=0.000 kl=0.0084
[upd  164 | steps   83968 | t  127.0s | sps   661] ret_mean=78.000 ep_len=500.0 pi_loss=-0.019 v_loss=4.087 ent=2.386 msg_acc=0.000 kl=0.0060
[upd  165 | steps   84480 | t  127.6s | sps   662] ret_mean=55.000 ep_len=500.0 pi_loss=-0.009 v_loss=2.221 ent=2.422 msg_acc=0.000 kl=0.0006
[upd  166 | steps   84992 | t  128.2s | sps   663] ret_mean=40.500 ep_len=500.0 pi_loss=-0.016 v_loss=3.038 ent=2.379 msg_acc=0.000 kl=0.0115
[upd  167 | steps   85504 | t  128.8s | sps   664] ret_mean=126.500 ep_len=500.0 pi_loss=-0.016 v_loss=6.447 ent=2.157 msg_acc=0.000 kl=0.0290
[upd  168 | steps   86016 | t  129.4s | sps   665] ret_mean=4.000 ep_len=500.0 pi_loss=-0.014 v_loss=0.054 ent=2.609 msg_acc=0.000 kl=0.0047
[upd  169 | steps   86528 | t  130.1s | sps   665] ret_mean=12.500 ep_len=500.0 pi_loss=-0.010 v_loss=2.574 ent=2.370 msg_acc=0.000 kl=0.0034
[upd  170 | steps   87040 | t  130.7s | sps   666] ret_mean=93.500 ep_len=500.0 pi_loss=-0.017 v_loss=2.463 ent=2.254 msg_acc=0.000 kl=0.0133
[upd  171 | steps   87552 | t  131.3s | sps   667] ret_mean=89.500 ep_len=500.0 pi_loss=-0.018 v_loss=2.650 ent=2.356 msg_acc=0.000 kl=0.0127
[upd  172 | steps   88064 | t  131.9s | sps   668] ret_mean=0.000 ep_len=500.0 pi_loss=-0.014 v_loss=0.396 ent=2.627 msg_acc=0.000 kl=0.0172
[upd  173 | steps   88576 | t  132.5s | sps   668] ret_mean=14.500 ep_len=500.0 pi_loss=-0.017 v_loss=0.093 ent=2.447 msg_acc=0.000 kl=0.0015
[upd  174 | steps   89088 | t  133.1s | sps   669] ret_mean=0.000 ep_len=500.0 pi_loss=-0.013 v_loss=0.062 ent=2.300 msg_acc=0.000 kl=0.0088
[upd  175 | steps   89600 | t  133.8s | sps   670] ret_mean=0.000 ep_len=500.0 pi_loss=-0.011 v_loss=1.713 ent=2.345 msg_acc=0.000 kl=0.0068
[upd  176 | steps   90112 | t  134.4s | sps   671] ret_mean=41.500 ep_len=500.0 pi_loss=-0.010 v_loss=0.319 ent=2.613 msg_acc=0.000 kl=0.0072
[upd  177 | steps   90624 | t  135.0s | sps   671] ret_mean=53.500 ep_len=500.0 pi_loss=-0.009 v_loss=1.809 ent=2.420 msg_acc=0.000 kl=0.0063
[upd  178 | steps   91136 | t  135.6s | sps   672] ret_mean=0.000 ep_len=500.0 pi_loss=-0.018 v_loss=2.280 ent=2.391 msg_acc=0.000 kl=0.0039
[upd  179 | steps   91648 | t  136.2s | sps   673] ret_mean=50.000 ep_len=500.0 pi_loss=-0.020 v_loss=2.779 ent=2.182 msg_acc=0.000 kl=0.0062
[upd  180 | steps   92160 | t  136.8s | sps   674] ret_mean=105.500 ep_len=500.0 pi_loss=-0.014 v_loss=1.787 ent=2.413 msg_acc=0.000 kl=0.0163
[upd  181 | steps   92672 | t  137.4s | sps   675] ret_mean=1.500 ep_len=500.0 pi_loss=-0.018 v_loss=0.093 ent=2.452 msg_acc=0.000 kl=0.0121
[upd  182 | steps   93184 | t  138.0s | sps   675] ret_mean=0.000 ep_len=500.0 pi_loss=-0.017 v_loss=0.609 ent=2.315 msg_acc=0.000 kl=0.0136
[upd  183 | steps   93696 | t  138.6s | sps   676] ret_mean=42.000 ep_len=500.0 pi_loss=-0.020 v_loss=4.046 ent=2.239 msg_acc=0.000 kl=0.0158
[upd  184 | steps   94208 | t  139.2s | sps   677] ret_mean=80.500 ep_len=500.0 pi_loss=-0.012 v_loss=0.101 ent=2.716 msg_acc=0.000 kl=0.0138
[upd  185 | steps   94720 | t  139.8s | sps   678] ret_mean=0.000 ep_len=500.0 pi_loss=-0.012 v_loss=2.452 ent=2.518 msg_acc=0.000 kl=0.0076
[upd  186 | steps   95232 | t  140.4s | sps   678] ret_mean=54.500 ep_len=500.0 pi_loss=-0.011 v_loss=0.106 ent=2.831 msg_acc=0.000 kl=0.0158
[upd  187 | steps   95744 | t  141.1s | sps   679] ret_mean=0.000 ep_len=500.0 pi_loss=-0.012 v_loss=0.058 ent=2.500 msg_acc=0.000 kl=0.0121
[upd  188 | steps   96256 | t  141.8s | sps   679] ret_mean=0.000 ep_len=500.0 pi_loss=-0.015 v_loss=0.019 ent=2.850 msg_acc=0.000 kl=0.0137
[upd  189 | steps   96768 | t  142.4s | sps   680] ret_mean=0.000 ep_len=500.0 pi_loss=-0.014 v_loss=17.742 ent=1.731 msg_acc=0.000 kl=0.0124
[upd  190 | steps   97280 | t  143.0s | sps   680] ret_mean=211.000 ep_len=500.0 pi_loss=-0.004 v_loss=0.530 ent=3.131 msg_acc=0.000 kl=0.0017
[upd  191 | steps   97792 | t  143.6s | sps   681] ret_mean=0.000 ep_len=500.0 pi_loss=-0.012 v_loss=2.631 ent=2.637 msg_acc=0.000 kl=0.0142
[upd  192 | steps   98304 | t  144.2s | sps   682] ret_mean=40.000 ep_len=500.0 pi_loss=-0.012 v_loss=1.082 ent=2.477 msg_acc=0.000 kl=0.0029
[upd  193 | steps   98816 | t  144.8s | sps   682] ret_mean=187.000 ep_len=500.0 pi_loss=-0.015 v_loss=17.116 ent=1.776 msg_acc=0.000 kl=0.0099
[upd  194 | steps   99328 | t  145.4s | sps   683] ret_mean=46.500 ep_len=500.0 pi_loss=-0.012 v_loss=1.948 ent=2.862 msg_acc=0.000 kl=0.0178
[upd  195 | steps   99840 | t  146.0s | sps   684] ret_mean=122.500 ep_len=500.0 pi_loss=-0.017 v_loss=5.466 ent=2.208 msg_acc=0.000 kl=0.0096
[upd  196 | steps  100352 | t  146.6s | sps   684] ret_mean=108.500 ep_len=500.0 pi_loss=-0.014 v_loss=4.857 ent=2.399 msg_acc=0.000 kl=0.0069
[upd  197 | steps  100864 | t  147.3s | sps   685] ret_mean=204.000 ep_len=500.0 pi_loss=-0.013 v_loss=18.724 ent=1.649 msg_acc=0.000 kl=0.0145
[upd  198 | steps  101376 | t  149.5s | sps   678] ret_mean=3.500 ep_len=500.0 pi_loss=-0.014 v_loss=0.475 ent=2.853 msg_acc=0.000 kl=0.0004
[upd  199 | steps  101888 | t  150.6s | sps   676] ret_mean=210.000 ep_len=500.0 pi_loss=-0.009 v_loss=17.505 ent=1.736 msg_acc=0.000 kl=0.0019
[upd  200 | steps  102400 | t  151.3s | sps   677] ret_mean=55.500 ep_len=500.0 pi_loss=-0.011 v_loss=1.915 ent=2.578 msg_acc=0.000 kl=0.0055
        [eval] ret_mean=12.400 ep_len=500.0
