$ /Users/samchen/Coding/CLASSES/CS2860/.venv/bin/python3 -m policies.train --env rware-tiny-2ag-easy-v2 --seed 3 --updates 300 --rollout 512 --eval-every 25 --eval-episodes 30 --log-dir matrix_results/diagnostics_v1_sam/comm_2ag/headroom/rware-tiny-2ag-easy-v2 --run-name mappo-heartbeat-only__delay-dropout__d30__s3 --n-msg-tokens 8 --no-comm --heartbeat --heartbeat-period 1 --heartbeat-max-age-clip 128 --heartbeat-delay 30 --dropout --dropout-window-start 200 --dropout-window-end 350 --shape-rewards --pickup-bonus 0.5

[env] EnvSpec(env_id='rware-tiny-2ag-easy-v2', n_agents=2, obs_dim=73, n_env_actions=5, noop_action=0, family='rware')  (n_msg_tokens=1)
[cfg] {'clip_range': 0.2, 'value_clip_range': 0.2, 'entropy_coef': 0.01, 'value_coef': 0.5, 'max_grad_norm': 0.5, 'gamma': 0.99, 'gae_lambda': 0.95, 'lr_actor': 0.0003, 'lr_critic': 0.001, 'update_epochs': 4, 'minibatches': 4, 'hidden': 128, 'depth': 2, 'device': 'cpu', 'extra': {}}
[log] writing to matrix_results/diagnostics_v1_sam/comm_2ag/headroom/rware-tiny-2ag-easy-v2/mappo-heartbeat-only__delay-dropout__d30__s3
[upd    1 | steps     512 | t    0.2s | sps  3313] ret_mean=0.000 ep_len=500.0 pi_loss=-0.004 v_loss=0.045 ent=1.608 kl=0.0077
[upd    2 | steps    1024 | t    0.3s | sps  3450] ret_mean=0.000 ep_len=500.0 pi_loss=-0.003 v_loss=0.018 ent=1.600 kl=0.0043
[upd    3 | steps    1536 | t    0.4s | sps  3460] ret_mean=4.000 ep_len=500.0 pi_loss=-0.004 v_loss=0.034 ent=1.592 kl=0.0012
[upd    4 | steps    2048 | t    0.6s | sps  3491] ret_mean=0.000 ep_len=500.0 pi_loss=-0.003 v_loss=0.008 ent=1.603 kl=0.0028
[upd    5 | steps    2560 | t    0.8s | sps  3348] ret_mean=0.000 ep_len=500.0 pi_loss=-0.006 v_loss=0.003 ent=1.603 kl=0.0045
[upd    6 | steps    3072 | t    0.9s | sps  3373] ret_mean=0.500 ep_len=500.0 pi_loss=-0.013 v_loss=0.015 ent=1.597 kl=-0.0015
[upd    7 | steps    3584 | t    1.1s | sps  3412] ret_mean=0.000 ep_len=500.0 pi_loss=-0.002 v_loss=0.005 ent=1.593 kl=-0.0016
[upd    8 | steps    4096 | t    1.2s | sps  3451] ret_mean=0.000 ep_len=500.0 pi_loss=-0.003 v_loss=0.007 ent=1.604 kl=0.0006
[upd    9 | steps    4608 | t    1.3s | sps  3464] ret_mean=1.000 ep_len=500.0 pi_loss=-0.003 v_loss=0.005 ent=1.602 kl=0.0045
[upd   10 | steps    5120 | t    1.5s | sps  3466] ret_mean=1.500 ep_len=500.0 pi_loss=-0.004 v_loss=0.009 ent=1.599 kl=0.0044
[upd   11 | steps    5632 | t    1.6s | sps  3468] ret_mean=0.000 ep_len=500.0 pi_loss=-0.005 v_loss=0.002 ent=1.595 kl=0.0024
[upd   12 | steps    6144 | t    1.8s | sps  3485] ret_mean=0.000 ep_len=500.0 pi_loss=-0.004 v_loss=0.002 ent=1.585 kl=0.0015
[upd   13 | steps    6656 | t    1.9s | sps  3497] ret_mean=0.500 ep_len=500.0 pi_loss=-0.007 v_loss=0.001 ent=1.549 kl=0.0012
[upd   14 | steps    7168 | t    2.1s | sps  3496] ret_mean=0.000 ep_len=500.0 pi_loss=-0.012 v_loss=0.008 ent=1.547 kl=0.0012
[upd   15 | steps    7680 | t    2.2s | sps  3488] ret_mean=1.500 ep_len=500.0 pi_loss=-0.004 v_loss=0.002 ent=1.575 kl=0.0033
[upd   16 | steps    8192 | t    2.3s | sps  3493] ret_mean=0.000 ep_len=500.0 pi_loss=-0.003 v_loss=0.002 ent=1.561 kl=-0.0007
[upd   17 | steps    8704 | t    2.5s | sps  3496] ret_mean=0.000 ep_len=500.0 pi_loss=-0.011 v_loss=0.001 ent=1.528 kl=0.0011
[upd   18 | steps    9216 | t    2.6s | sps  3496] ret_mean=0.000 ep_len=500.0 pi_loss=-0.006 v_loss=0.002 ent=1.528 kl=0.0030
[upd   19 | steps    9728 | t    2.8s | sps  3500] ret_mean=0.000 ep_len=500.0 pi_loss=-0.010 v_loss=0.002 ent=1.542 kl=0.0130
[upd   20 | steps   10240 | t    2.9s | sps  3501] ret_mean=0.000 ep_len=500.0 pi_loss=-0.003 v_loss=0.001 ent=1.543 kl=-0.0010
[upd   21 | steps   10752 | t    3.1s | sps  3499] ret_mean=0.000 ep_len=500.0 pi_loss=-0.009 v_loss=0.003 ent=1.559 kl=0.0040
[upd   22 | steps   11264 | t    3.2s | sps  3502] ret_mean=0.000 ep_len=500.0 pi_loss=-0.009 v_loss=0.004 ent=1.512 kl=0.0031
[upd   23 | steps   11776 | t    3.4s | sps  3503] ret_mean=0.500 ep_len=500.0 pi_loss=-0.006 v_loss=0.006 ent=1.536 kl=0.0034
[upd   24 | steps   12288 | t    3.5s | sps  3510] ret_mean=1.500 ep_len=500.0 pi_loss=-0.005 v_loss=0.001 ent=1.549 kl=0.0021
[upd   25 | steps   12800 | t    3.7s | sps  3499] ret_mean=3.000 ep_len=500.0 pi_loss=-0.008 v_loss=0.031 ent=1.569 kl=-0.0003
        [eval] ret_mean=0.000 ep_len=500.0
[upd   26 | steps   13312 | t    7.1s | sps  1866] ret_mean=0.000 ep_len=500.0 pi_loss=-0.004 v_loss=0.002 ent=1.576 kl=0.0012
[upd   27 | steps   13824 | t    7.3s | sps  1899] ret_mean=0.000 ep_len=500.0 pi_loss=-0.004 v_loss=0.002 ent=1.539 kl=0.0006
[upd   28 | steps   14336 | t    7.4s | sps  1933] ret_mean=2.500 ep_len=500.0 pi_loss=-0.006 v_loss=0.009 ent=1.545 kl=0.0064
[upd   29 | steps   14848 | t    7.6s | sps  1963] ret_mean=4.000 ep_len=500.0 pi_loss=-0.010 v_loss=0.016 ent=1.520 kl=0.0090
[upd   30 | steps   15360 | t    7.7s | sps  1993] ret_mean=2.000 ep_len=500.0 pi_loss=-0.001 v_loss=0.008 ent=1.544 kl=0.0048
[upd   31 | steps   15872 | t    7.9s | sps  2021] ret_mean=2.500 ep_len=500.0 pi_loss=-0.003 v_loss=0.012 ent=1.558 kl=0.0025
[upd   32 | steps   16384 | t    8.0s | sps  2048] ret_mean=0.000 ep_len=500.0 pi_loss=-0.008 v_loss=0.001 ent=1.542 kl=0.0020
[upd   33 | steps   16896 | t    8.1s | sps  2074] ret_mean=0.000 ep_len=500.0 pi_loss=-0.005 v_loss=0.002 ent=1.575 kl=0.0016
[upd   34 | steps   17408 | t    8.3s | sps  2102] ret_mean=0.000 ep_len=500.0 pi_loss=-0.003 v_loss=0.006 ent=1.580 kl=0.0000
[upd   35 | steps   17920 | t    8.4s | sps  2128] ret_mean=3.500 ep_len=500.0 pi_loss=-0.007 v_loss=0.012 ent=1.575 kl=-0.0005
[upd   36 | steps   18432 | t    8.6s | sps  2153] ret_mean=1.500 ep_len=500.0 pi_loss=-0.007 v_loss=0.006 ent=1.557 kl=0.0025
[upd   37 | steps   18944 | t    8.7s | sps  2177] ret_mean=4.000 ep_len=500.0 pi_loss=-0.002 v_loss=0.020 ent=1.490 kl=0.0068
[upd   38 | steps   19456 | t    8.8s | sps  2200] ret_mean=0.500 ep_len=500.0 pi_loss=-0.004 v_loss=0.003 ent=1.525 kl=0.0035
[upd   39 | steps   19968 | t    9.0s | sps  2220] ret_mean=0.000 ep_len=500.0 pi_loss=-0.008 v_loss=0.001 ent=1.428 kl=0.0027
[upd   40 | steps   20480 | t    9.1s | sps  2241] ret_mean=0.000 ep_len=500.0 pi_loss=-0.005 v_loss=0.001 ent=1.462 kl=0.0063
[upd   41 | steps   20992 | t    9.3s | sps  2262] ret_mean=0.000 ep_len=500.0 pi_loss=-0.006 v_loss=0.006 ent=1.555 kl=0.0007
[upd   42 | steps   21504 | t    9.4s | sps  2282] ret_mean=1.000 ep_len=500.0 pi_loss=-0.002 v_loss=0.001 ent=1.486 kl=0.0047
[upd   43 | steps   22016 | t    9.6s | sps  2301] ret_mean=0.000 ep_len=500.0 pi_loss=-0.005 v_loss=0.115 ent=1.266 kl=0.0016
[upd   44 | steps   22528 | t    9.7s | sps  2320] ret_mean=12.000 ep_len=500.0 pi_loss=-0.005 v_loss=0.044 ent=1.279 kl=0.0078
[upd   45 | steps   23040 | t    9.9s | sps  2337] ret_mean=1.000 ep_len=500.0 pi_loss=-0.009 v_loss=0.007 ent=1.437 kl=0.0081
[upd   46 | steps   23552 | t   10.0s | sps  2354] ret_mean=0.000 ep_len=500.0 pi_loss=-0.006 v_loss=0.001 ent=1.193 kl=0.0065
[upd   47 | steps   24064 | t   10.1s | sps  2372] ret_mean=0.000 ep_len=500.0 pi_loss=-0.007 v_loss=0.001 ent=1.359 kl=0.0141
[upd   48 | steps   24576 | t   10.3s | sps  2389] ret_mean=0.000 ep_len=500.0 pi_loss=-0.004 v_loss=0.003 ent=1.426 kl=0.0044
[upd   49 | steps   25088 | t   10.4s | sps  2406] ret_mean=0.500 ep_len=500.0 pi_loss=-0.004 v_loss=0.020 ent=1.318 kl=0.0029
[upd   50 | steps   25600 | t   10.6s | sps  2423] ret_mean=3.000 ep_len=500.0 pi_loss=-0.012 v_loss=0.064 ent=1.274 kl=0.0130
        [eval] ret_mean=4.167 ep_len=500.0
[upd   51 | steps   26112 | t   14.1s | sps  1857] ret_mean=0.000 ep_len=500.0 pi_loss=-0.004 v_loss=0.001 ent=1.065 kl=0.0009
[upd   52 | steps   26624 | t   14.2s | sps  1874] ret_mean=8.500 ep_len=500.0 pi_loss=-0.003 v_loss=0.176 ent=1.258 kl=0.0036
[upd   53 | steps   27136 | t   14.4s | sps  1890] ret_mean=3.500 ep_len=500.0 pi_loss=-0.013 v_loss=0.791 ent=0.989 kl=0.0135
[upd   54 | steps   27648 | t   14.5s | sps  1907] ret_mean=42.000 ep_len=500.0 pi_loss=-0.002 v_loss=1.162 ent=1.011 kl=-0.0007
[upd   55 | steps   28160 | t   14.6s | sps  1923] ret_mean=26.000 ep_len=500.0 pi_loss=-0.004 v_loss=0.437 ent=0.879 kl=0.0078
[upd   56 | steps   28672 | t   14.8s | sps  1939] ret_mean=0.000 ep_len=500.0 pi_loss=-0.005 v_loss=0.012 ent=0.943 kl=0.0079
[upd   57 | steps   29184 | t   14.9s | sps  1955] ret_mean=0.000 ep_len=500.0 pi_loss=-0.009 v_loss=0.006 ent=0.897 kl=0.0052
[upd   58 | steps   29696 | t   15.1s | sps  1969] ret_mean=0.000 ep_len=500.0 pi_loss=-0.013 v_loss=0.004 ent=0.893 kl=0.0072
[upd   59 | steps   30208 | t   15.2s | sps  1984] ret_mean=0.500 ep_len=500.0 pi_loss=-0.006 v_loss=0.001 ent=0.886 kl=0.0106
[upd   60 | steps   30720 | t   15.4s | sps  1998] ret_mean=3.500 ep_len=500.0 pi_loss=-0.006 v_loss=0.058 ent=1.155 kl=0.0170
[upd   61 | steps   31232 | t   15.5s | sps  2013] ret_mean=0.000 ep_len=500.0 pi_loss=-0.005 v_loss=0.003 ent=1.023 kl=0.0127
[upd   62 | steps   31744 | t   15.7s | sps  2026] ret_mean=0.000 ep_len=500.0 pi_loss=-0.006 v_loss=0.488 ent=0.968 kl=0.0060
[upd   63 | steps   32256 | t   15.8s | sps  2040] ret_mean=13.000 ep_len=500.0 pi_loss=-0.005 v_loss=0.002 ent=0.742 kl=-0.0005
[upd   64 | steps   32768 | t   16.0s | sps  2053] ret_mean=1.500 ep_len=500.0 pi_loss=-0.008 v_loss=0.055 ent=1.201 kl=0.0013
[upd   65 | steps   33280 | t   16.1s | sps  2067] ret_mean=14.000 ep_len=500.0 pi_loss=-0.007 v_loss=0.338 ent=1.196 kl=0.0036
[upd   66 | steps   33792 | t   16.2s | sps  2080] ret_mean=2.500 ep_len=500.0 pi_loss=-0.003 v_loss=0.004 ent=0.847 kl=0.0036
[upd   67 | steps   34304 | t   16.4s | sps  2094] ret_mean=3.500 ep_len=500.0 pi_loss=-0.002 v_loss=0.063 ent=0.736 kl=0.0050
[upd   68 | steps   34816 | t   16.5s | sps  2106] ret_mean=0.000 ep_len=500.0 pi_loss=-0.003 v_loss=0.002 ent=1.246 kl=0.0012
[upd   69 | steps   35328 | t   16.7s | sps  2119] ret_mean=0.000 ep_len=500.0 pi_loss=-0.011 v_loss=1.322 ent=1.019 kl=0.0074
[upd   70 | steps   35840 | t   16.8s | sps  2131] ret_mean=26.000 ep_len=500.0 pi_loss=0.001 v_loss=0.003 ent=0.907 kl=0.0025
[upd   71 | steps   36352 | t   17.0s | sps  2143] ret_mean=0.000 ep_len=500.0 pi_loss=-0.011 v_loss=0.787 ent=0.709 kl=-0.0002
[upd   72 | steps   36864 | t   17.1s | sps  2155] ret_mean=17.000 ep_len=500.0 pi_loss=-0.002 v_loss=1.762 ent=0.782 kl=0.0014
[upd   73 | steps   37376 | t   17.2s | sps  2167] ret_mean=33.500 ep_len=500.0 pi_loss=-0.004 v_loss=1.928 ent=0.519 kl=0.0014
[upd   74 | steps   37888 | t   17.4s | sps  2178] ret_mean=45.000 ep_len=500.0 pi_loss=-0.003 v_loss=1.541 ent=0.702 kl=0.0001
[upd   75 | steps   38400 | t   17.5s | sps  2190] ret_mean=39.000 ep_len=500.0 pi_loss=-0.006 v_loss=2.247 ent=0.799 kl=-0.0006
        [eval] ret_mean=5.917 ep_len=500.0
[upd   76 | steps   38912 | t   21.0s | sps  1850] ret_mean=0.000 ep_len=500.0 pi_loss=-0.007 v_loss=0.008 ent=1.027 kl=0.0031
[upd   77 | steps   39424 | t   21.2s | sps  1861] ret_mean=44.500 ep_len=500.0 pi_loss=-0.014 v_loss=2.149 ent=0.774 kl=0.0374
[upd   78 | steps   39936 | t   21.3s | sps  1872] ret_mean=17.500 ep_len=500.0 pi_loss=-0.013 v_loss=0.262 ent=1.193 kl=0.0004
[upd   79 | steps   40448 | t   21.5s | sps  1884] ret_mean=0.000 ep_len=500.0 pi_loss=-0.003 v_loss=0.012 ent=0.357 kl=0.0024
[upd   80 | steps   40960 | t   21.6s | sps  1895] ret_mean=0.500 ep_len=500.0 pi_loss=-0.009 v_loss=0.150 ent=1.125 kl=0.0021
[upd   81 | steps   41472 | t   21.8s | sps  1905] ret_mean=6.500 ep_len=500.0 pi_loss=-0.003 v_loss=0.017 ent=0.670 kl=0.0008
[upd   82 | steps   41984 | t   21.9s | sps  1916] ret_mean=71.500 ep_len=500.0 pi_loss=-0.002 v_loss=4.023 ent=0.523 kl=0.0050
[upd   83 | steps   42496 | t   22.1s | sps  1927] ret_mean=0.000 ep_len=500.0 pi_loss=-0.006 v_loss=0.070 ent=1.067 kl=0.0011
[upd   84 | steps   43008 | t   22.2s | sps  1937] ret_mean=4.000 ep_len=500.0 pi_loss=-0.003 v_loss=0.237 ent=0.942 kl=0.0060
[upd   85 | steps   43520 | t   22.3s | sps  1948] ret_mean=38.000 ep_len=500.0 pi_loss=-0.004 v_loss=1.392 ent=0.653 kl=0.0018
[upd   86 | steps   44032 | t   22.5s | sps  1957] ret_mean=6.000 ep_len=500.0 pi_loss=-0.012 v_loss=0.210 ent=1.141 kl=0.0131
[upd   87 | steps   44544 | t   22.6s | sps  1968] ret_mean=54.500 ep_len=500.0 pi_loss=-0.012 v_loss=1.412 ent=1.014 kl=0.0154
[upd   88 | steps   45056 | t   22.8s | sps  1978] ret_mean=1.500 ep_len=500.0 pi_loss=-0.002 v_loss=1.582 ent=0.934 kl=0.0031
[upd   89 | steps   45568 | t   22.9s | sps  1988] ret_mean=66.500 ep_len=500.0 pi_loss=-0.007 v_loss=2.326 ent=0.622 kl=-0.0003
[upd   90 | steps   46080 | t   23.1s | sps  1998] ret_mean=68.000 ep_len=500.0 pi_loss=-0.008 v_loss=3.826 ent=0.922 kl=0.0088
[upd   91 | steps   46592 | t   23.2s | sps  2008] ret_mean=0.000 ep_len=500.0 pi_loss=-0.005 v_loss=0.109 ent=0.567 kl=0.0002
[upd   92 | steps   47104 | t   23.3s | sps  2018] ret_mean=80.000 ep_len=500.0 pi_loss=-0.007 v_loss=3.605 ent=0.393 kl=0.0101
[upd   93 | steps   47616 | t   23.5s | sps  2027] ret_mean=0.000 ep_len=500.0 pi_loss=-0.002 v_loss=0.060 ent=0.997 kl=0.0008
[upd   94 | steps   48128 | t   23.6s | sps  2036] ret_mean=0.000 ep_len=500.0 pi_loss=-0.011 v_loss=0.030 ent=0.975 kl=0.0041
[upd   95 | steps   48640 | t   23.8s | sps  2045] ret_mean=0.000 ep_len=500.0 pi_loss=-0.007 v_loss=0.018 ent=1.013 kl=0.0028
[upd   96 | steps   49152 | t   23.9s | sps  2054] ret_mean=0.000 ep_len=500.0 pi_loss=-0.007 v_loss=0.017 ent=0.486 kl=-0.0000
[upd   97 | steps   49664 | t   24.1s | sps  2063] ret_mean=0.000 ep_len=500.0 pi_loss=-0.002 v_loss=0.013 ent=0.518 kl=-0.0021
[upd   98 | steps   50176 | t   24.2s | sps  2072] ret_mean=0.000 ep_len=500.0 pi_loss=-0.007 v_loss=0.035 ent=0.842 kl=0.0047
[upd   99 | steps   50688 | t   24.4s | sps  2080] ret_mean=2.000 ep_len=500.0 pi_loss=-0.003 v_loss=1.927 ent=0.774 kl=0.0011
[upd  100 | steps   51200 | t   24.5s | sps  2088] ret_mean=29.500 ep_len=500.0 pi_loss=-0.006 v_loss=10.948 ent=0.662 kl=0.0073
        [eval] ret_mean=3.883 ep_len=500.0
[upd  101 | steps   51712 | t   28.2s | sps  1837] ret_mean=0.000 ep_len=500.0 pi_loss=-0.005 v_loss=0.031 ent=0.377 kl=0.0033
[upd  102 | steps   52224 | t   28.3s | sps  1845] ret_mean=16.000 ep_len=500.0 pi_loss=-0.007 v_loss=0.426 ent=1.155 kl=0.0055
[upd  103 | steps   52736 | t   28.5s | sps  1853] ret_mean=0.000 ep_len=500.0 pi_loss=-0.007 v_loss=0.020 ent=1.330 kl=0.0040
[upd  104 | steps   53248 | t   28.6s | sps  1862] ret_mean=0.000 ep_len=500.0 pi_loss=-0.005 v_loss=0.020 ent=1.009 kl=0.0070
[upd  105 | steps   53760 | t   28.7s | sps  1870] ret_mean=29.500 ep_len=500.0 pi_loss=-0.005 v_loss=1.482 ent=0.364 kl=0.0308
[upd  106 | steps   54272 | t   28.9s | sps  1878] ret_mean=0.000 ep_len=500.0 pi_loss=-0.005 v_loss=0.023 ent=0.326 kl=0.0036
[upd  107 | steps   54784 | t   29.0s | sps  1887] ret_mean=2.000 ep_len=500.0 pi_loss=-0.001 v_loss=0.014 ent=0.202 kl=0.0053
[upd  108 | steps   55296 | t   29.2s | sps  1896] ret_mean=0.000 ep_len=500.0 pi_loss=-0.004 v_loss=0.587 ent=0.287 kl=-0.0005
[upd  109 | steps   55808 | t   29.3s | sps  1904] ret_mean=93.000 ep_len=500.0 pi_loss=-0.007 v_loss=5.687 ent=0.527 kl=0.0050
[upd  110 | steps   56320 | t   29.4s | sps  1913] ret_mean=104.000 ep_len=500.0 pi_loss=-0.007 v_loss=3.475 ent=0.380 kl=0.0098
[upd  111 | steps   56832 | t   29.6s | sps  1920] ret_mean=0.000 ep_len=500.0 pi_loss=-0.007 v_loss=0.012 ent=1.000 kl=0.0037
[upd  112 | steps   57344 | t   29.7s | sps  1928] ret_mean=0.000 ep_len=500.0 pi_loss=-0.004 v_loss=1.569 ent=0.312 kl=0.0028
[upd  113 | steps   57856 | t   29.9s | sps  1936] ret_mean=71.000 ep_len=500.0 pi_loss=-0.002 v_loss=3.128 ent=0.311 kl=0.0003
[upd  114 | steps   58368 | t   30.0s | sps  1943] ret_mean=111.500 ep_len=500.0 pi_loss=-0.002 v_loss=3.181 ent=0.508 kl=0.0019
[upd  115 | steps   58880 | t   30.2s | sps  1951] ret_mean=0.000 ep_len=500.0 pi_loss=-0.007 v_loss=0.048 ent=0.338 kl=0.0090
[upd  116 | steps   59392 | t   30.3s | sps  1958] ret_mean=0.000 ep_len=500.0 pi_loss=-0.009 v_loss=0.033 ent=0.372 kl=0.0055
[upd  117 | steps   59904 | t   30.5s | sps  1966] ret_mean=0.000 ep_len=500.0 pi_loss=-0.005 v_loss=6.999 ent=0.627 kl=0.0071
[upd  118 | steps   60416 | t   30.6s | sps  1974] ret_mean=183.000 ep_len=500.0 pi_loss=-0.005 v_loss=7.912 ent=0.330 kl=0.0027
[upd  119 | steps   60928 | t   30.8s | sps  1981] ret_mean=0.000 ep_len=500.0 pi_loss=-0.008 v_loss=0.012 ent=0.553 kl=0.0091
[upd  120 | steps   61440 | t   30.9s | sps  1988] ret_mean=0.000 ep_len=500.0 pi_loss=-0.003 v_loss=5.752 ent=0.397 kl=0.0019
[upd  121 | steps   61952 | t   31.1s | sps  1995] ret_mean=134.500 ep_len=500.0 pi_loss=-0.008 v_loss=3.450 ent=0.514 kl=0.0191
[upd  122 | steps   62464 | t   31.2s | sps  2002] ret_mean=0.000 ep_len=500.0 pi_loss=-0.003 v_loss=0.017 ent=0.858 kl=0.0073
[upd  123 | steps   62976 | t   31.3s | sps  2009] ret_mean=0.000 ep_len=500.0 pi_loss=-0.011 v_loss=0.024 ent=1.199 kl=0.0023
[upd  124 | steps   63488 | t   31.5s | sps  2017] ret_mean=0.000 ep_len=500.0 pi_loss=-0.012 v_loss=1.595 ent=0.757 kl=0.0047
[upd  125 | steps   64000 | t   31.6s | sps  2024] ret_mean=79.000 ep_len=500.0 pi_loss=-0.008 v_loss=4.000 ent=0.754 kl=0.0058
        [eval] ret_mean=9.350 ep_len=500.0
[upd  126 | steps   64512 | t   35.2s | sps  1830] ret_mean=24.500 ep_len=500.0 pi_loss=-0.008 v_loss=1.049 ent=1.049 kl=0.0111
[upd  127 | steps   65024 | t   35.4s | sps  1838] ret_mean=188.000 ep_len=500.0 pi_loss=-0.005 v_loss=16.175 ent=0.229 kl=0.0011
[upd  128 | steps   65536 | t   35.5s | sps  1844] ret_mean=49.500 ep_len=500.0 pi_loss=-0.004 v_loss=2.244 ent=1.020 kl=0.0028
[upd  129 | steps   66048 | t   35.7s | sps  1851] ret_mean=0.000 ep_len=500.0 pi_loss=-0.005 v_loss=0.059 ent=0.836 kl=0.0050
[upd  130 | steps   66560 | t   35.8s | sps  1858] ret_mean=51.500 ep_len=500.0 pi_loss=-0.004 v_loss=2.129 ent=0.996 kl=0.0025
[upd  131 | steps   67072 | t   36.0s | sps  1864] ret_mean=44.500 ep_len=500.0 pi_loss=-0.005 v_loss=1.633 ent=0.783 kl=0.0107
[upd  132 | steps   67584 | t   36.1s | sps  1870] ret_mean=0.000 ep_len=500.0 pi_loss=-0.009 v_loss=0.066 ent=1.209 kl=-0.0023
[upd  133 | steps   68096 | t   36.3s | sps  1877] ret_mean=0.000 ep_len=500.0 pi_loss=-0.005 v_loss=0.047 ent=1.261 kl=0.0005
[upd  134 | steps   68608 | t   36.4s | sps  1883] ret_mean=38.500 ep_len=500.0 pi_loss=-0.007 v_loss=1.693 ent=0.900 kl=0.0103
[upd  135 | steps   69120 | t   36.6s | sps  1890] ret_mean=5.000 ep_len=500.0 pi_loss=-0.005 v_loss=1.204 ent=1.141 kl=0.0024
[upd  136 | steps   69632 | t   36.7s | sps  1896] ret_mean=107.000 ep_len=500.0 pi_loss=-0.005 v_loss=7.757 ent=0.408 kl=0.0020
[upd  137 | steps   70144 | t   36.9s | sps  1903] ret_mean=166.500 ep_len=500.0 pi_loss=-0.001 v_loss=7.183 ent=0.351 kl=0.0044
[upd  138 | steps   70656 | t   37.0s | sps  1910] ret_mean=0.000 ep_len=500.0 pi_loss=-0.004 v_loss=0.519 ent=1.183 kl=0.0048
[upd  139 | steps   71168 | t   37.1s | sps  1916] ret_mean=16.000 ep_len=500.0 pi_loss=-0.004 v_loss=1.345 ent=1.217 kl=0.0030
[upd  140 | steps   71680 | t   37.3s | sps  1922] ret_mean=41.000 ep_len=500.0 pi_loss=-0.011 v_loss=1.770 ent=1.116 kl=0.0096
[upd  141 | steps   72192 | t   37.4s | sps  1928] ret_mean=113.500 ep_len=500.0 pi_loss=-0.007 v_loss=2.609 ent=0.684 kl=0.0125
[upd  142 | steps   72704 | t   37.6s | sps  1934] ret_mean=0.000 ep_len=500.0 pi_loss=-0.004 v_loss=1.054 ent=1.129 kl=0.0024
[upd  143 | steps   73216 | t   37.7s | sps  1941] ret_mean=38.500 ep_len=500.0 pi_loss=-0.001 v_loss=1.802 ent=0.832 kl=0.0009
[upd  144 | steps   73728 | t   37.9s | sps  1947] ret_mean=53.500 ep_len=500.0 pi_loss=-0.004 v_loss=2.166 ent=1.040 kl=0.0032
[upd  145 | steps   74240 | t   38.0s | sps  1953] ret_mean=61.000 ep_len=500.0 pi_loss=-0.005 v_loss=0.349 ent=1.196 kl=0.0048
[upd  146 | steps   74752 | t   38.2s | sps  1958] ret_mean=0.000 ep_len=500.0 pi_loss=-0.012 v_loss=1.884 ent=1.008 kl=0.0117
[upd  147 | steps   75264 | t   38.3s | sps  1965] ret_mean=95.000 ep_len=500.0 pi_loss=-0.009 v_loss=3.404 ent=0.528 kl=0.0019
[upd  148 | steps   75776 | t   38.5s | sps  1970] ret_mean=121.000 ep_len=500.0 pi_loss=-0.003 v_loss=3.918 ent=0.428 kl=0.0043
[upd  149 | steps   76288 | t   38.6s | sps  1976] ret_mean=124.000 ep_len=500.0 pi_loss=-0.006 v_loss=3.374 ent=0.388 kl=0.0032
[upd  150 | steps   76800 | t   38.7s | sps  1982] ret_mean=93.000 ep_len=500.0 pi_loss=-0.004 v_loss=3.154 ent=0.393 kl=0.0026
        [eval] ret_mean=12.733 ep_len=500.0
[upd  151 | steps   77312 | t   42.4s | sps  1825] ret_mean=64.500 ep_len=500.0 pi_loss=-0.005 v_loss=2.025 ent=0.749 kl=0.0087
[upd  152 | steps   77824 | t   42.5s | sps  1832] ret_mean=144.000 ep_len=500.0 pi_loss=-0.009 v_loss=6.555 ent=0.254 kl=0.0163
[upd  153 | steps   78336 | t   42.6s | sps  1837] ret_mean=117.500 ep_len=500.0 pi_loss=-0.006 v_loss=2.891 ent=0.381 kl=0.0099
[upd  154 | steps   78848 | t   42.8s | sps  1843] ret_mean=0.000 ep_len=500.0 pi_loss=-0.004 v_loss=0.756 ent=0.923 kl=0.0034
[upd  155 | steps   79360 | t   42.9s | sps  1849] ret_mean=61.500 ep_len=500.0 pi_loss=0.000 v_loss=2.992 ent=0.430 kl=0.0108
[upd  156 | steps   79872 | t   43.1s | sps  1854] ret_mean=59.500 ep_len=500.0 pi_loss=-0.009 v_loss=4.022 ent=0.740 kl=0.0069
[upd  157 | steps   80384 | t   43.2s | sps  1860] ret_mean=186.000 ep_len=500.0 pi_loss=-0.005 v_loss=9.850 ent=0.293 kl=0.0028
[upd  158 | steps   80896 | t   43.4s | sps  1866] ret_mean=78.000 ep_len=500.0 pi_loss=-0.004 v_loss=2.864 ent=0.466 kl=0.0023
[upd  159 | steps   81408 | t   43.5s | sps  1872] ret_mean=0.000 ep_len=500.0 pi_loss=-0.011 v_loss=0.346 ent=0.901 kl=0.0096
[upd  160 | steps   81920 | t   43.6s | sps  1877] ret_mean=0.000 ep_len=500.0 pi_loss=-0.011 v_loss=0.985 ent=0.805 kl=0.0091
[upd  161 | steps   82432 | t   43.8s | sps  1882] ret_mean=124.500 ep_len=500.0 pi_loss=-0.010 v_loss=3.391 ent=0.422 kl=0.0124
[upd  162 | steps   82944 | t   43.9s | sps  1888] ret_mean=0.000 ep_len=500.0 pi_loss=-0.007 v_loss=1.160 ent=0.965 kl=0.0043
[upd  163 | steps   83456 | t   44.1s | sps  1893] ret_mean=122.500 ep_len=500.0 pi_loss=-0.007 v_loss=2.558 ent=0.528 kl=0.0130
[upd  164 | steps   83968 | t   44.2s | sps  1899] ret_mean=1.500 ep_len=500.0 pi_loss=-0.003 v_loss=0.578 ent=1.157 kl=0.0033
[upd  165 | steps   84480 | t   44.4s | sps  1904] ret_mean=42.000 ep_len=500.0 pi_loss=-0.007 v_loss=1.596 ent=0.733 kl=0.0075
[upd  166 | steps   84992 | t   44.5s | sps  1909] ret_mean=9.000 ep_len=500.0 pi_loss=-0.005 v_loss=1.227 ent=0.748 kl=0.0080
[upd  167 | steps   85504 | t   44.7s | sps  1914] ret_mean=108.500 ep_len=500.0 pi_loss=-0.005 v_loss=2.499 ent=0.479 kl=0.0089
[upd  168 | steps   86016 | t   44.8s | sps  1919] ret_mean=0.000 ep_len=500.0 pi_loss=-0.003 v_loss=0.270 ent=0.767 kl=0.0088
[upd  169 | steps   86528 | t   45.0s | sps  1925] ret_mean=0.000 ep_len=500.0 pi_loss=-0.009 v_loss=1.625 ent=0.674 kl=-0.0050
[upd  170 | steps   87040 | t   45.1s | sps  1930] ret_mean=123.500 ep_len=500.0 pi_loss=-0.008 v_loss=2.803 ent=0.195 kl=0.0093
[upd  171 | steps   87552 | t   45.2s | sps  1936] ret_mean=100.000 ep_len=500.0 pi_loss=-0.006 v_loss=5.912 ent=0.238 kl=0.0008
[upd  172 | steps   88064 | t   45.4s | sps  1941] ret_mean=131.500 ep_len=500.0 pi_loss=-0.007 v_loss=2.562 ent=0.527 kl=0.0172
[upd  173 | steps   88576 | t   45.5s | sps  1946] ret_mean=0.000 ep_len=500.0 pi_loss=-0.008 v_loss=8.313 ent=0.712 kl=0.0095
[upd  174 | steps   89088 | t   45.7s | sps  1951] ret_mean=174.500 ep_len=500.0 pi_loss=-0.006 v_loss=2.760 ent=0.474 kl=0.0102
[upd  175 | steps   89600 | t   45.8s | sps  1956] ret_mean=46.500 ep_len=500.0 pi_loss=-0.005 v_loss=3.014 ent=0.513 kl=0.0006
        [eval] ret_mean=14.600 ep_len=500.0
[upd  176 | steps   90112 | t   49.4s | sps  1825] ret_mean=117.000 ep_len=500.0 pi_loss=-0.007 v_loss=4.808 ent=0.185 kl=0.0054
[upd  177 | steps   90624 | t   49.5s | sps  1830] ret_mean=0.000 ep_len=500.0 pi_loss=-0.002 v_loss=0.255 ent=0.748 kl=0.0054
[upd  178 | steps   91136 | t   49.7s | sps  1835] ret_mean=53.000 ep_len=500.0 pi_loss=-0.008 v_loss=2.001 ent=0.811 kl=0.0116
[upd  179 | steps   91648 | t   49.8s | sps  1840] ret_mean=115.500 ep_len=500.0 pi_loss=-0.004 v_loss=4.697 ent=0.231 kl=0.0024
[upd  180 | steps   92160 | t   49.9s | sps  1845] ret_mean=102.500 ep_len=500.0 pi_loss=-0.006 v_loss=4.842 ent=0.707 kl=0.0094
[upd  181 | steps   92672 | t   50.1s | sps  1850] ret_mean=116.500 ep_len=500.0 pi_loss=-0.007 v_loss=3.673 ent=0.255 kl=0.0088
[upd  182 | steps   93184 | t   50.2s | sps  1855] ret_mean=95.000 ep_len=500.0 pi_loss=-0.007 v_loss=3.116 ent=0.398 kl=0.0058
[upd  183 | steps   93696 | t   50.4s | sps  1860] ret_mean=33.000 ep_len=500.0 pi_loss=-0.004 v_loss=1.577 ent=0.777 kl=0.0092
[upd  184 | steps   94208 | t   50.5s | sps  1864] ret_mean=26.500 ep_len=500.0 pi_loss=-0.007 v_loss=0.711 ent=1.146 kl=0.0167
[upd  185 | steps   94720 | t   50.7s | sps  1869] ret_mean=60.000 ep_len=500.0 pi_loss=-0.013 v_loss=3.453 ent=0.810 kl=0.0120
[upd  186 | steps   95232 | t   50.8s | sps  1874] ret_mean=162.500 ep_len=500.0 pi_loss=-0.003 v_loss=6.687 ent=0.174 kl=0.0062
[upd  187 | steps   95744 | t   51.0s | sps  1879] ret_mean=54.000 ep_len=500.0 pi_loss=-0.006 v_loss=1.751 ent=0.849 kl=0.0156
[upd  188 | steps   96256 | t   51.1s | sps  1883] ret_mean=79.500 ep_len=500.0 pi_loss=-0.006 v_loss=1.397 ent=1.046 kl=0.0093
[upd  189 | steps   96768 | t   51.2s | sps  1888] ret_mean=0.000 ep_len=500.0 pi_loss=-0.007 v_loss=1.158 ent=1.141 kl=0.0131
[upd  190 | steps   97280 | t   51.4s | sps  1893] ret_mean=39.500 ep_len=500.0 pi_loss=-0.003 v_loss=0.619 ent=1.212 kl=0.0050
[upd  191 | steps   97792 | t   51.5s | sps  1897] ret_mean=0.000 ep_len=500.0 pi_loss=-0.008 v_loss=1.277 ent=1.096 kl=0.0246
[upd  192 | steps   98304 | t   51.7s | sps  1902] ret_mean=42.000 ep_len=500.0 pi_loss=-0.007 v_loss=1.936 ent=0.988 kl=0.0024
[upd  193 | steps   98816 | t   51.8s | sps  1907] ret_mean=122.500 ep_len=500.0 pi_loss=-0.006 v_loss=6.037 ent=0.260 kl=0.0052
[upd  194 | steps   99328 | t   52.0s | sps  1911] ret_mean=135.000 ep_len=500.0 pi_loss=-0.003 v_loss=3.653 ent=0.451 kl=-0.0023
[upd  195 | steps   99840 | t   52.1s | sps  1916] ret_mean=54.500 ep_len=500.0 pi_loss=-0.009 v_loss=7.309 ent=0.776 kl=0.0185
[upd  196 | steps  100352 | t   52.3s | sps  1921] ret_mean=173.500 ep_len=500.0 pi_loss=-0.003 v_loss=2.424 ent=0.583 kl=0.0117
[upd  197 | steps  100864 | t   52.4s | sps  1925] ret_mean=0.000 ep_len=500.0 pi_loss=-0.004 v_loss=1.675 ent=0.995 kl=0.0072
[upd  198 | steps  101376 | t   52.5s | sps  1929] ret_mean=110.500 ep_len=500.0 pi_loss=-0.005 v_loss=3.878 ent=0.561 kl=0.0038
[upd  199 | steps  101888 | t   52.7s | sps  1934] ret_mean=108.000 ep_len=500.0 pi_loss=-0.007 v_loss=2.999 ent=0.591 kl=0.0055
[upd  200 | steps  102400 | t   52.8s | sps  1938] ret_mean=35.000 ep_len=500.0 pi_loss=-0.004 v_loss=6.899 ent=0.824 kl=0.0019
        [eval] ret_mean=6.717 ep_len=500.0
[upd  201 | steps  102912 | t   56.5s | sps  1821] ret_mean=54.000 ep_len=500.0 pi_loss=-0.009 v_loss=2.626 ent=0.912 kl=0.0144
[upd  202 | steps  103424 | t   56.7s | sps  1826] ret_mean=122.500 ep_len=500.0 pi_loss=-0.003 v_loss=4.685 ent=0.300 kl=0.0019
[upd  203 | steps  103936 | t   56.8s | sps  1830] ret_mean=205.000 ep_len=500.0 pi_loss=-0.003 v_loss=10.911 ent=0.125 kl=0.0034
[upd  204 | steps  104448 | t   56.9s | sps  1835] ret_mean=158.000 ep_len=500.0 pi_loss=-0.004 v_loss=9.396 ent=0.246 kl=0.0047
[upd  205 | steps  104960 | t   57.1s | sps  1839] ret_mean=36.500 ep_len=500.0 pi_loss=-0.003 v_loss=1.235 ent=1.024 kl=0.0092
[upd  206 | steps  105472 | t   57.2s | sps  1843] ret_mean=55.500 ep_len=500.0 pi_loss=-0.003 v_loss=1.869 ent=0.936 kl=-0.0023
[upd  207 | steps  105984 | t   57.4s | sps  1848] ret_mean=88.000 ep_len=500.0 pi_loss=-0.004 v_loss=5.545 ent=0.744 kl=0.0033
[upd  208 | steps  106496 | t   57.5s | sps  1852] ret_mean=102.000 ep_len=500.0 pi_loss=-0.004 v_loss=3.936 ent=0.470 kl=0.0106
[upd  209 | steps  107008 | t   57.6s | sps  1856] ret_mean=19.000 ep_len=500.0 pi_loss=-0.008 v_loss=3.806 ent=0.916 kl=0.0097
[upd  210 | steps  107520 | t   57.8s | sps  1861] ret_mean=162.500 ep_len=500.0 pi_loss=-0.002 v_loss=5.727 ent=0.197 kl=0.0062
[upd  211 | steps  108032 | t   57.9s | sps  1865] ret_mean=72.500 ep_len=500.0 pi_loss=-0.007 v_loss=2.138 ent=1.001 kl=0.0084
[upd  212 | steps  108544 | t   58.1s | sps  1869] ret_mean=61.000 ep_len=500.0 pi_loss=-0.006 v_loss=1.888 ent=0.907 kl=0.0056
[upd  213 | steps  109056 | t   58.2s | sps  1873] ret_mean=152.500 ep_len=500.0 pi_loss=-0.005 v_loss=5.978 ent=0.358 kl=0.0036
[upd  214 | steps  109568 | t   58.4s | sps  1878] ret_mean=0.000 ep_len=500.0 pi_loss=-0.014 v_loss=1.312 ent=0.979 kl=0.0133
[upd  215 | steps  110080 | t   58.5s | sps  1882] ret_mean=58.500 ep_len=500.0 pi_loss=-0.006 v_loss=1.454 ent=1.014 kl=0.0023
[upd  216 | steps  110592 | t   58.6s | sps  1886] ret_mean=97.500 ep_len=500.0 pi_loss=-0.002 v_loss=3.388 ent=0.425 kl=-0.0001
[upd  217 | steps  111104 | t   58.8s | sps  1890] ret_mean=119.500 ep_len=500.0 pi_loss=-0.005 v_loss=3.409 ent=0.461 kl=0.0090
[upd  218 | steps  111616 | t   58.9s | sps  1894] ret_mean=42.000 ep_len=500.0 pi_loss=-0.004 v_loss=0.514 ent=1.273 kl=0.0124
[upd  219 | steps  112128 | t   59.1s | sps  1898] ret_mean=0.000 ep_len=500.0 pi_loss=-0.005 v_loss=0.717 ent=1.101 kl=0.0096
[upd  220 | steps  112640 | t   59.2s | sps  1902] ret_mean=69.500 ep_len=500.0 pi_loss=-0.007 v_loss=2.045 ent=0.702 kl=0.0108
[upd  221 | steps  113152 | t   59.4s | sps  1906] ret_mean=0.000 ep_len=500.0 pi_loss=-0.007 v_loss=0.571 ent=1.347 kl=0.0046
[upd  222 | steps  113664 | t   59.5s | sps  1910] ret_mean=0.000 ep_len=500.0 pi_loss=-0.009 v_loss=0.209 ent=1.351 kl=0.0121
[upd  223 | steps  114176 | t   59.7s | sps  1914] ret_mean=0.000 ep_len=500.0 pi_loss=-0.004 v_loss=0.168 ent=1.340 kl=0.0013
[upd  224 | steps  114688 | t   59.8s | sps  1918] ret_mean=0.000 ep_len=500.0 pi_loss=-0.005 v_loss=1.955 ent=0.956 kl=0.0054
[upd  225 | steps  115200 | t   60.0s | sps  1921] ret_mean=119.000 ep_len=500.0 pi_loss=-0.003 v_loss=4.041 ent=0.474 kl=0.0069
        [eval] ret_mean=13.033 ep_len=500.0
[upd  226 | steps  115712 | t   63.5s | sps  1822] ret_mean=79.500 ep_len=500.0 pi_loss=-0.003 v_loss=2.419 ent=0.657 kl=0.0038
[upd  227 | steps  116224 | t   63.6s | sps  1826] ret_mean=113.000 ep_len=500.0 pi_loss=-0.006 v_loss=3.614 ent=0.442 kl=-0.0019
[upd  228 | steps  116736 | t   63.8s | sps  1830] ret_mean=84.000 ep_len=500.0 pi_loss=-0.006 v_loss=4.003 ent=0.557 kl=0.0078
[upd  229 | steps  117248 | t   63.9s | sps  1834] ret_mean=110.000 ep_len=500.0 pi_loss=-0.013 v_loss=3.429 ent=0.428 kl=0.0079
[upd  230 | steps  117760 | t   64.1s | sps  1838] ret_mean=0.000 ep_len=500.0 pi_loss=-0.007 v_loss=0.611 ent=0.909 kl=0.0002
[upd  231 | steps  118272 | t   64.2s | sps  1842] ret_mean=122.500 ep_len=500.0 pi_loss=-0.006 v_loss=2.987 ent=0.453 kl=0.0154
[upd  232 | steps  118784 | t   64.4s | sps  1845] ret_mean=25.000 ep_len=500.0 pi_loss=-0.003 v_loss=1.398 ent=1.174 kl=0.0008
[upd  233 | steps  119296 | t   64.5s | sps  1849] ret_mean=23.000 ep_len=500.0 pi_loss=-0.006 v_loss=1.406 ent=1.063 kl=0.0090
[upd  234 | steps  119808 | t   64.7s | sps  1853] ret_mean=0.000 ep_len=500.0 pi_loss=-0.009 v_loss=0.656 ent=1.127 kl=0.0048
[upd  235 | steps  120320 | t   64.8s | sps  1857] ret_mean=131.000 ep_len=500.0 pi_loss=-0.002 v_loss=8.771 ent=0.165 kl=-0.0004
[upd  236 | steps  120832 | t   64.9s | sps  1861] ret_mean=168.500 ep_len=500.0 pi_loss=-0.001 v_loss=7.998 ent=0.124 kl=-0.0004
[upd  237 | steps  121344 | t   65.1s | sps  1865] ret_mean=186.500 ep_len=500.0 pi_loss=-0.005 v_loss=5.553 ent=0.396 kl=0.0076
[upd  238 | steps  121856 | t   65.2s | sps  1868] ret_mean=0.000 ep_len=500.0 pi_loss=-0.006 v_loss=4.582 ent=1.046 kl=0.0124
[upd  239 | steps  122368 | t   65.4s | sps  1872] ret_mean=147.500 ep_len=500.0 pi_loss=-0.005 v_loss=2.702 ent=0.374 kl=0.0045
[upd  240 | steps  122880 | t   65.5s | sps  1876] ret_mean=113.500 ep_len=500.0 pi_loss=-0.006 v_loss=4.084 ent=0.367 kl=-0.0003
[upd  241 | steps  123392 | t   65.6s | sps  1880] ret_mean=122.000 ep_len=500.0 pi_loss=-0.006 v_loss=3.230 ent=0.537 kl=0.0122
[upd  242 | steps  123904 | t   65.8s | sps  1883] ret_mean=51.000 ep_len=500.0 pi_loss=-0.007 v_loss=3.743 ent=0.572 kl=0.0062
[upd  243 | steps  124416 | t   65.9s | sps  1887] ret_mean=129.000 ep_len=500.0 pi_loss=-0.003 v_loss=3.914 ent=0.384 kl=-0.0015
[upd  244 | steps  124928 | t   66.1s | sps  1891] ret_mean=120.500 ep_len=500.0 pi_loss=-0.007 v_loss=3.270 ent=0.589 kl=0.0137
[upd  245 | steps  125440 | t   66.2s | sps  1895] ret_mean=17.000 ep_len=500.0 pi_loss=-0.006 v_loss=1.261 ent=0.795 kl=-0.0047
[upd  246 | steps  125952 | t   66.4s | sps  1898] ret_mean=59.500 ep_len=500.0 pi_loss=-0.013 v_loss=1.484 ent=1.059 kl=0.0141
[upd  247 | steps  126464 | t   66.5s | sps  1902] ret_mean=92.500 ep_len=500.0 pi_loss=-0.008 v_loss=8.610 ent=0.179 kl=0.0049
[upd  248 | steps  126976 | t   66.6s | sps  1906] ret_mean=176.500 ep_len=500.0 pi_loss=-0.005 v_loss=2.626 ent=0.463 kl=0.0002
[upd  249 | steps  127488 | t   66.8s | sps  1909] ret_mean=64.000 ep_len=500.0 pi_loss=-0.003 v_loss=8.304 ent=0.574 kl=0.0017
[upd  250 | steps  128000 | t   66.9s | sps  1913] ret_mean=190.000 ep_len=500.0 pi_loss=-0.006 v_loss=2.336 ent=0.495 kl=0.0043
        [eval] ret_mean=29.450 ep_len=500.0
[upd  251 | steps  128512 | t   70.5s | sps  1824] ret_mean=12.000 ep_len=500.0 pi_loss=-0.005 v_loss=2.059 ent=1.262 kl=0.0028
[upd  252 | steps  129024 | t   70.6s | sps  1827] ret_mean=0.000 ep_len=500.0 pi_loss=-0.015 v_loss=2.066 ent=1.281 kl=0.0162
[upd  253 | steps  129536 | t   70.8s | sps  1830] ret_mean=47.000 ep_len=500.0 pi_loss=-0.013 v_loss=1.878 ent=1.084 kl=0.0194
[upd  254 | steps  130048 | t   70.9s | sps  1833] ret_mean=59.000 ep_len=500.0 pi_loss=-0.006 v_loss=1.819 ent=1.077 kl=0.0017
[upd  255 | steps  130560 | t   71.1s | sps  1837] ret_mean=36.500 ep_len=500.0 pi_loss=-0.005 v_loss=1.901 ent=1.105 kl=0.0043
[upd  256 | steps  131072 | t   71.2s | sps  1840] ret_mean=70.500 ep_len=500.0 pi_loss=-0.005 v_loss=2.219 ent=0.926 kl=0.0027
[upd  257 | steps  131584 | t   71.4s | sps  1844] ret_mean=20.500 ep_len=500.0 pi_loss=-0.004 v_loss=2.120 ent=1.118 kl=-0.0017
[upd  258 | steps  132096 | t   71.5s | sps  1847] ret_mean=58.500 ep_len=500.0 pi_loss=-0.013 v_loss=2.789 ent=1.030 kl=0.0143
[upd  259 | steps  132608 | t   71.7s | sps  1851] ret_mean=121.500 ep_len=500.0 pi_loss=-0.006 v_loss=2.020 ent=0.482 kl=0.0141
[upd  260 | steps  133120 | t   71.8s | sps  1854] ret_mean=137.000 ep_len=500.0 pi_loss=-0.005 v_loss=5.037 ent=0.370 kl=0.0186
[upd  261 | steps  133632 | t   72.0s | sps  1857] ret_mean=39.000 ep_len=500.0 pi_loss=-0.004 v_loss=2.019 ent=1.275 kl=0.0094
[upd  262 | steps  134144 | t   72.1s | sps  1860] ret_mean=90.500 ep_len=500.0 pi_loss=-0.001 v_loss=1.739 ent=0.526 kl=0.0007
[upd  263 | steps  134656 | t   72.3s | sps  1863] ret_mean=120.500 ep_len=500.0 pi_loss=-0.006 v_loss=2.561 ent=0.464 kl=0.0078
[upd  264 | steps  135168 | t   72.4s | sps  1867] ret_mean=88.500 ep_len=500.0 pi_loss=-0.007 v_loss=4.143 ent=0.680 kl=0.0063
[upd  265 | steps  135680 | t   72.6s | sps  1870] ret_mean=60.000 ep_len=500.0 pi_loss=-0.012 v_loss=4.993 ent=0.847 kl=0.0088
[upd  266 | steps  136192 | t   72.7s | sps  1873] ret_mean=178.000 ep_len=500.0 pi_loss=-0.005 v_loss=3.782 ent=0.324 kl=0.0076
[upd  267 | steps  136704 | t   72.9s | sps  1876] ret_mean=67.500 ep_len=500.0 pi_loss=-0.004 v_loss=1.966 ent=1.024 kl=0.0065
[upd  268 | steps  137216 | t   73.0s | sps  1879] ret_mean=112.500 ep_len=500.0 pi_loss=-0.010 v_loss=2.363 ent=0.514 kl=0.0125
[upd  269 | steps  137728 | t   73.2s | sps  1882] ret_mean=90.500 ep_len=500.0 pi_loss=-0.011 v_loss=3.608 ent=0.422 kl=0.0101
[upd  270 | steps  138240 | t   73.3s | sps  1886] ret_mean=129.000 ep_len=500.0 pi_loss=-0.002 v_loss=2.824 ent=0.333 kl=0.0048
[upd  271 | steps  138752 | t   73.5s | sps  1889] ret_mean=80.500 ep_len=500.0 pi_loss=-0.004 v_loss=4.921 ent=0.751 kl=-0.0007
[upd  272 | steps  139264 | t   73.6s | sps  1892] ret_mean=144.000 ep_len=500.0 pi_loss=-0.006 v_loss=2.570 ent=0.636 kl=0.0111
[upd  273 | steps  139776 | t   73.8s | sps  1895] ret_mean=0.000 ep_len=500.0 pi_loss=-0.010 v_loss=1.152 ent=0.852 kl=0.0022
[upd  274 | steps  140288 | t   73.9s | sps  1898] ret_mean=122.000 ep_len=500.0 pi_loss=-0.004 v_loss=1.852 ent=0.501 kl=0.0055
[upd  275 | steps  140800 | t   74.0s | sps  1902] ret_mean=50.000 ep_len=500.0 pi_loss=-0.007 v_loss=2.510 ent=0.772 kl=0.0044
        [eval] ret_mean=15.833 ep_len=500.0
[upd  276 | steps  141312 | t   77.6s | sps  1822] ret_mean=81.000 ep_len=500.0 pi_loss=-0.013 v_loss=3.095 ent=0.770 kl=0.0147
[upd  277 | steps  141824 | t   77.7s | sps  1825] ret_mean=82.500 ep_len=500.0 pi_loss=-0.003 v_loss=1.915 ent=0.705 kl=0.0007
[upd  278 | steps  142336 | t   77.8s | sps  1828] ret_mean=45.500 ep_len=500.0 pi_loss=-0.008 v_loss=3.626 ent=0.730 kl=0.0047
[upd  279 | steps  142848 | t   78.0s | sps  1832] ret_mean=110.500 ep_len=500.0 pi_loss=-0.010 v_loss=3.349 ent=0.299 kl=0.0128
[upd  280 | steps  143360 | t   78.1s | sps  1835] ret_mean=69.000 ep_len=500.0 pi_loss=-0.012 v_loss=2.414 ent=0.843 kl=0.0179
[upd  281 | steps  143872 | t   78.3s | sps  1838] ret_mean=52.500 ep_len=500.0 pi_loss=-0.008 v_loss=2.029 ent=0.864 kl=0.0044
[upd  282 | steps  144384 | t   78.4s | sps  1841] ret_mean=0.000 ep_len=500.0 pi_loss=-0.007 v_loss=1.467 ent=0.998 kl=0.0060
[upd  283 | steps  144896 | t   78.6s | sps  1844] ret_mean=137.000 ep_len=500.0 pi_loss=-0.003 v_loss=5.099 ent=0.268 kl=0.0032
[upd  284 | steps  145408 | t   78.7s | sps  1848] ret_mean=0.000 ep_len=500.0 pi_loss=-0.002 v_loss=1.587 ent=0.545 kl=0.0055
[upd  285 | steps  145920 | t   78.9s | sps  1851] ret_mean=0.000 ep_len=500.0 pi_loss=-0.013 v_loss=1.504 ent=0.682 kl=0.0031
[upd  286 | steps  146432 | t   79.0s | sps  1854] ret_mean=74.500 ep_len=500.0 pi_loss=-0.006 v_loss=2.114 ent=0.562 kl=0.0129
[upd  287 | steps  146944 | t   79.1s | sps  1857] ret_mean=123.500 ep_len=500.0 pi_loss=-0.004 v_loss=3.649 ent=0.231 kl=0.0060
[upd  288 | steps  147456 | t   79.3s | sps  1860] ret_mean=68.000 ep_len=500.0 pi_loss=-0.006 v_loss=1.799 ent=0.954 kl=0.0094
[upd  289 | steps  147968 | t   79.4s | sps  1863] ret_mean=115.000 ep_len=500.0 pi_loss=-0.012 v_loss=3.929 ent=0.289 kl=0.0100
[upd  290 | steps  148480 | t   79.6s | sps  1866] ret_mean=101.000 ep_len=500.0 pi_loss=-0.005 v_loss=4.444 ent=0.408 kl=0.0051
[upd  291 | steps  148992 | t   79.7s | sps  1869] ret_mean=123.000 ep_len=500.0 pi_loss=-0.007 v_loss=3.297 ent=0.361 kl=0.0117
[upd  292 | steps  149504 | t   79.8s | sps  1872] ret_mean=46.000 ep_len=500.0 pi_loss=-0.004 v_loss=2.519 ent=0.798 kl=0.0037
[upd  293 | steps  150016 | t   80.0s | sps  1875] ret_mean=0.000 ep_len=500.0 pi_loss=-0.007 v_loss=1.587 ent=0.771 kl=0.0121
[upd  294 | steps  150528 | t   80.1s | sps  1878] ret_mean=124.500 ep_len=500.0 pi_loss=-0.001 v_loss=2.138 ent=0.314 kl=0.0015
[upd  295 | steps  151040 | t   80.3s | sps  1881] ret_mean=48.500 ep_len=500.0 pi_loss=-0.007 v_loss=0.861 ent=0.896 kl=0.0065
[upd  296 | steps  151552 | t   80.4s | sps  1884] ret_mean=0.000 ep_len=500.0 pi_loss=-0.007 v_loss=0.782 ent=0.882 kl=0.0108
[upd  297 | steps  152064 | t   80.6s | sps  1887] ret_mean=0.000 ep_len=500.0 pi_loss=-0.008 v_loss=1.172 ent=0.642 kl=0.0020
[upd  298 | steps  152576 | t   80.7s | sps  1890] ret_mean=117.500 ep_len=500.0 pi_loss=-0.002 v_loss=3.011 ent=0.370 kl=0.0037
[upd  299 | steps  153088 | t   80.9s | sps  1893] ret_mean=79.000 ep_len=500.0 pi_loss=-0.004 v_loss=1.696 ent=0.813 kl=0.0002
[upd  300 | steps  153600 | t   81.0s | sps  1896] ret_mean=15.500 ep_len=500.0 pi_loss=-0.003 v_loss=6.462 ent=0.460 kl=0.0021
        [eval] ret_mean=14.483 ep_len=500.0
