$ /Users/praneelkhiantani/Downloads/cs2860/.venv/bin/python3 -m policies.train --env rware-tiny-2ag-easy-v2 --seed 0 --updates 200 --rollout 512 --eval-every 50 --eval-episodes 10 --log-dir matrix_results/intent_grounded_v1_pilot/rware-tiny-2ag-easy-v2 --run-name mappo-intent-aux__dropout-only__d0__s0 --n-msg-tokens 8 --message-grounding rware-intent --message-grounding-coef 0.2 --dropout --dropout-agent 0 --dropout-time 100 --shape-rewards --pickup-bonus 0.5

[env] EnvSpec(env_id='rware-tiny-2ag-easy-v2', n_agents=2, obs_dim=71, n_env_actions=5, noop_action=0, family='rware')  (n_msg_tokens=8)
[cfg] {'clip_range': 0.2, 'value_clip_range': 0.2, 'entropy_coef': 0.01, 'value_coef': 0.5, 'max_grad_norm': 0.5, 'gamma': 0.99, 'gae_lambda': 0.95, 'lr_actor': 0.0003, 'lr_critic': 0.001, 'update_epochs': 4, 'minibatches': 4, 'hidden': 128, 'depth': 2, 'device': 'cpu', 'message_grounding_coef': 0.2, 'extra': {}}
[log] writing to matrix_results/intent_grounded_v1_pilot/rware-tiny-2ag-easy-v2/mappo-intent-aux__dropout-only__d0__s0
[upd    1 | steps     512 | t    2.1s | sps   245] ret_mean=0.000 ep_len=500.0 pi_loss=-0.005 v_loss=0.011 ent=3.681 msg_acc=0.720 kl=0.0161
[upd    2 | steps    1024 | t    3.6s | sps   283] ret_mean=1.000 ep_len=500.0 pi_loss=0.006 v_loss=0.012 ent=3.629 msg_acc=0.628 kl=0.0025
[upd    3 | steps    1536 | t    5.3s | sps   288] ret_mean=0.000 ep_len=500.0 pi_loss=0.003 v_loss=0.008 ent=3.505 msg_acc=0.811 kl=0.0111
[upd    4 | steps    2048 | t    6.2s | sps   332] ret_mean=0.500 ep_len=500.0 pi_loss=0.001 v_loss=0.005 ent=3.308 msg_acc=0.786 kl=0.0191
[upd    5 | steps    2560 | t    8.0s | sps   320] ret_mean=0.000 ep_len=500.0 pi_loss=-0.008 v_loss=0.003 ent=3.366 msg_acc=0.754 kl=0.0216
[upd    6 | steps    3072 | t   10.3s | sps   297] ret_mean=0.000 ep_len=500.0 pi_loss=-0.009 v_loss=0.003 ent=3.234 msg_acc=0.546 kl=0.0094
[upd    7 | steps    3584 | t   12.3s | sps   291] ret_mean=0.000 ep_len=500.0 pi_loss=-0.006 v_loss=0.002 ent=3.380 msg_acc=0.518 kl=0.0003
[upd    8 | steps    4096 | t   13.4s | sps   305] ret_mean=1.500 ep_len=500.0 pi_loss=-0.007 v_loss=0.007 ent=3.315 msg_acc=0.429 kl=0.0102
[upd    9 | steps    4608 | t   14.1s | sps   327] ret_mean=0.000 ep_len=500.0 pi_loss=-0.005 v_loss=0.004 ent=3.217 msg_acc=0.256 kl=0.0206
[upd   10 | steps    5120 | t   14.7s | sps   348] ret_mean=0.500 ep_len=500.0 pi_loss=-0.010 v_loss=0.018 ent=3.398 msg_acc=0.224 kl=0.0172
[upd   11 | steps    5632 | t   15.7s | sps   358] ret_mean=3.000 ep_len=500.0 pi_loss=-0.002 v_loss=0.004 ent=3.374 msg_acc=0.029 kl=0.0191
[upd   12 | steps    6144 | t   17.7s | sps   347] ret_mean=1.000 ep_len=500.0 pi_loss=-0.004 v_loss=0.007 ent=3.328 msg_acc=0.189 kl=0.0114
[upd   13 | steps    6656 | t   18.5s | sps   361] ret_mean=1.000 ep_len=500.0 pi_loss=-0.003 v_loss=0.001 ent=3.171 msg_acc=0.585 kl=0.0203
[upd   14 | steps    7168 | t   19.1s | sps   375] ret_mean=0.500 ep_len=500.0 pi_loss=-0.008 v_loss=0.003 ent=3.399 msg_acc=0.466 kl=0.0009
[upd   15 | steps    7680 | t   20.0s | sps   383] ret_mean=0.000 ep_len=500.0 pi_loss=-0.013 v_loss=0.001 ent=3.268 msg_acc=0.570 kl=0.0129
[upd   16 | steps    8192 | t   21.1s | sps   389] ret_mean=0.000 ep_len=500.0 pi_loss=-0.005 v_loss=0.004 ent=3.138 msg_acc=0.609 kl=0.0153
[upd   17 | steps    8704 | t   22.1s | sps   394] ret_mean=1.000 ep_len=500.0 pi_loss=-0.001 v_loss=0.001 ent=2.843 msg_acc=0.861 kl=0.0246
[upd   18 | steps    9216 | t   22.8s | sps   404] ret_mean=0.000 ep_len=500.0 pi_loss=-0.003 v_loss=0.001 ent=2.918 msg_acc=0.769 kl=0.0093
[upd   19 | steps    9728 | t   23.5s | sps   414] ret_mean=0.000 ep_len=500.0 pi_loss=-0.011 v_loss=0.001 ent=2.769 msg_acc=0.668 kl=0.0045
[upd   20 | steps   10240 | t   24.1s | sps   425] ret_mean=0.000 ep_len=500.0 pi_loss=-0.010 v_loss=0.001 ent=2.687 msg_acc=0.812 kl=0.0133
[upd   21 | steps   10752 | t   24.7s | sps   435] ret_mean=0.000 ep_len=500.0 pi_loss=-0.017 v_loss=0.001 ent=2.702 msg_acc=0.735 kl=0.0160
[upd   22 | steps   11264 | t   25.4s | sps   444] ret_mean=0.000 ep_len=500.0 pi_loss=0.004 v_loss=0.000 ent=2.823 msg_acc=0.507 kl=0.0237
[upd   23 | steps   11776 | t   26.0s | sps   453] ret_mean=0.000 ep_len=500.0 pi_loss=-0.005 v_loss=0.001 ent=2.755 msg_acc=0.513 kl=0.0154
[upd   24 | steps   12288 | t   26.6s | sps   462] ret_mean=0.000 ep_len=500.0 pi_loss=-0.002 v_loss=0.005 ent=2.849 msg_acc=0.765 kl=0.0100
[upd   25 | steps   12800 | t   27.2s | sps   470] ret_mean=1.000 ep_len=500.0 pi_loss=-0.007 v_loss=0.006 ent=2.874 msg_acc=0.594 kl=0.0183
[upd   26 | steps   13312 | t   27.9s | sps   477] ret_mean=2.500 ep_len=500.0 pi_loss=-0.003 v_loss=0.004 ent=2.671 msg_acc=0.607 kl=0.0136
[upd   27 | steps   13824 | t   28.6s | sps   483] ret_mean=0.000 ep_len=500.0 pi_loss=-0.003 v_loss=0.001 ent=2.605 msg_acc=0.788 kl=0.0144
[upd   28 | steps   14336 | t   29.3s | sps   488] ret_mean=0.000 ep_len=500.0 pi_loss=-0.011 v_loss=0.001 ent=2.479 msg_acc=0.835 kl=0.0161
[upd   29 | steps   14848 | t   30.0s | sps   495] ret_mean=0.500 ep_len=500.0 pi_loss=-0.001 v_loss=0.001 ent=2.321 msg_acc=0.826 kl=0.0117
[upd   30 | steps   15360 | t   30.7s | sps   501] ret_mean=0.000 ep_len=500.0 pi_loss=-0.009 v_loss=0.001 ent=2.358 msg_acc=0.700 kl=0.0081
[upd   31 | steps   15872 | t   31.3s | sps   507] ret_mean=0.000 ep_len=500.0 pi_loss=-0.013 v_loss=0.005 ent=2.534 msg_acc=0.637 kl=-0.0027
[upd   32 | steps   16384 | t   31.9s | sps   514] ret_mean=1.000 ep_len=500.0 pi_loss=-0.005 v_loss=0.012 ent=2.797 msg_acc=0.437 kl=0.0186
[upd   33 | steps   16896 | t   32.5s | sps   520] ret_mean=5.000 ep_len=500.0 pi_loss=-0.007 v_loss=0.026 ent=2.615 msg_acc=0.483 kl=0.0092
[upd   34 | steps   17408 | t   33.3s | sps   522] ret_mean=0.000 ep_len=500.0 pi_loss=0.005 v_loss=0.034 ent=3.068 msg_acc=0.527 kl=0.0431
[upd   35 | steps   17920 | t   34.0s | sps   527] ret_mean=3.500 ep_len=500.0 pi_loss=-0.011 v_loss=0.001 ent=2.606 msg_acc=0.787 kl=0.0058
[upd   36 | steps   18432 | t   34.6s | sps   532] ret_mean=0.000 ep_len=500.0 pi_loss=-0.014 v_loss=0.035 ent=1.995 msg_acc=0.845 kl=0.0093
[upd   37 | steps   18944 | t   35.2s | sps   538] ret_mean=3.000 ep_len=500.0 pi_loss=-0.010 v_loss=0.025 ent=2.362 msg_acc=0.488 kl=0.0227
[upd   38 | steps   19456 | t   35.9s | sps   543] ret_mean=3.500 ep_len=500.0 pi_loss=-0.007 v_loss=0.003 ent=2.827 msg_acc=0.708 kl=0.0095
[upd   39 | steps   19968 | t   36.5s | sps   548] ret_mean=0.000 ep_len=500.0 pi_loss=-0.001 v_loss=0.001 ent=2.728 msg_acc=0.540 kl=0.0097
[upd   40 | steps   20480 | t   37.2s | sps   551] ret_mean=0.000 ep_len=500.0 pi_loss=-0.016 v_loss=0.103 ent=2.832 msg_acc=0.686 kl=0.0053
[upd   41 | steps   20992 | t   37.8s | sps   555] ret_mean=6.500 ep_len=500.0 pi_loss=-0.011 v_loss=0.022 ent=2.476 msg_acc=0.694 kl=0.0028
[upd   42 | steps   21504 | t   38.4s | sps   560] ret_mean=2.500 ep_len=500.0 pi_loss=-0.008 v_loss=0.023 ent=2.186 msg_acc=0.581 kl=0.0057
[upd   43 | steps   22016 | t   39.0s | sps   564] ret_mean=0.000 ep_len=500.0 pi_loss=0.005 v_loss=0.002 ent=3.148 msg_acc=0.140 kl=0.0380
[upd   44 | steps   22528 | t   39.6s | sps   568] ret_mean=0.000 ep_len=500.0 pi_loss=-0.008 v_loss=0.042 ent=2.194 msg_acc=0.795 kl=0.0011
[upd   45 | steps   23040 | t   40.3s | sps   572] ret_mean=4.000 ep_len=500.0 pi_loss=-0.018 v_loss=0.002 ent=1.874 msg_acc=0.816 kl=0.0170
[upd   46 | steps   23552 | t   40.9s | sps   576] ret_mean=14.000 ep_len=500.0 pi_loss=0.001 v_loss=0.257 ent=2.859 msg_acc=0.219 kl=0.0163
[upd   47 | steps   24064 | t   41.5s | sps   580] ret_mean=0.500 ep_len=500.0 pi_loss=0.002 v_loss=0.004 ent=2.763 msg_acc=0.426 kl=0.0117
[upd   48 | steps   24576 | t   42.1s | sps   583] ret_mean=0.000 ep_len=500.0 pi_loss=0.002 v_loss=0.003 ent=2.957 msg_acc=0.304 kl=0.0102
[upd   49 | steps   25088 | t   42.8s | sps   586] ret_mean=0.000 ep_len=500.0 pi_loss=0.003 v_loss=0.001 ent=2.515 msg_acc=0.595 kl=0.0120
[upd   50 | steps   25600 | t   43.8s | sps   585] ret_mean=0.000 ep_len=500.0 pi_loss=-0.006 v_loss=0.001 ent=2.322 msg_acc=0.885 kl=0.0156
        [eval] ret_mean=0.000 ep_len=500.0
[upd   51 | steps   26112 | t   50.0s | sps   522] ret_mean=0.000 ep_len=500.0 pi_loss=-0.003 v_loss=0.001 ent=2.418 msg_acc=0.549 kl=0.0141
[upd   52 | steps   26624 | t   51.0s | sps   522] ret_mean=0.000 ep_len=500.0 pi_loss=-0.011 v_loss=0.000 ent=1.931 msg_acc=0.826 kl=0.0217
[upd   53 | steps   27136 | t   51.9s | sps   523] ret_mean=0.000 ep_len=500.0 pi_loss=-0.009 v_loss=0.000 ent=2.415 msg_acc=0.496 kl=0.0191
[upd   54 | steps   27648 | t   52.5s | sps   526] ret_mean=0.000 ep_len=500.0 pi_loss=-0.004 v_loss=0.001 ent=2.010 msg_acc=0.766 kl=0.0054
[upd   55 | steps   28160 | t   53.4s | sps   528] ret_mean=0.000 ep_len=500.0 pi_loss=-0.008 v_loss=0.177 ent=1.275 msg_acc=0.793 kl=0.0047
[upd   56 | steps   28672 | t   54.1s | sps   530] ret_mean=8.500 ep_len=500.0 pi_loss=-0.008 v_loss=0.002 ent=2.134 msg_acc=0.514 kl=0.0184
[upd   57 | steps   29184 | t   54.8s | sps   532] ret_mean=0.500 ep_len=500.0 pi_loss=0.001 v_loss=0.001 ent=2.381 msg_acc=0.212 kl=0.0398
[upd   58 | steps   29696 | t   55.5s | sps   535] ret_mean=0.000 ep_len=500.0 pi_loss=-0.006 v_loss=0.000 ent=1.936 msg_acc=0.784 kl=0.0111
[upd   59 | steps   30208 | t   56.5s | sps   534] ret_mean=0.000 ep_len=500.0 pi_loss=-0.009 v_loss=0.001 ent=2.037 msg_acc=0.695 kl=0.0098
[upd   60 | steps   30720 | t   57.6s | sps   533] ret_mean=0.000 ep_len=500.0 pi_loss=-0.010 v_loss=0.000 ent=2.135 msg_acc=0.964 kl=0.0079
[upd   61 | steps   31232 | t   58.3s | sps   536] ret_mean=16.500 ep_len=500.0 pi_loss=-0.003 v_loss=0.555 ent=2.353 msg_acc=0.400 kl=0.0246
[upd   62 | steps   31744 | t   58.9s | sps   539] ret_mean=11.500 ep_len=500.0 pi_loss=-0.002 v_loss=0.093 ent=2.483 msg_acc=0.699 kl=0.0040
[upd   63 | steps   32256 | t   59.9s | sps   538] ret_mean=0.000 ep_len=500.0 pi_loss=-0.005 v_loss=0.001 ent=2.229 msg_acc=0.439 kl=0.0073
[upd   64 | steps   32768 | t   61.9s | sps   530] ret_mean=0.000 ep_len=500.0 pi_loss=-0.005 v_loss=0.001 ent=1.929 msg_acc=0.613 kl=0.0086
[upd   65 | steps   33280 | t   62.9s | sps   529] ret_mean=0.500 ep_len=500.0 pi_loss=-0.007 v_loss=0.001 ent=2.675 msg_acc=0.563 kl=0.0009
[upd   66 | steps   33792 | t   64.6s | sps   523] ret_mean=0.000 ep_len=500.0 pi_loss=-0.003 v_loss=0.001 ent=2.537 msg_acc=0.783 kl=0.0138
[upd   67 | steps   34304 | t   65.4s | sps   524] ret_mean=0.000 ep_len=500.0 pi_loss=0.009 v_loss=0.057 ent=2.697 msg_acc=0.226 kl=0.0198
[upd   68 | steps   34816 | t   66.8s | sps   521] ret_mean=4.500 ep_len=500.0 pi_loss=0.001 v_loss=0.003 ent=2.470 msg_acc=0.197 kl=0.0476
[upd   69 | steps   35328 | t   67.7s | sps   522] ret_mean=0.000 ep_len=500.0 pi_loss=-0.004 v_loss=0.001 ent=2.325 msg_acc=0.690 kl=0.0173
[upd   70 | steps   35840 | t   68.6s | sps   522] ret_mean=8.500 ep_len=500.0 pi_loss=0.005 v_loss=0.360 ent=2.507 msg_acc=0.180 kl=0.0219
[upd   71 | steps   36352 | t   69.4s | sps   524] ret_mean=28.500 ep_len=500.0 pi_loss=0.001 v_loss=0.851 ent=2.512 msg_acc=0.304 kl=0.0148
[upd   72 | steps   36864 | t   71.3s | sps   517] ret_mean=6.500 ep_len=500.0 pi_loss=-0.012 v_loss=0.018 ent=1.874 msg_acc=0.925 kl=0.0071
[upd   73 | steps   37376 | t   72.4s | sps   516] ret_mean=2.000 ep_len=500.0 pi_loss=-0.007 v_loss=0.374 ent=2.106 msg_acc=0.773 kl=0.0250
[upd   74 | steps   37888 | t   73.2s | sps   518] ret_mean=12.500 ep_len=500.0 pi_loss=-0.009 v_loss=0.003 ent=2.422 msg_acc=0.484 kl=0.0095
[upd   75 | steps   38400 | t   74.1s | sps   518] ret_mean=6.000 ep_len=500.0 pi_loss=0.003 v_loss=0.128 ent=2.612 msg_acc=0.561 kl=0.0299
[upd   76 | steps   38912 | t   75.1s | sps   518] ret_mean=0.000 ep_len=500.0 pi_loss=-0.011 v_loss=0.031 ent=2.364 msg_acc=0.358 kl=0.0039
[upd   77 | steps   39424 | t   76.0s | sps   519] ret_mean=3.000 ep_len=500.0 pi_loss=-0.007 v_loss=0.286 ent=2.027 msg_acc=0.582 kl=0.0095
[upd   78 | steps   39936 | t   76.7s | sps   520] ret_mean=15.500 ep_len=500.0 pi_loss=-0.001 v_loss=0.393 ent=2.112 msg_acc=0.445 kl=0.0122
[upd   79 | steps   40448 | t   77.6s | sps   521] ret_mean=16.000 ep_len=500.0 pi_loss=-0.008 v_loss=0.162 ent=2.338 msg_acc=0.384 kl=0.0207
[upd   80 | steps   40960 | t   78.3s | sps   523] ret_mean=5.000 ep_len=500.0 pi_loss=-0.004 v_loss=1.135 ent=2.367 msg_acc=0.277 kl=0.0290
[upd   81 | steps   41472 | t   78.9s | sps   525] ret_mean=44.500 ep_len=500.0 pi_loss=-0.004 v_loss=0.340 ent=2.189 msg_acc=0.654 kl=0.0041
[upd   82 | steps   41984 | t   79.6s | sps   527] ret_mean=0.000 ep_len=500.0 pi_loss=-0.011 v_loss=0.461 ent=1.666 msg_acc=0.905 kl=0.0016
[upd   83 | steps   42496 | t   80.3s | sps   529] ret_mean=16.000 ep_len=500.0 pi_loss=0.007 v_loss=0.033 ent=2.276 msg_acc=0.439 kl=0.0128
[upd   84 | steps   43008 | t   81.0s | sps   531] ret_mean=2.500 ep_len=500.0 pi_loss=-0.013 v_loss=0.006 ent=1.874 msg_acc=0.673 kl=0.0177
[upd   85 | steps   43520 | t   81.8s | sps   532] ret_mean=0.000 ep_len=500.0 pi_loss=0.003 v_loss=0.006 ent=2.249 msg_acc=0.442 kl=0.0102
[upd   86 | steps   44032 | t   82.9s | sps   531] ret_mean=0.000 ep_len=500.0 pi_loss=-0.006 v_loss=1.344 ent=2.303 msg_acc=0.309 kl=0.0164
[upd   87 | steps   44544 | t   83.6s | sps   533] ret_mean=37.000 ep_len=500.0 pi_loss=-0.005 v_loss=0.009 ent=1.584 msg_acc=0.833 kl=0.0132
[upd   88 | steps   45056 | t   84.2s | sps   535] ret_mean=0.000 ep_len=500.0 pi_loss=-0.014 v_loss=0.003 ent=1.315 msg_acc=0.849 kl=0.0109
[upd   89 | steps   45568 | t   84.9s | sps   537] ret_mean=0.000 ep_len=500.0 pi_loss=-0.002 v_loss=0.005 ent=2.597 msg_acc=0.736 kl=0.0080
[upd   90 | steps   46080 | t   85.6s | sps   539] ret_mean=0.000 ep_len=500.0 pi_loss=-0.010 v_loss=0.051 ent=1.653 msg_acc=0.807 kl=-0.0007
[upd   91 | steps   46592 | t   86.2s | sps   540] ret_mean=3.000 ep_len=500.0 pi_loss=-0.009 v_loss=0.002 ent=1.395 msg_acc=0.960 kl=0.0113
[upd   92 | steps   47104 | t   86.9s | sps   542] ret_mean=2.750 ep_len=500.0 pi_loss=0.000 v_loss=0.105 ent=2.176 msg_acc=0.543 kl=0.0082
[upd   93 | steps   47616 | t   87.5s | sps   544] ret_mean=0.000 ep_len=500.0 pi_loss=-0.019 v_loss=0.002 ent=1.503 msg_acc=0.771 kl=0.0115
[upd   94 | steps   48128 | t   88.2s | sps   546] ret_mean=0.000 ep_len=500.0 pi_loss=-0.004 v_loss=0.003 ent=1.522 msg_acc=0.742 kl=0.0093
[upd   95 | steps   48640 | t   88.9s | sps   547] ret_mean=0.000 ep_len=500.0 pi_loss=-0.008 v_loss=0.001 ent=2.117 msg_acc=0.598 kl=0.0078
[upd   96 | steps   49152 | t   89.6s | sps   549] ret_mean=0.000 ep_len=500.0 pi_loss=-0.013 v_loss=0.001 ent=1.794 msg_acc=0.842 kl=0.0123
[upd   97 | steps   49664 | t   90.3s | sps   550] ret_mean=0.000 ep_len=500.0 pi_loss=-0.015 v_loss=0.001 ent=1.494 msg_acc=0.798 kl=0.0225
[upd   98 | steps   50176 | t   90.9s | sps   552] ret_mean=0.000 ep_len=500.0 pi_loss=-0.008 v_loss=0.001 ent=1.795 msg_acc=0.799 kl=0.0315
[upd   99 | steps   50688 | t   91.7s | sps   553] ret_mean=0.000 ep_len=500.0 pi_loss=-0.010 v_loss=0.001 ent=1.417 msg_acc=0.840 kl=0.0136
[upd  100 | steps   51200 | t   93.1s | sps   550] ret_mean=0.000 ep_len=500.0 pi_loss=-0.010 v_loss=0.000 ent=1.655 msg_acc=0.920 kl=0.0141
        [eval] ret_mean=12.600 ep_len=500.0
[upd  101 | steps   51712 | t   99.1s | sps   522] ret_mean=8.000 ep_len=500.0 pi_loss=-0.008 v_loss=0.201 ent=1.751 msg_acc=0.735 kl=-0.0026
[upd  102 | steps   52224 | t   99.7s | sps   524] ret_mean=1.500 ep_len=500.0 pi_loss=0.002 v_loss=0.018 ent=2.232 msg_acc=0.308 kl=0.0353
[upd  103 | steps   52736 | t  100.3s | sps   526] ret_mean=0.000 ep_len=500.0 pi_loss=0.007 v_loss=0.002 ent=2.189 msg_acc=0.746 kl=0.0170
[upd  104 | steps   53248 | t  100.9s | sps   528] ret_mean=0.000 ep_len=500.0 pi_loss=-0.010 v_loss=0.005 ent=2.103 msg_acc=0.847 kl=0.0107
[upd  105 | steps   53760 | t  101.5s | sps   529] ret_mean=2.000 ep_len=500.0 pi_loss=-0.008 v_loss=0.252 ent=2.120 msg_acc=0.564 kl=0.0073
[upd  106 | steps   54272 | t  102.2s | sps   531] ret_mean=18.000 ep_len=500.0 pi_loss=-0.006 v_loss=0.128 ent=2.551 msg_acc=0.296 kl=0.0208
[upd  107 | steps   54784 | t  102.8s | sps   533] ret_mean=0.000 ep_len=500.0 pi_loss=-0.010 v_loss=0.014 ent=1.560 msg_acc=0.739 kl=0.0048
[upd  108 | steps   55296 | t  103.5s | sps   534] ret_mean=1.500 ep_len=500.0 pi_loss=-0.007 v_loss=0.255 ent=1.685 msg_acc=0.701 kl=0.0028
[upd  109 | steps   55808 | t  104.2s | sps   536] ret_mean=9.500 ep_len=500.0 pi_loss=-0.016 v_loss=0.019 ent=2.211 msg_acc=0.636 kl=0.0184
[upd  110 | steps   56320 | t  105.1s | sps   536] ret_mean=4.000 ep_len=500.0 pi_loss=0.017 v_loss=0.006 ent=1.931 msg_acc=0.143 kl=0.0509
[upd  111 | steps   56832 | t  105.8s | sps   537] ret_mean=0.000 ep_len=500.0 pi_loss=-0.001 v_loss=0.054 ent=2.545 msg_acc=0.511 kl=0.0159
[upd  112 | steps   57344 | t  106.6s | sps   538] ret_mean=4.000 ep_len=500.0 pi_loss=-0.003 v_loss=0.002 ent=2.470 msg_acc=0.429 kl=0.0216
[upd  113 | steps   57856 | t  107.2s | sps   540] ret_mean=0.000 ep_len=500.0 pi_loss=-0.011 v_loss=0.002 ent=2.627 msg_acc=0.584 kl=0.0243
[upd  114 | steps   58368 | t  107.9s | sps   541] ret_mean=0.000 ep_len=500.0 pi_loss=-0.006 v_loss=0.123 ent=1.783 msg_acc=0.651 kl=0.0141
[upd  115 | steps   58880 | t  109.1s | sps   540] ret_mean=6.000 ep_len=500.0 pi_loss=-0.002 v_loss=0.025 ent=2.572 msg_acc=0.347 kl=0.0083
[upd  116 | steps   59392 | t  110.1s | sps   540] ret_mean=2.000 ep_len=500.0 pi_loss=-0.007 v_loss=0.010 ent=2.674 msg_acc=0.399 kl=0.0117
[upd  117 | steps   59904 | t  110.8s | sps   541] ret_mean=26.000 ep_len=500.0 pi_loss=-0.003 v_loss=2.628 ent=2.215 msg_acc=0.306 kl=0.0192
[upd  118 | steps   60416 | t  111.4s | sps   542] ret_mean=64.000 ep_len=500.0 pi_loss=-0.007 v_loss=0.945 ent=2.061 msg_acc=0.587 kl=0.0119
[upd  119 | steps   60928 | t  112.2s | sps   543] ret_mean=0.000 ep_len=500.0 pi_loss=-0.006 v_loss=0.004 ent=1.922 msg_acc=0.747 kl=0.0188
[upd  120 | steps   61440 | t  115.4s | sps   532] ret_mean=0.000 ep_len=500.0 pi_loss=-0.011 v_loss=0.004 ent=2.662 msg_acc=0.547 kl=0.0112
[upd  121 | steps   61952 | t  117.1s | sps   529] ret_mean=0.000 ep_len=500.0 pi_loss=-0.004 v_loss=0.004 ent=2.100 msg_acc=0.816 kl=0.0068
[upd  122 | steps   62464 | t  117.8s | sps   530] ret_mean=0.000 ep_len=500.0 pi_loss=-0.005 v_loss=0.002 ent=1.765 msg_acc=0.798 kl=0.0019
[upd  123 | steps   62976 | t  118.4s | sps   532] ret_mean=0.000 ep_len=500.0 pi_loss=-0.009 v_loss=0.100 ent=1.621 msg_acc=0.663 kl=0.0040
[upd  124 | steps   63488 | t  119.1s | sps   533] ret_mean=7.500 ep_len=500.0 pi_loss=-0.015 v_loss=0.398 ent=1.888 msg_acc=0.605 kl=0.0014
[upd  125 | steps   64000 | t  119.9s | sps   534] ret_mean=11.500 ep_len=500.0 pi_loss=-0.013 v_loss=0.005 ent=1.588 msg_acc=0.732 kl=0.0077
[upd  126 | steps   64512 | t  120.5s | sps   535] ret_mean=0.000 ep_len=500.0 pi_loss=-0.013 v_loss=0.003 ent=1.627 msg_acc=0.689 kl=0.0155
[upd  127 | steps   65024 | t  121.2s | sps   536] ret_mean=0.000 ep_len=500.0 pi_loss=-0.007 v_loss=0.002 ent=1.638 msg_acc=0.681 kl=0.0088
[upd  128 | steps   65536 | t  121.9s | sps   537] ret_mean=0.000 ep_len=500.0 pi_loss=-0.009 v_loss=0.008 ent=1.811 msg_acc=0.810 kl=0.0013
[upd  129 | steps   66048 | t  122.6s | sps   539] ret_mean=1.000 ep_len=500.0 pi_loss=-0.014 v_loss=0.000 ent=1.137 msg_acc=0.908 kl=0.0084
[upd  130 | steps   66560 | t  123.3s | sps   540] ret_mean=0.000 ep_len=500.0 pi_loss=-0.000 v_loss=1.078 ent=1.757 msg_acc=0.547 kl=0.0151
[upd  131 | steps   67072 | t  124.0s | sps   541] ret_mean=34.500 ep_len=500.0 pi_loss=-0.011 v_loss=0.004 ent=1.353 msg_acc=0.794 kl=0.0108
[upd  132 | steps   67584 | t  124.9s | sps   541] ret_mean=0.000 ep_len=500.0 pi_loss=-0.008 v_loss=0.018 ent=1.321 msg_acc=0.806 kl=0.0094
[upd  133 | steps   68096 | t  125.7s | sps   542] ret_mean=2.500 ep_len=500.0 pi_loss=-0.014 v_loss=0.008 ent=1.464 msg_acc=0.703 kl=0.0088
[upd  134 | steps   68608 | t  126.5s | sps   542] ret_mean=0.000 ep_len=500.0 pi_loss=-0.004 v_loss=0.567 ent=2.207 msg_acc=0.299 kl=0.0036
[upd  135 | steps   69120 | t  127.5s | sps   542] ret_mean=38.000 ep_len=500.0 pi_loss=-0.001 v_loss=1.109 ent=2.171 msg_acc=0.322 kl=0.0186
[upd  136 | steps   69632 | t  129.0s | sps   540] ret_mean=28.500 ep_len=500.0 pi_loss=-0.013 v_loss=0.623 ent=1.504 msg_acc=0.785 kl=-0.0056
[upd  137 | steps   70144 | t  130.2s | sps   539] ret_mean=17.000 ep_len=500.0 pi_loss=-0.000 v_loss=0.007 ent=2.434 msg_acc=0.442 kl=0.0147
[upd  138 | steps   70656 | t  131.7s | sps   536] ret_mean=4.000 ep_len=500.0 pi_loss=-0.003 v_loss=1.754 ent=2.001 msg_acc=0.275 kl=0.0072
[upd  139 | steps   71168 | t  132.6s | sps   537] ret_mean=40.000 ep_len=500.0 pi_loss=-0.013 v_loss=0.006 ent=1.400 msg_acc=0.805 kl=0.0090
[upd  140 | steps   71680 | t  133.2s | sps   538] ret_mean=0.000 ep_len=500.0 pi_loss=-0.010 v_loss=0.081 ent=1.305 msg_acc=0.810 kl=0.0047
[upd  141 | steps   72192 | t  133.8s | sps   539] ret_mean=5.500 ep_len=500.0 pi_loss=-0.006 v_loss=1.555 ent=1.812 msg_acc=0.450 kl=0.0081
[upd  142 | steps   72704 | t  134.5s | sps   541] ret_mean=25.500 ep_len=500.0 pi_loss=0.034 v_loss=0.115 ent=1.851 msg_acc=0.301 kl=0.0898
[upd  143 | steps   73216 | t  135.2s | sps   541] ret_mean=0.000 ep_len=500.0 pi_loss=-0.013 v_loss=0.029 ent=1.772 msg_acc=0.847 kl=0.0162
[upd  144 | steps   73728 | t  136.0s | sps   542] ret_mean=0.000 ep_len=500.0 pi_loss=-0.013 v_loss=0.005 ent=1.455 msg_acc=0.812 kl=0.0034
[upd  145 | steps   74240 | t  136.7s | sps   543] ret_mean=98.500 ep_len=500.0 pi_loss=-0.003 v_loss=4.428 ent=1.698 msg_acc=0.909 kl=0.0265
[upd  146 | steps   74752 | t  137.6s | sps   543] ret_mean=0.000 ep_len=500.0 pi_loss=-0.000 v_loss=0.030 ent=2.120 msg_acc=0.536 kl=0.0209
[upd  147 | steps   75264 | t  138.4s | sps   544] ret_mean=0.000 ep_len=500.0 pi_loss=-0.006 v_loss=0.040 ent=1.776 msg_acc=0.749 kl=0.0080
[upd  148 | steps   75776 | t  139.1s | sps   545] ret_mean=81.500 ep_len=500.0 pi_loss=0.000 v_loss=3.661 ent=1.973 msg_acc=0.524 kl=0.0340
[upd  149 | steps   76288 | t  139.7s | sps   546] ret_mean=0.000 ep_len=500.0 pi_loss=-0.001 v_loss=0.014 ent=1.856 msg_acc=0.725 kl=0.0121
[upd  150 | steps   76800 | t  140.3s | sps   547] ret_mean=0.000 ep_len=500.0 pi_loss=-0.011 v_loss=0.012 ent=1.643 msg_acc=0.800 kl=0.0125
        [eval] ret_mean=14.950 ep_len=500.0
[upd  151 | steps   77312 | t  146.8s | sps   527] ret_mean=0.000 ep_len=500.0 pi_loss=-0.011 v_loss=0.004 ent=1.715 msg_acc=0.722 kl=0.0118
[upd  152 | steps   77824 | t  147.4s | sps   528] ret_mean=0.000 ep_len=500.0 pi_loss=-0.013 v_loss=0.002 ent=1.502 msg_acc=0.859 kl=0.0043
[upd  153 | steps   78336 | t  148.1s | sps   529] ret_mean=0.000 ep_len=500.0 pi_loss=-0.015 v_loss=0.001 ent=1.474 msg_acc=0.934 kl=0.0272
[upd  154 | steps   78848 | t  148.8s | sps   530] ret_mean=0.000 ep_len=500.0 pi_loss=-0.005 v_loss=0.002 ent=2.007 msg_acc=0.549 kl=0.0250
[upd  155 | steps   79360 | t  149.6s | sps   531] ret_mean=3.000 ep_len=500.0 pi_loss=-0.019 v_loss=0.041 ent=1.447 msg_acc=0.833 kl=-0.0023
[upd  156 | steps   79872 | t  150.3s | sps   532] ret_mean=0.000 ep_len=500.0 pi_loss=-0.003 v_loss=0.043 ent=1.859 msg_acc=0.813 kl=0.0115
[upd  157 | steps   80384 | t  151.0s | sps   532] ret_mean=2.500 ep_len=500.0 pi_loss=0.034 v_loss=0.003 ent=2.018 msg_acc=0.108 kl=0.1540
[upd  158 | steps   80896 | t  151.7s | sps   533] ret_mean=37.000 ep_len=500.0 pi_loss=0.001 v_loss=1.591 ent=2.050 msg_acc=0.555 kl=0.0304
[upd  159 | steps   81408 | t  152.3s | sps   535] ret_mean=3.500 ep_len=500.0 pi_loss=-0.009 v_loss=0.003 ent=2.007 msg_acc=0.569 kl=0.0204
[upd  160 | steps   81920 | t  152.9s | sps   536] ret_mean=0.500 ep_len=500.0 pi_loss=-0.008 v_loss=0.002 ent=1.641 msg_acc=0.765 kl=0.0072
[upd  161 | steps   82432 | t  153.5s | sps   537] ret_mean=0.000 ep_len=500.0 pi_loss=-0.010 v_loss=0.000 ent=1.437 msg_acc=0.951 kl=0.0225
[upd  162 | steps   82944 | t  154.2s | sps   538] ret_mean=0.000 ep_len=500.0 pi_loss=-0.017 v_loss=0.001 ent=1.620 msg_acc=0.802 kl=0.0072
[upd  163 | steps   83456 | t  155.0s | sps   538] ret_mean=0.000 ep_len=500.0 pi_loss=-0.006 v_loss=0.008 ent=1.489 msg_acc=0.816 kl=0.0052
[upd  164 | steps   83968 | t  155.7s | sps   539] ret_mean=1.500 ep_len=500.0 pi_loss=-0.011 v_loss=0.087 ent=1.445 msg_acc=0.832 kl=0.0138
[upd  165 | steps   84480 | t  156.3s | sps   541] ret_mean=4.500 ep_len=500.0 pi_loss=-0.010 v_loss=0.038 ent=1.689 msg_acc=0.703 kl=0.0184
[upd  166 | steps   84992 | t  156.9s | sps   542] ret_mean=33.000 ep_len=500.0 pi_loss=0.003 v_loss=1.162 ent=1.984 msg_acc=0.308 kl=0.0201
[upd  167 | steps   85504 | t  157.5s | sps   543] ret_mean=43.000 ep_len=500.0 pi_loss=0.000 v_loss=1.263 ent=1.806 msg_acc=0.329 kl=0.0126
[upd  168 | steps   86016 | t  158.4s | sps   543] ret_mean=0.000 ep_len=500.0 pi_loss=-0.005 v_loss=0.008 ent=1.966 msg_acc=0.601 kl=0.0102
[upd  169 | steps   86528 | t  159.2s | sps   544] ret_mean=22.000 ep_len=500.0 pi_loss=-0.005 v_loss=0.962 ent=2.139 msg_acc=0.447 kl=0.0042
[upd  170 | steps   87040 | t  160.0s | sps   544] ret_mean=13.000 ep_len=500.0 pi_loss=-0.004 v_loss=0.012 ent=1.699 msg_acc=0.879 kl=0.0046
[upd  171 | steps   87552 | t  161.0s | sps   544] ret_mean=0.000 ep_len=500.0 pi_loss=-0.013 v_loss=0.002 ent=1.789 msg_acc=0.976 kl=0.0178
[upd  172 | steps   88064 | t  161.8s | sps   544] ret_mean=0.000 ep_len=500.0 pi_loss=-0.007 v_loss=0.274 ent=2.346 msg_acc=0.269 kl=0.0112
[upd  173 | steps   88576 | t  162.6s | sps   545] ret_mean=13.500 ep_len=500.0 pi_loss=-0.009 v_loss=0.005 ent=1.673 msg_acc=0.634 kl=0.0098
[upd  174 | steps   89088 | t  163.5s | sps   545] ret_mean=0.000 ep_len=500.0 pi_loss=-0.008 v_loss=0.208 ent=2.041 msg_acc=0.525 kl=0.0141
[upd  175 | steps   89600 | t  164.5s | sps   545] ret_mean=13.000 ep_len=500.0 pi_loss=-0.009 v_loss=0.725 ent=1.697 msg_acc=0.551 kl=0.0015
[upd  176 | steps   90112 | t  165.2s | sps   545] ret_mean=20.500 ep_len=500.0 pi_loss=-0.009 v_loss=0.098 ent=1.883 msg_acc=0.522 kl=0.0087
[upd  177 | steps   90624 | t  166.1s | sps   546] ret_mean=9.000 ep_len=500.0 pi_loss=-0.005 v_loss=0.056 ent=1.491 msg_acc=0.854 kl=0.0096
[upd  178 | steps   91136 | t  167.1s | sps   545] ret_mean=0.000 ep_len=500.0 pi_loss=-0.016 v_loss=0.234 ent=1.443 msg_acc=0.843 kl=-0.0011
[upd  179 | steps   91648 | t  168.3s | sps   545] ret_mean=8.000 ep_len=500.0 pi_loss=-0.003 v_loss=0.622 ent=1.707 msg_acc=0.585 kl=0.0135
[upd  180 | steps   92160 | t  169.4s | sps   544] ret_mean=16.000 ep_len=500.0 pi_loss=-0.009 v_loss=0.675 ent=1.272 msg_acc=0.882 kl=0.0024
[upd  181 | steps   92672 | t  171.8s | sps   539] ret_mean=18.500 ep_len=500.0 pi_loss=-0.001 v_loss=3.167 ent=1.660 msg_acc=0.511 kl=0.0062
[upd  182 | steps   93184 | t  172.8s | sps   539] ret_mean=48.000 ep_len=500.0 pi_loss=-0.005 v_loss=1.376 ent=2.026 msg_acc=0.321 kl=0.0142
[upd  183 | steps   93696 | t  173.9s | sps   539] ret_mean=58.500 ep_len=500.0 pi_loss=0.019 v_loss=5.152 ent=1.386 msg_acc=0.161 kl=0.0292
[upd  184 | steps   94208 | t  174.9s | sps   539] ret_mean=118.500 ep_len=500.0 pi_loss=0.012 v_loss=2.175 ent=1.845 msg_acc=0.423 kl=0.0304
[upd  185 | steps   94720 | t  175.7s | sps   539] ret_mean=59.000 ep_len=500.0 pi_loss=-0.005 v_loss=3.544 ent=1.708 msg_acc=0.647 kl=0.0141
[upd  186 | steps   95232 | t  176.5s | sps   540] ret_mean=93.000 ep_len=500.0 pi_loss=-0.010 v_loss=1.049 ent=1.601 msg_acc=0.803 kl=0.0105
[upd  187 | steps   95744 | t  177.4s | sps   540] ret_mean=21.500 ep_len=500.0 pi_loss=-0.001 v_loss=3.634 ent=1.499 msg_acc=0.858 kl=0.0188
[upd  188 | steps   96256 | t  178.2s | sps   540] ret_mean=109.500 ep_len=500.0 pi_loss=-0.001 v_loss=1.076 ent=1.484 msg_acc=0.633 kl=0.0065
[upd  189 | steps   96768 | t  180.0s | sps   538] ret_mean=23.500 ep_len=500.0 pi_loss=-0.006 v_loss=1.910 ent=1.825 msg_acc=0.553 kl=0.0177
[upd  190 | steps   97280 | t  183.3s | sps   531] ret_mean=53.500 ep_len=500.0 pi_loss=-0.009 v_loss=0.333 ent=1.714 msg_acc=0.799 kl=-0.0018
[upd  191 | steps   97792 | t  184.7s | sps   529] ret_mean=11.000 ep_len=500.0 pi_loss=-0.006 v_loss=1.568 ent=1.659 msg_acc=0.702 kl=0.0100
[upd  192 | steps   98304 | t  186.2s | sps   528] ret_mean=22.000 ep_len=500.0 pi_loss=-0.009 v_loss=0.330 ent=1.939 msg_acc=0.717 kl=0.0094
[upd  193 | steps   98816 | t  188.0s | sps   526] ret_mean=0.000 ep_len=500.0 pi_loss=-0.013 v_loss=0.090 ent=1.476 msg_acc=0.835 kl=0.0129
[upd  194 | steps   99328 | t  189.6s | sps   524] ret_mean=70.000 ep_len=500.0 pi_loss=0.002 v_loss=2.736 ent=1.708 msg_acc=0.419 kl=0.0131
[upd  195 | steps   99840 | t  191.6s | sps   521] ret_mean=113.500 ep_len=500.0 pi_loss=-0.001 v_loss=3.815 ent=1.500 msg_acc=0.478 kl=0.0217
[upd  196 | steps  100352 | t  192.7s | sps   521] ret_mean=0.000 ep_len=500.0 pi_loss=0.004 v_loss=0.089 ent=2.059 msg_acc=0.553 kl=0.0042
[upd  197 | steps  100864 | t  195.5s | sps   516] ret_mean=0.000 ep_len=500.0 pi_loss=-0.015 v_loss=0.607 ent=1.792 msg_acc=0.720 kl=0.0073
[upd  198 | steps  101376 | t  197.0s | sps   515] ret_mean=92.500 ep_len=500.0 pi_loss=-0.004 v_loss=2.259 ent=1.900 msg_acc=0.699 kl=0.0204
[upd  199 | steps  101888 | t  199.2s | sps   511] ret_mean=41.500 ep_len=500.0 pi_loss=-0.006 v_loss=1.919 ent=1.972 msg_acc=0.636 kl=0.0077
[upd  200 | steps  102400 | t  201.2s | sps   509] ret_mean=38.000 ep_len=500.0 pi_loss=-0.007 v_loss=0.929 ent=2.123 msg_acc=0.439 kl=0.0150
        [eval] ret_mean=0.000 ep_len=500.0
