$ /Users/samchen/Coding/CLASSES/CS2860/.venv/bin/python3 -m policies.train --env rware-tiny-2ag-easy-v2 --seed 3 --updates 400 --rollout 512 --eval-every 25 --eval-episodes 30 --log-dir matrix_results/diagnostics_v1_sam/comm_2ag/main_tiny --run-name mappo-heartbeat-only__dropout-only__d0__s3 --n-msg-tokens 8 --no-comm --heartbeat --heartbeat-period 1 --heartbeat-max-age-clip 128 --dropout --dropout-window-start 200 --dropout-window-end 350 --shape-rewards --pickup-bonus 0.5

[env] EnvSpec(env_id='rware-tiny-2ag-easy-v2', n_agents=2, obs_dim=73, n_env_actions=5, noop_action=0, family='rware')  (n_msg_tokens=1)
[cfg] {'clip_range': 0.2, 'value_clip_range': 0.2, 'entropy_coef': 0.01, 'value_coef': 0.5, 'max_grad_norm': 0.5, 'gamma': 0.99, 'gae_lambda': 0.95, 'lr_actor': 0.0003, 'lr_critic': 0.001, 'update_epochs': 4, 'minibatches': 4, 'hidden': 128, 'depth': 2, 'device': 'cpu', 'extra': {}}
[log] writing to matrix_results/diagnostics_v1_sam/comm_2ag/main_tiny/mappo-heartbeat-only__dropout-only__d0__s3
[upd    1 | steps     512 | t    0.2s | sps  3076] ret_mean=0.000 ep_len=500.0 pi_loss=-0.004 v_loss=0.046 ent=1.608 kl=0.0078
[upd    2 | steps    1024 | t    0.3s | sps  3076] ret_mean=0.000 ep_len=500.0 pi_loss=-0.002 v_loss=0.021 ent=1.601 kl=0.0008
[upd    3 | steps    1536 | t    0.5s | sps  3050] ret_mean=2.000 ep_len=500.0 pi_loss=-0.004 v_loss=0.026 ent=1.596 kl=0.0016
[upd    4 | steps    2048 | t    0.7s | sps  3033] ret_mean=3.000 ep_len=500.0 pi_loss=-0.001 v_loss=0.016 ent=1.600 kl=0.0034
[upd    5 | steps    2560 | t    0.9s | sps  2883] ret_mean=0.000 ep_len=500.0 pi_loss=-0.003 v_loss=0.008 ent=1.602 kl=0.0006
[upd    6 | steps    3072 | t    1.1s | sps  2908] ret_mean=2.000 ep_len=500.0 pi_loss=-0.004 v_loss=0.013 ent=1.580 kl=0.0008
[upd    7 | steps    3584 | t    1.2s | sps  2919] ret_mean=0.000 ep_len=500.0 pi_loss=-0.006 v_loss=0.004 ent=1.595 kl=0.0037
[upd    8 | steps    4096 | t    1.4s | sps  2941] ret_mean=2.000 ep_len=500.0 pi_loss=-0.011 v_loss=0.020 ent=1.588 kl=0.0025
[upd    9 | steps    4608 | t    1.6s | sps  2950] ret_mean=4.500 ep_len=500.0 pi_loss=-0.007 v_loss=0.042 ent=1.540 kl=0.0032
[upd   10 | steps    5120 | t    1.7s | sps  2944] ret_mean=0.000 ep_len=500.0 pi_loss=-0.004 v_loss=0.002 ent=1.543 kl=-0.0020
[upd   11 | steps    5632 | t    1.9s | sps  2950] ret_mean=1.500 ep_len=500.0 pi_loss=-0.007 v_loss=0.038 ent=1.542 kl=0.0050
[upd   12 | steps    6144 | t    2.1s | sps  2972] ret_mean=3.000 ep_len=500.0 pi_loss=-0.009 v_loss=0.052 ent=1.529 kl=0.0072
[upd   13 | steps    6656 | t    2.2s | sps  2972] ret_mean=6.500 ep_len=500.0 pi_loss=-0.007 v_loss=0.013 ent=1.450 kl=0.0118
[upd   14 | steps    7168 | t    2.4s | sps  2982] ret_mean=0.000 ep_len=500.0 pi_loss=-0.010 v_loss=0.004 ent=1.504 kl=-0.0004
[upd   15 | steps    7680 | t    2.6s | sps  2977] ret_mean=1.500 ep_len=500.0 pi_loss=-0.009 v_loss=0.025 ent=1.509 kl=0.0047
[upd   16 | steps    8192 | t    2.7s | sps  2981] ret_mean=2.000 ep_len=500.0 pi_loss=-0.005 v_loss=0.007 ent=1.425 kl=0.0005
[upd   17 | steps    8704 | t    2.9s | sps  2987] ret_mean=1.000 ep_len=500.0 pi_loss=-0.006 v_loss=0.008 ent=1.339 kl=-0.0031
[upd   18 | steps    9216 | t    3.1s | sps  2993] ret_mean=1.000 ep_len=500.0 pi_loss=-0.006 v_loss=0.003 ent=1.343 kl=0.0060
[upd   19 | steps    9728 | t    3.2s | sps  2997] ret_mean=0.000 ep_len=500.0 pi_loss=-0.007 v_loss=0.007 ent=1.246 kl=0.0120
[upd   20 | steps   10240 | t    3.4s | sps  3000] ret_mean=1.000 ep_len=500.0 pi_loss=-0.006 v_loss=0.013 ent=1.229 kl=0.0014
[upd   21 | steps   10752 | t    3.6s | sps  3001] ret_mean=1.500 ep_len=500.0 pi_loss=-0.002 v_loss=0.141 ent=1.183 kl=0.0040
[upd   22 | steps   11264 | t    3.8s | sps  3003] ret_mean=10.000 ep_len=500.0 pi_loss=-0.006 v_loss=0.003 ent=1.207 kl=0.0058
[upd   23 | steps   11776 | t    3.9s | sps  3009] ret_mean=0.000 ep_len=500.0 pi_loss=-0.007 v_loss=0.087 ent=1.317 kl=0.0037
[upd   24 | steps   12288 | t    4.1s | sps  3012] ret_mean=7.500 ep_len=500.0 pi_loss=-0.006 v_loss=0.003 ent=1.361 kl=0.0014
[upd   25 | steps   12800 | t    4.2s | sps  3013] ret_mean=0.000 ep_len=500.0 pi_loss=-0.005 v_loss=0.004 ent=1.184 kl=0.0011
        [eval] ret_mean=10.033 ep_len=500.0
[upd   26 | steps   13312 | t    8.2s | sps  1617] ret_mean=5.000 ep_len=500.0 pi_loss=-0.006 v_loss=0.102 ent=1.126 kl=0.0016
[upd   27 | steps   13824 | t    8.4s | sps  1645] ret_mean=0.000 ep_len=500.0 pi_loss=-0.011 v_loss=0.007 ent=1.210 kl=0.0189
[upd   28 | steps   14336 | t    8.6s | sps  1672] ret_mean=0.000 ep_len=500.0 pi_loss=-0.006 v_loss=0.091 ent=1.227 kl=0.0083
[upd   29 | steps   14848 | t    8.7s | sps  1697] ret_mean=20.500 ep_len=500.0 pi_loss=-0.004 v_loss=0.523 ent=0.951 kl=0.0105
[upd   30 | steps   15360 | t    8.9s | sps  1724] ret_mean=1.500 ep_len=500.0 pi_loss=-0.005 v_loss=0.004 ent=0.961 kl=0.0022
[upd   31 | steps   15872 | t    9.1s | sps  1749] ret_mean=8.000 ep_len=500.0 pi_loss=-0.003 v_loss=0.243 ent=0.863 kl=0.0006
[upd   32 | steps   16384 | t    9.2s | sps  1773] ret_mean=0.000 ep_len=500.0 pi_loss=-0.005 v_loss=0.004 ent=0.877 kl=0.0050
[upd   33 | steps   16896 | t    9.4s | sps  1794] ret_mean=0.500 ep_len=500.0 pi_loss=-0.006 v_loss=0.004 ent=1.091 kl=0.0091
[upd   34 | steps   17408 | t    9.6s | sps  1816] ret_mean=0.000 ep_len=500.0 pi_loss=-0.004 v_loss=0.002 ent=1.019 kl=0.0001
[upd   35 | steps   17920 | t    9.7s | sps  1839] ret_mean=25.500 ep_len=500.0 pi_loss=-0.003 v_loss=1.060 ent=0.718 kl=0.0020
[upd   36 | steps   18432 | t    9.9s | sps  1859] ret_mean=7.000 ep_len=500.0 pi_loss=-0.003 v_loss=0.006 ent=1.371 kl=0.0064
[upd   37 | steps   18944 | t   10.1s | sps  1881] ret_mean=32.500 ep_len=500.0 pi_loss=-0.004 v_loss=1.419 ent=0.801 kl=0.0072
[upd   38 | steps   19456 | t   10.2s | sps  1900] ret_mean=0.000 ep_len=500.0 pi_loss=-0.003 v_loss=0.007 ent=0.916 kl=0.0085
[upd   39 | steps   19968 | t   10.4s | sps  1920] ret_mean=16.000 ep_len=500.0 pi_loss=-0.004 v_loss=0.555 ent=1.127 kl=0.0013
[upd   40 | steps   20480 | t   10.6s | sps  1939] ret_mean=0.000 ep_len=500.0 pi_loss=-0.012 v_loss=0.432 ent=1.174 kl=0.0086
[upd   41 | steps   20992 | t   10.7s | sps  1956] ret_mean=15.000 ep_len=500.0 pi_loss=-0.013 v_loss=0.026 ent=1.197 kl=0.0123
[upd   42 | steps   21504 | t   10.9s | sps  1974] ret_mean=0.000 ep_len=500.0 pi_loss=-0.004 v_loss=1.802 ent=1.115 kl=0.0087
[upd   43 | steps   22016 | t   11.1s | sps  1992] ret_mean=45.000 ep_len=500.0 pi_loss=-0.002 v_loss=0.109 ent=0.624 kl=0.0017
[upd   44 | steps   22528 | t   11.2s | sps  2009] ret_mean=23.500 ep_len=500.0 pi_loss=-0.006 v_loss=0.411 ent=1.045 kl=0.0177
[upd   45 | steps   23040 | t   11.4s | sps  2025] ret_mean=1.000 ep_len=500.0 pi_loss=-0.010 v_loss=0.029 ent=1.014 kl=0.0057
[upd   46 | steps   23552 | t   11.5s | sps  2040] ret_mean=0.000 ep_len=500.0 pi_loss=-0.004 v_loss=0.081 ent=0.971 kl=0.0031
[upd   47 | steps   24064 | t   11.7s | sps  2056] ret_mean=34.000 ep_len=500.0 pi_loss=-0.005 v_loss=1.691 ent=0.655 kl=0.0079
[upd   48 | steps   24576 | t   11.9s | sps  2071] ret_mean=29.000 ep_len=500.0 pi_loss=-0.006 v_loss=2.180 ent=0.824 kl=0.0056
[upd   49 | steps   25088 | t   12.0s | sps  2086] ret_mean=31.500 ep_len=500.0 pi_loss=-0.006 v_loss=0.019 ent=1.108 kl=0.0033
[upd   50 | steps   25600 | t   12.2s | sps  2099] ret_mean=0.000 ep_len=500.0 pi_loss=-0.007 v_loss=0.936 ent=0.783 kl=0.0063
        [eval] ret_mean=4.167 ep_len=500.0
[upd   51 | steps   26112 | t   16.2s | sps  1608] ret_mean=0.000 ep_len=500.0 pi_loss=-0.007 v_loss=0.023 ent=1.023 kl=0.0046
[upd   52 | steps   26624 | t   16.4s | sps  1623] ret_mean=0.000 ep_len=500.0 pi_loss=-0.004 v_loss=0.011 ent=1.083 kl=0.0069
[upd   53 | steps   27136 | t   16.6s | sps  1637] ret_mean=4.500 ep_len=500.0 pi_loss=-0.008 v_loss=0.986 ent=0.535 kl=0.0108
[upd   54 | steps   27648 | t   16.7s | sps  1651] ret_mean=92.500 ep_len=500.0 pi_loss=-0.003 v_loss=3.373 ent=0.423 kl=0.0046
[upd   55 | steps   28160 | t   16.9s | sps  1666] ret_mean=62.000 ep_len=500.0 pi_loss=-0.003 v_loss=2.821 ent=0.408 kl=0.0011
[upd   56 | steps   28672 | t   17.1s | sps  1680] ret_mean=0.000 ep_len=500.0 pi_loss=-0.003 v_loss=0.015 ent=0.584 kl=0.0003
[upd   57 | steps   29184 | t   17.2s | sps  1694] ret_mean=0.000 ep_len=500.0 pi_loss=-0.003 v_loss=0.020 ent=0.591 kl=0.0027
[upd   58 | steps   29696 | t   17.4s | sps  1708] ret_mean=0.000 ep_len=500.0 pi_loss=-0.005 v_loss=0.008 ent=0.494 kl=0.0027
[upd   59 | steps   30208 | t   17.5s | sps  1722] ret_mean=0.000 ep_len=500.0 pi_loss=-0.002 v_loss=0.008 ent=0.585 kl=0.0012
[upd   60 | steps   30720 | t   17.7s | sps  1734] ret_mean=0.000 ep_len=500.0 pi_loss=-0.006 v_loss=0.004 ent=0.815 kl=0.0017
[upd   61 | steps   31232 | t   17.9s | sps  1747] ret_mean=0.000 ep_len=500.0 pi_loss=-0.008 v_loss=0.009 ent=0.623 kl=0.0134
[upd   62 | steps   31744 | t   18.0s | sps  1759] ret_mean=41.500 ep_len=500.0 pi_loss=-0.007 v_loss=1.977 ent=0.554 kl=0.0048
[upd   63 | steps   32256 | t   18.2s | sps  1771] ret_mean=0.000 ep_len=500.0 pi_loss=-0.008 v_loss=0.009 ent=0.629 kl=0.0059
[upd   64 | steps   32768 | t   18.4s | sps  1782] ret_mean=56.500 ep_len=500.0 pi_loss=-0.004 v_loss=2.882 ent=0.541 kl=0.0099
[upd   65 | steps   33280 | t   18.5s | sps  1794] ret_mean=0.000 ep_len=500.0 pi_loss=-0.003 v_loss=0.457 ent=0.785 kl=0.0004
[upd   66 | steps   33792 | t   18.7s | sps  1805] ret_mean=33.500 ep_len=500.0 pi_loss=-0.007 v_loss=0.540 ent=0.613 kl=0.0075
[upd   67 | steps   34304 | t   18.9s | sps  1813] ret_mean=1.500 ep_len=500.0 pi_loss=-0.005 v_loss=0.016 ent=0.653 kl=-0.0013
[upd   68 | steps   34816 | t   19.1s | sps  1822] ret_mean=0.500 ep_len=500.0 pi_loss=-0.001 v_loss=1.244 ent=0.559 kl=0.0002
[upd   69 | steps   35328 | t   19.3s | sps  1834] ret_mean=97.000 ep_len=500.0 pi_loss=-0.007 v_loss=3.436 ent=0.316 kl=0.0129
[upd   70 | steps   35840 | t   19.5s | sps  1843] ret_mean=0.000 ep_len=500.0 pi_loss=-0.007 v_loss=0.012 ent=0.723 kl=0.0155
[upd   71 | steps   36352 | t   19.6s | sps  1852] ret_mean=0.000 ep_len=500.0 pi_loss=-0.006 v_loss=0.657 ent=0.490 kl=0.0004
[upd   72 | steps   36864 | t   19.8s | sps  1862] ret_mean=17.000 ep_len=500.0 pi_loss=-0.001 v_loss=1.783 ent=0.384 kl=0.0015
[upd   73 | steps   37376 | t   20.0s | sps  1872] ret_mean=38.500 ep_len=500.0 pi_loss=-0.009 v_loss=2.707 ent=0.441 kl=-0.0055
[upd   74 | steps   37888 | t   20.1s | sps  1882] ret_mean=57.500 ep_len=500.0 pi_loss=-0.005 v_loss=0.081 ent=0.956 kl=0.0085
[upd   75 | steps   38400 | t   20.3s | sps  1891] ret_mean=0.000 ep_len=500.0 pi_loss=-0.006 v_loss=0.134 ent=1.083 kl=-0.0018
        [eval] ret_mean=12.917 ep_len=500.0
[upd   76 | steps   38912 | t   24.5s | sps  1590] ret_mean=0.000 ep_len=500.0 pi_loss=-0.008 v_loss=0.033 ent=0.678 kl=-0.0014
[upd   77 | steps   39424 | t   24.7s | sps  1597] ret_mean=80.000 ep_len=500.0 pi_loss=-0.009 v_loss=4.006 ent=0.700 kl=0.0069
[upd   78 | steps   39936 | t   24.9s | sps  1605] ret_mean=0.000 ep_len=500.0 pi_loss=-0.008 v_loss=0.023 ent=1.142 kl=0.0047
[upd   79 | steps   40448 | t   25.1s | sps  1611] ret_mean=2.000 ep_len=500.0 pi_loss=-0.008 v_loss=0.040 ent=0.984 kl=-0.0018
[upd   80 | steps   40960 | t   25.3s | sps  1617] ret_mean=22.500 ep_len=500.0 pi_loss=-0.004 v_loss=0.960 ent=0.922 kl=0.0122
[upd   81 | steps   41472 | t   25.5s | sps  1627] ret_mean=1.500 ep_len=500.0 pi_loss=-0.006 v_loss=0.024 ent=1.083 kl=0.0114
[upd   82 | steps   41984 | t   25.7s | sps  1636] ret_mean=33.500 ep_len=500.0 pi_loss=-0.011 v_loss=1.750 ent=0.914 kl=0.0032
[upd   83 | steps   42496 | t   25.8s | sps  1645] ret_mean=17.000 ep_len=500.0 pi_loss=-0.001 v_loss=0.065 ent=0.965 kl=0.0009
[upd   84 | steps   43008 | t   26.0s | sps  1653] ret_mean=36.000 ep_len=500.0 pi_loss=-0.003 v_loss=1.575 ent=0.781 kl=0.0102
[upd   85 | steps   43520 | t   26.2s | sps  1661] ret_mean=0.000 ep_len=500.0 pi_loss=-0.008 v_loss=0.059 ent=0.972 kl=-0.0001
[upd   86 | steps   44032 | t   26.4s | sps  1669] ret_mean=3.500 ep_len=500.0 pi_loss=-0.010 v_loss=0.056 ent=0.993 kl=0.0025
[upd   87 | steps   44544 | t   26.6s | sps  1677] ret_mean=64.500 ep_len=500.0 pi_loss=-0.005 v_loss=3.301 ent=0.674 kl=-0.0011
[upd   88 | steps   45056 | t   26.7s | sps  1684] ret_mean=9.000 ep_len=500.0 pi_loss=-0.011 v_loss=0.012 ent=0.988 kl=0.0132
[upd   89 | steps   45568 | t   26.9s | sps  1693] ret_mean=34.500 ep_len=500.0 pi_loss=-0.005 v_loss=2.780 ent=0.693 kl=0.0004
[upd   90 | steps   46080 | t   27.1s | sps  1701] ret_mean=49.500 ep_len=500.0 pi_loss=-0.012 v_loss=0.780 ent=0.683 kl=0.0058
[upd   91 | steps   46592 | t   27.3s | sps  1709] ret_mean=1.000 ep_len=500.0 pi_loss=-0.003 v_loss=0.015 ent=0.464 kl=0.0037
[upd   92 | steps   47104 | t   27.4s | sps  1718] ret_mean=0.000 ep_len=500.0 pi_loss=-0.007 v_loss=1.574 ent=0.654 kl=0.0010
[upd   93 | steps   47616 | t   27.6s | sps  1725] ret_mean=32.500 ep_len=500.0 pi_loss=-0.011 v_loss=0.011 ent=0.995 kl=0.0098
[upd   94 | steps   48128 | t   27.8s | sps  1732] ret_mean=65.000 ep_len=500.0 pi_loss=-0.005 v_loss=3.950 ent=0.433 kl=0.0076
[upd   95 | steps   48640 | t   28.0s | sps  1739] ret_mean=28.000 ep_len=500.0 pi_loss=-0.005 v_loss=6.772 ent=0.560 kl=0.0049
[upd   96 | steps   49152 | t   28.1s | sps  1747] ret_mean=101.000 ep_len=500.0 pi_loss=-0.004 v_loss=0.711 ent=0.849 kl=0.0040
[upd   97 | steps   49664 | t   28.3s | sps  1754] ret_mean=0.000 ep_len=500.0 pi_loss=-0.006 v_loss=1.798 ent=0.847 kl=0.0071
[upd   98 | steps   50176 | t   28.5s | sps  1762] ret_mean=78.500 ep_len=500.0 pi_loss=-0.005 v_loss=2.439 ent=0.886 kl=0.0074
[upd   99 | steps   50688 | t   28.7s | sps  1769] ret_mean=49.000 ep_len=500.0 pi_loss=-0.005 v_loss=5.064 ent=0.489 kl=0.0017
[upd  100 | steps   51200 | t   28.8s | sps  1776] ret_mean=117.500 ep_len=500.0 pi_loss=-0.003 v_loss=8.105 ent=0.370 kl=0.0048
        [eval] ret_mean=10.817 ep_len=500.0
[upd  101 | steps   51712 | t   33.0s | sps  1566] ret_mean=0.000 ep_len=500.0 pi_loss=-0.013 v_loss=0.040 ent=0.808 kl=0.0066
[upd  102 | steps   52224 | t   33.2s | sps  1574] ret_mean=109.000 ep_len=500.0 pi_loss=-0.010 v_loss=5.243 ent=0.220 kl=0.0104
[upd  103 | steps   52736 | t   33.4s | sps  1581] ret_mean=45.500 ep_len=500.0 pi_loss=-0.002 v_loss=2.021 ent=1.014 kl=-0.0031
[upd  104 | steps   53248 | t   33.5s | sps  1587] ret_mean=55.000 ep_len=500.0 pi_loss=-0.008 v_loss=2.375 ent=0.975 kl=0.0020
[upd  105 | steps   53760 | t   33.7s | sps  1594] ret_mean=0.000 ep_len=500.0 pi_loss=-0.012 v_loss=0.036 ent=1.088 kl=0.0059
[upd  106 | steps   54272 | t   33.9s | sps  1601] ret_mean=3.000 ep_len=500.0 pi_loss=-0.010 v_loss=0.382 ent=0.584 kl=0.0034
[upd  107 | steps   54784 | t   34.1s | sps  1608] ret_mean=12.000 ep_len=500.0 pi_loss=-0.005 v_loss=0.034 ent=0.899 kl=0.0053
[upd  108 | steps   55296 | t   34.2s | sps  1615] ret_mean=0.000 ep_len=500.0 pi_loss=-0.008 v_loss=0.036 ent=0.754 kl=0.0055
[upd  109 | steps   55808 | t   34.4s | sps  1622] ret_mean=1.500 ep_len=500.0 pi_loss=-0.004 v_loss=1.032 ent=0.520 kl=0.0048
[upd  110 | steps   56320 | t   34.6s | sps  1630] ret_mean=124.000 ep_len=500.0 pi_loss=-0.011 v_loss=4.596 ent=0.240 kl=0.0053
[upd  111 | steps   56832 | t   34.8s | sps  1635] ret_mean=97.500 ep_len=500.0 pi_loss=-0.006 v_loss=4.267 ent=0.426 kl=0.0086
[upd  112 | steps   57344 | t   34.9s | sps  1641] ret_mean=0.000 ep_len=500.0 pi_loss=-0.007 v_loss=0.035 ent=1.026 kl=0.0075
[upd  113 | steps   57856 | t   35.1s | sps  1648] ret_mean=0.000 ep_len=500.0 pi_loss=-0.006 v_loss=1.691 ent=0.390 kl=-0.0045
[upd  114 | steps   58368 | t   35.3s | sps  1654] ret_mean=86.500 ep_len=500.0 pi_loss=-0.003 v_loss=3.592 ent=0.572 kl=0.0005
[upd  115 | steps   58880 | t   35.5s | sps  1659] ret_mean=118.000 ep_len=500.0 pi_loss=-0.006 v_loss=5.284 ent=0.295 kl=0.0177
[upd  116 | steps   59392 | t   35.7s | sps  1665] ret_mean=88.000 ep_len=500.0 pi_loss=-0.006 v_loss=1.492 ent=0.662 kl=0.0119
[upd  117 | steps   59904 | t   35.8s | sps  1671] ret_mean=25.500 ep_len=500.0 pi_loss=-0.009 v_loss=0.918 ent=0.751 kl=0.0041
[upd  118 | steps   60416 | t   36.0s | sps  1677] ret_mean=0.000 ep_len=500.0 pi_loss=-0.007 v_loss=0.127 ent=0.360 kl=0.0264
[upd  119 | steps   60928 | t   36.2s | sps  1684] ret_mean=0.000 ep_len=500.0 pi_loss=-0.004 v_loss=0.209 ent=0.436 kl=0.0059
[upd  120 | steps   61440 | t   36.3s | sps  1691] ret_mean=0.000 ep_len=500.0 pi_loss=-0.009 v_loss=2.154 ent=0.964 kl=0.0225
[upd  121 | steps   61952 | t   36.5s | sps  1698] ret_mean=82.000 ep_len=500.0 pi_loss=-0.006 v_loss=3.511 ent=0.828 kl=0.0006
[upd  122 | steps   62464 | t   36.6s | sps  1704] ret_mean=51.500 ep_len=500.0 pi_loss=-0.007 v_loss=2.211 ent=0.610 kl=0.0078
[upd  123 | steps   62976 | t   36.8s | sps  1711] ret_mean=117.500 ep_len=500.0 pi_loss=-0.002 v_loss=2.198 ent=0.424 kl=0.0070
[upd  124 | steps   63488 | t   37.0s | sps  1717] ret_mean=0.000 ep_len=500.0 pi_loss=-0.009 v_loss=0.120 ent=1.181 kl=0.0075
[upd  125 | steps   64000 | t   37.1s | sps  1724] ret_mean=0.000 ep_len=500.0 pi_loss=-0.007 v_loss=2.595 ent=0.728 kl=0.0021
        [eval] ret_mean=9.350 ep_len=500.0
[upd  126 | steps   64512 | t   41.3s | sps  1563] ret_mean=66.500 ep_len=500.0 pi_loss=-0.007 v_loss=2.158 ent=0.728 kl=0.0067
[upd  127 | steps   65024 | t   41.4s | sps  1570] ret_mean=62.000 ep_len=500.0 pi_loss=-0.006 v_loss=2.467 ent=0.847 kl=0.0031
[upd  128 | steps   65536 | t   41.6s | sps  1576] ret_mean=0.000 ep_len=500.0 pi_loss=-0.005 v_loss=0.167 ent=0.772 kl=-0.0007
[upd  129 | steps   66048 | t   41.8s | sps  1582] ret_mean=0.000 ep_len=500.0 pi_loss=-0.003 v_loss=0.177 ent=0.687 kl=0.0024
[upd  130 | steps   66560 | t   41.9s | sps  1587] ret_mean=0.000 ep_len=500.0 pi_loss=-0.004 v_loss=0.144 ent=1.055 kl=0.0043
[upd  131 | steps   67072 | t   42.1s | sps  1593] ret_mean=20.500 ep_len=500.0 pi_loss=-0.005 v_loss=0.735 ent=0.613 kl=0.0119
[upd  132 | steps   67584 | t   42.3s | sps  1599] ret_mean=71.500 ep_len=500.0 pi_loss=-0.007 v_loss=3.090 ent=0.582 kl=0.0107
[upd  133 | steps   68096 | t   42.4s | sps  1605] ret_mean=88.000 ep_len=500.0 pi_loss=-0.004 v_loss=5.691 ent=0.393 kl=0.0025
[upd  134 | steps   68608 | t   42.6s | sps  1610] ret_mean=101.000 ep_len=500.0 pi_loss=-0.005 v_loss=5.229 ent=0.850 kl=0.0082
[upd  135 | steps   69120 | t   42.8s | sps  1615] ret_mean=99.500 ep_len=500.0 pi_loss=-0.001 v_loss=5.597 ent=0.589 kl=0.0021
[upd  136 | steps   69632 | t   43.0s | sps  1621] ret_mean=169.000 ep_len=500.0 pi_loss=-0.005 v_loss=8.414 ent=0.386 kl=0.0059
[upd  137 | steps   70144 | t   43.1s | sps  1626] ret_mean=0.000 ep_len=500.0 pi_loss=-0.006 v_loss=0.136 ent=1.246 kl=0.0125
[upd  138 | steps   70656 | t   43.3s | sps  1632] ret_mean=47.500 ep_len=500.0 pi_loss=-0.005 v_loss=2.266 ent=0.578 kl=0.0065
[upd  139 | steps   71168 | t   43.5s | sps  1638] ret_mean=0.000 ep_len=500.0 pi_loss=-0.006 v_loss=0.189 ent=0.713 kl=0.0057
[upd  140 | steps   71680 | t   43.6s | sps  1643] ret_mean=0.000 ep_len=500.0 pi_loss=-0.005 v_loss=0.103 ent=0.756 kl=0.0132
[upd  141 | steps   72192 | t   43.8s | sps  1649] ret_mean=52.500 ep_len=500.0 pi_loss=-0.004 v_loss=2.490 ent=0.587 kl=0.0082
[upd  142 | steps   72704 | t   44.0s | sps  1654] ret_mean=0.500 ep_len=500.0 pi_loss=-0.004 v_loss=0.076 ent=0.624 kl=0.0035
[upd  143 | steps   73216 | t   44.1s | sps  1659] ret_mean=0.000 ep_len=500.0 pi_loss=-0.005 v_loss=1.824 ent=0.670 kl=-0.0005
[upd  144 | steps   73728 | t   44.3s | sps  1664] ret_mean=59.500 ep_len=500.0 pi_loss=-0.008 v_loss=0.325 ent=1.060 kl=0.0189
[upd  145 | steps   74240 | t   44.5s | sps  1669] ret_mean=10.000 ep_len=500.0 pi_loss=-0.004 v_loss=1.929 ent=0.659 kl=0.0024
[upd  146 | steps   74752 | t   44.7s | sps  1674] ret_mean=63.500 ep_len=500.0 pi_loss=-0.005 v_loss=2.549 ent=0.733 kl=-0.0035
[upd  147 | steps   75264 | t   44.8s | sps  1679] ret_mean=55.000 ep_len=500.0 pi_loss=-0.009 v_loss=2.133 ent=0.665 kl=0.0148
[upd  148 | steps   75776 | t   45.0s | sps  1684] ret_mean=114.000 ep_len=500.0 pi_loss=-0.001 v_loss=2.046 ent=0.659 kl=0.0066
[upd  149 | steps   76288 | t   45.2s | sps  1689] ret_mean=0.000 ep_len=500.0 pi_loss=-0.008 v_loss=2.576 ent=0.511 kl=0.0089
[upd  150 | steps   76800 | t   45.3s | sps  1694] ret_mean=123.500 ep_len=500.0 pi_loss=-0.005 v_loss=5.177 ent=0.269 kl=-0.0027
        [eval] ret_mean=11.067 ep_len=500.0
[upd  151 | steps   77312 | t   49.3s | sps  1568] ret_mean=16.000 ep_len=500.0 pi_loss=-0.001 v_loss=0.618 ent=0.699 kl=0.0014
[upd  152 | steps   77824 | t   49.4s | sps  1574] ret_mean=85.500 ep_len=500.0 pi_loss=-0.006 v_loss=3.449 ent=0.428 kl=0.0060
[upd  153 | steps   78336 | t   49.6s | sps  1579] ret_mean=94.500 ep_len=500.0 pi_loss=-0.009 v_loss=3.096 ent=0.521 kl=0.0157
[upd  154 | steps   78848 | t   49.8s | sps  1585] ret_mean=145.000 ep_len=500.0 pi_loss=-0.011 v_loss=8.132 ent=0.284 kl=0.0333
[upd  155 | steps   79360 | t   49.9s | sps  1590] ret_mean=0.000 ep_len=500.0 pi_loss=-0.003 v_loss=0.199 ent=0.948 kl=0.0050
[upd  156 | steps   79872 | t   50.1s | sps  1595] ret_mean=0.000 ep_len=500.0 pi_loss=-0.006 v_loss=0.628 ent=0.942 kl=0.0059
[upd  157 | steps   80384 | t   50.2s | sps  1601] ret_mean=120.000 ep_len=500.0 pi_loss=-0.002 v_loss=3.207 ent=0.383 kl=0.0001
[upd  158 | steps   80896 | t   50.4s | sps  1606] ret_mean=0.000 ep_len=500.0 pi_loss=-0.003 v_loss=0.889 ent=0.723 kl=0.0062
[upd  159 | steps   81408 | t   50.5s | sps  1612] ret_mean=123.000 ep_len=500.0 pi_loss=-0.005 v_loss=3.623 ent=0.280 kl=0.0019
[upd  160 | steps   81920 | t   50.7s | sps  1617] ret_mean=91.000 ep_len=500.0 pi_loss=-0.001 v_loss=3.068 ent=0.386 kl=0.0012
[upd  161 | steps   82432 | t   50.8s | sps  1622] ret_mean=124.500 ep_len=500.0 pi_loss=-0.002 v_loss=2.979 ent=0.337 kl=-0.0017
[upd  162 | steps   82944 | t   51.0s | sps  1628] ret_mean=0.000 ep_len=500.0 pi_loss=-0.001 v_loss=1.504 ent=0.231 kl=0.0002
[upd  163 | steps   83456 | t   51.1s | sps  1633] ret_mean=167.000 ep_len=500.0 pi_loss=-0.003 v_loss=6.862 ent=0.151 kl=0.0074
[upd  164 | steps   83968 | t   51.2s | sps  1638] ret_mean=32.500 ep_len=500.0 pi_loss=-0.008 v_loss=1.537 ent=0.241 kl=-0.0057
[upd  165 | steps   84480 | t   51.4s | sps  1643] ret_mean=72.500 ep_len=500.0 pi_loss=-0.006 v_loss=1.428 ent=0.717 kl=0.0031
[upd  166 | steps   84992 | t   51.6s | sps  1648] ret_mean=55.500 ep_len=500.0 pi_loss=-0.010 v_loss=3.346 ent=0.370 kl=0.0071
[upd  167 | steps   85504 | t   51.8s | sps  1651] ret_mean=63.000 ep_len=500.0 pi_loss=-0.004 v_loss=0.996 ent=0.456 kl=0.0056
[upd  168 | steps   86016 | t   51.9s | sps  1656] ret_mean=8.000 ep_len=500.0 pi_loss=-0.004 v_loss=0.875 ent=0.531 kl=0.0146
[upd  169 | steps   86528 | t   52.1s | sps  1659] ret_mean=46.500 ep_len=500.0 pi_loss=-0.010 v_loss=1.862 ent=0.398 kl=0.0339
[upd  170 | steps   87040 | t   52.3s | sps  1663] ret_mean=0.000 ep_len=500.0 pi_loss=-0.006 v_loss=4.146 ent=0.596 kl=0.0060
[upd  171 | steps   87552 | t   52.5s | sps  1668] ret_mean=93.500 ep_len=500.0 pi_loss=-0.004 v_loss=9.447 ent=0.455 kl=0.0060
[upd  172 | steps   88064 | t   52.6s | sps  1673] ret_mean=181.000 ep_len=500.0 pi_loss=-0.001 v_loss=3.444 ent=0.374 kl=0.0008
[upd  173 | steps   88576 | t   52.8s | sps  1678] ret_mean=32.500 ep_len=500.0 pi_loss=-0.004 v_loss=11.352 ent=0.524 kl=0.0071
[upd  174 | steps   89088 | t   52.9s | sps  1683] ret_mean=192.500 ep_len=500.0 pi_loss=-0.000 v_loss=5.404 ent=0.151 kl=0.0017
[upd  175 | steps   89600 | t   53.1s | sps  1688] ret_mean=139.500 ep_len=500.0 pi_loss=-0.002 v_loss=1.945 ent=0.470 kl=0.0048
        [eval] ret_mean=4.167 ep_len=500.0
[upd  176 | steps   90112 | t   58.0s | sps  1554] ret_mean=0.000 ep_len=500.0 pi_loss=-0.005 v_loss=0.507 ent=1.058 kl=0.0035
[upd  177 | steps   90624 | t   58.2s | sps  1558] ret_mean=52.500 ep_len=500.0 pi_loss=-0.004 v_loss=1.981 ent=0.622 kl=0.0020
[upd  178 | steps   91136 | t   58.3s | sps  1562] ret_mean=73.500 ep_len=500.0 pi_loss=-0.006 v_loss=2.092 ent=0.623 kl=0.0080
[upd  179 | steps   91648 | t   58.5s | sps  1566] ret_mean=115.500 ep_len=500.0 pi_loss=-0.004 v_loss=3.796 ent=0.287 kl=0.0054
[upd  180 | steps   92160 | t   58.7s | sps  1571] ret_mean=178.500 ep_len=500.0 pi_loss=-0.005 v_loss=7.225 ent=0.230 kl=0.0076
[upd  181 | steps   92672 | t   58.9s | sps  1575] ret_mean=1.000 ep_len=500.0 pi_loss=-0.003 v_loss=0.501 ent=0.949 kl=0.0007
[upd  182 | steps   93184 | t   59.0s | sps  1579] ret_mean=88.500 ep_len=500.0 pi_loss=-0.008 v_loss=2.582 ent=0.580 kl=0.0125
[upd  183 | steps   93696 | t   59.2s | sps  1583] ret_mean=34.000 ep_len=500.0 pi_loss=-0.003 v_loss=1.741 ent=0.866 kl=0.0086
[upd  184 | steps   94208 | t   59.3s | sps  1588] ret_mean=134.500 ep_len=500.0 pi_loss=-0.000 v_loss=4.180 ent=0.256 kl=0.0074
[upd  185 | steps   94720 | t   59.5s | sps  1592] ret_mean=110.500 ep_len=500.0 pi_loss=-0.008 v_loss=2.710 ent=0.438 kl=0.0021
[upd  186 | steps   95232 | t   59.6s | sps  1597] ret_mean=109.500 ep_len=500.0 pi_loss=-0.005 v_loss=4.464 ent=0.317 kl=-0.0007
[upd  187 | steps   95744 | t   59.8s | sps  1601] ret_mean=154.000 ep_len=500.0 pi_loss=-0.004 v_loss=5.155 ent=0.187 kl=0.0121
[upd  188 | steps   96256 | t   60.0s | sps  1606] ret_mean=123.500 ep_len=500.0 pi_loss=-0.005 v_loss=2.354 ent=0.393 kl=0.0091
[upd  189 | steps   96768 | t   60.1s | sps  1610] ret_mean=0.000 ep_len=500.0 pi_loss=-0.004 v_loss=0.689 ent=1.165 kl=0.0117
[upd  190 | steps   97280 | t   60.3s | sps  1614] ret_mean=0.000 ep_len=500.0 pi_loss=-0.005 v_loss=1.079 ent=0.831 kl=0.0058
[upd  191 | steps   97792 | t   60.4s | sps  1619] ret_mean=112.000 ep_len=500.0 pi_loss=-0.000 v_loss=8.678 ent=0.023 kl=-0.0000
[upd  192 | steps   98304 | t   60.6s | sps  1623] ret_mean=176.000 ep_len=500.0 pi_loss=-0.003 v_loss=8.447 ent=0.077 kl=-0.0014
[upd  193 | steps   98816 | t   60.7s | sps  1627] ret_mean=170.500 ep_len=500.0 pi_loss=-0.003 v_loss=3.352 ent=0.304 kl=0.0008
[upd  194 | steps   99328 | t   60.9s | sps  1631] ret_mean=123.500 ep_len=500.0 pi_loss=-0.006 v_loss=5.931 ent=0.311 kl=0.0045
[upd  195 | steps   99840 | t   61.1s | sps  1635] ret_mean=147.500 ep_len=500.0 pi_loss=-0.001 v_loss=2.903 ent=0.156 kl=0.0002
[upd  196 | steps  100352 | t   61.2s | sps  1640] ret_mean=124.500 ep_len=500.0 pi_loss=-0.002 v_loss=2.551 ent=0.166 kl=0.0016
[upd  197 | steps  100864 | t   61.4s | sps  1644] ret_mean=72.500 ep_len=500.0 pi_loss=-0.001 v_loss=1.185 ent=0.572 kl=-0.0022
[upd  198 | steps  101376 | t   61.5s | sps  1648] ret_mean=0.000 ep_len=500.0 pi_loss=-0.004 v_loss=0.751 ent=0.987 kl=0.0037
[upd  199 | steps  101888 | t   61.7s | sps  1651] ret_mean=0.000 ep_len=500.0 pi_loss=-0.005 v_loss=1.765 ent=0.819 kl=0.0000
[upd  200 | steps  102400 | t   61.9s | sps  1655] ret_mean=62.500 ep_len=500.0 pi_loss=-0.004 v_loss=0.456 ent=1.082 kl=0.0064
        [eval] ret_mean=4.167 ep_len=500.0
[upd  201 | steps  102912 | t   66.0s | sps  1560] ret_mean=99.000 ep_len=500.0 pi_loss=-0.005 v_loss=2.906 ent=0.289 kl=0.0072
[upd  202 | steps  103424 | t   66.1s | sps  1564] ret_mean=41.000 ep_len=500.0 pi_loss=-0.004 v_loss=1.387 ent=1.076 kl=0.0105
[upd  203 | steps  103936 | t   66.3s | sps  1568] ret_mean=151.500 ep_len=500.0 pi_loss=-0.001 v_loss=5.623 ent=0.254 kl=0.0034
[upd  204 | steps  104448 | t   66.4s | sps  1572] ret_mean=43.500 ep_len=500.0 pi_loss=-0.006 v_loss=1.556 ent=1.019 kl=0.0020
[upd  205 | steps  104960 | t   66.6s | sps  1576] ret_mean=145.500 ep_len=500.0 pi_loss=-0.002 v_loss=7.440 ent=0.113 kl=-0.0004
[upd  206 | steps  105472 | t   66.7s | sps  1580] ret_mean=146.500 ep_len=500.0 pi_loss=-0.003 v_loss=4.831 ent=0.241 kl=0.0046
[upd  207 | steps  105984 | t   66.9s | sps  1584] ret_mean=89.500 ep_len=500.0 pi_loss=-0.004 v_loss=3.023 ent=0.396 kl=0.0017
[upd  208 | steps  106496 | t   67.0s | sps  1589] ret_mean=123.500 ep_len=500.0 pi_loss=-0.002 v_loss=2.822 ent=0.218 kl=-0.0005
[upd  209 | steps  107008 | t   67.2s | sps  1593] ret_mean=53.500 ep_len=500.0 pi_loss=-0.011 v_loss=1.203 ent=0.823 kl=0.0162
[upd  210 | steps  107520 | t   67.3s | sps  1597] ret_mean=107.000 ep_len=500.0 pi_loss=-0.004 v_loss=4.415 ent=0.203 kl=0.0028
[upd  211 | steps  108032 | t   67.5s | sps  1601] ret_mean=66.000 ep_len=500.0 pi_loss=0.000 v_loss=1.224 ent=0.620 kl=0.0058
[upd  212 | steps  108544 | t   67.6s | sps  1605] ret_mean=16.500 ep_len=500.0 pi_loss=-0.006 v_loss=2.038 ent=0.761 kl=0.0067
[upd  213 | steps  109056 | t   67.8s | sps  1608] ret_mean=70.500 ep_len=500.0 pi_loss=-0.005 v_loss=1.277 ent=0.809 kl=-0.0013
[upd  214 | steps  109568 | t   68.0s | sps  1612] ret_mean=0.000 ep_len=500.0 pi_loss=-0.008 v_loss=1.037 ent=1.115 kl=0.0088
[upd  215 | steps  110080 | t   68.1s | sps  1616] ret_mean=0.000 ep_len=500.0 pi_loss=-0.005 v_loss=1.293 ent=0.962 kl=0.0037
[upd  216 | steps  110592 | t   68.3s | sps  1620] ret_mean=118.000 ep_len=500.0 pi_loss=-0.004 v_loss=1.981 ent=0.546 kl=0.0084
[upd  217 | steps  111104 | t   68.4s | sps  1623] ret_mean=0.000 ep_len=500.0 pi_loss=-0.003 v_loss=6.432 ent=0.760 kl=0.0060
[upd  218 | steps  111616 | t   68.6s | sps  1627] ret_mean=173.500 ep_len=500.0 pi_loss=-0.001 v_loss=3.279 ent=0.228 kl=0.0015
[upd  219 | steps  112128 | t   68.7s | sps  1631] ret_mean=56.000 ep_len=500.0 pi_loss=-0.006 v_loss=1.614 ent=0.622 kl=0.0002
[upd  220 | steps  112640 | t   68.9s | sps  1635] ret_mean=128.000 ep_len=500.0 pi_loss=-0.008 v_loss=4.724 ent=0.366 kl=0.0095
[upd  221 | steps  113152 | t   69.1s | sps  1639] ret_mean=122.000 ep_len=500.0 pi_loss=-0.002 v_loss=3.610 ent=0.331 kl=0.0015
[upd  222 | steps  113664 | t   69.2s | sps  1642] ret_mean=49.500 ep_len=500.0 pi_loss=-0.005 v_loss=0.847 ent=0.827 kl=0.0097
[upd  223 | steps  114176 | t   69.4s | sps  1646] ret_mean=89.500 ep_len=500.0 pi_loss=-0.006 v_loss=2.669 ent=0.428 kl=0.0171
[upd  224 | steps  114688 | t   69.5s | sps  1649] ret_mean=89.000 ep_len=500.0 pi_loss=-0.002 v_loss=2.208 ent=0.569 kl=0.0023
[upd  225 | steps  115200 | t   69.7s | sps  1653] ret_mean=61.500 ep_len=500.0 pi_loss=-0.003 v_loss=2.563 ent=0.381 kl=0.0037
        [eval] ret_mean=26.150 ep_len=500.0
[upd  226 | steps  115712 | t   74.4s | sps  1556] ret_mean=90.000 ep_len=500.0 pi_loss=-0.004 v_loss=2.837 ent=0.638 kl=0.0061
[upd  227 | steps  116224 | t   74.5s | sps  1560] ret_mean=108.500 ep_len=500.0 pi_loss=-0.006 v_loss=3.154 ent=0.436 kl=0.0074
[upd  228 | steps  116736 | t   74.7s | sps  1563] ret_mean=146.500 ep_len=500.0 pi_loss=-0.007 v_loss=6.262 ent=0.171 kl=0.0045
[upd  229 | steps  117248 | t   74.8s | sps  1567] ret_mean=119.500 ep_len=500.0 pi_loss=-0.009 v_loss=3.044 ent=0.217 kl=0.0038
[upd  230 | steps  117760 | t   75.0s | sps  1570] ret_mean=73.500 ep_len=500.0 pi_loss=-0.002 v_loss=1.785 ent=0.663 kl=0.0032
[upd  231 | steps  118272 | t   75.1s | sps  1574] ret_mean=107.000 ep_len=500.0 pi_loss=-0.009 v_loss=4.166 ent=0.301 kl=0.0038
[upd  232 | steps  118784 | t   75.3s | sps  1578] ret_mean=168.000 ep_len=500.0 pi_loss=0.000 v_loss=5.246 ent=0.095 kl=0.0030
[upd  233 | steps  119296 | t   75.5s | sps  1581] ret_mean=123.000 ep_len=500.0 pi_loss=-0.002 v_loss=2.271 ent=0.303 kl=0.0026
[upd  234 | steps  119808 | t   75.6s | sps  1585] ret_mean=44.500 ep_len=500.0 pi_loss=-0.006 v_loss=1.503 ent=0.934 kl=0.0091
[upd  235 | steps  120320 | t   75.8s | sps  1588] ret_mean=0.000 ep_len=500.0 pi_loss=-0.007 v_loss=0.749 ent=0.897 kl=0.0072
[upd  236 | steps  120832 | t   75.9s | sps  1591] ret_mean=0.000 ep_len=500.0 pi_loss=-0.006 v_loss=4.286 ent=0.844 kl=0.0110
[upd  237 | steps  121344 | t   76.1s | sps  1595] ret_mean=197.500 ep_len=500.0 pi_loss=-0.001 v_loss=6.362 ent=0.195 kl=0.0059
[upd  238 | steps  121856 | t   76.2s | sps  1599] ret_mean=148.500 ep_len=500.0 pi_loss=-0.002 v_loss=7.098 ent=0.063 kl=-0.0028
[upd  239 | steps  122368 | t   76.4s | sps  1602] ret_mean=152.000 ep_len=500.0 pi_loss=-0.004 v_loss=2.470 ent=0.399 kl=0.0007
[upd  240 | steps  122880 | t   76.6s | sps  1605] ret_mean=93.000 ep_len=500.0 pi_loss=-0.008 v_loss=2.036 ent=0.534 kl=0.0075
[upd  241 | steps  123392 | t   76.7s | sps  1608] ret_mean=0.000 ep_len=500.0 pi_loss=-0.005 v_loss=1.631 ent=0.996 kl=0.0019
[upd  242 | steps  123904 | t   76.9s | sps  1612] ret_mean=119.500 ep_len=500.0 pi_loss=-0.001 v_loss=2.817 ent=0.313 kl=0.0015
[upd  243 | steps  124416 | t   77.0s | sps  1615] ret_mean=106.000 ep_len=500.0 pi_loss=-0.003 v_loss=4.075 ent=0.659 kl=0.0036
[upd  244 | steps  124928 | t   77.2s | sps  1619] ret_mean=32.000 ep_len=500.0 pi_loss=-0.011 v_loss=4.480 ent=0.775 kl=0.0056
[upd  245 | steps  125440 | t   77.3s | sps  1622] ret_mean=50.500 ep_len=500.0 pi_loss=-0.004 v_loss=0.947 ent=0.929 kl=0.0057
[upd  246 | steps  125952 | t   77.5s | sps  1625] ret_mean=0.000 ep_len=500.0 pi_loss=-0.005 v_loss=2.457 ent=0.682 kl=0.0097
[upd  247 | steps  126464 | t   77.7s | sps  1628] ret_mean=93.000 ep_len=500.0 pi_loss=-0.003 v_loss=5.600 ent=0.500 kl=0.0067
[upd  248 | steps  126976 | t   77.8s | sps  1632] ret_mean=153.000 ep_len=500.0 pi_loss=-0.007 v_loss=2.569 ent=0.494 kl=0.0129
[upd  249 | steps  127488 | t   78.0s | sps  1635] ret_mean=0.000 ep_len=500.0 pi_loss=-0.013 v_loss=1.418 ent=0.757 kl=-0.0089
[upd  250 | steps  128000 | t   78.1s | sps  1638] ret_mean=123.000 ep_len=500.0 pi_loss=-0.008 v_loss=4.059 ent=0.409 kl=0.0049
        [eval] ret_mean=35.783 ep_len=500.0
[upd  251 | steps  128512 | t   82.2s | sps  1564] ret_mean=57.000 ep_len=500.0 pi_loss=-0.004 v_loss=1.940 ent=0.865 kl=0.0045
[upd  252 | steps  129024 | t   82.3s | sps  1567] ret_mean=98.500 ep_len=500.0 pi_loss=-0.009 v_loss=4.288 ent=0.678 kl=0.0061
[upd  253 | steps  129536 | t   82.5s | sps  1571] ret_mean=82.500 ep_len=500.0 pi_loss=-0.004 v_loss=1.866 ent=0.781 kl=0.0023
[upd  254 | steps  130048 | t   82.6s | sps  1574] ret_mean=61.000 ep_len=500.0 pi_loss=-0.006 v_loss=3.144 ent=0.842 kl=0.0053
[upd  255 | steps  130560 | t   82.8s | sps  1577] ret_mean=0.000 ep_len=500.0 pi_loss=-0.011 v_loss=1.235 ent=1.220 kl=0.0131
[upd  256 | steps  131072 | t   83.0s | sps  1580] ret_mean=166.000 ep_len=500.0 pi_loss=-0.005 v_loss=5.148 ent=0.269 kl=0.0050
[upd  257 | steps  131584 | t   83.1s | sps  1583] ret_mean=95.000 ep_len=500.0 pi_loss=-0.002 v_loss=2.674 ent=0.419 kl=0.0036
[upd  258 | steps  132096 | t   83.3s | sps  1586] ret_mean=55.000 ep_len=500.0 pi_loss=-0.003 v_loss=4.553 ent=0.679 kl=0.0012
[upd  259 | steps  132608 | t   83.4s | sps  1590] ret_mean=162.000 ep_len=500.0 pi_loss=-0.006 v_loss=8.992 ent=0.137 kl=-0.0023
[upd  260 | steps  133120 | t   83.6s | sps  1593] ret_mean=178.500 ep_len=500.0 pi_loss=-0.002 v_loss=6.695 ent=0.111 kl=0.0004
[upd  261 | steps  133632 | t   83.7s | sps  1596] ret_mean=188.500 ep_len=500.0 pi_loss=-0.004 v_loss=5.203 ent=0.276 kl=0.0059
[upd  262 | steps  134144 | t   83.9s | sps  1599] ret_mean=21.000 ep_len=500.0 pi_loss=-0.007 v_loss=1.912 ent=0.950 kl=-0.0011
[upd  263 | steps  134656 | t   84.0s | sps  1602] ret_mean=125.000 ep_len=500.0 pi_loss=-0.001 v_loss=2.060 ent=0.346 kl=0.0067
[upd  264 | steps  135168 | t   84.2s | sps  1605] ret_mean=115.500 ep_len=500.0 pi_loss=-0.003 v_loss=3.051 ent=0.253 kl=0.0014
[upd  265 | steps  135680 | t   84.3s | sps  1609] ret_mean=119.000 ep_len=500.0 pi_loss=-0.008 v_loss=5.104 ent=0.124 kl=0.0035
[upd  266 | steps  136192 | t   84.5s | sps  1612] ret_mean=191.500 ep_len=500.0 pi_loss=0.000 v_loss=5.644 ent=0.149 kl=-0.0020
[upd  267 | steps  136704 | t   84.6s | sps  1615] ret_mean=164.000 ep_len=500.0 pi_loss=-0.002 v_loss=3.360 ent=0.318 kl=0.0004
[upd  268 | steps  137216 | t   84.8s | sps  1618] ret_mean=102.000 ep_len=500.0 pi_loss=-0.003 v_loss=2.163 ent=0.333 kl=0.0027
[upd  269 | steps  137728 | t   85.0s | sps  1621] ret_mean=71.500 ep_len=500.0 pi_loss=-0.014 v_loss=4.049 ent=0.695 kl=0.0175
[upd  270 | steps  138240 | t   85.1s | sps  1624] ret_mean=121.000 ep_len=500.0 pi_loss=-0.004 v_loss=2.547 ent=0.311 kl=0.0021
[upd  271 | steps  138752 | t   85.3s | sps  1627] ret_mean=144.500 ep_len=500.0 pi_loss=-0.004 v_loss=3.982 ent=0.449 kl=0.0061
[upd  272 | steps  139264 | t   85.4s | sps  1630] ret_mean=59.500 ep_len=500.0 pi_loss=-0.010 v_loss=2.794 ent=0.606 kl=0.0189
[upd  273 | steps  139776 | t   85.6s | sps  1633] ret_mean=0.000 ep_len=500.0 pi_loss=-0.003 v_loss=1.436 ent=0.811 kl=0.0042
[upd  274 | steps  140288 | t   85.8s | sps  1636] ret_mean=98.500 ep_len=500.0 pi_loss=-0.003 v_loss=1.841 ent=0.606 kl=0.0104
[upd  275 | steps  140800 | t   85.9s | sps  1639] ret_mean=0.000 ep_len=500.0 pi_loss=-0.007 v_loss=1.577 ent=1.054 kl=0.0088
        [eval] ret_mean=33.467 ep_len=500.0
[upd  276 | steps  141312 | t   89.8s | sps  1573] ret_mean=31.000 ep_len=500.0 pi_loss=-0.010 v_loss=2.974 ent=0.930 kl=0.0080
[upd  277 | steps  141824 | t   90.0s | sps  1576] ret_mean=84.000 ep_len=500.0 pi_loss=-0.002 v_loss=2.059 ent=0.722 kl=-0.0001
[upd  278 | steps  142336 | t   90.2s | sps  1579] ret_mean=124.000 ep_len=500.0 pi_loss=-0.004 v_loss=4.770 ent=0.239 kl=0.0001
[upd  279 | steps  142848 | t   90.3s | sps  1582] ret_mean=149.500 ep_len=500.0 pi_loss=-0.001 v_loss=6.118 ent=0.109 kl=0.0000
[upd  280 | steps  143360 | t   90.5s | sps  1585] ret_mean=165.000 ep_len=500.0 pi_loss=-0.000 v_loss=6.003 ent=0.150 kl=0.0006
[upd  281 | steps  143872 | t   90.6s | sps  1588] ret_mean=168.500 ep_len=500.0 pi_loss=-0.005 v_loss=5.540 ent=0.145 kl=0.0003
[upd  282 | steps  144384 | t   90.8s | sps  1591] ret_mean=125.000 ep_len=500.0 pi_loss=-0.006 v_loss=3.227 ent=0.286 kl=0.0060
[upd  283 | steps  144896 | t   90.9s | sps  1594] ret_mean=110.000 ep_len=500.0 pi_loss=-0.003 v_loss=3.209 ent=0.391 kl=0.0017
[upd  284 | steps  145408 | t   91.1s | sps  1597] ret_mean=138.000 ep_len=500.0 pi_loss=-0.005 v_loss=3.629 ent=0.284 kl=0.0137
[upd  285 | steps  145920 | t   91.2s | sps  1600] ret_mean=0.000 ep_len=500.0 pi_loss=-0.005 v_loss=1.273 ent=0.858 kl=0.0013
[upd  286 | steps  146432 | t   91.4s | sps  1602] ret_mean=20.500 ep_len=500.0 pi_loss=-0.004 v_loss=2.698 ent=0.641 kl=0.0021
[upd  287 | steps  146944 | t   91.5s | sps  1605] ret_mean=112.000 ep_len=500.0 pi_loss=-0.001 v_loss=1.769 ent=0.219 kl=0.0001
[upd  288 | steps  147456 | t   91.7s | sps  1608] ret_mean=154.000 ep_len=500.0 pi_loss=-0.002 v_loss=4.142 ent=0.121 kl=0.0001
[upd  289 | steps  147968 | t   91.8s | sps  1611] ret_mean=142.500 ep_len=500.0 pi_loss=-0.009 v_loss=5.597 ent=0.246 kl=0.0036
[upd  290 | steps  148480 | t   92.0s | sps  1614] ret_mean=165.500 ep_len=500.0 pi_loss=-0.001 v_loss=4.963 ent=0.169 kl=0.0054
[upd  291 | steps  148992 | t   92.2s | sps  1616] ret_mean=60.500 ep_len=500.0 pi_loss=-0.006 v_loss=3.820 ent=0.581 kl=-0.0012
[upd  292 | steps  149504 | t   92.4s | sps  1618] ret_mean=91.500 ep_len=500.0 pi_loss=-0.006 v_loss=4.122 ent=0.637 kl=0.0158
[upd  293 | steps  150016 | t   92.6s | sps  1621] ret_mean=70.000 ep_len=500.0 pi_loss=-0.005 v_loss=5.855 ent=0.172 kl=0.0019
[upd  294 | steps  150528 | t   92.7s | sps  1623] ret_mean=198.000 ep_len=500.0 pi_loss=-0.004 v_loss=2.709 ent=0.232 kl=0.0034
[upd  295 | steps  151040 | t   92.9s | sps  1626] ret_mean=107.000 ep_len=500.0 pi_loss=-0.007 v_loss=2.270 ent=0.524 kl=0.0209
[upd  296 | steps  151552 | t   93.1s | sps  1628] ret_mean=0.000 ep_len=500.0 pi_loss=-0.005 v_loss=1.602 ent=0.940 kl=0.0064
[upd  297 | steps  152064 | t   93.2s | sps  1631] ret_mean=60.500 ep_len=500.0 pi_loss=-0.005 v_loss=0.901 ent=0.792 kl=0.0080
[upd  298 | steps  152576 | t   93.4s | sps  1634] ret_mean=112.500 ep_len=500.0 pi_loss=-0.008 v_loss=1.899 ent=0.397 kl=0.0115
[upd  299 | steps  153088 | t   93.5s | sps  1637] ret_mean=79.500 ep_len=500.0 pi_loss=-0.003 v_loss=2.316 ent=0.626 kl=-0.0013
[upd  300 | steps  153600 | t   93.7s | sps  1639] ret_mean=118.500 ep_len=500.0 pi_loss=-0.003 v_loss=4.058 ent=0.261 kl=-0.0003
        [eval] ret_mean=24.083 ep_len=500.0
[upd  301 | steps  154112 | t   97.7s | sps  1577] ret_mean=28.000 ep_len=500.0 pi_loss=-0.007 v_loss=1.460 ent=0.948 kl=0.0052
[upd  302 | steps  154624 | t   97.9s | sps  1580] ret_mean=175.000 ep_len=500.0 pi_loss=-0.004 v_loss=7.043 ent=0.146 kl=0.0016
[upd  303 | steps  155136 | t   98.0s | sps  1582] ret_mean=0.000 ep_len=500.0 pi_loss=-0.003 v_loss=1.266 ent=1.039 kl=0.0090
[upd  304 | steps  155648 | t   98.2s | sps  1585] ret_mean=85.000 ep_len=500.0 pi_loss=-0.001 v_loss=2.759 ent=0.747 kl=0.0006
[upd  305 | steps  156160 | t   98.4s | sps  1588] ret_mean=66.500 ep_len=500.0 pi_loss=-0.007 v_loss=4.773 ent=0.676 kl=-0.0001
[upd  306 | steps  156672 | t   98.5s | sps  1591] ret_mean=189.000 ep_len=500.0 pi_loss=-0.002 v_loss=5.723 ent=0.090 kl=0.0073
[upd  307 | steps  157184 | t   98.7s | sps  1593] ret_mean=154.500 ep_len=500.0 pi_loss=-0.004 v_loss=5.584 ent=0.241 kl=0.0065
[upd  308 | steps  157696 | t   98.8s | sps  1596] ret_mean=35.000 ep_len=500.0 pi_loss=-0.007 v_loss=4.457 ent=0.640 kl=0.0084
[upd  309 | steps  158208 | t   99.0s | sps  1599] ret_mean=163.500 ep_len=500.0 pi_loss=-0.005 v_loss=3.592 ent=0.182 kl=0.0074
[upd  310 | steps  158720 | t   99.1s | sps  1601] ret_mean=131.000 ep_len=500.0 pi_loss=-0.002 v_loss=3.547 ent=0.203 kl=0.0003
[upd  311 | steps  159232 | t   99.3s | sps  1604] ret_mean=123.500 ep_len=500.0 pi_loss=-0.003 v_loss=2.662 ent=0.315 kl=-0.0043
[upd  312 | steps  159744 | t   99.4s | sps  1607] ret_mean=169.500 ep_len=500.0 pi_loss=-0.002 v_loss=4.964 ent=0.153 kl=0.0033
[upd  313 | steps  160256 | t   99.6s | sps  1609] ret_mean=163.500 ep_len=500.0 pi_loss=-0.001 v_loss=3.933 ent=0.208 kl=0.0041
[upd  314 | steps  160768 | t   99.7s | sps  1612] ret_mean=119.000 ep_len=500.0 pi_loss=-0.003 v_loss=4.662 ent=0.191 kl=0.0009
[upd  315 | steps  161280 | t   99.9s | sps  1615] ret_mean=175.000 ep_len=500.0 pi_loss=-0.003 v_loss=2.812 ent=0.254 kl=0.0009
[upd  316 | steps  161792 | t  100.0s | sps  1617] ret_mean=108.000 ep_len=500.0 pi_loss=-0.006 v_loss=4.105 ent=0.137 kl=0.0065
[upd  317 | steps  162304 | t  100.2s | sps  1620] ret_mean=173.500 ep_len=500.0 pi_loss=-0.003 v_loss=6.827 ent=0.083 kl=-0.0039
[upd  318 | steps  162816 | t  100.4s | sps  1622] ret_mean=165.000 ep_len=500.0 pi_loss=-0.001 v_loss=3.744 ent=0.243 kl=0.0011
[upd  319 | steps  163328 | t  100.5s | sps  1625] ret_mean=76.000 ep_len=500.0 pi_loss=-0.009 v_loss=4.063 ent=0.681 kl=0.0160
[upd  320 | steps  163840 | t  100.7s | sps  1627] ret_mean=130.000 ep_len=500.0 pi_loss=-0.002 v_loss=4.698 ent=0.198 kl=0.0018
[upd  321 | steps  164352 | t  101.0s | sps  1628] ret_mean=168.500 ep_len=500.0 pi_loss=-0.005 v_loss=4.528 ent=0.280 kl=0.0042
[upd  322 | steps  164864 | t  101.1s | sps  1630] ret_mean=150.500 ep_len=500.0 pi_loss=-0.005 v_loss=5.042 ent=0.332 kl=0.0097
[upd  323 | steps  165376 | t  101.3s | sps  1633] ret_mean=43.000 ep_len=500.0 pi_loss=-0.007 v_loss=0.809 ent=0.691 kl=-0.0020
[upd  324 | steps  165888 | t  101.5s | sps  1635] ret_mean=123.000 ep_len=500.0 pi_loss=-0.004 v_loss=4.456 ent=0.412 kl=0.0043
[upd  325 | steps  166400 | t  101.6s | sps  1638] ret_mean=52.000 ep_len=500.0 pi_loss=-0.009 v_loss=2.691 ent=0.795 kl=0.0054
        [eval] ret_mean=31.067 ep_len=500.0
[upd  326 | steps  166912 | t  105.8s | sps  1577] ret_mean=190.500 ep_len=500.0 pi_loss=-0.003 v_loss=4.923 ent=0.080 kl=0.0027
[upd  327 | steps  167424 | t  106.0s | sps  1580] ret_mean=112.500 ep_len=500.0 pi_loss=-0.007 v_loss=2.166 ent=0.447 kl=0.0081
[upd  328 | steps  167936 | t  106.2s | sps  1582] ret_mean=80.000 ep_len=500.0 pi_loss=-0.007 v_loss=3.319 ent=0.532 kl=0.0059
[upd  329 | steps  168448 | t  106.3s | sps  1584] ret_mean=111.000 ep_len=500.0 pi_loss=-0.003 v_loss=4.369 ent=0.537 kl=0.0012
[upd  330 | steps  168960 | t  106.5s | sps  1586] ret_mean=139.500 ep_len=500.0 pi_loss=-0.007 v_loss=4.562 ent=0.227 kl=0.0032
[upd  331 | steps  169472 | t  106.7s | sps  1588] ret_mean=104.500 ep_len=500.0 pi_loss=-0.006 v_loss=4.636 ent=0.480 kl=0.0056
[upd  332 | steps  169984 | t  106.9s | sps  1590] ret_mean=119.500 ep_len=500.0 pi_loss=-0.004 v_loss=2.613 ent=0.272 kl=0.0099
[upd  333 | steps  170496 | t  107.1s | sps  1592] ret_mean=173.500 ep_len=500.0 pi_loss=-0.005 v_loss=4.605 ent=0.066 kl=-0.0009
[upd  334 | steps  171008 | t  107.2s | sps  1595] ret_mean=174.000 ep_len=500.0 pi_loss=-0.004 v_loss=4.285 ent=0.247 kl=0.0104
[upd  335 | steps  171520 | t  107.4s | sps  1597] ret_mean=25.500 ep_len=500.0 pi_loss=-0.001 v_loss=4.395 ent=0.976 kl=0.0067
[upd  336 | steps  172032 | t  107.6s | sps  1599] ret_mean=57.000 ep_len=500.0 pi_loss=-0.008 v_loss=5.095 ent=0.681 kl=0.0066
[upd  337 | steps  172544 | t  107.7s | sps  1601] ret_mean=28.000 ep_len=500.0 pi_loss=-0.008 v_loss=2.857 ent=0.887 kl=-0.0022
[upd  338 | steps  173056 | t  107.9s | sps  1604] ret_mean=127.000 ep_len=500.0 pi_loss=-0.003 v_loss=3.093 ent=0.211 kl=0.0009
[upd  339 | steps  173568 | t  108.1s | sps  1606] ret_mean=116.000 ep_len=500.0 pi_loss=-0.008 v_loss=2.675 ent=0.334 kl=0.0069
[upd  340 | steps  174080 | t  108.2s | sps  1608] ret_mean=144.000 ep_len=500.0 pi_loss=-0.003 v_loss=5.596 ent=0.095 kl=-0.0005
[upd  341 | steps  174592 | t  108.4s | sps  1611] ret_mean=179.500 ep_len=500.0 pi_loss=-0.006 v_loss=4.954 ent=0.393 kl=0.0181
[upd  342 | steps  175104 | t  108.6s | sps  1613] ret_mean=0.000 ep_len=500.0 pi_loss=-0.005 v_loss=3.130 ent=1.048 kl=0.0051
[upd  343 | steps  175616 | t  108.7s | sps  1615] ret_mean=0.000 ep_len=500.0 pi_loss=-0.004 v_loss=2.891 ent=0.855 kl=0.0176
[upd  344 | steps  176128 | t  108.9s | sps  1617] ret_mean=159.500 ep_len=500.0 pi_loss=-0.005 v_loss=4.475 ent=0.289 kl=0.0056
[upd  345 | steps  176640 | t  109.1s | sps  1620] ret_mean=127.500 ep_len=500.0 pi_loss=-0.001 v_loss=3.479 ent=0.148 kl=-0.0034
[upd  346 | steps  177152 | t  109.2s | sps  1622] ret_mean=175.500 ep_len=500.0 pi_loss=-0.006 v_loss=6.096 ent=0.175 kl=0.0028
[upd  347 | steps  177664 | t  109.4s | sps  1624] ret_mean=149.000 ep_len=500.0 pi_loss=-0.003 v_loss=3.577 ent=0.529 kl=0.0081
[upd  348 | steps  178176 | t  109.6s | sps  1626] ret_mean=5.000 ep_len=500.0 pi_loss=-0.007 v_loss=4.268 ent=0.828 kl=-0.0008
[upd  349 | steps  178688 | t  109.7s | sps  1628] ret_mean=36.500 ep_len=500.0 pi_loss=-0.016 v_loss=7.360 ent=0.427 kl=0.0249
[upd  350 | steps  179200 | t  109.9s | sps  1631] ret_mean=177.500 ep_len=500.0 pi_loss=-0.008 v_loss=5.583 ent=0.203 kl=0.0133
        [eval] ret_mean=31.633 ep_len=500.0
[upd  351 | steps  179712 | t  114.4s | sps  1571] ret_mean=192.000 ep_len=500.0 pi_loss=-0.002 v_loss=5.394 ent=0.068 kl=-0.0005
[upd  352 | steps  180224 | t  114.5s | sps  1573] ret_mean=165.500 ep_len=500.0 pi_loss=-0.004 v_loss=5.445 ent=0.212 kl=0.0018
[upd  353 | steps  180736 | t  114.7s | sps  1576] ret_mean=131.500 ep_len=500.0 pi_loss=-0.009 v_loss=3.640 ent=0.272 kl=0.0254
[upd  354 | steps  181248 | t  114.9s | sps  1578] ret_mean=95.000 ep_len=500.0 pi_loss=-0.001 v_loss=5.856 ent=0.403 kl=0.0061
[upd  355 | steps  181760 | t  115.0s | sps  1580] ret_mean=145.500 ep_len=500.0 pi_loss=-0.009 v_loss=4.820 ent=0.344 kl=0.0006
[upd  356 | steps  182272 | t  115.2s | sps  1582] ret_mean=99.000 ep_len=500.0 pi_loss=-0.011 v_loss=2.760 ent=0.536 kl=0.0140
[upd  357 | steps  182784 | t  115.4s | sps  1584] ret_mean=73.000 ep_len=500.0 pi_loss=-0.006 v_loss=6.058 ent=0.611 kl=0.0086
[upd  358 | steps  183296 | t  115.5s | sps  1586] ret_mean=153.500 ep_len=500.0 pi_loss=-0.004 v_loss=5.284 ent=0.321 kl=0.0038
[upd  359 | steps  183808 | t  115.7s | sps  1589] ret_mean=122.000 ep_len=500.0 pi_loss=-0.003 v_loss=4.855 ent=0.212 kl=0.0036
[upd  360 | steps  184320 | t  115.9s | sps  1591] ret_mean=142.500 ep_len=500.0 pi_loss=-0.001 v_loss=6.017 ent=0.167 kl=0.0023
[upd  361 | steps  184832 | t  116.0s | sps  1593] ret_mean=176.500 ep_len=500.0 pi_loss=-0.003 v_loss=4.555 ent=0.124 kl=0.0040
[upd  362 | steps  185344 | t  116.2s | sps  1595] ret_mean=128.000 ep_len=500.0 pi_loss=-0.004 v_loss=2.971 ent=0.348 kl=0.0046
[upd  363 | steps  185856 | t  116.3s | sps  1598] ret_mean=113.000 ep_len=500.0 pi_loss=-0.008 v_loss=3.377 ent=0.337 kl=0.0003
[upd  364 | steps  186368 | t  116.5s | sps  1599] ret_mean=17.000 ep_len=500.0 pi_loss=-0.005 v_loss=3.439 ent=0.877 kl=0.0031
[upd  365 | steps  186880 | t  116.7s | sps  1602] ret_mean=38.500 ep_len=500.0 pi_loss=-0.005 v_loss=4.498 ent=0.767 kl=0.0052
[upd  366 | steps  187392 | t  116.8s | sps  1604] ret_mean=147.500 ep_len=500.0 pi_loss=-0.002 v_loss=5.035 ent=0.244 kl=-0.0005
[upd  367 | steps  187904 | t  117.0s | sps  1606] ret_mean=153.000 ep_len=500.0 pi_loss=-0.003 v_loss=5.651 ent=0.109 kl=0.0005
[upd  368 | steps  188416 | t  117.2s | sps  1608] ret_mean=180.500 ep_len=500.0 pi_loss=-0.000 v_loss=4.740 ent=0.117 kl=-0.0001
[upd  369 | steps  188928 | t  117.3s | sps  1610] ret_mean=133.000 ep_len=500.0 pi_loss=-0.003 v_loss=2.803 ent=0.340 kl=0.0008
[upd  370 | steps  189440 | t  117.5s | sps  1612] ret_mean=158.000 ep_len=500.0 pi_loss=-0.005 v_loss=4.213 ent=0.415 kl=0.0034
[upd  371 | steps  189952 | t  117.7s | sps  1614] ret_mean=59.500 ep_len=500.0 pi_loss=-0.010 v_loss=4.293 ent=0.636 kl=0.0150
[upd  372 | steps  190464 | t  117.8s | sps  1617] ret_mean=105.500 ep_len=500.0 pi_loss=-0.003 v_loss=5.063 ent=0.452 kl=0.0064
[upd  373 | steps  190976 | t  118.0s | sps  1619] ret_mean=60.500 ep_len=500.0 pi_loss=-0.004 v_loss=4.107 ent=0.397 kl=0.0074
[upd  374 | steps  191488 | t  118.1s | sps  1621] ret_mean=168.500 ep_len=500.0 pi_loss=-0.001 v_loss=4.642 ent=0.317 kl=0.0008
[upd  375 | steps  192000 | t  118.3s | sps  1623] ret_mean=157.000 ep_len=500.0 pi_loss=-0.005 v_loss=1.856 ent=0.407 kl=0.0090
        [eval] ret_mean=42.300 ep_len=500.0
[upd  376 | steps  192512 | t  122.4s | sps  1573] ret_mean=45.000 ep_len=500.0 pi_loss=-0.004 v_loss=5.799 ent=0.709 kl=0.0067
[upd  377 | steps  193024 | t  122.6s | sps  1575] ret_mean=140.500 ep_len=500.0 pi_loss=-0.004 v_loss=4.272 ent=0.260 kl=0.0010
[upd  378 | steps  193536 | t  122.7s | sps  1577] ret_mean=9.500 ep_len=500.0 pi_loss=-0.009 v_loss=3.609 ent=0.940 kl=0.0134
[upd  379 | steps  194048 | t  122.9s | sps  1579] ret_mean=157.500 ep_len=500.0 pi_loss=-0.004 v_loss=3.525 ent=0.153 kl=0.0041
[upd  380 | steps  194560 | t  123.1s | sps  1581] ret_mean=170.000 ep_len=500.0 pi_loss=-0.002 v_loss=4.752 ent=0.321 kl=0.0019
[upd  381 | steps  195072 | t  123.2s | sps  1583] ret_mean=56.500 ep_len=500.0 pi_loss=-0.007 v_loss=1.918 ent=0.826 kl=0.0052
[upd  382 | steps  195584 | t  123.4s | sps  1585] ret_mean=150.000 ep_len=500.0 pi_loss=-0.004 v_loss=3.336 ent=0.371 kl=0.0051
[upd  383 | steps  196096 | t  123.5s | sps  1587] ret_mean=140.500 ep_len=500.0 pi_loss=-0.006 v_loss=4.920 ent=0.143 kl=0.0067
[upd  384 | steps  196608 | t  123.7s | sps  1589] ret_mean=179.500 ep_len=500.0 pi_loss=-0.001 v_loss=3.143 ent=0.177 kl=0.0033
[upd  385 | steps  197120 | t  123.9s | sps  1591] ret_mean=118.500 ep_len=500.0 pi_loss=-0.002 v_loss=3.356 ent=0.237 kl=0.0058
[upd  386 | steps  197632 | t  124.1s | sps  1593] ret_mean=182.000 ep_len=500.0 pi_loss=-0.001 v_loss=4.331 ent=0.114 kl=-0.0000
[upd  387 | steps  198144 | t  124.2s | sps  1595] ret_mean=202.000 ep_len=500.0 pi_loss=-0.003 v_loss=3.526 ent=0.254 kl=0.0077
[upd  388 | steps  198656 | t  124.4s | sps  1597] ret_mean=93.000 ep_len=500.0 pi_loss=-0.004 v_loss=5.045 ent=0.437 kl=0.0019
[upd  389 | steps  199168 | t  124.5s | sps  1599] ret_mean=169.000 ep_len=500.0 pi_loss=-0.004 v_loss=3.944 ent=0.390 kl=0.0123
[upd  390 | steps  199680 | t  124.7s | sps  1601] ret_mean=44.500 ep_len=500.0 pi_loss=-0.008 v_loss=4.836 ent=0.491 kl=0.0058
[upd  391 | steps  200192 | t  124.9s | sps  1603] ret_mean=176.500 ep_len=500.0 pi_loss=-0.006 v_loss=4.560 ent=0.189 kl=0.0074
[upd  392 | steps  200704 | t  125.0s | sps  1605] ret_mean=140.000 ep_len=500.0 pi_loss=-0.003 v_loss=3.042 ent=0.289 kl=0.0013
[upd  393 | steps  201216 | t  125.2s | sps  1607] ret_mean=119.500 ep_len=500.0 pi_loss=-0.006 v_loss=3.195 ent=0.438 kl=0.0077
[upd  394 | steps  201728 | t  125.3s | sps  1609] ret_mean=172.500 ep_len=500.0 pi_loss=-0.006 v_loss=3.547 ent=0.338 kl=0.0017
[upd  395 | steps  202240 | t  125.5s | sps  1611] ret_mean=102.500 ep_len=500.0 pi_loss=-0.008 v_loss=2.877 ent=0.406 kl=0.0027
[upd  396 | steps  202752 | t  125.7s | sps  1613] ret_mean=69.500 ep_len=500.0 pi_loss=-0.004 v_loss=5.292 ent=0.649 kl=0.0054
[upd  397 | steps  203264 | t  125.8s | sps  1615] ret_mean=151.500 ep_len=500.0 pi_loss=-0.005 v_loss=2.534 ent=0.339 kl=0.0020
[upd  398 | steps  203776 | t  126.0s | sps  1617] ret_mean=139.500 ep_len=500.0 pi_loss=-0.003 v_loss=5.461 ent=0.214 kl=-0.0006
[upd  399 | steps  204288 | t  126.1s | sps  1619] ret_mean=177.000 ep_len=500.0 pi_loss=-0.002 v_loss=3.149 ent=0.350 kl=0.0017
[upd  400 | steps  204800 | t  126.3s | sps  1621] ret_mean=127.500 ep_len=500.0 pi_loss=-0.005 v_loss=5.235 ent=0.262 kl=0.0033
        [eval] ret_mean=36.817 ep_len=500.0
