$ /Users/samchen/Coding/CLASSES/CS2860/.venv/bin/python3 -m policies.train --env rware-tiny-2ag-easy-v2 --seed 2 --updates 300 --rollout 512 --eval-every 25 --eval-episodes 30 --log-dir matrix_results/diagnostics_v1_sam/death_token/tiny_oracle --run-name mappo-heartbeat-plus-comm__delay-dropout__d30__s2 --n-msg-tokens 8 --heartbeat --heartbeat-period 1 --heartbeat-max-age-clip 128 --heartbeat-delay 30 --dropout --dropout-window-start 200 --dropout-window-end 350 --shape-rewards --pickup-bonus 0.5 --disable-message-echo

[env] EnvSpec(env_id='rware-tiny-2ag-easy-v2', n_agents=2, obs_dim=73, n_env_actions=5, noop_action=0, family='rware')  (n_msg_tokens=8)
[cfg] {'clip_range': 0.2, 'value_clip_range': 0.2, 'entropy_coef': 0.01, 'value_coef': 0.5, 'max_grad_norm': 0.5, 'gamma': 0.99, 'gae_lambda': 0.95, 'lr_actor': 0.0003, 'lr_critic': 0.001, 'update_epochs': 4, 'minibatches': 4, 'hidden': 128, 'depth': 2, 'device': 'cpu', 'extra': {}}
[log] writing to matrix_results/diagnostics_v1_sam/death_token/tiny_oracle/mappo-heartbeat-plus-comm__delay-dropout__d30__s2
[upd    1 | steps     512 | t    0.2s | sps  3068] ret_mean=0.000 ep_len=500.0 pi_loss=-0.015 v_loss=0.031 ent=3.684 kl=0.0098
[upd    2 | steps    1024 | t    0.3s | sps  3241] ret_mean=0.000 ep_len=500.0 pi_loss=-0.012 v_loss=0.005 ent=3.680 kl=0.0075
[upd    3 | steps    1536 | t    0.5s | sps  3259] ret_mean=0.500 ep_len=500.0 pi_loss=-0.008 v_loss=0.005 ent=3.669 kl=0.0032
[upd    4 | steps    2048 | t    0.6s | sps  3264] ret_mean=0.000 ep_len=500.0 pi_loss=-0.007 v_loss=0.024 ent=3.673 kl=0.0090
[upd    5 | steps    2560 | t    0.8s | sps  3113] ret_mean=2.500 ep_len=500.0 pi_loss=-0.008 v_loss=0.005 ent=3.671 kl=0.0053
[upd    6 | steps    3072 | t    1.0s | sps  3177] ret_mean=0.000 ep_len=500.0 pi_loss=-0.007 v_loss=0.004 ent=3.672 kl=0.0033
[upd    7 | steps    3584 | t    1.1s | sps  3231] ret_mean=7.000 ep_len=500.0 pi_loss=-0.010 v_loss=0.060 ent=3.660 kl=0.0047
[upd    8 | steps    4096 | t    1.3s | sps  3109] ret_mean=0.000 ep_len=500.0 pi_loss=-0.011 v_loss=0.003 ent=3.633 kl=0.0074
[upd    9 | steps    4608 | t    1.5s | sps  3134] ret_mean=0.000 ep_len=500.0 pi_loss=-0.010 v_loss=0.002 ent=3.651 kl=0.0000
[upd   10 | steps    5120 | t    1.6s | sps  3140] ret_mean=0.000 ep_len=500.0 pi_loss=-0.012 v_loss=0.006 ent=3.534 kl=0.0033
[upd   11 | steps    5632 | t    1.8s | sps  3166] ret_mean=1.500 ep_len=500.0 pi_loss=-0.011 v_loss=0.003 ent=3.644 kl=0.0013
[upd   12 | steps    6144 | t    1.9s | sps  3195] ret_mean=0.000 ep_len=500.0 pi_loss=-0.011 v_loss=0.002 ent=3.575 kl=0.0077
[upd   13 | steps    6656 | t    2.1s | sps  3158] ret_mean=1.000 ep_len=500.0 pi_loss=-0.011 v_loss=0.006 ent=3.534 kl=0.0113
[upd   14 | steps    7168 | t    2.3s | sps  3135] ret_mean=2.000 ep_len=500.0 pi_loss=-0.014 v_loss=0.012 ent=3.493 kl=0.0034
[upd   15 | steps    7680 | t    2.4s | sps  3153] ret_mean=0.000 ep_len=500.0 pi_loss=-0.015 v_loss=0.021 ent=3.435 kl=0.0105
[upd   16 | steps    8192 | t    2.6s | sps  3151] ret_mean=8.500 ep_len=500.0 pi_loss=-0.008 v_loss=0.050 ent=3.379 kl=-0.0040
[upd   17 | steps    8704 | t    2.7s | sps  3170] ret_mean=2.500 ep_len=500.0 pi_loss=-0.017 v_loss=0.007 ent=3.502 kl=0.0125
[upd   18 | steps    9216 | t    2.9s | sps  3192] ret_mean=1.500 ep_len=500.0 pi_loss=-0.011 v_loss=0.012 ent=3.521 kl=0.0079
[upd   19 | steps    9728 | t    3.0s | sps  3205] ret_mean=0.000 ep_len=500.0 pi_loss=-0.007 v_loss=0.011 ent=3.470 kl=0.0066
[upd   20 | steps   10240 | t    3.2s | sps  3215] ret_mean=1.500 ep_len=500.0 pi_loss=-0.013 v_loss=0.002 ent=3.373 kl=0.0109
[upd   21 | steps   10752 | t    3.3s | sps  3219] ret_mean=0.000 ep_len=500.0 pi_loss=-0.010 v_loss=0.005 ent=3.433 kl=0.0060
[upd   22 | steps   11264 | t    3.5s | sps  3228] ret_mean=2.000 ep_len=500.0 pi_loss=-0.013 v_loss=0.009 ent=3.354 kl=0.0177
[upd   23 | steps   11776 | t    3.6s | sps  3236] ret_mean=1.500 ep_len=500.0 pi_loss=-0.009 v_loss=0.010 ent=3.398 kl=-0.0035
[upd   24 | steps   12288 | t    3.8s | sps  3246] ret_mean=0.000 ep_len=500.0 pi_loss=-0.009 v_loss=0.003 ent=3.439 kl=0.0022
[upd   25 | steps   12800 | t    4.0s | sps  3240] ret_mean=0.500 ep_len=500.0 pi_loss=-0.008 v_loss=0.001 ent=3.305 kl=0.0089
        [eval] ret_mean=0.000 ep_len=500.0
[upd   26 | steps   13312 | t    7.6s | sps  1761] ret_mean=0.000 ep_len=500.0 pi_loss=-0.006 v_loss=0.002 ent=3.401 kl=0.0024
[upd   27 | steps   13824 | t    7.7s | sps  1792] ret_mean=0.000 ep_len=500.0 pi_loss=-0.014 v_loss=0.001 ent=3.295 kl=0.0068
[upd   28 | steps   14336 | t    7.9s | sps  1823] ret_mean=0.000 ep_len=500.0 pi_loss=-0.009 v_loss=0.002 ent=3.458 kl=0.0126
[upd   29 | steps   14848 | t    8.0s | sps  1850] ret_mean=0.000 ep_len=500.0 pi_loss=-0.009 v_loss=0.001 ent=3.316 kl=0.0035
[upd   30 | steps   15360 | t    8.2s | sps  1879] ret_mean=3.000 ep_len=500.0 pi_loss=-0.009 v_loss=0.019 ent=3.295 kl=-0.0033
[upd   31 | steps   15872 | t    8.3s | sps  1905] ret_mean=0.000 ep_len=500.0 pi_loss=-0.011 v_loss=0.006 ent=3.328 kl=0.0098
[upd   32 | steps   16384 | t    8.5s | sps  1934] ret_mean=3.000 ep_len=500.0 pi_loss=-0.011 v_loss=0.006 ent=3.441 kl=0.0164
[upd   33 | steps   16896 | t    8.6s | sps  1958] ret_mean=0.500 ep_len=500.0 pi_loss=-0.009 v_loss=0.003 ent=3.388 kl=0.0086
[upd   34 | steps   17408 | t    8.8s | sps  1982] ret_mean=0.500 ep_len=500.0 pi_loss=-0.009 v_loss=0.002 ent=3.426 kl=0.0055
[upd   35 | steps   17920 | t    8.9s | sps  2006] ret_mean=2.000 ep_len=500.0 pi_loss=-0.012 v_loss=0.030 ent=3.460 kl=-0.0048
[upd   36 | steps   18432 | t    9.1s | sps  2030] ret_mean=4.000 ep_len=500.0 pi_loss=-0.012 v_loss=0.002 ent=3.369 kl=0.0073
[upd   37 | steps   18944 | t    9.2s | sps  2053] ret_mean=0.000 ep_len=500.0 pi_loss=-0.011 v_loss=0.004 ent=3.407 kl=0.0051
[upd   38 | steps   19456 | t    9.4s | sps  2073] ret_mean=1.000 ep_len=500.0 pi_loss=-0.012 v_loss=0.002 ent=3.487 kl=0.0019
[upd   39 | steps   19968 | t    9.5s | sps  2094] ret_mean=0.000 ep_len=500.0 pi_loss=-0.012 v_loss=0.004 ent=3.406 kl=0.0041
[upd   40 | steps   20480 | t    9.7s | sps  2116] ret_mean=1.500 ep_len=500.0 pi_loss=-0.008 v_loss=0.004 ent=3.400 kl=0.0052
[upd   41 | steps   20992 | t    9.8s | sps  2137] ret_mean=0.000 ep_len=500.0 pi_loss=-0.013 v_loss=0.016 ent=3.389 kl=-0.0011
[upd   42 | steps   21504 | t   10.0s | sps  2156] ret_mean=2.500 ep_len=500.0 pi_loss=-0.014 v_loss=0.002 ent=3.435 kl=0.0027
[upd   43 | steps   22016 | t   10.1s | sps  2175] ret_mean=0.000 ep_len=500.0 pi_loss=-0.013 v_loss=0.010 ent=3.392 kl=0.0048
[upd   44 | steps   22528 | t   10.3s | sps  2194] ret_mean=4.000 ep_len=500.0 pi_loss=-0.015 v_loss=0.035 ent=3.451 kl=-0.0003
[upd   45 | steps   23040 | t   10.4s | sps  2213] ret_mean=2.000 ep_len=500.0 pi_loss=-0.015 v_loss=0.003 ent=3.452 kl=0.0047
[upd   46 | steps   23552 | t   10.6s | sps  2231] ret_mean=0.000 ep_len=500.0 pi_loss=-0.011 v_loss=0.002 ent=3.490 kl=0.0046
[upd   47 | steps   24064 | t   10.7s | sps  2249] ret_mean=0.000 ep_len=500.0 pi_loss=-0.010 v_loss=0.001 ent=3.456 kl=0.0068
[upd   48 | steps   24576 | t   10.8s | sps  2265] ret_mean=0.000 ep_len=500.0 pi_loss=-0.012 v_loss=0.001 ent=3.393 kl=0.0097
[upd   49 | steps   25088 | t   11.0s | sps  2282] ret_mean=0.000 ep_len=500.0 pi_loss=-0.013 v_loss=0.001 ent=3.481 kl=0.0007
[upd   50 | steps   25600 | t   11.1s | sps  2298] ret_mean=0.000 ep_len=500.0 pi_loss=-0.012 v_loss=0.001 ent=3.417 kl=-0.0004
        [eval] ret_mean=4.167 ep_len=500.0
[upd   51 | steps   26112 | t   14.6s | sps  1784] ret_mean=4.500 ep_len=500.0 pi_loss=-0.012 v_loss=0.031 ent=3.469 kl=-0.0018
[upd   52 | steps   26624 | t   14.8s | sps  1802] ret_mean=6.500 ep_len=500.0 pi_loss=-0.013 v_loss=0.071 ent=3.416 kl=0.0005
[upd   53 | steps   27136 | t   14.9s | sps  1818] ret_mean=0.500 ep_len=500.0 pi_loss=-0.013 v_loss=0.002 ent=3.411 kl=0.0035
[upd   54 | steps   27648 | t   15.1s | sps  1835] ret_mean=2.500 ep_len=500.0 pi_loss=-0.011 v_loss=0.016 ent=3.325 kl=0.0109
[upd   55 | steps   28160 | t   15.2s | sps  1851] ret_mean=0.000 ep_len=500.0 pi_loss=-0.013 v_loss=0.002 ent=3.275 kl=0.0060
[upd   56 | steps   28672 | t   15.4s | sps  1867] ret_mean=0.000 ep_len=500.0 pi_loss=-0.016 v_loss=0.002 ent=3.277 kl=0.0225
[upd   57 | steps   29184 | t   15.5s | sps  1883] ret_mean=7.000 ep_len=500.0 pi_loss=-0.013 v_loss=0.130 ent=3.289 kl=0.0017
[upd   58 | steps   29696 | t   15.7s | sps  1897] ret_mean=3.500 ep_len=500.0 pi_loss=-0.006 v_loss=0.027 ent=3.174 kl=0.0032
[upd   59 | steps   30208 | t   15.8s | sps  1912] ret_mean=10.500 ep_len=500.0 pi_loss=-0.008 v_loss=0.169 ent=3.138 kl=0.0064
[upd   60 | steps   30720 | t   15.9s | sps  1927] ret_mean=0.000 ep_len=500.0 pi_loss=-0.015 v_loss=0.112 ent=3.223 kl=0.0024
[upd   61 | steps   31232 | t   16.1s | sps  1941] ret_mean=23.500 ep_len=500.0 pi_loss=-0.006 v_loss=0.523 ent=3.053 kl=0.0037
[upd   62 | steps   31744 | t   16.2s | sps  1956] ret_mean=8.000 ep_len=500.0 pi_loss=-0.016 v_loss=0.005 ent=3.308 kl=0.0053
[upd   63 | steps   32256 | t   16.4s | sps  1970] ret_mean=0.000 ep_len=500.0 pi_loss=-0.010 v_loss=0.003 ent=3.290 kl=0.0152
[upd   64 | steps   32768 | t   16.5s | sps  1984] ret_mean=0.000 ep_len=500.0 pi_loss=-0.017 v_loss=0.004 ent=3.368 kl=0.0144
[upd   65 | steps   33280 | t   16.7s | sps  1998] ret_mean=0.500 ep_len=500.0 pi_loss=-0.015 v_loss=0.004 ent=3.203 kl=0.0108
[upd   66 | steps   33792 | t   16.8s | sps  2012] ret_mean=0.500 ep_len=500.0 pi_loss=-0.011 v_loss=0.002 ent=3.337 kl=0.0070
[upd   67 | steps   34304 | t   16.9s | sps  2025] ret_mean=0.000 ep_len=500.0 pi_loss=-0.013 v_loss=0.022 ent=3.182 kl=0.0090
[upd   68 | steps   34816 | t   17.1s | sps  2038] ret_mean=2.500 ep_len=500.0 pi_loss=-0.014 v_loss=0.001 ent=3.148 kl=0.0149
[upd   69 | steps   35328 | t   17.2s | sps  2050] ret_mean=0.000 ep_len=500.0 pi_loss=-0.011 v_loss=0.002 ent=3.238 kl=0.0068
[upd   70 | steps   35840 | t   17.4s | sps  2063] ret_mean=0.000 ep_len=500.0 pi_loss=-0.011 v_loss=0.001 ent=3.220 kl=0.0073
[upd   71 | steps   36352 | t   17.5s | sps  2076] ret_mean=0.000 ep_len=500.0 pi_loss=-0.012 v_loss=0.001 ent=3.223 kl=0.0176
[upd   72 | steps   36864 | t   17.7s | sps  2088] ret_mean=0.000 ep_len=500.0 pi_loss=-0.019 v_loss=0.077 ent=3.140 kl=0.0169
[upd   73 | steps   37376 | t   17.8s | sps  2099] ret_mean=5.500 ep_len=500.0 pi_loss=-0.012 v_loss=0.003 ent=3.259 kl=0.0058
[upd   74 | steps   37888 | t   18.0s | sps  2111] ret_mean=0.500 ep_len=500.0 pi_loss=-0.009 v_loss=0.087 ent=3.107 kl=0.0092
[upd   75 | steps   38400 | t   18.1s | sps  2122] ret_mean=5.000 ep_len=500.0 pi_loss=-0.011 v_loss=0.001 ent=3.147 kl=0.0198
        [eval] ret_mean=5.917 ep_len=500.0
[upd   76 | steps   38912 | t   21.6s | sps  1799] ret_mean=0.000 ep_len=500.0 pi_loss=-0.015 v_loss=0.001 ent=3.201 kl=0.0126
[upd   77 | steps   39424 | t   21.8s | sps  1811] ret_mean=13.000 ep_len=500.0 pi_loss=-0.011 v_loss=0.258 ent=3.204 kl=0.0041
[upd   78 | steps   39936 | t   21.9s | sps  1823] ret_mean=24.500 ep_len=500.0 pi_loss=-0.011 v_loss=0.580 ent=3.120 kl=0.0041
[upd   79 | steps   40448 | t   22.1s | sps  1834] ret_mean=3.000 ep_len=500.0 pi_loss=-0.017 v_loss=0.032 ent=3.111 kl=-0.0009
[upd   80 | steps   40960 | t   22.2s | sps  1845] ret_mean=0.000 ep_len=500.0 pi_loss=-0.009 v_loss=0.004 ent=3.165 kl=0.0028
[upd   81 | steps   41472 | t   22.3s | sps  1856] ret_mean=0.000 ep_len=500.0 pi_loss=-0.016 v_loss=0.002 ent=3.089 kl=0.0176
[upd   82 | steps   41984 | t   22.5s | sps  1867] ret_mean=0.000 ep_len=500.0 pi_loss=-0.009 v_loss=0.001 ent=3.280 kl=0.0113
[upd   83 | steps   42496 | t   22.6s | sps  1878] ret_mean=0.500 ep_len=500.0 pi_loss=-0.009 v_loss=0.002 ent=3.167 kl=0.0016
[upd   84 | steps   43008 | t   22.8s | sps  1889] ret_mean=0.000 ep_len=500.0 pi_loss=-0.011 v_loss=0.001 ent=3.025 kl=0.0022
[upd   85 | steps   43520 | t   22.9s | sps  1899] ret_mean=0.000 ep_len=500.0 pi_loss=-0.011 v_loss=0.001 ent=3.083 kl=0.0108
[upd   86 | steps   44032 | t   23.1s | sps  1909] ret_mean=0.000 ep_len=500.0 pi_loss=-0.015 v_loss=0.001 ent=3.102 kl=0.0189
[upd   87 | steps   44544 | t   23.2s | sps  1919] ret_mean=0.000 ep_len=500.0 pi_loss=-0.014 v_loss=1.093 ent=2.857 kl=0.0043
[upd   88 | steps   45056 | t   23.4s | sps  1929] ret_mean=40.000 ep_len=500.0 pi_loss=-0.011 v_loss=0.540 ent=2.853 kl=0.0022
[upd   89 | steps   45568 | t   23.5s | sps  1940] ret_mean=20.000 ep_len=500.0 pi_loss=-0.014 v_loss=0.168 ent=2.987 kl=0.0090
[upd   90 | steps   46080 | t   23.6s | sps  1950] ret_mean=19.000 ep_len=500.0 pi_loss=-0.012 v_loss=0.713 ent=2.699 kl=0.0180
[upd   91 | steps   46592 | t   23.8s | sps  1959] ret_mean=0.000 ep_len=500.0 pi_loss=-0.014 v_loss=0.006 ent=2.860 kl=0.0177
[upd   92 | steps   47104 | t   23.9s | sps  1969] ret_mean=0.000 ep_len=500.0 pi_loss=-0.010 v_loss=0.066 ent=2.917 kl=0.0050
[upd   93 | steps   47616 | t   24.1s | sps  1978] ret_mean=12.500 ep_len=500.0 pi_loss=-0.013 v_loss=0.545 ent=2.963 kl=0.0043
[upd   94 | steps   48128 | t   24.2s | sps  1988] ret_mean=13.000 ep_len=500.0 pi_loss=-0.008 v_loss=0.006 ent=3.352 kl=0.0036
[upd   95 | steps   48640 | t   24.4s | sps  1997] ret_mean=0.000 ep_len=500.0 pi_loss=-0.017 v_loss=0.002 ent=3.318 kl=0.0079
[upd   96 | steps   49152 | t   24.5s | sps  2006] ret_mean=4.000 ep_len=500.0 pi_loss=-0.011 v_loss=0.082 ent=3.207 kl=0.0043
[upd   97 | steps   49664 | t   24.6s | sps  2015] ret_mean=0.000 ep_len=500.0 pi_loss=-0.007 v_loss=0.002 ent=3.268 kl=0.0079
[upd   98 | steps   50176 | t   24.8s | sps  2025] ret_mean=4.500 ep_len=500.0 pi_loss=-0.009 v_loss=0.072 ent=2.924 kl=0.0044
[upd   99 | steps   50688 | t   24.9s | sps  2033] ret_mean=0.000 ep_len=500.0 pi_loss=-0.013 v_loss=0.002 ent=3.170 kl=-0.0005
[upd  100 | steps   51200 | t   25.1s | sps  2042] ret_mean=0.000 ep_len=500.0 pi_loss=-0.010 v_loss=0.198 ent=3.082 kl=0.0001
        [eval] ret_mean=4.167 ep_len=500.0
[upd  101 | steps   51712 | t   28.6s | sps  1807] ret_mean=62.000 ep_len=500.0 pi_loss=-0.015 v_loss=2.386 ent=2.768 kl=0.0091
[upd  102 | steps   52224 | t   28.8s | sps  1815] ret_mean=35.500 ep_len=500.0 pi_loss=-0.013 v_loss=1.326 ent=2.841 kl=0.0114
[upd  103 | steps   52736 | t   28.9s | sps  1823] ret_mean=3.500 ep_len=500.0 pi_loss=-0.012 v_loss=0.062 ent=3.175 kl=0.0025
[upd  104 | steps   53248 | t   29.1s | sps  1831] ret_mean=0.000 ep_len=500.0 pi_loss=-0.010 v_loss=0.003 ent=3.115 kl=0.0110
[upd  105 | steps   53760 | t   29.2s | sps  1840] ret_mean=0.000 ep_len=500.0 pi_loss=-0.011 v_loss=0.284 ent=3.136 kl=0.0075
[upd  106 | steps   54272 | t   29.4s | sps  1849] ret_mean=83.000 ep_len=500.0 pi_loss=-0.010 v_loss=2.983 ent=2.561 kl=0.0069
[upd  107 | steps   54784 | t   29.5s | sps  1857] ret_mean=55.000 ep_len=500.0 pi_loss=-0.011 v_loss=2.111 ent=2.593 kl=0.0127
[upd  108 | steps   55296 | t   29.6s | sps  1866] ret_mean=24.000 ep_len=500.0 pi_loss=-0.015 v_loss=1.043 ent=2.830 kl=0.0011
[upd  109 | steps   55808 | t   29.8s | sps  1873] ret_mean=50.500 ep_len=500.0 pi_loss=-0.014 v_loss=1.440 ent=2.647 kl=0.0154
[upd  110 | steps   56320 | t   29.9s | sps  1882] ret_mean=34.000 ep_len=500.0 pi_loss=-0.010 v_loss=1.563 ent=2.416 kl=0.0026
[upd  111 | steps   56832 | t   30.1s | sps  1889] ret_mean=26.000 ep_len=500.0 pi_loss=-0.009 v_loss=0.193 ent=3.057 kl=0.0088
[upd  112 | steps   57344 | t   30.2s | sps  1897] ret_mean=15.000 ep_len=500.0 pi_loss=-0.011 v_loss=0.422 ent=2.868 kl=0.0032
[upd  113 | steps   57856 | t   30.4s | sps  1904] ret_mean=0.000 ep_len=500.0 pi_loss=-0.012 v_loss=0.086 ent=3.016 kl=0.0079
[upd  114 | steps   58368 | t   30.5s | sps  1912] ret_mean=4.500 ep_len=500.0 pi_loss=-0.015 v_loss=0.047 ent=3.032 kl=0.0072
[upd  115 | steps   58880 | t   30.7s | sps  1920] ret_mean=6.500 ep_len=500.0 pi_loss=-0.013 v_loss=0.133 ent=2.914 kl=0.0083
[upd  116 | steps   59392 | t   30.8s | sps  1927] ret_mean=0.000 ep_len=500.0 pi_loss=-0.015 v_loss=0.102 ent=2.954 kl=0.0140
[upd  117 | steps   59904 | t   31.0s | sps  1935] ret_mean=5.000 ep_len=500.0 pi_loss=-0.019 v_loss=0.076 ent=3.111 kl=0.0063
[upd  118 | steps   60416 | t   31.1s | sps  1943] ret_mean=6.500 ep_len=500.0 pi_loss=-0.013 v_loss=0.012 ent=2.935 kl=0.0124
[upd  119 | steps   60928 | t   31.2s | sps  1950] ret_mean=5.500 ep_len=500.0 pi_loss=-0.013 v_loss=0.142 ent=3.065 kl=-0.0016
[upd  120 | steps   61440 | t   31.4s | sps  1957] ret_mean=3.500 ep_len=500.0 pi_loss=-0.011 v_loss=1.090 ent=3.133 kl=0.0030
[upd  121 | steps   61952 | t   31.5s | sps  1965] ret_mean=40.500 ep_len=500.0 pi_loss=-0.011 v_loss=0.060 ent=3.107 kl=0.0045
[upd  122 | steps   62464 | t   31.7s | sps  1972] ret_mean=0.000 ep_len=500.0 pi_loss=-0.014 v_loss=0.009 ent=3.095 kl=0.0155
[upd  123 | steps   62976 | t   31.8s | sps  1979] ret_mean=0.000 ep_len=500.0 pi_loss=-0.014 v_loss=0.007 ent=2.936 kl=0.0055
[upd  124 | steps   63488 | t   32.0s | sps  1985] ret_mean=0.000 ep_len=500.0 pi_loss=-0.011 v_loss=0.011 ent=3.202 kl=-0.0016
[upd  125 | steps   64000 | t   32.1s | sps  1992] ret_mean=1.000 ep_len=500.0 pi_loss=-0.015 v_loss=3.396 ent=2.581 kl=0.0015
        [eval] ret_mean=3.983 ep_len=500.0
[upd  126 | steps   64512 | t   35.7s | sps  1809] ret_mean=0.000 ep_len=500.0 pi_loss=-0.010 v_loss=0.016 ent=3.013 kl=0.0061
[upd  127 | steps   65024 | t   35.8s | sps  1816] ret_mean=6.000 ep_len=500.0 pi_loss=-0.017 v_loss=0.198 ent=3.212 kl=0.0109
[upd  128 | steps   65536 | t   36.0s | sps  1822] ret_mean=23.000 ep_len=500.0 pi_loss=-0.013 v_loss=0.651 ent=2.808 kl=0.0201
[upd  129 | steps   66048 | t   36.1s | sps  1829] ret_mean=0.000 ep_len=500.0 pi_loss=-0.015 v_loss=0.019 ent=2.938 kl=0.0075
[upd  130 | steps   66560 | t   36.3s | sps  1836] ret_mean=0.000 ep_len=500.0 pi_loss=-0.015 v_loss=0.009 ent=2.961 kl=0.0136
[upd  131 | steps   67072 | t   36.4s | sps  1843] ret_mean=0.000 ep_len=500.0 pi_loss=-0.012 v_loss=0.024 ent=2.788 kl=0.0050
[upd  132 | steps   67584 | t   36.5s | sps  1850] ret_mean=26.500 ep_len=500.0 pi_loss=-0.009 v_loss=1.349 ent=2.429 kl=0.0067
[upd  133 | steps   68096 | t   36.7s | sps  1857] ret_mean=46.000 ep_len=500.0 pi_loss=-0.011 v_loss=1.336 ent=2.759 kl=0.0076
[upd  134 | steps   68608 | t   36.8s | sps  1863] ret_mean=0.000 ep_len=500.0 pi_loss=-0.014 v_loss=0.006 ent=3.171 kl=0.0067
[upd  135 | steps   69120 | t   37.0s | sps  1870] ret_mean=0.000 ep_len=500.0 pi_loss=-0.015 v_loss=0.010 ent=2.857 kl=0.0204
[upd  136 | steps   69632 | t   37.1s | sps  1876] ret_mean=0.000 ep_len=500.0 pi_loss=-0.011 v_loss=1.281 ent=2.962 kl=0.0067
[upd  137 | steps   70144 | t   37.3s | sps  1882] ret_mean=51.500 ep_len=500.0 pi_loss=-0.010 v_loss=0.819 ent=3.129 kl=0.0066
[upd  138 | steps   70656 | t   37.4s | sps  1888] ret_mean=3.000 ep_len=500.0 pi_loss=-0.014 v_loss=0.019 ent=3.030 kl=0.0039
[upd  139 | steps   71168 | t   37.6s | sps  1895] ret_mean=4.500 ep_len=500.0 pi_loss=-0.016 v_loss=0.082 ent=3.163 kl=0.0095
[upd  140 | steps   71680 | t   37.7s | sps  1901] ret_mean=0.000 ep_len=500.0 pi_loss=-0.013 v_loss=0.006 ent=3.219 kl=0.0093
[upd  141 | steps   72192 | t   37.9s | sps  1907] ret_mean=0.000 ep_len=500.0 pi_loss=-0.013 v_loss=0.018 ent=2.978 kl=0.0299
[upd  142 | steps   72704 | t   38.0s | sps  1913] ret_mean=0.000 ep_len=500.0 pi_loss=-0.013 v_loss=0.011 ent=2.980 kl=0.0048
[upd  143 | steps   73216 | t   38.2s | sps  1919] ret_mean=36.500 ep_len=500.0 pi_loss=-0.011 v_loss=2.186 ent=2.599 kl=0.0105
[upd  144 | steps   73728 | t   38.3s | sps  1925] ret_mean=44.500 ep_len=500.0 pi_loss=-0.018 v_loss=1.259 ent=2.582 kl=0.0174
[upd  145 | steps   74240 | t   38.4s | sps  1931] ret_mean=23.500 ep_len=500.0 pi_loss=-0.008 v_loss=0.266 ent=2.519 kl=0.0163
[upd  146 | steps   74752 | t   38.6s | sps  1937] ret_mean=17.000 ep_len=500.0 pi_loss=-0.015 v_loss=0.489 ent=2.831 kl=0.0024
[upd  147 | steps   75264 | t   38.7s | sps  1943] ret_mean=0.000 ep_len=500.0 pi_loss=-0.019 v_loss=0.029 ent=3.120 kl=0.0100
[upd  148 | steps   75776 | t   38.9s | sps  1949] ret_mean=49.500 ep_len=500.0 pi_loss=-0.011 v_loss=3.276 ent=1.922 kl=0.0121
[upd  149 | steps   76288 | t   39.0s | sps  1955] ret_mean=34.000 ep_len=500.0 pi_loss=-0.013 v_loss=0.020 ent=2.765 kl=0.0127
[upd  150 | steps   76800 | t   39.2s | sps  1961] ret_mean=0.000 ep_len=500.0 pi_loss=-0.012 v_loss=0.629 ent=2.703 kl=0.0040
        [eval] ret_mean=6.017 ep_len=500.0
[upd  151 | steps   77312 | t   42.7s | sps  1811] ret_mean=5.000 ep_len=500.0 pi_loss=-0.008 v_loss=0.103 ent=2.912 kl=0.0033
[upd  152 | steps   77824 | t   42.8s | sps  1817] ret_mean=0.000 ep_len=500.0 pi_loss=-0.017 v_loss=0.021 ent=2.941 kl=0.0048
[upd  153 | steps   78336 | t   43.0s | sps  1823] ret_mean=45.500 ep_len=500.0 pi_loss=-0.017 v_loss=1.824 ent=3.084 kl=0.0030
[upd  154 | steps   78848 | t   43.1s | sps  1828] ret_mean=0.000 ep_len=500.0 pi_loss=-0.017 v_loss=0.009 ent=3.305 kl=0.0088
[upd  155 | steps   79360 | t   43.3s | sps  1834] ret_mean=20.500 ep_len=500.0 pi_loss=-0.010 v_loss=0.657 ent=2.387 kl=0.0071
[upd  156 | steps   79872 | t   43.4s | sps  1840] ret_mean=31.500 ep_len=500.0 pi_loss=-0.016 v_loss=0.680 ent=2.830 kl=0.0014
[upd  157 | steps   80384 | t   43.5s | sps  1846] ret_mean=28.500 ep_len=500.0 pi_loss=-0.014 v_loss=1.048 ent=2.727 kl=0.0186
[upd  158 | steps   80896 | t   43.7s | sps  1851] ret_mean=1.000 ep_len=500.0 pi_loss=-0.011 v_loss=0.617 ent=2.924 kl=0.0030
[upd  159 | steps   81408 | t   43.8s | sps  1857] ret_mean=86.500 ep_len=500.0 pi_loss=-0.012 v_loss=3.320 ent=1.881 kl=0.0091
[upd  160 | steps   81920 | t   44.0s | sps  1862] ret_mean=72.500 ep_len=500.0 pi_loss=-0.013 v_loss=1.946 ent=2.547 kl=0.0067
[upd  161 | steps   82432 | t   44.1s | sps  1868] ret_mean=12.500 ep_len=500.0 pi_loss=-0.018 v_loss=0.288 ent=2.593 kl=0.0131
[upd  162 | steps   82944 | t   44.3s | sps  1873] ret_mean=38.500 ep_len=500.0 pi_loss=-0.014 v_loss=0.992 ent=2.764 kl=-0.0049
[upd  163 | steps   83456 | t   44.4s | sps  1879] ret_mean=0.000 ep_len=500.0 pi_loss=-0.012 v_loss=0.061 ent=2.057 kl=0.0106
[upd  164 | steps   83968 | t   44.6s | sps  1884] ret_mean=0.000 ep_len=500.0 pi_loss=-0.013 v_loss=1.576 ent=2.365 kl=0.0068
[upd  165 | steps   84480 | t   44.7s | sps  1888] ret_mean=108.500 ep_len=500.0 pi_loss=-0.012 v_loss=2.918 ent=2.271 kl=0.0102
[upd  166 | steps   84992 | t   44.9s | sps  1893] ret_mean=0.000 ep_len=500.0 pi_loss=-0.011 v_loss=0.018 ent=2.793 kl=0.0021
[upd  167 | steps   85504 | t   45.1s | sps  1897] ret_mean=0.000 ep_len=500.0 pi_loss=-0.015 v_loss=0.041 ent=2.796 kl=0.0088
[upd  168 | steps   86016 | t   45.2s | sps  1902] ret_mean=0.000 ep_len=500.0 pi_loss=-0.012 v_loss=1.454 ent=2.696 kl=0.0029
[upd  169 | steps   86528 | t   45.4s | sps  1907] ret_mean=54.000 ep_len=500.0 pi_loss=-0.012 v_loss=0.386 ent=2.529 kl=-0.0008
[upd  170 | steps   87040 | t   45.5s | sps  1912] ret_mean=61.000 ep_len=500.0 pi_loss=-0.019 v_loss=2.476 ent=2.419 kl=0.0119
[upd  171 | steps   87552 | t   45.7s | sps  1917] ret_mean=40.000 ep_len=500.0 pi_loss=-0.016 v_loss=1.376 ent=2.524 kl=0.0013
[upd  172 | steps   88064 | t   45.8s | sps  1922] ret_mean=45.000 ep_len=500.0 pi_loss=-0.013 v_loss=0.449 ent=2.663 kl=0.0216
[upd  173 | steps   88576 | t   46.0s | sps  1927] ret_mean=52.500 ep_len=500.0 pi_loss=-0.008 v_loss=1.630 ent=1.987 kl=0.0174
[upd  174 | steps   89088 | t   46.1s | sps  1932] ret_mean=0.000 ep_len=500.0 pi_loss=-0.016 v_loss=0.012 ent=2.532 kl=0.0195
[upd  175 | steps   89600 | t   46.3s | sps  1937] ret_mean=0.000 ep_len=500.0 pi_loss=-0.014 v_loss=0.048 ent=2.845 kl=0.0019
        [eval] ret_mean=8.317 ep_len=500.0
[upd  176 | steps   90112 | t   50.0s | sps  1803] ret_mean=10.000 ep_len=500.0 pi_loss=-0.010 v_loss=0.322 ent=2.773 kl=0.0126
[upd  177 | steps   90624 | t   50.1s | sps  1808] ret_mean=59.500 ep_len=500.0 pi_loss=-0.013 v_loss=2.140 ent=2.512 kl=0.0058
[upd  178 | steps   91136 | t   50.3s | sps  1813] ret_mean=112.500 ep_len=500.0 pi_loss=-0.007 v_loss=4.184 ent=1.867 kl=0.0022
[upd  179 | steps   91648 | t   50.4s | sps  1818] ret_mean=0.000 ep_len=500.0 pi_loss=-0.008 v_loss=0.021 ent=2.523 kl=0.0091
[upd  180 | steps   92160 | t   50.6s | sps  1823] ret_mean=0.000 ep_len=500.0 pi_loss=-0.014 v_loss=0.021 ent=2.774 kl=-0.0012
[upd  181 | steps   92672 | t   50.7s | sps  1828] ret_mean=0.000 ep_len=500.0 pi_loss=-0.012 v_loss=0.021 ent=2.792 kl=0.0068
[upd  182 | steps   93184 | t   50.9s | sps  1832] ret_mean=38.000 ep_len=500.0 pi_loss=-0.008 v_loss=1.745 ent=2.385 kl=0.0117
[upd  183 | steps   93696 | t   51.0s | sps  1837] ret_mean=25.000 ep_len=500.0 pi_loss=-0.013 v_loss=1.803 ent=2.743 kl=0.0036
[upd  184 | steps   94208 | t   51.1s | sps  1842] ret_mean=54.000 ep_len=500.0 pi_loss=-0.016 v_loss=1.442 ent=2.808 kl=-0.0028
[upd  185 | steps   94720 | t   51.3s | sps  1847] ret_mean=84.500 ep_len=500.0 pi_loss=-0.011 v_loss=2.868 ent=2.190 kl=0.0137
[upd  186 | steps   95232 | t   51.4s | sps  1851] ret_mean=9.000 ep_len=500.0 pi_loss=-0.012 v_loss=0.168 ent=2.967 kl=0.0071
[upd  187 | steps   95744 | t   51.6s | sps  1856] ret_mean=25.000 ep_len=500.0 pi_loss=-0.013 v_loss=0.602 ent=2.816 kl=0.0113
[upd  188 | steps   96256 | t   51.7s | sps  1861] ret_mean=14.000 ep_len=500.0 pi_loss=-0.013 v_loss=1.643 ent=2.616 kl=0.0109
[upd  189 | steps   96768 | t   51.9s | sps  1866] ret_mean=113.000 ep_len=500.0 pi_loss=-0.014 v_loss=3.439 ent=2.040 kl=0.0129
[upd  190 | steps   97280 | t   52.0s | sps  1870] ret_mean=58.500 ep_len=500.0 pi_loss=-0.012 v_loss=2.242 ent=2.070 kl=0.0132
[upd  191 | steps   97792 | t   52.2s | sps  1875] ret_mean=0.000 ep_len=500.0 pi_loss=-0.012 v_loss=1.829 ent=2.637 kl=0.0084
[upd  192 | steps   98304 | t   52.3s | sps  1880] ret_mean=117.500 ep_len=500.0 pi_loss=-0.005 v_loss=3.894 ent=1.836 kl=0.0064
[upd  193 | steps   98816 | t   52.4s | sps  1884] ret_mean=93.500 ep_len=500.0 pi_loss=-0.009 v_loss=2.455 ent=2.254 kl=0.0027
[upd  194 | steps   99328 | t   52.6s | sps  1889] ret_mean=99.500 ep_len=500.0 pi_loss=-0.008 v_loss=8.641 ent=1.661 kl=0.0022
[upd  195 | steps   99840 | t   52.7s | sps  1893] ret_mean=157.000 ep_len=500.0 pi_loss=-0.013 v_loss=5.209 ent=1.884 kl=0.0101
[upd  196 | steps  100352 | t   52.9s | sps  1898] ret_mean=103.500 ep_len=500.0 pi_loss=-0.013 v_loss=3.727 ent=1.895 kl=0.0101
[upd  197 | steps  100864 | t   53.0s | sps  1902] ret_mean=32.500 ep_len=500.0 pi_loss=-0.010 v_loss=0.167 ent=2.957 kl=-0.0015
[upd  198 | steps  101376 | t   53.2s | sps  1907] ret_mean=0.000 ep_len=500.0 pi_loss=-0.010 v_loss=1.111 ent=2.660 kl=0.0067
[upd  199 | steps  101888 | t   53.3s | sps  1911] ret_mean=28.000 ep_len=500.0 pi_loss=-0.018 v_loss=1.211 ent=2.778 kl=0.0024
[upd  200 | steps  102400 | t   53.5s | sps  1915] ret_mean=32.000 ep_len=500.0 pi_loss=-0.014 v_loss=2.389 ent=2.505 kl=0.0017
        [eval] ret_mean=4.167 ep_len=500.0
[upd  201 | steps  102912 | t   57.2s | sps  1801] ret_mean=65.500 ep_len=500.0 pi_loss=-0.013 v_loss=1.910 ent=2.487 kl=-0.0008
[upd  202 | steps  103424 | t   57.3s | sps  1805] ret_mean=0.000 ep_len=500.0 pi_loss=-0.018 v_loss=0.187 ent=2.526 kl=0.0098
[upd  203 | steps  103936 | t   57.4s | sps  1809] ret_mean=34.500 ep_len=500.0 pi_loss=-0.014 v_loss=1.399 ent=2.641 kl=0.0141
[upd  204 | steps  104448 | t   57.6s | sps  1814] ret_mean=91.000 ep_len=500.0 pi_loss=-0.010 v_loss=3.217 ent=1.764 kl=0.0050
[upd  205 | steps  104960 | t   57.7s | sps  1818] ret_mean=106.000 ep_len=500.0 pi_loss=-0.008 v_loss=3.416 ent=1.875 kl=0.0056
[upd  206 | steps  105472 | t   57.9s | sps  1823] ret_mean=50.500 ep_len=500.0 pi_loss=-0.014 v_loss=1.197 ent=2.546 kl=0.0107
[upd  207 | steps  105984 | t   58.0s | sps  1827] ret_mean=84.000 ep_len=500.0 pi_loss=-0.011 v_loss=3.087 ent=1.836 kl=0.0061
[upd  208 | steps  106496 | t   58.1s | sps  1832] ret_mean=115.500 ep_len=500.0 pi_loss=-0.012 v_loss=3.616 ent=1.619 kl=0.0191
[upd  209 | steps  107008 | t   58.3s | sps  1836] ret_mean=117.500 ep_len=500.0 pi_loss=-0.011 v_loss=3.138 ent=1.804 kl=0.0083
[upd  210 | steps  107520 | t   58.4s | sps  1840] ret_mean=0.000 ep_len=500.0 pi_loss=-0.016 v_loss=0.282 ent=3.156 kl=0.0087
[upd  211 | steps  108032 | t   58.6s | sps  1844] ret_mean=39.500 ep_len=500.0 pi_loss=-0.015 v_loss=1.253 ent=2.824 kl=0.0102
[upd  212 | steps  108544 | t   58.7s | sps  1848] ret_mean=0.000 ep_len=500.0 pi_loss=-0.017 v_loss=0.698 ent=2.965 kl=0.0140
[upd  213 | steps  109056 | t   58.9s | sps  1852] ret_mean=48.500 ep_len=500.0 pi_loss=-0.013 v_loss=2.224 ent=2.496 kl=0.0046
[upd  214 | steps  109568 | t   59.0s | sps  1856] ret_mean=120.000 ep_len=500.0 pi_loss=-0.009 v_loss=3.174 ent=1.678 kl=0.0065
[upd  215 | steps  110080 | t   59.2s | sps  1860] ret_mean=35.000 ep_len=500.0 pi_loss=-0.008 v_loss=1.537 ent=2.570 kl=0.0084
[upd  216 | steps  110592 | t   59.3s | sps  1864] ret_mean=0.000 ep_len=500.0 pi_loss=-0.011 v_loss=0.374 ent=2.974 kl=0.0084
[upd  217 | steps  111104 | t   59.5s | sps  1868] ret_mean=75.000 ep_len=500.0 pi_loss=-0.011 v_loss=8.312 ent=1.502 kl=0.0125
[upd  218 | steps  111616 | t   59.6s | sps  1873] ret_mean=174.500 ep_len=500.0 pi_loss=-0.012 v_loss=7.012 ent=1.456 kl=0.0120
[upd  219 | steps  112128 | t   59.7s | sps  1877] ret_mean=125.500 ep_len=500.0 pi_loss=-0.008 v_loss=2.911 ent=1.803 kl=0.0127
[upd  220 | steps  112640 | t   59.9s | sps  1881] ret_mean=0.000 ep_len=500.0 pi_loss=-0.010 v_loss=8.022 ent=2.250 kl=0.0125
[upd  221 | steps  113152 | t   60.0s | sps  1885] ret_mean=171.000 ep_len=500.0 pi_loss=-0.011 v_loss=10.814 ent=0.996 kl=0.0042
[upd  222 | steps  113664 | t   60.2s | sps  1889] ret_mean=194.500 ep_len=500.0 pi_loss=-0.015 v_loss=4.900 ent=1.903 kl=0.0120
[upd  223 | steps  114176 | t   60.3s | sps  1893] ret_mean=109.000 ep_len=500.0 pi_loss=-0.012 v_loss=2.273 ent=1.888 kl=0.0104
[upd  224 | steps  114688 | t   60.5s | sps  1897] ret_mean=12.500 ep_len=500.0 pi_loss=-0.011 v_loss=1.874 ent=2.071 kl=0.0003
[upd  225 | steps  115200 | t   60.6s | sps  1901] ret_mean=109.500 ep_len=500.0 pi_loss=-0.012 v_loss=6.560 ent=1.444 kl=0.0085
        [eval] ret_mean=23.133 ep_len=500.0
[upd  226 | steps  115712 | t   64.2s | sps  1802] ret_mean=74.500 ep_len=500.0 pi_loss=-0.009 v_loss=2.131 ent=2.028 kl=0.0022
[upd  227 | steps  116224 | t   64.4s | sps  1806] ret_mean=121.000 ep_len=500.0 pi_loss=-0.008 v_loss=4.035 ent=1.641 kl=0.0108
[upd  228 | steps  116736 | t   64.5s | sps  1810] ret_mean=124.500 ep_len=500.0 pi_loss=-0.012 v_loss=4.965 ent=1.297 kl=0.0103
[upd  229 | steps  117248 | t   64.6s | sps  1814] ret_mean=116.500 ep_len=500.0 pi_loss=-0.012 v_loss=2.999 ent=1.280 kl=0.0042
[upd  230 | steps  117760 | t   64.8s | sps  1818] ret_mean=123.000 ep_len=500.0 pi_loss=-0.010 v_loss=3.023 ent=1.418 kl=0.0063
[upd  231 | steps  118272 | t   64.9s | sps  1821] ret_mean=65.000 ep_len=500.0 pi_loss=-0.011 v_loss=1.296 ent=2.226 kl=0.0041
[upd  232 | steps  118784 | t   65.1s | sps  1825] ret_mean=0.000 ep_len=500.0 pi_loss=-0.008 v_loss=2.586 ent=2.278 kl=0.0032
[upd  233 | steps  119296 | t   65.2s | sps  1829] ret_mean=183.500 ep_len=500.0 pi_loss=-0.010 v_loss=9.136 ent=1.374 kl=0.0113
[upd  234 | steps  119808 | t   65.4s | sps  1833] ret_mean=194.500 ep_len=500.0 pi_loss=-0.007 v_loss=8.730 ent=1.286 kl=0.0082
[upd  235 | steps  120320 | t   65.5s | sps  1837] ret_mean=163.500 ep_len=500.0 pi_loss=-0.013 v_loss=5.306 ent=1.312 kl=0.0065
[upd  236 | steps  120832 | t   65.6s | sps  1841] ret_mean=31.000 ep_len=500.0 pi_loss=-0.012 v_loss=2.283 ent=1.957 kl=0.0059
[upd  237 | steps  121344 | t   65.8s | sps  1844] ret_mean=76.000 ep_len=500.0 pi_loss=-0.010 v_loss=3.323 ent=1.689 kl=0.0112
[upd  238 | steps  121856 | t   65.9s | sps  1848] ret_mean=30.500 ep_len=500.0 pi_loss=-0.015 v_loss=4.459 ent=1.859 kl=-0.0023
[upd  239 | steps  122368 | t   66.1s | sps  1852] ret_mean=174.500 ep_len=500.0 pi_loss=-0.005 v_loss=3.217 ent=1.235 kl=0.0068
[upd  240 | steps  122880 | t   66.2s | sps  1856] ret_mean=85.000 ep_len=500.0 pi_loss=-0.013 v_loss=3.461 ent=1.428 kl=0.0128
[upd  241 | steps  123392 | t   66.4s | sps  1860] ret_mean=104.500 ep_len=500.0 pi_loss=-0.015 v_loss=2.976 ent=1.340 kl=0.0234
[upd  242 | steps  123904 | t   66.5s | sps  1863] ret_mean=64.000 ep_len=500.0 pi_loss=-0.009 v_loss=2.728 ent=1.709 kl=0.0053
[upd  243 | steps  124416 | t   66.6s | sps  1867] ret_mean=104.500 ep_len=500.0 pi_loss=-0.010 v_loss=3.506 ent=1.408 kl=0.0099
[upd  244 | steps  124928 | t   66.8s | sps  1871] ret_mean=74.000 ep_len=500.0 pi_loss=-0.017 v_loss=1.751 ent=2.199 kl=0.0023
[upd  245 | steps  125440 | t   66.9s | sps  1874] ret_mean=58.500 ep_len=500.0 pi_loss=-0.014 v_loss=1.760 ent=2.285 kl=0.0019
[upd  246 | steps  125952 | t   67.1s | sps  1878] ret_mean=38.000 ep_len=500.0 pi_loss=-0.012 v_loss=1.504 ent=2.182 kl=0.0092
[upd  247 | steps  126464 | t   67.2s | sps  1881] ret_mean=81.000 ep_len=500.0 pi_loss=-0.007 v_loss=2.277 ent=1.474 kl=0.0037
[upd  248 | steps  126976 | t   67.4s | sps  1885] ret_mean=81.500 ep_len=500.0 pi_loss=-0.014 v_loss=2.494 ent=2.044 kl=0.0082
[upd  249 | steps  127488 | t   67.5s | sps  1889] ret_mean=92.500 ep_len=500.0 pi_loss=-0.009 v_loss=2.815 ent=1.546 kl=0.0030
[upd  250 | steps  128000 | t   67.7s | sps  1892] ret_mean=63.500 ep_len=500.0 pi_loss=-0.015 v_loss=3.464 ent=2.268 kl=0.0113
        [eval] ret_mean=35.750 ep_len=500.0
[upd  251 | steps  128512 | t   71.3s | sps  1803] ret_mean=37.000 ep_len=500.0 pi_loss=-0.019 v_loss=1.420 ent=2.306 kl=0.0220
[upd  252 | steps  129024 | t   71.4s | sps  1807] ret_mean=20.000 ep_len=500.0 pi_loss=-0.014 v_loss=1.461 ent=2.390 kl=0.0141
[upd  253 | steps  129536 | t   71.6s | sps  1810] ret_mean=55.000 ep_len=500.0 pi_loss=-0.007 v_loss=1.686 ent=2.211 kl=0.0063
[upd  254 | steps  130048 | t   71.7s | sps  1814] ret_mean=103.000 ep_len=500.0 pi_loss=-0.011 v_loss=3.407 ent=1.628 kl=0.0137
[upd  255 | steps  130560 | t   71.8s | sps  1817] ret_mean=24.000 ep_len=500.0 pi_loss=-0.006 v_loss=1.898 ent=1.930 kl=0.0105
[upd  256 | steps  131072 | t   72.0s | sps  1821] ret_mean=81.500 ep_len=500.0 pi_loss=-0.011 v_loss=3.428 ent=1.731 kl=0.0110
[upd  257 | steps  131584 | t   72.1s | sps  1824] ret_mean=15.500 ep_len=500.0 pi_loss=-0.010 v_loss=1.635 ent=2.370 kl=0.0014
[upd  258 | steps  132096 | t   72.3s | sps  1828] ret_mean=66.000 ep_len=500.0 pi_loss=-0.012 v_loss=1.566 ent=2.151 kl=-0.0018
[upd  259 | steps  132608 | t   72.4s | sps  1831] ret_mean=52.500 ep_len=500.0 pi_loss=-0.014 v_loss=2.442 ent=2.514 kl=-0.0024
[upd  260 | steps  133120 | t   72.6s | sps  1835] ret_mean=138.500 ep_len=500.0 pi_loss=-0.014 v_loss=5.328 ent=1.589 kl=0.0143
[upd  261 | steps  133632 | t   72.7s | sps  1838] ret_mean=108.500 ep_len=500.0 pi_loss=-0.011 v_loss=2.644 ent=1.788 kl=0.0064
[upd  262 | steps  134144 | t   72.8s | sps  1841] ret_mean=79.000 ep_len=500.0 pi_loss=-0.016 v_loss=1.377 ent=2.043 kl=0.0106
[upd  263 | steps  134656 | t   73.0s | sps  1845] ret_mean=124.500 ep_len=500.0 pi_loss=-0.012 v_loss=2.783 ent=1.393 kl=0.0143
[upd  264 | steps  135168 | t   73.1s | sps  1848] ret_mean=127.500 ep_len=500.0 pi_loss=-0.008 v_loss=4.480 ent=1.041 kl=0.0054
[upd  265 | steps  135680 | t   73.3s | sps  1852] ret_mean=49.000 ep_len=500.0 pi_loss=-0.010 v_loss=1.306 ent=2.481 kl=0.0112
[upd  266 | steps  136192 | t   73.4s | sps  1855] ret_mean=0.000 ep_len=500.0 pi_loss=-0.021 v_loss=4.459 ent=2.077 kl=0.0012
[upd  267 | steps  136704 | t   73.6s | sps  1858] ret_mean=181.000 ep_len=500.0 pi_loss=-0.007 v_loss=4.053 ent=1.103 kl=0.0099
[upd  268 | steps  137216 | t   73.7s | sps  1862] ret_mean=108.000 ep_len=500.0 pi_loss=-0.007 v_loss=3.798 ent=1.084 kl=-0.0014
[upd  269 | steps  137728 | t   73.8s | sps  1865] ret_mean=133.500 ep_len=500.0 pi_loss=-0.009 v_loss=3.136 ent=1.055 kl=0.0062
[upd  270 | steps  138240 | t   74.0s | sps  1869] ret_mean=102.500 ep_len=500.0 pi_loss=-0.012 v_loss=6.713 ent=1.261 kl=0.0064
[upd  271 | steps  138752 | t   74.1s | sps  1872] ret_mean=136.500 ep_len=500.0 pi_loss=-0.012 v_loss=2.963 ent=1.788 kl=0.0136
[upd  272 | steps  139264 | t   74.3s | sps  1875] ret_mean=48.000 ep_len=500.0 pi_loss=-0.012 v_loss=0.720 ent=2.266 kl=0.0204
[upd  273 | steps  139776 | t   74.4s | sps  1879] ret_mean=25.000 ep_len=500.0 pi_loss=-0.009 v_loss=9.188 ent=1.134 kl=0.0107
[upd  274 | steps  140288 | t   74.5s | sps  1882] ret_mean=193.500 ep_len=500.0 pi_loss=-0.010 v_loss=3.146 ent=1.428 kl=0.0053
[upd  275 | steps  140800 | t   74.7s | sps  1885] ret_mean=114.500 ep_len=500.0 pi_loss=-0.010 v_loss=2.905 ent=1.266 kl=0.0200
        [eval] ret_mean=27.133 ep_len=500.0
[upd  276 | steps  141312 | t   78.3s | sps  1806] ret_mean=85.500 ep_len=500.0 pi_loss=-0.006 v_loss=2.838 ent=1.517 kl=0.0090
[upd  277 | steps  141824 | t   78.4s | sps  1809] ret_mean=186.000 ep_len=500.0 pi_loss=-0.005 v_loss=8.117 ent=1.137 kl=0.0041
[upd  278 | steps  142336 | t   78.5s | sps  1812] ret_mean=135.000 ep_len=500.0 pi_loss=-0.013 v_loss=3.551 ent=1.467 kl=0.0067
[upd  279 | steps  142848 | t   78.7s | sps  1816] ret_mean=134.000 ep_len=500.0 pi_loss=-0.013 v_loss=5.464 ent=1.828 kl=0.0047
[upd  280 | steps  143360 | t   78.8s | sps  1819] ret_mean=153.500 ep_len=500.0 pi_loss=-0.007 v_loss=6.776 ent=1.213 kl=0.0040
[upd  281 | steps  143872 | t   79.0s | sps  1822] ret_mean=157.500 ep_len=500.0 pi_loss=-0.013 v_loss=5.895 ent=1.356 kl=0.0108
[upd  282 | steps  144384 | t   79.1s | sps  1825] ret_mean=77.000 ep_len=500.0 pi_loss=-0.017 v_loss=2.561 ent=2.067 kl=0.0244
[upd  283 | steps  144896 | t   79.2s | sps  1829] ret_mean=0.000 ep_len=500.0 pi_loss=-0.018 v_loss=0.853 ent=2.567 kl=0.0085
[upd  284 | steps  145408 | t   79.4s | sps  1832] ret_mean=107.500 ep_len=500.0 pi_loss=-0.013 v_loss=1.877 ent=2.054 kl=0.0085
[upd  285 | steps  145920 | t   79.5s | sps  1835] ret_mean=42.500 ep_len=500.0 pi_loss=-0.011 v_loss=2.919 ent=2.322 kl=0.0111
[upd  286 | steps  146432 | t   79.7s | sps  1838] ret_mean=146.500 ep_len=500.0 pi_loss=-0.012 v_loss=5.206 ent=1.596 kl=0.0016
[upd  287 | steps  146944 | t   79.8s | sps  1841] ret_mean=56.000 ep_len=500.0 pi_loss=-0.009 v_loss=2.573 ent=2.390 kl=0.0075
[upd  288 | steps  147456 | t   80.0s | sps  1844] ret_mean=138.500 ep_len=500.0 pi_loss=-0.013 v_loss=5.778 ent=1.834 kl=0.0113
[upd  289 | steps  147968 | t   80.1s | sps  1847] ret_mean=147.500 ep_len=500.0 pi_loss=-0.007 v_loss=6.694 ent=1.411 kl=0.0040
[upd  290 | steps  148480 | t   80.2s | sps  1851] ret_mean=170.000 ep_len=500.0 pi_loss=-0.007 v_loss=7.068 ent=1.173 kl=0.0007
[upd  291 | steps  148992 | t   80.4s | sps  1854] ret_mean=184.000 ep_len=500.0 pi_loss=-0.010 v_loss=3.543 ent=1.869 kl=0.0096
[upd  292 | steps  149504 | t   80.5s | sps  1857] ret_mean=22.500 ep_len=500.0 pi_loss=-0.014 v_loss=4.713 ent=2.259 kl=0.0071
[upd  293 | steps  150016 | t   80.7s | sps  1860] ret_mean=162.500 ep_len=500.0 pi_loss=-0.009 v_loss=4.283 ent=1.861 kl=0.0047
[upd  294 | steps  150528 | t   80.8s | sps  1863] ret_mean=113.000 ep_len=500.0 pi_loss=-0.010 v_loss=2.521 ent=1.571 kl=0.0143
[upd  295 | steps  151040 | t   80.9s | sps  1866] ret_mean=114.000 ep_len=500.0 pi_loss=-0.009 v_loss=5.979 ent=1.255 kl=0.0059
[upd  296 | steps  151552 | t   81.1s | sps  1869] ret_mean=180.000 ep_len=500.0 pi_loss=-0.011 v_loss=3.480 ent=1.693 kl=0.0050
[upd  297 | steps  152064 | t   81.2s | sps  1872] ret_mean=140.000 ep_len=500.0 pi_loss=-0.010 v_loss=2.956 ent=1.917 kl=0.0141
[upd  298 | steps  152576 | t   81.4s | sps  1875] ret_mean=14.500 ep_len=500.0 pi_loss=-0.011 v_loss=2.973 ent=2.516 kl=-0.0003
[upd  299 | steps  153088 | t   81.5s | sps  1878] ret_mean=48.000 ep_len=500.0 pi_loss=-0.012 v_loss=3.973 ent=2.370 kl=0.0058
[upd  300 | steps  153600 | t   81.6s | sps  1881] ret_mean=167.500 ep_len=500.0 pi_loss=-0.009 v_loss=7.262 ent=1.861 kl=0.0050
        [eval] ret_mean=43.933 ep_len=500.0
