$ /Users/praneelkhiantani/Downloads/cs2860/.venv/bin/python3 -m policies.train --env rware-tiny-2ag-easy-v2 --seed 0 --updates 200 --rollout 512 --eval-every 50 --eval-episodes 10 --log-dir matrix_results/intent_grounded_v1_pilot/rware-tiny-2ag-easy-v2 --run-name mappo-intent-aux__baseline__d0__s0 --n-msg-tokens 8 --message-grounding rware-intent --message-grounding-coef 0.2 --shape-rewards --pickup-bonus 0.5

[env] EnvSpec(env_id='rware-tiny-2ag-easy-v2', n_agents=2, obs_dim=71, n_env_actions=5, noop_action=0, family='rware')  (n_msg_tokens=8)
[cfg] {'clip_range': 0.2, 'value_clip_range': 0.2, 'entropy_coef': 0.01, 'value_coef': 0.5, 'max_grad_norm': 0.5, 'gamma': 0.99, 'gae_lambda': 0.95, 'lr_actor': 0.0003, 'lr_critic': 0.001, 'update_epochs': 4, 'minibatches': 4, 'hidden': 128, 'depth': 2, 'device': 'cpu', 'message_grounding_coef': 0.2, 'extra': {}}
[log] writing to matrix_results/intent_grounded_v1_pilot/rware-tiny-2ag-easy-v2/mappo-intent-aux__baseline__d0__s0
[upd    1 | steps     512 | t    0.7s | sps   686] ret_mean=0.000 ep_len=500.0 pi_loss=-0.001 v_loss=0.019 ent=3.683 msg_acc=0.585 kl=0.0128
[upd    2 | steps    1024 | t    1.4s | sps   715] ret_mean=0.000 ep_len=500.0 pi_loss=-0.005 v_loss=0.008 ent=3.664 msg_acc=0.575 kl=0.0112
[upd    3 | steps    1536 | t    2.1s | sps   719] ret_mean=1.500 ep_len=500.0 pi_loss=-0.001 v_loss=0.016 ent=3.623 msg_acc=0.886 kl=0.0187
[upd    4 | steps    2048 | t    2.8s | sps   724] ret_mean=1.000 ep_len=500.0 pi_loss=-0.004 v_loss=0.010 ent=3.581 msg_acc=0.493 kl=0.0111
[upd    5 | steps    2560 | t    4.0s | sps   642] ret_mean=0.000 ep_len=500.0 pi_loss=-0.009 v_loss=0.004 ent=3.555 msg_acc=0.249 kl=0.0121
[upd    6 | steps    3072 | t    4.8s | sps   636] ret_mean=1.500 ep_len=500.0 pi_loss=-0.006 v_loss=0.010 ent=3.538 msg_acc=0.143 kl=0.0120
[upd    7 | steps    3584 | t    5.5s | sps   651] ret_mean=0.000 ep_len=500.0 pi_loss=0.002 v_loss=0.007 ent=3.509 msg_acc=0.929 kl=0.0279
[upd    8 | steps    4096 | t    6.1s | sps   667] ret_mean=2.500 ep_len=500.0 pi_loss=-0.007 v_loss=0.010 ent=3.425 msg_acc=0.479 kl=0.0051
[upd    9 | steps    4608 | t    6.8s | sps   678] ret_mean=0.000 ep_len=500.0 pi_loss=-0.008 v_loss=0.005 ent=3.457 msg_acc=0.438 kl=0.0054
[upd   10 | steps    5120 | t    7.4s | sps   688] ret_mean=0.500 ep_len=500.0 pi_loss=-0.004 v_loss=0.005 ent=3.511 msg_acc=0.188 kl=0.0051
[upd   11 | steps    5632 | t    8.1s | sps   696] ret_mean=1.000 ep_len=500.0 pi_loss=-0.005 v_loss=0.004 ent=3.485 msg_acc=0.110 kl=0.0056
[upd   12 | steps    6144 | t    8.7s | sps   704] ret_mean=0.000 ep_len=500.0 pi_loss=-0.006 v_loss=0.020 ent=3.464 msg_acc=0.496 kl=0.0037
[upd   13 | steps    6656 | t    9.4s | sps   706] ret_mean=8.000 ep_len=500.0 pi_loss=-0.008 v_loss=0.063 ent=3.410 msg_acc=0.309 kl=0.0058
[upd   14 | steps    7168 | t   10.1s | sps   713] ret_mean=0.000 ep_len=500.0 pi_loss=-0.009 v_loss=0.005 ent=3.391 msg_acc=0.608 kl=0.0168
[upd   15 | steps    7680 | t   10.7s | sps   717] ret_mean=0.000 ep_len=500.0 pi_loss=-0.006 v_loss=0.003 ent=3.399 msg_acc=0.357 kl=0.0118
[upd   16 | steps    8192 | t   11.4s | sps   717] ret_mean=0.000 ep_len=500.0 pi_loss=-0.009 v_loss=0.001 ent=3.280 msg_acc=0.607 kl=0.0036
[upd   17 | steps    8704 | t   12.2s | sps   713] ret_mean=0.000 ep_len=500.0 pi_loss=-0.000 v_loss=0.002 ent=3.107 msg_acc=0.971 kl=0.0118
[upd   18 | steps    9216 | t   13.1s | sps   705] ret_mean=0.000 ep_len=500.0 pi_loss=-0.009 v_loss=0.002 ent=3.041 msg_acc=0.787 kl=0.0102
[upd   19 | steps    9728 | t   14.1s | sps   690] ret_mean=0.000 ep_len=500.0 pi_loss=-0.007 v_loss=0.001 ent=3.100 msg_acc=0.794 kl=0.0080
[upd   20 | steps   10240 | t   14.8s | sps   691] ret_mean=0.000 ep_len=500.0 pi_loss=-0.007 v_loss=0.004 ent=3.141 msg_acc=0.635 kl=0.0155
[upd   21 | steps   10752 | t   15.6s | sps   691] ret_mean=1.500 ep_len=500.0 pi_loss=-0.004 v_loss=0.006 ent=3.068 msg_acc=0.747 kl=0.0231
[upd   22 | steps   11264 | t   16.2s | sps   694] ret_mean=0.000 ep_len=500.0 pi_loss=-0.007 v_loss=0.011 ent=2.964 msg_acc=0.653 kl=0.0117
[upd   23 | steps   11776 | t   16.9s | sps   698] ret_mean=2.000 ep_len=500.0 pi_loss=-0.006 v_loss=0.013 ent=3.076 msg_acc=0.554 kl=0.0016
[upd   24 | steps   12288 | t   17.5s | sps   700] ret_mean=4.000 ep_len=500.0 pi_loss=-0.011 v_loss=0.035 ent=2.850 msg_acc=0.575 kl=0.0075
[upd   25 | steps   12800 | t   18.2s | sps   705] ret_mean=0.000 ep_len=500.0 pi_loss=-0.008 v_loss=0.004 ent=2.843 msg_acc=0.654 kl=0.0036
[upd   26 | steps   13312 | t   18.8s | sps   708] ret_mean=0.500 ep_len=500.0 pi_loss=-0.007 v_loss=0.007 ent=2.911 msg_acc=0.419 kl=0.0173
[upd   27 | steps   13824 | t   19.4s | sps   711] ret_mean=1.000 ep_len=500.0 pi_loss=-0.004 v_loss=0.037 ent=2.972 msg_acc=0.452 kl=0.0098
[upd   28 | steps   14336 | t   20.1s | sps   712] ret_mean=3.500 ep_len=500.0 pi_loss=-0.004 v_loss=0.001 ent=2.930 msg_acc=0.618 kl=0.0108
[upd   29 | steps   14848 | t   20.8s | sps   712] ret_mean=0.000 ep_len=500.0 pi_loss=-0.008 v_loss=0.001 ent=2.744 msg_acc=0.732 kl=0.0059
[upd   30 | steps   15360 | t   21.6s | sps   713] ret_mean=0.000 ep_len=500.0 pi_loss=-0.003 v_loss=0.001 ent=3.130 msg_acc=0.366 kl=0.0227
[upd   31 | steps   15872 | t   22.2s | sps   713] ret_mean=0.500 ep_len=500.0 pi_loss=-0.009 v_loss=0.002 ent=3.050 msg_acc=0.352 kl=0.0001
[upd   32 | steps   16384 | t   23.1s | sps   710] ret_mean=0.000 ep_len=500.0 pi_loss=-0.010 v_loss=0.002 ent=2.856 msg_acc=0.365 kl=0.0005
[upd   33 | steps   16896 | t   23.8s | sps   710] ret_mean=0.500 ep_len=500.0 pi_loss=-0.015 v_loss=0.003 ent=2.979 msg_acc=0.543 kl=0.0183
[upd   34 | steps   17408 | t   24.5s | sps   710] ret_mean=1.000 ep_len=500.0 pi_loss=-0.010 v_loss=0.003 ent=3.090 msg_acc=0.312 kl=0.0101
[upd   35 | steps   17920 | t   25.1s | sps   713] ret_mean=2.000 ep_len=500.0 pi_loss=-0.008 v_loss=0.034 ent=2.687 msg_acc=0.748 kl=0.0012
[upd   36 | steps   18432 | t   25.8s | sps   715] ret_mean=3.000 ep_len=500.0 pi_loss=-0.005 v_loss=0.002 ent=3.111 msg_acc=0.387 kl=0.0031
[upd   37 | steps   18944 | t   26.4s | sps   718] ret_mean=0.000 ep_len=500.0 pi_loss=-0.006 v_loss=0.003 ent=2.933 msg_acc=0.577 kl=0.0100
[upd   38 | steps   19456 | t   27.0s | sps   721] ret_mean=0.500 ep_len=500.0 pi_loss=-0.011 v_loss=0.006 ent=2.778 msg_acc=0.836 kl=0.0354
[upd   39 | steps   19968 | t   27.6s | sps   724] ret_mean=1.000 ep_len=500.0 pi_loss=-0.009 v_loss=0.008 ent=2.828 msg_acc=0.592 kl=0.0209
[upd   40 | steps   20480 | t   28.2s | sps   726] ret_mean=2.000 ep_len=500.0 pi_loss=-0.005 v_loss=0.004 ent=2.724 msg_acc=0.736 kl=0.0128
[upd   41 | steps   20992 | t   28.8s | sps   728] ret_mean=0.000 ep_len=500.0 pi_loss=-0.001 v_loss=0.003 ent=2.823 msg_acc=0.782 kl=0.0198
[upd   42 | steps   21504 | t   29.4s | sps   731] ret_mean=1.000 ep_len=500.0 pi_loss=-0.010 v_loss=0.009 ent=2.680 msg_acc=0.781 kl=0.0102
[upd   43 | steps   22016 | t   30.0s | sps   733] ret_mean=0.000 ep_len=500.0 pi_loss=-0.007 v_loss=0.002 ent=2.839 msg_acc=0.510 kl=0.0046
[upd   44 | steps   22528 | t   30.7s | sps   735] ret_mean=2.500 ep_len=500.0 pi_loss=-0.011 v_loss=0.023 ent=2.678 msg_acc=0.689 kl=0.0211
[upd   45 | steps   23040 | t   31.3s | sps   737] ret_mean=2.500 ep_len=500.0 pi_loss=0.003 v_loss=0.006 ent=2.693 msg_acc=0.499 kl=0.0149
[upd   46 | steps   23552 | t   31.9s | sps   739] ret_mean=0.000 ep_len=500.0 pi_loss=-0.012 v_loss=0.001 ent=2.495 msg_acc=0.859 kl=0.0025
[upd   47 | steps   24064 | t   32.5s | sps   741] ret_mean=0.500 ep_len=500.0 pi_loss=0.001 v_loss=0.007 ent=2.672 msg_acc=0.481 kl=0.0193
[upd   48 | steps   24576 | t   33.1s | sps   743] ret_mean=2.000 ep_len=500.0 pi_loss=-0.012 v_loss=0.005 ent=2.509 msg_acc=0.830 kl=0.0139
[upd   49 | steps   25088 | t   33.7s | sps   745] ret_mean=3.500 ep_len=500.0 pi_loss=-0.001 v_loss=0.087 ent=2.667 msg_acc=0.546 kl=0.0115
[upd   50 | steps   25600 | t   34.3s | sps   746] ret_mean=5.000 ep_len=500.0 pi_loss=-0.006 v_loss=0.006 ent=2.648 msg_acc=0.803 kl=0.0044
        [eval] ret_mean=0.000 ep_len=500.0
[upd   51 | steps   26112 | t   39.7s | sps   657] ret_mean=0.500 ep_len=500.0 pi_loss=-0.012 v_loss=0.005 ent=2.746 msg_acc=0.692 kl=0.0152
[upd   52 | steps   26624 | t   40.6s | sps   656] ret_mean=0.500 ep_len=500.0 pi_loss=-0.010 v_loss=0.005 ent=2.478 msg_acc=0.925 kl=0.0095
[upd   53 | steps   27136 | t   41.4s | sps   656] ret_mean=8.500 ep_len=500.0 pi_loss=-0.013 v_loss=0.127 ent=2.922 msg_acc=0.326 kl=0.0052
[upd   54 | steps   27648 | t   42.1s | sps   657] ret_mean=0.000 ep_len=500.0 pi_loss=-0.013 v_loss=0.003 ent=2.318 msg_acc=0.902 kl=0.0178
[upd   55 | steps   28160 | t   42.7s | sps   660] ret_mean=0.000 ep_len=500.0 pi_loss=0.002 v_loss=0.005 ent=2.781 msg_acc=0.402 kl=0.0159
[upd   56 | steps   28672 | t   43.3s | sps   662] ret_mean=16.000 ep_len=500.0 pi_loss=0.002 v_loss=0.331 ent=2.819 msg_acc=0.333 kl=0.0464
[upd   57 | steps   29184 | t   43.9s | sps   664] ret_mean=8.000 ep_len=500.0 pi_loss=-0.007 v_loss=0.078 ent=2.395 msg_acc=0.608 kl=0.0127
[upd   58 | steps   29696 | t   44.6s | sps   665] ret_mean=0.500 ep_len=500.0 pi_loss=-0.012 v_loss=0.005 ent=2.427 msg_acc=0.806 kl=-0.0000
[upd   59 | steps   30208 | t   45.3s | sps   667] ret_mean=0.000 ep_len=500.0 pi_loss=-0.007 v_loss=0.002 ent=2.451 msg_acc=0.837 kl=0.0211
[upd   60 | steps   30720 | t   46.0s | sps   668] ret_mean=8.000 ep_len=500.0 pi_loss=-0.007 v_loss=0.349 ent=2.491 msg_acc=0.747 kl=-0.0091
[upd   61 | steps   31232 | t   46.7s | sps   669] ret_mean=10.500 ep_len=500.0 pi_loss=-0.006 v_loss=0.002 ent=2.278 msg_acc=0.915 kl=0.0129
[upd   62 | steps   31744 | t   47.4s | sps   670] ret_mean=0.000 ep_len=500.0 pi_loss=-0.010 v_loss=0.002 ent=2.434 msg_acc=0.868 kl=0.0100
[upd   63 | steps   32256 | t   48.1s | sps   670] ret_mean=0.000 ep_len=500.0 pi_loss=-0.010 v_loss=0.022 ent=2.250 msg_acc=0.825 kl=0.0247
[upd   64 | steps   32768 | t   48.8s | sps   671] ret_mean=2.500 ep_len=500.0 pi_loss=-0.016 v_loss=0.003 ent=2.371 msg_acc=0.794 kl=0.0046
[upd   65 | steps   33280 | t   49.5s | sps   673] ret_mean=0.000 ep_len=500.0 pi_loss=-0.011 v_loss=0.003 ent=2.423 msg_acc=0.702 kl=0.0160
[upd   66 | steps   33792 | t   50.1s | sps   674] ret_mean=0.000 ep_len=500.0 pi_loss=-0.010 v_loss=0.190 ent=2.296 msg_acc=0.615 kl=0.0121
[upd   67 | steps   34304 | t   51.0s | sps   673] ret_mean=7.000 ep_len=500.0 pi_loss=-0.007 v_loss=0.003 ent=2.222 msg_acc=0.631 kl=0.0053
[upd   68 | steps   34816 | t   51.8s | sps   672] ret_mean=0.500 ep_len=500.0 pi_loss=-0.005 v_loss=0.002 ent=2.369 msg_acc=0.645 kl=0.0212
[upd   69 | steps   35328 | t   52.5s | sps   673] ret_mean=1.000 ep_len=500.0 pi_loss=-0.007 v_loss=0.458 ent=2.362 msg_acc=0.682 kl=0.0038
[upd   70 | steps   35840 | t   53.1s | sps   675] ret_mean=15.000 ep_len=500.0 pi_loss=-0.009 v_loss=0.430 ent=2.261 msg_acc=0.594 kl=0.0090
[upd   71 | steps   36352 | t   53.9s | sps   675] ret_mean=13.500 ep_len=500.0 pi_loss=-0.009 v_loss=0.314 ent=2.194 msg_acc=0.490 kl=0.0251
[upd   72 | steps   36864 | t   54.5s | sps   676] ret_mean=15.000 ep_len=500.0 pi_loss=-0.003 v_loss=0.003 ent=2.039 msg_acc=0.828 kl=0.0110
[upd   73 | steps   37376 | t   55.2s | sps   678] ret_mean=0.000 ep_len=500.0 pi_loss=-0.012 v_loss=0.005 ent=2.326 msg_acc=0.689 kl=0.0138
[upd   74 | steps   37888 | t   55.8s | sps   679] ret_mean=0.500 ep_len=500.0 pi_loss=-0.007 v_loss=0.001 ent=2.389 msg_acc=0.627 kl=0.0206
[upd   75 | steps   38400 | t   56.4s | sps   681] ret_mean=0.000 ep_len=500.0 pi_loss=-0.003 v_loss=0.450 ent=2.602 msg_acc=0.607 kl=0.0080
[upd   76 | steps   38912 | t   57.0s | sps   682] ret_mean=18.000 ep_len=500.0 pi_loss=-0.015 v_loss=0.005 ent=2.734 msg_acc=0.427 kl=0.0313
[upd   77 | steps   39424 | t   57.6s | sps   684] ret_mean=5.000 ep_len=500.0 pi_loss=-0.004 v_loss=0.106 ent=2.674 msg_acc=0.623 kl=0.0219
[upd   78 | steps   39936 | t   58.2s | sps   686] ret_mean=10.000 ep_len=500.0 pi_loss=-0.012 v_loss=0.306 ent=2.275 msg_acc=0.634 kl=0.0148
[upd   79 | steps   40448 | t   58.9s | sps   687] ret_mean=3.000 ep_len=500.0 pi_loss=-0.008 v_loss=0.003 ent=2.131 msg_acc=0.763 kl=0.0055
[upd   80 | steps   40960 | t   59.5s | sps   689] ret_mean=0.000 ep_len=500.0 pi_loss=-0.008 v_loss=0.002 ent=1.769 msg_acc=0.965 kl=0.0077
[upd   81 | steps   41472 | t   60.3s | sps   688] ret_mean=0.000 ep_len=500.0 pi_loss=-0.016 v_loss=0.001 ent=1.907 msg_acc=0.847 kl=0.0060
[upd   82 | steps   41984 | t   61.0s | sps   689] ret_mean=0.000 ep_len=500.0 pi_loss=0.000 v_loss=0.085 ent=1.859 msg_acc=0.683 kl=0.0055
[upd   83 | steps   42496 | t   61.6s | sps   690] ret_mean=5.000 ep_len=500.0 pi_loss=-0.007 v_loss=0.002 ent=2.194 msg_acc=0.605 kl=0.0147
[upd   84 | steps   43008 | t   62.2s | sps   691] ret_mean=0.000 ep_len=500.0 pi_loss=-0.005 v_loss=0.032 ent=1.976 msg_acc=0.812 kl=0.0034
[upd   85 | steps   43520 | t   62.8s | sps   693] ret_mean=3.000 ep_len=500.0 pi_loss=-0.006 v_loss=0.252 ent=2.161 msg_acc=0.658 kl=-0.0006
[upd   86 | steps   44032 | t   63.5s | sps   694] ret_mean=12.000 ep_len=500.0 pi_loss=-0.014 v_loss=0.008 ent=2.386 msg_acc=0.538 kl=0.0157
[upd   87 | steps   44544 | t   64.1s | sps   695] ret_mean=0.500 ep_len=500.0 pi_loss=0.001 v_loss=0.003 ent=2.467 msg_acc=0.522 kl=0.0114
[upd   88 | steps   45056 | t   64.7s | sps   696] ret_mean=0.000 ep_len=500.0 pi_loss=-0.011 v_loss=0.005 ent=2.523 msg_acc=0.619 kl=0.0074
[upd   89 | steps   45568 | t   65.5s | sps   695] ret_mean=0.000 ep_len=500.0 pi_loss=-0.010 v_loss=0.002 ent=1.956 msg_acc=0.810 kl=0.0201
[upd   90 | steps   46080 | t   66.2s | sps   696] ret_mean=0.000 ep_len=500.0 pi_loss=-0.010 v_loss=0.001 ent=1.620 msg_acc=0.909 kl=0.0037
[upd   91 | steps   46592 | t   66.8s | sps   697] ret_mean=0.000 ep_len=500.0 pi_loss=-0.012 v_loss=0.655 ent=2.035 msg_acc=0.578 kl=0.0118
[upd   92 | steps   47104 | t   67.4s | sps   699] ret_mean=16.250 ep_len=500.0 pi_loss=-0.004 v_loss=0.298 ent=2.268 msg_acc=0.682 kl=0.0179
[upd   93 | steps   47616 | t   68.0s | sps   700] ret_mean=20.000 ep_len=500.0 pi_loss=-0.008 v_loss=0.853 ent=1.529 msg_acc=0.871 kl=0.0087
[upd   94 | steps   48128 | t   68.7s | sps   701] ret_mean=98.000 ep_len=500.0 pi_loss=-0.009 v_loss=4.801 ent=2.298 msg_acc=0.274 kl=0.0160
[upd   95 | steps   48640 | t   69.3s | sps   702] ret_mean=3.000 ep_len=500.0 pi_loss=-0.005 v_loss=0.058 ent=1.763 msg_acc=0.718 kl=0.0218
[upd   96 | steps   49152 | t   69.9s | sps   703] ret_mean=14.500 ep_len=500.0 pi_loss=-0.010 v_loss=0.539 ent=1.963 msg_acc=0.555 kl=0.0133
[upd   97 | steps   49664 | t   70.5s | sps   704] ret_mean=13.000 ep_len=500.0 pi_loss=0.005 v_loss=0.331 ent=1.640 msg_acc=0.497 kl=0.0616
[upd   98 | steps   50176 | t   71.2s | sps   705] ret_mean=1.000 ep_len=500.0 pi_loss=-0.007 v_loss=0.010 ent=1.978 msg_acc=0.689 kl=0.0150
[upd   99 | steps   50688 | t   71.8s | sps   706] ret_mean=42.500 ep_len=500.0 pi_loss=-0.014 v_loss=1.800 ent=2.190 msg_acc=0.589 kl=0.0123
[upd  100 | steps   51200 | t   72.3s | sps   708] ret_mean=14.000 ep_len=500.0 pi_loss=-0.003 v_loss=0.488 ent=1.882 msg_acc=0.698 kl=0.0094
        [eval] ret_mean=12.500 ep_len=500.0
[upd  101 | steps   51712 | t   77.9s | sps   664] ret_mean=24.500 ep_len=500.0 pi_loss=-0.007 v_loss=0.816 ent=2.184 msg_acc=0.821 kl=0.0207
[upd  102 | steps   52224 | t   78.5s | sps   666] ret_mean=4.500 ep_len=500.0 pi_loss=-0.011 v_loss=0.140 ent=1.932 msg_acc=0.598 kl=-0.0017
[upd  103 | steps   52736 | t   79.1s | sps   667] ret_mean=63.500 ep_len=500.0 pi_loss=-0.006 v_loss=2.275 ent=2.060 msg_acc=0.515 kl=0.0108
[upd  104 | steps   53248 | t   79.7s | sps   668] ret_mean=0.000 ep_len=500.0 pi_loss=-0.008 v_loss=0.016 ent=1.987 msg_acc=0.689 kl=0.0033
[upd  105 | steps   53760 | t   80.3s | sps   670] ret_mean=70.500 ep_len=500.0 pi_loss=0.000 v_loss=2.902 ent=1.753 msg_acc=0.438 kl=0.0149
[upd  106 | steps   54272 | t   80.9s | sps   671] ret_mean=43.500 ep_len=500.0 pi_loss=-0.010 v_loss=1.220 ent=2.130 msg_acc=0.438 kl=0.0090
[upd  107 | steps   54784 | t   81.5s | sps   672] ret_mean=109.000 ep_len=500.0 pi_loss=-0.002 v_loss=6.967 ent=2.071 msg_acc=0.494 kl=0.0129
[upd  108 | steps   55296 | t   82.1s | sps   674] ret_mean=27.500 ep_len=500.0 pi_loss=-0.010 v_loss=0.730 ent=2.131 msg_acc=0.523 kl=0.0087
[upd  109 | steps   55808 | t   82.7s | sps   675] ret_mean=20.500 ep_len=500.0 pi_loss=-0.011 v_loss=1.672 ent=1.968 msg_acc=0.745 kl=0.0081
[upd  110 | steps   56320 | t   83.3s | sps   676] ret_mean=52.000 ep_len=500.0 pi_loss=-0.008 v_loss=1.464 ent=2.132 msg_acc=0.670 kl=0.0049
[upd  111 | steps   56832 | t   83.9s | sps   677] ret_mean=83.000 ep_len=500.0 pi_loss=-0.019 v_loss=2.388 ent=1.973 msg_acc=0.782 kl=0.0188
[upd  112 | steps   57344 | t   84.5s | sps   678] ret_mean=0.000 ep_len=500.0 pi_loss=-0.004 v_loss=0.091 ent=1.777 msg_acc=0.884 kl=0.0155
[upd  113 | steps   57856 | t   85.1s | sps   680] ret_mean=0.000 ep_len=500.0 pi_loss=-0.020 v_loss=0.430 ent=1.517 msg_acc=0.866 kl=0.0381
[upd  114 | steps   58368 | t   85.7s | sps   681] ret_mean=85.500 ep_len=500.0 pi_loss=-0.009 v_loss=3.027 ent=1.800 msg_acc=0.720 kl=0.0140
[upd  115 | steps   58880 | t   86.3s | sps   682] ret_mean=37.000 ep_len=500.0 pi_loss=-0.012 v_loss=0.822 ent=1.973 msg_acc=0.482 kl=0.0135
[upd  116 | steps   59392 | t   86.9s | sps   683] ret_mean=35.000 ep_len=500.0 pi_loss=-0.006 v_loss=1.257 ent=1.931 msg_acc=0.616 kl=0.0216
[upd  117 | steps   59904 | t   87.5s | sps   685] ret_mean=0.000 ep_len=500.0 pi_loss=-0.004 v_loss=0.629 ent=1.605 msg_acc=0.801 kl=0.0137
[upd  118 | steps   60416 | t   88.1s | sps   686] ret_mean=19.000 ep_len=500.0 pi_loss=-0.004 v_loss=0.464 ent=1.895 msg_acc=0.766 kl=0.0131
[upd  119 | steps   60928 | t   88.7s | sps   687] ret_mean=74.500 ep_len=500.0 pi_loss=-0.009 v_loss=3.437 ent=1.990 msg_acc=0.581 kl=0.0110
[upd  120 | steps   61440 | t   89.3s | sps   688] ret_mean=73.500 ep_len=500.0 pi_loss=-0.016 v_loss=1.276 ent=2.202 msg_acc=0.504 kl=0.0070
[upd  121 | steps   61952 | t   89.9s | sps   689] ret_mean=0.000 ep_len=500.0 pi_loss=-0.007 v_loss=1.555 ent=1.857 msg_acc=0.687 kl=0.0080
[upd  122 | steps   62464 | t   90.5s | sps   690] ret_mean=61.500 ep_len=500.0 pi_loss=-0.012 v_loss=0.801 ent=1.913 msg_acc=0.625 kl=0.0081
[upd  123 | steps   62976 | t   91.1s | sps   691] ret_mean=72.000 ep_len=500.0 pi_loss=-0.005 v_loss=7.890 ent=1.756 msg_acc=0.517 kl=0.0220
[upd  124 | steps   63488 | t   91.7s | sps   692] ret_mean=92.500 ep_len=500.0 pi_loss=-0.013 v_loss=3.454 ent=1.742 msg_acc=0.590 kl=0.0036
[upd  125 | steps   64000 | t   92.3s | sps   693] ret_mean=144.500 ep_len=500.0 pi_loss=-0.008 v_loss=7.750 ent=1.672 msg_acc=0.574 kl=0.0210
[upd  126 | steps   64512 | t   93.0s | sps   694] ret_mean=103.500 ep_len=500.0 pi_loss=-0.011 v_loss=1.390 ent=1.717 msg_acc=0.800 kl=0.0046
[upd  127 | steps   65024 | t   93.7s | sps   694] ret_mean=0.000 ep_len=500.0 pi_loss=-0.013 v_loss=1.830 ent=1.879 msg_acc=0.634 kl=0.0035
[upd  128 | steps   65536 | t   94.3s | sps   695] ret_mean=72.500 ep_len=500.0 pi_loss=-0.010 v_loss=1.701 ent=2.203 msg_acc=0.442 kl=0.0164
[upd  129 | steps   66048 | t   94.9s | sps   696] ret_mean=63.500 ep_len=500.0 pi_loss=-0.006 v_loss=2.940 ent=1.719 msg_acc=0.741 kl=0.0083
[upd  130 | steps   66560 | t   95.5s | sps   697] ret_mean=84.500 ep_len=500.0 pi_loss=-0.004 v_loss=1.196 ent=1.713 msg_acc=0.796 kl=0.0104
[upd  131 | steps   67072 | t   96.1s | sps   698] ret_mean=29.000 ep_len=500.0 pi_loss=-0.005 v_loss=2.290 ent=1.881 msg_acc=0.753 kl=0.0113
[upd  132 | steps   67584 | t   96.7s | sps   699] ret_mean=67.000 ep_len=500.0 pi_loss=-0.008 v_loss=0.908 ent=1.830 msg_acc=0.827 kl=0.0066
[upd  133 | steps   68096 | t   97.4s | sps   699] ret_mean=0.000 ep_len=500.0 pi_loss=-0.010 v_loss=0.785 ent=1.659 msg_acc=0.702 kl=0.0252
[upd  134 | steps   68608 | t   98.0s | sps   700] ret_mean=19.500 ep_len=500.0 pi_loss=-0.007 v_loss=5.405 ent=1.716 msg_acc=0.716 kl=0.0213
[upd  135 | steps   69120 | t   98.6s | sps   701] ret_mean=101.000 ep_len=500.0 pi_loss=-0.011 v_loss=0.263 ent=1.826 msg_acc=0.705 kl=0.0218
[upd  136 | steps   69632 | t   99.2s | sps   702] ret_mean=4.000 ep_len=500.0 pi_loss=-0.006 v_loss=12.648 ent=1.397 msg_acc=0.760 kl=0.0115
[upd  137 | steps   70144 | t   99.8s | sps   703] ret_mean=200.500 ep_len=500.0 pi_loss=-0.006 v_loss=5.216 ent=1.334 msg_acc=0.715 kl=0.0252
[upd  138 | steps   70656 | t  100.8s | sps   701] ret_mean=109.500 ep_len=500.0 pi_loss=-0.010 v_loss=2.733 ent=1.595 msg_acc=0.641 kl=0.0043
[upd  139 | steps   71168 | t  101.9s | sps   699] ret_mean=69.500 ep_len=500.0 pi_loss=-0.006 v_loss=10.905 ent=1.459 msg_acc=0.550 kl=0.0359
[upd  140 | steps   71680 | t  102.9s | sps   697] ret_mean=169.500 ep_len=500.0 pi_loss=-0.007 v_loss=2.493 ent=1.581 msg_acc=0.813 kl=0.0066
[upd  141 | steps   72192 | t  103.6s | sps   697] ret_mean=52.500 ep_len=500.0 pi_loss=-0.009 v_loss=1.263 ent=1.623 msg_acc=0.746 kl=0.0196
[upd  142 | steps   72704 | t  104.3s | sps   697] ret_mean=66.000 ep_len=500.0 pi_loss=-0.007 v_loss=3.642 ent=1.493 msg_acc=0.654 kl=0.0132
[upd  143 | steps   73216 | t  105.1s | sps   697] ret_mean=0.000 ep_len=500.0 pi_loss=-0.006 v_loss=0.127 ent=1.410 msg_acc=0.958 kl=0.0139
[upd  144 | steps   73728 | t  105.7s | sps   698] ret_mean=227.000 ep_len=500.0 pi_loss=-0.006 v_loss=17.256 ent=1.202 msg_acc=0.624 kl=0.0259
[upd  145 | steps   74240 | t  106.3s | sps   698] ret_mean=86.000 ep_len=500.0 pi_loss=-0.013 v_loss=3.750 ent=1.498 msg_acc=0.732 kl=0.0252
[upd  146 | steps   74752 | t  106.9s | sps   699] ret_mean=0.500 ep_len=500.0 pi_loss=-0.007 v_loss=0.154 ent=1.678 msg_acc=0.740 kl=0.0111
[upd  147 | steps   75264 | t  107.5s | sps   700] ret_mean=0.000 ep_len=500.0 pi_loss=-0.001 v_loss=0.146 ent=1.862 msg_acc=0.675 kl=0.0154
[upd  148 | steps   75776 | t  108.1s | sps   701] ret_mean=100.500 ep_len=500.0 pi_loss=-0.011 v_loss=3.606 ent=1.636 msg_acc=0.419 kl=0.0124
[upd  149 | steps   76288 | t  108.8s | sps   701] ret_mean=121.500 ep_len=500.0 pi_loss=-0.011 v_loss=9.447 ent=1.346 msg_acc=0.675 kl=0.0088
[upd  150 | steps   76800 | t  109.4s | sps   702] ret_mean=120.500 ep_len=500.0 pi_loss=-0.008 v_loss=3.383 ent=1.235 msg_acc=0.711 kl=0.0134
        [eval] ret_mean=62.250 ep_len=500.0
[upd  151 | steps   77312 | t  114.7s | sps   674] ret_mean=114.500 ep_len=500.0 pi_loss=-0.010 v_loss=4.512 ent=1.521 msg_acc=0.471 kl=0.0211
[upd  152 | steps   77824 | t  115.3s | sps   675] ret_mean=80.000 ep_len=500.0 pi_loss=-0.008 v_loss=2.935 ent=1.503 msg_acc=0.793 kl=0.0133
[upd  153 | steps   78336 | t  115.9s | sps   676] ret_mean=101.000 ep_len=500.0 pi_loss=-0.005 v_loss=3.315 ent=1.507 msg_acc=0.645 kl=0.0139
[upd  154 | steps   78848 | t  116.5s | sps   677] ret_mean=0.000 ep_len=500.0 pi_loss=-0.006 v_loss=0.443 ent=1.654 msg_acc=0.625 kl=0.0201
[upd  155 | steps   79360 | t  117.0s | sps   678] ret_mean=214.500 ep_len=500.0 pi_loss=-0.012 v_loss=15.406 ent=1.169 msg_acc=0.714 kl=0.0123
[upd  156 | steps   79872 | t  117.6s | sps   679] ret_mean=111.000 ep_len=500.0 pi_loss=-0.000 v_loss=2.663 ent=1.769 msg_acc=0.351 kl=0.0137
[upd  157 | steps   80384 | t  118.2s | sps   680] ret_mean=91.500 ep_len=500.0 pi_loss=-0.010 v_loss=3.172 ent=1.783 msg_acc=0.625 kl=0.0153
[upd  158 | steps   80896 | t  118.8s | sps   681] ret_mean=122.000 ep_len=500.0 pi_loss=-0.009 v_loss=7.130 ent=1.552 msg_acc=0.782 kl=0.0153
[upd  159 | steps   81408 | t  119.4s | sps   682] ret_mean=115.000 ep_len=500.0 pi_loss=-0.009 v_loss=3.044 ent=1.311 msg_acc=0.721 kl=0.0144
[upd  160 | steps   81920 | t  120.0s | sps   683] ret_mean=0.000 ep_len=500.0 pi_loss=-0.008 v_loss=0.771 ent=1.397 msg_acc=0.867 kl=0.0069
[upd  161 | steps   82432 | t  120.6s | sps   684] ret_mean=154.000 ep_len=500.0 pi_loss=-0.011 v_loss=8.494 ent=1.607 msg_acc=0.472 kl=0.0127
[upd  162 | steps   82944 | t  121.2s | sps   684] ret_mean=62.500 ep_len=500.0 pi_loss=-0.012 v_loss=2.926 ent=1.595 msg_acc=0.708 kl=0.0093
[upd  163 | steps   83456 | t  121.8s | sps   685] ret_mean=149.000 ep_len=500.0 pi_loss=-0.005 v_loss=5.708 ent=1.436 msg_acc=0.580 kl=0.0101
[upd  164 | steps   83968 | t  122.6s | sps   685] ret_mean=4.000 ep_len=500.0 pi_loss=-0.010 v_loss=1.254 ent=1.504 msg_acc=0.786 kl=0.0210
[upd  165 | steps   84480 | t  123.3s | sps   685] ret_mean=34.500 ep_len=500.0 pi_loss=-0.006 v_loss=0.594 ent=2.128 msg_acc=0.472 kl=0.0338
[upd  166 | steps   84992 | t  124.1s | sps   685] ret_mean=0.000 ep_len=500.0 pi_loss=-0.011 v_loss=0.323 ent=2.024 msg_acc=0.537 kl=0.0153
[upd  167 | steps   85504 | t  124.7s | sps   686] ret_mean=0.000 ep_len=500.0 pi_loss=-0.005 v_loss=0.168 ent=1.720 msg_acc=0.675 kl=0.0145
[upd  168 | steps   86016 | t  125.3s | sps   686] ret_mean=0.000 ep_len=500.0 pi_loss=-0.010 v_loss=0.915 ent=1.763 msg_acc=0.715 kl=0.0136
[upd  169 | steps   86528 | t  126.0s | sps   687] ret_mean=69.500 ep_len=500.0 pi_loss=-0.007 v_loss=3.521 ent=1.393 msg_acc=0.797 kl=0.0215
[upd  170 | steps   87040 | t  126.6s | sps   687] ret_mean=126.500 ep_len=500.0 pi_loss=-0.003 v_loss=1.963 ent=1.482 msg_acc=0.712 kl=0.0109
[upd  171 | steps   87552 | t  127.3s | sps   688] ret_mean=64.000 ep_len=500.0 pi_loss=-0.010 v_loss=2.492 ent=1.850 msg_acc=0.623 kl=0.0297
[upd  172 | steps   88064 | t  127.9s | sps   689] ret_mean=0.000 ep_len=500.0 pi_loss=-0.007 v_loss=3.313 ent=1.798 msg_acc=0.671 kl=0.0215
[upd  173 | steps   88576 | t  128.8s | sps   688] ret_mean=180.000 ep_len=500.0 pi_loss=-0.001 v_loss=10.335 ent=1.454 msg_acc=0.558 kl=0.0218
[upd  174 | steps   89088 | t  130.1s | sps   685] ret_mean=115.500 ep_len=500.0 pi_loss=-0.008 v_loss=6.336 ent=1.778 msg_acc=0.375 kl=0.0070
[upd  175 | steps   89600 | t  130.9s | sps   685] ret_mean=76.000 ep_len=500.0 pi_loss=-0.011 v_loss=11.368 ent=1.380 msg_acc=0.613 kl=0.0198
[upd  176 | steps   90112 | t  131.6s | sps   685] ret_mean=237.000 ep_len=500.0 pi_loss=-0.006 v_loss=8.884 ent=1.205 msg_acc=0.627 kl=0.0135
[upd  177 | steps   90624 | t  132.2s | sps   685] ret_mean=116.500 ep_len=500.0 pi_loss=-0.008 v_loss=3.411 ent=1.527 msg_acc=0.429 kl=0.0161
[upd  178 | steps   91136 | t  132.8s | sps   686] ret_mean=97.500 ep_len=500.0 pi_loss=-0.004 v_loss=2.791 ent=1.535 msg_acc=0.630 kl=0.0126
[upd  179 | steps   91648 | t  133.5s | sps   687] ret_mean=86.500 ep_len=500.0 pi_loss=-0.006 v_loss=1.323 ent=2.068 msg_acc=0.449 kl=0.0184
[upd  180 | steps   92160 | t  134.1s | sps   687] ret_mean=32.500 ep_len=500.0 pi_loss=-0.005 v_loss=12.789 ent=1.298 msg_acc=0.661 kl=0.0124
[upd  181 | steps   92672 | t  134.9s | sps   687] ret_mean=180.000 ep_len=500.0 pi_loss=-0.008 v_loss=1.363 ent=1.771 msg_acc=0.351 kl=0.0216
[upd  182 | steps   93184 | t  135.8s | sps   686] ret_mean=8.000 ep_len=500.0 pi_loss=-0.010 v_loss=0.550 ent=1.863 msg_acc=0.611 kl=0.0035
[upd  183 | steps   93696 | t  136.5s | sps   687] ret_mean=30.500 ep_len=500.0 pi_loss=-0.008 v_loss=4.178 ent=1.204 msg_acc=0.657 kl=0.0102
[upd  184 | steps   94208 | t  137.1s | sps   687] ret_mean=121.500 ep_len=500.0 pi_loss=-0.010 v_loss=2.078 ent=1.996 msg_acc=0.497 kl=0.0095
[upd  185 | steps   94720 | t  137.7s | sps   688] ret_mean=42.000 ep_len=500.0 pi_loss=-0.011 v_loss=0.409 ent=1.639 msg_acc=0.797 kl=0.0182
[upd  186 | steps   95232 | t  138.3s | sps   688] ret_mean=0.000 ep_len=500.0 pi_loss=-0.002 v_loss=2.946 ent=1.289 msg_acc=0.844 kl=0.0074
[upd  187 | steps   95744 | t  138.9s | sps   689] ret_mean=123.000 ep_len=500.0 pi_loss=-0.012 v_loss=3.766 ent=1.376 msg_acc=0.565 kl=0.0145
[upd  188 | steps   96256 | t  139.6s | sps   690] ret_mean=113.000 ep_len=500.0 pi_loss=-0.003 v_loss=3.467 ent=1.298 msg_acc=0.646 kl=0.0051
[upd  189 | steps   96768 | t  140.4s | sps   689] ret_mean=113.500 ep_len=500.0 pi_loss=-0.009 v_loss=2.160 ent=1.661 msg_acc=0.833 kl=0.0153
[upd  190 | steps   97280 | t  141.2s | sps   689] ret_mean=56.500 ep_len=500.0 pi_loss=-0.016 v_loss=2.954 ent=1.587 msg_acc=0.681 kl=0.0080
[upd  191 | steps   97792 | t  141.9s | sps   689] ret_mean=93.500 ep_len=500.0 pi_loss=-0.010 v_loss=1.202 ent=1.618 msg_acc=0.885 kl=0.0148
[upd  192 | steps   98304 | t  142.5s | sps   690] ret_mean=75.500 ep_len=500.0 pi_loss=-0.006 v_loss=3.844 ent=1.534 msg_acc=0.552 kl=0.0200
[upd  193 | steps   98816 | t  143.3s | sps   689] ret_mean=0.000 ep_len=500.0 pi_loss=-0.011 v_loss=0.404 ent=1.835 msg_acc=0.754 kl=0.0041
[upd  194 | steps   99328 | t  144.2s | sps   689] ret_mean=111.500 ep_len=500.0 pi_loss=-0.003 v_loss=3.249 ent=1.532 msg_acc=0.451 kl=0.0213
[upd  195 | steps   99840 | t  145.0s | sps   689] ret_mean=97.000 ep_len=500.0 pi_loss=-0.001 v_loss=3.378 ent=1.700 msg_acc=0.591 kl=0.0059
[upd  196 | steps  100352 | t  145.9s | sps   688] ret_mean=115.500 ep_len=500.0 pi_loss=-0.008 v_loss=3.080 ent=1.472 msg_acc=0.559 kl=0.0092
[upd  197 | steps  100864 | t  146.6s | sps   688] ret_mean=122.500 ep_len=500.0 pi_loss=-0.006 v_loss=3.431 ent=1.433 msg_acc=0.784 kl=0.0106
[upd  198 | steps  101376 | t  147.3s | sps   688] ret_mean=0.000 ep_len=500.0 pi_loss=-0.014 v_loss=0.488 ent=1.656 msg_acc=0.711 kl=0.0048
[upd  199 | steps  101888 | t  148.0s | sps   689] ret_mean=31.000 ep_len=500.0 pi_loss=-0.009 v_loss=1.450 ent=1.774 msg_acc=0.440 kl=0.0130
[upd  200 | steps  102400 | t  148.6s | sps   689] ret_mean=0.000 ep_len=500.0 pi_loss=-0.006 v_loss=0.620 ent=1.943 msg_acc=0.610 kl=-0.0002
        [eval] ret_mean=0.000 ep_len=500.0
