$ /Users/samchen/Coding/CLASSES/CS2860/.venv/bin/python3 -m policies.train --env rware-tiny-2ag-easy-v2 --seed 2 --updates 300 --rollout 512 --eval-every 25 --eval-episodes 30 --log-dir matrix_results/diagnostics_v1_sam/death_token/tiny_oracle --run-name mappo-heartbeat-plus-comm__delay-only__d30__s2 --n-msg-tokens 8 --heartbeat --heartbeat-period 1 --heartbeat-max-age-clip 128 --heartbeat-delay 30 --shape-rewards --pickup-bonus 0.5 --disable-message-echo

[env] EnvSpec(env_id='rware-tiny-2ag-easy-v2', n_agents=2, obs_dim=73, n_env_actions=5, noop_action=0, family='rware')  (n_msg_tokens=8)
[cfg] {'clip_range': 0.2, 'value_clip_range': 0.2, 'entropy_coef': 0.01, 'value_coef': 0.5, 'max_grad_norm': 0.5, 'gamma': 0.99, 'gae_lambda': 0.95, 'lr_actor': 0.0003, 'lr_critic': 0.001, 'update_epochs': 4, 'minibatches': 4, 'hidden': 128, 'depth': 2, 'device': 'cpu', 'extra': {}}
[log] writing to matrix_results/diagnostics_v1_sam/death_token/tiny_oracle/mappo-heartbeat-plus-comm__delay-only__d30__s2
[upd    1 | steps     512 | t    0.2s | sps  2441] ret_mean=0.000 ep_len=500.0 pi_loss=-0.011 v_loss=0.041 ent=3.685 kl=0.0025
[upd    2 | steps    1024 | t    0.4s | sps  2465] ret_mean=1.000 ep_len=500.0 pi_loss=-0.012 v_loss=0.010 ent=3.679 kl=0.0076
[upd    3 | steps    1536 | t    0.6s | sps  2516] ret_mean=0.500 ep_len=500.0 pi_loss=-0.007 v_loss=0.007 ent=3.674 kl=0.0028
[upd    4 | steps    2048 | t    0.8s | sps  2531] ret_mean=0.500 ep_len=500.0 pi_loss=-0.009 v_loss=0.007 ent=3.679 kl=0.0045
[upd    5 | steps    2560 | t    1.1s | sps  2395] ret_mean=0.000 ep_len=500.0 pi_loss=-0.008 v_loss=0.005 ent=3.676 kl=0.0076
[upd    6 | steps    3072 | t    1.3s | sps  2427] ret_mean=0.000 ep_len=500.0 pi_loss=-0.010 v_loss=0.003 ent=3.665 kl=0.0021
[upd    7 | steps    3584 | t    1.5s | sps  2454] ret_mean=0.000 ep_len=500.0 pi_loss=-0.013 v_loss=0.003 ent=3.663 kl=0.0037
[upd    8 | steps    4096 | t    1.7s | sps  2481] ret_mean=0.000 ep_len=500.0 pi_loss=-0.009 v_loss=0.003 ent=3.646 kl=0.0038
[upd    9 | steps    4608 | t    1.9s | sps  2484] ret_mean=0.000 ep_len=500.0 pi_loss=-0.007 v_loss=0.002 ent=3.630 kl=0.0074
[upd   10 | steps    5120 | t    2.1s | sps  2495] ret_mean=0.500 ep_len=500.0 pi_loss=-0.010 v_loss=0.007 ent=3.601 kl=0.0049
[upd   11 | steps    5632 | t    2.3s | sps  2500] ret_mean=1.500 ep_len=500.0 pi_loss=-0.016 v_loss=0.002 ent=3.582 kl=-0.0026
[upd   12 | steps    6144 | t    2.5s | sps  2496] ret_mean=0.000 ep_len=500.0 pi_loss=-0.012 v_loss=0.009 ent=3.596 kl=0.0068
[upd   13 | steps    6656 | t    2.7s | sps  2489] ret_mean=1.500 ep_len=500.0 pi_loss=-0.012 v_loss=0.007 ent=3.604 kl=0.0056
[upd   14 | steps    7168 | t    2.9s | sps  2497] ret_mean=1.500 ep_len=500.0 pi_loss=-0.011 v_loss=0.003 ent=3.598 kl=0.0005
[upd   15 | steps    7680 | t    3.1s | sps  2500] ret_mean=0.500 ep_len=500.0 pi_loss=-0.013 v_loss=0.002 ent=3.585 kl=-0.0003
[upd   16 | steps    8192 | t    3.3s | sps  2520] ret_mean=0.000 ep_len=500.0 pi_loss=-0.017 v_loss=0.001 ent=3.616 kl=0.0062
[upd   17 | steps    8704 | t    3.4s | sps  2524] ret_mean=0.000 ep_len=500.0 pi_loss=-0.012 v_loss=0.001 ent=3.562 kl=0.0092
[upd   18 | steps    9216 | t    3.6s | sps  2528] ret_mean=0.000 ep_len=500.0 pi_loss=-0.010 v_loss=0.001 ent=3.612 kl=0.0085
[upd   19 | steps    9728 | t    3.9s | sps  2526] ret_mean=0.000 ep_len=500.0 pi_loss=-0.009 v_loss=0.001 ent=3.579 kl=0.0014
[upd   20 | steps   10240 | t    4.1s | sps  2527] ret_mean=1.000 ep_len=500.0 pi_loss=-0.010 v_loss=0.005 ent=3.567 kl=-0.0014
[upd   21 | steps   10752 | t    4.3s | sps  2493] ret_mean=0.000 ep_len=500.0 pi_loss=-0.016 v_loss=0.001 ent=3.601 kl=0.0193
[upd   22 | steps   11264 | t    4.5s | sps  2487] ret_mean=0.000 ep_len=500.0 pi_loss=-0.009 v_loss=0.006 ent=3.577 kl=0.0087
[upd   23 | steps   11776 | t    4.7s | sps  2494] ret_mean=1.000 ep_len=500.0 pi_loss=-0.007 v_loss=0.003 ent=3.570 kl=0.0030
[upd   24 | steps   12288 | t    4.9s | sps  2497] ret_mean=1.000 ep_len=500.0 pi_loss=-0.011 v_loss=0.009 ent=3.517 kl=0.0002
[upd   25 | steps   12800 | t    5.1s | sps  2498] ret_mean=3.500 ep_len=500.0 pi_loss=-0.004 v_loss=0.007 ent=3.473 kl=0.0055
        [eval] ret_mean=12.500 ep_len=500.0
[upd   26 | steps   13312 | t   10.0s | sps  1328] ret_mean=2.000 ep_len=500.0 pi_loss=-0.011 v_loss=0.010 ent=3.303 kl=0.0083
[upd   27 | steps   13824 | t   10.2s | sps  1349] ret_mean=2.500 ep_len=500.0 pi_loss=-0.012 v_loss=0.032 ent=3.455 kl=0.0058
[upd   28 | steps   14336 | t   10.5s | sps  1364] ret_mean=5.000 ep_len=500.0 pi_loss=-0.014 v_loss=0.034 ent=3.482 kl=0.0139
[upd   29 | steps   14848 | t   10.7s | sps  1382] ret_mean=0.000 ep_len=500.0 pi_loss=-0.009 v_loss=0.003 ent=3.579 kl=0.0134
[upd   30 | steps   15360 | t   11.0s | sps  1400] ret_mean=0.000 ep_len=500.0 pi_loss=-0.011 v_loss=0.002 ent=3.458 kl=0.0059
[upd   31 | steps   15872 | t   11.2s | sps  1417] ret_mean=2.000 ep_len=500.0 pi_loss=-0.014 v_loss=0.073 ent=3.572 kl=0.0116
[upd   32 | steps   16384 | t   11.4s | sps  1436] ret_mean=6.500 ep_len=500.0 pi_loss=-0.013 v_loss=0.016 ent=3.568 kl=0.0003
[upd   33 | steps   16896 | t   11.6s | sps  1454] ret_mean=4.500 ep_len=500.0 pi_loss=-0.012 v_loss=0.099 ent=3.484 kl=0.0065
[upd   34 | steps   17408 | t   11.8s | sps  1472] ret_mean=11.500 ep_len=500.0 pi_loss=-0.013 v_loss=0.083 ent=3.530 kl=0.0099
[upd   35 | steps   17920 | t   12.0s | sps  1490] ret_mean=0.000 ep_len=500.0 pi_loss=-0.011 v_loss=0.012 ent=3.361 kl=0.0088
[upd   36 | steps   18432 | t   12.2s | sps  1508] ret_mean=4.000 ep_len=500.0 pi_loss=-0.005 v_loss=0.041 ent=3.244 kl=0.0026
[upd   37 | steps   18944 | t   12.4s | sps  1523] ret_mean=1.500 ep_len=500.0 pi_loss=-0.014 v_loss=0.006 ent=3.329 kl=0.0091
[upd   38 | steps   19456 | t   12.6s | sps  1541] ret_mean=4.000 ep_len=500.0 pi_loss=-0.012 v_loss=0.051 ent=3.462 kl=0.0058
[upd   39 | steps   19968 | t   12.8s | sps  1558] ret_mean=0.000 ep_len=500.0 pi_loss=-0.010 v_loss=0.081 ent=3.480 kl=-0.0007
[upd   40 | steps   20480 | t   13.0s | sps  1571] ret_mean=23.000 ep_len=500.0 pi_loss=-0.009 v_loss=0.302 ent=3.275 kl=0.0109
[upd   41 | steps   20992 | t   13.2s | sps  1587] ret_mean=0.000 ep_len=500.0 pi_loss=-0.013 v_loss=0.005 ent=3.421 kl=0.0131
[upd   42 | steps   21504 | t   13.4s | sps  1604] ret_mean=4.500 ep_len=500.0 pi_loss=-0.012 v_loss=0.035 ent=3.411 kl=0.0116
[upd   43 | steps   22016 | t   13.6s | sps  1620] ret_mean=0.000 ep_len=500.0 pi_loss=-0.009 v_loss=0.004 ent=3.357 kl=-0.0001
[upd   44 | steps   22528 | t   13.8s | sps  1634] ret_mean=0.500 ep_len=500.0 pi_loss=-0.012 v_loss=0.006 ent=3.510 kl=0.0089
[upd   45 | steps   23040 | t   14.0s | sps  1649] ret_mean=0.000 ep_len=500.0 pi_loss=-0.014 v_loss=0.002 ent=3.516 kl=-0.0002
[upd   46 | steps   23552 | t   14.2s | sps  1663] ret_mean=0.000 ep_len=500.0 pi_loss=-0.017 v_loss=0.027 ent=3.352 kl=0.0115
[upd   47 | steps   24064 | t   14.4s | sps  1676] ret_mean=6.000 ep_len=500.0 pi_loss=-0.013 v_loss=0.020 ent=3.459 kl=0.0117
[upd   48 | steps   24576 | t   14.5s | sps  1690] ret_mean=2.000 ep_len=500.0 pi_loss=-0.012 v_loss=0.063 ent=3.380 kl=0.0019
[upd   49 | steps   25088 | t   14.7s | sps  1703] ret_mean=3.500 ep_len=500.0 pi_loss=-0.011 v_loss=0.005 ent=3.482 kl=0.0038
[upd   50 | steps   25600 | t   14.9s | sps  1714] ret_mean=0.000 ep_len=500.0 pi_loss=-0.014 v_loss=0.003 ent=3.463 kl=0.0097
        [eval] ret_mean=4.167 ep_len=500.0
[upd   51 | steps   26112 | t   19.3s | sps  1352] ret_mean=2.000 ep_len=500.0 pi_loss=-0.010 v_loss=0.022 ent=3.298 kl=0.0123
[upd   52 | steps   26624 | t   19.5s | sps  1365] ret_mean=3.000 ep_len=500.0 pi_loss=-0.012 v_loss=0.043 ent=3.438 kl=0.0021
[upd   53 | steps   27136 | t   19.7s | sps  1377] ret_mean=7.500 ep_len=500.0 pi_loss=-0.010 v_loss=0.103 ent=3.362 kl=-0.0016
[upd   54 | steps   27648 | t   19.9s | sps  1389] ret_mean=1.500 ep_len=500.0 pi_loss=-0.014 v_loss=0.009 ent=3.186 kl=0.0053
[upd   55 | steps   28160 | t   20.1s | sps  1400] ret_mean=0.000 ep_len=500.0 pi_loss=-0.014 v_loss=0.003 ent=3.218 kl=0.0145
[upd   56 | steps   28672 | t   20.3s | sps  1412] ret_mean=1.500 ep_len=500.0 pi_loss=-0.016 v_loss=0.037 ent=3.426 kl=0.0117
[upd   57 | steps   29184 | t   20.5s | sps  1424] ret_mean=4.500 ep_len=500.0 pi_loss=-0.014 v_loss=0.010 ent=3.293 kl=0.0087
[upd   58 | steps   29696 | t   20.7s | sps  1436] ret_mean=0.000 ep_len=500.0 pi_loss=-0.011 v_loss=0.003 ent=3.446 kl=0.0090
[upd   59 | steps   30208 | t   20.9s | sps  1447] ret_mean=6.000 ep_len=500.0 pi_loss=-0.014 v_loss=0.111 ent=3.268 kl=0.0134
[upd   60 | steps   30720 | t   21.1s | sps  1458] ret_mean=3.000 ep_len=500.0 pi_loss=-0.013 v_loss=0.069 ent=2.807 kl=0.0127
[upd   61 | steps   31232 | t   21.3s | sps  1469] ret_mean=20.000 ep_len=500.0 pi_loss=-0.018 v_loss=1.042 ent=2.954 kl=0.0018
[upd   62 | steps   31744 | t   21.5s | sps  1478] ret_mean=18.000 ep_len=500.0 pi_loss=-0.012 v_loss=0.011 ent=3.305 kl=0.0182
[upd   63 | steps   32256 | t   21.7s | sps  1489] ret_mean=0.000 ep_len=500.0 pi_loss=-0.013 v_loss=0.004 ent=3.419 kl=0.0107
[upd   64 | steps   32768 | t   21.9s | sps  1499] ret_mean=0.000 ep_len=500.0 pi_loss=-0.021 v_loss=0.002 ent=3.269 kl=0.0089
[upd   65 | steps   33280 | t   22.1s | sps  1509] ret_mean=0.000 ep_len=500.0 pi_loss=-0.014 v_loss=0.003 ent=3.267 kl=0.0010
[upd   66 | steps   33792 | t   22.2s | sps  1519] ret_mean=0.000 ep_len=500.0 pi_loss=-0.018 v_loss=0.004 ent=3.100 kl=0.0102
[upd   67 | steps   34304 | t   22.4s | sps  1529] ret_mean=0.000 ep_len=500.0 pi_loss=-0.013 v_loss=0.001 ent=3.446 kl=0.0026
[upd   68 | steps   34816 | t   22.6s | sps  1539] ret_mean=0.000 ep_len=500.0 pi_loss=-0.007 v_loss=0.001 ent=3.212 kl=0.0112
[upd   69 | steps   35328 | t   22.8s | sps  1549] ret_mean=0.000 ep_len=500.0 pi_loss=-0.005 v_loss=0.090 ent=3.162 kl=0.0093
[upd   70 | steps   35840 | t   23.0s | sps  1558] ret_mean=4.500 ep_len=500.0 pi_loss=-0.018 v_loss=0.002 ent=3.303 kl=0.0080
[upd   71 | steps   36352 | t   23.2s | sps  1568] ret_mean=16.500 ep_len=500.0 pi_loss=-0.008 v_loss=0.552 ent=3.246 kl=0.0037
[upd   72 | steps   36864 | t   23.4s | sps  1578] ret_mean=4.000 ep_len=500.0 pi_loss=-0.015 v_loss=0.076 ent=3.338 kl=0.0013
[upd   73 | steps   37376 | t   23.6s | sps  1587] ret_mean=5.500 ep_len=500.0 pi_loss=-0.011 v_loss=0.005 ent=3.420 kl=0.0062
[upd   74 | steps   37888 | t   23.7s | sps  1596] ret_mean=0.000 ep_len=500.0 pi_loss=-0.017 v_loss=0.026 ent=3.424 kl=0.0129
[upd   75 | steps   38400 | t   23.9s | sps  1606] ret_mean=2.500 ep_len=500.0 pi_loss=-0.007 v_loss=0.294 ent=3.299 kl=-0.0006
        [eval] ret_mean=8.333 ep_len=500.0
[upd   76 | steps   38912 | t   28.4s | sps  1371] ret_mean=12.000 ep_len=500.0 pi_loss=-0.010 v_loss=0.200 ent=3.153 kl=0.0082
[upd   77 | steps   39424 | t   28.6s | sps  1380] ret_mean=4.500 ep_len=500.0 pi_loss=-0.013 v_loss=0.081 ent=3.285 kl=0.0085
[upd   78 | steps   39936 | t   28.7s | sps  1389] ret_mean=21.500 ep_len=500.0 pi_loss=-0.017 v_loss=0.399 ent=3.124 kl=0.0176
[upd   79 | steps   40448 | t   28.9s | sps  1398] ret_mean=0.000 ep_len=500.0 pi_loss=-0.007 v_loss=0.025 ent=3.047 kl=0.0027
[upd   80 | steps   40960 | t   29.1s | sps  1407] ret_mean=42.500 ep_len=500.0 pi_loss=-0.013 v_loss=1.321 ent=3.144 kl=0.0114
[upd   81 | steps   41472 | t   29.3s | sps  1416] ret_mean=17.000 ep_len=500.0 pi_loss=-0.014 v_loss=0.377 ent=3.177 kl=0.0074
[upd   82 | steps   41984 | t   29.5s | sps  1425] ret_mean=0.500 ep_len=500.0 pi_loss=-0.011 v_loss=0.015 ent=3.303 kl=0.0058
[upd   83 | steps   42496 | t   29.6s | sps  1434] ret_mean=28.000 ep_len=500.0 pi_loss=-0.012 v_loss=0.973 ent=3.056 kl=0.0072
[upd   84 | steps   43008 | t   29.8s | sps  1442] ret_mean=4.000 ep_len=500.0 pi_loss=-0.011 v_loss=0.081 ent=2.919 kl=0.0151
[upd   85 | steps   43520 | t   30.0s | sps  1450] ret_mean=0.000 ep_len=500.0 pi_loss=-0.013 v_loss=0.017 ent=2.887 kl=0.0161
[upd   86 | steps   44032 | t   30.2s | sps  1458] ret_mean=8.000 ep_len=500.0 pi_loss=-0.013 v_loss=0.982 ent=3.024 kl=0.0055
[upd   87 | steps   44544 | t   30.5s | sps  1462] ret_mean=100.500 ep_len=500.0 pi_loss=-0.007 v_loss=6.437 ent=2.528 kl=-0.0002
[upd   88 | steps   45056 | t   30.7s | sps  1469] ret_mean=129.500 ep_len=500.0 pi_loss=-0.012 v_loss=4.112 ent=2.828 kl=0.0096
[upd   89 | steps   45568 | t   30.9s | sps  1473] ret_mean=0.000 ep_len=500.0 pi_loss=-0.017 v_loss=0.033 ent=3.068 kl=0.0148
[upd   90 | steps   46080 | t   31.2s | sps  1479] ret_mean=60.500 ep_len=500.0 pi_loss=-0.015 v_loss=2.328 ent=2.736 kl=0.0085
[upd   91 | steps   46592 | t   31.3s | sps  1487] ret_mean=0.000 ep_len=500.0 pi_loss=-0.015 v_loss=0.023 ent=2.995 kl=0.0110
[upd   92 | steps   47104 | t   31.5s | sps  1495] ret_mean=0.000 ep_len=500.0 pi_loss=-0.015 v_loss=0.034 ent=3.108 kl=0.0096
[upd   93 | steps   47616 | t   31.7s | sps  1503] ret_mean=0.000 ep_len=500.0 pi_loss=-0.010 v_loss=0.037 ent=2.873 kl=0.0040
[upd   94 | steps   48128 | t   31.9s | sps  1508] ret_mean=0.000 ep_len=500.0 pi_loss=-0.013 v_loss=0.041 ent=2.735 kl=0.0044
[upd   95 | steps   48640 | t   32.2s | sps  1513] ret_mean=0.000 ep_len=500.0 pi_loss=-0.014 v_loss=0.976 ent=2.838 kl=0.0074
[upd   96 | steps   49152 | t   32.4s | sps  1518] ret_mean=79.500 ep_len=500.0 pi_loss=-0.021 v_loss=3.792 ent=2.748 kl=0.0075
[upd   97 | steps   49664 | t   32.6s | sps  1525] ret_mean=75.500 ep_len=500.0 pi_loss=-0.010 v_loss=1.709 ent=2.882 kl=0.0048
[upd   98 | steps   50176 | t   32.7s | sps  1532] ret_mean=11.000 ep_len=500.0 pi_loss=-0.014 v_loss=0.074 ent=2.726 kl=0.0141
[upd   99 | steps   50688 | t   32.9s | sps  1540] ret_mean=0.000 ep_len=500.0 pi_loss=-0.011 v_loss=0.036 ent=2.713 kl=0.0117
[upd  100 | steps   51200 | t   33.1s | sps  1548] ret_mean=0.000 ep_len=500.0 pi_loss=-0.012 v_loss=2.355 ent=2.611 kl=0.0035
        [eval] ret_mean=4.167 ep_len=500.0
[upd  101 | steps   51712 | t   36.9s | sps  1401] ret_mean=3.500 ep_len=500.0 pi_loss=-0.019 v_loss=0.024 ent=2.540 kl=0.0131
[upd  102 | steps   52224 | t   37.1s | sps  1409] ret_mean=0.000 ep_len=500.0 pi_loss=-0.011 v_loss=0.019 ent=2.717 kl=0.0033
[upd  103 | steps   52736 | t   37.2s | sps  1416] ret_mean=0.000 ep_len=500.0 pi_loss=-0.011 v_loss=0.012 ent=2.763 kl=0.0091
[upd  104 | steps   53248 | t   37.4s | sps  1424] ret_mean=8.500 ep_len=500.0 pi_loss=-0.013 v_loss=0.445 ent=3.000 kl=0.0186
[upd  105 | steps   53760 | t   37.5s | sps  1432] ret_mean=36.000 ep_len=500.0 pi_loss=-0.009 v_loss=0.993 ent=2.703 kl=0.0075
[upd  106 | steps   54272 | t   37.7s | sps  1440] ret_mean=0.000 ep_len=500.0 pi_loss=-0.011 v_loss=0.034 ent=2.599 kl=0.0105
[upd  107 | steps   54784 | t   37.9s | sps  1447] ret_mean=91.500 ep_len=500.0 pi_loss=-0.013 v_loss=4.865 ent=2.670 kl=0.0082
[upd  108 | steps   55296 | t   38.0s | sps  1455] ret_mean=0.000 ep_len=500.0 pi_loss=-0.020 v_loss=0.007 ent=2.813 kl=0.0162
[upd  109 | steps   55808 | t   38.2s | sps  1462] ret_mean=78.000 ep_len=500.0 pi_loss=-0.013 v_loss=3.866 ent=2.554 kl=0.0090
[upd  110 | steps   56320 | t   38.3s | sps  1470] ret_mean=5.500 ep_len=500.0 pi_loss=-0.008 v_loss=0.092 ent=2.578 kl=0.0019
[upd  111 | steps   56832 | t   38.5s | sps  1477] ret_mean=0.000 ep_len=500.0 pi_loss=-0.011 v_loss=0.016 ent=2.759 kl=0.0053
[upd  112 | steps   57344 | t   38.6s | sps  1484] ret_mean=0.000 ep_len=500.0 pi_loss=-0.012 v_loss=0.005 ent=2.698 kl=0.0052
[upd  113 | steps   57856 | t   38.8s | sps  1491] ret_mean=4.500 ep_len=500.0 pi_loss=-0.013 v_loss=1.293 ent=2.656 kl=0.0116
[upd  114 | steps   58368 | t   38.9s | sps  1499] ret_mean=61.000 ep_len=500.0 pi_loss=-0.008 v_loss=0.975 ent=2.888 kl=0.0037
[upd  115 | steps   58880 | t   39.1s | sps  1506] ret_mean=0.000 ep_len=500.0 pi_loss=-0.016 v_loss=0.012 ent=2.756 kl=0.0110
[upd  116 | steps   59392 | t   39.2s | sps  1513] ret_mean=0.000 ep_len=500.0 pi_loss=-0.010 v_loss=0.005 ent=2.644 kl=0.0020
[upd  117 | steps   59904 | t   39.4s | sps  1520] ret_mean=0.000 ep_len=500.0 pi_loss=-0.011 v_loss=1.002 ent=2.589 kl=0.0078
[upd  118 | steps   60416 | t   39.5s | sps  1528] ret_mean=94.000 ep_len=500.0 pi_loss=-0.010 v_loss=3.962 ent=2.551 kl=0.0001
[upd  119 | steps   60928 | t   39.7s | sps  1534] ret_mean=5.000 ep_len=500.0 pi_loss=-0.012 v_loss=0.126 ent=2.799 kl=0.0151
[upd  120 | steps   61440 | t   39.9s | sps  1542] ret_mean=53.500 ep_len=500.0 pi_loss=-0.013 v_loss=12.918 ent=2.445 kl=0.0086
[upd  121 | steps   61952 | t   40.0s | sps  1549] ret_mean=202.000 ep_len=500.0 pi_loss=-0.011 v_loss=7.958 ent=2.523 kl=0.0016
[upd  122 | steps   62464 | t   40.2s | sps  1555] ret_mean=35.000 ep_len=500.0 pi_loss=-0.015 v_loss=2.699 ent=2.743 kl=0.0093
[upd  123 | steps   62976 | t   40.3s | sps  1562] ret_mean=86.500 ep_len=500.0 pi_loss=-0.013 v_loss=1.735 ent=2.775 kl=0.0152
[upd  124 | steps   63488 | t   40.5s | sps  1569] ret_mean=0.000 ep_len=500.0 pi_loss=-0.015 v_loss=0.044 ent=2.977 kl=0.0067
[upd  125 | steps   64000 | t   40.6s | sps  1575] ret_mean=0.000 ep_len=500.0 pi_loss=-0.014 v_loss=1.077 ent=3.017 kl=0.0091
        [eval] ret_mean=0.000 ep_len=500.0
[upd  126 | steps   64512 | t   44.4s | sps  1454] ret_mean=0.000 ep_len=500.0 pi_loss=-0.016 v_loss=0.062 ent=2.585 kl=0.0044
[upd  127 | steps   65024 | t   44.6s | sps  1459] ret_mean=0.000 ep_len=500.0 pi_loss=-0.015 v_loss=0.039 ent=2.723 kl=0.0000
[upd  128 | steps   65536 | t   44.8s | sps  1463] ret_mean=41.500 ep_len=500.0 pi_loss=-0.008 v_loss=1.957 ent=2.614 kl=0.0055
[upd  129 | steps   66048 | t   45.0s | sps  1467] ret_mean=107.000 ep_len=500.0 pi_loss=-0.012 v_loss=5.439 ent=2.617 kl=0.0075
[upd  130 | steps   66560 | t   45.2s | sps  1473] ret_mean=0.000 ep_len=500.0 pi_loss=-0.012 v_loss=0.014 ent=2.429 kl=-0.0027
[upd  131 | steps   67072 | t   45.3s | sps  1480] ret_mean=22.000 ep_len=500.0 pi_loss=-0.010 v_loss=0.971 ent=2.835 kl=0.0085
[upd  132 | steps   67584 | t   45.5s | sps  1486] ret_mean=44.500 ep_len=500.0 pi_loss=-0.013 v_loss=1.884 ent=2.806 kl=0.0068
[upd  133 | steps   68096 | t   45.6s | sps  1492] ret_mean=0.000 ep_len=500.0 pi_loss=-0.019 v_loss=0.599 ent=2.566 kl=0.0022
[upd  134 | steps   68608 | t   45.8s | sps  1497] ret_mean=16.500 ep_len=500.0 pi_loss=-0.014 v_loss=0.033 ent=2.853 kl=0.0155
[upd  135 | steps   69120 | t   46.0s | sps  1501] ret_mean=0.000 ep_len=500.0 pi_loss=-0.014 v_loss=0.018 ent=2.978 kl=0.0096
[upd  136 | steps   69632 | t   46.2s | sps  1507] ret_mean=0.000 ep_len=500.0 pi_loss=-0.014 v_loss=1.347 ent=2.573 kl=0.0193
[upd  137 | steps   70144 | t   46.4s | sps  1513] ret_mean=173.000 ep_len=500.0 pi_loss=-0.015 v_loss=12.299 ent=2.462 kl=0.0143
[upd  138 | steps   70656 | t   46.5s | sps  1518] ret_mean=80.000 ep_len=500.0 pi_loss=-0.017 v_loss=3.770 ent=2.510 kl=0.0124
[upd  139 | steps   71168 | t   46.7s | sps  1523] ret_mean=0.000 ep_len=500.0 pi_loss=-0.020 v_loss=0.015 ent=3.073 kl=0.0048
[upd  140 | steps   71680 | t   46.9s | sps  1529] ret_mean=43.000 ep_len=500.0 pi_loss=-0.013 v_loss=1.918 ent=2.762 kl=0.0056
[upd  141 | steps   72192 | t   47.1s | sps  1533] ret_mean=61.000 ep_len=500.0 pi_loss=-0.018 v_loss=2.615 ent=2.281 kl=0.0016
[upd  142 | steps   72704 | t   47.3s | sps  1539] ret_mean=0.000 ep_len=500.0 pi_loss=-0.013 v_loss=1.878 ent=2.560 kl=0.0208
[upd  143 | steps   73216 | t   47.4s | sps  1544] ret_mean=57.000 ep_len=500.0 pi_loss=-0.008 v_loss=0.486 ent=2.707 kl=0.0079
[upd  144 | steps   73728 | t   47.6s | sps  1549] ret_mean=0.000 ep_len=500.0 pi_loss=-0.015 v_loss=0.017 ent=2.693 kl=0.0049
[upd  145 | steps   74240 | t   47.7s | sps  1555] ret_mean=0.000 ep_len=500.0 pi_loss=-0.014 v_loss=1.076 ent=2.428 kl=-0.0016
[upd  146 | steps   74752 | t   47.9s | sps  1561] ret_mean=86.000 ep_len=500.0 pi_loss=-0.017 v_loss=2.416 ent=2.641 kl=0.0050
[upd  147 | steps   75264 | t   48.0s | sps  1566] ret_mean=64.000 ep_len=500.0 pi_loss=-0.010 v_loss=5.296 ent=2.703 kl=0.0089
[upd  148 | steps   75776 | t   48.2s | sps  1572] ret_mean=0.000 ep_len=500.0 pi_loss=-0.015 v_loss=0.013 ent=2.636 kl=0.0057
[upd  149 | steps   76288 | t   48.4s | sps  1578] ret_mean=0.000 ep_len=500.0 pi_loss=-0.010 v_loss=0.006 ent=2.355 kl=0.0068
[upd  150 | steps   76800 | t   48.5s | sps  1583] ret_mean=0.000 ep_len=500.0 pi_loss=-0.008 v_loss=0.965 ent=2.534 kl=0.0048
        [eval] ret_mean=16.650 ep_len=500.0
[upd  151 | steps   77312 | t   52.7s | sps  1466] ret_mean=0.000 ep_len=500.0 pi_loss=-0.013 v_loss=0.005 ent=2.851 kl=0.0063
[upd  152 | steps   77824 | t   52.9s | sps  1472] ret_mean=80.500 ep_len=500.0 pi_loss=-0.012 v_loss=3.966 ent=1.998 kl=0.0101
[upd  153 | steps   78336 | t   53.0s | sps  1477] ret_mean=119.500 ep_len=500.0 pi_loss=-0.015 v_loss=6.025 ent=2.414 kl=0.0155
[upd  154 | steps   78848 | t   53.2s | sps  1482] ret_mean=116.500 ep_len=500.0 pi_loss=-0.010 v_loss=4.747 ent=2.002 kl=0.0027
[upd  155 | steps   79360 | t   53.4s | sps  1487] ret_mean=0.000 ep_len=500.0 pi_loss=-0.015 v_loss=0.047 ent=2.887 kl=0.0038
[upd  156 | steps   79872 | t   53.5s | sps  1492] ret_mean=0.000 ep_len=500.0 pi_loss=-0.013 v_loss=0.013 ent=3.066 kl=-0.0007
[upd  157 | steps   80384 | t   53.7s | sps  1496] ret_mean=0.000 ep_len=500.0 pi_loss=-0.012 v_loss=0.021 ent=2.989 kl=0.0030
[upd  158 | steps   80896 | t   54.0s | sps  1499] ret_mean=0.000 ep_len=500.0 pi_loss=-0.013 v_loss=0.007 ent=2.688 kl=0.0107
[upd  159 | steps   81408 | t   54.2s | sps  1502] ret_mean=72.000 ep_len=500.0 pi_loss=-0.009 v_loss=4.247 ent=2.310 kl=0.0030
[upd  160 | steps   81920 | t   54.4s | sps  1505] ret_mean=119.000 ep_len=500.0 pi_loss=-0.021 v_loss=4.507 ent=2.625 kl=0.0136
[upd  161 | steps   82432 | t   54.6s | sps  1509] ret_mean=0.000 ep_len=500.0 pi_loss=-0.015 v_loss=0.013 ent=2.823 kl=0.0037
[upd  162 | steps   82944 | t   54.8s | sps  1513] ret_mean=0.000 ep_len=500.0 pi_loss=-0.010 v_loss=0.748 ent=2.743 kl=0.0018
[upd  163 | steps   83456 | t   55.0s | sps  1517] ret_mean=101.500 ep_len=500.0 pi_loss=-0.015 v_loss=4.129 ent=2.572 kl=0.0098
[upd  164 | steps   83968 | t   55.2s | sps  1521] ret_mean=99.500 ep_len=500.0 pi_loss=-0.013 v_loss=10.864 ent=2.431 kl=0.0053
[upd  165 | steps   84480 | t   55.4s | sps  1525] ret_mean=168.500 ep_len=500.0 pi_loss=-0.007 v_loss=4.168 ent=2.548 kl=0.0030
[upd  166 | steps   84992 | t   55.6s | sps  1529] ret_mean=0.000 ep_len=500.0 pi_loss=-0.010 v_loss=0.033 ent=2.684 kl=0.0021
[upd  167 | steps   85504 | t   55.8s | sps  1533] ret_mean=0.000 ep_len=500.0 pi_loss=-0.017 v_loss=0.074 ent=3.030 kl=0.0038
[upd  168 | steps   86016 | t   55.9s | sps  1538] ret_mean=74.500 ep_len=500.0 pi_loss=-0.014 v_loss=5.918 ent=2.518 kl=0.0112
[upd  169 | steps   86528 | t   56.1s | sps  1542] ret_mean=122.500 ep_len=500.0 pi_loss=-0.010 v_loss=3.232 ent=2.815 kl=0.0030
[upd  170 | steps   87040 | t   56.3s | sps  1547] ret_mean=0.000 ep_len=500.0 pi_loss=-0.016 v_loss=1.953 ent=2.728 kl=0.0122
[upd  171 | steps   87552 | t   56.4s | sps  1552] ret_mean=95.000 ep_len=500.0 pi_loss=-0.017 v_loss=1.510 ent=2.475 kl=0.0084
[upd  172 | steps   88064 | t   56.6s | sps  1555] ret_mean=0.000 ep_len=500.0 pi_loss=-0.013 v_loss=0.019 ent=3.023 kl=0.0059
[upd  173 | steps   88576 | t   56.8s | sps  1560] ret_mean=0.000 ep_len=500.0 pi_loss=-0.014 v_loss=2.324 ent=2.806 kl=0.0089
[upd  174 | steps   89088 | t   57.0s | sps  1564] ret_mean=143.000 ep_len=500.0 pi_loss=-0.012 v_loss=7.693 ent=2.584 kl=0.0154
[upd  175 | steps   89600 | t   57.1s | sps  1568] ret_mean=35.000 ep_len=500.0 pi_loss=-0.009 v_loss=1.695 ent=2.436 kl=0.0000
        [eval] ret_mean=4.167 ep_len=500.0
[upd  176 | steps   90112 | t   61.1s | sps  1475] ret_mean=0.000 ep_len=500.0 pi_loss=-0.013 v_loss=0.011 ent=2.885 kl=0.0027
[upd  177 | steps   90624 | t   61.3s | sps  1479] ret_mean=6.500 ep_len=500.0 pi_loss=-0.012 v_loss=0.316 ent=2.800 kl=0.0067
[upd  178 | steps   91136 | t   61.4s | sps  1484] ret_mean=223.500 ep_len=500.0 pi_loss=-0.014 v_loss=22.004 ent=2.046 kl=0.0104
[upd  179 | steps   91648 | t   61.6s | sps  1489] ret_mean=0.000 ep_len=500.0 pi_loss=-0.013 v_loss=0.050 ent=2.652 kl=0.0162
[upd  180 | steps   92160 | t   61.7s | sps  1493] ret_mean=48.500 ep_len=500.0 pi_loss=-0.012 v_loss=2.271 ent=2.615 kl=0.0051
[upd  181 | steps   92672 | t   61.9s | sps  1498] ret_mean=129.000 ep_len=500.0 pi_loss=-0.012 v_loss=6.276 ent=2.321 kl=0.0048
[upd  182 | steps   93184 | t   62.1s | sps  1502] ret_mean=118.000 ep_len=500.0 pi_loss=-0.016 v_loss=4.202 ent=2.615 kl=0.0126
[upd  183 | steps   93696 | t   62.3s | sps  1505] ret_mean=79.500 ep_len=500.0 pi_loss=-0.018 v_loss=3.262 ent=2.647 kl=0.0075
[upd  184 | steps   94208 | t   62.4s | sps  1509] ret_mean=72.500 ep_len=500.0 pi_loss=-0.009 v_loss=1.995 ent=2.323 kl=0.0100
[upd  185 | steps   94720 | t   62.6s | sps  1513] ret_mean=8.000 ep_len=500.0 pi_loss=-0.013 v_loss=0.358 ent=2.427 kl=0.0108
[upd  186 | steps   95232 | t   62.8s | sps  1517] ret_mean=0.000 ep_len=500.0 pi_loss=-0.016 v_loss=0.086 ent=2.722 kl=0.0110
[upd  187 | steps   95744 | t   62.9s | sps  1522] ret_mean=27.500 ep_len=500.0 pi_loss=-0.018 v_loss=1.126 ent=2.644 kl=0.0110
[upd  188 | steps   96256 | t   63.1s | sps  1526] ret_mean=0.000 ep_len=500.0 pi_loss=-0.012 v_loss=0.092 ent=2.550 kl=0.0217
[upd  189 | steps   96768 | t   63.2s | sps  1530] ret_mean=0.000 ep_len=500.0 pi_loss=-0.016 v_loss=0.245 ent=2.896 kl=0.0097
[upd  190 | steps   97280 | t   63.4s | sps  1534] ret_mean=87.000 ep_len=500.0 pi_loss=-0.013 v_loss=3.099 ent=2.488 kl=0.0122
[upd  191 | steps   97792 | t   63.6s | sps  1539] ret_mean=0.000 ep_len=500.0 pi_loss=-0.021 v_loss=1.760 ent=2.830 kl=0.0020
[upd  192 | steps   98304 | t   63.7s | sps  1543] ret_mean=120.500 ep_len=500.0 pi_loss=-0.015 v_loss=4.437 ent=2.366 kl=0.0037
[upd  193 | steps   98816 | t   63.9s | sps  1547] ret_mean=124.500 ep_len=500.0 pi_loss=-0.013 v_loss=4.952 ent=2.433 kl=0.0047
[upd  194 | steps   99328 | t   64.0s | sps  1551] ret_mean=107.000 ep_len=500.0 pi_loss=-0.014 v_loss=1.956 ent=2.634 kl=-0.0041
[upd  195 | steps   99840 | t   64.2s | sps  1555] ret_mean=0.000 ep_len=500.0 pi_loss=-0.013 v_loss=0.800 ent=2.515 kl=0.0042
[upd  196 | steps  100352 | t   64.4s | sps  1559] ret_mean=86.000 ep_len=500.0 pi_loss=-0.017 v_loss=3.446 ent=2.388 kl=0.0088
[upd  197 | steps  100864 | t   64.5s | sps  1563] ret_mean=100.500 ep_len=500.0 pi_loss=-0.017 v_loss=2.364 ent=2.489 kl=-0.0016
[upd  198 | steps  101376 | t   64.7s | sps  1567] ret_mean=0.000 ep_len=500.0 pi_loss=-0.009 v_loss=0.934 ent=2.939 kl=0.0114
[upd  199 | steps  101888 | t   64.9s | sps  1571] ret_mean=57.000 ep_len=500.0 pi_loss=-0.014 v_loss=1.912 ent=2.462 kl=0.0114
[upd  200 | steps  102400 | t   65.0s | sps  1575] ret_mean=63.500 ep_len=500.0 pi_loss=-0.016 v_loss=2.436 ent=2.492 kl=0.0061
        [eval] ret_mean=4.167 ep_len=500.0
[upd  201 | steps  102912 | t   69.7s | sps  1477] ret_mean=0.000 ep_len=500.0 pi_loss=-0.017 v_loss=0.094 ent=2.487 kl=0.0069
[upd  202 | steps  103424 | t   69.8s | sps  1481] ret_mean=95.000 ep_len=500.0 pi_loss=-0.011 v_loss=4.153 ent=2.151 kl=0.0052
[upd  203 | steps  103936 | t   70.0s | sps  1485] ret_mean=0.000 ep_len=500.0 pi_loss=-0.015 v_loss=0.088 ent=2.742 kl=0.0059
[upd  204 | steps  104448 | t   70.2s | sps  1489] ret_mean=0.000 ep_len=500.0 pi_loss=-0.013 v_loss=0.025 ent=2.435 kl=0.0040
[upd  205 | steps  104960 | t   70.3s | sps  1492] ret_mean=0.000 ep_len=500.0 pi_loss=-0.014 v_loss=0.027 ent=2.606 kl=0.0037
[upd  206 | steps  105472 | t   70.5s | sps  1496] ret_mean=0.000 ep_len=500.0 pi_loss=-0.015 v_loss=0.016 ent=2.729 kl=0.0027
[upd  207 | steps  105984 | t   70.7s | sps  1500] ret_mean=105.000 ep_len=500.0 pi_loss=-0.014 v_loss=5.067 ent=2.504 kl=0.0050
[upd  208 | steps  106496 | t   70.8s | sps  1504] ret_mean=0.000 ep_len=500.0 pi_loss=-0.013 v_loss=0.771 ent=2.707 kl=0.0082
[upd  209 | steps  107008 | t   71.0s | sps  1507] ret_mean=51.500 ep_len=500.0 pi_loss=-0.011 v_loss=0.926 ent=2.480 kl=0.0185
[upd  210 | steps  107520 | t   71.1s | sps  1511] ret_mean=0.000 ep_len=500.0 pi_loss=-0.017 v_loss=0.006 ent=2.661 kl=0.0095
[upd  211 | steps  108032 | t   71.3s | sps  1515] ret_mean=0.000 ep_len=500.0 pi_loss=-0.011 v_loss=1.229 ent=2.342 kl=0.0136
[upd  212 | steps  108544 | t   71.5s | sps  1519] ret_mean=116.000 ep_len=500.0 pi_loss=-0.012 v_loss=3.818 ent=1.928 kl=0.0018
[upd  213 | steps  109056 | t   71.6s | sps  1523] ret_mean=75.500 ep_len=500.0 pi_loss=-0.012 v_loss=3.329 ent=2.419 kl=0.0029
[upd  214 | steps  109568 | t   71.8s | sps  1526] ret_mean=0.000 ep_len=500.0 pi_loss=-0.014 v_loss=0.027 ent=2.962 kl=0.0059
[upd  215 | steps  110080 | t   72.0s | sps  1530] ret_mean=0.000 ep_len=500.0 pi_loss=-0.013 v_loss=0.014 ent=2.848 kl=0.0046
[upd  216 | steps  110592 | t   72.1s | sps  1534] ret_mean=0.000 ep_len=500.0 pi_loss=-0.013 v_loss=0.009 ent=2.835 kl=0.0093
[upd  217 | steps  111104 | t   72.3s | sps  1537] ret_mean=0.000 ep_len=500.0 pi_loss=-0.016 v_loss=0.009 ent=2.842 kl=0.0128
[upd  218 | steps  111616 | t   72.5s | sps  1540] ret_mean=56.500 ep_len=500.0 pi_loss=-0.012 v_loss=2.882 ent=2.484 kl=-0.0002
[upd  219 | steps  112128 | t   72.7s | sps  1543] ret_mean=43.000 ep_len=500.0 pi_loss=-0.011 v_loss=1.620 ent=2.697 kl=-0.0045
[upd  220 | steps  112640 | t   72.8s | sps  1547] ret_mean=69.500 ep_len=500.0 pi_loss=-0.011 v_loss=5.136 ent=2.296 kl=0.0089
[upd  221 | steps  113152 | t   73.0s | sps  1551] ret_mean=120.000 ep_len=500.0 pi_loss=-0.018 v_loss=3.812 ent=2.345 kl=0.0128
[upd  222 | steps  113664 | t   73.1s | sps  1554] ret_mean=90.500 ep_len=500.0 pi_loss=-0.016 v_loss=2.090 ent=2.751 kl=0.0217
[upd  223 | steps  114176 | t   73.3s | sps  1558] ret_mean=0.000 ep_len=500.0 pi_loss=-0.014 v_loss=2.159 ent=2.780 kl=0.0074
[upd  224 | steps  114688 | t   73.4s | sps  1561] ret_mean=114.500 ep_len=500.0 pi_loss=-0.014 v_loss=2.554 ent=2.279 kl=0.0043
[upd  225 | steps  115200 | t   73.6s | sps  1565] ret_mean=79.500 ep_len=500.0 pi_loss=-0.012 v_loss=1.891 ent=2.713 kl=0.0080
        [eval] ret_mean=8.333 ep_len=500.0
[upd  226 | steps  115712 | t   77.5s | sps  1493] ret_mean=61.500 ep_len=500.0 pi_loss=-0.011 v_loss=2.486 ent=2.368 kl=0.0070
[upd  227 | steps  116224 | t   77.7s | sps  1496] ret_mean=0.000 ep_len=500.0 pi_loss=-0.013 v_loss=0.193 ent=2.656 kl=0.0043
[upd  228 | steps  116736 | t   77.9s | sps  1499] ret_mean=124.500 ep_len=500.0 pi_loss=-0.016 v_loss=4.132 ent=2.516 kl=0.0134
[upd  229 | steps  117248 | t   78.0s | sps  1502] ret_mean=0.000 ep_len=500.0 pi_loss=-0.019 v_loss=0.023 ent=2.895 kl=0.0114
[upd  230 | steps  117760 | t   78.2s | sps  1505] ret_mean=0.000 ep_len=500.0 pi_loss=-0.013 v_loss=0.070 ent=2.960 kl=0.0092
[upd  231 | steps  118272 | t   78.4s | sps  1508] ret_mean=12.000 ep_len=500.0 pi_loss=-0.013 v_loss=0.804 ent=2.861 kl=0.0041
[upd  232 | steps  118784 | t   78.6s | sps  1512] ret_mean=112.500 ep_len=500.0 pi_loss=-0.015 v_loss=4.716 ent=2.595 kl=0.0103
[upd  233 | steps  119296 | t   78.7s | sps  1515] ret_mean=117.000 ep_len=500.0 pi_loss=-0.015 v_loss=3.349 ent=2.675 kl=0.0114
[upd  234 | steps  119808 | t   78.9s | sps  1519] ret_mean=0.000 ep_len=500.0 pi_loss=-0.008 v_loss=0.138 ent=2.656 kl=0.0022
[upd  235 | steps  120320 | t   79.1s | sps  1522] ret_mean=1.000 ep_len=500.0 pi_loss=-0.013 v_loss=0.030 ent=2.436 kl=0.0071
[upd  236 | steps  120832 | t   79.2s | sps  1525] ret_mean=76.500 ep_len=500.0 pi_loss=-0.014 v_loss=3.957 ent=2.555 kl=0.0169
[upd  237 | steps  121344 | t   79.4s | sps  1529] ret_mean=101.000 ep_len=500.0 pi_loss=-0.007 v_loss=4.455 ent=2.231 kl=-0.0023
[upd  238 | steps  121856 | t   79.5s | sps  1532] ret_mean=121.500 ep_len=500.0 pi_loss=-0.013 v_loss=4.093 ent=2.161 kl=0.0110
[upd  239 | steps  122368 | t   79.7s | sps  1535] ret_mean=123.500 ep_len=500.0 pi_loss=-0.009 v_loss=4.342 ent=2.281 kl=0.0036
[upd  240 | steps  122880 | t   79.9s | sps  1539] ret_mean=124.500 ep_len=500.0 pi_loss=-0.014 v_loss=4.181 ent=2.067 kl=0.0179
[upd  241 | steps  123392 | t   80.0s | sps  1542] ret_mean=122.500 ep_len=500.0 pi_loss=-0.015 v_loss=2.375 ent=2.451 kl=0.0084
[upd  242 | steps  123904 | t   80.2s | sps  1545] ret_mean=0.000 ep_len=500.0 pi_loss=-0.015 v_loss=1.190 ent=2.809 kl=0.0078
[upd  243 | steps  124416 | t   80.3s | sps  1549] ret_mean=98.000 ep_len=500.0 pi_loss=-0.010 v_loss=2.562 ent=2.381 kl=0.0067
[upd  244 | steps  124928 | t   80.5s | sps  1551] ret_mean=0.000 ep_len=500.0 pi_loss=-0.013 v_loss=0.056 ent=2.703 kl=0.0101
[upd  245 | steps  125440 | t   80.7s | sps  1555] ret_mean=41.000 ep_len=500.0 pi_loss=-0.011 v_loss=3.369 ent=2.330 kl=0.0109
[upd  246 | steps  125952 | t   80.8s | sps  1558] ret_mean=129.000 ep_len=500.0 pi_loss=-0.009 v_loss=11.333 ent=2.234 kl=0.0132
[upd  247 | steps  126464 | t   81.0s | sps  1561] ret_mean=216.500 ep_len=500.0 pi_loss=-0.009 v_loss=9.585 ent=2.308 kl=0.0055
[upd  248 | steps  126976 | t   81.2s | sps  1563] ret_mean=89.500 ep_len=500.0 pi_loss=-0.012 v_loss=1.721 ent=2.803 kl=0.0044
[upd  249 | steps  127488 | t   81.4s | sps  1566] ret_mean=0.000 ep_len=500.0 pi_loss=-0.016 v_loss=1.830 ent=2.794 kl=0.0070
[upd  250 | steps  128000 | t   81.6s | sps  1570] ret_mean=149.500 ep_len=500.0 pi_loss=-0.008 v_loss=7.119 ent=2.428 kl=0.0030
        [eval] ret_mean=24.950 ep_len=500.0
[upd  251 | steps  128512 | t   85.4s | sps  1505] ret_mean=122.500 ep_len=500.0 pi_loss=-0.005 v_loss=4.190 ent=2.171 kl=0.0092
[upd  252 | steps  129024 | t   85.6s | sps  1508] ret_mean=116.500 ep_len=500.0 pi_loss=-0.009 v_loss=3.986 ent=2.411 kl=-0.0035
[upd  253 | steps  129536 | t   85.7s | sps  1511] ret_mean=110.000 ep_len=500.0 pi_loss=-0.009 v_loss=3.484 ent=2.622 kl=0.0016
[upd  254 | steps  130048 | t   85.9s | sps  1514] ret_mean=0.000 ep_len=500.0 pi_loss=-0.017 v_loss=0.930 ent=2.873 kl=0.0074
[upd  255 | steps  130560 | t   86.0s | sps  1517] ret_mean=120.500 ep_len=500.0 pi_loss=-0.015 v_loss=2.729 ent=2.580 kl=0.0083
[upd  256 | steps  131072 | t   86.2s | sps  1520] ret_mean=134.500 ep_len=500.0 pi_loss=-0.012 v_loss=9.662 ent=2.278 kl=0.0095
[upd  257 | steps  131584 | t   86.4s | sps  1523] ret_mean=0.000 ep_len=500.0 pi_loss=-0.008 v_loss=0.197 ent=2.944 kl=0.0047
[upd  258 | steps  132096 | t   86.6s | sps  1526] ret_mean=79.500 ep_len=500.0 pi_loss=-0.015 v_loss=3.576 ent=2.395 kl=0.0011
[upd  259 | steps  132608 | t   86.7s | sps  1529] ret_mean=161.500 ep_len=500.0 pi_loss=-0.009 v_loss=7.975 ent=2.250 kl=0.0077
[upd  260 | steps  133120 | t   86.9s | sps  1532] ret_mean=203.000 ep_len=500.0 pi_loss=-0.013 v_loss=12.806 ent=2.137 kl=0.0171
[upd  261 | steps  133632 | t   87.1s | sps  1534] ret_mean=55.000 ep_len=500.0 pi_loss=-0.016 v_loss=2.599 ent=2.693 kl=0.0152
[upd  262 | steps  134144 | t   87.3s | sps  1537] ret_mean=109.000 ep_len=500.0 pi_loss=-0.020 v_loss=3.876 ent=2.447 kl=0.0249
[upd  263 | steps  134656 | t   87.4s | sps  1540] ret_mean=216.000 ep_len=500.0 pi_loss=-0.011 v_loss=11.664 ent=2.103 kl=0.0174
[upd  264 | steps  135168 | t   87.6s | sps  1543] ret_mean=96.500 ep_len=500.0 pi_loss=-0.015 v_loss=2.305 ent=2.475 kl=0.0020
[upd  265 | steps  135680 | t   87.8s | sps  1546] ret_mean=0.000 ep_len=500.0 pi_loss=-0.013 v_loss=0.594 ent=2.592 kl=0.0111
[upd  266 | steps  136192 | t   87.9s | sps  1549] ret_mean=0.000 ep_len=500.0 pi_loss=-0.012 v_loss=1.043 ent=2.551 kl=-0.0015
[upd  267 | steps  136704 | t   88.1s | sps  1552] ret_mean=166.500 ep_len=500.0 pi_loss=-0.013 v_loss=10.007 ent=2.023 kl=0.0106
[upd  268 | steps  137216 | t   88.3s | sps  1555] ret_mean=64.000 ep_len=500.0 pi_loss=-0.009 v_loss=4.034 ent=2.060 kl=0.0068
[upd  269 | steps  137728 | t   88.5s | sps  1557] ret_mean=167.000 ep_len=500.0 pi_loss=-0.013 v_loss=15.180 ent=1.615 kl=0.0219
[upd  270 | steps  138240 | t   88.6s | sps  1560] ret_mean=240.500 ep_len=500.0 pi_loss=-0.006 v_loss=9.073 ent=1.978 kl=0.0105
[upd  271 | steps  138752 | t   88.8s | sps  1562] ret_mean=99.500 ep_len=500.0 pi_loss=-0.008 v_loss=8.002 ent=1.977 kl=0.0071
[upd  272 | steps  139264 | t   89.0s | sps  1564] ret_mean=183.500 ep_len=500.0 pi_loss=-0.008 v_loss=2.996 ent=2.102 kl=0.0084
[upd  273 | steps  139776 | t   89.2s | sps  1566] ret_mean=73.000 ep_len=500.0 pi_loss=-0.011 v_loss=2.795 ent=2.406 kl=0.0062
[upd  274 | steps  140288 | t   89.4s | sps  1569] ret_mean=52.000 ep_len=500.0 pi_loss=-0.013 v_loss=2.128 ent=2.492 kl=0.0088
[upd  275 | steps  140800 | t   89.6s | sps  1572] ret_mean=98.500 ep_len=500.0 pi_loss=-0.012 v_loss=3.173 ent=2.290 kl=-0.0023
        [eval] ret_mean=24.983 ep_len=500.0
[upd  276 | steps  141312 | t   94.3s | sps  1499] ret_mean=83.000 ep_len=500.0 pi_loss=-0.008 v_loss=3.136 ent=2.197 kl=0.0117
[upd  277 | steps  141824 | t   94.5s | sps  1501] ret_mean=67.000 ep_len=500.0 pi_loss=-0.015 v_loss=6.306 ent=2.403 kl=0.0025
[upd  278 | steps  142336 | t   94.7s | sps  1503] ret_mean=68.000 ep_len=500.0 pi_loss=-0.012 v_loss=3.251 ent=1.948 kl=0.0191
[upd  279 | steps  142848 | t   94.9s | sps  1506] ret_mean=138.000 ep_len=500.0 pi_loss=-0.006 v_loss=5.780 ent=2.192 kl=0.0016
[upd  280 | steps  143360 | t   95.1s | sps  1508] ret_mean=125.500 ep_len=500.0 pi_loss=-0.016 v_loss=7.768 ent=2.296 kl=0.0219
[upd  281 | steps  143872 | t   95.2s | sps  1511] ret_mean=151.500 ep_len=500.0 pi_loss=-0.005 v_loss=6.010 ent=1.675 kl=0.0115
[upd  282 | steps  144384 | t   95.4s | sps  1513] ret_mean=124.000 ep_len=500.0 pi_loss=-0.006 v_loss=2.654 ent=2.165 kl=0.0076
[upd  283 | steps  144896 | t   95.6s | sps  1515] ret_mean=55.000 ep_len=500.0 pi_loss=-0.007 v_loss=2.884 ent=2.564 kl=0.0047
[upd  284 | steps  145408 | t   95.8s | sps  1517] ret_mean=0.000 ep_len=500.0 pi_loss=-0.011 v_loss=0.751 ent=2.870 kl=0.0065
[upd  285 | steps  145920 | t   96.0s | sps  1519] ret_mean=65.000 ep_len=500.0 pi_loss=-0.014 v_loss=2.456 ent=2.303 kl=0.0070
[upd  286 | steps  146432 | t   96.3s | sps  1521] ret_mean=77.500 ep_len=500.0 pi_loss=-0.008 v_loss=3.340 ent=2.341 kl=0.0034
[upd  287 | steps  146944 | t   96.5s | sps  1523] ret_mean=93.500 ep_len=500.0 pi_loss=-0.011 v_loss=2.452 ent=2.186 kl=0.0124
[upd  288 | steps  147456 | t   96.7s | sps  1525] ret_mean=0.000 ep_len=500.0 pi_loss=-0.013 v_loss=0.973 ent=2.548 kl=0.0073
[upd  289 | steps  147968 | t   96.8s | sps  1528] ret_mean=58.500 ep_len=500.0 pi_loss=-0.011 v_loss=2.741 ent=2.523 kl=0.0147
[upd  290 | steps  148480 | t   97.0s | sps  1530] ret_mean=0.000 ep_len=500.0 pi_loss=-0.012 v_loss=4.250 ent=2.701 kl=0.0035
[upd  291 | steps  148992 | t   97.3s | sps  1532] ret_mean=96.500 ep_len=500.0 pi_loss=-0.017 v_loss=3.457 ent=2.565 kl=0.0155
[upd  292 | steps  149504 | t   97.5s | sps  1534] ret_mean=62.000 ep_len=500.0 pi_loss=-0.012 v_loss=3.161 ent=2.662 kl=0.0015
[upd  293 | steps  150016 | t   97.6s | sps  1536] ret_mean=103.500 ep_len=500.0 pi_loss=-0.010 v_loss=4.301 ent=2.231 kl=0.0123
[upd  294 | steps  150528 | t   97.8s | sps  1539] ret_mean=151.000 ep_len=500.0 pi_loss=-0.013 v_loss=6.415 ent=2.204 kl=0.0191
[upd  295 | steps  151040 | t   98.1s | sps  1540] ret_mean=97.500 ep_len=500.0 pi_loss=-0.013 v_loss=2.358 ent=2.184 kl=0.0024
[upd  296 | steps  151552 | t   98.2s | sps  1543] ret_mean=124.500 ep_len=500.0 pi_loss=-0.015 v_loss=3.509 ent=2.192 kl=0.0032
[upd  297 | steps  152064 | t   98.4s | sps  1545] ret_mean=125.000 ep_len=500.0 pi_loss=-0.014 v_loss=3.724 ent=2.293 kl=0.0042
[upd  298 | steps  152576 | t   98.6s | sps  1548] ret_mean=103.500 ep_len=500.0 pi_loss=-0.011 v_loss=3.364 ent=2.343 kl=0.0006
[upd  299 | steps  153088 | t   98.7s | sps  1551] ret_mean=96.000 ep_len=500.0 pi_loss=-0.013 v_loss=2.942 ent=2.393 kl=0.0156
[upd  300 | steps  153600 | t   98.9s | sps  1553] ret_mean=80.000 ep_len=500.0 pi_loss=-0.012 v_loss=1.873 ent=2.524 kl=0.0068
        [eval] ret_mean=32.683 ep_len=500.0
