$ /Users/praneelkhiantani/Downloads/cs2860/.venv/bin/python3 -m policies.train --env rware-tiny-2ag-easy-v2 --seed 1 --updates 200 --rollout 512 --eval-every 50 --eval-episodes 10 --log-dir matrix_results/intent_grounded_v1_pilot/rware-tiny-2ag-easy-v2 --run-name mappo-comm__dropout-only__d0__s1 --n-msg-tokens 8 --dropout --dropout-agent 0 --dropout-time 100 --shape-rewards --pickup-bonus 0.5

[env] EnvSpec(env_id='rware-tiny-2ag-easy-v2', n_agents=2, obs_dim=71, n_env_actions=5, noop_action=0, family='rware')  (n_msg_tokens=8)
[cfg] {'clip_range': 0.2, 'value_clip_range': 0.2, 'entropy_coef': 0.01, 'value_coef': 0.5, 'max_grad_norm': 0.5, 'gamma': 0.99, 'gae_lambda': 0.95, 'lr_actor': 0.0003, 'lr_critic': 0.001, 'update_epochs': 4, 'minibatches': 4, 'hidden': 128, 'depth': 2, 'device': 'cpu', 'message_grounding_coef': 0.0, 'extra': {}}
[log] writing to matrix_results/intent_grounded_v1_pilot/rware-tiny-2ag-easy-v2/mappo-comm__dropout-only__d0__s1
[upd    1 | steps     512 | t    0.7s | sps   779] ret_mean=2.500 ep_len=500.0 pi_loss=-0.009 v_loss=0.026 ent=3.685 msg_acc=0.000 kl=0.0079
[upd    2 | steps    1024 | t    1.3s | sps   794] ret_mean=0.500 ep_len=500.0 pi_loss=-0.006 v_loss=0.007 ent=3.677 msg_acc=0.000 kl=0.0033
[upd    3 | steps    1536 | t    1.9s | sps   793] ret_mean=4.500 ep_len=500.0 pi_loss=-0.012 v_loss=0.034 ent=3.676 msg_acc=0.000 kl=0.0044
[upd    4 | steps    2048 | t    2.6s | sps   797] ret_mean=0.500 ep_len=500.0 pi_loss=-0.006 v_loss=0.005 ent=3.681 msg_acc=0.000 kl=0.0024
[upd    5 | steps    2560 | t    3.3s | sps   768] ret_mean=0.000 ep_len=500.0 pi_loss=-0.007 v_loss=0.006 ent=3.677 msg_acc=0.000 kl=-0.0011
[upd    6 | steps    3072 | t    4.0s | sps   772] ret_mean=1.000 ep_len=500.0 pi_loss=-0.009 v_loss=0.003 ent=3.662 msg_acc=0.000 kl=0.0019
[upd    7 | steps    3584 | t    4.6s | sps   774] ret_mean=0.500 ep_len=500.0 pi_loss=-0.011 v_loss=0.003 ent=3.640 msg_acc=0.000 kl=0.0031
[upd    8 | steps    4096 | t    5.6s | sps   736] ret_mean=0.000 ep_len=500.0 pi_loss=-0.010 v_loss=0.002 ent=3.644 msg_acc=0.000 kl=0.0111
[upd    9 | steps    4608 | t    8.7s | sps   527] ret_mean=0.000 ep_len=500.0 pi_loss=-0.010 v_loss=0.001 ent=3.622 msg_acc=0.000 kl=0.0050
[upd   10 | steps    5120 | t   11.0s | sps   468] ret_mean=2.000 ep_len=500.0 pi_loss=-0.013 v_loss=0.023 ent=3.596 msg_acc=0.000 kl=-0.0014
[upd   11 | steps    5632 | t   12.0s | sps   468] ret_mean=2.000 ep_len=500.0 pi_loss=-0.011 v_loss=0.003 ent=3.615 msg_acc=0.000 kl=0.0083
[upd   12 | steps    6144 | t   12.9s | sps   475] ret_mean=0.500 ep_len=500.0 pi_loss=-0.012 v_loss=0.001 ent=3.611 msg_acc=0.000 kl=0.0034
[upd   13 | steps    6656 | t   13.6s | sps   489] ret_mean=0.000 ep_len=500.0 pi_loss=-0.010 v_loss=0.001 ent=3.552 msg_acc=0.000 kl=0.0079
[upd   14 | steps    7168 | t   14.2s | sps   503] ret_mean=0.000 ep_len=500.0 pi_loss=-0.006 v_loss=0.001 ent=3.530 msg_acc=0.000 kl=0.0039
[upd   15 | steps    7680 | t   14.9s | sps   514] ret_mean=0.000 ep_len=500.0 pi_loss=-0.011 v_loss=0.001 ent=3.617 msg_acc=0.000 kl=-0.0057
[upd   16 | steps    8192 | t   16.0s | sps   511] ret_mean=0.000 ep_len=500.0 pi_loss=-0.007 v_loss=0.003 ent=3.631 msg_acc=0.000 kl=-0.0007
[upd   17 | steps    8704 | t   16.8s | sps   518] ret_mean=2.000 ep_len=500.0 pi_loss=-0.008 v_loss=0.003 ent=3.595 msg_acc=0.000 kl=0.0054
[upd   18 | steps    9216 | t   17.5s | sps   527] ret_mean=0.000 ep_len=500.0 pi_loss=-0.011 v_loss=0.002 ent=3.604 msg_acc=0.000 kl=0.0037
[upd   19 | steps    9728 | t   18.1s | sps   537] ret_mean=0.500 ep_len=500.0 pi_loss=-0.008 v_loss=0.001 ent=3.591 msg_acc=0.000 kl=0.0035
[upd   20 | steps   10240 | t   18.8s | sps   544] ret_mean=0.000 ep_len=500.0 pi_loss=-0.007 v_loss=0.001 ent=3.605 msg_acc=0.000 kl=0.0061
[upd   21 | steps   10752 | t   19.7s | sps   545] ret_mean=0.000 ep_len=500.0 pi_loss=-0.011 v_loss=0.001 ent=3.607 msg_acc=0.000 kl=0.0023
[upd   22 | steps   11264 | t   20.7s | sps   544] ret_mean=0.000 ep_len=500.0 pi_loss=-0.017 v_loss=0.001 ent=3.548 msg_acc=0.000 kl=0.0071
[upd   23 | steps   11776 | t   21.5s | sps   547] ret_mean=0.000 ep_len=500.0 pi_loss=-0.010 v_loss=0.028 ent=3.494 msg_acc=0.000 kl=-0.0007
[upd   24 | steps   12288 | t   22.2s | sps   554] ret_mean=3.000 ep_len=500.0 pi_loss=-0.010 v_loss=0.001 ent=3.521 msg_acc=0.000 kl=0.0024
[upd   25 | steps   12800 | t   23.0s | sps   557] ret_mean=0.000 ep_len=500.0 pi_loss=-0.010 v_loss=0.001 ent=3.486 msg_acc=0.000 kl=0.0075
[upd   26 | steps   13312 | t   24.2s | sps   550] ret_mean=1.500 ep_len=500.0 pi_loss=-0.010 v_loss=0.011 ent=3.439 msg_acc=0.000 kl=0.0047
[upd   27 | steps   13824 | t   25.2s | sps   549] ret_mean=0.000 ep_len=500.0 pi_loss=-0.015 v_loss=0.001 ent=3.336 msg_acc=0.000 kl=0.0144
[upd   28 | steps   14336 | t   27.1s | sps   529] ret_mean=0.000 ep_len=500.0 pi_loss=-0.011 v_loss=0.001 ent=3.450 msg_acc=0.000 kl=0.0050
[upd   29 | steps   14848 | t   28.5s | sps   521] ret_mean=2.000 ep_len=500.0 pi_loss=-0.012 v_loss=0.007 ent=3.408 msg_acc=0.000 kl=0.0033
[upd   30 | steps   15360 | t   29.9s | sps   514] ret_mean=0.000 ep_len=500.0 pi_loss=-0.011 v_loss=0.013 ent=3.318 msg_acc=0.000 kl=0.0064
[upd   31 | steps   15872 | t   30.7s | sps   517] ret_mean=1.500 ep_len=500.0 pi_loss=-0.009 v_loss=0.001 ent=3.355 msg_acc=0.000 kl=0.0036
[upd   32 | steps   16384 | t   31.4s | sps   522] ret_mean=0.000 ep_len=500.0 pi_loss=-0.009 v_loss=0.086 ent=3.329 msg_acc=0.000 kl=0.0062
[upd   33 | steps   16896 | t   32.0s | sps   528] ret_mean=5.000 ep_len=500.0 pi_loss=-0.016 v_loss=0.002 ent=3.441 msg_acc=0.000 kl=0.0056
[upd   34 | steps   17408 | t   32.6s | sps   533] ret_mean=0.000 ep_len=500.0 pi_loss=-0.011 v_loss=0.001 ent=3.478 msg_acc=0.000 kl=-0.0014
[upd   35 | steps   17920 | t   33.3s | sps   538] ret_mean=0.000 ep_len=500.0 pi_loss=-0.006 v_loss=0.035 ent=3.450 msg_acc=0.000 kl=0.0054
[upd   36 | steps   18432 | t   33.9s | sps   544] ret_mean=3.000 ep_len=500.0 pi_loss=-0.007 v_loss=0.014 ent=3.491 msg_acc=0.000 kl=0.0006
[upd   37 | steps   18944 | t   34.6s | sps   548] ret_mean=2.500 ep_len=500.0 pi_loss=-0.012 v_loss=0.131 ent=3.361 msg_acc=0.000 kl=0.0081
[upd   38 | steps   19456 | t   35.2s | sps   553] ret_mean=8.000 ep_len=500.0 pi_loss=-0.013 v_loss=0.019 ent=3.469 msg_acc=0.000 kl=0.0062
[upd   39 | steps   19968 | t   35.8s | sps   558] ret_mean=2.000 ep_len=500.0 pi_loss=-0.010 v_loss=0.010 ent=3.370 msg_acc=0.000 kl=0.0112
[upd   40 | steps   20480 | t   36.5s | sps   561] ret_mean=1.000 ep_len=500.0 pi_loss=-0.011 v_loss=0.003 ent=3.464 msg_acc=0.000 kl=0.0020
[upd   41 | steps   20992 | t   37.1s | sps   566] ret_mean=0.500 ep_len=500.0 pi_loss=-0.012 v_loss=0.003 ent=3.415 msg_acc=0.000 kl=-0.0015
[upd   42 | steps   21504 | t   37.7s | sps   570] ret_mean=0.000 ep_len=500.0 pi_loss=-0.009 v_loss=0.002 ent=3.239 msg_acc=0.000 kl=-0.0012
[upd   43 | steps   22016 | t   38.3s | sps   575] ret_mean=0.000 ep_len=500.0 pi_loss=-0.010 v_loss=0.001 ent=3.383 msg_acc=0.000 kl=0.0092
[upd   44 | steps   22528 | t   38.9s | sps   579] ret_mean=0.000 ep_len=500.0 pi_loss=-0.010 v_loss=0.001 ent=3.360 msg_acc=0.000 kl=0.0043
[upd   45 | steps   23040 | t   39.7s | sps   580] ret_mean=0.500 ep_len=500.0 pi_loss=-0.013 v_loss=0.003 ent=3.462 msg_acc=0.000 kl=0.0077
[upd   46 | steps   23552 | t   40.3s | sps   584] ret_mean=2.000 ep_len=500.0 pi_loss=-0.007 v_loss=0.011 ent=3.324 msg_acc=0.000 kl=0.0072
[upd   47 | steps   24064 | t   41.0s | sps   588] ret_mean=0.000 ep_len=500.0 pi_loss=-0.014 v_loss=0.004 ent=3.219 msg_acc=0.000 kl=0.0082
[upd   48 | steps   24576 | t   41.6s | sps   591] ret_mean=15.000 ep_len=500.0 pi_loss=-0.012 v_loss=0.296 ent=3.271 msg_acc=0.000 kl=0.0162
[upd   49 | steps   25088 | t   42.3s | sps   593] ret_mean=2.500 ep_len=500.0 pi_loss=-0.010 v_loss=0.003 ent=3.197 msg_acc=0.000 kl=0.0127
[upd   50 | steps   25600 | t   43.2s | sps   592] ret_mean=0.000 ep_len=500.0 pi_loss=-0.015 v_loss=0.002 ent=3.228 msg_acc=0.000 kl=0.0163
        [eval] ret_mean=0.000 ep_len=500.0
[upd   51 | steps   26112 | t   50.5s | sps   517] ret_mean=0.000 ep_len=500.0 pi_loss=-0.007 v_loss=0.001 ent=3.236 msg_acc=0.000 kl=0.0132
[upd   52 | steps   26624 | t   51.1s | sps   521] ret_mean=3.500 ep_len=500.0 pi_loss=-0.008 v_loss=0.034 ent=3.277 msg_acc=0.000 kl=0.0016
[upd   53 | steps   27136 | t   52.1s | sps   521] ret_mean=4.500 ep_len=500.0 pi_loss=-0.009 v_loss=0.035 ent=3.298 msg_acc=0.000 kl=0.0176
[upd   54 | steps   27648 | t   53.9s | sps   513] ret_mean=0.000 ep_len=500.0 pi_loss=-0.010 v_loss=0.002 ent=3.237 msg_acc=0.000 kl=0.0090
[upd   55 | steps   28160 | t   55.5s | sps   508] ret_mean=2.500 ep_len=500.0 pi_loss=-0.008 v_loss=0.022 ent=3.336 msg_acc=0.000 kl=0.0049
[upd   56 | steps   28672 | t   57.1s | sps   502] ret_mean=0.000 ep_len=500.0 pi_loss=-0.012 v_loss=0.006 ent=3.302 msg_acc=0.000 kl=0.0061
[upd   57 | steps   29184 | t   57.9s | sps   504] ret_mean=1.000 ep_len=500.0 pi_loss=-0.009 v_loss=0.002 ent=3.371 msg_acc=0.000 kl=0.0073
[upd   58 | steps   29696 | t   58.6s | sps   506] ret_mean=0.000 ep_len=500.0 pi_loss=-0.010 v_loss=0.003 ent=3.206 msg_acc=0.000 kl=0.0034
[upd   59 | steps   30208 | t   59.3s | sps   510] ret_mean=1.000 ep_len=500.0 pi_loss=-0.013 v_loss=0.003 ent=3.389 msg_acc=0.000 kl=0.0072
[upd   60 | steps   30720 | t   59.9s | sps   512] ret_mean=0.500 ep_len=500.0 pi_loss=-0.011 v_loss=0.001 ent=3.402 msg_acc=0.000 kl=-0.0011
[upd   61 | steps   31232 | t   60.6s | sps   516] ret_mean=1.000 ep_len=500.0 pi_loss=-0.012 v_loss=0.012 ent=3.379 msg_acc=0.000 kl=0.0123
[upd   62 | steps   31744 | t   61.5s | sps   516] ret_mean=2.000 ep_len=500.0 pi_loss=-0.010 v_loss=0.002 ent=3.399 msg_acc=0.000 kl=0.0079
[upd   63 | steps   32256 | t   63.4s | sps   508] ret_mean=0.000 ep_len=500.0 pi_loss=-0.009 v_loss=0.001 ent=3.293 msg_acc=0.000 kl=0.0036
[upd   64 | steps   32768 | t   64.6s | sps   508] ret_mean=3.500 ep_len=500.0 pi_loss=-0.010 v_loss=0.051 ent=3.353 msg_acc=0.000 kl=0.0068
[upd   65 | steps   33280 | t   67.5s | sps   493] ret_mean=0.000 ep_len=500.0 pi_loss=-0.012 v_loss=0.042 ent=3.228 msg_acc=0.000 kl=0.0055
[upd   66 | steps   33792 | t   72.3s | sps   467] ret_mean=3.000 ep_len=500.0 pi_loss=-0.012 v_loss=0.002 ent=3.335 msg_acc=0.000 kl=0.0071
[upd   67 | steps   34304 | t   75.0s | sps   457] ret_mean=0.000 ep_len=500.0 pi_loss=-0.014 v_loss=0.081 ent=3.348 msg_acc=0.000 kl=0.0035
[upd   68 | steps   34816 | t   76.7s | sps   454] ret_mean=6.500 ep_len=500.0 pi_loss=-0.009 v_loss=0.001 ent=3.386 msg_acc=0.000 kl=-0.0001
[upd   69 | steps   35328 | t   77.8s | sps   454] ret_mean=0.000 ep_len=500.0 pi_loss=-0.003 v_loss=0.000 ent=3.382 msg_acc=0.000 kl=0.0081
[upd   70 | steps   35840 | t   80.0s | sps   448] ret_mean=0.000 ep_len=500.0 pi_loss=-0.016 v_loss=0.001 ent=3.321 msg_acc=0.000 kl=0.0189
[upd   71 | steps   36352 | t   80.9s | sps   449] ret_mean=0.000 ep_len=500.0 pi_loss=-0.010 v_loss=0.001 ent=3.376 msg_acc=0.000 kl=0.0062
[upd   72 | steps   36864 | t   82.8s | sps   445] ret_mean=0.000 ep_len=500.0 pi_loss=-0.006 v_loss=0.038 ent=3.324 msg_acc=0.000 kl=0.0006
[upd   73 | steps   37376 | t   83.6s | sps   447] ret_mean=3.500 ep_len=500.0 pi_loss=-0.011 v_loss=0.306 ent=3.190 msg_acc=0.000 kl=0.0100
[upd   74 | steps   37888 | t   84.7s | sps   448] ret_mean=12.000 ep_len=500.0 pi_loss=-0.009 v_loss=0.002 ent=3.401 msg_acc=0.000 kl=0.0060
[upd   75 | steps   38400 | t   85.8s | sps   448] ret_mean=0.000 ep_len=500.0 pi_loss=-0.010 v_loss=0.002 ent=3.404 msg_acc=0.000 kl=0.0049
[upd   76 | steps   38912 | t   86.5s | sps   450] ret_mean=0.000 ep_len=500.0 pi_loss=-0.014 v_loss=0.037 ent=3.324 msg_acc=0.000 kl=0.0004
[upd   77 | steps   39424 | t   87.2s | sps   452] ret_mean=11.500 ep_len=500.0 pi_loss=-0.013 v_loss=0.174 ent=3.132 msg_acc=0.000 kl=0.0055
[upd   78 | steps   39936 | t   87.8s | sps   455] ret_mean=2.500 ep_len=500.0 pi_loss=-0.008 v_loss=0.005 ent=3.113 msg_acc=0.000 kl=0.0004
[upd   79 | steps   40448 | t   88.5s | sps   457] ret_mean=0.000 ep_len=500.0 pi_loss=-0.011 v_loss=0.026 ent=3.128 msg_acc=0.000 kl=0.0093
[upd   80 | steps   40960 | t   89.2s | sps   459] ret_mean=5.500 ep_len=500.0 pi_loss=-0.014 v_loss=0.014 ent=3.272 msg_acc=0.000 kl=0.0150
[upd   81 | steps   41472 | t   89.9s | sps   461] ret_mean=0.000 ep_len=500.0 pi_loss=-0.015 v_loss=0.003 ent=3.316 msg_acc=0.000 kl=0.0105
[upd   82 | steps   41984 | t   90.5s | sps   464] ret_mean=0.000 ep_len=500.0 pi_loss=-0.007 v_loss=0.002 ent=3.324 msg_acc=0.000 kl=0.0047
[upd   83 | steps   42496 | t   91.1s | sps   466] ret_mean=0.000 ep_len=500.0 pi_loss=-0.006 v_loss=0.215 ent=3.093 msg_acc=0.000 kl=0.0040
[upd   84 | steps   43008 | t   91.9s | sps   468] ret_mean=25.000 ep_len=500.0 pi_loss=-0.010 v_loss=0.386 ent=2.997 msg_acc=0.000 kl=0.0027
[upd   85 | steps   43520 | t   93.0s | sps   468] ret_mean=0.000 ep_len=500.0 pi_loss=-0.014 v_loss=0.399 ent=3.192 msg_acc=0.000 kl=-0.0043
[upd   86 | steps   44032 | t   93.8s | sps   470] ret_mean=19.000 ep_len=500.0 pi_loss=-0.010 v_loss=1.040 ent=3.015 msg_acc=0.000 kl=0.0087
[upd   87 | steps   44544 | t   94.5s | sps   471] ret_mean=41.000 ep_len=500.0 pi_loss=-0.010 v_loss=0.345 ent=3.089 msg_acc=0.000 kl=0.0004
[upd   88 | steps   45056 | t   95.5s | sps   472] ret_mean=6.000 ep_len=500.0 pi_loss=-0.007 v_loss=0.008 ent=2.827 msg_acc=0.000 kl=0.0042
[upd   89 | steps   45568 | t   96.2s | sps   474] ret_mean=0.000 ep_len=500.0 pi_loss=-0.008 v_loss=0.013 ent=2.983 msg_acc=0.000 kl=0.0041
[upd   90 | steps   46080 | t   96.9s | sps   475] ret_mean=0.000 ep_len=500.0 pi_loss=-0.010 v_loss=0.003 ent=3.092 msg_acc=0.000 kl=0.0091
[upd   91 | steps   46592 | t   97.5s | sps   478] ret_mean=0.000 ep_len=500.0 pi_loss=-0.011 v_loss=0.002 ent=3.169 msg_acc=0.000 kl=0.0132
[upd   92 | steps   47104 | t   98.2s | sps   480] ret_mean=21.500 ep_len=500.0 pi_loss=-0.012 v_loss=1.524 ent=2.817 msg_acc=0.000 kl=-0.0048
[upd   93 | steps   47616 | t   98.8s | sps   482] ret_mean=16.000 ep_len=500.0 pi_loss=-0.008 v_loss=0.450 ent=2.834 msg_acc=0.000 kl=0.0023
[upd   94 | steps   48128 | t   99.4s | sps   484] ret_mean=4.000 ep_len=500.0 pi_loss=-0.013 v_loss=0.076 ent=3.111 msg_acc=0.000 kl=-0.0006
[upd   95 | steps   48640 | t  100.0s | sps   487] ret_mean=0.000 ep_len=500.0 pi_loss=-0.008 v_loss=0.020 ent=2.853 msg_acc=0.000 kl=0.0096
[upd   96 | steps   49152 | t  100.6s | sps   489] ret_mean=6.000 ep_len=500.0 pi_loss=-0.009 v_loss=0.055 ent=3.008 msg_acc=0.000 kl=0.0030
[upd   97 | steps   49664 | t  101.3s | sps   490] ret_mean=2.000 ep_len=500.0 pi_loss=-0.012 v_loss=0.031 ent=3.040 msg_acc=0.000 kl=0.0051
[upd   98 | steps   50176 | t  102.1s | sps   491] ret_mean=0.000 ep_len=500.0 pi_loss=-0.011 v_loss=0.137 ent=3.143 msg_acc=0.000 kl=-0.0021
[upd   99 | steps   50688 | t  102.9s | sps   492] ret_mean=11.000 ep_len=500.0 pi_loss=-0.013 v_loss=0.050 ent=2.885 msg_acc=0.000 kl=0.0019
[upd  100 | steps   51200 | t  103.8s | sps   493] ret_mean=28.000 ep_len=500.0 pi_loss=-0.008 v_loss=1.082 ent=2.698 msg_acc=0.000 kl=0.0094
        [eval] ret_mean=12.500 ep_len=500.0
[upd  101 | steps   51712 | t  110.6s | sps   468] ret_mean=0.000 ep_len=500.0 pi_loss=-0.010 v_loss=0.003 ent=2.776 msg_acc=0.000 kl=0.0030
[upd  102 | steps   52224 | t  111.5s | sps   469] ret_mean=39.000 ep_len=500.0 pi_loss=-0.012 v_loss=1.752 ent=2.661 msg_acc=0.000 kl=0.0090
[upd  103 | steps   52736 | t  112.1s | sps   470] ret_mean=22.500 ep_len=500.0 pi_loss=-0.012 v_loss=0.576 ent=2.754 msg_acc=0.000 kl=0.0025
[upd  104 | steps   53248 | t  112.9s | sps   471] ret_mean=0.000 ep_len=500.0 pi_loss=-0.011 v_loss=0.060 ent=3.046 msg_acc=0.000 kl=0.0015
[upd  105 | steps   53760 | t  113.7s | sps   473] ret_mean=24.500 ep_len=500.0 pi_loss=-0.007 v_loss=0.571 ent=2.787 msg_acc=0.000 kl=0.0017
[upd  106 | steps   54272 | t  114.7s | sps   473] ret_mean=0.000 ep_len=500.0 pi_loss=-0.010 v_loss=0.372 ent=2.779 msg_acc=0.000 kl=0.0057
[upd  107 | steps   54784 | t  115.7s | sps   473] ret_mean=12.000 ep_len=500.0 pi_loss=-0.010 v_loss=0.025 ent=2.646 msg_acc=0.000 kl=0.0042
[upd  108 | steps   55296 | t  116.4s | sps   475] ret_mean=0.000 ep_len=500.0 pi_loss=-0.006 v_loss=0.450 ent=2.684 msg_acc=0.000 kl=0.0035
[upd  109 | steps   55808 | t  117.1s | sps   476] ret_mean=27.500 ep_len=500.0 pi_loss=-0.014 v_loss=0.331 ent=2.395 msg_acc=0.000 kl=0.0201
[upd  110 | steps   56320 | t  117.9s | sps   478] ret_mean=0.000 ep_len=500.0 pi_loss=-0.016 v_loss=0.003 ent=2.613 msg_acc=0.000 kl=0.0157
[upd  111 | steps   56832 | t  118.5s | sps   480] ret_mean=0.000 ep_len=500.0 pi_loss=-0.012 v_loss=0.004 ent=3.126 msg_acc=0.000 kl=0.0057
[upd  112 | steps   57344 | t  119.2s | sps   481] ret_mean=26.000 ep_len=500.0 pi_loss=-0.010 v_loss=1.373 ent=2.574 msg_acc=0.000 kl=0.0080
[upd  113 | steps   57856 | t  119.9s | sps   483] ret_mean=23.500 ep_len=500.0 pi_loss=-0.014 v_loss=0.089 ent=3.119 msg_acc=0.000 kl=0.0064
[upd  114 | steps   58368 | t  120.6s | sps   484] ret_mean=60.000 ep_len=500.0 pi_loss=-0.012 v_loss=2.161 ent=2.353 msg_acc=0.000 kl=0.0124
[upd  115 | steps   58880 | t  121.3s | sps   486] ret_mean=13.000 ep_len=500.0 pi_loss=-0.006 v_loss=0.407 ent=2.654 msg_acc=0.000 kl=0.0101
[upd  116 | steps   59392 | t  121.9s | sps   487] ret_mean=0.000 ep_len=500.0 pi_loss=-0.006 v_loss=0.002 ent=2.489 msg_acc=0.000 kl=0.0074
[upd  117 | steps   59904 | t  122.5s | sps   489] ret_mean=0.000 ep_len=500.0 pi_loss=-0.006 v_loss=0.006 ent=2.816 msg_acc=0.000 kl=0.0079
[upd  118 | steps   60416 | t  123.2s | sps   490] ret_mean=0.000 ep_len=500.0 pi_loss=-0.009 v_loss=0.004 ent=3.208 msg_acc=0.000 kl=-0.0023
[upd  119 | steps   60928 | t  123.9s | sps   492] ret_mean=0.500 ep_len=500.0 pi_loss=-0.007 v_loss=0.004 ent=3.057 msg_acc=0.000 kl=0.0019
[upd  120 | steps   61440 | t  124.8s | sps   492] ret_mean=0.000 ep_len=500.0 pi_loss=-0.013 v_loss=0.002 ent=2.751 msg_acc=0.000 kl=0.0087
[upd  121 | steps   61952 | t  125.8s | sps   492] ret_mean=0.000 ep_len=500.0 pi_loss=-0.010 v_loss=0.170 ent=2.789 msg_acc=0.000 kl=0.0063
[upd  122 | steps   62464 | t  127.2s | sps   491] ret_mean=41.500 ep_len=500.0 pi_loss=-0.007 v_loss=1.480 ent=2.284 msg_acc=0.000 kl=0.0151
[upd  123 | steps   62976 | t  127.9s | sps   493] ret_mean=4.000 ep_len=500.0 pi_loss=-0.015 v_loss=0.004 ent=2.172 msg_acc=0.000 kl=0.0306
[upd  124 | steps   63488 | t  128.7s | sps   493] ret_mean=0.000 ep_len=500.0 pi_loss=-0.007 v_loss=0.003 ent=2.092 msg_acc=0.000 kl=0.0018
[upd  125 | steps   64000 | t  129.3s | sps   495] ret_mean=0.000 ep_len=500.0 pi_loss=-0.010 v_loss=0.384 ent=1.821 msg_acc=0.000 kl=-0.0008
[upd  126 | steps   64512 | t  131.2s | sps   492] ret_mean=11.500 ep_len=500.0 pi_loss=-0.009 v_loss=0.725 ent=2.189 msg_acc=0.000 kl=0.0048
[upd  127 | steps   65024 | t  131.9s | sps   493] ret_mean=38.000 ep_len=500.0 pi_loss=-0.017 v_loss=0.951 ent=2.268 msg_acc=0.000 kl=0.0044
[upd  128 | steps   65536 | t  132.8s | sps   493] ret_mean=8.500 ep_len=500.0 pi_loss=-0.008 v_loss=1.253 ent=2.184 msg_acc=0.000 kl=0.0107
[upd  129 | steps   66048 | t  133.4s | sps   495] ret_mean=27.500 ep_len=500.0 pi_loss=-0.013 v_loss=0.277 ent=2.169 msg_acc=0.000 kl=0.0033
[upd  130 | steps   66560 | t  134.1s | sps   497] ret_mean=12.000 ep_len=500.0 pi_loss=-0.010 v_loss=0.026 ent=2.497 msg_acc=0.000 kl=0.0122
[upd  131 | steps   67072 | t  135.2s | sps   496] ret_mean=0.000 ep_len=500.0 pi_loss=-0.008 v_loss=0.016 ent=2.156 msg_acc=0.000 kl=0.0057
[upd  132 | steps   67584 | t  136.1s | sps   496] ret_mean=0.000 ep_len=500.0 pi_loss=-0.014 v_loss=0.009 ent=1.876 msg_acc=0.000 kl=0.0077
[upd  133 | steps   68096 | t  137.3s | sps   496] ret_mean=0.000 ep_len=500.0 pi_loss=-0.007 v_loss=0.005 ent=1.903 msg_acc=0.000 kl=0.0035
[upd  134 | steps   68608 | t  137.9s | sps   497] ret_mean=0.000 ep_len=500.0 pi_loss=-0.016 v_loss=3.731 ent=1.878 msg_acc=0.000 kl=0.0189
[upd  135 | steps   69120 | t  138.6s | sps   499] ret_mean=98.000 ep_len=500.0 pi_loss=-0.011 v_loss=0.777 ent=2.404 msg_acc=0.000 kl=0.0219
[upd  136 | steps   69632 | t  139.1s | sps   500] ret_mean=3.000 ep_len=500.0 pi_loss=-0.013 v_loss=0.017 ent=2.038 msg_acc=0.000 kl=0.0037
[upd  137 | steps   70144 | t  139.7s | sps   502] ret_mean=0.000 ep_len=500.0 pi_loss=-0.010 v_loss=0.014 ent=2.309 msg_acc=0.000 kl=0.0138
[upd  138 | steps   70656 | t  140.3s | sps   503] ret_mean=0.000 ep_len=500.0 pi_loss=-0.002 v_loss=0.006 ent=2.277 msg_acc=0.000 kl=0.0049
[upd  139 | steps   71168 | t  140.9s | sps   505] ret_mean=0.000 ep_len=500.0 pi_loss=-0.005 v_loss=0.006 ent=1.928 msg_acc=0.000 kl=0.0089
[upd  140 | steps   71680 | t  141.5s | sps   507] ret_mean=0.000 ep_len=500.0 pi_loss=-0.010 v_loss=0.004 ent=2.035 msg_acc=0.000 kl=0.0077
[upd  141 | steps   72192 | t  142.2s | sps   508] ret_mean=0.000 ep_len=500.0 pi_loss=-0.011 v_loss=5.789 ent=1.273 msg_acc=0.000 kl=0.0080
[upd  142 | steps   72704 | t  142.9s | sps   509] ret_mean=56.500 ep_len=500.0 pi_loss=-0.009 v_loss=0.152 ent=1.945 msg_acc=0.000 kl=0.0020
[upd  143 | steps   73216 | t  143.5s | sps   510] ret_mean=0.000 ep_len=500.0 pi_loss=-0.010 v_loss=0.013 ent=2.842 msg_acc=0.000 kl=0.0148
[upd  144 | steps   73728 | t  144.3s | sps   511] ret_mean=0.000 ep_len=500.0 pi_loss=-0.011 v_loss=0.128 ent=2.278 msg_acc=0.000 kl=0.0066
[upd  145 | steps   74240 | t  145.2s | sps   511] ret_mean=22.000 ep_len=500.0 pi_loss=-0.012 v_loss=0.733 ent=2.519 msg_acc=0.000 kl=0.0044
[upd  146 | steps   74752 | t  146.5s | sps   510] ret_mean=23.000 ep_len=500.0 pi_loss=-0.004 v_loss=0.360 ent=2.153 msg_acc=0.000 kl=0.0049
[upd  147 | steps   75264 | t  147.7s | sps   510] ret_mean=104.000 ep_len=500.0 pi_loss=-0.009 v_loss=5.416 ent=1.398 msg_acc=0.000 kl=0.0078
[upd  148 | steps   75776 | t  148.4s | sps   511] ret_mean=0.000 ep_len=500.0 pi_loss=-0.011 v_loss=0.018 ent=2.186 msg_acc=0.000 kl=0.0071
[upd  149 | steps   76288 | t  149.2s | sps   511] ret_mean=0.000 ep_len=500.0 pi_loss=-0.009 v_loss=0.013 ent=2.033 msg_acc=0.000 kl=0.0123
[upd  150 | steps   76800 | t  149.8s | sps   513] ret_mean=88.000 ep_len=500.0 pi_loss=-0.010 v_loss=5.348 ent=1.494 msg_acc=0.000 kl=0.0048
        [eval] ret_mean=37.300 ep_len=500.0
[upd  151 | steps   77312 | t  155.1s | sps   499] ret_mean=9.000 ep_len=500.0 pi_loss=-0.011 v_loss=0.240 ent=1.662 msg_acc=0.000 kl=0.0094
[upd  152 | steps   77824 | t  155.6s | sps   500] ret_mean=119.500 ep_len=500.0 pi_loss=-0.009 v_loss=5.692 ent=0.923 msg_acc=0.000 kl=0.0078
[upd  153 | steps   78336 | t  156.3s | sps   501] ret_mean=14.000 ep_len=500.0 pi_loss=-0.011 v_loss=0.402 ent=2.513 msg_acc=0.000 kl=0.0116
[upd  154 | steps   78848 | t  156.9s | sps   503] ret_mean=37.500 ep_len=500.0 pi_loss=-0.009 v_loss=2.028 ent=1.697 msg_acc=0.000 kl=0.0124
[upd  155 | steps   79360 | t  157.5s | sps   504] ret_mean=22.500 ep_len=500.0 pi_loss=-0.008 v_loss=0.265 ent=2.249 msg_acc=0.000 kl=0.0010
[upd  156 | steps   79872 | t  158.1s | sps   505] ret_mean=51.000 ep_len=500.0 pi_loss=-0.008 v_loss=2.477 ent=1.975 msg_acc=0.000 kl=0.0073
[upd  157 | steps   80384 | t  158.6s | sps   507] ret_mean=10.000 ep_len=500.0 pi_loss=-0.010 v_loss=0.664 ent=2.822 msg_acc=0.000 kl=0.0038
[upd  158 | steps   80896 | t  159.2s | sps   508] ret_mean=23.500 ep_len=500.0 pi_loss=-0.014 v_loss=0.739 ent=1.971 msg_acc=0.000 kl=0.0071
[upd  159 | steps   81408 | t  159.8s | sps   509] ret_mean=23.500 ep_len=500.0 pi_loss=-0.004 v_loss=0.804 ent=2.672 msg_acc=0.000 kl=0.0034
[upd  160 | steps   81920 | t  160.4s | sps   511] ret_mean=20.500 ep_len=500.0 pi_loss=-0.013 v_loss=0.074 ent=2.385 msg_acc=0.000 kl=0.0142
[upd  161 | steps   82432 | t  161.0s | sps   512] ret_mean=0.000 ep_len=500.0 pi_loss=-0.012 v_loss=0.672 ent=2.544 msg_acc=0.000 kl=0.0040
[upd  162 | steps   82944 | t  161.6s | sps   513] ret_mean=19.000 ep_len=500.0 pi_loss=-0.009 v_loss=0.063 ent=2.025 msg_acc=0.000 kl=0.0109
[upd  163 | steps   83456 | t  162.2s | sps   515] ret_mean=0.000 ep_len=500.0 pi_loss=-0.017 v_loss=0.021 ent=2.255 msg_acc=0.000 kl=0.0116
[upd  164 | steps   83968 | t  162.8s | sps   516] ret_mean=44.000 ep_len=500.0 pi_loss=-0.004 v_loss=2.153 ent=1.718 msg_acc=0.000 kl=0.0122
[upd  165 | steps   84480 | t  163.5s | sps   517] ret_mean=0.000 ep_len=500.0 pi_loss=-0.016 v_loss=0.006 ent=3.080 msg_acc=0.000 kl=0.0102
[upd  166 | steps   84992 | t  164.2s | sps   518] ret_mean=0.000 ep_len=500.0 pi_loss=-0.010 v_loss=0.009 ent=2.987 msg_acc=0.000 kl=-0.0006
[upd  167 | steps   85504 | t  164.8s | sps   519] ret_mean=0.000 ep_len=500.0 pi_loss=-0.012 v_loss=0.006 ent=2.164 msg_acc=0.000 kl=0.0084
[upd  168 | steps   86016 | t  165.3s | sps   520] ret_mean=0.000 ep_len=500.0 pi_loss=-0.011 v_loss=0.001 ent=2.102 msg_acc=0.000 kl=0.0169
[upd  169 | steps   86528 | t  165.9s | sps   522] ret_mean=0.000 ep_len=500.0 pi_loss=-0.014 v_loss=0.002 ent=2.906 msg_acc=0.000 kl=0.0284
[upd  170 | steps   87040 | t  166.5s | sps   523] ret_mean=57.500 ep_len=500.0 pi_loss=-0.011 v_loss=3.000 ent=1.816 msg_acc=0.000 kl=0.0123
[upd  171 | steps   87552 | t  167.1s | sps   524] ret_mean=0.000 ep_len=500.0 pi_loss=-0.011 v_loss=0.002 ent=2.291 msg_acc=0.000 kl=-0.0012
[upd  172 | steps   88064 | t  167.7s | sps   525] ret_mean=0.000 ep_len=500.0 pi_loss=-0.009 v_loss=0.047 ent=2.297 msg_acc=0.000 kl=0.0000
[upd  173 | steps   88576 | t  168.3s | sps   526] ret_mean=3.000 ep_len=500.0 pi_loss=-0.014 v_loss=0.005 ent=2.483 msg_acc=0.000 kl=0.0127
[upd  174 | steps   89088 | t  168.9s | sps   528] ret_mean=0.000 ep_len=500.0 pi_loss=-0.006 v_loss=0.001 ent=1.986 msg_acc=0.000 kl=0.0059
[upd  175 | steps   89600 | t  169.4s | sps   529] ret_mean=0.000 ep_len=500.0 pi_loss=-0.010 v_loss=1.022 ent=2.065 msg_acc=0.000 kl=0.0021
[upd  176 | steps   90112 | t  170.1s | sps   530] ret_mean=22.000 ep_len=500.0 pi_loss=-0.009 v_loss=0.002 ent=2.602 msg_acc=0.000 kl=0.0061
[upd  177 | steps   90624 | t  170.7s | sps   531] ret_mean=27.000 ep_len=500.0 pi_loss=-0.012 v_loss=1.469 ent=2.349 msg_acc=0.000 kl=0.0117
[upd  178 | steps   91136 | t  171.3s | sps   532] ret_mean=4.500 ep_len=500.0 pi_loss=-0.013 v_loss=0.007 ent=2.614 msg_acc=0.000 kl=0.0034
[upd  179 | steps   91648 | t  171.9s | sps   533] ret_mean=0.000 ep_len=500.0 pi_loss=-0.007 v_loss=7.443 ent=1.408 msg_acc=0.000 kl=0.0090
[upd  180 | steps   92160 | t  172.5s | sps   534] ret_mean=138.000 ep_len=500.0 pi_loss=-0.006 v_loss=1.520 ent=1.943 msg_acc=0.000 kl=0.0141
[upd  181 | steps   92672 | t  173.4s | sps   534] ret_mean=3.500 ep_len=500.0 pi_loss=-0.013 v_loss=0.010 ent=2.431 msg_acc=0.000 kl=0.0160
[upd  182 | steps   93184 | t  174.3s | sps   535] ret_mean=0.000 ep_len=500.0 pi_loss=-0.010 v_loss=0.017 ent=2.302 msg_acc=0.000 kl=0.0067
[upd  183 | steps   93696 | t  175.1s | sps   535] ret_mean=0.000 ep_len=500.0 pi_loss=-0.007 v_loss=2.662 ent=1.889 msg_acc=0.000 kl=0.0060
[upd  184 | steps   94208 | t  175.8s | sps   536] ret_mean=81.000 ep_len=500.0 pi_loss=-0.007 v_loss=0.973 ent=2.514 msg_acc=0.000 kl=0.0202
[upd  185 | steps   94720 | t  176.4s | sps   537] ret_mean=0.000 ep_len=500.0 pi_loss=-0.008 v_loss=4.719 ent=1.328 msg_acc=0.000 kl=0.0069
[upd  186 | steps   95232 | t  177.1s | sps   538] ret_mean=117.500 ep_len=500.0 pi_loss=-0.007 v_loss=1.209 ent=2.289 msg_acc=0.000 kl=0.0159
[upd  187 | steps   95744 | t  177.7s | sps   539] ret_mean=32.000 ep_len=500.0 pi_loss=-0.005 v_loss=0.448 ent=2.769 msg_acc=0.000 kl=0.0134
[upd  188 | steps   96256 | t  178.4s | sps   540] ret_mean=0.000 ep_len=500.0 pi_loss=-0.003 v_loss=8.099 ent=0.866 msg_acc=0.000 kl=0.0007
[upd  189 | steps   96768 | t  179.0s | sps   541] ret_mean=142.000 ep_len=500.0 pi_loss=-0.009 v_loss=2.511 ent=1.622 msg_acc=0.000 kl=0.0093
[upd  190 | steps   97280 | t  179.7s | sps   541] ret_mean=62.000 ep_len=500.0 pi_loss=-0.009 v_loss=2.229 ent=1.566 msg_acc=0.000 kl=0.0058
[upd  191 | steps   97792 | t  180.4s | sps   542] ret_mean=52.000 ep_len=500.0 pi_loss=-0.011 v_loss=1.867 ent=2.243 msg_acc=0.000 kl=0.0100
[upd  192 | steps   98304 | t  181.1s | sps   543] ret_mean=23.250 ep_len=500.0 pi_loss=-0.013 v_loss=0.054 ent=2.739 msg_acc=0.000 kl=0.0125
[upd  193 | steps   98816 | t  181.7s | sps   544] ret_mean=0.000 ep_len=500.0 pi_loss=-0.014 v_loss=0.024 ent=1.766 msg_acc=0.000 kl=-0.0006
[upd  194 | steps   99328 | t  182.3s | sps   545] ret_mean=115.500 ep_len=500.0 pi_loss=-0.014 v_loss=5.337 ent=1.171 msg_acc=0.000 kl=0.0131
[upd  195 | steps   99840 | t  182.9s | sps   546] ret_mean=0.000 ep_len=500.0 pi_loss=-0.013 v_loss=0.229 ent=2.860 msg_acc=0.000 kl=-0.0010
[upd  196 | steps  100352 | t  183.4s | sps   547] ret_mean=126.500 ep_len=500.0 pi_loss=-0.008 v_loss=5.731 ent=1.044 msg_acc=0.000 kl=0.0028
[upd  197 | steps  100864 | t  184.1s | sps   548] ret_mean=11.500 ep_len=500.0 pi_loss=-0.009 v_loss=0.375 ent=2.668 msg_acc=0.000 kl=0.0056
[upd  198 | steps  101376 | t  184.7s | sps   549] ret_mean=61.000 ep_len=500.0 pi_loss=-0.008 v_loss=2.647 ent=1.552 msg_acc=0.000 kl=0.0093
[upd  199 | steps  101888 | t  185.4s | sps   550] ret_mean=0.000 ep_len=500.0 pi_loss=-0.006 v_loss=0.010 ent=2.034 msg_acc=0.000 kl=0.0111
[upd  200 | steps  102400 | t  186.6s | sps   549] ret_mean=2.500 ep_len=500.0 pi_loss=-0.013 v_loss=0.052 ent=2.295 msg_acc=0.000 kl=0.0041
        [eval] ret_mean=0.000 ep_len=500.0
