$ /Users/praneelkhiantani/Downloads/cs2860/.venv/bin/python3 -m policies.train --env rware-medium-2ag-easy-v2 --seed 0 --updates 200 --rollout 512 --eval-every 50 --eval-episodes 10 --log-dir matrix_results/intent_grounded_v1_pilot/rware-medium-2ag-easy-v2 --run-name mappo-comm__dropout-only__d0__s0 --n-msg-tokens 8 --dropout --dropout-agent 0 --dropout-time 100 --shape-rewards --pickup-bonus 0.5

[env] EnvSpec(env_id='rware-medium-2ag-easy-v2', n_agents=2, obs_dim=71, n_env_actions=5, noop_action=0, family='rware')  (n_msg_tokens=8)
[cfg] {'clip_range': 0.2, 'value_clip_range': 0.2, 'entropy_coef': 0.01, 'value_coef': 0.5, 'max_grad_norm': 0.5, 'gamma': 0.99, 'gae_lambda': 0.95, 'lr_actor': 0.0003, 'lr_critic': 0.001, 'update_epochs': 4, 'minibatches': 4, 'hidden': 128, 'depth': 2, 'device': 'cpu', 'message_grounding_coef': 0.0, 'extra': {}}
[log] writing to matrix_results/intent_grounded_v1_pilot/rware-medium-2ag-easy-v2/mappo-comm__dropout-only__d0__s0
[upd    1 | steps     512 | t    0.7s | sps   741] ret_mean=0.000 ep_len=500.0 pi_loss=-0.012 v_loss=0.085 ent=3.679 msg_acc=0.000 kl=0.0131
[upd    2 | steps    1024 | t    1.3s | sps   801] ret_mean=0.000 ep_len=500.0 pi_loss=-0.011 v_loss=0.013 ent=3.679 msg_acc=0.000 kl=0.0083
[upd    3 | steps    1536 | t    1.9s | sps   796] ret_mean=0.000 ep_len=500.0 pi_loss=-0.014 v_loss=0.009 ent=3.672 msg_acc=0.000 kl=0.0055
[upd    4 | steps    2048 | t    2.6s | sps   800] ret_mean=0.000 ep_len=500.0 pi_loss=-0.010 v_loss=0.011 ent=3.647 msg_acc=0.000 kl=0.0055
[upd    5 | steps    2560 | t    3.9s | sps   650] ret_mean=0.500 ep_len=500.0 pi_loss=-0.010 v_loss=0.005 ent=3.644 msg_acc=0.000 kl=0.0170
[upd    6 | steps    3072 | t    4.9s | sps   625] ret_mean=0.000 ep_len=500.0 pi_loss=-0.011 v_loss=0.014 ent=3.578 msg_acc=0.000 kl=0.0095
[upd    7 | steps    3584 | t    5.6s | sps   635] ret_mean=0.000 ep_len=500.0 pi_loss=-0.010 v_loss=0.007 ent=3.618 msg_acc=0.000 kl=0.0016
[upd    8 | steps    4096 | t    6.3s | sps   645] ret_mean=0.000 ep_len=500.0 pi_loss=-0.011 v_loss=0.010 ent=3.589 msg_acc=0.000 kl=0.0022
[upd    9 | steps    4608 | t    7.0s | sps   658] ret_mean=0.000 ep_len=500.0 pi_loss=-0.010 v_loss=0.005 ent=3.604 msg_acc=0.000 kl=0.0066
[upd   10 | steps    5120 | t    7.6s | sps   670] ret_mean=0.000 ep_len=500.0 pi_loss=-0.010 v_loss=0.003 ent=3.513 msg_acc=0.000 kl=0.0105
[upd   11 | steps    5632 | t    8.9s | sps   634] ret_mean=0.000 ep_len=500.0 pi_loss=-0.011 v_loss=0.004 ent=3.610 msg_acc=0.000 kl=0.0030
[upd   12 | steps    6144 | t    9.9s | sps   623] ret_mean=0.000 ep_len=500.0 pi_loss=-0.009 v_loss=0.005 ent=3.576 msg_acc=0.000 kl=0.0023
[upd   13 | steps    6656 | t   10.9s | sps   608] ret_mean=0.000 ep_len=500.0 pi_loss=-0.017 v_loss=0.019 ent=3.633 msg_acc=0.000 kl=0.0119
[upd   14 | steps    7168 | t   11.7s | sps   613] ret_mean=0.000 ep_len=500.0 pi_loss=-0.010 v_loss=0.001 ent=3.622 msg_acc=0.000 kl=0.0052
[upd   15 | steps    7680 | t   12.6s | sps   610] ret_mean=0.000 ep_len=500.0 pi_loss=-0.006 v_loss=0.001 ent=3.568 msg_acc=0.000 kl=0.0005
[upd   16 | steps    8192 | t   13.3s | sps   615] ret_mean=0.000 ep_len=500.0 pi_loss=-0.012 v_loss=0.001 ent=3.444 msg_acc=0.000 kl=0.0060
[upd   17 | steps    8704 | t   14.0s | sps   623] ret_mean=0.000 ep_len=500.0 pi_loss=-0.011 v_loss=0.003 ent=3.496 msg_acc=0.000 kl=0.0024
[upd   18 | steps    9216 | t   14.7s | sps   629] ret_mean=0.000 ep_len=500.0 pi_loss=-0.009 v_loss=0.001 ent=3.564 msg_acc=0.000 kl=0.0022
[upd   19 | steps    9728 | t   15.8s | sps   616] ret_mean=0.000 ep_len=500.0 pi_loss=-0.010 v_loss=0.002 ent=3.517 msg_acc=0.000 kl=0.0083
[upd   20 | steps   10240 | t   17.0s | sps   602] ret_mean=0.500 ep_len=500.0 pi_loss=-0.010 v_loss=0.002 ent=3.464 msg_acc=0.000 kl=0.0048
[upd   21 | steps   10752 | t   18.0s | sps   599] ret_mean=0.000 ep_len=500.0 pi_loss=-0.013 v_loss=0.002 ent=3.502 msg_acc=0.000 kl=0.0139
[upd   22 | steps   11264 | t   18.7s | sps   603] ret_mean=0.000 ep_len=500.0 pi_loss=-0.015 v_loss=0.001 ent=3.543 msg_acc=0.000 kl=0.0089
[upd   23 | steps   11776 | t   19.4s | sps   606] ret_mean=0.000 ep_len=500.0 pi_loss=-0.012 v_loss=0.001 ent=3.340 msg_acc=0.000 kl=0.0033
[upd   24 | steps   12288 | t   20.1s | sps   611] ret_mean=0.000 ep_len=500.0 pi_loss=-0.009 v_loss=0.001 ent=3.348 msg_acc=0.000 kl=-0.0006
[upd   25 | steps   12800 | t   20.7s | sps   617] ret_mean=0.000 ep_len=500.0 pi_loss=-0.009 v_loss=0.002 ent=3.560 msg_acc=0.000 kl=0.0029
[upd   26 | steps   13312 | t   21.4s | sps   623] ret_mean=1.000 ep_len=500.0 pi_loss=-0.010 v_loss=0.001 ent=3.241 msg_acc=0.000 kl=0.0037
[upd   27 | steps   13824 | t   22.0s | sps   628] ret_mean=0.000 ep_len=500.0 pi_loss=-0.008 v_loss=0.001 ent=3.328 msg_acc=0.000 kl=0.0088
[upd   28 | steps   14336 | t   22.7s | sps   631] ret_mean=0.000 ep_len=500.0 pi_loss=-0.008 v_loss=0.000 ent=3.292 msg_acc=0.000 kl=0.0081
[upd   29 | steps   14848 | t   23.5s | sps   633] ret_mean=0.000 ep_len=500.0 pi_loss=-0.015 v_loss=0.001 ent=3.302 msg_acc=0.000 kl=0.0209
[upd   30 | steps   15360 | t   24.1s | sps   636] ret_mean=0.000 ep_len=500.0 pi_loss=-0.013 v_loss=0.000 ent=3.400 msg_acc=0.000 kl=0.0010
[upd   31 | steps   15872 | t   25.0s | sps   635] ret_mean=0.000 ep_len=500.0 pi_loss=-0.013 v_loss=0.000 ent=3.325 msg_acc=0.000 kl=0.0089
[upd   32 | steps   16384 | t   26.2s | sps   625] ret_mean=0.000 ep_len=500.0 pi_loss=-0.007 v_loss=0.000 ent=3.277 msg_acc=0.000 kl=0.0122
[upd   33 | steps   16896 | t   27.0s | sps   625] ret_mean=0.000 ep_len=500.0 pi_loss=-0.006 v_loss=0.001 ent=3.112 msg_acc=0.000 kl=0.0092
[upd   34 | steps   17408 | t   27.9s | sps   624] ret_mean=0.000 ep_len=500.0 pi_loss=-0.012 v_loss=0.000 ent=3.253 msg_acc=0.000 kl=0.0090
[upd   35 | steps   17920 | t   29.2s | sps   614] ret_mean=0.000 ep_len=500.0 pi_loss=-0.010 v_loss=0.001 ent=3.494 msg_acc=0.000 kl=0.0066
[upd   36 | steps   18432 | t   30.1s | sps   613] ret_mean=0.000 ep_len=500.0 pi_loss=-0.012 v_loss=0.000 ent=3.489 msg_acc=0.000 kl=0.0055
[upd   37 | steps   18944 | t   31.2s | sps   607] ret_mean=0.000 ep_len=500.0 pi_loss=-0.012 v_loss=0.004 ent=3.177 msg_acc=0.000 kl=0.0184
[upd   38 | steps   19456 | t   32.5s | sps   598] ret_mean=0.500 ep_len=500.0 pi_loss=-0.013 v_loss=0.002 ent=3.490 msg_acc=0.000 kl=0.0071
[upd   39 | steps   19968 | t   33.8s | sps   591] ret_mean=0.000 ep_len=500.0 pi_loss=-0.008 v_loss=0.003 ent=3.440 msg_acc=0.000 kl=0.0008
[upd   40 | steps   20480 | t   34.8s | sps   588] ret_mean=0.500 ep_len=500.0 pi_loss=-0.012 v_loss=0.000 ent=3.458 msg_acc=0.000 kl=0.0033
[upd   41 | steps   20992 | t   35.6s | sps   590] ret_mean=0.000 ep_len=500.0 pi_loss=-0.010 v_loss=0.000 ent=3.480 msg_acc=0.000 kl=0.0075
[upd   42 | steps   21504 | t   36.4s | sps   590] ret_mean=0.000 ep_len=500.0 pi_loss=-0.012 v_loss=0.000 ent=3.448 msg_acc=0.000 kl=0.0009
[upd   43 | steps   22016 | t   37.1s | sps   593] ret_mean=0.000 ep_len=500.0 pi_loss=-0.009 v_loss=0.001 ent=3.590 msg_acc=0.000 kl=0.0034
[upd   44 | steps   22528 | t   37.8s | sps   596] ret_mean=0.000 ep_len=500.0 pi_loss=-0.009 v_loss=0.000 ent=3.626 msg_acc=0.000 kl=-0.0004
[upd   45 | steps   23040 | t   38.5s | sps   599] ret_mean=0.000 ep_len=500.0 pi_loss=-0.006 v_loss=0.000 ent=3.333 msg_acc=0.000 kl=0.0016
[upd   46 | steps   23552 | t   39.1s | sps   602] ret_mean=0.000 ep_len=500.0 pi_loss=-0.015 v_loss=0.000 ent=3.433 msg_acc=0.000 kl=0.0053
[upd   47 | steps   24064 | t   39.8s | sps   605] ret_mean=0.000 ep_len=500.0 pi_loss=-0.009 v_loss=0.000 ent=3.531 msg_acc=0.000 kl=0.0030
[upd   48 | steps   24576 | t   40.4s | sps   609] ret_mean=0.500 ep_len=500.0 pi_loss=-0.011 v_loss=0.002 ent=3.586 msg_acc=0.000 kl=0.0037
[upd   49 | steps   25088 | t   41.0s | sps   612] ret_mean=0.000 ep_len=500.0 pi_loss=-0.007 v_loss=0.000 ent=3.274 msg_acc=0.000 kl=0.0056
[upd   50 | steps   25600 | t   41.6s | sps   615] ret_mean=0.000 ep_len=500.0 pi_loss=-0.008 v_loss=0.001 ent=3.356 msg_acc=0.000 kl=-0.0010
        [eval] ret_mean=0.000 ep_len=500.0
[upd   51 | steps   26112 | t   51.5s | sps   507] ret_mean=0.000 ep_len=500.0 pi_loss=-0.011 v_loss=0.001 ent=3.593 msg_acc=0.000 kl=0.0043
[upd   52 | steps   26624 | t   52.2s | sps   510] ret_mean=0.000 ep_len=500.0 pi_loss=-0.010 v_loss=0.001 ent=3.228 msg_acc=0.000 kl=0.0029
[upd   53 | steps   27136 | t   52.8s | sps   514] ret_mean=0.000 ep_len=500.0 pi_loss=-0.009 v_loss=0.000 ent=3.202 msg_acc=0.000 kl=-0.0056
[upd   54 | steps   27648 | t   53.7s | sps   515] ret_mean=0.000 ep_len=500.0 pi_loss=-0.008 v_loss=0.001 ent=3.269 msg_acc=0.000 kl=-0.0017
[upd   55 | steps   28160 | t   54.8s | sps   514] ret_mean=0.000 ep_len=500.0 pi_loss=-0.006 v_loss=0.000 ent=3.469 msg_acc=0.000 kl=-0.0003
[upd   56 | steps   28672 | t   55.7s | sps   515] ret_mean=0.000 ep_len=500.0 pi_loss=-0.008 v_loss=0.000 ent=3.276 msg_acc=0.000 kl=0.0037
[upd   57 | steps   29184 | t   56.4s | sps   517] ret_mean=0.000 ep_len=500.0 pi_loss=-0.008 v_loss=0.006 ent=3.566 msg_acc=0.000 kl=0.0032
[upd   58 | steps   29696 | t   57.1s | sps   520] ret_mean=1.500 ep_len=500.0 pi_loss=-0.012 v_loss=0.002 ent=3.484 msg_acc=0.000 kl=0.0017
[upd   59 | steps   30208 | t   57.8s | sps   522] ret_mean=0.000 ep_len=500.0 pi_loss=-0.009 v_loss=0.001 ent=3.318 msg_acc=0.000 kl=0.0021
[upd   60 | steps   30720 | t   58.5s | sps   526] ret_mean=0.000 ep_len=500.0 pi_loss=-0.010 v_loss=0.001 ent=3.459 msg_acc=0.000 kl=0.0151
[upd   61 | steps   31232 | t   59.1s | sps   529] ret_mean=0.000 ep_len=500.0 pi_loss=-0.008 v_loss=0.000 ent=3.586 msg_acc=0.000 kl=0.0035
[upd   62 | steps   31744 | t   59.7s | sps   532] ret_mean=0.000 ep_len=500.0 pi_loss=-0.010 v_loss=0.001 ent=3.527 msg_acc=0.000 kl=0.0060
[upd   63 | steps   32256 | t   60.4s | sps   534] ret_mean=2.000 ep_len=500.0 pi_loss=-0.011 v_loss=0.015 ent=3.592 msg_acc=0.000 kl=0.0032
[upd   64 | steps   32768 | t   61.6s | sps   532] ret_mean=0.000 ep_len=500.0 pi_loss=-0.008 v_loss=0.001 ent=3.648 msg_acc=0.000 kl=0.0047
[upd   65 | steps   33280 | t   62.3s | sps   534] ret_mean=0.000 ep_len=500.0 pi_loss=-0.009 v_loss=0.001 ent=3.584 msg_acc=0.000 kl=0.0083
[upd   66 | steps   33792 | t   63.0s | sps   537] ret_mean=0.000 ep_len=500.0 pi_loss=-0.009 v_loss=0.002 ent=3.549 msg_acc=0.000 kl=-0.0001
[upd   67 | steps   34304 | t   63.7s | sps   539] ret_mean=0.000 ep_len=500.0 pi_loss=-0.008 v_loss=0.001 ent=3.591 msg_acc=0.000 kl=0.0004
[upd   68 | steps   34816 | t   64.4s | sps   541] ret_mean=0.000 ep_len=500.0 pi_loss=-0.012 v_loss=0.000 ent=3.579 msg_acc=0.000 kl=0.0001
[upd   69 | steps   35328 | t   65.0s | sps   544] ret_mean=0.000 ep_len=500.0 pi_loss=-0.011 v_loss=0.001 ent=3.564 msg_acc=0.000 kl=0.0015
[upd   70 | steps   35840 | t   65.6s | sps   546] ret_mean=0.500 ep_len=500.0 pi_loss=-0.012 v_loss=0.001 ent=3.551 msg_acc=0.000 kl=0.0004
[upd   71 | steps   36352 | t   66.3s | sps   549] ret_mean=0.000 ep_len=500.0 pi_loss=-0.016 v_loss=0.000 ent=3.551 msg_acc=0.000 kl=-0.0019
[upd   72 | steps   36864 | t   66.9s | sps   551] ret_mean=0.000 ep_len=500.0 pi_loss=-0.014 v_loss=0.001 ent=3.401 msg_acc=0.000 kl=0.0039
[upd   73 | steps   37376 | t   67.6s | sps   553] ret_mean=0.000 ep_len=500.0 pi_loss=-0.014 v_loss=0.000 ent=3.434 msg_acc=0.000 kl=0.0124
[upd   74 | steps   37888 | t   68.3s | sps   555] ret_mean=0.000 ep_len=500.0 pi_loss=-0.012 v_loss=0.000 ent=3.506 msg_acc=0.000 kl=0.0058
[upd   75 | steps   38400 | t   69.4s | sps   554] ret_mean=0.000 ep_len=500.0 pi_loss=-0.009 v_loss=0.000 ent=3.508 msg_acc=0.000 kl=0.0047
[upd   76 | steps   38912 | t   70.1s | sps   555] ret_mean=0.000 ep_len=500.0 pi_loss=-0.013 v_loss=0.001 ent=3.394 msg_acc=0.000 kl=0.0028
[upd   77 | steps   39424 | t   70.8s | sps   557] ret_mean=0.500 ep_len=500.0 pi_loss=-0.016 v_loss=0.000 ent=3.382 msg_acc=0.000 kl=0.0043
[upd   78 | steps   39936 | t   71.5s | sps   559] ret_mean=0.000 ep_len=500.0 pi_loss=-0.011 v_loss=0.000 ent=3.463 msg_acc=0.000 kl=0.0071
[upd   79 | steps   40448 | t   72.1s | sps   561] ret_mean=0.000 ep_len=500.0 pi_loss=-0.007 v_loss=0.000 ent=3.193 msg_acc=0.000 kl=0.0053
[upd   80 | steps   40960 | t   72.8s | sps   563] ret_mean=0.000 ep_len=500.0 pi_loss=-0.013 v_loss=0.000 ent=3.415 msg_acc=0.000 kl=-0.0020
[upd   81 | steps   41472 | t   73.7s | sps   563] ret_mean=0.000 ep_len=500.0 pi_loss=-0.010 v_loss=0.000 ent=3.370 msg_acc=0.000 kl=0.0001
[upd   82 | steps   41984 | t   74.9s | sps   561] ret_mean=0.000 ep_len=500.0 pi_loss=-0.010 v_loss=0.000 ent=3.255 msg_acc=0.000 kl=0.0094
[upd   83 | steps   42496 | t   76.3s | sps   557] ret_mean=0.000 ep_len=500.0 pi_loss=-0.010 v_loss=0.000 ent=3.279 msg_acc=0.000 kl=0.0060
[upd   84 | steps   43008 | t   77.2s | sps   557] ret_mean=0.000 ep_len=500.0 pi_loss=-0.011 v_loss=0.000 ent=3.149 msg_acc=0.000 kl=0.0081
[upd   85 | steps   43520 | t   77.8s | sps   559] ret_mean=0.000 ep_len=500.0 pi_loss=-0.007 v_loss=0.000 ent=3.456 msg_acc=0.000 kl=0.0042
[upd   86 | steps   44032 | t   78.7s | sps   559] ret_mean=0.000 ep_len=500.0 pi_loss=-0.012 v_loss=0.000 ent=3.555 msg_acc=0.000 kl=0.0011
[upd   87 | steps   44544 | t   79.7s | sps   559] ret_mean=0.000 ep_len=500.0 pi_loss=-0.012 v_loss=0.001 ent=3.148 msg_acc=0.000 kl=0.0119
[upd   88 | steps   45056 | t   80.4s | sps   561] ret_mean=0.000 ep_len=500.0 pi_loss=-0.007 v_loss=0.001 ent=3.211 msg_acc=0.000 kl=0.0074
[upd   89 | steps   45568 | t   81.1s | sps   562] ret_mean=0.000 ep_len=500.0 pi_loss=-0.006 v_loss=0.000 ent=2.883 msg_acc=0.000 kl=0.0110
[upd   90 | steps   46080 | t   81.7s | sps   564] ret_mean=0.000 ep_len=500.0 pi_loss=-0.011 v_loss=0.000 ent=3.246 msg_acc=0.000 kl=0.0121
[upd   91 | steps   46592 | t   82.4s | sps   566] ret_mean=0.000 ep_len=500.0 pi_loss=-0.008 v_loss=0.000 ent=3.132 msg_acc=0.000 kl=0.0014
[upd   92 | steps   47104 | t   83.0s | sps   568] ret_mean=0.000 ep_len=500.0 pi_loss=-0.007 v_loss=0.001 ent=3.114 msg_acc=0.000 kl=-0.0014
[upd   93 | steps   47616 | t   83.6s | sps   569] ret_mean=1.000 ep_len=500.0 pi_loss=-0.007 v_loss=0.007 ent=3.426 msg_acc=0.000 kl=0.0005
[upd   94 | steps   48128 | t   84.3s | sps   571] ret_mean=1.000 ep_len=500.0 pi_loss=-0.015 v_loss=0.001 ent=3.439 msg_acc=0.000 kl=-0.0000
[upd   95 | steps   48640 | t   84.9s | sps   573] ret_mean=0.000 ep_len=500.0 pi_loss=-0.012 v_loss=0.001 ent=3.395 msg_acc=0.000 kl=0.0038
[upd   96 | steps   49152 | t   85.6s | sps   574] ret_mean=0.000 ep_len=500.0 pi_loss=-0.012 v_loss=0.000 ent=3.512 msg_acc=0.000 kl=0.0028
[upd   97 | steps   49664 | t   86.2s | sps   576] ret_mean=0.000 ep_len=500.0 pi_loss=-0.014 v_loss=0.001 ent=3.448 msg_acc=0.000 kl=0.0021
[upd   98 | steps   50176 | t   86.8s | sps   578] ret_mean=0.000 ep_len=500.0 pi_loss=-0.015 v_loss=0.000 ent=3.381 msg_acc=0.000 kl=-0.0014
[upd   99 | steps   50688 | t   87.4s | sps   580] ret_mean=0.000 ep_len=500.0 pi_loss=-0.012 v_loss=0.000 ent=3.469 msg_acc=0.000 kl=0.0100
[upd  100 | steps   51200 | t   88.0s | sps   582] ret_mean=0.000 ep_len=500.0 pi_loss=-0.012 v_loss=0.000 ent=3.170 msg_acc=0.000 kl=0.0093
        [eval] ret_mean=0.000 ep_len=500.0
[upd  101 | steps   51712 | t   93.8s | sps   551] ret_mean=0.000 ep_len=500.0 pi_loss=-0.013 v_loss=0.000 ent=2.981 msg_acc=0.000 kl=-0.0013
[upd  102 | steps   52224 | t   94.5s | sps   553] ret_mean=0.000 ep_len=500.0 pi_loss=-0.007 v_loss=0.000 ent=3.133 msg_acc=0.000 kl=0.0036
[upd  103 | steps   52736 | t   95.5s | sps   552] ret_mean=0.000 ep_len=500.0 pi_loss=-0.011 v_loss=0.000 ent=3.351 msg_acc=0.000 kl=0.0039
[upd  104 | steps   53248 | t   97.0s | sps   549] ret_mean=0.000 ep_len=500.0 pi_loss=-0.013 v_loss=0.000 ent=2.796 msg_acc=0.000 kl=0.0139
[upd  105 | steps   53760 | t   97.6s | sps   551] ret_mean=0.000 ep_len=500.0 pi_loss=-0.011 v_loss=0.000 ent=3.362 msg_acc=0.000 kl=0.0099
[upd  106 | steps   54272 | t   98.3s | sps   552] ret_mean=0.000 ep_len=500.0 pi_loss=-0.011 v_loss=0.000 ent=3.382 msg_acc=0.000 kl=0.0039
[upd  107 | steps   54784 | t   99.0s | sps   553] ret_mean=0.000 ep_len=500.0 pi_loss=-0.011 v_loss=0.000 ent=3.325 msg_acc=0.000 kl=0.0071
[upd  108 | steps   55296 | t   99.9s | sps   553] ret_mean=0.000 ep_len=500.0 pi_loss=-0.011 v_loss=0.000 ent=3.108 msg_acc=0.000 kl=0.0048
[upd  109 | steps   55808 | t  100.7s | sps   554] ret_mean=0.000 ep_len=500.0 pi_loss=-0.015 v_loss=0.000 ent=3.451 msg_acc=0.000 kl=0.0050
[upd  110 | steps   56320 | t  101.4s | sps   556] ret_mean=1.500 ep_len=500.0 pi_loss=-0.012 v_loss=0.008 ent=3.226 msg_acc=0.000 kl=0.0035
[upd  111 | steps   56832 | t  102.0s | sps   557] ret_mean=0.000 ep_len=500.0 pi_loss=-0.010 v_loss=0.001 ent=3.175 msg_acc=0.000 kl=0.0044
[upd  112 | steps   57344 | t  102.7s | sps   558] ret_mean=0.000 ep_len=500.0 pi_loss=-0.013 v_loss=0.001 ent=3.053 msg_acc=0.000 kl=0.0096
[upd  113 | steps   57856 | t  103.4s | sps   560] ret_mean=0.000 ep_len=500.0 pi_loss=-0.011 v_loss=0.001 ent=3.336 msg_acc=0.000 kl=-0.0007
[upd  114 | steps   58368 | t  104.0s | sps   561] ret_mean=0.000 ep_len=500.0 pi_loss=-0.012 v_loss=0.000 ent=3.246 msg_acc=0.000 kl=0.0020
[upd  115 | steps   58880 | t  104.8s | sps   562] ret_mean=0.000 ep_len=500.0 pi_loss=-0.012 v_loss=0.000 ent=3.255 msg_acc=0.000 kl=0.0017
[upd  116 | steps   59392 | t  105.6s | sps   562] ret_mean=0.000 ep_len=500.0 pi_loss=-0.011 v_loss=0.000 ent=3.122 msg_acc=0.000 kl=0.0118
[upd  117 | steps   59904 | t  106.4s | sps   563] ret_mean=0.000 ep_len=500.0 pi_loss=-0.012 v_loss=0.000 ent=3.372 msg_acc=0.000 kl=0.0014
[upd  118 | steps   60416 | t  107.1s | sps   564] ret_mean=0.000 ep_len=500.0 pi_loss=-0.008 v_loss=0.015 ent=3.260 msg_acc=0.000 kl=0.0088
[upd  119 | steps   60928 | t  107.9s | sps   565] ret_mean=2.000 ep_len=500.0 pi_loss=-0.015 v_loss=0.000 ent=3.103 msg_acc=0.000 kl=0.0074
[upd  120 | steps   61440 | t  108.7s | sps   565] ret_mean=0.000 ep_len=500.0 pi_loss=-0.015 v_loss=0.000 ent=3.375 msg_acc=0.000 kl=0.0039
[upd  121 | steps   61952 | t  109.4s | sps   566] ret_mean=0.000 ep_len=500.0 pi_loss=-0.011 v_loss=0.000 ent=3.390 msg_acc=0.000 kl=0.0005
[upd  122 | steps   62464 | t  110.0s | sps   568] ret_mean=0.000 ep_len=500.0 pi_loss=-0.011 v_loss=0.000 ent=3.255 msg_acc=0.000 kl=0.0074
[upd  123 | steps   62976 | t  110.7s | sps   569] ret_mean=0.000 ep_len=500.0 pi_loss=-0.012 v_loss=0.024 ent=3.205 msg_acc=0.000 kl=0.0027
[upd  124 | steps   63488 | t  111.3s | sps   570] ret_mean=3.000 ep_len=500.0 pi_loss=-0.011 v_loss=0.005 ent=2.870 msg_acc=0.000 kl=0.0136
[upd  125 | steps   64000 | t  112.0s | sps   572] ret_mean=1.000 ep_len=500.0 pi_loss=-0.013 v_loss=0.001 ent=3.093 msg_acc=0.000 kl=0.0090
[upd  126 | steps   64512 | t  112.6s | sps   573] ret_mean=0.000 ep_len=500.0 pi_loss=-0.012 v_loss=0.000 ent=3.060 msg_acc=0.000 kl=-0.0002
[upd  127 | steps   65024 | t  113.6s | sps   573] ret_mean=0.000 ep_len=500.0 pi_loss=-0.012 v_loss=0.000 ent=3.232 msg_acc=0.000 kl=0.0020
[upd  128 | steps   65536 | t  114.3s | sps   574] ret_mean=0.000 ep_len=500.0 pi_loss=-0.009 v_loss=0.000 ent=2.897 msg_acc=0.000 kl=0.0069
[upd  129 | steps   66048 | t  114.9s | sps   575] ret_mean=0.000 ep_len=500.0 pi_loss=-0.012 v_loss=0.000 ent=2.984 msg_acc=0.000 kl=0.0101
[upd  130 | steps   66560 | t  115.5s | sps   576] ret_mean=0.000 ep_len=500.0 pi_loss=-0.005 v_loss=0.000 ent=2.854 msg_acc=0.000 kl=0.0109
[upd  131 | steps   67072 | t  116.1s | sps   578] ret_mean=0.000 ep_len=500.0 pi_loss=-0.014 v_loss=0.000 ent=3.143 msg_acc=0.000 kl=0.0048
[upd  132 | steps   67584 | t  116.7s | sps   579] ret_mean=0.000 ep_len=500.0 pi_loss=-0.006 v_loss=0.000 ent=3.080 msg_acc=0.000 kl=0.0104
[upd  133 | steps   68096 | t  117.4s | sps   580] ret_mean=0.000 ep_len=500.0 pi_loss=-0.005 v_loss=0.013 ent=2.826 msg_acc=0.000 kl=0.0056
[upd  134 | steps   68608 | t  118.0s | sps   581] ret_mean=2.500 ep_len=500.0 pi_loss=-0.005 v_loss=0.001 ent=3.254 msg_acc=0.000 kl=0.0018
[upd  135 | steps   69120 | t  118.7s | sps   582] ret_mean=0.000 ep_len=500.0 pi_loss=-0.013 v_loss=0.000 ent=3.144 msg_acc=0.000 kl=0.0079
[upd  136 | steps   69632 | t  119.5s | sps   583] ret_mean=0.000 ep_len=500.0 pi_loss=-0.012 v_loss=0.000 ent=3.271 msg_acc=0.000 kl=0.0056
[upd  137 | steps   70144 | t  120.1s | sps   584] ret_mean=0.000 ep_len=500.0 pi_loss=-0.013 v_loss=0.000 ent=3.327 msg_acc=0.000 kl=0.0138
[upd  138 | steps   70656 | t  120.8s | sps   585] ret_mean=0.000 ep_len=500.0 pi_loss=-0.009 v_loss=0.000 ent=3.273 msg_acc=0.000 kl=0.0037
[upd  139 | steps   71168 | t  121.5s | sps   586] ret_mean=0.000 ep_len=500.0 pi_loss=-0.013 v_loss=0.000 ent=3.051 msg_acc=0.000 kl=0.0042
[upd  140 | steps   71680 | t  122.3s | sps   586] ret_mean=0.000 ep_len=500.0 pi_loss=-0.005 v_loss=0.000 ent=2.958 msg_acc=0.000 kl=0.0072
[upd  141 | steps   72192 | t  123.0s | sps   587] ret_mean=0.000 ep_len=500.0 pi_loss=-0.010 v_loss=0.000 ent=3.258 msg_acc=0.000 kl=0.0021
[upd  142 | steps   72704 | t  123.9s | sps   587] ret_mean=0.000 ep_len=500.0 pi_loss=-0.010 v_loss=0.000 ent=3.381 msg_acc=0.000 kl=0.0064
[upd  143 | steps   73216 | t  124.8s | sps   587] ret_mean=0.000 ep_len=500.0 pi_loss=-0.012 v_loss=0.000 ent=3.305 msg_acc=0.000 kl=-0.0034
[upd  144 | steps   73728 | t  127.2s | sps   580] ret_mean=0.000 ep_len=500.0 pi_loss=-0.011 v_loss=0.000 ent=2.895 msg_acc=0.000 kl=0.0080
[upd  145 | steps   74240 | t  128.0s | sps   580] ret_mean=0.000 ep_len=500.0 pi_loss=-0.010 v_loss=0.000 ent=3.225 msg_acc=0.000 kl=0.0066
[upd  146 | steps   74752 | t  128.6s | sps   581] ret_mean=0.000 ep_len=500.0 pi_loss=-0.011 v_loss=0.000 ent=3.352 msg_acc=0.000 kl=0.0033
[upd  147 | steps   75264 | t  129.4s | sps   582] ret_mean=0.000 ep_len=500.0 pi_loss=-0.015 v_loss=0.000 ent=3.372 msg_acc=0.000 kl=0.0071
[upd  148 | steps   75776 | t  130.0s | sps   583] ret_mean=0.000 ep_len=500.0 pi_loss=-0.008 v_loss=0.000 ent=3.325 msg_acc=0.000 kl=0.0003
[upd  149 | steps   76288 | t  130.7s | sps   584] ret_mean=0.000 ep_len=500.0 pi_loss=-0.014 v_loss=0.000 ent=2.836 msg_acc=0.000 kl=0.0035
[upd  150 | steps   76800 | t  131.4s | sps   585] ret_mean=0.000 ep_len=500.0 pi_loss=-0.010 v_loss=0.000 ent=2.977 msg_acc=0.000 kl=0.0093
        [eval] ret_mean=0.000 ep_len=500.0
[upd  151 | steps   77312 | t  137.1s | sps   564] ret_mean=0.000 ep_len=500.0 pi_loss=-0.011 v_loss=0.000 ent=3.393 msg_acc=0.000 kl=0.0071
[upd  152 | steps   77824 | t  137.8s | sps   565] ret_mean=0.500 ep_len=500.0 pi_loss=-0.014 v_loss=0.001 ent=3.411 msg_acc=0.000 kl=0.0034
[upd  153 | steps   78336 | t  139.1s | sps   563] ret_mean=0.000 ep_len=500.0 pi_loss=-0.018 v_loss=0.000 ent=3.259 msg_acc=0.000 kl=0.0065
[upd  154 | steps   78848 | t  140.7s | sps   560] ret_mean=0.000 ep_len=500.0 pi_loss=-0.007 v_loss=0.000 ent=3.180 msg_acc=0.000 kl=0.0019
[upd  155 | steps   79360 | t  142.5s | sps   557] ret_mean=0.000 ep_len=500.0 pi_loss=-0.013 v_loss=0.000 ent=3.301 msg_acc=0.000 kl=0.0079
[upd  156 | steps   79872 | t  144.6s | sps   552] ret_mean=0.000 ep_len=500.0 pi_loss=-0.008 v_loss=0.000 ent=3.272 msg_acc=0.000 kl=0.0064
[upd  157 | steps   80384 | t  146.4s | sps   549] ret_mean=0.000 ep_len=500.0 pi_loss=-0.016 v_loss=0.000 ent=2.877 msg_acc=0.000 kl=0.0055
[upd  158 | steps   80896 | t  148.0s | sps   547] ret_mean=0.000 ep_len=500.0 pi_loss=-0.014 v_loss=0.000 ent=3.433 msg_acc=0.000 kl=0.0132
[upd  159 | steps   81408 | t  149.9s | sps   543] ret_mean=0.000 ep_len=500.0 pi_loss=-0.011 v_loss=0.006 ent=3.152 msg_acc=0.000 kl=0.0012
[upd  160 | steps   81920 | t  151.3s | sps   542] ret_mean=1.500 ep_len=500.0 pi_loss=-0.016 v_loss=0.001 ent=3.045 msg_acc=0.000 kl=0.0064
[upd  161 | steps   82432 | t  152.2s | sps   541] ret_mean=0.000 ep_len=500.0 pi_loss=-0.015 v_loss=0.000 ent=3.145 msg_acc=0.000 kl=-0.0011
[upd  162 | steps   82944 | t  153.1s | sps   542] ret_mean=0.000 ep_len=500.0 pi_loss=-0.012 v_loss=0.000 ent=3.375 msg_acc=0.000 kl=-0.0017
[upd  163 | steps   83456 | t  153.9s | sps   542] ret_mean=0.000 ep_len=500.0 pi_loss=-0.010 v_loss=0.000 ent=3.197 msg_acc=0.000 kl=0.0005
[upd  164 | steps   83968 | t  154.7s | sps   543] ret_mean=0.000 ep_len=500.0 pi_loss=-0.011 v_loss=0.000 ent=3.332 msg_acc=0.000 kl=0.0066
[upd  165 | steps   84480 | t  155.5s | sps   543] ret_mean=0.000 ep_len=500.0 pi_loss=-0.015 v_loss=0.005 ent=3.052 msg_acc=0.000 kl=-0.0046
[upd  166 | steps   84992 | t  156.3s | sps   544] ret_mean=1.000 ep_len=500.0 pi_loss=-0.015 v_loss=0.000 ent=2.967 msg_acc=0.000 kl=0.0098
[upd  167 | steps   85504 | t  157.1s | sps   544] ret_mean=0.000 ep_len=500.0 pi_loss=-0.007 v_loss=0.001 ent=3.326 msg_acc=0.000 kl=0.0082
[upd  168 | steps   86016 | t  157.9s | sps   545] ret_mean=0.000 ep_len=500.0 pi_loss=-0.011 v_loss=0.000 ent=3.335 msg_acc=0.000 kl=0.0051
[upd  169 | steps   86528 | t  158.7s | sps   545] ret_mean=0.000 ep_len=500.0 pi_loss=-0.014 v_loss=0.003 ent=3.179 msg_acc=0.000 kl=-0.0012
[upd  170 | steps   87040 | t  159.5s | sps   546] ret_mean=1.000 ep_len=500.0 pi_loss=-0.009 v_loss=0.000 ent=2.787 msg_acc=0.000 kl=0.0067
[upd  171 | steps   87552 | t  160.6s | sps   545] ret_mean=0.000 ep_len=500.0 pi_loss=-0.015 v_loss=0.001 ent=3.196 msg_acc=0.000 kl=0.0159
[upd  172 | steps   88064 | t  162.0s | sps   544] ret_mean=0.000 ep_len=500.0 pi_loss=-0.015 v_loss=0.008 ent=3.054 msg_acc=0.000 kl=0.0081
[upd  173 | steps   88576 | t  163.2s | sps   543] ret_mean=2.000 ep_len=500.0 pi_loss=-0.008 v_loss=0.002 ent=2.636 msg_acc=0.000 kl=0.0057
[upd  174 | steps   89088 | t  164.0s | sps   543] ret_mean=0.000 ep_len=500.0 pi_loss=-0.012 v_loss=0.000 ent=2.846 msg_acc=0.000 kl=0.0134
[upd  175 | steps   89600 | t  164.8s | sps   544] ret_mean=0.000 ep_len=500.0 pi_loss=-0.011 v_loss=0.000 ent=3.022 msg_acc=0.000 kl=0.0089
[upd  176 | steps   90112 | t  165.6s | sps   544] ret_mean=0.000 ep_len=500.0 pi_loss=-0.015 v_loss=0.000 ent=3.151 msg_acc=0.000 kl=0.0011
[upd  177 | steps   90624 | t  166.4s | sps   545] ret_mean=0.000 ep_len=500.0 pi_loss=-0.011 v_loss=0.000 ent=2.876 msg_acc=0.000 kl=0.0070
[upd  178 | steps   91136 | t  167.2s | sps   545] ret_mean=0.000 ep_len=500.0 pi_loss=-0.011 v_loss=0.000 ent=2.743 msg_acc=0.000 kl=0.0055
[upd  179 | steps   91648 | t  168.0s | sps   545] ret_mean=0.000 ep_len=500.0 pi_loss=-0.013 v_loss=0.001 ent=2.941 msg_acc=0.000 kl=0.0095
[upd  180 | steps   92160 | t  168.8s | sps   546] ret_mean=0.500 ep_len=500.0 pi_loss=-0.014 v_loss=0.000 ent=3.038 msg_acc=0.000 kl=0.0218
[upd  181 | steps   92672 | t  169.7s | sps   546] ret_mean=0.000 ep_len=500.0 pi_loss=-0.009 v_loss=0.000 ent=3.187 msg_acc=0.000 kl=0.0049
[upd  182 | steps   93184 | t  170.5s | sps   547] ret_mean=0.000 ep_len=500.0 pi_loss=-0.016 v_loss=0.000 ent=3.120 msg_acc=0.000 kl=0.0082
[upd  183 | steps   93696 | t  171.3s | sps   547] ret_mean=0.000 ep_len=500.0 pi_loss=-0.007 v_loss=0.000 ent=3.038 msg_acc=0.000 kl=0.0035
[upd  184 | steps   94208 | t  172.1s | sps   547] ret_mean=0.000 ep_len=500.0 pi_loss=-0.014 v_loss=0.000 ent=2.964 msg_acc=0.000 kl=0.0056
[upd  185 | steps   94720 | t  172.9s | sps   548] ret_mean=0.000 ep_len=500.0 pi_loss=-0.011 v_loss=0.000 ent=3.187 msg_acc=0.000 kl=0.0036
[upd  186 | steps   95232 | t  173.8s | sps   548] ret_mean=0.000 ep_len=500.0 pi_loss=-0.009 v_loss=0.000 ent=3.123 msg_acc=0.000 kl=0.0081
[upd  187 | steps   95744 | t  174.6s | sps   548] ret_mean=0.000 ep_len=500.0 pi_loss=-0.005 v_loss=0.000 ent=2.864 msg_acc=0.000 kl=0.0031
[upd  188 | steps   96256 | t  175.5s | sps   548] ret_mean=0.000 ep_len=500.0 pi_loss=-0.007 v_loss=0.000 ent=3.084 msg_acc=0.000 kl=0.0007
[upd  189 | steps   96768 | t  176.4s | sps   549] ret_mean=0.000 ep_len=500.0 pi_loss=-0.005 v_loss=0.000 ent=2.929 msg_acc=0.000 kl=-0.0003
[upd  190 | steps   97280 | t  177.2s | sps   549] ret_mean=0.000 ep_len=500.0 pi_loss=-0.011 v_loss=0.000 ent=2.979 msg_acc=0.000 kl=0.0027
[upd  191 | steps   97792 | t  178.1s | sps   549] ret_mean=0.000 ep_len=500.0 pi_loss=-0.009 v_loss=0.000 ent=2.886 msg_acc=0.000 kl=0.0080
[upd  192 | steps   98304 | t  179.0s | sps   549] ret_mean=0.500 ep_len=500.0 pi_loss=-0.007 v_loss=0.006 ent=2.747 msg_acc=0.000 kl=0.0067
[upd  193 | steps   98816 | t  180.0s | sps   549] ret_mean=0.000 ep_len=500.0 pi_loss=-0.011 v_loss=0.000 ent=3.096 msg_acc=0.000 kl=0.0038
[upd  194 | steps   99328 | t  180.9s | sps   549] ret_mean=3.000 ep_len=500.0 pi_loss=-0.007 v_loss=0.029 ent=2.766 msg_acc=0.000 kl=0.0074
[upd  195 | steps   99840 | t  181.7s | sps   549] ret_mean=0.500 ep_len=500.0 pi_loss=-0.013 v_loss=0.002 ent=3.100 msg_acc=0.000 kl=0.0075
[upd  196 | steps  100352 | t  182.6s | sps   550] ret_mean=0.000 ep_len=500.0 pi_loss=-0.005 v_loss=0.002 ent=2.707 msg_acc=0.000 kl=0.0018
[upd  197 | steps  100864 | t  183.5s | sps   550] ret_mean=0.000 ep_len=500.0 pi_loss=-0.009 v_loss=0.000 ent=2.949 msg_acc=0.000 kl=0.0082
[upd  198 | steps  101376 | t  184.4s | sps   550] ret_mean=0.000 ep_len=500.0 pi_loss=-0.008 v_loss=0.000 ent=2.777 msg_acc=0.000 kl=0.0128
[upd  199 | steps  101888 | t  185.2s | sps   550] ret_mean=0.000 ep_len=500.0 pi_loss=-0.008 v_loss=0.000 ent=3.156 msg_acc=0.000 kl=0.0044
[upd  200 | steps  102400 | t  186.1s | sps   550] ret_mean=0.000 ep_len=500.0 pi_loss=-0.010 v_loss=0.000 ent=2.902 msg_acc=0.000 kl=0.0067
        [eval] ret_mean=0.000 ep_len=500.0
