$ /Users/praneelkhiantani/Downloads/cs2860/.venv/bin/python3 -m policies.train --env rware-medium-2ag-easy-v2 --seed 0 --updates 200 --rollout 512 --eval-every 50 --eval-episodes 10 --log-dir matrix_results/intent_grounded_v1_pilot/rware-medium-2ag-easy-v2 --run-name mappo-no-comm__dropout-only__d0__s0 --n-msg-tokens 8 --no-comm --dropout --dropout-agent 0 --dropout-time 100 --shape-rewards --pickup-bonus 0.5

[env] EnvSpec(env_id='rware-medium-2ag-easy-v2', n_agents=2, obs_dim=71, n_env_actions=5, noop_action=0, family='rware')  (n_msg_tokens=1)
[cfg] {'clip_range': 0.2, 'value_clip_range': 0.2, 'entropy_coef': 0.01, 'value_coef': 0.5, 'max_grad_norm': 0.5, 'gamma': 0.99, 'gae_lambda': 0.95, 'lr_actor': 0.0003, 'lr_critic': 0.001, 'update_epochs': 4, 'minibatches': 4, 'hidden': 128, 'depth': 2, 'device': 'cpu', 'message_grounding_coef': 0.0, 'extra': {}}
[log] writing to matrix_results/intent_grounded_v1_pilot/rware-medium-2ag-easy-v2/mappo-no-comm__dropout-only__d0__s0
[upd    1 | steps     512 | t    0.8s | sps   646] ret_mean=0.000 ep_len=500.0 pi_loss=-0.008 v_loss=0.041 ent=1.604 msg_acc=0.000 kl=0.0031
[upd    2 | steps    1024 | t    1.5s | sps   668] ret_mean=0.000 ep_len=500.0 pi_loss=-0.004 v_loss=0.004 ent=1.606 msg_acc=0.000 kl=0.0015
[upd    3 | steps    1536 | t    2.4s | sps   635] ret_mean=0.000 ep_len=500.0 pi_loss=-0.007 v_loss=0.004 ent=1.567 msg_acc=0.000 kl=0.0079
[upd    4 | steps    2048 | t    3.2s | sps   640] ret_mean=0.000 ep_len=500.0 pi_loss=-0.006 v_loss=0.004 ent=1.581 msg_acc=0.000 kl=0.0064
[upd    5 | steps    2560 | t    4.1s | sps   623] ret_mean=0.000 ep_len=500.0 pi_loss=-0.001 v_loss=0.002 ent=1.551 msg_acc=0.000 kl=0.0035
[upd    6 | steps    3072 | t    4.8s | sps   635] ret_mean=0.000 ep_len=500.0 pi_loss=-0.005 v_loss=0.002 ent=1.449 msg_acc=0.000 kl=0.0159
[upd    7 | steps    3584 | t    6.6s | sps   542] ret_mean=0.000 ep_len=500.0 pi_loss=-0.008 v_loss=0.001 ent=1.504 msg_acc=0.000 kl=0.0014
[upd    8 | steps    4096 | t    7.6s | sps   536] ret_mean=0.000 ep_len=500.0 pi_loss=-0.004 v_loss=0.001 ent=1.505 msg_acc=0.000 kl=0.0008
[upd    9 | steps    4608 | t    8.6s | sps   535] ret_mean=0.000 ep_len=500.0 pi_loss=-0.005 v_loss=0.001 ent=1.483 msg_acc=0.000 kl=0.0063
[upd   10 | steps    5120 | t    9.3s | sps   548] ret_mean=0.000 ep_len=500.0 pi_loss=-0.003 v_loss=0.001 ent=1.493 msg_acc=0.000 kl=0.0045
[upd   11 | steps    5632 | t   10.1s | sps   556] ret_mean=0.000 ep_len=500.0 pi_loss=-0.009 v_loss=0.001 ent=1.541 msg_acc=0.000 kl=0.0059
[upd   12 | steps    6144 | t   10.9s | sps   561] ret_mean=0.000 ep_len=500.0 pi_loss=-0.009 v_loss=0.002 ent=1.488 msg_acc=0.000 kl=0.0029
[upd   13 | steps    6656 | t   11.8s | sps   563] ret_mean=0.000 ep_len=500.0 pi_loss=-0.004 v_loss=0.002 ent=1.431 msg_acc=0.000 kl=0.0037
[upd   14 | steps    7168 | t   12.8s | sps   559] ret_mean=0.000 ep_len=500.0 pi_loss=-0.009 v_loss=0.002 ent=1.457 msg_acc=0.000 kl=0.0088
[upd   15 | steps    7680 | t   13.6s | sps   565] ret_mean=0.000 ep_len=500.0 pi_loss=-0.005 v_loss=0.001 ent=1.423 msg_acc=0.000 kl=0.0004
[upd   16 | steps    8192 | t   14.3s | sps   572] ret_mean=0.000 ep_len=500.0 pi_loss=-0.005 v_loss=0.001 ent=1.429 msg_acc=0.000 kl=0.0066
[upd   17 | steps    8704 | t   15.0s | sps   578] ret_mean=0.000 ep_len=500.0 pi_loss=-0.012 v_loss=0.002 ent=1.398 msg_acc=0.000 kl=-0.0014
[upd   18 | steps    9216 | t   15.8s | sps   584] ret_mean=0.000 ep_len=500.0 pi_loss=-0.011 v_loss=0.001 ent=1.463 msg_acc=0.000 kl=0.0079
[upd   19 | steps    9728 | t   16.5s | sps   590] ret_mean=0.000 ep_len=500.0 pi_loss=-0.008 v_loss=0.000 ent=1.489 msg_acc=0.000 kl=0.0033
[upd   20 | steps   10240 | t   17.4s | sps   587] ret_mean=0.000 ep_len=500.0 pi_loss=-0.005 v_loss=0.001 ent=1.514 msg_acc=0.000 kl=0.0045
[upd   21 | steps   10752 | t   18.3s | sps   587] ret_mean=0.000 ep_len=500.0 pi_loss=-0.010 v_loss=0.003 ent=1.537 msg_acc=0.000 kl=-0.0010
[upd   22 | steps   11264 | t   19.2s | sps   586] ret_mean=0.500 ep_len=500.0 pi_loss=-0.004 v_loss=0.002 ent=1.489 msg_acc=0.000 kl=-0.0009
[upd   23 | steps   11776 | t   20.3s | sps   580] ret_mean=0.000 ep_len=500.0 pi_loss=-0.003 v_loss=0.001 ent=1.359 msg_acc=0.000 kl=0.0056
[upd   24 | steps   12288 | t   21.5s | sps   573] ret_mean=0.000 ep_len=500.0 pi_loss=-0.003 v_loss=0.001 ent=1.444 msg_acc=0.000 kl=0.0020
[upd   25 | steps   12800 | t   22.7s | sps   564] ret_mean=0.000 ep_len=500.0 pi_loss=-0.003 v_loss=0.001 ent=1.504 msg_acc=0.000 kl=0.0021
[upd   26 | steps   13312 | t   23.5s | sps   565] ret_mean=0.000 ep_len=500.0 pi_loss=-0.005 v_loss=0.001 ent=1.544 msg_acc=0.000 kl=0.0014
[upd   27 | steps   13824 | t   24.3s | sps   570] ret_mean=0.000 ep_len=500.0 pi_loss=-0.007 v_loss=0.001 ent=1.499 msg_acc=0.000 kl=0.0020
[upd   28 | steps   14336 | t   25.0s | sps   574] ret_mean=0.000 ep_len=500.0 pi_loss=-0.011 v_loss=0.000 ent=1.504 msg_acc=0.000 kl=0.0049
[upd   29 | steps   14848 | t   25.7s | sps   578] ret_mean=0.000 ep_len=500.0 pi_loss=-0.002 v_loss=0.000 ent=1.495 msg_acc=0.000 kl=0.0022
[upd   30 | steps   15360 | t   26.4s | sps   582] ret_mean=0.000 ep_len=500.0 pi_loss=-0.004 v_loss=0.000 ent=1.532 msg_acc=0.000 kl=0.0037
[upd   31 | steps   15872 | t   27.4s | sps   578] ret_mean=0.000 ep_len=500.0 pi_loss=-0.003 v_loss=0.000 ent=1.473 msg_acc=0.000 kl=0.0003
[upd   32 | steps   16384 | t   28.2s | sps   582] ret_mean=0.000 ep_len=500.0 pi_loss=-0.003 v_loss=0.000 ent=1.449 msg_acc=0.000 kl=-0.0005
[upd   33 | steps   16896 | t   28.9s | sps   585] ret_mean=0.000 ep_len=500.0 pi_loss=-0.003 v_loss=0.000 ent=1.462 msg_acc=0.000 kl=-0.0013
[upd   34 | steps   17408 | t   29.6s | sps   587] ret_mean=0.000 ep_len=500.0 pi_loss=-0.007 v_loss=0.000 ent=1.465 msg_acc=0.000 kl=0.0030
[upd   35 | steps   17920 | t   30.4s | sps   589] ret_mean=0.000 ep_len=500.0 pi_loss=-0.007 v_loss=0.000 ent=1.461 msg_acc=0.000 kl=0.0057
[upd   36 | steps   18432 | t   31.3s | sps   590] ret_mean=0.000 ep_len=500.0 pi_loss=-0.004 v_loss=0.001 ent=1.396 msg_acc=0.000 kl=0.0018
[upd   37 | steps   18944 | t   32.0s | sps   591] ret_mean=0.000 ep_len=500.0 pi_loss=-0.007 v_loss=0.000 ent=1.169 msg_acc=0.000 kl=0.0124
[upd   38 | steps   19456 | t   32.7s | sps   594] ret_mean=0.000 ep_len=500.0 pi_loss=-0.003 v_loss=0.000 ent=1.319 msg_acc=0.000 kl=0.0043
[upd   39 | steps   19968 | t   33.4s | sps   597] ret_mean=0.000 ep_len=500.0 pi_loss=-0.005 v_loss=0.000 ent=1.402 msg_acc=0.000 kl=0.0009
[upd   40 | steps   20480 | t   34.2s | sps   599] ret_mean=0.000 ep_len=500.0 pi_loss=-0.001 v_loss=0.001 ent=1.457 msg_acc=0.000 kl=0.0011
[upd   41 | steps   20992 | t   34.9s | sps   602] ret_mean=0.000 ep_len=500.0 pi_loss=-0.004 v_loss=0.000 ent=1.472 msg_acc=0.000 kl=0.0016
[upd   42 | steps   21504 | t   35.6s | sps   603] ret_mean=0.000 ep_len=500.0 pi_loss=-0.008 v_loss=0.001 ent=1.203 msg_acc=0.000 kl=0.0070
[upd   43 | steps   22016 | t   36.5s | sps   604] ret_mean=0.000 ep_len=500.0 pi_loss=-0.008 v_loss=0.001 ent=1.478 msg_acc=0.000 kl=0.0057
[upd   44 | steps   22528 | t   37.4s | sps   602] ret_mean=0.000 ep_len=500.0 pi_loss=-0.005 v_loss=0.000 ent=1.528 msg_acc=0.000 kl=0.0029
[upd   45 | steps   23040 | t   38.3s | sps   602] ret_mean=0.000 ep_len=500.0 pi_loss=-0.001 v_loss=0.001 ent=1.516 msg_acc=0.000 kl=0.0014
[upd   46 | steps   23552 | t   39.1s | sps   603] ret_mean=0.000 ep_len=500.0 pi_loss=-0.009 v_loss=0.001 ent=1.401 msg_acc=0.000 kl=0.0034
[upd   47 | steps   24064 | t   39.8s | sps   604] ret_mean=0.000 ep_len=500.0 pi_loss=-0.007 v_loss=0.001 ent=1.484 msg_acc=0.000 kl=0.0130
[upd   48 | steps   24576 | t   40.5s | sps   606] ret_mean=0.000 ep_len=500.0 pi_loss=-0.006 v_loss=0.000 ent=1.537 msg_acc=0.000 kl=0.0099
[upd   49 | steps   25088 | t   41.3s | sps   608] ret_mean=0.000 ep_len=500.0 pi_loss=-0.002 v_loss=0.003 ent=1.319 msg_acc=0.000 kl=0.0018
[upd   50 | steps   25600 | t   42.2s | sps   606] ret_mean=1.000 ep_len=500.0 pi_loss=-0.003 v_loss=0.001 ent=1.459 msg_acc=0.000 kl=0.0001
        [eval] ret_mean=0.000 ep_len=500.0
[upd   51 | steps   26112 | t   48.8s | sps   535] ret_mean=0.000 ep_len=500.0 pi_loss=-0.006 v_loss=0.001 ent=1.504 msg_acc=0.000 kl=0.0050
[upd   52 | steps   26624 | t   49.5s | sps   538] ret_mean=0.000 ep_len=500.0 pi_loss=-0.008 v_loss=0.001 ent=1.522 msg_acc=0.000 kl=0.0068
[upd   53 | steps   27136 | t   50.3s | sps   540] ret_mean=0.000 ep_len=500.0 pi_loss=-0.009 v_loss=0.000 ent=1.499 msg_acc=0.000 kl=0.0052
[upd   54 | steps   27648 | t   51.0s | sps   542] ret_mean=0.000 ep_len=500.0 pi_loss=-0.004 v_loss=0.000 ent=1.390 msg_acc=0.000 kl=0.0006
[upd   55 | steps   28160 | t   51.7s | sps   545] ret_mean=0.000 ep_len=500.0 pi_loss=-0.007 v_loss=0.000 ent=1.475 msg_acc=0.000 kl=-0.0001
[upd   56 | steps   28672 | t   52.4s | sps   547] ret_mean=0.000 ep_len=500.0 pi_loss=-0.004 v_loss=0.000 ent=1.397 msg_acc=0.000 kl=0.0045
[upd   57 | steps   29184 | t   53.1s | sps   550] ret_mean=0.000 ep_len=500.0 pi_loss=-0.006 v_loss=0.000 ent=1.214 msg_acc=0.000 kl=0.0066
[upd   58 | steps   29696 | t   53.8s | sps   552] ret_mean=0.000 ep_len=500.0 pi_loss=-0.008 v_loss=0.000 ent=1.150 msg_acc=0.000 kl=0.0059
[upd   59 | steps   30208 | t   54.5s | sps   555] ret_mean=0.000 ep_len=500.0 pi_loss=-0.004 v_loss=0.000 ent=1.446 msg_acc=0.000 kl=0.0011
[upd   60 | steps   30720 | t   55.1s | sps   557] ret_mean=0.000 ep_len=500.0 pi_loss=-0.010 v_loss=0.002 ent=1.311 msg_acc=0.000 kl=0.0016
[upd   61 | steps   31232 | t   55.8s | sps   559] ret_mean=0.500 ep_len=500.0 pi_loss=-0.003 v_loss=0.000 ent=1.289 msg_acc=0.000 kl=0.0012
[upd   62 | steps   31744 | t   56.5s | sps   562] ret_mean=0.000 ep_len=500.0 pi_loss=-0.007 v_loss=0.000 ent=1.228 msg_acc=0.000 kl=0.0062
[upd   63 | steps   32256 | t   57.4s | sps   562] ret_mean=0.000 ep_len=500.0 pi_loss=-0.008 v_loss=0.001 ent=1.366 msg_acc=0.000 kl=0.0084
[upd   64 | steps   32768 | t   58.4s | sps   561] ret_mean=0.000 ep_len=500.0 pi_loss=-0.005 v_loss=0.000 ent=1.400 msg_acc=0.000 kl=0.0018
[upd   65 | steps   33280 | t   59.5s | sps   559] ret_mean=0.000 ep_len=500.0 pi_loss=-0.011 v_loss=0.001 ent=1.403 msg_acc=0.000 kl=0.0100
[upd   66 | steps   33792 | t   60.4s | sps   559] ret_mean=0.000 ep_len=500.0 pi_loss=-0.004 v_loss=0.000 ent=1.312 msg_acc=0.000 kl=0.0041
[upd   67 | steps   34304 | t   62.8s | sps   547] ret_mean=0.000 ep_len=500.0 pi_loss=-0.008 v_loss=0.000 ent=1.512 msg_acc=0.000 kl=0.0100
[upd   68 | steps   34816 | t   64.0s | sps   544] ret_mean=0.000 ep_len=500.0 pi_loss=-0.006 v_loss=0.000 ent=1.501 msg_acc=0.000 kl=0.0006
[upd   69 | steps   35328 | t   65.6s | sps   539] ret_mean=0.000 ep_len=500.0 pi_loss=-0.002 v_loss=0.000 ent=1.404 msg_acc=0.000 kl=0.0028
[upd   70 | steps   35840 | t   66.6s | sps   538] ret_mean=0.000 ep_len=500.0 pi_loss=-0.001 v_loss=0.002 ent=1.376 msg_acc=0.000 kl=0.0020
[upd   71 | steps   36352 | t   67.6s | sps   538] ret_mean=0.500 ep_len=500.0 pi_loss=-0.003 v_loss=0.001 ent=1.452 msg_acc=0.000 kl=0.0021
[upd   72 | steps   36864 | t   68.7s | sps   536] ret_mean=0.000 ep_len=500.0 pi_loss=-0.007 v_loss=0.000 ent=1.387 msg_acc=0.000 kl=0.0066
[upd   73 | steps   37376 | t   69.6s | sps   537] ret_mean=0.000 ep_len=500.0 pi_loss=-0.004 v_loss=0.001 ent=1.442 msg_acc=0.000 kl=0.0017
[upd   74 | steps   37888 | t   70.3s | sps   539] ret_mean=0.000 ep_len=500.0 pi_loss=-0.005 v_loss=0.000 ent=1.440 msg_acc=0.000 kl=0.0063
[upd   75 | steps   38400 | t   71.0s | sps   541] ret_mean=0.000 ep_len=500.0 pi_loss=-0.005 v_loss=0.000 ent=1.409 msg_acc=0.000 kl=0.0012
[upd   76 | steps   38912 | t   71.6s | sps   543] ret_mean=0.000 ep_len=500.0 pi_loss=-0.004 v_loss=0.002 ent=1.482 msg_acc=0.000 kl=-0.0049
[upd   77 | steps   39424 | t   72.3s | sps   545] ret_mean=0.500 ep_len=500.0 pi_loss=-0.008 v_loss=0.001 ent=1.498 msg_acc=0.000 kl=0.0025
[upd   78 | steps   39936 | t   72.9s | sps   548] ret_mean=0.500 ep_len=500.0 pi_loss=-0.005 v_loss=0.000 ent=1.566 msg_acc=0.000 kl=0.0029
[upd   79 | steps   40448 | t   73.5s | sps   550] ret_mean=0.000 ep_len=500.0 pi_loss=-0.005 v_loss=0.001 ent=1.528 msg_acc=0.000 kl=0.0033
[upd   80 | steps   40960 | t   74.3s | sps   551] ret_mean=0.000 ep_len=500.0 pi_loss=-0.007 v_loss=0.000 ent=1.498 msg_acc=0.000 kl=0.0062
[upd   81 | steps   41472 | t   75.3s | sps   551] ret_mean=0.000 ep_len=500.0 pi_loss=-0.003 v_loss=0.000 ent=1.487 msg_acc=0.000 kl=0.0049
[upd   82 | steps   41984 | t   76.4s | sps   550] ret_mean=0.000 ep_len=500.0 pi_loss=-0.003 v_loss=0.000 ent=1.477 msg_acc=0.000 kl=0.0049
[upd   83 | steps   42496 | t   77.9s | sps   545] ret_mean=0.000 ep_len=500.0 pi_loss=-0.004 v_loss=0.000 ent=1.469 msg_acc=0.000 kl=0.0008
[upd   84 | steps   43008 | t   79.5s | sps   541] ret_mean=0.000 ep_len=500.0 pi_loss=-0.007 v_loss=0.000 ent=1.503 msg_acc=0.000 kl=0.0026
[upd   85 | steps   43520 | t   81.1s | sps   537] ret_mean=0.000 ep_len=500.0 pi_loss=-0.008 v_loss=0.000 ent=1.508 msg_acc=0.000 kl=-0.0019
[upd   86 | steps   44032 | t   82.7s | sps   532] ret_mean=0.000 ep_len=500.0 pi_loss=-0.004 v_loss=0.000 ent=1.423 msg_acc=0.000 kl=0.0018
[upd   87 | steps   44544 | t   84.6s | sps   527] ret_mean=0.000 ep_len=500.0 pi_loss=-0.002 v_loss=0.001 ent=1.511 msg_acc=0.000 kl=0.0053
[upd   88 | steps   45056 | t   86.2s | sps   523] ret_mean=0.000 ep_len=500.0 pi_loss=-0.009 v_loss=0.000 ent=1.484 msg_acc=0.000 kl=-0.0001
[upd   89 | steps   45568 | t   87.9s | sps   519] ret_mean=0.000 ep_len=500.0 pi_loss=-0.008 v_loss=0.000 ent=1.537 msg_acc=0.000 kl=-0.0006
[upd   90 | steps   46080 | t   90.0s | sps   512] ret_mean=0.000 ep_len=500.0 pi_loss=-0.012 v_loss=0.000 ent=1.485 msg_acc=0.000 kl=0.0103
[upd   91 | steps   46592 | t   91.6s | sps   509] ret_mean=0.000 ep_len=500.0 pi_loss=-0.008 v_loss=0.000 ent=1.386 msg_acc=0.000 kl=0.0115
[upd   92 | steps   47104 | t   93.4s | sps   504] ret_mean=0.000 ep_len=500.0 pi_loss=-0.009 v_loss=0.000 ent=1.453 msg_acc=0.000 kl=-0.0003
[upd   93 | steps   47616 | t   95.2s | sps   500] ret_mean=0.000 ep_len=500.0 pi_loss=-0.008 v_loss=0.000 ent=1.377 msg_acc=0.000 kl=0.0043
[upd   94 | steps   48128 | t   96.9s | sps   497] ret_mean=0.000 ep_len=500.0 pi_loss=-0.007 v_loss=0.000 ent=1.486 msg_acc=0.000 kl=0.0002
[upd   95 | steps   48640 | t   98.5s | sps   494] ret_mean=0.000 ep_len=500.0 pi_loss=-0.006 v_loss=0.000 ent=1.432 msg_acc=0.000 kl=0.0006
[upd   96 | steps   49152 | t   99.9s | sps   492] ret_mean=0.000 ep_len=500.0 pi_loss=-0.006 v_loss=0.000 ent=1.468 msg_acc=0.000 kl=0.0051
[upd   97 | steps   49664 | t  101.5s | sps   489] ret_mean=0.000 ep_len=500.0 pi_loss=-0.003 v_loss=0.000 ent=1.378 msg_acc=0.000 kl=-0.0007
[upd   98 | steps   50176 | t  103.8s | sps   483] ret_mean=0.000 ep_len=500.0 pi_loss=-0.004 v_loss=0.000 ent=1.173 msg_acc=0.000 kl=0.0003
[upd   99 | steps   50688 | t  106.1s | sps   478] ret_mean=0.000 ep_len=500.0 pi_loss=-0.006 v_loss=0.000 ent=1.352 msg_acc=0.000 kl=0.0086
[upd  100 | steps   51200 | t  107.4s | sps   477] ret_mean=0.000 ep_len=500.0 pi_loss=-0.007 v_loss=0.000 ent=1.471 msg_acc=0.000 kl=0.0056
        [eval] ret_mean=0.000 ep_len=500.0
[upd  101 | steps   51712 | t  122.3s | sps   423] ret_mean=0.000 ep_len=500.0 pi_loss=-0.005 v_loss=0.001 ent=1.451 msg_acc=0.000 kl=-0.0035
[upd  102 | steps   52224 | t  123.0s | sps   425] ret_mean=0.500 ep_len=500.0 pi_loss=-0.007 v_loss=0.000 ent=1.471 msg_acc=0.000 kl=0.0048
[upd  103 | steps   52736 | t  123.6s | sps   427] ret_mean=0.000 ep_len=500.0 pi_loss=-0.004 v_loss=0.000 ent=1.442 msg_acc=0.000 kl=-0.0007
[upd  104 | steps   53248 | t  124.4s | sps   428] ret_mean=0.000 ep_len=500.0 pi_loss=-0.006 v_loss=0.000 ent=1.441 msg_acc=0.000 kl=0.0052
[upd  105 | steps   53760 | t  126.5s | sps   425] ret_mean=0.000 ep_len=500.0 pi_loss=-0.003 v_loss=0.000 ent=1.373 msg_acc=0.000 kl=0.0003
[upd  106 | steps   54272 | t  127.6s | sps   425] ret_mean=0.000 ep_len=500.0 pi_loss=-0.008 v_loss=0.000 ent=1.313 msg_acc=0.000 kl=-0.0012
[upd  107 | steps   54784 | t  128.4s | sps   427] ret_mean=1.500 ep_len=500.0 pi_loss=-0.003 v_loss=0.006 ent=1.430 msg_acc=0.000 kl=0.0012
[upd  108 | steps   55296 | t  129.1s | sps   428] ret_mean=0.000 ep_len=500.0 pi_loss=-0.008 v_loss=0.000 ent=1.314 msg_acc=0.000 kl=-0.0009
[upd  109 | steps   55808 | t  129.9s | sps   430] ret_mean=0.000 ep_len=500.0 pi_loss=-0.007 v_loss=0.000 ent=1.495 msg_acc=0.000 kl=-0.0056
[upd  110 | steps   56320 | t  130.6s | sps   431] ret_mean=0.000 ep_len=500.0 pi_loss=-0.003 v_loss=0.000 ent=1.559 msg_acc=0.000 kl=0.0049
[upd  111 | steps   56832 | t  131.4s | sps   432] ret_mean=0.000 ep_len=500.0 pi_loss=-0.006 v_loss=0.000 ent=1.561 msg_acc=0.000 kl=0.0047
[upd  112 | steps   57344 | t  132.2s | sps   434] ret_mean=0.000 ep_len=500.0 pi_loss=-0.004 v_loss=0.001 ent=1.561 msg_acc=0.000 kl=0.0078
[upd  113 | steps   57856 | t  132.9s | sps   435] ret_mean=0.000 ep_len=500.0 pi_loss=-0.007 v_loss=0.000 ent=1.457 msg_acc=0.000 kl=0.0141
[upd  114 | steps   58368 | t  133.6s | sps   437] ret_mean=0.000 ep_len=500.0 pi_loss=-0.002 v_loss=0.000 ent=1.096 msg_acc=0.000 kl=0.0032
[upd  115 | steps   58880 | t  134.3s | sps   438] ret_mean=0.000 ep_len=500.0 pi_loss=-0.004 v_loss=0.000 ent=1.293 msg_acc=0.000 kl=0.0003
[upd  116 | steps   59392 | t  135.4s | sps   439] ret_mean=0.000 ep_len=500.0 pi_loss=-0.000 v_loss=0.000 ent=1.400 msg_acc=0.000 kl=0.0011
[upd  117 | steps   59904 | t  136.5s | sps   439] ret_mean=0.000 ep_len=500.0 pi_loss=-0.005 v_loss=0.001 ent=1.069 msg_acc=0.000 kl=0.0006
[upd  118 | steps   60416 | t  137.8s | sps   438] ret_mean=0.000 ep_len=500.0 pi_loss=-0.008 v_loss=0.000 ent=1.418 msg_acc=0.000 kl=0.0038
[upd  119 | steps   60928 | t  138.7s | sps   439] ret_mean=0.000 ep_len=500.0 pi_loss=-0.002 v_loss=0.000 ent=1.508 msg_acc=0.000 kl=0.0004
[upd  120 | steps   61440 | t  139.5s | sps   440] ret_mean=0.000 ep_len=500.0 pi_loss=-0.005 v_loss=0.000 ent=1.438 msg_acc=0.000 kl=-0.0005
[upd  121 | steps   61952 | t  140.4s | sps   441] ret_mean=0.000 ep_len=500.0 pi_loss=-0.002 v_loss=0.000 ent=1.222 msg_acc=0.000 kl=-0.0004
[upd  122 | steps   62464 | t  141.1s | sps   443] ret_mean=0.000 ep_len=500.0 pi_loss=-0.002 v_loss=0.000 ent=1.111 msg_acc=0.000 kl=0.0002
[upd  123 | steps   62976 | t  141.9s | sps   444] ret_mean=0.000 ep_len=500.0 pi_loss=-0.002 v_loss=0.000 ent=1.157 msg_acc=0.000 kl=0.0015
[upd  124 | steps   63488 | t  142.6s | sps   445] ret_mean=0.000 ep_len=500.0 pi_loss=-0.005 v_loss=0.000 ent=1.399 msg_acc=0.000 kl=0.0052
[upd  125 | steps   64000 | t  143.4s | sps   446] ret_mean=0.000 ep_len=500.0 pi_loss=-0.006 v_loss=0.000 ent=1.213 msg_acc=0.000 kl=0.0037
[upd  126 | steps   64512 | t  144.1s | sps   448] ret_mean=0.000 ep_len=500.0 pi_loss=-0.004 v_loss=0.000 ent=1.317 msg_acc=0.000 kl=-0.0013
[upd  127 | steps   65024 | t  144.9s | sps   449] ret_mean=0.000 ep_len=500.0 pi_loss=-0.004 v_loss=0.000 ent=1.149 msg_acc=0.000 kl=0.0099
[upd  128 | steps   65536 | t  145.8s | sps   450] ret_mean=0.000 ep_len=500.0 pi_loss=-0.004 v_loss=0.000 ent=1.319 msg_acc=0.000 kl=0.0002
[upd  129 | steps   66048 | t  146.5s | sps   451] ret_mean=0.000 ep_len=500.0 pi_loss=-0.002 v_loss=0.002 ent=1.247 msg_acc=0.000 kl=-0.0015
[upd  130 | steps   66560 | t  147.2s | sps   452] ret_mean=0.500 ep_len=500.0 pi_loss=-0.002 v_loss=0.000 ent=1.065 msg_acc=0.000 kl=0.0142
[upd  131 | steps   67072 | t  147.9s | sps   453] ret_mean=0.000 ep_len=500.0 pi_loss=-0.009 v_loss=0.000 ent=1.281 msg_acc=0.000 kl=0.0146
[upd  132 | steps   67584 | t  148.7s | sps   455] ret_mean=0.000 ep_len=500.0 pi_loss=-0.001 v_loss=0.000 ent=1.028 msg_acc=0.000 kl=0.0008
[upd  133 | steps   68096 | t  149.4s | sps   456] ret_mean=0.000 ep_len=500.0 pi_loss=-0.003 v_loss=0.000 ent=1.391 msg_acc=0.000 kl=-0.0005
[upd  134 | steps   68608 | t  150.2s | sps   457] ret_mean=0.000 ep_len=500.0 pi_loss=-0.007 v_loss=0.000 ent=1.404 msg_acc=0.000 kl=0.0015
[upd  135 | steps   69120 | t  150.9s | sps   458] ret_mean=0.000 ep_len=500.0 pi_loss=-0.009 v_loss=0.000 ent=1.163 msg_acc=0.000 kl=0.0035
[upd  136 | steps   69632 | t  151.8s | sps   459] ret_mean=0.000 ep_len=500.0 pi_loss=-0.004 v_loss=0.002 ent=1.378 msg_acc=0.000 kl=0.0086
[upd  137 | steps   70144 | t  152.6s | sps   460] ret_mean=0.500 ep_len=500.0 pi_loss=-0.003 v_loss=0.031 ent=1.556 msg_acc=0.000 kl=-0.0012
[upd  138 | steps   70656 | t  153.3s | sps   461] ret_mean=3.000 ep_len=500.0 pi_loss=-0.009 v_loss=0.001 ent=1.518 msg_acc=0.000 kl=-0.0044
[upd  139 | steps   71168 | t  154.1s | sps   462] ret_mean=0.000 ep_len=500.0 pi_loss=-0.006 v_loss=0.001 ent=1.490 msg_acc=0.000 kl=0.0023
[upd  140 | steps   71680 | t  154.8s | sps   463] ret_mean=0.000 ep_len=500.0 pi_loss=-0.008 v_loss=0.003 ent=1.573 msg_acc=0.000 kl=0.0003
[upd  141 | steps   72192 | t  155.6s | sps   464] ret_mean=0.000 ep_len=500.0 pi_loss=-0.007 v_loss=0.001 ent=1.582 msg_acc=0.000 kl=-0.0006
[upd  142 | steps   72704 | t  156.8s | sps   464] ret_mean=0.000 ep_len=500.0 pi_loss=-0.005 v_loss=0.000 ent=1.428 msg_acc=0.000 kl=0.0010
[upd  143 | steps   73216 | t  157.7s | sps   464] ret_mean=0.000 ep_len=500.0 pi_loss=-0.007 v_loss=0.000 ent=1.496 msg_acc=0.000 kl=-0.0002
[upd  144 | steps   73728 | t  158.5s | sps   465] ret_mean=0.000 ep_len=500.0 pi_loss=-0.002 v_loss=0.000 ent=0.850 msg_acc=0.000 kl=0.0031
[upd  145 | steps   74240 | t  159.3s | sps   466] ret_mean=0.000 ep_len=500.0 pi_loss=-0.005 v_loss=0.001 ent=1.541 msg_acc=0.000 kl=0.0050
[upd  146 | steps   74752 | t  160.1s | sps   467] ret_mean=0.000 ep_len=500.0 pi_loss=-0.010 v_loss=0.000 ent=1.442 msg_acc=0.000 kl=0.0174
[upd  147 | steps   75264 | t  160.9s | sps   468] ret_mean=0.000 ep_len=500.0 pi_loss=-0.009 v_loss=0.001 ent=1.469 msg_acc=0.000 kl=0.0003
[upd  148 | steps   75776 | t  161.7s | sps   469] ret_mean=0.000 ep_len=500.0 pi_loss=-0.008 v_loss=0.001 ent=1.437 msg_acc=0.000 kl=0.0080
[upd  149 | steps   76288 | t  162.4s | sps   470] ret_mean=0.000 ep_len=500.0 pi_loss=-0.003 v_loss=0.000 ent=1.142 msg_acc=0.000 kl=0.0058
[upd  150 | steps   76800 | t  163.1s | sps   471] ret_mean=0.000 ep_len=500.0 pi_loss=-0.004 v_loss=0.000 ent=1.450 msg_acc=0.000 kl=0.0022
        [eval] ret_mean=0.000 ep_len=500.0
[upd  151 | steps   77312 | t  169.6s | sps   456] ret_mean=0.000 ep_len=500.0 pi_loss=-0.009 v_loss=0.000 ent=1.075 msg_acc=0.000 kl=0.0077
[upd  152 | steps   77824 | t  170.4s | sps   457] ret_mean=0.000 ep_len=500.0 pi_loss=-0.005 v_loss=0.000 ent=1.318 msg_acc=0.000 kl=0.0036
[upd  153 | steps   78336 | t  171.1s | sps   458] ret_mean=0.000 ep_len=500.0 pi_loss=-0.006 v_loss=0.000 ent=1.495 msg_acc=0.000 kl=0.0015
[upd  154 | steps   78848 | t  171.9s | sps   459] ret_mean=0.500 ep_len=500.0 pi_loss=-0.003 v_loss=0.002 ent=1.508 msg_acc=0.000 kl=0.0067
[upd  155 | steps   79360 | t  172.6s | sps   460] ret_mean=0.000 ep_len=500.0 pi_loss=-0.009 v_loss=0.000 ent=1.247 msg_acc=0.000 kl=0.0044
[upd  156 | steps   79872 | t  173.3s | sps   461] ret_mean=0.000 ep_len=500.0 pi_loss=-0.004 v_loss=0.000 ent=0.814 msg_acc=0.000 kl=0.0021
[upd  157 | steps   80384 | t  174.2s | sps   461] ret_mean=0.000 ep_len=500.0 pi_loss=-0.006 v_loss=0.000 ent=1.418 msg_acc=0.000 kl=0.0077
[upd  158 | steps   80896 | t  175.0s | sps   462] ret_mean=0.000 ep_len=500.0 pi_loss=-0.004 v_loss=0.000 ent=1.399 msg_acc=0.000 kl=0.0002
[upd  159 | steps   81408 | t  175.7s | sps   463] ret_mean=0.000 ep_len=500.0 pi_loss=-0.012 v_loss=0.000 ent=1.042 msg_acc=0.000 kl=0.0008
[upd  160 | steps   81920 | t  176.4s | sps   464] ret_mean=0.000 ep_len=500.0 pi_loss=-0.005 v_loss=0.000 ent=1.342 msg_acc=0.000 kl=0.0097
[upd  161 | steps   82432 | t  177.2s | sps   465] ret_mean=0.000 ep_len=500.0 pi_loss=-0.003 v_loss=0.000 ent=1.362 msg_acc=0.000 kl=-0.0014
[upd  162 | steps   82944 | t  177.9s | sps   466] ret_mean=0.000 ep_len=500.0 pi_loss=-0.008 v_loss=0.000 ent=1.315 msg_acc=0.000 kl=0.0026
[upd  163 | steps   83456 | t  178.6s | sps   467] ret_mean=0.000 ep_len=500.0 pi_loss=-0.008 v_loss=0.002 ent=1.189 msg_acc=0.000 kl=0.0096
[upd  164 | steps   83968 | t  179.5s | sps   468] ret_mean=0.500 ep_len=500.0 pi_loss=-0.004 v_loss=0.000 ent=1.260 msg_acc=0.000 kl=0.0077
[upd  165 | steps   84480 | t  180.2s | sps   469] ret_mean=0.000 ep_len=500.0 pi_loss=-0.007 v_loss=0.000 ent=1.148 msg_acc=0.000 kl=0.0054
[upd  166 | steps   84992 | t  180.9s | sps   470] ret_mean=0.000 ep_len=500.0 pi_loss=-0.004 v_loss=0.000 ent=1.414 msg_acc=0.000 kl=0.0047
[upd  167 | steps   85504 | t  181.6s | sps   471] ret_mean=0.000 ep_len=500.0 pi_loss=-0.008 v_loss=0.000 ent=1.397 msg_acc=0.000 kl=0.0032
[upd  168 | steps   86016 | t  182.4s | sps   472] ret_mean=0.000 ep_len=500.0 pi_loss=-0.005 v_loss=0.000 ent=1.332 msg_acc=0.000 kl=0.0012
[upd  169 | steps   86528 | t  183.2s | sps   472] ret_mean=0.000 ep_len=500.0 pi_loss=-0.010 v_loss=0.000 ent=1.495 msg_acc=0.000 kl=0.0069
[upd  170 | steps   87040 | t  184.0s | sps   473] ret_mean=0.000 ep_len=500.0 pi_loss=-0.005 v_loss=0.000 ent=1.503 msg_acc=0.000 kl=0.0027
[upd  171 | steps   87552 | t  184.7s | sps   474] ret_mean=0.000 ep_len=500.0 pi_loss=-0.012 v_loss=0.000 ent=1.495 msg_acc=0.000 kl=0.0163
[upd  172 | steps   88064 | t  185.4s | sps   475] ret_mean=0.000 ep_len=500.0 pi_loss=-0.009 v_loss=0.000 ent=1.326 msg_acc=0.000 kl=0.0006
[upd  173 | steps   88576 | t  186.1s | sps   476] ret_mean=0.000 ep_len=500.0 pi_loss=-0.004 v_loss=0.000 ent=1.297 msg_acc=0.000 kl=0.0007
[upd  174 | steps   89088 | t  186.9s | sps   477] ret_mean=0.000 ep_len=500.0 pi_loss=-0.004 v_loss=0.001 ent=1.501 msg_acc=0.000 kl=0.0002
[upd  175 | steps   89600 | t  187.8s | sps   477] ret_mean=0.500 ep_len=500.0 pi_loss=-0.006 v_loss=0.000 ent=1.480 msg_acc=0.000 kl=0.0009
[upd  176 | steps   90112 | t  188.6s | sps   478] ret_mean=0.000 ep_len=500.0 pi_loss=-0.009 v_loss=0.000 ent=1.477 msg_acc=0.000 kl=0.0063
[upd  177 | steps   90624 | t  189.3s | sps   479] ret_mean=0.000 ep_len=500.0 pi_loss=-0.011 v_loss=0.000 ent=1.413 msg_acc=0.000 kl=0.0002
[upd  178 | steps   91136 | t  190.0s | sps   480] ret_mean=0.000 ep_len=500.0 pi_loss=-0.009 v_loss=0.003 ent=1.225 msg_acc=0.000 kl=0.0093
[upd  179 | steps   91648 | t  190.7s | sps   481] ret_mean=1.000 ep_len=500.0 pi_loss=-0.008 v_loss=0.016 ent=1.209 msg_acc=0.000 kl=0.0011
[upd  180 | steps   92160 | t  191.4s | sps   481] ret_mean=3.000 ep_len=500.0 pi_loss=-0.009 v_loss=0.000 ent=1.435 msg_acc=0.000 kl=0.0076
[upd  181 | steps   92672 | t  192.1s | sps   482] ret_mean=0.000 ep_len=500.0 pi_loss=-0.013 v_loss=0.001 ent=1.480 msg_acc=0.000 kl=0.0142
[upd  182 | steps   93184 | t  192.9s | sps   483] ret_mean=0.000 ep_len=500.0 pi_loss=-0.008 v_loss=0.000 ent=1.404 msg_acc=0.000 kl=0.0046
[upd  183 | steps   93696 | t  193.6s | sps   484] ret_mean=0.000 ep_len=500.0 pi_loss=-0.006 v_loss=0.000 ent=1.431 msg_acc=0.000 kl=0.0022
[upd  184 | steps   94208 | t  194.3s | sps   485] ret_mean=0.000 ep_len=500.0 pi_loss=-0.007 v_loss=0.000 ent=1.479 msg_acc=0.000 kl=0.0029
[upd  185 | steps   94720 | t  195.0s | sps   486] ret_mean=0.000 ep_len=500.0 pi_loss=-0.007 v_loss=0.000 ent=1.515 msg_acc=0.000 kl=0.0041
[upd  186 | steps   95232 | t  195.7s | sps   487] ret_mean=0.000 ep_len=500.0 pi_loss=-0.013 v_loss=0.000 ent=1.504 msg_acc=0.000 kl=0.0073
[upd  187 | steps   95744 | t  196.4s | sps   487] ret_mean=0.000 ep_len=500.0 pi_loss=-0.012 v_loss=0.000 ent=1.432 msg_acc=0.000 kl=0.0119
[upd  188 | steps   96256 | t  197.1s | sps   488] ret_mean=0.000 ep_len=500.0 pi_loss=-0.004 v_loss=0.000 ent=1.477 msg_acc=0.000 kl=0.0023
[upd  189 | steps   96768 | t  197.9s | sps   489] ret_mean=0.000 ep_len=500.0 pi_loss=-0.007 v_loss=0.000 ent=1.442 msg_acc=0.000 kl=0.0065
[upd  190 | steps   97280 | t  198.8s | sps   489] ret_mean=0.000 ep_len=500.0 pi_loss=-0.011 v_loss=0.000 ent=1.430 msg_acc=0.000 kl=0.0138
[upd  191 | steps   97792 | t  199.5s | sps   490] ret_mean=0.000 ep_len=500.0 pi_loss=-0.006 v_loss=0.000 ent=1.414 msg_acc=0.000 kl=0.0052
[upd  192 | steps   98304 | t  200.2s | sps   491] ret_mean=0.000 ep_len=500.0 pi_loss=-0.008 v_loss=0.000 ent=1.506 msg_acc=0.000 kl=0.0058
[upd  193 | steps   98816 | t  200.9s | sps   492] ret_mean=0.000 ep_len=500.0 pi_loss=-0.012 v_loss=0.000 ent=1.475 msg_acc=0.000 kl=0.0158
[upd  194 | steps   99328 | t  201.7s | sps   492] ret_mean=0.000 ep_len=500.0 pi_loss=-0.005 v_loss=0.000 ent=1.480 msg_acc=0.000 kl=0.0078
[upd  195 | steps   99840 | t  202.4s | sps   493] ret_mean=1.000 ep_len=500.0 pi_loss=-0.003 v_loss=0.006 ent=1.444 msg_acc=0.000 kl=-0.0001
[upd  196 | steps  100352 | t  203.1s | sps   494] ret_mean=0.000 ep_len=500.0 pi_loss=-0.000 v_loss=0.000 ent=1.308 msg_acc=0.000 kl=-0.0004
[upd  197 | steps  100864 | t  203.8s | sps   495] ret_mean=0.000 ep_len=500.0 pi_loss=-0.004 v_loss=0.000 ent=1.479 msg_acc=0.000 kl=0.0004
[upd  198 | steps  101376 | t  204.8s | sps   495] ret_mean=0.000 ep_len=500.0 pi_loss=-0.007 v_loss=0.000 ent=1.485 msg_acc=0.000 kl=0.0151
[upd  199 | steps  101888 | t  205.5s | sps   496] ret_mean=0.000 ep_len=500.0 pi_loss=-0.011 v_loss=0.000 ent=1.487 msg_acc=0.000 kl=0.0063
[upd  200 | steps  102400 | t  206.3s | sps   496] ret_mean=0.000 ep_len=500.0 pi_loss=-0.004 v_loss=0.000 ent=1.490 msg_acc=0.000 kl=0.0006
        [eval] ret_mean=0.000 ep_len=500.0
