$ /Users/praneelkhiantani/Downloads/cs2860/.venv/bin/python3 -m policies.train --env rware-tiny-2ag-easy-v2 --seed 3 --updates 200 --rollout 512 --eval-every 50 --eval-episodes 10 --log-dir matrix_results/intent_grounded_v1_pilot/rware-tiny-2ag-easy-v2 --run-name mappo-comm__dropout-only__d0__s3 --n-msg-tokens 8 --dropout --dropout-agent 0 --dropout-time 100 --shape-rewards --pickup-bonus 0.5

[env] EnvSpec(env_id='rware-tiny-2ag-easy-v2', n_agents=2, obs_dim=71, n_env_actions=5, noop_action=0, family='rware')  (n_msg_tokens=8)
[cfg] {'clip_range': 0.2, 'value_clip_range': 0.2, 'entropy_coef': 0.01, 'value_coef': 0.5, 'max_grad_norm': 0.5, 'gamma': 0.99, 'gae_lambda': 0.95, 'lr_actor': 0.0003, 'lr_critic': 0.001, 'update_epochs': 4, 'minibatches': 4, 'hidden': 128, 'depth': 2, 'device': 'cpu', 'message_grounding_coef': 0.0, 'extra': {}}
[log] writing to matrix_results/intent_grounded_v1_pilot/rware-tiny-2ag-easy-v2/mappo-comm__dropout-only__d0__s3
[upd    1 | steps     512 | t    0.7s | sps   753] ret_mean=0.000 ep_len=500.0 pi_loss=-0.011 v_loss=0.038 ent=3.686 msg_acc=0.000 kl=0.0027
[upd    2 | steps    1024 | t    1.5s | sps   706] ret_mean=1.000 ep_len=500.0 pi_loss=-0.010 v_loss=0.019 ent=3.678 msg_acc=0.000 kl=0.0032
[upd    3 | steps    1536 | t    4.8s | sps   319] ret_mean=0.000 ep_len=500.0 pi_loss=-0.008 v_loss=0.010 ent=3.663 msg_acc=0.000 kl=0.0074
[upd    4 | steps    2048 | t    7.0s | sps   292] ret_mean=0.000 ep_len=500.0 pi_loss=-0.006 v_loss=0.007 ent=3.672 msg_acc=0.000 kl=-0.0001
[upd    5 | steps    2560 | t    8.3s | sps   308] ret_mean=0.000 ep_len=500.0 pi_loss=-0.012 v_loss=0.004 ent=3.640 msg_acc=0.000 kl=0.0134
[upd    6 | steps    3072 | t    9.2s | sps   334] ret_mean=0.000 ep_len=500.0 pi_loss=-0.008 v_loss=0.006 ent=3.601 msg_acc=0.000 kl=0.0009
[upd    7 | steps    3584 | t    9.9s | sps   363] ret_mean=1.000 ep_len=500.0 pi_loss=-0.009 v_loss=0.005 ent=3.658 msg_acc=0.000 kl=0.0020
[upd    8 | steps    4096 | t   10.6s | sps   388] ret_mean=0.000 ep_len=500.0 pi_loss=-0.009 v_loss=0.002 ent=3.601 msg_acc=0.000 kl=0.0102
[upd    9 | steps    4608 | t   11.3s | sps   410] ret_mean=0.000 ep_len=500.0 pi_loss=-0.012 v_loss=0.001 ent=3.581 msg_acc=0.000 kl=0.0044
[upd   10 | steps    5120 | t   12.3s | sps   417] ret_mean=0.000 ep_len=500.0 pi_loss=-0.007 v_loss=0.004 ent=3.640 msg_acc=0.000 kl=0.0050
[upd   11 | steps    5632 | t   13.0s | sps   433] ret_mean=1.000 ep_len=500.0 pi_loss=-0.012 v_loss=0.002 ent=3.593 msg_acc=0.000 kl=0.0055
[upd   12 | steps    6144 | t   13.6s | sps   450] ret_mean=0.000 ep_len=500.0 pi_loss=-0.008 v_loss=0.003 ent=3.531 msg_acc=0.000 kl=0.0068
[upd   13 | steps    6656 | t   14.2s | sps   467] ret_mean=2.500 ep_len=500.0 pi_loss=-0.010 v_loss=0.013 ent=3.530 msg_acc=0.000 kl=-0.0001
[upd   14 | steps    7168 | t   14.9s | sps   480] ret_mean=2.500 ep_len=500.0 pi_loss=-0.008 v_loss=0.009 ent=3.417 msg_acc=0.000 kl=0.0077
[upd   15 | steps    7680 | t   15.8s | sps   485] ret_mean=1.000 ep_len=500.0 pi_loss=-0.008 v_loss=0.001 ent=3.459 msg_acc=0.000 kl=0.0038
[upd   16 | steps    8192 | t   16.8s | sps   487] ret_mean=0.000 ep_len=500.0 pi_loss=-0.010 v_loss=0.001 ent=3.509 msg_acc=0.000 kl=0.0034
[upd   17 | steps    8704 | t   17.7s | sps   493] ret_mean=0.000 ep_len=500.0 pi_loss=-0.009 v_loss=0.002 ent=3.461 msg_acc=0.000 kl=0.0069
[upd   18 | steps    9216 | t   18.3s | sps   503] ret_mean=6.500 ep_len=500.0 pi_loss=-0.014 v_loss=0.072 ent=3.499 msg_acc=0.000 kl=0.0024
[upd   19 | steps    9728 | t   19.1s | sps   508] ret_mean=0.000 ep_len=500.0 pi_loss=-0.013 v_loss=0.007 ent=3.460 msg_acc=0.000 kl=0.0034
[upd   20 | steps   10240 | t   20.4s | sps   501] ret_mean=1.000 ep_len=500.0 pi_loss=-0.007 v_loss=0.003 ent=3.487 msg_acc=0.000 kl=0.0001
[upd   21 | steps   10752 | t   21.5s | sps   501] ret_mean=0.000 ep_len=500.0 pi_loss=-0.013 v_loss=0.076 ent=3.531 msg_acc=0.000 kl=0.0048
[upd   22 | steps   11264 | t   23.3s | sps   484] ret_mean=8.500 ep_len=500.0 pi_loss=-0.009 v_loss=0.079 ent=3.417 msg_acc=0.000 kl=-0.0036
[upd   23 | steps   11776 | t   24.7s | sps   478] ret_mean=6.500 ep_len=500.0 pi_loss=-0.008 v_loss=0.004 ent=3.365 msg_acc=0.000 kl=0.0042
[upd   24 | steps   12288 | t   26.0s | sps   472] ret_mean=3.500 ep_len=500.0 pi_loss=-0.010 v_loss=0.025 ent=3.347 msg_acc=0.000 kl=0.0113
[upd   25 | steps   12800 | t   26.8s | sps   477] ret_mean=0.000 ep_len=500.0 pi_loss=-0.009 v_loss=0.003 ent=3.265 msg_acc=0.000 kl=0.0101
[upd   26 | steps   13312 | t   27.5s | sps   483] ret_mean=0.500 ep_len=500.0 pi_loss=-0.014 v_loss=0.002 ent=3.171 msg_acc=0.000 kl=0.0061
[upd   27 | steps   13824 | t   28.2s | sps   491] ret_mean=0.000 ep_len=500.0 pi_loss=-0.009 v_loss=0.001 ent=3.273 msg_acc=0.000 kl=0.0088
[upd   28 | steps   14336 | t   28.8s | sps   498] ret_mean=0.000 ep_len=500.0 pi_loss=-0.012 v_loss=0.001 ent=3.327 msg_acc=0.000 kl=0.0080
[upd   29 | steps   14848 | t   29.4s | sps   505] ret_mean=0.000 ep_len=500.0 pi_loss=-0.008 v_loss=0.292 ent=3.321 msg_acc=0.000 kl=-0.0028
[upd   30 | steps   15360 | t   30.0s | sps   512] ret_mean=11.000 ep_len=500.0 pi_loss=-0.012 v_loss=0.001 ent=3.471 msg_acc=0.000 kl=0.0106
[upd   31 | steps   15872 | t   30.6s | sps   518] ret_mean=0.000 ep_len=500.0 pi_loss=-0.012 v_loss=0.002 ent=3.408 msg_acc=0.000 kl=0.0072
[upd   32 | steps   16384 | t   31.2s | sps   524] ret_mean=0.000 ep_len=500.0 pi_loss=-0.013 v_loss=0.002 ent=3.154 msg_acc=0.000 kl=0.0136
[upd   33 | steps   16896 | t   31.8s | sps   531] ret_mean=0.000 ep_len=500.0 pi_loss=-0.008 v_loss=0.007 ent=3.423 msg_acc=0.000 kl=0.0162
[upd   34 | steps   17408 | t   32.5s | sps   536] ret_mean=1.000 ep_len=500.0 pi_loss=-0.009 v_loss=0.001 ent=3.460 msg_acc=0.000 kl=0.0047
[upd   35 | steps   17920 | t   33.1s | sps   542] ret_mean=0.000 ep_len=500.0 pi_loss=-0.008 v_loss=0.001 ent=3.431 msg_acc=0.000 kl=0.0007
[upd   36 | steps   18432 | t   33.7s | sps   547] ret_mean=0.000 ep_len=500.0 pi_loss=-0.007 v_loss=0.274 ent=3.162 msg_acc=0.000 kl=0.0089
[upd   37 | steps   18944 | t   34.3s | sps   553] ret_mean=16.000 ep_len=500.0 pi_loss=-0.006 v_loss=0.116 ent=3.326 msg_acc=0.000 kl=0.0054
[upd   38 | steps   19456 | t   34.9s | sps   558] ret_mean=0.000 ep_len=500.0 pi_loss=-0.016 v_loss=0.356 ent=3.400 msg_acc=0.000 kl=0.0030
[upd   39 | steps   19968 | t   35.7s | sps   560] ret_mean=14.500 ep_len=500.0 pi_loss=-0.012 v_loss=0.028 ent=3.477 msg_acc=0.000 kl=0.0069
[upd   40 | steps   20480 | t   36.3s | sps   564] ret_mean=3.000 ep_len=500.0 pi_loss=-0.013 v_loss=0.003 ent=3.289 msg_acc=0.000 kl=0.0093
[upd   41 | steps   20992 | t   37.0s | sps   568] ret_mean=0.000 ep_len=500.0 pi_loss=-0.007 v_loss=0.006 ent=3.397 msg_acc=0.000 kl=-0.0008
[upd   42 | steps   21504 | t   37.6s | sps   572] ret_mean=0.500 ep_len=500.0 pi_loss=-0.007 v_loss=0.012 ent=3.315 msg_acc=0.000 kl=0.0044
[upd   43 | steps   22016 | t   38.3s | sps   574] ret_mean=6.000 ep_len=500.0 pi_loss=-0.011 v_loss=0.099 ent=3.371 msg_acc=0.000 kl=-0.0009
[upd   44 | steps   22528 | t   39.2s | sps   574] ret_mean=1.000 ep_len=500.0 pi_loss=-0.011 v_loss=0.005 ent=3.302 msg_acc=0.000 kl=0.0107
[upd   45 | steps   23040 | t   40.1s | sps   574] ret_mean=0.000 ep_len=500.0 pi_loss=-0.009 v_loss=0.002 ent=3.285 msg_acc=0.000 kl=0.0048
[upd   46 | steps   23552 | t   40.8s | sps   577] ret_mean=24.000 ep_len=500.0 pi_loss=-0.009 v_loss=0.456 ent=3.129 msg_acc=0.000 kl=0.0134
[upd   47 | steps   24064 | t   41.5s | sps   580] ret_mean=0.000 ep_len=500.0 pi_loss=-0.009 v_loss=0.002 ent=3.370 msg_acc=0.000 kl=-0.0015
[upd   48 | steps   24576 | t   42.6s | sps   576] ret_mean=0.000 ep_len=500.0 pi_loss=-0.014 v_loss=0.002 ent=3.316 msg_acc=0.000 kl=0.0058
[upd   49 | steps   25088 | t   43.6s | sps   575] ret_mean=0.000 ep_len=500.0 pi_loss=-0.015 v_loss=0.281 ent=3.244 msg_acc=0.000 kl=0.0021
[upd   50 | steps   25600 | t   44.6s | sps   574] ret_mean=10.000 ep_len=500.0 pi_loss=-0.009 v_loss=0.002 ent=3.304 msg_acc=0.000 kl=0.0035
        [eval] ret_mean=12.500 ep_len=500.0
[upd   51 | steps   26112 | t   53.9s | sps   485] ret_mean=0.000 ep_len=500.0 pi_loss=-0.014 v_loss=0.002 ent=3.123 msg_acc=0.000 kl=0.0010
[upd   52 | steps   26624 | t   54.5s | sps   488] ret_mean=5.500 ep_len=500.0 pi_loss=-0.010 v_loss=0.118 ent=3.278 msg_acc=0.000 kl=0.0103
[upd   53 | steps   27136 | t   55.2s | sps   492] ret_mean=0.000 ep_len=500.0 pi_loss=-0.009 v_loss=0.002 ent=3.308 msg_acc=0.000 kl=0.0020
[upd   54 | steps   27648 | t   55.8s | sps   495] ret_mean=11.000 ep_len=500.0 pi_loss=-0.011 v_loss=0.230 ent=3.202 msg_acc=0.000 kl=0.0117
[upd   55 | steps   28160 | t   56.4s | sps   499] ret_mean=0.000 ep_len=500.0 pi_loss=-0.010 v_loss=0.058 ent=3.248 msg_acc=0.000 kl=0.0041
[upd   56 | steps   28672 | t   57.1s | sps   502] ret_mean=4.500 ep_len=500.0 pi_loss=-0.012 v_loss=0.011 ent=2.783 msg_acc=0.000 kl=0.0034
[upd   57 | steps   29184 | t   59.0s | sps   495] ret_mean=0.000 ep_len=500.0 pi_loss=-0.012 v_loss=0.003 ent=3.258 msg_acc=0.000 kl=0.0050
[upd   58 | steps   29696 | t   60.1s | sps   494] ret_mean=0.000 ep_len=500.0 pi_loss=-0.015 v_loss=0.221 ent=3.259 msg_acc=0.000 kl=0.0024
[upd   59 | steps   30208 | t   61.8s | sps   489] ret_mean=12.500 ep_len=500.0 pi_loss=-0.015 v_loss=0.049 ent=3.277 msg_acc=0.000 kl=0.0001
[upd   60 | steps   30720 | t   67.0s | sps   458] ret_mean=12.500 ep_len=500.0 pi_loss=-0.013 v_loss=0.089 ent=3.326 msg_acc=0.000 kl=0.0113
[upd   61 | steps   31232 | t   70.3s | sps   444] ret_mean=0.500 ep_len=500.0 pi_loss=-0.009 v_loss=0.007 ent=3.293 msg_acc=0.000 kl=0.0049
[upd   62 | steps   31744 | t   71.7s | sps   442] ret_mean=0.000 ep_len=500.0 pi_loss=-0.013 v_loss=0.007 ent=3.173 msg_acc=0.000 kl=0.0053
[upd   63 | steps   32256 | t   73.5s | sps   439] ret_mean=0.000 ep_len=500.0 pi_loss=-0.010 v_loss=0.003 ent=3.219 msg_acc=0.000 kl=0.0023
[upd   64 | steps   32768 | t   74.2s | sps   441] ret_mean=0.000 ep_len=500.0 pi_loss=-0.011 v_loss=0.161 ent=3.258 msg_acc=0.000 kl=0.0026
[upd   65 | steps   33280 | t   76.6s | sps   434] ret_mean=10.500 ep_len=500.0 pi_loss=-0.014 v_loss=0.006 ent=3.098 msg_acc=0.000 kl=0.0146
[upd   66 | steps   33792 | t   78.0s | sps   433] ret_mean=0.000 ep_len=500.0 pi_loss=-0.005 v_loss=0.206 ent=3.047 msg_acc=0.000 kl=0.0053
[upd   67 | steps   34304 | t   79.2s | sps   433] ret_mean=11.500 ep_len=500.0 pi_loss=-0.010 v_loss=0.002 ent=3.107 msg_acc=0.000 kl=0.0046
[upd   68 | steps   34816 | t   80.1s | sps   435] ret_mean=0.000 ep_len=500.0 pi_loss=-0.013 v_loss=0.002 ent=3.276 msg_acc=0.000 kl=0.0071
[upd   69 | steps   35328 | t   81.1s | sps   435] ret_mean=0.000 ep_len=500.0 pi_loss=-0.013 v_loss=0.001 ent=3.032 msg_acc=0.000 kl=0.0104
[upd   70 | steps   35840 | t   82.1s | sps   436] ret_mean=0.000 ep_len=500.0 pi_loss=-0.011 v_loss=0.002 ent=3.009 msg_acc=0.000 kl=0.0092
[upd   71 | steps   36352 | t   82.9s | sps   439] ret_mean=0.000 ep_len=500.0 pi_loss=-0.009 v_loss=0.001 ent=3.064 msg_acc=0.000 kl=0.0138
[upd   72 | steps   36864 | t   83.5s | sps   441] ret_mean=0.000 ep_len=500.0 pi_loss=-0.014 v_loss=0.750 ent=2.872 msg_acc=0.000 kl=0.0102
[upd   73 | steps   37376 | t   84.1s | sps   444] ret_mean=68.500 ep_len=500.0 pi_loss=-0.011 v_loss=1.622 ent=2.974 msg_acc=0.000 kl=0.0024
[upd   74 | steps   37888 | t   84.8s | sps   447] ret_mean=12.500 ep_len=500.0 pi_loss=-0.017 v_loss=0.007 ent=3.126 msg_acc=0.000 kl=0.0096
[upd   75 | steps   38400 | t   85.5s | sps   449] ret_mean=0.000 ep_len=500.0 pi_loss=-0.011 v_loss=0.668 ent=2.871 msg_acc=0.000 kl=0.0004
[upd   76 | steps   38912 | t   86.1s | sps   452] ret_mean=22.000 ep_len=500.0 pi_loss=-0.009 v_loss=0.011 ent=3.018 msg_acc=0.000 kl=0.0066
[upd   77 | steps   39424 | t   86.8s | sps   454] ret_mean=0.000 ep_len=500.0 pi_loss=-0.012 v_loss=0.009 ent=2.957 msg_acc=0.000 kl=0.0077
[upd   78 | steps   39936 | t   87.4s | sps   457] ret_mean=0.000 ep_len=500.0 pi_loss=-0.012 v_loss=0.010 ent=2.856 msg_acc=0.000 kl=0.0068
[upd   79 | steps   40448 | t   88.4s | sps   458] ret_mean=0.000 ep_len=500.0 pi_loss=-0.010 v_loss=0.016 ent=2.824 msg_acc=0.000 kl=0.0146
[upd   80 | steps   40960 | t   89.4s | sps   458] ret_mean=12.500 ep_len=500.0 pi_loss=-0.009 v_loss=0.367 ent=2.792 msg_acc=0.000 kl=0.0088
[upd   81 | steps   41472 | t   90.1s | sps   460] ret_mean=0.000 ep_len=500.0 pi_loss=-0.008 v_loss=0.003 ent=2.992 msg_acc=0.000 kl=0.0126
[upd   82 | steps   41984 | t   91.0s | sps   461] ret_mean=0.000 ep_len=500.0 pi_loss=-0.013 v_loss=0.005 ent=3.117 msg_acc=0.000 kl=-0.0019
[upd   83 | steps   42496 | t   91.9s | sps   462] ret_mean=0.000 ep_len=500.0 pi_loss=-0.010 v_loss=1.389 ent=3.064 msg_acc=0.000 kl=0.0036
[upd   84 | steps   43008 | t   92.7s | sps   464] ret_mean=50.000 ep_len=500.0 pi_loss=-0.011 v_loss=0.111 ent=3.184 msg_acc=0.000 kl=0.0072
[upd   85 | steps   43520 | t   93.3s | sps   467] ret_mean=0.000 ep_len=500.0 pi_loss=-0.012 v_loss=0.453 ent=2.965 msg_acc=0.000 kl=0.0027
[upd   86 | steps   44032 | t   93.9s | sps   469] ret_mean=14.500 ep_len=500.0 pi_loss=-0.012 v_loss=0.008 ent=3.005 msg_acc=0.000 kl=0.0129
[upd   87 | steps   44544 | t   94.6s | sps   471] ret_mean=0.000 ep_len=500.0 pi_loss=-0.006 v_loss=0.290 ent=3.150 msg_acc=0.000 kl=0.0059
[upd   88 | steps   45056 | t   95.1s | sps   474] ret_mean=10.500 ep_len=500.0 pi_loss=-0.009 v_loss=0.069 ent=3.099 msg_acc=0.000 kl=0.0089
[upd   89 | steps   45568 | t   95.7s | sps   476] ret_mean=11.000 ep_len=500.0 pi_loss=-0.009 v_loss=0.304 ent=2.720 msg_acc=0.000 kl=-0.0003
[upd   90 | steps   46080 | t   96.3s | sps   479] ret_mean=9.000 ep_len=500.0 pi_loss=-0.014 v_loss=0.021 ent=3.148 msg_acc=0.000 kl=0.0106
[upd   91 | steps   46592 | t   96.9s | sps   481] ret_mean=0.000 ep_len=500.0 pi_loss=-0.009 v_loss=0.213 ent=2.842 msg_acc=0.000 kl=0.0089
[upd   92 | steps   47104 | t   97.6s | sps   482] ret_mean=4.500 ep_len=500.0 pi_loss=-0.014 v_loss=0.013 ent=3.026 msg_acc=0.000 kl=0.0121
[upd   93 | steps   47616 | t   98.4s | sps   484] ret_mean=2.000 ep_len=500.0 pi_loss=-0.014 v_loss=0.011 ent=3.013 msg_acc=0.000 kl=0.0057
[upd   94 | steps   48128 | t   99.3s | sps   485] ret_mean=45.500 ep_len=500.0 pi_loss=-0.009 v_loss=1.125 ent=2.853 msg_acc=0.000 kl=0.0147
[upd   95 | steps   48640 | t  100.2s | sps   486] ret_mean=0.000 ep_len=500.0 pi_loss=-0.011 v_loss=0.008 ent=3.203 msg_acc=0.000 kl=0.0092
[upd   96 | steps   49152 | t  100.9s | sps   487] ret_mean=0.000 ep_len=500.0 pi_loss=-0.006 v_loss=0.002 ent=3.177 msg_acc=0.000 kl=0.0046
[upd   97 | steps   49664 | t  101.8s | sps   488] ret_mean=0.000 ep_len=500.0 pi_loss=-0.009 v_loss=0.002 ent=3.163 msg_acc=0.000 kl=0.0075
[upd   98 | steps   50176 | t  102.5s | sps   489] ret_mean=0.000 ep_len=500.0 pi_loss=-0.012 v_loss=0.002 ent=3.136 msg_acc=0.000 kl=0.0087
[upd   99 | steps   50688 | t  103.4s | sps   490] ret_mean=0.000 ep_len=500.0 pi_loss=-0.013 v_loss=0.002 ent=3.027 msg_acc=0.000 kl=0.0093
[upd  100 | steps   51200 | t  104.2s | sps   491] ret_mean=56.000 ep_len=500.0 pi_loss=-0.009 v_loss=1.787 ent=2.988 msg_acc=0.000 kl=0.0089
        [eval] ret_mean=0.000 ep_len=500.0
[upd  101 | steps   51712 | t  111.0s | sps   466] ret_mean=0.000 ep_len=500.0 pi_loss=-0.012 v_loss=0.005 ent=3.198 msg_acc=0.000 kl=0.0243
[upd  102 | steps   52224 | t  112.0s | sps   466] ret_mean=0.000 ep_len=500.0 pi_loss=-0.009 v_loss=0.004 ent=3.337 msg_acc=0.000 kl=0.0056
[upd  103 | steps   52736 | t  112.7s | sps   468] ret_mean=0.000 ep_len=500.0 pi_loss=-0.012 v_loss=0.006 ent=3.266 msg_acc=0.000 kl=0.0102
[upd  104 | steps   53248 | t  113.4s | sps   470] ret_mean=26.000 ep_len=500.0 pi_loss=-0.013 v_loss=0.510 ent=3.148 msg_acc=0.000 kl=-0.0021
[upd  105 | steps   53760 | t  114.1s | sps   471] ret_mean=0.000 ep_len=500.0 pi_loss=-0.017 v_loss=0.006 ent=3.208 msg_acc=0.000 kl=0.0093
[upd  106 | steps   54272 | t  114.8s | sps   473] ret_mean=49.000 ep_len=500.0 pi_loss=-0.015 v_loss=1.474 ent=2.931 msg_acc=0.000 kl=0.0327
[upd  107 | steps   54784 | t  115.4s | sps   475] ret_mean=13.000 ep_len=500.0 pi_loss=-0.009 v_loss=0.067 ent=2.975 msg_acc=0.000 kl=0.0151
[upd  108 | steps   55296 | t  116.1s | sps   476] ret_mean=0.000 ep_len=500.0 pi_loss=-0.012 v_loss=0.004 ent=2.946 msg_acc=0.000 kl=0.0081
[upd  109 | steps   55808 | t  116.8s | sps   478] ret_mean=0.000 ep_len=500.0 pi_loss=-0.007 v_loss=0.182 ent=3.242 msg_acc=0.000 kl=0.0013
[upd  110 | steps   56320 | t  117.4s | sps   480] ret_mean=10.000 ep_len=500.0 pi_loss=-0.012 v_loss=0.001 ent=3.283 msg_acc=0.000 kl=0.0062
[upd  111 | steps   56832 | t  118.1s | sps   481] ret_mean=15.500 ep_len=500.0 pi_loss=-0.015 v_loss=0.556 ent=3.221 msg_acc=0.000 kl=0.0034
[upd  112 | steps   57344 | t  118.7s | sps   483] ret_mean=0.000 ep_len=500.0 pi_loss=-0.012 v_loss=0.001 ent=3.362 msg_acc=0.000 kl=0.0089
[upd  113 | steps   57856 | t  119.3s | sps   485] ret_mean=0.000 ep_len=500.0 pi_loss=-0.015 v_loss=0.711 ent=3.067 msg_acc=0.000 kl=-0.0042
[upd  114 | steps   58368 | t  120.0s | sps   486] ret_mean=89.000 ep_len=500.0 pi_loss=-0.015 v_loss=2.579 ent=2.780 msg_acc=0.000 kl=0.0046
[upd  115 | steps   58880 | t  121.0s | sps   487] ret_mean=0.000 ep_len=500.0 pi_loss=-0.008 v_loss=0.041 ent=3.234 msg_acc=0.000 kl=0.0040
[upd  116 | steps   59392 | t  122.0s | sps   487] ret_mean=62.000 ep_len=500.0 pi_loss=-0.013 v_loss=1.954 ent=2.843 msg_acc=0.000 kl=0.0137
[upd  117 | steps   59904 | t  123.3s | sps   486] ret_mean=7.000 ep_len=500.0 pi_loss=-0.010 v_loss=0.989 ent=3.008 msg_acc=0.000 kl=0.0049
[upd  118 | steps   60416 | t  124.0s | sps   487] ret_mean=78.000 ep_len=500.0 pi_loss=-0.016 v_loss=2.094 ent=2.838 msg_acc=0.000 kl=0.0014
[upd  119 | steps   60928 | t  124.9s | sps   488] ret_mean=20.000 ep_len=500.0 pi_loss=-0.019 v_loss=0.448 ent=3.248 msg_acc=0.000 kl=0.0064
[upd  120 | steps   61440 | t  125.5s | sps   490] ret_mean=0.000 ep_len=500.0 pi_loss=-0.014 v_loss=0.291 ent=3.129 msg_acc=0.000 kl=0.0093
[upd  121 | steps   61952 | t  127.4s | sps   486] ret_mean=20.000 ep_len=500.0 pi_loss=-0.013 v_loss=0.056 ent=3.183 msg_acc=0.000 kl=0.0158
[upd  122 | steps   62464 | t  128.1s | sps   487] ret_mean=0.000 ep_len=500.0 pi_loss=-0.011 v_loss=0.020 ent=3.217 msg_acc=0.000 kl=0.0124
[upd  123 | steps   62976 | t  129.0s | sps   488] ret_mean=0.000 ep_len=500.0 pi_loss=-0.010 v_loss=1.147 ent=2.968 msg_acc=0.000 kl=0.0129
[upd  124 | steps   63488 | t  129.6s | sps   490] ret_mean=34.500 ep_len=500.0 pi_loss=-0.010 v_loss=0.011 ent=3.058 msg_acc=0.000 kl=0.0094
[upd  125 | steps   64000 | t  130.3s | sps   491] ret_mean=0.000 ep_len=500.0 pi_loss=-0.011 v_loss=0.005 ent=3.075 msg_acc=0.000 kl=0.0081
[upd  126 | steps   64512 | t  131.4s | sps   491] ret_mean=0.000 ep_len=500.0 pi_loss=-0.009 v_loss=0.005 ent=3.297 msg_acc=0.000 kl=0.0033
[upd  127 | steps   65024 | t  132.3s | sps   491] ret_mean=20.000 ep_len=500.0 pi_loss=-0.007 v_loss=0.615 ent=3.052 msg_acc=0.000 kl=0.0006
[upd  128 | steps   65536 | t  133.5s | sps   491] ret_mean=0.000 ep_len=500.0 pi_loss=-0.008 v_loss=0.615 ent=3.035 msg_acc=0.000 kl=0.0110
[upd  129 | steps   66048 | t  134.1s | sps   492] ret_mean=32.000 ep_len=500.0 pi_loss=-0.009 v_loss=0.256 ent=3.317 msg_acc=0.000 kl=0.0108
[upd  130 | steps   66560 | t  134.7s | sps   494] ret_mean=0.000 ep_len=500.0 pi_loss=-0.014 v_loss=1.563 ent=3.071 msg_acc=0.000 kl=0.0092
[upd  131 | steps   67072 | t  135.3s | sps   496] ret_mean=65.500 ep_len=500.0 pi_loss=-0.009 v_loss=1.921 ent=2.963 msg_acc=0.000 kl=0.0029
[upd  132 | steps   67584 | t  135.9s | sps   497] ret_mean=30.500 ep_len=500.0 pi_loss=-0.014 v_loss=0.581 ent=3.194 msg_acc=0.000 kl=0.0041
[upd  133 | steps   68096 | t  136.5s | sps   499] ret_mean=18.000 ep_len=500.0 pi_loss=-0.009 v_loss=0.007 ent=3.388 msg_acc=0.000 kl=0.0025
[upd  134 | steps   68608 | t  137.1s | sps   500] ret_mean=0.000 ep_len=500.0 pi_loss=-0.013 v_loss=0.008 ent=3.001 msg_acc=0.000 kl=0.0076
[upd  135 | steps   69120 | t  137.8s | sps   502] ret_mean=0.000 ep_len=500.0 pi_loss=-0.009 v_loss=0.004 ent=3.043 msg_acc=0.000 kl=0.0046
[upd  136 | steps   69632 | t  138.5s | sps   503] ret_mean=0.000 ep_len=500.0 pi_loss=-0.014 v_loss=0.007 ent=3.108 msg_acc=0.000 kl=0.0036
[upd  137 | steps   70144 | t  139.1s | sps   504] ret_mean=0.000 ep_len=500.0 pi_loss=-0.021 v_loss=0.003 ent=3.445 msg_acc=0.000 kl=0.0143
[upd  138 | steps   70656 | t  139.7s | sps   506] ret_mean=1.000 ep_len=500.0 pi_loss=-0.013 v_loss=0.063 ent=3.408 msg_acc=0.000 kl=0.0036
[upd  139 | steps   71168 | t  140.6s | sps   506] ret_mean=3.500 ep_len=500.0 pi_loss=-0.015 v_loss=0.005 ent=3.409 msg_acc=0.000 kl=0.0111
[upd  140 | steps   71680 | t  141.6s | sps   506] ret_mean=1.500 ep_len=500.0 pi_loss=-0.013 v_loss=0.056 ent=3.223 msg_acc=0.000 kl=0.0035
[upd  141 | steps   72192 | t  143.2s | sps   504] ret_mean=5.000 ep_len=500.0 pi_loss=-0.012 v_loss=0.003 ent=3.456 msg_acc=0.000 kl=0.0069
[upd  142 | steps   72704 | t  144.0s | sps   505] ret_mean=0.000 ep_len=500.0 pi_loss=-0.015 v_loss=0.001 ent=3.502 msg_acc=0.000 kl=0.0072
[upd  143 | steps   73216 | t  144.7s | sps   506] ret_mean=0.000 ep_len=500.0 pi_loss=-0.017 v_loss=0.002 ent=3.490 msg_acc=0.000 kl=0.0097
[upd  144 | steps   73728 | t  145.5s | sps   507] ret_mean=0.000 ep_len=500.0 pi_loss=-0.017 v_loss=0.002 ent=3.328 msg_acc=0.000 kl=0.0198
[upd  145 | steps   74240 | t  146.2s | sps   508] ret_mean=0.000 ep_len=500.0 pi_loss=-0.012 v_loss=0.000 ent=3.525 msg_acc=0.000 kl=0.0077
[upd  146 | steps   74752 | t  146.8s | sps   509] ret_mean=0.000 ep_len=500.0 pi_loss=-0.016 v_loss=0.121 ent=3.406 msg_acc=0.000 kl=0.0089
[upd  147 | steps   75264 | t  147.4s | sps   511] ret_mean=6.500 ep_len=500.0 pi_loss=-0.015 v_loss=0.001 ent=3.441 msg_acc=0.000 kl=0.0141
[upd  148 | steps   75776 | t  148.1s | sps   512] ret_mean=0.000 ep_len=500.0 pi_loss=-0.015 v_loss=0.143 ent=3.287 msg_acc=0.000 kl=0.0064
[upd  149 | steps   76288 | t  148.7s | sps   513] ret_mean=10.500 ep_len=500.0 pi_loss=-0.017 v_loss=0.053 ent=3.340 msg_acc=0.000 kl=0.0052
[upd  150 | steps   76800 | t  149.3s | sps   514] ret_mean=0.000 ep_len=500.0 pi_loss=-0.014 v_loss=0.001 ent=3.072 msg_acc=0.000 kl=0.0050
        [eval] ret_mean=15.000 ep_len=500.0
[upd  151 | steps   77312 | t  154.5s | sps   500] ret_mean=0.000 ep_len=500.0 pi_loss=-0.016 v_loss=0.000 ent=3.325 msg_acc=0.000 kl=0.0115
[upd  152 | steps   77824 | t  155.2s | sps   502] ret_mean=0.000 ep_len=500.0 pi_loss=-0.006 v_loss=0.001 ent=3.141 msg_acc=0.000 kl=-0.0013
[upd  153 | steps   78336 | t  155.8s | sps   503] ret_mean=0.000 ep_len=500.0 pi_loss=-0.016 v_loss=0.001 ent=3.195 msg_acc=0.000 kl=0.0043
[upd  154 | steps   78848 | t  156.3s | sps   504] ret_mean=2.000 ep_len=500.0 pi_loss=-0.013 v_loss=0.016 ent=3.304 msg_acc=0.000 kl=0.0012
[upd  155 | steps   79360 | t  156.9s | sps   506] ret_mean=0.000 ep_len=500.0 pi_loss=-0.015 v_loss=0.001 ent=3.370 msg_acc=0.000 kl=0.0042
[upd  156 | steps   79872 | t  157.5s | sps   507] ret_mean=0.000 ep_len=500.0 pi_loss=-0.012 v_loss=0.000 ent=3.390 msg_acc=0.000 kl=0.0127
[upd  157 | steps   80384 | t  158.1s | sps   508] ret_mean=0.000 ep_len=500.0 pi_loss=-0.015 v_loss=0.001 ent=3.347 msg_acc=0.000 kl=0.0020
[upd  158 | steps   80896 | t  158.8s | sps   510] ret_mean=0.000 ep_len=500.0 pi_loss=-0.012 v_loss=0.000 ent=3.382 msg_acc=0.000 kl=0.0033
[upd  159 | steps   81408 | t  159.5s | sps   511] ret_mean=0.000 ep_len=500.0 pi_loss=-0.009 v_loss=0.009 ent=3.349 msg_acc=0.000 kl=0.0042
[upd  160 | steps   81920 | t  160.1s | sps   512] ret_mean=18.500 ep_len=500.0 pi_loss=-0.014 v_loss=0.375 ent=3.207 msg_acc=0.000 kl=0.0032
[upd  161 | steps   82432 | t  160.8s | sps   513] ret_mean=0.000 ep_len=500.0 pi_loss=-0.010 v_loss=0.016 ent=3.261 msg_acc=0.000 kl=0.0043
[upd  162 | steps   82944 | t  161.4s | sps   514] ret_mean=3.500 ep_len=500.0 pi_loss=-0.014 v_loss=0.001 ent=3.269 msg_acc=0.000 kl=0.0091
[upd  163 | steps   83456 | t  161.9s | sps   515] ret_mean=0.000 ep_len=500.0 pi_loss=-0.012 v_loss=0.001 ent=3.230 msg_acc=0.000 kl=0.0096
[upd  164 | steps   83968 | t  162.5s | sps   517] ret_mean=0.000 ep_len=500.0 pi_loss=-0.016 v_loss=0.001 ent=3.267 msg_acc=0.000 kl=0.0075
[upd  165 | steps   84480 | t  163.1s | sps   518] ret_mean=0.000 ep_len=500.0 pi_loss=-0.018 v_loss=0.001 ent=3.207 msg_acc=0.000 kl=0.0096
[upd  166 | steps   84992 | t  163.7s | sps   519] ret_mean=0.000 ep_len=500.0 pi_loss=-0.011 v_loss=0.716 ent=3.168 msg_acc=0.000 kl=-0.0011
[upd  167 | steps   85504 | t  164.3s | sps   520] ret_mean=57.500 ep_len=500.0 pi_loss=-0.012 v_loss=1.080 ent=3.019 msg_acc=0.000 kl=0.0089
[upd  168 | steps   86016 | t  164.9s | sps   522] ret_mean=0.000 ep_len=500.0 pi_loss=-0.014 v_loss=0.003 ent=3.379 msg_acc=0.000 kl=0.0095
[upd  169 | steps   86528 | t  165.5s | sps   523] ret_mean=0.000 ep_len=500.0 pi_loss=-0.012 v_loss=0.003 ent=3.249 msg_acc=0.000 kl=0.0045
[upd  170 | steps   87040 | t  166.2s | sps   524] ret_mean=0.000 ep_len=500.0 pi_loss=-0.010 v_loss=0.002 ent=3.151 msg_acc=0.000 kl=0.0128
[upd  171 | steps   87552 | t  166.8s | sps   525] ret_mean=0.000 ep_len=500.0 pi_loss=-0.017 v_loss=0.005 ent=3.217 msg_acc=0.000 kl=0.0100
[upd  172 | steps   88064 | t  167.4s | sps   526] ret_mean=0.500 ep_len=500.0 pi_loss=-0.010 v_loss=0.284 ent=3.182 msg_acc=0.000 kl=0.0003
[upd  173 | steps   88576 | t  168.1s | sps   527] ret_mean=42.000 ep_len=500.0 pi_loss=-0.011 v_loss=0.386 ent=3.045 msg_acc=0.000 kl=0.0153
[upd  174 | steps   89088 | t  168.7s | sps   528] ret_mean=0.000 ep_len=500.0 pi_loss=-0.012 v_loss=0.012 ent=3.307 msg_acc=0.000 kl=0.0008
[upd  175 | steps   89600 | t  169.6s | sps   528] ret_mean=1.500 ep_len=500.0 pi_loss=-0.013 v_loss=1.164 ent=3.010 msg_acc=0.000 kl=0.0000
[upd  176 | steps   90112 | t  170.6s | sps   528] ret_mean=63.000 ep_len=500.0 pi_loss=-0.024 v_loss=1.041 ent=2.936 msg_acc=0.000 kl=0.0278
[upd  177 | steps   90624 | t  171.4s | sps   529] ret_mean=16.500 ep_len=500.0 pi_loss=-0.015 v_loss=0.552 ent=3.161 msg_acc=0.000 kl=0.0143
[upd  178 | steps   91136 | t  172.0s | sps   530] ret_mean=13.500 ep_len=500.0 pi_loss=-0.012 v_loss=0.017 ent=2.943 msg_acc=0.000 kl=0.0173
[upd  179 | steps   91648 | t  172.7s | sps   531] ret_mean=0.000 ep_len=500.0 pi_loss=-0.008 v_loss=0.014 ent=2.578 msg_acc=0.000 kl=0.0034
[upd  180 | steps   92160 | t  173.4s | sps   532] ret_mean=0.000 ep_len=500.0 pi_loss=-0.007 v_loss=0.018 ent=2.851 msg_acc=0.000 kl=-0.0031
[upd  181 | steps   92672 | t  174.0s | sps   533] ret_mean=0.000 ep_len=500.0 pi_loss=-0.012 v_loss=3.241 ent=2.505 msg_acc=0.000 kl=0.0026
[upd  182 | steps   93184 | t  174.6s | sps   534] ret_mean=100.500 ep_len=500.0 pi_loss=-0.016 v_loss=2.843 ent=2.405 msg_acc=0.000 kl=0.0067
[upd  183 | steps   93696 | t  175.3s | sps   534] ret_mean=81.500 ep_len=500.0 pi_loss=-0.008 v_loss=0.737 ent=2.828 msg_acc=0.000 kl=0.0172
[upd  184 | steps   94208 | t  176.0s | sps   535] ret_mean=0.000 ep_len=500.0 pi_loss=-0.011 v_loss=0.010 ent=3.029 msg_acc=0.000 kl=0.0149
[upd  185 | steps   94720 | t  176.7s | sps   536] ret_mean=0.000 ep_len=500.0 pi_loss=-0.009 v_loss=0.078 ent=3.162 msg_acc=0.000 kl=0.0028
[upd  186 | steps   95232 | t  177.3s | sps   537] ret_mean=5.000 ep_len=500.0 pi_loss=-0.011 v_loss=2.909 ent=2.425 msg_acc=0.000 kl=0.0156
[upd  187 | steps   95744 | t  177.9s | sps   538] ret_mean=91.500 ep_len=500.0 pi_loss=-0.012 v_loss=0.420 ent=3.095 msg_acc=0.000 kl=0.0043
[upd  188 | steps   96256 | t  178.6s | sps   539] ret_mean=2.500 ep_len=500.0 pi_loss=-0.012 v_loss=0.340 ent=3.169 msg_acc=0.000 kl=0.0088
[upd  189 | steps   96768 | t  179.2s | sps   540] ret_mean=18.000 ep_len=500.0 pi_loss=-0.013 v_loss=2.924 ent=2.546 msg_acc=0.000 kl=0.0107
[upd  190 | steps   97280 | t  179.8s | sps   541] ret_mean=82.500 ep_len=500.0 pi_loss=-0.013 v_loss=0.155 ent=3.115 msg_acc=0.000 kl=0.0087
[upd  191 | steps   97792 | t  180.4s | sps   542] ret_mean=0.000 ep_len=500.0 pi_loss=-0.009 v_loss=1.807 ent=2.930 msg_acc=0.000 kl=0.0018
[upd  192 | steps   98304 | t  181.0s | sps   543] ret_mean=41.000 ep_len=500.0 pi_loss=-0.017 v_loss=0.737 ent=2.804 msg_acc=0.000 kl=0.0054
[upd  193 | steps   98816 | t  182.0s | sps   543] ret_mean=0.000 ep_len=500.0 pi_loss=-0.014 v_loss=0.040 ent=3.070 msg_acc=0.000 kl=0.0118
[upd  194 | steps   99328 | t  182.9s | sps   543] ret_mean=5.500 ep_len=500.0 pi_loss=-0.017 v_loss=0.108 ent=2.980 msg_acc=0.000 kl=0.0009
[upd  195 | steps   99840 | t  183.6s | sps   544] ret_mean=0.000 ep_len=500.0 pi_loss=-0.017 v_loss=0.065 ent=3.002 msg_acc=0.000 kl=0.0087
[upd  196 | steps  100352 | t  184.2s | sps   545] ret_mean=27.500 ep_len=500.0 pi_loss=-0.009 v_loss=0.477 ent=2.940 msg_acc=0.000 kl=0.0027
[upd  197 | steps  100864 | t  184.8s | sps   546] ret_mean=0.000 ep_len=500.0 pi_loss=-0.013 v_loss=0.012 ent=3.328 msg_acc=0.000 kl=0.0072
[upd  198 | steps  101376 | t  185.4s | sps   547] ret_mean=0.000 ep_len=500.0 pi_loss=-0.008 v_loss=0.090 ent=2.768 msg_acc=0.000 kl=0.0016
[upd  199 | steps  101888 | t  186.0s | sps   548] ret_mean=6.000 ep_len=500.0 pi_loss=-0.017 v_loss=0.009 ent=3.312 msg_acc=0.000 kl=0.0093
[upd  200 | steps  102400 | t  186.6s | sps   549] ret_mean=0.000 ep_len=500.0 pi_loss=-0.010 v_loss=0.155 ent=2.653 msg_acc=0.000 kl=0.0094
        [eval] ret_mean=0.000 ep_len=500.0
