$ /Users/praneelkhiantani/Downloads/cs2860/.venv/bin/python3 -m policies.train --env rware-medium-2ag-easy-v2 --seed 2 --updates 200 --rollout 512 --eval-every 50 --eval-episodes 10 --log-dir matrix_results/intent_grounded_v1_pilot/rware-medium-2ag-easy-v2 --run-name mappo-no-comm__dropout-only__d0__s2 --n-msg-tokens 8 --no-comm --dropout --dropout-agent 0 --dropout-time 100 --shape-rewards --pickup-bonus 0.5

[env] EnvSpec(env_id='rware-medium-2ag-easy-v2', n_agents=2, obs_dim=71, n_env_actions=5, noop_action=0, family='rware')  (n_msg_tokens=1)
[cfg] {'clip_range': 0.2, 'value_clip_range': 0.2, 'entropy_coef': 0.01, 'value_coef': 0.5, 'max_grad_norm': 0.5, 'gamma': 0.99, 'gae_lambda': 0.95, 'lr_actor': 0.0003, 'lr_critic': 0.001, 'update_epochs': 4, 'minibatches': 4, 'hidden': 128, 'depth': 2, 'device': 'cpu', 'message_grounding_coef': 0.0, 'extra': {}}
[log] writing to matrix_results/intent_grounded_v1_pilot/rware-medium-2ag-easy-v2/mappo-no-comm__dropout-only__d0__s2
[upd    1 | steps     512 | t    0.8s | sps   623] ret_mean=0.000 ep_len=500.0 pi_loss=-0.003 v_loss=0.145 ent=1.605 msg_acc=0.000 kl=-0.0017
[upd    2 | steps    1024 | t    1.6s | sps   648] ret_mean=0.000 ep_len=500.0 pi_loss=-0.005 v_loss=0.065 ent=1.600 msg_acc=0.000 kl=-0.0030
[upd    3 | steps    1536 | t    2.3s | sps   660] ret_mean=0.000 ep_len=500.0 pi_loss=-0.005 v_loss=0.053 ent=1.559 msg_acc=0.000 kl=0.0208
[upd    4 | steps    2048 | t    3.0s | sps   677] ret_mean=0.000 ep_len=500.0 pi_loss=-0.001 v_loss=0.015 ent=1.586 msg_acc=0.000 kl=0.0021
[upd    5 | steps    2560 | t    5.1s | sps   502] ret_mean=0.000 ep_len=500.0 pi_loss=-0.003 v_loss=0.015 ent=1.568 msg_acc=0.000 kl=0.0012
[upd    6 | steps    3072 | t    6.1s | sps   506] ret_mean=0.000 ep_len=500.0 pi_loss=-0.005 v_loss=0.047 ent=1.483 msg_acc=0.000 kl=0.0152
[upd    7 | steps    3584 | t    6.9s | sps   517] ret_mean=0.000 ep_len=500.0 pi_loss=-0.005 v_loss=0.006 ent=1.545 msg_acc=0.000 kl=0.0045
[upd    8 | steps    4096 | t    7.7s | sps   535] ret_mean=0.000 ep_len=500.0 pi_loss=-0.002 v_loss=0.003 ent=1.558 msg_acc=0.000 kl=0.0048
[upd    9 | steps    4608 | t    8.5s | sps   544] ret_mean=0.000 ep_len=500.0 pi_loss=-0.010 v_loss=0.002 ent=1.568 msg_acc=0.000 kl=0.0079
[upd   10 | steps    5120 | t    9.3s | sps   551] ret_mean=0.000 ep_len=500.0 pi_loss=-0.005 v_loss=0.003 ent=1.463 msg_acc=0.000 kl=0.0108
[upd   11 | steps    5632 | t   10.2s | sps   550] ret_mean=0.000 ep_len=500.0 pi_loss=-0.007 v_loss=0.002 ent=1.345 msg_acc=0.000 kl=0.0035
[upd   12 | steps    6144 | t   11.1s | sps   553] ret_mean=0.000 ep_len=500.0 pi_loss=-0.003 v_loss=0.002 ent=1.438 msg_acc=0.000 kl=0.0028
[upd   13 | steps    6656 | t   11.8s | sps   565] ret_mean=0.000 ep_len=500.0 pi_loss=-0.010 v_loss=0.005 ent=1.375 msg_acc=0.000 kl=0.0174
[upd   14 | steps    7168 | t   12.5s | sps   574] ret_mean=0.000 ep_len=500.0 pi_loss=-0.005 v_loss=0.049 ent=1.424 msg_acc=0.000 kl=0.0019
[upd   15 | steps    7680 | t   13.2s | sps   583] ret_mean=3.000 ep_len=500.0 pi_loss=-0.008 v_loss=0.005 ent=1.396 msg_acc=0.000 kl=-0.0001
[upd   16 | steps    8192 | t   13.9s | sps   590] ret_mean=0.000 ep_len=500.0 pi_loss=-0.009 v_loss=0.002 ent=1.236 msg_acc=0.000 kl=0.0074
[upd   17 | steps    8704 | t   14.6s | sps   597] ret_mean=0.000 ep_len=500.0 pi_loss=-0.006 v_loss=0.039 ent=1.267 msg_acc=0.000 kl=0.0053
[upd   18 | steps    9216 | t   15.5s | sps   593] ret_mean=3.500 ep_len=500.0 pi_loss=-0.000 v_loss=0.002 ent=1.241 msg_acc=0.000 kl=0.0029
[upd   19 | steps    9728 | t   16.4s | sps   592] ret_mean=0.000 ep_len=500.0 pi_loss=-0.001 v_loss=0.004 ent=1.223 msg_acc=0.000 kl=0.0038
[upd   20 | steps   10240 | t   17.3s | sps   592] ret_mean=0.000 ep_len=500.0 pi_loss=-0.004 v_loss=0.009 ent=1.163 msg_acc=0.000 kl=0.0043
[upd   21 | steps   10752 | t   18.3s | sps   589] ret_mean=0.000 ep_len=500.0 pi_loss=-0.003 v_loss=0.004 ent=1.209 msg_acc=0.000 kl=0.0026
[upd   22 | steps   11264 | t   19.4s | sps   580] ret_mean=0.000 ep_len=500.0 pi_loss=-0.007 v_loss=0.004 ent=1.325 msg_acc=0.000 kl=0.0099
[upd   23 | steps   11776 | t   20.6s | sps   573] ret_mean=0.000 ep_len=500.0 pi_loss=-0.005 v_loss=0.003 ent=1.304 msg_acc=0.000 kl=0.0160
[upd   24 | steps   12288 | t   21.5s | sps   572] ret_mean=0.000 ep_len=500.0 pi_loss=-0.011 v_loss=0.629 ent=1.281 msg_acc=0.000 kl=0.0044
[upd   25 | steps   12800 | t   22.3s | sps   575] ret_mean=21.000 ep_len=500.0 pi_loss=-0.004 v_loss=0.013 ent=1.198 msg_acc=0.000 kl=0.0068
[upd   26 | steps   13312 | t   22.9s | sps   580] ret_mean=0.000 ep_len=500.0 pi_loss=-0.001 v_loss=0.110 ent=1.237 msg_acc=0.000 kl=0.0049
[upd   27 | steps   13824 | t   23.7s | sps   584] ret_mean=9.000 ep_len=500.0 pi_loss=-0.001 v_loss=0.038 ent=1.417 msg_acc=0.000 kl=0.0010
[upd   28 | steps   14336 | t   24.4s | sps   588] ret_mean=0.000 ep_len=500.0 pi_loss=-0.002 v_loss=0.001 ent=1.323 msg_acc=0.000 kl=0.0045
[upd   29 | steps   14848 | t   25.4s | sps   585] ret_mean=0.000 ep_len=500.0 pi_loss=-0.004 v_loss=0.006 ent=1.351 msg_acc=0.000 kl=0.0015
[upd   30 | steps   15360 | t   26.2s | sps   587] ret_mean=0.000 ep_len=500.0 pi_loss=-0.005 v_loss=0.049 ent=1.384 msg_acc=0.000 kl=0.0062
[upd   31 | steps   15872 | t   26.9s | sps   590] ret_mean=3.500 ep_len=500.0 pi_loss=-0.010 v_loss=0.001 ent=1.423 msg_acc=0.000 kl=0.0048
[upd   32 | steps   16384 | t   27.6s | sps   593] ret_mean=0.000 ep_len=500.0 pi_loss=-0.007 v_loss=0.001 ent=1.343 msg_acc=0.000 kl=0.0114
[upd   33 | steps   16896 | t   28.4s | sps   594] ret_mean=0.000 ep_len=500.0 pi_loss=-0.004 v_loss=0.003 ent=1.384 msg_acc=0.000 kl=0.0018
[upd   34 | steps   17408 | t   29.2s | sps   595] ret_mean=0.000 ep_len=500.0 pi_loss=-0.001 v_loss=0.001 ent=1.418 msg_acc=0.000 kl=0.0034
[upd   35 | steps   17920 | t   29.9s | sps   598] ret_mean=0.000 ep_len=500.0 pi_loss=-0.008 v_loss=0.000 ent=1.386 msg_acc=0.000 kl=0.0012
[upd   36 | steps   18432 | t   30.8s | sps   599] ret_mean=0.000 ep_len=500.0 pi_loss=-0.011 v_loss=0.002 ent=1.441 msg_acc=0.000 kl=0.0035
[upd   37 | steps   18944 | t   31.5s | sps   601] ret_mean=0.000 ep_len=500.0 pi_loss=-0.007 v_loss=0.002 ent=1.095 msg_acc=0.000 kl=0.0022
[upd   38 | steps   19456 | t   32.2s | sps   604] ret_mean=0.000 ep_len=500.0 pi_loss=-0.002 v_loss=0.001 ent=1.086 msg_acc=0.000 kl=0.0033
[upd   39 | steps   19968 | t   32.9s | sps   607] ret_mean=0.000 ep_len=500.0 pi_loss=-0.007 v_loss=0.001 ent=1.233 msg_acc=0.000 kl=-0.0042
[upd   40 | steps   20480 | t   33.6s | sps   610] ret_mean=0.000 ep_len=500.0 pi_loss=-0.001 v_loss=0.001 ent=0.908 msg_acc=0.000 kl=0.0029
[upd   41 | steps   20992 | t   34.4s | sps   610] ret_mean=0.000 ep_len=500.0 pi_loss=-0.002 v_loss=0.000 ent=0.858 msg_acc=0.000 kl=0.0069
[upd   42 | steps   21504 | t   35.3s | sps   610] ret_mean=0.000 ep_len=500.0 pi_loss=-0.004 v_loss=0.001 ent=1.001 msg_acc=0.000 kl=0.0012
[upd   43 | steps   22016 | t   36.2s | sps   609] ret_mean=0.000 ep_len=500.0 pi_loss=-0.005 v_loss=0.001 ent=1.304 msg_acc=0.000 kl=0.0094
[upd   44 | steps   22528 | t   37.0s | sps   609] ret_mean=0.000 ep_len=500.0 pi_loss=-0.004 v_loss=0.001 ent=1.140 msg_acc=0.000 kl=0.0043
[upd   45 | steps   23040 | t   37.7s | sps   611] ret_mean=0.000 ep_len=500.0 pi_loss=-0.007 v_loss=0.002 ent=1.293 msg_acc=0.000 kl=0.0118
[upd   46 | steps   23552 | t   38.4s | sps   613] ret_mean=0.000 ep_len=500.0 pi_loss=-0.002 v_loss=0.001 ent=1.456 msg_acc=0.000 kl=0.0010
[upd   47 | steps   24064 | t   39.1s | sps   615] ret_mean=0.000 ep_len=500.0 pi_loss=-0.004 v_loss=0.000 ent=1.291 msg_acc=0.000 kl=0.0046
[upd   48 | steps   24576 | t   40.1s | sps   613] ret_mean=0.000 ep_len=500.0 pi_loss=-0.008 v_loss=0.218 ent=1.364 msg_acc=0.000 kl=0.0035
[upd   49 | steps   25088 | t   40.8s | sps   615] ret_mean=13.500 ep_len=500.0 pi_loss=-0.005 v_loss=0.035 ent=1.334 msg_acc=0.000 kl=0.0017
[upd   50 | steps   25600 | t   41.5s | sps   617] ret_mean=0.000 ep_len=500.0 pi_loss=-0.003 v_loss=0.006 ent=1.428 msg_acc=0.000 kl=0.0020
        [eval] ret_mean=0.000 ep_len=500.0
[upd   51 | steps   26112 | t   47.9s | sps   545] ret_mean=0.000 ep_len=500.0 pi_loss=-0.005 v_loss=0.006 ent=1.088 msg_acc=0.000 kl=0.0047
[upd   52 | steps   26624 | t   48.7s | sps   547] ret_mean=0.000 ep_len=500.0 pi_loss=-0.010 v_loss=0.010 ent=0.992 msg_acc=0.000 kl=0.0111
[upd   53 | steps   27136 | t   49.4s | sps   550] ret_mean=0.000 ep_len=500.0 pi_loss=-0.001 v_loss=0.001 ent=1.402 msg_acc=0.000 kl=0.0034
[upd   54 | steps   27648 | t   50.0s | sps   552] ret_mean=0.000 ep_len=500.0 pi_loss=-0.011 v_loss=0.002 ent=1.272 msg_acc=0.000 kl=0.0023
[upd   55 | steps   28160 | t   50.8s | sps   555] ret_mean=0.000 ep_len=500.0 pi_loss=-0.005 v_loss=0.001 ent=1.140 msg_acc=0.000 kl=0.0052
[upd   56 | steps   28672 | t   51.5s | sps   557] ret_mean=0.000 ep_len=500.0 pi_loss=-0.009 v_loss=0.002 ent=1.352 msg_acc=0.000 kl=-0.0011
[upd   57 | steps   29184 | t   52.2s | sps   560] ret_mean=0.000 ep_len=500.0 pi_loss=-0.008 v_loss=0.003 ent=1.301 msg_acc=0.000 kl=0.0026
[upd   58 | steps   29696 | t   52.8s | sps   562] ret_mean=0.000 ep_len=500.0 pi_loss=0.005 v_loss=0.005 ent=1.028 msg_acc=0.000 kl=0.0040
[upd   59 | steps   30208 | t   53.5s | sps   564] ret_mean=0.000 ep_len=500.0 pi_loss=-0.006 v_loss=0.002 ent=1.127 msg_acc=0.000 kl=0.0034
[upd   60 | steps   30720 | t   54.2s | sps   567] ret_mean=0.000 ep_len=500.0 pi_loss=-0.004 v_loss=0.001 ent=1.006 msg_acc=0.000 kl=0.0029
[upd   61 | steps   31232 | t   55.0s | sps   568] ret_mean=0.000 ep_len=500.0 pi_loss=-0.004 v_loss=0.001 ent=1.140 msg_acc=0.000 kl=0.0097
[upd   62 | steps   31744 | t   56.1s | sps   566] ret_mean=0.000 ep_len=500.0 pi_loss=-0.004 v_loss=0.001 ent=1.015 msg_acc=0.000 kl=-0.0002
[upd   63 | steps   32256 | t   56.8s | sps   568] ret_mean=0.000 ep_len=500.0 pi_loss=-0.007 v_loss=0.309 ent=1.239 msg_acc=0.000 kl=0.0087
[upd   64 | steps   32768 | t   58.0s | sps   565] ret_mean=9.500 ep_len=500.0 pi_loss=-0.006 v_loss=0.016 ent=1.152 msg_acc=0.000 kl=0.0049
[upd   65 | steps   33280 | t   58.9s | sps   565] ret_mean=2.000 ep_len=500.0 pi_loss=-0.003 v_loss=0.000 ent=1.157 msg_acc=0.000 kl=-0.0024
[upd   66 | steps   33792 | t   61.3s | sps   552] ret_mean=0.000 ep_len=500.0 pi_loss=-0.005 v_loss=0.001 ent=0.934 msg_acc=0.000 kl=0.0025
[upd   67 | steps   34304 | t   62.5s | sps   549] ret_mean=0.000 ep_len=500.0 pi_loss=-0.006 v_loss=0.000 ent=1.220 msg_acc=0.000 kl=0.0049
[upd   68 | steps   34816 | t   64.2s | sps   542] ret_mean=0.000 ep_len=500.0 pi_loss=-0.004 v_loss=0.000 ent=1.057 msg_acc=0.000 kl=0.0010
[upd   69 | steps   35328 | t   65.0s | sps   544] ret_mean=0.000 ep_len=500.0 pi_loss=-0.008 v_loss=0.001 ent=1.221 msg_acc=0.000 kl=0.0037
[upd   70 | steps   35840 | t   65.9s | sps   544] ret_mean=0.000 ep_len=500.0 pi_loss=-0.006 v_loss=0.001 ent=1.306 msg_acc=0.000 kl=0.0038
[upd   71 | steps   36352 | t   67.1s | sps   542] ret_mean=0.000 ep_len=500.0 pi_loss=-0.007 v_loss=0.000 ent=1.288 msg_acc=0.000 kl=0.0144
[upd   72 | steps   36864 | t   67.8s | sps   544] ret_mean=0.000 ep_len=500.0 pi_loss=-0.008 v_loss=0.016 ent=1.302 msg_acc=0.000 kl=0.0104
[upd   73 | steps   37376 | t   68.5s | sps   546] ret_mean=2.500 ep_len=500.0 pi_loss=-0.006 v_loss=0.000 ent=1.379 msg_acc=0.000 kl=0.0078
[upd   74 | steps   37888 | t   69.1s | sps   548] ret_mean=0.000 ep_len=500.0 pi_loss=-0.004 v_loss=0.000 ent=1.252 msg_acc=0.000 kl=0.0047
[upd   75 | steps   38400 | t   69.8s | sps   550] ret_mean=0.000 ep_len=500.0 pi_loss=-0.004 v_loss=0.001 ent=1.445 msg_acc=0.000 kl=0.0002
[upd   76 | steps   38912 | t   70.5s | sps   552] ret_mean=0.000 ep_len=500.0 pi_loss=-0.006 v_loss=0.000 ent=1.554 msg_acc=0.000 kl=-0.0000
[upd   77 | steps   39424 | t   71.1s | sps   555] ret_mean=0.000 ep_len=500.0 pi_loss=-0.005 v_loss=0.000 ent=1.553 msg_acc=0.000 kl=0.0071
[upd   78 | steps   39936 | t   71.7s | sps   557] ret_mean=0.000 ep_len=500.0 pi_loss=-0.007 v_loss=0.002 ent=1.520 msg_acc=0.000 kl=0.0015
[upd   79 | steps   40448 | t   72.5s | sps   558] ret_mean=0.000 ep_len=500.0 pi_loss=-0.007 v_loss=0.001 ent=1.352 msg_acc=0.000 kl=0.0106
[upd   80 | steps   40960 | t   73.5s | sps   558] ret_mean=0.000 ep_len=500.0 pi_loss=-0.005 v_loss=0.001 ent=1.146 msg_acc=0.000 kl=0.0047
[upd   81 | steps   41472 | t   74.5s | sps   557] ret_mean=0.000 ep_len=500.0 pi_loss=-0.011 v_loss=0.001 ent=1.452 msg_acc=0.000 kl=0.0038
[upd   82 | steps   41984 | t   76.0s | sps   552] ret_mean=0.000 ep_len=500.0 pi_loss=-0.008 v_loss=0.000 ent=1.087 msg_acc=0.000 kl=0.0036
[upd   83 | steps   42496 | t   77.6s | sps   548] ret_mean=0.000 ep_len=500.0 pi_loss=-0.004 v_loss=0.000 ent=1.260 msg_acc=0.000 kl=0.0135
[upd   84 | steps   43008 | t   79.2s | sps   543] ret_mean=0.000 ep_len=500.0 pi_loss=-0.002 v_loss=0.551 ent=1.114 msg_acc=0.000 kl=0.0008
[upd   85 | steps   43520 | t   80.8s | sps   539] ret_mean=16.500 ep_len=500.0 pi_loss=-0.003 v_loss=0.001 ent=1.342 msg_acc=0.000 kl=0.0066
[upd   86 | steps   44032 | t   82.4s | sps   534] ret_mean=0.000 ep_len=500.0 pi_loss=-0.007 v_loss=0.000 ent=1.291 msg_acc=0.000 kl=0.0134
[upd   87 | steps   44544 | t   84.0s | sps   530] ret_mean=0.000 ep_len=500.0 pi_loss=-0.007 v_loss=0.001 ent=1.511 msg_acc=0.000 kl=0.0065
[upd   88 | steps   45056 | t   85.7s | sps   526] ret_mean=0.000 ep_len=500.0 pi_loss=-0.008 v_loss=0.000 ent=1.394 msg_acc=0.000 kl=0.0099
[upd   89 | steps   45568 | t   87.9s | sps   519] ret_mean=0.000 ep_len=500.0 pi_loss=-0.011 v_loss=0.001 ent=1.452 msg_acc=0.000 kl=0.0089
[upd   90 | steps   46080 | t   89.5s | sps   515] ret_mean=0.000 ep_len=500.0 pi_loss=-0.001 v_loss=0.001 ent=1.290 msg_acc=0.000 kl=0.0013
[upd   91 | steps   46592 | t   91.3s | sps   510] ret_mean=0.000 ep_len=500.0 pi_loss=-0.004 v_loss=0.000 ent=0.821 msg_acc=0.000 kl=0.0112
[upd   92 | steps   47104 | t   93.1s | sps   506] ret_mean=0.000 ep_len=500.0 pi_loss=0.000 v_loss=0.000 ent=0.668 msg_acc=0.000 kl=0.0018
[upd   93 | steps   47616 | t   94.6s | sps   503] ret_mean=0.000 ep_len=500.0 pi_loss=-0.006 v_loss=0.000 ent=1.391 msg_acc=0.000 kl=0.0064
[upd   94 | steps   48128 | t   96.1s | sps   501] ret_mean=0.000 ep_len=500.0 pi_loss=-0.009 v_loss=0.000 ent=1.010 msg_acc=0.000 kl=0.0140
[upd   95 | steps   48640 | t   97.6s | sps   498] ret_mean=0.000 ep_len=500.0 pi_loss=-0.011 v_loss=0.000 ent=1.186 msg_acc=0.000 kl=-0.0014
[upd   96 | steps   49152 | t   99.1s | sps   496] ret_mean=10.500 ep_len=500.0 pi_loss=-0.004 v_loss=0.434 ent=0.530 msg_acc=0.000 kl=0.0028
[upd   97 | steps   49664 | t  101.2s | sps   491] ret_mean=0.000 ep_len=500.0 pi_loss=-0.001 v_loss=0.001 ent=0.681 msg_acc=0.000 kl=0.0035
[upd   98 | steps   50176 | t  103.6s | sps   484] ret_mean=0.000 ep_len=500.0 pi_loss=-0.003 v_loss=0.002 ent=0.466 msg_acc=0.000 kl=0.0015
[upd   99 | steps   50688 | t  105.1s | sps   482] ret_mean=0.000 ep_len=500.0 pi_loss=-0.004 v_loss=0.001 ent=1.415 msg_acc=0.000 kl=0.0022
[upd  100 | steps   51200 | t  106.5s | sps   481] ret_mean=0.000 ep_len=500.0 pi_loss=-0.008 v_loss=0.000 ent=1.250 msg_acc=0.000 kl=0.0042
        [eval] ret_mean=0.000 ep_len=500.0
[upd  101 | steps   51712 | t  121.0s | sps   427] ret_mean=0.000 ep_len=500.0 pi_loss=-0.005 v_loss=0.004 ent=1.311 msg_acc=0.000 kl=0.0023
[upd  102 | steps   52224 | t  121.6s | sps   429] ret_mean=0.000 ep_len=500.0 pi_loss=-0.007 v_loss=0.002 ent=1.153 msg_acc=0.000 kl=0.0009
[upd  103 | steps   52736 | t  122.5s | sps   430] ret_mean=0.000 ep_len=500.0 pi_loss=-0.011 v_loss=0.002 ent=1.312 msg_acc=0.000 kl=0.0035
[upd  104 | steps   53248 | t  124.5s | sps   428] ret_mean=0.000 ep_len=500.0 pi_loss=-0.004 v_loss=0.000 ent=0.425 msg_acc=0.000 kl=0.0034
[upd  105 | steps   53760 | t  125.5s | sps   428] ret_mean=0.000 ep_len=500.0 pi_loss=-0.004 v_loss=0.000 ent=0.732 msg_acc=0.000 kl=0.0130
[upd  106 | steps   54272 | t  126.3s | sps   430] ret_mean=0.000 ep_len=500.0 pi_loss=-0.005 v_loss=0.001 ent=1.431 msg_acc=0.000 kl=0.0050
[upd  107 | steps   54784 | t  127.1s | sps   431] ret_mean=0.000 ep_len=500.0 pi_loss=-0.005 v_loss=0.000 ent=1.295 msg_acc=0.000 kl=0.0041
[upd  108 | steps   55296 | t  127.8s | sps   433] ret_mean=0.000 ep_len=500.0 pi_loss=-0.003 v_loss=0.000 ent=1.065 msg_acc=0.000 kl=0.0026
[upd  109 | steps   55808 | t  128.6s | sps   434] ret_mean=0.000 ep_len=500.0 pi_loss=-0.014 v_loss=0.000 ent=1.244 msg_acc=0.000 kl=-0.0008
[upd  110 | steps   56320 | t  129.3s | sps   435] ret_mean=0.000 ep_len=500.0 pi_loss=-0.011 v_loss=0.000 ent=0.627 msg_acc=0.000 kl=0.0043
[upd  111 | steps   56832 | t  130.1s | sps   437] ret_mean=0.000 ep_len=500.0 pi_loss=-0.002 v_loss=0.000 ent=1.393 msg_acc=0.000 kl=0.0003
[upd  112 | steps   57344 | t  130.8s | sps   438] ret_mean=0.000 ep_len=500.0 pi_loss=0.000 v_loss=0.000 ent=0.472 msg_acc=0.000 kl=0.0036
[upd  113 | steps   57856 | t  131.5s | sps   440] ret_mean=0.000 ep_len=500.0 pi_loss=-0.004 v_loss=0.000 ent=0.569 msg_acc=0.000 kl=0.0017
[upd  114 | steps   58368 | t  132.2s | sps   442] ret_mean=0.000 ep_len=500.0 pi_loss=-0.001 v_loss=0.000 ent=1.504 msg_acc=0.000 kl=0.0004
[upd  115 | steps   58880 | t  132.9s | sps   443] ret_mean=0.000 ep_len=500.0 pi_loss=-0.005 v_loss=0.000 ent=0.923 msg_acc=0.000 kl=0.0043
[upd  116 | steps   59392 | t  134.2s | sps   443] ret_mean=0.000 ep_len=500.0 pi_loss=-0.002 v_loss=0.000 ent=0.954 msg_acc=0.000 kl=-0.0006
[upd  117 | steps   59904 | t  135.3s | sps   443] ret_mean=0.000 ep_len=500.0 pi_loss=-0.002 v_loss=0.001 ent=0.304 msg_acc=0.000 kl=0.0034
[upd  118 | steps   60416 | t  136.5s | sps   443] ret_mean=0.000 ep_len=500.0 pi_loss=-0.013 v_loss=0.000 ent=0.738 msg_acc=0.000 kl=0.0153
[upd  119 | steps   60928 | t  137.2s | sps   444] ret_mean=0.000 ep_len=500.0 pi_loss=-0.010 v_loss=0.000 ent=1.140 msg_acc=0.000 kl=0.0026
[upd  120 | steps   61440 | t  138.2s | sps   445] ret_mean=0.000 ep_len=500.0 pi_loss=-0.004 v_loss=0.000 ent=1.524 msg_acc=0.000 kl=0.0014
[upd  121 | steps   61952 | t  138.9s | sps   446] ret_mean=0.000 ep_len=500.0 pi_loss=-0.005 v_loss=0.000 ent=1.496 msg_acc=0.000 kl=0.0012
[upd  122 | steps   62464 | t  139.6s | sps   447] ret_mean=0.000 ep_len=500.0 pi_loss=-0.006 v_loss=0.000 ent=1.321 msg_acc=0.000 kl=0.0046
[upd  123 | steps   62976 | t  140.3s | sps   449] ret_mean=0.000 ep_len=500.0 pi_loss=-0.008 v_loss=0.000 ent=1.307 msg_acc=0.000 kl=0.0055
[upd  124 | steps   63488 | t  141.0s | sps   450] ret_mean=0.000 ep_len=500.0 pi_loss=-0.006 v_loss=0.000 ent=1.081 msg_acc=0.000 kl=0.0080
[upd  125 | steps   64000 | t  141.7s | sps   452] ret_mean=0.000 ep_len=500.0 pi_loss=-0.005 v_loss=0.000 ent=0.911 msg_acc=0.000 kl=0.0009
[upd  126 | steps   64512 | t  142.5s | sps   453] ret_mean=0.000 ep_len=500.0 pi_loss=-0.002 v_loss=0.000 ent=0.654 msg_acc=0.000 kl=-0.0002
[upd  127 | steps   65024 | t  143.3s | sps   454] ret_mean=0.000 ep_len=500.0 pi_loss=-0.007 v_loss=0.000 ent=1.229 msg_acc=0.000 kl=0.0113
[upd  128 | steps   65536 | t  144.1s | sps   455] ret_mean=0.000 ep_len=500.0 pi_loss=-0.003 v_loss=0.002 ent=1.374 msg_acc=0.000 kl=0.0040
[upd  129 | steps   66048 | t  144.8s | sps   456] ret_mean=0.500 ep_len=500.0 pi_loss=-0.001 v_loss=0.000 ent=1.071 msg_acc=0.000 kl=0.0024
[upd  130 | steps   66560 | t  145.5s | sps   458] ret_mean=0.000 ep_len=500.0 pi_loss=-0.006 v_loss=0.000 ent=0.412 msg_acc=0.000 kl=0.0052
[upd  131 | steps   67072 | t  146.2s | sps   459] ret_mean=0.000 ep_len=500.0 pi_loss=-0.003 v_loss=0.000 ent=0.521 msg_acc=0.000 kl=0.0018
[upd  132 | steps   67584 | t  146.9s | sps   460] ret_mean=0.000 ep_len=500.0 pi_loss=-0.009 v_loss=0.000 ent=0.840 msg_acc=0.000 kl=0.0119
[upd  133 | steps   68096 | t  147.6s | sps   461] ret_mean=0.000 ep_len=500.0 pi_loss=-0.002 v_loss=0.000 ent=0.404 msg_acc=0.000 kl=0.0034
[upd  134 | steps   68608 | t  148.3s | sps   463] ret_mean=0.000 ep_len=500.0 pi_loss=-0.007 v_loss=0.000 ent=0.434 msg_acc=0.000 kl=-0.0016
[upd  135 | steps   69120 | t  149.0s | sps   464] ret_mean=0.000 ep_len=500.0 pi_loss=-0.005 v_loss=0.000 ent=0.725 msg_acc=0.000 kl=0.0019
[upd  136 | steps   69632 | t  149.9s | sps   465] ret_mean=0.000 ep_len=500.0 pi_loss=-0.008 v_loss=0.000 ent=0.361 msg_acc=0.000 kl=0.0065
[upd  137 | steps   70144 | t  150.7s | sps   465] ret_mean=0.000 ep_len=500.0 pi_loss=-0.007 v_loss=0.000 ent=1.148 msg_acc=0.000 kl=0.0146
[upd  138 | steps   70656 | t  151.4s | sps   467] ret_mean=0.000 ep_len=500.0 pi_loss=-0.004 v_loss=0.112 ent=1.072 msg_acc=0.000 kl=-0.0009
[upd  139 | steps   71168 | t  152.1s | sps   468] ret_mean=5.500 ep_len=500.0 pi_loss=-0.010 v_loss=0.002 ent=1.178 msg_acc=0.000 kl=0.0096
[upd  140 | steps   71680 | t  152.8s | sps   469] ret_mean=0.000 ep_len=500.0 pi_loss=-0.003 v_loss=0.001 ent=1.352 msg_acc=0.000 kl=0.0105
[upd  141 | steps   72192 | t  153.6s | sps   470] ret_mean=0.000 ep_len=500.0 pi_loss=-0.006 v_loss=0.001 ent=0.986 msg_acc=0.000 kl=0.0012
[upd  142 | steps   72704 | t  154.7s | sps   470] ret_mean=0.000 ep_len=500.0 pi_loss=-0.003 v_loss=0.000 ent=1.415 msg_acc=0.000 kl=0.0112
[upd  143 | steps   73216 | t  155.6s | sps   471] ret_mean=0.000 ep_len=500.0 pi_loss=-0.011 v_loss=0.005 ent=1.251 msg_acc=0.000 kl=0.0045
[upd  144 | steps   73728 | t  156.4s | sps   472] ret_mean=0.000 ep_len=500.0 pi_loss=-0.007 v_loss=0.003 ent=0.710 msg_acc=0.000 kl=0.0033
[upd  145 | steps   74240 | t  157.1s | sps   473] ret_mean=0.000 ep_len=500.0 pi_loss=-0.011 v_loss=0.002 ent=0.478 msg_acc=0.000 kl=0.0067
[upd  146 | steps   74752 | t  157.8s | sps   474] ret_mean=0.000 ep_len=500.0 pi_loss=-0.003 v_loss=0.001 ent=1.301 msg_acc=0.000 kl=0.0011
[upd  147 | steps   75264 | t  158.7s | sps   474] ret_mean=0.000 ep_len=500.0 pi_loss=-0.006 v_loss=0.001 ent=1.255 msg_acc=0.000 kl=0.0032
[upd  148 | steps   75776 | t  159.4s | sps   475] ret_mean=0.000 ep_len=500.0 pi_loss=-0.007 v_loss=0.000 ent=1.177 msg_acc=0.000 kl=0.0036
[upd  149 | steps   76288 | t  160.1s | sps   476] ret_mean=0.000 ep_len=500.0 pi_loss=-0.009 v_loss=0.000 ent=1.390 msg_acc=0.000 kl=0.0069
[upd  150 | steps   76800 | t  160.8s | sps   478] ret_mean=0.000 ep_len=500.0 pi_loss=-0.004 v_loss=0.000 ent=1.464 msg_acc=0.000 kl=0.0012
        [eval] ret_mean=0.000 ep_len=500.0
[upd  151 | steps   77312 | t  167.2s | sps   462] ret_mean=0.000 ep_len=500.0 pi_loss=-0.006 v_loss=0.001 ent=1.471 msg_acc=0.000 kl=0.0020
[upd  152 | steps   77824 | t  167.9s | sps   463] ret_mean=0.000 ep_len=500.0 pi_loss=-0.006 v_loss=0.000 ent=1.360 msg_acc=0.000 kl=0.0039
[upd  153 | steps   78336 | t  168.6s | sps   465] ret_mean=0.000 ep_len=500.0 pi_loss=-0.005 v_loss=0.001 ent=1.254 msg_acc=0.000 kl=0.0026
[upd  154 | steps   78848 | t  169.3s | sps   466] ret_mean=0.000 ep_len=500.0 pi_loss=-0.012 v_loss=0.000 ent=1.429 msg_acc=0.000 kl=0.0061
[upd  155 | steps   79360 | t  170.0s | sps   467] ret_mean=0.000 ep_len=500.0 pi_loss=-0.011 v_loss=0.000 ent=1.498 msg_acc=0.000 kl=0.0096
[upd  156 | steps   79872 | t  170.8s | sps   468] ret_mean=0.000 ep_len=500.0 pi_loss=-0.005 v_loss=0.000 ent=1.365 msg_acc=0.000 kl=0.0061
[upd  157 | steps   80384 | t  171.5s | sps   469] ret_mean=0.000 ep_len=500.0 pi_loss=-0.005 v_loss=0.001 ent=1.180 msg_acc=0.000 kl=0.0061
[upd  158 | steps   80896 | t  172.4s | sps   469] ret_mean=13.000 ep_len=500.0 pi_loss=-0.004 v_loss=0.324 ent=1.252 msg_acc=0.000 kl=0.0064
[upd  159 | steps   81408 | t  173.2s | sps   470] ret_mean=0.000 ep_len=500.0 pi_loss=-0.007 v_loss=0.007 ent=1.159 msg_acc=0.000 kl=0.0067
[upd  160 | steps   81920 | t  173.9s | sps   471] ret_mean=0.500 ep_len=500.0 pi_loss=-0.005 v_loss=0.001 ent=1.470 msg_acc=0.000 kl=0.0032
[upd  161 | steps   82432 | t  174.6s | sps   472] ret_mean=0.000 ep_len=500.0 pi_loss=-0.003 v_loss=0.001 ent=1.325 msg_acc=0.000 kl=0.0072
[upd  162 | steps   82944 | t  175.3s | sps   473] ret_mean=0.000 ep_len=500.0 pi_loss=-0.004 v_loss=0.001 ent=1.411 msg_acc=0.000 kl=0.0053
[upd  163 | steps   83456 | t  176.0s | sps   474] ret_mean=0.000 ep_len=500.0 pi_loss=-0.007 v_loss=0.000 ent=1.354 msg_acc=0.000 kl=0.0017
[upd  164 | steps   83968 | t  176.7s | sps   475] ret_mean=0.000 ep_len=500.0 pi_loss=-0.007 v_loss=0.047 ent=1.418 msg_acc=0.000 kl=-0.0021
[upd  165 | steps   84480 | t  177.5s | sps   476] ret_mean=5.000 ep_len=500.0 pi_loss=-0.004 v_loss=0.002 ent=1.156 msg_acc=0.000 kl=0.0102
[upd  166 | steps   84992 | t  178.1s | sps   477] ret_mean=0.000 ep_len=500.0 pi_loss=-0.006 v_loss=0.001 ent=0.743 msg_acc=0.000 kl=0.0065
[upd  167 | steps   85504 | t  178.8s | sps   478] ret_mean=0.000 ep_len=500.0 pi_loss=-0.004 v_loss=0.000 ent=1.128 msg_acc=0.000 kl=0.0089
[upd  168 | steps   86016 | t  179.5s | sps   479] ret_mean=0.000 ep_len=500.0 pi_loss=-0.010 v_loss=0.000 ent=1.455 msg_acc=0.000 kl=-0.0003
[upd  169 | steps   86528 | t  180.3s | sps   480] ret_mean=0.000 ep_len=500.0 pi_loss=-0.005 v_loss=0.000 ent=1.410 msg_acc=0.000 kl=0.0129
[upd  170 | steps   87040 | t  181.1s | sps   481] ret_mean=0.000 ep_len=500.0 pi_loss=-0.007 v_loss=0.000 ent=1.457 msg_acc=0.000 kl=-0.0012
[upd  171 | steps   87552 | t  181.8s | sps   482] ret_mean=0.000 ep_len=500.0 pi_loss=-0.009 v_loss=0.000 ent=1.479 msg_acc=0.000 kl=0.0110
[upd  172 | steps   88064 | t  182.5s | sps   483] ret_mean=0.000 ep_len=500.0 pi_loss=-0.002 v_loss=0.001 ent=1.471 msg_acc=0.000 kl=0.0023
[upd  173 | steps   88576 | t  183.2s | sps   484] ret_mean=0.000 ep_len=500.0 pi_loss=-0.009 v_loss=0.000 ent=1.342 msg_acc=0.000 kl=0.0076
[upd  174 | steps   89088 | t  183.9s | sps   484] ret_mean=0.000 ep_len=500.0 pi_loss=-0.004 v_loss=0.000 ent=1.367 msg_acc=0.000 kl=0.0055
[upd  175 | steps   89600 | t  184.7s | sps   485] ret_mean=0.000 ep_len=500.0 pi_loss=-0.004 v_loss=0.000 ent=1.416 msg_acc=0.000 kl=0.0038
[upd  176 | steps   90112 | t  185.7s | sps   485] ret_mean=0.000 ep_len=500.0 pi_loss=-0.011 v_loss=0.000 ent=1.355 msg_acc=0.000 kl=0.0095
[upd  177 | steps   90624 | t  186.5s | sps   486] ret_mean=0.000 ep_len=500.0 pi_loss=-0.003 v_loss=0.000 ent=1.163 msg_acc=0.000 kl=0.0018
[upd  178 | steps   91136 | t  187.2s | sps   487] ret_mean=0.000 ep_len=500.0 pi_loss=-0.006 v_loss=0.000 ent=1.124 msg_acc=0.000 kl=0.0053
[upd  179 | steps   91648 | t  187.9s | sps   488] ret_mean=0.000 ep_len=500.0 pi_loss=-0.010 v_loss=0.000 ent=1.248 msg_acc=0.000 kl=0.0097
[upd  180 | steps   92160 | t  188.6s | sps   489] ret_mean=0.500 ep_len=500.0 pi_loss=-0.007 v_loss=0.067 ent=1.307 msg_acc=0.000 kl=-0.0060
[upd  181 | steps   92672 | t  189.3s | sps   490] ret_mean=4.000 ep_len=500.0 pi_loss=-0.002 v_loss=0.001 ent=1.326 msg_acc=0.000 kl=0.0004
[upd  182 | steps   93184 | t  190.0s | sps   490] ret_mean=0.000 ep_len=500.0 pi_loss=-0.008 v_loss=0.000 ent=1.524 msg_acc=0.000 kl=0.0028
[upd  183 | steps   93696 | t  190.7s | sps   491] ret_mean=0.000 ep_len=500.0 pi_loss=-0.008 v_loss=0.000 ent=1.503 msg_acc=0.000 kl=0.0064
[upd  184 | steps   94208 | t  191.5s | sps   492] ret_mean=0.000 ep_len=500.0 pi_loss=-0.002 v_loss=0.000 ent=1.407 msg_acc=0.000 kl=-0.0010
[upd  185 | steps   94720 | t  192.1s | sps   493] ret_mean=0.000 ep_len=500.0 pi_loss=-0.002 v_loss=0.000 ent=1.344 msg_acc=0.000 kl=-0.0007
[upd  186 | steps   95232 | t  192.9s | sps   494] ret_mean=0.000 ep_len=500.0 pi_loss=-0.003 v_loss=0.000 ent=1.331 msg_acc=0.000 kl=-0.0007
[upd  187 | steps   95744 | t  193.6s | sps   495] ret_mean=0.000 ep_len=500.0 pi_loss=-0.005 v_loss=0.000 ent=1.466 msg_acc=0.000 kl=0.0023
[upd  188 | steps   96256 | t  194.3s | sps   495] ret_mean=0.000 ep_len=500.0 pi_loss=-0.005 v_loss=0.000 ent=1.468 msg_acc=0.000 kl=0.0015
[upd  189 | steps   96768 | t  195.0s | sps   496] ret_mean=0.000 ep_len=500.0 pi_loss=-0.008 v_loss=0.000 ent=1.454 msg_acc=0.000 kl=0.0051
[upd  190 | steps   97280 | t  195.7s | sps   497] ret_mean=0.000 ep_len=500.0 pi_loss=-0.006 v_loss=0.000 ent=1.431 msg_acc=0.000 kl=-0.0019
[upd  191 | steps   97792 | t  196.5s | sps   498] ret_mean=0.000 ep_len=500.0 pi_loss=-0.008 v_loss=0.000 ent=1.329 msg_acc=0.000 kl=0.0138
[upd  192 | steps   98304 | t  197.3s | sps   498] ret_mean=0.000 ep_len=500.0 pi_loss=-0.005 v_loss=0.000 ent=1.462 msg_acc=0.000 kl=-0.0004
[upd  193 | steps   98816 | t  198.0s | sps   499] ret_mean=0.000 ep_len=500.0 pi_loss=-0.009 v_loss=0.000 ent=1.252 msg_acc=0.000 kl=0.0025
[upd  194 | steps   99328 | t  198.7s | sps   500] ret_mean=0.500 ep_len=500.0 pi_loss=-0.007 v_loss=0.002 ent=1.360 msg_acc=0.000 kl=0.0090
[upd  195 | steps   99840 | t  199.5s | sps   501] ret_mean=2.500 ep_len=500.0 pi_loss=-0.013 v_loss=0.013 ent=1.501 msg_acc=0.000 kl=0.0034
[upd  196 | steps  100352 | t  200.2s | sps   501] ret_mean=0.500 ep_len=500.0 pi_loss=-0.010 v_loss=0.002 ent=1.523 msg_acc=0.000 kl=0.0195
[upd  197 | steps  100864 | t  200.9s | sps   502] ret_mean=0.000 ep_len=500.0 pi_loss=-0.007 v_loss=0.000 ent=1.388 msg_acc=0.000 kl=0.0113
[upd  198 | steps  101376 | t  201.6s | sps   503] ret_mean=0.000 ep_len=500.0 pi_loss=-0.002 v_loss=0.000 ent=1.415 msg_acc=0.000 kl=0.0034
[upd  199 | steps  101888 | t  202.3s | sps   504] ret_mean=0.000 ep_len=500.0 pi_loss=-0.009 v_loss=0.000 ent=1.447 msg_acc=0.000 kl=0.0040
[upd  200 | steps  102400 | t  203.2s | sps   504] ret_mean=0.000 ep_len=500.0 pi_loss=-0.005 v_loss=0.000 ent=1.431 msg_acc=0.000 kl=0.0003
        [eval] ret_mean=0.000 ep_len=500.0
