$ /Users/samchen/Coding/CLASSES/CS2860/.venv/bin/python3 -m policies.train --env rware-tiny-4ag-v2 --seed 2 --updates 100 --rollout 256 --eval-every 10 --eval-episodes 3 --log-dir runs/exp_matrix --run-name mappo-no-comm__dropout-only__d0__s2 --n-msg-tokens 8 --no-comm --dropout --dropout-agent 0 --dropout-time 100

[env] EnvSpec(env_id='rware-tiny-4ag-v2', n_agents=4, obs_dim=71, n_env_actions=5, noop_action=0, family='rware')  (n_msg_tokens=1)
[cfg] {'clip_range': 0.2, 'value_clip_range': 0.2, 'entropy_coef': 0.01, 'value_coef': 0.5, 'max_grad_norm': 0.5, 'gamma': 0.99, 'gae_lambda': 0.95, 'lr_actor': 0.0003, 'lr_critic': 0.001, 'update_epochs': 4, 'minibatches': 4, 'hidden': 128, 'depth': 2, 'device': 'cpu', 'extra': {}}
[log] writing to runs/exp_matrix/mappo-no-comm__dropout-only__d0__s2
[upd    1 | steps     256 | t    0.1s | sps  1836] ret_mean=0.000 ep_len=0.0 pi_loss=-0.011 v_loss=0.070 ent=1.607 kl=0.0135
[upd    2 | steps     512 | t    0.3s | sps  1967] ret_mean=1.000 ep_len=500.0 pi_loss=-0.007 v_loss=0.018 ent=1.606 kl=0.0012
[upd    3 | steps     768 | t    0.4s | sps  2019] ret_mean=0.000 ep_len=0.0 pi_loss=-0.014 v_loss=0.005 ent=1.595 kl=0.0120
[upd    4 | steps    1024 | t    0.5s | sps  2003] ret_mean=2.000 ep_len=500.0 pi_loss=-0.008 v_loss=0.054 ent=1.594 kl=-0.0004
[upd    5 | steps    1280 | t    0.7s | sps  1896] ret_mean=0.000 ep_len=0.0 pi_loss=-0.011 v_loss=0.008 ent=1.588 kl=0.0097
[upd    6 | steps    1536 | t    0.8s | sps  1896] ret_mean=0.000 ep_len=500.0 pi_loss=-0.006 v_loss=0.008 ent=1.585 kl=-0.0012
[upd    7 | steps    1792 | t    0.9s | sps  1921] ret_mean=0.000 ep_len=0.0 pi_loss=-0.016 v_loss=0.008 ent=1.591 kl=-0.0011
[upd    8 | steps    2048 | t    1.1s | sps  1946] ret_mean=0.000 ep_len=500.0 pi_loss=-0.012 v_loss=0.004 ent=1.576 kl=-0.0051
[upd    9 | steps    2304 | t    1.2s | sps  1967] ret_mean=0.000 ep_len=0.0 pi_loss=-0.013 v_loss=0.003 ent=1.569 kl=-0.0048
[upd   10 | steps    2560 | t    1.3s | sps  1990] ret_mean=0.000 ep_len=500.0 pi_loss=-0.006 v_loss=0.005 ent=1.563 kl=-0.0009
        [eval] ret_mean=0.000 ep_len=500.0
[upd   11 | steps    2816 | t    1.8s | sps  1526] ret_mean=0.000 ep_len=0.0 pi_loss=-0.008 v_loss=0.003 ent=1.548 kl=0.0094
[upd   12 | steps    3072 | t    2.0s | sps  1560] ret_mean=0.000 ep_len=500.0 pi_loss=-0.015 v_loss=0.002 ent=1.578 kl=0.0095
[upd   13 | steps    3328 | t    2.1s | sps  1593] ret_mean=0.000 ep_len=0.0 pi_loss=-0.009 v_loss=0.014 ent=1.578 kl=0.0060
[upd   14 | steps    3584 | t    2.2s | sps  1623] ret_mean=1.000 ep_len=500.0 pi_loss=-0.010 v_loss=0.004 ent=1.570 kl=0.0178
[upd   15 | steps    3840 | t    2.3s | sps  1650] ret_mean=0.000 ep_len=0.0 pi_loss=-0.015 v_loss=0.002 ent=1.558 kl=0.0014
[upd   16 | steps    4096 | t    2.4s | sps  1675] ret_mean=0.000 ep_len=500.0 pi_loss=-0.007 v_loss=0.002 ent=1.551 kl=-0.0008
[upd   17 | steps    4352 | t    2.6s | sps  1699] ret_mean=0.000 ep_len=0.0 pi_loss=-0.013 v_loss=0.002 ent=1.562 kl=0.0146
[upd   18 | steps    4608 | t    2.7s | sps  1724] ret_mean=0.000 ep_len=500.0 pi_loss=-0.012 v_loss=0.003 ent=1.577 kl=0.0052
[upd   19 | steps    4864 | t    2.8s | sps  1746] ret_mean=0.000 ep_len=0.0 pi_loss=-0.009 v_loss=0.002 ent=1.582 kl=0.0033
[upd   20 | steps    5120 | t    2.9s | sps  1765] ret_mean=0.000 ep_len=500.0 pi_loss=-0.017 v_loss=0.001 ent=1.546 kl=0.0183
        [eval] ret_mean=0.000 ep_len=500.0
[upd   21 | steps    5376 | t    3.4s | sps  1565] ret_mean=0.000 ep_len=0.0 pi_loss=-0.007 v_loss=0.002 ent=1.554 kl=0.0058
[upd   22 | steps    5632 | t    3.5s | sps  1588] ret_mean=0.000 ep_len=500.0 pi_loss=-0.016 v_loss=0.001 ent=1.543 kl=0.0110
[upd   23 | steps    5888 | t    3.7s | sps  1608] ret_mean=0.000 ep_len=0.0 pi_loss=-0.013 v_loss=0.001 ent=1.533 kl=0.0033
[upd   24 | steps    6144 | t    3.8s | sps  1623] ret_mean=0.000 ep_len=500.0 pi_loss=-0.016 v_loss=0.001 ent=1.529 kl=0.0032
[upd   25 | steps    6400 | t    3.9s | sps  1638] ret_mean=0.000 ep_len=0.0 pi_loss=-0.012 v_loss=0.001 ent=1.509 kl=0.0136
[upd   26 | steps    6656 | t    4.0s | sps  1652] ret_mean=0.000 ep_len=500.0 pi_loss=-0.012 v_loss=0.001 ent=1.507 kl=0.0098
[upd   27 | steps    6912 | t    4.1s | sps  1667] ret_mean=0.000 ep_len=0.0 pi_loss=-0.009 v_loss=0.001 ent=1.471 kl=0.0031
[upd   28 | steps    7168 | t    4.3s | sps  1680] ret_mean=0.000 ep_len=500.0 pi_loss=-0.008 v_loss=0.001 ent=1.479 kl=0.0024
[upd   29 | steps    7424 | t    4.4s | sps  1692] ret_mean=0.000 ep_len=0.0 pi_loss=-0.008 v_loss=0.001 ent=1.437 kl=0.0043
[upd   30 | steps    7680 | t    4.5s | sps  1702] ret_mean=0.000 ep_len=500.0 pi_loss=-0.010 v_loss=0.001 ent=1.466 kl=0.0149
        [eval] ret_mean=0.000 ep_len=500.0
[upd   31 | steps    7936 | t    5.0s | sps  1578] ret_mean=0.000 ep_len=0.0 pi_loss=-0.019 v_loss=0.001 ent=1.473 kl=0.0107
[upd   32 | steps    8192 | t    5.1s | sps  1592] ret_mean=0.000 ep_len=500.0 pi_loss=-0.007 v_loss=0.001 ent=1.472 kl=-0.0003
[upd   33 | steps    8448 | t    5.3s | sps  1604] ret_mean=0.000 ep_len=0.0 pi_loss=-0.005 v_loss=0.001 ent=1.472 kl=0.0050
[upd   34 | steps    8704 | t    5.4s | sps  1616] ret_mean=0.000 ep_len=500.0 pi_loss=-0.010 v_loss=0.001 ent=1.492 kl=0.0102
[upd   35 | steps    8960 | t    5.5s | sps  1628] ret_mean=0.000 ep_len=0.0 pi_loss=-0.013 v_loss=0.001 ent=1.517 kl=0.0073
[upd   36 | steps    9216 | t    5.6s | sps  1639] ret_mean=0.000 ep_len=500.0 pi_loss=-0.006 v_loss=0.000 ent=1.511 kl=-0.0060
[upd   37 | steps    9472 | t    5.7s | sps  1649] ret_mean=0.000 ep_len=0.0 pi_loss=-0.003 v_loss=0.000 ent=1.516 kl=0.0035
[upd   38 | steps    9728 | t    5.9s | sps  1659] ret_mean=0.000 ep_len=500.0 pi_loss=-0.009 v_loss=0.000 ent=1.488 kl=0.0120
[upd   39 | steps    9984 | t    6.0s | sps  1666] ret_mean=0.000 ep_len=0.0 pi_loss=-0.011 v_loss=0.000 ent=1.476 kl=0.0029
[upd   40 | steps   10240 | t    6.1s | sps  1675] ret_mean=0.000 ep_len=500.0 pi_loss=-0.014 v_loss=0.000 ent=1.487 kl=0.0054
        [eval] ret_mean=0.000 ep_len=500.0
[upd   41 | steps   10496 | t    6.6s | sps  1579] ret_mean=0.000 ep_len=0.0 pi_loss=-0.014 v_loss=0.000 ent=1.523 kl=0.0135
[upd   42 | steps   10752 | t    6.8s | sps  1590] ret_mean=0.000 ep_len=500.0 pi_loss=-0.005 v_loss=0.000 ent=1.513 kl=0.0047
[upd   43 | steps   11008 | t    6.9s | sps  1601] ret_mean=0.000 ep_len=0.0 pi_loss=-0.013 v_loss=0.000 ent=1.504 kl=0.0133
[upd   44 | steps   11264 | t    7.0s | sps  1612] ret_mean=0.000 ep_len=500.0 pi_loss=-0.006 v_loss=0.000 ent=1.516 kl=0.0051
[upd   45 | steps   11520 | t    7.1s | sps  1622] ret_mean=0.000 ep_len=0.0 pi_loss=-0.014 v_loss=0.000 ent=1.501 kl=0.0070
[upd   46 | steps   11776 | t    7.2s | sps  1631] ret_mean=0.000 ep_len=500.0 pi_loss=-0.019 v_loss=0.000 ent=1.480 kl=0.0069
[upd   47 | steps   12032 | t    7.3s | sps  1641] ret_mean=0.000 ep_len=0.0 pi_loss=-0.011 v_loss=0.000 ent=1.403 kl=0.0243
[upd   48 | steps   12288 | t    7.4s | sps  1650] ret_mean=0.000 ep_len=500.0 pi_loss=-0.015 v_loss=0.000 ent=1.438 kl=0.0008
[upd   49 | steps   12544 | t    7.6s | sps  1659] ret_mean=0.000 ep_len=0.0 pi_loss=-0.005 v_loss=0.000 ent=1.486 kl=0.0095
[upd   50 | steps   12800 | t    7.7s | sps  1667] ret_mean=0.000 ep_len=500.0 pi_loss=-0.011 v_loss=0.000 ent=1.460 kl=0.0082
        [eval] ret_mean=0.000 ep_len=500.0
[upd   51 | steps   13056 | t    8.2s | sps  1593] ret_mean=0.000 ep_len=0.0 pi_loss=-0.015 v_loss=0.000 ent=1.453 kl=0.0005
[upd   52 | steps   13312 | t    8.3s | sps  1600] ret_mean=0.000 ep_len=500.0 pi_loss=-0.012 v_loss=0.000 ent=1.419 kl=0.0185
[upd   53 | steps   13568 | t    8.4s | sps  1608] ret_mean=0.000 ep_len=0.0 pi_loss=-0.011 v_loss=0.000 ent=1.400 kl=0.0090
[upd   54 | steps   13824 | t    8.6s | sps  1613] ret_mean=0.000 ep_len=500.0 pi_loss=-0.012 v_loss=0.000 ent=1.383 kl=0.0067
[upd   55 | steps   14080 | t    8.7s | sps  1619] ret_mean=0.000 ep_len=0.0 pi_loss=-0.007 v_loss=0.000 ent=1.449 kl=0.0167
[upd   56 | steps   14336 | t    8.8s | sps  1626] ret_mean=0.000 ep_len=500.0 pi_loss=-0.009 v_loss=0.000 ent=1.441 kl=0.0063
[upd   57 | steps   14592 | t    8.9s | sps  1632] ret_mean=0.000 ep_len=0.0 pi_loss=-0.007 v_loss=0.000 ent=1.434 kl=0.0010
[upd   58 | steps   14848 | t    9.1s | sps  1638] ret_mean=0.000 ep_len=500.0 pi_loss=-0.013 v_loss=0.000 ent=1.376 kl=0.0253
[upd   59 | steps   15104 | t    9.2s | sps  1644] ret_mean=0.000 ep_len=0.0 pi_loss=-0.008 v_loss=0.000 ent=1.333 kl=0.0035
[upd   60 | steps   15360 | t    9.3s | sps  1650] ret_mean=0.000 ep_len=500.0 pi_loss=-0.010 v_loss=0.000 ent=1.358 kl=0.0030
        [eval] ret_mean=0.000 ep_len=500.0
[upd   61 | steps   15616 | t    9.9s | sps  1584] ret_mean=0.000 ep_len=0.0 pi_loss=-0.013 v_loss=0.000 ent=1.446 kl=0.0073
[upd   62 | steps   15872 | t   10.0s | sps  1590] ret_mean=0.000 ep_len=500.0 pi_loss=-0.024 v_loss=0.000 ent=1.392 kl=0.0249
[upd   63 | steps   16128 | t   10.1s | sps  1595] ret_mean=0.000 ep_len=0.0 pi_loss=-0.012 v_loss=0.000 ent=1.455 kl=-0.0019
[upd   64 | steps   16384 | t   10.2s | sps  1601] ret_mean=0.000 ep_len=500.0 pi_loss=-0.012 v_loss=0.000 ent=1.441 kl=0.0087
[upd   65 | steps   16640 | t   10.4s | sps  1608] ret_mean=0.000 ep_len=0.0 pi_loss=-0.017 v_loss=0.000 ent=1.460 kl=0.0006
[upd   66 | steps   16896 | t   10.5s | sps  1614] ret_mean=0.000 ep_len=500.0 pi_loss=-0.015 v_loss=0.000 ent=1.450 kl=0.0005
[upd   67 | steps   17152 | t   10.6s | sps  1620] ret_mean=0.000 ep_len=0.0 pi_loss=-0.017 v_loss=0.000 ent=1.471 kl=0.0020
[upd   68 | steps   17408 | t   10.7s | sps  1626] ret_mean=0.000 ep_len=500.0 pi_loss=-0.008 v_loss=0.000 ent=1.428 kl=0.0013
[upd   69 | steps   17664 | t   10.8s | sps  1632] ret_mean=0.000 ep_len=0.0 pi_loss=-0.009 v_loss=0.000 ent=1.408 kl=0.0027
[upd   70 | steps   17920 | t   10.9s | sps  1637] ret_mean=0.000 ep_len=500.0 pi_loss=-0.013 v_loss=0.000 ent=1.371 kl=0.0076
        [eval] ret_mean=0.000 ep_len=500.0
[upd   71 | steps   18176 | t   11.5s | sps  1584] ret_mean=0.000 ep_len=0.0 pi_loss=-0.015 v_loss=0.000 ent=1.460 kl=-0.0055
[upd   72 | steps   18432 | t   11.6s | sps  1589] ret_mean=1.000 ep_len=500.0 pi_loss=-0.004 v_loss=0.013 ent=1.360 kl=0.0061
[upd   73 | steps   18688 | t   11.7s | sps  1595] ret_mean=0.000 ep_len=0.0 pi_loss=-0.012 v_loss=0.000 ent=1.476 kl=0.0110
[upd   74 | steps   18944 | t   11.8s | sps  1601] ret_mean=0.000 ep_len=500.0 pi_loss=-0.013 v_loss=0.000 ent=1.475 kl=0.0015
[upd   75 | steps   19200 | t   12.0s | sps  1606] ret_mean=0.000 ep_len=0.0 pi_loss=-0.013 v_loss=0.000 ent=1.450 kl=0.0072
[upd   76 | steps   19456 | t   12.1s | sps  1611] ret_mean=0.000 ep_len=500.0 pi_loss=-0.005 v_loss=0.000 ent=1.453 kl=-0.0033
[upd   77 | steps   19712 | t   12.2s | sps  1616] ret_mean=0.000 ep_len=0.0 pi_loss=-0.011 v_loss=0.000 ent=1.469 kl=-0.0015
[upd   78 | steps   19968 | t   12.3s | sps  1621] ret_mean=0.000 ep_len=500.0 pi_loss=-0.024 v_loss=0.000 ent=1.501 kl=0.0276
[upd   79 | steps   20224 | t   12.4s | sps  1625] ret_mean=0.000 ep_len=0.0 pi_loss=-0.009 v_loss=0.000 ent=1.505 kl=0.0006
[upd   80 | steps   20480 | t   12.6s | sps  1630] ret_mean=0.000 ep_len=500.0 pi_loss=-0.015 v_loss=0.000 ent=1.519 kl=0.0107
        [eval] ret_mean=0.000 ep_len=500.0
[upd   81 | steps   20736 | t   13.1s | sps  1581] ret_mean=0.000 ep_len=0.0 pi_loss=-0.018 v_loss=0.000 ent=1.518 kl=-0.0021
[upd   82 | steps   20992 | t   13.2s | sps  1586] ret_mean=0.000 ep_len=500.0 pi_loss=-0.019 v_loss=0.000 ent=1.532 kl=0.0237
[upd   83 | steps   21248 | t   13.4s | sps  1591] ret_mean=0.000 ep_len=0.0 pi_loss=-0.008 v_loss=0.000 ent=1.538 kl=0.0059
[upd   84 | steps   21504 | t   13.5s | sps  1596] ret_mean=0.000 ep_len=500.0 pi_loss=-0.008 v_loss=0.000 ent=1.527 kl=-0.0000
[upd   85 | steps   21760 | t   13.6s | sps  1601] ret_mean=0.000 ep_len=0.0 pi_loss=-0.011 v_loss=0.000 ent=1.509 kl=0.0004
[upd   86 | steps   22016 | t   13.7s | sps  1605] ret_mean=0.000 ep_len=500.0 pi_loss=-0.013 v_loss=0.000 ent=1.491 kl=0.0184
[upd   87 | steps   22272 | t   13.8s | sps  1611] ret_mean=0.000 ep_len=0.0 pi_loss=-0.009 v_loss=0.000 ent=1.488 kl=-0.0033
[upd   88 | steps   22528 | t   13.9s | sps  1616] ret_mean=0.000 ep_len=500.0 pi_loss=-0.011 v_loss=0.000 ent=1.398 kl=0.0102
[upd   89 | steps   22784 | t   14.1s | sps  1620] ret_mean=0.000 ep_len=0.0 pi_loss=-0.006 v_loss=0.000 ent=1.437 kl=0.0008
[upd   90 | steps   23040 | t   14.2s | sps  1625] ret_mean=0.000 ep_len=500.0 pi_loss=-0.010 v_loss=0.000 ent=1.412 kl=0.0069
        [eval] ret_mean=0.000 ep_len=500.0
[upd   91 | steps   23296 | t   14.7s | sps  1583] ret_mean=0.000 ep_len=0.0 pi_loss=-0.015 v_loss=0.000 ent=1.480 kl=0.0024
[upd   92 | steps   23552 | t   14.8s | sps  1588] ret_mean=0.000 ep_len=500.0 pi_loss=-0.021 v_loss=0.000 ent=1.421 kl=0.0088
[upd   93 | steps   23808 | t   15.0s | sps  1592] ret_mean=0.000 ep_len=0.0 pi_loss=-0.010 v_loss=0.000 ent=1.482 kl=0.0012
[upd   94 | steps   24064 | t   15.1s | sps  1596] ret_mean=0.000 ep_len=500.0 pi_loss=-0.011 v_loss=0.000 ent=1.396 kl=-0.0028
[upd   95 | steps   24320 | t   15.2s | sps  1601] ret_mean=0.000 ep_len=0.0 pi_loss=-0.007 v_loss=0.000 ent=1.366 kl=0.0091
[upd   96 | steps   24576 | t   15.3s | sps  1606] ret_mean=0.000 ep_len=500.0 pi_loss=-0.009 v_loss=0.000 ent=1.233 kl=0.0140
[upd   97 | steps   24832 | t   15.4s | sps  1610] ret_mean=0.000 ep_len=0.0 pi_loss=-0.016 v_loss=0.000 ent=1.331 kl=0.0085
[upd   98 | steps   25088 | t   15.5s | sps  1614] ret_mean=1.000 ep_len=500.0 pi_loss=-0.004 v_loss=0.012 ent=1.317 kl=-0.0000
[upd   99 | steps   25344 | t   15.7s | sps  1618] ret_mean=0.000 ep_len=0.0 pi_loss=-0.011 v_loss=0.000 ent=1.272 kl=-0.0084
[upd  100 | steps   25600 | t   15.8s | sps  1622] ret_mean=0.000 ep_len=500.0 pi_loss=-0.004 v_loss=0.001 ent=1.230 kl=0.0057
        [eval] ret_mean=0.000 ep_len=500.0
