$ /Users/praneelkhiantani/Downloads/cs2860/.venv/bin/python3 -m policies.train --env rware-small-2ag-easy-v2 --seed 3 --updates 200 --rollout 512 --eval-every 50 --eval-episodes 10 --log-dir matrix_results/intent_grounded_v1_pilot/rware-small-2ag-easy-v2 --run-name mappo-no-comm__baseline__d0__s3 --n-msg-tokens 8 --no-comm --shape-rewards --pickup-bonus 0.5

[env] EnvSpec(env_id='rware-small-2ag-easy-v2', n_agents=2, obs_dim=71, n_env_actions=5, noop_action=0, family='rware')  (n_msg_tokens=1)
[cfg] {'clip_range': 0.2, 'value_clip_range': 0.2, 'entropy_coef': 0.01, 'value_coef': 0.5, 'max_grad_norm': 0.5, 'gamma': 0.99, 'gae_lambda': 0.95, 'lr_actor': 0.0003, 'lr_critic': 0.001, 'update_epochs': 4, 'minibatches': 4, 'hidden': 128, 'depth': 2, 'device': 'cpu', 'message_grounding_coef': 0.0, 'extra': {}}
[log] writing to matrix_results/intent_grounded_v1_pilot/rware-small-2ag-easy-v2/mappo-no-comm__baseline__d0__s3
[upd    1 | steps     512 | t    3.1s | sps   167] ret_mean=0.000 ep_len=500.0 pi_loss=-0.010 v_loss=0.106 ent=1.604 msg_acc=0.000 kl=0.0095
[upd    2 | steps    1024 | t    5.0s | sps   207] ret_mean=0.000 ep_len=500.0 pi_loss=-0.006 v_loss=0.027 ent=1.605 msg_acc=0.000 kl=0.0065
[upd    3 | steps    1536 | t    6.0s | sps   257] ret_mean=0.000 ep_len=500.0 pi_loss=-0.010 v_loss=0.006 ent=1.604 msg_acc=0.000 kl=0.0020
[upd    4 | steps    2048 | t    7.0s | sps   294] ret_mean=0.000 ep_len=500.0 pi_loss=-0.006 v_loss=0.013 ent=1.576 msg_acc=0.000 kl=0.0060
[upd    5 | steps    2560 | t    7.8s | sps   327] ret_mean=0.000 ep_len=500.0 pi_loss=-0.005 v_loss=0.005 ent=1.599 msg_acc=0.000 kl=0.0049
[upd    6 | steps    3072 | t    8.6s | sps   356] ret_mean=2.000 ep_len=500.0 pi_loss=-0.007 v_loss=0.009 ent=1.592 msg_acc=0.000 kl=0.0029
[upd    7 | steps    3584 | t    9.3s | sps   385] ret_mean=0.000 ep_len=500.0 pi_loss=-0.003 v_loss=0.010 ent=1.603 msg_acc=0.000 kl=0.0026
[upd    8 | steps    4096 | t   10.0s | sps   411] ret_mean=0.000 ep_len=500.0 pi_loss=-0.006 v_loss=0.005 ent=1.603 msg_acc=0.000 kl=0.0049
[upd    9 | steps    4608 | t   10.6s | sps   436] ret_mean=0.000 ep_len=500.0 pi_loss=-0.004 v_loss=0.004 ent=1.598 msg_acc=0.000 kl=0.0049
[upd   10 | steps    5120 | t   11.3s | sps   452] ret_mean=0.500 ep_len=500.0 pi_loss=-0.006 v_loss=0.003 ent=1.587 msg_acc=0.000 kl=0.0057
[upd   11 | steps    5632 | t   12.0s | sps   471] ret_mean=0.000 ep_len=500.0 pi_loss=-0.003 v_loss=0.008 ent=1.568 msg_acc=0.000 kl=-0.0004
[upd   12 | steps    6144 | t   12.8s | sps   479] ret_mean=0.000 ep_len=500.0 pi_loss=-0.009 v_loss=0.003 ent=1.546 msg_acc=0.000 kl=0.0092
[upd   13 | steps    6656 | t   13.7s | sps   486] ret_mean=0.000 ep_len=500.0 pi_loss=-0.004 v_loss=0.004 ent=1.586 msg_acc=0.000 kl=-0.0006
[upd   14 | steps    7168 | t   14.5s | sps   493] ret_mean=0.000 ep_len=500.0 pi_loss=-0.003 v_loss=0.003 ent=1.588 msg_acc=0.000 kl=0.0027
[upd   15 | steps    7680 | t   15.3s | sps   501] ret_mean=1.000 ep_len=500.0 pi_loss=-0.013 v_loss=0.007 ent=1.572 msg_acc=0.000 kl=0.0049
[upd   16 | steps    8192 | t   16.1s | sps   509] ret_mean=0.000 ep_len=500.0 pi_loss=-0.004 v_loss=0.009 ent=1.569 msg_acc=0.000 kl=0.0043
[upd   17 | steps    8704 | t   16.7s | sps   520] ret_mean=1.000 ep_len=500.0 pi_loss=-0.008 v_loss=0.003 ent=1.570 msg_acc=0.000 kl=0.0064
[upd   18 | steps    9216 | t   17.8s | sps   518] ret_mean=0.000 ep_len=500.0 pi_loss=-0.007 v_loss=0.003 ent=1.559 msg_acc=0.000 kl=0.0075
[upd   19 | steps    9728 | t   18.8s | sps   518] ret_mean=0.000 ep_len=500.0 pi_loss=-0.004 v_loss=0.002 ent=1.560 msg_acc=0.000 kl=0.0006
[upd   20 | steps   10240 | t   20.3s | sps   504] ret_mean=0.000 ep_len=500.0 pi_loss=-0.008 v_loss=0.002 ent=1.541 msg_acc=0.000 kl=0.0032
[upd   21 | steps   10752 | t   23.1s | sps   465] ret_mean=0.000 ep_len=500.0 pi_loss=-0.008 v_loss=0.002 ent=1.553 msg_acc=0.000 kl=-0.0038
[upd   22 | steps   11264 | t   26.3s | sps   428] ret_mean=0.500 ep_len=500.0 pi_loss=-0.005 v_loss=0.002 ent=1.502 msg_acc=0.000 kl=0.0015
[upd   23 | steps   11776 | t   28.1s | sps   418] ret_mean=0.000 ep_len=500.0 pi_loss=-0.007 v_loss=0.007 ent=1.517 msg_acc=0.000 kl=0.0076
[upd   24 | steps   12288 | t   29.6s | sps   415] ret_mean=2.500 ep_len=500.0 pi_loss=-0.004 v_loss=0.006 ent=1.459 msg_acc=0.000 kl=0.0021
[upd   25 | steps   12800 | t   30.4s | sps   420] ret_mean=0.000 ep_len=500.0 pi_loss=-0.004 v_loss=0.009 ent=1.471 msg_acc=0.000 kl=0.0035
[upd   26 | steps   13312 | t   31.3s | sps   425] ret_mean=0.500 ep_len=500.0 pi_loss=-0.004 v_loss=0.006 ent=1.418 msg_acc=0.000 kl=0.0021
[upd   27 | steps   13824 | t   32.1s | sps   431] ret_mean=1.000 ep_len=500.0 pi_loss=-0.002 v_loss=0.007 ent=1.512 msg_acc=0.000 kl=0.0025
[upd   28 | steps   14336 | t   33.1s | sps   433] ret_mean=0.000 ep_len=500.0 pi_loss=-0.010 v_loss=0.004 ent=1.491 msg_acc=0.000 kl=0.0103
[upd   29 | steps   14848 | t   34.1s | sps   436] ret_mean=0.500 ep_len=500.0 pi_loss=-0.010 v_loss=0.002 ent=1.411 msg_acc=0.000 kl=0.0007
[upd   30 | steps   15360 | t   34.8s | sps   441] ret_mean=0.000 ep_len=500.0 pi_loss=-0.008 v_loss=0.005 ent=1.395 msg_acc=0.000 kl=0.0093
[upd   31 | steps   15872 | t   35.5s | sps   447] ret_mean=0.000 ep_len=500.0 pi_loss=-0.004 v_loss=0.002 ent=1.538 msg_acc=0.000 kl=0.0033
[upd   32 | steps   16384 | t   36.6s | sps   447] ret_mean=0.000 ep_len=500.0 pi_loss=-0.004 v_loss=0.001 ent=1.435 msg_acc=0.000 kl=0.0029
[upd   33 | steps   16896 | t   38.0s | sps   444] ret_mean=0.000 ep_len=500.0 pi_loss=-0.007 v_loss=0.001 ent=1.453 msg_acc=0.000 kl=0.0062
[upd   34 | steps   17408 | t   39.1s | sps   445] ret_mean=0.000 ep_len=500.0 pi_loss=-0.004 v_loss=0.026 ent=1.452 msg_acc=0.000 kl=0.0053
[upd   35 | steps   17920 | t   40.0s | sps   448] ret_mean=1.500 ep_len=500.0 pi_loss=-0.009 v_loss=0.003 ent=1.529 msg_acc=0.000 kl=0.0036
[upd   36 | steps   18432 | t   40.9s | sps   451] ret_mean=0.000 ep_len=500.0 pi_loss=-0.001 v_loss=0.001 ent=1.425 msg_acc=0.000 kl=0.0021
[upd   37 | steps   18944 | t   41.8s | sps   453] ret_mean=0.000 ep_len=500.0 pi_loss=-0.005 v_loss=0.001 ent=1.501 msg_acc=0.000 kl=-0.0020
[upd   38 | steps   19456 | t   42.7s | sps   455] ret_mean=0.000 ep_len=500.0 pi_loss=-0.009 v_loss=0.001 ent=1.475 msg_acc=0.000 kl=0.0045
[upd   39 | steps   19968 | t   43.8s | sps   456] ret_mean=0.000 ep_len=500.0 pi_loss=-0.008 v_loss=0.001 ent=1.476 msg_acc=0.000 kl=0.0015
[upd   40 | steps   20480 | t   44.7s | sps   458] ret_mean=0.000 ep_len=500.0 pi_loss=-0.003 v_loss=0.001 ent=1.484 msg_acc=0.000 kl=0.0008
[upd   41 | steps   20992 | t   45.5s | sps   461] ret_mean=0.000 ep_len=500.0 pi_loss=-0.007 v_loss=0.001 ent=1.512 msg_acc=0.000 kl=0.0004
[upd   42 | steps   21504 | t   46.3s | sps   464] ret_mean=0.000 ep_len=500.0 pi_loss=-0.009 v_loss=0.001 ent=1.548 msg_acc=0.000 kl=0.0025
[upd   43 | steps   22016 | t   47.4s | sps   464] ret_mean=0.000 ep_len=500.0 pi_loss=-0.005 v_loss=0.001 ent=1.569 msg_acc=0.000 kl=0.0001
[upd   44 | steps   22528 | t   48.3s | sps   467] ret_mean=2.500 ep_len=500.0 pi_loss=-0.005 v_loss=0.028 ent=1.382 msg_acc=0.000 kl=-0.0030
[upd   45 | steps   23040 | t   49.5s | sps   466] ret_mean=0.000 ep_len=500.0 pi_loss=-0.002 v_loss=0.002 ent=1.316 msg_acc=0.000 kl=0.0046
[upd   46 | steps   23552 | t   50.3s | sps   468] ret_mean=1.000 ep_len=500.0 pi_loss=-0.009 v_loss=0.004 ent=1.493 msg_acc=0.000 kl=0.0134
[upd   47 | steps   24064 | t   51.4s | sps   468] ret_mean=1.000 ep_len=500.0 pi_loss=-0.007 v_loss=0.025 ent=1.475 msg_acc=0.000 kl=0.0038
[upd   48 | steps   24576 | t   52.2s | sps   471] ret_mean=2.500 ep_len=500.0 pi_loss=-0.003 v_loss=0.002 ent=1.270 msg_acc=0.000 kl=0.0011
[upd   49 | steps   25088 | t   53.0s | sps   474] ret_mean=0.000 ep_len=500.0 pi_loss=-0.005 v_loss=0.002 ent=1.206 msg_acc=0.000 kl=0.0064
[upd   50 | steps   25600 | t   53.7s | sps   477] ret_mean=2.000 ep_len=500.0 pi_loss=-0.002 v_loss=0.016 ent=1.363 msg_acc=0.000 kl=-0.0017
        [eval] ret_mean=0.000 ep_len=500.0
[upd   51 | steps   26112 | t   62.3s | sps   419] ret_mean=0.000 ep_len=500.0 pi_loss=-0.002 v_loss=0.001 ent=1.335 msg_acc=0.000 kl=0.0013
[upd   52 | steps   26624 | t   63.3s | sps   421] ret_mean=0.500 ep_len=500.0 pi_loss=-0.009 v_loss=0.002 ent=1.474 msg_acc=0.000 kl=0.0048
[upd   53 | steps   27136 | t   64.2s | sps   423] ret_mean=0.000 ep_len=500.0 pi_loss=-0.001 v_loss=0.002 ent=1.142 msg_acc=0.000 kl=0.0023
[upd   54 | steps   27648 | t   65.2s | sps   424] ret_mean=0.000 ep_len=500.0 pi_loss=-0.008 v_loss=0.002 ent=1.218 msg_acc=0.000 kl=0.0028
[upd   55 | steps   28160 | t   65.9s | sps   427] ret_mean=6.500 ep_len=500.0 pi_loss=-0.005 v_loss=0.136 ent=1.106 msg_acc=0.000 kl=0.0131
[upd   56 | steps   28672 | t   66.7s | sps   430] ret_mean=7.500 ep_len=500.0 pi_loss=-0.002 v_loss=0.133 ent=0.999 msg_acc=0.000 kl=0.0087
[upd   57 | steps   29184 | t   69.4s | sps   421] ret_mean=0.000 ep_len=500.0 pi_loss=-0.007 v_loss=0.009 ent=1.203 msg_acc=0.000 kl=0.0108
[upd   58 | steps   29696 | t   70.4s | sps   422] ret_mean=0.000 ep_len=500.0 pi_loss=-0.008 v_loss=0.006 ent=1.138 msg_acc=0.000 kl=0.0044
[upd   59 | steps   30208 | t   71.4s | sps   423] ret_mean=0.000 ep_len=500.0 pi_loss=-0.005 v_loss=0.002 ent=1.248 msg_acc=0.000 kl=0.0014
[upd   60 | steps   30720 | t   72.2s | sps   426] ret_mean=3.500 ep_len=500.0 pi_loss=-0.007 v_loss=0.054 ent=1.337 msg_acc=0.000 kl=0.0061
[upd   61 | steps   31232 | t   72.9s | sps   428] ret_mean=0.000 ep_len=500.0 pi_loss=-0.003 v_loss=0.001 ent=1.221 msg_acc=0.000 kl=0.0075
[upd   62 | steps   31744 | t   73.8s | sps   430] ret_mean=0.000 ep_len=500.0 pi_loss=-0.006 v_loss=0.001 ent=1.216 msg_acc=0.000 kl=0.0043
[upd   63 | steps   32256 | t   74.7s | sps   432] ret_mean=0.000 ep_len=500.0 pi_loss=-0.003 v_loss=0.001 ent=1.176 msg_acc=0.000 kl=0.0102
[upd   64 | steps   32768 | t   75.4s | sps   435] ret_mean=0.000 ep_len=500.0 pi_loss=-0.006 v_loss=0.315 ent=1.206 msg_acc=0.000 kl=0.0048
[upd   65 | steps   33280 | t   76.1s | sps   438] ret_mean=10.000 ep_len=500.0 pi_loss=-0.006 v_loss=0.001 ent=1.088 msg_acc=0.000 kl=0.0032
[upd   66 | steps   33792 | t   76.7s | sps   441] ret_mean=0.000 ep_len=500.0 pi_loss=-0.003 v_loss=0.001 ent=1.140 msg_acc=0.000 kl=0.0057
[upd   67 | steps   34304 | t   77.3s | sps   444] ret_mean=0.000 ep_len=500.0 pi_loss=-0.007 v_loss=0.000 ent=1.180 msg_acc=0.000 kl=0.0069
[upd   68 | steps   34816 | t   78.0s | sps   446] ret_mean=0.000 ep_len=500.0 pi_loss=-0.005 v_loss=0.000 ent=1.158 msg_acc=0.000 kl=0.0067
[upd   69 | steps   35328 | t   78.9s | sps   448] ret_mean=0.000 ep_len=500.0 pi_loss=-0.009 v_loss=0.000 ent=1.189 msg_acc=0.000 kl=0.0064
[upd   70 | steps   35840 | t   79.6s | sps   450] ret_mean=1.000 ep_len=500.0 pi_loss=-0.004 v_loss=0.004 ent=1.256 msg_acc=0.000 kl=0.0018
[upd   71 | steps   36352 | t   80.2s | sps   453] ret_mean=0.000 ep_len=500.0 pi_loss=-0.010 v_loss=0.002 ent=1.162 msg_acc=0.000 kl=0.0078
[upd   72 | steps   36864 | t   80.9s | sps   456] ret_mean=0.500 ep_len=500.0 pi_loss=-0.003 v_loss=0.001 ent=1.130 msg_acc=0.000 kl=0.0029
[upd   73 | steps   37376 | t   81.5s | sps   459] ret_mean=0.000 ep_len=500.0 pi_loss=-0.010 v_loss=0.001 ent=1.114 msg_acc=0.000 kl=0.0034
[upd   74 | steps   37888 | t   82.2s | sps   461] ret_mean=0.000 ep_len=500.0 pi_loss=-0.002 v_loss=0.000 ent=0.959 msg_acc=0.000 kl=0.0015
[upd   75 | steps   38400 | t   82.8s | sps   463] ret_mean=0.000 ep_len=500.0 pi_loss=-0.006 v_loss=0.000 ent=1.079 msg_acc=0.000 kl=0.0090
[upd   76 | steps   38912 | t   83.6s | sps   466] ret_mean=0.000 ep_len=500.0 pi_loss=-0.012 v_loss=0.001 ent=1.086 msg_acc=0.000 kl=0.0027
[upd   77 | steps   39424 | t   84.2s | sps   468] ret_mean=0.000 ep_len=500.0 pi_loss=-0.011 v_loss=0.000 ent=1.202 msg_acc=0.000 kl=0.0015
[upd   78 | steps   39936 | t   84.8s | sps   471] ret_mean=0.500 ep_len=500.0 pi_loss=-0.005 v_loss=0.002 ent=0.972 msg_acc=0.000 kl=0.0075
[upd   79 | steps   40448 | t   85.5s | sps   473] ret_mean=0.000 ep_len=500.0 pi_loss=-0.007 v_loss=0.000 ent=1.099 msg_acc=0.000 kl=0.0049
[upd   80 | steps   40960 | t   86.1s | sps   476] ret_mean=6.500 ep_len=500.0 pi_loss=-0.005 v_loss=0.122 ent=1.254 msg_acc=0.000 kl=0.0082
[upd   81 | steps   41472 | t   86.7s | sps   478] ret_mean=0.000 ep_len=500.0 pi_loss=-0.003 v_loss=0.024 ent=1.011 msg_acc=0.000 kl=0.0022
[upd   82 | steps   41984 | t   87.8s | sps   478] ret_mean=2.000 ep_len=500.0 pi_loss=-0.007 v_loss=0.002 ent=1.017 msg_acc=0.000 kl=0.0047
[upd   83 | steps   42496 | t   88.5s | sps   480] ret_mean=0.000 ep_len=500.0 pi_loss=-0.009 v_loss=0.001 ent=0.970 msg_acc=0.000 kl=0.0043
[upd   84 | steps   43008 | t   89.1s | sps   483] ret_mean=0.500 ep_len=500.0 pi_loss=-0.007 v_loss=0.000 ent=1.024 msg_acc=0.000 kl=0.0056
[upd   85 | steps   43520 | t   89.8s | sps   485] ret_mean=0.000 ep_len=500.0 pi_loss=-0.010 v_loss=0.018 ent=1.116 msg_acc=0.000 kl=0.0053
[upd   86 | steps   44032 | t   90.5s | sps   487] ret_mean=2.000 ep_len=500.0 pi_loss=-0.004 v_loss=0.002 ent=0.817 msg_acc=0.000 kl=0.0049
[upd   87 | steps   44544 | t   91.1s | sps   489] ret_mean=0.000 ep_len=500.0 pi_loss=-0.004 v_loss=0.000 ent=0.994 msg_acc=0.000 kl=0.0029
[upd   88 | steps   45056 | t   91.7s | sps   491] ret_mean=0.000 ep_len=500.0 pi_loss=-0.003 v_loss=0.000 ent=0.918 msg_acc=0.000 kl=0.0081
[upd   89 | steps   45568 | t   92.4s | sps   493] ret_mean=0.000 ep_len=500.0 pi_loss=-0.003 v_loss=0.000 ent=0.916 msg_acc=0.000 kl=0.0020
[upd   90 | steps   46080 | t   93.0s | sps   495] ret_mean=0.000 ep_len=500.0 pi_loss=-0.006 v_loss=0.110 ent=1.089 msg_acc=0.000 kl=0.0069
[upd   91 | steps   46592 | t   93.6s | sps   498] ret_mean=5.500 ep_len=500.0 pi_loss=-0.005 v_loss=0.001 ent=1.263 msg_acc=0.000 kl=0.0077
[upd   92 | steps   47104 | t   94.4s | sps   499] ret_mean=0.250 ep_len=500.0 pi_loss=-0.006 v_loss=0.004 ent=1.237 msg_acc=0.000 kl=0.0062
[upd   93 | steps   47616 | t   95.1s | sps   501] ret_mean=0.000 ep_len=500.0 pi_loss=-0.007 v_loss=0.018 ent=1.085 msg_acc=0.000 kl=0.0063
[upd   94 | steps   48128 | t   95.8s | sps   502] ret_mean=3.000 ep_len=500.0 pi_loss=-0.004 v_loss=0.001 ent=0.943 msg_acc=0.000 kl=0.0017
[upd   95 | steps   48640 | t   96.5s | sps   504] ret_mean=0.000 ep_len=500.0 pi_loss=-0.004 v_loss=0.000 ent=0.909 msg_acc=0.000 kl=0.0003
[upd   96 | steps   49152 | t   97.1s | sps   506] ret_mean=0.000 ep_len=500.0 pi_loss=-0.003 v_loss=0.000 ent=0.998 msg_acc=0.000 kl=0.0035
[upd   97 | steps   49664 | t   97.8s | sps   508] ret_mean=2.000 ep_len=500.0 pi_loss=-0.007 v_loss=0.027 ent=0.863 msg_acc=0.000 kl=0.0055
[upd   98 | steps   50176 | t   98.5s | sps   509] ret_mean=2.000 ep_len=500.0 pi_loss=-0.004 v_loss=0.026 ent=1.093 msg_acc=0.000 kl=0.0017
[upd   99 | steps   50688 | t   99.2s | sps   511] ret_mean=0.000 ep_len=500.0 pi_loss=-0.004 v_loss=0.000 ent=1.177 msg_acc=0.000 kl=0.0013
[upd  100 | steps   51200 | t   99.8s | sps   513] ret_mean=0.000 ep_len=500.0 pi_loss=-0.002 v_loss=0.000 ent=1.052 msg_acc=0.000 kl=0.0001
        [eval] ret_mean=0.000 ep_len=500.0
[upd  101 | steps   51712 | t  105.2s | sps   492] ret_mean=2.500 ep_len=500.0 pi_loss=-0.004 v_loss=0.028 ent=1.118 msg_acc=0.000 kl=0.0086
[upd  102 | steps   52224 | t  105.8s | sps   494] ret_mean=29.500 ep_len=500.0 pi_loss=-0.000 v_loss=1.424 ent=0.980 msg_acc=0.000 kl=0.0058
[upd  103 | steps   52736 | t  106.4s | sps   496] ret_mean=0.000 ep_len=500.0 pi_loss=-0.002 v_loss=0.001 ent=1.153 msg_acc=0.000 kl=0.0016
[upd  104 | steps   53248 | t  107.0s | sps   497] ret_mean=0.000 ep_len=500.0 pi_loss=-0.009 v_loss=0.001 ent=1.193 msg_acc=0.000 kl=0.0114
[upd  105 | steps   53760 | t  107.7s | sps   499] ret_mean=4.000 ep_len=500.0 pi_loss=-0.008 v_loss=0.055 ent=1.343 msg_acc=0.000 kl=0.0018
[upd  106 | steps   54272 | t  108.5s | sps   500] ret_mean=2.500 ep_len=500.0 pi_loss=-0.010 v_loss=0.030 ent=1.290 msg_acc=0.000 kl=0.0089
[upd  107 | steps   54784 | t  109.2s | sps   502] ret_mean=19.500 ep_len=500.0 pi_loss=-0.010 v_loss=0.538 ent=1.085 msg_acc=0.000 kl=0.0086
[upd  108 | steps   55296 | t  110.0s | sps   503] ret_mean=38.000 ep_len=500.0 pi_loss=-0.008 v_loss=1.644 ent=1.046 msg_acc=0.000 kl=0.0121
[upd  109 | steps   55808 | t  110.7s | sps   504] ret_mean=0.000 ep_len=500.0 pi_loss=-0.004 v_loss=0.002 ent=0.890 msg_acc=0.000 kl=0.0018
[upd  110 | steps   56320 | t  111.3s | sps   506] ret_mean=0.000 ep_len=500.0 pi_loss=-0.005 v_loss=0.001 ent=1.067 msg_acc=0.000 kl=0.0047
[upd  111 | steps   56832 | t  112.1s | sps   507] ret_mean=0.000 ep_len=500.0 pi_loss=-0.005 v_loss=0.001 ent=1.080 msg_acc=0.000 kl=0.0095
[upd  112 | steps   57344 | t  112.9s | sps   508] ret_mean=0.000 ep_len=500.0 pi_loss=-0.009 v_loss=0.001 ent=1.054 msg_acc=0.000 kl=0.0134
[upd  113 | steps   57856 | t  113.5s | sps   510] ret_mean=0.000 ep_len=500.0 pi_loss=-0.003 v_loss=0.001 ent=1.083 msg_acc=0.000 kl=-0.0015
[upd  114 | steps   58368 | t  114.2s | sps   511] ret_mean=16.000 ep_len=500.0 pi_loss=-0.006 v_loss=0.575 ent=1.085 msg_acc=0.000 kl=0.0061
[upd  115 | steps   58880 | t  114.8s | sps   513] ret_mean=0.000 ep_len=500.0 pi_loss=-0.005 v_loss=0.001 ent=1.019 msg_acc=0.000 kl=0.0051
[upd  116 | steps   59392 | t  115.4s | sps   515] ret_mean=38.000 ep_len=500.0 pi_loss=-0.009 v_loss=1.705 ent=0.865 msg_acc=0.000 kl=0.0166
[upd  117 | steps   59904 | t  116.0s | sps   516] ret_mean=11.500 ep_len=500.0 pi_loss=-0.002 v_loss=0.395 ent=0.988 msg_acc=0.000 kl=0.0040
[upd  118 | steps   60416 | t  116.7s | sps   518] ret_mean=0.000 ep_len=500.0 pi_loss=-0.005 v_loss=0.004 ent=0.929 msg_acc=0.000 kl=0.0079
[upd  119 | steps   60928 | t  117.3s | sps   519] ret_mean=0.000 ep_len=500.0 pi_loss=-0.006 v_loss=0.002 ent=0.780 msg_acc=0.000 kl=0.0071
[upd  120 | steps   61440 | t  117.9s | sps   521] ret_mean=0.000 ep_len=500.0 pi_loss=-0.003 v_loss=0.194 ent=0.937 msg_acc=0.000 kl=0.0033
[upd  121 | steps   61952 | t  118.6s | sps   523] ret_mean=11.000 ep_len=500.0 pi_loss=-0.002 v_loss=0.032 ent=0.865 msg_acc=0.000 kl=0.0021
[upd  122 | steps   62464 | t  119.2s | sps   524] ret_mean=0.000 ep_len=500.0 pi_loss=-0.001 v_loss=0.002 ent=0.821 msg_acc=0.000 kl=0.0044
[upd  123 | steps   62976 | t  119.8s | sps   526] ret_mean=0.000 ep_len=500.0 pi_loss=-0.005 v_loss=0.001 ent=0.880 msg_acc=0.000 kl=0.0062
[upd  124 | steps   63488 | t  120.4s | sps   527] ret_mean=0.000 ep_len=500.0 pi_loss=-0.006 v_loss=0.001 ent=0.865 msg_acc=0.000 kl=-0.0006
[upd  125 | steps   64000 | t  121.1s | sps   529] ret_mean=3.500 ep_len=500.0 pi_loss=-0.003 v_loss=1.411 ent=0.712 msg_acc=0.000 kl=0.0047
[upd  126 | steps   64512 | t  121.7s | sps   530] ret_mean=29.000 ep_len=500.0 pi_loss=-0.010 v_loss=0.004 ent=0.656 msg_acc=0.000 kl=0.0030
[upd  127 | steps   65024 | t  122.3s | sps   532] ret_mean=0.000 ep_len=500.0 pi_loss=-0.006 v_loss=0.003 ent=1.032 msg_acc=0.000 kl=-0.0004
[upd  128 | steps   65536 | t  122.9s | sps   533] ret_mean=1.000 ep_len=500.0 pi_loss=-0.004 v_loss=0.001 ent=0.783 msg_acc=0.000 kl=0.0022
[upd  129 | steps   66048 | t  123.5s | sps   535] ret_mean=0.000 ep_len=500.0 pi_loss=-0.000 v_loss=0.001 ent=0.800 msg_acc=0.000 kl=0.0017
[upd  130 | steps   66560 | t  124.1s | sps   536] ret_mean=0.000 ep_len=500.0 pi_loss=-0.007 v_loss=0.001 ent=1.061 msg_acc=0.000 kl=0.0094
[upd  131 | steps   67072 | t  124.9s | sps   537] ret_mean=0.000 ep_len=500.0 pi_loss=-0.008 v_loss=0.000 ent=1.252 msg_acc=0.000 kl=0.0076
[upd  132 | steps   67584 | t  125.5s | sps   538] ret_mean=0.000 ep_len=500.0 pi_loss=-0.008 v_loss=0.033 ent=1.010 msg_acc=0.000 kl=0.0097
[upd  133 | steps   68096 | t  126.1s | sps   540] ret_mean=2.500 ep_len=500.0 pi_loss=-0.001 v_loss=0.215 ent=0.983 msg_acc=0.000 kl=0.0149
[upd  134 | steps   68608 | t  126.8s | sps   541] ret_mean=12.000 ep_len=500.0 pi_loss=-0.009 v_loss=2.519 ent=0.799 msg_acc=0.000 kl=0.0033
[upd  135 | steps   69120 | t  127.4s | sps   543] ret_mean=55.000 ep_len=500.0 pi_loss=-0.005 v_loss=0.091 ent=0.834 msg_acc=0.000 kl=0.0055
[upd  136 | steps   69632 | t  128.1s | sps   544] ret_mean=15.000 ep_len=500.0 pi_loss=-0.004 v_loss=0.238 ent=0.650 msg_acc=0.000 kl=0.0088
[upd  137 | steps   70144 | t  128.7s | sps   545] ret_mean=0.000 ep_len=500.0 pi_loss=-0.003 v_loss=0.003 ent=0.566 msg_acc=0.000 kl=0.0037
[upd  138 | steps   70656 | t  129.4s | sps   546] ret_mean=0.000 ep_len=500.0 pi_loss=-0.004 v_loss=0.181 ent=0.510 msg_acc=0.000 kl=0.0083
[upd  139 | steps   71168 | t  130.0s | sps   547] ret_mean=8.500 ep_len=500.0 pi_loss=-0.005 v_loss=0.005 ent=0.522 msg_acc=0.000 kl=-0.0005
[upd  140 | steps   71680 | t  130.7s | sps   549] ret_mean=0.000 ep_len=500.0 pi_loss=-0.005 v_loss=0.003 ent=0.762 msg_acc=0.000 kl=0.0005
[upd  141 | steps   72192 | t  131.3s | sps   550] ret_mean=0.000 ep_len=500.0 pi_loss=-0.003 v_loss=0.199 ent=0.619 msg_acc=0.000 kl=0.0007
[upd  142 | steps   72704 | t  131.9s | sps   551] ret_mean=19.250 ep_len=500.0 pi_loss=-0.001 v_loss=1.601 ent=0.325 msg_acc=0.000 kl=0.0016
[upd  143 | steps   73216 | t  132.6s | sps   552] ret_mean=0.000 ep_len=500.0 pi_loss=-0.006 v_loss=0.004 ent=0.904 msg_acc=0.000 kl=0.0017
[upd  144 | steps   73728 | t  133.2s | sps   554] ret_mean=0.000 ep_len=500.0 pi_loss=-0.012 v_loss=0.003 ent=0.842 msg_acc=0.000 kl=0.0051
[upd  145 | steps   74240 | t  133.8s | sps   555] ret_mean=19.000 ep_len=500.0 pi_loss=-0.004 v_loss=0.826 ent=0.824 msg_acc=0.000 kl=0.0069
[upd  146 | steps   74752 | t  134.4s | sps   556] ret_mean=0.000 ep_len=500.0 pi_loss=-0.010 v_loss=0.003 ent=0.661 msg_acc=0.000 kl=0.0128
[upd  147 | steps   75264 | t  135.0s | sps   557] ret_mean=0.000 ep_len=500.0 pi_loss=-0.006 v_loss=0.002 ent=0.775 msg_acc=0.000 kl=-0.0005
[upd  148 | steps   75776 | t  135.7s | sps   558] ret_mean=0.000 ep_len=500.0 pi_loss=-0.005 v_loss=0.001 ent=0.593 msg_acc=0.000 kl=-0.0017
[upd  149 | steps   76288 | t  136.3s | sps   560] ret_mean=0.000 ep_len=500.0 pi_loss=-0.009 v_loss=0.001 ent=0.864 msg_acc=0.000 kl=-0.0002
[upd  150 | steps   76800 | t  137.0s | sps   561] ret_mean=0.000 ep_len=500.0 pi_loss=-0.002 v_loss=0.001 ent=0.555 msg_acc=0.000 kl=0.0020
        [eval] ret_mean=12.500 ep_len=500.0
[upd  151 | steps   77312 | t  142.9s | sps   541] ret_mean=0.000 ep_len=500.0 pi_loss=-0.008 v_loss=0.004 ent=0.548 msg_acc=0.000 kl=0.0060
[upd  152 | steps   77824 | t  143.5s | sps   542] ret_mean=0.000 ep_len=500.0 pi_loss=-0.005 v_loss=0.001 ent=0.883 msg_acc=0.000 kl=-0.0006
[upd  153 | steps   78336 | t  144.1s | sps   544] ret_mean=6.500 ep_len=500.0 pi_loss=-0.001 v_loss=0.162 ent=0.825 msg_acc=0.000 kl=0.0019
[upd  154 | steps   78848 | t  144.9s | sps   544] ret_mean=0.000 ep_len=500.0 pi_loss=-0.007 v_loss=0.377 ent=0.195 msg_acc=0.000 kl=0.0042
[upd  155 | steps   79360 | t  145.5s | sps   545] ret_mean=73.500 ep_len=500.0 pi_loss=-0.008 v_loss=2.870 ent=0.294 msg_acc=0.000 kl=0.0162
[upd  156 | steps   79872 | t  146.1s | sps   547] ret_mean=0.000 ep_len=500.0 pi_loss=-0.001 v_loss=0.003 ent=0.182 msg_acc=0.000 kl=-0.0003
[upd  157 | steps   80384 | t  146.7s | sps   548] ret_mean=0.000 ep_len=500.0 pi_loss=-0.004 v_loss=0.003 ent=0.359 msg_acc=0.000 kl=-0.0009
[upd  158 | steps   80896 | t  147.3s | sps   549] ret_mean=0.000 ep_len=500.0 pi_loss=-0.001 v_loss=0.001 ent=0.200 msg_acc=0.000 kl=0.0027
[upd  159 | steps   81408 | t  148.0s | sps   550] ret_mean=0.000 ep_len=500.0 pi_loss=-0.003 v_loss=0.001 ent=0.282 msg_acc=0.000 kl=0.0011
[upd  160 | steps   81920 | t  148.7s | sps   551] ret_mean=0.000 ep_len=500.0 pi_loss=-0.002 v_loss=0.002 ent=0.230 msg_acc=0.000 kl=0.0026
[upd  161 | steps   82432 | t  149.3s | sps   552] ret_mean=0.000 ep_len=500.0 pi_loss=-0.003 v_loss=0.000 ent=0.163 msg_acc=0.000 kl=0.0001
[upd  162 | steps   82944 | t  149.9s | sps   553] ret_mean=0.000 ep_len=500.0 pi_loss=-0.005 v_loss=0.001 ent=0.440 msg_acc=0.000 kl=0.0094
[upd  163 | steps   83456 | t  150.5s | sps   555] ret_mean=0.000 ep_len=500.0 pi_loss=-0.002 v_loss=0.002 ent=0.358 msg_acc=0.000 kl=0.0012
[upd  164 | steps   83968 | t  151.1s | sps   556] ret_mean=0.000 ep_len=500.0 pi_loss=-0.004 v_loss=0.001 ent=0.317 msg_acc=0.000 kl=0.0068
[upd  165 | steps   84480 | t  151.7s | sps   557] ret_mean=0.000 ep_len=500.0 pi_loss=-0.004 v_loss=0.002 ent=0.735 msg_acc=0.000 kl=0.0006
[upd  166 | steps   84992 | t  152.3s | sps   558] ret_mean=15.000 ep_len=500.0 pi_loss=-0.003 v_loss=0.666 ent=0.543 msg_acc=0.000 kl=0.0139
[upd  167 | steps   85504 | t  152.9s | sps   559] ret_mean=71.000 ep_len=500.0 pi_loss=-0.004 v_loss=4.036 ent=0.333 msg_acc=0.000 kl=0.0138
[upd  168 | steps   86016 | t  153.5s | sps   560] ret_mean=0.000 ep_len=500.0 pi_loss=-0.007 v_loss=2.038 ent=0.693 msg_acc=0.000 kl=0.0185
[upd  169 | steps   86528 | t  154.1s | sps   561] ret_mean=62.000 ep_len=500.0 pi_loss=-0.005 v_loss=1.274 ent=0.525 msg_acc=0.000 kl=0.0111
[upd  170 | steps   87040 | t  154.7s | sps   563] ret_mean=17.000 ep_len=500.0 pi_loss=-0.003 v_loss=0.238 ent=0.415 msg_acc=0.000 kl=0.0071
[upd  171 | steps   87552 | t  155.3s | sps   564] ret_mean=0.000 ep_len=500.0 pi_loss=-0.002 v_loss=3.344 ent=0.224 msg_acc=0.000 kl=0.0026
[upd  172 | steps   88064 | t  155.9s | sps   565] ret_mean=125.000 ep_len=500.0 pi_loss=-0.009 v_loss=2.763 ent=0.405 msg_acc=0.000 kl=0.0118
[upd  173 | steps   88576 | t  156.5s | sps   566] ret_mean=0.000 ep_len=500.0 pi_loss=-0.003 v_loss=0.011 ent=0.743 msg_acc=0.000 kl=-0.0000
[upd  174 | steps   89088 | t  157.1s | sps   567] ret_mean=0.000 ep_len=500.0 pi_loss=-0.005 v_loss=0.011 ent=0.247 msg_acc=0.000 kl=0.0028
[upd  175 | steps   89600 | t  157.9s | sps   568] ret_mean=0.000 ep_len=500.0 pi_loss=-0.004 v_loss=3.964 ent=0.280 msg_acc=0.000 kl=0.0026
[upd  176 | steps   90112 | t  158.6s | sps   568] ret_mean=124.000 ep_len=500.0 pi_loss=-0.009 v_loss=4.842 ent=0.234 msg_acc=0.000 kl=0.0087
[upd  177 | steps   90624 | t  159.3s | sps   569] ret_mean=64.500 ep_len=500.0 pi_loss=-0.001 v_loss=1.505 ent=0.550 msg_acc=0.000 kl=0.0037
[upd  178 | steps   91136 | t  160.1s | sps   569] ret_mean=27.500 ep_len=500.0 pi_loss=-0.006 v_loss=0.048 ent=0.714 msg_acc=0.000 kl=0.0041
[upd  179 | steps   91648 | t  160.7s | sps   570] ret_mean=0.000 ep_len=500.0 pi_loss=-0.007 v_loss=0.009 ent=0.825 msg_acc=0.000 kl=0.0064
[upd  180 | steps   92160 | t  161.4s | sps   571] ret_mean=0.000 ep_len=500.0 pi_loss=-0.001 v_loss=0.011 ent=0.562 msg_acc=0.000 kl=0.0036
[upd  181 | steps   92672 | t  162.0s | sps   572] ret_mean=0.000 ep_len=500.0 pi_loss=-0.005 v_loss=0.007 ent=0.558 msg_acc=0.000 kl=0.0073
[upd  182 | steps   93184 | t  162.7s | sps   573] ret_mean=0.000 ep_len=500.0 pi_loss=-0.003 v_loss=0.005 ent=0.574 msg_acc=0.000 kl=0.0044
[upd  183 | steps   93696 | t  163.3s | sps   574] ret_mean=0.000 ep_len=500.0 pi_loss=-0.007 v_loss=0.002 ent=0.632 msg_acc=0.000 kl=0.0084
[upd  184 | steps   94208 | t  164.0s | sps   574] ret_mean=0.000 ep_len=500.0 pi_loss=-0.008 v_loss=3.666 ent=0.675 msg_acc=0.000 kl=0.0027
[upd  185 | steps   94720 | t  164.7s | sps   575] ret_mean=89.000 ep_len=500.0 pi_loss=-0.003 v_loss=0.928 ent=0.716 msg_acc=0.000 kl=0.0106
[upd  186 | steps   95232 | t  165.3s | sps   576] ret_mean=0.000 ep_len=500.0 pi_loss=-0.006 v_loss=2.571 ent=0.556 msg_acc=0.000 kl=0.0050
[upd  187 | steps   95744 | t  166.0s | sps   577] ret_mean=49.500 ep_len=500.0 pi_loss=-0.003 v_loss=0.010 ent=0.695 msg_acc=0.000 kl=0.0023
[upd  188 | steps   96256 | t  166.6s | sps   578] ret_mean=0.000 ep_len=500.0 pi_loss=-0.008 v_loss=4.240 ent=0.700 msg_acc=0.000 kl=0.0049
[upd  189 | steps   96768 | t  167.2s | sps   579] ret_mean=85.000 ep_len=500.0 pi_loss=-0.001 v_loss=0.028 ent=0.821 msg_acc=0.000 kl=0.0032
[upd  190 | steps   97280 | t  167.7s | sps   580] ret_mean=0.000 ep_len=500.0 pi_loss=-0.005 v_loss=2.606 ent=0.574 msg_acc=0.000 kl=0.0067
[upd  191 | steps   97792 | t  168.3s | sps   581] ret_mean=61.000 ep_len=500.0 pi_loss=-0.005 v_loss=0.041 ent=0.872 msg_acc=0.000 kl=0.0025
[upd  192 | steps   98304 | t  168.9s | sps   582] ret_mean=0.000 ep_len=500.0 pi_loss=-0.002 v_loss=0.007 ent=0.850 msg_acc=0.000 kl=-0.0025
[upd  193 | steps   98816 | t  169.6s | sps   583] ret_mean=0.000 ep_len=500.0 pi_loss=-0.007 v_loss=0.003 ent=0.736 msg_acc=0.000 kl=0.0084
[upd  194 | steps   99328 | t  170.2s | sps   584] ret_mean=0.000 ep_len=500.0 pi_loss=-0.004 v_loss=0.008 ent=0.766 msg_acc=0.000 kl=0.0050
[upd  195 | steps   99840 | t  170.8s | sps   585] ret_mean=0.000 ep_len=500.0 pi_loss=-0.007 v_loss=0.002 ent=0.868 msg_acc=0.000 kl=0.0032
[upd  196 | steps  100352 | t  171.4s | sps   586] ret_mean=0.000 ep_len=500.0 pi_loss=-0.004 v_loss=0.001 ent=1.035 msg_acc=0.000 kl=0.0001
[upd  197 | steps  100864 | t  172.0s | sps   587] ret_mean=2.500 ep_len=500.0 pi_loss=-0.004 v_loss=0.043 ent=0.682 msg_acc=0.000 kl=0.0053
[upd  198 | steps  101376 | t  172.6s | sps   587] ret_mean=0.000 ep_len=500.0 pi_loss=-0.004 v_loss=0.002 ent=0.738 msg_acc=0.000 kl=0.0065
[upd  199 | steps  101888 | t  173.2s | sps   588] ret_mean=0.000 ep_len=500.0 pi_loss=-0.006 v_loss=0.001 ent=0.906 msg_acc=0.000 kl=0.0074
[upd  200 | steps  102400 | t  173.8s | sps   589] ret_mean=16.500 ep_len=500.0 pi_loss=-0.006 v_loss=0.629 ent=1.169 msg_acc=0.000 kl=0.0092
        [eval] ret_mean=12.500 ep_len=500.0
