$ /Users/samchen/Coding/CLASSES/CS2860/.venv/bin/python3 -m policies.train --env rware-tiny-2ag-easy-v2 --seed 1 --updates 400 --rollout 512 --eval-every 25 --eval-episodes 30 --log-dir matrix_results/diagnostics_v1_sam/comm_2ag/main_tiny --run-name mappo-heartbeat-only__delay-only__d30__s1 --n-msg-tokens 8 --no-comm --heartbeat --heartbeat-period 1 --heartbeat-max-age-clip 128 --heartbeat-delay 30 --shape-rewards --pickup-bonus 0.5

[env] EnvSpec(env_id='rware-tiny-2ag-easy-v2', n_agents=2, obs_dim=73, n_env_actions=5, noop_action=0, family='rware')  (n_msg_tokens=1)
[cfg] {'clip_range': 0.2, 'value_clip_range': 0.2, 'entropy_coef': 0.01, 'value_coef': 0.5, 'max_grad_norm': 0.5, 'gamma': 0.99, 'gae_lambda': 0.95, 'lr_actor': 0.0003, 'lr_critic': 0.001, 'update_epochs': 4, 'minibatches': 4, 'hidden': 128, 'depth': 2, 'device': 'cpu', 'extra': {}}
[log] writing to matrix_results/diagnostics_v1_sam/comm_2ag/main_tiny/mappo-heartbeat-only__delay-only__d30__s1
[upd    1 | steps     512 | t    0.2s | sps  2778] ret_mean=1.500 ep_len=500.0 pi_loss=-0.004 v_loss=0.141 ent=1.608 kl=0.0028
[upd    2 | steps    1024 | t    0.4s | sps  2906] ret_mean=1.000 ep_len=500.0 pi_loss=-0.004 v_loss=0.022 ent=1.606 kl=0.0009
[upd    3 | steps    1536 | t    0.5s | sps  2932] ret_mean=1.500 ep_len=500.0 pi_loss=-0.003 v_loss=0.025 ent=1.603 kl=0.0030
[upd    4 | steps    2048 | t    0.7s | sps  2928] ret_mean=1.000 ep_len=500.0 pi_loss=-0.002 v_loss=0.012 ent=1.599 kl=0.0032
[upd    5 | steps    2560 | t    0.9s | sps  2777] ret_mean=0.000 ep_len=500.0 pi_loss=-0.002 v_loss=0.036 ent=1.578 kl=0.0003
[upd    6 | steps    3072 | t    1.1s | sps  2819] ret_mean=0.000 ep_len=500.0 pi_loss=-0.003 v_loss=0.026 ent=1.593 kl=0.0024
[upd    7 | steps    3584 | t    1.3s | sps  2842] ret_mean=3.000 ep_len=500.0 pi_loss=-0.006 v_loss=0.028 ent=1.587 kl=0.0005
[upd    8 | steps    4096 | t    1.4s | sps  2856] ret_mean=1.000 ep_len=500.0 pi_loss=-0.005 v_loss=0.045 ent=1.564 kl=0.0014
[upd    9 | steps    4608 | t    1.6s | sps  2867] ret_mean=4.500 ep_len=500.0 pi_loss=-0.005 v_loss=0.011 ent=1.567 kl=0.0036
[upd   10 | steps    5120 | t    1.8s | sps  2886] ret_mean=0.000 ep_len=500.0 pi_loss=-0.006 v_loss=0.007 ent=1.562 kl=0.0091
[upd   11 | steps    5632 | t    1.9s | sps  2901] ret_mean=0.500 ep_len=500.0 pi_loss=-0.002 v_loss=0.011 ent=1.539 kl=0.0018
[upd   12 | steps    6144 | t    2.1s | sps  2902] ret_mean=0.000 ep_len=500.0 pi_loss=-0.010 v_loss=0.006 ent=1.549 kl=0.0051
[upd   13 | steps    6656 | t    2.3s | sps  2910] ret_mean=0.500 ep_len=500.0 pi_loss=-0.003 v_loss=0.010 ent=1.537 kl=0.0032
[upd   14 | steps    7168 | t    2.5s | sps  2910] ret_mean=1.000 ep_len=500.0 pi_loss=-0.008 v_loss=0.008 ent=1.535 kl=0.0085
[upd   15 | steps    7680 | t    2.6s | sps  2919] ret_mean=0.000 ep_len=500.0 pi_loss=-0.005 v_loss=0.003 ent=1.490 kl=0.0079
[upd   16 | steps    8192 | t    2.8s | sps  2925] ret_mean=0.000 ep_len=500.0 pi_loss=-0.005 v_loss=0.006 ent=1.506 kl=0.0030
[upd   17 | steps    8704 | t    3.0s | sps  2927] ret_mean=2.000 ep_len=500.0 pi_loss=-0.005 v_loss=0.006 ent=1.534 kl=0.0032
[upd   18 | steps    9216 | t    3.1s | sps  2930] ret_mean=0.000 ep_len=500.0 pi_loss=-0.009 v_loss=0.001 ent=1.516 kl=0.0075
[upd   19 | steps    9728 | t    3.3s | sps  2935] ret_mean=1.000 ep_len=500.0 pi_loss=-0.005 v_loss=0.004 ent=1.497 kl=0.0062
[upd   20 | steps   10240 | t    3.5s | sps  2930] ret_mean=0.000 ep_len=500.0 pi_loss=-0.006 v_loss=0.001 ent=1.492 kl=0.0015
[upd   21 | steps   10752 | t    3.7s | sps  2933] ret_mean=0.000 ep_len=500.0 pi_loss=-0.007 v_loss=0.001 ent=1.534 kl=0.0050
[upd   22 | steps   11264 | t    3.8s | sps  2939] ret_mean=0.000 ep_len=500.0 pi_loss=-0.003 v_loss=0.001 ent=1.500 kl=0.0004
[upd   23 | steps   11776 | t    4.0s | sps  2942] ret_mean=0.000 ep_len=500.0 pi_loss=-0.005 v_loss=0.001 ent=1.484 kl=0.0020
[upd   24 | steps   12288 | t    4.2s | sps  2942] ret_mean=0.000 ep_len=500.0 pi_loss=-0.002 v_loss=0.003 ent=1.350 kl=0.0017
[upd   25 | steps   12800 | t    4.3s | sps  2946] ret_mean=1.500 ep_len=500.0 pi_loss=-0.007 v_loss=0.007 ent=1.408 kl=0.0116
        [eval] ret_mean=0.000 ep_len=500.0
[upd   26 | steps   13312 | t    8.4s | sps  1581] ret_mean=0.500 ep_len=500.0 pi_loss=-0.003 v_loss=0.003 ent=1.449 kl=0.0070
[upd   27 | steps   13824 | t    8.6s | sps  1608] ret_mean=0.000 ep_len=500.0 pi_loss=-0.007 v_loss=0.001 ent=1.523 kl=0.0028
[upd   28 | steps   14336 | t    8.8s | sps  1635] ret_mean=0.500 ep_len=500.0 pi_loss=-0.002 v_loss=0.003 ent=1.510 kl=0.0012
[upd   29 | steps   14848 | t    8.9s | sps  1662] ret_mean=0.000 ep_len=500.0 pi_loss=-0.006 v_loss=0.001 ent=1.552 kl=0.0045
[upd   30 | steps   15360 | t    9.1s | sps  1686] ret_mean=0.000 ep_len=500.0 pi_loss=-0.008 v_loss=0.001 ent=1.538 kl=0.0041
[upd   31 | steps   15872 | t    9.3s | sps  1710] ret_mean=2.500 ep_len=500.0 pi_loss=-0.007 v_loss=0.030 ent=1.526 kl=0.0019
[upd   32 | steps   16384 | t    9.5s | sps  1734] ret_mean=0.500 ep_len=500.0 pi_loss=-0.002 v_loss=0.003 ent=1.532 kl=0.0014
[upd   33 | steps   16896 | t    9.6s | sps  1755] ret_mean=0.000 ep_len=500.0 pi_loss=-0.006 v_loss=0.001 ent=1.506 kl=0.0045
[upd   34 | steps   17408 | t    9.8s | sps  1777] ret_mean=0.000 ep_len=500.0 pi_loss=-0.008 v_loss=0.001 ent=1.490 kl=0.0005
[upd   35 | steps   17920 | t   10.0s | sps  1797] ret_mean=0.000 ep_len=500.0 pi_loss=-0.004 v_loss=0.002 ent=1.548 kl=0.0019
[upd   36 | steps   18432 | t   10.1s | sps  1818] ret_mean=0.500 ep_len=500.0 pi_loss=-0.011 v_loss=0.002 ent=1.538 kl=0.0139
[upd   37 | steps   18944 | t   10.3s | sps  1837] ret_mean=0.500 ep_len=500.0 pi_loss=-0.009 v_loss=0.001 ent=1.501 kl=0.0001
[upd   38 | steps   19456 | t   10.5s | sps  1855] ret_mean=0.000 ep_len=500.0 pi_loss=-0.008 v_loss=0.002 ent=1.512 kl=0.0073
[upd   39 | steps   19968 | t   10.7s | sps  1873] ret_mean=0.500 ep_len=500.0 pi_loss=-0.009 v_loss=0.001 ent=1.497 kl=0.0027
[upd   40 | steps   20480 | t   10.8s | sps  1889] ret_mean=0.000 ep_len=500.0 pi_loss=-0.008 v_loss=0.001 ent=1.450 kl=0.0122
[upd   41 | steps   20992 | t   11.0s | sps  1906] ret_mean=0.000 ep_len=500.0 pi_loss=-0.004 v_loss=0.002 ent=1.435 kl=-0.0003
[upd   42 | steps   21504 | t   11.2s | sps  1922] ret_mean=0.500 ep_len=500.0 pi_loss=-0.007 v_loss=0.001 ent=1.438 kl=0.0061
[upd   43 | steps   22016 | t   11.4s | sps  1938] ret_mean=0.000 ep_len=500.0 pi_loss=-0.009 v_loss=0.001 ent=1.502 kl=0.0080
[upd   44 | steps   22528 | t   11.5s | sps  1951] ret_mean=0.500 ep_len=500.0 pi_loss=-0.008 v_loss=0.007 ent=1.490 kl=0.0039
[upd   45 | steps   23040 | t   11.7s | sps  1964] ret_mean=2.000 ep_len=500.0 pi_loss=-0.008 v_loss=0.004 ent=1.431 kl=0.0061
[upd   46 | steps   23552 | t   11.9s | sps  1978] ret_mean=0.500 ep_len=500.0 pi_loss=-0.007 v_loss=0.010 ent=1.460 kl=0.0023
[upd   47 | steps   24064 | t   12.1s | sps  1992] ret_mean=1.500 ep_len=500.0 pi_loss=-0.007 v_loss=0.001 ent=1.499 kl=-0.0012
[upd   48 | steps   24576 | t   12.3s | sps  2005] ret_mean=0.000 ep_len=500.0 pi_loss=-0.009 v_loss=0.006 ent=1.517 kl=0.0057
[upd   49 | steps   25088 | t   12.4s | sps  2018] ret_mean=3.500 ep_len=500.0 pi_loss=-0.003 v_loss=0.015 ent=1.461 kl=0.0013
[upd   50 | steps   25600 | t   12.6s | sps  2031] ret_mean=1.500 ep_len=500.0 pi_loss=-0.011 v_loss=0.002 ent=1.427 kl=0.0052
        [eval] ret_mean=0.000 ep_len=500.0
[upd   51 | steps   26112 | t   17.0s | sps  1534] ret_mean=0.500 ep_len=500.0 pi_loss=-0.007 v_loss=0.003 ent=1.476 kl=-0.0009
[upd   52 | steps   26624 | t   17.2s | sps  1545] ret_mean=0.000 ep_len=500.0 pi_loss=-0.005 v_loss=0.001 ent=1.414 kl=0.0042
[upd   53 | steps   27136 | t   17.4s | sps  1558] ret_mean=0.500 ep_len=500.0 pi_loss=-0.009 v_loss=0.002 ent=1.470 kl=0.0086
[upd   54 | steps   27648 | t   17.6s | sps  1572] ret_mean=0.000 ep_len=500.0 pi_loss=-0.008 v_loss=0.005 ent=1.506 kl=0.0009
[upd   55 | steps   28160 | t   17.8s | sps  1584] ret_mean=1.000 ep_len=500.0 pi_loss=-0.006 v_loss=0.001 ent=1.409 kl=0.0062
[upd   56 | steps   28672 | t   18.0s | sps  1597] ret_mean=0.000 ep_len=500.0 pi_loss=-0.010 v_loss=0.001 ent=1.416 kl=0.0075
[upd   57 | steps   29184 | t   18.1s | sps  1610] ret_mean=0.000 ep_len=500.0 pi_loss=-0.006 v_loss=0.002 ent=1.412 kl=0.0069
[upd   58 | steps   29696 | t   18.3s | sps  1622] ret_mean=2.000 ep_len=500.0 pi_loss=-0.009 v_loss=0.008 ent=1.367 kl=0.0041
[upd   59 | steps   30208 | t   18.5s | sps  1634] ret_mean=0.000 ep_len=500.0 pi_loss=-0.006 v_loss=0.001 ent=1.405 kl=0.0092
[upd   60 | steps   30720 | t   18.7s | sps  1647] ret_mean=0.500 ep_len=500.0 pi_loss=-0.008 v_loss=0.003 ent=1.471 kl=0.0016
[upd   61 | steps   31232 | t   18.8s | sps  1659] ret_mean=0.000 ep_len=500.0 pi_loss=-0.016 v_loss=0.013 ent=1.451 kl=0.0091
[upd   62 | steps   31744 | t   19.0s | sps  1670] ret_mean=2.000 ep_len=500.0 pi_loss=-0.009 v_loss=0.028 ent=1.401 kl=0.0015
[upd   63 | steps   32256 | t   19.2s | sps  1681] ret_mean=3.000 ep_len=500.0 pi_loss=-0.010 v_loss=0.008 ent=1.309 kl=0.0103
[upd   64 | steps   32768 | t   19.4s | sps  1692] ret_mean=2.500 ep_len=500.0 pi_loss=-0.009 v_loss=0.001 ent=1.422 kl=0.0081
[upd   65 | steps   33280 | t   19.5s | sps  1703] ret_mean=1.500 ep_len=500.0 pi_loss=-0.007 v_loss=0.050 ent=1.486 kl=0.0018
[upd   66 | steps   33792 | t   19.7s | sps  1714] ret_mean=7.000 ep_len=500.0 pi_loss=-0.008 v_loss=0.017 ent=1.364 kl=0.0137
[upd   67 | steps   34304 | t   19.9s | sps  1725] ret_mean=1.500 ep_len=500.0 pi_loss=-0.008 v_loss=0.017 ent=1.445 kl=0.0044
[upd   68 | steps   34816 | t   20.1s | sps  1735] ret_mean=2.000 ep_len=500.0 pi_loss=-0.001 v_loss=0.029 ent=1.452 kl=0.0010
[upd   69 | steps   35328 | t   20.2s | sps  1746] ret_mean=2.500 ep_len=500.0 pi_loss=-0.007 v_loss=0.011 ent=1.353 kl=0.0095
[upd   70 | steps   35840 | t   20.4s | sps  1757] ret_mean=5.500 ep_len=500.0 pi_loss=-0.006 v_loss=0.158 ent=1.373 kl=0.0067
[upd   71 | steps   36352 | t   20.6s | sps  1767] ret_mean=10.500 ep_len=500.0 pi_loss=-0.007 v_loss=0.028 ent=1.271 kl=0.0065
[upd   72 | steps   36864 | t   20.8s | sps  1776] ret_mean=3.500 ep_len=500.0 pi_loss=-0.008 v_loss=0.003 ent=1.319 kl=0.0076
[upd   73 | steps   37376 | t   20.9s | sps  1785] ret_mean=0.000 ep_len=500.0 pi_loss=-0.012 v_loss=0.002 ent=1.326 kl=0.0180
[upd   74 | steps   37888 | t   21.1s | sps  1794] ret_mean=0.000 ep_len=500.0 pi_loss=-0.021 v_loss=0.152 ent=1.312 kl=-0.0014
[upd   75 | steps   38400 | t   21.3s | sps  1804] ret_mean=7.000 ep_len=500.0 pi_loss=-0.009 v_loss=0.272 ent=1.320 kl=0.0076
        [eval] ret_mean=8.333 ep_len=500.0
[upd   76 | steps   38912 | t   25.8s | sps  1506] ret_mean=8.500 ep_len=500.0 pi_loss=-0.007 v_loss=0.263 ent=1.324 kl=0.0105
[upd   77 | steps   39424 | t   26.0s | sps  1515] ret_mean=24.000 ep_len=500.0 pi_loss=-0.007 v_loss=0.818 ent=1.333 kl=0.0074
[upd   78 | steps   39936 | t   26.2s | sps  1523] ret_mean=0.000 ep_len=500.0 pi_loss=-0.012 v_loss=0.129 ent=1.259 kl=-0.0027
[upd   79 | steps   40448 | t   26.4s | sps  1533] ret_mean=14.500 ep_len=500.0 pi_loss=-0.004 v_loss=0.143 ent=1.239 kl=0.0046
[upd   80 | steps   40960 | t   26.6s | sps  1541] ret_mean=22.500 ep_len=500.0 pi_loss=-0.011 v_loss=0.712 ent=1.217 kl=0.0188
[upd   81 | steps   41472 | t   26.8s | sps  1550] ret_mean=0.000 ep_len=500.0 pi_loss=-0.002 v_loss=0.013 ent=0.901 kl=0.0019
[upd   82 | steps   41984 | t   26.9s | sps  1558] ret_mean=0.000 ep_len=500.0 pi_loss=-0.003 v_loss=0.055 ent=1.173 kl=0.0043
[upd   83 | steps   42496 | t   27.1s | sps  1567] ret_mean=3.500 ep_len=500.0 pi_loss=-0.007 v_loss=0.325 ent=1.195 kl=0.0052
[upd   84 | steps   43008 | t   27.3s | sps  1576] ret_mean=71.000 ep_len=500.0 pi_loss=-0.009 v_loss=2.787 ent=0.802 kl=0.0067
[upd   85 | steps   43520 | t   27.5s | sps  1585] ret_mean=6.500 ep_len=500.0 pi_loss=-0.009 v_loss=0.012 ent=1.179 kl=0.0058
[upd   86 | steps   44032 | t   27.6s | sps  1593] ret_mean=0.000 ep_len=500.0 pi_loss=-0.007 v_loss=0.003 ent=1.046 kl=0.0038
[upd   87 | steps   44544 | t   27.8s | sps  1601] ret_mean=6.500 ep_len=500.0 pi_loss=-0.008 v_loss=0.135 ent=0.735 kl=0.0088
[upd   88 | steps   45056 | t   28.0s | sps  1608] ret_mean=0.000 ep_len=500.0 pi_loss=-0.005 v_loss=0.003 ent=0.596 kl=-0.0041
[upd   89 | steps   45568 | t   28.2s | sps  1614] ret_mean=0.000 ep_len=500.0 pi_loss=-0.005 v_loss=0.238 ent=0.513 kl=0.0013
[upd   90 | steps   46080 | t   28.4s | sps  1620] ret_mean=12.000 ep_len=500.0 pi_loss=-0.006 v_loss=0.105 ent=0.660 kl=0.0038
[upd   91 | steps   46592 | t   28.6s | sps  1628] ret_mean=6.500 ep_len=500.0 pi_loss=-0.007 v_loss=0.090 ent=0.839 kl=0.0071
[upd   92 | steps   47104 | t   28.8s | sps  1635] ret_mean=3.500 ep_len=500.0 pi_loss=-0.008 v_loss=0.541 ent=0.648 kl=0.0072
[upd   93 | steps   47616 | t   29.0s | sps  1644] ret_mean=49.000 ep_len=500.0 pi_loss=-0.009 v_loss=2.447 ent=0.594 kl=0.0112
[upd   94 | steps   48128 | t   29.1s | sps  1652] ret_mean=28.500 ep_len=500.0 pi_loss=-0.003 v_loss=2.093 ent=0.755 kl=0.0083
[upd   95 | steps   48640 | t   29.3s | sps  1660] ret_mean=109.000 ep_len=500.0 pi_loss=-0.007 v_loss=3.216 ent=0.582 kl=0.0167
[upd   96 | steps   49152 | t   29.5s | sps  1667] ret_mean=0.000 ep_len=500.0 pi_loss=-0.008 v_loss=1.468 ent=0.507 kl=0.0059
[upd   97 | steps   49664 | t   29.7s | sps  1675] ret_mean=51.000 ep_len=500.0 pi_loss=-0.002 v_loss=0.585 ent=0.723 kl=0.0038
[upd   98 | steps   50176 | t   29.8s | sps  1682] ret_mean=0.000 ep_len=500.0 pi_loss=-0.006 v_loss=0.013 ent=0.584 kl=0.0027
[upd   99 | steps   50688 | t   30.0s | sps  1690] ret_mean=44.500 ep_len=500.0 pi_loss=-0.001 v_loss=2.934 ent=0.513 kl=0.0008
[upd  100 | steps   51200 | t   30.2s | sps  1697] ret_mean=76.500 ep_len=500.0 pi_loss=-0.009 v_loss=2.038 ent=0.446 kl=0.0131
        [eval] ret_mean=4.167 ep_len=500.0
[upd  101 | steps   51712 | t   34.5s | sps  1498] ret_mean=48.500 ep_len=500.0 pi_loss=-0.006 v_loss=2.127 ent=0.861 kl=0.0018
[upd  102 | steps   52224 | t   34.7s | sps  1506] ret_mean=0.000 ep_len=500.0 pi_loss=-0.003 v_loss=0.114 ent=0.828 kl=0.0015
[upd  103 | steps   52736 | t   34.8s | sps  1514] ret_mean=3.000 ep_len=500.0 pi_loss=-0.002 v_loss=0.067 ent=0.435 kl=0.0061
[upd  104 | steps   53248 | t   35.0s | sps  1522] ret_mean=0.000 ep_len=500.0 pi_loss=-0.005 v_loss=0.085 ent=0.556 kl=0.0036
[upd  105 | steps   53760 | t   35.2s | sps  1529] ret_mean=37.500 ep_len=500.0 pi_loss=-0.000 v_loss=1.440 ent=0.629 kl=0.0033
[upd  106 | steps   54272 | t   35.3s | sps  1537] ret_mean=0.000 ep_len=500.0 pi_loss=-0.005 v_loss=0.015 ent=0.671 kl=0.0034
[upd  107 | steps   54784 | t   35.5s | sps  1544] ret_mean=0.000 ep_len=500.0 pi_loss=-0.004 v_loss=0.025 ent=0.582 kl=0.0047
[upd  108 | steps   55296 | t   35.6s | sps  1551] ret_mean=87.500 ep_len=500.0 pi_loss=-0.003 v_loss=4.840 ent=0.546 kl=0.0011
[upd  109 | steps   55808 | t   35.8s | sps  1558] ret_mean=50.000 ep_len=500.0 pi_loss=-0.005 v_loss=3.543 ent=0.457 kl=0.0063
[upd  110 | steps   56320 | t   36.0s | sps  1564] ret_mean=56.000 ep_len=500.0 pi_loss=-0.006 v_loss=2.175 ent=0.854 kl=0.0077
[upd  111 | steps   56832 | t   36.2s | sps  1571] ret_mean=111.000 ep_len=500.0 pi_loss=-0.003 v_loss=4.243 ent=0.564 kl=0.0006
[upd  112 | steps   57344 | t   36.4s | sps  1577] ret_mean=10.000 ep_len=500.0 pi_loss=-0.005 v_loss=1.442 ent=0.477 kl=0.0053
[upd  113 | steps   57856 | t   36.5s | sps  1584] ret_mean=112.500 ep_len=500.0 pi_loss=-0.004 v_loss=4.802 ent=0.333 kl=0.0048
[upd  114 | steps   58368 | t   36.7s | sps  1590] ret_mean=110.000 ep_len=500.0 pi_loss=-0.003 v_loss=3.560 ent=0.555 kl=0.0042
[upd  115 | steps   58880 | t   36.9s | sps  1597] ret_mean=104.500 ep_len=500.0 pi_loss=-0.003 v_loss=3.355 ent=0.562 kl=0.0027
[upd  116 | steps   59392 | t   37.0s | sps  1604] ret_mean=0.000 ep_len=500.0 pi_loss=-0.000 v_loss=1.706 ent=0.685 kl=0.0043
[upd  117 | steps   59904 | t   37.2s | sps  1610] ret_mean=172.000 ep_len=500.0 pi_loss=-0.005 v_loss=14.019 ent=0.427 kl=0.0076
[upd  118 | steps   60416 | t   37.4s | sps  1617] ret_mean=91.000 ep_len=500.0 pi_loss=-0.005 v_loss=2.912 ent=0.567 kl=0.0016
[upd  119 | steps   60928 | t   37.5s | sps  1623] ret_mean=14.500 ep_len=500.0 pi_loss=-0.012 v_loss=1.789 ent=0.751 kl=0.0122
[upd  120 | steps   61440 | t   37.7s | sps  1629] ret_mean=113.500 ep_len=500.0 pi_loss=-0.008 v_loss=1.944 ent=0.594 kl=0.0075
[upd  121 | steps   61952 | t   37.9s | sps  1634] ret_mean=0.000 ep_len=500.0 pi_loss=-0.008 v_loss=0.203 ent=0.907 kl=0.0032
[upd  122 | steps   62464 | t   38.1s | sps  1640] ret_mean=56.000 ep_len=500.0 pi_loss=-0.009 v_loss=3.587 ent=0.629 kl=0.0048
[upd  123 | steps   62976 | t   38.3s | sps  1646] ret_mean=42.000 ep_len=500.0 pi_loss=-0.003 v_loss=0.394 ent=0.846 kl=0.0004
[upd  124 | steps   63488 | t   38.5s | sps  1651] ret_mean=0.000 ep_len=500.0 pi_loss=-0.012 v_loss=2.343 ent=0.742 kl=0.0124
[upd  125 | steps   64000 | t   38.6s | sps  1656] ret_mean=103.000 ep_len=500.0 pi_loss=-0.009 v_loss=2.369 ent=0.834 kl=0.0025
        [eval] ret_mean=12.433 ep_len=500.0
[upd  126 | steps   64512 | t   43.0s | sps  1502] ret_mean=49.000 ep_len=500.0 pi_loss=-0.004 v_loss=2.037 ent=0.703 kl=0.0081
[upd  127 | steps   65024 | t   43.1s | sps  1507] ret_mean=0.000 ep_len=500.0 pi_loss=-0.008 v_loss=0.050 ent=0.716 kl=0.0052
[upd  128 | steps   65536 | t   43.3s | sps  1512] ret_mean=33.500 ep_len=500.0 pi_loss=-0.000 v_loss=1.372 ent=0.674 kl=0.0038
[upd  129 | steps   66048 | t   43.5s | sps  1517] ret_mean=45.500 ep_len=500.0 pi_loss=-0.006 v_loss=2.289 ent=0.611 kl=0.0155
[upd  130 | steps   66560 | t   43.7s | sps  1523] ret_mean=27.500 ep_len=500.0 pi_loss=-0.005 v_loss=0.551 ent=0.822 kl=0.0032
[upd  131 | steps   67072 | t   43.9s | sps  1528] ret_mean=74.000 ep_len=500.0 pi_loss=-0.006 v_loss=3.887 ent=0.638 kl=0.0034
[upd  132 | steps   67584 | t   44.1s | sps  1534] ret_mean=57.500 ep_len=500.0 pi_loss=-0.011 v_loss=2.048 ent=0.813 kl=0.0070
[upd  133 | steps   68096 | t   44.2s | sps  1540] ret_mean=113.000 ep_len=500.0 pi_loss=-0.004 v_loss=3.822 ent=0.559 kl=0.0054
[upd  134 | steps   68608 | t   44.4s | sps  1546] ret_mean=0.000 ep_len=500.0 pi_loss=-0.006 v_loss=2.630 ent=0.818 kl=0.0078
[upd  135 | steps   69120 | t   44.6s | sps  1551] ret_mean=70.500 ep_len=500.0 pi_loss=-0.003 v_loss=1.174 ent=0.701 kl=0.0033
[upd  136 | steps   69632 | t   44.7s | sps  1557] ret_mean=0.000 ep_len=500.0 pi_loss=-0.012 v_loss=0.089 ent=1.062 kl=0.0090
[upd  137 | steps   70144 | t   44.9s | sps  1562] ret_mean=22.000 ep_len=500.0 pi_loss=-0.005 v_loss=0.869 ent=0.788 kl=0.0078
[upd  138 | steps   70656 | t   45.1s | sps  1568] ret_mean=22.500 ep_len=500.0 pi_loss=-0.007 v_loss=1.917 ent=0.857 kl=0.0063
[upd  139 | steps   71168 | t   45.2s | sps  1574] ret_mean=109.500 ep_len=500.0 pi_loss=-0.007 v_loss=4.763 ent=0.495 kl=0.0077
[upd  140 | steps   71680 | t   45.4s | sps  1579] ret_mean=117.500 ep_len=500.0 pi_loss=-0.011 v_loss=4.152 ent=0.552 kl=0.0179
[upd  141 | steps   72192 | t   45.6s | sps  1583] ret_mean=104.500 ep_len=500.0 pi_loss=-0.004 v_loss=3.148 ent=0.584 kl=0.0046
[upd  142 | steps   72704 | t   45.8s | sps  1588] ret_mean=0.000 ep_len=500.0 pi_loss=-0.012 v_loss=0.068 ent=0.862 kl=0.0018
[upd  143 | steps   73216 | t   45.9s | sps  1594] ret_mean=0.000 ep_len=500.0 pi_loss=-0.005 v_loss=2.008 ent=0.790 kl=0.0088
[upd  144 | steps   73728 | t   46.1s | sps  1599] ret_mean=124.500 ep_len=500.0 pi_loss=-0.004 v_loss=2.394 ent=0.647 kl=0.0043
[upd  145 | steps   74240 | t   46.3s | sps  1605] ret_mean=0.000 ep_len=500.0 pi_loss=-0.005 v_loss=0.124 ent=0.905 kl=0.0137
[upd  146 | steps   74752 | t   46.4s | sps  1610] ret_mean=50.500 ep_len=500.0 pi_loss=-0.010 v_loss=4.143 ent=0.646 kl=0.0155
[upd  147 | steps   75264 | t   46.6s | sps  1616] ret_mean=116.000 ep_len=500.0 pi_loss=-0.008 v_loss=4.498 ent=0.602 kl=0.0084
[upd  148 | steps   75776 | t   46.7s | sps  1621] ret_mean=94.000 ep_len=500.0 pi_loss=-0.004 v_loss=2.080 ent=0.674 kl=0.0038
[upd  149 | steps   76288 | t   46.9s | sps  1627] ret_mean=0.000 ep_len=500.0 pi_loss=-0.005 v_loss=5.465 ent=0.533 kl=0.0050
[upd  150 | steps   76800 | t   47.1s | sps  1632] ret_mean=185.500 ep_len=500.0 pi_loss=-0.002 v_loss=10.688 ent=0.217 kl=0.0032
        [eval] ret_mean=20.800 ep_len=500.0
[upd  151 | steps   77312 | t   51.1s | sps  1514] ret_mean=100.500 ep_len=500.0 pi_loss=-0.006 v_loss=4.364 ent=0.556 kl=0.0040
[upd  152 | steps   77824 | t   51.2s | sps  1520] ret_mean=122.000 ep_len=500.0 pi_loss=-0.008 v_loss=4.356 ent=0.513 kl=0.0065
[upd  153 | steps   78336 | t   51.4s | sps  1524] ret_mean=0.000 ep_len=500.0 pi_loss=-0.008 v_loss=0.304 ent=0.793 kl=0.0031
[upd  154 | steps   78848 | t   51.7s | sps  1526] ret_mean=88.000 ep_len=500.0 pi_loss=-0.003 v_loss=5.681 ent=0.591 kl=0.0072
[upd  155 | steps   79360 | t   52.0s | sps  1527] ret_mean=93.500 ep_len=500.0 pi_loss=-0.009 v_loss=2.903 ent=0.678 kl=0.0123
[upd  156 | steps   79872 | t   52.3s | sps  1528] ret_mean=5.000 ep_len=500.0 pi_loss=-0.007 v_loss=0.605 ent=0.894 kl=0.0091
[upd  157 | steps   80384 | t   52.5s | sps  1532] ret_mean=122.500 ep_len=500.0 pi_loss=-0.004 v_loss=4.175 ent=0.456 kl=0.0013
[upd  158 | steps   80896 | t   52.7s | sps  1536] ret_mean=113.500 ep_len=500.0 pi_loss=-0.001 v_loss=4.080 ent=0.518 kl=0.0047
[upd  159 | steps   81408 | t   52.8s | sps  1541] ret_mean=120.000 ep_len=500.0 pi_loss=-0.004 v_loss=3.314 ent=0.569 kl=0.0044
[upd  160 | steps   81920 | t   53.0s | sps  1545] ret_mean=0.000 ep_len=500.0 pi_loss=-0.008 v_loss=0.198 ent=1.039 kl=-0.0045
[upd  161 | steps   82432 | t   53.2s | sps  1550] ret_mean=88.000 ep_len=500.0 pi_loss=-0.011 v_loss=3.109 ent=0.613 kl=0.0067
[upd  162 | steps   82944 | t   53.4s | sps  1554] ret_mean=54.000 ep_len=500.0 pi_loss=-0.006 v_loss=2.078 ent=0.764 kl=-0.0021
[upd  163 | steps   83456 | t   53.6s | sps  1558] ret_mean=85.000 ep_len=500.0 pi_loss=-0.005 v_loss=8.229 ent=0.378 kl=0.0048
[upd  164 | steps   83968 | t   53.8s | sps  1562] ret_mean=236.000 ep_len=500.0 pi_loss=-0.003 v_loss=13.532 ent=0.371 kl=0.0068
[upd  165 | steps   84480 | t   54.0s | sps  1566] ret_mean=0.000 ep_len=500.0 pi_loss=-0.007 v_loss=0.290 ent=0.680 kl=0.0082
[upd  166 | steps   84992 | t   54.1s | sps  1570] ret_mean=60.500 ep_len=500.0 pi_loss=-0.004 v_loss=2.498 ent=0.604 kl=0.0055
[upd  167 | steps   85504 | t   54.3s | sps  1574] ret_mean=59.500 ep_len=500.0 pi_loss=-0.003 v_loss=2.278 ent=0.478 kl=0.0034
[upd  168 | steps   86016 | t   54.5s | sps  1578] ret_mean=79.500 ep_len=500.0 pi_loss=-0.001 v_loss=3.742 ent=0.588 kl=0.0028
[upd  169 | steps   86528 | t   54.7s | sps  1582] ret_mean=102.500 ep_len=500.0 pi_loss=-0.007 v_loss=3.701 ent=0.455 kl=0.0059
[upd  170 | steps   87040 | t   54.9s | sps  1585] ret_mean=102.500 ep_len=500.0 pi_loss=-0.009 v_loss=3.361 ent=0.665 kl=0.0099
[upd  171 | steps   87552 | t   55.1s | sps  1589] ret_mean=158.500 ep_len=500.0 pi_loss=-0.004 v_loss=9.534 ent=0.527 kl=0.0046
[upd  172 | steps   88064 | t   55.3s | sps  1593] ret_mean=60.500 ep_len=500.0 pi_loss=-0.007 v_loss=3.855 ent=0.518 kl=0.0036
[upd  173 | steps   88576 | t   55.5s | sps  1596] ret_mean=116.000 ep_len=500.0 pi_loss=-0.006 v_loss=4.009 ent=0.468 kl=0.0008
[upd  174 | steps   89088 | t   55.7s | sps  1600] ret_mean=118.000 ep_len=500.0 pi_loss=-0.001 v_loss=8.417 ent=0.315 kl=0.0056
[upd  175 | steps   89600 | t   55.9s | sps  1604] ret_mean=154.500 ep_len=500.0 pi_loss=-0.010 v_loss=2.322 ent=0.565 kl=0.0138
        [eval] ret_mean=4.167 ep_len=500.0
[upd  176 | steps   90112 | t   60.1s | sps  1499] ret_mean=0.000 ep_len=500.0 pi_loss=-0.007 v_loss=0.797 ent=0.978 kl=0.0226
[upd  177 | steps   90624 | t   60.3s | sps  1504] ret_mean=122.500 ep_len=500.0 pi_loss=-0.003 v_loss=3.559 ent=0.513 kl=0.0012
[upd  178 | steps   91136 | t   60.4s | sps  1508] ret_mean=0.000 ep_len=500.0 pi_loss=-0.006 v_loss=1.221 ent=0.796 kl=0.0135
[upd  179 | steps   91648 | t   60.6s | sps  1512] ret_mean=216.000 ep_len=500.0 pi_loss=-0.016 v_loss=13.379 ent=0.304 kl=0.0220
[upd  180 | steps   92160 | t   60.8s | sps  1517] ret_mean=0.000 ep_len=500.0 pi_loss=-0.007 v_loss=1.105 ent=0.810 kl=0.0054
[upd  181 | steps   92672 | t   60.9s | sps  1521] ret_mean=123.000 ep_len=500.0 pi_loss=-0.005 v_loss=3.213 ent=0.677 kl=0.0082
[upd  182 | steps   93184 | t   61.1s | sps  1525] ret_mean=83.500 ep_len=500.0 pi_loss=-0.010 v_loss=2.695 ent=0.516 kl=0.0064
[upd  183 | steps   93696 | t   61.2s | sps  1530] ret_mean=96.500 ep_len=500.0 pi_loss=-0.002 v_loss=2.998 ent=0.462 kl=0.0017
[upd  184 | steps   94208 | t   61.4s | sps  1534] ret_mean=176.500 ep_len=500.0 pi_loss=-0.004 v_loss=10.918 ent=0.292 kl=0.0065
[upd  185 | steps   94720 | t   61.6s | sps  1539] ret_mean=77.500 ep_len=500.0 pi_loss=-0.006 v_loss=5.933 ent=0.465 kl=0.0086
[upd  186 | steps   95232 | t   61.7s | sps  1543] ret_mean=242.000 ep_len=500.0 pi_loss=-0.007 v_loss=11.964 ent=0.370 kl=0.0126
[upd  187 | steps   95744 | t   61.9s | sps  1547] ret_mean=0.000 ep_len=500.0 pi_loss=-0.005 v_loss=1.291 ent=0.915 kl=0.0062
[upd  188 | steps   96256 | t   62.1s | sps  1551] ret_mean=123.500 ep_len=500.0 pi_loss=-0.005 v_loss=2.603 ent=0.618 kl=0.0069
[upd  189 | steps   96768 | t   62.2s | sps  1555] ret_mean=80.000 ep_len=500.0 pi_loss=-0.006 v_loss=4.116 ent=0.617 kl=0.0053
[upd  190 | steps   97280 | t   62.4s | sps  1559] ret_mean=121.500 ep_len=500.0 pi_loss=-0.005 v_loss=2.138 ent=0.552 kl=0.0068
[upd  191 | steps   97792 | t   62.6s | sps  1563] ret_mean=0.000 ep_len=500.0 pi_loss=-0.005 v_loss=2.032 ent=0.875 kl=0.0090
[upd  192 | steps   98304 | t   62.7s | sps  1567] ret_mean=122.000 ep_len=500.0 pi_loss=-0.005 v_loss=6.805 ent=0.434 kl=0.0084
[upd  193 | steps   98816 | t   62.9s | sps  1571] ret_mean=218.000 ep_len=500.0 pi_loss=-0.003 v_loss=9.919 ent=0.190 kl=0.0055
[upd  194 | steps   99328 | t   63.1s | sps  1575] ret_mean=181.000 ep_len=500.0 pi_loss=-0.000 v_loss=9.123 ent=0.418 kl=0.0030
[upd  195 | steps   99840 | t   63.2s | sps  1579] ret_mean=44.000 ep_len=500.0 pi_loss=-0.003 v_loss=5.397 ent=0.708 kl=0.0049
[upd  196 | steps  100352 | t   63.4s | sps  1583] ret_mean=77.500 ep_len=500.0 pi_loss=-0.004 v_loss=2.705 ent=0.958 kl=0.0085
[upd  197 | steps  100864 | t   63.5s | sps  1587] ret_mean=90.000 ep_len=500.0 pi_loss=-0.005 v_loss=3.527 ent=0.617 kl=0.0026
[upd  198 | steps  101376 | t   63.7s | sps  1591] ret_mean=53.500 ep_len=500.0 pi_loss=-0.008 v_loss=1.937 ent=0.732 kl=0.0144
[upd  199 | steps  101888 | t   63.9s | sps  1596] ret_mean=110.000 ep_len=500.0 pi_loss=-0.004 v_loss=3.320 ent=0.451 kl=0.0270
[upd  200 | steps  102400 | t   64.0s | sps  1600] ret_mean=58.500 ep_len=500.0 pi_loss=-0.004 v_loss=1.820 ent=0.710 kl=0.0090
        [eval] ret_mean=12.383 ep_len=500.0
[upd  201 | steps  102912 | t   68.0s | sps  1512] ret_mean=242.000 ep_len=500.0 pi_loss=-0.003 v_loss=15.641 ent=0.110 kl=0.0044
[upd  202 | steps  103424 | t   68.2s | sps  1516] ret_mean=72.500 ep_len=500.0 pi_loss=-0.002 v_loss=2.764 ent=0.652 kl=0.0010
[upd  203 | steps  103936 | t   68.5s | sps  1518] ret_mean=120.000 ep_len=500.0 pi_loss=-0.007 v_loss=2.823 ent=0.496 kl=0.0064
[upd  204 | steps  104448 | t   68.7s | sps  1519] ret_mean=160.000 ep_len=500.0 pi_loss=-0.010 v_loss=8.924 ent=0.396 kl=0.0170
[upd  205 | steps  104960 | t   69.0s | sps  1522] ret_mean=89.500 ep_len=500.0 pi_loss=-0.006 v_loss=3.158 ent=0.598 kl=0.0023
[upd  206 | steps  105472 | t   69.2s | sps  1525] ret_mean=114.500 ep_len=500.0 pi_loss=-0.005 v_loss=3.073 ent=0.510 kl=0.0077
[upd  207 | steps  105984 | t   69.4s | sps  1528] ret_mean=14.500 ep_len=500.0 pi_loss=-0.003 v_loss=2.605 ent=0.704 kl=0.0045
[upd  208 | steps  106496 | t   69.6s | sps  1531] ret_mean=122.000 ep_len=500.0 pi_loss=-0.006 v_loss=2.108 ent=0.524 kl=0.0073
[upd  209 | steps  107008 | t   69.8s | sps  1533] ret_mean=52.500 ep_len=500.0 pi_loss=-0.006 v_loss=3.121 ent=0.583 kl=0.0091
[upd  210 | steps  107520 | t   70.0s | sps  1536] ret_mean=165.500 ep_len=500.0 pi_loss=-0.005 v_loss=9.359 ent=0.404 kl=0.0113
[upd  211 | steps  108032 | t   70.2s | sps  1539] ret_mean=145.500 ep_len=500.0 pi_loss=-0.003 v_loss=7.262 ent=0.515 kl=0.0031
[upd  212 | steps  108544 | t   70.4s | sps  1542] ret_mean=0.000 ep_len=500.0 pi_loss=-0.005 v_loss=1.350 ent=0.773 kl=-0.0021
[upd  213 | steps  109056 | t   70.5s | sps  1546] ret_mean=139.500 ep_len=500.0 pi_loss=-0.002 v_loss=5.979 ent=0.477 kl=0.0040
[upd  214 | steps  109568 | t   70.7s | sps  1550] ret_mean=137.000 ep_len=500.0 pi_loss=-0.001 v_loss=5.251 ent=0.666 kl=0.0026
[upd  215 | steps  110080 | t   70.9s | sps  1554] ret_mean=118.500 ep_len=500.0 pi_loss=-0.004 v_loss=7.245 ent=0.471 kl=0.0070
[upd  216 | steps  110592 | t   71.0s | sps  1557] ret_mean=44.500 ep_len=500.0 pi_loss=-0.005 v_loss=2.700 ent=0.814 kl=0.0028
[upd  217 | steps  111104 | t   71.2s | sps  1561] ret_mean=0.000 ep_len=500.0 pi_loss=-0.005 v_loss=1.828 ent=0.733 kl=0.0079
[upd  218 | steps  111616 | t   71.4s | sps  1564] ret_mean=110.500 ep_len=500.0 pi_loss=-0.007 v_loss=2.873 ent=0.502 kl=0.0091
[upd  219 | steps  112128 | t   71.6s | sps  1567] ret_mean=117.500 ep_len=500.0 pi_loss=-0.007 v_loss=2.913 ent=0.522 kl=0.0069
[upd  220 | steps  112640 | t   71.7s | sps  1570] ret_mean=118.000 ep_len=500.0 pi_loss=-0.002 v_loss=6.544 ent=0.316 kl=0.0019
[upd  221 | steps  113152 | t   71.9s | sps  1574] ret_mean=229.500 ep_len=500.0 pi_loss=-0.002 v_loss=8.005 ent=0.442 kl=0.0135
[upd  222 | steps  113664 | t   72.1s | sps  1577] ret_mean=84.000 ep_len=500.0 pi_loss=-0.003 v_loss=2.428 ent=0.734 kl=0.0043
[upd  223 | steps  114176 | t   72.3s | sps  1579] ret_mean=59.500 ep_len=500.0 pi_loss=-0.006 v_loss=2.877 ent=0.574 kl=0.0136
[upd  224 | steps  114688 | t   72.5s | sps  1583] ret_mean=118.000 ep_len=500.0 pi_loss=-0.009 v_loss=3.309 ent=0.621 kl=0.0180
[upd  225 | steps  115200 | t   72.6s | sps  1586] ret_mean=116.000 ep_len=500.0 pi_loss=-0.003 v_loss=6.563 ent=0.514 kl=0.0004
        [eval] ret_mean=12.483 ep_len=500.0
[upd  226 | steps  115712 | t   76.5s | sps  1512] ret_mean=191.500 ep_len=500.0 pi_loss=-0.002 v_loss=9.956 ent=0.306 kl=0.0013
[upd  227 | steps  116224 | t   76.7s | sps  1516] ret_mean=67.500 ep_len=500.0 pi_loss=-0.002 v_loss=3.224 ent=0.696 kl=0.0018
[upd  228 | steps  116736 | t   76.8s | sps  1519] ret_mean=246.000 ep_len=500.0 pi_loss=-0.001 v_loss=12.363 ent=0.166 kl=0.0018
[upd  229 | steps  117248 | t   77.0s | sps  1523] ret_mean=155.000 ep_len=500.0 pi_loss=-0.003 v_loss=7.743 ent=0.479 kl=0.0042
[upd  230 | steps  117760 | t   77.2s | sps  1526] ret_mean=210.500 ep_len=500.0 pi_loss=-0.005 v_loss=10.684 ent=0.294 kl=0.0066
[upd  231 | steps  118272 | t   77.3s | sps  1530] ret_mean=99.500 ep_len=500.0 pi_loss=-0.002 v_loss=3.412 ent=0.647 kl=0.0044
[upd  232 | steps  118784 | t   77.5s | sps  1533] ret_mean=109.500 ep_len=500.0 pi_loss=-0.005 v_loss=2.346 ent=0.741 kl=0.0024
[upd  233 | steps  119296 | t   77.6s | sps  1537] ret_mean=0.000 ep_len=500.0 pi_loss=-0.007 v_loss=1.813 ent=1.081 kl=0.0043
[upd  234 | steps  119808 | t   77.8s | sps  1540] ret_mean=159.500 ep_len=500.0 pi_loss=-0.007 v_loss=9.890 ent=0.543 kl=0.0102
[upd  235 | steps  120320 | t   78.0s | sps  1543] ret_mean=99.500 ep_len=500.0 pi_loss=-0.003 v_loss=2.696 ent=0.651 kl=0.0036
[upd  236 | steps  120832 | t   78.2s | sps  1546] ret_mean=133.000 ep_len=500.0 pi_loss=-0.007 v_loss=9.980 ent=0.551 kl=0.0173
[upd  237 | steps  121344 | t   78.3s | sps  1549] ret_mean=0.000 ep_len=500.0 pi_loss=-0.010 v_loss=1.217 ent=1.113 kl=0.0104
[upd  238 | steps  121856 | t   78.5s | sps  1553] ret_mean=10.500 ep_len=500.0 pi_loss=-0.006 v_loss=1.510 ent=1.059 kl=0.0142
[upd  239 | steps  122368 | t   78.6s | sps  1556] ret_mean=0.000 ep_len=500.0 pi_loss=-0.005 v_loss=0.635 ent=1.076 kl=0.0027
[upd  240 | steps  122880 | t   78.8s | sps  1559] ret_mean=44.500 ep_len=500.0 pi_loss=-0.009 v_loss=2.847 ent=0.729 kl=0.0084
[upd  241 | steps  123392 | t   79.0s | sps  1562] ret_mean=116.500 ep_len=500.0 pi_loss=-0.004 v_loss=2.888 ent=0.588 kl=0.0026
[upd  242 | steps  123904 | t   79.2s | sps  1564] ret_mean=107.500 ep_len=500.0 pi_loss=-0.006 v_loss=2.980 ent=0.552 kl=0.0103
[upd  243 | steps  124416 | t   79.4s | sps  1567] ret_mean=174.500 ep_len=500.0 pi_loss=-0.005 v_loss=7.404 ent=0.466 kl=0.0119
[upd  244 | steps  124928 | t   79.5s | sps  1571] ret_mean=0.000 ep_len=500.0 pi_loss=-0.006 v_loss=0.328 ent=0.954 kl=0.0041
[upd  245 | steps  125440 | t   79.7s | sps  1574] ret_mean=0.000 ep_len=500.0 pi_loss=-0.005 v_loss=1.347 ent=0.798 kl=0.0027
[upd  246 | steps  125952 | t   79.9s | sps  1577] ret_mean=102.500 ep_len=500.0 pi_loss=-0.008 v_loss=7.711 ent=0.463 kl=0.0068
[upd  247 | steps  126464 | t   80.0s | sps  1580] ret_mean=214.500 ep_len=500.0 pi_loss=-0.001 v_loss=8.397 ent=0.304 kl=0.0058
[upd  248 | steps  126976 | t   80.2s | sps  1583] ret_mean=120.000 ep_len=500.0 pi_loss=-0.003 v_loss=2.924 ent=0.597 kl=0.0082
[upd  249 | steps  127488 | t   80.3s | sps  1587] ret_mean=105.000 ep_len=500.0 pi_loss=-0.008 v_loss=2.283 ent=0.732 kl=0.0135
[upd  250 | steps  128000 | t   80.5s | sps  1590] ret_mean=0.000 ep_len=500.0 pi_loss=-0.004 v_loss=1.836 ent=0.693 kl=0.0066
        [eval] ret_mean=29.150 ep_len=500.0
[upd  251 | steps  128512 | t   84.4s | sps  1523] ret_mean=112.000 ep_len=500.0 pi_loss=-0.004 v_loss=2.662 ent=0.578 kl=0.0083
[upd  252 | steps  129024 | t   84.5s | sps  1526] ret_mean=0.000 ep_len=500.0 pi_loss=-0.006 v_loss=1.154 ent=0.937 kl=0.0095
[upd  253 | steps  129536 | t   84.7s | sps  1530] ret_mean=112.500 ep_len=500.0 pi_loss=-0.004 v_loss=2.859 ent=0.672 kl=0.0006
[upd  254 | steps  130048 | t   84.9s | sps  1533] ret_mean=27.500 ep_len=500.0 pi_loss=-0.006 v_loss=2.123 ent=0.833 kl=0.0101
[upd  255 | steps  130560 | t   85.0s | sps  1536] ret_mean=93.000 ep_len=500.0 pi_loss=-0.002 v_loss=2.372 ent=0.693 kl=0.0017
[upd  256 | steps  131072 | t   85.2s | sps  1539] ret_mean=68.000 ep_len=500.0 pi_loss=-0.006 v_loss=2.514 ent=0.742 kl=0.0071
[upd  257 | steps  131584 | t   85.3s | sps  1542] ret_mean=134.000 ep_len=500.0 pi_loss=-0.010 v_loss=9.314 ent=0.506 kl=0.0084
[upd  258 | steps  132096 | t   85.5s | sps  1546] ret_mean=111.000 ep_len=500.0 pi_loss=-0.002 v_loss=3.121 ent=0.436 kl=0.0016
[upd  259 | steps  132608 | t   85.6s | sps  1549] ret_mean=122.500 ep_len=500.0 pi_loss=-0.008 v_loss=2.954 ent=0.479 kl=0.0217
[upd  260 | steps  133120 | t   85.8s | sps  1552] ret_mean=119.500 ep_len=500.0 pi_loss=-0.003 v_loss=2.469 ent=0.574 kl=0.0116
[upd  261 | steps  133632 | t   86.0s | sps  1555] ret_mean=90.000 ep_len=500.0 pi_loss=-0.005 v_loss=2.984 ent=0.661 kl=0.0064
[upd  262 | steps  134144 | t   86.1s | sps  1558] ret_mean=0.000 ep_len=500.0 pi_loss=-0.010 v_loss=1.128 ent=0.856 kl=0.0050
[upd  263 | steps  134656 | t   86.3s | sps  1561] ret_mean=17.000 ep_len=500.0 pi_loss=-0.005 v_loss=4.373 ent=0.753 kl=0.0042
[upd  264 | steps  135168 | t   86.4s | sps  1564] ret_mean=229.000 ep_len=500.0 pi_loss=-0.003 v_loss=9.829 ent=0.360 kl=0.0045
[upd  265 | steps  135680 | t   86.6s | sps  1567] ret_mean=62.500 ep_len=500.0 pi_loss=-0.002 v_loss=7.661 ent=0.529 kl=0.0077
[upd  266 | steps  136192 | t   86.7s | sps  1570] ret_mean=229.500 ep_len=500.0 pi_loss=-0.000 v_loss=7.945 ent=0.384 kl=0.0044
[upd  267 | steps  136704 | t   86.9s | sps  1573] ret_mean=68.500 ep_len=500.0 pi_loss=-0.007 v_loss=2.720 ent=0.692 kl=0.0083
[upd  268 | steps  137216 | t   87.0s | sps  1577] ret_mean=70.000 ep_len=500.0 pi_loss=-0.006 v_loss=4.321 ent=0.485 kl=0.0080
[upd  269 | steps  137728 | t   87.2s | sps  1580] ret_mean=125.000 ep_len=500.0 pi_loss=-0.003 v_loss=2.003 ent=0.601 kl=0.0096
[upd  270 | steps  138240 | t   87.3s | sps  1583] ret_mean=0.000 ep_len=500.0 pi_loss=-0.006 v_loss=4.999 ent=0.542 kl=0.0052
[upd  271 | steps  138752 | t   87.5s | sps  1586] ret_mean=158.500 ep_len=500.0 pi_loss=-0.011 v_loss=3.389 ent=0.480 kl=0.0030
[upd  272 | steps  139264 | t   87.7s | sps  1589] ret_mean=121.000 ep_len=500.0 pi_loss=-0.006 v_loss=2.592 ent=0.553 kl=0.0005
[upd  273 | steps  139776 | t   87.8s | sps  1592] ret_mean=126.000 ep_len=500.0 pi_loss=-0.002 v_loss=5.672 ent=0.535 kl=0.0065
[upd  274 | steps  140288 | t   88.0s | sps  1595] ret_mean=96.000 ep_len=500.0 pi_loss=-0.005 v_loss=2.343 ent=0.454 kl=0.0038
[upd  275 | steps  140800 | t   88.1s | sps  1598] ret_mean=124.000 ep_len=500.0 pi_loss=-0.003 v_loss=3.109 ent=0.567 kl=0.0101
        [eval] ret_mean=24.950 ep_len=500.0
[upd  276 | steps  141312 | t   92.1s | sps  1534] ret_mean=98.000 ep_len=500.0 pi_loss=-0.006 v_loss=2.811 ent=0.635 kl=0.0055
[upd  277 | steps  141824 | t   92.3s | sps  1537] ret_mean=53.500 ep_len=500.0 pi_loss=-0.004 v_loss=3.035 ent=0.593 kl=0.0078
[upd  278 | steps  142336 | t   92.5s | sps  1539] ret_mean=125.000 ep_len=500.0 pi_loss=-0.008 v_loss=2.342 ent=0.626 kl=0.0087
[upd  279 | steps  142848 | t   92.7s | sps  1542] ret_mean=91.000 ep_len=500.0 pi_loss=-0.009 v_loss=3.166 ent=0.610 kl=0.0070
[upd  280 | steps  143360 | t   92.8s | sps  1545] ret_mean=176.500 ep_len=500.0 pi_loss=-0.002 v_loss=10.602 ent=0.332 kl=0.0044
[upd  281 | steps  143872 | t   93.0s | sps  1547] ret_mean=97.000 ep_len=500.0 pi_loss=-0.006 v_loss=4.089 ent=0.625 kl=0.0066
[upd  282 | steps  144384 | t   93.2s | sps  1550] ret_mean=72.500 ep_len=500.0 pi_loss=-0.007 v_loss=4.325 ent=0.688 kl=0.0115
[upd  283 | steps  144896 | t   93.3s | sps  1553] ret_mean=172.000 ep_len=500.0 pi_loss=-0.003 v_loss=13.720 ent=0.169 kl=-0.0001
[upd  284 | steps  145408 | t   93.4s | sps  1556] ret_mean=246.500 ep_len=500.0 pi_loss=-0.006 v_loss=10.456 ent=0.244 kl=0.0084
[upd  285 | steps  145920 | t   93.6s | sps  1559] ret_mean=86.500 ep_len=500.0 pi_loss=-0.004 v_loss=3.457 ent=0.593 kl=0.0084
[upd  286 | steps  146432 | t   93.8s | sps  1561] ret_mean=59.000 ep_len=500.0 pi_loss=-0.008 v_loss=3.324 ent=0.619 kl=0.0128
[upd  287 | steps  146944 | t   93.9s | sps  1564] ret_mean=181.500 ep_len=500.0 pi_loss=-0.005 v_loss=12.902 ent=0.191 kl=0.0040
[upd  288 | steps  147456 | t   94.1s | sps  1567] ret_mean=235.500 ep_len=500.0 pi_loss=-0.001 v_loss=12.424 ent=0.081 kl=-0.0001
[upd  289 | steps  147968 | t   94.2s | sps  1570] ret_mean=228.500 ep_len=500.0 pi_loss=-0.001 v_loss=11.339 ent=0.126 kl=-0.0012
[upd  290 | steps  148480 | t   94.4s | sps  1573] ret_mean=208.500 ep_len=500.0 pi_loss=-0.004 v_loss=8.637 ent=0.277 kl=0.0062
[upd  291 | steps  148992 | t   94.6s | sps  1576] ret_mean=105.000 ep_len=500.0 pi_loss=-0.008 v_loss=5.516 ent=0.427 kl=0.0034
[upd  292 | steps  149504 | t   94.7s | sps  1578] ret_mean=120.000 ep_len=500.0 pi_loss=-0.004 v_loss=6.697 ent=0.408 kl=0.0060
[upd  293 | steps  150016 | t   94.9s | sps  1581] ret_mean=230.000 ep_len=500.0 pi_loss=-0.001 v_loss=8.382 ent=0.203 kl=0.0063
[upd  294 | steps  150528 | t   95.0s | sps  1584] ret_mean=124.500 ep_len=500.0 pi_loss=-0.003 v_loss=2.961 ent=0.500 kl=-0.0013
[upd  295 | steps  151040 | t   95.2s | sps  1587] ret_mean=100.500 ep_len=500.0 pi_loss=-0.004 v_loss=6.269 ent=0.339 kl=0.0039
[upd  296 | steps  151552 | t   95.4s | sps  1589] ret_mean=223.500 ep_len=500.0 pi_loss=-0.002 v_loss=8.249 ent=0.309 kl=0.0044
[upd  297 | steps  152064 | t   95.5s | sps  1592] ret_mean=98.500 ep_len=500.0 pi_loss=-0.004 v_loss=6.843 ent=0.333 kl=0.0017
[upd  298 | steps  152576 | t   95.7s | sps  1595] ret_mean=225.000 ep_len=500.0 pi_loss=-0.001 v_loss=7.187 ent=0.289 kl=0.0036
[upd  299 | steps  153088 | t   95.8s | sps  1598] ret_mean=152.500 ep_len=500.0 pi_loss=-0.001 v_loss=10.868 ent=0.187 kl=-0.0011
[upd  300 | steps  153600 | t   96.0s | sps  1600] ret_mean=208.500 ep_len=500.0 pi_loss=-0.002 v_loss=11.241 ent=0.121 kl=-0.0005
        [eval] ret_mean=45.583 ep_len=500.0
[upd  301 | steps  154112 | t  100.2s | sps  1538] ret_mean=180.500 ep_len=500.0 pi_loss=-0.002 v_loss=7.034 ent=0.313 kl=0.0107
[upd  302 | steps  154624 | t  100.3s | sps  1541] ret_mean=92.500 ep_len=500.0 pi_loss=-0.007 v_loss=3.372 ent=0.457 kl=0.0103
[upd  303 | steps  155136 | t  100.5s | sps  1543] ret_mean=96.500 ep_len=500.0 pi_loss=-0.008 v_loss=4.113 ent=0.525 kl=0.0010
[upd  304 | steps  155648 | t  100.7s | sps  1545] ret_mean=171.000 ep_len=500.0 pi_loss=-0.003 v_loss=5.751 ent=0.347 kl=0.0019
[upd  305 | steps  156160 | t  100.9s | sps  1548] ret_mean=72.000 ep_len=500.0 pi_loss=-0.007 v_loss=4.822 ent=0.760 kl=-0.0007
[upd  306 | steps  156672 | t  101.1s | sps  1550] ret_mean=211.000 ep_len=500.0 pi_loss=-0.004 v_loss=10.681 ent=0.239 kl=-0.0018
[upd  307 | steps  157184 | t  101.2s | sps  1553] ret_mean=204.500 ep_len=500.0 pi_loss=-0.003 v_loss=10.915 ent=0.222 kl=0.0038
[upd  308 | steps  157696 | t  101.4s | sps  1555] ret_mean=89.500 ep_len=500.0 pi_loss=-0.005 v_loss=6.707 ent=0.489 kl=0.0059
[upd  309 | steps  158208 | t  101.6s | sps  1558] ret_mean=230.000 ep_len=500.0 pi_loss=-0.001 v_loss=11.482 ent=0.111 kl=-0.0000
[upd  310 | steps  158720 | t  101.7s | sps  1560] ret_mean=226.000 ep_len=500.0 pi_loss=-0.002 v_loss=11.556 ent=0.100 kl=0.0013
[upd  311 | steps  159232 | t  101.9s | sps  1562] ret_mean=234.000 ep_len=500.0 pi_loss=-0.005 v_loss=8.192 ent=0.223 kl=0.0057
[upd  312 | steps  159744 | t  102.1s | sps  1564] ret_mean=159.500 ep_len=500.0 pi_loss=-0.004 v_loss=6.762 ent=0.291 kl=0.0075
[upd  313 | steps  160256 | t  102.4s | sps  1566] ret_mean=77.000 ep_len=500.0 pi_loss=-0.004 v_loss=7.327 ent=0.537 kl=0.0055
[upd  314 | steps  160768 | t  102.6s | sps  1567] ret_mean=111.500 ep_len=500.0 pi_loss=-0.012 v_loss=5.807 ent=0.643 kl=0.0045
[upd  315 | steps  161280 | t  102.8s | sps  1569] ret_mean=59.000 ep_len=500.0 pi_loss=-0.007 v_loss=5.475 ent=0.703 kl=0.0076
[upd  316 | steps  161792 | t  102.9s | sps  1572] ret_mean=172.000 ep_len=500.0 pi_loss=-0.002 v_loss=11.198 ent=0.107 kl=-0.0001
[upd  317 | steps  162304 | t  103.1s | sps  1574] ret_mean=217.000 ep_len=500.0 pi_loss=-0.003 v_loss=11.946 ent=0.109 kl=-0.0038
[upd  318 | steps  162816 | t  103.3s | sps  1577] ret_mean=234.000 ep_len=500.0 pi_loss=-0.005 v_loss=9.273 ent=0.234 kl=0.0095
[upd  319 | steps  163328 | t  103.4s | sps  1579] ret_mean=145.500 ep_len=500.0 pi_loss=-0.004 v_loss=10.020 ent=0.211 kl=0.0066
[upd  320 | steps  163840 | t  103.6s | sps  1582] ret_mean=181.000 ep_len=500.0 pi_loss=-0.002 v_loss=11.175 ent=0.036 kl=-0.0007
[upd  321 | steps  164352 | t  103.7s | sps  1584] ret_mean=243.000 ep_len=500.0 pi_loss=-0.000 v_loss=10.671 ent=0.015 kl=-0.0004
[upd  322 | steps  164864 | t  103.9s | sps  1587] ret_mean=250.000 ep_len=500.0 pi_loss=-0.002 v_loss=8.838 ent=0.254 kl=0.0034
[upd  323 | steps  165376 | t  104.0s | sps  1590] ret_mean=136.000 ep_len=500.0 pi_loss=-0.003 v_loss=10.245 ent=0.219 kl=0.0032
[upd  324 | steps  165888 | t  104.2s | sps  1592] ret_mean=200.000 ep_len=500.0 pi_loss=-0.000 v_loss=8.706 ent=0.173 kl=0.0073
[upd  325 | steps  166400 | t  104.4s | sps  1594] ret_mean=150.000 ep_len=500.0 pi_loss=-0.005 v_loss=7.785 ent=0.234 kl=0.0097
        [eval] ret_mean=24.633 ep_len=500.0
[upd  326 | steps  166912 | t  108.9s | sps  1533] ret_mean=249.000 ep_len=500.0 pi_loss=-0.001 v_loss=11.474 ent=0.043 kl=0.0001
[upd  327 | steps  167424 | t  109.0s | sps  1536] ret_mean=197.500 ep_len=500.0 pi_loss=-0.002 v_loss=11.259 ent=0.209 kl=0.0041
[upd  328 | steps  167936 | t  109.2s | sps  1538] ret_mean=214.500 ep_len=500.0 pi_loss=-0.001 v_loss=10.739 ent=0.172 kl=0.0014
[upd  329 | steps  168448 | t  109.4s | sps  1540] ret_mean=122.500 ep_len=500.0 pi_loss=-0.003 v_loss=4.964 ent=0.457 kl=0.0075
[upd  330 | steps  168960 | t  109.6s | sps  1542] ret_mean=215.500 ep_len=500.0 pi_loss=-0.001 v_loss=11.097 ent=0.134 kl=-0.0001
[upd  331 | steps  169472 | t  109.8s | sps  1544] ret_mean=200.000 ep_len=500.0 pi_loss=-0.003 v_loss=10.768 ent=0.170 kl=0.0003
[upd  332 | steps  169984 | t  109.9s | sps  1546] ret_mean=233.000 ep_len=500.0 pi_loss=-0.000 v_loss=11.282 ent=0.010 kl=-0.0000
[upd  333 | steps  170496 | t  110.1s | sps  1549] ret_mean=249.500 ep_len=500.0 pi_loss=-0.001 v_loss=10.709 ent=0.115 kl=0.0006
[upd  334 | steps  171008 | t  110.3s | sps  1551] ret_mean=169.000 ep_len=500.0 pi_loss=-0.002 v_loss=10.217 ent=0.226 kl=0.0052
[upd  335 | steps  171520 | t  110.4s | sps  1553] ret_mean=241.500 ep_len=500.0 pi_loss=-0.000 v_loss=10.386 ent=0.141 kl=0.0001
[upd  336 | steps  172032 | t  110.6s | sps  1556] ret_mean=144.000 ep_len=500.0 pi_loss=-0.004 v_loss=10.874 ent=0.387 kl=0.0031
[upd  337 | steps  172544 | t  110.7s | sps  1558] ret_mean=223.500 ep_len=500.0 pi_loss=-0.001 v_loss=12.121 ent=0.095 kl=-0.0005
[upd  338 | steps  173056 | t  110.9s | sps  1561] ret_mean=232.500 ep_len=500.0 pi_loss=-0.001 v_loss=11.254 ent=0.131 kl=-0.0030
[upd  339 | steps  173568 | t  111.1s | sps  1563] ret_mean=217.000 ep_len=500.0 pi_loss=-0.002 v_loss=11.331 ent=0.262 kl=0.0034
[upd  340 | steps  174080 | t  111.2s | sps  1565] ret_mean=177.000 ep_len=500.0 pi_loss=-0.002 v_loss=11.193 ent=0.365 kl=0.0041
[upd  341 | steps  174592 | t  111.4s | sps  1567] ret_mean=84.500 ep_len=500.0 pi_loss=-0.008 v_loss=7.739 ent=0.480 kl=0.0069
[upd  342 | steps  175104 | t  111.6s | sps  1570] ret_mean=187.500 ep_len=500.0 pi_loss=-0.005 v_loss=12.810 ent=0.202 kl=0.0035
[upd  343 | steps  175616 | t  111.7s | sps  1572] ret_mean=235.000 ep_len=500.0 pi_loss=-0.001 v_loss=11.649 ent=0.218 kl=0.0014
[upd  344 | steps  176128 | t  111.9s | sps  1574] ret_mean=168.000 ep_len=500.0 pi_loss=-0.004 v_loss=9.257 ent=0.492 kl=0.0080
[upd  345 | steps  176640 | t  112.1s | sps  1576] ret_mean=154.500 ep_len=500.0 pi_loss=-0.002 v_loss=11.769 ent=0.277 kl=0.0033
[upd  346 | steps  177152 | t  112.2s | sps  1578] ret_mean=157.500 ep_len=500.0 pi_loss=-0.008 v_loss=10.188 ent=0.275 kl=0.0073
[upd  347 | steps  177664 | t  112.4s | sps  1580] ret_mean=225.500 ep_len=500.0 pi_loss=-0.002 v_loss=13.832 ent=0.425 kl=0.0120
[upd  348 | steps  178176 | t  112.6s | sps  1582] ret_mean=129.000 ep_len=500.0 pi_loss=-0.002 v_loss=13.678 ent=0.247 kl=0.0009
[upd  349 | steps  178688 | t  112.8s | sps  1584] ret_mean=194.500 ep_len=500.0 pi_loss=-0.002 v_loss=12.428 ent=0.196 kl=0.0027
[upd  350 | steps  179200 | t  113.0s | sps  1586] ret_mean=207.500 ep_len=500.0 pi_loss=-0.002 v_loss=12.227 ent=0.126 kl=0.0012
        [eval] ret_mean=41.200 ep_len=500.0
[upd  351 | steps  179712 | t  117.2s | sps  1533] ret_mean=240.500 ep_len=500.0 pi_loss=-0.003 v_loss=13.429 ent=0.131 kl=0.0030
[upd  352 | steps  180224 | t  117.4s | sps  1535] ret_mean=112.500 ep_len=500.0 pi_loss=-0.002 v_loss=9.401 ent=0.425 kl=0.0079
[upd  353 | steps  180736 | t  117.5s | sps  1538] ret_mean=222.000 ep_len=500.0 pi_loss=-0.003 v_loss=12.062 ent=0.150 kl=0.0039
[upd  354 | steps  181248 | t  117.7s | sps  1540] ret_mean=122.000 ep_len=500.0 pi_loss=-0.006 v_loss=8.388 ent=0.448 kl=0.0017
[upd  355 | steps  181760 | t  117.9s | sps  1542] ret_mean=239.500 ep_len=500.0 pi_loss=-0.002 v_loss=12.345 ent=0.189 kl=0.0035
[upd  356 | steps  182272 | t  118.1s | sps  1544] ret_mean=206.500 ep_len=500.0 pi_loss=-0.002 v_loss=12.515 ent=0.216 kl=-0.0013
[upd  357 | steps  182784 | t  118.2s | sps  1546] ret_mean=222.000 ep_len=500.0 pi_loss=-0.003 v_loss=11.003 ent=0.220 kl=0.0052
[upd  358 | steps  183296 | t  118.4s | sps  1548] ret_mean=191.500 ep_len=500.0 pi_loss=-0.001 v_loss=13.074 ent=0.342 kl=0.0057
[upd  359 | steps  183808 | t  118.6s | sps  1550] ret_mean=78.500 ep_len=500.0 pi_loss=-0.007 v_loss=13.100 ent=0.754 kl=-0.0006
[upd  360 | steps  184320 | t  118.7s | sps  1552] ret_mean=114.000 ep_len=500.0 pi_loss=-0.003 v_loss=9.251 ent=0.677 kl=0.0037
[upd  361 | steps  184832 | t  118.9s | sps  1554] ret_mean=186.000 ep_len=500.0 pi_loss=-0.009 v_loss=16.291 ent=0.568 kl=0.0152
[upd  362 | steps  185344 | t  119.1s | sps  1556] ret_mean=91.000 ep_len=500.0 pi_loss=-0.004 v_loss=11.972 ent=0.589 kl=0.0045
[upd  363 | steps  185856 | t  119.3s | sps  1559] ret_mean=7.000 ep_len=500.0 pi_loss=-0.007 v_loss=13.578 ent=0.810 kl=0.0042
[upd  364 | steps  186368 | t  119.4s | sps  1561] ret_mean=108.500 ep_len=500.0 pi_loss=-0.008 v_loss=12.847 ent=0.578 kl=0.0067
[upd  365 | steps  186880 | t  119.6s | sps  1563] ret_mean=143.500 ep_len=500.0 pi_loss=-0.006 v_loss=10.998 ent=0.332 kl=0.0065
[upd  366 | steps  187392 | t  119.8s | sps  1565] ret_mean=228.000 ep_len=500.0 pi_loss=-0.003 v_loss=11.764 ent=0.392 kl=0.0003
[upd  367 | steps  187904 | t  119.9s | sps  1567] ret_mean=175.000 ep_len=500.0 pi_loss=-0.001 v_loss=11.393 ent=0.486 kl=0.0089
[upd  368 | steps  188416 | t  120.1s | sps  1569] ret_mean=127.000 ep_len=500.0 pi_loss=-0.011 v_loss=9.610 ent=0.468 kl=0.0045
[upd  369 | steps  188928 | t  120.2s | sps  1571] ret_mean=184.500 ep_len=500.0 pi_loss=-0.002 v_loss=12.979 ent=0.178 kl=0.0002
[upd  370 | steps  189440 | t  120.4s | sps  1573] ret_mean=205.000 ep_len=500.0 pi_loss=-0.005 v_loss=11.434 ent=0.290 kl=0.0024
[upd  371 | steps  189952 | t  120.6s | sps  1575] ret_mean=237.000 ep_len=500.0 pi_loss=-0.000 v_loss=12.594 ent=0.340 kl=0.0022
[upd  372 | steps  190464 | t  120.7s | sps  1577] ret_mean=198.000 ep_len=500.0 pi_loss=-0.009 v_loss=12.239 ent=0.233 kl=0.0127
[upd  373 | steps  190976 | t  120.9s | sps  1579] ret_mean=234.500 ep_len=500.0 pi_loss=-0.003 v_loss=12.412 ent=0.411 kl=0.0079
[upd  374 | steps  191488 | t  121.1s | sps  1582] ret_mean=186.500 ep_len=500.0 pi_loss=0.000 v_loss=12.323 ent=0.410 kl=0.0025
[upd  375 | steps  192000 | t  121.2s | sps  1584] ret_mean=136.500 ep_len=500.0 pi_loss=-0.005 v_loss=13.585 ent=0.786 kl=0.0018
        [eval] ret_mean=41.350 ep_len=500.0
[upd  376 | steps  192512 | t  125.7s | sps  1532] ret_mean=174.500 ep_len=500.0 pi_loss=-0.013 v_loss=10.028 ent=0.568 kl=0.0047
[upd  377 | steps  193024 | t  125.8s | sps  1534] ret_mean=56.000 ep_len=500.0 pi_loss=-0.008 v_loss=12.838 ent=0.776 kl=0.0031
[upd  378 | steps  193536 | t  126.0s | sps  1536] ret_mean=110.500 ep_len=500.0 pi_loss=-0.007 v_loss=12.551 ent=0.631 kl=0.0013
[upd  379 | steps  194048 | t  126.2s | sps  1538] ret_mean=108.000 ep_len=500.0 pi_loss=-0.003 v_loss=7.580 ent=0.521 kl=0.0041
[upd  380 | steps  194560 | t  126.3s | sps  1540] ret_mean=189.500 ep_len=500.0 pi_loss=-0.012 v_loss=9.406 ent=0.353 kl=0.0147
[upd  381 | steps  195072 | t  126.5s | sps  1542] ret_mean=100.500 ep_len=500.0 pi_loss=-0.001 v_loss=7.977 ent=0.696 kl=0.0088
[upd  382 | steps  195584 | t  126.7s | sps  1543] ret_mean=71.000 ep_len=500.0 pi_loss=-0.006 v_loss=8.011 ent=0.833 kl=0.0076
[upd  383 | steps  196096 | t  126.9s | sps  1545] ret_mean=182.500 ep_len=500.0 pi_loss=-0.002 v_loss=9.551 ent=0.460 kl=0.0026
[upd  384 | steps  196608 | t  127.1s | sps  1547] ret_mean=153.500 ep_len=500.0 pi_loss=-0.001 v_loss=10.773 ent=0.388 kl=-0.0008
[upd  385 | steps  197120 | t  127.2s | sps  1549] ret_mean=229.500 ep_len=500.0 pi_loss=-0.001 v_loss=11.722 ent=0.207 kl=0.0030
[upd  386 | steps  197632 | t  127.4s | sps  1552] ret_mean=226.000 ep_len=500.0 pi_loss=0.001 v_loss=11.001 ent=0.262 kl=0.0025
[upd  387 | steps  198144 | t  127.5s | sps  1554] ret_mean=114.500 ep_len=500.0 pi_loss=-0.005 v_loss=8.570 ent=0.561 kl=0.0040
[upd  388 | steps  198656 | t  127.7s | sps  1556] ret_mean=211.500 ep_len=500.0 pi_loss=-0.004 v_loss=11.193 ent=0.400 kl=0.0073
[upd  389 | steps  199168 | t  127.9s | sps  1558] ret_mean=106.500 ep_len=500.0 pi_loss=-0.001 v_loss=8.924 ent=0.562 kl=0.0090
[upd  390 | steps  199680 | t  128.0s | sps  1559] ret_mean=160.500 ep_len=500.0 pi_loss=-0.003 v_loss=9.410 ent=0.389 kl=0.0039
[upd  391 | steps  200192 | t  128.2s | sps  1561] ret_mean=196.000 ep_len=500.0 pi_loss=-0.006 v_loss=11.936 ent=0.465 kl=0.0071
[upd  392 | steps  200704 | t  128.4s | sps  1563] ret_mean=88.500 ep_len=500.0 pi_loss=-0.003 v_loss=10.368 ent=0.540 kl=-0.0001
[upd  393 | steps  201216 | t  128.6s | sps  1564] ret_mean=89.000 ep_len=500.0 pi_loss=-0.003 v_loss=6.999 ent=0.598 kl=0.0040
[upd  394 | steps  201728 | t  128.8s | sps  1566] ret_mean=151.500 ep_len=500.0 pi_loss=-0.001 v_loss=10.131 ent=0.408 kl=0.0030
[upd  395 | steps  202240 | t  129.0s | sps  1568] ret_mean=210.000 ep_len=500.0 pi_loss=-0.005 v_loss=11.283 ent=0.358 kl=0.0018
[upd  396 | steps  202752 | t  129.1s | sps  1570] ret_mean=132.500 ep_len=500.0 pi_loss=-0.003 v_loss=9.049 ent=0.482 kl=-0.0062
[upd  397 | steps  203264 | t  129.3s | sps  1572] ret_mean=167.000 ep_len=500.0 pi_loss=-0.004 v_loss=10.578 ent=0.446 kl=0.0026
[upd  398 | steps  203776 | t  129.5s | sps  1574] ret_mean=182.000 ep_len=500.0 pi_loss=-0.001 v_loss=11.707 ent=0.381 kl=0.0013
[upd  399 | steps  204288 | t  129.7s | sps  1576] ret_mean=216.500 ep_len=500.0 pi_loss=-0.000 v_loss=12.168 ent=0.621 kl=0.0047
[upd  400 | steps  204800 | t  129.8s | sps  1577] ret_mean=97.000 ep_len=500.0 pi_loss=-0.006 v_loss=11.019 ent=0.645 kl=0.0166
        [eval] ret_mean=53.800 ep_len=500.0
