$ /Users/samchen/Coding/CLASSES/CS2860/.venv/bin/python3 -m policies.train --env rware-tiny-2ag-easy-v2 --seed 3 --updates 400 --rollout 512 --eval-every 25 --eval-episodes 30 --log-dir matrix_results/diagnostics_v1_sam/comm_2ag/main_tiny --run-name mappo-heartbeat-only__delay-only__d30__s3 --n-msg-tokens 8 --no-comm --heartbeat --heartbeat-period 1 --heartbeat-max-age-clip 128 --heartbeat-delay 30 --shape-rewards --pickup-bonus 0.5

[env] EnvSpec(env_id='rware-tiny-2ag-easy-v2', n_agents=2, obs_dim=73, n_env_actions=5, noop_action=0, family='rware')  (n_msg_tokens=1)
[cfg] {'clip_range': 0.2, 'value_clip_range': 0.2, 'entropy_coef': 0.01, 'value_coef': 0.5, 'max_grad_norm': 0.5, 'gamma': 0.99, 'gae_lambda': 0.95, 'lr_actor': 0.0003, 'lr_critic': 0.001, 'update_epochs': 4, 'minibatches': 4, 'hidden': 128, 'depth': 2, 'device': 'cpu', 'extra': {}}
[log] writing to matrix_results/diagnostics_v1_sam/comm_2ag/main_tiny/mappo-heartbeat-only__delay-only__d30__s3
[upd    1 | steps     512 | t    0.2s | sps  2765] ret_mean=0.000 ep_len=500.0 pi_loss=-0.006 v_loss=0.060 ent=1.606 kl=0.0175
[upd    2 | steps    1024 | t    0.4s | sps  2893] ret_mean=1.500 ep_len=500.0 pi_loss=-0.005 v_loss=0.025 ent=1.599 kl=0.0031
[upd    3 | steps    1536 | t    0.5s | sps  2844] ret_mean=5.500 ep_len=500.0 pi_loss=-0.009 v_loss=0.058 ent=1.588 kl=0.0104
[upd    4 | steps    2048 | t    0.7s | sps  2892] ret_mean=0.000 ep_len=500.0 pi_loss=-0.005 v_loss=0.005 ent=1.572 kl=-0.0002
[upd    5 | steps    2560 | t    0.9s | sps  2739] ret_mean=5.000 ep_len=500.0 pi_loss=-0.008 v_loss=0.081 ent=1.577 kl=0.0036
[upd    6 | steps    3072 | t    1.1s | sps  2781] ret_mean=2.000 ep_len=500.0 pi_loss=-0.009 v_loss=0.073 ent=1.553 kl=0.0047
[upd    7 | steps    3584 | t    1.3s | sps  2828] ret_mean=5.000 ep_len=500.0 pi_loss=-0.006 v_loss=0.007 ent=1.572 kl=0.0008
[upd    8 | steps    4096 | t    1.4s | sps  2845] ret_mean=4.500 ep_len=500.0 pi_loss=-0.004 v_loss=0.078 ent=1.567 kl=0.0003
[upd    9 | steps    4608 | t    1.6s | sps  2864] ret_mean=3.500 ep_len=500.0 pi_loss=-0.006 v_loss=0.048 ent=1.579 kl=0.0020
[upd   10 | steps    5120 | t    1.8s | sps  2875] ret_mean=0.000 ep_len=500.0 pi_loss=-0.007 v_loss=0.003 ent=1.550 kl=0.0040
[upd   11 | steps    5632 | t    1.9s | sps  2890] ret_mean=0.500 ep_len=500.0 pi_loss=-0.007 v_loss=0.002 ent=1.550 kl=0.0062
[upd   12 | steps    6144 | t    2.1s | sps  2904] ret_mean=0.000 ep_len=500.0 pi_loss=-0.005 v_loss=0.003 ent=1.565 kl=-0.0016
[upd   13 | steps    6656 | t    2.3s | sps  2883] ret_mean=0.500 ep_len=500.0 pi_loss=-0.006 v_loss=0.005 ent=1.573 kl=0.0095
[upd   14 | steps    7168 | t    2.5s | sps  2854] ret_mean=0.000 ep_len=500.0 pi_loss=-0.005 v_loss=0.005 ent=1.569 kl=0.0014
[upd   15 | steps    7680 | t    2.7s | sps  2838] ret_mean=0.500 ep_len=500.0 pi_loss=-0.005 v_loss=0.002 ent=1.561 kl=-0.0028
[upd   16 | steps    8192 | t    2.9s | sps  2844] ret_mean=2.000 ep_len=500.0 pi_loss=-0.004 v_loss=0.013 ent=1.570 kl=0.0031
[upd   17 | steps    8704 | t    3.0s | sps  2859] ret_mean=0.000 ep_len=500.0 pi_loss=-0.005 v_loss=0.002 ent=1.505 kl=0.0054
[upd   18 | steps    9216 | t    3.2s | sps  2865] ret_mean=0.000 ep_len=500.0 pi_loss=-0.008 v_loss=0.002 ent=1.505 kl=0.0134
[upd   19 | steps    9728 | t    3.4s | sps  2872] ret_mean=0.000 ep_len=500.0 pi_loss=-0.011 v_loss=0.050 ent=1.491 kl=0.0009
[upd   20 | steps   10240 | t    3.6s | sps  2850] ret_mean=4.500 ep_len=500.0 pi_loss=-0.002 v_loss=0.002 ent=1.432 kl=0.0047
[upd   21 | steps   10752 | t    3.8s | sps  2840] ret_mean=0.000 ep_len=500.0 pi_loss=-0.008 v_loss=0.002 ent=1.400 kl=0.0075
[upd   22 | steps   11264 | t    4.0s | sps  2841] ret_mean=0.000 ep_len=500.0 pi_loss=-0.008 v_loss=0.002 ent=1.355 kl=0.0096
[upd   23 | steps   11776 | t    4.1s | sps  2842] ret_mean=0.500 ep_len=500.0 pi_loss=-0.006 v_loss=0.001 ent=1.340 kl=0.0042
[upd   24 | steps   12288 | t    4.3s | sps  2830] ret_mean=0.000 ep_len=500.0 pi_loss=-0.004 v_loss=0.003 ent=1.249 kl=-0.0018
[upd   25 | steps   12800 | t    4.5s | sps  2843] ret_mean=0.500 ep_len=500.0 pi_loss=-0.004 v_loss=0.003 ent=1.375 kl=-0.0027
        [eval] ret_mean=0.000 ep_len=500.0
[upd   26 | steps   13312 | t    9.2s | sps  1440] ret_mean=0.500 ep_len=500.0 pi_loss=-0.007 v_loss=0.003 ent=1.367 kl=0.0053
[upd   27 | steps   13824 | t    9.4s | sps  1465] ret_mean=2.000 ep_len=500.0 pi_loss=-0.007 v_loss=0.008 ent=1.390 kl=0.0048
[upd   28 | steps   14336 | t    9.6s | sps  1491] ret_mean=0.000 ep_len=500.0 pi_loss=-0.007 v_loss=0.007 ent=1.423 kl=0.0002
[upd   29 | steps   14848 | t    9.8s | sps  1517] ret_mean=6.000 ep_len=500.0 pi_loss=-0.010 v_loss=0.060 ent=1.397 kl=0.0146
[upd   30 | steps   15360 | t   10.0s | sps  1537] ret_mean=0.500 ep_len=500.0 pi_loss=-0.001 v_loss=0.061 ent=1.403 kl=0.0114
[upd   31 | steps   15872 | t   10.2s | sps  1559] ret_mean=5.500 ep_len=500.0 pi_loss=-0.003 v_loss=0.024 ent=1.373 kl=0.0021
[upd   32 | steps   16384 | t   10.4s | sps  1580] ret_mean=2.000 ep_len=500.0 pi_loss=-0.007 v_loss=0.002 ent=1.391 kl=0.0058
[upd   33 | steps   16896 | t   10.6s | sps  1599] ret_mean=3.500 ep_len=500.0 pi_loss=-0.007 v_loss=0.022 ent=1.414 kl=0.0092
[upd   34 | steps   17408 | t   10.8s | sps  1617] ret_mean=2.000 ep_len=500.0 pi_loss=-0.012 v_loss=0.114 ent=1.351 kl=0.0139
[upd   35 | steps   17920 | t   11.0s | sps  1634] ret_mean=5.500 ep_len=500.0 pi_loss=-0.003 v_loss=0.014 ent=1.357 kl=0.0075
[upd   36 | steps   18432 | t   11.2s | sps  1649] ret_mean=1.500 ep_len=500.0 pi_loss=-0.009 v_loss=0.041 ent=1.399 kl=0.0028
[upd   37 | steps   18944 | t   11.4s | sps  1665] ret_mean=4.500 ep_len=500.0 pi_loss=-0.007 v_loss=0.008 ent=1.438 kl=0.0017
[upd   38 | steps   19456 | t   11.6s | sps  1684] ret_mean=1.500 ep_len=500.0 pi_loss=-0.005 v_loss=0.011 ent=1.428 kl=0.0020
[upd   39 | steps   19968 | t   11.8s | sps  1698] ret_mean=2.500 ep_len=500.0 pi_loss=-0.006 v_loss=0.032 ent=1.373 kl=-0.0021
[upd   40 | steps   20480 | t   12.0s | sps  1712] ret_mean=0.000 ep_len=500.0 pi_loss=-0.011 v_loss=0.003 ent=1.423 kl=0.0209
[upd   41 | steps   20992 | t   12.1s | sps  1728] ret_mean=0.000 ep_len=500.0 pi_loss=-0.005 v_loss=0.007 ent=1.414 kl=0.0027
[upd   42 | steps   21504 | t   12.3s | sps  1746] ret_mean=5.500 ep_len=500.0 pi_loss=-0.008 v_loss=0.079 ent=1.403 kl=0.0035
[upd   43 | steps   22016 | t   12.5s | sps  1763] ret_mean=5.000 ep_len=500.0 pi_loss=-0.005 v_loss=0.003 ent=1.402 kl=0.0083
[upd   44 | steps   22528 | t   12.7s | sps  1779] ret_mean=0.000 ep_len=500.0 pi_loss=-0.009 v_loss=0.003 ent=1.291 kl=0.0026
[upd   45 | steps   23040 | t   12.9s | sps  1792] ret_mean=0.000 ep_len=500.0 pi_loss=-0.005 v_loss=0.007 ent=1.347 kl=0.0032
[upd   46 | steps   23552 | t   13.1s | sps  1802] ret_mean=1.500 ep_len=500.0 pi_loss=-0.009 v_loss=0.003 ent=1.379 kl=0.0055
[upd   47 | steps   24064 | t   13.3s | sps  1814] ret_mean=0.500 ep_len=500.0 pi_loss=-0.006 v_loss=0.010 ent=1.292 kl=0.0016
[upd   48 | steps   24576 | t   13.4s | sps  1829] ret_mean=2.000 ep_len=500.0 pi_loss=-0.004 v_loss=0.005 ent=1.286 kl=0.0083
[upd   49 | steps   25088 | t   13.6s | sps  1838] ret_mean=2.000 ep_len=500.0 pi_loss=-0.006 v_loss=0.007 ent=1.369 kl=0.0121
[upd   50 | steps   25600 | t   13.9s | sps  1847] ret_mean=5.500 ep_len=500.0 pi_loss=-0.007 v_loss=0.062 ent=1.381 kl=0.0020
        [eval] ret_mean=12.450 ep_len=500.0
[upd   51 | steps   26112 | t   18.4s | sps  1421] ret_mean=0.000 ep_len=500.0 pi_loss=-0.008 v_loss=0.003 ent=1.448 kl=-0.0005
[upd   52 | steps   26624 | t   18.6s | sps  1433] ret_mean=3.500 ep_len=500.0 pi_loss=-0.009 v_loss=0.020 ent=1.370 kl=0.0128
[upd   53 | steps   27136 | t   18.8s | sps  1445] ret_mean=2.000 ep_len=500.0 pi_loss=-0.006 v_loss=0.024 ent=1.402 kl=-0.0008
[upd   54 | steps   27648 | t   19.0s | sps  1458] ret_mean=0.000 ep_len=500.0 pi_loss=-0.007 v_loss=0.003 ent=1.323 kl=0.0038
[upd   55 | steps   28160 | t   19.2s | sps  1470] ret_mean=4.000 ep_len=500.0 pi_loss=-0.007 v_loss=0.052 ent=1.347 kl=-0.0026
[upd   56 | steps   28672 | t   19.3s | sps  1483] ret_mean=2.000 ep_len=500.0 pi_loss=-0.006 v_loss=0.004 ent=1.267 kl=0.0093
[upd   57 | steps   29184 | t   19.5s | sps  1495] ret_mean=0.000 ep_len=500.0 pi_loss=-0.011 v_loss=0.275 ent=1.362 kl=0.0099
[upd   58 | steps   29696 | t   19.7s | sps  1505] ret_mean=19.500 ep_len=500.0 pi_loss=-0.006 v_loss=0.192 ent=1.286 kl=0.0186
[upd   59 | steps   30208 | t   20.0s | sps  1514] ret_mean=1.000 ep_len=500.0 pi_loss=-0.008 v_loss=0.009 ent=1.360 kl=0.0071
[upd   60 | steps   30720 | t   20.2s | sps  1523] ret_mean=1.000 ep_len=500.0 pi_loss=-0.004 v_loss=0.010 ent=1.288 kl=0.0064
[upd   61 | steps   31232 | t   20.4s | sps  1534] ret_mean=2.500 ep_len=500.0 pi_loss=-0.006 v_loss=0.040 ent=1.338 kl=-0.0054
[upd   62 | steps   31744 | t   20.5s | sps  1546] ret_mean=2.000 ep_len=500.0 pi_loss=-0.012 v_loss=0.024 ent=1.321 kl=0.0030
[upd   63 | steps   32256 | t   20.7s | sps  1557] ret_mean=3.500 ep_len=500.0 pi_loss=-0.009 v_loss=0.013 ent=1.229 kl=0.0119
[upd   64 | steps   32768 | t   20.9s | sps  1568] ret_mean=1.500 ep_len=500.0 pi_loss=-0.007 v_loss=0.014 ent=1.324 kl=0.0004
[upd   65 | steps   33280 | t   21.1s | sps  1581] ret_mean=0.000 ep_len=500.0 pi_loss=-0.006 v_loss=0.165 ent=1.178 kl=0.0054
[upd   66 | steps   33792 | t   21.2s | sps  1592] ret_mean=7.500 ep_len=500.0 pi_loss=-0.007 v_loss=0.004 ent=1.213 kl=0.0075
[upd   67 | steps   34304 | t   21.4s | sps  1603] ret_mean=0.000 ep_len=500.0 pi_loss=-0.007 v_loss=0.028 ent=1.312 kl=0.0192
[upd   68 | steps   34816 | t   21.6s | sps  1614] ret_mean=3.500 ep_len=500.0 pi_loss=-0.004 v_loss=0.172 ent=1.342 kl=0.0011
[upd   69 | steps   35328 | t   21.7s | sps  1625] ret_mean=9.000 ep_len=500.0 pi_loss=-0.008 v_loss=0.082 ent=1.331 kl=0.0093
[upd   70 | steps   35840 | t   21.9s | sps  1636] ret_mean=8.000 ep_len=500.0 pi_loss=-0.009 v_loss=0.018 ent=1.253 kl=0.0079
[upd   71 | steps   36352 | t   22.1s | sps  1646] ret_mean=0.000 ep_len=500.0 pi_loss=-0.011 v_loss=0.004 ent=1.323 kl=0.0158
[upd   72 | steps   36864 | t   22.3s | sps  1657] ret_mean=5.000 ep_len=500.0 pi_loss=-0.004 v_loss=0.080 ent=1.324 kl=0.0030
[upd   73 | steps   37376 | t   22.4s | sps  1666] ret_mean=0.000 ep_len=500.0 pi_loss=-0.009 v_loss=0.003 ent=1.332 kl=0.0128
[upd   74 | steps   37888 | t   22.6s | sps  1677] ret_mean=10.500 ep_len=500.0 pi_loss=-0.013 v_loss=0.313 ent=1.196 kl=0.0135
[upd   75 | steps   38400 | t   22.8s | sps  1687] ret_mean=0.000 ep_len=500.0 pi_loss=-0.009 v_loss=0.076 ent=1.219 kl=-0.0022
        [eval] ret_mean=8.333 ep_len=500.0
[upd   76 | steps   38912 | t   26.9s | sps  1446] ret_mean=5.500 ep_len=500.0 pi_loss=-0.007 v_loss=0.066 ent=1.242 kl=0.0034
[upd   77 | steps   39424 | t   27.1s | sps  1456] ret_mean=0.000 ep_len=500.0 pi_loss=-0.011 v_loss=0.004 ent=1.116 kl=0.0162
[upd   78 | steps   39936 | t   27.3s | sps  1465] ret_mean=46.500 ep_len=500.0 pi_loss=-0.007 v_loss=2.168 ent=0.945 kl=0.0055
[upd   79 | steps   40448 | t   27.4s | sps  1474] ret_mean=2.000 ep_len=500.0 pi_loss=-0.005 v_loss=0.015 ent=1.123 kl=0.0067
[upd   80 | steps   40960 | t   27.6s | sps  1484] ret_mean=0.000 ep_len=500.0 pi_loss=-0.012 v_loss=0.226 ent=1.058 kl=0.0020
[upd   81 | steps   41472 | t   27.8s | sps  1493] ret_mean=17.000 ep_len=500.0 pi_loss=-0.005 v_loss=0.180 ent=0.891 kl=0.0070
[upd   82 | steps   41984 | t   28.0s | sps  1502] ret_mean=15.000 ep_len=500.0 pi_loss=-0.007 v_loss=0.618 ent=0.974 kl=0.0128
[upd   83 | steps   42496 | t   28.1s | sps  1511] ret_mean=0.500 ep_len=500.0 pi_loss=-0.009 v_loss=0.010 ent=1.084 kl=0.0079
[upd   84 | steps   43008 | t   28.3s | sps  1520] ret_mean=12.500 ep_len=500.0 pi_loss=-0.008 v_loss=1.106 ent=0.948 kl=0.0126
[upd   85 | steps   43520 | t   28.5s | sps  1529] ret_mean=23.000 ep_len=500.0 pi_loss=-0.008 v_loss=0.006 ent=0.857 kl=0.0140
[upd   86 | steps   44032 | t   28.6s | sps  1537] ret_mean=0.000 ep_len=500.0 pi_loss=-0.008 v_loss=0.006 ent=1.019 kl=0.0064
[upd   87 | steps   44544 | t   28.8s | sps  1546] ret_mean=4.500 ep_len=500.0 pi_loss=-0.011 v_loss=0.279 ent=0.840 kl=0.0038
[upd   88 | steps   45056 | t   29.0s | sps  1554] ret_mean=11.500 ep_len=500.0 pi_loss=-0.005 v_loss=0.063 ent=0.803 kl=0.0041
[upd   89 | steps   45568 | t   29.2s | sps  1562] ret_mean=25.000 ep_len=500.0 pi_loss=-0.007 v_loss=0.944 ent=0.710 kl=0.0082
[upd   90 | steps   46080 | t   29.3s | sps  1570] ret_mean=0.000 ep_len=500.0 pi_loss=-0.008 v_loss=0.009 ent=0.849 kl=0.0106
[upd   91 | steps   46592 | t   29.5s | sps  1578] ret_mean=0.000 ep_len=500.0 pi_loss=-0.006 v_loss=0.009 ent=1.016 kl=0.0038
[upd   92 | steps   47104 | t   29.7s | sps  1586] ret_mean=10.500 ep_len=500.0 pi_loss=-0.006 v_loss=0.243 ent=1.023 kl=0.0148
[upd   93 | steps   47616 | t   29.9s | sps  1594] ret_mean=0.000 ep_len=500.0 pi_loss=-0.004 v_loss=0.529 ent=1.164 kl=0.0181
[upd   94 | steps   48128 | t   30.0s | sps  1602] ret_mean=14.500 ep_len=500.0 pi_loss=-0.009 v_loss=0.008 ent=1.163 kl=0.0005
[upd   95 | steps   48640 | t   30.2s | sps  1609] ret_mean=0.000 ep_len=500.0 pi_loss=-0.006 v_loss=0.068 ent=1.164 kl=0.0070
[upd   96 | steps   49152 | t   30.4s | sps  1617] ret_mean=6.000 ep_len=500.0 pi_loss=-0.012 v_loss=0.206 ent=1.282 kl=0.0097
[upd   97 | steps   49664 | t   30.6s | sps  1624] ret_mean=12.500 ep_len=500.0 pi_loss=-0.005 v_loss=0.810 ent=1.102 kl=0.0094
[upd   98 | steps   50176 | t   30.7s | sps  1632] ret_mean=30.500 ep_len=500.0 pi_loss=-0.007 v_loss=1.145 ent=0.927 kl=0.0073
[upd   99 | steps   50688 | t   30.9s | sps  1640] ret_mean=22.000 ep_len=500.0 pi_loss=-0.002 v_loss=0.994 ent=1.029 kl=0.0035
[upd  100 | steps   51200 | t   31.1s | sps  1648] ret_mean=62.500 ep_len=500.0 pi_loss=-0.014 v_loss=1.675 ent=1.067 kl=0.0193
        [eval] ret_mean=4.150 ep_len=500.0
[upd  101 | steps   51712 | t   35.2s | sps  1468] ret_mean=0.000 ep_len=500.0 pi_loss=-0.011 v_loss=0.019 ent=1.091 kl=0.0035
[upd  102 | steps   52224 | t   35.4s | sps  1475] ret_mean=142.500 ep_len=500.0 pi_loss=-0.010 v_loss=12.189 ent=0.491 kl=0.0090
[upd  103 | steps   52736 | t   35.6s | sps  1483] ret_mean=87.500 ep_len=500.0 pi_loss=-0.002 v_loss=4.160 ent=0.710 kl=0.0049
[upd  104 | steps   53248 | t   35.7s | sps  1490] ret_mean=0.000 ep_len=500.0 pi_loss=-0.004 v_loss=0.028 ent=0.791 kl=0.0033
[upd  105 | steps   53760 | t   35.9s | sps  1497] ret_mean=0.000 ep_len=500.0 pi_loss=-0.008 v_loss=0.017 ent=1.232 kl=0.0083
[upd  106 | steps   54272 | t   36.1s | sps  1503] ret_mean=0.000 ep_len=500.0 pi_loss=-0.009 v_loss=0.429 ent=0.845 kl=0.0007
[upd  107 | steps   54784 | t   36.3s | sps  1510] ret_mean=29.000 ep_len=500.0 pi_loss=-0.007 v_loss=0.382 ent=1.012 kl=0.0108
[upd  108 | steps   55296 | t   36.4s | sps  1517] ret_mean=0.000 ep_len=500.0 pi_loss=-0.005 v_loss=0.017 ent=1.177 kl=0.0012
[upd  109 | steps   55808 | t   36.6s | sps  1525] ret_mean=0.000 ep_len=500.0 pi_loss=-0.007 v_loss=1.144 ent=0.993 kl=0.0100
[upd  110 | steps   56320 | t   36.8s | sps  1531] ret_mean=125.000 ep_len=500.0 pi_loss=-0.004 v_loss=5.823 ent=0.601 kl=0.0031
[upd  111 | steps   56832 | t   36.9s | sps  1538] ret_mean=119.500 ep_len=500.0 pi_loss=-0.011 v_loss=4.597 ent=0.662 kl=0.0048
[upd  112 | steps   57344 | t   37.1s | sps  1545] ret_mean=0.000 ep_len=500.0 pi_loss=-0.007 v_loss=0.020 ent=0.938 kl=-0.0007
[upd  113 | steps   57856 | t   37.3s | sps  1552] ret_mean=0.000 ep_len=500.0 pi_loss=-0.002 v_loss=2.561 ent=0.736 kl=0.0051
[upd  114 | steps   58368 | t   37.5s | sps  1558] ret_mean=128.500 ep_len=500.0 pi_loss=-0.008 v_loss=5.120 ent=0.515 kl=0.0042
[upd  115 | steps   58880 | t   37.6s | sps  1565] ret_mean=186.500 ep_len=500.0 pi_loss=-0.004 v_loss=17.186 ent=0.193 kl=0.0062
[upd  116 | steps   59392 | t   37.8s | sps  1572] ret_mean=17.000 ep_len=500.0 pi_loss=-0.005 v_loss=0.784 ent=0.715 kl=0.0089
[upd  117 | steps   59904 | t   37.9s | sps  1579] ret_mean=63.000 ep_len=500.0 pi_loss=-0.006 v_loss=4.908 ent=0.600 kl=0.0029
[upd  118 | steps   60416 | t   38.1s | sps  1585] ret_mean=138.500 ep_len=500.0 pi_loss=-0.009 v_loss=4.974 ent=0.365 kl=0.0122
[upd  119 | steps   60928 | t   38.3s | sps  1592] ret_mean=0.000 ep_len=500.0 pi_loss=-0.004 v_loss=0.065 ent=0.448 kl=0.0087
[upd  120 | steps   61440 | t   38.4s | sps  1598] ret_mean=0.000 ep_len=500.0 pi_loss=-0.009 v_loss=0.063 ent=0.663 kl=0.0126
[upd  121 | steps   61952 | t   38.6s | sps  1605] ret_mean=0.000 ep_len=500.0 pi_loss=-0.007 v_loss=0.031 ent=0.700 kl=0.0052
[upd  122 | steps   62464 | t   38.8s | sps  1610] ret_mean=0.000 ep_len=500.0 pi_loss=-0.005 v_loss=0.609 ent=0.463 kl=0.0041
[upd  123 | steps   62976 | t   39.0s | sps  1614] ret_mean=73.000 ep_len=500.0 pi_loss=-0.008 v_loss=2.404 ent=0.477 kl=0.0185
[upd  124 | steps   63488 | t   39.2s | sps  1619] ret_mean=0.000 ep_len=500.0 pi_loss=-0.002 v_loss=0.026 ent=0.334 kl=0.0037
[upd  125 | steps   64000 | t   39.4s | sps  1624] ret_mean=0.000 ep_len=500.0 pi_loss=-0.005 v_loss=3.754 ent=0.197 kl=-0.0035
        [eval] ret_mean=8.317 ep_len=500.0
[upd  126 | steps   64512 | t   43.2s | sps  1492] ret_mean=87.000 ep_len=500.0 pi_loss=-0.006 v_loss=4.060 ent=0.306 kl=0.0048
[upd  127 | steps   65024 | t   43.4s | sps  1499] ret_mean=182.000 ep_len=500.0 pi_loss=-0.004 v_loss=15.622 ent=0.240 kl=0.0098
[upd  128 | steps   65536 | t   43.5s | sps  1505] ret_mean=91.500 ep_len=500.0 pi_loss=-0.004 v_loss=4.223 ent=0.663 kl=0.0052
[upd  129 | steps   66048 | t   43.7s | sps  1512] ret_mean=55.000 ep_len=500.0 pi_loss=-0.006 v_loss=2.237 ent=0.643 kl=0.0041
[upd  130 | steps   66560 | t   43.8s | sps  1518] ret_mean=67.000 ep_len=500.0 pi_loss=-0.002 v_loss=2.859 ent=0.500 kl=0.0026
[upd  131 | steps   67072 | t   44.0s | sps  1525] ret_mean=61.500 ep_len=500.0 pi_loss=-0.008 v_loss=2.706 ent=0.501 kl=0.0186
[upd  132 | steps   67584 | t   44.2s | sps  1531] ret_mean=0.000 ep_len=500.0 pi_loss=-0.006 v_loss=0.067 ent=0.921 kl=0.0007
[upd  133 | steps   68096 | t   44.3s | sps  1537] ret_mean=0.000 ep_len=500.0 pi_loss=-0.004 v_loss=0.065 ent=0.638 kl=0.0037
[upd  134 | steps   68608 | t   44.5s | sps  1543] ret_mean=0.000 ep_len=500.0 pi_loss=-0.005 v_loss=0.072 ent=1.053 kl=0.0152
[upd  135 | steps   69120 | t   44.6s | sps  1549] ret_mean=0.000 ep_len=500.0 pi_loss=-0.007 v_loss=0.029 ent=1.105 kl=0.0054
[upd  136 | steps   69632 | t   44.8s | sps  1555] ret_mean=108.000 ep_len=500.0 pi_loss=-0.005 v_loss=7.813 ent=0.640 kl=0.0026
[upd  137 | steps   70144 | t   44.9s | sps  1562] ret_mean=0.000 ep_len=500.0 pi_loss=-0.007 v_loss=0.015 ent=0.797 kl=0.0051
[upd  138 | steps   70656 | t   45.1s | sps  1568] ret_mean=0.000 ep_len=500.0 pi_loss=-0.009 v_loss=0.018 ent=1.081 kl=0.0122
[upd  139 | steps   71168 | t   45.2s | sps  1574] ret_mean=0.000 ep_len=500.0 pi_loss=-0.007 v_loss=0.008 ent=1.230 kl=0.0102
[upd  140 | steps   71680 | t   45.4s | sps  1579] ret_mean=0.000 ep_len=500.0 pi_loss=-0.011 v_loss=1.058 ent=1.007 kl=-0.0048
[upd  141 | steps   72192 | t   45.5s | sps  1586] ret_mean=98.000 ep_len=500.0 pi_loss=-0.008 v_loss=3.357 ent=0.416 kl=0.0045
[upd  142 | steps   72704 | t   45.7s | sps  1591] ret_mean=55.000 ep_len=500.0 pi_loss=-0.008 v_loss=2.801 ent=0.778 kl=0.0016
[upd  143 | steps   73216 | t   45.8s | sps  1597] ret_mean=0.000 ep_len=500.0 pi_loss=-0.008 v_loss=1.750 ent=0.823 kl=0.0020
[upd  144 | steps   73728 | t   46.0s | sps  1603] ret_mean=110.000 ep_len=500.0 pi_loss=-0.004 v_loss=5.090 ent=0.800 kl=0.0099
[upd  145 | steps   74240 | t   46.2s | sps  1608] ret_mean=107.500 ep_len=500.0 pi_loss=-0.006 v_loss=4.502 ent=0.583 kl=0.0101
[upd  146 | steps   74752 | t   46.3s | sps  1613] ret_mean=38.000 ep_len=500.0 pi_loss=-0.007 v_loss=0.024 ent=0.704 kl=0.0066
[upd  147 | steps   75264 | t   46.5s | sps  1619] ret_mean=36.000 ep_len=500.0 pi_loss=-0.010 v_loss=4.069 ent=0.670 kl=0.0190
[upd  148 | steps   75776 | t   46.6s | sps  1625] ret_mean=107.000 ep_len=500.0 pi_loss=-0.007 v_loss=5.974 ent=0.383 kl=0.0018
[upd  149 | steps   76288 | t   46.8s | sps  1630] ret_mean=89.500 ep_len=500.0 pi_loss=-0.004 v_loss=0.776 ent=0.879 kl=0.0064
[upd  150 | steps   76800 | t   47.0s | sps  1636] ret_mean=14.000 ep_len=500.0 pi_loss=-0.007 v_loss=3.117 ent=0.840 kl=0.0090
        [eval] ret_mean=12.500 ep_len=500.0
[upd  151 | steps   77312 | t   51.1s | sps  1512] ret_mean=170.500 ep_len=500.0 pi_loss=-0.004 v_loss=14.573 ent=0.388 kl=0.0056
[upd  152 | steps   77824 | t   51.3s | sps  1517] ret_mean=78.500 ep_len=500.0 pi_loss=-0.006 v_loss=3.537 ent=0.651 kl=0.0065
[upd  153 | steps   78336 | t   51.5s | sps  1522] ret_mean=0.000 ep_len=500.0 pi_loss=-0.007 v_loss=0.031 ent=1.083 kl=0.0050
[upd  154 | steps   78848 | t   51.6s | sps  1527] ret_mean=22.000 ep_len=500.0 pi_loss=-0.005 v_loss=0.889 ent=0.970 kl=0.0058
[upd  155 | steps   79360 | t   51.8s | sps  1532] ret_mean=0.000 ep_len=500.0 pi_loss=-0.005 v_loss=0.033 ent=1.101 kl=0.0069
[upd  156 | steps   79872 | t   51.9s | sps  1538] ret_mean=32.500 ep_len=500.0 pi_loss=-0.004 v_loss=1.280 ent=0.667 kl=0.0068
[upd  157 | steps   80384 | t   52.1s | sps  1543] ret_mean=171.500 ep_len=500.0 pi_loss=-0.006 v_loss=16.971 ent=0.298 kl=0.0051
[upd  158 | steps   80896 | t   52.2s | sps  1548] ret_mean=98.000 ep_len=500.0 pi_loss=-0.006 v_loss=4.724 ent=0.526 kl=0.0021
[upd  159 | steps   81408 | t   52.4s | sps  1552] ret_mean=98.000 ep_len=500.0 pi_loss=-0.004 v_loss=4.550 ent=0.688 kl=0.0088
[upd  160 | steps   81920 | t   52.6s | sps  1557] ret_mean=74.000 ep_len=500.0 pi_loss=-0.008 v_loss=4.134 ent=0.505 kl=0.0083
[upd  161 | steps   82432 | t   52.8s | sps  1562] ret_mean=105.500 ep_len=500.0 pi_loss=-0.003 v_loss=4.189 ent=0.478 kl=0.0038
[upd  162 | steps   82944 | t   52.9s | sps  1568] ret_mean=119.500 ep_len=500.0 pi_loss=-0.005 v_loss=3.594 ent=0.530 kl=0.0034
[upd  163 | steps   83456 | t   53.1s | sps  1572] ret_mean=89.000 ep_len=500.0 pi_loss=-0.007 v_loss=3.128 ent=0.657 kl=0.0112
[upd  164 | steps   83968 | t   53.2s | sps  1577] ret_mean=59.500 ep_len=500.0 pi_loss=-0.004 v_loss=4.165 ent=0.666 kl=0.0003
[upd  165 | steps   84480 | t   53.4s | sps  1582] ret_mean=118.000 ep_len=500.0 pi_loss=-0.006 v_loss=3.254 ent=0.500 kl=0.0044
[upd  166 | steps   84992 | t   53.6s | sps  1587] ret_mean=0.000 ep_len=500.0 pi_loss=-0.004 v_loss=0.861 ent=0.920 kl=0.0043
[upd  167 | steps   85504 | t   53.7s | sps  1592] ret_mean=87.500 ep_len=500.0 pi_loss=-0.000 v_loss=3.955 ent=0.435 kl=0.0061
[upd  168 | steps   86016 | t   53.9s | sps  1597] ret_mean=131.000 ep_len=500.0 pi_loss=-0.004 v_loss=5.366 ent=0.454 kl=0.0045
[upd  169 | steps   86528 | t   54.0s | sps  1602] ret_mean=58.000 ep_len=500.0 pi_loss=-0.005 v_loss=4.030 ent=0.644 kl=0.0008
[upd  170 | steps   87040 | t   54.2s | sps  1607] ret_mean=97.500 ep_len=500.0 pi_loss=-0.005 v_loss=3.831 ent=0.578 kl=0.0041
[upd  171 | steps   87552 | t   54.3s | sps  1611] ret_mean=122.500 ep_len=500.0 pi_loss=-0.006 v_loss=2.447 ent=0.710 kl=0.0100
[upd  172 | steps   88064 | t   54.5s | sps  1616] ret_mean=52.500 ep_len=500.0 pi_loss=-0.009 v_loss=3.171 ent=0.733 kl=0.0017
[upd  173 | steps   88576 | t   54.7s | sps  1621] ret_mean=100.000 ep_len=500.0 pi_loss=-0.004 v_loss=2.288 ent=0.905 kl=0.0088
[upd  174 | steps   89088 | t   54.8s | sps  1625] ret_mean=0.000 ep_len=500.0 pi_loss=-0.004 v_loss=0.827 ent=1.081 kl=0.0086
[upd  175 | steps   89600 | t   55.0s | sps  1630] ret_mean=71.000 ep_len=500.0 pi_loss=-0.002 v_loss=12.050 ent=0.310 kl=-0.0005
        [eval] ret_mean=4.167 ep_len=500.0
[upd  176 | steps   90112 | t   58.8s | sps  1532] ret_mean=90.500 ep_len=500.0 pi_loss=-0.004 v_loss=3.282 ent=0.752 kl=0.0069
[upd  177 | steps   90624 | t   59.0s | sps  1537] ret_mean=120.500 ep_len=500.0 pi_loss=-0.012 v_loss=3.797 ent=0.572 kl=0.0039
[upd  178 | steps   91136 | t   59.1s | sps  1541] ret_mean=94.000 ep_len=500.0 pi_loss=-0.008 v_loss=3.341 ent=0.635 kl=0.0047
[upd  179 | steps   91648 | t   59.3s | sps  1546] ret_mean=112.500 ep_len=500.0 pi_loss=-0.003 v_loss=5.095 ent=0.395 kl=0.0001
[upd  180 | steps   92160 | t   59.4s | sps  1551] ret_mean=231.500 ep_len=500.0 pi_loss=-0.007 v_loss=14.888 ent=0.300 kl=0.0039
[upd  181 | steps   92672 | t   59.6s | sps  1555] ret_mean=18.000 ep_len=500.0 pi_loss=-0.008 v_loss=1.582 ent=0.798 kl=0.0110
[upd  182 | steps   93184 | t   59.8s | sps  1559] ret_mean=116.000 ep_len=500.0 pi_loss=-0.003 v_loss=3.212 ent=0.288 kl=-0.0010
[upd  183 | steps   93696 | t   59.9s | sps  1564] ret_mean=58.000 ep_len=500.0 pi_loss=-0.007 v_loss=1.676 ent=0.644 kl=0.0012
[upd  184 | steps   94208 | t   60.1s | sps  1567] ret_mean=112.500 ep_len=500.0 pi_loss=-0.008 v_loss=3.019 ent=0.607 kl=0.0075
[upd  185 | steps   94720 | t   60.3s | sps  1571] ret_mean=0.000 ep_len=500.0 pi_loss=-0.006 v_loss=0.955 ent=0.727 kl=0.0073
[upd  186 | steps   95232 | t   60.4s | sps  1576] ret_mean=116.000 ep_len=500.0 pi_loss=-0.013 v_loss=3.887 ent=0.602 kl=0.0154
[upd  187 | steps   95744 | t   60.6s | sps  1579] ret_mean=125.000 ep_len=500.0 pi_loss=-0.007 v_loss=2.999 ent=0.442 kl=0.0076
[upd  188 | steps   96256 | t   60.8s | sps  1584] ret_mean=138.500 ep_len=500.0 pi_loss=-0.003 v_loss=7.708 ent=0.423 kl=-0.0003
[upd  189 | steps   96768 | t   60.9s | sps  1588] ret_mean=125.000 ep_len=500.0 pi_loss=-0.006 v_loss=3.083 ent=0.488 kl=0.0066
[upd  190 | steps   97280 | t   61.1s | sps  1593] ret_mean=124.000 ep_len=500.0 pi_loss=-0.001 v_loss=2.662 ent=0.414 kl=0.0026
[upd  191 | steps   97792 | t   61.2s | sps  1597] ret_mean=104.500 ep_len=500.0 pi_loss=-0.009 v_loss=2.408 ent=0.669 kl=0.0104
[upd  192 | steps   98304 | t   61.4s | sps  1601] ret_mean=0.000 ep_len=500.0 pi_loss=-0.003 v_loss=1.548 ent=0.877 kl=0.0026
[upd  193 | steps   98816 | t   61.6s | sps  1605] ret_mean=114.500 ep_len=500.0 pi_loss=-0.004 v_loss=6.338 ent=0.473 kl=0.0056
[upd  194 | steps   99328 | t   61.7s | sps  1609] ret_mean=132.000 ep_len=500.0 pi_loss=-0.014 v_loss=2.057 ent=0.594 kl=0.0044
[upd  195 | steps   99840 | t   61.9s | sps  1613] ret_mean=0.000 ep_len=500.0 pi_loss=-0.005 v_loss=1.144 ent=0.601 kl=0.0062
[upd  196 | steps  100352 | t   62.0s | sps  1618] ret_mean=0.000 ep_len=500.0 pi_loss=-0.008 v_loss=0.727 ent=0.670 kl=0.0056
[upd  197 | steps  100864 | t   62.2s | sps  1622] ret_mean=0.000 ep_len=500.0 pi_loss=-0.003 v_loss=0.839 ent=0.672 kl=0.0016
[upd  198 | steps  101376 | t   62.3s | sps  1626] ret_mean=66.500 ep_len=500.0 pi_loss=-0.012 v_loss=3.249 ent=0.489 kl=0.0009
[upd  199 | steps  101888 | t   62.5s | sps  1630] ret_mean=114.000 ep_len=500.0 pi_loss=-0.002 v_loss=2.613 ent=0.499 kl=0.0054
[upd  200 | steps  102400 | t   62.7s | sps  1634] ret_mean=102.500 ep_len=500.0 pi_loss=-0.008 v_loss=3.046 ent=0.591 kl=0.0026
        [eval] ret_mean=4.167 ep_len=500.0
[upd  201 | steps  102912 | t   67.0s | sps  1535] ret_mean=224.000 ep_len=500.0 pi_loss=-0.003 v_loss=15.906 ent=0.122 kl=0.0028
[upd  202 | steps  103424 | t   67.2s | sps  1538] ret_mean=99.500 ep_len=500.0 pi_loss=-0.004 v_loss=2.497 ent=0.646 kl=0.0052
[upd  203 | steps  103936 | t   67.4s | sps  1541] ret_mean=123.500 ep_len=500.0 pi_loss=-0.005 v_loss=3.186 ent=0.354 kl=0.0048
[upd  204 | steps  104448 | t   67.6s | sps  1545] ret_mean=65.000 ep_len=500.0 pi_loss=-0.002 v_loss=2.620 ent=0.538 kl=0.0004
[upd  205 | steps  104960 | t   67.8s | sps  1548] ret_mean=100.000 ep_len=500.0 pi_loss=-0.007 v_loss=3.113 ent=0.616 kl=0.0018
[upd  206 | steps  105472 | t   68.0s | sps  1552] ret_mean=0.000 ep_len=500.0 pi_loss=-0.003 v_loss=0.908 ent=0.906 kl=0.0005
[upd  207 | steps  105984 | t   68.2s | sps  1555] ret_mean=18.500 ep_len=500.0 pi_loss=-0.001 v_loss=2.969 ent=0.536 kl=0.0003
[upd  208 | steps  106496 | t   68.3s | sps  1558] ret_mean=233.500 ep_len=500.0 pi_loss=-0.004 v_loss=12.548 ent=0.181 kl=0.0076
[upd  209 | steps  107008 | t   68.5s | sps  1562] ret_mean=98.000 ep_len=500.0 pi_loss=-0.006 v_loss=2.914 ent=0.619 kl=0.0063
[upd  210 | steps  107520 | t   68.7s | sps  1565] ret_mean=0.000 ep_len=500.0 pi_loss=-0.006 v_loss=1.060 ent=0.940 kl=0.0000
[upd  211 | steps  108032 | t   68.9s | sps  1568] ret_mean=117.000 ep_len=500.0 pi_loss=-0.010 v_loss=2.937 ent=0.559 kl=0.0073
[upd  212 | steps  108544 | t   69.1s | sps  1571] ret_mean=35.500 ep_len=500.0 pi_loss=-0.001 v_loss=2.556 ent=0.746 kl=0.0068
[upd  213 | steps  109056 | t   69.3s | sps  1575] ret_mean=182.000 ep_len=500.0 pi_loss=-0.006 v_loss=10.219 ent=0.244 kl=0.0105
[upd  214 | steps  109568 | t   69.4s | sps  1578] ret_mean=99.500 ep_len=500.0 pi_loss=-0.004 v_loss=2.409 ent=0.547 kl=0.0016
[upd  215 | steps  110080 | t   69.6s | sps  1581] ret_mean=163.500 ep_len=500.0 pi_loss=-0.001 v_loss=11.845 ent=0.248 kl=0.0012
[upd  216 | steps  110592 | t   69.8s | sps  1585] ret_mean=123.500 ep_len=500.0 pi_loss=-0.006 v_loss=3.055 ent=0.638 kl=0.0076
[upd  217 | steps  111104 | t   70.0s | sps  1588] ret_mean=53.500 ep_len=500.0 pi_loss=-0.008 v_loss=1.887 ent=0.852 kl=0.0061
[upd  218 | steps  111616 | t   70.2s | sps  1591] ret_mean=34.500 ep_len=500.0 pi_loss=-0.007 v_loss=2.809 ent=0.670 kl=0.0020
[upd  219 | steps  112128 | t   70.3s | sps  1594] ret_mean=187.000 ep_len=500.0 pi_loss=-0.004 v_loss=9.196 ent=0.482 kl=0.0106
[upd  220 | steps  112640 | t   70.5s | sps  1598] ret_mean=0.000 ep_len=500.0 pi_loss=-0.004 v_loss=1.058 ent=0.932 kl=0.0082
[upd  221 | steps  113152 | t   70.7s | sps  1601] ret_mean=75.000 ep_len=500.0 pi_loss=-0.003 v_loss=2.229 ent=0.609 kl=-0.0006
[upd  222 | steps  113664 | t   70.8s | sps  1605] ret_mean=4.500 ep_len=500.0 pi_loss=-0.007 v_loss=1.005 ent=0.915 kl=0.0045
[upd  223 | steps  114176 | t   71.0s | sps  1608] ret_mean=0.000 ep_len=500.0 pi_loss=-0.002 v_loss=1.668 ent=0.708 kl=0.0032
[upd  224 | steps  114688 | t   71.2s | sps  1612] ret_mean=108.000 ep_len=500.0 pi_loss=-0.007 v_loss=1.562 ent=0.665 kl=0.0037
[upd  225 | steps  115200 | t   71.3s | sps  1615] ret_mean=22.000 ep_len=500.0 pi_loss=-0.006 v_loss=1.487 ent=0.865 kl=0.0082
        [eval] ret_mean=24.667 ep_len=500.0
[upd  226 | steps  115712 | t   75.7s | sps  1529] ret_mean=49.500 ep_len=500.0 pi_loss=-0.008 v_loss=2.114 ent=0.803 kl=0.0093
[upd  227 | steps  116224 | t   75.9s | sps  1532] ret_mean=175.500 ep_len=500.0 pi_loss=-0.005 v_loss=10.751 ent=0.353 kl=0.0086
[upd  228 | steps  116736 | t   76.0s | sps  1535] ret_mean=132.500 ep_len=500.0 pi_loss=-0.002 v_loss=7.298 ent=0.425 kl=0.0001
[upd  229 | steps  117248 | t   76.2s | sps  1538] ret_mean=13.000 ep_len=500.0 pi_loss=-0.008 v_loss=1.038 ent=0.936 kl=0.0030
[upd  230 | steps  117760 | t   76.4s | sps  1542] ret_mean=231.000 ep_len=500.0 pi_loss=-0.004 v_loss=13.418 ent=0.082 kl=0.0057
[upd  231 | steps  118272 | t   76.6s | sps  1544] ret_mean=125.000 ep_len=500.0 pi_loss=-0.003 v_loss=2.772 ent=0.538 kl=0.0090
[upd  232 | steps  118784 | t   76.8s | sps  1548] ret_mean=117.000 ep_len=500.0 pi_loss=-0.005 v_loss=4.558 ent=0.472 kl=0.0064
[upd  233 | steps  119296 | t   76.9s | sps  1551] ret_mean=0.000 ep_len=500.0 pi_loss=-0.008 v_loss=1.093 ent=0.824 kl=0.0056
[upd  234 | steps  119808 | t   77.1s | sps  1554] ret_mean=122.000 ep_len=500.0 pi_loss=-0.005 v_loss=2.338 ent=0.466 kl=0.0086
[upd  235 | steps  120320 | t   77.3s | sps  1557] ret_mean=0.000 ep_len=500.0 pi_loss=-0.008 v_loss=1.190 ent=0.566 kl=0.0061
[upd  236 | steps  120832 | t   77.4s | sps  1561] ret_mean=123.000 ep_len=500.0 pi_loss=-0.002 v_loss=2.846 ent=0.169 kl=0.0082
[upd  237 | steps  121344 | t   77.6s | sps  1564] ret_mean=189.500 ep_len=500.0 pi_loss=-0.002 v_loss=9.899 ent=0.178 kl=0.0012
[upd  238 | steps  121856 | t   77.7s | sps  1567] ret_mean=123.500 ep_len=500.0 pi_loss=-0.008 v_loss=2.891 ent=0.517 kl=0.0187
[upd  239 | steps  122368 | t   78.0s | sps  1569] ret_mean=72.500 ep_len=500.0 pi_loss=-0.009 v_loss=3.507 ent=0.637 kl=0.0030
[upd  240 | steps  122880 | t   78.2s | sps  1572] ret_mean=104.000 ep_len=500.0 pi_loss=-0.007 v_loss=2.726 ent=0.559 kl=0.0050
[upd  241 | steps  123392 | t   78.3s | sps  1575] ret_mean=170.500 ep_len=500.0 pi_loss=-0.005 v_loss=8.087 ent=0.319 kl=0.0106
[upd  242 | steps  123904 | t   78.5s | sps  1579] ret_mean=97.000 ep_len=500.0 pi_loss=-0.005 v_loss=1.768 ent=0.560 kl=0.0041
[upd  243 | steps  124416 | t   78.7s | sps  1582] ret_mean=106.500 ep_len=500.0 pi_loss=-0.009 v_loss=3.542 ent=0.515 kl=0.0085
[upd  244 | steps  124928 | t   78.8s | sps  1585] ret_mean=0.000 ep_len=500.0 pi_loss=-0.007 v_loss=1.589 ent=0.710 kl=0.0125
[upd  245 | steps  125440 | t   79.0s | sps  1588] ret_mean=95.500 ep_len=500.0 pi_loss=-0.004 v_loss=3.925 ent=0.511 kl=0.0028
[upd  246 | steps  125952 | t   79.2s | sps  1591] ret_mean=97.000 ep_len=500.0 pi_loss=-0.008 v_loss=2.943 ent=0.568 kl=0.0073
[upd  247 | steps  126464 | t   79.3s | sps  1594] ret_mean=153.000 ep_len=500.0 pi_loss=-0.001 v_loss=8.260 ent=0.359 kl=0.0010
[upd  248 | steps  126976 | t   79.5s | sps  1597] ret_mean=134.500 ep_len=500.0 pi_loss=-0.002 v_loss=4.466 ent=0.726 kl=0.0088
[upd  249 | steps  127488 | t   79.7s | sps  1600] ret_mean=0.000 ep_len=500.0 pi_loss=-0.011 v_loss=3.300 ent=0.745 kl=0.0126
[upd  250 | steps  128000 | t   79.9s | sps  1603] ret_mean=184.000 ep_len=500.0 pi_loss=-0.003 v_loss=7.329 ent=0.552 kl=0.0108
        [eval] ret_mean=37.183 ep_len=500.0
[upd  251 | steps  128512 | t   84.1s | sps  1528] ret_mean=29.000 ep_len=500.0 pi_loss=-0.004 v_loss=1.295 ent=1.041 kl=0.0030
[upd  252 | steps  129024 | t   84.3s | sps  1531] ret_mean=0.000 ep_len=500.0 pi_loss=-0.005 v_loss=0.629 ent=0.946 kl=0.0009
[upd  253 | steps  129536 | t   84.4s | sps  1534] ret_mean=197.000 ep_len=500.0 pi_loss=-0.003 v_loss=9.156 ent=0.278 kl=0.0111
[upd  254 | steps  130048 | t   84.6s | sps  1537] ret_mean=35.000 ep_len=500.0 pi_loss=-0.006 v_loss=0.935 ent=0.899 kl=0.0015
[upd  255 | steps  130560 | t   84.8s | sps  1540] ret_mean=198.000 ep_len=500.0 pi_loss=-0.006 v_loss=13.304 ent=0.272 kl=0.0018
[upd  256 | steps  131072 | t   84.9s | sps  1543] ret_mean=95.000 ep_len=500.0 pi_loss=-0.008 v_loss=2.992 ent=0.695 kl=0.0020
[upd  257 | steps  131584 | t   85.1s | sps  1546] ret_mean=87.000 ep_len=500.0 pi_loss=-0.008 v_loss=5.017 ent=0.664 kl=0.0069
[upd  258 | steps  132096 | t   85.3s | sps  1549] ret_mean=226.500 ep_len=500.0 pi_loss=-0.008 v_loss=11.066 ent=0.243 kl=0.0114
[upd  259 | steps  132608 | t   85.4s | sps  1552] ret_mean=88.500 ep_len=500.0 pi_loss=-0.007 v_loss=3.073 ent=0.821 kl=0.0033
[upd  260 | steps  133120 | t   85.6s | sps  1555] ret_mean=45.500 ep_len=500.0 pi_loss=-0.005 v_loss=3.798 ent=0.760 kl=0.0003
[upd  261 | steps  133632 | t   85.8s | sps  1558] ret_mean=115.500 ep_len=500.0 pi_loss=-0.005 v_loss=5.640 ent=0.514 kl=0.0083
[upd  262 | steps  134144 | t   85.9s | sps  1561] ret_mean=237.000 ep_len=500.0 pi_loss=-0.003 v_loss=10.614 ent=0.260 kl=0.0075
[upd  263 | steps  134656 | t   86.1s | sps  1564] ret_mean=136.500 ep_len=500.0 pi_loss=-0.003 v_loss=11.398 ent=0.290 kl=0.0006
[upd  264 | steps  135168 | t   86.2s | sps  1567] ret_mean=240.500 ep_len=500.0 pi_loss=-0.005 v_loss=9.322 ent=0.359 kl=0.0051
[upd  265 | steps  135680 | t   86.4s | sps  1570] ret_mean=157.500 ep_len=500.0 pi_loss=-0.005 v_loss=9.990 ent=0.331 kl=0.0101
[upd  266 | steps  136192 | t   86.6s | sps  1573] ret_mean=124.500 ep_len=500.0 pi_loss=-0.008 v_loss=6.665 ent=0.330 kl=0.0120
[upd  267 | steps  136704 | t   86.7s | sps  1577] ret_mean=247.500 ep_len=500.0 pi_loss=-0.002 v_loss=9.004 ent=0.227 kl=0.0047
[upd  268 | steps  137216 | t   86.9s | sps  1579] ret_mean=116.500 ep_len=500.0 pi_loss=-0.007 v_loss=2.413 ent=0.603 kl=0.0141
[upd  269 | steps  137728 | t   87.0s | sps  1582] ret_mean=166.000 ep_len=500.0 pi_loss=-0.002 v_loss=9.093 ent=0.291 kl=0.0090
[upd  270 | steps  138240 | t   87.2s | sps  1585] ret_mean=135.500 ep_len=500.0 pi_loss=-0.005 v_loss=11.174 ent=0.381 kl=0.0025
[upd  271 | steps  138752 | t   87.4s | sps  1588] ret_mean=213.500 ep_len=500.0 pi_loss=-0.009 v_loss=6.060 ent=0.536 kl=0.0169
[upd  272 | steps  139264 | t   87.5s | sps  1591] ret_mean=0.000 ep_len=500.0 pi_loss=-0.006 v_loss=1.868 ent=0.892 kl=0.0098
[upd  273 | steps  139776 | t   87.7s | sps  1594] ret_mean=109.000 ep_len=500.0 pi_loss=-0.005 v_loss=5.660 ent=0.487 kl=0.0013
[upd  274 | steps  140288 | t   87.9s | sps  1597] ret_mean=203.000 ep_len=500.0 pi_loss=-0.002 v_loss=7.519 ent=0.324 kl=0.0075
[upd  275 | steps  140800 | t   88.0s | sps  1600] ret_mean=124.500 ep_len=500.0 pi_loss=-0.004 v_loss=7.572 ent=0.372 kl=0.0062
        [eval] ret_mean=70.067 ep_len=500.0
[upd  276 | steps  141312 | t   92.0s | sps  1536] ret_mean=234.000 ep_len=500.0 pi_loss=-0.004 v_loss=13.520 ent=0.127 kl=0.0026
[upd  277 | steps  141824 | t   92.2s | sps  1538] ret_mean=120.500 ep_len=500.0 pi_loss=-0.005 v_loss=2.818 ent=0.659 kl=0.0045
[upd  278 | steps  142336 | t   92.4s | sps  1541] ret_mean=110.500 ep_len=500.0 pi_loss=-0.010 v_loss=3.080 ent=0.673 kl=0.0053
[upd  279 | steps  142848 | t   92.5s | sps  1544] ret_mean=123.500 ep_len=500.0 pi_loss=-0.003 v_loss=6.381 ent=0.603 kl=0.0068
[upd  280 | steps  143360 | t   92.7s | sps  1546] ret_mean=102.500 ep_len=500.0 pi_loss=-0.011 v_loss=3.514 ent=0.766 kl=0.0071
[upd  281 | steps  143872 | t   92.9s | sps  1549] ret_mean=91.500 ep_len=500.0 pi_loss=-0.008 v_loss=3.942 ent=0.688 kl=0.0053
[upd  282 | steps  144384 | t   93.0s | sps  1552] ret_mean=138.000 ep_len=500.0 pi_loss=-0.007 v_loss=4.430 ent=0.520 kl=0.0010
[upd  283 | steps  144896 | t   93.2s | sps  1555] ret_mean=120.000 ep_len=500.0 pi_loss=-0.003 v_loss=4.232 ent=0.539 kl=0.0045
[upd  284 | steps  145408 | t   93.4s | sps  1557] ret_mean=213.500 ep_len=500.0 pi_loss=-0.006 v_loss=10.145 ent=0.285 kl=0.0125
[upd  285 | steps  145920 | t   93.5s | sps  1560] ret_mean=89.000 ep_len=500.0 pi_loss=-0.004 v_loss=3.166 ent=0.585 kl=0.0036
[upd  286 | steps  146432 | t   93.7s | sps  1562] ret_mean=123.000 ep_len=500.0 pi_loss=-0.011 v_loss=3.572 ent=0.636 kl=0.0172
[upd  287 | steps  146944 | t   93.9s | sps  1565] ret_mean=77.500 ep_len=500.0 pi_loss=-0.004 v_loss=5.150 ent=0.479 kl=0.0008
[upd  288 | steps  147456 | t   94.1s | sps  1567] ret_mean=237.500 ep_len=500.0 pi_loss=0.001 v_loss=9.567 ent=0.216 kl=0.0021
[upd  289 | steps  147968 | t   94.3s | sps  1570] ret_mean=172.500 ep_len=500.0 pi_loss=-0.004 v_loss=8.969 ent=0.502 kl=0.0072
[upd  290 | steps  148480 | t   94.4s | sps  1572] ret_mean=76.500 ep_len=500.0 pi_loss=-0.006 v_loss=4.219 ent=0.726 kl=0.0042
[upd  291 | steps  148992 | t   94.6s | sps  1575] ret_mean=12.000 ep_len=500.0 pi_loss=-0.006 v_loss=5.714 ent=0.742 kl=0.0054
[upd  292 | steps  149504 | t   94.8s | sps  1578] ret_mean=191.500 ep_len=500.0 pi_loss=-0.001 v_loss=10.588 ent=0.131 kl=0.0021
[upd  293 | steps  150016 | t   94.9s | sps  1580] ret_mean=217.000 ep_len=500.0 pi_loss=-0.001 v_loss=8.995 ent=0.239 kl=0.0020
[upd  294 | steps  150528 | t   95.1s | sps  1583] ret_mean=108.500 ep_len=500.0 pi_loss=-0.009 v_loss=3.854 ent=0.561 kl=0.0085
[upd  295 | steps  151040 | t   95.2s | sps  1586] ret_mean=151.500 ep_len=500.0 pi_loss=-0.006 v_loss=7.289 ent=0.462 kl=0.0136
[upd  296 | steps  151552 | t   95.4s | sps  1588] ret_mean=94.500 ep_len=500.0 pi_loss=-0.009 v_loss=3.497 ent=0.859 kl=-0.0012
[upd  297 | steps  152064 | t   95.6s | sps  1591] ret_mean=0.000 ep_len=500.0 pi_loss=-0.008 v_loss=2.034 ent=0.901 kl=0.0070
[upd  298 | steps  152576 | t   95.8s | sps  1593] ret_mean=123.000 ep_len=500.0 pi_loss=-0.008 v_loss=3.970 ent=0.692 kl=0.0006
[upd  299 | steps  153088 | t   95.9s | sps  1596] ret_mean=67.500 ep_len=500.0 pi_loss=-0.002 v_loss=3.506 ent=0.658 kl=-0.0000
[upd  300 | steps  153600 | t   96.1s | sps  1599] ret_mean=99.000 ep_len=500.0 pi_loss=-0.007 v_loss=3.098 ent=0.593 kl=0.0005
        [eval] ret_mean=41.717 ep_len=500.0
[upd  301 | steps  154112 | t  100.6s | sps  1531] ret_mean=224.000 ep_len=500.0 pi_loss=-0.001 v_loss=11.336 ent=0.152 kl=0.0017
[upd  302 | steps  154624 | t  100.8s | sps  1534] ret_mean=244.000 ep_len=500.0 pi_loss=-0.000 v_loss=10.775 ent=0.089 kl=-0.0004
[upd  303 | steps  155136 | t  101.0s | sps  1536] ret_mean=154.000 ep_len=500.0 pi_loss=-0.002 v_loss=7.454 ent=0.351 kl=-0.0017
[upd  304 | steps  155648 | t  101.2s | sps  1539] ret_mean=118.500 ep_len=500.0 pi_loss=-0.005 v_loss=3.974 ent=0.551 kl=0.0006
[upd  305 | steps  156160 | t  101.3s | sps  1541] ret_mean=69.000 ep_len=500.0 pi_loss=-0.009 v_loss=2.425 ent=0.845 kl=0.0073
[upd  306 | steps  156672 | t  101.5s | sps  1543] ret_mean=82.000 ep_len=500.0 pi_loss=-0.011 v_loss=3.194 ent=0.731 kl=0.0218
[upd  307 | steps  157184 | t  101.7s | sps  1546] ret_mean=221.000 ep_len=500.0 pi_loss=-0.001 v_loss=11.345 ent=0.116 kl=0.0001
[upd  308 | steps  157696 | t  101.8s | sps  1548] ret_mean=199.000 ep_len=500.0 pi_loss=-0.005 v_loss=8.592 ent=0.426 kl=0.0107
[upd  309 | steps  158208 | t  102.0s | sps  1551] ret_mean=160.000 ep_len=500.0 pi_loss=-0.006 v_loss=10.090 ent=0.433 kl=0.0110
[upd  310 | steps  158720 | t  102.2s | sps  1553] ret_mean=106.500 ep_len=500.0 pi_loss=-0.002 v_loss=5.467 ent=0.499 kl=0.0026
[upd  311 | steps  159232 | t  102.4s | sps  1556] ret_mean=241.500 ep_len=500.0 pi_loss=-0.002 v_loss=11.593 ent=0.191 kl=-0.0038
[upd  312 | steps  159744 | t  102.5s | sps  1558] ret_mean=218.500 ep_len=500.0 pi_loss=-0.001 v_loss=10.458 ent=0.167 kl=0.0011
[upd  313 | steps  160256 | t  102.7s | sps  1561] ret_mean=221.000 ep_len=500.0 pi_loss=-0.001 v_loss=9.497 ent=0.242 kl=0.0002
[upd  314 | steps  160768 | t  102.9s | sps  1563] ret_mean=176.000 ep_len=500.0 pi_loss=-0.005 v_loss=8.334 ent=0.380 kl=0.0061
[upd  315 | steps  161280 | t  103.0s | sps  1565] ret_mean=90.000 ep_len=500.0 pi_loss=-0.005 v_loss=7.154 ent=0.824 kl=0.0034
[upd  316 | steps  161792 | t  103.2s | sps  1568] ret_mean=182.000 ep_len=500.0 pi_loss=-0.003 v_loss=9.237 ent=0.432 kl=0.0042
[upd  317 | steps  162304 | t  103.4s | sps  1570] ret_mean=173.500 ep_len=500.0 pi_loss=-0.005 v_loss=10.450 ent=0.495 kl=0.0052
[upd  318 | steps  162816 | t  103.6s | sps  1572] ret_mean=87.000 ep_len=500.0 pi_loss=-0.005 v_loss=5.074 ent=0.611 kl=0.0011
[upd  319 | steps  163328 | t  103.8s | sps  1574] ret_mean=204.500 ep_len=500.0 pi_loss=-0.000 v_loss=9.068 ent=0.375 kl=0.0020
[upd  320 | steps  163840 | t  104.0s | sps  1576] ret_mean=144.000 ep_len=500.0 pi_loss=-0.005 v_loss=8.644 ent=0.646 kl=0.0000
[upd  321 | steps  164352 | t  104.2s | sps  1578] ret_mean=88.000 ep_len=500.0 pi_loss=-0.004 v_loss=4.364 ent=0.817 kl=0.0037
[upd  322 | steps  164864 | t  104.4s | sps  1580] ret_mean=89.500 ep_len=500.0 pi_loss=-0.004 v_loss=3.840 ent=0.756 kl=0.0029
[upd  323 | steps  165376 | t  104.6s | sps  1581] ret_mean=57.000 ep_len=500.0 pi_loss=-0.011 v_loss=5.281 ent=0.839 kl=0.0074
[upd  324 | steps  165888 | t  104.8s | sps  1583] ret_mean=201.000 ep_len=500.0 pi_loss=-0.001 v_loss=8.835 ent=0.393 kl=0.0022
[upd  325 | steps  166400 | t  105.0s | sps  1585] ret_mean=142.000 ep_len=500.0 pi_loss=-0.009 v_loss=9.448 ent=0.663 kl=0.0036
        [eval] ret_mean=16.517 ep_len=500.0
[upd  326 | steps  166912 | t  109.2s | sps  1528] ret_mean=207.000 ep_len=500.0 pi_loss=-0.003 v_loss=10.266 ent=0.327 kl=0.0004
[upd  327 | steps  167424 | t  109.4s | sps  1531] ret_mean=183.500 ep_len=500.0 pi_loss=-0.003 v_loss=9.973 ent=0.418 kl=0.0026
[upd  328 | steps  167936 | t  109.6s | sps  1533] ret_mean=206.000 ep_len=500.0 pi_loss=-0.002 v_loss=9.340 ent=0.430 kl=0.0091
[upd  329 | steps  168448 | t  109.7s | sps  1535] ret_mean=87.500 ep_len=500.0 pi_loss=-0.009 v_loss=3.359 ent=0.889 kl=0.0076
[upd  330 | steps  168960 | t  109.9s | sps  1538] ret_mean=177.000 ep_len=500.0 pi_loss=-0.000 v_loss=10.582 ent=0.462 kl=0.0009
[upd  331 | steps  169472 | t  110.0s | sps  1540] ret_mean=206.500 ep_len=500.0 pi_loss=-0.003 v_loss=10.392 ent=0.421 kl=0.0097
[upd  332 | steps  169984 | t  110.2s | sps  1542] ret_mean=102.500 ep_len=500.0 pi_loss=-0.005 v_loss=6.136 ent=0.705 kl=0.0015
[upd  333 | steps  170496 | t  110.4s | sps  1545] ret_mean=203.500 ep_len=500.0 pi_loss=-0.004 v_loss=9.796 ent=0.167 kl=0.0038
[upd  334 | steps  171008 | t  110.5s | sps  1547] ret_mean=237.500 ep_len=500.0 pi_loss=-0.002 v_loss=10.395 ent=0.331 kl=0.0012
[upd  335 | steps  171520 | t  110.7s | sps  1550] ret_mean=54.000 ep_len=500.0 pi_loss=-0.003 v_loss=10.809 ent=0.987 kl=-0.0003
[upd  336 | steps  172032 | t  110.9s | sps  1552] ret_mean=110.500 ep_len=500.0 pi_loss=-0.006 v_loss=5.043 ent=0.766 kl=0.0062
[upd  337 | steps  172544 | t  111.0s | sps  1554] ret_mean=143.500 ep_len=500.0 pi_loss=-0.005 v_loss=8.721 ent=0.652 kl=0.0052
[upd  338 | steps  173056 | t  111.2s | sps  1557] ret_mean=111.000 ep_len=500.0 pi_loss=-0.014 v_loss=5.580 ent=0.930 kl=0.0061
[upd  339 | steps  173568 | t  111.3s | sps  1559] ret_mean=156.500 ep_len=500.0 pi_loss=-0.007 v_loss=8.461 ent=0.497 kl=0.0029
[upd  340 | steps  174080 | t  111.5s | sps  1561] ret_mean=212.500 ep_len=500.0 pi_loss=-0.003 v_loss=11.009 ent=0.304 kl=0.0054
[upd  341 | steps  174592 | t  111.7s | sps  1564] ret_mean=187.500 ep_len=500.0 pi_loss=-0.004 v_loss=9.915 ent=0.837 kl=0.0041
[upd  342 | steps  175104 | t  111.8s | sps  1566] ret_mean=0.000 ep_len=500.0 pi_loss=-0.012 v_loss=4.101 ent=1.082 kl=0.0210
[upd  343 | steps  175616 | t  112.0s | sps  1568] ret_mean=176.500 ep_len=500.0 pi_loss=-0.003 v_loss=9.338 ent=0.614 kl=0.0056
[upd  344 | steps  176128 | t  112.2s | sps  1570] ret_mean=101.500 ep_len=500.0 pi_loss=-0.007 v_loss=4.603 ent=1.018 kl=0.0112
[upd  345 | steps  176640 | t  112.3s | sps  1573] ret_mean=33.500 ep_len=500.0 pi_loss=-0.010 v_loss=6.377 ent=0.901 kl=0.0038
[upd  346 | steps  177152 | t  112.5s | sps  1575] ret_mean=182.500 ep_len=500.0 pi_loss=-0.007 v_loss=8.954 ent=0.804 kl=0.0050
[upd  347 | steps  177664 | t  112.7s | sps  1577] ret_mean=41.500 ep_len=500.0 pi_loss=-0.004 v_loss=6.897 ent=0.896 kl=0.0070
[upd  348 | steps  178176 | t  112.8s | sps  1579] ret_mean=99.500 ep_len=500.0 pi_loss=-0.005 v_loss=6.286 ent=0.601 kl=0.0040
[upd  349 | steps  178688 | t  113.0s | sps  1582] ret_mean=204.500 ep_len=500.0 pi_loss=-0.002 v_loss=10.133 ent=0.544 kl=0.0025
[upd  350 | steps  179200 | t  113.1s | sps  1584] ret_mean=162.500 ep_len=500.0 pi_loss=-0.001 v_loss=9.027 ent=0.682 kl=0.0075
        [eval] ret_mean=45.400 ep_len=500.0
[upd  351 | steps  179712 | t  117.1s | sps  1534] ret_mean=191.000 ep_len=500.0 pi_loss=-0.005 v_loss=10.076 ent=0.418 kl=0.0034
[upd  352 | steps  180224 | t  117.3s | sps  1537] ret_mean=138.000 ep_len=500.0 pi_loss=-0.005 v_loss=7.647 ent=0.762 kl=0.0099
[upd  353 | steps  180736 | t  117.5s | sps  1539] ret_mean=182.000 ep_len=500.0 pi_loss=-0.008 v_loss=9.365 ent=0.663 kl=0.0038
[upd  354 | steps  181248 | t  117.6s | sps  1541] ret_mean=164.500 ep_len=500.0 pi_loss=-0.007 v_loss=8.626 ent=0.756 kl=0.0031
[upd  355 | steps  181760 | t  117.8s | sps  1543] ret_mean=90.500 ep_len=500.0 pi_loss=-0.006 v_loss=6.971 ent=1.086 kl=0.0148
[upd  356 | steps  182272 | t  117.9s | sps  1545] ret_mean=173.000 ep_len=500.0 pi_loss=-0.001 v_loss=8.734 ent=0.573 kl=0.0046
[upd  357 | steps  182784 | t  118.1s | sps  1548] ret_mean=157.500 ep_len=500.0 pi_loss=-0.006 v_loss=7.206 ent=0.727 kl=0.0048
[upd  358 | steps  183296 | t  118.3s | sps  1550] ret_mean=112.000 ep_len=500.0 pi_loss=-0.005 v_loss=5.523 ent=0.782 kl=0.0022
[upd  359 | steps  183808 | t  118.4s | sps  1552] ret_mean=107.000 ep_len=500.0 pi_loss=-0.008 v_loss=4.721 ent=0.922 kl=0.0081
[upd  360 | steps  184320 | t  118.6s | sps  1554] ret_mean=79.000 ep_len=500.0 pi_loss=-0.001 v_loss=5.381 ent=0.803 kl=0.0020
[upd  361 | steps  184832 | t  118.8s | sps  1556] ret_mean=113.000 ep_len=500.0 pi_loss=-0.009 v_loss=3.817 ent=0.898 kl=0.0068
[upd  362 | steps  185344 | t  118.9s | sps  1558] ret_mean=107.500 ep_len=500.0 pi_loss=-0.008 v_loss=8.309 ent=0.806 kl=0.0193
[upd  363 | steps  185856 | t  119.1s | sps  1561] ret_mean=153.000 ep_len=500.0 pi_loss=-0.002 v_loss=9.242 ent=0.505 kl=0.0023
[upd  364 | steps  186368 | t  119.2s | sps  1563] ret_mean=199.000 ep_len=500.0 pi_loss=-0.008 v_loss=10.213 ent=0.496 kl=0.0202
[upd  365 | steps  186880 | t  119.4s | sps  1565] ret_mean=188.500 ep_len=500.0 pi_loss=-0.006 v_loss=10.181 ent=0.636 kl=0.0185
[upd  366 | steps  187392 | t  119.6s | sps  1567] ret_mean=57.500 ep_len=500.0 pi_loss=-0.010 v_loss=5.378 ent=0.822 kl=0.0208
[upd  367 | steps  187904 | t  119.7s | sps  1569] ret_mean=177.000 ep_len=500.0 pi_loss=-0.002 v_loss=9.654 ent=0.461 kl=0.0104
[upd  368 | steps  188416 | t  119.9s | sps  1571] ret_mean=225.500 ep_len=500.0 pi_loss=-0.002 v_loss=9.129 ent=0.507 kl=0.0096
[upd  369 | steps  188928 | t  120.1s | sps  1574] ret_mean=96.000 ep_len=500.0 pi_loss=-0.011 v_loss=5.008 ent=0.805 kl=0.0081
[upd  370 | steps  189440 | t  120.2s | sps  1576] ret_mean=88.000 ep_len=500.0 pi_loss=-0.010 v_loss=5.343 ent=0.688 kl=0.0129
[upd  371 | steps  189952 | t  120.4s | sps  1578] ret_mean=194.500 ep_len=500.0 pi_loss=-0.003 v_loss=9.800 ent=0.662 kl=0.0018
[upd  372 | steps  190464 | t  120.6s | sps  1580] ret_mean=151.500 ep_len=500.0 pi_loss=-0.006 v_loss=8.482 ent=0.745 kl=0.0145
[upd  373 | steps  190976 | t  120.7s | sps  1582] ret_mean=84.000 ep_len=500.0 pi_loss=-0.004 v_loss=5.263 ent=0.919 kl=0.0162
[upd  374 | steps  191488 | t  120.9s | sps  1584] ret_mean=132.500 ep_len=500.0 pi_loss=-0.007 v_loss=6.889 ent=0.730 kl=0.0100
[upd  375 | steps  192000 | t  121.1s | sps  1586] ret_mean=163.000 ep_len=500.0 pi_loss=-0.001 v_loss=7.568 ent=0.707 kl=0.0099
        [eval] ret_mean=24.650 ep_len=500.0
[upd  376 | steps  192512 | t  125.6s | sps  1533] ret_mean=160.500 ep_len=500.0 pi_loss=-0.003 v_loss=8.138 ent=0.659 kl=0.0053
[upd  377 | steps  193024 | t  125.7s | sps  1535] ret_mean=115.500 ep_len=500.0 pi_loss=-0.003 v_loss=7.760 ent=0.926 kl=0.0061
[upd  378 | steps  193536 | t  125.9s | sps  1537] ret_mean=109.500 ep_len=500.0 pi_loss=-0.009 v_loss=11.984 ent=0.896 kl=0.0051
[upd  379 | steps  194048 | t  126.1s | sps  1539] ret_mean=91.000 ep_len=500.0 pi_loss=-0.009 v_loss=6.418 ent=0.947 kl=0.0145
[upd  380 | steps  194560 | t  126.2s | sps  1541] ret_mean=113.500 ep_len=500.0 pi_loss=-0.007 v_loss=8.535 ent=0.828 kl=-0.0026
[upd  381 | steps  195072 | t  126.4s | sps  1543] ret_mean=67.500 ep_len=500.0 pi_loss=-0.008 v_loss=5.461 ent=0.787 kl=0.0087
[upd  382 | steps  195584 | t  126.6s | sps  1545] ret_mean=134.000 ep_len=500.0 pi_loss=-0.011 v_loss=9.469 ent=0.864 kl=0.0317
[upd  383 | steps  196096 | t  126.7s | sps  1547] ret_mean=109.000 ep_len=500.0 pi_loss=-0.007 v_loss=10.799 ent=1.026 kl=0.0104
[upd  384 | steps  196608 | t  126.9s | sps  1549] ret_mean=138.500 ep_len=500.0 pi_loss=-0.006 v_loss=8.342 ent=0.760 kl=0.0033
[upd  385 | steps  197120 | t  127.1s | sps  1551] ret_mean=151.500 ep_len=500.0 pi_loss=-0.012 v_loss=9.967 ent=0.821 kl=0.0131
[upd  386 | steps  197632 | t  127.2s | sps  1554] ret_mean=125.500 ep_len=500.0 pi_loss=-0.006 v_loss=7.058 ent=0.866 kl=0.0092
[upd  387 | steps  198144 | t  127.4s | sps  1556] ret_mean=97.000 ep_len=500.0 pi_loss=-0.007 v_loss=5.806 ent=0.712 kl=0.0091
[upd  388 | steps  198656 | t  127.5s | sps  1558] ret_mean=154.500 ep_len=500.0 pi_loss=-0.008 v_loss=7.689 ent=0.711 kl=0.0072
[upd  389 | steps  199168 | t  127.7s | sps  1560] ret_mean=104.500 ep_len=500.0 pi_loss=-0.009 v_loss=7.792 ent=0.723 kl=0.0084
[upd  390 | steps  199680 | t  127.9s | sps  1562] ret_mean=205.000 ep_len=500.0 pi_loss=0.000 v_loss=8.345 ent=0.561 kl=0.0138
[upd  391 | steps  200192 | t  128.0s | sps  1564] ret_mean=88.000 ep_len=500.0 pi_loss=-0.011 v_loss=5.305 ent=0.846 kl=0.0089
[upd  392 | steps  200704 | t  128.2s | sps  1566] ret_mean=40.000 ep_len=500.0 pi_loss=-0.009 v_loss=5.958 ent=0.795 kl=0.0149
[upd  393 | steps  201216 | t  128.3s | sps  1568] ret_mean=113.000 ep_len=500.0 pi_loss=-0.004 v_loss=6.011 ent=0.693 kl=0.0046
[upd  394 | steps  201728 | t  128.5s | sps  1570] ret_mean=31.500 ep_len=500.0 pi_loss=-0.008 v_loss=5.451 ent=0.669 kl=0.0024
[upd  395 | steps  202240 | t  128.7s | sps  1572] ret_mean=155.500 ep_len=500.0 pi_loss=-0.003 v_loss=7.229 ent=0.654 kl=0.0052
[upd  396 | steps  202752 | t  128.8s | sps  1574] ret_mean=66.000 ep_len=500.0 pi_loss=-0.009 v_loss=7.586 ent=0.792 kl=0.0117
[upd  397 | steps  203264 | t  129.0s | sps  1576] ret_mean=96.500 ep_len=500.0 pi_loss=-0.016 v_loss=5.685 ent=0.656 kl=0.0053
[upd  398 | steps  203776 | t  129.2s | sps  1578] ret_mean=108.500 ep_len=500.0 pi_loss=-0.008 v_loss=8.196 ent=0.530 kl=0.0056
[upd  399 | steps  204288 | t  129.3s | sps  1580] ret_mean=195.000 ep_len=500.0 pi_loss=-0.004 v_loss=8.180 ent=0.520 kl=0.0036
[upd  400 | steps  204800 | t  129.5s | sps  1582] ret_mean=179.500 ep_len=500.0 pi_loss=-0.009 v_loss=6.208 ent=0.612 kl=0.0111
        [eval] ret_mean=37.350 ep_len=500.0
