$ /Users/praneelkhiantani/Downloads/cs2860/.venv/bin/python3 -m policies.train --env rware-tiny-2ag-easy-v2 --seed 1 --updates 200 --rollout 512 --eval-every 50 --eval-episodes 10 --log-dir matrix_results/intent_grounded_v1_pilot/rware-tiny-2ag-easy-v2 --run-name mappo-comm__baseline__d0__s1 --n-msg-tokens 8 --shape-rewards --pickup-bonus 0.5

[env] EnvSpec(env_id='rware-tiny-2ag-easy-v2', n_agents=2, obs_dim=71, n_env_actions=5, noop_action=0, family='rware')  (n_msg_tokens=8)
[cfg] {'clip_range': 0.2, 'value_clip_range': 0.2, 'entropy_coef': 0.01, 'value_coef': 0.5, 'max_grad_norm': 0.5, 'gamma': 0.99, 'gae_lambda': 0.95, 'lr_actor': 0.0003, 'lr_critic': 0.001, 'update_epochs': 4, 'minibatches': 4, 'hidden': 128, 'depth': 2, 'device': 'cpu', 'message_grounding_coef': 0.0, 'extra': {}}
[log] writing to matrix_results/intent_grounded_v1_pilot/rware-tiny-2ag-easy-v2/mappo-comm__baseline__d0__s1
[upd    1 | steps     512 | t    0.7s | sps   720] ret_mean=4.000 ep_len=500.0 pi_loss=-0.011 v_loss=0.054 ent=3.687 msg_acc=0.000 kl=0.0071
[upd    2 | steps    1024 | t    1.4s | sps   718] ret_mean=1.500 ep_len=500.0 pi_loss=-0.012 v_loss=0.021 ent=3.682 msg_acc=0.000 kl=0.0077
[upd    3 | steps    1536 | t    2.6s | sps   597] ret_mean=0.000 ep_len=500.0 pi_loss=-0.009 v_loss=0.006 ent=3.677 msg_acc=0.000 kl=0.0027
[upd    4 | steps    2048 | t    3.3s | sps   620] ret_mean=0.000 ep_len=500.0 pi_loss=-0.006 v_loss=0.004 ent=3.667 msg_acc=0.000 kl=0.0021
[upd    5 | steps    2560 | t    4.2s | sps   607] ret_mean=4.000 ep_len=500.0 pi_loss=-0.013 v_loss=0.032 ent=3.648 msg_acc=0.000 kl=0.0078
[upd    6 | steps    3072 | t    5.4s | sps   570] ret_mean=0.000 ep_len=500.0 pi_loss=-0.019 v_loss=0.003 ent=3.650 msg_acc=0.000 kl=0.0081
[upd    7 | steps    3584 | t    6.3s | sps   573] ret_mean=3.000 ep_len=500.0 pi_loss=-0.016 v_loss=0.021 ent=3.624 msg_acc=0.000 kl=0.0047
[upd    8 | steps    4096 | t    7.0s | sps   589] ret_mean=2.000 ep_len=500.0 pi_loss=-0.009 v_loss=0.004 ent=3.627 msg_acc=0.000 kl=-0.0016
[upd    9 | steps    4608 | t    7.6s | sps   603] ret_mean=0.000 ep_len=500.0 pi_loss=-0.011 v_loss=0.006 ent=3.624 msg_acc=0.000 kl=0.0049
[upd   10 | steps    5120 | t    8.7s | sps   586] ret_mean=0.000 ep_len=500.0 pi_loss=-0.010 v_loss=0.006 ent=3.625 msg_acc=0.000 kl=0.0031
[upd   11 | steps    5632 | t    9.7s | sps   580] ret_mean=0.500 ep_len=500.0 pi_loss=-0.012 v_loss=0.005 ent=3.613 msg_acc=0.000 kl=0.0115
[upd   12 | steps    6144 | t   10.4s | sps   589] ret_mean=0.500 ep_len=500.0 pi_loss=-0.011 v_loss=0.002 ent=3.616 msg_acc=0.000 kl=0.0033
[upd   13 | steps    6656 | t   11.1s | sps   599] ret_mean=2.500 ep_len=500.0 pi_loss=-0.018 v_loss=0.035 ent=3.543 msg_acc=0.000 kl=0.0087
[upd   14 | steps    7168 | t   11.7s | sps   610] ret_mean=5.500 ep_len=500.0 pi_loss=-0.008 v_loss=0.033 ent=3.540 msg_acc=0.000 kl=0.0049
[upd   15 | steps    7680 | t   12.6s | sps   608] ret_mean=0.000 ep_len=500.0 pi_loss=-0.011 v_loss=0.016 ent=3.530 msg_acc=0.000 kl=0.0069
[upd   16 | steps    8192 | t   13.6s | sps   604] ret_mean=1.500 ep_len=500.0 pi_loss=-0.015 v_loss=0.018 ent=3.509 msg_acc=0.000 kl=0.0117
[upd   17 | steps    8704 | t   14.5s | sps   601] ret_mean=3.000 ep_len=500.0 pi_loss=-0.010 v_loss=0.008 ent=3.500 msg_acc=0.000 kl=0.0082
[upd   18 | steps    9216 | t   15.4s | sps   599] ret_mean=0.500 ep_len=500.0 pi_loss=-0.009 v_loss=0.006 ent=3.449 msg_acc=0.000 kl=0.0109
[upd   19 | steps    9728 | t   16.0s | sps   608] ret_mean=0.500 ep_len=500.0 pi_loss=-0.011 v_loss=0.033 ent=3.420 msg_acc=0.000 kl=0.0053
[upd   20 | steps   10240 | t   16.6s | sps   616] ret_mean=6.000 ep_len=500.0 pi_loss=-0.009 v_loss=0.034 ent=3.413 msg_acc=0.000 kl=0.0056
[upd   21 | steps   10752 | t   17.3s | sps   622] ret_mean=1.500 ep_len=500.0 pi_loss=-0.014 v_loss=0.003 ent=3.481 msg_acc=0.000 kl=0.0034
[upd   22 | steps   11264 | t   18.0s | sps   627] ret_mean=2.500 ep_len=500.0 pi_loss=-0.011 v_loss=0.030 ent=3.434 msg_acc=0.000 kl=0.0053
[upd   23 | steps   11776 | t   18.7s | sps   631] ret_mean=2.500 ep_len=500.0 pi_loss=-0.012 v_loss=0.004 ent=3.409 msg_acc=0.000 kl=0.0062
[upd   24 | steps   12288 | t   19.3s | sps   635] ret_mean=0.000 ep_len=500.0 pi_loss=-0.014 v_loss=0.005 ent=3.439 msg_acc=0.000 kl=0.0065
[upd   25 | steps   12800 | t   20.0s | sps   641] ret_mean=0.500 ep_len=500.0 pi_loss=-0.013 v_loss=0.003 ent=3.451 msg_acc=0.000 kl=0.0054
[upd   26 | steps   13312 | t   20.6s | sps   648] ret_mean=0.000 ep_len=500.0 pi_loss=-0.012 v_loss=0.052 ent=3.453 msg_acc=0.000 kl=0.0084
[upd   27 | steps   13824 | t   21.2s | sps   653] ret_mean=8.500 ep_len=500.0 pi_loss=-0.018 v_loss=0.033 ent=3.417 msg_acc=0.000 kl=0.0209
[upd   28 | steps   14336 | t   21.8s | sps   657] ret_mean=1.000 ep_len=500.0 pi_loss=-0.013 v_loss=0.063 ent=3.360 msg_acc=0.000 kl=0.0097
[upd   29 | steps   14848 | t   22.5s | sps   660] ret_mean=6.500 ep_len=500.0 pi_loss=-0.011 v_loss=0.054 ent=3.411 msg_acc=0.000 kl=0.0116
[upd   30 | steps   15360 | t   23.2s | sps   663] ret_mean=11.500 ep_len=500.0 pi_loss=-0.012 v_loss=0.165 ent=3.383 msg_acc=0.000 kl=0.0093
[upd   31 | steps   15872 | t   23.8s | sps   668] ret_mean=2.000 ep_len=500.0 pi_loss=-0.012 v_loss=0.038 ent=3.468 msg_acc=0.000 kl=0.0086
[upd   32 | steps   16384 | t   24.4s | sps   672] ret_mean=6.000 ep_len=500.0 pi_loss=-0.010 v_loss=0.130 ent=3.380 msg_acc=0.000 kl=0.0075
[upd   33 | steps   16896 | t   25.0s | sps   677] ret_mean=5.000 ep_len=500.0 pi_loss=-0.011 v_loss=0.161 ent=3.436 msg_acc=0.000 kl=0.0075
[upd   34 | steps   17408 | t   25.6s | sps   681] ret_mean=15.500 ep_len=500.0 pi_loss=-0.016 v_loss=0.047 ent=3.350 msg_acc=0.000 kl=0.0103
[upd   35 | steps   17920 | t   26.2s | sps   685] ret_mean=0.000 ep_len=500.0 pi_loss=-0.015 v_loss=0.003 ent=3.485 msg_acc=0.000 kl=0.0102
[upd   36 | steps   18432 | t   26.8s | sps   689] ret_mean=0.000 ep_len=500.0 pi_loss=-0.011 v_loss=0.027 ent=3.471 msg_acc=0.000 kl=0.0066
[upd   37 | steps   18944 | t   27.4s | sps   692] ret_mean=2.500 ep_len=500.0 pi_loss=-0.012 v_loss=0.281 ent=3.446 msg_acc=0.000 kl=0.0036
[upd   38 | steps   19456 | t   28.0s | sps   696] ret_mean=16.000 ep_len=500.0 pi_loss=-0.014 v_loss=0.005 ent=3.488 msg_acc=0.000 kl=0.0020
[upd   39 | steps   19968 | t   28.6s | sps   699] ret_mean=0.000 ep_len=500.0 pi_loss=-0.012 v_loss=0.019 ent=3.461 msg_acc=0.000 kl=0.0071
[upd   40 | steps   20480 | t   29.2s | sps   702] ret_mean=2.000 ep_len=500.0 pi_loss=-0.011 v_loss=0.207 ent=3.419 msg_acc=0.000 kl=0.0107
[upd   41 | steps   20992 | t   29.8s | sps   706] ret_mean=10.500 ep_len=500.0 pi_loss=-0.010 v_loss=0.913 ent=3.323 msg_acc=0.000 kl=0.0080
[upd   42 | steps   21504 | t   30.3s | sps   709] ret_mean=23.500 ep_len=500.0 pi_loss=-0.017 v_loss=0.126 ent=3.413 msg_acc=0.000 kl=0.0130
[upd   43 | steps   22016 | t   30.9s | sps   712] ret_mean=4.000 ep_len=500.0 pi_loss=-0.016 v_loss=0.058 ent=3.299 msg_acc=0.000 kl=0.0199
[upd   44 | steps   22528 | t   31.5s | sps   714] ret_mean=0.000 ep_len=500.0 pi_loss=-0.008 v_loss=0.021 ent=3.312 msg_acc=0.000 kl=0.0072
[upd   45 | steps   23040 | t   32.1s | sps   717] ret_mean=9.000 ep_len=500.0 pi_loss=-0.010 v_loss=0.063 ent=3.273 msg_acc=0.000 kl=0.0095
[upd   46 | steps   23552 | t   32.7s | sps   720] ret_mean=0.000 ep_len=500.0 pi_loss=-0.011 v_loss=0.002 ent=3.244 msg_acc=0.000 kl=0.0177
[upd   47 | steps   24064 | t   33.3s | sps   723] ret_mean=44.000 ep_len=500.0 pi_loss=-0.011 v_loss=1.576 ent=3.102 msg_acc=0.000 kl=0.0098
[upd   48 | steps   24576 | t   34.0s | sps   723] ret_mean=8.000 ep_len=500.0 pi_loss=-0.009 v_loss=0.010 ent=3.154 msg_acc=0.000 kl=0.0126
[upd   49 | steps   25088 | t   34.7s | sps   724] ret_mean=0.000 ep_len=500.0 pi_loss=-0.012 v_loss=0.005 ent=3.261 msg_acc=0.000 kl=0.0022
[upd   50 | steps   25600 | t   35.2s | sps   727] ret_mean=0.000 ep_len=500.0 pi_loss=-0.008 v_loss=0.003 ent=3.144 msg_acc=0.000 kl=0.0079
        [eval] ret_mean=0.000 ep_len=500.0
[upd   51 | steps   26112 | t   40.5s | sps   645] ret_mean=14.500 ep_len=500.0 pi_loss=-0.012 v_loss=0.411 ent=3.168 msg_acc=0.000 kl=0.0108
[upd   52 | steps   26624 | t   41.1s | sps   648] ret_mean=18.500 ep_len=500.0 pi_loss=-0.006 v_loss=0.513 ent=3.205 msg_acc=0.000 kl=0.0021
[upd   53 | steps   27136 | t   41.7s | sps   651] ret_mean=0.000 ep_len=500.0 pi_loss=-0.008 v_loss=0.004 ent=3.179 msg_acc=0.000 kl=0.0139
[upd   54 | steps   27648 | t   42.3s | sps   654] ret_mean=0.000 ep_len=500.0 pi_loss=-0.011 v_loss=0.006 ent=3.239 msg_acc=0.000 kl=0.0079
[upd   55 | steps   28160 | t   42.9s | sps   657] ret_mean=23.500 ep_len=500.0 pi_loss=-0.012 v_loss=0.636 ent=3.100 msg_acc=0.000 kl=0.0011
[upd   56 | steps   28672 | t   43.4s | sps   660] ret_mean=0.000 ep_len=500.0 pi_loss=-0.008 v_loss=0.006 ent=3.247 msg_acc=0.000 kl=-0.0014
[upd   57 | steps   29184 | t   44.0s | sps   663] ret_mean=34.500 ep_len=500.0 pi_loss=-0.009 v_loss=1.170 ent=3.083 msg_acc=0.000 kl=0.0069
[upd   58 | steps   29696 | t   44.6s | sps   666] ret_mean=0.000 ep_len=500.0 pi_loss=-0.011 v_loss=0.009 ent=3.326 msg_acc=0.000 kl=0.0063
[upd   59 | steps   30208 | t   45.2s | sps   668] ret_mean=2.000 ep_len=500.0 pi_loss=-0.016 v_loss=0.009 ent=3.287 msg_acc=0.000 kl=0.0070
[upd   60 | steps   30720 | t   45.8s | sps   671] ret_mean=5.000 ep_len=500.0 pi_loss=-0.008 v_loss=0.105 ent=3.377 msg_acc=0.000 kl=0.0026
[upd   61 | steps   31232 | t   46.4s | sps   673] ret_mean=26.000 ep_len=500.0 pi_loss=-0.014 v_loss=0.828 ent=3.231 msg_acc=0.000 kl=0.0007
[upd   62 | steps   31744 | t   47.0s | sps   675] ret_mean=0.000 ep_len=500.0 pi_loss=-0.011 v_loss=0.248 ent=3.188 msg_acc=0.000 kl=-0.0019
[upd   63 | steps   32256 | t   47.6s | sps   678] ret_mean=63.000 ep_len=500.0 pi_loss=-0.013 v_loss=2.105 ent=2.894 msg_acc=0.000 kl=0.0072
[upd   64 | steps   32768 | t   48.2s | sps   680] ret_mean=0.000 ep_len=500.0 pi_loss=-0.013 v_loss=0.003 ent=3.169 msg_acc=0.000 kl=0.0089
[upd   65 | steps   33280 | t   48.9s | sps   681] ret_mean=0.000 ep_len=500.0 pi_loss=-0.011 v_loss=0.006 ent=3.354 msg_acc=0.000 kl=0.0100
[upd   66 | steps   33792 | t   49.6s | sps   681] ret_mean=0.000 ep_len=500.0 pi_loss=-0.012 v_loss=0.003 ent=3.217 msg_acc=0.000 kl=0.0004
[upd   67 | steps   34304 | t   50.2s | sps   683] ret_mean=0.000 ep_len=500.0 pi_loss=-0.011 v_loss=0.140 ent=3.313 msg_acc=0.000 kl=0.0059
[upd   68 | steps   34816 | t   50.8s | sps   685] ret_mean=37.500 ep_len=500.0 pi_loss=-0.013 v_loss=0.973 ent=3.135 msg_acc=0.000 kl=0.0105
[upd   69 | steps   35328 | t   51.4s | sps   687] ret_mean=0.000 ep_len=500.0 pi_loss=-0.008 v_loss=0.004 ent=3.458 msg_acc=0.000 kl=-0.0003
[upd   70 | steps   35840 | t   52.0s | sps   689] ret_mean=0.000 ep_len=500.0 pi_loss=-0.014 v_loss=0.002 ent=3.291 msg_acc=0.000 kl=0.0030
[upd   71 | steps   36352 | t   52.6s | sps   691] ret_mean=0.000 ep_len=500.0 pi_loss=-0.015 v_loss=0.002 ent=3.277 msg_acc=0.000 kl=0.0117
[upd   72 | steps   36864 | t   53.2s | sps   693] ret_mean=4.000 ep_len=500.0 pi_loss=-0.017 v_loss=1.011 ent=3.200 msg_acc=0.000 kl=0.0133
[upd   73 | steps   37376 | t   53.7s | sps   695] ret_mean=67.500 ep_len=500.0 pi_loss=-0.011 v_loss=2.321 ent=3.133 msg_acc=0.000 kl=0.0054
[upd   74 | steps   37888 | t   54.3s | sps   697] ret_mean=75.000 ep_len=500.0 pi_loss=-0.015 v_loss=1.737 ent=3.200 msg_acc=0.000 kl=0.0075
[upd   75 | steps   38400 | t   54.9s | sps   699] ret_mean=0.000 ep_len=500.0 pi_loss=-0.015 v_loss=0.012 ent=3.238 msg_acc=0.000 kl=0.0059
[upd   76 | steps   38912 | t   55.7s | sps   698] ret_mean=0.000 ep_len=500.0 pi_loss=-0.012 v_loss=0.152 ent=3.028 msg_acc=0.000 kl=0.0096
[upd   77 | steps   39424 | t   56.3s | sps   700] ret_mean=6.500 ep_len=500.0 pi_loss=-0.015 v_loss=0.010 ent=3.054 msg_acc=0.000 kl=0.0032
[upd   78 | steps   39936 | t   56.9s | sps   701] ret_mean=0.000 ep_len=500.0 pi_loss=-0.011 v_loss=0.396 ent=3.047 msg_acc=0.000 kl=0.0037
[upd   79 | steps   40448 | t   57.5s | sps   703] ret_mean=12.000 ep_len=500.0 pi_loss=-0.011 v_loss=0.206 ent=3.018 msg_acc=0.000 kl=0.0033
[upd   80 | steps   40960 | t   58.1s | sps   705] ret_mean=7.500 ep_len=500.0 pi_loss=-0.015 v_loss=0.014 ent=3.196 msg_acc=0.000 kl=0.0085
[upd   81 | steps   41472 | t   58.7s | sps   706] ret_mean=0.000 ep_len=500.0 pi_loss=-0.012 v_loss=0.007 ent=3.280 msg_acc=0.000 kl=0.0067
[upd   82 | steps   41984 | t   59.3s | sps   708] ret_mean=0.000 ep_len=500.0 pi_loss=-0.009 v_loss=1.154 ent=3.185 msg_acc=0.000 kl=0.0032
[upd   83 | steps   42496 | t   59.9s | sps   709] ret_mean=26.000 ep_len=500.0 pi_loss=-0.016 v_loss=1.043 ent=3.244 msg_acc=0.000 kl=0.0083
[upd   84 | steps   43008 | t   60.5s | sps   711] ret_mean=46.500 ep_len=500.0 pi_loss=-0.015 v_loss=1.798 ent=3.127 msg_acc=0.000 kl=-0.0010
[upd   85 | steps   43520 | t   61.1s | sps   712] ret_mean=27.000 ep_len=500.0 pi_loss=-0.016 v_loss=1.181 ent=3.085 msg_acc=0.000 kl=0.0025
[upd   86 | steps   44032 | t   61.7s | sps   714] ret_mean=27.000 ep_len=500.0 pi_loss=-0.015 v_loss=0.015 ent=3.342 msg_acc=0.000 kl=0.0077
[upd   87 | steps   44544 | t   62.6s | sps   712] ret_mean=0.000 ep_len=500.0 pi_loss=-0.012 v_loss=0.294 ent=3.081 msg_acc=0.000 kl=0.0074
[upd   88 | steps   45056 | t   63.6s | sps   709] ret_mean=9.000 ep_len=500.0 pi_loss=-0.011 v_loss=0.009 ent=3.230 msg_acc=0.000 kl=0.0090
[upd   89 | steps   45568 | t   64.5s | sps   706] ret_mean=0.000 ep_len=500.0 pi_loss=-0.012 v_loss=1.805 ent=2.856 msg_acc=0.000 kl=0.0052
[upd   90 | steps   46080 | t   65.5s | sps   704] ret_mean=48.500 ep_len=500.0 pi_loss=-0.018 v_loss=9.647 ent=2.704 msg_acc=0.000 kl=0.0092
[upd   91 | steps   46592 | t   66.4s | sps   702] ret_mean=122.500 ep_len=500.0 pi_loss=-0.012 v_loss=0.275 ent=3.278 msg_acc=0.000 kl=0.0009
[upd   92 | steps   47104 | t   67.2s | sps   701] ret_mean=4.750 ep_len=500.0 pi_loss=-0.019 v_loss=0.015 ent=3.146 msg_acc=0.000 kl=0.0193
[upd   93 | steps   47616 | t   68.0s | sps   700] ret_mean=41.500 ep_len=500.0 pi_loss=-0.010 v_loss=1.907 ent=2.906 msg_acc=0.000 kl=0.0083
[upd   94 | steps   48128 | t   68.8s | sps   699] ret_mean=20.000 ep_len=500.0 pi_loss=-0.015 v_loss=0.843 ent=3.265 msg_acc=0.000 kl=0.0076
[upd   95 | steps   48640 | t   69.5s | sps   699] ret_mean=0.000 ep_len=500.0 pi_loss=-0.011 v_loss=0.014 ent=2.900 msg_acc=0.000 kl=0.0086
[upd   96 | steps   49152 | t   70.4s | sps   698] ret_mean=31.000 ep_len=500.0 pi_loss=-0.011 v_loss=1.171 ent=2.986 msg_acc=0.000 kl=0.0080
[upd   97 | steps   49664 | t   71.2s | sps   697] ret_mean=0.000 ep_len=500.0 pi_loss=-0.012 v_loss=0.277 ent=3.387 msg_acc=0.000 kl=0.0152
[upd   98 | steps   50176 | t   72.0s | sps   697] ret_mean=135.000 ep_len=500.0 pi_loss=-0.012 v_loss=8.907 ent=2.565 msg_acc=0.000 kl=0.0131
[upd   99 | steps   50688 | t   72.8s | sps   696] ret_mean=0.000 ep_len=500.0 pi_loss=-0.011 v_loss=0.596 ent=3.446 msg_acc=0.000 kl=0.0046
[upd  100 | steps   51200 | t   73.9s | sps   693] ret_mean=113.500 ep_len=500.0 pi_loss=-0.018 v_loss=4.614 ent=2.874 msg_acc=0.000 kl=0.0030
        [eval] ret_mean=12.500 ep_len=500.0
[upd  101 | steps   51712 | t   80.0s | sps   646] ret_mean=110.000 ep_len=500.0 pi_loss=-0.022 v_loss=5.810 ent=2.701 msg_acc=0.000 kl=0.0117
[upd  102 | steps   52224 | t   80.6s | sps   648] ret_mean=0.000 ep_len=500.0 pi_loss=-0.020 v_loss=0.126 ent=2.834 msg_acc=0.000 kl=0.0050
[upd  103 | steps   52736 | t   81.2s | sps   649] ret_mean=8.500 ep_len=500.0 pi_loss=-0.010 v_loss=0.048 ent=2.860 msg_acc=0.000 kl=0.0039
[upd  104 | steps   53248 | t   81.8s | sps   651] ret_mean=101.000 ep_len=500.0 pi_loss=-0.012 v_loss=5.200 ent=2.761 msg_acc=0.000 kl=0.0058
[upd  105 | steps   53760 | t   82.4s | sps   653] ret_mean=96.500 ep_len=500.0 pi_loss=-0.012 v_loss=4.328 ent=2.502 msg_acc=0.000 kl=0.0159
[upd  106 | steps   54272 | t   82.9s | sps   654] ret_mean=11.000 ep_len=500.0 pi_loss=-0.012 v_loss=0.359 ent=3.218 msg_acc=0.000 kl=0.0003
[upd  107 | steps   54784 | t   83.5s | sps   656] ret_mean=8.500 ep_len=500.0 pi_loss=-0.011 v_loss=0.724 ent=2.861 msg_acc=0.000 kl=0.0091
[upd  108 | steps   55296 | t   84.1s | sps   658] ret_mean=114.000 ep_len=500.0 pi_loss=-0.018 v_loss=4.245 ent=2.515 msg_acc=0.000 kl=0.0131
[upd  109 | steps   55808 | t   84.7s | sps   659] ret_mean=0.000 ep_len=500.0 pi_loss=-0.021 v_loss=0.025 ent=3.236 msg_acc=0.000 kl=0.0150
[upd  110 | steps   56320 | t   85.2s | sps   661] ret_mean=23.500 ep_len=500.0 pi_loss=-0.007 v_loss=0.787 ent=2.723 msg_acc=0.000 kl=0.0029
[upd  111 | steps   56832 | t   85.8s | sps   662] ret_mean=0.000 ep_len=500.0 pi_loss=-0.018 v_loss=0.028 ent=2.787 msg_acc=0.000 kl=0.0022
[upd  112 | steps   57344 | t   86.4s | sps   664] ret_mean=22.500 ep_len=500.0 pi_loss=-0.018 v_loss=2.305 ent=2.907 msg_acc=0.000 kl=0.0069
[upd  113 | steps   57856 | t   87.0s | sps   665] ret_mean=122.000 ep_len=500.0 pi_loss=-0.020 v_loss=3.963 ent=2.826 msg_acc=0.000 kl=0.0085
[upd  114 | steps   58368 | t   87.6s | sps   666] ret_mean=0.000 ep_len=500.0 pi_loss=-0.016 v_loss=0.023 ent=3.221 msg_acc=0.000 kl=0.0070
[upd  115 | steps   58880 | t   88.3s | sps   667] ret_mean=0.000 ep_len=500.0 pi_loss=-0.014 v_loss=0.032 ent=3.237 msg_acc=0.000 kl=0.0078
[upd  116 | steps   59392 | t   88.9s | sps   668] ret_mean=0.000 ep_len=500.0 pi_loss=-0.019 v_loss=0.009 ent=3.284 msg_acc=0.000 kl=0.0061
[upd  117 | steps   59904 | t   89.5s | sps   669] ret_mean=0.000 ep_len=500.0 pi_loss=-0.015 v_loss=0.008 ent=3.144 msg_acc=0.000 kl=0.0110
[upd  118 | steps   60416 | t   90.1s | sps   670] ret_mean=0.000 ep_len=500.0 pi_loss=-0.008 v_loss=0.068 ent=2.810 msg_acc=0.000 kl=0.0060
[upd  119 | steps   60928 | t   90.7s | sps   672] ret_mean=3.500 ep_len=500.0 pi_loss=-0.014 v_loss=0.008 ent=3.259 msg_acc=0.000 kl=0.0026
[upd  120 | steps   61440 | t   91.3s | sps   673] ret_mean=57.000 ep_len=500.0 pi_loss=-0.010 v_loss=2.875 ent=2.769 msg_acc=0.000 kl=0.0078
[upd  121 | steps   61952 | t   91.9s | sps   674] ret_mean=0.000 ep_len=500.0 pi_loss=-0.013 v_loss=0.711 ent=2.993 msg_acc=0.000 kl=0.0086
[upd  122 | steps   62464 | t   92.5s | sps   675] ret_mean=18.500 ep_len=500.0 pi_loss=-0.013 v_loss=0.007 ent=3.054 msg_acc=0.000 kl=0.0046
[upd  123 | steps   62976 | t   93.1s | sps   676] ret_mean=0.000 ep_len=500.0 pi_loss=-0.016 v_loss=0.592 ent=3.158 msg_acc=0.000 kl=0.0026
[upd  124 | steps   63488 | t   93.7s | sps   677] ret_mean=15.500 ep_len=500.0 pi_loss=-0.018 v_loss=3.264 ent=2.711 msg_acc=0.000 kl=0.0175
[upd  125 | steps   64000 | t   94.3s | sps   679] ret_mean=113.000 ep_len=500.0 pi_loss=-0.011 v_loss=1.977 ent=2.885 msg_acc=0.000 kl=0.0035
[upd  126 | steps   64512 | t   94.9s | sps   680] ret_mean=16.500 ep_len=500.0 pi_loss=-0.014 v_loss=0.633 ent=3.004 msg_acc=0.000 kl=0.0074
[upd  127 | steps   65024 | t   95.5s | sps   681] ret_mean=0.000 ep_len=500.0 pi_loss=-0.012 v_loss=5.350 ent=2.728 msg_acc=0.000 kl=0.0055
[upd  128 | steps   65536 | t   96.1s | sps   682] ret_mean=127.000 ep_len=500.0 pi_loss=-0.014 v_loss=2.959 ent=3.070 msg_acc=0.000 kl=0.0089
[upd  129 | steps   66048 | t   96.7s | sps   683] ret_mean=54.000 ep_len=500.0 pi_loss=-0.020 v_loss=0.935 ent=3.253 msg_acc=0.000 kl=0.0113
[upd  130 | steps   66560 | t   97.3s | sps   684] ret_mean=11.500 ep_len=500.0 pi_loss=-0.020 v_loss=0.186 ent=3.210 msg_acc=0.000 kl=0.0047
[upd  131 | steps   67072 | t   97.9s | sps   685] ret_mean=6.000 ep_len=500.0 pi_loss=-0.016 v_loss=1.468 ent=3.011 msg_acc=0.000 kl=0.0029
[upd  132 | steps   67584 | t   98.5s | sps   686] ret_mean=42.500 ep_len=500.0 pi_loss=-0.015 v_loss=5.728 ent=2.801 msg_acc=0.000 kl=-0.0007
[upd  133 | steps   68096 | t   99.0s | sps   688] ret_mean=123.000 ep_len=500.0 pi_loss=-0.015 v_loss=3.359 ent=2.559 msg_acc=0.000 kl=0.0071
[upd  134 | steps   68608 | t   99.6s | sps   689] ret_mean=56.000 ep_len=500.0 pi_loss=-0.020 v_loss=0.785 ent=3.187 msg_acc=0.000 kl=0.0171
[upd  135 | steps   69120 | t  100.2s | sps   690] ret_mean=40.500 ep_len=500.0 pi_loss=-0.011 v_loss=0.655 ent=2.968 msg_acc=0.000 kl=0.0110
[upd  136 | steps   69632 | t  101.0s | sps   690] ret_mean=0.000 ep_len=500.0 pi_loss=-0.016 v_loss=0.106 ent=3.107 msg_acc=0.000 kl=0.0131
[upd  137 | steps   70144 | t  101.6s | sps   690] ret_mean=12.000 ep_len=500.0 pi_loss=-0.016 v_loss=0.442 ent=3.067 msg_acc=0.000 kl=0.0043
[upd  138 | steps   70656 | t  102.3s | sps   691] ret_mean=0.000 ep_len=500.0 pi_loss=-0.015 v_loss=0.059 ent=2.956 msg_acc=0.000 kl=-0.0010
[upd  139 | steps   71168 | t  102.9s | sps   691] ret_mean=0.000 ep_len=500.0 pi_loss=-0.012 v_loss=4.308 ent=2.789 msg_acc=0.000 kl=0.0026
[upd  140 | steps   71680 | t  103.6s | sps   692] ret_mean=100.500 ep_len=500.0 pi_loss=-0.009 v_loss=0.095 ent=3.308 msg_acc=0.000 kl=0.0154
[upd  141 | steps   72192 | t  104.3s | sps   692] ret_mean=0.000 ep_len=500.0 pi_loss=-0.010 v_loss=0.015 ent=3.411 msg_acc=0.000 kl=0.0061
[upd  142 | steps   72704 | t  104.9s | sps   693] ret_mean=0.000 ep_len=500.0 pi_loss=-0.016 v_loss=0.021 ent=2.830 msg_acc=0.000 kl=0.0044
[upd  143 | steps   73216 | t  105.5s | sps   694] ret_mean=28.000 ep_len=500.0 pi_loss=-0.012 v_loss=1.191 ent=2.980 msg_acc=0.000 kl=0.0109
[upd  144 | steps   73728 | t  106.1s | sps   695] ret_mean=0.000 ep_len=500.0 pi_loss=-0.014 v_loss=0.130 ent=3.343 msg_acc=0.000 kl=0.0053
[upd  145 | steps   74240 | t  106.7s | sps   696] ret_mean=145.500 ep_len=500.0 pi_loss=-0.011 v_loss=8.990 ent=2.502 msg_acc=0.000 kl=0.0097
[upd  146 | steps   74752 | t  107.3s | sps   697] ret_mean=111.500 ep_len=500.0 pi_loss=-0.014 v_loss=5.026 ent=2.426 msg_acc=0.000 kl=0.0056
[upd  147 | steps   75264 | t  107.9s | sps   697] ret_mean=0.000 ep_len=500.0 pi_loss=-0.014 v_loss=0.028 ent=3.178 msg_acc=0.000 kl=-0.0015
[upd  148 | steps   75776 | t  108.5s | sps   698] ret_mean=5.500 ep_len=500.0 pi_loss=-0.016 v_loss=0.181 ent=3.026 msg_acc=0.000 kl=0.0048
[upd  149 | steps   76288 | t  109.4s | sps   697] ret_mean=0.000 ep_len=500.0 pi_loss=-0.009 v_loss=0.012 ent=3.181 msg_acc=0.000 kl=0.0075
[upd  150 | steps   76800 | t  110.3s | sps   696] ret_mean=0.000 ep_len=500.0 pi_loss=-0.010 v_loss=2.700 ent=2.737 msg_acc=0.000 kl=0.0142
        [eval] ret_mean=49.900 ep_len=500.0
[upd  151 | steps   77312 | t  115.5s | sps   670] ret_mean=52.000 ep_len=500.0 pi_loss=-0.009 v_loss=3.880 ent=2.853 msg_acc=0.000 kl=0.0034
[upd  152 | steps   77824 | t  116.0s | sps   671] ret_mean=101.000 ep_len=500.0 pi_loss=-0.010 v_loss=4.902 ent=2.710 msg_acc=0.000 kl=0.0074
[upd  153 | steps   78336 | t  116.6s | sps   672] ret_mean=92.000 ep_len=500.0 pi_loss=-0.014 v_loss=4.260 ent=2.833 msg_acc=0.000 kl=0.0032
[upd  154 | steps   78848 | t  117.2s | sps   673] ret_mean=4.500 ep_len=500.0 pi_loss=-0.016 v_loss=0.358 ent=2.614 msg_acc=0.000 kl=0.0111
[upd  155 | steps   79360 | t  117.7s | sps   674] ret_mean=121.000 ep_len=500.0 pi_loss=-0.012 v_loss=4.638 ent=2.293 msg_acc=0.000 kl=0.0054
[upd  156 | steps   79872 | t  118.3s | sps   675] ret_mean=18.000 ep_len=500.0 pi_loss=-0.009 v_loss=0.695 ent=2.800 msg_acc=0.000 kl=0.0130
[upd  157 | steps   80384 | t  118.9s | sps   676] ret_mean=29.500 ep_len=500.0 pi_loss=-0.016 v_loss=1.962 ent=3.082 msg_acc=0.000 kl=0.0042
[upd  158 | steps   80896 | t  119.5s | sps   677] ret_mean=122.000 ep_len=500.0 pi_loss=-0.016 v_loss=4.268 ent=2.827 msg_acc=0.000 kl=-0.0037
[upd  159 | steps   81408 | t  120.1s | sps   678] ret_mean=48.500 ep_len=500.0 pi_loss=-0.012 v_loss=2.176 ent=3.170 msg_acc=0.000 kl=0.0085
[upd  160 | steps   81920 | t  120.7s | sps   679] ret_mean=60.500 ep_len=500.0 pi_loss=-0.013 v_loss=2.568 ent=3.096 msg_acc=0.000 kl=0.0050
[upd  161 | steps   82432 | t  121.3s | sps   679] ret_mean=31.000 ep_len=500.0 pi_loss=-0.011 v_loss=0.203 ent=3.318 msg_acc=0.000 kl=0.0085
[upd  162 | steps   82944 | t  121.9s | sps   680] ret_mean=0.000 ep_len=500.0 pi_loss=-0.021 v_loss=1.365 ent=3.214 msg_acc=0.000 kl=0.0036
[upd  163 | steps   83456 | t  122.5s | sps   681] ret_mean=120.000 ep_len=500.0 pi_loss=-0.010 v_loss=4.600 ent=2.692 msg_acc=0.000 kl=0.0018
[upd  164 | steps   83968 | t  123.3s | sps   681] ret_mean=182.000 ep_len=500.0 pi_loss=-0.013 v_loss=11.822 ent=2.408 msg_acc=0.000 kl=0.0011
[upd  165 | steps   84480 | t  124.0s | sps   681] ret_mean=114.000 ep_len=500.0 pi_loss=-0.014 v_loss=5.534 ent=2.544 msg_acc=0.000 kl=0.0050
[upd  166 | steps   84992 | t  124.7s | sps   682] ret_mean=116.500 ep_len=500.0 pi_loss=-0.015 v_loss=2.470 ent=2.910 msg_acc=0.000 kl=0.0228
[upd  167 | steps   85504 | t  125.3s | sps   682] ret_mean=38.000 ep_len=500.0 pi_loss=-0.018 v_loss=2.158 ent=2.964 msg_acc=0.000 kl=0.0152
[upd  168 | steps   86016 | t  125.9s | sps   683] ret_mean=63.500 ep_len=500.0 pi_loss=-0.015 v_loss=1.859 ent=2.914 msg_acc=0.000 kl=0.0068
[upd  169 | steps   86528 | t  126.5s | sps   684] ret_mean=45.000 ep_len=500.0 pi_loss=-0.018 v_loss=2.638 ent=2.874 msg_acc=0.000 kl=0.0048
[upd  170 | steps   87040 | t  127.1s | sps   685] ret_mean=91.000 ep_len=500.0 pi_loss=-0.011 v_loss=2.227 ent=2.712 msg_acc=0.000 kl=0.0030
[upd  171 | steps   87552 | t  127.7s | sps   685] ret_mean=0.000 ep_len=500.0 pi_loss=-0.017 v_loss=0.126 ent=3.008 msg_acc=0.000 kl=0.0033
[upd  172 | steps   88064 | t  128.3s | sps   686] ret_mean=9.000 ep_len=500.0 pi_loss=-0.013 v_loss=0.325 ent=2.912 msg_acc=0.000 kl=0.0032
[upd  173 | steps   88576 | t  129.0s | sps   687] ret_mean=0.000 ep_len=500.0 pi_loss=-0.009 v_loss=0.051 ent=3.189 msg_acc=0.000 kl=0.0070
[upd  174 | steps   89088 | t  129.6s | sps   688] ret_mean=0.000 ep_len=500.0 pi_loss=-0.018 v_loss=5.640 ent=2.391 msg_acc=0.000 kl=0.0110
[upd  175 | steps   89600 | t  130.1s | sps   688] ret_mean=180.000 ep_len=500.0 pi_loss=-0.021 v_loss=9.702 ent=2.492 msg_acc=0.000 kl=0.0161
[upd  176 | steps   90112 | t  130.7s | sps   689] ret_mean=35.500 ep_len=500.0 pi_loss=-0.014 v_loss=10.321 ent=2.560 msg_acc=0.000 kl=0.0042
[upd  177 | steps   90624 | t  131.3s | sps   690] ret_mean=212.500 ep_len=500.0 pi_loss=-0.003 v_loss=9.084 ent=2.234 msg_acc=0.000 kl=0.0012
[upd  178 | steps   91136 | t  131.9s | sps   691] ret_mean=119.000 ep_len=500.0 pi_loss=-0.012 v_loss=10.937 ent=2.336 msg_acc=0.000 kl=0.0125
[upd  179 | steps   91648 | t  132.5s | sps   692] ret_mean=196.500 ep_len=500.0 pi_loss=-0.010 v_loss=8.053 ent=2.427 msg_acc=0.000 kl=0.0101
[upd  180 | steps   92160 | t  133.1s | sps   693] ret_mean=123.500 ep_len=500.0 pi_loss=-0.012 v_loss=6.627 ent=2.246 msg_acc=0.000 kl=0.0052
[upd  181 | steps   92672 | t  133.7s | sps   693] ret_mean=54.000 ep_len=500.0 pi_loss=-0.012 v_loss=0.121 ent=3.147 msg_acc=0.000 kl=0.0035
[upd  182 | steps   93184 | t  134.3s | sps   694] ret_mean=0.000 ep_len=500.0 pi_loss=-0.011 v_loss=3.538 ent=2.637 msg_acc=0.000 kl=0.0017
[upd  183 | steps   93696 | t  134.9s | sps   695] ret_mean=124.500 ep_len=500.0 pi_loss=-0.015 v_loss=1.091 ent=3.126 msg_acc=0.000 kl=0.0043
[upd  184 | steps   94208 | t  135.5s | sps   695] ret_mean=31.500 ep_len=500.0 pi_loss=-0.007 v_loss=0.756 ent=3.251 msg_acc=0.000 kl=0.0071
[upd  185 | steps   94720 | t  136.1s | sps   696] ret_mean=0.000 ep_len=500.0 pi_loss=-0.011 v_loss=1.027 ent=2.616 msg_acc=0.000 kl=0.0024
[upd  186 | steps   95232 | t  136.7s | sps   697] ret_mean=31.500 ep_len=500.0 pi_loss=-0.013 v_loss=3.983 ent=2.220 msg_acc=0.000 kl=0.0023
[upd  187 | steps   95744 | t  137.3s | sps   698] ret_mean=114.500 ep_len=500.0 pi_loss=-0.016 v_loss=2.818 ent=2.747 msg_acc=0.000 kl=0.0035
[upd  188 | steps   96256 | t  137.8s | sps   698] ret_mean=63.500 ep_len=500.0 pi_loss=-0.011 v_loss=4.010 ent=2.458 msg_acc=0.000 kl=0.0075
[upd  189 | steps   96768 | t  138.5s | sps   699] ret_mean=107.000 ep_len=500.0 pi_loss=-0.012 v_loss=0.221 ent=3.364 msg_acc=0.000 kl=0.0040
[upd  190 | steps   97280 | t  139.2s | sps   699] ret_mean=0.000 ep_len=500.0 pi_loss=-0.013 v_loss=3.847 ent=2.499 msg_acc=0.000 kl=0.0061
[upd  191 | steps   97792 | t  139.8s | sps   700] ret_mean=124.500 ep_len=500.0 pi_loss=-0.015 v_loss=0.176 ent=3.363 msg_acc=0.000 kl=0.0038
[upd  192 | steps   98304 | t  140.4s | sps   700] ret_mean=36.500 ep_len=500.0 pi_loss=-0.022 v_loss=3.192 ent=2.706 msg_acc=0.000 kl=0.0086
[upd  193 | steps   98816 | t  141.0s | sps   701] ret_mean=120.500 ep_len=500.0 pi_loss=-0.012 v_loss=5.162 ent=2.431 msg_acc=0.000 kl=0.0062
[upd  194 | steps   99328 | t  141.6s | sps   701] ret_mean=193.000 ep_len=500.0 pi_loss=-0.010 v_loss=11.979 ent=2.059 msg_acc=0.000 kl=0.0157
[upd  195 | steps   99840 | t  142.2s | sps   702] ret_mean=124.500 ep_len=500.0 pi_loss=-0.008 v_loss=3.647 ent=2.479 msg_acc=0.000 kl=0.0047
[upd  196 | steps  100352 | t  142.8s | sps   703] ret_mean=227.500 ep_len=500.0 pi_loss=-0.014 v_loss=16.594 ent=2.093 msg_acc=0.000 kl=0.0113
[upd  197 | steps  100864 | t  143.4s | sps   703] ret_mean=111.000 ep_len=500.0 pi_loss=-0.017 v_loss=3.307 ent=2.557 msg_acc=0.000 kl=0.0085
[upd  198 | steps  101376 | t  144.0s | sps   704] ret_mean=96.000 ep_len=500.0 pi_loss=-0.011 v_loss=3.644 ent=2.856 msg_acc=0.000 kl=0.0009
[upd  199 | steps  101888 | t  144.7s | sps   704] ret_mean=0.000 ep_len=500.0 pi_loss=-0.014 v_loss=0.172 ent=3.200 msg_acc=0.000 kl=0.0040
[upd  200 | steps  102400 | t  146.8s | sps   698] ret_mean=9.500 ep_len=500.0 pi_loss=-0.014 v_loss=1.369 ent=3.169 msg_acc=0.000 kl=0.0121
        [eval] ret_mean=0.000 ep_len=500.0
