$ /Users/praneelkhiantani/Downloads/cs2860/.venv/bin/python3 -m policies.train --env rware-small-2ag-easy-v2 --seed 1 --updates 200 --rollout 512 --eval-every 50 --eval-episodes 10 --log-dir matrix_results/intent_grounded_v1_pilot/rware-small-2ag-easy-v2 --run-name mappo-intent-aux__baseline__d0__s1 --n-msg-tokens 8 --message-grounding rware-intent --message-grounding-coef 0.2 --shape-rewards --pickup-bonus 0.5

[env] EnvSpec(env_id='rware-small-2ag-easy-v2', n_agents=2, obs_dim=71, n_env_actions=5, noop_action=0, family='rware')  (n_msg_tokens=8)
[cfg] {'clip_range': 0.2, 'value_clip_range': 0.2, 'entropy_coef': 0.01, 'value_coef': 0.5, 'max_grad_norm': 0.5, 'gamma': 0.99, 'gae_lambda': 0.95, 'lr_actor': 0.0003, 'lr_critic': 0.001, 'update_epochs': 4, 'minibatches': 4, 'hidden': 128, 'depth': 2, 'device': 'cpu', 'message_grounding_coef': 0.2, 'extra': {}}
[log] writing to matrix_results/intent_grounded_v1_pilot/rware-small-2ag-easy-v2/mappo-intent-aux__baseline__d0__s1
[upd    1 | steps     512 | t    1.0s | sps   506] ret_mean=0.000 ep_len=500.0 pi_loss=0.002 v_loss=0.055 ent=3.679 msg_acc=0.869 kl=0.0127
[upd    2 | steps    1024 | t    2.7s | sps   377] ret_mean=0.000 ep_len=500.0 pi_loss=0.004 v_loss=0.025 ent=3.612 msg_acc=0.568 kl=0.0200
[upd    3 | steps    1536 | t    4.4s | sps   349] ret_mean=0.000 ep_len=500.0 pi_loss=0.004 v_loss=0.006 ent=3.606 msg_acc=0.931 kl=0.0056
[upd    4 | steps    2048 | t    6.4s | sps   321] ret_mean=0.500 ep_len=500.0 pi_loss=-0.006 v_loss=0.005 ent=3.484 msg_acc=0.638 kl=0.0141
[upd    5 | steps    2560 | t    8.0s | sps   320] ret_mean=0.500 ep_len=500.0 pi_loss=0.002 v_loss=0.018 ent=3.376 msg_acc=0.471 kl=0.0009
[upd    6 | steps    3072 | t    8.7s | sps   354] ret_mean=0.500 ep_len=500.0 pi_loss=-0.001 v_loss=0.011 ent=3.315 msg_acc=0.495 kl=0.0163
[upd    7 | steps    3584 | t   10.2s | sps   352] ret_mean=1.500 ep_len=500.0 pi_loss=0.006 v_loss=0.017 ent=3.228 msg_acc=0.562 kl=0.0066
[upd    8 | steps    4096 | t   12.2s | sps   336] ret_mean=0.000 ep_len=500.0 pi_loss=-0.008 v_loss=0.004 ent=3.392 msg_acc=0.649 kl=0.0092
[upd    9 | steps    4608 | t   14.0s | sps   328] ret_mean=0.500 ep_len=500.0 pi_loss=-0.006 v_loss=0.004 ent=3.445 msg_acc=0.465 kl=0.0056
[upd   10 | steps    5120 | t   15.6s | sps   328] ret_mean=0.500 ep_len=500.0 pi_loss=-0.010 v_loss=0.005 ent=3.322 msg_acc=0.365 kl=0.0151
[upd   11 | steps    5632 | t   16.5s | sps   341] ret_mean=0.000 ep_len=500.0 pi_loss=-0.007 v_loss=0.004 ent=3.269 msg_acc=0.675 kl=0.0202
[upd   12 | steps    6144 | t   18.1s | sps   340] ret_mean=0.000 ep_len=500.0 pi_loss=-0.006 v_loss=0.006 ent=3.199 msg_acc=0.691 kl=0.0096
[upd   13 | steps    6656 | t   19.9s | sps   334] ret_mean=4.000 ep_len=500.0 pi_loss=-0.011 v_loss=0.030 ent=3.100 msg_acc=0.502 kl=0.0127
[upd   14 | steps    7168 | t   21.6s | sps   332] ret_mean=0.000 ep_len=500.0 pi_loss=-0.002 v_loss=0.002 ent=3.103 msg_acc=0.726 kl=0.0147
[upd   15 | steps    7680 | t   23.2s | sps   330] ret_mean=0.000 ep_len=500.0 pi_loss=-0.007 v_loss=0.001 ent=3.069 msg_acc=0.743 kl=0.0009
[upd   16 | steps    8192 | t   24.8s | sps   330] ret_mean=0.000 ep_len=500.0 pi_loss=-0.007 v_loss=0.002 ent=3.112 msg_acc=0.697 kl=0.0154
[upd   17 | steps    8704 | t   26.3s | sps   330] ret_mean=0.000 ep_len=500.0 pi_loss=-0.003 v_loss=0.001 ent=3.151 msg_acc=0.466 kl=0.0092
[upd   18 | steps    9216 | t   28.0s | sps   329] ret_mean=0.500 ep_len=500.0 pi_loss=-0.006 v_loss=0.004 ent=3.098 msg_acc=0.458 kl=0.0072
[upd   19 | steps    9728 | t   29.0s | sps   335] ret_mean=0.000 ep_len=500.0 pi_loss=-0.007 v_loss=0.001 ent=2.970 msg_acc=0.557 kl=0.0292
[upd   20 | steps   10240 | t   29.7s | sps   345] ret_mean=0.000 ep_len=500.0 pi_loss=-0.005 v_loss=0.001 ent=3.067 msg_acc=0.523 kl=0.0061
[upd   21 | steps   10752 | t   30.3s | sps   354] ret_mean=0.000 ep_len=500.0 pi_loss=-0.004 v_loss=0.006 ent=3.073 msg_acc=0.594 kl=0.0204
[upd   22 | steps   11264 | t   31.0s | sps   363] ret_mean=7.000 ep_len=500.0 pi_loss=-0.009 v_loss=0.068 ent=3.061 msg_acc=0.659 kl=0.0079
[upd   23 | steps   11776 | t   31.7s | sps   372] ret_mean=0.000 ep_len=500.0 pi_loss=-0.003 v_loss=0.001 ent=2.992 msg_acc=0.840 kl=0.0118
[upd   24 | steps   12288 | t   32.3s | sps   380] ret_mean=0.000 ep_len=500.0 pi_loss=-0.006 v_loss=0.001 ent=2.934 msg_acc=0.842 kl=0.0059
[upd   25 | steps   12800 | t   33.1s | sps   387] ret_mean=0.000 ep_len=500.0 pi_loss=-0.012 v_loss=0.001 ent=3.034 msg_acc=0.596 kl=0.0236
[upd   26 | steps   13312 | t   33.7s | sps   395] ret_mean=0.000 ep_len=500.0 pi_loss=-0.006 v_loss=0.009 ent=3.120 msg_acc=0.759 kl=0.0131
[upd   27 | steps   13824 | t   34.4s | sps   402] ret_mean=1.500 ep_len=500.0 pi_loss=-0.005 v_loss=0.003 ent=2.995 msg_acc=0.679 kl=0.0132
[upd   28 | steps   14336 | t   36.8s | sps   389] ret_mean=0.000 ep_len=500.0 pi_loss=0.004 v_loss=0.020 ent=2.784 msg_acc=0.572 kl=0.0517
[upd   29 | steps   14848 | t   38.2s | sps   388] ret_mean=3.000 ep_len=500.0 pi_loss=-0.007 v_loss=0.029 ent=2.844 msg_acc=0.742 kl=0.0443
[upd   30 | steps   15360 | t   39.1s | sps   393] ret_mean=2.500 ep_len=500.0 pi_loss=-0.007 v_loss=0.029 ent=2.913 msg_acc=0.856 kl=0.0191
[upd   31 | steps   15872 | t   39.8s | sps   398] ret_mean=3.500 ep_len=500.0 pi_loss=-0.008 v_loss=0.003 ent=2.464 msg_acc=0.911 kl=0.0169
[upd   32 | steps   16384 | t   40.5s | sps   404] ret_mean=0.000 ep_len=500.0 pi_loss=-0.009 v_loss=0.023 ent=2.877 msg_acc=0.627 kl=-0.0051
[upd   33 | steps   16896 | t   41.2s | sps   410] ret_mean=3.500 ep_len=500.0 pi_loss=-0.011 v_loss=0.006 ent=2.685 msg_acc=0.588 kl=0.0126
[upd   34 | steps   17408 | t   41.8s | sps   416] ret_mean=0.500 ep_len=500.0 pi_loss=-0.010 v_loss=0.008 ent=2.592 msg_acc=0.632 kl=0.0209
[upd   35 | steps   17920 | t   42.6s | sps   421] ret_mean=1.000 ep_len=500.0 pi_loss=-0.013 v_loss=0.003 ent=2.771 msg_acc=0.604 kl=0.0161
[upd   36 | steps   18432 | t   43.3s | sps   426] ret_mean=0.500 ep_len=500.0 pi_loss=-0.009 v_loss=0.002 ent=2.490 msg_acc=0.861 kl=0.0181
[upd   37 | steps   18944 | t   43.9s | sps   432] ret_mean=0.000 ep_len=500.0 pi_loss=-0.010 v_loss=0.001 ent=2.273 msg_acc=0.854 kl=0.0278
[upd   38 | steps   19456 | t   44.5s | sps   437] ret_mean=0.000 ep_len=500.0 pi_loss=-0.007 v_loss=0.002 ent=2.449 msg_acc=0.664 kl=0.0178
[upd   39 | steps   19968 | t   45.1s | sps   442] ret_mean=0.000 ep_len=500.0 pi_loss=-0.005 v_loss=0.001 ent=2.409 msg_acc=0.832 kl=0.0063
[upd   40 | steps   20480 | t   45.9s | sps   446] ret_mean=0.000 ep_len=500.0 pi_loss=-0.012 v_loss=0.015 ent=2.455 msg_acc=0.821 kl=0.0111
[upd   41 | steps   20992 | t   46.7s | sps   450] ret_mean=1.500 ep_len=500.0 pi_loss=-0.008 v_loss=0.002 ent=2.564 msg_acc=0.547 kl=0.0328
[upd   42 | steps   21504 | t   47.7s | sps   450] ret_mean=2.750 ep_len=500.0 pi_loss=-0.007 v_loss=0.080 ent=2.467 msg_acc=0.646 kl=0.0138
[upd   43 | steps   22016 | t   48.6s | sps   453] ret_mean=0.000 ep_len=500.0 pi_loss=-0.006 v_loss=0.002 ent=2.289 msg_acc=0.755 kl=0.0037
[upd   44 | steps   22528 | t   50.7s | sps   444] ret_mean=2.500 ep_len=500.0 pi_loss=-0.007 v_loss=0.030 ent=2.142 msg_acc=0.829 kl=0.0240
[upd   45 | steps   23040 | t   52.4s | sps   440] ret_mean=0.000 ep_len=500.0 pi_loss=-0.007 v_loss=0.001 ent=2.045 msg_acc=0.744 kl=0.0153
[upd   46 | steps   23552 | t   54.1s | sps   435] ret_mean=0.500 ep_len=500.0 pi_loss=-0.011 v_loss=0.003 ent=2.361 msg_acc=0.621 kl=0.0071
[upd   47 | steps   24064 | t   57.3s | sps   420] ret_mean=0.000 ep_len=500.0 pi_loss=-0.006 v_loss=0.003 ent=2.340 msg_acc=0.656 kl=0.0221
[upd   48 | steps   24576 | t   59.6s | sps   412] ret_mean=0.000 ep_len=500.0 pi_loss=0.005 v_loss=0.001 ent=2.787 msg_acc=0.354 kl=0.0497
[upd   49 | steps   25088 | t   62.2s | sps   403] ret_mean=7.500 ep_len=500.0 pi_loss=-0.009 v_loss=0.106 ent=2.284 msg_acc=0.637 kl=0.0208
[upd   50 | steps   25600 | t   64.1s | sps   399] ret_mean=0.000 ep_len=500.0 pi_loss=-0.011 v_loss=0.007 ent=1.946 msg_acc=0.818 kl=0.0138
        [eval] ret_mean=0.000 ep_len=500.0
[upd   51 | steps   26112 | t   79.5s | sps   329] ret_mean=3.500 ep_len=500.0 pi_loss=-0.008 v_loss=0.040 ent=1.900 msg_acc=0.755 kl=0.0056
[upd   52 | steps   26624 | t   81.2s | sps   328] ret_mean=1.000 ep_len=500.0 pi_loss=0.000 v_loss=0.008 ent=2.566 msg_acc=0.331 kl=0.0223
[upd   53 | steps   27136 | t   83.0s | sps   327] ret_mean=4.000 ep_len=500.0 pi_loss=0.003 v_loss=0.079 ent=2.244 msg_acc=0.695 kl=0.0073
[upd   54 | steps   27648 | t   84.7s | sps   327] ret_mean=10.000 ep_len=500.0 pi_loss=-0.010 v_loss=0.185 ent=2.355 msg_acc=0.613 kl=0.0152
[upd   55 | steps   28160 | t   86.3s | sps   326] ret_mean=8.500 ep_len=500.0 pi_loss=-0.008 v_loss=0.076 ent=1.897 msg_acc=0.576 kl=0.0154
[upd   56 | steps   28672 | t   88.1s | sps   326] ret_mean=1.000 ep_len=500.0 pi_loss=-0.009 v_loss=0.002 ent=1.512 msg_acc=0.932 kl=0.0140
[upd   57 | steps   29184 | t   89.8s | sps   325] ret_mean=0.000 ep_len=500.0 pi_loss=-0.008 v_loss=0.002 ent=1.898 msg_acc=0.797 kl=0.0142
[upd   58 | steps   29696 | t   91.5s | sps   324] ret_mean=0.000 ep_len=500.0 pi_loss=-0.007 v_loss=0.002 ent=1.627 msg_acc=0.814 kl=0.0144
[upd   59 | steps   30208 | t   93.7s | sps   322] ret_mean=0.000 ep_len=500.0 pi_loss=-0.011 v_loss=0.002 ent=2.069 msg_acc=0.908 kl=0.0140
[upd   60 | steps   30720 | t   95.7s | sps   321] ret_mean=0.000 ep_len=500.0 pi_loss=-0.007 v_loss=0.001 ent=2.153 msg_acc=0.757 kl=0.0191
[upd   61 | steps   31232 | t   97.6s | sps   320] ret_mean=0.000 ep_len=500.0 pi_loss=0.004 v_loss=0.002 ent=2.512 msg_acc=0.463 kl=0.0699
[upd   62 | steps   31744 | t   98.6s | sps   322] ret_mean=0.000 ep_len=500.0 pi_loss=-0.001 v_loss=0.001 ent=2.038 msg_acc=0.679 kl=0.0148
[upd   63 | steps   32256 | t   99.5s | sps   324] ret_mean=0.000 ep_len=500.0 pi_loss=-0.002 v_loss=0.001 ent=2.492 msg_acc=0.646 kl=0.0082
[upd   64 | steps   32768 | t  101.3s | sps   323] ret_mean=6.500 ep_len=500.0 pi_loss=-0.005 v_loss=0.109 ent=2.504 msg_acc=0.543 kl=0.0172
[upd   65 | steps   33280 | t  102.4s | sps   325] ret_mean=0.000 ep_len=500.0 pi_loss=-0.012 v_loss=0.001 ent=2.099 msg_acc=0.701 kl=0.0082
[upd   66 | steps   33792 | t  103.9s | sps   325] ret_mean=3.500 ep_len=500.0 pi_loss=-0.008 v_loss=0.107 ent=2.074 msg_acc=0.543 kl=0.0259
[upd   67 | steps   34304 | t  104.6s | sps   328] ret_mean=7.000 ep_len=500.0 pi_loss=-0.001 v_loss=0.008 ent=2.253 msg_acc=0.500 kl=0.0363
[upd   68 | steps   34816 | t  105.3s | sps   331] ret_mean=0.000 ep_len=500.0 pi_loss=-0.009 v_loss=0.001 ent=2.148 msg_acc=0.716 kl=0.0154
[upd   69 | steps   35328 | t  106.6s | sps   331] ret_mean=0.000 ep_len=500.0 pi_loss=-0.007 v_loss=0.001 ent=2.159 msg_acc=0.721 kl=0.0323
[upd   70 | steps   35840 | t  108.5s | sps   330] ret_mean=0.000 ep_len=500.0 pi_loss=-0.007 v_loss=0.001 ent=2.093 msg_acc=0.761 kl=0.0160
[upd   71 | steps   36352 | t  110.5s | sps   329] ret_mean=0.000 ep_len=500.0 pi_loss=-0.003 v_loss=0.007 ent=2.110 msg_acc=0.588 kl=0.0228
[upd   72 | steps   36864 | t  112.1s | sps   329] ret_mean=2.500 ep_len=500.0 pi_loss=-0.008 v_loss=0.010 ent=2.247 msg_acc=0.624 kl=0.0183
[upd   73 | steps   37376 | t  112.8s | sps   331] ret_mean=0.500 ep_len=500.0 pi_loss=-0.013 v_loss=0.003 ent=2.329 msg_acc=0.521 kl=0.0124
[upd   74 | steps   37888 | t  113.5s | sps   334] ret_mean=0.000 ep_len=500.0 pi_loss=-0.007 v_loss=0.077 ent=2.239 msg_acc=0.515 kl=0.0147
[upd   75 | steps   38400 | t  114.2s | sps   336] ret_mean=4.000 ep_len=500.0 pi_loss=-0.004 v_loss=0.001 ent=2.316 msg_acc=0.593 kl=0.0193
[upd   76 | steps   38912 | t  115.9s | sps   336] ret_mean=0.000 ep_len=500.0 pi_loss=-0.009 v_loss=0.001 ent=2.290 msg_acc=0.678 kl=0.0149
[upd   77 | steps   39424 | t  119.2s | sps   331] ret_mean=0.000 ep_len=500.0 pi_loss=-0.006 v_loss=0.001 ent=1.841 msg_acc=0.807 kl=0.0113
[upd   78 | steps   39936 | t  119.9s | sps   333] ret_mean=0.000 ep_len=500.0 pi_loss=-0.009 v_loss=0.001 ent=2.155 msg_acc=0.691 kl=0.0112
[upd   79 | steps   40448 | t  120.8s | sps   335] ret_mean=2.500 ep_len=500.0 pi_loss=-0.006 v_loss=0.024 ent=2.260 msg_acc=0.753 kl=0.0050
[upd   80 | steps   40960 | t  121.5s | sps   337] ret_mean=0.000 ep_len=500.0 pi_loss=-0.006 v_loss=0.000 ent=1.900 msg_acc=0.708 kl=0.0130
[upd   81 | steps   41472 | t  122.7s | sps   338] ret_mean=3.500 ep_len=500.0 pi_loss=-0.007 v_loss=0.043 ent=2.114 msg_acc=0.691 kl=0.0076
[upd   82 | steps   41984 | t  123.6s | sps   340] ret_mean=0.000 ep_len=500.0 pi_loss=-0.002 v_loss=0.006 ent=2.351 msg_acc=0.435 kl=0.0096
[upd   83 | steps   42496 | t  124.4s | sps   341] ret_mean=0.000 ep_len=500.0 pi_loss=-0.008 v_loss=0.001 ent=2.158 msg_acc=0.813 kl=0.0120
[upd   84 | steps   43008 | t  125.3s | sps   343] ret_mean=0.000 ep_len=500.0 pi_loss=-0.011 v_loss=0.001 ent=1.649 msg_acc=0.807 kl=0.0031
[upd   85 | steps   43520 | t  126.1s | sps   345] ret_mean=0.000 ep_len=500.0 pi_loss=-0.008 v_loss=0.020 ent=1.773 msg_acc=0.732 kl=0.0113
[upd   86 | steps   44032 | t  126.9s | sps   347] ret_mean=2.000 ep_len=500.0 pi_loss=-0.011 v_loss=0.002 ent=2.170 msg_acc=0.666 kl=0.0152
[upd   87 | steps   44544 | t  127.6s | sps   349] ret_mean=0.000 ep_len=500.0 pi_loss=-0.012 v_loss=0.001 ent=2.042 msg_acc=0.631 kl=0.0252
[upd   88 | steps   45056 | t  128.4s | sps   351] ret_mean=0.000 ep_len=500.0 pi_loss=0.001 v_loss=0.001 ent=2.189 msg_acc=0.744 kl=0.0099
[upd   89 | steps   45568 | t  129.1s | sps   353] ret_mean=0.000 ep_len=500.0 pi_loss=-0.009 v_loss=0.001 ent=1.972 msg_acc=0.828 kl=0.0143
[upd   90 | steps   46080 | t  129.8s | sps   355] ret_mean=0.000 ep_len=500.0 pi_loss=-0.003 v_loss=0.070 ent=2.419 msg_acc=0.417 kl=0.0185
[upd   91 | steps   46592 | t  130.5s | sps   357] ret_mean=5.500 ep_len=500.0 pi_loss=-0.007 v_loss=0.002 ent=2.029 msg_acc=0.521 kl=0.0131
[upd   92 | steps   47104 | t  131.4s | sps   359] ret_mean=0.000 ep_len=500.0 pi_loss=-0.007 v_loss=0.001 ent=1.710 msg_acc=0.779 kl=0.0074
[upd   93 | steps   47616 | t  132.1s | sps   361] ret_mean=0.000 ep_len=500.0 pi_loss=-0.008 v_loss=0.000 ent=1.784 msg_acc=0.730 kl=0.0071
[upd   94 | steps   48128 | t  132.7s | sps   363] ret_mean=0.000 ep_len=500.0 pi_loss=-0.007 v_loss=0.001 ent=1.817 msg_acc=0.621 kl=0.0251
[upd   95 | steps   48640 | t  133.3s | sps   365] ret_mean=0.000 ep_len=500.0 pi_loss=-0.003 v_loss=0.001 ent=1.766 msg_acc=0.945 kl=0.0043
[upd   96 | steps   49152 | t  133.9s | sps   367] ret_mean=0.000 ep_len=500.0 pi_loss=-0.003 v_loss=0.000 ent=1.942 msg_acc=0.856 kl=0.0219
[upd   97 | steps   49664 | t  134.5s | sps   369] ret_mean=0.000 ep_len=500.0 pi_loss=-0.004 v_loss=0.000 ent=1.619 msg_acc=0.685 kl=0.0133
[upd   98 | steps   50176 | t  135.2s | sps   371] ret_mean=0.000 ep_len=500.0 pi_loss=-0.001 v_loss=0.001 ent=2.080 msg_acc=0.460 kl=0.0171
[upd   99 | steps   50688 | t  135.8s | sps   373] ret_mean=0.000 ep_len=500.0 pi_loss=-0.010 v_loss=0.001 ent=1.103 msg_acc=0.983 kl=0.0111
[upd  100 | steps   51200 | t  136.4s | sps   375] ret_mean=0.000 ep_len=500.0 pi_loss=-0.012 v_loss=0.000 ent=2.098 msg_acc=0.560 kl=0.0141
        [eval] ret_mean=0.000 ep_len=500.0
[upd  101 | steps   51712 | t  142.2s | sps   364] ret_mean=0.500 ep_len=500.0 pi_loss=-0.009 v_loss=0.002 ent=1.998 msg_acc=0.633 kl=0.0260
[upd  102 | steps   52224 | t  143.0s | sps   365] ret_mean=0.000 ep_len=500.0 pi_loss=-0.005 v_loss=0.000 ent=2.261 msg_acc=0.555 kl=0.0213
[upd  103 | steps   52736 | t  143.6s | sps   367] ret_mean=0.000 ep_len=500.0 pi_loss=-0.008 v_loss=0.030 ent=1.693 msg_acc=0.632 kl=0.0428
[upd  104 | steps   53248 | t  144.3s | sps   369] ret_mean=3.000 ep_len=500.0 pi_loss=-0.010 v_loss=0.002 ent=1.842 msg_acc=0.828 kl=0.0053
[upd  105 | steps   53760 | t  144.9s | sps   371] ret_mean=0.000 ep_len=500.0 pi_loss=-0.008 v_loss=0.001 ent=1.480 msg_acc=0.797 kl=-0.0028
[upd  106 | steps   54272 | t  145.6s | sps   373] ret_mean=0.000 ep_len=500.0 pi_loss=-0.002 v_loss=0.000 ent=1.860 msg_acc=0.956 kl=0.0045
[upd  107 | steps   54784 | t  146.3s | sps   375] ret_mean=0.000 ep_len=500.0 pi_loss=-0.008 v_loss=0.293 ent=2.143 msg_acc=0.605 kl=0.0099
[upd  108 | steps   55296 | t  146.9s | sps   377] ret_mean=53.000 ep_len=500.0 pi_loss=-0.009 v_loss=1.681 ent=2.074 msg_acc=0.392 kl=0.0116
[upd  109 | steps   55808 | t  147.5s | sps   378] ret_mean=4.000 ep_len=500.0 pi_loss=0.030 v_loss=0.005 ent=2.069 msg_acc=0.381 kl=0.0399
[upd  110 | steps   56320 | t  148.1s | sps   380] ret_mean=2.500 ep_len=500.0 pi_loss=0.006 v_loss=0.017 ent=1.733 msg_acc=0.727 kl=0.0148
[upd  111 | steps   56832 | t  148.7s | sps   382] ret_mean=0.000 ep_len=500.0 pi_loss=-0.009 v_loss=0.003 ent=2.047 msg_acc=0.764 kl=0.0163
[upd  112 | steps   57344 | t  149.3s | sps   384] ret_mean=0.000 ep_len=500.0 pi_loss=-0.009 v_loss=0.002 ent=1.715 msg_acc=0.917 kl=0.0145
[upd  113 | steps   57856 | t  149.9s | sps   386] ret_mean=0.000 ep_len=500.0 pi_loss=-0.019 v_loss=0.002 ent=2.113 msg_acc=0.740 kl=0.0241
[upd  114 | steps   58368 | t  150.5s | sps   388] ret_mean=0.000 ep_len=500.0 pi_loss=-0.009 v_loss=0.001 ent=1.852 msg_acc=0.880 kl=0.0084
[upd  115 | steps   58880 | t  151.1s | sps   390] ret_mean=0.000 ep_len=500.0 pi_loss=-0.009 v_loss=0.002 ent=1.396 msg_acc=0.845 kl=0.0119
[upd  116 | steps   59392 | t  151.8s | sps   391] ret_mean=0.000 ep_len=500.0 pi_loss=0.004 v_loss=0.002 ent=2.099 msg_acc=0.436 kl=0.0255
[upd  117 | steps   59904 | t  152.5s | sps   393] ret_mean=0.000 ep_len=500.0 pi_loss=-0.003 v_loss=0.066 ent=2.601 msg_acc=0.304 kl=0.0145
[upd  118 | steps   60416 | t  153.1s | sps   395] ret_mean=14.000 ep_len=500.0 pi_loss=-0.007 v_loss=0.209 ent=2.329 msg_acc=0.531 kl=0.0206
[upd  119 | steps   60928 | t  153.7s | sps   396] ret_mean=8.500 ep_len=500.0 pi_loss=-0.007 v_loss=0.062 ent=2.205 msg_acc=0.482 kl=0.0149
[upd  120 | steps   61440 | t  154.3s | sps   398] ret_mean=0.000 ep_len=500.0 pi_loss=-0.003 v_loss=0.005 ent=2.138 msg_acc=0.467 kl=0.0306
[upd  121 | steps   61952 | t  155.0s | sps   400] ret_mean=1.500 ep_len=500.0 pi_loss=-0.001 v_loss=0.005 ent=1.759 msg_acc=0.453 kl=0.0182
[upd  122 | steps   62464 | t  155.6s | sps   401] ret_mean=0.000 ep_len=500.0 pi_loss=-0.002 v_loss=0.172 ent=1.957 msg_acc=0.677 kl=0.0181
[upd  123 | steps   62976 | t  156.2s | sps   403] ret_mean=22.000 ep_len=500.0 pi_loss=-0.013 v_loss=0.397 ent=2.397 msg_acc=0.603 kl=0.0247
[upd  124 | steps   63488 | t  156.8s | sps   405] ret_mean=0.000 ep_len=500.0 pi_loss=-0.014 v_loss=0.005 ent=2.364 msg_acc=0.740 kl=0.0314
[upd  125 | steps   64000 | t  157.4s | sps   407] ret_mean=0.000 ep_len=500.0 pi_loss=-0.013 v_loss=0.002 ent=2.076 msg_acc=0.793 kl=0.0072
[upd  126 | steps   64512 | t  158.0s | sps   408] ret_mean=0.000 ep_len=500.0 pi_loss=-0.008 v_loss=0.187 ent=2.114 msg_acc=0.521 kl=0.0052
[upd  127 | steps   65024 | t  158.6s | sps   410] ret_mean=11.000 ep_len=500.0 pi_loss=-0.013 v_loss=0.003 ent=1.952 msg_acc=0.669 kl=0.0225
[upd  128 | steps   65536 | t  159.4s | sps   411] ret_mean=0.000 ep_len=500.0 pi_loss=-0.012 v_loss=0.002 ent=1.970 msg_acc=0.730 kl=0.0091
[upd  129 | steps   66048 | t  160.2s | sps   412] ret_mean=0.000 ep_len=500.0 pi_loss=-0.009 v_loss=0.003 ent=2.271 msg_acc=0.394 kl=-0.0009
[upd  130 | steps   66560 | t  160.9s | sps   414] ret_mean=0.000 ep_len=500.0 pi_loss=-0.011 v_loss=0.002 ent=1.597 msg_acc=0.833 kl=0.0139
[upd  131 | steps   67072 | t  161.6s | sps   415] ret_mean=0.000 ep_len=500.0 pi_loss=-0.006 v_loss=0.001 ent=1.986 msg_acc=0.669 kl=0.0091
[upd  132 | steps   67584 | t  162.2s | sps   417] ret_mean=0.000 ep_len=500.0 pi_loss=-0.011 v_loss=0.001 ent=1.874 msg_acc=0.698 kl=0.0096
[upd  133 | steps   68096 | t  162.8s | sps   418] ret_mean=0.000 ep_len=500.0 pi_loss=-0.006 v_loss=0.818 ent=1.904 msg_acc=0.546 kl=0.0135
[upd  134 | steps   68608 | t  163.4s | sps   420] ret_mean=43.000 ep_len=500.0 pi_loss=-0.009 v_loss=0.655 ent=2.494 msg_acc=0.399 kl=0.0262
[upd  135 | steps   69120 | t  164.0s | sps   421] ret_mean=0.500 ep_len=500.0 pi_loss=-0.009 v_loss=0.003 ent=2.174 msg_acc=0.607 kl=0.0124
[upd  136 | steps   69632 | t  164.7s | sps   423] ret_mean=0.000 ep_len=500.0 pi_loss=-0.014 v_loss=0.002 ent=1.741 msg_acc=0.811 kl=0.0006
[upd  137 | steps   70144 | t  165.3s | sps   424] ret_mean=0.000 ep_len=500.0 pi_loss=-0.001 v_loss=0.002 ent=2.462 msg_acc=0.616 kl=0.0228
[upd  138 | steps   70656 | t  166.0s | sps   426] ret_mean=0.000 ep_len=500.0 pi_loss=-0.005 v_loss=0.441 ent=2.245 msg_acc=0.409 kl=0.0001
[upd  139 | steps   71168 | t  166.6s | sps   427] ret_mean=20.000 ep_len=500.0 pi_loss=-0.015 v_loss=0.003 ent=2.106 msg_acc=0.664 kl=0.0102
[upd  140 | steps   71680 | t  167.2s | sps   429] ret_mean=0.000 ep_len=500.0 pi_loss=-0.003 v_loss=0.835 ent=1.985 msg_acc=0.383 kl=0.0111
[upd  141 | steps   72192 | t  167.9s | sps   430] ret_mean=30.000 ep_len=500.0 pi_loss=-0.008 v_loss=0.002 ent=2.422 msg_acc=0.402 kl=0.0044
[upd  142 | steps   72704 | t  168.5s | sps   431] ret_mean=0.000 ep_len=500.0 pi_loss=-0.003 v_loss=0.002 ent=2.273 msg_acc=0.538 kl=0.0208
[upd  143 | steps   73216 | t  169.2s | sps   433] ret_mean=3.500 ep_len=500.0 pi_loss=-0.008 v_loss=0.062 ent=2.181 msg_acc=0.512 kl=0.0090
[upd  144 | steps   73728 | t  169.8s | sps   434] ret_mean=0.000 ep_len=500.0 pi_loss=-0.014 v_loss=0.001 ent=1.849 msg_acc=0.672 kl=0.0219
[upd  145 | steps   74240 | t  170.6s | sps   435] ret_mean=0.000 ep_len=500.0 pi_loss=-0.003 v_loss=0.001 ent=1.438 msg_acc=0.642 kl=0.0078
[upd  146 | steps   74752 | t  171.3s | sps   436] ret_mean=0.000 ep_len=500.0 pi_loss=-0.012 v_loss=0.001 ent=2.044 msg_acc=0.614 kl=0.0048
[upd  147 | steps   75264 | t  172.0s | sps   438] ret_mean=0.000 ep_len=500.0 pi_loss=-0.010 v_loss=0.015 ent=2.252 msg_acc=0.569 kl=0.0220
[upd  148 | steps   75776 | t  172.6s | sps   439] ret_mean=2.000 ep_len=500.0 pi_loss=-0.006 v_loss=0.002 ent=1.855 msg_acc=0.607 kl=0.0123
[upd  149 | steps   76288 | t  173.2s | sps   440] ret_mean=1.500 ep_len=500.0 pi_loss=-0.015 v_loss=0.015 ent=1.923 msg_acc=0.583 kl=0.0284
[upd  150 | steps   76800 | t  173.8s | sps   442] ret_mean=0.000 ep_len=500.0 pi_loss=-0.004 v_loss=0.004 ent=2.011 msg_acc=0.800 kl=0.0178
        [eval] ret_mean=25.000 ep_len=500.0
[upd  151 | steps   77312 | t  185.2s | sps   417] ret_mean=0.000 ep_len=500.0 pi_loss=-0.003 v_loss=0.001 ent=1.984 msg_acc=0.516 kl=0.0123
[upd  152 | steps   77824 | t  185.9s | sps   419] ret_mean=0.000 ep_len=500.0 pi_loss=-0.005 v_loss=0.000 ent=1.718 msg_acc=0.556 kl=0.0127
[upd  153 | steps   78336 | t  186.6s | sps   420] ret_mean=0.000 ep_len=500.0 pi_loss=-0.009 v_loss=0.000 ent=1.553 msg_acc=0.638 kl=0.0041
[upd  154 | steps   78848 | t  187.3s | sps   421] ret_mean=5.500 ep_len=500.0 pi_loss=-0.011 v_loss=0.289 ent=1.993 msg_acc=0.535 kl=0.0132
[upd  155 | steps   79360 | t  187.9s | sps   422] ret_mean=9.000 ep_len=500.0 pi_loss=0.012 v_loss=0.006 ent=1.866 msg_acc=0.236 kl=0.2380
[upd  156 | steps   79872 | t  188.5s | sps   424] ret_mean=34.000 ep_len=500.0 pi_loss=-0.004 v_loss=1.205 ent=2.628 msg_acc=0.491 kl=0.0114
[upd  157 | steps   80384 | t  189.2s | sps   425] ret_mean=0.000 ep_len=500.0 pi_loss=-0.009 v_loss=0.003 ent=2.368 msg_acc=0.570 kl=0.0151
[upd  158 | steps   80896 | t  190.3s | sps   425] ret_mean=0.000 ep_len=500.0 pi_loss=-0.008 v_loss=0.095 ent=2.425 msg_acc=0.620 kl=0.0214
[upd  159 | steps   81408 | t  191.6s | sps   425] ret_mean=62.500 ep_len=500.0 pi_loss=0.003 v_loss=2.642 ent=2.181 msg_acc=0.505 kl=0.0130
[upd  160 | steps   81920 | t  192.3s | sps   426] ret_mean=11.500 ep_len=500.0 pi_loss=-0.010 v_loss=0.049 ent=2.524 msg_acc=0.298 kl=0.0173
[upd  161 | steps   82432 | t  193.0s | sps   427] ret_mean=0.000 ep_len=500.0 pi_loss=-0.004 v_loss=0.013 ent=2.399 msg_acc=0.747 kl=0.0072
[upd  162 | steps   82944 | t  193.7s | sps   428] ret_mean=0.000 ep_len=500.0 pi_loss=-0.013 v_loss=0.144 ent=2.184 msg_acc=0.639 kl=0.0190
[upd  163 | steps   83456 | t  194.4s | sps   429] ret_mean=21.500 ep_len=500.0 pi_loss=-0.005 v_loss=0.309 ent=2.487 msg_acc=0.283 kl=0.0081
[upd  164 | steps   83968 | t  195.9s | sps   429] ret_mean=0.000 ep_len=500.0 pi_loss=-0.004 v_loss=0.008 ent=2.309 msg_acc=0.586 kl=0.0138
[upd  165 | steps   84480 | t  199.6s | sps   423] ret_mean=0.000 ep_len=500.0 pi_loss=-0.010 v_loss=0.003 ent=1.977 msg_acc=0.746 kl=0.0090
[upd  166 | steps   84992 | t  201.9s | sps   421] ret_mean=0.000 ep_len=500.0 pi_loss=-0.010 v_loss=0.004 ent=2.045 msg_acc=0.794 kl=0.0056
[upd  167 | steps   85504 | t  202.7s | sps   422] ret_mean=0.000 ep_len=500.0 pi_loss=-0.014 v_loss=0.130 ent=2.100 msg_acc=0.647 kl=0.0203
[upd  168 | steps   86016 | t  203.6s | sps   423] ret_mean=5.500 ep_len=500.0 pi_loss=-0.000 v_loss=0.651 ent=1.690 msg_acc=0.490 kl=0.0104
[upd  169 | steps   86528 | t  204.4s | sps   423] ret_mean=54.500 ep_len=500.0 pi_loss=-0.009 v_loss=1.071 ent=2.092 msg_acc=0.532 kl=0.0087
[upd  170 | steps   87040 | t  205.0s | sps   425] ret_mean=0.000 ep_len=500.0 pi_loss=-0.006 v_loss=0.005 ent=1.877 msg_acc=0.635 kl=0.0053
[upd  171 | steps   87552 | t  205.6s | sps   426] ret_mean=0.000 ep_len=500.0 pi_loss=-0.008 v_loss=0.004 ent=1.726 msg_acc=0.711 kl=0.0056
[upd  172 | steps   88064 | t  206.3s | sps   427] ret_mean=0.000 ep_len=500.0 pi_loss=-0.004 v_loss=0.004 ent=1.863 msg_acc=0.689 kl=0.0132
[upd  173 | steps   88576 | t  206.9s | sps   428] ret_mean=27.000 ep_len=500.0 pi_loss=-0.011 v_loss=1.060 ent=1.702 msg_acc=0.659 kl=0.0028
[upd  174 | steps   89088 | t  207.5s | sps   429] ret_mean=0.000 ep_len=500.0 pi_loss=-0.009 v_loss=1.622 ent=1.696 msg_acc=0.649 kl=0.0094
[upd  175 | steps   89600 | t  208.1s | sps   431] ret_mean=34.000 ep_len=500.0 pi_loss=-0.009 v_loss=2.236 ent=1.993 msg_acc=0.430 kl=0.0128
[upd  176 | steps   90112 | t  208.7s | sps   432] ret_mean=95.000 ep_len=500.0 pi_loss=-0.006 v_loss=2.830 ent=1.887 msg_acc=0.508 kl=0.0163
[upd  177 | steps   90624 | t  209.2s | sps   433] ret_mean=0.000 ep_len=500.0 pi_loss=-0.010 v_loss=0.012 ent=1.989 msg_acc=0.476 kl=0.0087
[upd  178 | steps   91136 | t  210.0s | sps   434] ret_mean=0.000 ep_len=500.0 pi_loss=-0.008 v_loss=0.158 ent=1.989 msg_acc=0.635 kl=0.0014
[upd  179 | steps   91648 | t  210.6s | sps   435] ret_mean=12.500 ep_len=500.0 pi_loss=-0.008 v_loss=0.076 ent=1.798 msg_acc=0.737 kl=0.0124
[upd  180 | steps   92160 | t  211.2s | sps   436] ret_mean=0.000 ep_len=500.0 pi_loss=-0.010 v_loss=0.256 ent=1.814 msg_acc=0.810 kl=0.0082
[upd  181 | steps   92672 | t  211.8s | sps   437] ret_mean=34.000 ep_len=500.0 pi_loss=-0.011 v_loss=1.112 ent=2.145 msg_acc=0.593 kl=0.0209
[upd  182 | steps   93184 | t  212.4s | sps   439] ret_mean=24.500 ep_len=500.0 pi_loss=-0.010 v_loss=0.917 ent=2.115 msg_acc=0.530 kl=0.0082
[upd  183 | steps   93696 | t  213.0s | sps   440] ret_mean=27.000 ep_len=500.0 pi_loss=-0.010 v_loss=1.802 ent=2.140 msg_acc=0.583 kl=0.0027
[upd  184 | steps   94208 | t  213.7s | sps   441] ret_mean=47.500 ep_len=500.0 pi_loss=-0.010 v_loss=0.038 ent=2.379 msg_acc=0.517 kl=0.0113
[upd  185 | steps   94720 | t  214.3s | sps   442] ret_mean=0.500 ep_len=500.0 pi_loss=-0.009 v_loss=0.014 ent=2.222 msg_acc=0.469 kl=0.0075
[upd  186 | steps   95232 | t  214.9s | sps   443] ret_mean=0.000 ep_len=500.0 pi_loss=-0.008 v_loss=0.004 ent=2.356 msg_acc=0.450 kl=0.0128
[upd  187 | steps   95744 | t  215.5s | sps   444] ret_mean=0.000 ep_len=500.0 pi_loss=-0.007 v_loss=2.061 ent=2.384 msg_acc=0.250 kl=0.0126
[upd  188 | steps   96256 | t  216.1s | sps   445] ret_mean=67.500 ep_len=500.0 pi_loss=-0.009 v_loss=0.140 ent=2.503 msg_acc=0.414 kl=0.0057
[upd  189 | steps   96768 | t  216.7s | sps   447] ret_mean=1.500 ep_len=500.0 pi_loss=-0.008 v_loss=4.140 ent=2.197 msg_acc=0.274 kl=0.0433
[upd  190 | steps   97280 | t  217.3s | sps   448] ret_mean=96.000 ep_len=500.0 pi_loss=-0.005 v_loss=0.061 ent=1.949 msg_acc=0.767 kl=0.0175
[upd  191 | steps   97792 | t  217.9s | sps   449] ret_mean=0.000 ep_len=500.0 pi_loss=-0.008 v_loss=0.010 ent=2.379 msg_acc=0.618 kl=0.0162
[upd  192 | steps   98304 | t  218.5s | sps   450] ret_mean=19.750 ep_len=500.0 pi_loss=-0.006 v_loss=1.466 ent=1.961 msg_acc=0.340 kl=0.0059
[upd  193 | steps   98816 | t  219.1s | sps   451] ret_mean=0.000 ep_len=500.0 pi_loss=-0.006 v_loss=0.005 ent=2.241 msg_acc=0.577 kl=-0.0028
[upd  194 | steps   99328 | t  219.7s | sps   452] ret_mean=0.000 ep_len=500.0 pi_loss=-0.011 v_loss=0.003 ent=1.968 msg_acc=0.791 kl=0.0050
[upd  195 | steps   99840 | t  220.5s | sps   453] ret_mean=0.000 ep_len=500.0 pi_loss=-0.008 v_loss=0.011 ent=2.082 msg_acc=0.667 kl=0.0099
[upd  196 | steps  100352 | t  221.2s | sps   454] ret_mean=0.000 ep_len=500.0 pi_loss=-0.006 v_loss=0.137 ent=1.894 msg_acc=0.634 kl=0.0117
[upd  197 | steps  100864 | t  221.8s | sps   455] ret_mean=73.500 ep_len=500.0 pi_loss=-0.003 v_loss=1.799 ent=2.138 msg_acc=0.329 kl=0.0256
[upd  198 | steps  101376 | t  222.4s | sps   456] ret_mean=0.000 ep_len=500.0 pi_loss=-0.012 v_loss=0.005 ent=1.945 msg_acc=0.677 kl=0.0076
[upd  199 | steps  101888 | t  223.1s | sps   457] ret_mean=21.500 ep_len=500.0 pi_loss=-0.007 v_loss=0.788 ent=2.192 msg_acc=0.542 kl=0.0130
[upd  200 | steps  102400 | t  223.8s | sps   457] ret_mean=40.000 ep_len=500.0 pi_loss=-0.010 v_loss=1.674 ent=2.330 msg_acc=0.574 kl=0.0067
        [eval] ret_mean=0.000 ep_len=500.0
