$ /Users/samchen/Coding/CLASSES/CS2860/.venv/bin/python3 -m policies.train --env rware-tiny-2ag-easy-v2 --seed 0 --updates 400 --rollout 512 --eval-every 25 --eval-episodes 30 --log-dir matrix_results/diagnostics_v1_sam/comm_2ag/main_tiny --run-name mappo-heartbeat-plus-comm__delay-only__d30__s0 --n-msg-tokens 8 --heartbeat --heartbeat-period 1 --heartbeat-max-age-clip 128 --heartbeat-delay 30 --shape-rewards --pickup-bonus 0.5

[env] EnvSpec(env_id='rware-tiny-2ag-easy-v2', n_agents=2, obs_dim=73, n_env_actions=5, noop_action=0, family='rware')  (n_msg_tokens=8)
[cfg] {'clip_range': 0.2, 'value_clip_range': 0.2, 'entropy_coef': 0.01, 'value_coef': 0.5, 'max_grad_norm': 0.5, 'gamma': 0.99, 'gae_lambda': 0.95, 'lr_actor': 0.0003, 'lr_critic': 0.001, 'update_epochs': 4, 'minibatches': 4, 'hidden': 128, 'depth': 2, 'device': 'cpu', 'extra': {}}
[log] writing to matrix_results/diagnostics_v1_sam/comm_2ag/main_tiny/mappo-heartbeat-plus-comm__delay-only__d30__s0
[upd    1 | steps     512 | t    0.2s | sps  2968] ret_mean=0.000 ep_len=500.0 pi_loss=-0.015 v_loss=0.067 ent=3.685 kl=0.0143
[upd    2 | steps    1024 | t    0.3s | sps  3052] ret_mean=1.500 ep_len=500.0 pi_loss=-0.006 v_loss=0.021 ent=3.683 kl=0.0018
[upd    3 | steps    1536 | t    0.5s | sps  3011] ret_mean=0.000 ep_len=500.0 pi_loss=-0.009 v_loss=0.010 ent=3.679 kl=0.0058
[upd    4 | steps    2048 | t    0.7s | sps  3067] ret_mean=0.000 ep_len=500.0 pi_loss=-0.013 v_loss=0.008 ent=3.659 kl=0.0108
[upd    5 | steps    2560 | t    0.9s | sps  2869] ret_mean=0.000 ep_len=500.0 pi_loss=-0.009 v_loss=0.006 ent=3.635 kl=0.0064
[upd    6 | steps    3072 | t    1.1s | sps  2893] ret_mean=1.000 ep_len=500.0 pi_loss=-0.009 v_loss=0.008 ent=3.616 kl=0.0071
[upd    7 | steps    3584 | t    1.2s | sps  2913] ret_mean=0.500 ep_len=500.0 pi_loss=-0.013 v_loss=0.011 ent=3.616 kl=-0.0000
[upd    8 | steps    4096 | t    1.4s | sps  2932] ret_mean=4.500 ep_len=500.0 pi_loss=-0.011 v_loss=0.012 ent=3.584 kl=0.0132
[upd    9 | steps    4608 | t    1.6s | sps  2963] ret_mean=1.500 ep_len=500.0 pi_loss=-0.008 v_loss=0.021 ent=3.633 kl=0.0027
[upd   10 | steps    5120 | t    1.7s | sps  2992] ret_mean=3.000 ep_len=500.0 pi_loss=-0.011 v_loss=0.011 ent=3.542 kl=0.0096
[upd   11 | steps    5632 | t    1.9s | sps  3006] ret_mean=0.500 ep_len=500.0 pi_loss=-0.009 v_loss=0.003 ent=3.559 kl=-0.0006
[upd   12 | steps    6144 | t    2.0s | sps  3018] ret_mean=0.000 ep_len=500.0 pi_loss=-0.011 v_loss=0.003 ent=3.537 kl=0.0032
[upd   13 | steps    6656 | t    2.2s | sps  2972] ret_mean=0.000 ep_len=500.0 pi_loss=-0.007 v_loss=0.002 ent=3.556 kl=0.0030
[upd   14 | steps    7168 | t    2.4s | sps  2937] ret_mean=0.000 ep_len=500.0 pi_loss=-0.009 v_loss=0.002 ent=3.607 kl=0.0029
[upd   15 | steps    7680 | t    2.7s | sps  2856] ret_mean=0.000 ep_len=500.0 pi_loss=-0.009 v_loss=0.002 ent=3.553 kl=0.0067
[upd   16 | steps    8192 | t    2.9s | sps  2846] ret_mean=0.000 ep_len=500.0 pi_loss=-0.008 v_loss=0.001 ent=3.563 kl=0.0069
[upd   17 | steps    8704 | t    3.1s | sps  2841] ret_mean=0.000 ep_len=500.0 pi_loss=-0.010 v_loss=0.001 ent=3.588 kl=0.0019
[upd   18 | steps    9216 | t    3.2s | sps  2847] ret_mean=1.000 ep_len=500.0 pi_loss=-0.017 v_loss=0.011 ent=3.529 kl=0.0105
[upd   19 | steps    9728 | t    3.5s | sps  2764] ret_mean=1.000 ep_len=500.0 pi_loss=-0.013 v_loss=0.001 ent=3.572 kl=0.0076
[upd   20 | steps   10240 | t    3.7s | sps  2739] ret_mean=0.000 ep_len=500.0 pi_loss=-0.008 v_loss=0.003 ent=3.614 kl=0.0106
[upd   21 | steps   10752 | t    3.9s | sps  2730] ret_mean=0.500 ep_len=500.0 pi_loss=-0.012 v_loss=0.002 ent=3.591 kl=0.0037
[upd   22 | steps   11264 | t    4.1s | sps  2732] ret_mean=0.000 ep_len=500.0 pi_loss=-0.020 v_loss=0.013 ent=3.580 kl=0.0118
[upd   23 | steps   11776 | t    4.3s | sps  2719] ret_mean=3.500 ep_len=500.0 pi_loss=-0.013 v_loss=0.006 ent=3.534 kl=0.0039
[upd   24 | steps   12288 | t    4.5s | sps  2709] ret_mean=1.500 ep_len=500.0 pi_loss=-0.014 v_loss=0.025 ent=3.335 kl=0.0046
[upd   25 | steps   12800 | t    4.7s | sps  2704] ret_mean=2.000 ep_len=500.0 pi_loss=-0.009 v_loss=0.009 ent=3.394 kl=0.0029
        [eval] ret_mean=4.167 ep_len=500.0
[upd   26 | steps   13312 | t    9.3s | sps  1434] ret_mean=0.000 ep_len=500.0 pi_loss=-0.012 v_loss=0.002 ent=3.470 kl=0.0070
[upd   27 | steps   13824 | t    9.5s | sps  1451] ret_mean=1.000 ep_len=500.0 pi_loss=-0.009 v_loss=0.008 ent=3.399 kl=0.0008
[upd   28 | steps   14336 | t    9.7s | sps  1475] ret_mean=1.500 ep_len=500.0 pi_loss=-0.017 v_loss=0.007 ent=3.534 kl=0.0032
[upd   29 | steps   14848 | t    9.9s | sps  1500] ret_mean=2.000 ep_len=500.0 pi_loss=-0.013 v_loss=0.010 ent=3.567 kl=0.0038
[upd   30 | steps   15360 | t   10.1s | sps  1527] ret_mean=1.500 ep_len=500.0 pi_loss=-0.012 v_loss=0.012 ent=3.540 kl=0.0074
[upd   31 | steps   15872 | t   10.2s | sps  1552] ret_mean=7.500 ep_len=500.0 pi_loss=-0.014 v_loss=0.143 ent=3.434 kl=0.0075
[upd   32 | steps   16384 | t   10.4s | sps  1578] ret_mean=3.500 ep_len=500.0 pi_loss=-0.015 v_loss=0.014 ent=3.558 kl=0.0103
[upd   33 | steps   16896 | t   10.6s | sps  1601] ret_mean=0.000 ep_len=500.0 pi_loss=-0.011 v_loss=0.004 ent=3.340 kl=0.0087
[upd   34 | steps   17408 | t   10.7s | sps  1623] ret_mean=1.000 ep_len=500.0 pi_loss=-0.014 v_loss=0.007 ent=3.380 kl=0.0030
[upd   35 | steps   17920 | t   10.9s | sps  1646] ret_mean=0.000 ep_len=500.0 pi_loss=-0.017 v_loss=0.002 ent=3.452 kl=0.0085
[upd   36 | steps   18432 | t   11.1s | sps  1667] ret_mean=1.500 ep_len=500.0 pi_loss=-0.013 v_loss=0.083 ent=3.452 kl=0.0191
[upd   37 | steps   18944 | t   11.2s | sps  1687] ret_mean=7.500 ep_len=500.0 pi_loss=-0.013 v_loss=0.012 ent=3.460 kl=0.0045
[upd   38 | steps   19456 | t   11.4s | sps  1700] ret_mean=12.000 ep_len=500.0 pi_loss=-0.014 v_loss=0.217 ent=3.263 kl=0.0166
[upd   39 | steps   19968 | t   11.6s | sps  1715] ret_mean=1.500 ep_len=500.0 pi_loss=-0.010 v_loss=0.002 ent=3.171 kl=0.0075
[upd   40 | steps   20480 | t   11.8s | sps  1733] ret_mean=13.000 ep_len=500.0 pi_loss=-0.012 v_loss=0.391 ent=3.122 kl=0.0090
[upd   41 | steps   20992 | t   12.0s | sps  1752] ret_mean=4.500 ep_len=500.0 pi_loss=-0.010 v_loss=0.002 ent=3.064 kl=0.0107
[upd   42 | steps   21504 | t   12.1s | sps  1771] ret_mean=0.000 ep_len=500.0 pi_loss=-0.016 v_loss=0.006 ent=3.331 kl=0.0062
[upd   43 | steps   22016 | t   12.3s | sps  1789] ret_mean=3.500 ep_len=500.0 pi_loss=-0.011 v_loss=0.011 ent=3.258 kl=0.0041
[upd   44 | steps   22528 | t   12.5s | sps  1808] ret_mean=12.000 ep_len=500.0 pi_loss=-0.019 v_loss=0.231 ent=3.402 kl=0.0056
[upd   45 | steps   23040 | t   12.6s | sps  1827] ret_mean=0.000 ep_len=500.0 pi_loss=-0.011 v_loss=0.009 ent=3.312 kl=0.0064
[upd   46 | steps   23552 | t   12.8s | sps  1842] ret_mean=1.000 ep_len=500.0 pi_loss=-0.011 v_loss=0.084 ent=3.102 kl=0.0153
[upd   47 | steps   24064 | t   13.0s | sps  1851] ret_mean=5.000 ep_len=500.0 pi_loss=-0.006 v_loss=0.022 ent=2.984 kl=0.0109
[upd   48 | steps   24576 | t   13.2s | sps  1866] ret_mean=2.500 ep_len=500.0 pi_loss=-0.011 v_loss=0.008 ent=3.098 kl=0.0035
[upd   49 | steps   25088 | t   13.3s | sps  1882] ret_mean=1.500 ep_len=500.0 pi_loss=-0.012 v_loss=0.012 ent=3.193 kl=0.0086
[upd   50 | steps   25600 | t   13.5s | sps  1898] ret_mean=0.000 ep_len=500.0 pi_loss=-0.018 v_loss=0.007 ent=3.373 kl=0.0130
        [eval] ret_mean=4.167 ep_len=500.0
[upd   51 | steps   26112 | t   17.4s | sps  1499] ret_mean=3.000 ep_len=500.0 pi_loss=-0.016 v_loss=0.026 ent=3.391 kl=0.0068
[upd   52 | steps   26624 | t   17.6s | sps  1512] ret_mean=0.000 ep_len=500.0 pi_loss=-0.010 v_loss=0.003 ent=3.190 kl=0.0117
[upd   53 | steps   27136 | t   17.8s | sps  1526] ret_mean=0.000 ep_len=500.0 pi_loss=-0.010 v_loss=0.003 ent=3.321 kl=0.0066
[upd   54 | steps   27648 | t   18.0s | sps  1539] ret_mean=0.500 ep_len=500.0 pi_loss=-0.013 v_loss=0.028 ent=3.142 kl=0.0063
[upd   55 | steps   28160 | t   18.1s | sps  1554] ret_mean=9.000 ep_len=500.0 pi_loss=-0.011 v_loss=0.100 ent=3.227 kl=0.0096
[upd   56 | steps   28672 | t   18.3s | sps  1568] ret_mean=1.000 ep_len=500.0 pi_loss=-0.017 v_loss=0.006 ent=3.286 kl=0.0031
[upd   57 | steps   29184 | t   18.4s | sps  1582] ret_mean=2.000 ep_len=500.0 pi_loss=-0.009 v_loss=0.011 ent=3.180 kl=0.0052
[upd   58 | steps   29696 | t   18.6s | sps  1596] ret_mean=2.500 ep_len=500.0 pi_loss=-0.015 v_loss=0.040 ent=3.292 kl=0.0003
[upd   59 | steps   30208 | t   18.8s | sps  1609] ret_mean=0.500 ep_len=500.0 pi_loss=-0.006 v_loss=0.002 ent=3.080 kl=0.0038
[upd   60 | steps   30720 | t   18.9s | sps  1622] ret_mean=3.000 ep_len=500.0 pi_loss=-0.016 v_loss=0.027 ent=3.204 kl=0.0071
[upd   61 | steps   31232 | t   19.1s | sps  1634] ret_mean=0.500 ep_len=500.0 pi_loss=-0.010 v_loss=0.005 ent=3.188 kl=0.0073
[upd   62 | steps   31744 | t   19.3s | sps  1647] ret_mean=2.000 ep_len=500.0 pi_loss=-0.012 v_loss=0.048 ent=3.019 kl=0.0140
[upd   63 | steps   32256 | t   19.4s | sps  1659] ret_mean=7.500 ep_len=500.0 pi_loss=-0.014 v_loss=0.052 ent=3.153 kl=0.0066
[upd   64 | steps   32768 | t   19.6s | sps  1671] ret_mean=1.500 ep_len=500.0 pi_loss=-0.015 v_loss=0.018 ent=3.039 kl=0.0036
[upd   65 | steps   33280 | t   19.8s | sps  1684] ret_mean=2.000 ep_len=500.0 pi_loss=-0.015 v_loss=0.008 ent=3.060 kl=0.0047
[upd   66 | steps   33792 | t   19.9s | sps  1695] ret_mean=1.000 ep_len=500.0 pi_loss=-0.012 v_loss=0.003 ent=3.135 kl=-0.0008
[upd   67 | steps   34304 | t   20.1s | sps  1707] ret_mean=0.000 ep_len=500.0 pi_loss=-0.009 v_loss=0.003 ent=3.100 kl=0.0100
[upd   68 | steps   34816 | t   20.3s | sps  1719] ret_mean=0.500 ep_len=500.0 pi_loss=-0.011 v_loss=0.032 ent=3.016 kl=0.0113
[upd   69 | steps   35328 | t   20.4s | sps  1730] ret_mean=4.000 ep_len=500.0 pi_loss=-0.009 v_loss=0.413 ent=2.831 kl=0.0052
[upd   70 | steps   35840 | t   20.6s | sps  1741] ret_mean=14.000 ep_len=500.0 pi_loss=-0.011 v_loss=0.008 ent=2.909 kl=0.0130
[upd   71 | steps   36352 | t   20.7s | sps  1752] ret_mean=0.000 ep_len=500.0 pi_loss=-0.014 v_loss=0.120 ent=3.084 kl=0.0137
[upd   72 | steps   36864 | t   20.9s | sps  1763] ret_mean=7.500 ep_len=500.0 pi_loss=-0.012 v_loss=0.079 ent=3.128 kl=0.0162
[upd   73 | steps   37376 | t   21.1s | sps  1774] ret_mean=7.500 ep_len=500.0 pi_loss=-0.016 v_loss=0.009 ent=3.091 kl=0.0207
[upd   74 | steps   37888 | t   21.2s | sps  1784] ret_mean=0.000 ep_len=500.0 pi_loss=-0.015 v_loss=0.910 ent=2.920 kl=0.0102
[upd   75 | steps   38400 | t   21.4s | sps  1793] ret_mean=22.500 ep_len=500.0 pi_loss=-0.012 v_loss=0.126 ent=3.008 kl=0.0138
        [eval] ret_mean=8.333 ep_len=500.0
[upd   76 | steps   38912 | t   25.5s | sps  1527] ret_mean=1.500 ep_len=500.0 pi_loss=-0.010 v_loss=0.013 ent=2.870 kl=0.0137
[upd   77 | steps   39424 | t   25.6s | sps  1537] ret_mean=1.000 ep_len=500.0 pi_loss=-0.011 v_loss=0.010 ent=2.978 kl=0.0096
[upd   78 | steps   39936 | t   25.8s | sps  1547] ret_mean=0.000 ep_len=500.0 pi_loss=-0.013 v_loss=0.006 ent=2.956 kl=0.0106
[upd   79 | steps   40448 | t   26.0s | sps  1557] ret_mean=7.500 ep_len=500.0 pi_loss=-0.012 v_loss=0.164 ent=2.958 kl=0.0114
[upd   80 | steps   40960 | t   26.1s | sps  1567] ret_mean=2.000 ep_len=500.0 pi_loss=-0.012 v_loss=0.045 ent=2.878 kl=0.0055
[upd   81 | steps   41472 | t   26.3s | sps  1577] ret_mean=39.000 ep_len=500.0 pi_loss=-0.011 v_loss=2.056 ent=2.828 kl=0.0111
[upd   82 | steps   41984 | t   26.5s | sps  1587] ret_mean=0.000 ep_len=500.0 pi_loss=-0.011 v_loss=0.013 ent=2.976 kl=0.0048
[upd   83 | steps   42496 | t   26.6s | sps  1596] ret_mean=1.500 ep_len=500.0 pi_loss=-0.011 v_loss=0.011 ent=2.950 kl=0.0078
[upd   84 | steps   43008 | t   26.8s | sps  1606] ret_mean=2.500 ep_len=500.0 pi_loss=-0.013 v_loss=0.043 ent=2.962 kl=0.0022
[upd   85 | steps   43520 | t   26.9s | sps  1615] ret_mean=4.000 ep_len=500.0 pi_loss=-0.017 v_loss=0.833 ent=2.982 kl=0.0036
[upd   86 | steps   44032 | t   27.1s | sps  1624] ret_mean=23.000 ep_len=500.0 pi_loss=-0.016 v_loss=0.024 ent=3.094 kl=0.0081
[upd   87 | steps   44544 | t   27.3s | sps  1633] ret_mean=0.000 ep_len=500.0 pi_loss=-0.015 v_loss=0.392 ent=2.900 kl=0.0037
[upd   88 | steps   45056 | t   27.4s | sps  1642] ret_mean=35.500 ep_len=500.0 pi_loss=-0.014 v_loss=0.681 ent=2.899 kl=0.0054
[upd   89 | steps   45568 | t   27.6s | sps  1651] ret_mean=0.000 ep_len=500.0 pi_loss=-0.011 v_loss=0.077 ent=3.111 kl=0.0088
[upd   90 | steps   46080 | t   27.8s | sps  1660] ret_mean=5.000 ep_len=500.0 pi_loss=-0.013 v_loss=1.570 ent=2.875 kl=0.0061
[upd   91 | steps   46592 | t   27.9s | sps  1669] ret_mean=35.000 ep_len=500.0 pi_loss=-0.010 v_loss=0.058 ent=2.972 kl=0.0076
[upd   92 | steps   47104 | t   28.1s | sps  1678] ret_mean=0.000 ep_len=500.0 pi_loss=-0.013 v_loss=0.140 ent=3.061 kl=0.0055
[upd   93 | steps   47616 | t   28.2s | sps  1686] ret_mean=6.500 ep_len=500.0 pi_loss=-0.016 v_loss=0.046 ent=2.998 kl=0.0042
[upd   94 | steps   48128 | t   28.4s | sps  1694] ret_mean=3.000 ep_len=500.0 pi_loss=-0.013 v_loss=0.173 ent=3.079 kl=0.0069
[upd   95 | steps   48640 | t   28.6s | sps  1703] ret_mean=17.000 ep_len=500.0 pi_loss=-0.012 v_loss=0.146 ent=3.023 kl=0.0080
[upd   96 | steps   49152 | t   28.7s | sps  1711] ret_mean=0.000 ep_len=500.0 pi_loss=-0.016 v_loss=0.819 ent=3.014 kl=0.0127
[upd   97 | steps   49664 | t   28.9s | sps  1720] ret_mean=22.000 ep_len=500.0 pi_loss=-0.013 v_loss=0.379 ent=3.085 kl=0.0079
[upd   98 | steps   50176 | t   29.0s | sps  1728] ret_mean=18.500 ep_len=500.0 pi_loss=-0.016 v_loss=0.509 ent=3.053 kl=0.0095
[upd   99 | steps   50688 | t   29.2s | sps  1736] ret_mean=18.500 ep_len=500.0 pi_loss=-0.012 v_loss=0.016 ent=3.156 kl=0.0075
[upd  100 | steps   51200 | t   29.4s | sps  1744] ret_mean=0.000 ep_len=500.0 pi_loss=-0.016 v_loss=0.031 ent=3.229 kl=0.0088
        [eval] ret_mean=4.167 ep_len=500.0
[upd  101 | steps   51712 | t   33.2s | sps  1556] ret_mean=19.500 ep_len=500.0 pi_loss=-0.015 v_loss=0.564 ent=3.168 kl=0.0117
[upd  102 | steps   52224 | t   33.4s | sps  1564] ret_mean=0.000 ep_len=500.0 pi_loss=-0.013 v_loss=0.011 ent=3.288 kl=0.0151
[upd  103 | steps   52736 | t   33.6s | sps  1570] ret_mean=0.000 ep_len=500.0 pi_loss=-0.019 v_loss=0.008 ent=3.252 kl=-0.0021
[upd  104 | steps   53248 | t   33.7s | sps  1578] ret_mean=18.500 ep_len=500.0 pi_loss=-0.007 v_loss=0.574 ent=2.985 kl=0.0107
[upd  105 | steps   53760 | t   33.9s | sps  1586] ret_mean=5.000 ep_len=500.0 pi_loss=-0.017 v_loss=0.113 ent=3.208 kl=0.0169
[upd  106 | steps   54272 | t   34.1s | sps  1593] ret_mean=11.500 ep_len=500.0 pi_loss=-0.014 v_loss=0.188 ent=3.186 kl=0.0137
[upd  107 | steps   54784 | t   34.2s | sps  1600] ret_mean=8.500 ep_len=500.0 pi_loss=-0.012 v_loss=0.262 ent=3.216 kl=0.0072
[upd  108 | steps   55296 | t   34.4s | sps  1608] ret_mean=0.000 ep_len=500.0 pi_loss=-0.014 v_loss=0.007 ent=3.213 kl=0.0065
[upd  109 | steps   55808 | t   34.6s | sps  1615] ret_mean=0.000 ep_len=500.0 pi_loss=-0.012 v_loss=0.005 ent=3.012 kl=0.0012
[upd  110 | steps   56320 | t   34.7s | sps  1623] ret_mean=25.000 ep_len=500.0 pi_loss=-0.011 v_loss=1.108 ent=2.912 kl=0.0060
[upd  111 | steps   56832 | t   34.9s | sps  1630] ret_mean=11.500 ep_len=500.0 pi_loss=-0.008 v_loss=0.393 ent=2.951 kl=0.0035
[upd  112 | steps   57344 | t   35.0s | sps  1637] ret_mean=21.000 ep_len=500.0 pi_loss=-0.015 v_loss=0.716 ent=2.866 kl=0.0095
[upd  113 | steps   57856 | t   35.2s | sps  1645] ret_mean=0.000 ep_len=500.0 pi_loss=-0.015 v_loss=0.006 ent=3.202 kl=0.0162
[upd  114 | steps   58368 | t   35.3s | sps  1652] ret_mean=0.000 ep_len=500.0 pi_loss=-0.015 v_loss=0.004 ent=3.046 kl=0.0133
[upd  115 | steps   58880 | t   35.5s | sps  1658] ret_mean=0.000 ep_len=500.0 pi_loss=-0.017 v_loss=0.076 ent=3.150 kl=0.0191
[upd  116 | steps   59392 | t   35.7s | sps  1665] ret_mean=4.500 ep_len=500.0 pi_loss=-0.015 v_loss=0.005 ent=3.156 kl=0.0112
[upd  117 | steps   59904 | t   35.8s | sps  1672] ret_mean=0.000 ep_len=500.0 pi_loss=-0.011 v_loss=0.255 ent=2.966 kl=0.0045
[upd  118 | steps   60416 | t   36.0s | sps  1679] ret_mean=11.000 ep_len=500.0 pi_loss=-0.012 v_loss=0.219 ent=3.072 kl=0.0109
[upd  119 | steps   60928 | t   36.1s | sps  1686] ret_mean=58.000 ep_len=500.0 pi_loss=-0.012 v_loss=2.128 ent=2.538 kl=0.0163
[upd  120 | steps   61440 | t   36.3s | sps  1693] ret_mean=10.500 ep_len=500.0 pi_loss=-0.012 v_loss=0.489 ent=2.887 kl=0.0007
[upd  121 | steps   61952 | t   36.5s | sps  1699] ret_mean=54.000 ep_len=500.0 pi_loss=-0.015 v_loss=2.114 ent=2.630 kl=0.0110
[upd  122 | steps   62464 | t   36.6s | sps  1706] ret_mean=54.500 ep_len=500.0 pi_loss=-0.012 v_loss=1.945 ent=2.638 kl=0.0124
[upd  123 | steps   62976 | t   36.8s | sps  1713] ret_mean=10.000 ep_len=500.0 pi_loss=-0.013 v_loss=0.188 ent=2.905 kl=0.0124
[upd  124 | steps   63488 | t   36.9s | sps  1720] ret_mean=24.500 ep_len=500.0 pi_loss=-0.011 v_loss=4.556 ent=2.438 kl=0.0062
[upd  125 | steps   64000 | t   37.1s | sps  1726] ret_mean=65.500 ep_len=500.0 pi_loss=-0.014 v_loss=0.406 ent=3.052 kl=0.0063
        [eval] ret_mean=8.283 ep_len=500.0
[upd  126 | steps   64512 | t   41.0s | sps  1573] ret_mean=63.000 ep_len=500.0 pi_loss=-0.013 v_loss=2.675 ent=2.653 kl=0.0132
[upd  127 | steps   65024 | t   41.2s | sps  1580] ret_mean=33.500 ep_len=500.0 pi_loss=-0.013 v_loss=1.109 ent=2.721 kl=0.0055
[upd  128 | steps   65536 | t   41.4s | sps  1584] ret_mean=0.000 ep_len=500.0 pi_loss=-0.014 v_loss=0.037 ent=3.188 kl=0.0101
[upd  129 | steps   66048 | t   41.6s | sps  1589] ret_mean=1.000 ep_len=500.0 pi_loss=-0.013 v_loss=0.045 ent=3.213 kl=0.0093
[upd  130 | steps   66560 | t   41.7s | sps  1596] ret_mean=91.500 ep_len=500.0 pi_loss=-0.011 v_loss=4.092 ent=2.733 kl=0.0012
[upd  131 | steps   67072 | t   41.9s | sps  1601] ret_mean=16.000 ep_len=500.0 pi_loss=-0.009 v_loss=0.558 ent=2.912 kl=0.0093
[upd  132 | steps   67584 | t   42.1s | sps  1607] ret_mean=0.000 ep_len=500.0 pi_loss=-0.014 v_loss=0.027 ent=3.044 kl=0.0045
[upd  133 | steps   68096 | t   42.2s | sps  1612] ret_mean=61.000 ep_len=500.0 pi_loss=-0.010 v_loss=2.755 ent=2.871 kl=0.0051
[upd  134 | steps   68608 | t   42.4s | sps  1618] ret_mean=21.000 ep_len=500.0 pi_loss=-0.018 v_loss=1.751 ent=3.050 kl=0.0110
[upd  135 | steps   69120 | t   42.6s | sps  1624] ret_mean=23.000 ep_len=500.0 pi_loss=-0.018 v_loss=0.047 ent=3.235 kl=0.0145
[upd  136 | steps   69632 | t   42.8s | sps  1629] ret_mean=0.000 ep_len=500.0 pi_loss=-0.016 v_loss=0.304 ent=3.210 kl=0.0096
[upd  137 | steps   70144 | t   42.9s | sps  1634] ret_mean=15.000 ep_len=500.0 pi_loss=-0.016 v_loss=0.982 ent=2.818 kl=0.0142
[upd  138 | steps   70656 | t   43.1s | sps  1640] ret_mean=29.500 ep_len=500.0 pi_loss=-0.015 v_loss=1.119 ent=2.915 kl=0.0142
[upd  139 | steps   71168 | t   43.2s | sps  1646] ret_mean=25.500 ep_len=500.0 pi_loss=-0.018 v_loss=1.431 ent=2.947 kl=0.0089
[upd  140 | steps   71680 | t   43.4s | sps  1651] ret_mean=75.000 ep_len=500.0 pi_loss=-0.014 v_loss=3.427 ent=2.714 kl=0.0165
[upd  141 | steps   72192 | t   43.6s | sps  1657] ret_mean=114.000 ep_len=500.0 pi_loss=-0.016 v_loss=4.760 ent=2.373 kl=0.0109
[upd  142 | steps   72704 | t   43.7s | sps  1662] ret_mean=118.000 ep_len=500.0 pi_loss=-0.018 v_loss=3.862 ent=2.476 kl=0.0185
[upd  143 | steps   73216 | t   43.9s | sps  1668] ret_mean=101.500 ep_len=500.0 pi_loss=-0.012 v_loss=3.379 ent=2.412 kl=0.0091
[upd  144 | steps   73728 | t   44.1s | sps  1672] ret_mean=24.500 ep_len=500.0 pi_loss=-0.015 v_loss=0.093 ent=2.770 kl=0.0047
[upd  145 | steps   74240 | t   44.3s | sps  1677] ret_mean=0.000 ep_len=500.0 pi_loss=-0.014 v_loss=1.856 ent=2.670 kl=0.0167
[upd  146 | steps   74752 | t   44.5s | sps  1682] ret_mean=116.500 ep_len=500.0 pi_loss=-0.011 v_loss=2.251 ent=2.654 kl=0.0086
[upd  147 | steps   75264 | t   44.6s | sps  1687] ret_mean=0.000 ep_len=500.0 pi_loss=-0.014 v_loss=2.173 ent=2.491 kl=0.0075
[upd  148 | steps   75776 | t   44.8s | sps  1692] ret_mean=119.500 ep_len=500.0 pi_loss=-0.013 v_loss=1.980 ent=2.540 kl=0.0049
[upd  149 | steps   76288 | t   45.0s | sps  1695] ret_mean=0.000 ep_len=500.0 pi_loss=-0.015 v_loss=0.199 ent=2.901 kl=0.0132
[upd  150 | steps   76800 | t   45.2s | sps  1700] ret_mean=55.500 ep_len=500.0 pi_loss=-0.010 v_loss=3.328 ent=2.181 kl=0.0017
        [eval] ret_mean=20.800 ep_len=500.0
[upd  151 | steps   77312 | t   49.3s | sps  1567] ret_mean=118.500 ep_len=500.0 pi_loss=-0.014 v_loss=5.322 ent=2.161 kl=-0.0003
[upd  152 | steps   77824 | t   49.5s | sps  1572] ret_mean=76.000 ep_len=500.0 pi_loss=-0.020 v_loss=3.031 ent=2.215 kl=0.0097
[upd  153 | steps   78336 | t   49.7s | sps  1577] ret_mean=149.500 ep_len=500.0 pi_loss=-0.013 v_loss=10.150 ent=2.096 kl=0.0132
[upd  154 | steps   78848 | t   49.8s | sps  1582] ret_mean=0.000 ep_len=500.0 pi_loss=-0.013 v_loss=0.208 ent=2.853 kl=0.0077
[upd  155 | steps   79360 | t   50.0s | sps  1588] ret_mean=0.000 ep_len=500.0 pi_loss=-0.009 v_loss=0.534 ent=2.489 kl=0.0131
[upd  156 | steps   79872 | t   50.1s | sps  1593] ret_mean=81.500 ep_len=500.0 pi_loss=-0.010 v_loss=2.345 ent=2.099 kl=0.0073
[upd  157 | steps   80384 | t   50.3s | sps  1597] ret_mean=70.500 ep_len=500.0 pi_loss=-0.012 v_loss=2.733 ent=2.344 kl=0.0088
[upd  158 | steps   80896 | t   50.5s | sps  1602] ret_mean=0.000 ep_len=500.0 pi_loss=-0.014 v_loss=0.857 ent=2.690 kl=0.0042
[upd  159 | steps   81408 | t   50.7s | sps  1606] ret_mean=112.000 ep_len=500.0 pi_loss=-0.013 v_loss=3.012 ent=1.954 kl=0.0121
[upd  160 | steps   81920 | t   50.9s | sps  1610] ret_mean=0.000 ep_len=500.0 pi_loss=-0.015 v_loss=0.050 ent=2.607 kl=0.0132
[upd  161 | steps   82432 | t   51.1s | sps  1614] ret_mean=41.000 ep_len=500.0 pi_loss=-0.014 v_loss=2.224 ent=2.716 kl=0.0120
[upd  162 | steps   82944 | t   51.2s | sps  1619] ret_mean=100.000 ep_len=500.0 pi_loss=-0.014 v_loss=3.093 ent=2.419 kl=0.0138
[upd  163 | steps   83456 | t   51.4s | sps  1624] ret_mean=38.000 ep_len=500.0 pi_loss=-0.019 v_loss=1.524 ent=2.433 kl=0.0203
[upd  164 | steps   83968 | t   51.6s | sps  1629] ret_mean=0.000 ep_len=500.0 pi_loss=-0.021 v_loss=0.061 ent=2.660 kl=0.0080
[upd  165 | steps   84480 | t   51.7s | sps  1634] ret_mean=78.000 ep_len=500.0 pi_loss=-0.014 v_loss=4.255 ent=2.050 kl=0.0145
[upd  166 | steps   84992 | t   51.9s | sps  1639] ret_mean=121.500 ep_len=500.0 pi_loss=-0.016 v_loss=3.886 ent=1.811 kl=0.0116
[upd  167 | steps   85504 | t   52.0s | sps  1643] ret_mean=136.500 ep_len=500.0 pi_loss=-0.015 v_loss=3.765 ent=1.694 kl=0.0115
[upd  168 | steps   86016 | t   52.2s | sps  1648] ret_mean=0.000 ep_len=500.0 pi_loss=-0.009 v_loss=1.014 ent=2.146 kl=0.0054
[upd  169 | steps   86528 | t   52.4s | sps  1651] ret_mean=95.500 ep_len=500.0 pi_loss=-0.010 v_loss=2.072 ent=1.771 kl=0.0138
[upd  170 | steps   87040 | t   52.6s | sps  1655] ret_mean=0.000 ep_len=500.0 pi_loss=-0.014 v_loss=0.143 ent=2.566 kl=0.0098
[upd  171 | steps   87552 | t   52.8s | sps  1660] ret_mean=0.000 ep_len=500.0 pi_loss=-0.014 v_loss=0.994 ent=2.169 kl=0.0092
[upd  172 | steps   88064 | t   52.9s | sps  1664] ret_mean=19.500 ep_len=500.0 pi_loss=-0.014 v_loss=2.467 ent=1.770 kl=0.0132
[upd  173 | steps   88576 | t   53.1s | sps  1668] ret_mean=116.500 ep_len=500.0 pi_loss=-0.012 v_loss=1.993 ent=1.656 kl=0.0260
[upd  174 | steps   89088 | t   53.3s | sps  1673] ret_mean=0.000 ep_len=500.0 pi_loss=-0.014 v_loss=1.626 ent=2.382 kl=0.0118
[upd  175 | steps   89600 | t   53.4s | sps  1677] ret_mean=86.000 ep_len=500.0 pi_loss=-0.009 v_loss=4.050 ent=1.831 kl=0.0050
        [eval] ret_mean=4.167 ep_len=500.0
[upd  176 | steps   90112 | t   57.4s | sps  1570] ret_mean=0.000 ep_len=500.0 pi_loss=-0.004 v_loss=0.259 ent=1.870 kl=0.0087
[upd  177 | steps   90624 | t   57.6s | sps  1574] ret_mean=114.000 ep_len=500.0 pi_loss=-0.004 v_loss=4.592 ent=1.544 kl=0.0317
[upd  178 | steps   91136 | t   57.7s | sps  1579] ret_mean=123.500 ep_len=500.0 pi_loss=-0.006 v_loss=3.961 ent=1.066 kl=0.0088
[upd  179 | steps   91648 | t   57.9s | sps  1584] ret_mean=112.000 ep_len=500.0 pi_loss=-0.015 v_loss=3.451 ent=2.021 kl=0.0048
[upd  180 | steps   92160 | t   58.0s | sps  1589] ret_mean=63.500 ep_len=500.0 pi_loss=-0.010 v_loss=2.471 ent=1.673 kl=0.0075
[upd  181 | steps   92672 | t   58.2s | sps  1593] ret_mean=115.500 ep_len=500.0 pi_loss=-0.003 v_loss=3.703 ent=1.329 kl=0.0037
[upd  182 | steps   93184 | t   58.3s | sps  1598] ret_mean=228.000 ep_len=500.0 pi_loss=-0.012 v_loss=15.776 ent=1.063 kl=0.0079
[upd  183 | steps   93696 | t   58.5s | sps  1602] ret_mean=47.500 ep_len=500.0 pi_loss=-0.008 v_loss=1.779 ent=1.936 kl=0.0097
[upd  184 | steps   94208 | t   58.6s | sps  1607] ret_mean=13.000 ep_len=500.0 pi_loss=-0.014 v_loss=0.624 ent=2.455 kl=0.0116
[upd  185 | steps   94720 | t   58.8s | sps  1611] ret_mean=0.000 ep_len=500.0 pi_loss=-0.014 v_loss=0.891 ent=2.499 kl=0.0112
[upd  186 | steps   95232 | t   58.9s | sps  1616] ret_mean=113.000 ep_len=500.0 pi_loss=-0.009 v_loss=3.485 ent=1.499 kl=0.0053
[upd  187 | steps   95744 | t   59.1s | sps  1620] ret_mean=115.000 ep_len=500.0 pi_loss=-0.009 v_loss=2.326 ent=1.584 kl=0.0053
[upd  188 | steps   96256 | t   59.3s | sps  1624] ret_mean=0.000 ep_len=500.0 pi_loss=-0.011 v_loss=1.118 ent=2.005 kl=0.0116
[upd  189 | steps   96768 | t   59.4s | sps  1628] ret_mean=120.500 ep_len=500.0 pi_loss=-0.010 v_loss=3.662 ent=1.950 kl=0.0088
[upd  190 | steps   97280 | t   59.6s | sps  1633] ret_mean=0.000 ep_len=500.0 pi_loss=-0.017 v_loss=0.750 ent=2.367 kl=0.0326
[upd  191 | steps   97792 | t   59.7s | sps  1637] ret_mean=190.500 ep_len=500.0 pi_loss=-0.011 v_loss=10.097 ent=1.318 kl=0.0071
[upd  192 | steps   98304 | t   59.9s | sps  1641] ret_mean=85.000 ep_len=500.0 pi_loss=-0.008 v_loss=2.914 ent=1.417 kl=0.0105
[upd  193 | steps   98816 | t   60.0s | sps  1646] ret_mean=123.500 ep_len=500.0 pi_loss=-0.007 v_loss=2.175 ent=1.877 kl=0.0094
[upd  194 | steps   99328 | t   60.2s | sps  1650] ret_mean=0.000 ep_len=500.0 pi_loss=-0.008 v_loss=6.614 ent=1.632 kl=0.0137
[upd  195 | steps   99840 | t   60.4s | sps  1654] ret_mean=200.500 ep_len=500.0 pi_loss=-0.013 v_loss=6.870 ent=1.232 kl=0.0154
[upd  196 | steps  100352 | t   60.5s | sps  1658] ret_mean=73.500 ep_len=500.0 pi_loss=-0.010 v_loss=2.195 ent=1.906 kl=0.0081
[upd  197 | steps  100864 | t   60.7s | sps  1662] ret_mean=99.000 ep_len=500.0 pi_loss=-0.012 v_loss=2.657 ent=1.712 kl=0.0210
[upd  198 | steps  101376 | t   60.9s | sps  1666] ret_mean=122.000 ep_len=500.0 pi_loss=-0.015 v_loss=1.777 ent=2.174 kl=0.0066
[upd  199 | steps  101888 | t   61.0s | sps  1670] ret_mean=54.500 ep_len=500.0 pi_loss=-0.014 v_loss=1.761 ent=2.147 kl=0.0151
[upd  200 | steps  102400 | t   61.2s | sps  1673] ret_mean=40.500 ep_len=500.0 pi_loss=-0.018 v_loss=2.962 ent=2.281 kl=0.0018
        [eval] ret_mean=8.267 ep_len=500.0
[upd  201 | steps  102912 | t   65.4s | sps  1574] ret_mean=8.500 ep_len=500.0 pi_loss=-0.008 v_loss=1.861 ent=2.282 kl=0.0040
[upd  202 | steps  103424 | t   65.5s | sps  1578] ret_mean=0.000 ep_len=500.0 pi_loss=-0.012 v_loss=0.518 ent=2.007 kl=0.0066
[upd  203 | steps  103936 | t   65.7s | sps  1582] ret_mean=21.000 ep_len=500.0 pi_loss=-0.012 v_loss=1.479 ent=2.286 kl=0.0086
[upd  204 | steps  104448 | t   65.8s | sps  1586] ret_mean=124.000 ep_len=500.0 pi_loss=-0.006 v_loss=3.289 ent=1.770 kl=0.0102
[upd  205 | steps  104960 | t   66.0s | sps  1590] ret_mean=173.500 ep_len=500.0 pi_loss=-0.007 v_loss=9.277 ent=1.371 kl=0.0063
[upd  206 | steps  105472 | t   66.2s | sps  1593] ret_mean=45.500 ep_len=500.0 pi_loss=-0.011 v_loss=1.855 ent=2.516 kl=0.0065
[upd  207 | steps  105984 | t   66.4s | sps  1597] ret_mean=15.500 ep_len=500.0 pi_loss=-0.014 v_loss=1.260 ent=2.647 kl=0.0045
[upd  208 | steps  106496 | t   66.5s | sps  1600] ret_mean=55.500 ep_len=500.0 pi_loss=-0.013 v_loss=4.665 ent=2.263 kl=0.0003
[upd  209 | steps  107008 | t   66.7s | sps  1604] ret_mean=246.000 ep_len=500.0 pi_loss=-0.012 v_loss=12.391 ent=1.033 kl=0.0109
[upd  210 | steps  107520 | t   66.8s | sps  1608] ret_mean=109.000 ep_len=500.0 pi_loss=-0.020 v_loss=2.845 ent=1.828 kl=0.0186
[upd  211 | steps  108032 | t   67.0s | sps  1612] ret_mean=35.500 ep_len=500.0 pi_loss=-0.010 v_loss=1.450 ent=2.237 kl=0.0007
[upd  212 | steps  108544 | t   67.2s | sps  1616] ret_mean=31.000 ep_len=500.0 pi_loss=-0.019 v_loss=1.293 ent=2.490 kl=0.0055
[upd  213 | steps  109056 | t   67.4s | sps  1619] ret_mean=87.000 ep_len=500.0 pi_loss=-0.010 v_loss=3.615 ent=2.228 kl=0.0032
[upd  214 | steps  109568 | t   67.5s | sps  1623] ret_mean=100.000 ep_len=500.0 pi_loss=-0.012 v_loss=3.031 ent=2.200 kl=0.0059
[upd  215 | steps  110080 | t   67.7s | sps  1626] ret_mean=167.500 ep_len=500.0 pi_loss=-0.014 v_loss=6.131 ent=2.038 kl=0.0204
[upd  216 | steps  110592 | t   67.8s | sps  1630] ret_mean=57.000 ep_len=500.0 pi_loss=-0.015 v_loss=2.178 ent=2.358 kl=0.0120
[upd  217 | steps  111104 | t   68.0s | sps  1634] ret_mean=65.000 ep_len=500.0 pi_loss=-0.012 v_loss=3.062 ent=2.002 kl=0.0070
[upd  218 | steps  111616 | t   68.1s | sps  1638] ret_mean=82.000 ep_len=500.0 pi_loss=-0.014 v_loss=2.949 ent=1.959 kl=0.0070
[upd  219 | steps  112128 | t   68.3s | sps  1642] ret_mean=114.000 ep_len=500.0 pi_loss=-0.018 v_loss=2.894 ent=2.004 kl=0.0100
[upd  220 | steps  112640 | t   68.5s | sps  1645] ret_mean=86.000 ep_len=500.0 pi_loss=-0.011 v_loss=2.090 ent=2.126 kl=0.0089
[upd  221 | steps  113152 | t   68.6s | sps  1649] ret_mean=27.000 ep_len=500.0 pi_loss=-0.015 v_loss=2.162 ent=2.212 kl=-0.0009
[upd  222 | steps  113664 | t   68.8s | sps  1652] ret_mean=124.000 ep_len=500.0 pi_loss=-0.011 v_loss=2.806 ent=2.084 kl=0.0012
[upd  223 | steps  114176 | t   69.0s | sps  1656] ret_mean=89.000 ep_len=500.0 pi_loss=-0.019 v_loss=3.426 ent=2.173 kl=0.0087
[upd  224 | steps  114688 | t   69.1s | sps  1659] ret_mean=100.000 ep_len=500.0 pi_loss=-0.006 v_loss=3.877 ent=1.601 kl=0.0019
[upd  225 | steps  115200 | t   69.3s | sps  1663] ret_mean=121.500 ep_len=500.0 pi_loss=-0.011 v_loss=2.814 ent=2.058 kl=0.0042
        [eval] ret_mean=12.483 ep_len=500.0
[upd  226 | steps  115712 | t   73.4s | sps  1577] ret_mean=0.000 ep_len=500.0 pi_loss=-0.009 v_loss=0.857 ent=2.634 kl=0.0030
[upd  227 | steps  116224 | t   73.5s | sps  1581] ret_mean=81.000 ep_len=500.0 pi_loss=-0.018 v_loss=2.801 ent=2.084 kl=0.0212
[upd  228 | steps  116736 | t   73.7s | sps  1584] ret_mean=0.000 ep_len=500.0 pi_loss=-0.014 v_loss=0.456 ent=2.583 kl=0.0067
[upd  229 | steps  117248 | t   73.9s | sps  1588] ret_mean=89.000 ep_len=500.0 pi_loss=-0.012 v_loss=2.838 ent=1.884 kl=0.0061
[upd  230 | steps  117760 | t   74.0s | sps  1591] ret_mean=0.000 ep_len=500.0 pi_loss=-0.020 v_loss=0.438 ent=2.697 kl=0.0175
[upd  231 | steps  118272 | t   74.2s | sps  1594] ret_mean=0.000 ep_len=500.0 pi_loss=-0.013 v_loss=0.474 ent=2.382 kl=-0.0008
[upd  232 | steps  118784 | t   74.4s | sps  1598] ret_mean=3.000 ep_len=500.0 pi_loss=-0.011 v_loss=0.777 ent=2.453 kl=0.0064
[upd  233 | steps  119296 | t   74.5s | sps  1601] ret_mean=96.000 ep_len=500.0 pi_loss=-0.007 v_loss=2.946 ent=1.403 kl=0.0050
[upd  234 | steps  119808 | t   74.7s | sps  1604] ret_mean=125.000 ep_len=500.0 pi_loss=-0.011 v_loss=3.003 ent=1.873 kl=0.0118
[upd  235 | steps  120320 | t   74.8s | sps  1608] ret_mean=45.000 ep_len=500.0 pi_loss=-0.012 v_loss=1.739 ent=2.401 kl=0.0111
[upd  236 | steps  120832 | t   75.0s | sps  1611] ret_mean=0.000 ep_len=500.0 pi_loss=-0.008 v_loss=0.233 ent=2.039 kl=0.0076
[upd  237 | steps  121344 | t   75.2s | sps  1614] ret_mean=0.000 ep_len=500.0 pi_loss=-0.009 v_loss=0.218 ent=2.179 kl=0.0072
[upd  238 | steps  121856 | t   75.3s | sps  1618] ret_mean=0.000 ep_len=500.0 pi_loss=-0.009 v_loss=1.231 ent=1.608 kl=0.0075
[upd  239 | steps  122368 | t   75.5s | sps  1621] ret_mean=122.500 ep_len=500.0 pi_loss=-0.014 v_loss=3.269 ent=1.726 kl=0.0008
[upd  240 | steps  122880 | t   75.7s | sps  1623] ret_mean=107.500 ep_len=500.0 pi_loss=-0.017 v_loss=3.209 ent=1.671 kl=0.0133
[upd  241 | steps  123392 | t   75.9s | sps  1626] ret_mean=100.500 ep_len=500.0 pi_loss=-0.008 v_loss=2.756 ent=1.853 kl=0.0074
[upd  242 | steps  123904 | t   76.0s | sps  1630] ret_mean=81.000 ep_len=500.0 pi_loss=-0.003 v_loss=2.091 ent=1.871 kl=0.0110
[upd  243 | steps  124416 | t   76.2s | sps  1633] ret_mean=0.000 ep_len=500.0 pi_loss=-0.008 v_loss=1.611 ent=2.292 kl=0.0080
[upd  244 | steps  124928 | t   76.3s | sps  1636] ret_mean=113.500 ep_len=500.0 pi_loss=-0.011 v_loss=2.021 ent=1.981 kl=0.0126
[upd  245 | steps  125440 | t   76.5s | sps  1640] ret_mean=32.000 ep_len=500.0 pi_loss=-0.013 v_loss=1.252 ent=2.022 kl=0.0050
[upd  246 | steps  125952 | t   76.7s | sps  1643] ret_mean=59.500 ep_len=500.0 pi_loss=-0.014 v_loss=2.542 ent=1.909 kl=0.0114
[upd  247 | steps  126464 | t   76.8s | sps  1646] ret_mean=56.500 ep_len=500.0 pi_loss=-0.014 v_loss=4.108 ent=1.612 kl=0.0105
[upd  248 | steps  126976 | t   77.0s | sps  1649] ret_mean=119.000 ep_len=500.0 pi_loss=-0.013 v_loss=2.873 ent=1.838 kl=0.0171
[upd  249 | steps  127488 | t   77.1s | sps  1653] ret_mean=89.000 ep_len=500.0 pi_loss=-0.010 v_loss=3.391 ent=2.252 kl=0.0035
[upd  250 | steps  128000 | t   77.3s | sps  1656] ret_mean=0.000 ep_len=500.0 pi_loss=-0.017 v_loss=0.155 ent=2.553 kl=0.0153
        [eval] ret_mean=45.650 ep_len=500.0
[upd  251 | steps  128512 | t   81.1s | sps  1584] ret_mean=0.000 ep_len=500.0 pi_loss=-0.013 v_loss=0.051 ent=2.525 kl=0.0043
[upd  252 | steps  129024 | t   81.3s | sps  1587] ret_mean=178.000 ep_len=500.0 pi_loss=-0.008 v_loss=10.727 ent=1.152 kl=0.0042
[upd  253 | steps  129536 | t   81.5s | sps  1590] ret_mean=0.000 ep_len=500.0 pi_loss=-0.016 v_loss=0.032 ent=2.590 kl=0.0103
[upd  254 | steps  130048 | t   81.6s | sps  1593] ret_mean=93.500 ep_len=500.0 pi_loss=-0.017 v_loss=3.940 ent=1.878 kl=0.0103
[upd  255 | steps  130560 | t   81.8s | sps  1596] ret_mean=205.500 ep_len=500.0 pi_loss=-0.006 v_loss=13.001 ent=1.254 kl=0.0047
[upd  256 | steps  131072 | t   82.0s | sps  1598] ret_mean=105.000 ep_len=500.0 pi_loss=-0.016 v_loss=2.769 ent=2.006 kl=0.0139
[upd  257 | steps  131584 | t   82.2s | sps  1601] ret_mean=85.000 ep_len=500.0 pi_loss=-0.016 v_loss=2.779 ent=2.189 kl=0.0083
[upd  258 | steps  132096 | t   82.4s | sps  1604] ret_mean=65.000 ep_len=500.0 pi_loss=-0.017 v_loss=2.589 ent=1.965 kl=0.0276
[upd  259 | steps  132608 | t   82.5s | sps  1607] ret_mean=64.500 ep_len=500.0 pi_loss=-0.010 v_loss=2.477 ent=2.327 kl=0.0071
[upd  260 | steps  133120 | t   82.7s | sps  1610] ret_mean=0.000 ep_len=500.0 pi_loss=-0.011 v_loss=4.547 ent=2.367 kl=0.0082
[upd  261 | steps  133632 | t   82.9s | sps  1613] ret_mean=161.500 ep_len=500.0 pi_loss=-0.007 v_loss=5.523 ent=1.570 kl=0.0081
[upd  262 | steps  134144 | t   83.0s | sps  1616] ret_mean=204.000 ep_len=500.0 pi_loss=-0.010 v_loss=10.313 ent=1.133 kl=0.0070
[upd  263 | steps  134656 | t   83.2s | sps  1619] ret_mean=110.500 ep_len=500.0 pi_loss=-0.009 v_loss=2.100 ent=1.896 kl=0.0054
[upd  264 | steps  135168 | t   83.3s | sps  1622] ret_mean=76.500 ep_len=500.0 pi_loss=-0.010 v_loss=3.843 ent=1.737 kl=-0.0010
[upd  265 | steps  135680 | t   83.5s | sps  1625] ret_mean=78.500 ep_len=500.0 pi_loss=-0.019 v_loss=3.688 ent=2.172 kl=0.0066
[upd  266 | steps  136192 | t   83.7s | sps  1628] ret_mean=114.000 ep_len=500.0 pi_loss=-0.011 v_loss=2.571 ent=2.055 kl=0.0108
[upd  267 | steps  136704 | t   83.8s | sps  1631] ret_mean=0.000 ep_len=500.0 pi_loss=-0.011 v_loss=5.124 ent=2.020 kl=0.0152
[upd  268 | steps  137216 | t   84.0s | sps  1634] ret_mean=247.000 ep_len=500.0 pi_loss=-0.004 v_loss=9.180 ent=1.302 kl=0.0060
[upd  269 | steps  137728 | t   84.1s | sps  1637] ret_mean=124.000 ep_len=500.0 pi_loss=-0.014 v_loss=2.817 ent=2.042 kl=0.0061
[upd  270 | steps  138240 | t   84.3s | sps  1640] ret_mean=18.500 ep_len=500.0 pi_loss=-0.011 v_loss=1.273 ent=2.277 kl=0.0085
[upd  271 | steps  138752 | t   84.5s | sps  1643] ret_mean=125.000 ep_len=500.0 pi_loss=-0.015 v_loss=3.112 ent=1.972 kl=0.0086
[upd  272 | steps  139264 | t   84.6s | sps  1646] ret_mean=118.500 ep_len=500.0 pi_loss=-0.014 v_loss=1.875 ent=2.206 kl=0.0170
[upd  273 | steps  139776 | t   84.8s | sps  1649] ret_mean=0.000 ep_len=500.0 pi_loss=-0.017 v_loss=4.186 ent=2.039 kl=0.0041
[upd  274 | steps  140288 | t   84.9s | sps  1652] ret_mean=207.000 ep_len=500.0 pi_loss=-0.007 v_loss=11.799 ent=1.238 kl=0.0163
[upd  275 | steps  140800 | t   85.1s | sps  1655] ret_mean=198.500 ep_len=500.0 pi_loss=-0.006 v_loss=7.092 ent=1.422 kl=0.0086
        [eval] ret_mean=29.150 ep_len=500.0
[upd  276 | steps  141312 | t   89.4s | sps  1580] ret_mean=89.500 ep_len=500.0 pi_loss=-0.014 v_loss=3.671 ent=2.081 kl=0.0140
[upd  277 | steps  141824 | t   89.6s | sps  1583] ret_mean=168.500 ep_len=500.0 pi_loss=-0.006 v_loss=8.387 ent=1.365 kl=0.0000
[upd  278 | steps  142336 | t   89.8s | sps  1586] ret_mean=39.500 ep_len=500.0 pi_loss=-0.009 v_loss=3.142 ent=2.260 kl=0.0112
[upd  279 | steps  142848 | t   89.9s | sps  1588] ret_mean=58.000 ep_len=500.0 pi_loss=-0.013 v_loss=3.825 ent=2.404 kl=0.0040
[upd  280 | steps  143360 | t   90.1s | sps  1591] ret_mean=76.500 ep_len=500.0 pi_loss=-0.013 v_loss=3.420 ent=2.001 kl=0.0097
[upd  281 | steps  143872 | t   90.3s | sps  1593] ret_mean=106.000 ep_len=500.0 pi_loss=-0.014 v_loss=3.788 ent=2.273 kl=0.0062
[upd  282 | steps  144384 | t   90.5s | sps  1596] ret_mean=95.000 ep_len=500.0 pi_loss=-0.013 v_loss=3.292 ent=2.187 kl=0.0071
[upd  283 | steps  144896 | t   90.7s | sps  1598] ret_mean=0.000 ep_len=500.0 pi_loss=-0.012 v_loss=0.621 ent=2.370 kl=0.0151
[upd  284 | steps  145408 | t   90.8s | sps  1601] ret_mean=197.000 ep_len=500.0 pi_loss=-0.015 v_loss=10.907 ent=1.523 kl=0.0120
[upd  285 | steps  145920 | t   91.0s | sps  1604] ret_mean=48.500 ep_len=500.0 pi_loss=-0.012 v_loss=4.781 ent=2.228 kl=0.0060
[upd  286 | steps  146432 | t   91.2s | sps  1606] ret_mean=149.000 ep_len=500.0 pi_loss=-0.017 v_loss=9.091 ent=2.024 kl=0.0075
[upd  287 | steps  146944 | t   91.3s | sps  1609] ret_mean=96.500 ep_len=500.0 pi_loss=-0.016 v_loss=5.025 ent=2.206 kl=0.0052
[upd  288 | steps  147456 | t   91.5s | sps  1611] ret_mean=107.500 ep_len=500.0 pi_loss=-0.011 v_loss=7.201 ent=1.976 kl=0.0077
[upd  289 | steps  147968 | t   91.7s | sps  1614] ret_mean=210.000 ep_len=500.0 pi_loss=-0.010 v_loss=9.715 ent=2.008 kl=0.0063
[upd  290 | steps  148480 | t   91.8s | sps  1617] ret_mean=61.500 ep_len=500.0 pi_loss=-0.018 v_loss=4.183 ent=2.370 kl=0.0143
[upd  291 | steps  148992 | t   92.1s | sps  1618] ret_mean=183.500 ep_len=500.0 pi_loss=-0.014 v_loss=12.886 ent=1.439 kl=0.0029
[upd  292 | steps  149504 | t   92.3s | sps  1620] ret_mean=233.000 ep_len=500.0 pi_loss=-0.006 v_loss=9.482 ent=1.892 kl=0.0085
[upd  293 | steps  150016 | t   92.5s | sps  1622] ret_mean=0.500 ep_len=500.0 pi_loss=-0.017 v_loss=1.276 ent=2.462 kl=0.0152
[upd  294 | steps  150528 | t   92.7s | sps  1624] ret_mean=102.500 ep_len=500.0 pi_loss=-0.012 v_loss=2.401 ent=2.099 kl=0.0044
[upd  295 | steps  151040 | t   92.9s | sps  1626] ret_mean=165.500 ep_len=500.0 pi_loss=-0.008 v_loss=8.278 ent=1.937 kl=0.0034
[upd  296 | steps  151552 | t   93.1s | sps  1628] ret_mean=42.500 ep_len=500.0 pi_loss=-0.010 v_loss=7.134 ent=1.746 kl=0.0087
[upd  297 | steps  152064 | t   93.3s | sps  1630] ret_mean=188.000 ep_len=500.0 pi_loss=-0.011 v_loss=5.914 ent=1.627 kl=0.0139
[upd  298 | steps  152576 | t   93.5s | sps  1631] ret_mean=161.500 ep_len=500.0 pi_loss=-0.011 v_loss=7.076 ent=1.888 kl=0.0076
[upd  299 | steps  153088 | t   93.8s | sps  1632] ret_mean=176.500 ep_len=500.0 pi_loss=-0.010 v_loss=8.586 ent=1.966 kl=0.0055
[upd  300 | steps  153600 | t   94.0s | sps  1634] ret_mean=14.000 ep_len=500.0 pi_loss=-0.012 v_loss=5.534 ent=2.264 kl=0.0099
        [eval] ret_mean=45.567 ep_len=500.0
[upd  301 | steps  154112 | t   98.4s | sps  1566] ret_mean=128.500 ep_len=500.0 pi_loss=-0.017 v_loss=3.506 ent=2.085 kl=0.0078
[upd  302 | steps  154624 | t   98.6s | sps  1568] ret_mean=0.000 ep_len=500.0 pi_loss=-0.012 v_loss=1.393 ent=2.679 kl=0.0093
[upd  303 | steps  155136 | t   98.8s | sps  1571] ret_mean=187.500 ep_len=500.0 pi_loss=-0.011 v_loss=11.008 ent=1.868 kl=0.0102
[upd  304 | steps  155648 | t   98.9s | sps  1573] ret_mean=110.000 ep_len=500.0 pi_loss=-0.013 v_loss=5.094 ent=2.236 kl=0.0134
[upd  305 | steps  156160 | t   99.1s | sps  1576] ret_mean=123.500 ep_len=500.0 pi_loss=-0.014 v_loss=3.589 ent=2.185 kl=0.0110
[upd  306 | steps  156672 | t   99.3s | sps  1578] ret_mean=178.500 ep_len=500.0 pi_loss=-0.017 v_loss=9.528 ent=1.899 kl=0.0045
[upd  307 | steps  157184 | t   99.6s | sps  1579] ret_mean=112.500 ep_len=500.0 pi_loss=-0.014 v_loss=4.054 ent=2.266 kl=0.0079
[upd  308 | steps  157696 | t   99.8s | sps  1581] ret_mean=233.000 ep_len=500.0 pi_loss=-0.016 v_loss=9.844 ent=1.749 kl=0.0180
[upd  309 | steps  158208 | t  100.0s | sps  1582] ret_mean=118.500 ep_len=500.0 pi_loss=-0.012 v_loss=3.537 ent=2.428 kl=0.0139
[upd  310 | steps  158720 | t  100.2s | sps  1584] ret_mean=177.500 ep_len=500.0 pi_loss=-0.012 v_loss=10.191 ent=1.579 kl=0.0084
[upd  311 | steps  159232 | t  100.4s | sps  1586] ret_mean=180.000 ep_len=500.0 pi_loss=-0.010 v_loss=5.618 ent=2.017 kl=0.0112
[upd  312 | steps  159744 | t  100.7s | sps  1587] ret_mean=112.000 ep_len=500.0 pi_loss=-0.013 v_loss=3.424 ent=2.287 kl=0.0106
[upd  313 | steps  160256 | t  100.8s | sps  1589] ret_mean=106.500 ep_len=500.0 pi_loss=-0.014 v_loss=3.197 ent=2.262 kl=0.0098
[upd  314 | steps  160768 | t  101.0s | sps  1592] ret_mean=121.500 ep_len=500.0 pi_loss=-0.012 v_loss=4.540 ent=2.405 kl=0.0134
[upd  315 | steps  161280 | t  101.2s | sps  1594] ret_mean=124.000 ep_len=500.0 pi_loss=-0.013 v_loss=10.996 ent=1.928 kl=0.0062
[upd  316 | steps  161792 | t  101.3s | sps  1597] ret_mean=121.000 ep_len=500.0 pi_loss=-0.011 v_loss=3.879 ent=1.936 kl=0.0066
[upd  317 | steps  162304 | t  101.5s | sps  1599] ret_mean=118.500 ep_len=500.0 pi_loss=-0.014 v_loss=4.200 ent=2.300 kl=0.0058
[upd  318 | steps  162816 | t  101.7s | sps  1601] ret_mean=66.000 ep_len=500.0 pi_loss=-0.012 v_loss=6.132 ent=2.166 kl=0.0104
[upd  319 | steps  163328 | t  101.9s | sps  1603] ret_mean=216.000 ep_len=500.0 pi_loss=-0.015 v_loss=8.596 ent=2.130 kl=0.0065
[upd  320 | steps  163840 | t  102.1s | sps  1605] ret_mean=0.000 ep_len=500.0 pi_loss=-0.013 v_loss=1.927 ent=2.508 kl=0.0099
[upd  321 | steps  164352 | t  102.2s | sps  1608] ret_mean=124.500 ep_len=500.0 pi_loss=-0.005 v_loss=4.800 ent=1.973 kl=-0.0060
[upd  322 | steps  164864 | t  102.4s | sps  1610] ret_mean=177.500 ep_len=500.0 pi_loss=-0.009 v_loss=8.965 ent=2.068 kl=0.0077
[upd  323 | steps  165376 | t  102.6s | sps  1612] ret_mean=0.000 ep_len=500.0 pi_loss=-0.012 v_loss=4.071 ent=2.472 kl=0.0094
[upd  324 | steps  165888 | t  102.8s | sps  1614] ret_mean=152.500 ep_len=500.0 pi_loss=-0.016 v_loss=10.857 ent=1.784 kl=0.0143
[upd  325 | steps  166400 | t  102.9s | sps  1617] ret_mean=186.500 ep_len=500.0 pi_loss=-0.011 v_loss=8.652 ent=2.007 kl=0.0073
        [eval] ret_mean=24.683 ep_len=500.0
[upd  326 | steps  166912 | t  106.9s | sps  1561] ret_mean=117.500 ep_len=500.0 pi_loss=-0.011 v_loss=5.465 ent=2.003 kl=0.0161
[upd  327 | steps  167424 | t  107.1s | sps  1564] ret_mean=115.500 ep_len=500.0 pi_loss=-0.015 v_loss=4.863 ent=2.259 kl=0.0192
[upd  328 | steps  167936 | t  107.3s | sps  1566] ret_mean=0.000 ep_len=500.0 pi_loss=-0.017 v_loss=4.135 ent=2.475 kl=0.0058
[upd  329 | steps  168448 | t  107.4s | sps  1568] ret_mean=192.000 ep_len=500.0 pi_loss=-0.009 v_loss=10.158 ent=1.921 kl=0.0098
[upd  330 | steps  168960 | t  107.6s | sps  1571] ret_mean=78.500 ep_len=500.0 pi_loss=-0.013 v_loss=4.047 ent=2.143 kl=0.0173
[upd  331 | steps  169472 | t  107.7s | sps  1573] ret_mean=84.500 ep_len=500.0 pi_loss=-0.012 v_loss=5.913 ent=2.009 kl=0.0078
[upd  332 | steps  169984 | t  107.9s | sps  1575] ret_mean=121.500 ep_len=500.0 pi_loss=-0.018 v_loss=3.714 ent=2.071 kl=0.0009
[upd  333 | steps  170496 | t  108.1s | sps  1578] ret_mean=120.500 ep_len=500.0 pi_loss=-0.015 v_loss=5.121 ent=2.000 kl=0.0089
[upd  334 | steps  171008 | t  108.2s | sps  1580] ret_mean=62.500 ep_len=500.0 pi_loss=-0.015 v_loss=5.985 ent=2.092 kl=0.0152
[upd  335 | steps  171520 | t  108.4s | sps  1583] ret_mean=81.000 ep_len=500.0 pi_loss=-0.009 v_loss=4.494 ent=2.135 kl=0.0038
[upd  336 | steps  172032 | t  108.5s | sps  1585] ret_mean=14.000 ep_len=500.0 pi_loss=-0.014 v_loss=6.344 ent=2.085 kl=0.0020
[upd  337 | steps  172544 | t  108.7s | sps  1587] ret_mean=47.500 ep_len=500.0 pi_loss=-0.013 v_loss=6.968 ent=2.101 kl=0.0024
[upd  338 | steps  173056 | t  108.9s | sps  1590] ret_mean=75.000 ep_len=500.0 pi_loss=-0.008 v_loss=3.993 ent=2.029 kl=0.0064
[upd  339 | steps  173568 | t  109.0s | sps  1592] ret_mean=24.500 ep_len=500.0 pi_loss=-0.015 v_loss=3.590 ent=2.231 kl=0.0113
[upd  340 | steps  174080 | t  109.2s | sps  1594] ret_mean=54.000 ep_len=500.0 pi_loss=-0.008 v_loss=7.720 ent=2.071 kl=0.0037
[upd  341 | steps  174592 | t  109.4s | sps  1597] ret_mean=174.000 ep_len=500.0 pi_loss=-0.018 v_loss=8.089 ent=1.910 kl=0.0164
[upd  342 | steps  175104 | t  109.5s | sps  1599] ret_mean=98.000 ep_len=500.0 pi_loss=-0.009 v_loss=3.418 ent=1.918 kl=0.0137
[upd  343 | steps  175616 | t  109.7s | sps  1601] ret_mean=115.000 ep_len=500.0 pi_loss=-0.018 v_loss=4.481 ent=2.145 kl=0.0145
[upd  344 | steps  176128 | t  109.8s | sps  1604] ret_mean=57.000 ep_len=500.0 pi_loss=-0.009 v_loss=8.242 ent=1.896 kl=0.0069
[upd  345 | steps  176640 | t  110.0s | sps  1606] ret_mean=239.500 ep_len=500.0 pi_loss=-0.012 v_loss=9.064 ent=1.711 kl=0.0177
[upd  346 | steps  177152 | t  110.1s | sps  1608] ret_mean=203.500 ep_len=500.0 pi_loss=-0.005 v_loss=9.682 ent=1.962 kl=0.0061
[upd  347 | steps  177664 | t  110.3s | sps  1611] ret_mean=96.500 ep_len=500.0 pi_loss=-0.021 v_loss=7.171 ent=1.833 kl=0.0118
[upd  348 | steps  178176 | t  110.5s | sps  1613] ret_mean=194.500 ep_len=500.0 pi_loss=-0.011 v_loss=11.301 ent=1.735 kl=0.0155
[upd  349 | steps  178688 | t  110.6s | sps  1615] ret_mean=198.500 ep_len=500.0 pi_loss=-0.011 v_loss=9.702 ent=1.985 kl=0.0044
[upd  350 | steps  179200 | t  110.8s | sps  1618] ret_mean=171.000 ep_len=500.0 pi_loss=-0.011 v_loss=10.178 ent=1.901 kl=0.0167
        [eval] ret_mean=53.800 ep_len=500.0
[upd  351 | steps  179712 | t  114.8s | sps  1565] ret_mean=109.000 ep_len=500.0 pi_loss=-0.011 v_loss=4.659 ent=1.866 kl=0.0012
[upd  352 | steps  180224 | t  115.0s | sps  1568] ret_mean=82.500 ep_len=500.0 pi_loss=-0.016 v_loss=4.867 ent=2.540 kl=0.0005
[upd  353 | steps  180736 | t  115.1s | sps  1570] ret_mean=124.500 ep_len=500.0 pi_loss=-0.011 v_loss=3.046 ent=2.261 kl=0.0087
[upd  354 | steps  181248 | t  115.3s | sps  1572] ret_mean=75.500 ep_len=500.0 pi_loss=-0.012 v_loss=6.607 ent=2.170 kl=0.0066
[upd  355 | steps  181760 | t  115.5s | sps  1574] ret_mean=42.000 ep_len=500.0 pi_loss=-0.013 v_loss=4.506 ent=2.462 kl=0.0057
[upd  356 | steps  182272 | t  115.6s | sps  1577] ret_mean=178.500 ep_len=500.0 pi_loss=-0.012 v_loss=12.763 ent=1.867 kl=0.0191
[upd  357 | steps  182784 | t  115.8s | sps  1579] ret_mean=226.500 ep_len=500.0 pi_loss=-0.016 v_loss=9.873 ent=1.958 kl=0.0113
[upd  358 | steps  183296 | t  115.9s | sps  1581] ret_mean=112.000 ep_len=500.0 pi_loss=-0.013 v_loss=4.300 ent=2.238 kl=-0.0002
[upd  359 | steps  183808 | t  116.1s | sps  1583] ret_mean=190.000 ep_len=500.0 pi_loss=-0.016 v_loss=9.528 ent=2.026 kl=-0.0017
[upd  360 | steps  184320 | t  116.3s | sps  1586] ret_mean=134.000 ep_len=500.0 pi_loss=-0.010 v_loss=8.248 ent=2.025 kl=-0.0009
[upd  361 | steps  184832 | t  116.4s | sps  1588] ret_mean=102.500 ep_len=500.0 pi_loss=-0.009 v_loss=4.054 ent=2.271 kl=0.0092
[upd  362 | steps  185344 | t  116.6s | sps  1590] ret_mean=56.000 ep_len=500.0 pi_loss=-0.016 v_loss=5.202 ent=2.382 kl=-0.0004
[upd  363 | steps  185856 | t  116.7s | sps  1592] ret_mean=187.000 ep_len=500.0 pi_loss=-0.007 v_loss=10.957 ent=1.985 kl=0.0012
[upd  364 | steps  186368 | t  116.9s | sps  1594] ret_mean=141.500 ep_len=500.0 pi_loss=-0.013 v_loss=10.634 ent=2.491 kl=0.0126
[upd  365 | steps  186880 | t  117.1s | sps  1596] ret_mean=47.500 ep_len=500.0 pi_loss=-0.011 v_loss=6.408 ent=2.425 kl=-0.0010
[upd  366 | steps  187392 | t  117.2s | sps  1598] ret_mean=197.000 ep_len=500.0 pi_loss=-0.010 v_loss=9.441 ent=2.080 kl=0.0096
[upd  367 | steps  187904 | t  117.4s | sps  1600] ret_mean=69.000 ep_len=500.0 pi_loss=-0.016 v_loss=7.569 ent=2.117 kl=0.0057
[upd  368 | steps  188416 | t  117.6s | sps  1602] ret_mean=192.500 ep_len=500.0 pi_loss=-0.015 v_loss=11.996 ent=2.107 kl=0.0052
[upd  369 | steps  188928 | t  117.7s | sps  1604] ret_mean=93.500 ep_len=500.0 pi_loss=-0.017 v_loss=5.005 ent=2.165 kl=0.0021
[upd  370 | steps  189440 | t  117.9s | sps  1607] ret_mean=159.000 ep_len=500.0 pi_loss=-0.011 v_loss=10.414 ent=2.074 kl=0.0073
[upd  371 | steps  189952 | t  118.1s | sps  1609] ret_mean=225.000 ep_len=500.0 pi_loss=-0.009 v_loss=10.135 ent=2.009 kl=0.0154
[upd  372 | steps  190464 | t  118.2s | sps  1611] ret_mean=115.000 ep_len=500.0 pi_loss=-0.013 v_loss=5.115 ent=2.181 kl=0.0200
[upd  373 | steps  190976 | t  118.4s | sps  1613] ret_mean=117.500 ep_len=500.0 pi_loss=-0.011 v_loss=6.058 ent=2.451 kl=0.0165
[upd  374 | steps  191488 | t  118.6s | sps  1615] ret_mean=122.000 ep_len=500.0 pi_loss=-0.012 v_loss=5.386 ent=2.295 kl=0.0075
[upd  375 | steps  192000 | t  118.7s | sps  1617] ret_mean=118.500 ep_len=500.0 pi_loss=-0.006 v_loss=7.769 ent=2.149 kl=0.0012
        [eval] ret_mean=37.300 ep_len=500.0
[upd  376 | steps  192512 | t  122.8s | sps  1568] ret_mean=118.500 ep_len=500.0 pi_loss=-0.007 v_loss=5.424 ent=2.478 kl=0.0178
[upd  377 | steps  193024 | t  123.0s | sps  1570] ret_mean=161.000 ep_len=500.0 pi_loss=-0.010 v_loss=9.056 ent=2.202 kl=0.0038
[upd  378 | steps  193536 | t  123.1s | sps  1572] ret_mean=168.500 ep_len=500.0 pi_loss=-0.012 v_loss=11.015 ent=2.112 kl=0.0084
[upd  379 | steps  194048 | t  123.3s | sps  1574] ret_mean=117.000 ep_len=500.0 pi_loss=-0.014 v_loss=5.009 ent=2.287 kl=0.0027
[upd  380 | steps  194560 | t  123.5s | sps  1576] ret_mean=125.000 ep_len=500.0 pi_loss=-0.010 v_loss=4.839 ent=2.243 kl=0.0083
[upd  381 | steps  195072 | t  123.6s | sps  1578] ret_mean=136.000 ep_len=500.0 pi_loss=-0.004 v_loss=9.013 ent=2.174 kl=0.0097
[upd  382 | steps  195584 | t  123.8s | sps  1580] ret_mean=205.000 ep_len=500.0 pi_loss=-0.014 v_loss=11.110 ent=1.995 kl=0.0068
[upd  383 | steps  196096 | t  123.9s | sps  1582] ret_mean=165.000 ep_len=500.0 pi_loss=-0.020 v_loss=6.794 ent=1.983 kl=0.0219
[upd  384 | steps  196608 | t  124.1s | sps  1584] ret_mean=202.000 ep_len=500.0 pi_loss=-0.009 v_loss=8.999 ent=1.996 kl=0.0001
[upd  385 | steps  197120 | t  124.2s | sps  1587] ret_mean=177.500 ep_len=500.0 pi_loss=-0.017 v_loss=8.228 ent=2.015 kl=0.0019
[upd  386 | steps  197632 | t  124.4s | sps  1589] ret_mean=169.000 ep_len=500.0 pi_loss=-0.011 v_loss=10.787 ent=2.143 kl=0.0210
[upd  387 | steps  198144 | t  124.6s | sps  1590] ret_mean=212.000 ep_len=500.0 pi_loss=-0.012 v_loss=11.019 ent=1.946 kl=0.0124
[upd  388 | steps  198656 | t  124.8s | sps  1591] ret_mean=179.000 ep_len=500.0 pi_loss=-0.011 v_loss=11.675 ent=2.085 kl=0.0123
[upd  389 | steps  199168 | t  125.1s | sps  1593] ret_mean=162.000 ep_len=500.0 pi_loss=-0.015 v_loss=7.273 ent=2.206 kl=0.0061
[upd  390 | steps  199680 | t  125.3s | sps  1594] ret_mean=121.500 ep_len=500.0 pi_loss=-0.015 v_loss=4.896 ent=2.454 kl=0.0094
[upd  391 | steps  200192 | t  125.5s | sps  1596] ret_mean=164.500 ep_len=500.0 pi_loss=-0.010 v_loss=11.458 ent=2.002 kl=0.0008
[upd  392 | steps  200704 | t  125.6s | sps  1598] ret_mean=208.000 ep_len=500.0 pi_loss=-0.008 v_loss=12.022 ent=2.191 kl=0.0082
[upd  393 | steps  201216 | t  125.8s | sps  1599] ret_mean=53.500 ep_len=500.0 pi_loss=-0.017 v_loss=10.777 ent=2.266 kl=0.0165
[upd  394 | steps  201728 | t  126.0s | sps  1601] ret_mean=191.000 ep_len=500.0 pi_loss=-0.014 v_loss=11.917 ent=1.821 kl=0.0105
[upd  395 | steps  202240 | t  126.1s | sps  1603] ret_mean=236.000 ep_len=500.0 pi_loss=-0.012 v_loss=13.215 ent=1.735 kl=0.0084
[upd  396 | steps  202752 | t  126.3s | sps  1605] ret_mean=245.500 ep_len=500.0 pi_loss=-0.014 v_loss=10.459 ent=1.967 kl=0.0130
[upd  397 | steps  203264 | t  126.4s | sps  1608] ret_mean=155.500 ep_len=500.0 pi_loss=-0.008 v_loss=12.228 ent=2.018 kl=0.0039
[upd  398 | steps  203776 | t  126.6s | sps  1609] ret_mean=225.500 ep_len=500.0 pi_loss=-0.013 v_loss=12.638 ent=1.910 kl=0.0105
[upd  399 | steps  204288 | t  126.9s | sps  1610] ret_mean=216.000 ep_len=500.0 pi_loss=-0.007 v_loss=10.634 ent=2.267 kl=-0.0036
[upd  400 | steps  204800 | t  127.1s | sps  1612] ret_mean=115.000 ep_len=500.0 pi_loss=-0.015 v_loss=7.636 ent=2.144 kl=-0.0027
        [eval] ret_mean=45.500 ep_len=500.0
