$ /Users/praneelkhiantani/Downloads/cs2860/.venv/bin/python3 -m policies.train --env rware-medium-2ag-easy-v2 --seed 3 --updates 200 --rollout 512 --eval-every 50 --eval-episodes 10 --log-dir matrix_results/intent_grounded_v1_pilot/rware-medium-2ag-easy-v2 --run-name mappo-no-comm__dropout-only__d0__s3 --n-msg-tokens 8 --no-comm --dropout --dropout-agent 0 --dropout-time 100 --shape-rewards --pickup-bonus 0.5

[env] EnvSpec(env_id='rware-medium-2ag-easy-v2', n_agents=2, obs_dim=71, n_env_actions=5, noop_action=0, family='rware')  (n_msg_tokens=1)
[cfg] {'clip_range': 0.2, 'value_clip_range': 0.2, 'entropy_coef': 0.01, 'value_coef': 0.5, 'max_grad_norm': 0.5, 'gamma': 0.99, 'gae_lambda': 0.95, 'lr_actor': 0.0003, 'lr_critic': 0.001, 'update_epochs': 4, 'minibatches': 4, 'hidden': 128, 'depth': 2, 'device': 'cpu', 'message_grounding_coef': 0.0, 'extra': {}}
[log] writing to matrix_results/intent_grounded_v1_pilot/rware-medium-2ag-easy-v2/mappo-no-comm__dropout-only__d0__s3
[upd    1 | steps     512 | t    1.5s | sps   339] ret_mean=0.000 ep_len=500.0 pi_loss=-0.014 v_loss=0.076 ent=1.603 msg_acc=0.000 kl=0.0025
[upd    2 | steps    1024 | t    2.4s | sps   421] ret_mean=1.000 ep_len=500.0 pi_loss=-0.005 v_loss=0.025 ent=1.598 msg_acc=0.000 kl=-0.0020
[upd    3 | steps    1536 | t    3.3s | sps   460] ret_mean=0.000 ep_len=500.0 pi_loss=-0.008 v_loss=0.015 ent=1.561 msg_acc=0.000 kl=0.0045
[upd    4 | steps    2048 | t    4.1s | sps   505] ret_mean=0.000 ep_len=500.0 pi_loss=-0.007 v_loss=0.016 ent=1.536 msg_acc=0.000 kl=0.0176
[upd    5 | steps    2560 | t    5.0s | sps   509] ret_mean=0.000 ep_len=500.0 pi_loss=-0.008 v_loss=0.010 ent=1.518 msg_acc=0.000 kl=0.0081
[upd    6 | steps    3072 | t    5.8s | sps   529] ret_mean=0.500 ep_len=500.0 pi_loss=-0.001 v_loss=0.006 ent=1.558 msg_acc=0.000 kl=0.0004
[upd    7 | steps    3584 | t    6.8s | sps   529] ret_mean=0.000 ep_len=500.0 pi_loss=-0.000 v_loss=0.006 ent=1.546 msg_acc=0.000 kl=0.0004
[upd    8 | steps    4096 | t    7.6s | sps   538] ret_mean=0.000 ep_len=500.0 pi_loss=-0.002 v_loss=0.002 ent=1.555 msg_acc=0.000 kl=0.0007
[upd    9 | steps    4608 | t    8.3s | sps   556] ret_mean=0.000 ep_len=500.0 pi_loss=-0.001 v_loss=0.003 ent=1.481 msg_acc=0.000 kl=0.0090
[upd   10 | steps    5120 | t    9.0s | sps   570] ret_mean=0.000 ep_len=500.0 pi_loss=-0.009 v_loss=0.005 ent=1.499 msg_acc=0.000 kl=0.0017
[upd   11 | steps    5632 | t    9.7s | sps   581] ret_mean=1.000 ep_len=500.0 pi_loss=-0.010 v_loss=0.006 ent=1.214 msg_acc=0.000 kl=0.0039
[upd   12 | steps    6144 | t   10.4s | sps   590] ret_mean=0.000 ep_len=500.0 pi_loss=-0.003 v_loss=0.003 ent=1.229 msg_acc=0.000 kl=0.0045
[upd   13 | steps    6656 | t   11.1s | sps   597] ret_mean=0.000 ep_len=500.0 pi_loss=-0.003 v_loss=0.003 ent=1.333 msg_acc=0.000 kl=-0.0005
[upd   14 | steps    7168 | t   12.2s | sps   589] ret_mean=0.000 ep_len=500.0 pi_loss=-0.006 v_loss=0.002 ent=1.449 msg_acc=0.000 kl=0.0040
[upd   15 | steps    7680 | t   13.1s | sps   587] ret_mean=0.000 ep_len=500.0 pi_loss=-0.002 v_loss=0.005 ent=1.390 msg_acc=0.000 kl=0.0013
[upd   16 | steps    8192 | t   13.9s | sps   587] ret_mean=0.000 ep_len=500.0 pi_loss=-0.005 v_loss=0.009 ent=1.457 msg_acc=0.000 kl=0.0083
[upd   17 | steps    8704 | t   15.0s | sps   579] ret_mean=2.000 ep_len=500.0 pi_loss=-0.008 v_loss=0.001 ent=1.536 msg_acc=0.000 kl=0.0001
[upd   18 | steps    9216 | t   16.2s | sps   571] ret_mean=0.000 ep_len=500.0 pi_loss=-0.002 v_loss=0.001 ent=1.551 msg_acc=0.000 kl=0.0012
[upd   19 | steps    9728 | t   17.4s | sps   560] ret_mean=0.000 ep_len=500.0 pi_loss=-0.004 v_loss=0.001 ent=1.585 msg_acc=0.000 kl=-0.0015
[upd   20 | steps   10240 | t   18.2s | sps   563] ret_mean=0.000 ep_len=500.0 pi_loss=-0.014 v_loss=0.011 ent=1.590 msg_acc=0.000 kl=0.0004
[upd   21 | steps   10752 | t   18.9s | sps   568] ret_mean=0.500 ep_len=500.0 pi_loss=-0.009 v_loss=0.001 ent=1.574 msg_acc=0.000 kl=0.0063
[upd   22 | steps   11264 | t   19.7s | sps   573] ret_mean=0.000 ep_len=500.0 pi_loss=-0.005 v_loss=0.003 ent=1.474 msg_acc=0.000 kl=0.0074
[upd   23 | steps   11776 | t   20.4s | sps   577] ret_mean=0.000 ep_len=500.0 pi_loss=-0.003 v_loss=0.001 ent=1.515 msg_acc=0.000 kl=-0.0008
[upd   24 | steps   12288 | t   21.1s | sps   581] ret_mean=0.000 ep_len=500.0 pi_loss=-0.002 v_loss=0.002 ent=1.535 msg_acc=0.000 kl=0.0021
[upd   25 | steps   12800 | t   22.2s | sps   576] ret_mean=0.000 ep_len=500.0 pi_loss=-0.002 v_loss=0.008 ent=1.449 msg_acc=0.000 kl=0.0069
[upd   26 | steps   13312 | t   22.9s | sps   580] ret_mean=0.000 ep_len=500.0 pi_loss=-0.006 v_loss=0.006 ent=1.401 msg_acc=0.000 kl=0.0041
[upd   27 | steps   13824 | t   23.7s | sps   584] ret_mean=0.000 ep_len=500.0 pi_loss=-0.011 v_loss=0.002 ent=1.483 msg_acc=0.000 kl=-0.0055
[upd   28 | steps   14336 | t   24.4s | sps   587] ret_mean=0.000 ep_len=500.0 pi_loss=-0.007 v_loss=0.001 ent=1.545 msg_acc=0.000 kl=-0.0003
[upd   29 | steps   14848 | t   25.3s | sps   587] ret_mean=0.000 ep_len=500.0 pi_loss=-0.003 v_loss=0.001 ent=1.499 msg_acc=0.000 kl=0.0041
[upd   30 | steps   15360 | t   26.0s | sps   590] ret_mean=0.000 ep_len=500.0 pi_loss=-0.004 v_loss=0.001 ent=1.470 msg_acc=0.000 kl=0.0019
[upd   31 | steps   15872 | t   26.9s | sps   591] ret_mean=0.000 ep_len=500.0 pi_loss=-0.009 v_loss=0.001 ent=1.541 msg_acc=0.000 kl=0.0023
[upd   32 | steps   16384 | t   27.6s | sps   593] ret_mean=0.000 ep_len=500.0 pi_loss=-0.004 v_loss=0.001 ent=1.392 msg_acc=0.000 kl=0.0005
[upd   33 | steps   16896 | t   28.4s | sps   596] ret_mean=0.000 ep_len=500.0 pi_loss=-0.002 v_loss=0.001 ent=1.461 msg_acc=0.000 kl=0.0021
[upd   34 | steps   17408 | t   29.1s | sps   598] ret_mean=0.000 ep_len=500.0 pi_loss=-0.010 v_loss=0.001 ent=1.524 msg_acc=0.000 kl=0.0044
[upd   35 | steps   17920 | t   29.9s | sps   600] ret_mean=0.000 ep_len=500.0 pi_loss=-0.009 v_loss=0.001 ent=1.430 msg_acc=0.000 kl=0.0062
[upd   36 | steps   18432 | t   30.7s | sps   601] ret_mean=0.000 ep_len=500.0 pi_loss=-0.002 v_loss=0.001 ent=1.522 msg_acc=0.000 kl=0.0023
[upd   37 | steps   18944 | t   31.5s | sps   601] ret_mean=0.000 ep_len=500.0 pi_loss=-0.005 v_loss=0.001 ent=1.394 msg_acc=0.000 kl=0.0046
[upd   38 | steps   19456 | t   32.5s | sps   600] ret_mean=0.000 ep_len=500.0 pi_loss=-0.005 v_loss=0.000 ent=1.490 msg_acc=0.000 kl=0.0039
[upd   39 | steps   19968 | t   33.3s | sps   600] ret_mean=0.000 ep_len=500.0 pi_loss=-0.005 v_loss=0.000 ent=1.531 msg_acc=0.000 kl=0.0058
[upd   40 | steps   20480 | t   34.1s | sps   601] ret_mean=0.000 ep_len=500.0 pi_loss=-0.007 v_loss=0.001 ent=1.312 msg_acc=0.000 kl=0.0048
[upd   41 | steps   20992 | t   34.8s | sps   603] ret_mean=0.000 ep_len=500.0 pi_loss=-0.008 v_loss=0.001 ent=1.426 msg_acc=0.000 kl=0.0060
[upd   42 | steps   21504 | t   35.5s | sps   606] ret_mean=0.250 ep_len=500.0 pi_loss=-0.005 v_loss=0.001 ent=1.442 msg_acc=0.000 kl=0.0062
[upd   43 | steps   22016 | t   36.5s | sps   603] ret_mean=0.000 ep_len=500.0 pi_loss=-0.005 v_loss=0.000 ent=1.457 msg_acc=0.000 kl=0.0079
[upd   44 | steps   22528 | t   37.3s | sps   605] ret_mean=0.000 ep_len=500.0 pi_loss=-0.010 v_loss=0.001 ent=1.364 msg_acc=0.000 kl=0.0193
[upd   45 | steps   23040 | t   38.0s | sps   606] ret_mean=0.000 ep_len=500.0 pi_loss=-0.005 v_loss=0.000 ent=1.370 msg_acc=0.000 kl=0.0087
[upd   46 | steps   23552 | t   38.7s | sps   608] ret_mean=0.000 ep_len=500.0 pi_loss=-0.005 v_loss=0.001 ent=1.476 msg_acc=0.000 kl=0.0015
[upd   47 | steps   24064 | t   39.4s | sps   610] ret_mean=0.000 ep_len=500.0 pi_loss=-0.009 v_loss=0.000 ent=1.462 msg_acc=0.000 kl=0.0106
[upd   48 | steps   24576 | t   40.2s | sps   611] ret_mean=0.000 ep_len=500.0 pi_loss=-0.009 v_loss=0.001 ent=1.444 msg_acc=0.000 kl=0.0047
[upd   49 | steps   25088 | t   41.1s | sps   610] ret_mean=0.000 ep_len=500.0 pi_loss=-0.006 v_loss=0.003 ent=1.458 msg_acc=0.000 kl=0.0035
[upd   50 | steps   25600 | t   41.9s | sps   611] ret_mean=0.500 ep_len=500.0 pi_loss=-0.001 v_loss=0.001 ent=1.431 msg_acc=0.000 kl=0.0004
        [eval] ret_mean=0.000 ep_len=500.0
[upd   51 | steps   26112 | t   48.2s | sps   541] ret_mean=0.000 ep_len=500.0 pi_loss=-0.003 v_loss=0.001 ent=1.360 msg_acc=0.000 kl=-0.0002
[upd   52 | steps   26624 | t   48.9s | sps   544] ret_mean=0.000 ep_len=500.0 pi_loss=-0.005 v_loss=0.000 ent=1.452 msg_acc=0.000 kl=-0.0017
[upd   53 | steps   27136 | t   49.6s | sps   547] ret_mean=0.000 ep_len=500.0 pi_loss=-0.007 v_loss=0.000 ent=1.313 msg_acc=0.000 kl=0.0165
[upd   54 | steps   27648 | t   50.4s | sps   549] ret_mean=0.000 ep_len=500.0 pi_loss=-0.010 v_loss=0.001 ent=1.340 msg_acc=0.000 kl=0.0057
[upd   55 | steps   28160 | t   51.1s | sps   551] ret_mean=0.000 ep_len=500.0 pi_loss=-0.004 v_loss=0.002 ent=1.374 msg_acc=0.000 kl=0.0045
[upd   56 | steps   28672 | t   52.0s | sps   551] ret_mean=0.500 ep_len=500.0 pi_loss=-0.003 v_loss=0.001 ent=1.341 msg_acc=0.000 kl=0.0122
[upd   57 | steps   29184 | t   53.0s | sps   551] ret_mean=0.000 ep_len=500.0 pi_loss=-0.003 v_loss=0.001 ent=1.325 msg_acc=0.000 kl=0.0002
[upd   58 | steps   29696 | t   54.1s | sps   549] ret_mean=0.000 ep_len=500.0 pi_loss=-0.005 v_loss=0.001 ent=1.394 msg_acc=0.000 kl=0.0067
[upd   59 | steps   30208 | t   55.0s | sps   550] ret_mean=0.000 ep_len=500.0 pi_loss=-0.004 v_loss=0.001 ent=1.459 msg_acc=0.000 kl=0.0053
[upd   60 | steps   30720 | t   57.3s | sps   536] ret_mean=0.000 ep_len=500.0 pi_loss=-0.011 v_loss=0.001 ent=1.475 msg_acc=0.000 kl=0.0061
[upd   61 | steps   31232 | t   58.6s | sps   533] ret_mean=0.000 ep_len=500.0 pi_loss=-0.007 v_loss=0.001 ent=1.581 msg_acc=0.000 kl=0.0033
[upd   62 | steps   31744 | t   60.2s | sps   527] ret_mean=0.000 ep_len=500.0 pi_loss=-0.010 v_loss=0.001 ent=1.460 msg_acc=0.000 kl=0.0070
[upd   63 | steps   32256 | t   61.2s | sps   527] ret_mean=0.000 ep_len=500.0 pi_loss=-0.008 v_loss=0.000 ent=1.483 msg_acc=0.000 kl=-0.0029
[upd   64 | steps   32768 | t   62.1s | sps   527] ret_mean=0.000 ep_len=500.0 pi_loss=-0.005 v_loss=0.001 ent=1.544 msg_acc=0.000 kl=0.0060
[upd   65 | steps   33280 | t   63.3s | sps   526] ret_mean=0.000 ep_len=500.0 pi_loss=-0.005 v_loss=0.000 ent=1.511 msg_acc=0.000 kl=0.0078
[upd   66 | steps   33792 | t   64.1s | sps   527] ret_mean=0.000 ep_len=500.0 pi_loss=-0.003 v_loss=0.000 ent=1.405 msg_acc=0.000 kl=-0.0013
[upd   67 | steps   34304 | t   64.9s | sps   529] ret_mean=0.000 ep_len=500.0 pi_loss=-0.005 v_loss=0.004 ent=1.456 msg_acc=0.000 kl=0.0083
[upd   68 | steps   34816 | t   65.6s | sps   531] ret_mean=0.500 ep_len=500.0 pi_loss=-0.004 v_loss=0.001 ent=1.561 msg_acc=0.000 kl=-0.0009
[upd   69 | steps   35328 | t   66.2s | sps   533] ret_mean=0.000 ep_len=500.0 pi_loss=-0.008 v_loss=0.001 ent=1.413 msg_acc=0.000 kl=0.0020
[upd   70 | steps   35840 | t   66.9s | sps   536] ret_mean=0.000 ep_len=500.0 pi_loss=-0.014 v_loss=0.002 ent=1.397 msg_acc=0.000 kl=0.0052
[upd   71 | steps   36352 | t   67.5s | sps   538] ret_mean=0.000 ep_len=500.0 pi_loss=-0.007 v_loss=0.001 ent=1.431 msg_acc=0.000 kl=0.0056
[upd   72 | steps   36864 | t   68.2s | sps   541] ret_mean=0.000 ep_len=500.0 pi_loss=-0.006 v_loss=0.001 ent=1.403 msg_acc=0.000 kl=0.0037
[upd   73 | steps   37376 | t   69.0s | sps   542] ret_mean=0.000 ep_len=500.0 pi_loss=-0.005 v_loss=0.002 ent=1.536 msg_acc=0.000 kl=0.0013
[upd   74 | steps   37888 | t   70.1s | sps   541] ret_mean=0.500 ep_len=500.0 pi_loss=-0.008 v_loss=0.000 ent=1.443 msg_acc=0.000 kl=0.0017
[upd   75 | steps   38400 | t   71.3s | sps   538] ret_mean=0.000 ep_len=500.0 pi_loss=-0.006 v_loss=0.001 ent=1.406 msg_acc=0.000 kl=0.0035
[upd   76 | steps   38912 | t   72.9s | sps   534] ret_mean=0.000 ep_len=500.0 pi_loss=-0.005 v_loss=0.007 ent=1.497 msg_acc=0.000 kl=0.0059
[upd   77 | steps   39424 | t   74.4s | sps   530] ret_mean=1.000 ep_len=500.0 pi_loss=-0.004 v_loss=0.001 ent=1.538 msg_acc=0.000 kl=0.0058
[upd   78 | steps   39936 | t   75.9s | sps   526] ret_mean=0.000 ep_len=500.0 pi_loss=0.000 v_loss=0.002 ent=1.432 msg_acc=0.000 kl=0.0043
[upd   79 | steps   40448 | t   77.6s | sps   521] ret_mean=0.500 ep_len=500.0 pi_loss=-0.007 v_loss=0.001 ent=1.496 msg_acc=0.000 kl=0.0063
[upd   80 | steps   40960 | t   79.4s | sps   516] ret_mean=0.000 ep_len=500.0 pi_loss=-0.007 v_loss=0.000 ent=1.421 msg_acc=0.000 kl=0.0039
[upd   81 | steps   41472 | t   81.0s | sps   512] ret_mean=0.000 ep_len=500.0 pi_loss=-0.007 v_loss=0.001 ent=1.410 msg_acc=0.000 kl=0.0028
[upd   82 | steps   41984 | t   83.2s | sps   504] ret_mean=0.000 ep_len=500.0 pi_loss=-0.005 v_loss=0.001 ent=1.468 msg_acc=0.000 kl=0.0009
[upd   83 | steps   42496 | t   84.9s | sps   501] ret_mean=0.000 ep_len=500.0 pi_loss=-0.008 v_loss=0.008 ent=1.351 msg_acc=0.000 kl=0.0079
[upd   84 | steps   43008 | t   86.7s | sps   496] ret_mean=2.000 ep_len=500.0 pi_loss=-0.006 v_loss=0.001 ent=1.466 msg_acc=0.000 kl=0.0076
[upd   85 | steps   43520 | t   88.5s | sps   492] ret_mean=0.000 ep_len=500.0 pi_loss=-0.009 v_loss=0.000 ent=1.497 msg_acc=0.000 kl=0.0044
[upd   86 | steps   44032 | t   90.3s | sps   488] ret_mean=0.000 ep_len=500.0 pi_loss=-0.003 v_loss=0.001 ent=1.361 msg_acc=0.000 kl=0.0088
[upd   87 | steps   44544 | t   91.9s | sps   485] ret_mean=0.000 ep_len=500.0 pi_loss=-0.005 v_loss=0.000 ent=1.355 msg_acc=0.000 kl=-0.0038
[upd   88 | steps   45056 | t   93.3s | sps   483] ret_mean=0.000 ep_len=500.0 pi_loss=-0.009 v_loss=0.000 ent=1.448 msg_acc=0.000 kl=0.0046
[upd   89 | steps   45568 | t   95.0s | sps   480] ret_mean=0.000 ep_len=500.0 pi_loss=-0.007 v_loss=0.000 ent=1.316 msg_acc=0.000 kl=0.0060
[upd   90 | steps   46080 | t   97.0s | sps   475] ret_mean=0.000 ep_len=500.0 pi_loss=-0.005 v_loss=0.000 ent=1.338 msg_acc=0.000 kl=0.0058
[upd   91 | steps   46592 | t   99.5s | sps   468] ret_mean=0.000 ep_len=500.0 pi_loss=-0.006 v_loss=0.001 ent=1.494 msg_acc=0.000 kl=0.0045
[upd   92 | steps   47104 | t  101.1s | sps   466] ret_mean=0.000 ep_len=500.0 pi_loss=-0.003 v_loss=0.000 ent=1.350 msg_acc=0.000 kl=-0.0015
[upd   93 | steps   47616 | t  102.6s | sps   464] ret_mean=0.000 ep_len=500.0 pi_loss=-0.006 v_loss=0.000 ent=1.420 msg_acc=0.000 kl=-0.0008
[upd   94 | steps   48128 | t  103.5s | sps   465] ret_mean=0.000 ep_len=500.0 pi_loss=-0.008 v_loss=0.000 ent=1.397 msg_acc=0.000 kl=0.0010
[upd   95 | steps   48640 | t  104.3s | sps   466] ret_mean=0.000 ep_len=500.0 pi_loss=-0.009 v_loss=0.000 ent=1.494 msg_acc=0.000 kl=-0.0014
[upd   96 | steps   49152 | t  105.1s | sps   468] ret_mean=0.000 ep_len=500.0 pi_loss=-0.004 v_loss=0.000 ent=1.468 msg_acc=0.000 kl=0.0014
[upd   97 | steps   49664 | t  106.6s | sps   466] ret_mean=0.000 ep_len=500.0 pi_loss=-0.007 v_loss=0.000 ent=1.433 msg_acc=0.000 kl=0.0014
[upd   98 | steps   50176 | t  108.3s | sps   463] ret_mean=0.000 ep_len=500.0 pi_loss=-0.003 v_loss=0.001 ent=1.301 msg_acc=0.000 kl=0.0020
[upd   99 | steps   50688 | t  111.2s | sps   456] ret_mean=1.500 ep_len=500.0 pi_loss=-0.002 v_loss=0.005 ent=1.428 msg_acc=0.000 kl=0.0063
[upd  100 | steps   51200 | t  115.8s | sps   442] ret_mean=0.000 ep_len=500.0 pi_loss=-0.005 v_loss=0.002 ent=1.384 msg_acc=0.000 kl=0.0050
        [eval] ret_mean=0.000 ep_len=500.0
[upd  101 | steps   51712 | t  124.1s | sps   417] ret_mean=0.000 ep_len=500.0 pi_loss=-0.007 v_loss=0.000 ent=1.303 msg_acc=0.000 kl=0.0131
[upd  102 | steps   52224 | t  124.9s | sps   418] ret_mean=0.000 ep_len=500.0 pi_loss=-0.008 v_loss=0.001 ent=1.229 msg_acc=0.000 kl=0.0012
[upd  103 | steps   52736 | t  125.6s | sps   420] ret_mean=0.000 ep_len=500.0 pi_loss=-0.006 v_loss=0.001 ent=1.446 msg_acc=0.000 kl=0.0064
[upd  104 | steps   53248 | t  126.4s | sps   421] ret_mean=0.000 ep_len=500.0 pi_loss=-0.008 v_loss=0.001 ent=1.470 msg_acc=0.000 kl=0.0027
[upd  105 | steps   53760 | t  127.1s | sps   423] ret_mean=0.000 ep_len=500.0 pi_loss=-0.009 v_loss=0.000 ent=1.486 msg_acc=0.000 kl=-0.0042
[upd  106 | steps   54272 | t  127.8s | sps   424] ret_mean=0.500 ep_len=500.0 pi_loss=-0.004 v_loss=0.001 ent=1.503 msg_acc=0.000 kl=0.0022
[upd  107 | steps   54784 | t  128.6s | sps   426] ret_mean=0.000 ep_len=500.0 pi_loss=-0.013 v_loss=0.000 ent=1.233 msg_acc=0.000 kl=0.0099
[upd  108 | steps   55296 | t  129.4s | sps   427] ret_mean=0.000 ep_len=500.0 pi_loss=-0.008 v_loss=0.001 ent=1.406 msg_acc=0.000 kl=0.0007
[upd  109 | steps   55808 | t  130.7s | sps   427] ret_mean=0.000 ep_len=500.0 pi_loss=-0.005 v_loss=0.001 ent=1.314 msg_acc=0.000 kl=0.0070
[upd  110 | steps   56320 | t  131.9s | sps   427] ret_mean=0.000 ep_len=500.0 pi_loss=-0.006 v_loss=0.001 ent=1.223 msg_acc=0.000 kl=0.0149
[upd  111 | steps   56832 | t  133.0s | sps   427] ret_mean=0.000 ep_len=500.0 pi_loss=-0.003 v_loss=0.000 ent=1.359 msg_acc=0.000 kl=-0.0027
[upd  112 | steps   57344 | t  133.8s | sps   428] ret_mean=0.000 ep_len=500.0 pi_loss=-0.003 v_loss=0.000 ent=1.405 msg_acc=0.000 kl=0.0046
[upd  113 | steps   57856 | t  134.8s | sps   429] ret_mean=0.000 ep_len=500.0 pi_loss=-0.002 v_loss=0.000 ent=1.204 msg_acc=0.000 kl=-0.0001
[upd  114 | steps   58368 | t  135.5s | sps   431] ret_mean=0.000 ep_len=500.0 pi_loss=-0.003 v_loss=0.000 ent=1.322 msg_acc=0.000 kl=0.0032
[upd  115 | steps   58880 | t  136.3s | sps   432] ret_mean=0.000 ep_len=500.0 pi_loss=-0.007 v_loss=0.000 ent=1.364 msg_acc=0.000 kl=0.0130
[upd  116 | steps   59392 | t  137.0s | sps   434] ret_mean=0.000 ep_len=500.0 pi_loss=-0.004 v_loss=0.000 ent=1.322 msg_acc=0.000 kl=0.0064
[upd  117 | steps   59904 | t  137.7s | sps   435] ret_mean=0.000 ep_len=500.0 pi_loss=-0.003 v_loss=0.000 ent=1.461 msg_acc=0.000 kl=0.0004
[upd  118 | steps   60416 | t  138.5s | sps   436] ret_mean=0.000 ep_len=500.0 pi_loss=-0.007 v_loss=0.000 ent=1.426 msg_acc=0.000 kl=0.0041
[upd  119 | steps   60928 | t  139.2s | sps   438] ret_mean=0.000 ep_len=500.0 pi_loss=-0.005 v_loss=0.000 ent=1.393 msg_acc=0.000 kl=0.0026
[upd  120 | steps   61440 | t  140.1s | sps   438] ret_mean=0.000 ep_len=500.0 pi_loss=-0.009 v_loss=0.000 ent=1.446 msg_acc=0.000 kl=0.0069
[upd  121 | steps   61952 | t  140.9s | sps   440] ret_mean=0.000 ep_len=500.0 pi_loss=-0.007 v_loss=0.039 ent=1.509 msg_acc=0.000 kl=-0.0017
[upd  122 | steps   62464 | t  141.6s | sps   441] ret_mean=4.000 ep_len=500.0 pi_loss=-0.010 v_loss=0.011 ent=1.482 msg_acc=0.000 kl=0.0058
[upd  123 | steps   62976 | t  142.3s | sps   443] ret_mean=1.500 ep_len=500.0 pi_loss=-0.009 v_loss=0.003 ent=1.458 msg_acc=0.000 kl=0.0039
[upd  124 | steps   63488 | t  143.0s | sps   444] ret_mean=0.000 ep_len=500.0 pi_loss=-0.009 v_loss=0.001 ent=1.403 msg_acc=0.000 kl=0.0100
[upd  125 | steps   64000 | t  143.7s | sps   445] ret_mean=0.000 ep_len=500.0 pi_loss=-0.008 v_loss=0.001 ent=1.470 msg_acc=0.000 kl=0.0130
[upd  126 | steps   64512 | t  144.5s | sps   447] ret_mean=0.000 ep_len=500.0 pi_loss=-0.006 v_loss=0.000 ent=1.437 msg_acc=0.000 kl=0.0039
[upd  127 | steps   65024 | t  145.2s | sps   448] ret_mean=0.000 ep_len=500.0 pi_loss=-0.004 v_loss=0.000 ent=1.267 msg_acc=0.000 kl=0.0065
[upd  128 | steps   65536 | t  145.9s | sps   449] ret_mean=0.000 ep_len=500.0 pi_loss=-0.009 v_loss=0.001 ent=1.373 msg_acc=0.000 kl=0.0050
[upd  129 | steps   66048 | t  146.9s | sps   449] ret_mean=0.000 ep_len=500.0 pi_loss=-0.007 v_loss=0.000 ent=1.407 msg_acc=0.000 kl=0.0100
[upd  130 | steps   66560 | t  147.7s | sps   451] ret_mean=0.000 ep_len=500.0 pi_loss=-0.003 v_loss=0.000 ent=1.501 msg_acc=0.000 kl=-0.0028
[upd  131 | steps   67072 | t  148.4s | sps   452] ret_mean=0.000 ep_len=500.0 pi_loss=-0.008 v_loss=0.002 ent=1.443 msg_acc=0.000 kl=0.0017
[upd  132 | steps   67584 | t  149.1s | sps   453] ret_mean=1.000 ep_len=500.0 pi_loss=-0.011 v_loss=0.000 ent=1.369 msg_acc=0.000 kl=0.0051
[upd  133 | steps   68096 | t  149.9s | sps   454] ret_mean=0.000 ep_len=500.0 pi_loss=-0.004 v_loss=0.000 ent=1.361 msg_acc=0.000 kl=-0.0001
[upd  134 | steps   68608 | t  151.0s | sps   454] ret_mean=0.000 ep_len=500.0 pi_loss=-0.004 v_loss=0.000 ent=1.415 msg_acc=0.000 kl=0.0009
[upd  135 | steps   69120 | t  151.9s | sps   455] ret_mean=0.000 ep_len=500.0 pi_loss=-0.007 v_loss=0.001 ent=1.433 msg_acc=0.000 kl=0.0012
[upd  136 | steps   69632 | t  152.8s | sps   456] ret_mean=0.000 ep_len=500.0 pi_loss=-0.007 v_loss=0.001 ent=1.278 msg_acc=0.000 kl=0.0056
[upd  137 | steps   70144 | t  153.5s | sps   457] ret_mean=1.000 ep_len=500.0 pi_loss=-0.008 v_loss=0.000 ent=1.179 msg_acc=0.000 kl=0.0071
[upd  138 | steps   70656 | t  154.3s | sps   458] ret_mean=0.000 ep_len=500.0 pi_loss=-0.009 v_loss=0.001 ent=1.355 msg_acc=0.000 kl=0.0115
[upd  139 | steps   71168 | t  155.2s | sps   459] ret_mean=0.000 ep_len=500.0 pi_loss=-0.007 v_loss=0.000 ent=1.357 msg_acc=0.000 kl=0.0067
[upd  140 | steps   71680 | t  155.9s | sps   460] ret_mean=0.000 ep_len=500.0 pi_loss=-0.007 v_loss=0.000 ent=1.421 msg_acc=0.000 kl=0.0036
[upd  141 | steps   72192 | t  156.6s | sps   461] ret_mean=0.000 ep_len=500.0 pi_loss=-0.004 v_loss=0.000 ent=1.448 msg_acc=0.000 kl=-0.0019
[upd  142 | steps   72704 | t  157.3s | sps   462] ret_mean=0.000 ep_len=500.0 pi_loss=-0.003 v_loss=0.000 ent=1.139 msg_acc=0.000 kl=0.0001
[upd  143 | steps   73216 | t  158.1s | sps   463] ret_mean=0.000 ep_len=500.0 pi_loss=-0.009 v_loss=0.000 ent=1.363 msg_acc=0.000 kl=0.0022
[upd  144 | steps   73728 | t  158.8s | sps   464] ret_mean=0.000 ep_len=500.0 pi_loss=-0.007 v_loss=0.000 ent=1.341 msg_acc=0.000 kl=0.0095
[upd  145 | steps   74240 | t  159.6s | sps   465] ret_mean=0.000 ep_len=500.0 pi_loss=-0.002 v_loss=0.000 ent=1.146 msg_acc=0.000 kl=0.0042
[upd  146 | steps   74752 | t  160.3s | sps   466] ret_mean=0.000 ep_len=500.0 pi_loss=-0.012 v_loss=0.000 ent=1.334 msg_acc=0.000 kl=0.0100
[upd  147 | steps   75264 | t  161.0s | sps   468] ret_mean=0.000 ep_len=500.0 pi_loss=-0.014 v_loss=0.000 ent=1.317 msg_acc=0.000 kl=-0.0001
[upd  148 | steps   75776 | t  161.9s | sps   468] ret_mean=0.000 ep_len=500.0 pi_loss=-0.008 v_loss=0.000 ent=1.303 msg_acc=0.000 kl=0.0086
[upd  149 | steps   76288 | t  162.7s | sps   469] ret_mean=0.000 ep_len=500.0 pi_loss=-0.006 v_loss=0.000 ent=1.162 msg_acc=0.000 kl=0.0017
[upd  150 | steps   76800 | t  163.4s | sps   470] ret_mean=0.000 ep_len=500.0 pi_loss=-0.003 v_loss=0.000 ent=1.377 msg_acc=0.000 kl=0.0025
        [eval] ret_mean=0.000 ep_len=500.0
[upd  151 | steps   77312 | t  169.9s | sps   455] ret_mean=0.000 ep_len=500.0 pi_loss=-0.010 v_loss=0.000 ent=1.303 msg_acc=0.000 kl=0.0111
[upd  152 | steps   77824 | t  170.7s | sps   456] ret_mean=0.000 ep_len=500.0 pi_loss=-0.002 v_loss=0.015 ent=1.348 msg_acc=0.000 kl=-0.0004
[upd  153 | steps   78336 | t  171.4s | sps   457] ret_mean=28.500 ep_len=500.0 pi_loss=-0.012 v_loss=0.627 ent=1.108 msg_acc=0.000 kl=0.0031
[upd  154 | steps   78848 | t  172.1s | sps   458] ret_mean=2.000 ep_len=500.0 pi_loss=-0.005 v_loss=0.020 ent=1.296 msg_acc=0.000 kl=0.0070
[upd  155 | steps   79360 | t  172.8s | sps   459] ret_mean=0.000 ep_len=500.0 pi_loss=-0.004 v_loss=0.005 ent=1.221 msg_acc=0.000 kl=0.0002
[upd  156 | steps   79872 | t  173.6s | sps   460] ret_mean=0.000 ep_len=500.0 pi_loss=-0.006 v_loss=0.001 ent=1.279 msg_acc=0.000 kl=0.0104
[upd  157 | steps   80384 | t  174.4s | sps   461] ret_mean=0.000 ep_len=500.0 pi_loss=-0.009 v_loss=0.001 ent=1.484 msg_acc=0.000 kl=0.0048
[upd  158 | steps   80896 | t  175.1s | sps   462] ret_mean=0.000 ep_len=500.0 pi_loss=-0.004 v_loss=0.001 ent=1.289 msg_acc=0.000 kl=0.0003
[upd  159 | steps   81408 | t  175.8s | sps   463] ret_mean=0.000 ep_len=500.0 pi_loss=-0.004 v_loss=0.000 ent=1.387 msg_acc=0.000 kl=-0.0004
[upd  160 | steps   81920 | t  176.5s | sps   464] ret_mean=0.000 ep_len=500.0 pi_loss=-0.008 v_loss=0.001 ent=1.403 msg_acc=0.000 kl=0.0002
[upd  161 | steps   82432 | t  177.3s | sps   465] ret_mean=0.000 ep_len=500.0 pi_loss=-0.006 v_loss=0.001 ent=1.266 msg_acc=0.000 kl=0.0124
[upd  162 | steps   82944 | t  178.1s | sps   466] ret_mean=0.000 ep_len=500.0 pi_loss=-0.008 v_loss=0.002 ent=1.363 msg_acc=0.000 kl=0.0082
[upd  163 | steps   83456 | t  178.8s | sps   467] ret_mean=0.000 ep_len=500.0 pi_loss=-0.006 v_loss=0.020 ent=1.125 msg_acc=0.000 kl=0.0011
[upd  164 | steps   83968 | t  179.6s | sps   468] ret_mean=7.500 ep_len=500.0 pi_loss=-0.012 v_loss=0.045 ent=1.298 msg_acc=0.000 kl=0.0063
[upd  165 | steps   84480 | t  180.4s | sps   468] ret_mean=0.000 ep_len=500.0 pi_loss=-0.005 v_loss=0.001 ent=1.437 msg_acc=0.000 kl=0.0009
[upd  166 | steps   84992 | t  181.1s | sps   469] ret_mean=0.000 ep_len=500.0 pi_loss=-0.003 v_loss=0.000 ent=1.388 msg_acc=0.000 kl=0.0038
[upd  167 | steps   85504 | t  182.0s | sps   470] ret_mean=0.000 ep_len=500.0 pi_loss=-0.009 v_loss=0.000 ent=1.357 msg_acc=0.000 kl=0.0084
[upd  168 | steps   86016 | t  182.8s | sps   471] ret_mean=0.000 ep_len=500.0 pi_loss=-0.005 v_loss=0.000 ent=1.099 msg_acc=0.000 kl=0.0048
[upd  169 | steps   86528 | t  183.5s | sps   472] ret_mean=0.000 ep_len=500.0 pi_loss=-0.002 v_loss=0.001 ent=1.051 msg_acc=0.000 kl=0.0006
[upd  170 | steps   87040 | t  184.2s | sps   472] ret_mean=0.000 ep_len=500.0 pi_loss=-0.007 v_loss=0.001 ent=1.331 msg_acc=0.000 kl=0.0013
[upd  171 | steps   87552 | t  185.0s | sps   473] ret_mean=0.000 ep_len=500.0 pi_loss=-0.006 v_loss=0.000 ent=1.279 msg_acc=0.000 kl=0.0054
[upd  172 | steps   88064 | t  185.7s | sps   474] ret_mean=0.000 ep_len=500.0 pi_loss=-0.007 v_loss=0.000 ent=1.276 msg_acc=0.000 kl=0.0062
[upd  173 | steps   88576 | t  186.4s | sps   475] ret_mean=0.000 ep_len=500.0 pi_loss=-0.002 v_loss=0.002 ent=1.389 msg_acc=0.000 kl=0.0004
[upd  174 | steps   89088 | t  187.1s | sps   476] ret_mean=2.500 ep_len=500.0 pi_loss=-0.003 v_loss=0.007 ent=1.289 msg_acc=0.000 kl=0.0009
[upd  175 | steps   89600 | t  187.8s | sps   477] ret_mean=0.000 ep_len=500.0 pi_loss=-0.010 v_loss=0.001 ent=1.206 msg_acc=0.000 kl=0.0105
[upd  176 | steps   90112 | t  188.6s | sps   478] ret_mean=0.000 ep_len=500.0 pi_loss=-0.003 v_loss=0.020 ent=1.418 msg_acc=0.000 kl=-0.0000
[upd  177 | steps   90624 | t  189.3s | sps   479] ret_mean=2.500 ep_len=500.0 pi_loss=-0.004 v_loss=0.001 ent=1.214 msg_acc=0.000 kl=-0.0001
[upd  178 | steps   91136 | t  190.0s | sps   480] ret_mean=0.000 ep_len=500.0 pi_loss=-0.008 v_loss=0.001 ent=1.153 msg_acc=0.000 kl=-0.0023
[upd  179 | steps   91648 | t  190.7s | sps   481] ret_mean=0.000 ep_len=500.0 pi_loss=-0.004 v_loss=0.000 ent=1.047 msg_acc=0.000 kl=-0.0020
[upd  180 | steps   92160 | t  191.5s | sps   481] ret_mean=0.000 ep_len=500.0 pi_loss=0.002 v_loss=0.000 ent=1.027 msg_acc=0.000 kl=0.0032
[upd  181 | steps   92672 | t  192.2s | sps   482] ret_mean=0.000 ep_len=500.0 pi_loss=-0.005 v_loss=0.000 ent=1.170 msg_acc=0.000 kl=0.0059
[upd  182 | steps   93184 | t  193.1s | sps   483] ret_mean=0.000 ep_len=500.0 pi_loss=-0.002 v_loss=0.000 ent=1.105 msg_acc=0.000 kl=0.0039
[upd  183 | steps   93696 | t  193.8s | sps   483] ret_mean=0.000 ep_len=500.0 pi_loss=-0.004 v_loss=0.001 ent=1.040 msg_acc=0.000 kl=0.0087
[upd  184 | steps   94208 | t  194.6s | sps   484] ret_mean=0.000 ep_len=500.0 pi_loss=-0.013 v_loss=0.000 ent=1.384 msg_acc=0.000 kl=0.0078
[upd  185 | steps   94720 | t  195.3s | sps   485] ret_mean=0.000 ep_len=500.0 pi_loss=-0.007 v_loss=0.000 ent=1.307 msg_acc=0.000 kl=0.0114
[upd  186 | steps   95232 | t  196.0s | sps   486] ret_mean=0.000 ep_len=500.0 pi_loss=-0.010 v_loss=0.000 ent=0.837 msg_acc=0.000 kl=0.0059
[upd  187 | steps   95744 | t  196.7s | sps   487] ret_mean=0.000 ep_len=500.0 pi_loss=-0.003 v_loss=0.000 ent=0.890 msg_acc=0.000 kl=0.0064
[upd  188 | steps   96256 | t  197.4s | sps   488] ret_mean=0.000 ep_len=500.0 pi_loss=-0.008 v_loss=0.000 ent=1.331 msg_acc=0.000 kl=0.0059
[upd  189 | steps   96768 | t  198.1s | sps   488] ret_mean=0.000 ep_len=500.0 pi_loss=-0.000 v_loss=0.000 ent=0.657 msg_acc=0.000 kl=0.0023
[upd  190 | steps   97280 | t  198.8s | sps   489] ret_mean=0.000 ep_len=500.0 pi_loss=-0.007 v_loss=0.000 ent=0.969 msg_acc=0.000 kl=0.0125
[upd  191 | steps   97792 | t  199.8s | sps   490] ret_mean=0.000 ep_len=500.0 pi_loss=-0.006 v_loss=0.000 ent=1.507 msg_acc=0.000 kl=0.0024
[upd  192 | steps   98304 | t  200.5s | sps   490] ret_mean=0.000 ep_len=500.0 pi_loss=-0.006 v_loss=0.000 ent=1.091 msg_acc=0.000 kl=0.0044
[upd  193 | steps   98816 | t  201.3s | sps   491] ret_mean=0.000 ep_len=500.0 pi_loss=-0.004 v_loss=0.000 ent=0.979 msg_acc=0.000 kl=0.0068
[upd  194 | steps   99328 | t  202.1s | sps   492] ret_mean=0.000 ep_len=500.0 pi_loss=-0.010 v_loss=0.000 ent=1.420 msg_acc=0.000 kl=0.0064
[upd  195 | steps   99840 | t  202.8s | sps   492] ret_mean=0.000 ep_len=500.0 pi_loss=-0.003 v_loss=0.000 ent=1.426 msg_acc=0.000 kl=0.0016
[upd  196 | steps  100352 | t  203.5s | sps   493] ret_mean=0.000 ep_len=500.0 pi_loss=-0.003 v_loss=0.000 ent=1.485 msg_acc=0.000 kl=0.0023
[upd  197 | steps  100864 | t  204.2s | sps   494] ret_mean=0.000 ep_len=500.0 pi_loss=-0.007 v_loss=0.000 ent=1.197 msg_acc=0.000 kl=0.0103
[upd  198 | steps  101376 | t  204.9s | sps   495] ret_mean=2.500 ep_len=500.0 pi_loss=-0.006 v_loss=0.024 ent=1.366 msg_acc=0.000 kl=0.0101
[upd  199 | steps  101888 | t  205.6s | sps   496] ret_mean=0.000 ep_len=500.0 pi_loss=-0.009 v_loss=0.002 ent=1.483 msg_acc=0.000 kl=0.0036
[upd  200 | steps  102400 | t  206.2s | sps   497] ret_mean=0.500 ep_len=500.0 pi_loss=-0.007 v_loss=0.001 ent=1.448 msg_acc=0.000 kl=0.0037
        [eval] ret_mean=0.000 ep_len=500.0
