$ /Users/samchen/Coding/CLASSES/CS2860/.venv/bin/python3 -m policies.train --env rware-tiny-2ag-easy-v2 --seed 2 --updates 400 --rollout 512 --eval-every 25 --eval-episodes 30 --log-dir matrix_results/diagnostics_v1_sam/comm_2ag/main_tiny --run-name mappo-heartbeat-plus-comm__dropout-only__d0__s2 --n-msg-tokens 8 --heartbeat --heartbeat-period 1 --heartbeat-max-age-clip 128 --dropout --dropout-window-start 200 --dropout-window-end 350 --shape-rewards --pickup-bonus 0.5

[env] EnvSpec(env_id='rware-tiny-2ag-easy-v2', n_agents=2, obs_dim=73, n_env_actions=5, noop_action=0, family='rware')  (n_msg_tokens=8)
[cfg] {'clip_range': 0.2, 'value_clip_range': 0.2, 'entropy_coef': 0.01, 'value_coef': 0.5, 'max_grad_norm': 0.5, 'gamma': 0.99, 'gae_lambda': 0.95, 'lr_actor': 0.0003, 'lr_critic': 0.001, 'update_epochs': 4, 'minibatches': 4, 'hidden': 128, 'depth': 2, 'device': 'cpu', 'extra': {}}
[log] writing to matrix_results/diagnostics_v1_sam/comm_2ag/main_tiny/mappo-heartbeat-plus-comm__dropout-only__d0__s2
[upd    1 | steps     512 | t    0.3s | sps  1982] ret_mean=0.000 ep_len=500.0 pi_loss=-0.016 v_loss=0.031 ent=3.684 kl=0.0091
[upd    2 | steps    1024 | t    0.5s | sps  2241] ret_mean=0.000 ep_len=500.0 pi_loss=-0.012 v_loss=0.005 ent=3.680 kl=0.0073
[upd    3 | steps    1536 | t    0.7s | sps  2275] ret_mean=0.500 ep_len=500.0 pi_loss=-0.008 v_loss=0.005 ent=3.673 kl=0.0023
[upd    4 | steps    2048 | t    0.9s | sps  2392] ret_mean=1.500 ep_len=500.0 pi_loss=-0.009 v_loss=0.014 ent=3.672 kl=0.0075
[upd    5 | steps    2560 | t    1.1s | sps  2327] ret_mean=0.000 ep_len=500.0 pi_loss=-0.009 v_loss=0.004 ent=3.666 kl=0.0040
[upd    6 | steps    3072 | t    1.3s | sps  2407] ret_mean=0.000 ep_len=500.0 pi_loss=-0.010 v_loss=0.002 ent=3.661 kl=0.0022
[upd    7 | steps    3584 | t    1.4s | sps  2479] ret_mean=0.000 ep_len=500.0 pi_loss=-0.010 v_loss=0.003 ent=3.649 kl=0.0041
[upd    8 | steps    4096 | t    1.6s | sps  2522] ret_mean=0.000 ep_len=500.0 pi_loss=-0.011 v_loss=0.002 ent=3.655 kl=0.0046
[upd    9 | steps    4608 | t    1.8s | sps  2569] ret_mean=0.000 ep_len=500.0 pi_loss=-0.007 v_loss=0.002 ent=3.622 kl=-0.0034
[upd   10 | steps    5120 | t    2.0s | sps  2597] ret_mean=0.000 ep_len=500.0 pi_loss=-0.010 v_loss=0.006 ent=3.623 kl=-0.0004
[upd   11 | steps    5632 | t    2.1s | sps  2627] ret_mean=1.500 ep_len=500.0 pi_loss=-0.007 v_loss=0.002 ent=3.642 kl=-0.0014
[upd   12 | steps    6144 | t    2.3s | sps  2675] ret_mean=0.000 ep_len=500.0 pi_loss=-0.014 v_loss=0.002 ent=3.626 kl=0.0045
[upd   13 | steps    6656 | t    2.5s | sps  2715] ret_mean=0.000 ep_len=500.0 pi_loss=-0.014 v_loss=0.002 ent=3.612 kl=-0.0008
[upd   14 | steps    7168 | t    2.6s | sps  2746] ret_mean=1.500 ep_len=500.0 pi_loss=-0.008 v_loss=0.008 ent=3.599 kl=0.0012
[upd   15 | steps    7680 | t    2.8s | sps  2765] ret_mean=0.000 ep_len=500.0 pi_loss=-0.006 v_loss=0.001 ent=3.573 kl=0.0073
[upd   16 | steps    8192 | t    2.9s | sps  2789] ret_mean=0.000 ep_len=500.0 pi_loss=-0.012 v_loss=0.002 ent=3.530 kl=0.0037
[upd   17 | steps    8704 | t    3.1s | sps  2801] ret_mean=1.500 ep_len=500.0 pi_loss=-0.016 v_loss=0.013 ent=3.578 kl=0.0115
[upd   18 | steps    9216 | t    3.3s | sps  2812] ret_mean=0.000 ep_len=500.0 pi_loss=-0.006 v_loss=0.001 ent=3.576 kl=0.0037
[upd   19 | steps    9728 | t    3.4s | sps  2822] ret_mean=0.000 ep_len=500.0 pi_loss=-0.011 v_loss=0.002 ent=3.523 kl=0.0130
[upd   20 | steps   10240 | t    3.6s | sps  2834] ret_mean=1.500 ep_len=500.0 pi_loss=-0.009 v_loss=0.008 ent=3.538 kl=0.0035
[upd   21 | steps   10752 | t    3.8s | sps  2852] ret_mean=0.000 ep_len=500.0 pi_loss=-0.009 v_loss=0.002 ent=3.465 kl=0.0057
[upd   22 | steps   11264 | t    3.9s | sps  2869] ret_mean=1.000 ep_len=500.0 pi_loss=-0.009 v_loss=0.002 ent=3.484 kl=0.0013
[upd   23 | steps   11776 | t    4.1s | sps  2882] ret_mean=0.000 ep_len=500.0 pi_loss=-0.010 v_loss=0.001 ent=3.491 kl=0.0028
[upd   24 | steps   12288 | t    4.2s | sps  2897] ret_mean=0.500 ep_len=500.0 pi_loss=-0.009 v_loss=0.005 ent=3.596 kl=0.0013
[upd   25 | steps   12800 | t    4.4s | sps  2905] ret_mean=1.000 ep_len=500.0 pi_loss=-0.015 v_loss=0.013 ent=3.581 kl=0.0105
        [eval] ret_mean=7.217 ep_len=500.0
[upd   26 | steps   13312 | t    9.1s | sps  1466] ret_mean=0.000 ep_len=500.0 pi_loss=-0.007 v_loss=0.001 ent=3.404 kl=0.0044
[upd   27 | steps   13824 | t    9.3s | sps  1490] ret_mean=0.000 ep_len=500.0 pi_loss=-0.014 v_loss=0.001 ent=3.399 kl=0.0071
[upd   28 | steps   14336 | t    9.5s | sps  1513] ret_mean=0.000 ep_len=500.0 pi_loss=-0.014 v_loss=0.002 ent=3.446 kl=0.0046
[upd   29 | steps   14848 | t    9.7s | sps  1538] ret_mean=0.000 ep_len=500.0 pi_loss=-0.005 v_loss=0.001 ent=3.384 kl=0.0043
[upd   30 | steps   15360 | t    9.8s | sps  1560] ret_mean=1.500 ep_len=500.0 pi_loss=-0.006 v_loss=0.013 ent=3.241 kl=0.0055
[upd   31 | steps   15872 | t   10.0s | sps  1584] ret_mean=0.000 ep_len=500.0 pi_loss=-0.014 v_loss=0.066 ent=3.394 kl=0.0053
[upd   32 | steps   16384 | t   10.2s | sps  1605] ret_mean=5.500 ep_len=500.0 pi_loss=-0.014 v_loss=0.002 ent=3.249 kl=0.0085
[upd   33 | steps   16896 | t   10.4s | sps  1625] ret_mean=1.000 ep_len=500.0 pi_loss=-0.008 v_loss=0.004 ent=3.312 kl=0.0104
[upd   34 | steps   17408 | t   10.6s | sps  1644] ret_mean=2.500 ep_len=500.0 pi_loss=-0.011 v_loss=0.016 ent=3.316 kl=0.0134
[upd   35 | steps   17920 | t   10.8s | sps  1660] ret_mean=12.000 ep_len=500.0 pi_loss=-0.016 v_loss=0.191 ent=3.303 kl=0.0011
[upd   36 | steps   18432 | t   11.0s | sps  1675] ret_mean=11.500 ep_len=500.0 pi_loss=-0.017 v_loss=0.138 ent=3.268 kl=0.0076
[upd   37 | steps   18944 | t   11.2s | sps  1687] ret_mean=0.500 ep_len=500.0 pi_loss=-0.014 v_loss=0.250 ent=3.272 kl=0.0041
[upd   38 | steps   19456 | t   11.4s | sps  1703] ret_mean=13.500 ep_len=500.0 pi_loss=-0.008 v_loss=0.082 ent=3.334 kl=0.0074
[upd   39 | steps   19968 | t   11.6s | sps  1718] ret_mean=5.500 ep_len=500.0 pi_loss=-0.014 v_loss=0.020 ent=3.284 kl=0.0048
[upd   40 | steps   20480 | t   11.8s | sps  1728] ret_mean=12.500 ep_len=500.0 pi_loss=-0.008 v_loss=0.142 ent=3.349 kl=0.0075
[upd   41 | steps   20992 | t   12.0s | sps  1742] ret_mean=1.000 ep_len=500.0 pi_loss=-0.011 v_loss=0.086 ent=3.379 kl=0.0132
[upd   42 | steps   21504 | t   12.2s | sps  1759] ret_mean=4.000 ep_len=500.0 pi_loss=-0.009 v_loss=0.005 ent=3.368 kl=0.0038
[upd   43 | steps   22016 | t   12.4s | sps  1778] ret_mean=0.000 ep_len=500.0 pi_loss=-0.011 v_loss=0.003 ent=3.475 kl=-0.0005
[upd   44 | steps   22528 | t   12.5s | sps  1797] ret_mean=0.000 ep_len=500.0 pi_loss=-0.009 v_loss=0.004 ent=3.478 kl=0.0037
[upd   45 | steps   23040 | t   12.7s | sps  1815] ret_mean=0.500 ep_len=500.0 pi_loss=-0.011 v_loss=0.002 ent=3.456 kl=0.0039
[upd   46 | steps   23552 | t   12.9s | sps  1832] ret_mean=0.000 ep_len=500.0 pi_loss=-0.013 v_loss=0.001 ent=3.430 kl=0.0027
[upd   47 | steps   24064 | t   13.0s | sps  1849] ret_mean=0.000 ep_len=500.0 pi_loss=-0.009 v_loss=0.001 ent=3.467 kl=0.0030
[upd   48 | steps   24576 | t   13.2s | sps  1866] ret_mean=0.000 ep_len=500.0 pi_loss=-0.010 v_loss=0.001 ent=3.485 kl=0.0072
[upd   49 | steps   25088 | t   13.3s | sps  1881] ret_mean=0.000 ep_len=500.0 pi_loss=-0.014 v_loss=0.001 ent=3.478 kl=0.0099
[upd   50 | steps   25600 | t   13.5s | sps  1896] ret_mean=0.000 ep_len=500.0 pi_loss=-0.011 v_loss=0.001 ent=3.456 kl=0.0088
        [eval] ret_mean=4.167 ep_len=500.0
[upd   51 | steps   26112 | t   17.5s | sps  1491] ret_mean=0.000 ep_len=500.0 pi_loss=-0.012 v_loss=0.001 ent=3.446 kl=0.0014
[upd   52 | steps   26624 | t   17.7s | sps  1504] ret_mean=0.000 ep_len=500.0 pi_loss=-0.010 v_loss=0.000 ent=3.390 kl=0.0029
[upd   53 | steps   27136 | t   17.9s | sps  1519] ret_mean=0.000 ep_len=500.0 pi_loss=-0.011 v_loss=0.013 ent=3.441 kl=0.0009
[upd   54 | steps   27648 | t   18.0s | sps  1535] ret_mean=5.500 ep_len=500.0 pi_loss=-0.007 v_loss=0.035 ent=3.397 kl=0.0107
[upd   55 | steps   28160 | t   18.2s | sps  1550] ret_mean=0.000 ep_len=500.0 pi_loss=-0.009 v_loss=0.002 ent=3.447 kl=0.0057
[upd   56 | steps   28672 | t   18.3s | sps  1564] ret_mean=0.500 ep_len=500.0 pi_loss=-0.011 v_loss=0.002 ent=3.337 kl=0.0048
[upd   57 | steps   29184 | t   18.5s | sps  1578] ret_mean=0.500 ep_len=500.0 pi_loss=-0.012 v_loss=0.003 ent=3.420 kl=0.0014
[upd   58 | steps   29696 | t   18.7s | sps  1592] ret_mean=0.000 ep_len=500.0 pi_loss=-0.010 v_loss=0.035 ent=3.393 kl=0.0049
[upd   59 | steps   30208 | t   18.8s | sps  1605] ret_mean=17.000 ep_len=500.0 pi_loss=-0.008 v_loss=0.271 ent=3.375 kl=-0.0017
[upd   60 | steps   30720 | t   19.0s | sps  1620] ret_mean=2.000 ep_len=500.0 pi_loss=-0.017 v_loss=0.027 ent=3.316 kl=0.0178
[upd   61 | steps   31232 | t   19.1s | sps  1632] ret_mean=2.500 ep_len=500.0 pi_loss=-0.018 v_loss=0.001 ent=3.278 kl=0.0036
[upd   62 | steps   31744 | t   19.3s | sps  1645] ret_mean=0.000 ep_len=500.0 pi_loss=-0.010 v_loss=0.066 ent=3.188 kl=0.0095
[upd   63 | steps   32256 | t   19.4s | sps  1659] ret_mean=6.000 ep_len=500.0 pi_loss=-0.014 v_loss=0.008 ent=3.230 kl=0.0078
[upd   64 | steps   32768 | t   19.6s | sps  1670] ret_mean=0.000 ep_len=500.0 pi_loss=-0.015 v_loss=0.004 ent=3.223 kl=0.0250
[upd   65 | steps   33280 | t   19.8s | sps  1680] ret_mean=5.500 ep_len=500.0 pi_loss=-0.007 v_loss=0.073 ent=3.147 kl=0.0132
[upd   66 | steps   33792 | t   20.0s | sps  1691] ret_mean=0.000 ep_len=500.0 pi_loss=-0.009 v_loss=0.057 ent=3.046 kl=0.0088
[upd   67 | steps   34304 | t   20.1s | sps  1703] ret_mean=3.500 ep_len=500.0 pi_loss=-0.008 v_loss=0.003 ent=2.976 kl=0.0120
[upd   68 | steps   34816 | t   20.3s | sps  1714] ret_mean=0.000 ep_len=500.0 pi_loss=-0.013 v_loss=0.001 ent=3.081 kl=0.0106
[upd   69 | steps   35328 | t   20.5s | sps  1726] ret_mean=0.000 ep_len=500.0 pi_loss=-0.013 v_loss=0.001 ent=2.901 kl=0.0064
[upd   70 | steps   35840 | t   20.6s | sps  1739] ret_mean=0.000 ep_len=500.0 pi_loss=-0.012 v_loss=0.002 ent=3.096 kl=0.0062
[upd   71 | steps   36352 | t   20.8s | sps  1749] ret_mean=0.000 ep_len=500.0 pi_loss=-0.005 v_loss=0.046 ent=3.151 kl=0.0036
[upd   72 | steps   36864 | t   20.9s | sps  1760] ret_mean=4.000 ep_len=500.0 pi_loss=-0.009 v_loss=0.015 ent=3.056 kl=0.0092
[upd   73 | steps   37376 | t   21.1s | sps  1772] ret_mean=1.500 ep_len=500.0 pi_loss=-0.010 v_loss=0.001 ent=3.004 kl=0.0018
[upd   74 | steps   37888 | t   21.3s | sps  1783] ret_mean=0.000 ep_len=500.0 pi_loss=-0.011 v_loss=0.001 ent=3.053 kl=0.0051
[upd   75 | steps   38400 | t   21.4s | sps  1793] ret_mean=0.500 ep_len=500.0 pi_loss=-0.004 v_loss=0.001 ent=3.073 kl=0.0035
        [eval] ret_mean=5.917 ep_len=500.0
[upd   76 | steps   38912 | t   25.3s | sps  1539] ret_mean=0.000 ep_len=500.0 pi_loss=-0.010 v_loss=0.000 ent=3.172 kl=0.0045
[upd   77 | steps   39424 | t   25.4s | sps  1549] ret_mean=0.000 ep_len=500.0 pi_loss=-0.009 v_loss=0.001 ent=3.125 kl=0.0009
[upd   78 | steps   39936 | t   25.6s | sps  1558] ret_mean=19.000 ep_len=500.0 pi_loss=-0.010 v_loss=0.449 ent=3.106 kl=0.0078
[upd   79 | steps   40448 | t   25.8s | sps  1568] ret_mean=0.000 ep_len=500.0 pi_loss=-0.008 v_loss=0.002 ent=3.192 kl=0.0046
[upd   80 | steps   40960 | t   26.0s | sps  1578] ret_mean=0.000 ep_len=500.0 pi_loss=-0.013 v_loss=0.001 ent=3.180 kl=0.0011
[upd   81 | steps   41472 | t   26.1s | sps  1588] ret_mean=0.000 ep_len=500.0 pi_loss=-0.013 v_loss=0.001 ent=3.317 kl=0.0079
[upd   82 | steps   41984 | t   26.3s | sps  1599] ret_mean=0.000 ep_len=500.0 pi_loss=-0.015 v_loss=0.000 ent=3.262 kl=0.0112
[upd   83 | steps   42496 | t   26.4s | sps  1608] ret_mean=0.000 ep_len=500.0 pi_loss=-0.006 v_loss=0.000 ent=3.244 kl=-0.0004
[upd   84 | steps   43008 | t   26.6s | sps  1617] ret_mean=0.000 ep_len=500.0 pi_loss=-0.009 v_loss=0.000 ent=3.226 kl=0.0056
[upd   85 | steps   43520 | t   26.8s | sps  1625] ret_mean=4.500 ep_len=500.0 pi_loss=-0.007 v_loss=0.080 ent=3.225 kl=0.0040
[upd   86 | steps   44032 | t   27.0s | sps  1634] ret_mean=0.000 ep_len=500.0 pi_loss=-0.008 v_loss=0.057 ent=3.199 kl=0.0016
[upd   87 | steps   44544 | t   27.1s | sps  1642] ret_mean=4.500 ep_len=500.0 pi_loss=-0.014 v_loss=0.052 ent=3.205 kl=0.0008
[upd   88 | steps   45056 | t   27.3s | sps  1652] ret_mean=3.500 ep_len=500.0 pi_loss=-0.012 v_loss=0.002 ent=3.287 kl=0.0029
[upd   89 | steps   45568 | t   27.4s | sps  1661] ret_mean=0.000 ep_len=500.0 pi_loss=-0.012 v_loss=0.001 ent=3.197 kl=0.0087
[upd   90 | steps   46080 | t   27.6s | sps  1670] ret_mean=0.000 ep_len=500.0 pi_loss=-0.008 v_loss=0.001 ent=3.207 kl=0.0080
[upd   91 | steps   46592 | t   27.8s | sps  1679] ret_mean=0.000 ep_len=500.0 pi_loss=-0.012 v_loss=0.001 ent=3.121 kl=0.0063
[upd   92 | steps   47104 | t   27.9s | sps  1687] ret_mean=0.000 ep_len=500.0 pi_loss=-0.010 v_loss=0.429 ent=3.141 kl=0.0060
[upd   93 | steps   47616 | t   28.1s | sps  1697] ret_mean=14.000 ep_len=500.0 pi_loss=-0.012 v_loss=0.203 ent=2.995 kl=0.0127
[upd   94 | steps   48128 | t   28.2s | sps  1706] ret_mean=9.500 ep_len=500.0 pi_loss=-0.011 v_loss=0.002 ent=2.896 kl=-0.0065
[upd   95 | steps   48640 | t   28.4s | sps  1714] ret_mean=0.000 ep_len=500.0 pi_loss=-0.010 v_loss=0.000 ent=3.059 kl=0.0005
[upd   96 | steps   49152 | t   28.5s | sps  1723] ret_mean=0.000 ep_len=500.0 pi_loss=-0.010 v_loss=0.001 ent=3.115 kl=-0.0005
[upd   97 | steps   49664 | t   28.7s | sps  1731] ret_mean=0.000 ep_len=500.0 pi_loss=-0.010 v_loss=0.000 ent=3.089 kl=0.0063
[upd   98 | steps   50176 | t   28.8s | sps  1740] ret_mean=0.000 ep_len=500.0 pi_loss=-0.013 v_loss=0.405 ent=3.013 kl=-0.0072
[upd   99 | steps   50688 | t   29.0s | sps  1748] ret_mean=14.500 ep_len=500.0 pi_loss=-0.013 v_loss=0.001 ent=3.211 kl=-0.0010
[upd  100 | steps   51200 | t   29.2s | sps  1756] ret_mean=0.000 ep_len=500.0 pi_loss=-0.016 v_loss=1.533 ent=3.191 kl=0.0001
        [eval] ret_mean=4.167 ep_len=500.0
[upd  101 | steps   51712 | t   32.9s | sps  1569] ret_mean=0.000 ep_len=500.0 pi_loss=-0.016 v_loss=0.005 ent=3.032 kl=0.0162
[upd  102 | steps   52224 | t   33.1s | sps  1578] ret_mean=82.500 ep_len=500.0 pi_loss=-0.013 v_loss=4.310 ent=2.679 kl=0.0075
[upd  103 | steps   52736 | t   33.3s | sps  1586] ret_mean=0.000 ep_len=500.0 pi_loss=-0.011 v_loss=0.008 ent=3.212 kl=0.0062
[upd  104 | steps   53248 | t   33.4s | sps  1594] ret_mean=0.000 ep_len=500.0 pi_loss=-0.010 v_loss=0.002 ent=3.226 kl=0.0064
[upd  105 | steps   53760 | t   33.6s | sps  1602] ret_mean=0.000 ep_len=500.0 pi_loss=-0.014 v_loss=0.002 ent=3.265 kl=0.0127
[upd  106 | steps   54272 | t   33.7s | sps  1609] ret_mean=0.000 ep_len=500.0 pi_loss=-0.013 v_loss=0.002 ent=3.274 kl=0.0033
[upd  107 | steps   54784 | t   33.9s | sps  1617] ret_mean=0.000 ep_len=500.0 pi_loss=-0.011 v_loss=0.002 ent=2.937 kl=0.0075
[upd  108 | steps   55296 | t   34.0s | sps  1624] ret_mean=0.000 ep_len=500.0 pi_loss=-0.009 v_loss=0.088 ent=2.934 kl=-0.0030
[upd  109 | steps   55808 | t   34.2s | sps  1632] ret_mean=10.000 ep_len=500.0 pi_loss=-0.007 v_loss=0.089 ent=3.286 kl=0.0064
[upd  110 | steps   56320 | t   34.4s | sps  1639] ret_mean=0.000 ep_len=500.0 pi_loss=-0.017 v_loss=0.181 ent=2.927 kl=-0.0072
[upd  111 | steps   56832 | t   34.5s | sps  1647] ret_mean=9.500 ep_len=500.0 pi_loss=-0.015 v_loss=0.006 ent=3.171 kl=0.0078
[upd  112 | steps   57344 | t   34.7s | sps  1654] ret_mean=0.000 ep_len=500.0 pi_loss=-0.017 v_loss=0.305 ent=2.941 kl=0.0067
[upd  113 | steps   57856 | t   34.8s | sps  1661] ret_mean=22.500 ep_len=500.0 pi_loss=-0.013 v_loss=0.639 ent=2.751 kl=0.0007
[upd  114 | steps   58368 | t   35.0s | sps  1668] ret_mean=10.500 ep_len=500.0 pi_loss=-0.009 v_loss=0.011 ent=2.659 kl=-0.0009
[upd  115 | steps   58880 | t   35.1s | sps  1675] ret_mean=0.500 ep_len=500.0 pi_loss=-0.014 v_loss=0.393 ent=3.048 kl=0.0051
[upd  116 | steps   59392 | t   35.3s | sps  1683] ret_mean=31.000 ep_len=500.0 pi_loss=-0.017 v_loss=0.364 ent=3.144 kl=0.0123
[upd  117 | steps   59904 | t   35.5s | sps  1690] ret_mean=0.000 ep_len=500.0 pi_loss=-0.016 v_loss=2.479 ent=3.017 kl=0.0153
[upd  118 | steps   60416 | t   35.6s | sps  1697] ret_mean=62.500 ep_len=500.0 pi_loss=-0.015 v_loss=0.324 ent=2.992 kl=0.0002
[upd  119 | steps   60928 | t   35.8s | sps  1704] ret_mean=0.000 ep_len=500.0 pi_loss=-0.012 v_loss=0.010 ent=2.669 kl=-0.0003
[upd  120 | steps   61440 | t   35.9s | sps  1710] ret_mean=0.000 ep_len=500.0 pi_loss=-0.016 v_loss=0.005 ent=3.203 kl=0.0060
[upd  121 | steps   61952 | t   36.1s | sps  1717] ret_mean=0.500 ep_len=500.0 pi_loss=-0.015 v_loss=0.040 ent=2.994 kl=0.0052
[upd  122 | steps   62464 | t   36.2s | sps  1724] ret_mean=2.500 ep_len=500.0 pi_loss=-0.013 v_loss=0.647 ent=3.111 kl=0.0089
[upd  123 | steps   62976 | t   36.4s | sps  1730] ret_mean=38.000 ep_len=500.0 pi_loss=-0.011 v_loss=0.552 ent=3.034 kl=-0.0012
[upd  124 | steps   63488 | t   36.6s | sps  1737] ret_mean=0.000 ep_len=500.0 pi_loss=-0.008 v_loss=0.053 ent=3.069 kl=0.0057
[upd  125 | steps   64000 | t   36.7s | sps  1743] ret_mean=38.500 ep_len=500.0 pi_loss=-0.015 v_loss=3.080 ent=2.716 kl=0.0040
        [eval] ret_mean=0.000 ep_len=500.0
[upd  126 | steps   64512 | t   40.5s | sps  1592] ret_mean=27.000 ep_len=500.0 pi_loss=-0.015 v_loss=0.883 ent=3.084 kl=0.0046
[upd  127 | steps   65024 | t   40.7s | sps  1599] ret_mean=82.000 ep_len=500.0 pi_loss=-0.015 v_loss=4.315 ent=2.298 kl=0.0188
[upd  128 | steps   65536 | t   40.8s | sps  1605] ret_mean=47.500 ep_len=500.0 pi_loss=-0.007 v_loss=2.032 ent=2.715 kl=-0.0026
[upd  129 | steps   66048 | t   41.0s | sps  1611] ret_mean=0.000 ep_len=500.0 pi_loss=-0.018 v_loss=0.016 ent=2.594 kl=0.0149
[upd  130 | steps   66560 | t   41.1s | sps  1618] ret_mean=16.500 ep_len=500.0 pi_loss=-0.010 v_loss=0.686 ent=2.825 kl=0.0019
[upd  131 | steps   67072 | t   41.3s | sps  1624] ret_mean=0.000 ep_len=500.0 pi_loss=-0.010 v_loss=0.052 ent=2.734 kl=0.0047
[upd  132 | steps   67584 | t   41.5s | sps  1630] ret_mean=5.000 ep_len=500.0 pi_loss=-0.009 v_loss=0.013 ent=3.171 kl=0.0060
[upd  133 | steps   68096 | t   41.6s | sps  1637] ret_mean=0.000 ep_len=500.0 pi_loss=-0.016 v_loss=0.009 ent=2.538 kl=0.0140
[upd  134 | steps   68608 | t   41.8s | sps  1643] ret_mean=44.500 ep_len=500.0 pi_loss=-0.012 v_loss=2.734 ent=2.624 kl=0.0095
[upd  135 | steps   69120 | t   41.9s | sps  1649] ret_mean=35.000 ep_len=500.0 pi_loss=-0.014 v_loss=1.812 ent=2.421 kl=0.0086
[upd  136 | steps   69632 | t   42.1s | sps  1655] ret_mean=55.500 ep_len=500.0 pi_loss=-0.010 v_loss=1.008 ent=2.563 kl=-0.0021
[upd  137 | steps   70144 | t   42.2s | sps  1662] ret_mean=42.500 ep_len=500.0 pi_loss=-0.008 v_loss=1.981 ent=2.513 kl=0.0108
[upd  138 | steps   70656 | t   42.4s | sps  1668] ret_mean=0.000 ep_len=500.0 pi_loss=-0.020 v_loss=1.598 ent=2.980 kl=0.0055
[upd  139 | steps   71168 | t   42.5s | sps  1673] ret_mean=81.500 ep_len=500.0 pi_loss=-0.012 v_loss=1.902 ent=3.090 kl=0.0093
[upd  140 | steps   71680 | t   42.7s | sps  1679] ret_mean=0.000 ep_len=500.0 pi_loss=-0.015 v_loss=0.024 ent=3.129 kl=0.0063
[upd  141 | steps   72192 | t   42.8s | sps  1685] ret_mean=0.000 ep_len=500.0 pi_loss=-0.008 v_loss=1.787 ent=3.069 kl=0.0041
[upd  142 | steps   72704 | t   43.0s | sps  1691] ret_mean=117.000 ep_len=500.0 pi_loss=-0.017 v_loss=3.498 ent=2.567 kl=0.0140
[upd  143 | steps   73216 | t   43.2s | sps  1696] ret_mean=0.000 ep_len=500.0 pi_loss=-0.022 v_loss=0.017 ent=2.961 kl=0.0118
[upd  144 | steps   73728 | t   43.3s | sps  1702] ret_mean=0.000 ep_len=500.0 pi_loss=-0.011 v_loss=0.015 ent=2.369 kl=0.0087
[upd  145 | steps   74240 | t   43.5s | sps  1708] ret_mean=0.000 ep_len=500.0 pi_loss=-0.013 v_loss=0.012 ent=2.632 kl=0.0117
[upd  146 | steps   74752 | t   43.7s | sps  1712] ret_mean=0.000 ep_len=500.0 pi_loss=-0.016 v_loss=0.011 ent=2.568 kl=-0.0025
[upd  147 | steps   75264 | t   43.9s | sps  1716] ret_mean=0.000 ep_len=500.0 pi_loss=-0.012 v_loss=0.005 ent=3.377 kl=0.0017
[upd  148 | steps   75776 | t   44.0s | sps  1722] ret_mean=0.000 ep_len=500.0 pi_loss=-0.010 v_loss=2.151 ent=2.825 kl=0.0051
[upd  149 | steps   76288 | t   44.2s | sps  1727] ret_mean=97.000 ep_len=500.0 pi_loss=-0.009 v_loss=3.530 ent=2.400 kl=0.0102
[upd  150 | steps   76800 | t   44.3s | sps  1732] ret_mean=29.000 ep_len=500.0 pi_loss=-0.005 v_loss=1.100 ent=2.678 kl=0.0067
        [eval] ret_mean=3.833 ep_len=500.0
[upd  151 | steps   77312 | t   48.4s | sps  1596] ret_mean=0.000 ep_len=500.0 pi_loss=-0.013 v_loss=0.063 ent=2.542 kl=0.0036
[upd  152 | steps   77824 | t   48.6s | sps  1601] ret_mean=0.000 ep_len=500.0 pi_loss=-0.010 v_loss=0.019 ent=2.495 kl=0.0066
[upd  153 | steps   78336 | t   48.8s | sps  1606] ret_mean=65.000 ep_len=500.0 pi_loss=-0.010 v_loss=3.021 ent=2.085 kl=-0.0003
[upd  154 | steps   78848 | t   48.9s | sps  1611] ret_mean=0.000 ep_len=500.0 pi_loss=-0.012 v_loss=0.002 ent=2.565 kl=0.0094
[upd  155 | steps   79360 | t   49.1s | sps  1617] ret_mean=0.000 ep_len=500.0 pi_loss=-0.015 v_loss=0.012 ent=2.528 kl=0.0059
[upd  156 | steps   79872 | t   49.3s | sps  1621] ret_mean=0.000 ep_len=500.0 pi_loss=-0.012 v_loss=0.013 ent=2.414 kl=0.0101
[upd  157 | steps   80384 | t   49.4s | sps  1626] ret_mean=0.000 ep_len=500.0 pi_loss=-0.011 v_loss=0.006 ent=2.522 kl=0.0020
[upd  158 | steps   80896 | t   49.6s | sps  1632] ret_mean=0.000 ep_len=500.0 pi_loss=-0.013 v_loss=0.004 ent=2.484 kl=0.0083
[upd  159 | steps   81408 | t   49.7s | sps  1637] ret_mean=15.000 ep_len=500.0 pi_loss=-0.010 v_loss=1.642 ent=2.793 kl=0.0095
[upd  160 | steps   81920 | t   49.9s | sps  1642] ret_mean=77.000 ep_len=500.0 pi_loss=-0.011 v_loss=2.417 ent=2.860 kl=0.0005
[upd  161 | steps   82432 | t   50.0s | sps  1647] ret_mean=7.000 ep_len=500.0 pi_loss=-0.011 v_loss=1.377 ent=3.055 kl=0.0040
[upd  162 | steps   82944 | t   50.2s | sps  1652] ret_mean=95.000 ep_len=500.0 pi_loss=-0.010 v_loss=4.565 ent=2.528 kl=0.0078
[upd  163 | steps   83456 | t   50.4s | sps  1657] ret_mean=47.500 ep_len=500.0 pi_loss=-0.008 v_loss=0.419 ent=2.593 kl=0.0106
[upd  164 | steps   83968 | t   50.5s | sps  1662] ret_mean=0.000 ep_len=500.0 pi_loss=-0.011 v_loss=0.061 ent=2.475 kl=0.0071
[upd  165 | steps   84480 | t   50.7s | sps  1667] ret_mean=0.000 ep_len=500.0 pi_loss=-0.016 v_loss=0.044 ent=2.512 kl=0.0001
[upd  166 | steps   84992 | t   50.8s | sps  1672] ret_mean=0.000 ep_len=500.0 pi_loss=-0.013 v_loss=0.018 ent=2.806 kl=0.0090
[upd  167 | steps   85504 | t   51.0s | sps  1677] ret_mean=0.000 ep_len=500.0 pi_loss=-0.011 v_loss=0.107 ent=2.251 kl=0.0077
[upd  168 | steps   86016 | t   51.2s | sps  1680] ret_mean=36.000 ep_len=500.0 pi_loss=-0.006 v_loss=1.355 ent=2.586 kl=0.0037
[upd  169 | steps   86528 | t   51.4s | sps  1684] ret_mean=0.000 ep_len=500.0 pi_loss=-0.012 v_loss=0.013 ent=2.463 kl=0.0065
[upd  170 | steps   87040 | t   51.6s | sps  1688] ret_mean=0.000 ep_len=500.0 pi_loss=-0.014 v_loss=1.622 ent=2.913 kl=-0.0019
[upd  171 | steps   87552 | t   51.7s | sps  1692] ret_mean=58.500 ep_len=500.0 pi_loss=-0.007 v_loss=1.050 ent=2.736 kl=0.0088
[upd  172 | steps   88064 | t   51.9s | sps  1697] ret_mean=0.000 ep_len=500.0 pi_loss=-0.012 v_loss=0.007 ent=2.748 kl=0.0093
[upd  173 | steps   88576 | t   52.1s | sps  1701] ret_mean=0.000 ep_len=500.0 pi_loss=-0.009 v_loss=0.010 ent=2.509 kl=0.0035
[upd  174 | steps   89088 | t   52.2s | sps  1706] ret_mean=0.000 ep_len=500.0 pi_loss=-0.014 v_loss=9.920 ent=2.169 kl=0.0071
[upd  175 | steps   89600 | t   52.4s | sps  1711] ret_mean=153.000 ep_len=500.0 pi_loss=-0.015 v_loss=2.216 ent=2.496 kl=0.0123
        [eval] ret_mean=4.167 ep_len=500.0
[upd  176 | steps   90112 | t   56.5s | sps  1594] ret_mean=22.500 ep_len=500.0 pi_loss=-0.009 v_loss=0.651 ent=2.749 kl=0.0120
[upd  177 | steps   90624 | t   56.7s | sps  1598] ret_mean=55.000 ep_len=500.0 pi_loss=-0.012 v_loss=1.909 ent=2.482 kl=0.0134
[upd  178 | steps   91136 | t   56.8s | sps  1603] ret_mean=117.000 ep_len=500.0 pi_loss=-0.010 v_loss=4.519 ent=2.165 kl=0.0093
[upd  179 | steps   91648 | t   57.0s | sps  1608] ret_mean=0.000 ep_len=500.0 pi_loss=-0.015 v_loss=0.034 ent=2.753 kl=0.0125
[upd  180 | steps   92160 | t   57.2s | sps  1613] ret_mean=13.000 ep_len=500.0 pi_loss=-0.012 v_loss=0.388 ent=2.473 kl=0.0060
[upd  181 | steps   92672 | t   57.3s | sps  1617] ret_mean=0.000 ep_len=500.0 pi_loss=-0.016 v_loss=0.042 ent=3.033 kl=0.0093
[upd  182 | steps   93184 | t   57.5s | sps  1622] ret_mean=20.000 ep_len=500.0 pi_loss=-0.013 v_loss=0.544 ent=3.241 kl=0.0066
[upd  183 | steps   93696 | t   57.6s | sps  1626] ret_mean=8.500 ep_len=500.0 pi_loss=-0.011 v_loss=0.915 ent=2.924 kl=0.0013
[upd  184 | steps   94208 | t   57.8s | sps  1631] ret_mean=57.500 ep_len=500.0 pi_loss=-0.008 v_loss=1.339 ent=2.652 kl=0.0027
[upd  185 | steps   94720 | t   57.9s | sps  1635] ret_mean=39.000 ep_len=500.0 pi_loss=-0.015 v_loss=1.509 ent=2.957 kl=0.0014
[upd  186 | steps   95232 | t   58.1s | sps  1639] ret_mean=0.000 ep_len=500.0 pi_loss=-0.019 v_loss=0.073 ent=3.218 kl=0.0228
[upd  187 | steps   95744 | t   58.3s | sps  1643] ret_mean=0.000 ep_len=500.0 pi_loss=-0.009 v_loss=0.022 ent=2.835 kl=0.0033
[upd  188 | steps   96256 | t   58.4s | sps  1648] ret_mean=0.000 ep_len=500.0 pi_loss=-0.010 v_loss=0.727 ent=3.165 kl=0.0032
[upd  189 | steps   96768 | t   58.6s | sps  1652] ret_mean=101.500 ep_len=500.0 pi_loss=-0.009 v_loss=3.401 ent=2.312 kl=0.0050
[upd  190 | steps   97280 | t   58.7s | sps  1656] ret_mean=0.000 ep_len=500.0 pi_loss=-0.013 v_loss=0.054 ent=3.064 kl=0.0082
[upd  191 | steps   97792 | t   58.9s | sps  1661] ret_mean=1.500 ep_len=500.0 pi_loss=-0.010 v_loss=1.585 ent=2.975 kl=0.0097
[upd  192 | steps   98304 | t   59.0s | sps  1665] ret_mean=50.000 ep_len=500.0 pi_loss=-0.016 v_loss=1.774 ent=2.986 kl=-0.0037
[upd  193 | steps   98816 | t   59.2s | sps  1669] ret_mean=47.000 ep_len=500.0 pi_loss=-0.012 v_loss=0.190 ent=3.096 kl=0.0035
[upd  194 | steps   99328 | t   59.4s | sps  1673] ret_mean=0.000 ep_len=500.0 pi_loss=-0.015 v_loss=0.011 ent=3.191 kl=0.0041
[upd  195 | steps   99840 | t   59.5s | sps  1678] ret_mean=4.000 ep_len=500.0 pi_loss=-0.009 v_loss=0.087 ent=3.121 kl=0.0116
[upd  196 | steps  100352 | t   59.7s | sps  1682] ret_mean=0.000 ep_len=500.0 pi_loss=-0.013 v_loss=0.043 ent=3.060 kl=0.0077
[upd  197 | steps  100864 | t   59.8s | sps  1685] ret_mean=2.500 ep_len=500.0 pi_loss=-0.013 v_loss=0.004 ent=2.946 kl=0.0082
[upd  198 | steps  101376 | t   60.0s | sps  1690] ret_mean=19.000 ep_len=500.0 pi_loss=-0.016 v_loss=1.777 ent=2.668 kl=0.0072
[upd  199 | steps  101888 | t   60.2s | sps  1694] ret_mean=33.000 ep_len=500.0 pi_loss=-0.012 v_loss=0.369 ent=2.965 kl=0.0025
[upd  200 | steps  102400 | t   60.3s | sps  1698] ret_mean=14.500 ep_len=500.0 pi_loss=-0.014 v_loss=0.008 ent=3.226 kl=0.0080
        [eval] ret_mean=4.167 ep_len=500.0
[upd  201 | steps  102912 | t   64.3s | sps  1599] ret_mean=0.000 ep_len=500.0 pi_loss=-0.013 v_loss=0.008 ent=2.779 kl=0.0150
[upd  202 | steps  103424 | t   64.5s | sps  1603] ret_mean=84.000 ep_len=500.0 pi_loss=-0.015 v_loss=4.194 ent=2.315 kl=0.0074
[upd  203 | steps  103936 | t   64.7s | sps  1608] ret_mean=102.000 ep_len=500.0 pi_loss=-0.015 v_loss=4.746 ent=2.119 kl=0.0079
[upd  204 | steps  104448 | t   64.8s | sps  1611] ret_mean=0.000 ep_len=500.0 pi_loss=-0.008 v_loss=0.032 ent=2.771 kl=0.0062
[upd  205 | steps  104960 | t   65.0s | sps  1615] ret_mean=110.500 ep_len=500.0 pi_loss=-0.012 v_loss=4.533 ent=2.249 kl=0.0029
[upd  206 | steps  105472 | t   65.2s | sps  1619] ret_mean=41.500 ep_len=500.0 pi_loss=-0.011 v_loss=1.176 ent=2.714 kl=0.0104
[upd  207 | steps  105984 | t   65.3s | sps  1622] ret_mean=49.500 ep_len=500.0 pi_loss=-0.012 v_loss=2.132 ent=2.570 kl=0.0140
[upd  208 | steps  106496 | t   65.5s | sps  1626] ret_mean=0.000 ep_len=500.0 pi_loss=-0.014 v_loss=0.010 ent=3.173 kl=0.0050
[upd  209 | steps  107008 | t   65.6s | sps  1630] ret_mean=0.000 ep_len=500.0 pi_loss=-0.011 v_loss=0.035 ent=2.186 kl=0.0135
[upd  210 | steps  107520 | t   65.8s | sps  1634] ret_mean=0.000 ep_len=500.0 pi_loss=-0.013 v_loss=0.645 ent=3.169 kl=0.0029
[upd  211 | steps  108032 | t   66.0s | sps  1638] ret_mean=108.500 ep_len=500.0 pi_loss=-0.008 v_loss=4.526 ent=2.329 kl=0.0020
[upd  212 | steps  108544 | t   66.1s | sps  1642] ret_mean=62.500 ep_len=500.0 pi_loss=-0.011 v_loss=2.532 ent=2.509 kl=0.0137
[upd  213 | steps  109056 | t   66.3s | sps  1646] ret_mean=0.000 ep_len=500.0 pi_loss=-0.010 v_loss=0.015 ent=2.351 kl=0.0079
[upd  214 | steps  109568 | t   66.4s | sps  1650] ret_mean=0.000 ep_len=500.0 pi_loss=-0.009 v_loss=3.663 ent=2.575 kl=0.0001
[upd  215 | steps  110080 | t   66.6s | sps  1654] ret_mean=132.000 ep_len=500.0 pi_loss=-0.009 v_loss=4.059 ent=2.024 kl=0.0114
[upd  216 | steps  110592 | t   66.7s | sps  1657] ret_mean=5.500 ep_len=500.0 pi_loss=-0.014 v_loss=0.310 ent=2.391 kl=0.0024
[upd  217 | steps  111104 | t   66.9s | sps  1661] ret_mean=25.000 ep_len=500.0 pi_loss=-0.012 v_loss=1.750 ent=2.289 kl=0.0087
[upd  218 | steps  111616 | t   67.0s | sps  1665] ret_mean=52.500 ep_len=500.0 pi_loss=-0.009 v_loss=0.911 ent=2.316 kl=0.0128
[upd  219 | steps  112128 | t   67.2s | sps  1669] ret_mean=62.500 ep_len=500.0 pi_loss=-0.013 v_loss=3.232 ent=2.352 kl=0.0051
[upd  220 | steps  112640 | t   67.4s | sps  1672] ret_mean=0.000 ep_len=500.0 pi_loss=-0.014 v_loss=1.148 ent=2.774 kl=0.0106
[upd  221 | steps  113152 | t   67.5s | sps  1676] ret_mean=79.500 ep_len=500.0 pi_loss=-0.011 v_loss=2.202 ent=2.183 kl=0.0085
[upd  222 | steps  113664 | t   67.7s | sps  1680] ret_mean=0.000 ep_len=500.0 pi_loss=-0.014 v_loss=0.021 ent=2.004 kl=0.0174
[upd  223 | steps  114176 | t   67.8s | sps  1683] ret_mean=0.000 ep_len=500.0 pi_loss=-0.012 v_loss=0.026 ent=2.256 kl=0.0030
[upd  224 | steps  114688 | t   68.0s | sps  1687] ret_mean=0.000 ep_len=500.0 pi_loss=-0.015 v_loss=0.020 ent=2.239 kl=0.0083
[upd  225 | steps  115200 | t   68.1s | sps  1691] ret_mean=0.000 ep_len=500.0 pi_loss=-0.005 v_loss=0.004 ent=1.984 kl=0.0083
        [eval] ret_mean=10.333 ep_len=500.0
[upd  226 | steps  115712 | t   72.1s | sps  1605] ret_mean=50.000 ep_len=500.0 pi_loss=-0.010 v_loss=2.267 ent=2.192 kl=0.0236
[upd  227 | steps  116224 | t   72.2s | sps  1609] ret_mean=51.500 ep_len=500.0 pi_loss=-0.012 v_loss=2.371 ent=2.822 kl=0.0216
[upd  228 | steps  116736 | t   72.4s | sps  1613] ret_mean=124.500 ep_len=500.0 pi_loss=-0.013 v_loss=6.023 ent=1.885 kl=0.0082
[upd  229 | steps  117248 | t   72.5s | sps  1616] ret_mean=59.000 ep_len=500.0 pi_loss=-0.009 v_loss=2.924 ent=2.806 kl=-0.0010
[upd  230 | steps  117760 | t   72.7s | sps  1620] ret_mean=164.500 ep_len=500.0 pi_loss=-0.011 v_loss=11.464 ent=1.844 kl=0.0069
[upd  231 | steps  118272 | t   72.9s | sps  1623] ret_mean=0.000 ep_len=500.0 pi_loss=-0.010 v_loss=0.047 ent=2.467 kl=0.0070
[upd  232 | steps  118784 | t   73.0s | sps  1627] ret_mean=0.000 ep_len=500.0 pi_loss=-0.015 v_loss=0.708 ent=2.387 kl=0.0070
[upd  233 | steps  119296 | t   73.2s | sps  1630] ret_mean=116.500 ep_len=500.0 pi_loss=-0.012 v_loss=4.223 ent=2.157 kl=0.0107
[upd  234 | steps  119808 | t   73.4s | sps  1632] ret_mean=71.500 ep_len=500.0 pi_loss=-0.008 v_loss=4.188 ent=2.029 kl=0.0060
[upd  235 | steps  120320 | t   73.6s | sps  1636] ret_mean=53.000 ep_len=500.0 pi_loss=-0.010 v_loss=2.037 ent=2.413 kl=0.0063
[upd  236 | steps  120832 | t   73.7s | sps  1639] ret_mean=104.000 ep_len=500.0 pi_loss=-0.014 v_loss=3.285 ent=2.246 kl=0.0088
[upd  237 | steps  121344 | t   73.9s | sps  1642] ret_mean=24.000 ep_len=500.0 pi_loss=-0.013 v_loss=0.962 ent=2.720 kl=-0.0038
[upd  238 | steps  121856 | t   74.0s | sps  1646] ret_mean=100.500 ep_len=500.0 pi_loss=-0.011 v_loss=5.612 ent=1.921 kl=0.0092
[upd  239 | steps  122368 | t   74.2s | sps  1649] ret_mean=51.500 ep_len=500.0 pi_loss=-0.012 v_loss=1.597 ent=1.920 kl=-0.0021
[upd  240 | steps  122880 | t   74.4s | sps  1653] ret_mean=66.500 ep_len=500.0 pi_loss=-0.007 v_loss=0.684 ent=2.662 kl=0.0057
[upd  241 | steps  123392 | t   74.5s | sps  1656] ret_mean=78.500 ep_len=500.0 pi_loss=-0.022 v_loss=3.340 ent=2.127 kl=0.0178
[upd  242 | steps  123904 | t   74.7s | sps  1659] ret_mean=75.000 ep_len=500.0 pi_loss=-0.012 v_loss=3.276 ent=2.177 kl=0.0083
[upd  243 | steps  124416 | t   74.8s | sps  1662] ret_mean=36.500 ep_len=500.0 pi_loss=-0.011 v_loss=2.081 ent=2.506 kl=0.0041
[upd  244 | steps  124928 | t   75.0s | sps  1666] ret_mean=101.000 ep_len=500.0 pi_loss=-0.008 v_loss=3.592 ent=1.838 kl=0.0094
[upd  245 | steps  125440 | t   75.1s | sps  1669] ret_mean=59.500 ep_len=500.0 pi_loss=-0.008 v_loss=0.248 ent=2.239 kl=0.0041
[upd  246 | steps  125952 | t   75.3s | sps  1673] ret_mean=36.000 ep_len=500.0 pi_loss=-0.011 v_loss=2.549 ent=2.224 kl=0.0043
[upd  247 | steps  126464 | t   75.5s | sps  1676] ret_mean=82.500 ep_len=500.0 pi_loss=-0.009 v_loss=3.876 ent=2.165 kl=0.0048
[upd  248 | steps  126976 | t   75.6s | sps  1679] ret_mean=112.500 ep_len=500.0 pi_loss=-0.012 v_loss=5.783 ent=1.870 kl=0.0075
[upd  249 | steps  127488 | t   75.8s | sps  1683] ret_mean=131.500 ep_len=500.0 pi_loss=-0.010 v_loss=3.583 ent=2.108 kl=0.0041
[upd  250 | steps  128000 | t   75.9s | sps  1686] ret_mean=120.000 ep_len=500.0 pi_loss=-0.011 v_loss=4.062 ent=2.218 kl=0.0099
        [eval] ret_mean=23.900 ep_len=500.0
[upd  251 | steps  128512 | t   79.8s | sps  1611] ret_mean=80.500 ep_len=500.0 pi_loss=-0.013 v_loss=2.488 ent=2.564 kl=0.0072
[upd  252 | steps  129024 | t   79.9s | sps  1614] ret_mean=60.500 ep_len=500.0 pi_loss=-0.010 v_loss=1.745 ent=1.972 kl=0.0043
[upd  253 | steps  129536 | t   80.1s | sps  1617] ret_mean=0.000 ep_len=500.0 pi_loss=-0.016 v_loss=0.270 ent=2.106 kl=0.0128
[upd  254 | steps  130048 | t   80.2s | sps  1621] ret_mean=50.500 ep_len=500.0 pi_loss=-0.012 v_loss=1.833 ent=2.258 kl=0.0183
[upd  255 | steps  130560 | t   80.4s | sps  1624] ret_mean=89.500 ep_len=500.0 pi_loss=-0.013 v_loss=3.246 ent=2.053 kl=0.0153
[upd  256 | steps  131072 | t   80.5s | sps  1627] ret_mean=50.500 ep_len=500.0 pi_loss=-0.008 v_loss=1.257 ent=1.979 kl=0.0023
[upd  257 | steps  131584 | t   80.7s | sps  1630] ret_mean=0.000 ep_len=500.0 pi_loss=-0.015 v_loss=0.373 ent=2.916 kl=0.0065
[upd  258 | steps  132096 | t   80.9s | sps  1634] ret_mean=57.500 ep_len=500.0 pi_loss=-0.014 v_loss=1.641 ent=2.532 kl=0.0052
[upd  259 | steps  132608 | t   81.0s | sps  1637] ret_mean=99.500 ep_len=500.0 pi_loss=-0.008 v_loss=4.591 ent=1.835 kl=0.0037
[upd  260 | steps  133120 | t   81.2s | sps  1640] ret_mean=59.500 ep_len=500.0 pi_loss=-0.008 v_loss=0.899 ent=2.097 kl=0.0016
[upd  261 | steps  133632 | t   81.3s | sps  1643] ret_mean=0.000 ep_len=500.0 pi_loss=-0.018 v_loss=0.382 ent=2.658 kl=0.0149
[upd  262 | steps  134144 | t   81.5s | sps  1647] ret_mean=0.000 ep_len=500.0 pi_loss=-0.015 v_loss=0.750 ent=2.648 kl=0.0235
[upd  263 | steps  134656 | t   81.6s | sps  1650] ret_mean=123.500 ep_len=500.0 pi_loss=-0.013 v_loss=2.349 ent=1.849 kl=0.0077
[upd  264 | steps  135168 | t   81.8s | sps  1653] ret_mean=0.000 ep_len=500.0 pi_loss=-0.012 v_loss=0.214 ent=2.933 kl=0.0072
[upd  265 | steps  135680 | t   81.9s | sps  1656] ret_mean=27.000 ep_len=500.0 pi_loss=-0.010 v_loss=2.506 ent=2.476 kl=-0.0007
[upd  266 | steps  136192 | t   82.1s | sps  1659] ret_mean=70.500 ep_len=500.0 pi_loss=-0.010 v_loss=1.812 ent=2.348 kl=0.0053
[upd  267 | steps  136704 | t   82.2s | sps  1663] ret_mean=100.500 ep_len=500.0 pi_loss=-0.008 v_loss=2.226 ent=2.001 kl=0.0062
[upd  268 | steps  137216 | t   82.4s | sps  1666] ret_mean=0.000 ep_len=500.0 pi_loss=-0.010 v_loss=0.134 ent=2.668 kl=0.0068
[upd  269 | steps  137728 | t   82.5s | sps  1669] ret_mean=0.000 ep_len=500.0 pi_loss=-0.018 v_loss=1.851 ent=2.525 kl=0.0045
[upd  270 | steps  138240 | t   82.7s | sps  1672] ret_mean=67.000 ep_len=500.0 pi_loss=-0.017 v_loss=1.042 ent=2.439 kl=0.0116
[upd  271 | steps  138752 | t   82.8s | sps  1675] ret_mean=87.500 ep_len=500.0 pi_loss=-0.015 v_loss=3.832 ent=1.853 kl=0.0075
[upd  272 | steps  139264 | t   83.0s | sps  1678] ret_mean=103.500 ep_len=500.0 pi_loss=-0.010 v_loss=3.161 ent=2.033 kl=0.0091
[upd  273 | steps  139776 | t   83.1s | sps  1681] ret_mean=47.000 ep_len=500.0 pi_loss=-0.014 v_loss=6.873 ent=2.421 kl=0.0070
[upd  274 | steps  140288 | t   83.3s | sps  1684] ret_mean=128.000 ep_len=500.0 pi_loss=-0.012 v_loss=1.942 ent=2.533 kl=0.0007
[upd  275 | steps  140800 | t   83.4s | sps  1687] ret_mean=46.500 ep_len=500.0 pi_loss=-0.013 v_loss=2.352 ent=2.515 kl=-0.0015
        [eval] ret_mean=27.367 ep_len=500.0
[upd  276 | steps  141312 | t   87.4s | sps  1617] ret_mean=0.000 ep_len=500.0 pi_loss=-0.015 v_loss=0.319 ent=3.173 kl=0.0109
[upd  277 | steps  141824 | t   87.5s | sps  1620] ret_mean=0.000 ep_len=500.0 pi_loss=-0.015 v_loss=0.203 ent=2.742 kl=0.0118
[upd  278 | steps  142336 | t   87.7s | sps  1623] ret_mean=11.000 ep_len=500.0 pi_loss=-0.014 v_loss=1.013 ent=2.831 kl=-0.0004
[upd  279 | steps  142848 | t   87.8s | sps  1626] ret_mean=28.000 ep_len=500.0 pi_loss=-0.016 v_loss=0.765 ent=3.059 kl=0.0054
[upd  280 | steps  143360 | t   88.0s | sps  1629] ret_mean=7.000 ep_len=500.0 pi_loss=-0.013 v_loss=0.478 ent=2.993 kl=0.0058
[upd  281 | steps  143872 | t   88.1s | sps  1632] ret_mean=73.000 ep_len=500.0 pi_loss=-0.017 v_loss=3.000 ent=2.337 kl=0.0148
[upd  282 | steps  144384 | t   88.4s | sps  1634] ret_mean=35.000 ep_len=500.0 pi_loss=-0.013 v_loss=1.164 ent=2.928 kl=0.0042
[upd  283 | steps  144896 | t   88.5s | sps  1637] ret_mean=0.000 ep_len=500.0 pi_loss=-0.012 v_loss=0.157 ent=2.770 kl=0.0084
[upd  284 | steps  145408 | t   88.7s | sps  1639] ret_mean=0.000 ep_len=500.0 pi_loss=-0.018 v_loss=0.124 ent=3.164 kl=-0.0008
[upd  285 | steps  145920 | t   88.9s | sps  1642] ret_mean=0.000 ep_len=500.0 pi_loss=-0.014 v_loss=0.077 ent=3.108 kl=0.0055
[upd  286 | steps  146432 | t   89.0s | sps  1645] ret_mean=0.000 ep_len=500.0 pi_loss=-0.013 v_loss=0.214 ent=2.705 kl=0.0032
[upd  287 | steps  146944 | t   89.2s | sps  1648] ret_mean=77.500 ep_len=500.0 pi_loss=-0.013 v_loss=3.331 ent=2.258 kl=0.0068
[upd  288 | steps  147456 | t   89.4s | sps  1650] ret_mean=8.000 ep_len=500.0 pi_loss=-0.017 v_loss=0.065 ent=3.053 kl=0.0079
[upd  289 | steps  147968 | t   89.5s | sps  1653] ret_mean=2.500 ep_len=500.0 pi_loss=-0.011 v_loss=0.087 ent=2.758 kl=-0.0033
[upd  290 | steps  148480 | t   89.7s | sps  1655] ret_mean=31.000 ep_len=500.0 pi_loss=-0.010 v_loss=1.359 ent=2.547 kl=0.0142
[upd  291 | steps  148992 | t   89.9s | sps  1658] ret_mean=68.000 ep_len=500.0 pi_loss=-0.010 v_loss=3.215 ent=2.153 kl=0.0072
[upd  292 | steps  149504 | t   90.0s | sps  1660] ret_mean=27.000 ep_len=500.0 pi_loss=-0.014 v_loss=0.805 ent=3.018 kl=0.0029
[upd  293 | steps  150016 | t   90.2s | sps  1663] ret_mean=73.500 ep_len=500.0 pi_loss=-0.007 v_loss=3.608 ent=2.214 kl=0.0005
[upd  294 | steps  150528 | t   90.4s | sps  1665] ret_mean=87.000 ep_len=500.0 pi_loss=-0.023 v_loss=3.830 ent=2.243 kl=0.0167
[upd  295 | steps  151040 | t   90.6s | sps  1667] ret_mean=102.000 ep_len=500.0 pi_loss=-0.008 v_loss=4.928 ent=1.836 kl=0.0061
[upd  296 | steps  151552 | t   90.8s | sps  1670] ret_mean=111.500 ep_len=500.0 pi_loss=-0.012 v_loss=4.637 ent=2.066 kl=0.0075
[upd  297 | steps  152064 | t   91.0s | sps  1671] ret_mean=144.500 ep_len=500.0 pi_loss=-0.011 v_loss=2.193 ent=2.086 kl=0.0125
[upd  298 | steps  152576 | t   91.2s | sps  1674] ret_mean=0.000 ep_len=500.0 pi_loss=-0.016 v_loss=1.254 ent=2.895 kl=-0.0037
[upd  299 | steps  153088 | t   91.3s | sps  1676] ret_mean=85.000 ep_len=500.0 pi_loss=-0.012 v_loss=3.886 ent=1.853 kl=0.0067
[upd  300 | steps  153600 | t   91.5s | sps  1679] ret_mean=112.500 ep_len=500.0 pi_loss=-0.008 v_loss=2.331 ent=2.254 kl=0.0073
        [eval] ret_mean=18.700 ep_len=500.0
[upd  301 | steps  154112 | t   95.9s | sps  1606] ret_mean=63.500 ep_len=500.0 pi_loss=-0.012 v_loss=3.471 ent=2.602 kl=0.0038
[upd  302 | steps  154624 | t   96.2s | sps  1608] ret_mean=99.500 ep_len=500.0 pi_loss=-0.013 v_loss=2.747 ent=2.005 kl=-0.0009
[upd  303 | steps  155136 | t   96.3s | sps  1610] ret_mean=17.000 ep_len=500.0 pi_loss=-0.007 v_loss=0.937 ent=2.614 kl=0.0148
[upd  304 | steps  155648 | t   96.5s | sps  1613] ret_mean=153.500 ep_len=500.0 pi_loss=-0.010 v_loss=7.352 ent=1.491 kl=-0.0044
[upd  305 | steps  156160 | t   96.7s | sps  1615] ret_mean=114.000 ep_len=500.0 pi_loss=-0.011 v_loss=3.029 ent=1.798 kl=0.0066
[upd  306 | steps  156672 | t   96.9s | sps  1617] ret_mean=0.000 ep_len=500.0 pi_loss=-0.007 v_loss=0.755 ent=2.883 kl=0.0022
[upd  307 | steps  157184 | t   97.1s | sps  1619] ret_mean=118.500 ep_len=500.0 pi_loss=-0.011 v_loss=3.006 ent=1.639 kl=0.0070
[upd  308 | steps  157696 | t   97.3s | sps  1621] ret_mean=104.500 ep_len=500.0 pi_loss=-0.016 v_loss=5.732 ent=1.618 kl=0.0055
[upd  309 | steps  158208 | t   97.4s | sps  1624] ret_mean=72.500 ep_len=500.0 pi_loss=-0.011 v_loss=2.065 ent=2.498 kl=0.0055
[upd  310 | steps  158720 | t   97.6s | sps  1626] ret_mean=121.500 ep_len=500.0 pi_loss=-0.007 v_loss=3.516 ent=1.647 kl=0.0010
[upd  311 | steps  159232 | t   97.8s | sps  1628] ret_mean=119.500 ep_len=500.0 pi_loss=-0.007 v_loss=3.037 ent=1.503 kl=0.0031
[upd  312 | steps  159744 | t   98.0s | sps  1630] ret_mean=125.000 ep_len=500.0 pi_loss=-0.009 v_loss=2.361 ent=1.246 kl=0.0178
[upd  313 | steps  160256 | t   98.2s | sps  1633] ret_mean=0.000 ep_len=500.0 pi_loss=-0.013 v_loss=0.153 ent=2.940 kl=0.0095
[upd  314 | steps  160768 | t   98.3s | sps  1635] ret_mean=0.000 ep_len=500.0 pi_loss=-0.008 v_loss=0.494 ent=1.803 kl=0.0034
[upd  315 | steps  161280 | t   98.5s | sps  1638] ret_mean=0.000 ep_len=500.0 pi_loss=-0.009 v_loss=0.594 ent=2.810 kl=0.0047
[upd  316 | steps  161792 | t   98.6s | sps  1640] ret_mean=87.000 ep_len=500.0 pi_loss=-0.007 v_loss=3.434 ent=1.153 kl=0.0020
[upd  317 | steps  162304 | t   98.8s | sps  1643] ret_mean=117.000 ep_len=500.0 pi_loss=-0.013 v_loss=2.547 ent=1.393 kl=0.0203
[upd  318 | steps  162816 | t   99.0s | sps  1645] ret_mean=20.000 ep_len=500.0 pi_loss=-0.009 v_loss=1.131 ent=2.345 kl=0.0221
[upd  319 | steps  163328 | t   99.1s | sps  1647] ret_mean=0.000 ep_len=500.0 pi_loss=-0.015 v_loss=1.444 ent=1.741 kl=0.0211
[upd  320 | steps  163840 | t   99.3s | sps  1650] ret_mean=106.000 ep_len=500.0 pi_loss=-0.012 v_loss=5.471 ent=1.339 kl=0.0032
[upd  321 | steps  164352 | t   99.5s | sps  1652] ret_mean=127.500 ep_len=500.0 pi_loss=-0.013 v_loss=2.653 ent=2.060 kl=0.0179
[upd  322 | steps  164864 | t   99.7s | sps  1654] ret_mean=1.500 ep_len=500.0 pi_loss=-0.014 v_loss=1.346 ent=2.292 kl=-0.0004
[upd  323 | steps  165376 | t   99.8s | sps  1656] ret_mean=120.500 ep_len=500.0 pi_loss=-0.008 v_loss=4.916 ent=1.276 kl=-0.0001
[upd  324 | steps  165888 | t  100.0s | sps  1659] ret_mean=137.000 ep_len=500.0 pi_loss=-0.011 v_loss=3.366 ent=1.052 kl=0.0049
[upd  325 | steps  166400 | t  100.2s | sps  1661] ret_mean=123.000 ep_len=500.0 pi_loss=-0.011 v_loss=2.413 ent=1.330 kl=0.0081
        [eval] ret_mean=4.150 ep_len=500.0
[upd  326 | steps  166912 | t  104.7s | sps  1594] ret_mean=0.000 ep_len=500.0 pi_loss=-0.012 v_loss=0.485 ent=1.991 kl=0.0078
[upd  327 | steps  167424 | t  104.9s | sps  1596] ret_mean=122.500 ep_len=500.0 pi_loss=-0.008 v_loss=3.512 ent=0.891 kl=0.0104
[upd  328 | steps  167936 | t  105.1s | sps  1598] ret_mean=0.000 ep_len=500.0 pi_loss=-0.012 v_loss=0.547 ent=2.295 kl=0.0055
[upd  329 | steps  168448 | t  105.2s | sps  1600] ret_mean=0.000 ep_len=500.0 pi_loss=-0.012 v_loss=0.278 ent=2.095 kl=0.0073
[upd  330 | steps  168960 | t  105.4s | sps  1603] ret_mean=93.000 ep_len=500.0 pi_loss=-0.007 v_loss=3.269 ent=1.219 kl=0.0114
[upd  331 | steps  169472 | t  105.6s | sps  1605] ret_mean=98.000 ep_len=500.0 pi_loss=-0.011 v_loss=3.042 ent=0.902 kl=0.0086
[upd  332 | steps  169984 | t  105.7s | sps  1608] ret_mean=19.500 ep_len=500.0 pi_loss=-0.011 v_loss=0.992 ent=2.387 kl=0.0087
[upd  333 | steps  170496 | t  105.9s | sps  1610] ret_mean=96.000 ep_len=500.0 pi_loss=-0.010 v_loss=2.989 ent=1.070 kl=0.0025
[upd  334 | steps  171008 | t  106.0s | sps  1613] ret_mean=120.000 ep_len=500.0 pi_loss=-0.007 v_loss=4.354 ent=0.791 kl=0.0075
[upd  335 | steps  171520 | t  106.2s | sps  1615] ret_mean=30.500 ep_len=500.0 pi_loss=-0.004 v_loss=1.776 ent=1.856 kl=0.0000
[upd  336 | steps  172032 | t  106.4s | sps  1618] ret_mean=117.500 ep_len=500.0 pi_loss=-0.010 v_loss=2.502 ent=1.325 kl=0.0093
[upd  337 | steps  172544 | t  106.5s | sps  1620] ret_mean=34.500 ep_len=500.0 pi_loss=-0.015 v_loss=1.016 ent=1.932 kl=0.0027
[upd  338 | steps  173056 | t  106.7s | sps  1622] ret_mean=2.000 ep_len=500.0 pi_loss=-0.011 v_loss=1.548 ent=2.293 kl=0.0057
[upd  339 | steps  173568 | t  106.8s | sps  1625] ret_mean=116.500 ep_len=500.0 pi_loss=-0.006 v_loss=3.129 ent=0.960 kl=0.0074
[upd  340 | steps  174080 | t  107.0s | sps  1627] ret_mean=118.500 ep_len=500.0 pi_loss=-0.013 v_loss=2.333 ent=1.430 kl=0.0170
[upd  341 | steps  174592 | t  107.2s | sps  1629] ret_mean=2.000 ep_len=500.0 pi_loss=-0.013 v_loss=0.701 ent=2.423 kl=0.0155
[upd  342 | steps  175104 | t  107.3s | sps  1632] ret_mean=0.000 ep_len=500.0 pi_loss=-0.013 v_loss=1.425 ent=2.356 kl=0.0015
[upd  343 | steps  175616 | t  107.5s | sps  1634] ret_mean=121.000 ep_len=500.0 pi_loss=-0.014 v_loss=3.115 ent=1.463 kl=0.0102
[upd  344 | steps  176128 | t  107.6s | sps  1636] ret_mean=58.500 ep_len=500.0 pi_loss=-0.017 v_loss=2.079 ent=2.053 kl=0.0062
[upd  345 | steps  176640 | t  107.8s | sps  1639] ret_mean=120.000 ep_len=500.0 pi_loss=-0.011 v_loss=2.772 ent=1.188 kl=0.0054
[upd  346 | steps  177152 | t  108.0s | sps  1641] ret_mean=49.500 ep_len=500.0 pi_loss=-0.008 v_loss=1.186 ent=1.505 kl=0.0030
[upd  347 | steps  177664 | t  108.1s | sps  1643] ret_mean=63.000 ep_len=500.0 pi_loss=-0.012 v_loss=1.792 ent=0.865 kl=0.0063
[upd  348 | steps  178176 | t  108.3s | sps  1646] ret_mean=79.000 ep_len=500.0 pi_loss=-0.006 v_loss=2.409 ent=1.337 kl=0.0002
[upd  349 | steps  178688 | t  108.4s | sps  1648] ret_mean=96.500 ep_len=500.0 pi_loss=-0.007 v_loss=7.875 ent=0.687 kl=0.0038
[upd  350 | steps  179200 | t  108.6s | sps  1650] ret_mean=186.500 ep_len=500.0 pi_loss=-0.004 v_loss=3.118 ent=1.197 kl=0.0065
        [eval] ret_mean=23.633 ep_len=500.0
[upd  351 | steps  179712 | t  112.5s | sps  1598] ret_mean=35.500 ep_len=500.0 pi_loss=-0.013 v_loss=2.192 ent=2.269 kl=0.0051
[upd  352 | steps  180224 | t  112.7s | sps  1600] ret_mean=95.500 ep_len=500.0 pi_loss=-0.012 v_loss=3.904 ent=1.307 kl=0.0069
[upd  353 | steps  180736 | t  112.8s | sps  1602] ret_mean=150.500 ep_len=500.0 pi_loss=-0.007 v_loss=6.255 ent=1.281 kl=0.0017
[upd  354 | steps  181248 | t  113.0s | sps  1604] ret_mean=122.500 ep_len=500.0 pi_loss=-0.008 v_loss=2.903 ent=1.437 kl=0.0048
[upd  355 | steps  181760 | t  113.1s | sps  1607] ret_mean=38.500 ep_len=500.0 pi_loss=-0.014 v_loss=1.664 ent=2.463 kl=0.0161
[upd  356 | steps  182272 | t  113.3s | sps  1609] ret_mean=122.000 ep_len=500.0 pi_loss=-0.012 v_loss=5.538 ent=1.271 kl=-0.0017
[upd  357 | steps  182784 | t  113.5s | sps  1611] ret_mean=114.500 ep_len=500.0 pi_loss=-0.014 v_loss=4.418 ent=2.058 kl=0.0081
[upd  358 | steps  183296 | t  113.6s | sps  1613] ret_mean=59.000 ep_len=500.0 pi_loss=-0.007 v_loss=3.273 ent=1.831 kl=0.0119
[upd  359 | steps  183808 | t  113.8s | sps  1615] ret_mean=32.500 ep_len=500.0 pi_loss=-0.009 v_loss=4.470 ent=2.246 kl=0.0069
[upd  360 | steps  184320 | t  113.9s | sps  1618] ret_mean=146.500 ep_len=500.0 pi_loss=-0.013 v_loss=3.024 ent=1.736 kl=0.0160
[upd  361 | steps  184832 | t  114.1s | sps  1620] ret_mean=86.500 ep_len=500.0 pi_loss=-0.009 v_loss=2.427 ent=1.889 kl=0.0114
[upd  362 | steps  185344 | t  114.3s | sps  1622] ret_mean=0.000 ep_len=500.0 pi_loss=-0.015 v_loss=1.024 ent=2.639 kl=0.0218
[upd  363 | steps  185856 | t  114.4s | sps  1624] ret_mean=21.500 ep_len=500.0 pi_loss=-0.010 v_loss=3.449 ent=2.300 kl=0.0019
[upd  364 | steps  186368 | t  114.6s | sps  1626] ret_mean=135.500 ep_len=500.0 pi_loss=-0.014 v_loss=3.979 ent=1.805 kl=0.0127
[upd  365 | steps  186880 | t  114.7s | sps  1629] ret_mean=130.000 ep_len=500.0 pi_loss=-0.008 v_loss=4.704 ent=1.726 kl=0.0161
[upd  366 | steps  187392 | t  114.9s | sps  1631] ret_mean=94.500 ep_len=500.0 pi_loss=-0.009 v_loss=8.003 ent=1.366 kl=0.0029
[upd  367 | steps  187904 | t  115.0s | sps  1633] ret_mean=179.500 ep_len=500.0 pi_loss=-0.007 v_loss=7.449 ent=1.404 kl=0.0035
[upd  368 | steps  188416 | t  115.2s | sps  1636] ret_mean=193.000 ep_len=500.0 pi_loss=-0.006 v_loss=6.951 ent=1.378 kl=0.0057
[upd  369 | steps  188928 | t  115.4s | sps  1638] ret_mean=152.500 ep_len=500.0 pi_loss=-0.007 v_loss=3.443 ent=1.436 kl=0.0030
[upd  370 | steps  189440 | t  115.5s | sps  1640] ret_mean=133.000 ep_len=500.0 pi_loss=-0.008 v_loss=4.188 ent=1.725 kl=0.0066
[upd  371 | steps  189952 | t  115.7s | sps  1642] ret_mean=57.500 ep_len=500.0 pi_loss=-0.005 v_loss=5.811 ent=2.089 kl=0.0106
[upd  372 | steps  190464 | t  115.9s | sps  1644] ret_mean=146.500 ep_len=500.0 pi_loss=-0.007 v_loss=3.011 ent=1.846 kl=0.0058
[upd  373 | steps  190976 | t  116.0s | sps  1646] ret_mean=42.500 ep_len=500.0 pi_loss=-0.011 v_loss=3.509 ent=2.137 kl=0.0058
[upd  374 | steps  191488 | t  116.2s | sps  1648] ret_mean=58.000 ep_len=500.0 pi_loss=-0.010 v_loss=4.714 ent=2.163 kl=0.0100
[upd  375 | steps  192000 | t  116.4s | sps  1650] ret_mean=150.000 ep_len=500.0 pi_loss=-0.009 v_loss=7.603 ent=1.385 kl=0.0082
        [eval] ret_mean=23.517 ep_len=500.0
[upd  376 | steps  192512 | t  120.4s | sps  1599] ret_mean=73.500 ep_len=500.0 pi_loss=-0.016 v_loss=4.131 ent=2.174 kl=0.0138
[upd  377 | steps  193024 | t  120.5s | sps  1601] ret_mean=113.500 ep_len=500.0 pi_loss=-0.012 v_loss=3.667 ent=1.517 kl=0.0133
[upd  378 | steps  193536 | t  120.7s | sps  1603] ret_mean=99.500 ep_len=500.0 pi_loss=-0.014 v_loss=3.290 ent=2.091 kl=0.0116
[upd  379 | steps  194048 | t  120.9s | sps  1606] ret_mean=63.500 ep_len=500.0 pi_loss=-0.015 v_loss=3.236 ent=2.110 kl=0.0147
[upd  380 | steps  194560 | t  121.0s | sps  1608] ret_mean=135.500 ep_len=500.0 pi_loss=-0.007 v_loss=4.142 ent=1.588 kl=0.0008
[upd  381 | steps  195072 | t  121.2s | sps  1610] ret_mean=81.500 ep_len=500.0 pi_loss=-0.013 v_loss=2.115 ent=2.390 kl=0.0109
[upd  382 | steps  195584 | t  121.3s | sps  1612] ret_mean=129.000 ep_len=500.0 pi_loss=-0.015 v_loss=3.439 ent=1.585 kl=0.0042
[upd  383 | steps  196096 | t  121.5s | sps  1614] ret_mean=94.000 ep_len=500.0 pi_loss=-0.013 v_loss=1.970 ent=1.765 kl=0.0101
[upd  384 | steps  196608 | t  121.7s | sps  1616] ret_mean=119.000 ep_len=500.0 pi_loss=-0.008 v_loss=3.043 ent=1.789 kl=0.0057
[upd  385 | steps  197120 | t  121.8s | sps  1618] ret_mean=129.000 ep_len=500.0 pi_loss=-0.012 v_loss=3.543 ent=1.486 kl=0.0090
[upd  386 | steps  197632 | t  122.0s | sps  1620] ret_mean=95.500 ep_len=500.0 pi_loss=-0.015 v_loss=2.485 ent=2.396 kl=0.0051
[upd  387 | steps  198144 | t  122.1s | sps  1622] ret_mean=110.000 ep_len=500.0 pi_loss=-0.013 v_loss=2.210 ent=1.865 kl=0.0104
[upd  388 | steps  198656 | t  122.3s | sps  1624] ret_mean=106.000 ep_len=500.0 pi_loss=-0.016 v_loss=2.115 ent=2.070 kl=0.0218
[upd  389 | steps  199168 | t  122.4s | sps  1627] ret_mean=86.000 ep_len=500.0 pi_loss=-0.015 v_loss=4.783 ent=1.852 kl=0.0011
[upd  390 | steps  199680 | t  122.6s | sps  1629] ret_mean=152.500 ep_len=500.0 pi_loss=-0.013 v_loss=3.612 ent=1.940 kl=0.0142
[upd  391 | steps  200192 | t  122.8s | sps  1631] ret_mean=47.500 ep_len=500.0 pi_loss=-0.013 v_loss=1.904 ent=2.373 kl=0.0156
[upd  392 | steps  200704 | t  123.0s | sps  1632] ret_mean=123.500 ep_len=500.0 pi_loss=-0.004 v_loss=2.150 ent=1.638 kl=0.0082
[upd  393 | steps  201216 | t  123.2s | sps  1634] ret_mean=68.500 ep_len=500.0 pi_loss=-0.017 v_loss=2.159 ent=2.643 kl=0.0044
[upd  394 | steps  201728 | t  123.3s | sps  1636] ret_mean=83.000 ep_len=500.0 pi_loss=-0.013 v_loss=1.690 ent=2.239 kl=0.0042
[upd  395 | steps  202240 | t  123.5s | sps  1638] ret_mean=127.500 ep_len=500.0 pi_loss=-0.012 v_loss=3.979 ent=2.151 kl=0.0044
[upd  396 | steps  202752 | t  123.6s | sps  1640] ret_mean=67.000 ep_len=500.0 pi_loss=-0.015 v_loss=3.503 ent=2.726 kl=0.0117
[upd  397 | steps  203264 | t  123.8s | sps  1642] ret_mean=0.500 ep_len=500.0 pi_loss=-0.014 v_loss=0.750 ent=2.717 kl=0.0036
[upd  398 | steps  203776 | t  123.9s | sps  1644] ret_mean=44.500 ep_len=500.0 pi_loss=-0.009 v_loss=1.810 ent=2.742 kl=-0.0027
[upd  399 | steps  204288 | t  124.1s | sps  1646] ret_mean=116.500 ep_len=500.0 pi_loss=-0.014 v_loss=2.833 ent=2.115 kl=0.0056
[upd  400 | steps  204800 | t  124.3s | sps  1648] ret_mean=90.000 ep_len=500.0 pi_loss=-0.007 v_loss=5.842 ent=1.899 kl=-0.0032
        [eval] ret_mean=20.933 ep_len=500.0
