$ /Users/samchen/Coding/CLASSES/CS2860/.venv/bin/python3 -m policies.train --env rware-medium-2ag-v2 --seed 3 --updates 300 --rollout 512 --eval-every 25 --eval-episodes 30 --log-dir matrix_results/diagnostics_v1_sam/comm_2ag/headroom/rware-medium-2ag-v2 --run-name mappo-heartbeat-only__delay-only__d30__s3 --n-msg-tokens 8 --no-comm --heartbeat --heartbeat-period 1 --heartbeat-max-age-clip 128 --heartbeat-delay 30 --shape-rewards --pickup-bonus 0.5

[env] EnvSpec(env_id='rware-medium-2ag-v2', n_agents=2, obs_dim=73, n_env_actions=5, noop_action=0, family='rware')  (n_msg_tokens=1)
[cfg] {'clip_range': 0.2, 'value_clip_range': 0.2, 'entropy_coef': 0.01, 'value_coef': 0.5, 'max_grad_norm': 0.5, 'gamma': 0.99, 'gae_lambda': 0.95, 'lr_actor': 0.0003, 'lr_critic': 0.001, 'update_epochs': 4, 'minibatches': 4, 'hidden': 128, 'depth': 2, 'device': 'cpu', 'extra': {}}
[log] writing to matrix_results/diagnostics_v1_sam/comm_2ag/headroom/rware-medium-2ag-v2/mappo-heartbeat-only__delay-only__d30__s3
[upd    1 | steps     512 | t    0.2s | sps  2809] ret_mean=0.000 ep_len=500.0 pi_loss=-0.008 v_loss=0.150 ent=1.606 kl=-0.0072
[upd    2 | steps    1024 | t    0.4s | sps  2909] ret_mean=3.500 ep_len=500.0 pi_loss=-0.005 v_loss=0.052 ent=1.604 kl=0.0019
[upd    3 | steps    1536 | t    0.5s | sps  2948] ret_mean=0.000 ep_len=500.0 pi_loss=-0.007 v_loss=0.035 ent=1.590 kl=0.0090
[upd    4 | steps    2048 | t    0.7s | sps  2962] ret_mean=0.000 ep_len=500.0 pi_loss=-0.005 v_loss=0.015 ent=1.592 kl=0.0029
[upd    5 | steps    2560 | t    0.9s | sps  2755] ret_mean=0.000 ep_len=500.0 pi_loss=-0.003 v_loss=0.019 ent=1.592 kl=0.0014
[upd    6 | steps    3072 | t    1.1s | sps  2784] ret_mean=0.000 ep_len=500.0 pi_loss=-0.008 v_loss=0.013 ent=1.580 kl=0.0089
[upd    7 | steps    3584 | t    1.3s | sps  2792] ret_mean=0.000 ep_len=500.0 pi_loss=-0.007 v_loss=0.006 ent=1.572 kl=0.0042
[upd    8 | steps    4096 | t    1.4s | sps  2830] ret_mean=1.500 ep_len=500.0 pi_loss=-0.007 v_loss=0.015 ent=1.571 kl=0.0068
[upd    9 | steps    4608 | t    1.6s | sps  2858] ret_mean=0.000 ep_len=500.0 pi_loss=-0.006 v_loss=0.003 ent=1.572 kl=-0.0016
[upd   10 | steps    5120 | t    1.8s | sps  2867] ret_mean=0.000 ep_len=500.0 pi_loss=-0.007 v_loss=0.003 ent=1.573 kl=0.0068
[upd   11 | steps    5632 | t    2.0s | sps  2869] ret_mean=0.000 ep_len=500.0 pi_loss=-0.002 v_loss=0.006 ent=1.582 kl=0.0009
[upd   12 | steps    6144 | t    2.2s | sps  2856] ret_mean=0.000 ep_len=500.0 pi_loss=-0.008 v_loss=0.010 ent=1.576 kl=0.0022
[upd   13 | steps    6656 | t    2.3s | sps  2851] ret_mean=0.000 ep_len=500.0 pi_loss=-0.002 v_loss=0.011 ent=1.586 kl=0.0028
[upd   14 | steps    7168 | t    2.5s | sps  2856] ret_mean=1.000 ep_len=500.0 pi_loss=-0.009 v_loss=0.004 ent=1.581 kl=0.0003
[upd   15 | steps    7680 | t    2.7s | sps  2867] ret_mean=0.000 ep_len=500.0 pi_loss=-0.005 v_loss=0.002 ent=1.519 kl=0.0062
[upd   16 | steps    8192 | t    2.9s | sps  2870] ret_mean=0.000 ep_len=500.0 pi_loss=-0.003 v_loss=0.011 ent=1.550 kl=0.0045
[upd   17 | steps    8704 | t    3.0s | sps  2874] ret_mean=0.000 ep_len=500.0 pi_loss=-0.006 v_loss=0.007 ent=1.533 kl=0.0029
[upd   18 | steps    9216 | t    3.2s | sps  2869] ret_mean=0.000 ep_len=500.0 pi_loss=-0.004 v_loss=0.003 ent=1.518 kl=0.0086
[upd   19 | steps    9728 | t    3.4s | sps  2859] ret_mean=0.000 ep_len=500.0 pi_loss=-0.003 v_loss=0.009 ent=1.529 kl=0.0045
[upd   20 | steps   10240 | t    3.6s | sps  2842] ret_mean=1.500 ep_len=500.0 pi_loss=-0.004 v_loss=0.004 ent=1.553 kl=0.0044
[upd   21 | steps   10752 | t    3.8s | sps  2845] ret_mean=0.000 ep_len=500.0 pi_loss=-0.002 v_loss=0.001 ent=1.489 kl=0.0001
[upd   22 | steps   11264 | t    4.0s | sps  2846] ret_mean=0.000 ep_len=500.0 pi_loss=-0.007 v_loss=0.003 ent=1.454 kl=0.0114
[upd   23 | steps   11776 | t    4.1s | sps  2840] ret_mean=0.000 ep_len=500.0 pi_loss=-0.004 v_loss=0.003 ent=1.497 kl=0.0063
[upd   24 | steps   12288 | t    4.3s | sps  2838] ret_mean=0.000 ep_len=500.0 pi_loss=-0.004 v_loss=0.009 ent=1.549 kl=-0.0007
[upd   25 | steps   12800 | t    4.5s | sps  2843] ret_mean=1.500 ep_len=500.0 pi_loss=-0.005 v_loss=0.002 ent=1.484 kl=0.0046
        [eval] ret_mean=0.000 ep_len=500.0
[upd   26 | steps   13312 | t    8.8s | sps  1509] ret_mean=0.000 ep_len=500.0 pi_loss=-0.013 v_loss=0.001 ent=1.514 kl=0.0157
[upd   27 | steps   13824 | t    9.0s | sps  1538] ret_mean=0.000 ep_len=500.0 pi_loss=-0.002 v_loss=0.004 ent=1.407 kl=0.0089
[upd   28 | steps   14336 | t    9.2s | sps  1564] ret_mean=0.000 ep_len=500.0 pi_loss=-0.002 v_loss=0.002 ent=1.473 kl=0.0040
[upd   29 | steps   14848 | t    9.4s | sps  1588] ret_mean=0.000 ep_len=500.0 pi_loss=-0.010 v_loss=0.001 ent=1.512 kl=0.0088
[upd   30 | steps   15360 | t    9.5s | sps  1609] ret_mean=0.000 ep_len=500.0 pi_loss=-0.005 v_loss=0.003 ent=1.451 kl=0.0110
[upd   31 | steps   15872 | t    9.7s | sps  1632] ret_mean=0.000 ep_len=500.0 pi_loss=-0.003 v_loss=0.001 ent=1.465 kl=0.0051
[upd   32 | steps   16384 | t    9.9s | sps  1655] ret_mean=0.000 ep_len=500.0 pi_loss=-0.006 v_loss=0.001 ent=1.482 kl=0.0077
[upd   33 | steps   16896 | t   10.1s | sps  1675] ret_mean=0.000 ep_len=500.0 pi_loss=-0.005 v_loss=0.000 ent=1.478 kl=0.0051
[upd   34 | steps   17408 | t   10.3s | sps  1697] ret_mean=0.000 ep_len=500.0 pi_loss=-0.005 v_loss=0.001 ent=1.538 kl=0.0006
[upd   35 | steps   17920 | t   10.4s | sps  1717] ret_mean=0.000 ep_len=500.0 pi_loss=-0.003 v_loss=0.003 ent=1.510 kl=0.0022
[upd   36 | steps   18432 | t   10.6s | sps  1732] ret_mean=0.000 ep_len=500.0 pi_loss=-0.003 v_loss=0.001 ent=1.498 kl=0.0027
[upd   37 | steps   18944 | t   10.8s | sps  1749] ret_mean=0.000 ep_len=500.0 pi_loss=-0.005 v_loss=0.001 ent=1.537 kl=0.0034
[upd   38 | steps   19456 | t   11.0s | sps  1768] ret_mean=0.000 ep_len=500.0 pi_loss=-0.008 v_loss=0.003 ent=1.469 kl=0.0105
[upd   39 | steps   19968 | t   11.2s | sps  1783] ret_mean=0.000 ep_len=500.0 pi_loss=-0.002 v_loss=0.005 ent=1.476 kl=0.0046
[upd   40 | steps   20480 | t   11.4s | sps  1799] ret_mean=1.000 ep_len=500.0 pi_loss=-0.005 v_loss=0.001 ent=1.518 kl=0.0034
[upd   41 | steps   20992 | t   11.6s | sps  1815] ret_mean=0.000 ep_len=500.0 pi_loss=-0.008 v_loss=0.001 ent=1.461 kl=0.0103
[upd   42 | steps   21504 | t   11.7s | sps  1830] ret_mean=0.000 ep_len=500.0 pi_loss=-0.006 v_loss=0.001 ent=1.447 kl=0.0134
[upd   43 | steps   22016 | t   11.9s | sps  1844] ret_mean=0.000 ep_len=500.0 pi_loss=-0.006 v_loss=0.001 ent=1.487 kl=0.0157
[upd   44 | steps   22528 | t   12.1s | sps  1859] ret_mean=1.000 ep_len=500.0 pi_loss=-0.002 v_loss=0.004 ent=1.479 kl=0.0057
[upd   45 | steps   23040 | t   12.3s | sps  1875] ret_mean=0.000 ep_len=500.0 pi_loss=-0.012 v_loss=0.003 ent=1.502 kl=0.0145
[upd   46 | steps   23552 | t   12.5s | sps  1891] ret_mean=0.000 ep_len=500.0 pi_loss=-0.011 v_loss=0.002 ent=1.526 kl=0.0081
[upd   47 | steps   24064 | t   12.6s | sps  1907] ret_mean=0.000 ep_len=500.0 pi_loss=-0.005 v_loss=0.000 ent=1.505 kl=0.0037
[upd   48 | steps   24576 | t   12.8s | sps  1923] ret_mean=0.000 ep_len=500.0 pi_loss=-0.010 v_loss=0.001 ent=1.474 kl=0.0068
[upd   49 | steps   25088 | t   12.9s | sps  1938] ret_mean=0.000 ep_len=500.0 pi_loss=-0.007 v_loss=0.002 ent=1.396 kl=0.0051
[upd   50 | steps   25600 | t   13.1s | sps  1952] ret_mean=0.000 ep_len=500.0 pi_loss=-0.003 v_loss=0.001 ent=1.431 kl=0.0008
        [eval] ret_mean=0.000 ep_len=500.0
[upd   51 | steps   26112 | t   17.4s | sps  1504] ret_mean=0.000 ep_len=500.0 pi_loss=-0.009 v_loss=0.003 ent=1.481 kl=0.0094
[upd   52 | steps   26624 | t   17.5s | sps  1518] ret_mean=0.000 ep_len=500.0 pi_loss=-0.004 v_loss=0.000 ent=1.451 kl=0.0049
[upd   53 | steps   27136 | t   17.7s | sps  1531] ret_mean=0.000 ep_len=500.0 pi_loss=-0.004 v_loss=0.001 ent=1.377 kl=0.0061
[upd   54 | steps   27648 | t   17.9s | sps  1545] ret_mean=0.000 ep_len=500.0 pi_loss=-0.006 v_loss=0.001 ent=1.467 kl=0.0032
[upd   55 | steps   28160 | t   18.1s | sps  1558] ret_mean=0.000 ep_len=500.0 pi_loss=-0.003 v_loss=0.004 ent=1.468 kl=0.0059
[upd   56 | steps   28672 | t   18.3s | sps  1567] ret_mean=0.000 ep_len=500.0 pi_loss=0.001 v_loss=0.000 ent=1.456 kl=0.0022
[upd   57 | steps   29184 | t   18.5s | sps  1579] ret_mean=0.000 ep_len=500.0 pi_loss=-0.004 v_loss=0.000 ent=1.522 kl=0.0016
[upd   58 | steps   29696 | t   18.7s | sps  1591] ret_mean=0.000 ep_len=500.0 pi_loss=-0.007 v_loss=0.002 ent=1.529 kl=0.0014
[upd   59 | steps   30208 | t   18.9s | sps  1601] ret_mean=0.000 ep_len=500.0 pi_loss=-0.009 v_loss=0.001 ent=1.542 kl=0.0029
[upd   60 | steps   30720 | t   19.0s | sps  1613] ret_mean=0.000 ep_len=500.0 pi_loss=-0.007 v_loss=0.001 ent=1.499 kl=0.0073
[upd   61 | steps   31232 | t   19.3s | sps  1621] ret_mean=0.000 ep_len=500.0 pi_loss=-0.009 v_loss=0.001 ent=1.406 kl=0.0038
[upd   62 | steps   31744 | t   19.5s | sps  1629] ret_mean=0.000 ep_len=500.0 pi_loss=-0.004 v_loss=0.001 ent=1.477 kl=0.0046
[upd   63 | steps   32256 | t   19.7s | sps  1639] ret_mean=0.000 ep_len=500.0 pi_loss=-0.004 v_loss=0.001 ent=1.481 kl=0.0056
[upd   64 | steps   32768 | t   19.9s | sps  1646] ret_mean=0.000 ep_len=500.0 pi_loss=-0.008 v_loss=0.001 ent=1.408 kl=0.0062
[upd   65 | steps   33280 | t   20.1s | sps  1653] ret_mean=0.000 ep_len=500.0 pi_loss=-0.008 v_loss=0.000 ent=1.359 kl=0.0101
[upd   66 | steps   33792 | t   20.4s | sps  1660] ret_mean=0.000 ep_len=500.0 pi_loss=0.002 v_loss=0.001 ent=1.364 kl=0.0075
[upd   67 | steps   34304 | t   20.6s | sps  1667] ret_mean=0.000 ep_len=500.0 pi_loss=-0.003 v_loss=0.001 ent=1.356 kl=0.0011
[upd   68 | steps   34816 | t   20.8s | sps  1672] ret_mean=0.000 ep_len=500.0 pi_loss=-0.006 v_loss=0.004 ent=1.413 kl=0.0029
[upd   69 | steps   35328 | t   21.0s | sps  1679] ret_mean=1.000 ep_len=500.0 pi_loss=-0.007 v_loss=0.008 ent=1.390 kl=0.0060
[upd   70 | steps   35840 | t   21.2s | sps  1690] ret_mean=0.000 ep_len=500.0 pi_loss=-0.003 v_loss=0.002 ent=1.420 kl=0.0039
[upd   71 | steps   36352 | t   21.4s | sps  1700] ret_mean=0.000 ep_len=500.0 pi_loss=-0.007 v_loss=0.001 ent=1.311 kl=0.0020
[upd   72 | steps   36864 | t   21.6s | sps  1710] ret_mean=0.000 ep_len=500.0 pi_loss=-0.008 v_loss=0.002 ent=1.350 kl=0.0033
[upd   73 | steps   37376 | t   21.8s | sps  1716] ret_mean=0.000 ep_len=500.0 pi_loss=-0.008 v_loss=0.001 ent=1.436 kl=0.0086
[upd   74 | steps   37888 | t   22.0s | sps  1724] ret_mean=0.000 ep_len=500.0 pi_loss=-0.007 v_loss=0.001 ent=1.449 kl=0.0080
[upd   75 | steps   38400 | t   22.2s | sps  1734] ret_mean=0.000 ep_len=500.0 pi_loss=-0.003 v_loss=0.001 ent=1.357 kl=0.0029
        [eval] ret_mean=0.000 ep_len=500.0
[upd   76 | steps   38912 | t   26.1s | sps  1488] ret_mean=0.000 ep_len=500.0 pi_loss=-0.006 v_loss=0.000 ent=1.350 kl=0.0018
[upd   77 | steps   39424 | t   26.3s | sps  1498] ret_mean=0.000 ep_len=500.0 pi_loss=-0.003 v_loss=0.001 ent=1.446 kl=0.0105
[upd   78 | steps   39936 | t   26.5s | sps  1508] ret_mean=0.000 ep_len=500.0 pi_loss=-0.009 v_loss=0.000 ent=1.372 kl=0.0031
[upd   79 | steps   40448 | t   26.7s | sps  1517] ret_mean=0.000 ep_len=500.0 pi_loss=-0.009 v_loss=0.001 ent=1.427 kl=0.0123
[upd   80 | steps   40960 | t   26.8s | sps  1527] ret_mean=0.000 ep_len=500.0 pi_loss=-0.008 v_loss=0.000 ent=1.377 kl=0.0031
[upd   81 | steps   41472 | t   27.0s | sps  1535] ret_mean=0.000 ep_len=500.0 pi_loss=-0.005 v_loss=0.000 ent=1.397 kl=0.0057
[upd   82 | steps   41984 | t   27.2s | sps  1544] ret_mean=0.000 ep_len=500.0 pi_loss=-0.008 v_loss=0.000 ent=1.290 kl=0.0049
[upd   83 | steps   42496 | t   27.4s | sps  1552] ret_mean=0.000 ep_len=500.0 pi_loss=-0.007 v_loss=0.000 ent=1.334 kl=0.0048
[upd   84 | steps   43008 | t   27.6s | sps  1557] ret_mean=0.000 ep_len=500.0 pi_loss=-0.005 v_loss=0.000 ent=1.294 kl=0.0074
[upd   85 | steps   43520 | t   27.8s | sps  1563] ret_mean=0.000 ep_len=500.0 pi_loss=-0.009 v_loss=0.000 ent=1.274 kl=0.0047
[upd   86 | steps   44032 | t   28.0s | sps  1570] ret_mean=0.000 ep_len=500.0 pi_loss=-0.010 v_loss=0.000 ent=1.180 kl=-0.0034
[upd   87 | steps   44544 | t   28.3s | sps  1575] ret_mean=0.000 ep_len=500.0 pi_loss=-0.005 v_loss=0.000 ent=1.386 kl=0.0083
[upd   88 | steps   45056 | t   28.5s | sps  1580] ret_mean=0.000 ep_len=500.0 pi_loss=-0.003 v_loss=0.000 ent=1.280 kl=0.0075
[upd   89 | steps   45568 | t   28.7s | sps  1586] ret_mean=0.000 ep_len=500.0 pi_loss=-0.013 v_loss=0.000 ent=1.268 kl=0.0100
[upd   90 | steps   46080 | t   29.0s | sps  1591] ret_mean=0.000 ep_len=500.0 pi_loss=-0.010 v_loss=0.006 ent=1.271 kl=0.0067
[upd   91 | steps   46592 | t   29.2s | sps  1597] ret_mean=1.000 ep_len=500.0 pi_loss=-0.008 v_loss=0.001 ent=1.353 kl=0.0102
[upd   92 | steps   47104 | t   29.4s | sps  1603] ret_mean=0.000 ep_len=500.0 pi_loss=-0.006 v_loss=0.001 ent=1.327 kl=0.0149
[upd   93 | steps   47616 | t   29.6s | sps  1609] ret_mean=0.000 ep_len=500.0 pi_loss=-0.005 v_loss=0.000 ent=1.123 kl=0.0140
[upd   94 | steps   48128 | t   29.8s | sps  1616] ret_mean=0.000 ep_len=500.0 pi_loss=-0.009 v_loss=0.000 ent=1.217 kl=0.0006
[upd   95 | steps   48640 | t   30.0s | sps  1621] ret_mean=0.000 ep_len=500.0 pi_loss=-0.007 v_loss=0.003 ent=1.183 kl=-0.0044
[upd   96 | steps   49152 | t   30.2s | sps  1627] ret_mean=0.500 ep_len=500.0 pi_loss=-0.004 v_loss=0.000 ent=1.090 kl=0.0026
[upd   97 | steps   49664 | t   30.4s | sps  1633] ret_mean=0.000 ep_len=500.0 pi_loss=-0.001 v_loss=0.000 ent=1.157 kl=0.0073
[upd   98 | steps   50176 | t   30.6s | sps  1637] ret_mean=0.500 ep_len=500.0 pi_loss=-0.006 v_loss=0.002 ent=1.284 kl=0.0073
[upd   99 | steps   50688 | t   30.9s | sps  1642] ret_mean=0.000 ep_len=500.0 pi_loss=-0.007 v_loss=0.000 ent=1.354 kl=0.0100
[upd  100 | steps   51200 | t   31.1s | sps  1647] ret_mean=0.000 ep_len=500.0 pi_loss=-0.005 v_loss=0.000 ent=1.261 kl=0.0107
        [eval] ret_mean=0.000 ep_len=500.0
[upd  101 | steps   51712 | t   35.8s | sps  1446] ret_mean=0.000 ep_len=500.0 pi_loss=-0.009 v_loss=0.000 ent=1.211 kl=0.0132
[upd  102 | steps   52224 | t   35.9s | sps  1454] ret_mean=0.000 ep_len=500.0 pi_loss=-0.001 v_loss=0.000 ent=1.157 kl=0.0058
[upd  103 | steps   52736 | t   36.1s | sps  1461] ret_mean=0.000 ep_len=500.0 pi_loss=-0.003 v_loss=0.000 ent=1.324 kl=0.0056
[upd  104 | steps   53248 | t   36.3s | sps  1469] ret_mean=0.000 ep_len=500.0 pi_loss=-0.003 v_loss=0.000 ent=1.181 kl=0.0020
[upd  105 | steps   53760 | t   36.4s | sps  1476] ret_mean=0.000 ep_len=500.0 pi_loss=-0.005 v_loss=0.000 ent=1.106 kl=0.0034
[upd  106 | steps   54272 | t   36.6s | sps  1483] ret_mean=0.000 ep_len=500.0 pi_loss=-0.006 v_loss=0.000 ent=1.170 kl=0.0064
[upd  107 | steps   54784 | t   36.8s | sps  1490] ret_mean=2.500 ep_len=500.0 pi_loss=-0.003 v_loss=0.024 ent=1.380 kl=0.0069
[upd  108 | steps   55296 | t   36.9s | sps  1497] ret_mean=0.000 ep_len=500.0 pi_loss=-0.007 v_loss=0.001 ent=1.373 kl=0.0009
[upd  109 | steps   55808 | t   37.1s | sps  1504] ret_mean=0.000 ep_len=500.0 pi_loss=-0.004 v_loss=0.002 ent=1.214 kl=0.0090
[upd  110 | steps   56320 | t   37.3s | sps  1511] ret_mean=0.500 ep_len=500.0 pi_loss=-0.005 v_loss=0.000 ent=1.259 kl=0.0082
[upd  111 | steps   56832 | t   37.5s | sps  1517] ret_mean=0.000 ep_len=500.0 pi_loss=-0.006 v_loss=0.000 ent=1.272 kl=0.0126
[upd  112 | steps   57344 | t   37.6s | sps  1524] ret_mean=0.000 ep_len=500.0 pi_loss=-0.009 v_loss=0.000 ent=1.035 kl=0.0199
[upd  113 | steps   57856 | t   37.8s | sps  1531] ret_mean=0.000 ep_len=500.0 pi_loss=-0.004 v_loss=0.000 ent=1.325 kl=-0.0026
[upd  114 | steps   58368 | t   38.0s | sps  1538] ret_mean=0.000 ep_len=500.0 pi_loss=-0.003 v_loss=0.000 ent=1.184 kl=0.0033
[upd  115 | steps   58880 | t   38.1s | sps  1544] ret_mean=0.000 ep_len=500.0 pi_loss=-0.007 v_loss=0.000 ent=1.295 kl=0.0041
[upd  116 | steps   59392 | t   38.3s | sps  1551] ret_mean=0.000 ep_len=500.0 pi_loss=-0.006 v_loss=0.000 ent=1.237 kl=0.0052
[upd  117 | steps   59904 | t   38.5s | sps  1557] ret_mean=0.000 ep_len=500.0 pi_loss=-0.004 v_loss=0.000 ent=1.273 kl=0.0024
[upd  118 | steps   60416 | t   38.6s | sps  1564] ret_mean=0.000 ep_len=500.0 pi_loss=-0.006 v_loss=0.000 ent=1.102 kl=0.0052
[upd  119 | steps   60928 | t   38.8s | sps  1570] ret_mean=0.000 ep_len=500.0 pi_loss=-0.005 v_loss=0.000 ent=1.113 kl=0.0036
[upd  120 | steps   61440 | t   39.0s | sps  1575] ret_mean=0.000 ep_len=500.0 pi_loss=-0.002 v_loss=0.000 ent=1.236 kl=0.0014
[upd  121 | steps   61952 | t   39.2s | sps  1582] ret_mean=0.000 ep_len=500.0 pi_loss=-0.005 v_loss=0.000 ent=1.217 kl=0.0067
[upd  122 | steps   62464 | t   39.3s | sps  1588] ret_mean=0.000 ep_len=500.0 pi_loss=-0.005 v_loss=0.000 ent=1.102 kl=0.0031
[upd  123 | steps   62976 | t   39.5s | sps  1593] ret_mean=0.000 ep_len=500.0 pi_loss=-0.004 v_loss=0.120 ent=0.850 kl=0.0069
[upd  124 | steps   63488 | t   39.7s | sps  1598] ret_mean=5.000 ep_len=500.0 pi_loss=-0.008 v_loss=0.001 ent=0.925 kl=0.0120
[upd  125 | steps   64000 | t   39.9s | sps  1604] ret_mean=0.000 ep_len=500.0 pi_loss=-0.004 v_loss=0.001 ent=0.948 kl=0.0023
        [eval] ret_mean=4.167 ep_len=500.0
[upd  126 | steps   64512 | t   44.0s | sps  1468] ret_mean=0.000 ep_len=500.0 pi_loss=-0.005 v_loss=0.001 ent=1.153 kl=0.0030
[upd  127 | steps   65024 | t   44.1s | sps  1474] ret_mean=0.000 ep_len=500.0 pi_loss=-0.004 v_loss=0.000 ent=0.793 kl=0.0093
[upd  128 | steps   65536 | t   44.3s | sps  1480] ret_mean=0.000 ep_len=500.0 pi_loss=-0.004 v_loss=0.000 ent=0.986 kl=-0.0001
[upd  129 | steps   66048 | t   44.5s | sps  1486] ret_mean=0.000 ep_len=500.0 pi_loss=-0.004 v_loss=0.000 ent=0.460 kl=0.0084
[upd  130 | steps   66560 | t   44.6s | sps  1492] ret_mean=0.000 ep_len=500.0 pi_loss=-0.005 v_loss=0.000 ent=0.951 kl=0.0008
[upd  131 | steps   67072 | t   44.8s | sps  1498] ret_mean=0.000 ep_len=500.0 pi_loss=-0.005 v_loss=0.000 ent=0.955 kl=-0.0016
[upd  132 | steps   67584 | t   45.0s | sps  1504] ret_mean=0.000 ep_len=500.0 pi_loss=-0.005 v_loss=0.000 ent=1.054 kl=0.0060
[upd  133 | steps   68096 | t   45.1s | sps  1509] ret_mean=0.000 ep_len=500.0 pi_loss=-0.002 v_loss=0.000 ent=0.831 kl=-0.0011
[upd  134 | steps   68608 | t   45.3s | sps  1515] ret_mean=0.000 ep_len=500.0 pi_loss=-0.005 v_loss=0.000 ent=1.045 kl=0.0009
[upd  135 | steps   69120 | t   45.5s | sps  1521] ret_mean=38.000 ep_len=500.0 pi_loss=-0.010 v_loss=1.814 ent=0.932 kl=0.0148
[upd  136 | steps   69632 | t   45.6s | sps  1526] ret_mean=14.500 ep_len=500.0 pi_loss=-0.007 v_loss=0.495 ent=0.983 kl=0.0128
[upd  137 | steps   70144 | t   45.8s | sps  1532] ret_mean=0.000 ep_len=500.0 pi_loss=-0.003 v_loss=0.002 ent=1.018 kl=0.0069
[upd  138 | steps   70656 | t   46.0s | sps  1538] ret_mean=0.000 ep_len=500.0 pi_loss=-0.009 v_loss=0.001 ent=0.933 kl=0.0149
[upd  139 | steps   71168 | t   46.1s | sps  1543] ret_mean=0.000 ep_len=500.0 pi_loss=-0.004 v_loss=0.000 ent=1.060 kl=-0.0002
[upd  140 | steps   71680 | t   46.4s | sps  1545] ret_mean=0.000 ep_len=500.0 pi_loss=-0.003 v_loss=0.000 ent=1.104 kl=0.0054
[upd  141 | steps   72192 | t   46.6s | sps  1549] ret_mean=0.000 ep_len=500.0 pi_loss=-0.001 v_loss=0.000 ent=1.152 kl=0.0013
[upd  142 | steps   72704 | t   46.8s | sps  1553] ret_mean=0.000 ep_len=500.0 pi_loss=-0.005 v_loss=0.000 ent=1.148 kl=0.0161
[upd  143 | steps   73216 | t   47.0s | sps  1557] ret_mean=0.000 ep_len=500.0 pi_loss=-0.009 v_loss=0.000 ent=1.184 kl=0.0044
[upd  144 | steps   73728 | t   47.2s | sps  1562] ret_mean=0.000 ep_len=500.0 pi_loss=-0.006 v_loss=0.000 ent=1.135 kl=0.0125
[upd  145 | steps   74240 | t   47.5s | sps  1564] ret_mean=0.000 ep_len=500.0 pi_loss=-0.006 v_loss=0.000 ent=1.243 kl=0.0051
[upd  146 | steps   74752 | t   47.7s | sps  1566] ret_mean=0.000 ep_len=500.0 pi_loss=-0.006 v_loss=0.000 ent=1.284 kl=0.0018
[upd  147 | steps   75264 | t   48.0s | sps  1568] ret_mean=0.000 ep_len=500.0 pi_loss=-0.003 v_loss=0.000 ent=1.162 kl=0.0054
[upd  148 | steps   75776 | t   48.2s | sps  1572] ret_mean=0.000 ep_len=500.0 pi_loss=-0.010 v_loss=0.000 ent=1.230 kl=0.0059
[upd  149 | steps   76288 | t   48.4s | sps  1575] ret_mean=0.000 ep_len=500.0 pi_loss=-0.009 v_loss=0.000 ent=1.162 kl=0.0186
[upd  150 | steps   76800 | t   48.7s | sps  1578] ret_mean=0.000 ep_len=500.0 pi_loss=-0.006 v_loss=0.000 ent=1.160 kl=0.0092
        [eval] ret_mean=0.000 ep_len=500.0
[upd  151 | steps   77312 | t   53.2s | sps  1452] ret_mean=0.000 ep_len=500.0 pi_loss=-0.003 v_loss=0.001 ent=0.973 kl=0.0012
[upd  152 | steps   77824 | t   53.4s | sps  1457] ret_mean=0.000 ep_len=500.0 pi_loss=-0.006 v_loss=0.000 ent=1.172 kl=0.0088
[upd  153 | steps   78336 | t   53.6s | sps  1462] ret_mean=0.000 ep_len=500.0 pi_loss=-0.005 v_loss=0.000 ent=1.128 kl=0.0179
[upd  154 | steps   78848 | t   53.8s | sps  1467] ret_mean=38.000 ep_len=500.0 pi_loss=-0.004 v_loss=1.458 ent=1.102 kl=0.0028
[upd  155 | steps   79360 | t   54.0s | sps  1470] ret_mean=0.000 ep_len=500.0 pi_loss=-0.012 v_loss=0.002 ent=1.271 kl=0.0064
[upd  156 | steps   79872 | t   54.2s | sps  1474] ret_mean=6.000 ep_len=500.0 pi_loss=-0.005 v_loss=0.123 ent=1.207 kl=0.0097
[upd  157 | steps   80384 | t   54.4s | sps  1478] ret_mean=0.000 ep_len=500.0 pi_loss=-0.006 v_loss=0.001 ent=0.582 kl=0.0082
[upd  158 | steps   80896 | t   54.6s | sps  1482] ret_mean=0.000 ep_len=500.0 pi_loss=-0.008 v_loss=0.000 ent=0.808 kl=0.0181
[upd  159 | steps   81408 | t   54.8s | sps  1487] ret_mean=0.000 ep_len=500.0 pi_loss=-0.009 v_loss=0.007 ent=1.158 kl=0.0022
[upd  160 | steps   81920 | t   54.9s | sps  1491] ret_mean=0.000 ep_len=500.0 pi_loss=-0.012 v_loss=0.002 ent=1.156 kl=0.0164
[upd  161 | steps   82432 | t   55.1s | sps  1496] ret_mean=0.000 ep_len=500.0 pi_loss=-0.000 v_loss=0.001 ent=1.209 kl=0.0024
[upd  162 | steps   82944 | t   55.3s | sps  1501] ret_mean=0.000 ep_len=500.0 pi_loss=-0.003 v_loss=0.000 ent=0.806 kl=0.0024
[upd  163 | steps   83456 | t   55.5s | sps  1505] ret_mean=0.000 ep_len=500.0 pi_loss=-0.004 v_loss=0.000 ent=0.605 kl=0.0021
[upd  164 | steps   83968 | t   55.6s | sps  1509] ret_mean=0.000 ep_len=500.0 pi_loss=-0.016 v_loss=0.000 ent=0.813 kl=0.0147
[upd  165 | steps   84480 | t   55.8s | sps  1514] ret_mean=0.000 ep_len=500.0 pi_loss=-0.011 v_loss=0.001 ent=0.915 kl=0.0072
[upd  166 | steps   84992 | t   56.0s | sps  1519] ret_mean=0.000 ep_len=500.0 pi_loss=-0.008 v_loss=0.002 ent=1.221 kl=0.0052
[upd  167 | steps   85504 | t   56.1s | sps  1523] ret_mean=0.000 ep_len=500.0 pi_loss=-0.003 v_loss=0.000 ent=1.071 kl=0.0076
[upd  168 | steps   86016 | t   56.3s | sps  1528] ret_mean=0.000 ep_len=500.0 pi_loss=-0.006 v_loss=0.000 ent=1.020 kl=0.0038
[upd  169 | steps   86528 | t   56.5s | sps  1532] ret_mean=0.000 ep_len=500.0 pi_loss=-0.002 v_loss=0.000 ent=1.026 kl=0.0053
[upd  170 | steps   87040 | t   56.7s | sps  1536] ret_mean=0.000 ep_len=500.0 pi_loss=-0.003 v_loss=0.000 ent=0.975 kl=0.0014
[upd  171 | steps   87552 | t   56.9s | sps  1540] ret_mean=0.000 ep_len=500.0 pi_loss=-0.000 v_loss=0.000 ent=0.790 kl=0.0082
[upd  172 | steps   88064 | t   57.0s | sps  1544] ret_mean=0.000 ep_len=500.0 pi_loss=-0.005 v_loss=0.000 ent=0.944 kl=0.0036
[upd  173 | steps   88576 | t   57.2s | sps  1548] ret_mean=0.000 ep_len=500.0 pi_loss=-0.011 v_loss=0.000 ent=1.167 kl=0.0119
[upd  174 | steps   89088 | t   57.4s | sps  1553] ret_mean=0.000 ep_len=500.0 pi_loss=-0.005 v_loss=0.001 ent=1.236 kl=0.0046
[upd  175 | steps   89600 | t   57.5s | sps  1557] ret_mean=0.000 ep_len=500.0 pi_loss=-0.008 v_loss=0.000 ent=1.003 kl=0.0026
        [eval] ret_mean=0.000 ep_len=500.0
[upd  176 | steps   90112 | t   61.6s | sps  1463] ret_mean=0.000 ep_len=500.0 pi_loss=-0.006 v_loss=0.000 ent=0.931 kl=0.0117
[upd  177 | steps   90624 | t   61.8s | sps  1468] ret_mean=0.000 ep_len=500.0 pi_loss=-0.002 v_loss=0.000 ent=1.058 kl=0.0015
[upd  178 | steps   91136 | t   61.9s | sps  1472] ret_mean=0.000 ep_len=500.0 pi_loss=-0.005 v_loss=0.000 ent=0.975 kl=-0.0008
[upd  179 | steps   91648 | t   62.1s | sps  1476] ret_mean=0.000 ep_len=500.0 pi_loss=-0.005 v_loss=0.000 ent=1.297 kl=0.0048
[upd  180 | steps   92160 | t   62.3s | sps  1480] ret_mean=0.000 ep_len=500.0 pi_loss=-0.006 v_loss=0.000 ent=1.017 kl=0.0038
[upd  181 | steps   92672 | t   62.4s | sps  1484] ret_mean=0.000 ep_len=500.0 pi_loss=-0.003 v_loss=0.003 ent=1.036 kl=0.0015
[upd  182 | steps   93184 | t   62.6s | sps  1488] ret_mean=0.000 ep_len=500.0 pi_loss=-0.001 v_loss=0.001 ent=0.850 kl=0.0004
[upd  183 | steps   93696 | t   62.8s | sps  1492] ret_mean=0.000 ep_len=500.0 pi_loss=-0.003 v_loss=0.001 ent=0.991 kl=0.0043
[upd  184 | steps   94208 | t   63.0s | sps  1496] ret_mean=0.000 ep_len=500.0 pi_loss=-0.004 v_loss=0.000 ent=1.191 kl=0.0044
[upd  185 | steps   94720 | t   63.2s | sps  1500] ret_mean=0.000 ep_len=500.0 pi_loss=-0.003 v_loss=0.000 ent=0.891 kl=0.0023
[upd  186 | steps   95232 | t   63.3s | sps  1504] ret_mean=0.000 ep_len=500.0 pi_loss=-0.008 v_loss=0.000 ent=0.806 kl=0.0085
[upd  187 | steps   95744 | t   63.5s | sps  1508] ret_mean=0.000 ep_len=500.0 pi_loss=-0.008 v_loss=0.000 ent=0.876 kl=0.0038
[upd  188 | steps   96256 | t   63.7s | sps  1512] ret_mean=0.000 ep_len=500.0 pi_loss=-0.003 v_loss=0.000 ent=0.965 kl=0.0102
[upd  189 | steps   96768 | t   63.8s | sps  1516] ret_mean=0.000 ep_len=500.0 pi_loss=-0.002 v_loss=0.000 ent=1.099 kl=0.0055
[upd  190 | steps   97280 | t   64.0s | sps  1520] ret_mean=0.000 ep_len=500.0 pi_loss=-0.005 v_loss=0.000 ent=1.094 kl=0.0010
[upd  191 | steps   97792 | t   64.2s | sps  1524] ret_mean=0.000 ep_len=500.0 pi_loss=-0.004 v_loss=0.000 ent=1.114 kl=0.0062
[upd  192 | steps   98304 | t   64.3s | sps  1528] ret_mean=0.000 ep_len=500.0 pi_loss=-0.008 v_loss=0.000 ent=0.961 kl=0.0127
[upd  193 | steps   98816 | t   64.5s | sps  1532] ret_mean=0.000 ep_len=500.0 pi_loss=-0.010 v_loss=0.000 ent=0.958 kl=0.0032
[upd  194 | steps   99328 | t   64.7s | sps  1536] ret_mean=0.000 ep_len=500.0 pi_loss=-0.006 v_loss=0.000 ent=1.107 kl=0.0019
[upd  195 | steps   99840 | t   64.8s | sps  1540] ret_mean=0.000 ep_len=500.0 pi_loss=-0.006 v_loss=0.000 ent=1.068 kl=0.0046
[upd  196 | steps  100352 | t   65.0s | sps  1544] ret_mean=0.000 ep_len=500.0 pi_loss=-0.003 v_loss=0.000 ent=1.018 kl=0.0106
[upd  197 | steps  100864 | t   65.1s | sps  1549] ret_mean=0.000 ep_len=500.0 pi_loss=-0.002 v_loss=0.000 ent=0.973 kl=0.0126
[upd  198 | steps  101376 | t   65.3s | sps  1552] ret_mean=0.000 ep_len=500.0 pi_loss=-0.004 v_loss=0.000 ent=1.069 kl=0.0088
[upd  199 | steps  101888 | t   65.5s | sps  1555] ret_mean=0.000 ep_len=500.0 pi_loss=-0.007 v_loss=0.000 ent=0.977 kl=0.0062
[upd  200 | steps  102400 | t   65.7s | sps  1559] ret_mean=0.000 ep_len=500.0 pi_loss=-0.006 v_loss=0.000 ent=1.042 kl=0.0024
        [eval] ret_mean=0.000 ep_len=500.0
[upd  201 | steps  102912 | t   69.8s | sps  1474] ret_mean=0.000 ep_len=500.0 pi_loss=-0.002 v_loss=0.000 ent=1.059 kl=0.0057
[upd  202 | steps  103424 | t   70.0s | sps  1478] ret_mean=0.000 ep_len=500.0 pi_loss=-0.004 v_loss=0.000 ent=1.184 kl=0.0055
[upd  203 | steps  103936 | t   70.1s | sps  1482] ret_mean=0.000 ep_len=500.0 pi_loss=-0.007 v_loss=0.000 ent=1.152 kl=0.0076
[upd  204 | steps  104448 | t   70.3s | sps  1486] ret_mean=0.000 ep_len=500.0 pi_loss=-0.008 v_loss=0.012 ent=0.944 kl=0.0060
[upd  205 | steps  104960 | t   70.5s | sps  1489] ret_mean=2.500 ep_len=500.0 pi_loss=-0.003 v_loss=0.000 ent=0.944 kl=0.0043
[upd  206 | steps  105472 | t   70.6s | sps  1493] ret_mean=0.000 ep_len=500.0 pi_loss=-0.007 v_loss=0.000 ent=0.733 kl=0.0072
[upd  207 | steps  105984 | t   70.8s | sps  1497] ret_mean=0.000 ep_len=500.0 pi_loss=-0.004 v_loss=0.000 ent=1.020 kl=-0.0010
[upd  208 | steps  106496 | t   71.0s | sps  1500] ret_mean=0.000 ep_len=500.0 pi_loss=-0.007 v_loss=0.000 ent=0.960 kl=0.0072
[upd  209 | steps  107008 | t   71.2s | sps  1503] ret_mean=0.000 ep_len=500.0 pi_loss=-0.001 v_loss=0.000 ent=1.110 kl=0.0095
[upd  210 | steps  107520 | t   71.4s | sps  1507] ret_mean=0.000 ep_len=500.0 pi_loss=-0.001 v_loss=0.000 ent=0.953 kl=0.0115
[upd  211 | steps  108032 | t   71.5s | sps  1510] ret_mean=0.000 ep_len=500.0 pi_loss=-0.003 v_loss=0.000 ent=0.920 kl=0.0170
[upd  212 | steps  108544 | t   71.7s | sps  1514] ret_mean=2.000 ep_len=500.0 pi_loss=-0.002 v_loss=0.020 ent=0.953 kl=0.0157
[upd  213 | steps  109056 | t   71.9s | sps  1518] ret_mean=0.000 ep_len=500.0 pi_loss=-0.007 v_loss=0.001 ent=1.034 kl=0.0134
[upd  214 | steps  109568 | t   72.0s | sps  1522] ret_mean=0.000 ep_len=500.0 pi_loss=-0.006 v_loss=0.000 ent=0.829 kl=-0.0010
[upd  215 | steps  110080 | t   72.2s | sps  1525] ret_mean=0.000 ep_len=500.0 pi_loss=-0.010 v_loss=0.000 ent=0.824 kl=0.0118
[upd  216 | steps  110592 | t   72.3s | sps  1529] ret_mean=0.000 ep_len=500.0 pi_loss=-0.002 v_loss=0.000 ent=0.912 kl=0.0095
[upd  217 | steps  111104 | t   72.5s | sps  1533] ret_mean=0.000 ep_len=500.0 pi_loss=-0.005 v_loss=0.000 ent=0.968 kl=0.0070
[upd  218 | steps  111616 | t   72.6s | sps  1536] ret_mean=0.000 ep_len=500.0 pi_loss=-0.006 v_loss=0.000 ent=0.934 kl=0.0138
[upd  219 | steps  112128 | t   72.8s | sps  1540] ret_mean=0.000 ep_len=500.0 pi_loss=-0.008 v_loss=0.000 ent=0.868 kl=0.0095
[upd  220 | steps  112640 | t   73.0s | sps  1544] ret_mean=0.000 ep_len=500.0 pi_loss=-0.004 v_loss=0.000 ent=0.833 kl=0.0001
[upd  221 | steps  113152 | t   73.1s | sps  1548] ret_mean=0.000 ep_len=500.0 pi_loss=-0.007 v_loss=0.000 ent=0.897 kl=0.0009
[upd  222 | steps  113664 | t   73.3s | sps  1551] ret_mean=0.000 ep_len=500.0 pi_loss=-0.008 v_loss=0.000 ent=0.819 kl=0.0177
[upd  223 | steps  114176 | t   73.4s | sps  1555] ret_mean=0.000 ep_len=500.0 pi_loss=-0.005 v_loss=0.000 ent=0.747 kl=-0.0001
[upd  224 | steps  114688 | t   73.6s | sps  1558] ret_mean=0.000 ep_len=500.0 pi_loss=-0.005 v_loss=0.000 ent=0.848 kl=0.0082
[upd  225 | steps  115200 | t   73.8s | sps  1562] ret_mean=0.000 ep_len=500.0 pi_loss=-0.008 v_loss=0.000 ent=1.048 kl=0.0022
        [eval] ret_mean=0.000 ep_len=500.0
[upd  226 | steps  115712 | t   78.3s | sps  1478] ret_mean=0.000 ep_len=500.0 pi_loss=-0.002 v_loss=0.001 ent=0.610 kl=-0.0030
[upd  227 | steps  116224 | t   78.5s | sps  1481] ret_mean=0.000 ep_len=500.0 pi_loss=-0.004 v_loss=0.000 ent=0.873 kl=0.0096
[upd  228 | steps  116736 | t   78.6s | sps  1485] ret_mean=0.000 ep_len=500.0 pi_loss=-0.003 v_loss=0.000 ent=0.714 kl=0.0003
[upd  229 | steps  117248 | t   78.8s | sps  1488] ret_mean=0.000 ep_len=500.0 pi_loss=-0.003 v_loss=0.000 ent=1.098 kl=0.0067
[upd  230 | steps  117760 | t   79.0s | sps  1492] ret_mean=0.000 ep_len=500.0 pi_loss=-0.003 v_loss=0.000 ent=0.978 kl=-0.0040
[upd  231 | steps  118272 | t   79.1s | sps  1495] ret_mean=0.000 ep_len=500.0 pi_loss=-0.005 v_loss=0.000 ent=0.887 kl=0.0078
[upd  232 | steps  118784 | t   79.3s | sps  1498] ret_mean=0.000 ep_len=500.0 pi_loss=-0.004 v_loss=0.000 ent=1.065 kl=0.0087
[upd  233 | steps  119296 | t   79.5s | sps  1501] ret_mean=0.000 ep_len=500.0 pi_loss=-0.005 v_loss=0.000 ent=1.007 kl=0.0040
[upd  234 | steps  119808 | t   79.6s | sps  1504] ret_mean=0.000 ep_len=500.0 pi_loss=-0.005 v_loss=0.000 ent=0.806 kl=0.0080
[upd  235 | steps  120320 | t   79.8s | sps  1507] ret_mean=0.000 ep_len=500.0 pi_loss=-0.006 v_loss=0.000 ent=0.870 kl=0.0142
[upd  236 | steps  120832 | t   80.0s | sps  1511] ret_mean=0.000 ep_len=500.0 pi_loss=-0.008 v_loss=0.000 ent=0.961 kl=0.0183
[upd  237 | steps  121344 | t   80.2s | sps  1514] ret_mean=0.000 ep_len=500.0 pi_loss=-0.003 v_loss=0.000 ent=0.780 kl=0.0016
[upd  238 | steps  121856 | t   80.3s | sps  1517] ret_mean=0.000 ep_len=500.0 pi_loss=-0.006 v_loss=0.000 ent=1.002 kl=0.0035
[upd  239 | steps  122368 | t   80.5s | sps  1520] ret_mean=0.000 ep_len=500.0 pi_loss=-0.001 v_loss=0.000 ent=0.858 kl=0.0060
[upd  240 | steps  122880 | t   80.7s | sps  1522] ret_mean=0.000 ep_len=500.0 pi_loss=-0.004 v_loss=0.000 ent=0.937 kl=0.0153
[upd  241 | steps  123392 | t   80.9s | sps  1525] ret_mean=0.000 ep_len=500.0 pi_loss=-0.009 v_loss=0.000 ent=1.022 kl=0.0146
[upd  242 | steps  123904 | t   81.2s | sps  1527] ret_mean=0.000 ep_len=500.0 pi_loss=-0.002 v_loss=0.000 ent=0.813 kl=0.0066
[upd  243 | steps  124416 | t   81.3s | sps  1530] ret_mean=0.000 ep_len=500.0 pi_loss=-0.002 v_loss=0.000 ent=0.749 kl=0.0035
[upd  244 | steps  124928 | t   81.5s | sps  1533] ret_mean=0.000 ep_len=500.0 pi_loss=-0.003 v_loss=0.000 ent=0.766 kl=0.0003
[upd  245 | steps  125440 | t   81.7s | sps  1536] ret_mean=0.000 ep_len=500.0 pi_loss=-0.004 v_loss=0.000 ent=0.834 kl=-0.0015
[upd  246 | steps  125952 | t   81.8s | sps  1539] ret_mean=0.000 ep_len=500.0 pi_loss=-0.006 v_loss=0.000 ent=0.742 kl=0.0102
[upd  247 | steps  126464 | t   82.0s | sps  1542] ret_mean=0.000 ep_len=500.0 pi_loss=-0.003 v_loss=0.046 ent=0.556 kl=0.0030
[upd  248 | steps  126976 | t   82.2s | sps  1545] ret_mean=7.500 ep_len=500.0 pi_loss=-0.004 v_loss=0.009 ent=0.523 kl=0.0095
[upd  249 | steps  127488 | t   82.4s | sps  1548] ret_mean=0.000 ep_len=500.0 pi_loss=0.000 v_loss=0.001 ent=0.599 kl=0.0024
[upd  250 | steps  128000 | t   82.5s | sps  1551] ret_mean=0.000 ep_len=500.0 pi_loss=-0.003 v_loss=0.001 ent=0.718 kl=0.0046
        [eval] ret_mean=0.000 ep_len=500.0
[upd  251 | steps  128512 | t   86.7s | sps  1482] ret_mean=0.000 ep_len=500.0 pi_loss=-0.008 v_loss=0.001 ent=1.027 kl=0.0095
[upd  252 | steps  129024 | t   86.9s | sps  1485] ret_mean=0.000 ep_len=500.0 pi_loss=-0.004 v_loss=0.001 ent=0.575 kl=0.0057
[upd  253 | steps  129536 | t   87.0s | sps  1488] ret_mean=0.000 ep_len=500.0 pi_loss=-0.005 v_loss=0.000 ent=1.081 kl=0.0133
[upd  254 | steps  130048 | t   87.2s | sps  1491] ret_mean=0.000 ep_len=500.0 pi_loss=-0.004 v_loss=0.000 ent=1.028 kl=0.0006
[upd  255 | steps  130560 | t   87.4s | sps  1494] ret_mean=0.000 ep_len=500.0 pi_loss=-0.011 v_loss=0.000 ent=1.179 kl=0.0225
[upd  256 | steps  131072 | t   87.6s | sps  1497] ret_mean=0.000 ep_len=500.0 pi_loss=-0.007 v_loss=0.000 ent=0.821 kl=0.0044
[upd  257 | steps  131584 | t   87.7s | sps  1500] ret_mean=0.000 ep_len=500.0 pi_loss=-0.007 v_loss=0.000 ent=1.129 kl=0.0073
[upd  258 | steps  132096 | t   87.9s | sps  1503] ret_mean=0.000 ep_len=500.0 pi_loss=-0.008 v_loss=0.000 ent=1.035 kl=0.0128
[upd  259 | steps  132608 | t   88.1s | sps  1505] ret_mean=0.000 ep_len=500.0 pi_loss=-0.003 v_loss=0.000 ent=1.011 kl=-0.0005
[upd  260 | steps  133120 | t   88.3s | sps  1508] ret_mean=0.000 ep_len=500.0 pi_loss=-0.005 v_loss=0.000 ent=0.531 kl=-0.0003
[upd  261 | steps  133632 | t   88.4s | sps  1511] ret_mean=0.000 ep_len=500.0 pi_loss=-0.005 v_loss=0.000 ent=0.866 kl=0.0083
[upd  262 | steps  134144 | t   88.6s | sps  1514] ret_mean=0.000 ep_len=500.0 pi_loss=-0.008 v_loss=0.000 ent=1.058 kl=0.0057
[upd  263 | steps  134656 | t   88.8s | sps  1517] ret_mean=0.000 ep_len=500.0 pi_loss=-0.007 v_loss=0.000 ent=0.775 kl=0.0057
[upd  264 | steps  135168 | t   89.0s | sps  1519] ret_mean=0.000 ep_len=500.0 pi_loss=-0.011 v_loss=0.000 ent=0.649 kl=0.0126
[upd  265 | steps  135680 | t   89.1s | sps  1522] ret_mean=0.000 ep_len=500.0 pi_loss=-0.008 v_loss=0.000 ent=0.767 kl=0.0020
[upd  266 | steps  136192 | t   89.3s | sps  1525] ret_mean=0.000 ep_len=500.0 pi_loss=-0.009 v_loss=0.000 ent=0.916 kl=-0.0044
[upd  267 | steps  136704 | t   89.5s | sps  1528] ret_mean=0.000 ep_len=500.0 pi_loss=-0.005 v_loss=0.000 ent=0.653 kl=0.0050
[upd  268 | steps  137216 | t   89.6s | sps  1531] ret_mean=0.000 ep_len=500.0 pi_loss=-0.008 v_loss=0.000 ent=0.756 kl=0.0123
[upd  269 | steps  137728 | t   89.8s | sps  1534] ret_mean=0.000 ep_len=500.0 pi_loss=-0.003 v_loss=0.000 ent=1.039 kl=0.0027
[upd  270 | steps  138240 | t   90.0s | sps  1537] ret_mean=0.000 ep_len=500.0 pi_loss=-0.004 v_loss=0.000 ent=0.925 kl=0.0040
[upd  271 | steps  138752 | t   90.1s | sps  1540] ret_mean=0.000 ep_len=500.0 pi_loss=-0.004 v_loss=0.000 ent=0.677 kl=0.0014
[upd  272 | steps  139264 | t   90.3s | sps  1542] ret_mean=0.000 ep_len=500.0 pi_loss=-0.001 v_loss=0.000 ent=0.636 kl=0.0027
[upd  273 | steps  139776 | t   90.5s | sps  1545] ret_mean=0.000 ep_len=500.0 pi_loss=-0.011 v_loss=0.000 ent=0.633 kl=0.0250
[upd  274 | steps  140288 | t   90.7s | sps  1548] ret_mean=0.000 ep_len=500.0 pi_loss=-0.008 v_loss=0.000 ent=0.758 kl=0.0046
[upd  275 | steps  140800 | t   90.8s | sps  1550] ret_mean=0.000 ep_len=500.0 pi_loss=-0.006 v_loss=0.000 ent=0.526 kl=0.0087
        [eval] ret_mean=0.000 ep_len=500.0
[upd  276 | steps  141312 | t   95.0s | sps  1487] ret_mean=0.000 ep_len=500.0 pi_loss=-0.003 v_loss=0.000 ent=0.556 kl=0.0024
[upd  277 | steps  141824 | t   95.2s | sps  1490] ret_mean=0.000 ep_len=500.0 pi_loss=-0.002 v_loss=0.000 ent=0.187 kl=0.0015
[upd  278 | steps  142336 | t   95.3s | sps  1493] ret_mean=0.000 ep_len=500.0 pi_loss=-0.002 v_loss=0.000 ent=0.579 kl=0.0030
[upd  279 | steps  142848 | t   95.5s | sps  1496] ret_mean=0.000 ep_len=500.0 pi_loss=-0.006 v_loss=0.000 ent=0.415 kl=-0.0006
[upd  280 | steps  143360 | t   95.7s | sps  1499] ret_mean=0.000 ep_len=500.0 pi_loss=-0.009 v_loss=0.000 ent=0.442 kl=0.0098
[upd  281 | steps  143872 | t   95.8s | sps  1501] ret_mean=0.000 ep_len=500.0 pi_loss=-0.003 v_loss=0.000 ent=0.518 kl=0.0002
[upd  282 | steps  144384 | t   96.0s | sps  1504] ret_mean=0.000 ep_len=500.0 pi_loss=-0.002 v_loss=0.000 ent=0.285 kl=0.0002
[upd  283 | steps  144896 | t   96.2s | sps  1507] ret_mean=0.000 ep_len=500.0 pi_loss=-0.006 v_loss=0.000 ent=0.697 kl=0.0024
[upd  284 | steps  145408 | t   96.3s | sps  1510] ret_mean=0.000 ep_len=500.0 pi_loss=-0.002 v_loss=0.000 ent=0.526 kl=-0.0021
[upd  285 | steps  145920 | t   96.5s | sps  1512] ret_mean=0.000 ep_len=500.0 pi_loss=-0.001 v_loss=0.000 ent=0.312 kl=0.0024
[upd  286 | steps  146432 | t   96.7s | sps  1515] ret_mean=0.000 ep_len=500.0 pi_loss=-0.002 v_loss=0.000 ent=0.176 kl=0.0018
[upd  287 | steps  146944 | t   96.8s | sps  1517] ret_mean=0.000 ep_len=500.0 pi_loss=-0.001 v_loss=0.000 ent=0.278 kl=0.0010
[upd  288 | steps  147456 | t   97.0s | sps  1520] ret_mean=0.000 ep_len=500.0 pi_loss=-0.009 v_loss=0.000 ent=0.761 kl=0.0110
[upd  289 | steps  147968 | t   97.2s | sps  1522] ret_mean=0.000 ep_len=500.0 pi_loss=-0.005 v_loss=0.000 ent=0.683 kl=0.0060
[upd  290 | steps  148480 | t   97.4s | sps  1525] ret_mean=0.000 ep_len=500.0 pi_loss=-0.001 v_loss=0.000 ent=0.245 kl=0.0039
[upd  291 | steps  148992 | t   97.6s | sps  1527] ret_mean=1.500 ep_len=500.0 pi_loss=-0.003 v_loss=0.005 ent=0.324 kl=0.0006
[upd  292 | steps  149504 | t   97.7s | sps  1530] ret_mean=0.000 ep_len=500.0 pi_loss=-0.011 v_loss=0.000 ent=0.468 kl=-0.0015
[upd  293 | steps  150016 | t   97.9s | sps  1532] ret_mean=0.000 ep_len=500.0 pi_loss=-0.004 v_loss=0.000 ent=0.363 kl=-0.0007
[upd  294 | steps  150528 | t   98.1s | sps  1535] ret_mean=0.000 ep_len=500.0 pi_loss=-0.002 v_loss=0.000 ent=0.200 kl=0.0013
[upd  295 | steps  151040 | t   98.3s | sps  1537] ret_mean=0.000 ep_len=500.0 pi_loss=-0.000 v_loss=0.000 ent=0.200 kl=0.0017
[upd  296 | steps  151552 | t   98.4s | sps  1539] ret_mean=0.000 ep_len=500.0 pi_loss=-0.004 v_loss=0.001 ent=0.180 kl=0.0035
[upd  297 | steps  152064 | t   98.6s | sps  1542] ret_mean=0.000 ep_len=500.0 pi_loss=-0.002 v_loss=0.000 ent=0.230 kl=0.0131
[upd  298 | steps  152576 | t   98.8s | sps  1544] ret_mean=0.000 ep_len=500.0 pi_loss=-0.000 v_loss=0.000 ent=0.418 kl=0.0014
[upd  299 | steps  153088 | t   99.0s | sps  1547] ret_mean=0.000 ep_len=500.0 pi_loss=-0.004 v_loss=0.000 ent=0.347 kl=0.0018
[upd  300 | steps  153600 | t   99.1s | sps  1549] ret_mean=0.000 ep_len=500.0 pi_loss=-0.000 v_loss=0.000 ent=0.114 kl=0.0001
        [eval] ret_mean=0.000 ep_len=500.0
