$ /Users/samchen/Coding/CLASSES/CS2860/.venv/bin/python3 -m policies.train --env rware-tiny-2ag-easy-v2 --seed 1 --updates 300 --rollout 512 --eval-every 25 --eval-episodes 30 --log-dir matrix_results/diagnostics_v1_sam/death_token/tiny_normal --run-name mappo-heartbeat-only__delay-dropout__d30__s1 --n-msg-tokens 8 --no-comm --heartbeat --heartbeat-period 1 --heartbeat-max-age-clip 128 --heartbeat-delay 30 --dropout --dropout-window-start 200 --dropout-window-end 350 --shape-rewards --pickup-bonus 0.5

[env] EnvSpec(env_id='rware-tiny-2ag-easy-v2', n_agents=2, obs_dim=73, n_env_actions=5, noop_action=0, family='rware')  (n_msg_tokens=1)
[cfg] {'clip_range': 0.2, 'value_clip_range': 0.2, 'entropy_coef': 0.01, 'value_coef': 0.5, 'max_grad_norm': 0.5, 'gamma': 0.99, 'gae_lambda': 0.95, 'lr_actor': 0.0003, 'lr_critic': 0.001, 'update_epochs': 4, 'minibatches': 4, 'hidden': 128, 'depth': 2, 'device': 'cpu', 'extra': {}}
[log] writing to matrix_results/diagnostics_v1_sam/death_token/tiny_normal/mappo-heartbeat-only__delay-dropout__d30__s1
[upd    1 | steps     512 | t    0.2s | sps  2135] ret_mean=2.500 ep_len=500.0 pi_loss=-0.004 v_loss=0.086 ent=1.608 kl=0.0013
[upd    2 | steps    1024 | t    0.4s | sps  2362] ret_mean=2.500 ep_len=500.0 pi_loss=-0.005 v_loss=0.028 ent=1.602 kl=0.0014
[upd    3 | steps    1536 | t    0.6s | sps  2533] ret_mean=1.500 ep_len=500.0 pi_loss=-0.003 v_loss=0.016 ent=1.599 kl=0.0042
[upd    4 | steps    2048 | t    0.8s | sps  2545] ret_mean=0.000 ep_len=500.0 pi_loss=-0.004 v_loss=0.027 ent=1.598 kl=0.0026
[upd    5 | steps    2560 | t    1.1s | sps  2427] ret_mean=0.000 ep_len=500.0 pi_loss=-0.005 v_loss=0.011 ent=1.592 kl=0.0007
[upd    6 | steps    3072 | t    1.2s | sps  2505] ret_mean=0.000 ep_len=500.0 pi_loss=-0.003 v_loss=0.017 ent=1.589 kl=-0.0019
[upd    7 | steps    3584 | t    1.4s | sps  2590] ret_mean=0.000 ep_len=500.0 pi_loss=-0.010 v_loss=0.018 ent=1.592 kl=0.0062
[upd    8 | steps    4096 | t    1.5s | sps  2657] ret_mean=0.000 ep_len=500.0 pi_loss=-0.004 v_loss=0.009 ent=1.570 kl=0.0019
[upd    9 | steps    4608 | t    1.7s | sps  2700] ret_mean=0.000 ep_len=500.0 pi_loss=-0.004 v_loss=0.005 ent=1.580 kl=0.0031
[upd   10 | steps    5120 | t    1.9s | sps  2742] ret_mean=0.000 ep_len=500.0 pi_loss=-0.005 v_loss=0.009 ent=1.505 kl=0.0066
[upd   11 | steps    5632 | t    2.0s | sps  2766] ret_mean=1.500 ep_len=500.0 pi_loss=-0.007 v_loss=0.006 ent=1.524 kl=0.0016
[upd   12 | steps    6144 | t    2.2s | sps  2806] ret_mean=0.000 ep_len=500.0 pi_loss=-0.005 v_loss=0.003 ent=1.515 kl=0.0018
[upd   13 | steps    6656 | t    2.4s | sps  2827] ret_mean=0.000 ep_len=500.0 pi_loss=-0.013 v_loss=0.004 ent=1.461 kl=0.0096
[upd   14 | steps    7168 | t    2.5s | sps  2845] ret_mean=0.500 ep_len=500.0 pi_loss=-0.003 v_loss=0.002 ent=1.363 kl=0.0017
[upd   15 | steps    7680 | t    2.7s | sps  2859] ret_mean=0.000 ep_len=500.0 pi_loss=-0.005 v_loss=0.003 ent=1.392 kl=0.0032
[upd   16 | steps    8192 | t    2.8s | sps  2880] ret_mean=0.000 ep_len=500.0 pi_loss=-0.005 v_loss=0.012 ent=1.482 kl=0.0059
[upd   17 | steps    8704 | t    3.0s | sps  2902] ret_mean=3.000 ep_len=500.0 pi_loss=-0.005 v_loss=0.007 ent=1.456 kl=0.0061
[upd   18 | steps    9216 | t    3.2s | sps  2913] ret_mean=0.000 ep_len=500.0 pi_loss=-0.003 v_loss=0.003 ent=1.437 kl=0.0084
[upd   19 | steps    9728 | t    3.3s | sps  2922] ret_mean=1.500 ep_len=500.0 pi_loss=-0.011 v_loss=0.013 ent=1.457 kl=0.0117
[upd   20 | steps   10240 | t    3.5s | sps  2927] ret_mean=1.000 ep_len=500.0 pi_loss=-0.004 v_loss=0.007 ent=1.541 kl=0.0117
[upd   21 | steps   10752 | t    3.7s | sps  2926] ret_mean=1.000 ep_len=500.0 pi_loss=-0.004 v_loss=0.002 ent=1.528 kl=0.0015
[upd   22 | steps   11264 | t    3.8s | sps  2935] ret_mean=0.000 ep_len=500.0 pi_loss=-0.008 v_loss=0.002 ent=1.520 kl=-0.0039
[upd   23 | steps   11776 | t    4.0s | sps  2945] ret_mean=0.000 ep_len=500.0 pi_loss=-0.004 v_loss=0.006 ent=1.509 kl=-0.0014
[upd   24 | steps   12288 | t    4.2s | sps  2950] ret_mean=1.000 ep_len=500.0 pi_loss=-0.007 v_loss=0.002 ent=1.473 kl=-0.0003
[upd   25 | steps   12800 | t    4.4s | sps  2940] ret_mean=1.500 ep_len=500.0 pi_loss=-0.013 v_loss=0.010 ent=1.453 kl=0.0042
        [eval] ret_mean=0.000 ep_len=500.0
[upd   26 | steps   13312 | t    8.5s | sps  1563] ret_mean=0.000 ep_len=500.0 pi_loss=-0.011 v_loss=0.002 ent=1.364 kl=0.0159
[upd   27 | steps   13824 | t    8.7s | sps  1591] ret_mean=0.000 ep_len=500.0 pi_loss=-0.005 v_loss=0.001 ent=1.353 kl=0.0051
[upd   28 | steps   14336 | t    8.9s | sps  1620] ret_mean=1.500 ep_len=500.0 pi_loss=-0.011 v_loss=0.013 ent=1.331 kl=-0.0049
[upd   29 | steps   14848 | t    9.0s | sps  1643] ret_mean=0.500 ep_len=500.0 pi_loss=-0.012 v_loss=0.003 ent=1.474 kl=0.0071
[upd   30 | steps   15360 | t    9.2s | sps  1666] ret_mean=0.000 ep_len=500.0 pi_loss=-0.011 v_loss=0.001 ent=1.442 kl=0.0133
[upd   31 | steps   15872 | t    9.4s | sps  1691] ret_mean=0.000 ep_len=500.0 pi_loss=-0.004 v_loss=0.001 ent=1.395 kl=0.0034
[upd   32 | steps   16384 | t    9.6s | sps  1712] ret_mean=7.000 ep_len=500.0 pi_loss=-0.004 v_loss=0.095 ent=1.339 kl=0.0026
[upd   33 | steps   16896 | t    9.7s | sps  1734] ret_mean=2.500 ep_len=500.0 pi_loss=-0.009 v_loss=0.005 ent=1.430 kl=0.0078
[upd   34 | steps   17408 | t    9.9s | sps  1752] ret_mean=1.500 ep_len=500.0 pi_loss=-0.002 v_loss=0.005 ent=1.251 kl=0.0011
[upd   35 | steps   17920 | t   10.1s | sps  1770] ret_mean=0.000 ep_len=500.0 pi_loss=-0.005 v_loss=0.001 ent=1.324 kl=0.0046
[upd   36 | steps   18432 | t   10.3s | sps  1791] ret_mean=0.000 ep_len=500.0 pi_loss=-0.003 v_loss=0.002 ent=1.287 kl=0.0040
[upd   37 | steps   18944 | t   10.5s | sps  1812] ret_mean=0.000 ep_len=500.0 pi_loss=-0.005 v_loss=0.001 ent=1.143 kl=0.0061
[upd   38 | steps   19456 | t   10.6s | sps  1832] ret_mean=0.000 ep_len=500.0 pi_loss=-0.004 v_loss=0.001 ent=1.245 kl=0.0030
[upd   39 | steps   19968 | t   10.8s | sps  1852] ret_mean=1.000 ep_len=500.0 pi_loss=-0.005 v_loss=0.004 ent=1.021 kl=0.0083
[upd   40 | steps   20480 | t   10.9s | sps  1872] ret_mean=0.000 ep_len=500.0 pi_loss=-0.007 v_loss=0.008 ent=0.944 kl=0.0139
[upd   41 | steps   20992 | t   11.1s | sps  1891] ret_mean=2.000 ep_len=500.0 pi_loss=-0.004 v_loss=0.002 ent=1.074 kl=0.0200
[upd   42 | steps   21504 | t   11.3s | sps  1908] ret_mean=0.000 ep_len=500.0 pi_loss=-0.004 v_loss=0.003 ent=1.047 kl=0.0047
[upd   43 | steps   22016 | t   11.4s | sps  1923] ret_mean=0.500 ep_len=500.0 pi_loss=-0.010 v_loss=0.001 ent=1.136 kl=0.0030
[upd   44 | steps   22528 | t   11.6s | sps  1936] ret_mean=0.000 ep_len=500.0 pi_loss=-0.009 v_loss=0.001 ent=1.068 kl=0.0087
[upd   45 | steps   23040 | t   11.8s | sps  1953] ret_mean=0.000 ep_len=500.0 pi_loss=-0.003 v_loss=0.001 ent=1.020 kl=0.0015
[upd   46 | steps   23552 | t   12.0s | sps  1967] ret_mean=0.000 ep_len=500.0 pi_loss=-0.007 v_loss=0.001 ent=1.066 kl=0.0071
[upd   47 | steps   24064 | t   12.1s | sps  1982] ret_mean=0.000 ep_len=500.0 pi_loss=-0.006 v_loss=0.001 ent=1.109 kl=-0.0008
[upd   48 | steps   24576 | t   12.3s | sps  1994] ret_mean=0.000 ep_len=500.0 pi_loss=-0.010 v_loss=0.035 ent=1.136 kl=0.0136
[upd   49 | steps   25088 | t   12.5s | sps  2007] ret_mean=3.500 ep_len=500.0 pi_loss=-0.001 v_loss=0.045 ent=0.944 kl=0.0019
[upd   50 | steps   25600 | t   12.7s | sps  2021] ret_mean=3.500 ep_len=500.0 pi_loss=-0.008 v_loss=0.001 ent=0.906 kl=0.0132
        [eval] ret_mean=0.000 ep_len=500.0
[upd   51 | steps   26112 | t   16.5s | sps  1583] ret_mean=0.000 ep_len=500.0 pi_loss=-0.006 v_loss=0.001 ent=0.825 kl=0.0045
[upd   52 | steps   26624 | t   16.7s | sps  1599] ret_mean=0.000 ep_len=500.0 pi_loss=-0.008 v_loss=0.000 ent=0.795 kl=-0.0000
[upd   53 | steps   27136 | t   16.8s | sps  1614] ret_mean=0.000 ep_len=500.0 pi_loss=-0.007 v_loss=0.001 ent=0.614 kl=0.0077
[upd   54 | steps   27648 | t   17.0s | sps  1629] ret_mean=0.000 ep_len=500.0 pi_loss=-0.008 v_loss=0.001 ent=0.838 kl=0.0065
[upd   55 | steps   28160 | t   17.1s | sps  1644] ret_mean=0.000 ep_len=500.0 pi_loss=-0.001 v_loss=0.002 ent=1.019 kl=0.0060
[upd   56 | steps   28672 | t   17.3s | sps  1658] ret_mean=0.500 ep_len=500.0 pi_loss=-0.002 v_loss=0.001 ent=0.562 kl=-0.0012
[upd   57 | steps   29184 | t   17.5s | sps  1672] ret_mean=0.000 ep_len=500.0 pi_loss=-0.005 v_loss=0.008 ent=0.429 kl=0.0019
[upd   58 | steps   29696 | t   17.6s | sps  1686] ret_mean=1.500 ep_len=500.0 pi_loss=-0.003 v_loss=0.001 ent=0.783 kl=0.0043
[upd   59 | steps   30208 | t   17.8s | sps  1699] ret_mean=3.500 ep_len=500.0 pi_loss=-0.007 v_loss=0.023 ent=1.095 kl=0.0030
[upd   60 | steps   30720 | t   17.9s | sps  1713] ret_mean=1.500 ep_len=500.0 pi_loss=-0.006 v_loss=0.013 ent=0.836 kl=0.0134
[upd   61 | steps   31232 | t   18.1s | sps  1727] ret_mean=0.000 ep_len=500.0 pi_loss=-0.009 v_loss=0.002 ent=1.291 kl=0.0030
[upd   62 | steps   31744 | t   18.2s | sps  1740] ret_mean=0.000 ep_len=500.0 pi_loss=-0.007 v_loss=0.001 ent=1.284 kl=0.0095
[upd   63 | steps   32256 | t   18.4s | sps  1752] ret_mean=0.000 ep_len=500.0 pi_loss=-0.006 v_loss=0.002 ent=1.193 kl=0.0029
[upd   64 | steps   32768 | t   18.6s | sps  1764] ret_mean=0.500 ep_len=500.0 pi_loss=-0.002 v_loss=0.001 ent=1.093 kl=0.0025
[upd   65 | steps   33280 | t   18.7s | sps  1775] ret_mean=0.000 ep_len=500.0 pi_loss=-0.006 v_loss=0.138 ent=1.297 kl=0.0020
[upd   66 | steps   33792 | t   18.9s | sps  1787] ret_mean=8.500 ep_len=500.0 pi_loss=-0.007 v_loss=0.001 ent=1.354 kl=0.0072
[upd   67 | steps   34304 | t   19.1s | sps  1799] ret_mean=0.000 ep_len=500.0 pi_loss=-0.012 v_loss=0.001 ent=1.388 kl=0.0108
[upd   68 | steps   34816 | t   19.2s | sps  1810] ret_mean=7.500 ep_len=500.0 pi_loss=-0.007 v_loss=0.090 ent=1.304 kl=0.0060
[upd   69 | steps   35328 | t   19.4s | sps  1821] ret_mean=1.000 ep_len=500.0 pi_loss=-0.009 v_loss=0.002 ent=1.332 kl=-0.0003
[upd   70 | steps   35840 | t   19.6s | sps  1832] ret_mean=0.000 ep_len=500.0 pi_loss=-0.009 v_loss=0.099 ent=1.362 kl=0.0025
[upd   71 | steps   36352 | t   19.7s | sps  1843] ret_mean=7.500 ep_len=500.0 pi_loss=-0.011 v_loss=0.060 ent=1.419 kl=0.0087
[upd   72 | steps   36864 | t   19.9s | sps  1854] ret_mean=3.500 ep_len=500.0 pi_loss=-0.005 v_loss=0.001 ent=1.429 kl=0.0026
[upd   73 | steps   37376 | t   20.0s | sps  1864] ret_mean=0.000 ep_len=500.0 pi_loss=-0.003 v_loss=0.001 ent=1.391 kl=0.0084
[upd   74 | steps   37888 | t   20.2s | sps  1874] ret_mean=0.000 ep_len=500.0 pi_loss=-0.006 v_loss=0.001 ent=1.362 kl=0.0041
[upd   75 | steps   38400 | t   20.4s | sps  1883] ret_mean=0.000 ep_len=500.0 pi_loss=-0.011 v_loss=0.001 ent=1.318 kl=-0.0013
        [eval] ret_mean=9.000 ep_len=500.0
[upd   76 | steps   38912 | t   24.4s | sps  1596] ret_mean=6.500 ep_len=500.0 pi_loss=-0.005 v_loss=0.167 ent=1.348 kl=0.0032
[upd   77 | steps   39424 | t   24.5s | sps  1606] ret_mean=0.000 ep_len=500.0 pi_loss=-0.006 v_loss=0.037 ent=1.400 kl=0.0051
[upd   78 | steps   39936 | t   24.7s | sps  1617] ret_mean=42.500 ep_len=500.0 pi_loss=-0.004 v_loss=1.851 ent=1.247 kl=0.0062
[upd   79 | steps   40448 | t   24.9s | sps  1627] ret_mean=25.000 ep_len=500.0 pi_loss=-0.006 v_loss=0.633 ent=1.177 kl=0.0226
[upd   80 | steps   40960 | t   25.0s | sps  1637] ret_mean=11.500 ep_len=500.0 pi_loss=-0.010 v_loss=0.293 ent=1.293 kl=0.0075
[upd   81 | steps   41472 | t   25.2s | sps  1645] ret_mean=14.500 ep_len=500.0 pi_loss=-0.006 v_loss=0.408 ent=1.212 kl=0.0128
[upd   82 | steps   41984 | t   25.4s | sps  1652] ret_mean=0.000 ep_len=500.0 pi_loss=-0.007 v_loss=0.120 ent=1.275 kl=0.0107
[upd   83 | steps   42496 | t   25.6s | sps  1659] ret_mean=12.500 ep_len=500.0 pi_loss=-0.006 v_loss=0.091 ent=1.203 kl=0.0052
[upd   84 | steps   43008 | t   25.8s | sps  1668] ret_mean=0.500 ep_len=500.0 pi_loss=-0.009 v_loss=0.004 ent=1.298 kl=0.0161
[upd   85 | steps   43520 | t   26.0s | sps  1676] ret_mean=1.500 ep_len=500.0 pi_loss=-0.005 v_loss=0.017 ent=1.183 kl=0.0167
[upd   86 | steps   44032 | t   26.1s | sps  1685] ret_mean=0.000 ep_len=500.0 pi_loss=-0.006 v_loss=0.370 ent=1.173 kl=0.0015
[upd   87 | steps   44544 | t   26.3s | sps  1693] ret_mean=25.500 ep_len=500.0 pi_loss=-0.010 v_loss=0.358 ent=1.122 kl=0.0141
[upd   88 | steps   45056 | t   26.5s | sps  1702] ret_mean=1.500 ep_len=500.0 pi_loss=-0.001 v_loss=0.005 ent=1.105 kl=0.0051
[upd   89 | steps   45568 | t   26.6s | sps  1711] ret_mean=0.000 ep_len=500.0 pi_loss=-0.004 v_loss=1.429 ent=0.902 kl=0.0067
[upd   90 | steps   46080 | t   26.8s | sps  1720] ret_mean=42.000 ep_len=500.0 pi_loss=-0.005 v_loss=0.474 ent=1.110 kl=0.0116
[upd   91 | steps   46592 | t   27.0s | sps  1728] ret_mean=6.500 ep_len=500.0 pi_loss=-0.006 v_loss=0.014 ent=0.834 kl=0.0061
[upd   92 | steps   47104 | t   27.1s | sps  1737] ret_mean=0.000 ep_len=500.0 pi_loss=-0.008 v_loss=0.007 ent=0.729 kl=0.0074
[upd   93 | steps   47616 | t   27.3s | sps  1745] ret_mean=0.000 ep_len=500.0 pi_loss=-0.002 v_loss=0.640 ent=0.924 kl=0.0014
[upd   94 | steps   48128 | t   27.4s | sps  1754] ret_mean=28.000 ep_len=500.0 pi_loss=-0.005 v_loss=1.795 ent=0.754 kl=0.0087
[upd   95 | steps   48640 | t   27.6s | sps  1763] ret_mean=34.000 ep_len=500.0 pi_loss=-0.003 v_loss=0.048 ent=0.590 kl=0.0031
[upd   96 | steps   49152 | t   27.8s | sps  1771] ret_mean=0.000 ep_len=500.0 pi_loss=-0.004 v_loss=0.007 ent=0.821 kl=0.0156
[upd   97 | steps   49664 | t   27.9s | sps  1779] ret_mean=0.000 ep_len=500.0 pi_loss=-0.009 v_loss=0.964 ent=0.795 kl=0.0107
[upd   98 | steps   50176 | t   28.1s | sps  1786] ret_mean=22.500 ep_len=500.0 pi_loss=-0.005 v_loss=0.010 ent=1.004 kl=0.0075
[upd   99 | steps   50688 | t   28.3s | sps  1792] ret_mean=0.500 ep_len=500.0 pi_loss=-0.003 v_loss=0.792 ent=0.556 kl=-0.0012
[upd  100 | steps   51200 | t   28.4s | sps  1801] ret_mean=19.000 ep_len=500.0 pi_loss=-0.006 v_loss=0.008 ent=0.824 kl=0.0103
        [eval] ret_mean=4.167 ep_len=500.0
[upd  101 | steps   51712 | t   32.1s | sps  1610] ret_mean=0.000 ep_len=500.0 pi_loss=-0.008 v_loss=0.003 ent=0.856 kl=0.0125
[upd  102 | steps   52224 | t   32.3s | sps  1618] ret_mean=0.000 ep_len=500.0 pi_loss=-0.007 v_loss=0.030 ent=0.833 kl=0.0050
[upd  103 | steps   52736 | t   32.4s | sps  1626] ret_mean=8.500 ep_len=500.0 pi_loss=-0.007 v_loss=0.171 ent=1.119 kl=0.0071
[upd  104 | steps   53248 | t   32.6s | sps  1634] ret_mean=15.500 ep_len=500.0 pi_loss=-0.012 v_loss=0.182 ent=1.178 kl=0.0097
[upd  105 | steps   53760 | t   32.8s | sps  1641] ret_mean=0.000 ep_len=500.0 pi_loss=-0.003 v_loss=0.004 ent=1.060 kl=0.0100
[upd  106 | steps   54272 | t   32.9s | sps  1649] ret_mean=0.000 ep_len=500.0 pi_loss=-0.011 v_loss=0.006 ent=1.044 kl=0.0098
[upd  107 | steps   54784 | t   33.1s | sps  1656] ret_mean=0.000 ep_len=500.0 pi_loss=-0.005 v_loss=0.010 ent=0.924 kl=0.0059
[upd  108 | steps   55296 | t   33.2s | sps  1663] ret_mean=0.500 ep_len=500.0 pi_loss=-0.011 v_loss=0.011 ent=1.040 kl=0.0124
[upd  109 | steps   55808 | t   33.4s | sps  1670] ret_mean=4.500 ep_len=500.0 pi_loss=-0.007 v_loss=0.052 ent=0.987 kl=0.0051
[upd  110 | steps   56320 | t   33.6s | sps  1677] ret_mean=1.000 ep_len=500.0 pi_loss=-0.007 v_loss=0.002 ent=0.919 kl=0.0054
[upd  111 | steps   56832 | t   33.7s | sps  1684] ret_mean=0.000 ep_len=500.0 pi_loss=0.001 v_loss=0.002 ent=0.877 kl=0.0026
[upd  112 | steps   57344 | t   33.9s | sps  1690] ret_mean=36.000 ep_len=500.0 pi_loss=-0.004 v_loss=1.820 ent=0.691 kl=0.0071
[upd  113 | steps   57856 | t   34.1s | sps  1697] ret_mean=0.000 ep_len=500.0 pi_loss=-0.006 v_loss=1.301 ent=0.749 kl=0.0101
[upd  114 | steps   58368 | t   34.2s | sps  1704] ret_mean=28.500 ep_len=500.0 pi_loss=-0.002 v_loss=0.018 ent=0.953 kl=0.0075
[upd  115 | steps   58880 | t   34.4s | sps  1712] ret_mean=2.500 ep_len=500.0 pi_loss=-0.006 v_loss=0.008 ent=0.970 kl=0.0058
[upd  116 | steps   59392 | t   34.6s | sps  1718] ret_mean=0.000 ep_len=500.0 pi_loss=-0.006 v_loss=0.003 ent=0.958 kl=0.0019
[upd  117 | steps   59904 | t   34.7s | sps  1725] ret_mean=0.000 ep_len=500.0 pi_loss=-0.007 v_loss=0.002 ent=0.827 kl=0.0089
[upd  118 | steps   60416 | t   34.9s | sps  1732] ret_mean=0.000 ep_len=500.0 pi_loss=-0.007 v_loss=0.779 ent=0.678 kl=0.0056
[upd  119 | steps   60928 | t   35.1s | sps  1737] ret_mean=26.500 ep_len=500.0 pi_loss=-0.007 v_loss=0.173 ent=0.896 kl=0.0116
[upd  120 | steps   61440 | t   35.2s | sps  1744] ret_mean=0.000 ep_len=500.0 pi_loss=-0.007 v_loss=0.539 ent=1.070 kl=0.0069
[upd  121 | steps   61952 | t   35.4s | sps  1750] ret_mean=17.000 ep_len=500.0 pi_loss=-0.004 v_loss=0.088 ent=0.858 kl=0.0122
[upd  122 | steps   62464 | t   35.6s | sps  1757] ret_mean=5.000 ep_len=500.0 pi_loss=-0.010 v_loss=0.010 ent=1.002 kl=0.0062
[upd  123 | steps   62976 | t   35.7s | sps  1763] ret_mean=0.500 ep_len=500.0 pi_loss=-0.005 v_loss=1.197 ent=0.953 kl=0.0032
[upd  124 | steps   63488 | t   35.9s | sps  1769] ret_mean=54.000 ep_len=500.0 pi_loss=-0.005 v_loss=1.190 ent=0.833 kl=0.0066
[upd  125 | steps   64000 | t   36.0s | sps  1776] ret_mean=34.000 ep_len=500.0 pi_loss=-0.004 v_loss=1.488 ent=0.709 kl=0.0165
        [eval] ret_mean=9.817 ep_len=500.0
[upd  126 | steps   64512 | t   39.9s | sps  1619] ret_mean=66.500 ep_len=500.0 pi_loss=-0.008 v_loss=3.140 ent=0.658 kl=0.0118
[upd  127 | steps   65024 | t   40.0s | sps  1625] ret_mean=43.500 ep_len=500.0 pi_loss=-0.005 v_loss=2.129 ent=0.960 kl=0.0042
[upd  128 | steps   65536 | t   40.2s | sps  1632] ret_mean=0.000 ep_len=500.0 pi_loss=-0.005 v_loss=0.006 ent=0.976 kl=0.0018
[upd  129 | steps   66048 | t   40.3s | sps  1638] ret_mean=0.000 ep_len=500.0 pi_loss=-0.005 v_loss=0.268 ent=0.964 kl=0.0069
[upd  130 | steps   66560 | t   40.5s | sps  1644] ret_mean=32.500 ep_len=500.0 pi_loss=-0.009 v_loss=0.656 ent=0.899 kl=0.0089
[upd  131 | steps   67072 | t   40.7s | sps  1650] ret_mean=49.500 ep_len=500.0 pi_loss=-0.005 v_loss=2.485 ent=0.791 kl=0.0082
[upd  132 | steps   67584 | t   40.8s | sps  1656] ret_mean=0.000 ep_len=500.0 pi_loss=-0.007 v_loss=0.027 ent=1.001 kl=0.0017
[upd  133 | steps   68096 | t   41.0s | sps  1662] ret_mean=0.000 ep_len=500.0 pi_loss=-0.004 v_loss=0.010 ent=0.885 kl=0.0027
[upd  134 | steps   68608 | t   41.1s | sps  1668] ret_mean=52.000 ep_len=500.0 pi_loss=-0.004 v_loss=3.265 ent=0.525 kl=0.0080
[upd  135 | steps   69120 | t   41.3s | sps  1673] ret_mean=14.000 ep_len=500.0 pi_loss=-0.004 v_loss=0.792 ent=0.660 kl=0.0039
[upd  136 | steps   69632 | t   41.5s | sps  1679] ret_mean=17.500 ep_len=500.0 pi_loss=-0.010 v_loss=0.877 ent=0.971 kl=0.0021
[upd  137 | steps   70144 | t   41.6s | sps  1685] ret_mean=109.500 ep_len=500.0 pi_loss=-0.008 v_loss=8.472 ent=0.537 kl=0.0039
[upd  138 | steps   70656 | t   41.8s | sps  1691] ret_mean=79.000 ep_len=500.0 pi_loss=-0.005 v_loss=1.750 ent=0.698 kl=0.0134
[upd  139 | steps   71168 | t   41.9s | sps  1697] ret_mean=0.000 ep_len=500.0 pi_loss=-0.002 v_loss=1.286 ent=0.933 kl=0.0074
[upd  140 | steps   71680 | t   42.1s | sps  1703] ret_mean=88.000 ep_len=500.0 pi_loss=-0.013 v_loss=2.441 ent=0.657 kl=0.0173
[upd  141 | steps   72192 | t   42.2s | sps  1709] ret_mean=0.000 ep_len=500.0 pi_loss=-0.004 v_loss=0.153 ent=0.900 kl=0.0035
[upd  142 | steps   72704 | t   42.4s | sps  1714] ret_mean=6.500 ep_len=500.0 pi_loss=-0.003 v_loss=0.970 ent=0.608 kl=0.0149
[upd  143 | steps   73216 | t   42.6s | sps  1720] ret_mean=97.000 ep_len=500.0 pi_loss=-0.004 v_loss=6.274 ent=0.350 kl=0.0038
[upd  144 | steps   73728 | t   42.7s | sps  1725] ret_mean=68.500 ep_len=500.0 pi_loss=-0.002 v_loss=1.570 ent=0.902 kl=0.0082
[upd  145 | steps   74240 | t   42.9s | sps  1730] ret_mean=69.500 ep_len=500.0 pi_loss=-0.003 v_loss=9.465 ent=0.441 kl=0.0102
[upd  146 | steps   74752 | t   43.1s | sps  1736] ret_mean=169.000 ep_len=500.0 pi_loss=-0.005 v_loss=7.258 ent=0.306 kl=0.0135
[upd  147 | steps   75264 | t   43.2s | sps  1742] ret_mean=111.500 ep_len=500.0 pi_loss=-0.003 v_loss=2.619 ent=0.482 kl=0.0038
[upd  148 | steps   75776 | t   43.4s | sps  1747] ret_mean=5.000 ep_len=500.0 pi_loss=-0.003 v_loss=7.020 ent=0.635 kl=0.0025
[upd  149 | steps   76288 | t   43.5s | sps  1753] ret_mean=142.000 ep_len=500.0 pi_loss=-0.001 v_loss=2.106 ent=0.514 kl=0.0067
[upd  150 | steps   76800 | t   43.7s | sps  1759] ret_mean=53.000 ep_len=500.0 pi_loss=-0.001 v_loss=11.446 ent=0.213 kl=0.0021
        [eval] ret_mean=16.717 ep_len=500.0
[upd  151 | steps   77312 | t   47.8s | sps  1618] ret_mean=8.500 ep_len=500.0 pi_loss=-0.004 v_loss=0.256 ent=0.724 kl=0.0036
[upd  152 | steps   77824 | t   47.9s | sps  1623] ret_mean=54.500 ep_len=500.0 pi_loss=-0.005 v_loss=1.791 ent=0.721 kl=0.0057
[upd  153 | steps   78336 | t   48.1s | sps  1628] ret_mean=1.500 ep_len=500.0 pi_loss=-0.002 v_loss=0.101 ent=0.581 kl=0.0014
[upd  154 | steps   78848 | t   48.3s | sps  1633] ret_mean=21.000 ep_len=500.0 pi_loss=-0.003 v_loss=0.855 ent=0.488 kl=0.0008
[upd  155 | steps   79360 | t   48.4s | sps  1638] ret_mean=45.500 ep_len=500.0 pi_loss=-0.004 v_loss=1.506 ent=0.460 kl=0.0064
[upd  156 | steps   79872 | t   48.6s | sps  1643] ret_mean=84.500 ep_len=500.0 pi_loss=-0.004 v_loss=4.866 ent=0.223 kl=0.0095
[upd  157 | steps   80384 | t   48.8s | sps  1648] ret_mean=73.500 ep_len=500.0 pi_loss=-0.002 v_loss=3.081 ent=0.393 kl=0.0014
[upd  158 | steps   80896 | t   48.9s | sps  1654] ret_mean=28.500 ep_len=500.0 pi_loss=-0.010 v_loss=1.142 ent=0.583 kl=0.0059
[upd  159 | steps   81408 | t   49.1s | sps  1659] ret_mean=105.000 ep_len=500.0 pi_loss=-0.011 v_loss=8.016 ent=0.320 kl=0.0217
[upd  160 | steps   81920 | t   49.3s | sps  1663] ret_mean=94.000 ep_len=500.0 pi_loss=-0.011 v_loss=3.810 ent=0.374 kl=0.0193
[upd  161 | steps   82432 | t   49.4s | sps  1668] ret_mean=110.500 ep_len=500.0 pi_loss=-0.005 v_loss=3.752 ent=0.294 kl=0.0042
[upd  162 | steps   82944 | t   49.6s | sps  1673] ret_mean=41.000 ep_len=500.0 pi_loss=-0.003 v_loss=1.207 ent=0.655 kl=0.0032
[upd  163 | steps   83456 | t   49.7s | sps  1678] ret_mean=17.000 ep_len=500.0 pi_loss=-0.004 v_loss=6.576 ent=0.471 kl=0.0016
[upd  164 | steps   83968 | t   49.9s | sps  1683] ret_mean=155.500 ep_len=500.0 pi_loss=-0.003 v_loss=5.379 ent=0.228 kl=0.0026
[upd  165 | steps   84480 | t   50.1s | sps  1688] ret_mean=116.500 ep_len=500.0 pi_loss=-0.001 v_loss=4.571 ent=0.146 kl=0.0021
[upd  166 | steps   84992 | t   50.2s | sps  1692] ret_mean=123.000 ep_len=500.0 pi_loss=-0.004 v_loss=6.025 ent=0.202 kl=0.0070
[upd  167 | steps   85504 | t   50.4s | sps  1697] ret_mean=161.000 ep_len=500.0 pi_loss=-0.002 v_loss=7.042 ent=0.223 kl=0.0087
[upd  168 | steps   86016 | t   50.6s | sps  1701] ret_mean=62.000 ep_len=500.0 pi_loss=-0.004 v_loss=1.707 ent=0.536 kl=0.0085
[upd  169 | steps   86528 | t   50.7s | sps  1706] ret_mean=114.000 ep_len=500.0 pi_loss=-0.005 v_loss=2.926 ent=0.343 kl=0.0216
[upd  170 | steps   87040 | t   50.9s | sps  1710] ret_mean=38.000 ep_len=500.0 pi_loss=-0.001 v_loss=1.958 ent=0.476 kl=0.0041
[upd  171 | steps   87552 | t   51.1s | sps  1714] ret_mean=6.500 ep_len=500.0 pi_loss=-0.007 v_loss=0.196 ent=0.647 kl=0.0076
[upd  172 | steps   88064 | t   51.2s | sps  1719] ret_mean=23.000 ep_len=500.0 pi_loss=-0.003 v_loss=1.823 ent=0.538 kl=0.0016
[upd  173 | steps   88576 | t   51.4s | sps  1723] ret_mean=84.000 ep_len=500.0 pi_loss=-0.002 v_loss=3.380 ent=0.242 kl=-0.0003
[upd  174 | steps   89088 | t   51.6s | sps  1727] ret_mean=108.500 ep_len=500.0 pi_loss=-0.009 v_loss=3.484 ent=0.247 kl=0.0185
[upd  175 | steps   89600 | t   51.7s | sps  1732] ret_mean=51.500 ep_len=500.0 pi_loss=-0.002 v_loss=3.659 ent=0.510 kl=0.0051
        [eval] ret_mean=6.150 ep_len=500.0
[upd  176 | steps   90112 | t   55.6s | sps  1621] ret_mean=95.000 ep_len=500.0 pi_loss=-0.001 v_loss=2.990 ent=0.362 kl=0.0032
[upd  177 | steps   90624 | t   55.7s | sps  1626] ret_mean=115.000 ep_len=500.0 pi_loss=-0.003 v_loss=3.674 ent=0.227 kl=0.0009
[upd  178 | steps   91136 | t   55.9s | sps  1630] ret_mean=26.000 ep_len=500.0 pi_loss=-0.001 v_loss=1.578 ent=0.647 kl=0.0002
[upd  179 | steps   91648 | t   56.1s | sps  1635] ret_mean=173.500 ep_len=500.0 pi_loss=-0.004 v_loss=8.464 ent=0.092 kl=0.0032
[upd  180 | steps   92160 | t   56.2s | sps  1639] ret_mean=53.500 ep_len=500.0 pi_loss=-0.003 v_loss=2.524 ent=0.443 kl=0.0099
[upd  181 | steps   92672 | t   56.4s | sps  1644] ret_mean=70.000 ep_len=500.0 pi_loss=-0.008 v_loss=2.024 ent=0.605 kl=0.0106
[upd  182 | steps   93184 | t   56.5s | sps  1648] ret_mean=52.500 ep_len=500.0 pi_loss=-0.002 v_loss=1.430 ent=0.558 kl=0.0020
[upd  183 | steps   93696 | t   56.7s | sps  1653] ret_mean=86.500 ep_len=500.0 pi_loss=-0.006 v_loss=3.014 ent=0.293 kl=0.0138
[upd  184 | steps   94208 | t   56.9s | sps  1657] ret_mean=108.000 ep_len=500.0 pi_loss=-0.001 v_loss=3.078 ent=0.237 kl=0.0017
[upd  185 | steps   94720 | t   57.0s | sps  1661] ret_mean=97.000 ep_len=500.0 pi_loss=-0.005 v_loss=3.702 ent=0.248 kl=0.0132
[upd  186 | steps   95232 | t   57.2s | sps  1666] ret_mean=109.500 ep_len=500.0 pi_loss=-0.005 v_loss=3.506 ent=0.242 kl=0.0081
[upd  187 | steps   95744 | t   57.3s | sps  1671] ret_mean=93.500 ep_len=500.0 pi_loss=0.001 v_loss=3.402 ent=0.264 kl=0.0007
[upd  188 | steps   96256 | t   57.5s | sps  1675] ret_mean=123.000 ep_len=500.0 pi_loss=-0.004 v_loss=4.876 ent=0.235 kl=0.0072
[upd  189 | steps   96768 | t   57.6s | sps  1679] ret_mean=4.500 ep_len=500.0 pi_loss=-0.002 v_loss=2.553 ent=0.568 kl=0.0044
[upd  190 | steps   97280 | t   57.8s | sps  1684] ret_mean=171.500 ep_len=500.0 pi_loss=-0.005 v_loss=7.199 ent=0.194 kl=0.0156
[upd  191 | steps   97792 | t   57.9s | sps  1688] ret_mean=23.500 ep_len=500.0 pi_loss=-0.009 v_loss=0.595 ent=0.438 kl=0.0159
[upd  192 | steps   98304 | t   58.1s | sps  1692] ret_mean=75.500 ep_len=500.0 pi_loss=-0.007 v_loss=3.517 ent=0.176 kl=0.0051
[upd  193 | steps   98816 | t   58.2s | sps  1697] ret_mean=127.500 ep_len=500.0 pi_loss=-0.005 v_loss=3.825 ent=0.328 kl=0.0092
[upd  194 | steps   99328 | t   58.4s | sps  1701] ret_mean=96.000 ep_len=500.0 pi_loss=-0.006 v_loss=3.411 ent=0.246 kl=0.0084
[upd  195 | steps   99840 | t   58.6s | sps  1705] ret_mean=113.000 ep_len=500.0 pi_loss=-0.002 v_loss=3.853 ent=0.251 kl=0.0033
[upd  196 | steps  100352 | t   58.7s | sps  1709] ret_mean=110.000 ep_len=500.0 pi_loss=-0.006 v_loss=2.434 ent=0.393 kl=0.0090
[upd  197 | steps  100864 | t   58.9s | sps  1713] ret_mean=83.500 ep_len=500.0 pi_loss=-0.002 v_loss=7.232 ent=0.116 kl=0.0027
[upd  198 | steps  101376 | t   59.1s | sps  1716] ret_mean=177.500 ep_len=500.0 pi_loss=-0.005 v_loss=4.972 ent=0.326 kl=0.0090
[upd  199 | steps  101888 | t   59.2s | sps  1720] ret_mean=39.000 ep_len=500.0 pi_loss=-0.010 v_loss=1.542 ent=0.780 kl=0.0152
[upd  200 | steps  102400 | t   59.4s | sps  1724] ret_mean=67.500 ep_len=500.0 pi_loss=-0.011 v_loss=0.965 ent=0.877 kl=0.0049
        [eval] ret_mean=4.167 ep_len=500.0
[upd  201 | steps  102912 | t   63.4s | sps  1622] ret_mean=148.000 ep_len=500.0 pi_loss=-0.002 v_loss=7.320 ent=0.189 kl=0.0033
[upd  202 | steps  103424 | t   63.7s | sps  1623] ret_mean=60.500 ep_len=500.0 pi_loss=-0.013 v_loss=2.514 ent=0.561 kl=0.0222
[upd  203 | steps  103936 | t   63.9s | sps  1626] ret_mean=128.500 ep_len=500.0 pi_loss=-0.002 v_loss=3.792 ent=0.394 kl=0.0025
[upd  204 | steps  104448 | t   64.1s | sps  1629] ret_mean=146.500 ep_len=500.0 pi_loss=-0.005 v_loss=6.165 ent=0.142 kl=0.0042
[upd  205 | steps  104960 | t   64.3s | sps  1633] ret_mean=74.000 ep_len=500.0 pi_loss=-0.005 v_loss=4.611 ent=0.526 kl=0.0011
[upd  206 | steps  105472 | t   64.5s | sps  1636] ret_mean=185.500 ep_len=500.0 pi_loss=-0.004 v_loss=9.298 ent=0.108 kl=-0.0007
[upd  207 | steps  105984 | t   64.7s | sps  1639] ret_mean=119.500 ep_len=500.0 pi_loss=-0.005 v_loss=3.144 ent=0.215 kl=0.0099
[upd  208 | steps  106496 | t   64.8s | sps  1643] ret_mean=78.500 ep_len=500.0 pi_loss=-0.007 v_loss=3.389 ent=0.384 kl=0.0051
[upd  209 | steps  107008 | t   65.0s | sps  1646] ret_mean=64.500 ep_len=500.0 pi_loss=-0.003 v_loss=4.608 ent=0.616 kl=0.0147
[upd  210 | steps  107520 | t   65.2s | sps  1649] ret_mean=191.000 ep_len=500.0 pi_loss=-0.005 v_loss=6.991 ent=0.207 kl=0.0109
[upd  211 | steps  108032 | t   65.4s | sps  1653] ret_mean=107.000 ep_len=500.0 pi_loss=-0.004 v_loss=2.538 ent=0.335 kl=0.0130
[upd  212 | steps  108544 | t   65.5s | sps  1656] ret_mean=104.500 ep_len=500.0 pi_loss=-0.004 v_loss=2.503 ent=0.298 kl=0.0035
[upd  213 | steps  109056 | t   65.7s | sps  1659] ret_mean=59.000 ep_len=500.0 pi_loss=-0.008 v_loss=1.957 ent=0.752 kl=0.0157
[upd  214 | steps  109568 | t   65.9s | sps  1663] ret_mean=154.000 ep_len=500.0 pi_loss=-0.001 v_loss=4.987 ent=0.160 kl=0.0020
[upd  215 | steps  110080 | t   66.1s | sps  1666] ret_mean=115.000 ep_len=500.0 pi_loss=-0.005 v_loss=2.909 ent=0.281 kl=0.0033
[upd  216 | steps  110592 | t   66.2s | sps  1670] ret_mean=105.500 ep_len=500.0 pi_loss=-0.003 v_loss=2.758 ent=0.265 kl=0.0024
[upd  217 | steps  111104 | t   66.4s | sps  1674] ret_mean=15.500 ep_len=500.0 pi_loss=-0.001 v_loss=2.091 ent=0.777 kl=0.0009
[upd  218 | steps  111616 | t   66.5s | sps  1677] ret_mean=118.000 ep_len=500.0 pi_loss=-0.002 v_loss=4.303 ent=0.147 kl=0.0007
[upd  219 | steps  112128 | t   66.7s | sps  1681] ret_mean=156.500 ep_len=500.0 pi_loss=-0.000 v_loss=4.330 ent=0.272 kl=0.0188
[upd  220 | steps  112640 | t   66.9s | sps  1685] ret_mean=31.500 ep_len=500.0 pi_loss=-0.004 v_loss=3.417 ent=0.539 kl=0.0131
[upd  221 | steps  113152 | t   67.0s | sps  1688] ret_mean=142.000 ep_len=500.0 pi_loss=-0.000 v_loss=3.811 ent=0.155 kl=0.0016
[upd  222 | steps  113664 | t   67.2s | sps  1692] ret_mean=101.500 ep_len=500.0 pi_loss=-0.006 v_loss=3.027 ent=0.273 kl=0.0015
[upd  223 | steps  114176 | t   67.3s | sps  1696] ret_mean=115.500 ep_len=500.0 pi_loss=-0.002 v_loss=3.967 ent=0.148 kl=-0.0003
[upd  224 | steps  114688 | t   67.5s | sps  1700] ret_mean=144.500 ep_len=500.0 pi_loss=-0.001 v_loss=7.946 ent=0.078 kl=-0.0004
[upd  225 | steps  115200 | t   67.6s | sps  1703] ret_mean=186.500 ep_len=500.0 pi_loss=-0.004 v_loss=3.798 ent=0.450 kl=0.0063
        [eval] ret_mean=12.567 ep_len=500.0
[upd  226 | steps  115712 | t   72.0s | sps  1607] ret_mean=0.000 ep_len=500.0 pi_loss=-0.007 v_loss=1.693 ent=0.788 kl=0.0079
[upd  227 | steps  116224 | t   72.2s | sps  1611] ret_mean=0.000 ep_len=500.0 pi_loss=-0.008 v_loss=1.538 ent=0.885 kl=0.0058
[upd  228 | steps  116736 | t   72.3s | sps  1614] ret_mean=171.500 ep_len=500.0 pi_loss=-0.001 v_loss=6.731 ent=0.078 kl=0.0017
[upd  229 | steps  117248 | t   72.5s | sps  1618] ret_mean=140.500 ep_len=500.0 pi_loss=-0.003 v_loss=6.762 ent=0.177 kl=0.0024
[upd  230 | steps  117760 | t   72.6s | sps  1621] ret_mean=55.000 ep_len=500.0 pi_loss=-0.000 v_loss=2.010 ent=0.699 kl=0.0134
[upd  231 | steps  118272 | t   72.8s | sps  1625] ret_mean=88.000 ep_len=500.0 pi_loss=-0.007 v_loss=3.166 ent=0.261 kl=0.0058
[upd  232 | steps  118784 | t   73.0s | sps  1628] ret_mean=134.500 ep_len=500.0 pi_loss=-0.007 v_loss=4.148 ent=0.233 kl=0.0068
[upd  233 | steps  119296 | t   73.1s | sps  1631] ret_mean=0.000 ep_len=500.0 pi_loss=-0.006 v_loss=1.069 ent=0.885 kl=0.0180
[upd  234 | steps  119808 | t   73.3s | sps  1635] ret_mean=115.000 ep_len=500.0 pi_loss=-0.004 v_loss=4.118 ent=0.228 kl=0.0006
[upd  235 | steps  120320 | t   73.4s | sps  1639] ret_mean=194.500 ep_len=500.0 pi_loss=-0.004 v_loss=6.273 ent=0.252 kl=0.0047
[upd  236 | steps  120832 | t   73.6s | sps  1642] ret_mean=125.000 ep_len=500.0 pi_loss=-0.002 v_loss=4.280 ent=0.253 kl=0.0007
[upd  237 | steps  121344 | t   73.7s | sps  1646] ret_mean=89.500 ep_len=500.0 pi_loss=-0.007 v_loss=4.264 ent=0.450 kl=0.0234
[upd  238 | steps  121856 | t   73.9s | sps  1649] ret_mean=86.500 ep_len=500.0 pi_loss=-0.006 v_loss=2.784 ent=0.485 kl=0.0077
[upd  239 | steps  122368 | t   74.1s | sps  1652] ret_mean=0.000 ep_len=500.0 pi_loss=-0.004 v_loss=1.021 ent=0.901 kl=0.0032
[upd  240 | steps  122880 | t   74.3s | sps  1655] ret_mean=98.500 ep_len=500.0 pi_loss=-0.005 v_loss=3.506 ent=0.238 kl=0.0110
[upd  241 | steps  123392 | t   74.5s | sps  1657] ret_mean=122.500 ep_len=500.0 pi_loss=-0.002 v_loss=2.390 ent=0.262 kl=0.0036
[upd  242 | steps  123904 | t   74.6s | sps  1661] ret_mean=58.500 ep_len=500.0 pi_loss=-0.009 v_loss=3.189 ent=0.607 kl=0.0039
[upd  243 | steps  124416 | t   74.8s | sps  1664] ret_mean=148.000 ep_len=500.0 pi_loss=-0.002 v_loss=2.764 ent=0.310 kl=0.0027
[upd  244 | steps  124928 | t   74.9s | sps  1667] ret_mean=33.500 ep_len=500.0 pi_loss=-0.007 v_loss=2.796 ent=0.671 kl=0.0021
[upd  245 | steps  125440 | t   75.1s | sps  1671] ret_mean=88.500 ep_len=500.0 pi_loss=-0.004 v_loss=3.418 ent=0.364 kl=0.0088
[upd  246 | steps  125952 | t   75.2s | sps  1674] ret_mean=0.000 ep_len=500.0 pi_loss=-0.004 v_loss=3.432 ent=0.835 kl=0.0079
[upd  247 | steps  126464 | t   75.4s | sps  1677] ret_mean=55.000 ep_len=500.0 pi_loss=-0.003 v_loss=4.202 ent=0.851 kl=0.0078
[upd  248 | steps  126976 | t   75.5s | sps  1681] ret_mean=150.000 ep_len=500.0 pi_loss=-0.001 v_loss=5.122 ent=0.160 kl=-0.0024
[upd  249 | steps  127488 | t   75.7s | sps  1684] ret_mean=123.500 ep_len=500.0 pi_loss=-0.015 v_loss=3.036 ent=0.420 kl=0.0180
[upd  250 | steps  128000 | t   75.8s | sps  1688] ret_mean=103.500 ep_len=500.0 pi_loss=-0.004 v_loss=2.064 ent=0.471 kl=0.0049
        [eval] ret_mean=36.600 ep_len=500.0
[upd  251 | steps  128512 | t   79.5s | sps  1616] ret_mean=181.500 ep_len=500.0 pi_loss=-0.000 v_loss=7.982 ent=0.101 kl=-0.0002
[upd  252 | steps  129024 | t   79.7s | sps  1619] ret_mean=41.000 ep_len=500.0 pi_loss=-0.002 v_loss=2.492 ent=0.623 kl=0.0080
[upd  253 | steps  129536 | t   79.9s | sps  1622] ret_mean=113.500 ep_len=500.0 pi_loss=-0.006 v_loss=3.430 ent=0.271 kl=0.0017
[upd  254 | steps  130048 | t   80.0s | sps  1626] ret_mean=155.000 ep_len=500.0 pi_loss=-0.000 v_loss=5.215 ent=0.286 kl=0.0040
[upd  255 | steps  130560 | t   80.2s | sps  1629] ret_mean=126.500 ep_len=500.0 pi_loss=-0.002 v_loss=6.167 ent=0.177 kl=0.0003
[upd  256 | steps  131072 | t   80.3s | sps  1632] ret_mean=186.500 ep_len=500.0 pi_loss=-0.002 v_loss=6.373 ent=0.189 kl=0.0016
[upd  257 | steps  131584 | t   80.5s | sps  1635] ret_mean=150.000 ep_len=500.0 pi_loss=-0.005 v_loss=4.779 ent=0.265 kl=0.0083
[upd  258 | steps  132096 | t   80.6s | sps  1639] ret_mean=108.500 ep_len=500.0 pi_loss=-0.003 v_loss=6.780 ent=0.254 kl=-0.0015
[upd  259 | steps  132608 | t   80.8s | sps  1642] ret_mean=177.500 ep_len=500.0 pi_loss=-0.003 v_loss=6.735 ent=0.071 kl=0.0005
[upd  260 | steps  133120 | t   80.9s | sps  1645] ret_mean=163.000 ep_len=500.0 pi_loss=-0.004 v_loss=3.748 ent=0.225 kl=0.0085
[upd  261 | steps  133632 | t   81.1s | sps  1648] ret_mean=17.500 ep_len=500.0 pi_loss=-0.006 v_loss=3.870 ent=0.735 kl=0.0077
[upd  262 | steps  134144 | t   81.2s | sps  1651] ret_mean=122.500 ep_len=500.0 pi_loss=-0.003 v_loss=2.698 ent=0.306 kl=0.0076
[upd  263 | steps  134656 | t   81.4s | sps  1654] ret_mean=65.500 ep_len=500.0 pi_loss=-0.006 v_loss=6.627 ent=0.392 kl=0.0061
[upd  264 | steps  135168 | t   81.5s | sps  1658] ret_mean=193.500 ep_len=500.0 pi_loss=-0.003 v_loss=7.183 ent=0.065 kl=-0.0019
[upd  265 | steps  135680 | t   81.7s | sps  1661] ret_mean=161.500 ep_len=500.0 pi_loss=-0.003 v_loss=3.953 ent=0.209 kl=0.0027
[upd  266 | steps  136192 | t   81.8s | sps  1664] ret_mean=51.500 ep_len=500.0 pi_loss=-0.007 v_loss=2.486 ent=0.718 kl=0.0056
[upd  267 | steps  136704 | t   82.0s | sps  1667] ret_mean=124.000 ep_len=500.0 pi_loss=-0.004 v_loss=4.607 ent=0.156 kl=0.0102
[upd  268 | steps  137216 | t   82.2s | sps  1670] ret_mean=172.500 ep_len=500.0 pi_loss=-0.001 v_loss=2.935 ent=0.209 kl=0.0014
[upd  269 | steps  137728 | t   82.3s | sps  1673] ret_mean=125.000 ep_len=500.0 pi_loss=-0.006 v_loss=4.360 ent=0.266 kl=0.0051
[upd  270 | steps  138240 | t   82.5s | sps  1676] ret_mean=146.500 ep_len=500.0 pi_loss=-0.008 v_loss=4.224 ent=0.311 kl=0.0094
[upd  271 | steps  138752 | t   82.6s | sps  1680] ret_mean=118.500 ep_len=500.0 pi_loss=-0.000 v_loss=2.362 ent=0.239 kl=0.0022
[upd  272 | steps  139264 | t   82.8s | sps  1683] ret_mean=82.000 ep_len=500.0 pi_loss=-0.005 v_loss=3.676 ent=0.644 kl=0.0029
[upd  273 | steps  139776 | t   82.9s | sps  1686] ret_mean=139.500 ep_len=500.0 pi_loss=-0.002 v_loss=2.884 ent=0.252 kl=-0.0013
[upd  274 | steps  140288 | t   83.1s | sps  1689] ret_mean=89.000 ep_len=500.0 pi_loss=-0.004 v_loss=4.316 ent=0.780 kl=0.0007
[upd  275 | steps  140800 | t   83.2s | sps  1692] ret_mean=37.000 ep_len=500.0 pi_loss=-0.002 v_loss=2.019 ent=0.707 kl=0.0073
        [eval] ret_mean=22.550 ep_len=500.0
[upd  276 | steps  141312 | t   87.2s | sps  1620] ret_mean=174.000 ep_len=500.0 pi_loss=-0.002 v_loss=6.211 ent=0.108 kl=-0.0010
[upd  277 | steps  141824 | t   87.4s | sps  1623] ret_mean=0.000 ep_len=500.0 pi_loss=-0.010 v_loss=2.261 ent=0.836 kl=0.0058
[upd  278 | steps  142336 | t   87.5s | sps  1626] ret_mean=193.000 ep_len=500.0 pi_loss=-0.001 v_loss=6.390 ent=0.102 kl=0.0011
[upd  279 | steps  142848 | t   87.7s | sps  1629] ret_mean=154.000 ep_len=500.0 pi_loss=-0.003 v_loss=6.797 ent=0.127 kl=0.0017
[upd  280 | steps  143360 | t   87.9s | sps  1632] ret_mean=193.000 ep_len=500.0 pi_loss=-0.001 v_loss=6.557 ent=0.104 kl=-0.0005
[upd  281 | steps  143872 | t   88.0s | sps  1634] ret_mean=162.000 ep_len=500.0 pi_loss=-0.004 v_loss=5.072 ent=0.129 kl=0.0067
[upd  282 | steps  144384 | t   88.2s | sps  1637] ret_mean=142.500 ep_len=500.0 pi_loss=-0.002 v_loss=4.216 ent=0.142 kl=0.0007
[upd  283 | steps  144896 | t   88.4s | sps  1639] ret_mean=142.000 ep_len=500.0 pi_loss=-0.004 v_loss=6.537 ent=0.106 kl=0.0013
[upd  284 | steps  145408 | t   88.5s | sps  1642] ret_mean=183.500 ep_len=500.0 pi_loss=-0.007 v_loss=4.355 ent=0.188 kl=0.0185
[upd  285 | steps  145920 | t   88.7s | sps  1645] ret_mean=146.500 ep_len=500.0 pi_loss=-0.003 v_loss=5.043 ent=0.221 kl=-0.0011
[upd  286 | steps  146432 | t   88.9s | sps  1648] ret_mean=60.000 ep_len=500.0 pi_loss=-0.002 v_loss=3.123 ent=0.801 kl=0.0096
[upd  287 | steps  146944 | t   89.0s | sps  1651] ret_mean=19.500 ep_len=500.0 pi_loss=-0.009 v_loss=2.109 ent=0.824 kl=0.0093
[upd  288 | steps  147456 | t   89.2s | sps  1653] ret_mean=123.000 ep_len=500.0 pi_loss=-0.004 v_loss=3.825 ent=0.267 kl=0.0026
[upd  289 | steps  147968 | t   89.3s | sps  1656] ret_mean=164.500 ep_len=500.0 pi_loss=-0.003 v_loss=6.017 ent=0.085 kl=0.0005
[upd  290 | steps  148480 | t   89.5s | sps  1659] ret_mean=190.500 ep_len=500.0 pi_loss=-0.002 v_loss=7.183 ent=0.063 kl=-0.0005
[upd  291 | steps  148992 | t   89.6s | sps  1662] ret_mean=188.000 ep_len=500.0 pi_loss=-0.014 v_loss=4.555 ent=0.252 kl=0.0099
[upd  292 | steps  149504 | t   89.8s | sps  1665] ret_mean=149.500 ep_len=500.0 pi_loss=-0.001 v_loss=4.284 ent=0.164 kl=-0.0041
[upd  293 | steps  150016 | t   89.9s | sps  1668] ret_mean=158.500 ep_len=500.0 pi_loss=-0.001 v_loss=4.522 ent=0.089 kl=-0.0002
[upd  294 | steps  150528 | t   90.1s | sps  1671] ret_mean=181.500 ep_len=500.0 pi_loss=-0.008 v_loss=5.707 ent=0.158 kl=0.0002
[upd  295 | steps  151040 | t   90.2s | sps  1674] ret_mean=171.500 ep_len=500.0 pi_loss=-0.001 v_loss=7.699 ent=0.054 kl=0.0006
[upd  296 | steps  151552 | t   90.4s | sps  1677] ret_mean=175.000 ep_len=500.0 pi_loss=-0.009 v_loss=3.007 ent=0.491 kl=0.0149
[upd  297 | steps  152064 | t   90.5s | sps  1680] ret_mean=20.000 ep_len=500.0 pi_loss=-0.009 v_loss=4.434 ent=0.679 kl=0.0151
[upd  298 | steps  152576 | t   90.7s | sps  1682] ret_mean=171.500 ep_len=500.0 pi_loss=-0.006 v_loss=6.204 ent=0.145 kl=0.0062
[upd  299 | steps  153088 | t   90.8s | sps  1685] ret_mean=161.500 ep_len=500.0 pi_loss=-0.004 v_loss=3.619 ent=0.492 kl=0.0054
[upd  300 | steps  153600 | t   91.0s | sps  1688] ret_mean=112.500 ep_len=500.0 pi_loss=-0.001 v_loss=5.518 ent=0.126 kl=0.0010
        [eval] ret_mean=29.617 ep_len=500.0
