$ /Users/samchen/Coding/CLASSES/CS2860/.venv/bin/python3 -m policies.hierarchical.train --env rware-medium-4ag-v2 --episodes 600 --max-steps 500 --eval-every 50 --eval-episodes 10 --seed 7 --heartbeat --heartbeat-delay 30 --heartbeat-max-age-clip 128 --epsilon-start 0.5 --epsilon-end 0.05 --epsilon-decay-episodes 300 --log-dir /Users/samchen/Coding/CLASSES/CS2860/runs/overnight_v1/hrl --run-name hrl__delay-only__d30__s7

[env] EnvSpec(env_id='rware-medium-4ag-v2', n_agents=4, obs_dim=75, n_env_actions=5, noop_action=0, family='rware')  request_queue_size=4  comm=False
[cfg] alpha=0.3 gamma=0.99 eps=[0.5->0.05] over 300 eps  coop=True comm=False
[hb] heartbeat=True (period=1, delay=30)  dropout=False (agent=None, time=None)
[log] writing to /Users/samchen/Coding/CLASSES/CS2860/runs/overnight_v1/hrl/hrl__delay-only__d30__s7
[ep    0 | steps     500 | t    0.1s | sps  6316] ret=0.000 ep_len=500 deliv=0 eps=0.498 |Q|=15
[ep    1 | steps    1000 | t    0.2s | sps  6235] ret=0.000 ep_len=500 deliv=0 eps=0.497 |Q|=30
[ep    2 | steps    1500 | t    0.2s | sps  6235] ret=0.000 ep_len=500 deliv=0 eps=0.495 |Q|=42
[ep    3 | steps    2000 | t    0.3s | sps  6166] ret=0.000 ep_len=500 deliv=0 eps=0.494 |Q|=57
[ep    4 | steps    2500 | t    0.4s | sps  6131] ret=0.000 ep_len=500 deliv=0 eps=0.492 |Q|=62
[ep    5 | steps    3000 | t    0.5s | sps  6149] ret=0.000 ep_len=500 deliv=0 eps=0.491 |Q|=82
[ep    6 | steps    3500 | t    0.6s | sps  6124] ret=0.000 ep_len=500 deliv=0 eps=0.489 |Q|=100
[ep    7 | steps    4000 | t    0.7s | sps  6104] ret=0.000 ep_len=500 deliv=0 eps=0.488 |Q|=110
[ep    8 | steps    4500 | t    0.8s | sps  5964] ret=1.000 ep_len=500 deliv=1 eps=0.486 |Q|=122
[ep    9 | steps    5000 | t    0.8s | sps  5982] ret=0.000 ep_len=500 deliv=0 eps=0.485 |Q|=136
[ep   10 | steps    5500 | t    0.9s | sps  5971] ret=0.000 ep_len=500 deliv=0 eps=0.483 |Q|=146
[ep   11 | steps    6000 | t    1.0s | sps  5963] ret=0.000 ep_len=500 deliv=0 eps=0.482 |Q|=150
[ep   12 | steps    6500 | t    1.1s | sps  5950] ret=0.000 ep_len=500 deliv=0 eps=0.480 |Q|=160
[ep   13 | steps    7000 | t    1.2s | sps  5961] ret=0.000 ep_len=500 deliv=0 eps=0.479 |Q|=166
[ep   14 | steps    7500 | t    1.3s | sps  5952] ret=0.000 ep_len=500 deliv=0 eps=0.477 |Q|=171
[ep   15 | steps    8000 | t    1.3s | sps  5931] ret=1.000 ep_len=500 deliv=1 eps=0.476 |Q|=179
[ep   16 | steps    8500 | t    1.4s | sps  5928] ret=0.000 ep_len=500 deliv=0 eps=0.474 |Q|=189
[ep   17 | steps    9000 | t    1.5s | sps  5924] ret=0.000 ep_len=500 deliv=0 eps=0.473 |Q|=193
[ep   18 | steps    9500 | t    1.6s | sps  5920] ret=0.000 ep_len=500 deliv=0 eps=0.471 |Q|=200
[ep   19 | steps   10000 | t    1.7s | sps  5911] ret=0.000 ep_len=500 deliv=0 eps=0.470 |Q|=204
[ep   20 | steps   10500 | t    1.8s | sps  5905] ret=0.000 ep_len=500 deliv=0 eps=0.468 |Q|=214
[ep   21 | steps   11000 | t    1.9s | sps  5910] ret=0.000 ep_len=500 deliv=0 eps=0.467 |Q|=219
[ep   22 | steps   11500 | t    1.9s | sps  5913] ret=0.000 ep_len=500 deliv=0 eps=0.466 |Q|=226
[ep   23 | steps   12000 | t    2.0s | sps  5915] ret=0.000 ep_len=500 deliv=0 eps=0.464 |Q|=234
[ep   24 | steps   12500 | t    2.1s | sps  5917] ret=0.000 ep_len=500 deliv=0 eps=0.463 |Q|=241
[ep   25 | steps   13000 | t    2.2s | sps  5916] ret=0.000 ep_len=500 deliv=0 eps=0.461 |Q|=246
[ep   26 | steps   13500 | t    2.3s | sps  5914] ret=0.000 ep_len=500 deliv=0 eps=0.460 |Q|=251
[ep   27 | steps   14000 | t    2.4s | sps  5914] ret=0.000 ep_len=500 deliv=0 eps=0.458 |Q|=256
[ep   28 | steps   14500 | t    2.4s | sps  5921] ret=0.000 ep_len=500 deliv=0 eps=0.457 |Q|=262
[ep   29 | steps   15000 | t    2.5s | sps  5922] ret=0.000 ep_len=500 deliv=0 eps=0.455 |Q|=270
[ep   30 | steps   15500 | t    2.6s | sps  5887] ret=1.000 ep_len=500 deliv=1 eps=0.454 |Q|=280
[ep   31 | steps   16000 | t    2.7s | sps  5885] ret=0.000 ep_len=500 deliv=0 eps=0.452 |Q|=281
[ep   32 | steps   16500 | t    2.8s | sps  5882] ret=0.000 ep_len=500 deliv=0 eps=0.451 |Q|=286
[ep   33 | steps   17000 | t    2.9s | sps  5881] ret=0.000 ep_len=500 deliv=0 eps=0.449 |Q|=292
[ep   34 | steps   17500 | t    3.0s | sps  5880] ret=0.000 ep_len=500 deliv=0 eps=0.448 |Q|=299
[ep   35 | steps   18000 | t    3.1s | sps  5879] ret=0.000 ep_len=500 deliv=0 eps=0.446 |Q|=307
[ep   36 | steps   18500 | t    3.1s | sps  5877] ret=0.000 ep_len=500 deliv=0 eps=0.445 |Q|=313
[ep   37 | steps   19000 | t    3.2s | sps  5883] ret=0.000 ep_len=500 deliv=0 eps=0.443 |Q|=318
[ep   38 | steps   19500 | t    3.3s | sps  5883] ret=0.000 ep_len=500 deliv=0 eps=0.442 |Q|=327
[ep   39 | steps   20000 | t    3.4s | sps  5886] ret=0.000 ep_len=500 deliv=0 eps=0.440 |Q|=331
[ep   40 | steps   20500 | t    3.5s | sps  5890] ret=0.000 ep_len=500 deliv=0 eps=0.439 |Q|=343
[ep   41 | steps   21000 | t    3.6s | sps  5889] ret=0.000 ep_len=500 deliv=0 eps=0.437 |Q|=348
[ep   42 | steps   21500 | t    3.6s | sps  5891] ret=0.000 ep_len=500 deliv=0 eps=0.435 |Q|=352
[ep   43 | steps   22000 | t    3.7s | sps  5890] ret=0.000 ep_len=500 deliv=0 eps=0.434 |Q|=354
[ep   44 | steps   22500 | t    3.8s | sps  5888] ret=0.000 ep_len=500 deliv=0 eps=0.432 |Q|=357
[ep   45 | steps   23000 | t    3.9s | sps  5888] ret=0.000 ep_len=500 deliv=0 eps=0.431 |Q|=362
[ep   46 | steps   23500 | t    4.0s | sps  5888] ret=0.000 ep_len=500 deliv=0 eps=0.429 |Q|=367
[ep   47 | steps   24000 | t    4.1s | sps  5892] ret=0.000 ep_len=500 deliv=0 eps=0.428 |Q|=375
[ep   48 | steps   24500 | t    4.2s | sps  5900] ret=0.000 ep_len=500 deliv=0 eps=0.426 |Q|=375
[ep   49 | steps   25000 | t    4.2s | sps  5903] ret=0.000 ep_len=500 deliv=0 eps=0.425 |Q|=377
        [eval] ret_mean=0.000 ep_len=500.0 deliv=0.00
[ep   50 | steps   25500 | t    5.2s | sps  4951] ret=0.000 ep_len=500 deliv=0 eps=0.408 |Q|=427
[ep   51 | steps   26000 | t    5.2s | sps  4965] ret=0.000 ep_len=500 deliv=0 eps=0.407 |Q|=438
[ep   52 | steps   26500 | t    5.3s | sps  4980] ret=0.000 ep_len=500 deliv=0 eps=0.405 |Q|=444
[ep   53 | steps   27000 | t    5.4s | sps  4993] ret=0.000 ep_len=500 deliv=0 eps=0.404 |Q|=445
[ep   54 | steps   27500 | t    5.5s | sps  4997] ret=1.000 ep_len=500 deliv=1 eps=0.402 |Q|=449
[ep   55 | steps   28000 | t    5.6s | sps  5009] ret=0.000 ep_len=500 deliv=0 eps=0.401 |Q|=451
[ep   56 | steps   28500 | t    5.7s | sps  5025] ret=0.000 ep_len=500 deliv=0 eps=0.399 |Q|=454
[ep   57 | steps   29000 | t    5.8s | sps  5025] ret=1.000 ep_len=500 deliv=1 eps=0.398 |Q|=461
[ep   58 | steps   29500 | t    5.9s | sps  5038] ret=0.000 ep_len=500 deliv=0 eps=0.396 |Q|=463
[ep   59 | steps   30000 | t    5.9s | sps  5049] ret=0.000 ep_len=500 deliv=0 eps=0.395 |Q|=466
[ep   60 | steps   30500 | t    6.0s | sps  5062] ret=0.000 ep_len=500 deliv=0 eps=0.394 |Q|=469
[ep   61 | steps   31000 | t    6.1s | sps  5073] ret=0.000 ep_len=500 deliv=0 eps=0.392 |Q|=469
[ep   62 | steps   31500 | t    6.2s | sps  5077] ret=0.000 ep_len=500 deliv=0 eps=0.390 |Q|=471
[ep   63 | steps   32000 | t    6.3s | sps  5088] ret=0.000 ep_len=500 deliv=0 eps=0.389 |Q|=473
[ep   64 | steps   32500 | t    6.4s | sps  5088] ret=1.000 ep_len=500 deliv=1 eps=0.388 |Q|=478
[ep   65 | steps   33000 | t    6.5s | sps  5099] ret=0.000 ep_len=500 deliv=0 eps=0.386 |Q|=480
[ep   66 | steps   33500 | t    6.6s | sps  5111] ret=0.000 ep_len=500 deliv=0 eps=0.385 |Q|=486
[ep   67 | steps   34000 | t    6.7s | sps  5110] ret=1.000 ep_len=500 deliv=1 eps=0.383 |Q|=488
[ep   68 | steps   34500 | t    6.7s | sps  5118] ret=0.000 ep_len=500 deliv=0 eps=0.382 |Q|=492
[ep   69 | steps   35000 | t    6.8s | sps  5129] ret=0.000 ep_len=500 deliv=0 eps=0.380 |Q|=495
[ep   70 | steps   35500 | t    6.9s | sps  5139] ret=0.000 ep_len=500 deliv=0 eps=0.379 |Q|=496
[ep   71 | steps   36000 | t    7.0s | sps  5149] ret=0.000 ep_len=500 deliv=0 eps=0.377 |Q|=499
[ep   72 | steps   36500 | t    7.1s | sps  5160] ret=0.000 ep_len=500 deliv=0 eps=0.376 |Q|=507
[ep   73 | steps   37000 | t    7.2s | sps  5169] ret=0.000 ep_len=500 deliv=0 eps=0.374 |Q|=508
[ep   74 | steps   37500 | t    7.2s | sps  5178] ret=0.000 ep_len=500 deliv=0 eps=0.372 |Q|=511
[ep   75 | steps   38000 | t    7.3s | sps  5186] ret=0.000 ep_len=500 deliv=0 eps=0.371 |Q|=518
[ep   76 | steps   38500 | t    7.4s | sps  5195] ret=0.000 ep_len=500 deliv=0 eps=0.369 |Q|=521
[ep   77 | steps   39000 | t    7.5s | sps  5202] ret=0.000 ep_len=500 deliv=0 eps=0.368 |Q|=521
[ep   78 | steps   39500 | t    7.6s | sps  5211] ret=0.000 ep_len=500 deliv=0 eps=0.366 |Q|=522
[ep   79 | steps   40000 | t    7.7s | sps  5218] ret=0.000 ep_len=500 deliv=0 eps=0.365 |Q|=523
[ep   80 | steps   40500 | t    7.7s | sps  5226] ret=0.000 ep_len=500 deliv=0 eps=0.363 |Q|=526
[ep   81 | steps   41000 | t    7.8s | sps  5234] ret=0.000 ep_len=500 deliv=0 eps=0.362 |Q|=528
[ep   82 | steps   41500 | t    7.9s | sps  5240] ret=0.000 ep_len=500 deliv=0 eps=0.360 |Q|=529
[ep   83 | steps   42000 | t    8.0s | sps  5248] ret=0.000 ep_len=500 deliv=0 eps=0.359 |Q|=530
[ep   84 | steps   42500 | t    8.1s | sps  5256] ret=0.000 ep_len=500 deliv=0 eps=0.358 |Q|=535
[ep   85 | steps   43000 | t    8.2s | sps  5263] ret=0.000 ep_len=500 deliv=0 eps=0.356 |Q|=536
[ep   86 | steps   43500 | t    8.3s | sps  5262] ret=1.000 ep_len=500 deliv=1 eps=0.355 |Q|=540
[ep   87 | steps   44000 | t    8.4s | sps  5269] ret=0.000 ep_len=500 deliv=0 eps=0.353 |Q|=548
[ep   88 | steps   44500 | t    8.4s | sps  5276] ret=0.000 ep_len=500 deliv=0 eps=0.351 |Q|=552
[ep   89 | steps   45000 | t    8.5s | sps  5284] ret=0.000 ep_len=500 deliv=0 eps=0.350 |Q|=557
[ep   90 | steps   45500 | t    8.6s | sps  5290] ret=0.000 ep_len=500 deliv=0 eps=0.349 |Q|=558
[ep   91 | steps   46000 | t    8.7s | sps  5298] ret=0.000 ep_len=500 deliv=0 eps=0.347 |Q|=562
[ep   92 | steps   46500 | t    8.8s | sps  5303] ret=0.000 ep_len=500 deliv=0 eps=0.346 |Q|=562
[ep   93 | steps   47000 | t    8.9s | sps  5293] ret=0.000 ep_len=500 deliv=0 eps=0.344 |Q|=567
[ep   94 | steps   47500 | t    9.0s | sps  5297] ret=0.000 ep_len=500 deliv=0 eps=0.343 |Q|=571
[ep   95 | steps   48000 | t    9.1s | sps  5302] ret=0.000 ep_len=500 deliv=0 eps=0.341 |Q|=572
[ep   96 | steps   48500 | t    9.1s | sps  5308] ret=0.000 ep_len=500 deliv=0 eps=0.340 |Q|=573
[ep   97 | steps   49000 | t    9.2s | sps  5314] ret=0.000 ep_len=500 deliv=0 eps=0.338 |Q|=575
[ep   98 | steps   49500 | t    9.3s | sps  5319] ret=0.000 ep_len=500 deliv=0 eps=0.337 |Q|=576
[ep   99 | steps   50000 | t    9.4s | sps  5324] ret=0.000 ep_len=500 deliv=0 eps=0.335 |Q|=578
        [eval] ret_mean=0.200 ep_len=500.0 deliv=0.20
[ep  100 | steps   50500 | t   10.4s | sps  4872] ret=0.000 ep_len=500 deliv=0 eps=0.319 |Q|=599
[ep  101 | steps   51000 | t   10.5s | sps  4880] ret=0.000 ep_len=500 deliv=0 eps=0.317 |Q|=602
[ep  102 | steps   51500 | t   10.5s | sps  4890] ret=0.000 ep_len=500 deliv=0 eps=0.316 |Q|=610
[ep  103 | steps   52000 | t   10.6s | sps  4893] ret=1.000 ep_len=500 deliv=1 eps=0.314 |Q|=614
[ep  104 | steps   52500 | t   10.7s | sps  4900] ret=0.000 ep_len=500 deliv=0 eps=0.312 |Q|=616
[ep  105 | steps   53000 | t   10.8s | sps  4901] ret=1.000 ep_len=500 deliv=1 eps=0.311 |Q|=625
[ep  106 | steps   53500 | t   10.9s | sps  4902] ret=1.000 ep_len=500 deliv=1 eps=0.309 |Q|=631
[ep  107 | steps   54000 | t   11.0s | sps  4911] ret=0.000 ep_len=500 deliv=0 eps=0.308 |Q|=633
[ep  108 | steps   54500 | t   11.1s | sps  4917] ret=0.000 ep_len=500 deliv=0 eps=0.306 |Q|=638
[ep  109 | steps   55000 | t   11.2s | sps  4924] ret=0.000 ep_len=500 deliv=0 eps=0.305 |Q|=638
[ep  110 | steps   55500 | t   11.3s | sps  4932] ret=0.000 ep_len=500 deliv=0 eps=0.303 |Q|=638
[ep  111 | steps   56000 | t   11.3s | sps  4941] ret=0.000 ep_len=500 deliv=0 eps=0.302 |Q|=650
[ep  112 | steps   56500 | t   11.4s | sps  4948] ret=0.000 ep_len=500 deliv=0 eps=0.300 |Q|=652
[ep  113 | steps   57000 | t   11.5s | sps  4951] ret=1.000 ep_len=500 deliv=1 eps=0.299 |Q|=652
[ep  114 | steps   57500 | t   11.6s | sps  4958] ret=0.000 ep_len=500 deliv=0 eps=0.297 |Q|=658
[ep  115 | steps   58000 | t   11.7s | sps  4965] ret=0.000 ep_len=500 deliv=0 eps=0.296 |Q|=658
[ep  116 | steps   58500 | t   11.8s | sps  4972] ret=0.000 ep_len=500 deliv=0 eps=0.294 |Q|=659
[ep  117 | steps   59000 | t   11.9s | sps  4968] ret=2.000 ep_len=500 deliv=2 eps=0.293 |Q|=667
[ep  118 | steps   59500 | t   12.0s | sps  4975] ret=0.000 ep_len=500 deliv=0 eps=0.291 |Q|=670
[ep  119 | steps   60000 | t   12.0s | sps  4982] ret=0.000 ep_len=500 deliv=0 eps=0.290 |Q|=671
[ep  120 | steps   60500 | t   12.1s | sps  4988] ret=0.000 ep_len=500 deliv=0 eps=0.288 |Q|=673
[ep  121 | steps   61000 | t   12.2s | sps  4994] ret=0.000 ep_len=500 deliv=0 eps=0.287 |Q|=675
[ep  122 | steps   61500 | t   12.3s | sps  5000] ret=0.000 ep_len=500 deliv=0 eps=0.285 |Q|=675
[ep  123 | steps   62000 | t   12.4s | sps  5002] ret=1.000 ep_len=500 deliv=1 eps=0.284 |Q|=675
[ep  124 | steps   62500 | t   12.5s | sps  5007] ret=0.000 ep_len=500 deliv=0 eps=0.282 |Q|=679
[ep  125 | steps   63000 | t   12.6s | sps  5013] ret=0.000 ep_len=500 deliv=0 eps=0.281 |Q|=680
[ep  126 | steps   63500 | t   12.7s | sps  5014] ret=1.000 ep_len=500 deliv=1 eps=0.279 |Q|=682
[ep  127 | steps   64000 | t   12.7s | sps  5020] ret=0.000 ep_len=500 deliv=0 eps=0.278 |Q|=682
[ep  128 | steps   64500 | t   12.8s | sps  5025] ret=0.000 ep_len=500 deliv=0 eps=0.276 |Q|=682
[ep  129 | steps   65000 | t   12.9s | sps  5031] ret=0.000 ep_len=500 deliv=0 eps=0.275 |Q|=683
[ep  130 | steps   65500 | t   13.0s | sps  5036] ret=0.000 ep_len=500 deliv=0 eps=0.274 |Q|=685
[ep  131 | steps   66000 | t   13.1s | sps  5041] ret=0.000 ep_len=500 deliv=0 eps=0.272 |Q|=685
[ep  132 | steps   66500 | t   13.2s | sps  5048] ret=0.000 ep_len=500 deliv=0 eps=0.270 |Q|=687
[ep  133 | steps   67000 | t   13.3s | sps  5053] ret=0.000 ep_len=500 deliv=0 eps=0.269 |Q|=687
[ep  134 | steps   67500 | t   13.3s | sps  5058] ret=0.000 ep_len=500 deliv=0 eps=0.267 |Q|=689
[ep  135 | steps   68000 | t   13.4s | sps  5062] ret=0.000 ep_len=500 deliv=0 eps=0.266 |Q|=690
[ep  136 | steps   68500 | t   13.5s | sps  5067] ret=0.000 ep_len=500 deliv=0 eps=0.265 |Q|=690
[ep  137 | steps   69000 | t   13.6s | sps  5071] ret=0.000 ep_len=500 deliv=0 eps=0.263 |Q|=691
[ep  138 | steps   69500 | t   13.7s | sps  5076] ret=0.000 ep_len=500 deliv=0 eps=0.261 |Q|=691
[ep  139 | steps   70000 | t   13.8s | sps  5081] ret=0.000 ep_len=500 deliv=0 eps=0.260 |Q|=692
[ep  140 | steps   70500 | t   13.9s | sps  5085] ret=0.000 ep_len=500 deliv=0 eps=0.259 |Q|=693
[ep  141 | steps   71000 | t   14.0s | sps  5088] ret=0.000 ep_len=500 deliv=0 eps=0.257 |Q|=693
[ep  142 | steps   71500 | t   14.0s | sps  5093] ret=0.000 ep_len=500 deliv=0 eps=0.256 |Q|=693
[ep  143 | steps   72000 | t   14.1s | sps  5098] ret=0.000 ep_len=500 deliv=0 eps=0.254 |Q|=694
[ep  144 | steps   72500 | t   14.2s | sps  5103] ret=0.000 ep_len=500 deliv=0 eps=0.252 |Q|=697
[ep  145 | steps   73000 | t   14.3s | sps  5107] ret=0.000 ep_len=500 deliv=0 eps=0.251 |Q|=697
[ep  146 | steps   73500 | t   14.4s | sps  5111] ret=0.000 ep_len=500 deliv=0 eps=0.249 |Q|=700
[ep  147 | steps   74000 | t   14.5s | sps  5114] ret=1.000 ep_len=500 deliv=1 eps=0.248 |Q|=702
[ep  148 | steps   74500 | t   14.6s | sps  5118] ret=0.000 ep_len=500 deliv=0 eps=0.246 |Q|=702
[ep  149 | steps   75000 | t   14.6s | sps  5121] ret=0.000 ep_len=500 deliv=0 eps=0.245 |Q|=703
        [eval] ret_mean=0.000 ep_len=500.0 deliv=0.00
[ep  150 | steps   75500 | t   15.6s | sps  4854] ret=0.000 ep_len=500 deliv=0 eps=0.228 |Q|=723
[ep  151 | steps   76000 | t   15.6s | sps  4859] ret=0.000 ep_len=500 deliv=0 eps=0.227 |Q|=723
[ep  152 | steps   76500 | t   15.7s | sps  4865] ret=0.000 ep_len=500 deliv=0 eps=0.225 |Q|=723
[ep  153 | steps   77000 | t   15.8s | sps  4869] ret=0.000 ep_len=500 deliv=0 eps=0.224 |Q|=727
[ep  154 | steps   77500 | t   15.9s | sps  4875] ret=0.000 ep_len=500 deliv=0 eps=0.222 |Q|=728
[ep  155 | steps   78000 | t   16.0s | sps  4880] ret=0.000 ep_len=500 deliv=0 eps=0.221 |Q|=729
[ep  156 | steps   78500 | t   16.1s | sps  4883] ret=0.000 ep_len=500 deliv=0 eps=0.220 |Q|=729
[ep  157 | steps   79000 | t   16.2s | sps  4888] ret=0.000 ep_len=500 deliv=0 eps=0.218 |Q|=729
[ep  158 | steps   79500 | t   16.2s | sps  4894] ret=0.000 ep_len=500 deliv=0 eps=0.216 |Q|=729
[ep  159 | steps   80000 | t   16.3s | sps  4899] ret=0.000 ep_len=500 deliv=0 eps=0.215 |Q|=732
[ep  160 | steps   80500 | t   16.4s | sps  4903] ret=0.000 ep_len=500 deliv=0 eps=0.213 |Q|=733
[ep  161 | steps   81000 | t   16.5s | sps  4908] ret=0.000 ep_len=500 deliv=0 eps=0.212 |Q|=733
[ep  162 | steps   81500 | t   16.6s | sps  4912] ret=0.000 ep_len=500 deliv=0 eps=0.211 |Q|=734
[ep  163 | steps   82000 | t   16.7s | sps  4916] ret=0.000 ep_len=500 deliv=0 eps=0.209 |Q|=734
[ep  164 | steps   82500 | t   16.8s | sps  4921] ret=0.000 ep_len=500 deliv=0 eps=0.207 |Q|=734
[ep  165 | steps   83000 | t   16.9s | sps  4925] ret=0.000 ep_len=500 deliv=0 eps=0.206 |Q|=734
[ep  166 | steps   83500 | t   16.9s | sps  4929] ret=0.000 ep_len=500 deliv=0 eps=0.205 |Q|=735
[ep  167 | steps   84000 | t   17.0s | sps  4933] ret=0.000 ep_len=500 deliv=0 eps=0.203 |Q|=736
[ep  168 | steps   84500 | t   17.1s | sps  4937] ret=0.000 ep_len=500 deliv=0 eps=0.202 |Q|=737
[ep  169 | steps   85000 | t   17.2s | sps  4941] ret=0.000 ep_len=500 deliv=0 eps=0.200 |Q|=737
[ep  170 | steps   85500 | t   17.3s | sps  4945] ret=0.000 ep_len=500 deliv=0 eps=0.198 |Q|=741
[ep  171 | steps   86000 | t   17.4s | sps  4950] ret=0.000 ep_len=500 deliv=0 eps=0.197 |Q|=750
[ep  172 | steps   86500 | t   17.5s | sps  4954] ret=0.000 ep_len=500 deliv=0 eps=0.196 |Q|=754
[ep  173 | steps   87000 | t   17.6s | sps  4955] ret=1.000 ep_len=500 deliv=1 eps=0.194 |Q|=759
[ep  174 | steps   87500 | t   17.6s | sps  4959] ret=0.000 ep_len=500 deliv=0 eps=0.193 |Q|=761
[ep  175 | steps   88000 | t   17.7s | sps  4964] ret=0.000 ep_len=500 deliv=0 eps=0.191 |Q|=762
[ep  176 | steps   88500 | t   17.8s | sps  4968] ret=0.000 ep_len=500 deliv=0 eps=0.190 |Q|=762
[ep  177 | steps   89000 | t   17.9s | sps  4972] ret=0.000 ep_len=500 deliv=0 eps=0.188 |Q|=762
[ep  178 | steps   89500 | t   18.0s | sps  4976] ret=0.000 ep_len=500 deliv=0 eps=0.186 |Q|=762
[ep  179 | steps   90000 | t   18.1s | sps  4980] ret=0.000 ep_len=500 deliv=0 eps=0.185 |Q|=762
[ep  180 | steps   90500 | t   18.2s | sps  4985] ret=0.000 ep_len=500 deliv=0 eps=0.183 |Q|=763
[ep  181 | steps   91000 | t   18.2s | sps  4989] ret=0.000 ep_len=500 deliv=0 eps=0.182 |Q|=763
[ep  182 | steps   91500 | t   18.3s | sps  4991] ret=0.000 ep_len=500 deliv=0 eps=0.180 |Q|=766
[ep  183 | steps   92000 | t   18.4s | sps  4994] ret=0.000 ep_len=500 deliv=0 eps=0.179 |Q|=766
[ep  184 | steps   92500 | t   18.5s | sps  4997] ret=0.000 ep_len=500 deliv=0 eps=0.177 |Q|=767
[ep  185 | steps   93000 | t   18.6s | sps  5000] ret=0.000 ep_len=500 deliv=0 eps=0.176 |Q|=768
[ep  186 | steps   93500 | t   18.7s | sps  5004] ret=0.000 ep_len=500 deliv=0 eps=0.174 |Q|=769
[ep  187 | steps   94000 | t   18.8s | sps  5007] ret=0.000 ep_len=500 deliv=0 eps=0.173 |Q|=771
[ep  188 | steps   94500 | t   18.9s | sps  5010] ret=0.000 ep_len=500 deliv=0 eps=0.171 |Q|=771
[ep  189 | steps   95000 | t   19.0s | sps  5011] ret=1.000 ep_len=500 deliv=1 eps=0.170 |Q|=774
[ep  190 | steps   95500 | t   19.1s | sps  5011] ret=1.000 ep_len=500 deliv=1 eps=0.168 |Q|=776
[ep  191 | steps   96000 | t   19.1s | sps  5014] ret=0.000 ep_len=500 deliv=0 eps=0.167 |Q|=777
[ep  192 | steps   96500 | t   19.2s | sps  5013] ret=1.000 ep_len=500 deliv=1 eps=0.166 |Q|=780
[ep  193 | steps   97000 | t   19.3s | sps  5015] ret=1.000 ep_len=500 deliv=1 eps=0.164 |Q|=781
[ep  194 | steps   97500 | t   19.4s | sps  5018] ret=0.000 ep_len=500 deliv=0 eps=0.162 |Q|=782
[ep  195 | steps   98000 | t   19.5s | sps  5021] ret=0.000 ep_len=500 deliv=0 eps=0.161 |Q|=783
[ep  196 | steps   98500 | t   19.6s | sps  5024] ret=0.000 ep_len=500 deliv=0 eps=0.159 |Q|=785
[ep  197 | steps   99000 | t   19.7s | sps  5027] ret=0.000 ep_len=500 deliv=0 eps=0.158 |Q|=786
[ep  198 | steps   99500 | t   19.8s | sps  5030] ret=0.000 ep_len=500 deliv=0 eps=0.157 |Q|=787
[ep  199 | steps  100000 | t   19.9s | sps  5033] ret=0.000 ep_len=500 deliv=0 eps=0.155 |Q|=787
        [eval] ret_mean=0.000 ep_len=500.0 deliv=0.00
[ep  200 | steps  100500 | t   20.9s | sps  4815] ret=0.000 ep_len=500 deliv=0 eps=0.139 |Q|=799
[ep  201 | steps  101000 | t   21.0s | sps  4817] ret=0.000 ep_len=500 deliv=0 eps=0.137 |Q|=799
[ep  202 | steps  101500 | t   21.1s | sps  4819] ret=0.000 ep_len=500 deliv=0 eps=0.135 |Q|=800
[ep  203 | steps  102000 | t   21.1s | sps  4823] ret=0.000 ep_len=500 deliv=0 eps=0.134 |Q|=800
[ep  204 | steps  102500 | t   21.2s | sps  4827] ret=0.000 ep_len=500 deliv=0 eps=0.133 |Q|=802
[ep  205 | steps  103000 | t   21.3s | sps  4829] ret=0.000 ep_len=500 deliv=0 eps=0.131 |Q|=802
[ep  206 | steps  103500 | t   21.4s | sps  4833] ret=0.000 ep_len=500 deliv=0 eps=0.130 |Q|=803
[ep  207 | steps  104000 | t   21.5s | sps  4835] ret=0.000 ep_len=500 deliv=0 eps=0.128 |Q|=803
[ep  208 | steps  104500 | t   21.6s | sps  4839] ret=0.000 ep_len=500 deliv=0 eps=0.127 |Q|=805
[ep  209 | steps  105000 | t   21.7s | sps  4842] ret=0.000 ep_len=500 deliv=0 eps=0.125 |Q|=805
[ep  210 | steps  105500 | t   21.8s | sps  4846] ret=0.000 ep_len=500 deliv=0 eps=0.123 |Q|=805
[ep  211 | steps  106000 | t   21.9s | sps  4849] ret=0.000 ep_len=500 deliv=0 eps=0.122 |Q|=806
[ep  212 | steps  106500 | t   21.9s | sps  4852] ret=0.000 ep_len=500 deliv=0 eps=0.120 |Q|=806
[ep  213 | steps  107000 | t   22.0s | sps  4856] ret=0.000 ep_len=500 deliv=0 eps=0.119 |Q|=806
[ep  214 | steps  107500 | t   22.1s | sps  4860] ret=0.000 ep_len=500 deliv=0 eps=0.117 |Q|=806
[ep  215 | steps  108000 | t   22.2s | sps  4862] ret=0.000 ep_len=500 deliv=0 eps=0.116 |Q|=807
[ep  216 | steps  108500 | t   22.3s | sps  4864] ret=0.000 ep_len=500 deliv=0 eps=0.114 |Q|=807
[ep  217 | steps  109000 | t   22.4s | sps  4866] ret=0.000 ep_len=500 deliv=0 eps=0.113 |Q|=808
[ep  218 | steps  109500 | t   22.5s | sps  4869] ret=0.000 ep_len=500 deliv=0 eps=0.111 |Q|=809
[ep  219 | steps  110000 | t   22.6s | sps  4872] ret=0.000 ep_len=500 deliv=0 eps=0.110 |Q|=814
[ep  220 | steps  110500 | t   22.7s | sps  4875] ret=0.000 ep_len=500 deliv=0 eps=0.108 |Q|=815
[ep  221 | steps  111000 | t   22.8s | sps  4879] ret=0.000 ep_len=500 deliv=0 eps=0.107 |Q|=815
[ep  222 | steps  111500 | t   22.8s | sps  4882] ret=0.000 ep_len=500 deliv=0 eps=0.105 |Q|=815
[ep  223 | steps  112000 | t   22.9s | sps  4885] ret=0.000 ep_len=500 deliv=0 eps=0.104 |Q|=815
[ep  224 | steps  112500 | t   23.0s | sps  4887] ret=0.000 ep_len=500 deliv=0 eps=0.102 |Q|=816
[ep  225 | steps  113000 | t   23.1s | sps  4891] ret=0.000 ep_len=500 deliv=0 eps=0.101 |Q|=817
[ep  226 | steps  113500 | t   23.2s | sps  4894] ret=0.000 ep_len=500 deliv=0 eps=0.099 |Q|=817
[ep  227 | steps  114000 | t   23.3s | sps  4898] ret=0.000 ep_len=500 deliv=0 eps=0.098 |Q|=817
[ep  228 | steps  114500 | t   23.4s | sps  4901] ret=0.000 ep_len=500 deliv=0 eps=0.097 |Q|=817
[ep  229 | steps  115000 | t   23.5s | sps  4903] ret=0.000 ep_len=500 deliv=0 eps=0.095 |Q|=818
[ep  230 | steps  115500 | t   23.5s | sps  4906] ret=0.000 ep_len=500 deliv=0 eps=0.093 |Q|=820
[ep  231 | steps  116000 | t   23.6s | sps  4910] ret=0.000 ep_len=500 deliv=0 eps=0.092 |Q|=821
[ep  232 | steps  116500 | t   23.7s | sps  4913] ret=0.000 ep_len=500 deliv=0 eps=0.090 |Q|=821
[ep  233 | steps  117000 | t   23.8s | sps  4915] ret=0.000 ep_len=500 deliv=0 eps=0.089 |Q|=822
[ep  234 | steps  117500 | t   23.9s | sps  4918] ret=0.000 ep_len=500 deliv=0 eps=0.088 |Q|=822
[ep  235 | steps  118000 | t   24.0s | sps  4921] ret=0.000 ep_len=500 deliv=0 eps=0.086 |Q|=823
[ep  236 | steps  118500 | t   24.1s | sps  4924] ret=0.000 ep_len=500 deliv=0 eps=0.084 |Q|=826
[ep  237 | steps  119000 | t   24.2s | sps  4927] ret=0.000 ep_len=500 deliv=0 eps=0.083 |Q|=827
[ep  238 | steps  119500 | t   24.2s | sps  4930] ret=0.000 ep_len=500 deliv=0 eps=0.081 |Q|=828
[ep  239 | steps  120000 | t   24.3s | sps  4933] ret=0.000 ep_len=500 deliv=0 eps=0.080 |Q|=828
[ep  240 | steps  120500 | t   24.4s | sps  4936] ret=0.000 ep_len=500 deliv=0 eps=0.079 |Q|=828
[ep  241 | steps  121000 | t   24.5s | sps  4939] ret=0.000 ep_len=500 deliv=0 eps=0.077 |Q|=829
[ep  242 | steps  121500 | t   24.6s | sps  4942] ret=0.000 ep_len=500 deliv=0 eps=0.075 |Q|=829
[ep  243 | steps  122000 | t   24.7s | sps  4945] ret=0.000 ep_len=500 deliv=0 eps=0.074 |Q|=829
[ep  244 | steps  122500 | t   24.8s | sps  4947] ret=0.000 ep_len=500 deliv=0 eps=0.073 |Q|=829
[ep  245 | steps  123000 | t   24.8s | sps  4950] ret=0.000 ep_len=500 deliv=0 eps=0.071 |Q|=832
[ep  246 | steps  123500 | t   25.0s | sps  4947] ret=0.000 ep_len=500 deliv=0 eps=0.070 |Q|=832
[ep  247 | steps  124000 | t   25.1s | sps  4949] ret=0.000 ep_len=500 deliv=0 eps=0.068 |Q|=832
[ep  248 | steps  124500 | t   25.1s | sps  4952] ret=0.000 ep_len=500 deliv=0 eps=0.066 |Q|=832
[ep  249 | steps  125000 | t   25.2s | sps  4954] ret=0.000 ep_len=500 deliv=0 eps=0.065 |Q|=832
        [eval] ret_mean=0.100 ep_len=500.0 deliv=0.10
[ep  250 | steps  125500 | t   26.2s | sps  4786] ret=0.000 ep_len=500 deliv=0 eps=0.050 |Q|=837
[ep  251 | steps  126000 | t   26.3s | sps  4789] ret=0.000 ep_len=500 deliv=0 eps=0.050 |Q|=837
[ep  252 | steps  126500 | t   26.4s | sps  4791] ret=0.000 ep_len=500 deliv=0 eps=0.050 |Q|=838
[ep  253 | steps  127000 | t   26.5s | sps  4794] ret=0.000 ep_len=500 deliv=0 eps=0.050 |Q|=838
[ep  254 | steps  127500 | t   26.6s | sps  4797] ret=0.000 ep_len=500 deliv=0 eps=0.050 |Q|=839
[ep  255 | steps  128000 | t   26.7s | sps  4800] ret=0.000 ep_len=500 deliv=0 eps=0.050 |Q|=839
[ep  256 | steps  128500 | t   26.8s | sps  4802] ret=0.000 ep_len=500 deliv=0 eps=0.050 |Q|=839
[ep  257 | steps  129000 | t   26.8s | sps  4805] ret=0.000 ep_len=500 deliv=0 eps=0.050 |Q|=840
[ep  258 | steps  129500 | t   26.9s | sps  4805] ret=1.000 ep_len=500 deliv=1 eps=0.050 |Q|=841
[ep  259 | steps  130000 | t   27.0s | sps  4807] ret=0.000 ep_len=500 deliv=0 eps=0.050 |Q|=843
[ep  260 | steps  130500 | t   27.1s | sps  4809] ret=0.000 ep_len=500 deliv=0 eps=0.050 |Q|=843
[ep  261 | steps  131000 | t   27.2s | sps  4812] ret=0.000 ep_len=500 deliv=0 eps=0.050 |Q|=843
[ep  262 | steps  131500 | t   27.3s | sps  4815] ret=0.000 ep_len=500 deliv=0 eps=0.050 |Q|=843
[ep  263 | steps  132000 | t   27.4s | sps  4818] ret=0.000 ep_len=500 deliv=0 eps=0.050 |Q|=843
[ep  264 | steps  132500 | t   27.5s | sps  4821] ret=0.000 ep_len=500 deliv=0 eps=0.050 |Q|=846
[ep  265 | steps  133000 | t   27.6s | sps  4823] ret=0.000 ep_len=500 deliv=0 eps=0.050 |Q|=846
[ep  266 | steps  133500 | t   27.7s | sps  4826] ret=0.000 ep_len=500 deliv=0 eps=0.050 |Q|=846
[ep  267 | steps  134000 | t   27.8s | sps  4829] ret=0.000 ep_len=500 deliv=0 eps=0.050 |Q|=846
[ep  268 | steps  134500 | t   27.8s | sps  4831] ret=0.000 ep_len=500 deliv=0 eps=0.050 |Q|=846
[ep  269 | steps  135000 | t   27.9s | sps  4834] ret=0.000 ep_len=500 deliv=0 eps=0.050 |Q|=847
[ep  270 | steps  135500 | t   28.0s | sps  4836] ret=0.000 ep_len=500 deliv=0 eps=0.050 |Q|=847
[ep  271 | steps  136000 | t   28.1s | sps  4838] ret=0.000 ep_len=500 deliv=0 eps=0.050 |Q|=847
[ep  272 | steps  136500 | t   28.2s | sps  4841] ret=0.000 ep_len=500 deliv=0 eps=0.050 |Q|=847
[ep  273 | steps  137000 | t   28.3s | sps  4841] ret=1.000 ep_len=500 deliv=1 eps=0.050 |Q|=847
[ep  274 | steps  137500 | t   28.4s | sps  4844] ret=0.000 ep_len=500 deliv=0 eps=0.050 |Q|=850
[ep  275 | steps  138000 | t   28.5s | sps  4847] ret=0.000 ep_len=500 deliv=0 eps=0.050 |Q|=851
[ep  276 | steps  138500 | t   28.6s | sps  4849] ret=0.000 ep_len=500 deliv=0 eps=0.050 |Q|=853
[ep  277 | steps  139000 | t   28.7s | sps  4852] ret=0.000 ep_len=500 deliv=0 eps=0.050 |Q|=855
[ep  278 | steps  139500 | t   28.7s | sps  4854] ret=0.000 ep_len=500 deliv=0 eps=0.050 |Q|=855
[ep  279 | steps  140000 | t   28.8s | sps  4857] ret=0.000 ep_len=500 deliv=0 eps=0.050 |Q|=856
[ep  280 | steps  140500 | t   28.9s | sps  4859] ret=0.000 ep_len=500 deliv=0 eps=0.050 |Q|=856
[ep  281 | steps  141000 | t   29.0s | sps  4861] ret=0.000 ep_len=500 deliv=0 eps=0.050 |Q|=857
[ep  282 | steps  141500 | t   29.1s | sps  4864] ret=0.000 ep_len=500 deliv=0 eps=0.050 |Q|=857
[ep  283 | steps  142000 | t   29.2s | sps  4865] ret=1.000 ep_len=500 deliv=1 eps=0.050 |Q|=860
[ep  284 | steps  142500 | t   29.3s | sps  4867] ret=1.000 ep_len=500 deliv=1 eps=0.050 |Q|=860
[ep  285 | steps  143000 | t   29.4s | sps  4868] ret=0.000 ep_len=500 deliv=0 eps=0.050 |Q|=861
[ep  286 | steps  143500 | t   29.5s | sps  4869] ret=0.000 ep_len=500 deliv=0 eps=0.050 |Q|=861
[ep  287 | steps  144000 | t   29.6s | sps  4871] ret=0.000 ep_len=500 deliv=0 eps=0.050 |Q|=861
[ep  288 | steps  144500 | t   29.7s | sps  4873] ret=0.000 ep_len=500 deliv=0 eps=0.050 |Q|=861
[ep  289 | steps  145000 | t   29.7s | sps  4876] ret=0.000 ep_len=500 deliv=0 eps=0.050 |Q|=862
[ep  290 | steps  145500 | t   29.8s | sps  4878] ret=0.000 ep_len=500 deliv=0 eps=0.050 |Q|=862
[ep  291 | steps  146000 | t   29.9s | sps  4881] ret=0.000 ep_len=500 deliv=0 eps=0.050 |Q|=862
[ep  292 | steps  146500 | t   30.0s | sps  4884] ret=0.000 ep_len=500 deliv=0 eps=0.050 |Q|=862
[ep  293 | steps  147000 | t   30.1s | sps  4886] ret=0.000 ep_len=500 deliv=0 eps=0.050 |Q|=862
[ep  294 | steps  147500 | t   30.2s | sps  4888] ret=0.000 ep_len=500 deliv=0 eps=0.050 |Q|=862
[ep  295 | steps  148000 | t   30.3s | sps  4890] ret=0.000 ep_len=500 deliv=0 eps=0.050 |Q|=863
[ep  296 | steps  148500 | t   30.3s | sps  4893] ret=0.000 ep_len=500 deliv=0 eps=0.050 |Q|=864
[ep  297 | steps  149000 | t   30.4s | sps  4895] ret=0.000 ep_len=500 deliv=0 eps=0.050 |Q|=864
[ep  298 | steps  149500 | t   30.5s | sps  4898] ret=0.000 ep_len=500 deliv=0 eps=0.050 |Q|=864
[ep  299 | steps  150000 | t   30.6s | sps  4898] ret=1.000 ep_len=500 deliv=1 eps=0.050 |Q|=864
        [eval] ret_mean=0.000 ep_len=500.0 deliv=0.00
[ep  300 | steps  150500 | t   31.6s | sps  4767] ret=0.000 ep_len=500 deliv=0 eps=0.050 |Q|=868
[ep  301 | steps  151000 | t   31.7s | sps  4769] ret=0.000 ep_len=500 deliv=0 eps=0.050 |Q|=869
[ep  302 | steps  151500 | t   31.8s | sps  4770] ret=1.000 ep_len=500 deliv=1 eps=0.050 |Q|=872
[ep  303 | steps  152000 | t   31.8s | sps  4773] ret=0.000 ep_len=500 deliv=0 eps=0.050 |Q|=872
[ep  304 | steps  152500 | t   31.9s | sps  4775] ret=0.000 ep_len=500 deliv=0 eps=0.050 |Q|=872
[ep  305 | steps  153000 | t   32.0s | sps  4778] ret=0.000 ep_len=500 deliv=0 eps=0.050 |Q|=873
[ep  306 | steps  153500 | t   32.1s | sps  4781] ret=0.000 ep_len=500 deliv=0 eps=0.050 |Q|=873
[ep  307 | steps  154000 | t   32.2s | sps  4783] ret=0.000 ep_len=500 deliv=0 eps=0.050 |Q|=873
[ep  308 | steps  154500 | t   32.3s | sps  4786] ret=0.000 ep_len=500 deliv=0 eps=0.050 |Q|=873
[ep  309 | steps  155000 | t   32.4s | sps  4788] ret=0.000 ep_len=500 deliv=0 eps=0.050 |Q|=873
[ep  310 | steps  155500 | t   32.5s | sps  4792] ret=0.000 ep_len=500 deliv=0 eps=0.050 |Q|=874
[ep  311 | steps  156000 | t   32.6s | sps  4790] ret=2.000 ep_len=500 deliv=2 eps=0.050 |Q|=882
[ep  312 | steps  156500 | t   32.7s | sps  4790] ret=1.000 ep_len=500 deliv=1 eps=0.050 |Q|=886
[ep  313 | steps  157000 | t   32.8s | sps  4792] ret=0.000 ep_len=500 deliv=0 eps=0.050 |Q|=886
[ep  314 | steps  157500 | t   32.9s | sps  4794] ret=0.000 ep_len=500 deliv=0 eps=0.050 |Q|=886
[ep  315 | steps  158000 | t   32.9s | sps  4797] ret=0.000 ep_len=500 deliv=0 eps=0.050 |Q|=886
[ep  316 | steps  158500 | t   33.0s | sps  4799] ret=0.000 ep_len=500 deliv=0 eps=0.050 |Q|=887
[ep  317 | steps  159000 | t   33.1s | sps  4801] ret=0.000 ep_len=500 deliv=0 eps=0.050 |Q|=887
[ep  318 | steps  159500 | t   33.2s | sps  4804] ret=0.000 ep_len=500 deliv=0 eps=0.050 |Q|=887
[ep  319 | steps  160000 | t   33.3s | sps  4806] ret=0.000 ep_len=500 deliv=0 eps=0.050 |Q|=887
[ep  320 | steps  160500 | t   33.4s | sps  4809] ret=0.000 ep_len=500 deliv=0 eps=0.050 |Q|=888
[ep  321 | steps  161000 | t   33.5s | sps  4811] ret=0.000 ep_len=500 deliv=0 eps=0.050 |Q|=888
[ep  322 | steps  161500 | t   33.6s | sps  4813] ret=0.000 ep_len=500 deliv=0 eps=0.050 |Q|=888
[ep  323 | steps  162000 | t   33.6s | sps  4815] ret=0.000 ep_len=500 deliv=0 eps=0.050 |Q|=888
[ep  324 | steps  162500 | t   33.7s | sps  4818] ret=0.000 ep_len=500 deliv=0 eps=0.050 |Q|=888
[ep  325 | steps  163000 | t   33.8s | sps  4820] ret=0.000 ep_len=500 deliv=0 eps=0.050 |Q|=888
[ep  326 | steps  163500 | t   33.9s | sps  4822] ret=0.000 ep_len=500 deliv=0 eps=0.050 |Q|=888
[ep  327 | steps  164000 | t   34.0s | sps  4823] ret=0.000 ep_len=500 deliv=0 eps=0.050 |Q|=888
[ep  328 | steps  164500 | t   34.1s | sps  4824] ret=0.000 ep_len=500 deliv=0 eps=0.050 |Q|=889
[ep  329 | steps  165000 | t   34.2s | sps  4827] ret=0.000 ep_len=500 deliv=0 eps=0.050 |Q|=889
[ep  330 | steps  165500 | t   34.3s | sps  4828] ret=0.000 ep_len=500 deliv=0 eps=0.050 |Q|=889
[ep  331 | steps  166000 | t   34.4s | sps  4830] ret=0.000 ep_len=500 deliv=0 eps=0.050 |Q|=889
[ep  332 | steps  166500 | t   34.5s | sps  4832] ret=1.000 ep_len=500 deliv=1 eps=0.050 |Q|=890
[ep  333 | steps  167000 | t   34.5s | sps  4834] ret=0.000 ep_len=500 deliv=0 eps=0.050 |Q|=890
[ep  334 | steps  167500 | t   34.6s | sps  4837] ret=0.000 ep_len=500 deliv=0 eps=0.050 |Q|=890
[ep  335 | steps  168000 | t   34.7s | sps  4839] ret=0.000 ep_len=500 deliv=0 eps=0.050 |Q|=890
[ep  336 | steps  168500 | t   34.8s | sps  4841] ret=0.000 ep_len=500 deliv=0 eps=0.050 |Q|=890
[ep  337 | steps  169000 | t   34.9s | sps  4843] ret=0.000 ep_len=500 deliv=0 eps=0.050 |Q|=890
[ep  338 | steps  169500 | t   35.0s | sps  4845] ret=0.000 ep_len=500 deliv=0 eps=0.050 |Q|=893
[ep  339 | steps  170000 | t   35.1s | sps  4847] ret=0.000 ep_len=500 deliv=0 eps=0.050 |Q|=893
[ep  340 | steps  170500 | t   35.2s | sps  4847] ret=1.000 ep_len=500 deliv=1 eps=0.050 |Q|=895
[ep  341 | steps  171000 | t   35.3s | sps  4849] ret=0.000 ep_len=500 deliv=0 eps=0.050 |Q|=895
[ep  342 | steps  171500 | t   35.4s | sps  4851] ret=0.000 ep_len=500 deliv=0 eps=0.050 |Q|=896
[ep  343 | steps  172000 | t   35.4s | sps  4853] ret=0.000 ep_len=500 deliv=0 eps=0.050 |Q|=897
[ep  344 | steps  172500 | t   35.5s | sps  4855] ret=0.000 ep_len=500 deliv=0 eps=0.050 |Q|=897
[ep  345 | steps  173000 | t   35.6s | sps  4857] ret=0.000 ep_len=500 deliv=0 eps=0.050 |Q|=898
[ep  346 | steps  173500 | t   35.7s | sps  4860] ret=0.000 ep_len=500 deliv=0 eps=0.050 |Q|=898
[ep  347 | steps  174000 | t   35.8s | sps  4862] ret=0.000 ep_len=500 deliv=0 eps=0.050 |Q|=898
[ep  348 | steps  174500 | t   35.9s | sps  4865] ret=0.000 ep_len=500 deliv=0 eps=0.050 |Q|=898
[ep  349 | steps  175000 | t   36.0s | sps  4866] ret=0.000 ep_len=500 deliv=0 eps=0.050 |Q|=898
        [eval] ret_mean=0.300 ep_len=500.0 deliv=0.30
[ep  350 | steps  175500 | t   37.0s | sps  4748] ret=0.000 ep_len=500 deliv=0 eps=0.050 |Q|=902
[ep  351 | steps  176000 | t   37.0s | sps  4751] ret=0.000 ep_len=500 deliv=0 eps=0.050 |Q|=902
[ep  352 | steps  176500 | t   37.1s | sps  4753] ret=0.000 ep_len=500 deliv=0 eps=0.050 |Q|=902
[ep  353 | steps  177000 | t   37.2s | sps  4756] ret=0.000 ep_len=500 deliv=0 eps=0.050 |Q|=902
[ep  354 | steps  177500 | t   37.3s | sps  4758] ret=0.000 ep_len=500 deliv=0 eps=0.050 |Q|=902
[ep  355 | steps  178000 | t   37.4s | sps  4760] ret=0.000 ep_len=500 deliv=0 eps=0.050 |Q|=904
[ep  356 | steps  178500 | t   37.5s | sps  4760] ret=1.000 ep_len=500 deliv=1 eps=0.050 |Q|=905
[ep  357 | steps  179000 | t   37.6s | sps  4761] ret=1.000 ep_len=500 deliv=1 eps=0.050 |Q|=908
[ep  358 | steps  179500 | t   37.7s | sps  4763] ret=0.000 ep_len=500 deliv=0 eps=0.050 |Q|=909
[ep  359 | steps  180000 | t   37.8s | sps  4765] ret=0.000 ep_len=500 deliv=0 eps=0.050 |Q|=909
[ep  360 | steps  180500 | t   37.9s | sps  4766] ret=1.000 ep_len=500 deliv=1 eps=0.050 |Q|=910
[ep  361 | steps  181000 | t   38.0s | sps  4768] ret=0.000 ep_len=500 deliv=0 eps=0.050 |Q|=910
[ep  362 | steps  181500 | t   38.1s | sps  4770] ret=0.000 ep_len=500 deliv=0 eps=0.050 |Q|=910
[ep  363 | steps  182000 | t   38.1s | sps  4772] ret=0.000 ep_len=500 deliv=0 eps=0.050 |Q|=910
[ep  364 | steps  182500 | t   38.2s | sps  4774] ret=0.000 ep_len=500 deliv=0 eps=0.050 |Q|=910
[ep  365 | steps  183000 | t   38.3s | sps  4776] ret=0.000 ep_len=500 deliv=0 eps=0.050 |Q|=910
[ep  366 | steps  183500 | t   38.4s | sps  4778] ret=0.000 ep_len=500 deliv=0 eps=0.050 |Q|=910
[ep  367 | steps  184000 | t   38.5s | sps  4780] ret=0.000 ep_len=500 deliv=0 eps=0.050 |Q|=910
[ep  368 | steps  184500 | t   38.6s | sps  4782] ret=0.000 ep_len=500 deliv=0 eps=0.050 |Q|=911
[ep  369 | steps  185000 | t   38.7s | sps  4784] ret=0.000 ep_len=500 deliv=0 eps=0.050 |Q|=911
[ep  370 | steps  185500 | t   38.8s | sps  4786] ret=0.000 ep_len=500 deliv=0 eps=0.050 |Q|=911
[ep  371 | steps  186000 | t   38.8s | sps  4788] ret=0.000 ep_len=500 deliv=0 eps=0.050 |Q|=913
[ep  372 | steps  186500 | t   38.9s | sps  4791] ret=0.000 ep_len=500 deliv=0 eps=0.050 |Q|=913
[ep  373 | steps  187000 | t   39.0s | sps  4791] ret=1.000 ep_len=500 deliv=1 eps=0.050 |Q|=917
[ep  374 | steps  187500 | t   39.1s | sps  4793] ret=0.000 ep_len=500 deliv=0 eps=0.050 |Q|=917
[ep  375 | steps  188000 | t   39.2s | sps  4795] ret=0.000 ep_len=500 deliv=0 eps=0.050 |Q|=918
[ep  376 | steps  188500 | t   39.3s | sps  4797] ret=0.000 ep_len=500 deliv=0 eps=0.050 |Q|=919
[ep  377 | steps  189000 | t   39.4s | sps  4799] ret=0.000 ep_len=500 deliv=0 eps=0.050 |Q|=919
[ep  378 | steps  189500 | t   39.5s | sps  4801] ret=0.000 ep_len=500 deliv=0 eps=0.050 |Q|=919
[ep  379 | steps  190000 | t   39.6s | sps  4802] ret=0.000 ep_len=500 deliv=0 eps=0.050 |Q|=920
[ep  380 | steps  190500 | t   39.7s | sps  4804] ret=0.000 ep_len=500 deliv=0 eps=0.050 |Q|=920
[ep  381 | steps  191000 | t   39.7s | sps  4806] ret=0.000 ep_len=500 deliv=0 eps=0.050 |Q|=920
[ep  382 | steps  191500 | t   39.8s | sps  4808] ret=0.000 ep_len=500 deliv=0 eps=0.050 |Q|=921
[ep  383 | steps  192000 | t   39.9s | sps  4810] ret=0.000 ep_len=500 deliv=0 eps=0.050 |Q|=921
[ep  384 | steps  192500 | t   40.0s | sps  4810] ret=0.000 ep_len=500 deliv=0 eps=0.050 |Q|=921
[ep  385 | steps  193000 | t   40.1s | sps  4812] ret=0.000 ep_len=500 deliv=0 eps=0.050 |Q|=921
[ep  386 | steps  193500 | t   40.2s | sps  4814] ret=0.000 ep_len=500 deliv=0 eps=0.050 |Q|=921
[ep  387 | steps  194000 | t   40.3s | sps  4816] ret=0.000 ep_len=500 deliv=0 eps=0.050 |Q|=922
[ep  388 | steps  194500 | t   40.4s | sps  4818] ret=0.000 ep_len=500 deliv=0 eps=0.050 |Q|=924
[ep  389 | steps  195000 | t   40.4s | sps  4821] ret=0.000 ep_len=500 deliv=0 eps=0.050 |Q|=924
[ep  390 | steps  195500 | t   40.5s | sps  4823] ret=0.000 ep_len=500 deliv=0 eps=0.050 |Q|=927
[ep  391 | steps  196000 | t   40.6s | sps  4825] ret=0.000 ep_len=500 deliv=0 eps=0.050 |Q|=927
[ep  392 | steps  196500 | t   40.7s | sps  4827] ret=0.000 ep_len=500 deliv=0 eps=0.050 |Q|=927
[ep  393 | steps  197000 | t   40.8s | sps  4829] ret=0.000 ep_len=500 deliv=0 eps=0.050 |Q|=927
[ep  394 | steps  197500 | t   40.9s | sps  4830] ret=0.000 ep_len=500 deliv=0 eps=0.050 |Q|=927
[ep  395 | steps  198000 | t   41.0s | sps  4832] ret=0.000 ep_len=500 deliv=0 eps=0.050 |Q|=928
[ep  396 | steps  198500 | t   41.1s | sps  4834] ret=0.000 ep_len=500 deliv=0 eps=0.050 |Q|=928
[ep  397 | steps  199000 | t   41.2s | sps  4835] ret=0.000 ep_len=500 deliv=0 eps=0.050 |Q|=928
[ep  398 | steps  199500 | t   41.2s | sps  4837] ret=0.000 ep_len=500 deliv=0 eps=0.050 |Q|=929
[ep  399 | steps  200000 | t   41.3s | sps  4838] ret=0.000 ep_len=500 deliv=0 eps=0.050 |Q|=929
        [eval] ret_mean=0.000 ep_len=500.0 deliv=0.00
[ep  400 | steps  200500 | t   42.4s | sps  4729] ret=0.000 ep_len=500 deliv=0 eps=0.050 |Q|=929
[ep  401 | steps  201000 | t   42.5s | sps  4731] ret=0.000 ep_len=500 deliv=0 eps=0.050 |Q|=929
[ep  402 | steps  201500 | t   42.6s | sps  4733] ret=0.000 ep_len=500 deliv=0 eps=0.050 |Q|=930
[ep  403 | steps  202000 | t   42.7s | sps  4733] ret=1.000 ep_len=500 deliv=1 eps=0.050 |Q|=934
[ep  404 | steps  202500 | t   42.8s | sps  4735] ret=0.000 ep_len=500 deliv=0 eps=0.050 |Q|=934
[ep  405 | steps  203000 | t   42.9s | sps  4737] ret=0.000 ep_len=500 deliv=0 eps=0.050 |Q|=934
[ep  406 | steps  203500 | t   42.9s | sps  4738] ret=0.000 ep_len=500 deliv=0 eps=0.050 |Q|=934
[ep  407 | steps  204000 | t   43.0s | sps  4739] ret=0.000 ep_len=500 deliv=0 eps=0.050 |Q|=934
[ep  408 | steps  204500 | t   43.1s | sps  4740] ret=0.000 ep_len=500 deliv=0 eps=0.050 |Q|=934
[ep  409 | steps  205000 | t   43.2s | sps  4742] ret=0.000 ep_len=500 deliv=0 eps=0.050 |Q|=934
[ep  410 | steps  205500 | t   43.3s | sps  4744] ret=0.000 ep_len=500 deliv=0 eps=0.050 |Q|=934
[ep  411 | steps  206000 | t   43.4s | sps  4746] ret=0.000 ep_len=500 deliv=0 eps=0.050 |Q|=935
[ep  412 | steps  206500 | t   43.5s | sps  4748] ret=0.000 ep_len=500 deliv=0 eps=0.050 |Q|=935
[ep  413 | steps  207000 | t   43.6s | sps  4750] ret=0.000 ep_len=500 deliv=0 eps=0.050 |Q|=935
[ep  414 | steps  207500 | t   43.7s | sps  4752] ret=0.000 ep_len=500 deliv=0 eps=0.050 |Q|=935
[ep  415 | steps  208000 | t   43.8s | sps  4754] ret=0.000 ep_len=500 deliv=0 eps=0.050 |Q|=935
[ep  416 | steps  208500 | t   43.9s | sps  4754] ret=1.000 ep_len=500 deliv=1 eps=0.050 |Q|=938
[ep  417 | steps  209000 | t   43.9s | sps  4756] ret=0.000 ep_len=500 deliv=0 eps=0.050 |Q|=938
[ep  418 | steps  209500 | t   44.0s | sps  4758] ret=0.000 ep_len=500 deliv=0 eps=0.050 |Q|=938
[ep  419 | steps  210000 | t   44.1s | sps  4760] ret=0.000 ep_len=500 deliv=0 eps=0.050 |Q|=938
[ep  420 | steps  210500 | t   44.2s | sps  4762] ret=0.000 ep_len=500 deliv=0 eps=0.050 |Q|=938
[ep  421 | steps  211000 | t   44.3s | sps  4763] ret=0.000 ep_len=500 deliv=0 eps=0.050 |Q|=938
[ep  422 | steps  211500 | t   44.4s | sps  4764] ret=1.000 ep_len=500 deliv=1 eps=0.050 |Q|=941
[ep  423 | steps  212000 | t   44.5s | sps  4765] ret=0.000 ep_len=500 deliv=0 eps=0.050 |Q|=943
[ep  424 | steps  212500 | t   44.6s | sps  4767] ret=0.000 ep_len=500 deliv=0 eps=0.050 |Q|=943
[ep  425 | steps  213000 | t   44.7s | sps  4769] ret=0.000 ep_len=500 deliv=0 eps=0.050 |Q|=943
[ep  426 | steps  213500 | t   44.7s | sps  4771] ret=0.000 ep_len=500 deliv=0 eps=0.050 |Q|=944
[ep  427 | steps  214000 | t   44.8s | sps  4773] ret=0.000 ep_len=500 deliv=0 eps=0.050 |Q|=944
[ep  428 | steps  214500 | t   44.9s | sps  4774] ret=0.000 ep_len=500 deliv=0 eps=0.050 |Q|=944
[ep  429 | steps  215000 | t   45.0s | sps  4776] ret=0.000 ep_len=500 deliv=0 eps=0.050 |Q|=944
[ep  430 | steps  215500 | t   45.1s | sps  4778] ret=0.000 ep_len=500 deliv=0 eps=0.050 |Q|=944
[ep  431 | steps  216000 | t   45.2s | sps  4779] ret=0.000 ep_len=500 deliv=0 eps=0.050 |Q|=944
[ep  432 | steps  216500 | t   45.3s | sps  4781] ret=0.000 ep_len=500 deliv=0 eps=0.050 |Q|=944
[ep  433 | steps  217000 | t   45.4s | sps  4783] ret=0.000 ep_len=500 deliv=0 eps=0.050 |Q|=944
[ep  434 | steps  217500 | t   45.5s | sps  4784] ret=0.000 ep_len=500 deliv=0 eps=0.050 |Q|=944
[ep  435 | steps  218000 | t   45.5s | sps  4786] ret=0.000 ep_len=500 deliv=0 eps=0.050 |Q|=944
[ep  436 | steps  218500 | t   45.6s | sps  4788] ret=0.000 ep_len=500 deliv=0 eps=0.050 |Q|=944
[ep  437 | steps  219000 | t   45.7s | sps  4790] ret=0.000 ep_len=500 deliv=0 eps=0.050 |Q|=944
[ep  438 | steps  219500 | t   45.8s | sps  4791] ret=0.000 ep_len=500 deliv=0 eps=0.050 |Q|=944
[ep  439 | steps  220000 | t   45.9s | sps  4793] ret=0.000 ep_len=500 deliv=0 eps=0.050 |Q|=946
[ep  440 | steps  220500 | t   46.0s | sps  4793] ret=1.000 ep_len=500 deliv=1 eps=0.050 |Q|=947
[ep  441 | steps  221000 | t   46.1s | sps  4795] ret=0.000 ep_len=500 deliv=0 eps=0.050 |Q|=949
[ep  442 | steps  221500 | t   46.2s | sps  4797] ret=0.000 ep_len=500 deliv=0 eps=0.050 |Q|=951
[ep  443 | steps  222000 | t   46.3s | sps  4798] ret=0.000 ep_len=500 deliv=0 eps=0.050 |Q|=954
[ep  444 | steps  222500 | t   46.4s | sps  4800] ret=0.000 ep_len=500 deliv=0 eps=0.050 |Q|=955
[ep  445 | steps  223000 | t   46.4s | sps  4802] ret=0.000 ep_len=500 deliv=0 eps=0.050 |Q|=956
[ep  446 | steps  223500 | t   46.5s | sps  4804] ret=0.000 ep_len=500 deliv=0 eps=0.050 |Q|=956
[ep  447 | steps  224000 | t   46.6s | sps  4805] ret=0.000 ep_len=500 deliv=0 eps=0.050 |Q|=957
[ep  448 | steps  224500 | t   46.7s | sps  4806] ret=1.000 ep_len=500 deliv=1 eps=0.050 |Q|=957
[ep  449 | steps  225000 | t   46.8s | sps  4808] ret=0.000 ep_len=500 deliv=0 eps=0.050 |Q|=958
        [eval] ret_mean=0.300 ep_len=500.0 deliv=0.30
[ep  450 | steps  225500 | t   47.8s | sps  4719] ret=0.000 ep_len=500 deliv=0 eps=0.050 |Q|=969
[ep  451 | steps  226000 | t   47.9s | sps  4720] ret=0.000 ep_len=500 deliv=0 eps=0.050 |Q|=969
[ep  452 | steps  226500 | t   48.0s | sps  4722] ret=0.000 ep_len=500 deliv=0 eps=0.050 |Q|=969
[ep  453 | steps  227000 | t   48.1s | sps  4723] ret=0.000 ep_len=500 deliv=0 eps=0.050 |Q|=969
[ep  454 | steps  227500 | t   48.1s | sps  4725] ret=0.000 ep_len=500 deliv=0 eps=0.050 |Q|=969
[ep  455 | steps  228000 | t   48.2s | sps  4727] ret=0.000 ep_len=500 deliv=0 eps=0.050 |Q|=969
[ep  456 | steps  228500 | t   48.3s | sps  4728] ret=0.000 ep_len=500 deliv=0 eps=0.050 |Q|=969
[ep  457 | steps  229000 | t   48.4s | sps  4730] ret=0.000 ep_len=500 deliv=0 eps=0.050 |Q|=970
[ep  458 | steps  229500 | t   48.5s | sps  4732] ret=0.000 ep_len=500 deliv=0 eps=0.050 |Q|=970
[ep  459 | steps  230000 | t   48.6s | sps  4734] ret=0.000 ep_len=500 deliv=0 eps=0.050 |Q|=970
[ep  460 | steps  230500 | t   48.7s | sps  4735] ret=0.000 ep_len=500 deliv=0 eps=0.050 |Q|=970
[ep  461 | steps  231000 | t   48.8s | sps  4737] ret=0.000 ep_len=500 deliv=0 eps=0.050 |Q|=970
[ep  462 | steps  231500 | t   48.9s | sps  4738] ret=0.000 ep_len=500 deliv=0 eps=0.050 |Q|=970
[ep  463 | steps  232000 | t   48.9s | sps  4740] ret=0.000 ep_len=500 deliv=0 eps=0.050 |Q|=970
[ep  464 | steps  232500 | t   49.0s | sps  4742] ret=0.000 ep_len=500 deliv=0 eps=0.050 |Q|=970
[ep  465 | steps  233000 | t   49.1s | sps  4743] ret=0.000 ep_len=500 deliv=0 eps=0.050 |Q|=970
[ep  466 | steps  233500 | t   49.2s | sps  4745] ret=0.000 ep_len=500 deliv=0 eps=0.050 |Q|=970
[ep  467 | steps  234000 | t   49.3s | sps  4747] ret=0.000 ep_len=500 deliv=0 eps=0.050 |Q|=970
[ep  468 | steps  234500 | t   49.4s | sps  4749] ret=0.000 ep_len=500 deliv=0 eps=0.050 |Q|=970
[ep  469 | steps  235000 | t   49.5s | sps  4750] ret=0.000 ep_len=500 deliv=0 eps=0.050 |Q|=970
[ep  470 | steps  235500 | t   49.6s | sps  4752] ret=0.000 ep_len=500 deliv=0 eps=0.050 |Q|=970
[ep  471 | steps  236000 | t   49.6s | sps  4754] ret=0.000 ep_len=500 deliv=0 eps=0.050 |Q|=970
[ep  472 | steps  236500 | t   49.7s | sps  4755] ret=0.000 ep_len=500 deliv=0 eps=0.050 |Q|=970
[ep  473 | steps  237000 | t   49.8s | sps  4757] ret=0.000 ep_len=500 deliv=0 eps=0.050 |Q|=970
[ep  474 | steps  237500 | t   49.9s | sps  4759] ret=0.000 ep_len=500 deliv=0 eps=0.050 |Q|=970
[ep  475 | steps  238000 | t   50.0s | sps  4760] ret=0.000 ep_len=500 deliv=0 eps=0.050 |Q|=970
[ep  476 | steps  238500 | t   50.1s | sps  4762] ret=0.000 ep_len=500 deliv=0 eps=0.050 |Q|=970
[ep  477 | steps  239000 | t   50.2s | sps  4763] ret=0.000 ep_len=500 deliv=0 eps=0.050 |Q|=970
[ep  478 | steps  239500 | t   50.3s | sps  4765] ret=0.000 ep_len=500 deliv=0 eps=0.050 |Q|=970
[ep  479 | steps  240000 | t   50.4s | sps  4766] ret=0.000 ep_len=500 deliv=0 eps=0.050 |Q|=970
[ep  480 | steps  240500 | t   50.4s | sps  4768] ret=0.000 ep_len=500 deliv=0 eps=0.050 |Q|=971
[ep  481 | steps  241000 | t   50.5s | sps  4769] ret=0.000 ep_len=500 deliv=0 eps=0.050 |Q|=971
[ep  482 | steps  241500 | t   50.6s | sps  4771] ret=0.000 ep_len=500 deliv=0 eps=0.050 |Q|=971
[ep  483 | steps  242000 | t   50.7s | sps  4772] ret=0.000 ep_len=500 deliv=0 eps=0.050 |Q|=972
[ep  484 | steps  242500 | t   50.8s | sps  4774] ret=0.000 ep_len=500 deliv=0 eps=0.050 |Q|=972
[ep  485 | steps  243000 | t   50.9s | sps  4775] ret=0.000 ep_len=500 deliv=0 eps=0.050 |Q|=972
[ep  486 | steps  243500 | t   51.0s | sps  4777] ret=0.000 ep_len=500 deliv=0 eps=0.050 |Q|=975
[ep  487 | steps  244000 | t   51.1s | sps  4778] ret=0.000 ep_len=500 deliv=0 eps=0.050 |Q|=975
[ep  488 | steps  244500 | t   51.2s | sps  4780] ret=0.000 ep_len=500 deliv=0 eps=0.050 |Q|=975
[ep  489 | steps  245000 | t   51.3s | sps  4780] ret=1.000 ep_len=500 deliv=1 eps=0.050 |Q|=976
[ep  490 | steps  245500 | t   51.4s | sps  4780] ret=1.000 ep_len=500 deliv=1 eps=0.050 |Q|=979
[ep  491 | steps  246000 | t   51.4s | sps  4782] ret=0.000 ep_len=500 deliv=0 eps=0.050 |Q|=979
[ep  492 | steps  246500 | t   51.5s | sps  4783] ret=0.000 ep_len=500 deliv=0 eps=0.050 |Q|=979
[ep  493 | steps  247000 | t   51.6s | sps  4785] ret=0.000 ep_len=500 deliv=0 eps=0.050 |Q|=981
[ep  494 | steps  247500 | t   51.7s | sps  4786] ret=1.000 ep_len=500 deliv=1 eps=0.050 |Q|=982
[ep  495 | steps  248000 | t   51.8s | sps  4788] ret=0.000 ep_len=500 deliv=0 eps=0.050 |Q|=983
[ep  496 | steps  248500 | t   51.9s | sps  4789] ret=0.000 ep_len=500 deliv=0 eps=0.050 |Q|=983
[ep  497 | steps  249000 | t   52.0s | sps  4791] ret=0.000 ep_len=500 deliv=0 eps=0.050 |Q|=983
[ep  498 | steps  249500 | t   52.1s | sps  4792] ret=0.000 ep_len=500 deliv=0 eps=0.050 |Q|=983
[ep  499 | steps  250000 | t   52.2s | sps  4794] ret=0.000 ep_len=500 deliv=0 eps=0.050 |Q|=984
        [eval] ret_mean=0.000 ep_len=500.0 deliv=0.00
[ep  500 | steps  250500 | t   53.2s | sps  4710] ret=0.000 ep_len=500 deliv=0 eps=0.050 |Q|=984
[ep  501 | steps  251000 | t   53.3s | sps  4710] ret=1.000 ep_len=500 deliv=1 eps=0.050 |Q|=984
[ep  502 | steps  251500 | t   53.4s | sps  4712] ret=0.000 ep_len=500 deliv=0 eps=0.050 |Q|=984
[ep  503 | steps  252000 | t   53.5s | sps  4714] ret=0.000 ep_len=500 deliv=0 eps=0.050 |Q|=984
[ep  504 | steps  252500 | t   53.6s | sps  4715] ret=0.000 ep_len=500 deliv=0 eps=0.050 |Q|=984
[ep  505 | steps  253000 | t   53.6s | sps  4717] ret=0.000 ep_len=500 deliv=0 eps=0.050 |Q|=984
[ep  506 | steps  253500 | t   53.7s | sps  4718] ret=0.000 ep_len=500 deliv=0 eps=0.050 |Q|=984
[ep  507 | steps  254000 | t   53.8s | sps  4719] ret=0.000 ep_len=500 deliv=0 eps=0.050 |Q|=985
[ep  508 | steps  254500 | t   53.9s | sps  4719] ret=1.000 ep_len=500 deliv=1 eps=0.050 |Q|=986
[ep  509 | steps  255000 | t   54.0s | sps  4721] ret=0.000 ep_len=500 deliv=0 eps=0.050 |Q|=986
[ep  510 | steps  255500 | t   54.1s | sps  4723] ret=0.000 ep_len=500 deliv=0 eps=0.050 |Q|=986
[ep  511 | steps  256000 | t   54.2s | sps  4725] ret=0.000 ep_len=500 deliv=0 eps=0.050 |Q|=986
[ep  512 | steps  256500 | t   54.3s | sps  4726] ret=0.000 ep_len=500 deliv=0 eps=0.050 |Q|=986
[ep  513 | steps  257000 | t   54.4s | sps  4728] ret=0.000 ep_len=500 deliv=0 eps=0.050 |Q|=986
[ep  514 | steps  257500 | t   54.5s | sps  4729] ret=0.000 ep_len=500 deliv=0 eps=0.050 |Q|=986
[ep  515 | steps  258000 | t   54.5s | sps  4731] ret=0.000 ep_len=500 deliv=0 eps=0.050 |Q|=986
[ep  516 | steps  258500 | t   54.6s | sps  4732] ret=0.000 ep_len=500 deliv=0 eps=0.050 |Q|=986
[ep  517 | steps  259000 | t   54.7s | sps  4733] ret=0.000 ep_len=500 deliv=0 eps=0.050 |Q|=986
[ep  518 | steps  259500 | t   54.8s | sps  4735] ret=0.000 ep_len=500 deliv=0 eps=0.050 |Q|=986
[ep  519 | steps  260000 | t   54.9s | sps  4736] ret=0.000 ep_len=500 deliv=0 eps=0.050 |Q|=986
[ep  520 | steps  260500 | t   55.0s | sps  4738] ret=0.000 ep_len=500 deliv=0 eps=0.050 |Q|=986
[ep  521 | steps  261000 | t   55.1s | sps  4740] ret=0.000 ep_len=500 deliv=0 eps=0.050 |Q|=986
[ep  522 | steps  261500 | t   55.2s | sps  4741] ret=0.000 ep_len=500 deliv=0 eps=0.050 |Q|=986
[ep  523 | steps  262000 | t   55.2s | sps  4742] ret=0.000 ep_len=500 deliv=0 eps=0.050 |Q|=986
[ep  524 | steps  262500 | t   55.3s | sps  4744] ret=0.000 ep_len=500 deliv=0 eps=0.050 |Q|=986
[ep  525 | steps  263000 | t   55.4s | sps  4746] ret=0.000 ep_len=500 deliv=0 eps=0.050 |Q|=986
[ep  526 | steps  263500 | t   55.5s | sps  4748] ret=0.000 ep_len=500 deliv=0 eps=0.050 |Q|=986
[ep  527 | steps  264000 | t   55.6s | sps  4749] ret=0.000 ep_len=500 deliv=0 eps=0.050 |Q|=986
[ep  528 | steps  264500 | t   55.7s | sps  4751] ret=0.000 ep_len=500 deliv=0 eps=0.050 |Q|=986
[ep  529 | steps  265000 | t   55.8s | sps  4752] ret=0.000 ep_len=500 deliv=0 eps=0.050 |Q|=986
[ep  530 | steps  265500 | t   55.9s | sps  4753] ret=0.000 ep_len=500 deliv=0 eps=0.050 |Q|=986
[ep  531 | steps  266000 | t   55.9s | sps  4755] ret=0.000 ep_len=500 deliv=0 eps=0.050 |Q|=986
[ep  532 | steps  266500 | t   56.0s | sps  4756] ret=0.000 ep_len=500 deliv=0 eps=0.050 |Q|=986
[ep  533 | steps  267000 | t   56.1s | sps  4758] ret=0.000 ep_len=500 deliv=0 eps=0.050 |Q|=986
[ep  534 | steps  267500 | t   56.2s | sps  4759] ret=0.000 ep_len=500 deliv=0 eps=0.050 |Q|=986
[ep  535 | steps  268000 | t   56.3s | sps  4760] ret=0.000 ep_len=500 deliv=0 eps=0.050 |Q|=986
[ep  536 | steps  268500 | t   56.4s | sps  4762] ret=0.000 ep_len=500 deliv=0 eps=0.050 |Q|=986
[ep  537 | steps  269000 | t   56.5s | sps  4763] ret=0.000 ep_len=500 deliv=0 eps=0.050 |Q|=986
[ep  538 | steps  269500 | t   56.6s | sps  4765] ret=0.000 ep_len=500 deliv=0 eps=0.050 |Q|=987
[ep  539 | steps  270000 | t   56.7s | sps  4766] ret=1.000 ep_len=500 deliv=1 eps=0.050 |Q|=988
[ep  540 | steps  270500 | t   56.7s | sps  4767] ret=0.000 ep_len=500 deliv=0 eps=0.050 |Q|=988
[ep  541 | steps  271000 | t   56.8s | sps  4769] ret=0.000 ep_len=500 deliv=0 eps=0.050 |Q|=988
[ep  542 | steps  271500 | t   56.9s | sps  4770] ret=0.000 ep_len=500 deliv=0 eps=0.050 |Q|=988
[ep  543 | steps  272000 | t   57.0s | sps  4772] ret=0.000 ep_len=500 deliv=0 eps=0.050 |Q|=988
[ep  544 | steps  272500 | t   57.1s | sps  4773] ret=0.000 ep_len=500 deliv=0 eps=0.050 |Q|=988
[ep  545 | steps  273000 | t   57.2s | sps  4775] ret=0.000 ep_len=500 deliv=0 eps=0.050 |Q|=988
[ep  546 | steps  273500 | t   57.3s | sps  4776] ret=0.000 ep_len=500 deliv=0 eps=0.050 |Q|=988
[ep  547 | steps  274000 | t   57.4s | sps  4777] ret=0.000 ep_len=500 deliv=0 eps=0.050 |Q|=989
[ep  548 | steps  274500 | t   57.4s | sps  4779] ret=0.000 ep_len=500 deliv=0 eps=0.050 |Q|=989
[ep  549 | steps  275000 | t   57.5s | sps  4780] ret=0.000 ep_len=500 deliv=0 eps=0.050 |Q|=989
        [eval] ret_mean=0.200 ep_len=500.0 deliv=0.20
[ep  550 | steps  275500 | t   58.5s | sps  4706] ret=0.000 ep_len=500 deliv=0 eps=0.050 |Q|=989
[ep  551 | steps  276000 | t   58.6s | sps  4707] ret=0.000 ep_len=500 deliv=0 eps=0.050 |Q|=989
[ep  552 | steps  276500 | t   58.7s | sps  4709] ret=0.000 ep_len=500 deliv=0 eps=0.050 |Q|=989
[ep  553 | steps  277000 | t   58.8s | sps  4710] ret=0.000 ep_len=500 deliv=0 eps=0.050 |Q|=989
[ep  554 | steps  277500 | t   58.9s | sps  4712] ret=0.000 ep_len=500 deliv=0 eps=0.050 |Q|=989
[ep  555 | steps  278000 | t   59.0s | sps  4713] ret=0.000 ep_len=500 deliv=0 eps=0.050 |Q|=989
[ep  556 | steps  278500 | t   59.1s | sps  4715] ret=0.000 ep_len=500 deliv=0 eps=0.050 |Q|=989
[ep  557 | steps  279000 | t   59.2s | sps  4716] ret=0.000 ep_len=500 deliv=0 eps=0.050 |Q|=991
[ep  558 | steps  279500 | t   59.3s | sps  4717] ret=1.000 ep_len=500 deliv=1 eps=0.050 |Q|=991
[ep  559 | steps  280000 | t   59.3s | sps  4718] ret=0.000 ep_len=500 deliv=0 eps=0.050 |Q|=991
[ep  560 | steps  280500 | t   59.4s | sps  4720] ret=0.000 ep_len=500 deliv=0 eps=0.050 |Q|=991
[ep  561 | steps  281000 | t   59.5s | sps  4721] ret=0.000 ep_len=500 deliv=0 eps=0.050 |Q|=991
[ep  562 | steps  281500 | t   59.6s | sps  4723] ret=0.000 ep_len=500 deliv=0 eps=0.050 |Q|=991
[ep  563 | steps  282000 | t   59.7s | sps  4724] ret=0.000 ep_len=500 deliv=0 eps=0.050 |Q|=991
[ep  564 | steps  282500 | t   59.8s | sps  4726] ret=0.000 ep_len=500 deliv=0 eps=0.050 |Q|=991
[ep  565 | steps  283000 | t   59.9s | sps  4727] ret=0.000 ep_len=500 deliv=0 eps=0.050 |Q|=991
[ep  566 | steps  283500 | t   60.0s | sps  4729] ret=0.000 ep_len=500 deliv=0 eps=0.050 |Q|=991
[ep  567 | steps  284000 | t   60.0s | sps  4730] ret=0.000 ep_len=500 deliv=0 eps=0.050 |Q|=991
[ep  568 | steps  284500 | t   60.1s | sps  4731] ret=0.000 ep_len=500 deliv=0 eps=0.050 |Q|=991
[ep  569 | steps  285000 | t   60.2s | sps  4732] ret=0.000 ep_len=500 deliv=0 eps=0.050 |Q|=992
[ep  570 | steps  285500 | t   60.3s | sps  4732] ret=1.000 ep_len=500 deliv=1 eps=0.050 |Q|=993
[ep  571 | steps  286000 | t   60.4s | sps  4734] ret=0.000 ep_len=500 deliv=0 eps=0.050 |Q|=994
[ep  572 | steps  286500 | t   60.5s | sps  4735] ret=0.000 ep_len=500 deliv=0 eps=0.050 |Q|=994
[ep  573 | steps  287000 | t   60.6s | sps  4737] ret=0.000 ep_len=500 deliv=0 eps=0.050 |Q|=994
[ep  574 | steps  287500 | t   60.7s | sps  4737] ret=1.000 ep_len=500 deliv=1 eps=0.050 |Q|=994
[ep  575 | steps  288000 | t   60.8s | sps  4738] ret=0.000 ep_len=500 deliv=0 eps=0.050 |Q|=994
[ep  576 | steps  288500 | t   60.9s | sps  4740] ret=0.000 ep_len=500 deliv=0 eps=0.050 |Q|=994
[ep  577 | steps  289000 | t   61.0s | sps  4741] ret=0.000 ep_len=500 deliv=0 eps=0.050 |Q|=994
[ep  578 | steps  289500 | t   61.0s | sps  4742] ret=0.000 ep_len=500 deliv=0 eps=0.050 |Q|=994
[ep  579 | steps  290000 | t   61.1s | sps  4744] ret=0.000 ep_len=500 deliv=0 eps=0.050 |Q|=994
[ep  580 | steps  290500 | t   61.2s | sps  4745] ret=0.000 ep_len=500 deliv=0 eps=0.050 |Q|=994
[ep  581 | steps  291000 | t   61.3s | sps  4747] ret=0.000 ep_len=500 deliv=0 eps=0.050 |Q|=994
[ep  582 | steps  291500 | t   61.4s | sps  4748] ret=0.000 ep_len=500 deliv=0 eps=0.050 |Q|=994
[ep  583 | steps  292000 | t   61.5s | sps  4750] ret=0.000 ep_len=500 deliv=0 eps=0.050 |Q|=994
[ep  584 | steps  292500 | t   61.6s | sps  4751] ret=0.000 ep_len=500 deliv=0 eps=0.050 |Q|=995
[ep  585 | steps  293000 | t   61.7s | sps  4752] ret=0.000 ep_len=500 deliv=0 eps=0.050 |Q|=995
[ep  586 | steps  293500 | t   61.7s | sps  4754] ret=0.000 ep_len=500 deliv=0 eps=0.050 |Q|=995
[ep  587 | steps  294000 | t   61.8s | sps  4755] ret=0.000 ep_len=500 deliv=0 eps=0.050 |Q|=995
[ep  588 | steps  294500 | t   61.9s | sps  4757] ret=0.000 ep_len=500 deliv=0 eps=0.050 |Q|=995
[ep  589 | steps  295000 | t   62.0s | sps  4758] ret=0.000 ep_len=500 deliv=0 eps=0.050 |Q|=995
[ep  590 | steps  295500 | t   62.1s | sps  4759] ret=0.000 ep_len=500 deliv=0 eps=0.050 |Q|=995
[ep  591 | steps  296000 | t   62.2s | sps  4760] ret=0.000 ep_len=500 deliv=0 eps=0.050 |Q|=995
[ep  592 | steps  296500 | t   62.3s | sps  4762] ret=0.000 ep_len=500 deliv=0 eps=0.050 |Q|=995
[ep  593 | steps  297000 | t   62.4s | sps  4763] ret=0.000 ep_len=500 deliv=0 eps=0.050 |Q|=995
[ep  594 | steps  297500 | t   62.4s | sps  4764] ret=0.000 ep_len=500 deliv=0 eps=0.050 |Q|=995
[ep  595 | steps  298000 | t   62.5s | sps  4765] ret=0.000 ep_len=500 deliv=0 eps=0.050 |Q|=995
[ep  596 | steps  298500 | t   62.6s | sps  4766] ret=0.000 ep_len=500 deliv=0 eps=0.050 |Q|=995
[ep  597 | steps  299000 | t   62.7s | sps  4768] ret=0.000 ep_len=500 deliv=0 eps=0.050 |Q|=995
[ep  598 | steps  299500 | t   62.8s | sps  4769] ret=0.000 ep_len=500 deliv=0 eps=0.050 |Q|=995
[ep  599 | steps  300000 | t   62.9s | sps  4771] ret=0.000 ep_len=500 deliv=0 eps=0.050 |Q|=995
        [eval] ret_mean=0.000 ep_len=500.0 deliv=0.00
