$ /Users/samchen/Coding/CLASSES/CS2860/.venv/bin/python3 -m policies.train --env rware-medium-2ag-v2 --seed 2 --updates 300 --rollout 512 --eval-every 25 --eval-episodes 30 --log-dir matrix_results/diagnostics_v1_sam/comm_2ag/headroom/rware-medium-2ag-v2 --run-name mappo-heartbeat-only__delay-dropout__d30__s2 --n-msg-tokens 8 --no-comm --heartbeat --heartbeat-period 1 --heartbeat-max-age-clip 128 --heartbeat-delay 30 --dropout --dropout-window-start 200 --dropout-window-end 350 --shape-rewards --pickup-bonus 0.5

[env] EnvSpec(env_id='rware-medium-2ag-v2', n_agents=2, obs_dim=73, n_env_actions=5, noop_action=0, family='rware')  (n_msg_tokens=1)
[cfg] {'clip_range': 0.2, 'value_clip_range': 0.2, 'entropy_coef': 0.01, 'value_coef': 0.5, 'max_grad_norm': 0.5, 'gamma': 0.99, 'gae_lambda': 0.95, 'lr_actor': 0.0003, 'lr_critic': 0.001, 'update_epochs': 4, 'minibatches': 4, 'hidden': 128, 'depth': 2, 'device': 'cpu', 'extra': {}}
[log] writing to matrix_results/diagnostics_v1_sam/comm_2ag/headroom/rware-medium-2ag-v2/mappo-heartbeat-only__delay-dropout__d30__s2
[upd    1 | steps     512 | t    0.2s | sps  2992] ret_mean=0.000 ep_len=500.0 pi_loss=-0.004 v_loss=0.071 ent=1.608 kl=0.0010
[upd    2 | steps    1024 | t    0.3s | sps  3165] ret_mean=0.000 ep_len=500.0 pi_loss=-0.005 v_loss=0.023 ent=1.606 kl=-0.0012
[upd    3 | steps    1536 | t    0.5s | sps  3214] ret_mean=1.000 ep_len=500.0 pi_loss=-0.007 v_loss=0.017 ent=1.602 kl=0.0012
[upd    4 | steps    2048 | t    0.6s | sps  3264] ret_mean=0.000 ep_len=500.0 pi_loss=-0.010 v_loss=0.012 ent=1.578 kl=0.0127
[upd    5 | steps    2560 | t    0.8s | sps  3159] ret_mean=0.500 ep_len=500.0 pi_loss=-0.005 v_loss=0.018 ent=1.567 kl=-0.0013
[upd    6 | steps    3072 | t    1.0s | sps  3185] ret_mean=0.000 ep_len=500.0 pi_loss=-0.007 v_loss=0.010 ent=1.576 kl=0.0053
[upd    7 | steps    3584 | t    1.1s | sps  3201] ret_mean=0.000 ep_len=500.0 pi_loss=-0.006 v_loss=0.009 ent=1.541 kl=0.0110
[upd    8 | steps    4096 | t    1.3s | sps  3213] ret_mean=0.000 ep_len=500.0 pi_loss=-0.007 v_loss=0.003 ent=1.574 kl=0.0023
[upd    9 | steps    4608 | t    1.4s | sps  3237] ret_mean=1.500 ep_len=500.0 pi_loss=-0.002 v_loss=0.008 ent=1.595 kl=-0.0013
[upd   10 | steps    5120 | t    1.6s | sps  3248] ret_mean=0.000 ep_len=500.0 pi_loss=-0.010 v_loss=0.008 ent=1.564 kl=-0.0018
[upd   11 | steps    5632 | t    1.7s | sps  3266] ret_mean=0.000 ep_len=500.0 pi_loss=-0.003 v_loss=0.005 ent=1.558 kl=0.0024
[upd   12 | steps    6144 | t    1.9s | sps  3228] ret_mean=0.000 ep_len=500.0 pi_loss=-0.005 v_loss=0.005 ent=1.549 kl=-0.0004
[upd   13 | steps    6656 | t    2.1s | sps  3232] ret_mean=0.000 ep_len=500.0 pi_loss=-0.009 v_loss=0.008 ent=1.563 kl=0.0004
[upd   14 | steps    7168 | t    2.2s | sps  3239] ret_mean=1.000 ep_len=500.0 pi_loss=-0.006 v_loss=0.003 ent=1.562 kl=0.0066
[upd   15 | steps    7680 | t    2.4s | sps  3250] ret_mean=0.000 ep_len=500.0 pi_loss=-0.005 v_loss=0.003 ent=1.570 kl=0.0003
[upd   16 | steps    8192 | t    2.5s | sps  3263] ret_mean=0.000 ep_len=500.0 pi_loss=-0.006 v_loss=0.003 ent=1.558 kl=0.0010
[upd   17 | steps    8704 | t    2.7s | sps  3277] ret_mean=0.000 ep_len=500.0 pi_loss=-0.006 v_loss=0.004 ent=1.579 kl=-0.0006
[upd   18 | steps    9216 | t    2.8s | sps  3291] ret_mean=0.000 ep_len=500.0 pi_loss=-0.004 v_loss=0.002 ent=1.591 kl=0.0011
[upd   19 | steps    9728 | t    2.9s | sps  3302] ret_mean=0.000 ep_len=500.0 pi_loss=-0.004 v_loss=0.004 ent=1.592 kl=0.0004
[upd   20 | steps   10240 | t    3.1s | sps  3308] ret_mean=0.000 ep_len=500.0 pi_loss=-0.004 v_loss=0.003 ent=1.551 kl=0.0063
[upd   21 | steps   10752 | t    3.2s | sps  3310] ret_mean=0.000 ep_len=500.0 pi_loss=-0.006 v_loss=0.002 ent=1.560 kl=0.0012
[upd   22 | steps   11264 | t    3.4s | sps  3321] ret_mean=0.000 ep_len=500.0 pi_loss=-0.008 v_loss=0.002 ent=1.593 kl=0.0007
[upd   23 | steps   11776 | t    3.5s | sps  3324] ret_mean=0.000 ep_len=500.0 pi_loss=-0.007 v_loss=0.001 ent=1.595 kl=0.0009
[upd   24 | steps   12288 | t    3.7s | sps  3330] ret_mean=0.000 ep_len=500.0 pi_loss=-0.003 v_loss=0.002 ent=1.598 kl=0.0048
[upd   25 | steps   12800 | t    3.8s | sps  3338] ret_mean=0.000 ep_len=500.0 pi_loss=-0.003 v_loss=0.007 ent=1.601 kl=0.0057
        [eval] ret_mean=0.000 ep_len=500.0
[upd   26 | steps   13312 | t    7.6s | sps  1743] ret_mean=0.500 ep_len=500.0 pi_loss=-0.003 v_loss=0.003 ent=1.590 kl=0.0022
[upd   27 | steps   13824 | t    7.8s | sps  1776] ret_mean=0.000 ep_len=500.0 pi_loss=-0.004 v_loss=0.002 ent=1.590 kl=0.0028
[upd   28 | steps   14336 | t    7.9s | sps  1805] ret_mean=0.000 ep_len=500.0 pi_loss=-0.003 v_loss=0.003 ent=1.585 kl=0.0018
[upd   29 | steps   14848 | t    8.1s | sps  1834] ret_mean=0.000 ep_len=500.0 pi_loss=-0.005 v_loss=0.001 ent=1.582 kl=0.0030
[upd   30 | steps   15360 | t    8.2s | sps  1864] ret_mean=0.000 ep_len=500.0 pi_loss=-0.008 v_loss=0.001 ent=1.560 kl=-0.0020
[upd   31 | steps   15872 | t    8.4s | sps  1892] ret_mean=0.000 ep_len=500.0 pi_loss=-0.003 v_loss=0.005 ent=1.549 kl=0.0070
[upd   32 | steps   16384 | t    8.5s | sps  1920] ret_mean=0.000 ep_len=500.0 pi_loss=-0.005 v_loss=0.003 ent=1.546 kl=0.0022
[upd   33 | steps   16896 | t    8.7s | sps  1944] ret_mean=0.000 ep_len=500.0 pi_loss=-0.005 v_loss=0.001 ent=1.504 kl=0.0040
[upd   34 | steps   17408 | t    8.8s | sps  1970] ret_mean=0.000 ep_len=500.0 pi_loss=-0.007 v_loss=0.001 ent=1.529 kl=0.0046
[upd   35 | steps   17920 | t    9.0s | sps  1990] ret_mean=0.000 ep_len=500.0 pi_loss=-0.003 v_loss=0.001 ent=1.523 kl=0.0019
[upd   36 | steps   18432 | t    9.2s | sps  2011] ret_mean=0.000 ep_len=500.0 pi_loss=-0.002 v_loss=0.001 ent=1.441 kl=-0.0004
[upd   37 | steps   18944 | t    9.3s | sps  2032] ret_mean=0.000 ep_len=500.0 pi_loss=-0.009 v_loss=0.001 ent=1.395 kl=0.0067
[upd   38 | steps   19456 | t    9.5s | sps  2053] ret_mean=0.000 ep_len=500.0 pi_loss=-0.007 v_loss=0.001 ent=1.440 kl=0.0056
[upd   39 | steps   19968 | t    9.6s | sps  2074] ret_mean=0.000 ep_len=500.0 pi_loss=-0.008 v_loss=0.001 ent=1.385 kl=-0.0112
[upd   40 | steps   20480 | t    9.8s | sps  2095] ret_mean=0.000 ep_len=500.0 pi_loss=-0.003 v_loss=0.001 ent=1.349 kl=-0.0022
[upd   41 | steps   20992 | t    9.9s | sps  2114] ret_mean=0.000 ep_len=500.0 pi_loss=-0.011 v_loss=0.002 ent=1.388 kl=0.0079
[upd   42 | steps   21504 | t   10.1s | sps  2132] ret_mean=0.000 ep_len=500.0 pi_loss=-0.005 v_loss=0.002 ent=1.464 kl=-0.0000
[upd   43 | steps   22016 | t   10.2s | sps  2150] ret_mean=0.000 ep_len=500.0 pi_loss=-0.007 v_loss=0.001 ent=1.460 kl=0.0034
[upd   44 | steps   22528 | t   10.4s | sps  2168] ret_mean=0.000 ep_len=500.0 pi_loss=-0.005 v_loss=0.001 ent=1.470 kl=0.0024
[upd   45 | steps   23040 | t   10.5s | sps  2184] ret_mean=0.000 ep_len=500.0 pi_loss=-0.006 v_loss=0.001 ent=1.495 kl=0.0006
[upd   46 | steps   23552 | t   10.7s | sps  2201] ret_mean=0.000 ep_len=500.0 pi_loss=-0.007 v_loss=0.000 ent=1.474 kl=0.0093
[upd   47 | steps   24064 | t   10.8s | sps  2219] ret_mean=0.000 ep_len=500.0 pi_loss=-0.003 v_loss=0.001 ent=1.500 kl=0.0024
[upd   48 | steps   24576 | t   11.0s | sps  2235] ret_mean=0.000 ep_len=500.0 pi_loss=-0.005 v_loss=0.001 ent=1.530 kl=-0.0004
[upd   49 | steps   25088 | t   11.2s | sps  2250] ret_mean=0.000 ep_len=500.0 pi_loss=-0.005 v_loss=0.002 ent=1.544 kl=0.0027
[upd   50 | steps   25600 | t   11.3s | sps  2264] ret_mean=0.500 ep_len=500.0 pi_loss=-0.005 v_loss=0.002 ent=1.506 kl=0.0022
        [eval] ret_mean=0.000 ep_len=500.0
[upd   51 | steps   26112 | t   15.2s | sps  1713] ret_mean=0.000 ep_len=500.0 pi_loss=-0.006 v_loss=0.001 ent=1.525 kl=0.0059
[upd   52 | steps   26624 | t   15.4s | sps  1729] ret_mean=0.000 ep_len=500.0 pi_loss=-0.006 v_loss=0.001 ent=1.486 kl=0.0053
[upd   53 | steps   27136 | t   15.6s | sps  1744] ret_mean=0.000 ep_len=500.0 pi_loss=-0.008 v_loss=0.001 ent=1.458 kl=0.0008
[upd   54 | steps   27648 | t   15.7s | sps  1760] ret_mean=0.000 ep_len=500.0 pi_loss=-0.007 v_loss=0.001 ent=1.492 kl=0.0019
[upd   55 | steps   28160 | t   15.9s | sps  1776] ret_mean=0.000 ep_len=500.0 pi_loss=-0.008 v_loss=0.001 ent=1.465 kl=0.0061
[upd   56 | steps   28672 | t   16.0s | sps  1791] ret_mean=1.000 ep_len=500.0 pi_loss=-0.005 v_loss=0.006 ent=1.503 kl=0.0032
[upd   57 | steps   29184 | t   16.2s | sps  1806] ret_mean=1.000 ep_len=500.0 pi_loss=-0.006 v_loss=0.006 ent=1.536 kl=0.0071
[upd   58 | steps   29696 | t   16.3s | sps  1821] ret_mean=0.000 ep_len=500.0 pi_loss=-0.010 v_loss=0.001 ent=1.531 kl=0.0078
[upd   59 | steps   30208 | t   16.5s | sps  1836] ret_mean=0.000 ep_len=500.0 pi_loss=-0.001 v_loss=0.001 ent=1.498 kl=0.0030
[upd   60 | steps   30720 | t   16.6s | sps  1851] ret_mean=0.000 ep_len=500.0 pi_loss=-0.004 v_loss=0.001 ent=1.520 kl=0.0019
[upd   61 | steps   31232 | t   16.7s | sps  1866] ret_mean=0.000 ep_len=500.0 pi_loss=-0.007 v_loss=0.001 ent=1.504 kl=0.0094
[upd   62 | steps   31744 | t   16.9s | sps  1880] ret_mean=0.000 ep_len=500.0 pi_loss=-0.009 v_loss=0.001 ent=1.482 kl=0.0077
[upd   63 | steps   32256 | t   17.0s | sps  1894] ret_mean=0.000 ep_len=500.0 pi_loss=-0.006 v_loss=0.001 ent=1.376 kl=-0.0001
[upd   64 | steps   32768 | t   17.2s | sps  1907] ret_mean=0.000 ep_len=500.0 pi_loss=-0.001 v_loss=0.001 ent=1.441 kl=-0.0014
[upd   65 | steps   33280 | t   17.3s | sps  1920] ret_mean=0.000 ep_len=500.0 pi_loss=-0.006 v_loss=0.001 ent=1.392 kl=0.0040
[upd   66 | steps   33792 | t   17.5s | sps  1933] ret_mean=0.000 ep_len=500.0 pi_loss=-0.012 v_loss=0.001 ent=1.410 kl=0.0009
[upd   67 | steps   34304 | t   17.6s | sps  1945] ret_mean=0.000 ep_len=500.0 pi_loss=-0.003 v_loss=0.001 ent=1.245 kl=0.0021
[upd   68 | steps   34816 | t   17.8s | sps  1957] ret_mean=0.000 ep_len=500.0 pi_loss=-0.006 v_loss=0.001 ent=1.199 kl=0.0018
[upd   69 | steps   35328 | t   17.9s | sps  1969] ret_mean=0.000 ep_len=500.0 pi_loss=-0.003 v_loss=0.001 ent=1.225 kl=0.0037
[upd   70 | steps   35840 | t   18.1s | sps  1981] ret_mean=0.000 ep_len=500.0 pi_loss=-0.005 v_loss=0.001 ent=1.185 kl=0.0069
[upd   71 | steps   36352 | t   18.2s | sps  1993] ret_mean=0.000 ep_len=500.0 pi_loss=-0.006 v_loss=0.002 ent=1.270 kl=0.0058
[upd   72 | steps   36864 | t   18.4s | sps  2004] ret_mean=1.500 ep_len=500.0 pi_loss=-0.003 v_loss=0.007 ent=1.219 kl=0.0055
[upd   73 | steps   37376 | t   18.5s | sps  2016] ret_mean=0.000 ep_len=500.0 pi_loss=-0.007 v_loss=0.001 ent=1.347 kl=0.0098
[upd   74 | steps   37888 | t   18.7s | sps  2028] ret_mean=0.000 ep_len=500.0 pi_loss=-0.004 v_loss=0.000 ent=1.380 kl=0.0053
[upd   75 | steps   38400 | t   18.8s | sps  2039] ret_mean=0.000 ep_len=500.0 pi_loss=-0.011 v_loss=0.001 ent=1.362 kl=-0.0026
        [eval] ret_mean=0.000 ep_len=500.0
[upd   76 | steps   38912 | t   22.5s | sps  1732] ret_mean=0.000 ep_len=500.0 pi_loss=-0.005 v_loss=0.001 ent=1.356 kl=0.0010
[upd   77 | steps   39424 | t   22.6s | sps  1743] ret_mean=0.000 ep_len=500.0 pi_loss=-0.006 v_loss=0.001 ent=1.342 kl=0.0029
[upd   78 | steps   39936 | t   22.8s | sps  1754] ret_mean=0.000 ep_len=500.0 pi_loss=-0.006 v_loss=0.001 ent=1.261 kl=0.0017
[upd   79 | steps   40448 | t   22.9s | sps  1766] ret_mean=0.000 ep_len=500.0 pi_loss=-0.005 v_loss=0.001 ent=1.176 kl=0.0082
[upd   80 | steps   40960 | t   23.1s | sps  1777] ret_mean=0.000 ep_len=500.0 pi_loss=-0.006 v_loss=0.001 ent=1.422 kl=0.0044
[upd   81 | steps   41472 | t   23.2s | sps  1787] ret_mean=0.000 ep_len=500.0 pi_loss=-0.004 v_loss=0.001 ent=1.213 kl=0.0041
[upd   82 | steps   41984 | t   23.4s | sps  1798] ret_mean=0.000 ep_len=500.0 pi_loss=-0.007 v_loss=0.001 ent=1.200 kl=0.0043
[upd   83 | steps   42496 | t   23.5s | sps  1808] ret_mean=0.000 ep_len=500.0 pi_loss=-0.009 v_loss=0.000 ent=1.289 kl=0.0028
[upd   84 | steps   43008 | t   23.7s | sps  1818] ret_mean=0.000 ep_len=500.0 pi_loss=-0.006 v_loss=0.000 ent=1.101 kl=0.0088
[upd   85 | steps   43520 | t   23.8s | sps  1828] ret_mean=0.000 ep_len=500.0 pi_loss=-0.006 v_loss=0.001 ent=1.219 kl=0.0055
[upd   86 | steps   44032 | t   24.0s | sps  1838] ret_mean=0.000 ep_len=500.0 pi_loss=-0.009 v_loss=0.001 ent=1.318 kl=0.0082
[upd   87 | steps   44544 | t   24.1s | sps  1849] ret_mean=0.000 ep_len=500.0 pi_loss=-0.004 v_loss=0.001 ent=1.243 kl=0.0009
[upd   88 | steps   45056 | t   24.2s | sps  1859] ret_mean=0.000 ep_len=500.0 pi_loss=-0.007 v_loss=0.000 ent=1.032 kl=0.0074
[upd   89 | steps   45568 | t   24.4s | sps  1869] ret_mean=0.000 ep_len=500.0 pi_loss=-0.003 v_loss=0.000 ent=1.250 kl=0.0024
[upd   90 | steps   46080 | t   24.5s | sps  1878] ret_mean=0.000 ep_len=500.0 pi_loss=-0.005 v_loss=0.000 ent=1.084 kl=0.0026
[upd   91 | steps   46592 | t   24.7s | sps  1888] ret_mean=0.000 ep_len=500.0 pi_loss=-0.007 v_loss=0.000 ent=0.765 kl=0.0080
[upd   92 | steps   47104 | t   24.8s | sps  1897] ret_mean=0.000 ep_len=500.0 pi_loss=-0.000 v_loss=0.000 ent=0.756 kl=0.0022
[upd   93 | steps   47616 | t   25.0s | sps  1906] ret_mean=0.000 ep_len=500.0 pi_loss=-0.006 v_loss=0.002 ent=1.066 kl=0.0049
[upd   94 | steps   48128 | t   25.1s | sps  1916] ret_mean=0.500 ep_len=500.0 pi_loss=-0.005 v_loss=0.000 ent=1.067 kl=0.0103
[upd   95 | steps   48640 | t   25.3s | sps  1925] ret_mean=0.000 ep_len=500.0 pi_loss=-0.000 v_loss=0.000 ent=1.080 kl=0.0036
[upd   96 | steps   49152 | t   25.4s | sps  1934] ret_mean=0.000 ep_len=500.0 pi_loss=-0.015 v_loss=0.000 ent=1.288 kl=0.0204
[upd   97 | steps   49664 | t   25.6s | sps  1943] ret_mean=0.000 ep_len=500.0 pi_loss=-0.004 v_loss=0.000 ent=1.030 kl=0.0031
[upd   98 | steps   50176 | t   25.7s | sps  1952] ret_mean=0.000 ep_len=500.0 pi_loss=-0.003 v_loss=0.000 ent=1.007 kl=0.0053
[upd   99 | steps   50688 | t   25.9s | sps  1960] ret_mean=0.000 ep_len=500.0 pi_loss=-0.003 v_loss=0.001 ent=1.226 kl=0.0025
[upd  100 | steps   51200 | t   26.0s | sps  1969] ret_mean=0.000 ep_len=500.0 pi_loss=-0.005 v_loss=0.000 ent=1.266 kl=0.0076
        [eval] ret_mean=0.000 ep_len=500.0
[upd  101 | steps   51712 | t   29.8s | sps  1734] ret_mean=0.000 ep_len=500.0 pi_loss=-0.005 v_loss=0.001 ent=1.193 kl=0.0074
[upd  102 | steps   52224 | t   30.0s | sps  1742] ret_mean=0.000 ep_len=500.0 pi_loss=-0.010 v_loss=0.001 ent=1.075 kl=0.0067
[upd  103 | steps   52736 | t   30.1s | sps  1750] ret_mean=0.000 ep_len=500.0 pi_loss=-0.003 v_loss=0.000 ent=1.032 kl=0.0011
[upd  104 | steps   53248 | t   30.3s | sps  1758] ret_mean=0.000 ep_len=500.0 pi_loss=-0.014 v_loss=0.001 ent=0.817 kl=0.0067
[upd  105 | steps   53760 | t   30.4s | sps  1766] ret_mean=0.000 ep_len=500.0 pi_loss=-0.006 v_loss=0.000 ent=1.112 kl=0.0020
[upd  106 | steps   54272 | t   30.6s | sps  1774] ret_mean=0.000 ep_len=500.0 pi_loss=-0.006 v_loss=0.000 ent=0.968 kl=0.0033
[upd  107 | steps   54784 | t   30.7s | sps  1782] ret_mean=0.000 ep_len=500.0 pi_loss=-0.008 v_loss=0.000 ent=1.053 kl=0.0070
[upd  108 | steps   55296 | t   30.9s | sps  1790] ret_mean=0.000 ep_len=500.0 pi_loss=-0.002 v_loss=0.000 ent=1.091 kl=0.0021
[upd  109 | steps   55808 | t   31.0s | sps  1798] ret_mean=0.500 ep_len=500.0 pi_loss=-0.006 v_loss=0.002 ent=1.033 kl=0.0039
[upd  110 | steps   56320 | t   31.2s | sps  1805] ret_mean=0.000 ep_len=500.0 pi_loss=-0.004 v_loss=0.001 ent=0.486 kl=0.0051
[upd  111 | steps   56832 | t   31.3s | sps  1813] ret_mean=0.000 ep_len=500.0 pi_loss=-0.003 v_loss=0.000 ent=0.896 kl=0.0013
[upd  112 | steps   57344 | t   31.5s | sps  1821] ret_mean=0.000 ep_len=500.0 pi_loss=-0.006 v_loss=0.000 ent=0.879 kl=0.0051
[upd  113 | steps   57856 | t   31.6s | sps  1829] ret_mean=0.000 ep_len=500.0 pi_loss=-0.008 v_loss=0.000 ent=0.846 kl=-0.0003
[upd  114 | steps   58368 | t   31.8s | sps  1836] ret_mean=0.000 ep_len=500.0 pi_loss=-0.004 v_loss=0.000 ent=0.868 kl=0.0067
[upd  115 | steps   58880 | t   31.9s | sps  1843] ret_mean=0.000 ep_len=500.0 pi_loss=-0.006 v_loss=0.000 ent=0.939 kl=0.0096
[upd  116 | steps   59392 | t   32.1s | sps  1850] ret_mean=0.000 ep_len=500.0 pi_loss=-0.003 v_loss=0.000 ent=0.837 kl=0.0028
[upd  117 | steps   59904 | t   32.3s | sps  1857] ret_mean=0.000 ep_len=500.0 pi_loss=-0.004 v_loss=0.000 ent=0.992 kl=0.0034
[upd  118 | steps   60416 | t   32.4s | sps  1864] ret_mean=0.000 ep_len=500.0 pi_loss=-0.005 v_loss=0.000 ent=1.197 kl=0.0020
[upd  119 | steps   60928 | t   32.6s | sps  1872] ret_mean=0.000 ep_len=500.0 pi_loss=-0.008 v_loss=0.000 ent=1.181 kl=0.0045
[upd  120 | steps   61440 | t   32.7s | sps  1879] ret_mean=0.000 ep_len=500.0 pi_loss=-0.007 v_loss=0.000 ent=1.203 kl=0.0031
[upd  121 | steps   61952 | t   32.8s | sps  1886] ret_mean=0.000 ep_len=500.0 pi_loss=-0.005 v_loss=0.000 ent=1.266 kl=0.0040
[upd  122 | steps   62464 | t   33.0s | sps  1893] ret_mean=0.000 ep_len=500.0 pi_loss=-0.004 v_loss=0.000 ent=1.069 kl=-0.0013
[upd  123 | steps   62976 | t   33.1s | sps  1900] ret_mean=0.000 ep_len=500.0 pi_loss=-0.010 v_loss=0.000 ent=1.082 kl=0.0028
[upd  124 | steps   63488 | t   33.3s | sps  1907] ret_mean=0.000 ep_len=500.0 pi_loss=-0.005 v_loss=0.000 ent=0.993 kl=0.0028
[upd  125 | steps   64000 | t   33.4s | sps  1914] ret_mean=0.000 ep_len=500.0 pi_loss=-0.002 v_loss=0.000 ent=0.621 kl=0.0045
        [eval] ret_mean=0.000 ep_len=500.0
[upd  126 | steps   64512 | t   37.1s | sps  1739] ret_mean=0.000 ep_len=500.0 pi_loss=-0.007 v_loss=0.000 ent=1.216 kl=0.0038
[upd  127 | steps   65024 | t   37.3s | sps  1744] ret_mean=0.000 ep_len=500.0 pi_loss=-0.007 v_loss=0.000 ent=1.232 kl=0.0008
[upd  128 | steps   65536 | t   37.4s | sps  1750] ret_mean=0.000 ep_len=500.0 pi_loss=-0.007 v_loss=0.000 ent=1.264 kl=0.0102
[upd  129 | steps   66048 | t   37.6s | sps  1756] ret_mean=0.000 ep_len=500.0 pi_loss=-0.003 v_loss=0.000 ent=0.988 kl=0.0031
[upd  130 | steps   66560 | t   37.8s | sps  1762] ret_mean=0.000 ep_len=500.0 pi_loss=-0.007 v_loss=0.000 ent=1.238 kl=0.0024
[upd  131 | steps   67072 | t   37.9s | sps  1768] ret_mean=0.000 ep_len=500.0 pi_loss=-0.006 v_loss=0.000 ent=1.119 kl=0.0025
[upd  132 | steps   67584 | t   38.1s | sps  1774] ret_mean=0.000 ep_len=500.0 pi_loss=-0.005 v_loss=0.000 ent=0.734 kl=0.0053
[upd  133 | steps   68096 | t   38.3s | sps  1780] ret_mean=0.000 ep_len=500.0 pi_loss=-0.005 v_loss=0.000 ent=1.112 kl=0.0071
[upd  134 | steps   68608 | t   38.4s | sps  1785] ret_mean=0.000 ep_len=500.0 pi_loss=-0.006 v_loss=0.000 ent=0.805 kl=0.0124
[upd  135 | steps   69120 | t   38.6s | sps  1791] ret_mean=0.000 ep_len=500.0 pi_loss=-0.005 v_loss=0.000 ent=1.215 kl=0.0036
[upd  136 | steps   69632 | t   38.8s | sps  1797] ret_mean=0.000 ep_len=500.0 pi_loss=-0.005 v_loss=0.000 ent=1.233 kl=0.0014
[upd  137 | steps   70144 | t   38.9s | sps  1802] ret_mean=0.000 ep_len=500.0 pi_loss=-0.005 v_loss=0.000 ent=1.047 kl=0.0013
[upd  138 | steps   70656 | t   39.1s | sps  1808] ret_mean=0.000 ep_len=500.0 pi_loss=-0.003 v_loss=0.000 ent=1.173 kl=0.0041
[upd  139 | steps   71168 | t   39.3s | sps  1812] ret_mean=0.000 ep_len=500.0 pi_loss=-0.007 v_loss=0.000 ent=1.222 kl=0.0078
[upd  140 | steps   71680 | t   39.4s | sps  1818] ret_mean=0.000 ep_len=500.0 pi_loss=-0.005 v_loss=0.000 ent=0.741 kl=0.0014
[upd  141 | steps   72192 | t   39.6s | sps  1824] ret_mean=0.000 ep_len=500.0 pi_loss=-0.006 v_loss=0.000 ent=1.110 kl=0.0074
[upd  142 | steps   72704 | t   39.7s | sps  1830] ret_mean=0.000 ep_len=500.0 pi_loss=-0.004 v_loss=0.000 ent=1.225 kl=0.0031
[upd  143 | steps   73216 | t   39.9s | sps  1836] ret_mean=0.000 ep_len=500.0 pi_loss=-0.006 v_loss=0.000 ent=1.000 kl=-0.0002
[upd  144 | steps   73728 | t   40.0s | sps  1841] ret_mean=0.000 ep_len=500.0 pi_loss=-0.007 v_loss=0.000 ent=1.298 kl=-0.0016
[upd  145 | steps   74240 | t   40.2s | sps  1847] ret_mean=0.000 ep_len=500.0 pi_loss=-0.008 v_loss=0.000 ent=1.012 kl=0.0056
[upd  146 | steps   74752 | t   40.4s | sps  1852] ret_mean=0.000 ep_len=500.0 pi_loss=-0.006 v_loss=0.000 ent=0.565 kl=0.0116
[upd  147 | steps   75264 | t   40.5s | sps  1857] ret_mean=0.000 ep_len=500.0 pi_loss=-0.009 v_loss=0.000 ent=1.190 kl=0.0158
[upd  148 | steps   75776 | t   40.7s | sps  1863] ret_mean=0.000 ep_len=500.0 pi_loss=-0.006 v_loss=0.000 ent=1.100 kl=0.0028
[upd  149 | steps   76288 | t   40.8s | sps  1868] ret_mean=0.000 ep_len=500.0 pi_loss=-0.006 v_loss=0.000 ent=0.847 kl=-0.0006
[upd  150 | steps   76800 | t   41.0s | sps  1874] ret_mean=0.000 ep_len=500.0 pi_loss=-0.001 v_loss=0.000 ent=0.909 kl=0.0076
        [eval] ret_mean=0.000 ep_len=500.0
[upd  151 | steps   77312 | t   44.6s | sps  1733] ret_mean=0.000 ep_len=500.0 pi_loss=-0.002 v_loss=0.000 ent=1.028 kl=0.0026
[upd  152 | steps   77824 | t   44.8s | sps  1739] ret_mean=0.000 ep_len=500.0 pi_loss=-0.010 v_loss=0.000 ent=0.728 kl=0.0008
[upd  153 | steps   78336 | t   44.9s | sps  1745] ret_mean=0.000 ep_len=500.0 pi_loss=-0.006 v_loss=0.000 ent=1.230 kl=0.0047
[upd  154 | steps   78848 | t   45.0s | sps  1751] ret_mean=0.000 ep_len=500.0 pi_loss=-0.003 v_loss=0.000 ent=0.853 kl=0.0202
[upd  155 | steps   79360 | t   45.2s | sps  1756] ret_mean=0.000 ep_len=500.0 pi_loss=-0.007 v_loss=0.000 ent=1.266 kl=0.0011
[upd  156 | steps   79872 | t   45.3s | sps  1762] ret_mean=0.000 ep_len=500.0 pi_loss=-0.007 v_loss=0.000 ent=1.270 kl=0.0055
[upd  157 | steps   80384 | t   45.5s | sps  1767] ret_mean=0.000 ep_len=500.0 pi_loss=-0.006 v_loss=0.000 ent=1.203 kl=0.0106
[upd  158 | steps   80896 | t   45.6s | sps  1773] ret_mean=0.000 ep_len=500.0 pi_loss=-0.002 v_loss=0.000 ent=0.960 kl=0.0038
[upd  159 | steps   81408 | t   45.8s | sps  1778] ret_mean=0.000 ep_len=500.0 pi_loss=-0.009 v_loss=0.000 ent=1.230 kl=0.0068
[upd  160 | steps   81920 | t   45.9s | sps  1784] ret_mean=0.000 ep_len=500.0 pi_loss=-0.005 v_loss=0.000 ent=1.109 kl=-0.0003
[upd  161 | steps   82432 | t   46.1s | sps  1789] ret_mean=0.000 ep_len=500.0 pi_loss=-0.007 v_loss=0.000 ent=0.862 kl=0.0028
[upd  162 | steps   82944 | t   46.2s | sps  1794] ret_mean=0.000 ep_len=500.0 pi_loss=-0.008 v_loss=0.000 ent=1.143 kl=0.0095
[upd  163 | steps   83456 | t   46.4s | sps  1799] ret_mean=0.000 ep_len=500.0 pi_loss=-0.002 v_loss=0.002 ent=0.814 kl=0.0017
[upd  164 | steps   83968 | t   46.5s | sps  1804] ret_mean=0.000 ep_len=500.0 pi_loss=-0.003 v_loss=0.001 ent=0.958 kl=0.0044
[upd  165 | steps   84480 | t   46.7s | sps  1810] ret_mean=0.000 ep_len=500.0 pi_loss=-0.004 v_loss=0.000 ent=1.012 kl=0.0017
[upd  166 | steps   84992 | t   46.8s | sps  1815] ret_mean=0.000 ep_len=500.0 pi_loss=-0.004 v_loss=0.001 ent=0.764 kl=0.0021
[upd  167 | steps   85504 | t   47.0s | sps  1820] ret_mean=0.000 ep_len=500.0 pi_loss=-0.007 v_loss=0.000 ent=0.835 kl=0.0034
[upd  168 | steps   86016 | t   47.1s | sps  1825] ret_mean=0.000 ep_len=500.0 pi_loss=-0.003 v_loss=0.001 ent=0.687 kl=0.0063
[upd  169 | steps   86528 | t   47.3s | sps  1830] ret_mean=0.000 ep_len=500.0 pi_loss=-0.001 v_loss=0.001 ent=0.846 kl=0.0036
[upd  170 | steps   87040 | t   47.4s | sps  1836] ret_mean=0.000 ep_len=500.0 pi_loss=-0.005 v_loss=0.000 ent=1.152 kl=0.0125
[upd  171 | steps   87552 | t   47.6s | sps  1841] ret_mean=0.000 ep_len=500.0 pi_loss=-0.007 v_loss=0.002 ent=0.927 kl=0.0005
[upd  172 | steps   88064 | t   47.7s | sps  1846] ret_mean=0.500 ep_len=500.0 pi_loss=-0.002 v_loss=0.000 ent=1.110 kl=-0.0008
[upd  173 | steps   88576 | t   47.9s | sps  1850] ret_mean=0.000 ep_len=500.0 pi_loss=-0.006 v_loss=0.000 ent=1.104 kl=0.0087
[upd  174 | steps   89088 | t   48.0s | sps  1856] ret_mean=0.000 ep_len=500.0 pi_loss=-0.005 v_loss=0.000 ent=1.004 kl=-0.0004
[upd  175 | steps   89600 | t   48.2s | sps  1860] ret_mean=0.000 ep_len=500.0 pi_loss=-0.004 v_loss=0.000 ent=1.092 kl=0.0047
        [eval] ret_mean=0.000 ep_len=500.0
[upd  176 | steps   90112 | t   51.9s | sps  1735] ret_mean=0.000 ep_len=500.0 pi_loss=-0.006 v_loss=0.000 ent=1.014 kl=0.0060
[upd  177 | steps   90624 | t   52.1s | sps  1740] ret_mean=1.000 ep_len=500.0 pi_loss=-0.008 v_loss=0.003 ent=1.123 kl=0.0059
[upd  178 | steps   91136 | t   52.2s | sps  1745] ret_mean=0.000 ep_len=500.0 pi_loss=-0.003 v_loss=0.000 ent=1.008 kl=0.0046
[upd  179 | steps   91648 | t   52.4s | sps  1750] ret_mean=0.000 ep_len=500.0 pi_loss=-0.012 v_loss=0.000 ent=1.114 kl=0.0153
[upd  180 | steps   92160 | t   52.5s | sps  1754] ret_mean=0.000 ep_len=500.0 pi_loss=-0.009 v_loss=0.000 ent=1.107 kl=0.0080
[upd  181 | steps   92672 | t   52.7s | sps  1758] ret_mean=0.000 ep_len=500.0 pi_loss=-0.004 v_loss=0.000 ent=1.118 kl=0.0142
[upd  182 | steps   93184 | t   52.9s | sps  1763] ret_mean=0.000 ep_len=500.0 pi_loss=-0.005 v_loss=0.000 ent=0.915 kl=0.0015
[upd  183 | steps   93696 | t   53.0s | sps  1767] ret_mean=0.000 ep_len=500.0 pi_loss=-0.005 v_loss=0.000 ent=1.040 kl=0.0074
[upd  184 | steps   94208 | t   53.2s | sps  1772] ret_mean=0.000 ep_len=500.0 pi_loss=-0.006 v_loss=0.000 ent=1.086 kl=0.0102
[upd  185 | steps   94720 | t   53.3s | sps  1776] ret_mean=0.000 ep_len=500.0 pi_loss=-0.005 v_loss=0.000 ent=1.170 kl=0.0128
[upd  186 | steps   95232 | t   53.5s | sps  1781] ret_mean=0.000 ep_len=500.0 pi_loss=-0.008 v_loss=0.000 ent=1.330 kl=0.0108
[upd  187 | steps   95744 | t   53.6s | sps  1785] ret_mean=0.000 ep_len=500.0 pi_loss=-0.006 v_loss=0.000 ent=1.359 kl=-0.0016
[upd  188 | steps   96256 | t   53.8s | sps  1790] ret_mean=0.000 ep_len=500.0 pi_loss=-0.011 v_loss=0.000 ent=1.393 kl=-0.0034
[upd  189 | steps   96768 | t   53.9s | sps  1794] ret_mean=0.000 ep_len=500.0 pi_loss=-0.008 v_loss=0.000 ent=1.212 kl=0.0036
[upd  190 | steps   97280 | t   54.1s | sps  1798] ret_mean=0.000 ep_len=500.0 pi_loss=-0.003 v_loss=0.000 ent=1.189 kl=0.0094
[upd  191 | steps   97792 | t   54.3s | sps  1803] ret_mean=0.000 ep_len=500.0 pi_loss=-0.004 v_loss=0.000 ent=1.180 kl=0.0013
[upd  192 | steps   98304 | t   54.4s | sps  1807] ret_mean=0.000 ep_len=500.0 pi_loss=-0.005 v_loss=0.000 ent=1.243 kl=0.0029
[upd  193 | steps   98816 | t   54.6s | sps  1811] ret_mean=0.000 ep_len=500.0 pi_loss=-0.004 v_loss=0.000 ent=1.146 kl=0.0007
[upd  194 | steps   99328 | t   54.7s | sps  1815] ret_mean=0.000 ep_len=500.0 pi_loss=-0.004 v_loss=0.000 ent=1.137 kl=0.0017
[upd  195 | steps   99840 | t   54.9s | sps  1819] ret_mean=0.000 ep_len=500.0 pi_loss=-0.003 v_loss=0.002 ent=1.153 kl=0.0016
[upd  196 | steps  100352 | t   55.0s | sps  1823] ret_mean=0.500 ep_len=500.0 pi_loss=-0.001 v_loss=0.000 ent=1.294 kl=0.0005
[upd  197 | steps  100864 | t   55.2s | sps  1828] ret_mean=0.000 ep_len=500.0 pi_loss=-0.009 v_loss=0.001 ent=1.357 kl=0.0020
[upd  198 | steps  101376 | t   55.3s | sps  1832] ret_mean=0.500 ep_len=500.0 pi_loss=-0.004 v_loss=0.000 ent=1.224 kl=-0.0001
[upd  199 | steps  101888 | t   55.5s | sps  1836] ret_mean=0.000 ep_len=500.0 pi_loss=-0.006 v_loss=0.001 ent=1.158 kl=0.0072
[upd  200 | steps  102400 | t   55.6s | sps  1840] ret_mean=0.000 ep_len=500.0 pi_loss=-0.005 v_loss=0.001 ent=1.242 kl=0.0025
        [eval] ret_mean=0.000 ep_len=500.0
[upd  201 | steps  102912 | t   59.4s | sps  1733] ret_mean=0.000 ep_len=500.0 pi_loss=-0.010 v_loss=0.000 ent=1.391 kl=0.0020
[upd  202 | steps  103424 | t   59.5s | sps  1738] ret_mean=0.000 ep_len=500.0 pi_loss=-0.008 v_loss=0.000 ent=1.321 kl=0.0046
[upd  203 | steps  103936 | t   59.7s | sps  1742] ret_mean=1.000 ep_len=500.0 pi_loss=-0.008 v_loss=0.002 ent=1.376 kl=0.0080
[upd  204 | steps  104448 | t   59.8s | sps  1746] ret_mean=0.000 ep_len=500.0 pi_loss=-0.005 v_loss=0.000 ent=1.383 kl=0.0042
[upd  205 | steps  104960 | t   60.0s | sps  1750] ret_mean=0.000 ep_len=500.0 pi_loss=-0.004 v_loss=0.001 ent=1.229 kl=0.0038
[upd  206 | steps  105472 | t   60.1s | sps  1753] ret_mean=0.000 ep_len=500.0 pi_loss=-0.006 v_loss=0.001 ent=1.300 kl=0.0024
[upd  207 | steps  105984 | t   60.3s | sps  1757] ret_mean=0.000 ep_len=500.0 pi_loss=-0.007 v_loss=0.000 ent=1.408 kl=0.0081
[upd  208 | steps  106496 | t   60.5s | sps  1761] ret_mean=0.000 ep_len=500.0 pi_loss=0.002 v_loss=0.000 ent=1.252 kl=0.0078
[upd  209 | steps  107008 | t   60.6s | sps  1765] ret_mean=0.000 ep_len=500.0 pi_loss=-0.006 v_loss=0.000 ent=1.260 kl=0.0011
[upd  210 | steps  107520 | t   60.8s | sps  1769] ret_mean=0.000 ep_len=500.0 pi_loss=-0.003 v_loss=0.000 ent=1.397 kl=0.0011
[upd  211 | steps  108032 | t   60.9s | sps  1773] ret_mean=0.000 ep_len=500.0 pi_loss=-0.004 v_loss=0.000 ent=1.394 kl=-0.0015
[upd  212 | steps  108544 | t   61.1s | sps  1776] ret_mean=0.000 ep_len=500.0 pi_loss=-0.003 v_loss=0.000 ent=1.368 kl=0.0005
[upd  213 | steps  109056 | t   61.3s | sps  1779] ret_mean=0.000 ep_len=500.0 pi_loss=-0.004 v_loss=0.000 ent=1.298 kl=0.0040
[upd  214 | steps  109568 | t   61.5s | sps  1783] ret_mean=0.000 ep_len=500.0 pi_loss=-0.004 v_loss=0.000 ent=1.388 kl=-0.0018
[upd  215 | steps  110080 | t   61.6s | sps  1787] ret_mean=0.000 ep_len=500.0 pi_loss=-0.006 v_loss=0.000 ent=1.352 kl=0.0040
[upd  216 | steps  110592 | t   61.8s | sps  1791] ret_mean=0.000 ep_len=500.0 pi_loss=-0.006 v_loss=0.000 ent=1.316 kl=0.0081
[upd  217 | steps  111104 | t   61.9s | sps  1795] ret_mean=0.000 ep_len=500.0 pi_loss=-0.007 v_loss=0.000 ent=1.410 kl=0.0043
[upd  218 | steps  111616 | t   62.1s | sps  1798] ret_mean=0.000 ep_len=500.0 pi_loss=-0.003 v_loss=0.000 ent=1.164 kl=0.0060
[upd  219 | steps  112128 | t   62.2s | sps  1802] ret_mean=0.000 ep_len=500.0 pi_loss=-0.005 v_loss=0.000 ent=1.036 kl=-0.0008
[upd  220 | steps  112640 | t   62.4s | sps  1806] ret_mean=0.000 ep_len=500.0 pi_loss=-0.002 v_loss=0.000 ent=1.291 kl=0.0056
[upd  221 | steps  113152 | t   62.5s | sps  1810] ret_mean=0.000 ep_len=500.0 pi_loss=-0.003 v_loss=0.000 ent=1.358 kl=0.0079
[upd  222 | steps  113664 | t   62.7s | sps  1813] ret_mean=0.000 ep_len=500.0 pi_loss=-0.001 v_loss=0.000 ent=1.262 kl=0.0040
[upd  223 | steps  114176 | t   62.8s | sps  1817] ret_mean=0.000 ep_len=500.0 pi_loss=-0.006 v_loss=0.000 ent=1.307 kl=0.0019
[upd  224 | steps  114688 | t   63.0s | sps  1821] ret_mean=0.000 ep_len=500.0 pi_loss=-0.007 v_loss=0.000 ent=1.293 kl=0.0002
[upd  225 | steps  115200 | t   63.1s | sps  1824] ret_mean=0.000 ep_len=500.0 pi_loss=-0.006 v_loss=0.000 ent=1.286 kl=0.0105
        [eval] ret_mean=0.000 ep_len=500.0
[upd  226 | steps  115712 | t   67.0s | sps  1726] ret_mean=0.000 ep_len=500.0 pi_loss=-0.005 v_loss=0.000 ent=0.801 kl=0.0017
[upd  227 | steps  116224 | t   67.2s | sps  1730] ret_mean=0.000 ep_len=500.0 pi_loss=-0.002 v_loss=0.000 ent=1.208 kl=0.0071
[upd  228 | steps  116736 | t   67.3s | sps  1733] ret_mean=0.000 ep_len=500.0 pi_loss=-0.007 v_loss=0.000 ent=1.396 kl=-0.0025
[upd  229 | steps  117248 | t   67.5s | sps  1737] ret_mean=0.000 ep_len=500.0 pi_loss=-0.013 v_loss=0.000 ent=1.196 kl=0.0105
[upd  230 | steps  117760 | t   67.7s | sps  1740] ret_mean=0.000 ep_len=500.0 pi_loss=-0.002 v_loss=0.000 ent=1.398 kl=0.0009
[upd  231 | steps  118272 | t   67.8s | sps  1744] ret_mean=0.000 ep_len=500.0 pi_loss=-0.003 v_loss=0.000 ent=1.280 kl=0.0046
[upd  232 | steps  118784 | t   68.0s | sps  1747] ret_mean=0.500 ep_len=500.0 pi_loss=-0.003 v_loss=0.002 ent=1.521 kl=-0.0002
[upd  233 | steps  119296 | t   68.2s | sps  1750] ret_mean=0.000 ep_len=500.0 pi_loss=-0.012 v_loss=0.000 ent=1.516 kl=0.0097
[upd  234 | steps  119808 | t   68.3s | sps  1753] ret_mean=0.000 ep_len=500.0 pi_loss=-0.004 v_loss=0.003 ent=1.373 kl=0.0071
[upd  235 | steps  120320 | t   68.5s | sps  1756] ret_mean=1.000 ep_len=500.0 pi_loss=-0.008 v_loss=0.000 ent=1.461 kl=0.0012
[upd  236 | steps  120832 | t   68.7s | sps  1759] ret_mean=0.000 ep_len=500.0 pi_loss=-0.008 v_loss=0.000 ent=1.385 kl=0.0044
[upd  237 | steps  121344 | t   68.9s | sps  1762] ret_mean=0.000 ep_len=500.0 pi_loss=-0.006 v_loss=0.000 ent=1.181 kl=0.0031
[upd  238 | steps  121856 | t   69.0s | sps  1765] ret_mean=0.000 ep_len=500.0 pi_loss=-0.006 v_loss=0.000 ent=0.950 kl=0.0090
[upd  239 | steps  122368 | t   69.2s | sps  1768] ret_mean=0.000 ep_len=500.0 pi_loss=-0.003 v_loss=0.000 ent=1.234 kl=0.0074
[upd  240 | steps  122880 | t   69.4s | sps  1771] ret_mean=0.000 ep_len=500.0 pi_loss=-0.004 v_loss=0.000 ent=1.266 kl=0.0072
[upd  241 | steps  123392 | t   69.5s | sps  1775] ret_mean=0.000 ep_len=500.0 pi_loss=-0.006 v_loss=0.000 ent=0.984 kl=0.0061
[upd  242 | steps  123904 | t   69.7s | sps  1778] ret_mean=0.000 ep_len=500.0 pi_loss=-0.004 v_loss=0.000 ent=1.194 kl=0.0034
[upd  243 | steps  124416 | t   69.8s | sps  1782] ret_mean=0.000 ep_len=500.0 pi_loss=-0.006 v_loss=0.000 ent=1.078 kl=0.0025
[upd  244 | steps  124928 | t   70.0s | sps  1785] ret_mean=1.500 ep_len=500.0 pi_loss=-0.003 v_loss=0.013 ent=1.156 kl=0.0092
[upd  245 | steps  125440 | t   70.2s | sps  1787] ret_mean=0.000 ep_len=500.0 pi_loss=-0.002 v_loss=0.000 ent=1.342 kl=0.0041
[upd  246 | steps  125952 | t   70.3s | sps  1790] ret_mean=0.000 ep_len=500.0 pi_loss=-0.008 v_loss=0.000 ent=1.341 kl=0.0078
[upd  247 | steps  126464 | t   70.5s | sps  1794] ret_mean=0.000 ep_len=500.0 pi_loss=-0.003 v_loss=0.000 ent=1.014 kl=0.0087
[upd  248 | steps  126976 | t   70.7s | sps  1797] ret_mean=0.000 ep_len=500.0 pi_loss=-0.005 v_loss=0.000 ent=1.122 kl=0.0090
[upd  249 | steps  127488 | t   70.8s | sps  1800] ret_mean=0.000 ep_len=500.0 pi_loss=-0.007 v_loss=0.000 ent=0.885 kl=0.0019
[upd  250 | steps  128000 | t   71.0s | sps  1803] ret_mean=0.000 ep_len=500.0 pi_loss=-0.008 v_loss=0.000 ent=0.959 kl=0.0099
        [eval] ret_mean=0.000 ep_len=500.0
[upd  251 | steps  128512 | t   74.7s | sps  1721] ret_mean=0.000 ep_len=500.0 pi_loss=-0.007 v_loss=0.000 ent=1.337 kl=0.0025
[upd  252 | steps  129024 | t   74.8s | sps  1725] ret_mean=0.000 ep_len=500.0 pi_loss=-0.007 v_loss=0.000 ent=1.180 kl=-0.0005
[upd  253 | steps  129536 | t   75.0s | sps  1728] ret_mean=0.000 ep_len=500.0 pi_loss=-0.004 v_loss=0.000 ent=0.898 kl=-0.0007
[upd  254 | steps  130048 | t   75.1s | sps  1731] ret_mean=0.000 ep_len=500.0 pi_loss=-0.006 v_loss=0.000 ent=1.199 kl=0.0161
[upd  255 | steps  130560 | t   75.3s | sps  1734] ret_mean=0.000 ep_len=500.0 pi_loss=-0.006 v_loss=0.000 ent=1.210 kl=0.0054
[upd  256 | steps  131072 | t   75.5s | sps  1737] ret_mean=0.000 ep_len=500.0 pi_loss=-0.008 v_loss=0.000 ent=1.218 kl=0.0042
[upd  257 | steps  131584 | t   75.6s | sps  1740] ret_mean=0.000 ep_len=500.0 pi_loss=-0.010 v_loss=0.000 ent=1.243 kl=0.0159
[upd  258 | steps  132096 | t   75.8s | sps  1743] ret_mean=0.000 ep_len=500.0 pi_loss=-0.007 v_loss=0.000 ent=0.802 kl=0.0071
[upd  259 | steps  132608 | t   75.9s | sps  1746] ret_mean=0.000 ep_len=500.0 pi_loss=-0.004 v_loss=0.000 ent=0.931 kl=-0.0011
[upd  260 | steps  133120 | t   76.1s | sps  1749] ret_mean=0.000 ep_len=500.0 pi_loss=-0.005 v_loss=0.000 ent=1.004 kl=0.0010
[upd  261 | steps  133632 | t   76.3s | sps  1752] ret_mean=0.000 ep_len=500.0 pi_loss=-0.005 v_loss=0.000 ent=0.901 kl=0.0048
[upd  262 | steps  134144 | t   76.4s | sps  1756] ret_mean=0.000 ep_len=500.0 pi_loss=-0.005 v_loss=0.000 ent=0.944 kl=0.0016
[upd  263 | steps  134656 | t   76.6s | sps  1759] ret_mean=0.000 ep_len=500.0 pi_loss=-0.005 v_loss=0.000 ent=0.866 kl=0.0115
[upd  264 | steps  135168 | t   76.7s | sps  1762] ret_mean=0.000 ep_len=500.0 pi_loss=-0.005 v_loss=0.000 ent=0.608 kl=0.0026
[upd  265 | steps  135680 | t   76.9s | sps  1765] ret_mean=0.000 ep_len=500.0 pi_loss=-0.003 v_loss=0.000 ent=0.641 kl=0.0047
[upd  266 | steps  136192 | t   77.0s | sps  1768] ret_mean=0.000 ep_len=500.0 pi_loss=-0.004 v_loss=0.000 ent=0.629 kl=0.0065
[upd  267 | steps  136704 | t   77.2s | sps  1771] ret_mean=0.000 ep_len=500.0 pi_loss=-0.006 v_loss=0.000 ent=0.819 kl=0.0061
[upd  268 | steps  137216 | t   77.3s | sps  1775] ret_mean=0.000 ep_len=500.0 pi_loss=-0.006 v_loss=0.000 ent=0.899 kl=0.0136
[upd  269 | steps  137728 | t   77.5s | sps  1778] ret_mean=0.000 ep_len=500.0 pi_loss=-0.004 v_loss=0.015 ent=0.779 kl=-0.0009
[upd  270 | steps  138240 | t   77.6s | sps  1781] ret_mean=2.000 ep_len=500.0 pi_loss=-0.003 v_loss=0.001 ent=0.721 kl=-0.0045
[upd  271 | steps  138752 | t   77.8s | sps  1784] ret_mean=0.000 ep_len=500.0 pi_loss=-0.002 v_loss=0.000 ent=0.582 kl=0.0016
[upd  272 | steps  139264 | t   77.9s | sps  1787] ret_mean=0.000 ep_len=500.0 pi_loss=-0.004 v_loss=0.000 ent=0.760 kl=0.0056
[upd  273 | steps  139776 | t   78.1s | sps  1790] ret_mean=0.000 ep_len=500.0 pi_loss=-0.007 v_loss=0.004 ent=1.053 kl=0.0117
[upd  274 | steps  140288 | t   78.2s | sps  1793] ret_mean=1.000 ep_len=500.0 pi_loss=-0.006 v_loss=0.000 ent=0.904 kl=0.0031
[upd  275 | steps  140800 | t   78.4s | sps  1796] ret_mean=0.000 ep_len=500.0 pi_loss=-0.007 v_loss=0.000 ent=0.598 kl=-0.0007
        [eval] ret_mean=0.000 ep_len=500.0
[upd  276 | steps  141312 | t   82.2s | sps  1720] ret_mean=0.000 ep_len=500.0 pi_loss=-0.005 v_loss=0.000 ent=1.028 kl=0.0081
[upd  277 | steps  141824 | t   82.3s | sps  1723] ret_mean=0.000 ep_len=500.0 pi_loss=-0.009 v_loss=0.001 ent=0.713 kl=0.0133
[upd  278 | steps  142336 | t   82.5s | sps  1726] ret_mean=6.500 ep_len=500.0 pi_loss=-0.005 v_loss=0.099 ent=1.095 kl=0.0032
[upd  279 | steps  142848 | t   82.6s | sps  1729] ret_mean=0.000 ep_len=500.0 pi_loss=-0.001 v_loss=0.005 ent=0.768 kl=-0.0001
[upd  280 | steps  143360 | t   82.8s | sps  1732] ret_mean=0.000 ep_len=500.0 pi_loss=-0.006 v_loss=0.004 ent=0.760 kl=0.0024
[upd  281 | steps  143872 | t   82.9s | sps  1735] ret_mean=0.000 ep_len=500.0 pi_loss=-0.003 v_loss=0.002 ent=0.905 kl=0.0023
[upd  282 | steps  144384 | t   83.1s | sps  1737] ret_mean=0.000 ep_len=500.0 pi_loss=-0.004 v_loss=0.002 ent=0.560 kl=0.0082
[upd  283 | steps  144896 | t   83.3s | sps  1740] ret_mean=0.000 ep_len=500.0 pi_loss=-0.004 v_loss=0.001 ent=0.661 kl=0.0078
[upd  284 | steps  145408 | t   83.4s | sps  1743] ret_mean=0.000 ep_len=500.0 pi_loss=-0.003 v_loss=0.000 ent=0.715 kl=0.0084
[upd  285 | steps  145920 | t   83.6s | sps  1746] ret_mean=0.000 ep_len=500.0 pi_loss=-0.008 v_loss=0.001 ent=1.022 kl=0.0073
[upd  286 | steps  146432 | t   83.7s | sps  1749] ret_mean=0.000 ep_len=500.0 pi_loss=-0.008 v_loss=0.001 ent=1.229 kl=0.0033
[upd  287 | steps  146944 | t   83.9s | sps  1752] ret_mean=0.000 ep_len=500.0 pi_loss=-0.005 v_loss=0.000 ent=1.255 kl=0.0080
[upd  288 | steps  147456 | t   84.1s | sps  1754] ret_mean=0.000 ep_len=500.0 pi_loss=-0.008 v_loss=0.001 ent=0.949 kl=0.0098
[upd  289 | steps  147968 | t   84.2s | sps  1757] ret_mean=0.000 ep_len=500.0 pi_loss=-0.006 v_loss=0.001 ent=0.921 kl=0.0020
[upd  290 | steps  148480 | t   84.4s | sps  1760] ret_mean=0.000 ep_len=500.0 pi_loss=-0.005 v_loss=0.000 ent=0.944 kl=0.0060
[upd  291 | steps  148992 | t   84.5s | sps  1762] ret_mean=0.000 ep_len=500.0 pi_loss=-0.005 v_loss=0.000 ent=1.129 kl=0.0033
[upd  292 | steps  149504 | t   84.7s | sps  1765] ret_mean=0.000 ep_len=500.0 pi_loss=-0.004 v_loss=0.000 ent=1.110 kl=0.0051
[upd  293 | steps  150016 | t   84.8s | sps  1768] ret_mean=0.000 ep_len=500.0 pi_loss=-0.006 v_loss=0.000 ent=1.020 kl=0.0113
[upd  294 | steps  150528 | t   85.0s | sps  1771] ret_mean=0.000 ep_len=500.0 pi_loss=-0.005 v_loss=0.000 ent=0.901 kl=0.0080
[upd  295 | steps  151040 | t   85.2s | sps  1773] ret_mean=0.000 ep_len=500.0 pi_loss=-0.006 v_loss=0.000 ent=1.232 kl=0.0058
[upd  296 | steps  151552 | t   85.3s | sps  1776] ret_mean=0.000 ep_len=500.0 pi_loss=-0.003 v_loss=0.273 ent=1.315 kl=-0.0012
[upd  297 | steps  152064 | t   85.5s | sps  1779] ret_mean=11.000 ep_len=500.0 pi_loss=-0.006 v_loss=0.042 ent=1.298 kl=0.0006
[upd  298 | steps  152576 | t   85.6s | sps  1782] ret_mean=4.500 ep_len=500.0 pi_loss=-0.007 v_loss=0.000 ent=1.023 kl=-0.0005
[upd  299 | steps  153088 | t   85.8s | sps  1784] ret_mean=0.000 ep_len=500.0 pi_loss=-0.007 v_loss=0.000 ent=0.921 kl=0.0074
[upd  300 | steps  153600 | t   85.9s | sps  1787] ret_mean=0.000 ep_len=500.0 pi_loss=-0.007 v_loss=0.000 ent=0.778 kl=0.0098
        [eval] ret_mean=0.000 ep_len=500.0
