$ /Users/samchen/Coding/CLASSES/CS2860/.venv/bin/python3 -m policies.train --env rware-tiny-4ag-v2 --seed 0 --updates 100 --rollout 256 --eval-every 10 --eval-episodes 3 --log-dir runs/exp_matrix --run-name mappo-no-comm__dropout-only__d0__s0 --n-msg-tokens 8 --no-comm --dropout --dropout-agent 0 --dropout-time 100

[env] EnvSpec(env_id='rware-tiny-4ag-v2', n_agents=4, obs_dim=71, n_env_actions=5, noop_action=0, family='rware')  (n_msg_tokens=1)
[cfg] {'clip_range': 0.2, 'value_clip_range': 0.2, 'entropy_coef': 0.01, 'value_coef': 0.5, 'max_grad_norm': 0.5, 'gamma': 0.99, 'gae_lambda': 0.95, 'lr_actor': 0.0003, 'lr_critic': 0.001, 'update_epochs': 4, 'minibatches': 4, 'hidden': 128, 'depth': 2, 'device': 'cpu', 'extra': {}}
[log] writing to runs/exp_matrix/mappo-no-comm__dropout-only__d0__s0
[upd    1 | steps     256 | t    0.1s | sps  2022] ret_mean=0.000 ep_len=0.0 pi_loss=-0.020 v_loss=0.055 ent=1.607 kl=0.0084
[upd    2 | steps     512 | t    0.2s | sps  2119] ret_mean=0.000 ep_len=500.0 pi_loss=-0.014 v_loss=0.004 ent=1.606 kl=0.0054
[upd    3 | steps     768 | t    0.4s | sps  2173] ret_mean=0.000 ep_len=0.0 pi_loss=-0.009 v_loss=0.006 ent=1.608 kl=0.0088
[upd    4 | steps    1024 | t    0.5s | sps  2206] ret_mean=0.000 ep_len=500.0 pi_loss=-0.006 v_loss=0.004 ent=1.604 kl=0.0005
[upd    5 | steps    1280 | t    0.6s | sps  2092] ret_mean=0.000 ep_len=0.0 pi_loss=-0.008 v_loss=0.003 ent=1.606 kl=0.0048
[upd    6 | steps    1536 | t    0.7s | sps  2118] ret_mean=0.000 ep_len=500.0 pi_loss=-0.004 v_loss=0.003 ent=1.601 kl=0.0009
[upd    7 | steps    1792 | t    0.8s | sps  2140] ret_mean=0.000 ep_len=0.0 pi_loss=-0.007 v_loss=0.003 ent=1.591 kl=-0.0022
[upd    8 | steps    2048 | t    0.9s | sps  2160] ret_mean=0.000 ep_len=500.0 pi_loss=-0.010 v_loss=0.012 ent=1.584 kl=0.0094
[upd    9 | steps    2304 | t    1.1s | sps  2175] ret_mean=0.000 ep_len=0.0 pi_loss=-0.012 v_loss=0.003 ent=1.597 kl=-0.0017
[upd   10 | steps    2560 | t    1.2s | sps  2180] ret_mean=1.000 ep_len=500.0 pi_loss=-0.013 v_loss=0.001 ent=1.598 kl=0.0028
        [eval] ret_mean=0.000 ep_len=500.0
[upd   11 | steps    2816 | t    1.7s | sps  1689] ret_mean=0.000 ep_len=0.0 pi_loss=-0.016 v_loss=0.001 ent=1.597 kl=0.0115
[upd   12 | steps    3072 | t    1.8s | sps  1728] ret_mean=0.000 ep_len=500.0 pi_loss=-0.008 v_loss=0.001 ent=1.584 kl=0.0075
[upd   13 | steps    3328 | t    1.9s | sps  1757] ret_mean=0.000 ep_len=0.0 pi_loss=-0.008 v_loss=0.002 ent=1.560 kl=-0.0022
[upd   14 | steps    3584 | t    2.0s | sps  1786] ret_mean=0.000 ep_len=500.0 pi_loss=-0.005 v_loss=0.001 ent=1.555 kl=0.0141
[upd   15 | steps    3840 | t    2.1s | sps  1809] ret_mean=0.000 ep_len=0.0 pi_loss=-0.019 v_loss=0.002 ent=1.579 kl=0.0014
[upd   16 | steps    4096 | t    2.2s | sps  1829] ret_mean=0.000 ep_len=500.0 pi_loss=-0.015 v_loss=0.001 ent=1.581 kl=0.0023
[upd   17 | steps    4352 | t    2.4s | sps  1849] ret_mean=0.000 ep_len=0.0 pi_loss=-0.005 v_loss=0.001 ent=1.594 kl=0.0000
[upd   18 | steps    4608 | t    2.5s | sps  1868] ret_mean=0.000 ep_len=500.0 pi_loss=-0.013 v_loss=0.001 ent=1.598 kl=0.0068
[upd   19 | steps    4864 | t    2.6s | sps  1886] ret_mean=0.000 ep_len=0.0 pi_loss=-0.010 v_loss=0.001 ent=1.582 kl=0.0013
[upd   20 | steps    5120 | t    2.7s | sps  1901] ret_mean=0.000 ep_len=500.0 pi_loss=-0.016 v_loss=0.000 ent=1.558 kl=-0.0001
        [eval] ret_mean=0.000 ep_len=500.0
[upd   21 | steps    5376 | t    3.2s | sps  1683] ret_mean=0.000 ep_len=0.0 pi_loss=-0.004 v_loss=0.001 ent=1.575 kl=0.0026
[upd   22 | steps    5632 | t    3.3s | sps  1703] ret_mean=0.000 ep_len=500.0 pi_loss=-0.016 v_loss=0.001 ent=1.550 kl=-0.0050
[upd   23 | steps    5888 | t    3.4s | sps  1722] ret_mean=0.000 ep_len=0.0 pi_loss=-0.020 v_loss=0.001 ent=1.549 kl=0.0191
[upd   24 | steps    6144 | t    3.5s | sps  1742] ret_mean=0.000 ep_len=500.0 pi_loss=-0.009 v_loss=0.000 ent=1.524 kl=-0.0038
[upd   25 | steps    6400 | t    3.6s | sps  1757] ret_mean=0.000 ep_len=0.0 pi_loss=-0.007 v_loss=0.001 ent=1.568 kl=0.0111
[upd   26 | steps    6656 | t    3.8s | sps  1770] ret_mean=0.000 ep_len=500.0 pi_loss=-0.016 v_loss=0.001 ent=1.571 kl=-0.0073
[upd   27 | steps    6912 | t    3.9s | sps  1779] ret_mean=0.000 ep_len=0.0 pi_loss=-0.004 v_loss=0.001 ent=1.564 kl=-0.0018
[upd   28 | steps    7168 | t    4.0s | sps  1784] ret_mean=0.000 ep_len=500.0 pi_loss=-0.014 v_loss=0.000 ent=1.570 kl=0.0145
[upd   29 | steps    7424 | t    4.1s | sps  1793] ret_mean=0.000 ep_len=0.0 pi_loss=-0.006 v_loss=0.000 ent=1.558 kl=0.0069
[upd   30 | steps    7680 | t    4.3s | sps  1803] ret_mean=0.000 ep_len=500.0 pi_loss=-0.006 v_loss=0.000 ent=1.519 kl=-0.0013
        [eval] ret_mean=0.000 ep_len=500.0
[upd   31 | steps    7936 | t    4.8s | sps  1664] ret_mean=0.000 ep_len=0.0 pi_loss=-0.011 v_loss=0.001 ent=1.553 kl=0.0067
[upd   32 | steps    8192 | t    4.9s | sps  1678] ret_mean=0.000 ep_len=500.0 pi_loss=-0.010 v_loss=0.000 ent=1.508 kl=0.0037
[upd   33 | steps    8448 | t    5.0s | sps  1691] ret_mean=0.000 ep_len=0.0 pi_loss=-0.008 v_loss=0.000 ent=1.510 kl=0.0018
[upd   34 | steps    8704 | t    5.1s | sps  1702] ret_mean=0.000 ep_len=500.0 pi_loss=-0.007 v_loss=0.000 ent=1.440 kl=0.0025
[upd   35 | steps    8960 | t    5.2s | sps  1713] ret_mean=0.000 ep_len=0.0 pi_loss=-0.010 v_loss=0.001 ent=1.592 kl=0.0025
[upd   36 | steps    9216 | t    5.3s | sps  1724] ret_mean=0.000 ep_len=500.0 pi_loss=-0.009 v_loss=0.000 ent=1.573 kl=0.0120
[upd   37 | steps    9472 | t    5.5s | sps  1734] ret_mean=0.000 ep_len=0.0 pi_loss=-0.007 v_loss=0.001 ent=1.575 kl=0.0004
[upd   38 | steps    9728 | t    5.6s | sps  1744] ret_mean=0.000 ep_len=500.0 pi_loss=-0.015 v_loss=0.000 ent=1.504 kl=0.0084
[upd   39 | steps    9984 | t    5.7s | sps  1756] ret_mean=0.000 ep_len=0.0 pi_loss=-0.006 v_loss=0.000 ent=1.516 kl=0.0013
[upd   40 | steps   10240 | t    5.8s | sps  1767] ret_mean=0.000 ep_len=500.0 pi_loss=-0.008 v_loss=0.000 ent=1.493 kl=0.0039
        [eval] ret_mean=0.000 ep_len=500.0
[upd   41 | steps   10496 | t    6.3s | sps  1667] ret_mean=0.000 ep_len=0.0 pi_loss=-0.007 v_loss=0.000 ent=1.525 kl=0.0061
[upd   42 | steps   10752 | t    6.4s | sps  1677] ret_mean=0.000 ep_len=500.0 pi_loss=-0.010 v_loss=0.000 ent=1.498 kl=0.0066
[upd   43 | steps   11008 | t    6.5s | sps  1688] ret_mean=0.000 ep_len=0.0 pi_loss=-0.008 v_loss=0.001 ent=1.446 kl=0.0021
[upd   44 | steps   11264 | t    6.6s | sps  1698] ret_mean=0.000 ep_len=500.0 pi_loss=-0.009 v_loss=0.000 ent=1.437 kl=0.0060
[upd   45 | steps   11520 | t    6.7s | sps  1707] ret_mean=0.000 ep_len=0.0 pi_loss=-0.015 v_loss=0.000 ent=1.473 kl=0.0098
[upd   46 | steps   11776 | t    6.9s | sps  1717] ret_mean=0.000 ep_len=500.0 pi_loss=-0.012 v_loss=0.000 ent=1.485 kl=0.0176
[upd   47 | steps   12032 | t    7.0s | sps  1723] ret_mean=0.000 ep_len=0.0 pi_loss=-0.007 v_loss=0.000 ent=1.439 kl=0.0053
[upd   48 | steps   12288 | t    7.1s | sps  1731] ret_mean=0.000 ep_len=500.0 pi_loss=-0.009 v_loss=0.000 ent=1.414 kl=0.0060
[upd   49 | steps   12544 | t    7.2s | sps  1739] ret_mean=0.000 ep_len=0.0 pi_loss=-0.009 v_loss=0.000 ent=1.406 kl=0.0020
[upd   50 | steps   12800 | t    7.3s | sps  1745] ret_mean=0.000 ep_len=500.0 pi_loss=-0.007 v_loss=0.000 ent=1.379 kl=-0.0057
        [eval] ret_mean=0.000 ep_len=500.0
[upd   51 | steps   13056 | t    7.9s | sps  1663] ret_mean=0.000 ep_len=0.0 pi_loss=-0.002 v_loss=0.000 ent=1.283 kl=-0.0111
[upd   52 | steps   13312 | t    8.0s | sps  1664] ret_mean=0.000 ep_len=500.0 pi_loss=-0.007 v_loss=0.000 ent=1.183 kl=0.0032
[upd   53 | steps   13568 | t    8.1s | sps  1667] ret_mean=0.000 ep_len=0.0 pi_loss=-0.016 v_loss=0.000 ent=1.339 kl=0.0071
[upd   54 | steps   13824 | t    8.3s | sps  1673] ret_mean=0.000 ep_len=500.0 pi_loss=-0.007 v_loss=0.000 ent=1.410 kl=0.0243
[upd   55 | steps   14080 | t    8.4s | sps  1680] ret_mean=0.000 ep_len=0.0 pi_loss=-0.021 v_loss=0.000 ent=1.403 kl=0.0333
[upd   56 | steps   14336 | t    8.5s | sps  1684] ret_mean=0.000 ep_len=500.0 pi_loss=-0.013 v_loss=0.000 ent=1.424 kl=0.0152
[upd   57 | steps   14592 | t    8.6s | sps  1691] ret_mean=0.000 ep_len=0.0 pi_loss=-0.008 v_loss=0.000 ent=1.412 kl=0.0066
[upd   58 | steps   14848 | t    8.8s | sps  1689] ret_mean=0.000 ep_len=500.0 pi_loss=-0.018 v_loss=0.000 ent=1.363 kl=0.0121
[upd   59 | steps   15104 | t    9.0s | sps  1675] ret_mean=0.000 ep_len=0.0 pi_loss=-0.011 v_loss=0.000 ent=1.339 kl=0.0139
[upd   60 | steps   15360 | t    9.1s | sps  1680] ret_mean=0.000 ep_len=500.0 pi_loss=-0.007 v_loss=0.000 ent=1.308 kl=0.0113
        [eval] ret_mean=0.000 ep_len=500.0
[upd   61 | steps   15616 | t    9.6s | sps  1619] ret_mean=0.000 ep_len=0.0 pi_loss=-0.006 v_loss=0.000 ent=1.318 kl=0.0035
[upd   62 | steps   15872 | t    9.8s | sps  1625] ret_mean=0.000 ep_len=500.0 pi_loss=-0.013 v_loss=0.000 ent=1.256 kl=0.0069
[upd   63 | steps   16128 | t    9.9s | sps  1628] ret_mean=0.000 ep_len=0.0 pi_loss=-0.009 v_loss=0.000 ent=1.271 kl=0.0009
[upd   64 | steps   16384 | t   10.0s | sps  1635] ret_mean=0.000 ep_len=500.0 pi_loss=-0.009 v_loss=0.000 ent=1.293 kl=0.0012
[upd   65 | steps   16640 | t   10.1s | sps  1643] ret_mean=0.000 ep_len=0.0 pi_loss=-0.017 v_loss=0.000 ent=1.349 kl=0.0083
[upd   66 | steps   16896 | t   10.2s | sps  1651] ret_mean=0.000 ep_len=500.0 pi_loss=-0.004 v_loss=0.000 ent=1.324 kl=0.0097
[upd   67 | steps   17152 | t   10.3s | sps  1659] ret_mean=0.000 ep_len=0.0 pi_loss=-0.008 v_loss=0.000 ent=1.347 kl=0.0039
[upd   68 | steps   17408 | t   10.4s | sps  1666] ret_mean=0.000 ep_len=500.0 pi_loss=-0.012 v_loss=0.000 ent=1.316 kl=0.0038
[upd   69 | steps   17664 | t   10.6s | sps  1673] ret_mean=0.000 ep_len=0.0 pi_loss=-0.011 v_loss=0.000 ent=1.365 kl=0.0079
[upd   70 | steps   17920 | t   10.7s | sps  1680] ret_mean=0.000 ep_len=500.0 pi_loss=-0.019 v_loss=0.000 ent=1.348 kl=-0.0034
        [eval] ret_mean=0.000 ep_len=500.0
[upd   71 | steps   18176 | t   11.2s | sps  1626] ret_mean=0.000 ep_len=0.0 pi_loss=-0.015 v_loss=0.000 ent=1.290 kl=0.0131
[upd   72 | steps   18432 | t   11.3s | sps  1633] ret_mean=0.000 ep_len=500.0 pi_loss=-0.008 v_loss=0.000 ent=1.335 kl=0.0043
[upd   73 | steps   18688 | t   11.4s | sps  1640] ret_mean=0.000 ep_len=0.0 pi_loss=-0.011 v_loss=0.000 ent=1.363 kl=-0.0017
[upd   74 | steps   18944 | t   11.5s | sps  1647] ret_mean=0.000 ep_len=500.0 pi_loss=-0.010 v_loss=0.000 ent=1.396 kl=0.0015
[upd   75 | steps   19200 | t   11.6s | sps  1653] ret_mean=0.000 ep_len=0.0 pi_loss=-0.017 v_loss=0.000 ent=1.394 kl=0.0089
[upd   76 | steps   19456 | t   11.7s | sps  1659] ret_mean=0.000 ep_len=500.0 pi_loss=-0.011 v_loss=0.000 ent=1.367 kl=0.0040
[upd   77 | steps   19712 | t   11.8s | sps  1664] ret_mean=0.000 ep_len=0.0 pi_loss=-0.016 v_loss=0.001 ent=1.356 kl=0.0114
[upd   78 | steps   19968 | t   12.0s | sps  1670] ret_mean=0.000 ep_len=500.0 pi_loss=-0.006 v_loss=0.000 ent=1.398 kl=0.0098
[upd   79 | steps   20224 | t   12.1s | sps  1676] ret_mean=0.000 ep_len=0.0 pi_loss=-0.011 v_loss=0.000 ent=1.375 kl=0.0107
[upd   80 | steps   20480 | t   12.2s | sps  1681] ret_mean=0.000 ep_len=500.0 pi_loss=-0.007 v_loss=0.000 ent=1.363 kl=-0.0019
        [eval] ret_mean=0.000 ep_len=500.0
[upd   81 | steps   20736 | t   12.7s | sps  1632] ret_mean=0.000 ep_len=0.0 pi_loss=-0.012 v_loss=0.000 ent=1.417 kl=-0.0039
[upd   82 | steps   20992 | t   12.8s | sps  1637] ret_mean=0.000 ep_len=500.0 pi_loss=-0.007 v_loss=0.000 ent=1.389 kl=0.0054
[upd   83 | steps   21248 | t   12.9s | sps  1641] ret_mean=0.000 ep_len=0.0 pi_loss=-0.007 v_loss=0.000 ent=1.396 kl=0.0043
[upd   84 | steps   21504 | t   13.1s | sps  1646] ret_mean=0.000 ep_len=500.0 pi_loss=-0.007 v_loss=0.000 ent=1.354 kl=0.0055
[upd   85 | steps   21760 | t   13.2s | sps  1651] ret_mean=0.000 ep_len=0.0 pi_loss=-0.012 v_loss=0.000 ent=1.261 kl=-0.0030
[upd   86 | steps   22016 | t   13.3s | sps  1656] ret_mean=0.000 ep_len=500.0 pi_loss=-0.011 v_loss=0.000 ent=1.221 kl=0.0103
[upd   87 | steps   22272 | t   13.4s | sps  1661] ret_mean=0.000 ep_len=0.0 pi_loss=-0.010 v_loss=0.000 ent=1.221 kl=0.0023
[upd   88 | steps   22528 | t   13.5s | sps  1666] ret_mean=0.000 ep_len=500.0 pi_loss=-0.006 v_loss=0.000 ent=1.252 kl=0.0007
[upd   89 | steps   22784 | t   13.6s | sps  1671] ret_mean=0.000 ep_len=0.0 pi_loss=-0.008 v_loss=0.000 ent=1.272 kl=0.0040
[upd   90 | steps   23040 | t   13.8s | sps  1675] ret_mean=0.000 ep_len=500.0 pi_loss=-0.012 v_loss=0.000 ent=1.257 kl=0.0116
        [eval] ret_mean=0.000 ep_len=500.0
[upd   91 | steps   23296 | t   14.3s | sps  1628] ret_mean=0.000 ep_len=0.0 pi_loss=-0.015 v_loss=0.000 ent=1.315 kl=0.0113
[upd   92 | steps   23552 | t   14.4s | sps  1633] ret_mean=0.000 ep_len=500.0 pi_loss=-0.016 v_loss=0.000 ent=1.337 kl=0.0139
[upd   93 | steps   23808 | t   14.5s | sps  1638] ret_mean=0.000 ep_len=0.0 pi_loss=-0.006 v_loss=0.000 ent=1.404 kl=0.0039
[upd   94 | steps   24064 | t   14.7s | sps  1643] ret_mean=0.000 ep_len=500.0 pi_loss=-0.005 v_loss=0.000 ent=1.407 kl=0.0115
[upd   95 | steps   24320 | t   14.8s | sps  1647] ret_mean=0.000 ep_len=0.0 pi_loss=-0.007 v_loss=0.000 ent=1.340 kl=0.0035
[upd   96 | steps   24576 | t   14.9s | sps  1650] ret_mean=0.000 ep_len=500.0 pi_loss=-0.008 v_loss=0.000 ent=1.331 kl=0.0038
[upd   97 | steps   24832 | t   15.0s | sps  1655] ret_mean=0.000 ep_len=0.0 pi_loss=-0.012 v_loss=0.000 ent=1.328 kl=0.0165
[upd   98 | steps   25088 | t   15.1s | sps  1659] ret_mean=0.000 ep_len=500.0 pi_loss=-0.001 v_loss=0.000 ent=1.309 kl=-0.0011
[upd   99 | steps   25344 | t   15.2s | sps  1663] ret_mean=0.000 ep_len=0.0 pi_loss=-0.005 v_loss=0.000 ent=1.277 kl=0.0027
[upd  100 | steps   25600 | t   15.4s | sps  1667] ret_mean=0.000 ep_len=500.0 pi_loss=-0.007 v_loss=0.000 ent=1.340 kl=0.0096
        [eval] ret_mean=0.000 ep_len=500.0
