$ /Users/praneelkhiantani/Downloads/cs2860/.venv/bin/python3 -m policies.train --env rware-medium-2ag-easy-v2 --seed 3 --updates 200 --rollout 512 --eval-every 50 --eval-episodes 10 --log-dir matrix_results/intent_grounded_v1_pilot/rware-medium-2ag-easy-v2 --run-name mappo-intent-aux__dropout-only__d0__s3 --n-msg-tokens 8 --message-grounding rware-intent --message-grounding-coef 0.2 --dropout --dropout-agent 0 --dropout-time 100 --shape-rewards --pickup-bonus 0.5

[env] EnvSpec(env_id='rware-medium-2ag-easy-v2', n_agents=2, obs_dim=71, n_env_actions=5, noop_action=0, family='rware')  (n_msg_tokens=8)
[cfg] {'clip_range': 0.2, 'value_clip_range': 0.2, 'entropy_coef': 0.01, 'value_coef': 0.5, 'max_grad_norm': 0.5, 'gamma': 0.99, 'gae_lambda': 0.95, 'lr_actor': 0.0003, 'lr_critic': 0.001, 'update_epochs': 4, 'minibatches': 4, 'hidden': 128, 'depth': 2, 'device': 'cpu', 'message_grounding_coef': 0.2, 'extra': {}}
[log] writing to matrix_results/intent_grounded_v1_pilot/rware-medium-2ag-easy-v2/mappo-intent-aux__dropout-only__d0__s3
[upd    1 | steps     512 | t    1.0s | sps   490] ret_mean=0.000 ep_len=500.0 pi_loss=-0.007 v_loss=0.066 ent=3.650 msg_acc=0.683 kl=0.0462
[upd    2 | steps    1024 | t    1.9s | sps   552] ret_mean=0.000 ep_len=500.0 pi_loss=0.003 v_loss=0.013 ent=3.436 msg_acc=0.779 kl=0.0431
[upd    3 | steps    1536 | t    2.5s | sps   616] ret_mean=0.000 ep_len=500.0 pi_loss=-0.002 v_loss=0.010 ent=3.546 msg_acc=0.671 kl=0.0100
[upd    4 | steps    2048 | t    3.2s | sps   646] ret_mean=0.000 ep_len=500.0 pi_loss=0.005 v_loss=0.007 ent=3.368 msg_acc=0.699 kl=0.0033
[upd    5 | steps    2560 | t    3.9s | sps   657] ret_mean=1.500 ep_len=500.0 pi_loss=0.002 v_loss=0.029 ent=3.231 msg_acc=0.600 kl=0.0092
[upd    6 | steps    3072 | t    4.5s | sps   681] ret_mean=0.000 ep_len=500.0 pi_loss=0.003 v_loss=0.004 ent=3.348 msg_acc=0.799 kl=0.0127
[upd    7 | steps    3584 | t    5.2s | sps   695] ret_mean=0.000 ep_len=500.0 pi_loss=-0.008 v_loss=0.008 ent=3.207 msg_acc=0.795 kl=0.0188
[upd    8 | steps    4096 | t    6.0s | sps   686] ret_mean=0.500 ep_len=500.0 pi_loss=0.003 v_loss=0.006 ent=2.892 msg_acc=0.785 kl=0.0069
[upd    9 | steps    4608 | t    6.7s | sps   689] ret_mean=0.000 ep_len=500.0 pi_loss=-0.009 v_loss=0.003 ent=2.996 msg_acc=0.817 kl=0.0126
[upd   10 | steps    5120 | t    7.3s | sps   698] ret_mean=0.000 ep_len=500.0 pi_loss=-0.000 v_loss=0.004 ent=2.854 msg_acc=0.710 kl=0.0050
[upd   11 | steps    5632 | t    8.0s | sps   708] ret_mean=3.000 ep_len=500.0 pi_loss=0.002 v_loss=0.035 ent=2.776 msg_acc=0.573 kl=0.0185
[upd   12 | steps    6144 | t    8.6s | sps   717] ret_mean=0.000 ep_len=500.0 pi_loss=-0.001 v_loss=0.004 ent=3.019 msg_acc=0.558 kl=0.0064
[upd   13 | steps    6656 | t    9.2s | sps   724] ret_mean=0.500 ep_len=500.0 pi_loss=-0.011 v_loss=0.011 ent=2.977 msg_acc=0.479 kl=0.0113
[upd   14 | steps    7168 | t    9.8s | sps   731] ret_mean=1.500 ep_len=500.0 pi_loss=-0.011 v_loss=0.002 ent=2.764 msg_acc=0.888 kl=0.0138
[upd   15 | steps    7680 | t   10.6s | sps   724] ret_mean=0.000 ep_len=500.0 pi_loss=-0.005 v_loss=0.001 ent=2.871 msg_acc=0.614 kl=0.0084
[upd   16 | steps    8192 | t   11.3s | sps   727] ret_mean=0.000 ep_len=500.0 pi_loss=-0.004 v_loss=0.022 ent=2.871 msg_acc=0.513 kl=0.0154
[upd   17 | steps    8704 | t   12.2s | sps   711] ret_mean=4.000 ep_len=500.0 pi_loss=-0.002 v_loss=0.003 ent=3.036 msg_acc=0.308 kl=0.0262
[upd   18 | steps    9216 | t   12.9s | sps   714] ret_mean=0.000 ep_len=500.0 pi_loss=0.004 v_loss=0.002 ent=3.053 msg_acc=0.345 kl=0.0381
[upd   19 | steps    9728 | t   13.5s | sps   720] ret_mean=0.000 ep_len=500.0 pi_loss=-0.001 v_loss=0.001 ent=2.895 msg_acc=0.563 kl=0.0146
[upd   20 | steps   10240 | t   14.1s | sps   726] ret_mean=0.000 ep_len=500.0 pi_loss=-0.009 v_loss=0.001 ent=2.967 msg_acc=0.515 kl=0.0140
[upd   21 | steps   10752 | t   14.7s | sps   730] ret_mean=0.000 ep_len=500.0 pi_loss=-0.008 v_loss=0.050 ent=2.709 msg_acc=0.566 kl=0.0056
[upd   22 | steps   11264 | t   15.3s | sps   734] ret_mean=7.000 ep_len=500.0 pi_loss=-0.005 v_loss=0.004 ent=2.883 msg_acc=0.405 kl=0.0407
[upd   23 | steps   11776 | t   15.9s | sps   739] ret_mean=0.000 ep_len=500.0 pi_loss=-0.007 v_loss=0.021 ent=2.534 msg_acc=0.900 kl=0.0813
[upd   24 | steps   12288 | t   16.6s | sps   742] ret_mean=2.500 ep_len=500.0 pi_loss=-0.012 v_loss=0.005 ent=2.557 msg_acc=0.775 kl=0.0165
[upd   25 | steps   12800 | t   17.4s | sps   734] ret_mean=0.000 ep_len=500.0 pi_loss=-0.000 v_loss=0.001 ent=2.546 msg_acc=0.529 kl=0.0152
[upd   26 | steps   13312 | t   18.1s | sps   737] ret_mean=0.000 ep_len=500.0 pi_loss=0.008 v_loss=0.001 ent=2.741 msg_acc=0.216 kl=0.0464
[upd   27 | steps   13824 | t   18.7s | sps   738] ret_mean=0.000 ep_len=500.0 pi_loss=0.005 v_loss=0.001 ent=2.419 msg_acc=0.669 kl=0.0294
[upd   28 | steps   14336 | t   19.4s | sps   741] ret_mean=0.000 ep_len=500.0 pi_loss=-0.005 v_loss=0.002 ent=2.499 msg_acc=0.517 kl=0.0140
[upd   29 | steps   14848 | t   20.0s | sps   744] ret_mean=0.000 ep_len=500.0 pi_loss=-0.009 v_loss=0.001 ent=2.633 msg_acc=0.465 kl=0.0118
[upd   30 | steps   15360 | t   20.6s | sps   747] ret_mean=0.000 ep_len=500.0 pi_loss=0.008 v_loss=0.000 ent=2.488 msg_acc=0.938 kl=0.0184
[upd   31 | steps   15872 | t   21.2s | sps   749] ret_mean=0.000 ep_len=500.0 pi_loss=0.007 v_loss=0.000 ent=2.651 msg_acc=0.449 kl=0.0115
[upd   32 | steps   16384 | t   21.8s | sps   751] ret_mean=0.000 ep_len=500.0 pi_loss=-0.005 v_loss=0.000 ent=2.917 msg_acc=0.429 kl=0.0278
[upd   33 | steps   16896 | t   22.4s | sps   754] ret_mean=0.000 ep_len=500.0 pi_loss=0.005 v_loss=0.000 ent=2.862 msg_acc=0.518 kl=0.0051
[upd   34 | steps   17408 | t   23.0s | sps   757] ret_mean=0.000 ep_len=500.0 pi_loss=-0.013 v_loss=0.001 ent=2.533 msg_acc=0.635 kl=0.0066
[upd   35 | steps   17920 | t   23.6s | sps   758] ret_mean=0.000 ep_len=500.0 pi_loss=0.005 v_loss=0.000 ent=2.906 msg_acc=0.514 kl=0.0294
[upd   36 | steps   18432 | t   24.3s | sps   759] ret_mean=0.000 ep_len=500.0 pi_loss=0.001 v_loss=0.001 ent=2.212 msg_acc=0.677 kl=0.0016
[upd   37 | steps   18944 | t   25.0s | sps   758] ret_mean=0.000 ep_len=500.0 pi_loss=0.006 v_loss=0.049 ent=2.890 msg_acc=0.504 kl=0.0497
[upd   38 | steps   19456 | t   25.8s | sps   755] ret_mean=4.500 ep_len=500.0 pi_loss=-0.002 v_loss=0.000 ent=2.604 msg_acc=0.531 kl=0.0061
[upd   39 | steps   19968 | t   26.4s | sps   757] ret_mean=0.000 ep_len=500.0 pi_loss=-0.002 v_loss=0.001 ent=2.677 msg_acc=0.420 kl=0.0183
[upd   40 | steps   20480 | t   27.5s | sps   746] ret_mean=0.000 ep_len=500.0 pi_loss=0.010 v_loss=0.000 ent=2.722 msg_acc=0.390 kl=0.0306
[upd   41 | steps   20992 | t   28.5s | sps   738] ret_mean=0.000 ep_len=500.0 pi_loss=-0.008 v_loss=0.052 ent=2.290 msg_acc=0.817 kl=0.0118
[upd   42 | steps   21504 | t   29.8s | sps   722] ret_mean=3.000 ep_len=500.0 pi_loss=-0.006 v_loss=0.008 ent=2.800 msg_acc=0.484 kl=0.0236
[upd   43 | steps   22016 | t   30.4s | sps   723] ret_mean=0.500 ep_len=500.0 pi_loss=-0.014 v_loss=0.002 ent=1.838 msg_acc=0.782 kl=0.0072
[upd   44 | steps   22528 | t   31.1s | sps   725] ret_mean=0.000 ep_len=500.0 pi_loss=-0.002 v_loss=0.001 ent=2.583 msg_acc=0.847 kl=0.0128
[upd   45 | steps   23040 | t   33.3s | sps   693] ret_mean=0.000 ep_len=500.0 pi_loss=-0.005 v_loss=0.002 ent=2.680 msg_acc=0.843 kl=0.0230
[upd   46 | steps   23552 | t   34.4s | sps   684] ret_mean=0.000 ep_len=500.0 pi_loss=-0.009 v_loss=0.001 ent=2.211 msg_acc=0.763 kl=0.0152
[upd   47 | steps   24064 | t   35.5s | sps   677] ret_mean=0.000 ep_len=500.0 pi_loss=-0.009 v_loss=0.001 ent=2.280 msg_acc=0.623 kl=0.0024
[upd   48 | steps   24576 | t   37.5s | sps   656] ret_mean=0.000 ep_len=500.0 pi_loss=-0.015 v_loss=0.001 ent=2.201 msg_acc=0.810 kl=0.0061
[upd   49 | steps   25088 | t   38.7s | sps   649] ret_mean=0.000 ep_len=500.0 pi_loss=0.000 v_loss=0.001 ent=2.083 msg_acc=0.688 kl=0.0261
[upd   50 | steps   25600 | t   39.3s | sps   651] ret_mean=0.000 ep_len=500.0 pi_loss=-0.009 v_loss=0.003 ent=1.991 msg_acc=0.864 kl=0.0248
        [eval] ret_mean=0.000 ep_len=500.0
[upd   51 | steps   26112 | t   45.1s | sps   579] ret_mean=0.500 ep_len=500.0 pi_loss=-0.007 v_loss=0.001 ent=2.293 msg_acc=0.802 kl=-0.0001
[upd   52 | steps   26624 | t   45.7s | sps   582] ret_mean=0.000 ep_len=500.0 pi_loss=-0.009 v_loss=0.001 ent=2.258 msg_acc=0.611 kl=0.0065
[upd   53 | steps   27136 | t   46.7s | sps   581] ret_mean=0.000 ep_len=500.0 pi_loss=0.010 v_loss=0.001 ent=2.664 msg_acc=0.556 kl=0.0111
[upd   54 | steps   27648 | t   47.4s | sps   583] ret_mean=0.000 ep_len=500.0 pi_loss=0.011 v_loss=0.000 ent=2.816 msg_acc=0.442 kl=0.0202
[upd   55 | steps   28160 | t   48.1s | sps   585] ret_mean=0.000 ep_len=500.0 pi_loss=0.014 v_loss=0.000 ent=2.936 msg_acc=0.574 kl=0.0169
[upd   56 | steps   28672 | t   49.0s | sps   586] ret_mean=0.000 ep_len=500.0 pi_loss=0.000 v_loss=0.000 ent=2.703 msg_acc=0.442 kl=0.0196
[upd   57 | steps   29184 | t   49.6s | sps   588] ret_mean=1.000 ep_len=500.0 pi_loss=0.003 v_loss=0.006 ent=2.585 msg_acc=0.707 kl=0.0070
[upd   58 | steps   29696 | t   50.2s | sps   591] ret_mean=0.000 ep_len=500.0 pi_loss=-0.006 v_loss=0.001 ent=2.378 msg_acc=0.809 kl=0.0099
[upd   59 | steps   30208 | t   51.0s | sps   593] ret_mean=0.000 ep_len=500.0 pi_loss=0.002 v_loss=0.001 ent=2.690 msg_acc=0.504 kl=0.0047
[upd   60 | steps   30720 | t   52.0s | sps   590] ret_mean=0.000 ep_len=500.0 pi_loss=-0.013 v_loss=0.000 ent=1.808 msg_acc=0.902 kl=0.0039
[upd   61 | steps   31232 | t   53.5s | sps   584] ret_mean=0.000 ep_len=500.0 pi_loss=-0.011 v_loss=0.000 ent=2.285 msg_acc=0.505 kl=-0.0005
[upd   62 | steps   31744 | t   54.8s | sps   579] ret_mean=0.000 ep_len=500.0 pi_loss=-0.008 v_loss=0.000 ent=2.110 msg_acc=0.858 kl=0.0094
[upd   63 | steps   32256 | t   56.1s | sps   575] ret_mean=4.000 ep_len=500.0 pi_loss=-0.010 v_loss=0.058 ent=2.424 msg_acc=0.530 kl=0.0041
[upd   64 | steps   32768 | t   57.0s | sps   574] ret_mean=0.000 ep_len=500.0 pi_loss=-0.008 v_loss=0.001 ent=2.469 msg_acc=0.622 kl=0.0044
[upd   65 | steps   33280 | t   57.7s | sps   577] ret_mean=0.000 ep_len=500.0 pi_loss=-0.003 v_loss=0.000 ent=1.943 msg_acc=0.858 kl=0.0122
[upd   66 | steps   33792 | t   58.4s | sps   579] ret_mean=0.000 ep_len=500.0 pi_loss=-0.003 v_loss=0.000 ent=1.525 msg_acc=0.916 kl=0.0040
[upd   67 | steps   34304 | t   59.1s | sps   581] ret_mean=0.000 ep_len=500.0 pi_loss=-0.013 v_loss=0.000 ent=1.635 msg_acc=0.769 kl=0.0166
[upd   68 | steps   34816 | t   60.0s | sps   581] ret_mean=0.000 ep_len=500.0 pi_loss=0.002 v_loss=0.000 ent=1.698 msg_acc=0.897 kl=0.0251
[upd   69 | steps   35328 | t   60.7s | sps   582] ret_mean=0.000 ep_len=500.0 pi_loss=-0.012 v_loss=0.000 ent=1.999 msg_acc=0.501 kl=0.0307
[upd   70 | steps   35840 | t   61.9s | sps   579] ret_mean=0.000 ep_len=500.0 pi_loss=0.006 v_loss=0.001 ent=2.836 msg_acc=0.328 kl=0.0263
[upd   71 | steps   36352 | t   63.0s | sps   577] ret_mean=0.000 ep_len=500.0 pi_loss=-0.001 v_loss=0.010 ent=2.638 msg_acc=0.572 kl=0.0124
[upd   72 | steps   36864 | t   63.8s | sps   578] ret_mean=2.500 ep_len=500.0 pi_loss=-0.004 v_loss=0.008 ent=2.383 msg_acc=0.629 kl=0.0049
[upd   73 | steps   37376 | t   64.5s | sps   579] ret_mean=0.000 ep_len=500.0 pi_loss=-0.005 v_loss=0.001 ent=2.484 msg_acc=0.611 kl=0.0088
[upd   74 | steps   37888 | t   65.4s | sps   579] ret_mean=0.000 ep_len=500.0 pi_loss=-0.007 v_loss=0.001 ent=1.601 msg_acc=0.913 kl=0.0044
[upd   75 | steps   38400 | t   66.3s | sps   579] ret_mean=0.000 ep_len=500.0 pi_loss=-0.002 v_loss=0.002 ent=1.820 msg_acc=0.893 kl=0.0078
[upd   76 | steps   38912 | t   67.1s | sps   580] ret_mean=0.500 ep_len=500.0 pi_loss=-0.007 v_loss=0.001 ent=1.446 msg_acc=0.917 kl=0.0106
[upd   77 | steps   39424 | t   68.2s | sps   578] ret_mean=0.000 ep_len=500.0 pi_loss=-0.004 v_loss=0.000 ent=2.007 msg_acc=0.598 kl=0.0084
[upd   78 | steps   39936 | t   69.1s | sps   578] ret_mean=0.000 ep_len=500.0 pi_loss=-0.004 v_loss=0.001 ent=1.797 msg_acc=0.651 kl=0.0077
[upd   79 | steps   40448 | t   69.9s | sps   579] ret_mean=0.000 ep_len=500.0 pi_loss=-0.010 v_loss=0.000 ent=2.078 msg_acc=0.656 kl=0.0018
[upd   80 | steps   40960 | t   70.8s | sps   579] ret_mean=0.000 ep_len=500.0 pi_loss=-0.005 v_loss=0.001 ent=2.347 msg_acc=0.699 kl=0.0105
[upd   81 | steps   41472 | t   72.0s | sps   576] ret_mean=0.000 ep_len=500.0 pi_loss=-0.011 v_loss=0.001 ent=2.061 msg_acc=0.769 kl=0.0170
[upd   82 | steps   41984 | t   73.3s | sps   573] ret_mean=0.000 ep_len=500.0 pi_loss=-0.005 v_loss=0.001 ent=2.477 msg_acc=0.666 kl=0.0114
[upd   83 | steps   42496 | t   74.1s | sps   574] ret_mean=0.000 ep_len=500.0 pi_loss=-0.014 v_loss=0.006 ent=1.889 msg_acc=0.823 kl=0.0006
[upd   84 | steps   43008 | t   74.7s | sps   575] ret_mean=1.000 ep_len=500.0 pi_loss=0.001 v_loss=0.001 ent=1.933 msg_acc=0.672 kl=0.0130
[upd   85 | steps   43520 | t   75.4s | sps   577] ret_mean=0.000 ep_len=500.0 pi_loss=-0.009 v_loss=0.000 ent=1.645 msg_acc=0.831 kl=0.0081
[upd   86 | steps   44032 | t   76.1s | sps   578] ret_mean=0.000 ep_len=500.0 pi_loss=-0.002 v_loss=0.000 ent=2.681 msg_acc=0.731 kl=0.0189
[upd   87 | steps   44544 | t   76.8s | sps   580] ret_mean=0.000 ep_len=500.0 pi_loss=0.000 v_loss=0.000 ent=2.554 msg_acc=0.495 kl=0.0198
[upd   88 | steps   45056 | t   77.8s | sps   579] ret_mean=0.000 ep_len=500.0 pi_loss=-0.010 v_loss=0.001 ent=2.024 msg_acc=0.590 kl=0.0217
[upd   89 | steps   45568 | t   78.9s | sps   578] ret_mean=0.000 ep_len=500.0 pi_loss=-0.007 v_loss=0.000 ent=1.791 msg_acc=0.787 kl=0.0137
[upd   90 | steps   46080 | t   79.5s | sps   579] ret_mean=0.000 ep_len=500.0 pi_loss=-0.005 v_loss=0.000 ent=2.023 msg_acc=0.844 kl=0.0192
[upd   91 | steps   46592 | t   80.4s | sps   580] ret_mean=0.000 ep_len=500.0 pi_loss=-0.012 v_loss=0.000 ent=1.697 msg_acc=0.977 kl=0.0076
[upd   92 | steps   47104 | t   81.1s | sps   581] ret_mean=0.000 ep_len=500.0 pi_loss=-0.005 v_loss=0.001 ent=2.429 msg_acc=0.621 kl=0.0058
[upd   93 | steps   47616 | t   82.0s | sps   581] ret_mean=0.000 ep_len=500.0 pi_loss=-0.009 v_loss=0.000 ent=1.488 msg_acc=0.883 kl=0.0120
[upd   94 | steps   48128 | t   82.6s | sps   582] ret_mean=0.000 ep_len=500.0 pi_loss=-0.012 v_loss=0.000 ent=1.692 msg_acc=0.827 kl=0.0108
[upd   95 | steps   48640 | t   83.3s | sps   584] ret_mean=0.000 ep_len=500.0 pi_loss=-0.010 v_loss=0.000 ent=1.839 msg_acc=0.628 kl=0.0052
[upd   96 | steps   49152 | t   83.9s | sps   585] ret_mean=0.000 ep_len=500.0 pi_loss=-0.003 v_loss=0.000 ent=2.114 msg_acc=0.575 kl=0.0188
[upd   97 | steps   49664 | t   84.6s | sps   587] ret_mean=0.000 ep_len=500.0 pi_loss=-0.003 v_loss=0.000 ent=2.163 msg_acc=0.630 kl=0.0109
[upd   98 | steps   50176 | t   85.2s | sps   589] ret_mean=0.500 ep_len=500.0 pi_loss=-0.010 v_loss=0.003 ent=1.730 msg_acc=0.842 kl=0.0201
[upd   99 | steps   50688 | t   85.9s | sps   590] ret_mean=0.000 ep_len=500.0 pi_loss=-0.001 v_loss=0.000 ent=2.597 msg_acc=0.513 kl=0.0211
[upd  100 | steps   51200 | t   86.5s | sps   592] ret_mean=0.000 ep_len=500.0 pi_loss=-0.004 v_loss=0.002 ent=1.750 msg_acc=0.848 kl=0.0183
        [eval] ret_mean=0.000 ep_len=500.0
[upd  101 | steps   51712 | t   92.8s | sps   557] ret_mean=0.000 ep_len=500.0 pi_loss=-0.006 v_loss=0.000 ent=2.308 msg_acc=0.561 kl=0.0070
[upd  102 | steps   52224 | t   93.6s | sps   558] ret_mean=0.000 ep_len=500.0 pi_loss=0.015 v_loss=0.001 ent=2.800 msg_acc=0.641 kl=0.0243
[upd  103 | steps   52736 | t   94.4s | sps   559] ret_mean=0.000 ep_len=500.0 pi_loss=-0.007 v_loss=0.036 ent=1.861 msg_acc=0.869 kl=0.0141
[upd  104 | steps   53248 | t   95.1s | sps   560] ret_mean=5.500 ep_len=500.0 pi_loss=-0.010 v_loss=0.018 ent=2.057 msg_acc=0.871 kl=0.0075
[upd  105 | steps   53760 | t   96.0s | sps   560] ret_mean=0.000 ep_len=500.0 pi_loss=-0.012 v_loss=0.004 ent=1.907 msg_acc=0.801 kl=0.0080
[upd  106 | steps   54272 | t   96.8s | sps   560] ret_mean=6.500 ep_len=500.0 pi_loss=0.020 v_loss=0.067 ent=2.567 msg_acc=0.219 kl=0.0608
[upd  107 | steps   54784 | t   97.6s | sps   561] ret_mean=0.000 ep_len=500.0 pi_loss=-0.011 v_loss=0.004 ent=2.966 msg_acc=0.253 kl=-0.0005
[upd  108 | steps   55296 | t   98.2s | sps   563] ret_mean=0.000 ep_len=500.0 pi_loss=0.006 v_loss=0.003 ent=2.672 msg_acc=0.620 kl=0.0139
[upd  109 | steps   55808 | t   98.9s | sps   564] ret_mean=0.000 ep_len=500.0 pi_loss=-0.013 v_loss=0.001 ent=2.415 msg_acc=0.730 kl=0.0282
[upd  110 | steps   56320 | t   99.5s | sps   566] ret_mean=0.000 ep_len=500.0 pi_loss=-0.015 v_loss=0.001 ent=2.496 msg_acc=0.481 kl=0.0121
[upd  111 | steps   56832 | t  100.3s | sps   567] ret_mean=0.000 ep_len=500.0 pi_loss=0.000 v_loss=0.001 ent=2.287 msg_acc=0.636 kl=0.0067
[upd  112 | steps   57344 | t  101.0s | sps   568] ret_mean=0.000 ep_len=500.0 pi_loss=-0.008 v_loss=0.000 ent=1.606 msg_acc=0.860 kl=0.0051
[upd  113 | steps   57856 | t  101.7s | sps   569] ret_mean=0.000 ep_len=500.0 pi_loss=-0.006 v_loss=0.000 ent=2.291 msg_acc=0.572 kl=0.0119
[upd  114 | steps   58368 | t  102.5s | sps   570] ret_mean=0.000 ep_len=500.0 pi_loss=-0.009 v_loss=0.000 ent=2.156 msg_acc=0.915 kl=0.0116
[upd  115 | steps   58880 | t  103.2s | sps   571] ret_mean=0.000 ep_len=500.0 pi_loss=-0.004 v_loss=0.000 ent=2.041 msg_acc=0.824 kl=0.0107
[upd  116 | steps   59392 | t  104.2s | sps   570] ret_mean=0.000 ep_len=500.0 pi_loss=-0.008 v_loss=0.000 ent=1.936 msg_acc=0.900 kl=0.0148
[upd  117 | steps   59904 | t  104.9s | sps   571] ret_mean=0.000 ep_len=500.0 pi_loss=-0.006 v_loss=0.001 ent=1.708 msg_acc=0.954 kl=0.0323
[upd  118 | steps   60416 | t  105.8s | sps   571] ret_mean=0.000 ep_len=500.0 pi_loss=-0.004 v_loss=0.000 ent=1.880 msg_acc=0.632 kl=0.0083
[upd  119 | steps   60928 | t  107.1s | sps   569] ret_mean=0.000 ep_len=500.0 pi_loss=-0.017 v_loss=0.000 ent=2.030 msg_acc=0.641 kl=0.0050
[upd  120 | steps   61440 | t  108.8s | sps   565] ret_mean=0.000 ep_len=500.0 pi_loss=-0.007 v_loss=0.000 ent=2.060 msg_acc=0.847 kl=0.0098
[upd  121 | steps   61952 | t  110.5s | sps   561] ret_mean=0.000 ep_len=500.0 pi_loss=-0.010 v_loss=0.000 ent=1.906 msg_acc=0.826 kl=0.0089
[upd  122 | steps   62464 | t  111.9s | sps   558] ret_mean=0.000 ep_len=500.0 pi_loss=-0.010 v_loss=0.000 ent=1.737 msg_acc=0.875 kl=0.0195
[upd  123 | steps   62976 | t  112.6s | sps   559] ret_mean=0.000 ep_len=500.0 pi_loss=-0.011 v_loss=0.000 ent=1.635 msg_acc=0.977 kl=0.0058
[upd  124 | steps   63488 | t  113.2s | sps   561] ret_mean=0.000 ep_len=500.0 pi_loss=-0.005 v_loss=0.000 ent=1.743 msg_acc=0.950 kl=0.0030
[upd  125 | steps   64000 | t  113.9s | sps   562] ret_mean=0.000 ep_len=500.0 pi_loss=-0.009 v_loss=0.000 ent=1.773 msg_acc=0.879 kl=0.0003
[upd  126 | steps   64512 | t  115.9s | sps   557] ret_mean=0.000 ep_len=500.0 pi_loss=-0.003 v_loss=0.001 ent=1.784 msg_acc=0.712 kl=0.0198
[upd  127 | steps   65024 | t  116.9s | sps   556] ret_mean=0.000 ep_len=500.0 pi_loss=-0.010 v_loss=0.000 ent=1.662 msg_acc=0.913 kl=0.0025
[upd  128 | steps   65536 | t  117.7s | sps   557] ret_mean=0.000 ep_len=500.0 pi_loss=-0.008 v_loss=0.000 ent=1.816 msg_acc=0.741 kl=0.0068
[upd  129 | steps   66048 | t  118.4s | sps   558] ret_mean=0.000 ep_len=500.0 pi_loss=-0.002 v_loss=0.000 ent=1.940 msg_acc=0.775 kl=0.0050
[upd  130 | steps   66560 | t  119.1s | sps   559] ret_mean=0.000 ep_len=500.0 pi_loss=-0.007 v_loss=0.000 ent=2.009 msg_acc=0.775 kl=0.0155
[upd  131 | steps   67072 | t  119.8s | sps   560] ret_mean=0.000 ep_len=500.0 pi_loss=-0.009 v_loss=0.000 ent=1.682 msg_acc=0.906 kl=0.0105
[upd  132 | steps   67584 | t  120.8s | sps   559] ret_mean=0.000 ep_len=500.0 pi_loss=0.001 v_loss=0.000 ent=2.035 msg_acc=0.576 kl=0.0110
[upd  133 | steps   68096 | t  121.6s | sps   560] ret_mean=0.000 ep_len=500.0 pi_loss=-0.013 v_loss=0.001 ent=1.795 msg_acc=0.833 kl=0.0147
[upd  134 | steps   68608 | t  122.4s | sps   561] ret_mean=0.000 ep_len=500.0 pi_loss=-0.004 v_loss=0.000 ent=2.282 msg_acc=0.543 kl=0.0030
[upd  135 | steps   69120 | t  123.1s | sps   561] ret_mean=0.000 ep_len=500.0 pi_loss=-0.004 v_loss=0.000 ent=1.774 msg_acc=0.902 kl=0.0091
[upd  136 | steps   69632 | t  124.0s | sps   561] ret_mean=0.000 ep_len=500.0 pi_loss=-0.013 v_loss=0.008 ent=1.685 msg_acc=0.923 kl=0.0141
[upd  137 | steps   70144 | t  124.8s | sps   562] ret_mean=1.500 ep_len=500.0 pi_loss=-0.006 v_loss=0.001 ent=2.216 msg_acc=0.619 kl=0.0107
[upd  138 | steps   70656 | t  125.6s | sps   563] ret_mean=0.000 ep_len=500.0 pi_loss=-0.008 v_loss=0.000 ent=1.949 msg_acc=0.690 kl=0.0035
[upd  139 | steps   71168 | t  126.6s | sps   562] ret_mean=0.000 ep_len=500.0 pi_loss=-0.005 v_loss=0.000 ent=1.762 msg_acc=0.893 kl=0.0127
[upd  140 | steps   71680 | t  127.3s | sps   563] ret_mean=0.000 ep_len=500.0 pi_loss=-0.013 v_loss=0.000 ent=1.699 msg_acc=0.892 kl=0.0073
[upd  141 | steps   72192 | t  128.0s | sps   564] ret_mean=0.000 ep_len=500.0 pi_loss=-0.004 v_loss=0.000 ent=2.186 msg_acc=0.658 kl=0.0088
[upd  142 | steps   72704 | t  128.7s | sps   565] ret_mean=0.750 ep_len=500.0 pi_loss=0.002 v_loss=0.005 ent=2.499 msg_acc=0.714 kl=0.0109
[upd  143 | steps   73216 | t  129.7s | sps   564] ret_mean=2.000 ep_len=500.0 pi_loss=-0.003 v_loss=0.013 ent=1.854 msg_acc=0.823 kl=0.0058
[upd  144 | steps   73728 | t  130.6s | sps   564] ret_mean=0.000 ep_len=500.0 pi_loss=-0.013 v_loss=0.001 ent=1.694 msg_acc=0.938 kl=0.0115
[upd  145 | steps   74240 | t  131.4s | sps   565] ret_mean=0.000 ep_len=500.0 pi_loss=0.007 v_loss=0.001 ent=2.523 msg_acc=0.205 kl=0.0238
[upd  146 | steps   74752 | t  132.1s | sps   566] ret_mean=0.500 ep_len=500.0 pi_loss=0.037 v_loss=0.000 ent=2.416 msg_acc=0.160 kl=0.0821
[upd  147 | steps   75264 | t  132.8s | sps   567] ret_mean=0.000 ep_len=500.0 pi_loss=-0.002 v_loss=0.001 ent=2.099 msg_acc=0.889 kl=0.0228
[upd  148 | steps   75776 | t  133.6s | sps   567] ret_mean=0.000 ep_len=500.0 pi_loss=-0.003 v_loss=0.001 ent=2.406 msg_acc=0.862 kl=0.0480
[upd  149 | steps   76288 | t  134.3s | sps   568] ret_mean=0.000 ep_len=500.0 pi_loss=-0.015 v_loss=0.000 ent=2.024 msg_acc=0.777 kl=0.0081
[upd  150 | steps   76800 | t  135.3s | sps   568] ret_mean=0.000 ep_len=500.0 pi_loss=-0.010 v_loss=0.010 ent=2.042 msg_acc=0.756 kl=0.0070
        [eval] ret_mean=0.000 ep_len=500.0
[upd  151 | steps   77312 | t  142.5s | sps   542] ret_mean=0.000 ep_len=500.0 pi_loss=-0.009 v_loss=0.001 ent=2.463 msg_acc=0.468 kl=0.0198
[upd  152 | steps   77824 | t  143.2s | sps   543] ret_mean=7.500 ep_len=500.0 pi_loss=-0.013 v_loss=0.116 ent=2.604 msg_acc=0.805 kl=0.0040
[upd  153 | steps   78336 | t  144.0s | sps   544] ret_mean=4.000 ep_len=500.0 pi_loss=-0.007 v_loss=0.020 ent=2.194 msg_acc=0.694 kl=0.0009
[upd  154 | steps   78848 | t  144.8s | sps   544] ret_mean=4.500 ep_len=500.0 pi_loss=-0.003 v_loss=0.107 ent=2.502 msg_acc=0.373 kl=0.0233
[upd  155 | steps   79360 | t  146.2s | sps   543] ret_mean=0.000 ep_len=500.0 pi_loss=-0.008 v_loss=0.004 ent=1.995 msg_acc=0.856 kl=0.0161
[upd  156 | steps   79872 | t  147.1s | sps   543] ret_mean=0.000 ep_len=500.0 pi_loss=-0.009 v_loss=0.002 ent=2.271 msg_acc=0.660 kl=0.0145
[upd  157 | steps   80384 | t  147.8s | sps   544] ret_mean=0.000 ep_len=500.0 pi_loss=-0.011 v_loss=0.002 ent=2.261 msg_acc=0.638 kl=0.0118
[upd  158 | steps   80896 | t  148.6s | sps   545] ret_mean=0.000 ep_len=500.0 pi_loss=-0.011 v_loss=0.064 ent=2.619 msg_acc=0.674 kl=0.0066
[upd  159 | steps   81408 | t  149.3s | sps   545] ret_mean=3.500 ep_len=500.0 pi_loss=-0.006 v_loss=0.006 ent=1.937 msg_acc=0.724 kl=0.0058
[upd  160 | steps   81920 | t  150.0s | sps   546] ret_mean=0.000 ep_len=500.0 pi_loss=-0.009 v_loss=0.018 ent=2.311 msg_acc=0.542 kl=0.0059
[upd  161 | steps   82432 | t  150.7s | sps   547] ret_mean=2.000 ep_len=500.0 pi_loss=-0.010 v_loss=0.030 ent=2.504 msg_acc=0.665 kl=0.0053
[upd  162 | steps   82944 | t  151.5s | sps   548] ret_mean=3.000 ep_len=500.0 pi_loss=-0.000 v_loss=0.002 ent=2.276 msg_acc=0.888 kl=0.0073
[upd  163 | steps   83456 | t  152.2s | sps   548] ret_mean=0.000 ep_len=500.0 pi_loss=-0.009 v_loss=0.001 ent=1.915 msg_acc=0.737 kl=0.0070
[upd  164 | steps   83968 | t  153.0s | sps   549] ret_mean=0.000 ep_len=500.0 pi_loss=-0.010 v_loss=0.055 ent=2.164 msg_acc=0.734 kl=0.0164
[upd  165 | steps   84480 | t  153.7s | sps   550] ret_mean=4.500 ep_len=500.0 pi_loss=-0.012 v_loss=0.000 ent=1.748 msg_acc=0.829 kl=0.0174
[upd  166 | steps   84992 | t  154.5s | sps   550] ret_mean=0.000 ep_len=500.0 pi_loss=-0.012 v_loss=0.001 ent=1.699 msg_acc=0.849 kl=0.0097
[upd  167 | steps   85504 | t  155.2s | sps   551] ret_mean=0.000 ep_len=500.0 pi_loss=-0.009 v_loss=0.001 ent=1.872 msg_acc=0.875 kl=0.0273
[upd  168 | steps   86016 | t  156.1s | sps   551] ret_mean=0.000 ep_len=500.0 pi_loss=-0.011 v_loss=0.001 ent=1.833 msg_acc=0.750 kl=0.0062
[upd  169 | steps   86528 | t  156.9s | sps   551] ret_mean=0.000 ep_len=500.0 pi_loss=-0.010 v_loss=0.001 ent=1.982 msg_acc=0.836 kl=0.0030
[upd  170 | steps   87040 | t  157.6s | sps   552] ret_mean=0.000 ep_len=500.0 pi_loss=-0.007 v_loss=0.001 ent=1.655 msg_acc=0.987 kl=0.0020
[upd  171 | steps   87552 | t  158.3s | sps   553] ret_mean=0.000 ep_len=500.0 pi_loss=-0.007 v_loss=0.001 ent=2.105 msg_acc=0.653 kl=0.0205
[upd  172 | steps   88064 | t  159.0s | sps   554] ret_mean=0.000 ep_len=500.0 pi_loss=-0.009 v_loss=0.000 ent=1.908 msg_acc=0.688 kl=0.0082
[upd  173 | steps   88576 | t  159.8s | sps   554] ret_mean=0.000 ep_len=500.0 pi_loss=-0.007 v_loss=0.000 ent=1.636 msg_acc=0.876 kl=0.0035
[upd  174 | steps   89088 | t  160.5s | sps   555] ret_mean=0.000 ep_len=500.0 pi_loss=-0.012 v_loss=0.161 ent=1.828 msg_acc=0.804 kl=0.0007
[upd  175 | steps   89600 | t  161.3s | sps   556] ret_mean=19.000 ep_len=500.0 pi_loss=0.000 v_loss=0.282 ent=2.069 msg_acc=0.367 kl=0.0172
[upd  176 | steps   90112 | t  162.0s | sps   556] ret_mean=0.000 ep_len=500.0 pi_loss=-0.012 v_loss=0.002 ent=1.976 msg_acc=0.657 kl=0.0155
[upd  177 | steps   90624 | t  162.7s | sps   557] ret_mean=0.000 ep_len=500.0 pi_loss=-0.010 v_loss=0.001 ent=1.823 msg_acc=0.830 kl=0.0098
[upd  178 | steps   91136 | t  163.4s | sps   558] ret_mean=0.000 ep_len=500.0 pi_loss=-0.011 v_loss=0.002 ent=2.153 msg_acc=0.699 kl=0.0112
[upd  179 | steps   91648 | t  164.2s | sps   558] ret_mean=0.000 ep_len=500.0 pi_loss=0.000 v_loss=0.001 ent=1.919 msg_acc=0.630 kl=0.0124
[upd  180 | steps   92160 | t  164.9s | sps   559] ret_mean=0.000 ep_len=500.0 pi_loss=-0.003 v_loss=0.001 ent=2.455 msg_acc=0.270 kl=0.0040
[upd  181 | steps   92672 | t  165.6s | sps   560] ret_mean=0.000 ep_len=500.0 pi_loss=-0.008 v_loss=0.001 ent=1.575 msg_acc=0.955 kl=0.0052
[upd  182 | steps   93184 | t  166.3s | sps   560] ret_mean=0.000 ep_len=500.0 pi_loss=-0.016 v_loss=0.000 ent=1.439 msg_acc=0.827 kl=0.0055
[upd  183 | steps   93696 | t  167.0s | sps   561] ret_mean=0.000 ep_len=500.0 pi_loss=-0.008 v_loss=0.001 ent=1.814 msg_acc=0.876 kl=0.0198
[upd  184 | steps   94208 | t  167.7s | sps   562] ret_mean=0.000 ep_len=500.0 pi_loss=-0.008 v_loss=0.000 ent=1.734 msg_acc=0.763 kl=0.0074
[upd  185 | steps   94720 | t  168.6s | sps   562] ret_mean=0.000 ep_len=500.0 pi_loss=0.000 v_loss=0.002 ent=2.114 msg_acc=0.484 kl=0.0112
[upd  186 | steps   95232 | t  169.3s | sps   562] ret_mean=1.000 ep_len=500.0 pi_loss=-0.006 v_loss=0.145 ent=2.187 msg_acc=0.563 kl=0.0106
[upd  187 | steps   95744 | t  170.0s | sps   563] ret_mean=8.500 ep_len=500.0 pi_loss=-0.006 v_loss=0.008 ent=2.215 msg_acc=0.545 kl=0.0082
[upd  188 | steps   96256 | t  170.9s | sps   563] ret_mean=1.000 ep_len=500.0 pi_loss=-0.006 v_loss=0.001 ent=2.019 msg_acc=0.634 kl=0.0073
[upd  189 | steps   96768 | t  171.9s | sps   563] ret_mean=0.000 ep_len=500.0 pi_loss=-0.007 v_loss=0.001 ent=2.299 msg_acc=0.515 kl=0.0100
[upd  190 | steps   97280 | t  172.6s | sps   564] ret_mean=0.000 ep_len=500.0 pi_loss=-0.007 v_loss=0.000 ent=1.636 msg_acc=0.822 kl=0.0033
[upd  191 | steps   97792 | t  173.3s | sps   564] ret_mean=0.000 ep_len=500.0 pi_loss=-0.008 v_loss=0.000 ent=1.593 msg_acc=0.894 kl=0.0068
[upd  192 | steps   98304 | t  173.9s | sps   565] ret_mean=0.000 ep_len=500.0 pi_loss=-0.002 v_loss=0.000 ent=2.382 msg_acc=0.633 kl=0.0159
[upd  193 | steps   98816 | t  174.4s | sps   566] ret_mean=1.500 ep_len=500.0 pi_loss=-0.007 v_loss=0.011 ent=1.911 msg_acc=0.647 kl=0.0084
[upd  194 | steps   99328 | t  175.0s | sps   568] ret_mean=0.000 ep_len=500.0 pi_loss=-0.008 v_loss=0.000 ent=1.922 msg_acc=0.635 kl=0.0182
[upd  195 | steps   99840 | t  175.9s | sps   567] ret_mean=2.000 ep_len=500.0 pi_loss=-0.002 v_loss=0.011 ent=1.606 msg_acc=0.798 kl=0.0074
[upd  196 | steps  100352 | t  176.5s | sps   569] ret_mean=1.000 ep_len=500.0 pi_loss=0.002 v_loss=0.007 ent=2.092 msg_acc=0.533 kl=0.0139
[upd  197 | steps  100864 | t  177.1s | sps   570] ret_mean=0.000 ep_len=500.0 pi_loss=-0.002 v_loss=0.000 ent=2.348 msg_acc=0.783 kl=0.0170
[upd  198 | steps  101376 | t  177.5s | sps   571] ret_mean=2.000 ep_len=500.0 pi_loss=-0.002 v_loss=0.018 ent=1.983 msg_acc=0.680 kl=0.0048
[upd  199 | steps  101888 | t  178.0s | sps   572] ret_mean=0.000 ep_len=500.0 pi_loss=-0.010 v_loss=0.012 ent=1.464 msg_acc=0.907 kl=-0.0054
[upd  200 | steps  102400 | t  178.4s | sps   574] ret_mean=4.000 ep_len=500.0 pi_loss=-0.003 v_loss=0.013 ent=2.142 msg_acc=0.381 kl=0.0078
        [eval] ret_mean=12.500 ep_len=500.0
