$ /Users/samchen/Coding/CLASSES/CS2860/.venv/bin/python3 -m policies.train --env rware-tiny-2ag-easy-v2 --seed 1 --updates 400 --rollout 512 --eval-every 25 --eval-episodes 30 --log-dir matrix_results/diagnostics_v1_sam/comm_2ag/main_tiny --run-name mappo-heartbeat-plus-comm__dropout-only__d0__s1 --n-msg-tokens 8 --heartbeat --heartbeat-period 1 --heartbeat-max-age-clip 128 --dropout --dropout-window-start 200 --dropout-window-end 350 --shape-rewards --pickup-bonus 0.5

[env] EnvSpec(env_id='rware-tiny-2ag-easy-v2', n_agents=2, obs_dim=73, n_env_actions=5, noop_action=0, family='rware')  (n_msg_tokens=8)
[cfg] {'clip_range': 0.2, 'value_clip_range': 0.2, 'entropy_coef': 0.01, 'value_coef': 0.5, 'max_grad_norm': 0.5, 'gamma': 0.99, 'gae_lambda': 0.95, 'lr_actor': 0.0003, 'lr_critic': 0.001, 'update_epochs': 4, 'minibatches': 4, 'hidden': 128, 'depth': 2, 'device': 'cpu', 'extra': {}}
[log] writing to matrix_results/diagnostics_v1_sam/comm_2ag/main_tiny/mappo-heartbeat-plus-comm__dropout-only__d0__s1
[upd    1 | steps     512 | t    0.2s | sps  2674] ret_mean=0.000 ep_len=500.0 pi_loss=-0.015 v_loss=0.040 ent=3.682 kl=0.0082
[upd    2 | steps    1024 | t    0.4s | sps  2638] ret_mean=0.500 ep_len=500.0 pi_loss=-0.007 v_loss=0.038 ent=3.675 kl=0.0059
[upd    3 | steps    1536 | t    0.6s | sps  2698] ret_mean=3.500 ep_len=500.0 pi_loss=-0.008 v_loss=0.025 ent=3.656 kl=-0.0025
[upd    4 | steps    2048 | t    0.7s | sps  2759] ret_mean=0.000 ep_len=500.0 pi_loss=-0.009 v_loss=0.010 ent=3.654 kl=0.0038
[upd    5 | steps    2560 | t    1.0s | sps  2653] ret_mean=1.000 ep_len=500.0 pi_loss=-0.012 v_loss=0.015 ent=3.658 kl=0.0053
[upd    6 | steps    3072 | t    1.1s | sps  2699] ret_mean=2.000 ep_len=500.0 pi_loss=-0.009 v_loss=0.023 ent=3.626 kl=0.0034
[upd    7 | steps    3584 | t    1.3s | sps  2735] ret_mean=2.500 ep_len=500.0 pi_loss=-0.014 v_loss=0.012 ent=3.580 kl=0.0149
[upd    8 | steps    4096 | t    1.5s | sps  2740] ret_mean=0.000 ep_len=500.0 pi_loss=-0.013 v_loss=0.006 ent=3.633 kl=0.0036
[upd    9 | steps    4608 | t    1.7s | sps  2760] ret_mean=0.000 ep_len=500.0 pi_loss=-0.008 v_loss=0.008 ent=3.612 kl=0.0030
[upd   10 | steps    5120 | t    1.8s | sps  2769] ret_mean=3.000 ep_len=500.0 pi_loss=-0.007 v_loss=0.022 ent=3.666 kl=0.0055
[upd   11 | steps    5632 | t    2.0s | sps  2814] ret_mean=1.000 ep_len=500.0 pi_loss=-0.012 v_loss=0.004 ent=3.666 kl=0.0027
[upd   12 | steps    6144 | t    2.2s | sps  2852] ret_mean=9.000 ep_len=500.0 pi_loss=-0.007 v_loss=0.118 ent=3.637 kl=0.0071
[upd   13 | steps    6656 | t    2.3s | sps  2879] ret_mean=0.000 ep_len=500.0 pi_loss=-0.015 v_loss=0.032 ent=3.610 kl=0.0011
[upd   14 | steps    7168 | t    2.5s | sps  2893] ret_mean=3.500 ep_len=500.0 pi_loss=-0.013 v_loss=0.012 ent=3.602 kl=0.0052
[upd   15 | steps    7680 | t    2.6s | sps  2914] ret_mean=4.500 ep_len=500.0 pi_loss=-0.014 v_loss=0.020 ent=3.610 kl=0.0009
[upd   16 | steps    8192 | t    2.8s | sps  2938] ret_mean=1.000 ep_len=500.0 pi_loss=-0.008 v_loss=0.013 ent=3.606 kl=0.0025
[upd   17 | steps    8704 | t    2.9s | sps  2953] ret_mean=3.500 ep_len=500.0 pi_loss=-0.011 v_loss=0.013 ent=3.581 kl=0.0026
[upd   18 | steps    9216 | t    3.1s | sps  2974] ret_mean=0.000 ep_len=500.0 pi_loss=-0.015 v_loss=0.012 ent=3.545 kl=0.0039
[upd   19 | steps    9728 | t    3.3s | sps  2988] ret_mean=1.500 ep_len=500.0 pi_loss=-0.013 v_loss=0.001 ent=3.559 kl=0.0095
[upd   20 | steps   10240 | t    3.4s | sps  3003] ret_mean=0.000 ep_len=500.0 pi_loss=-0.015 v_loss=0.002 ent=3.564 kl=0.0105
[upd   21 | steps   10752 | t    3.6s | sps  3018] ret_mean=0.000 ep_len=500.0 pi_loss=-0.007 v_loss=0.006 ent=3.573 kl=0.0010
[upd   22 | steps   11264 | t    3.7s | sps  3033] ret_mean=1.000 ep_len=500.0 pi_loss=-0.009 v_loss=0.088 ent=3.553 kl=-0.0005
[upd   23 | steps   11776 | t    3.9s | sps  3045] ret_mean=5.000 ep_len=500.0 pi_loss=-0.008 v_loss=0.003 ent=3.547 kl=0.0115
[upd   24 | steps   12288 | t    4.0s | sps  3058] ret_mean=0.000 ep_len=500.0 pi_loss=-0.010 v_loss=0.001 ent=3.534 kl=0.0058
[upd   25 | steps   12800 | t    4.2s | sps  3072] ret_mean=0.000 ep_len=500.0 pi_loss=-0.015 v_loss=0.002 ent=3.514 kl=0.0050
        [eval] ret_mean=10.033 ep_len=500.0
[upd   26 | steps   13312 | t    7.9s | sps  1687] ret_mean=6.000 ep_len=500.0 pi_loss=-0.011 v_loss=0.117 ent=3.431 kl=0.0050
[upd   27 | steps   13824 | t    8.1s | sps  1713] ret_mean=0.000 ep_len=500.0 pi_loss=-0.014 v_loss=0.001 ent=3.480 kl=0.0022
[upd   28 | steps   14336 | t    8.2s | sps  1741] ret_mean=3.500 ep_len=500.0 pi_loss=-0.009 v_loss=0.066 ent=3.426 kl=0.0080
[upd   29 | steps   14848 | t    8.4s | sps  1770] ret_mean=12.000 ep_len=500.0 pi_loss=-0.008 v_loss=0.142 ent=3.385 kl=-0.0004
[upd   30 | steps   15360 | t    8.5s | sps  1800] ret_mean=0.000 ep_len=500.0 pi_loss=-0.010 v_loss=0.005 ent=3.450 kl=0.0042
[upd   31 | steps   15872 | t    8.7s | sps  1825] ret_mean=0.000 ep_len=500.0 pi_loss=-0.009 v_loss=0.002 ent=3.424 kl=0.0043
[upd   32 | steps   16384 | t    8.9s | sps  1849] ret_mean=5.000 ep_len=500.0 pi_loss=-0.006 v_loss=0.077 ent=3.354 kl=0.0034
[upd   33 | steps   16896 | t    9.0s | sps  1874] ret_mean=0.000 ep_len=500.0 pi_loss=-0.009 v_loss=0.002 ent=3.389 kl=0.0146
[upd   34 | steps   17408 | t    9.2s | sps  1897] ret_mean=0.500 ep_len=500.0 pi_loss=-0.007 v_loss=0.002 ent=3.433 kl=0.0036
[upd   35 | steps   17920 | t    9.3s | sps  1920] ret_mean=6.500 ep_len=500.0 pi_loss=-0.009 v_loss=0.475 ent=3.380 kl=-0.0012
[upd   36 | steps   18432 | t    9.5s | sps  1939] ret_mean=41.000 ep_len=500.0 pi_loss=-0.008 v_loss=0.817 ent=3.392 kl=0.0071
[upd   37 | steps   18944 | t    9.7s | sps  1961] ret_mean=0.000 ep_len=500.0 pi_loss=-0.009 v_loss=0.003 ent=3.469 kl=0.0101
[upd   38 | steps   19456 | t    9.8s | sps  1983] ret_mean=0.000 ep_len=500.0 pi_loss=-0.010 v_loss=0.001 ent=3.448 kl=-0.0012
[upd   39 | steps   19968 | t   10.0s | sps  2004] ret_mean=0.000 ep_len=500.0 pi_loss=-0.009 v_loss=0.006 ent=3.461 kl=0.0090
[upd   40 | steps   20480 | t   10.1s | sps  2024] ret_mean=4.500 ep_len=500.0 pi_loss=-0.009 v_loss=0.027 ent=3.445 kl=0.0068
[upd   41 | steps   20992 | t   10.3s | sps  2043] ret_mean=0.000 ep_len=500.0 pi_loss=-0.012 v_loss=0.003 ent=3.473 kl=0.0023
[upd   42 | steps   21504 | t   10.4s | sps  2062] ret_mean=0.000 ep_len=500.0 pi_loss=-0.010 v_loss=0.006 ent=3.495 kl=-0.0019
[upd   43 | steps   22016 | t   10.6s | sps  2079] ret_mean=1.000 ep_len=500.0 pi_loss=-0.015 v_loss=0.053 ent=3.502 kl=0.0076
[upd   44 | steps   22528 | t   10.8s | sps  2096] ret_mean=3.500 ep_len=500.0 pi_loss=-0.016 v_loss=0.002 ent=3.469 kl=0.0149
[upd   45 | steps   23040 | t   10.9s | sps  2113] ret_mean=0.000 ep_len=500.0 pi_loss=-0.013 v_loss=0.001 ent=3.499 kl=-0.0003
[upd   46 | steps   23552 | t   11.1s | sps  2128] ret_mean=0.000 ep_len=500.0 pi_loss=-0.009 v_loss=0.002 ent=3.444 kl=0.0065
[upd   47 | steps   24064 | t   11.2s | sps  2144] ret_mean=0.000 ep_len=500.0 pi_loss=-0.005 v_loss=0.002 ent=3.455 kl=0.0075
[upd   48 | steps   24576 | t   11.4s | sps  2160] ret_mean=0.000 ep_len=500.0 pi_loss=-0.011 v_loss=0.141 ent=3.515 kl=0.0009
[upd   49 | steps   25088 | t   11.5s | sps  2176] ret_mean=11.500 ep_len=500.0 pi_loss=-0.011 v_loss=0.038 ent=3.470 kl=-0.0022
[upd   50 | steps   25600 | t   11.7s | sps  2192] ret_mean=0.000 ep_len=500.0 pi_loss=-0.010 v_loss=0.001 ent=3.461 kl=-0.0009
        [eval] ret_mean=4.167 ep_len=500.0
[upd   51 | steps   26112 | t   15.4s | sps  1692] ret_mean=0.000 ep_len=500.0 pi_loss=-0.011 v_loss=0.002 ent=3.404 kl=0.0021
[upd   52 | steps   26624 | t   15.6s | sps  1708] ret_mean=10.000 ep_len=500.0 pi_loss=-0.010 v_loss=0.131 ent=3.339 kl=0.0176
[upd   53 | steps   27136 | t   15.7s | sps  1724] ret_mean=0.000 ep_len=500.0 pi_loss=-0.010 v_loss=0.016 ent=3.447 kl=0.0111
[upd   54 | steps   27648 | t   15.9s | sps  1740] ret_mean=5.000 ep_len=500.0 pi_loss=-0.014 v_loss=0.023 ent=3.468 kl=0.0079
[upd   55 | steps   28160 | t   16.0s | sps  1755] ret_mean=0.000 ep_len=500.0 pi_loss=-0.008 v_loss=0.004 ent=3.439 kl=0.0060
[upd   56 | steps   28672 | t   16.2s | sps  1770] ret_mean=0.000 ep_len=500.0 pi_loss=-0.013 v_loss=0.165 ent=3.205 kl=0.0185
[upd   57 | steps   29184 | t   16.4s | sps  1784] ret_mean=30.500 ep_len=500.0 pi_loss=-0.011 v_loss=0.640 ent=3.316 kl=0.0032
[upd   58 | steps   29696 | t   16.5s | sps  1798] ret_mean=0.000 ep_len=500.0 pi_loss=-0.017 v_loss=0.072 ent=3.365 kl=0.0025
[upd   59 | steps   30208 | t   16.7s | sps  1811] ret_mean=4.000 ep_len=500.0 pi_loss=-0.010 v_loss=0.002 ent=3.438 kl=-0.0002
[upd   60 | steps   30720 | t   16.8s | sps  1825] ret_mean=0.000 ep_len=500.0 pi_loss=-0.011 v_loss=0.046 ent=3.462 kl=-0.0059
[upd   61 | steps   31232 | t   17.0s | sps  1839] ret_mean=32.000 ep_len=500.0 pi_loss=-0.017 v_loss=1.112 ent=3.294 kl=0.0052
[upd   62 | steps   31744 | t   17.1s | sps  1852] ret_mean=0.000 ep_len=500.0 pi_loss=-0.013 v_loss=0.005 ent=3.443 kl=0.0071
[upd   63 | steps   32256 | t   17.3s | sps  1865] ret_mean=0.500 ep_len=500.0 pi_loss=-0.012 v_loss=0.005 ent=3.420 kl=0.0048
[upd   64 | steps   32768 | t   17.4s | sps  1878] ret_mean=0.000 ep_len=500.0 pi_loss=-0.013 v_loss=0.217 ent=3.457 kl=0.0064
[upd   65 | steps   33280 | t   17.6s | sps  1890] ret_mean=9.500 ep_len=500.0 pi_loss=-0.015 v_loss=0.004 ent=3.267 kl=0.0114
[upd   66 | steps   33792 | t   17.8s | sps  1902] ret_mean=5.000 ep_len=500.0 pi_loss=-0.010 v_loss=0.076 ent=3.384 kl=0.0066
[upd   67 | steps   34304 | t   17.9s | sps  1914] ret_mean=0.000 ep_len=500.0 pi_loss=-0.012 v_loss=0.004 ent=3.408 kl=0.0025
[upd   68 | steps   34816 | t   18.1s | sps  1926] ret_mean=0.000 ep_len=500.0 pi_loss=-0.012 v_loss=0.019 ent=3.452 kl=0.0052
[upd   69 | steps   35328 | t   18.2s | sps  1939] ret_mean=3.500 ep_len=500.0 pi_loss=-0.017 v_loss=0.010 ent=3.016 kl=0.0430
[upd   70 | steps   35840 | t   18.4s | sps  1950] ret_mean=0.000 ep_len=500.0 pi_loss=-0.005 v_loss=0.002 ent=3.227 kl=0.0065
[upd   71 | steps   36352 | t   18.5s | sps  1962] ret_mean=0.000 ep_len=500.0 pi_loss=-0.010 v_loss=0.114 ent=2.739 kl=0.0004
[upd   72 | steps   36864 | t   18.7s | sps  1973] ret_mean=7.000 ep_len=500.0 pi_loss=-0.009 v_loss=0.310 ent=2.947 kl=0.0013
[upd   73 | steps   37376 | t   18.8s | sps  1984] ret_mean=15.500 ep_len=500.0 pi_loss=-0.009 v_loss=0.344 ent=3.286 kl=0.0056
[upd   74 | steps   37888 | t   19.0s | sps  1995] ret_mean=11.500 ep_len=500.0 pi_loss=-0.013 v_loss=0.178 ent=3.357 kl=0.0022
[upd   75 | steps   38400 | t   19.2s | sps  2005] ret_mean=11.000 ep_len=500.0 pi_loss=-0.009 v_loss=0.204 ent=3.229 kl=0.0041
        [eval] ret_mean=5.917 ep_len=500.0
[upd   76 | steps   38912 | t   22.9s | sps  1698] ret_mean=0.000 ep_len=500.0 pi_loss=-0.008 v_loss=0.005 ent=3.125 kl=0.0043
[upd   77 | steps   39424 | t   23.1s | sps  1708] ret_mean=0.000 ep_len=500.0 pi_loss=-0.019 v_loss=0.007 ent=3.390 kl=0.0060
[upd   78 | steps   39936 | t   23.2s | sps  1719] ret_mean=0.000 ep_len=500.0 pi_loss=-0.009 v_loss=0.091 ent=3.223 kl=0.0004
[upd   79 | steps   40448 | t   23.4s | sps  1729] ret_mean=16.500 ep_len=500.0 pi_loss=-0.009 v_loss=0.195 ent=3.168 kl=0.0004
[upd   80 | steps   40960 | t   23.5s | sps  1740] ret_mean=35.500 ep_len=500.0 pi_loss=-0.014 v_loss=1.027 ent=3.038 kl=0.0132
[upd   81 | steps   41472 | t   23.7s | sps  1750] ret_mean=29.500 ep_len=500.0 pi_loss=-0.012 v_loss=1.083 ent=3.112 kl=0.0041
[upd   82 | steps   41984 | t   23.9s | sps  1760] ret_mean=29.000 ep_len=500.0 pi_loss=-0.012 v_loss=1.220 ent=3.159 kl=0.0005
[upd   83 | steps   42496 | t   24.0s | sps  1770] ret_mean=0.000 ep_len=500.0 pi_loss=-0.010 v_loss=0.014 ent=2.855 kl=0.0051
[upd   84 | steps   43008 | t   24.2s | sps  1780] ret_mean=50.500 ep_len=500.0 pi_loss=-0.009 v_loss=2.620 ent=2.777 kl=0.0034
[upd   85 | steps   43520 | t   24.3s | sps  1789] ret_mean=14.500 ep_len=500.0 pi_loss=-0.015 v_loss=0.185 ent=2.903 kl=0.0073
[upd   86 | steps   44032 | t   24.5s | sps  1799] ret_mean=0.000 ep_len=500.0 pi_loss=-0.019 v_loss=0.008 ent=3.231 kl=0.0130
[upd   87 | steps   44544 | t   24.6s | sps  1808] ret_mean=8.500 ep_len=500.0 pi_loss=-0.008 v_loss=0.282 ent=2.920 kl=0.0096
[upd   88 | steps   45056 | t   24.8s | sps  1817] ret_mean=0.000 ep_len=500.0 pi_loss=-0.013 v_loss=0.013 ent=3.176 kl=0.0017
[upd   89 | steps   45568 | t   25.0s | sps  1826] ret_mean=7.000 ep_len=500.0 pi_loss=-0.016 v_loss=0.530 ent=3.081 kl=0.0071
[upd   90 | steps   46080 | t   25.1s | sps  1835] ret_mean=48.000 ep_len=500.0 pi_loss=-0.008 v_loss=1.597 ent=2.787 kl=0.0048
[upd   91 | steps   46592 | t   25.3s | sps  1844] ret_mean=0.000 ep_len=500.0 pi_loss=-0.012 v_loss=0.011 ent=2.931 kl=0.0073
[upd   92 | steps   47104 | t   25.4s | sps  1853] ret_mean=4.000 ep_len=500.0 pi_loss=-0.011 v_loss=0.081 ent=3.277 kl=0.0007
[upd   93 | steps   47616 | t   25.6s | sps  1862] ret_mean=0.000 ep_len=500.0 pi_loss=-0.012 v_loss=0.419 ent=3.060 kl=0.0136
[upd   94 | steps   48128 | t   25.7s | sps  1870] ret_mean=20.500 ep_len=500.0 pi_loss=-0.011 v_loss=0.954 ent=2.832 kl=0.0055
[upd   95 | steps   48640 | t   25.9s | sps  1879] ret_mean=69.000 ep_len=500.0 pi_loss=-0.012 v_loss=2.198 ent=2.506 kl=0.0262
[upd   96 | steps   49152 | t   26.0s | sps  1887] ret_mean=7.500 ep_len=500.0 pi_loss=-0.006 v_loss=0.533 ent=2.803 kl=0.0033
[upd   97 | steps   49664 | t   26.2s | sps  1896] ret_mean=17.500 ep_len=500.0 pi_loss=-0.015 v_loss=0.024 ent=2.753 kl=0.0086
[upd   98 | steps   50176 | t   26.3s | sps  1904] ret_mean=0.000 ep_len=500.0 pi_loss=-0.018 v_loss=0.088 ent=2.806 kl=0.0045
[upd   99 | steps   50688 | t   26.5s | sps  1912] ret_mean=5.000 ep_len=500.0 pi_loss=-0.009 v_loss=0.464 ent=3.053 kl=-0.0008
[upd  100 | steps   51200 | t   26.7s | sps  1920] ret_mean=19.000 ep_len=500.0 pi_loss=-0.013 v_loss=0.022 ent=2.668 kl=0.0062
        [eval] ret_mean=4.167 ep_len=500.0
[upd  101 | steps   51712 | t   30.4s | sps  1698] ret_mean=11.500 ep_len=500.0 pi_loss=-0.010 v_loss=0.294 ent=2.772 kl=0.0029
[upd  102 | steps   52224 | t   30.6s | sps  1706] ret_mean=6.000 ep_len=500.0 pi_loss=-0.010 v_loss=0.192 ent=2.922 kl=0.0006
[upd  103 | steps   52736 | t   30.8s | sps  1714] ret_mean=51.500 ep_len=500.0 pi_loss=-0.011 v_loss=2.033 ent=2.891 kl=-0.0022
[upd  104 | steps   53248 | t   30.9s | sps  1722] ret_mean=0.000 ep_len=500.0 pi_loss=-0.014 v_loss=0.166 ent=2.582 kl=0.0086
[upd  105 | steps   53760 | t   31.1s | sps  1730] ret_mean=8.500 ep_len=500.0 pi_loss=-0.013 v_loss=0.017 ent=2.770 kl=0.0041
[upd  106 | steps   54272 | t   31.2s | sps  1737] ret_mean=0.000 ep_len=500.0 pi_loss=-0.010 v_loss=0.335 ent=3.065 kl=0.0024
[upd  107 | steps   54784 | t   31.4s | sps  1745] ret_mean=96.000 ep_len=500.0 pi_loss=-0.015 v_loss=3.647 ent=2.303 kl=0.0138
[upd  108 | steps   55296 | t   31.5s | sps  1753] ret_mean=0.000 ep_len=500.0 pi_loss=-0.011 v_loss=0.012 ent=2.329 kl=0.0120
[upd  109 | steps   55808 | t   31.7s | sps  1761] ret_mean=0.000 ep_len=500.0 pi_loss=-0.012 v_loss=0.017 ent=3.046 kl=0.0138
[upd  110 | steps   56320 | t   31.8s | sps  1769] ret_mean=0.000 ep_len=500.0 pi_loss=-0.006 v_loss=0.012 ent=2.019 kl=0.0057
[upd  111 | steps   56832 | t   32.0s | sps  1776] ret_mean=0.000 ep_len=500.0 pi_loss=-0.007 v_loss=0.012 ent=2.666 kl=-0.0019
[upd  112 | steps   57344 | t   32.1s | sps  1784] ret_mean=34.000 ep_len=500.0 pi_loss=-0.009 v_loss=1.016 ent=3.100 kl=0.0080
[upd  113 | steps   57856 | t   32.3s | sps  1791] ret_mean=0.000 ep_len=500.0 pi_loss=-0.012 v_loss=0.125 ent=2.949 kl=-0.0012
[upd  114 | steps   58368 | t   32.4s | sps  1799] ret_mean=6.000 ep_len=500.0 pi_loss=-0.010 v_loss=1.624 ent=2.869 kl=0.0145
[upd  115 | steps   58880 | t   32.6s | sps  1805] ret_mean=115.000 ep_len=500.0 pi_loss=-0.008 v_loss=4.157 ent=2.427 kl=0.0047
[upd  116 | steps   59392 | t   32.8s | sps  1810] ret_mean=2.500 ep_len=500.0 pi_loss=-0.014 v_loss=1.616 ent=3.182 kl=-0.0038
[upd  117 | steps   59904 | t   33.0s | sps  1816] ret_mean=84.500 ep_len=500.0 pi_loss=-0.009 v_loss=2.496 ent=2.698 kl=0.0042
[upd  118 | steps   60416 | t   33.2s | sps  1822] ret_mean=18.000 ep_len=500.0 pi_loss=-0.016 v_loss=1.702 ent=3.252 kl=-0.0017
[upd  119 | steps   60928 | t   33.3s | sps  1827] ret_mean=45.000 ep_len=500.0 pi_loss=-0.010 v_loss=2.814 ent=2.849 kl=0.0012
[upd  120 | steps   61440 | t   33.5s | sps  1834] ret_mean=131.000 ep_len=500.0 pi_loss=-0.011 v_loss=5.006 ent=2.259 kl=0.0119
[upd  121 | steps   61952 | t   33.7s | sps  1841] ret_mean=109.500 ep_len=500.0 pi_loss=-0.009 v_loss=2.418 ent=2.239 kl=0.0092
[upd  122 | steps   62464 | t   33.8s | sps  1847] ret_mean=0.000 ep_len=500.0 pi_loss=-0.009 v_loss=0.076 ent=2.493 kl=0.0001
[upd  123 | steps   62976 | t   34.0s | sps  1854] ret_mean=10.000 ep_len=500.0 pi_loss=-0.016 v_loss=0.333 ent=3.206 kl=0.0189
[upd  124 | steps   63488 | t   34.1s | sps  1861] ret_mean=0.000 ep_len=500.0 pi_loss=-0.016 v_loss=0.149 ent=3.177 kl=0.0101
[upd  125 | steps   64000 | t   34.3s | sps  1867] ret_mean=5.500 ep_len=500.0 pi_loss=-0.017 v_loss=0.171 ent=2.543 kl=0.0069
        [eval] ret_mean=0.000 ep_len=500.0
[upd  126 | steps   64512 | t   38.4s | sps  1681] ret_mean=0.000 ep_len=500.0 pi_loss=-0.006 v_loss=0.042 ent=2.502 kl=0.0051
[upd  127 | steps   65024 | t   38.5s | sps  1687] ret_mean=0.000 ep_len=500.0 pi_loss=-0.017 v_loss=0.026 ent=2.908 kl=0.0051
[upd  128 | steps   65536 | t   38.7s | sps  1693] ret_mean=54.500 ep_len=500.0 pi_loss=-0.012 v_loss=2.683 ent=2.811 kl=0.0129
[upd  129 | steps   66048 | t   38.9s | sps  1700] ret_mean=0.000 ep_len=500.0 pi_loss=-0.012 v_loss=0.242 ent=2.433 kl=0.0060
[upd  130 | steps   66560 | t   39.0s | sps  1706] ret_mean=115.500 ep_len=500.0 pi_loss=-0.009 v_loss=5.038 ent=2.543 kl=0.0004
[upd  131 | steps   67072 | t   39.2s | sps  1713] ret_mean=79.500 ep_len=500.0 pi_loss=-0.014 v_loss=5.075 ent=2.970 kl=0.0010
[upd  132 | steps   67584 | t   39.3s | sps  1719] ret_mean=54.000 ep_len=500.0 pi_loss=-0.013 v_loss=1.890 ent=2.953 kl=0.0037
[upd  133 | steps   68096 | t   39.5s | sps  1724] ret_mean=31.000 ep_len=500.0 pi_loss=-0.009 v_loss=1.359 ent=3.179 kl=0.0019
[upd  134 | steps   68608 | t   39.7s | sps  1728] ret_mean=101.000 ep_len=500.0 pi_loss=-0.013 v_loss=4.755 ent=2.436 kl=0.0057
[upd  135 | steps   69120 | t   39.9s | sps  1731] ret_mean=78.500 ep_len=500.0 pi_loss=-0.011 v_loss=2.196 ent=2.810 kl=0.0070
[upd  136 | steps   69632 | t   40.1s | sps  1735] ret_mean=14.500 ep_len=500.0 pi_loss=-0.014 v_loss=1.170 ent=2.953 kl=0.0104
[upd  137 | steps   70144 | t   40.3s | sps  1740] ret_mean=77.500 ep_len=500.0 pi_loss=-0.014 v_loss=2.366 ent=2.719 kl=-0.0006
[upd  138 | steps   70656 | t   40.5s | sps  1745] ret_mean=76.500 ep_len=500.0 pi_loss=-0.013 v_loss=2.716 ent=2.422 kl=0.0015
[upd  139 | steps   71168 | t   40.7s | sps  1750] ret_mean=124.000 ep_len=500.0 pi_loss=-0.009 v_loss=2.729 ent=2.304 kl=0.0091
[upd  140 | steps   71680 | t   40.8s | sps  1755] ret_mean=0.000 ep_len=500.0 pi_loss=-0.010 v_loss=0.745 ent=2.861 kl=0.0091
[upd  141 | steps   72192 | t   41.0s | sps  1761] ret_mean=100.500 ep_len=500.0 pi_loss=-0.014 v_loss=2.376 ent=2.306 kl=0.0134
[upd  142 | steps   72704 | t   41.2s | sps  1766] ret_mean=0.000 ep_len=500.0 pi_loss=-0.008 v_loss=0.205 ent=2.951 kl=0.0068
[upd  143 | steps   73216 | t   41.3s | sps  1772] ret_mean=0.000 ep_len=500.0 pi_loss=-0.015 v_loss=0.920 ent=3.107 kl=-0.0021
[upd  144 | steps   73728 | t   41.5s | sps  1777] ret_mean=24.500 ep_len=500.0 pi_loss=-0.012 v_loss=0.139 ent=3.028 kl=0.0051
[upd  145 | steps   74240 | t   41.7s | sps  1782] ret_mean=0.000 ep_len=500.0 pi_loss=-0.009 v_loss=2.892 ent=2.318 kl=-0.0033
[upd  146 | steps   74752 | t   41.8s | sps  1787] ret_mean=95.000 ep_len=500.0 pi_loss=-0.013 v_loss=0.739 ent=2.747 kl=0.0085
[upd  147 | steps   75264 | t   42.0s | sps  1793] ret_mean=2.000 ep_len=500.0 pi_loss=-0.016 v_loss=1.298 ent=2.677 kl=0.0060
[upd  148 | steps   75776 | t   42.1s | sps  1798] ret_mean=38.500 ep_len=500.0 pi_loss=-0.011 v_loss=4.022 ent=2.409 kl=0.0061
[upd  149 | steps   76288 | t   42.3s | sps  1804] ret_mean=129.000 ep_len=500.0 pi_loss=-0.013 v_loss=3.993 ent=2.279 kl=0.0176
[upd  150 | steps   76800 | t   42.4s | sps  1809] ret_mean=90.500 ep_len=500.0 pi_loss=-0.010 v_loss=4.350 ent=2.190 kl=0.0104
        [eval] ret_mean=15.517 ep_len=500.0
[upd  151 | steps   77312 | t   46.4s | sps  1665] ret_mean=1.500 ep_len=500.0 pi_loss=-0.012 v_loss=0.176 ent=2.763 kl=0.0014
[upd  152 | steps   77824 | t   46.6s | sps  1670] ret_mean=71.500 ep_len=500.0 pi_loss=-0.016 v_loss=2.900 ent=2.321 kl=0.0051
[upd  153 | steps   78336 | t   46.8s | sps  1675] ret_mean=0.000 ep_len=500.0 pi_loss=-0.016 v_loss=0.157 ent=2.473 kl=0.0225
[upd  154 | steps   78848 | t   46.9s | sps  1681] ret_mean=2.000 ep_len=500.0 pi_loss=-0.016 v_loss=0.158 ent=2.551 kl=0.0031
[upd  155 | steps   79360 | t   47.1s | sps  1686] ret_mean=4.000 ep_len=500.0 pi_loss=-0.013 v_loss=0.049 ent=2.749 kl=0.0117
[upd  156 | steps   79872 | t   47.2s | sps  1691] ret_mean=98.000 ep_len=500.0 pi_loss=-0.014 v_loss=4.624 ent=2.165 kl=0.0108
[upd  157 | steps   80384 | t   47.4s | sps  1696] ret_mean=63.500 ep_len=500.0 pi_loss=-0.016 v_loss=1.974 ent=2.839 kl=0.0063
[upd  158 | steps   80896 | t   47.6s | sps  1701] ret_mean=12.500 ep_len=500.0 pi_loss=-0.014 v_loss=0.464 ent=2.571 kl=0.0021
[upd  159 | steps   81408 | t   47.7s | sps  1705] ret_mean=0.000 ep_len=500.0 pi_loss=-0.008 v_loss=0.160 ent=2.702 kl=0.0001
[upd  160 | steps   81920 | t   47.9s | sps  1709] ret_mean=11.000 ep_len=500.0 pi_loss=-0.009 v_loss=0.324 ent=2.685 kl=-0.0025
[upd  161 | steps   82432 | t   48.1s | sps  1714] ret_mean=0.000 ep_len=500.0 pi_loss=-0.014 v_loss=0.032 ent=2.493 kl=0.0112
[upd  162 | steps   82944 | t   48.3s | sps  1719] ret_mean=0.000 ep_len=500.0 pi_loss=-0.007 v_loss=0.091 ent=2.242 kl=0.0111
[upd  163 | steps   83456 | t   48.4s | sps  1723] ret_mean=0.000 ep_len=500.0 pi_loss=-0.013 v_loss=1.304 ent=2.327 kl=0.0065
[upd  164 | steps   83968 | t   48.6s | sps  1728] ret_mean=117.000 ep_len=500.0 pi_loss=-0.003 v_loss=5.115 ent=2.020 kl=-0.0025
[upd  165 | steps   84480 | t   48.7s | sps  1733] ret_mean=98.500 ep_len=500.0 pi_loss=-0.011 v_loss=2.141 ent=2.375 kl=0.0002
[upd  166 | steps   84992 | t   48.9s | sps  1738] ret_mean=0.000 ep_len=500.0 pi_loss=-0.016 v_loss=1.518 ent=2.338 kl=-0.0007
[upd  167 | steps   85504 | t   49.1s | sps  1743] ret_mean=41.500 ep_len=500.0 pi_loss=-0.014 v_loss=0.118 ent=2.956 kl=0.0032
[upd  168 | steps   86016 | t   49.2s | sps  1747] ret_mean=0.000 ep_len=500.0 pi_loss=-0.014 v_loss=0.082 ent=2.952 kl=0.0135
[upd  169 | steps   86528 | t   49.4s | sps  1752] ret_mean=21.500 ep_len=500.0 pi_loss=-0.010 v_loss=1.542 ent=2.592 kl=0.0209
[upd  170 | steps   87040 | t   49.5s | sps  1757] ret_mean=82.000 ep_len=500.0 pi_loss=-0.012 v_loss=3.979 ent=2.052 kl=0.0051
[upd  171 | steps   87552 | t   49.7s | sps  1761] ret_mean=35.500 ep_len=500.0 pi_loss=-0.013 v_loss=0.642 ent=2.670 kl=0.0069
[upd  172 | steps   88064 | t   49.9s | sps  1765] ret_mean=33.500 ep_len=500.0 pi_loss=-0.008 v_loss=0.513 ent=2.636 kl=0.0079
[upd  173 | steps   88576 | t   50.0s | sps  1770] ret_mean=0.000 ep_len=500.0 pi_loss=-0.011 v_loss=0.057 ent=3.094 kl=0.0086
[upd  174 | steps   89088 | t   50.2s | sps  1774] ret_mean=0.000 ep_len=500.0 pi_loss=-0.017 v_loss=0.043 ent=3.110 kl=0.0132
[upd  175 | steps   89600 | t   50.4s | sps  1779] ret_mean=0.000 ep_len=500.0 pi_loss=-0.008 v_loss=0.903 ent=2.898 kl=0.0070
        [eval] ret_mean=4.167 ep_len=500.0
[upd  176 | steps   90112 | t   55.2s | sps  1634] ret_mean=79.000 ep_len=500.0 pi_loss=-0.009 v_loss=3.613 ent=1.962 kl=0.0062
[upd  177 | steps   90624 | t   55.4s | sps  1636] ret_mean=78.500 ep_len=500.0 pi_loss=-0.021 v_loss=3.388 ent=2.555 kl=0.0056
[upd  178 | steps   91136 | t   55.6s | sps  1638] ret_mean=5.000 ep_len=500.0 pi_loss=-0.015 v_loss=0.173 ent=2.759 kl=0.0198
[upd  179 | steps   91648 | t   55.9s | sps  1639] ret_mean=51.500 ep_len=500.0 pi_loss=-0.015 v_loss=2.116 ent=2.649 kl=0.0230
[upd  180 | steps   92160 | t   56.2s | sps  1640] ret_mean=0.000 ep_len=500.0 pi_loss=-0.017 v_loss=0.051 ent=2.924 kl=0.0181
[upd  181 | steps   92672 | t   56.4s | sps  1643] ret_mean=93.500 ep_len=500.0 pi_loss=-0.010 v_loss=3.950 ent=2.328 kl=0.0075
[upd  182 | steps   93184 | t   56.7s | sps  1644] ret_mean=0.000 ep_len=500.0 pi_loss=-0.011 v_loss=0.082 ent=2.826 kl=0.0050
[upd  183 | steps   93696 | t   56.9s | sps  1645] ret_mean=4.500 ep_len=500.0 pi_loss=-0.010 v_loss=0.059 ent=2.760 kl=-0.0018
[upd  184 | steps   94208 | t   57.1s | sps  1649] ret_mean=9.000 ep_len=500.0 pi_loss=-0.008 v_loss=1.173 ent=2.338 kl=0.0027
[upd  185 | steps   94720 | t   57.3s | sps  1652] ret_mean=51.500 ep_len=500.0 pi_loss=-0.012 v_loss=2.197 ent=2.491 kl=0.0037
[upd  186 | steps   95232 | t   57.5s | sps  1656] ret_mean=66.500 ep_len=500.0 pi_loss=-0.010 v_loss=2.478 ent=2.585 kl=0.0079
[upd  187 | steps   95744 | t   57.7s | sps  1660] ret_mean=120.500 ep_len=500.0 pi_loss=-0.013 v_loss=4.625 ent=2.165 kl=0.0043
[upd  188 | steps   96256 | t   57.8s | sps  1664] ret_mean=12.000 ep_len=500.0 pi_loss=-0.018 v_loss=0.059 ent=2.822 kl=0.0151
[upd  189 | steps   96768 | t   58.0s | sps  1668] ret_mean=0.000 ep_len=500.0 pi_loss=-0.012 v_loss=1.265 ent=1.982 kl=0.0010
[upd  190 | steps   97280 | t   58.2s | sps  1673] ret_mean=76.500 ep_len=500.0 pi_loss=-0.016 v_loss=3.002 ent=2.386 kl=0.0085
[upd  191 | steps   97792 | t   58.3s | sps  1676] ret_mean=75.000 ep_len=500.0 pi_loss=-0.012 v_loss=1.164 ent=1.931 kl=0.0195
[upd  192 | steps   98304 | t   58.5s | sps  1680] ret_mean=2.000 ep_len=500.0 pi_loss=-0.016 v_loss=0.177 ent=2.652 kl=0.0118
[upd  193 | steps   98816 | t   58.7s | sps  1683] ret_mean=0.000 ep_len=500.0 pi_loss=-0.013 v_loss=0.075 ent=2.751 kl=0.0014
[upd  194 | steps   99328 | t   58.9s | sps  1686] ret_mean=63.000 ep_len=500.0 pi_loss=-0.013 v_loss=3.253 ent=2.306 kl=0.0133
[upd  195 | steps   99840 | t   59.1s | sps  1689] ret_mean=71.000 ep_len=500.0 pi_loss=-0.023 v_loss=2.397 ent=2.095 kl=0.0158
[upd  196 | steps  100352 | t   59.3s | sps  1692] ret_mean=0.000 ep_len=500.0 pi_loss=-0.008 v_loss=1.304 ent=2.327 kl=0.0037
[upd  197 | steps  100864 | t   59.5s | sps  1695] ret_mean=97.000 ep_len=500.0 pi_loss=-0.012 v_loss=1.714 ent=2.394 kl=0.0230
[upd  198 | steps  101376 | t   59.7s | sps  1697] ret_mean=0.000 ep_len=500.0 pi_loss=-0.018 v_loss=0.066 ent=2.963 kl=0.0331
[upd  199 | steps  101888 | t   59.9s | sps  1701] ret_mean=0.000 ep_len=500.0 pi_loss=-0.013 v_loss=0.631 ent=2.822 kl=0.0077
[upd  200 | steps  102400 | t   60.1s | sps  1705] ret_mean=20.500 ep_len=500.0 pi_loss=-0.015 v_loss=1.010 ent=2.609 kl=0.0044
        [eval] ret_mean=4.167 ep_len=500.0
[upd  201 | steps  102912 | t   64.9s | sps  1586] ret_mean=120.000 ep_len=500.0 pi_loss=-0.018 v_loss=4.627 ent=2.375 kl=0.0190
[upd  202 | steps  103424 | t   65.0s | sps  1590] ret_mean=0.000 ep_len=500.0 pi_loss=-0.010 v_loss=0.101 ent=2.394 kl=0.0057
[upd  203 | steps  103936 | t   65.2s | sps  1594] ret_mean=67.500 ep_len=500.0 pi_loss=-0.008 v_loss=2.119 ent=2.589 kl=0.0045
[upd  204 | steps  104448 | t   65.3s | sps  1598] ret_mean=0.000 ep_len=500.0 pi_loss=-0.018 v_loss=0.013 ent=2.538 kl=0.0046
[upd  205 | steps  104960 | t   65.5s | sps  1602] ret_mean=0.000 ep_len=500.0 pi_loss=-0.015 v_loss=0.147 ent=3.038 kl=0.0157
[upd  206 | steps  105472 | t   65.7s | sps  1606] ret_mean=42.000 ep_len=500.0 pi_loss=-0.011 v_loss=1.962 ent=2.560 kl=-0.0013
[upd  207 | steps  105984 | t   65.8s | sps  1610] ret_mean=108.000 ep_len=500.0 pi_loss=-0.013 v_loss=3.934 ent=2.346 kl=0.0054
[upd  208 | steps  106496 | t   66.0s | sps  1614] ret_mean=98.500 ep_len=500.0 pi_loss=-0.012 v_loss=4.048 ent=2.414 kl=0.0239
[upd  209 | steps  107008 | t   66.1s | sps  1618] ret_mean=83.000 ep_len=500.0 pi_loss=-0.013 v_loss=2.678 ent=2.709 kl=0.0082
[upd  210 | steps  107520 | t   66.3s | sps  1622] ret_mean=0.000 ep_len=500.0 pi_loss=-0.012 v_loss=0.096 ent=3.059 kl=0.0102
[upd  211 | steps  108032 | t   66.4s | sps  1626] ret_mean=0.000 ep_len=500.0 pi_loss=-0.012 v_loss=0.088 ent=3.145 kl=0.0140
[upd  212 | steps  108544 | t   66.6s | sps  1630] ret_mean=0.000 ep_len=500.0 pi_loss=-0.016 v_loss=0.101 ent=3.088 kl=0.0054
[upd  213 | steps  109056 | t   66.8s | sps  1634] ret_mean=0.000 ep_len=500.0 pi_loss=-0.013 v_loss=1.125 ent=2.325 kl=0.0126
[upd  214 | steps  109568 | t   66.9s | sps  1637] ret_mean=44.500 ep_len=500.0 pi_loss=-0.014 v_loss=0.498 ent=2.820 kl=0.0099
[upd  215 | steps  110080 | t   67.1s | sps  1641] ret_mean=75.000 ep_len=500.0 pi_loss=-0.011 v_loss=3.361 ent=2.412 kl=0.0159
[upd  216 | steps  110592 | t   67.2s | sps  1645] ret_mean=0.000 ep_len=500.0 pi_loss=-0.010 v_loss=0.102 ent=2.931 kl=0.0100
[upd  217 | steps  111104 | t   67.4s | sps  1649] ret_mean=0.000 ep_len=500.0 pi_loss=-0.014 v_loss=0.026 ent=2.732 kl=0.0029
[upd  218 | steps  111616 | t   67.5s | sps  1652] ret_mean=0.000 ep_len=500.0 pi_loss=-0.012 v_loss=1.037 ent=2.549 kl=0.0038
[upd  219 | steps  112128 | t   67.7s | sps  1656] ret_mean=95.000 ep_len=500.0 pi_loss=-0.015 v_loss=3.698 ent=2.370 kl=0.0120
[upd  220 | steps  112640 | t   67.9s | sps  1660] ret_mean=63.500 ep_len=500.0 pi_loss=-0.011 v_loss=2.994 ent=2.510 kl=0.0015
[upd  221 | steps  113152 | t   68.0s | sps  1664] ret_mean=43.500 ep_len=500.0 pi_loss=-0.014 v_loss=2.358 ent=2.818 kl=-0.0002
[upd  222 | steps  113664 | t   68.2s | sps  1668] ret_mean=113.500 ep_len=500.0 pi_loss=-0.014 v_loss=4.030 ent=2.326 kl=0.0109
[upd  223 | steps  114176 | t   68.3s | sps  1671] ret_mean=43.500 ep_len=500.0 pi_loss=-0.014 v_loss=0.715 ent=2.867 kl=0.0069
[upd  224 | steps  114688 | t   68.5s | sps  1675] ret_mean=69.500 ep_len=500.0 pi_loss=-0.005 v_loss=11.521 ent=1.880 kl=0.0067
[upd  225 | steps  115200 | t   68.6s | sps  1679] ret_mean=181.500 ep_len=500.0 pi_loss=-0.011 v_loss=2.815 ent=2.428 kl=0.0090
        [eval] ret_mean=16.750 ep_len=500.0
[upd  226 | steps  115712 | t   72.7s | sps  1593] ret_mean=97.000 ep_len=500.0 pi_loss=-0.007 v_loss=3.396 ent=2.048 kl=0.0108
[upd  227 | steps  116224 | t   72.9s | sps  1594] ret_mean=0.000 ep_len=500.0 pi_loss=-0.015 v_loss=0.201 ent=3.115 kl=0.0027
[upd  228 | steps  116736 | t   73.1s | sps  1596] ret_mean=123.000 ep_len=500.0 pi_loss=-0.013 v_loss=4.194 ent=2.347 kl=0.0076
[upd  229 | steps  117248 | t   73.3s | sps  1599] ret_mean=71.000 ep_len=500.0 pi_loss=-0.013 v_loss=3.087 ent=2.525 kl=0.0107
[upd  230 | steps  117760 | t   73.5s | sps  1601] ret_mean=0.000 ep_len=500.0 pi_loss=-0.011 v_loss=0.125 ent=3.214 kl=0.0127
[upd  231 | steps  118272 | t   73.8s | sps  1603] ret_mean=90.500 ep_len=500.0 pi_loss=-0.012 v_loss=4.161 ent=2.316 kl=0.0042
[upd  232 | steps  118784 | t   74.0s | sps  1605] ret_mean=73.500 ep_len=500.0 pi_loss=-0.015 v_loss=6.114 ent=2.135 kl=0.0049
[upd  233 | steps  119296 | t   74.2s | sps  1607] ret_mean=161.500 ep_len=500.0 pi_loss=-0.013 v_loss=5.996 ent=2.119 kl=0.0085
[upd  234 | steps  119808 | t   74.4s | sps  1611] ret_mean=0.000 ep_len=500.0 pi_loss=-0.014 v_loss=0.771 ent=2.183 kl=0.0037
[upd  235 | steps  120320 | t   74.5s | sps  1614] ret_mean=105.000 ep_len=500.0 pi_loss=-0.012 v_loss=3.017 ent=2.385 kl=0.0119
[upd  236 | steps  120832 | t   74.7s | sps  1618] ret_mean=59.000 ep_len=500.0 pi_loss=-0.012 v_loss=0.853 ent=2.924 kl=0.0088
[upd  237 | steps  121344 | t   74.9s | sps  1621] ret_mean=0.000 ep_len=500.0 pi_loss=-0.015 v_loss=0.548 ent=2.749 kl=0.0032
[upd  238 | steps  121856 | t   75.0s | sps  1625] ret_mean=34.000 ep_len=500.0 pi_loss=-0.010 v_loss=1.259 ent=2.823 kl=0.0106
[upd  239 | steps  122368 | t   75.2s | sps  1627] ret_mean=49.500 ep_len=500.0 pi_loss=-0.011 v_loss=1.256 ent=2.999 kl=0.0002
[upd  240 | steps  122880 | t   75.4s | sps  1631] ret_mean=45.500 ep_len=500.0 pi_loss=-0.009 v_loss=1.479 ent=2.717 kl=0.0003
[upd  241 | steps  123392 | t   75.5s | sps  1634] ret_mean=0.000 ep_len=500.0 pi_loss=-0.014 v_loss=0.398 ent=3.046 kl=0.0074
[upd  242 | steps  123904 | t   75.7s | sps  1638] ret_mean=23.500 ep_len=500.0 pi_loss=-0.010 v_loss=1.636 ent=2.844 kl=0.0030
[upd  243 | steps  124416 | t   75.8s | sps  1641] ret_mean=64.000 ep_len=500.0 pi_loss=-0.009 v_loss=0.734 ent=2.789 kl=0.0084
[upd  244 | steps  124928 | t   76.0s | sps  1644] ret_mean=0.000 ep_len=500.0 pi_loss=-0.012 v_loss=1.377 ent=2.698 kl=0.0047
[upd  245 | steps  125440 | t   76.1s | sps  1648] ret_mean=37.500 ep_len=500.0 pi_loss=-0.013 v_loss=0.234 ent=2.887 kl=0.0141
[upd  246 | steps  125952 | t   76.3s | sps  1651] ret_mean=0.000 ep_len=500.0 pi_loss=-0.015 v_loss=0.118 ent=3.037 kl=0.0139
[upd  247 | steps  126464 | t   76.4s | sps  1654] ret_mean=35.000 ep_len=500.0 pi_loss=-0.011 v_loss=3.882 ent=2.474 kl=0.0002
[upd  248 | steps  126976 | t   76.6s | sps  1658] ret_mean=77.500 ep_len=500.0 pi_loss=-0.012 v_loss=0.448 ent=3.057 kl=0.0072
[upd  249 | steps  127488 | t   76.8s | sps  1661] ret_mean=0.000 ep_len=500.0 pi_loss=-0.015 v_loss=0.038 ent=3.030 kl=0.0176
[upd  250 | steps  128000 | t   76.9s | sps  1664] ret_mean=0.000 ep_len=500.0 pi_loss=-0.009 v_loss=0.240 ent=2.977 kl=0.0072
        [eval] ret_mean=19.150 ep_len=500.0
[upd  251 | steps  128512 | t   80.8s | sps  1590] ret_mean=46.500 ep_len=500.0 pi_loss=-0.016 v_loss=2.041 ent=2.662 kl=0.0136
[upd  252 | steps  129024 | t   81.0s | sps  1593] ret_mean=0.000 ep_len=500.0 pi_loss=-0.012 v_loss=0.073 ent=2.755 kl=0.0082
[upd  253 | steps  129536 | t   81.1s | sps  1596] ret_mean=52.500 ep_len=500.0 pi_loss=-0.014 v_loss=2.634 ent=2.075 kl=0.0100
[upd  254 | steps  130048 | t   81.3s | sps  1600] ret_mean=127.000 ep_len=500.0 pi_loss=-0.013 v_loss=5.167 ent=1.914 kl=0.0064
[upd  255 | steps  130560 | t   81.4s | sps  1603] ret_mean=32.000 ep_len=500.0 pi_loss=-0.010 v_loss=1.314 ent=2.530 kl=0.0060
[upd  256 | steps  131072 | t   81.6s | sps  1606] ret_mean=38.500 ep_len=500.0 pi_loss=-0.015 v_loss=1.859 ent=2.748 kl=0.0052
[upd  257 | steps  131584 | t   81.8s | sps  1608] ret_mean=64.500 ep_len=500.0 pi_loss=-0.010 v_loss=1.852 ent=2.853 kl=0.0058
[upd  258 | steps  132096 | t   82.0s | sps  1611] ret_mean=36.500 ep_len=500.0 pi_loss=-0.013 v_loss=1.426 ent=2.686 kl=0.0064
[upd  259 | steps  132608 | t   82.1s | sps  1615] ret_mean=76.000 ep_len=500.0 pi_loss=-0.012 v_loss=3.686 ent=2.223 kl=0.0117
[upd  260 | steps  133120 | t   82.3s | sps  1618] ret_mean=0.000 ep_len=500.0 pi_loss=-0.012 v_loss=0.519 ent=3.150 kl=0.0031
[upd  261 | steps  133632 | t   82.4s | sps  1621] ret_mean=97.500 ep_len=500.0 pi_loss=-0.009 v_loss=3.273 ent=2.201 kl=0.0017
[upd  262 | steps  134144 | t   82.6s | sps  1624] ret_mean=37.000 ep_len=500.0 pi_loss=-0.011 v_loss=1.512 ent=2.581 kl=0.0058
[upd  263 | steps  134656 | t   82.8s | sps  1627] ret_mean=135.000 ep_len=500.0 pi_loss=-0.014 v_loss=6.747 ent=2.170 kl=0.0108
[upd  264 | steps  135168 | t   82.9s | sps  1630] ret_mean=26.000 ep_len=500.0 pi_loss=-0.013 v_loss=3.913 ent=2.317 kl=0.0047
[upd  265 | steps  135680 | t   83.1s | sps  1633] ret_mean=115.000 ep_len=500.0 pi_loss=-0.010 v_loss=3.778 ent=2.066 kl=0.0077
[upd  266 | steps  136192 | t   83.2s | sps  1636] ret_mean=108.500 ep_len=500.0 pi_loss=-0.013 v_loss=7.359 ent=1.826 kl=0.0073
[upd  267 | steps  136704 | t   83.4s | sps  1639] ret_mean=154.000 ep_len=500.0 pi_loss=-0.013 v_loss=3.688 ent=1.871 kl=0.0149
[upd  268 | steps  137216 | t   83.6s | sps  1642] ret_mean=0.000 ep_len=500.0 pi_loss=-0.008 v_loss=1.126 ent=2.611 kl=0.0081
[upd  269 | steps  137728 | t   83.7s | sps  1645] ret_mean=82.000 ep_len=500.0 pi_loss=-0.010 v_loss=2.025 ent=2.275 kl=0.0097
[upd  270 | steps  138240 | t   83.9s | sps  1648] ret_mean=0.000 ep_len=500.0 pi_loss=-0.013 v_loss=0.925 ent=2.414 kl=0.0066
[upd  271 | steps  138752 | t   84.0s | sps  1651] ret_mean=82.000 ep_len=500.0 pi_loss=-0.009 v_loss=3.755 ent=1.642 kl=0.0198
[upd  272 | steps  139264 | t   84.2s | sps  1655] ret_mean=134.500 ep_len=500.0 pi_loss=-0.016 v_loss=3.584 ent=2.046 kl=0.0126
[upd  273 | steps  139776 | t   84.3s | sps  1658] ret_mean=1.500 ep_len=500.0 pi_loss=-0.011 v_loss=2.815 ent=2.537 kl=0.0057
[upd  274 | steps  140288 | t   84.5s | sps  1661] ret_mean=95.000 ep_len=500.0 pi_loss=-0.009 v_loss=3.248 ent=2.238 kl=0.0087
[upd  275 | steps  140800 | t   84.6s | sps  1663] ret_mean=61.000 ep_len=500.0 pi_loss=-0.009 v_loss=1.556 ent=2.759 kl=0.0012
        [eval] ret_mean=30.867 ep_len=500.0
[upd  276 | steps  141312 | t   88.5s | sps  1597] ret_mean=21.000 ep_len=500.0 pi_loss=-0.011 v_loss=1.146 ent=2.728 kl=0.0085
[upd  277 | steps  141824 | t   88.7s | sps  1600] ret_mean=95.500 ep_len=500.0 pi_loss=-0.014 v_loss=3.068 ent=2.237 kl=-0.0011
[upd  278 | steps  142336 | t   88.8s | sps  1603] ret_mean=199.000 ep_len=500.0 pi_loss=-0.014 v_loss=10.010 ent=1.610 kl=0.0125
[upd  279 | steps  142848 | t   89.0s | sps  1606] ret_mean=68.500 ep_len=500.0 pi_loss=-0.014 v_loss=2.932 ent=2.245 kl=0.0125
[upd  280 | steps  143360 | t   89.1s | sps  1608] ret_mean=119.500 ep_len=500.0 pi_loss=-0.015 v_loss=2.493 ent=2.125 kl=0.0041
[upd  281 | steps  143872 | t   89.3s | sps  1611] ret_mean=88.500 ep_len=500.0 pi_loss=-0.009 v_loss=4.423 ent=2.077 kl=-0.0000
[upd  282 | steps  144384 | t   89.4s | sps  1614] ret_mean=162.000 ep_len=500.0 pi_loss=-0.010 v_loss=5.545 ent=1.767 kl=0.0006
[upd  283 | steps  144896 | t   89.6s | sps  1617] ret_mean=24.000 ep_len=500.0 pi_loss=-0.012 v_loss=1.565 ent=2.345 kl=0.0026
[upd  284 | steps  145408 | t   89.7s | sps  1620] ret_mean=161.500 ep_len=500.0 pi_loss=-0.007 v_loss=7.004 ent=1.706 kl=0.0081
[upd  285 | steps  145920 | t   89.9s | sps  1623] ret_mean=106.000 ep_len=500.0 pi_loss=-0.014 v_loss=2.226 ent=2.224 kl=0.0088
[upd  286 | steps  146432 | t   90.1s | sps  1626] ret_mean=20.000 ep_len=500.0 pi_loss=-0.005 v_loss=1.038 ent=2.454 kl=0.0049
[upd  287 | steps  146944 | t   90.2s | sps  1629] ret_mean=0.000 ep_len=500.0 pi_loss=-0.016 v_loss=0.929 ent=2.690 kl=0.0082
[upd  288 | steps  147456 | t   90.4s | sps  1631] ret_mean=15.500 ep_len=500.0 pi_loss=-0.008 v_loss=5.215 ent=2.328 kl=0.0071
[upd  289 | steps  147968 | t   90.5s | sps  1634] ret_mean=183.500 ep_len=500.0 pi_loss=-0.010 v_loss=8.090 ent=1.543 kl=-0.0000
[upd  290 | steps  148480 | t   90.7s | sps  1637] ret_mean=118.000 ep_len=500.0 pi_loss=-0.013 v_loss=3.006 ent=2.146 kl=0.0100
[upd  291 | steps  148992 | t   90.9s | sps  1640] ret_mean=123.000 ep_len=500.0 pi_loss=-0.011 v_loss=3.857 ent=1.871 kl=0.0032
[upd  292 | steps  149504 | t   91.0s | sps  1643] ret_mean=119.500 ep_len=500.0 pi_loss=-0.013 v_loss=6.360 ent=1.656 kl=0.0033
[upd  293 | steps  150016 | t   91.2s | sps  1646] ret_mean=158.500 ep_len=500.0 pi_loss=-0.004 v_loss=7.734 ent=1.381 kl=0.0031
[upd  294 | steps  150528 | t   91.3s | sps  1649] ret_mean=203.000 ep_len=500.0 pi_loss=-0.010 v_loss=3.257 ent=2.208 kl=0.0084
[upd  295 | steps  151040 | t   91.5s | sps  1651] ret_mean=39.000 ep_len=500.0 pi_loss=-0.011 v_loss=5.086 ent=2.116 kl=0.0048
[upd  296 | steps  151552 | t   91.6s | sps  1654] ret_mean=73.000 ep_len=500.0 pi_loss=-0.011 v_loss=1.238 ent=2.696 kl=0.0012
[upd  297 | steps  152064 | t   91.8s | sps  1657] ret_mean=98.000 ep_len=500.0 pi_loss=-0.022 v_loss=2.092 ent=2.274 kl=0.0273
[upd  298 | steps  152576 | t   91.9s | sps  1660] ret_mean=7.500 ep_len=500.0 pi_loss=-0.011 v_loss=2.232 ent=2.444 kl=0.0076
[upd  299 | steps  153088 | t   92.1s | sps  1662] ret_mean=113.000 ep_len=500.0 pi_loss=-0.013 v_loss=2.555 ent=1.954 kl=0.0092
[upd  300 | steps  153600 | t   92.2s | sps  1665] ret_mean=115.500 ep_len=500.0 pi_loss=-0.013 v_loss=2.334 ent=1.821 kl=0.0136
        [eval] ret_mean=14.800 ep_len=500.0
[upd  301 | steps  154112 | t   96.1s | sps  1604] ret_mean=100.500 ep_len=500.0 pi_loss=-0.012 v_loss=2.998 ent=1.895 kl=0.0128
[upd  302 | steps  154624 | t   96.2s | sps  1607] ret_mean=42.500 ep_len=500.0 pi_loss=-0.011 v_loss=2.471 ent=2.109 kl=0.0055
[upd  303 | steps  155136 | t   96.4s | sps  1609] ret_mean=4.000 ep_len=500.0 pi_loss=-0.011 v_loss=1.808 ent=2.520 kl=0.0215
[upd  304 | steps  155648 | t   96.5s | sps  1612] ret_mean=123.500 ep_len=500.0 pi_loss=-0.006 v_loss=1.599 ent=1.852 kl=0.0055
[upd  305 | steps  156160 | t   96.7s | sps  1615] ret_mean=15.500 ep_len=500.0 pi_loss=-0.013 v_loss=1.576 ent=2.592 kl=0.0073
[upd  306 | steps  156672 | t   96.9s | sps  1618] ret_mean=80.500 ep_len=500.0 pi_loss=-0.008 v_loss=3.780 ent=1.906 kl=0.0036
[upd  307 | steps  157184 | t   97.0s | sps  1620] ret_mean=50.500 ep_len=500.0 pi_loss=-0.007 v_loss=1.668 ent=1.980 kl=0.0077
[upd  308 | steps  157696 | t   97.2s | sps  1623] ret_mean=91.500 ep_len=500.0 pi_loss=-0.010 v_loss=3.589 ent=2.076 kl=0.0153
[upd  309 | steps  158208 | t   97.3s | sps  1626] ret_mean=40.500 ep_len=500.0 pi_loss=-0.009 v_loss=2.106 ent=2.566 kl=0.0049
[upd  310 | steps  158720 | t   97.5s | sps  1628] ret_mean=0.000 ep_len=500.0 pi_loss=-0.016 v_loss=0.574 ent=2.236 kl=0.0109
[upd  311 | steps  159232 | t   97.6s | sps  1631] ret_mean=41.500 ep_len=500.0 pi_loss=-0.010 v_loss=1.970 ent=2.125 kl=0.0168
[upd  312 | steps  159744 | t   97.8s | sps  1634] ret_mean=67.000 ep_len=500.0 pi_loss=-0.010 v_loss=3.061 ent=1.863 kl=0.0053
[upd  313 | steps  160256 | t   97.9s | sps  1636] ret_mean=117.000 ep_len=500.0 pi_loss=-0.010 v_loss=2.101 ent=1.907 kl=0.0073
[upd  314 | steps  160768 | t   98.1s | sps  1639] ret_mean=0.000 ep_len=500.0 pi_loss=-0.011 v_loss=1.226 ent=2.133 kl=0.0060
[upd  315 | steps  161280 | t   98.2s | sps  1642] ret_mean=53.000 ep_len=500.0 pi_loss=-0.012 v_loss=2.020 ent=2.504 kl=0.0017
[upd  316 | steps  161792 | t   98.4s | sps  1644] ret_mean=32.000 ep_len=500.0 pi_loss=-0.008 v_loss=1.557 ent=1.977 kl=0.0020
[upd  317 | steps  162304 | t   98.5s | sps  1647] ret_mean=93.500 ep_len=500.0 pi_loss=-0.008 v_loss=2.695 ent=1.872 kl=0.0004
[upd  318 | steps  162816 | t   98.7s | sps  1650] ret_mean=116.500 ep_len=500.0 pi_loss=-0.014 v_loss=5.833 ent=1.771 kl=0.0091
[upd  319 | steps  163328 | t   98.8s | sps  1652] ret_mean=128.500 ep_len=500.0 pi_loss=-0.009 v_loss=4.084 ent=1.772 kl=0.0038
[upd  320 | steps  163840 | t   99.0s | sps  1654] ret_mean=107.500 ep_len=500.0 pi_loss=-0.011 v_loss=4.057 ent=1.880 kl=0.0042
[upd  321 | steps  164352 | t   99.2s | sps  1657] ret_mean=129.000 ep_len=500.0 pi_loss=-0.010 v_loss=3.400 ent=1.852 kl=0.0053
[upd  322 | steps  164864 | t   99.4s | sps  1659] ret_mean=75.000 ep_len=500.0 pi_loss=-0.016 v_loss=2.475 ent=2.556 kl=0.0130
[upd  323 | steps  165376 | t   99.5s | sps  1662] ret_mean=125.500 ep_len=500.0 pi_loss=-0.010 v_loss=3.349 ent=1.995 kl=0.0037
[upd  324 | steps  165888 | t   99.7s | sps  1664] ret_mean=57.000 ep_len=500.0 pi_loss=-0.010 v_loss=1.312 ent=2.453 kl=0.0087
[upd  325 | steps  166400 | t   99.8s | sps  1667] ret_mean=116.500 ep_len=500.0 pi_loss=-0.008 v_loss=8.773 ent=1.741 kl=0.0040
        [eval] ret_mean=11.750 ep_len=500.0
[upd  326 | steps  166912 | t  104.4s | sps  1599] ret_mean=75.000 ep_len=500.0 pi_loss=-0.018 v_loss=2.572 ent=2.524 kl=0.0114
[upd  327 | steps  167424 | t  104.5s | sps  1601] ret_mean=12.000 ep_len=500.0 pi_loss=-0.011 v_loss=2.424 ent=2.595 kl=0.0049
[upd  328 | steps  167936 | t  104.7s | sps  1604] ret_mean=115.500 ep_len=500.0 pi_loss=-0.006 v_loss=2.730 ent=1.914 kl=0.0060
[upd  329 | steps  168448 | t  104.9s | sps  1606] ret_mean=85.000 ep_len=500.0 pi_loss=-0.008 v_loss=3.069 ent=2.116 kl=-0.0015
[upd  330 | steps  168960 | t  105.0s | sps  1609] ret_mean=168.000 ep_len=500.0 pi_loss=-0.014 v_loss=6.014 ent=1.759 kl=0.0097
[upd  331 | steps  169472 | t  105.2s | sps  1611] ret_mean=107.500 ep_len=500.0 pi_loss=-0.008 v_loss=2.498 ent=1.834 kl=0.0172
[upd  332 | steps  169984 | t  105.4s | sps  1613] ret_mean=103.000 ep_len=500.0 pi_loss=-0.013 v_loss=2.532 ent=1.937 kl=0.0193
[upd  333 | steps  170496 | t  105.6s | sps  1615] ret_mean=119.000 ep_len=500.0 pi_loss=-0.017 v_loss=3.853 ent=1.843 kl=0.0166
[upd  334 | steps  171008 | t  105.7s | sps  1618] ret_mean=179.500 ep_len=500.0 pi_loss=-0.006 v_loss=7.485 ent=1.624 kl=0.0007
[upd  335 | steps  171520 | t  105.9s | sps  1620] ret_mean=169.000 ep_len=500.0 pi_loss=-0.008 v_loss=5.078 ent=1.815 kl=0.0048
[upd  336 | steps  172032 | t  106.1s | sps  1622] ret_mean=131.000 ep_len=500.0 pi_loss=-0.011 v_loss=6.289 ent=1.650 kl=0.0077
[upd  337 | steps  172544 | t  106.3s | sps  1623] ret_mean=173.000 ep_len=500.0 pi_loss=-0.007 v_loss=5.397 ent=1.821 kl=0.0067
[upd  338 | steps  173056 | t  106.5s | sps  1625] ret_mean=0.000 ep_len=500.0 pi_loss=-0.010 v_loss=3.864 ent=2.470 kl=0.0047
[upd  339 | steps  173568 | t  106.6s | sps  1628] ret_mean=163.500 ep_len=500.0 pi_loss=-0.006 v_loss=3.254 ent=1.585 kl=0.0037
[upd  340 | steps  174080 | t  106.8s | sps  1630] ret_mean=139.500 ep_len=500.0 pi_loss=-0.011 v_loss=6.847 ent=1.619 kl=0.0042
[upd  341 | steps  174592 | t  106.9s | sps  1633] ret_mean=170.000 ep_len=500.0 pi_loss=-0.006 v_loss=5.017 ent=1.652 kl=0.0006
[upd  342 | steps  175104 | t  107.1s | sps  1635] ret_mean=175.500 ep_len=500.0 pi_loss=-0.012 v_loss=5.391 ent=1.852 kl=-0.0008
[upd  343 | steps  175616 | t  107.3s | sps  1637] ret_mean=138.500 ep_len=500.0 pi_loss=-0.012 v_loss=5.285 ent=1.741 kl=0.0113
[upd  344 | steps  176128 | t  107.4s | sps  1640] ret_mean=169.500 ep_len=500.0 pi_loss=-0.013 v_loss=5.542 ent=1.865 kl=0.0098
[upd  345 | steps  176640 | t  107.6s | sps  1642] ret_mean=148.000 ep_len=500.0 pi_loss=-0.011 v_loss=4.481 ent=1.878 kl=0.0116
[upd  346 | steps  177152 | t  107.7s | sps  1644] ret_mean=71.000 ep_len=500.0 pi_loss=-0.007 v_loss=2.132 ent=2.269 kl=-0.0024
[upd  347 | steps  177664 | t  107.9s | sps  1647] ret_mean=109.000 ep_len=500.0 pi_loss=-0.010 v_loss=3.975 ent=2.007 kl=0.0099
[upd  348 | steps  178176 | t  108.0s | sps  1649] ret_mean=107.000 ep_len=500.0 pi_loss=-0.012 v_loss=1.705 ent=1.900 kl=0.0076
[upd  349 | steps  178688 | t  108.2s | sps  1651] ret_mean=118.000 ep_len=500.0 pi_loss=-0.013 v_loss=3.058 ent=1.954 kl=0.0081
[upd  350 | steps  179200 | t  108.4s | sps  1654] ret_mean=83.500 ep_len=500.0 pi_loss=-0.009 v_loss=4.249 ent=1.710 kl=0.0016
        [eval] ret_mean=48.367 ep_len=500.0
[upd  351 | steps  179712 | t  112.3s | sps  1600] ret_mean=154.500 ep_len=500.0 pi_loss=-0.011 v_loss=4.117 ent=1.606 kl=0.0079
[upd  352 | steps  180224 | t  112.5s | sps  1602] ret_mean=41.000 ep_len=500.0 pi_loss=-0.010 v_loss=2.669 ent=2.314 kl=0.0008
[upd  353 | steps  180736 | t  112.6s | sps  1605] ret_mean=102.500 ep_len=500.0 pi_loss=-0.012 v_loss=2.241 ent=1.878 kl=0.0068
[upd  354 | steps  181248 | t  112.8s | sps  1607] ret_mean=103.000 ep_len=500.0 pi_loss=-0.011 v_loss=3.491 ent=1.900 kl=0.0084
[upd  355 | steps  181760 | t  112.9s | sps  1609] ret_mean=158.000 ep_len=500.0 pi_loss=-0.008 v_loss=5.157 ent=1.593 kl=0.0018
[upd  356 | steps  182272 | t  113.1s | sps  1612] ret_mean=178.000 ep_len=500.0 pi_loss=-0.007 v_loss=5.062 ent=1.706 kl=0.0055
[upd  357 | steps  182784 | t  113.3s | sps  1614] ret_mean=158.000 ep_len=500.0 pi_loss=-0.011 v_loss=4.491 ent=1.790 kl=0.0139
[upd  358 | steps  183296 | t  113.4s | sps  1616] ret_mean=3.000 ep_len=500.0 pi_loss=-0.012 v_loss=3.119 ent=2.429 kl=0.0016
[upd  359 | steps  183808 | t  113.6s | sps  1618] ret_mean=88.500 ep_len=500.0 pi_loss=-0.015 v_loss=3.723 ent=1.974 kl=0.0067
[upd  360 | steps  184320 | t  113.7s | sps  1621] ret_mean=151.500 ep_len=500.0 pi_loss=-0.008 v_loss=4.291 ent=1.736 kl=0.0037
[upd  361 | steps  184832 | t  113.9s | sps  1623] ret_mean=120.000 ep_len=500.0 pi_loss=-0.019 v_loss=5.863 ent=1.757 kl=0.0133
[upd  362 | steps  185344 | t  114.0s | sps  1625] ret_mean=167.500 ep_len=500.0 pi_loss=-0.013 v_loss=4.075 ent=1.823 kl=0.0111
[upd  363 | steps  185856 | t  114.2s | sps  1627] ret_mean=0.000 ep_len=500.0 pi_loss=-0.009 v_loss=4.161 ent=2.231 kl=0.0079
[upd  364 | steps  186368 | t  114.4s | sps  1630] ret_mean=185.000 ep_len=500.0 pi_loss=-0.006 v_loss=4.110 ent=1.736 kl=0.0082
[upd  365 | steps  186880 | t  114.5s | sps  1632] ret_mean=134.000 ep_len=500.0 pi_loss=-0.012 v_loss=3.970 ent=1.795 kl=0.0070
[upd  366 | steps  187392 | t  114.7s | sps  1634] ret_mean=163.500 ep_len=500.0 pi_loss=-0.017 v_loss=5.701 ent=1.687 kl=0.0018
[upd  367 | steps  187904 | t  114.8s | sps  1637] ret_mean=163.500 ep_len=500.0 pi_loss=-0.014 v_loss=4.648 ent=1.948 kl=0.0151
[upd  368 | steps  188416 | t  115.0s | sps  1639] ret_mean=118.000 ep_len=500.0 pi_loss=-0.004 v_loss=1.617 ent=1.954 kl=0.0019
[upd  369 | steps  188928 | t  115.1s | sps  1641] ret_mean=71.000 ep_len=500.0 pi_loss=-0.009 v_loss=5.731 ent=2.102 kl=0.0053
[upd  370 | steps  189440 | t  115.3s | sps  1643] ret_mean=170.500 ep_len=500.0 pi_loss=-0.004 v_loss=5.007 ent=1.571 kl=0.0013
[upd  371 | steps  189952 | t  115.4s | sps  1646] ret_mean=168.500 ep_len=500.0 pi_loss=-0.010 v_loss=2.876 ent=1.904 kl=0.0229
[upd  372 | steps  190464 | t  115.6s | sps  1648] ret_mean=50.500 ep_len=500.0 pi_loss=-0.011 v_loss=2.906 ent=2.362 kl=0.0077
[upd  373 | steps  190976 | t  115.8s | sps  1650] ret_mean=116.000 ep_len=500.0 pi_loss=-0.010 v_loss=2.404 ent=1.942 kl=0.0222
[upd  374 | steps  191488 | t  115.9s | sps  1652] ret_mean=76.000 ep_len=500.0 pi_loss=-0.010 v_loss=6.459 ent=1.965 kl=0.0060
[upd  375 | steps  192000 | t  116.1s | sps  1654] ret_mean=172.500 ep_len=500.0 pi_loss=-0.011 v_loss=4.207 ent=1.803 kl=0.0048
        [eval] ret_mean=31.050 ep_len=500.0
[upd  376 | steps  192512 | t  120.4s | sps  1599] ret_mean=122.000 ep_len=500.0 pi_loss=-0.016 v_loss=1.608 ent=1.971 kl=0.0087
[upd  377 | steps  193024 | t  120.6s | sps  1601] ret_mean=102.000 ep_len=500.0 pi_loss=-0.012 v_loss=4.468 ent=1.966 kl=0.0131
[upd  378 | steps  193536 | t  120.8s | sps  1603] ret_mean=22.000 ep_len=500.0 pi_loss=-0.013 v_loss=3.921 ent=2.504 kl=-0.0031
[upd  379 | steps  194048 | t  121.0s | sps  1604] ret_mean=179.500 ep_len=500.0 pi_loss=-0.006 v_loss=6.567 ent=1.679 kl=-0.0009
[upd  380 | steps  194560 | t  121.2s | sps  1606] ret_mean=137.000 ep_len=500.0 pi_loss=-0.012 v_loss=4.214 ent=1.769 kl=0.0142
[upd  381 | steps  195072 | t  121.4s | sps  1607] ret_mean=98.000 ep_len=500.0 pi_loss=-0.012 v_loss=2.460 ent=2.061 kl=0.0072
[upd  382 | steps  195584 | t  121.6s | sps  1609] ret_mean=98.000 ep_len=500.0 pi_loss=-0.017 v_loss=4.278 ent=2.038 kl=0.0086
[upd  383 | steps  196096 | t  121.8s | sps  1610] ret_mean=160.500 ep_len=500.0 pi_loss=-0.010 v_loss=5.203 ent=1.721 kl=0.0180
[upd  384 | steps  196608 | t  122.0s | sps  1612] ret_mean=95.500 ep_len=500.0 pi_loss=-0.008 v_loss=4.536 ent=2.112 kl=0.0092
[upd  385 | steps  197120 | t  122.1s | sps  1614] ret_mean=151.500 ep_len=500.0 pi_loss=-0.008 v_loss=5.616 ent=1.546 kl=0.0049
[upd  386 | steps  197632 | t  122.3s | sps  1616] ret_mean=203.000 ep_len=500.0 pi_loss=-0.010 v_loss=5.708 ent=1.549 kl=0.0004
[upd  387 | steps  198144 | t  122.5s | sps  1618] ret_mean=150.000 ep_len=500.0 pi_loss=-0.009 v_loss=4.400 ent=1.718 kl=0.0039
[upd  388 | steps  198656 | t  122.6s | sps  1620] ret_mean=197.000 ep_len=500.0 pi_loss=-0.012 v_loss=5.310 ent=1.660 kl=0.0062
[upd  389 | steps  199168 | t  122.8s | sps  1622] ret_mean=119.500 ep_len=500.0 pi_loss=-0.014 v_loss=2.791 ent=2.099 kl=0.0122
[upd  390 | steps  199680 | t  123.0s | sps  1624] ret_mean=114.500 ep_len=500.0 pi_loss=-0.014 v_loss=3.759 ent=1.897 kl=0.0035
[upd  391 | steps  200192 | t  123.1s | sps  1626] ret_mean=153.000 ep_len=500.0 pi_loss=-0.009 v_loss=3.439 ent=1.833 kl=0.0202
[upd  392 | steps  200704 | t  123.3s | sps  1628] ret_mean=143.500 ep_len=500.0 pi_loss=-0.007 v_loss=5.870 ent=1.737 kl=0.0089
[upd  393 | steps  201216 | t  123.4s | sps  1630] ret_mean=148.500 ep_len=500.0 pi_loss=-0.007 v_loss=4.064 ent=1.986 kl=0.0130
[upd  394 | steps  201728 | t  123.6s | sps  1632] ret_mean=85.500 ep_len=500.0 pi_loss=-0.015 v_loss=3.995 ent=1.903 kl=0.0157
[upd  395 | steps  202240 | t  123.8s | sps  1634] ret_mean=138.000 ep_len=500.0 pi_loss=-0.003 v_loss=4.525 ent=1.795 kl=0.0018
[upd  396 | steps  202752 | t  123.9s | sps  1636] ret_mean=171.500 ep_len=500.0 pi_loss=-0.013 v_loss=4.626 ent=1.783 kl=0.0031
[upd  397 | steps  203264 | t  124.1s | sps  1638] ret_mean=149.500 ep_len=500.0 pi_loss=-0.010 v_loss=4.892 ent=1.677 kl=0.0066
[upd  398 | steps  203776 | t  124.3s | sps  1640] ret_mean=195.000 ep_len=500.0 pi_loss=-0.009 v_loss=6.406 ent=1.674 kl=0.0059
[upd  399 | steps  204288 | t  124.4s | sps  1642] ret_mean=186.500 ep_len=500.0 pi_loss=-0.008 v_loss=3.903 ent=1.920 kl=0.0129
[upd  400 | steps  204800 | t  124.6s | sps  1644] ret_mean=137.000 ep_len=500.0 pi_loss=-0.014 v_loss=4.179 ent=2.190 kl=0.0117
        [eval] ret_mean=45.583 ep_len=500.0
