$ /Users/samchen/Coding/CLASSES/CS2860/.venv/bin/python3 -m policies.train --env rware-small-2ag-v2 --seed 3 --updates 300 --rollout 512 --eval-every 25 --eval-episodes 30 --log-dir matrix_results/diagnostics_v1_sam/comm_2ag/headroom/rware-small-2ag-v2 --run-name mappo-heartbeat-only__delay-dropout__d30__s3 --n-msg-tokens 8 --no-comm --heartbeat --heartbeat-period 1 --heartbeat-max-age-clip 128 --heartbeat-delay 30 --dropout --dropout-window-start 200 --dropout-window-end 350 --shape-rewards --pickup-bonus 0.5

[env] EnvSpec(env_id='rware-small-2ag-v2', n_agents=2, obs_dim=73, n_env_actions=5, noop_action=0, family='rware')  (n_msg_tokens=1)
[cfg] {'clip_range': 0.2, 'value_clip_range': 0.2, 'entropy_coef': 0.01, 'value_coef': 0.5, 'max_grad_norm': 0.5, 'gamma': 0.99, 'gae_lambda': 0.95, 'lr_actor': 0.0003, 'lr_critic': 0.001, 'update_epochs': 4, 'minibatches': 4, 'hidden': 128, 'depth': 2, 'device': 'cpu', 'extra': {}}
[log] writing to matrix_results/diagnostics_v1_sam/comm_2ag/headroom/rware-small-2ag-v2/mappo-heartbeat-only__delay-dropout__d30__s3
[upd    1 | steps     512 | t    0.2s | sps  3108] ret_mean=1.500 ep_len=500.0 pi_loss=-0.006 v_loss=0.099 ent=1.607 kl=0.0017
[upd    2 | steps    1024 | t    0.3s | sps  3241] ret_mean=0.000 ep_len=500.0 pi_loss=-0.006 v_loss=0.008 ent=1.599 kl=0.0049
[upd    3 | steps    1536 | t    0.5s | sps  3362] ret_mean=0.000 ep_len=500.0 pi_loss=-0.006 v_loss=0.008 ent=1.595 kl=0.0039
[upd    4 | steps    2048 | t    0.6s | sps  3371] ret_mean=0.000 ep_len=500.0 pi_loss=-0.010 v_loss=0.013 ent=1.588 kl=0.0039
[upd    5 | steps    2560 | t    0.8s | sps  3241] ret_mean=0.000 ep_len=500.0 pi_loss=-0.007 v_loss=0.005 ent=1.515 kl=0.0044
[upd    6 | steps    3072 | t    0.9s | sps  3288] ret_mean=0.000 ep_len=500.0 pi_loss=-0.010 v_loss=0.003 ent=1.584 kl=0.0095
[upd    7 | steps    3584 | t    1.1s | sps  3311] ret_mean=1.500 ep_len=500.0 pi_loss=-0.000 v_loss=0.012 ent=1.597 kl=0.0018
[upd    8 | steps    4096 | t    1.2s | sps  3339] ret_mean=0.000 ep_len=500.0 pi_loss=-0.007 v_loss=0.006 ent=1.581 kl=0.0096
[upd    9 | steps    4608 | t    1.4s | sps  3361] ret_mean=0.000 ep_len=500.0 pi_loss=-0.003 v_loss=0.005 ent=1.549 kl=0.0119
[upd   10 | steps    5120 | t    1.5s | sps  3370] ret_mean=0.000 ep_len=500.0 pi_loss=-0.003 v_loss=0.004 ent=1.527 kl=0.0017
[upd   11 | steps    5632 | t    1.7s | sps  3390] ret_mean=0.000 ep_len=500.0 pi_loss=-0.006 v_loss=0.011 ent=1.384 kl=0.0175
[upd   12 | steps    6144 | t    1.8s | sps  3409] ret_mean=0.000 ep_len=500.0 pi_loss=-0.003 v_loss=0.010 ent=1.387 kl=0.0037
[upd   13 | steps    6656 | t    1.9s | sps  3420] ret_mean=0.000 ep_len=500.0 pi_loss=-0.004 v_loss=0.004 ent=1.365 kl=0.0027
[upd   14 | steps    7168 | t    2.1s | sps  3425] ret_mean=0.000 ep_len=500.0 pi_loss=-0.004 v_loss=0.003 ent=1.437 kl=0.0055
[upd   15 | steps    7680 | t    2.2s | sps  3429] ret_mean=0.500 ep_len=500.0 pi_loss=-0.005 v_loss=0.002 ent=1.420 kl=0.0057
[upd   16 | steps    8192 | t    2.4s | sps  3437] ret_mean=0.000 ep_len=500.0 pi_loss=-0.006 v_loss=0.002 ent=1.410 kl=0.0054
[upd   17 | steps    8704 | t    2.5s | sps  3435] ret_mean=0.000 ep_len=500.0 pi_loss=-0.007 v_loss=0.007 ent=1.221 kl=0.0093
[upd   18 | steps    9216 | t    2.7s | sps  3435] ret_mean=0.000 ep_len=500.0 pi_loss=-0.007 v_loss=0.004 ent=1.258 kl=0.0026
[upd   19 | steps    9728 | t    2.8s | sps  3436] ret_mean=0.000 ep_len=500.0 pi_loss=-0.002 v_loss=0.005 ent=1.340 kl=-0.0029
[upd   20 | steps   10240 | t    3.0s | sps  3434] ret_mean=0.000 ep_len=500.0 pi_loss=-0.004 v_loss=0.003 ent=1.469 kl=0.0051
[upd   21 | steps   10752 | t    3.1s | sps  3440] ret_mean=0.000 ep_len=500.0 pi_loss=-0.004 v_loss=0.001 ent=1.238 kl=0.0014
[upd   22 | steps   11264 | t    3.3s | sps  3445] ret_mean=0.000 ep_len=500.0 pi_loss=-0.006 v_loss=0.003 ent=1.097 kl=-0.0002
[upd   23 | steps   11776 | t    3.4s | sps  3448] ret_mean=0.000 ep_len=500.0 pi_loss=-0.006 v_loss=0.002 ent=1.148 kl=0.0030
[upd   24 | steps   12288 | t    3.6s | sps  3454] ret_mean=0.000 ep_len=500.0 pi_loss=-0.002 v_loss=0.004 ent=1.452 kl=0.0071
[upd   25 | steps   12800 | t    3.7s | sps  3459] ret_mean=1.000 ep_len=500.0 pi_loss=-0.003 v_loss=0.001 ent=1.336 kl=0.0079
        [eval] ret_mean=0.000 ep_len=500.0
[upd   26 | steps   13312 | t    7.3s | sps  1824] ret_mean=0.000 ep_len=500.0 pi_loss=-0.007 v_loss=0.004 ent=1.550 kl=0.0042
[upd   27 | steps   13824 | t    7.4s | sps  1856] ret_mean=0.000 ep_len=500.0 pi_loss=-0.002 v_loss=0.004 ent=1.483 kl=0.0067
[upd   28 | steps   14336 | t    7.6s | sps  1887] ret_mean=0.000 ep_len=500.0 pi_loss=-0.007 v_loss=0.001 ent=1.325 kl=0.0029
[upd   29 | steps   14848 | t    7.7s | sps  1918] ret_mean=0.000 ep_len=500.0 pi_loss=-0.007 v_loss=0.001 ent=1.455 kl=0.0101
[upd   30 | steps   15360 | t    7.9s | sps  1947] ret_mean=0.000 ep_len=500.0 pi_loss=-0.008 v_loss=0.001 ent=1.296 kl=0.0158
[upd   31 | steps   15872 | t    8.0s | sps  1977] ret_mean=0.000 ep_len=500.0 pi_loss=-0.007 v_loss=0.001 ent=1.088 kl=0.0130
[upd   32 | steps   16384 | t    8.2s | sps  2006] ret_mean=0.000 ep_len=500.0 pi_loss=-0.005 v_loss=0.001 ent=1.065 kl=0.0101
[upd   33 | steps   16896 | t    8.3s | sps  2033] ret_mean=0.000 ep_len=500.0 pi_loss=-0.008 v_loss=0.001 ent=1.113 kl=-0.0007
[upd   34 | steps   17408 | t    8.5s | sps  2059] ret_mean=0.000 ep_len=500.0 pi_loss=-0.008 v_loss=0.001 ent=1.351 kl=0.0033
[upd   35 | steps   17920 | t    8.6s | sps  2085] ret_mean=0.000 ep_len=500.0 pi_loss=-0.001 v_loss=0.001 ent=1.118 kl=0.0016
[upd   36 | steps   18432 | t    8.7s | sps  2108] ret_mean=0.000 ep_len=500.0 pi_loss=-0.011 v_loss=0.002 ent=1.266 kl=0.0032
[upd   37 | steps   18944 | t    8.9s | sps  2133] ret_mean=5.000 ep_len=500.0 pi_loss=-0.006 v_loss=0.032 ent=1.261 kl=0.0164
[upd   38 | steps   19456 | t    9.0s | sps  2156] ret_mean=0.000 ep_len=500.0 pi_loss=-0.007 v_loss=0.012 ent=0.993 kl=0.0105
[upd   39 | steps   19968 | t    9.2s | sps  2179] ret_mean=2.000 ep_len=500.0 pi_loss=-0.005 v_loss=0.001 ent=1.247 kl=0.0023
[upd   40 | steps   20480 | t    9.3s | sps  2201] ret_mean=0.000 ep_len=500.0 pi_loss=-0.008 v_loss=0.014 ent=1.119 kl=0.0054
[upd   41 | steps   20992 | t    9.4s | sps  2222] ret_mean=2.000 ep_len=500.0 pi_loss=-0.003 v_loss=0.001 ent=1.082 kl=0.0078
[upd   42 | steps   21504 | t    9.6s | sps  2243] ret_mean=0.000 ep_len=500.0 pi_loss=-0.004 v_loss=0.001 ent=1.142 kl=0.0038
[upd   43 | steps   22016 | t    9.7s | sps  2263] ret_mean=0.000 ep_len=500.0 pi_loss=-0.002 v_loss=0.002 ent=1.105 kl=0.0018
[upd   44 | steps   22528 | t    9.9s | sps  2282] ret_mean=0.000 ep_len=500.0 pi_loss=-0.007 v_loss=0.010 ent=1.124 kl=0.0082
[upd   45 | steps   23040 | t   10.0s | sps  2300] ret_mean=1.500 ep_len=500.0 pi_loss=-0.002 v_loss=0.002 ent=0.994 kl=0.0024
[upd   46 | steps   23552 | t   10.2s | sps  2318] ret_mean=0.000 ep_len=500.0 pi_loss=-0.010 v_loss=0.001 ent=1.204 kl=0.0049
[upd   47 | steps   24064 | t   10.3s | sps  2337] ret_mean=0.000 ep_len=500.0 pi_loss=-0.005 v_loss=0.001 ent=0.969 kl=0.0240
[upd   48 | steps   24576 | t   10.4s | sps  2355] ret_mean=0.000 ep_len=500.0 pi_loss=-0.002 v_loss=0.000 ent=0.831 kl=0.0059
[upd   49 | steps   25088 | t   10.6s | sps  2370] ret_mean=0.000 ep_len=500.0 pi_loss=-0.002 v_loss=0.001 ent=0.722 kl=0.0098
[upd   50 | steps   25600 | t   10.7s | sps  2387] ret_mean=0.000 ep_len=500.0 pi_loss=-0.004 v_loss=0.001 ent=0.918 kl=0.0005
        [eval] ret_mean=0.000 ep_len=500.0
[upd   51 | steps   26112 | t   14.3s | sps  1830] ret_mean=0.000 ep_len=500.0 pi_loss=0.000 v_loss=0.001 ent=1.004 kl=-0.0019
[upd   52 | steps   26624 | t   14.4s | sps  1845] ret_mean=0.000 ep_len=500.0 pi_loss=-0.003 v_loss=0.001 ent=0.971 kl=0.0027
[upd   53 | steps   27136 | t   14.6s | sps  1862] ret_mean=0.000 ep_len=500.0 pi_loss=-0.000 v_loss=0.000 ent=0.589 kl=0.0002
[upd   54 | steps   27648 | t   14.7s | sps  1878] ret_mean=0.000 ep_len=500.0 pi_loss=-0.003 v_loss=0.001 ent=0.702 kl=0.0005
[upd   55 | steps   28160 | t   14.9s | sps  1893] ret_mean=0.000 ep_len=500.0 pi_loss=-0.003 v_loss=0.001 ent=0.791 kl=0.0033
[upd   56 | steps   28672 | t   15.0s | sps  1910] ret_mean=0.000 ep_len=500.0 pi_loss=-0.003 v_loss=0.001 ent=0.752 kl=0.0010
[upd   57 | steps   29184 | t   15.1s | sps  1926] ret_mean=0.000 ep_len=500.0 pi_loss=-0.005 v_loss=0.000 ent=0.930 kl=0.0031
[upd   58 | steps   29696 | t   15.3s | sps  1942] ret_mean=0.000 ep_len=500.0 pi_loss=-0.004 v_loss=0.000 ent=0.986 kl=0.0059
[upd   59 | steps   30208 | t   15.4s | sps  1958] ret_mean=0.000 ep_len=500.0 pi_loss=-0.005 v_loss=0.000 ent=0.962 kl=-0.0017
[upd   60 | steps   30720 | t   15.6s | sps  1974] ret_mean=0.000 ep_len=500.0 pi_loss=-0.002 v_loss=0.000 ent=0.976 kl=0.0074
[upd   61 | steps   31232 | t   15.7s | sps  1989] ret_mean=0.000 ep_len=500.0 pi_loss=-0.004 v_loss=0.001 ent=0.927 kl=0.0078
[upd   62 | steps   31744 | t   15.9s | sps  2002] ret_mean=0.000 ep_len=500.0 pi_loss=-0.005 v_loss=0.001 ent=0.830 kl=0.0154
[upd   63 | steps   32256 | t   16.0s | sps  2016] ret_mean=0.000 ep_len=500.0 pi_loss=-0.004 v_loss=0.000 ent=0.936 kl=0.0083
[upd   64 | steps   32768 | t   16.1s | sps  2031] ret_mean=0.000 ep_len=500.0 pi_loss=-0.002 v_loss=0.000 ent=0.767 kl=0.0051
[upd   65 | steps   33280 | t   16.3s | sps  2044] ret_mean=0.000 ep_len=500.0 pi_loss=-0.002 v_loss=0.000 ent=0.814 kl=0.0008
[upd   66 | steps   33792 | t   16.4s | sps  2058] ret_mean=0.000 ep_len=500.0 pi_loss=-0.002 v_loss=0.000 ent=0.839 kl=0.0045
[upd   67 | steps   34304 | t   16.6s | sps  2071] ret_mean=0.000 ep_len=500.0 pi_loss=-0.004 v_loss=0.000 ent=0.847 kl=0.0030
[upd   68 | steps   34816 | t   16.7s | sps  2085] ret_mean=0.000 ep_len=500.0 pi_loss=0.000 v_loss=0.000 ent=0.896 kl=0.0002
[upd   69 | steps   35328 | t   16.8s | sps  2098] ret_mean=0.000 ep_len=500.0 pi_loss=-0.004 v_loss=0.000 ent=0.837 kl=0.0133
[upd   70 | steps   35840 | t   17.0s | sps  2111] ret_mean=0.000 ep_len=500.0 pi_loss=0.000 v_loss=0.000 ent=0.801 kl=0.0044
[upd   71 | steps   36352 | t   17.1s | sps  2124] ret_mean=0.000 ep_len=500.0 pi_loss=-0.010 v_loss=0.000 ent=0.783 kl=0.0082
[upd   72 | steps   36864 | t   17.3s | sps  2135] ret_mean=0.000 ep_len=500.0 pi_loss=-0.002 v_loss=0.000 ent=0.802 kl=0.0030
[upd   73 | steps   37376 | t   17.4s | sps  2147] ret_mean=0.000 ep_len=500.0 pi_loss=-0.006 v_loss=0.012 ent=0.817 kl=0.0098
[upd   74 | steps   37888 | t   17.5s | sps  2159] ret_mean=2.000 ep_len=500.0 pi_loss=-0.005 v_loss=0.001 ent=0.737 kl=0.0013
[upd   75 | steps   38400 | t   17.7s | sps  2172] ret_mean=0.000 ep_len=500.0 pi_loss=-0.001 v_loss=0.000 ent=0.782 kl=-0.0013
        [eval] ret_mean=0.000 ep_len=500.0
[upd   76 | steps   38912 | t   21.3s | sps  1830] ret_mean=0.000 ep_len=500.0 pi_loss=-0.005 v_loss=0.001 ent=0.684 kl=0.0068
[upd   77 | steps   39424 | t   21.4s | sps  1842] ret_mean=0.000 ep_len=500.0 pi_loss=-0.004 v_loss=0.001 ent=0.732 kl=0.0094
[upd   78 | steps   39936 | t   21.5s | sps  1854] ret_mean=0.000 ep_len=500.0 pi_loss=-0.005 v_loss=0.001 ent=0.742 kl=0.0057
[upd   79 | steps   40448 | t   21.7s | sps  1865] ret_mean=0.000 ep_len=500.0 pi_loss=-0.002 v_loss=0.000 ent=0.706 kl=0.0034
[upd   80 | steps   40960 | t   21.8s | sps  1877] ret_mean=0.000 ep_len=500.0 pi_loss=-0.007 v_loss=0.000 ent=0.758 kl=0.0034
[upd   81 | steps   41472 | t   22.0s | sps  1888] ret_mean=0.000 ep_len=500.0 pi_loss=-0.001 v_loss=0.001 ent=0.798 kl=0.0054
[upd   82 | steps   41984 | t   22.1s | sps  1900] ret_mean=0.000 ep_len=500.0 pi_loss=-0.005 v_loss=0.000 ent=0.744 kl=0.0070
[upd   83 | steps   42496 | t   22.2s | sps  1910] ret_mean=2.000 ep_len=500.0 pi_loss=-0.003 v_loss=0.016 ent=0.835 kl=0.0077
[upd   84 | steps   43008 | t   22.4s | sps  1921] ret_mean=0.000 ep_len=500.0 pi_loss=-0.003 v_loss=0.000 ent=0.676 kl=0.0061
[upd   85 | steps   43520 | t   22.5s | sps  1932] ret_mean=0.000 ep_len=500.0 pi_loss=-0.009 v_loss=0.000 ent=0.694 kl=0.0173
[upd   86 | steps   44032 | t   22.7s | sps  1942] ret_mean=0.000 ep_len=500.0 pi_loss=-0.008 v_loss=0.000 ent=0.769 kl=0.0091
[upd   87 | steps   44544 | t   22.8s | sps  1952] ret_mean=0.000 ep_len=500.0 pi_loss=-0.001 v_loss=0.000 ent=0.761 kl=0.0042
[upd   88 | steps   45056 | t   23.0s | sps  1962] ret_mean=0.000 ep_len=500.0 pi_loss=-0.002 v_loss=0.003 ent=0.778 kl=0.0013
[upd   89 | steps   45568 | t   23.1s | sps  1972] ret_mean=0.000 ep_len=500.0 pi_loss=-0.002 v_loss=0.000 ent=0.789 kl=0.0058
[upd   90 | steps   46080 | t   23.2s | sps  1983] ret_mean=0.000 ep_len=500.0 pi_loss=-0.001 v_loss=0.001 ent=0.809 kl=0.0000
[upd   91 | steps   46592 | t   23.4s | sps  1993] ret_mean=0.000 ep_len=500.0 pi_loss=-0.006 v_loss=0.001 ent=0.879 kl=0.0177
[upd   92 | steps   47104 | t   23.5s | sps  2002] ret_mean=0.000 ep_len=500.0 pi_loss=-0.004 v_loss=0.001 ent=0.852 kl=0.0008
[upd   93 | steps   47616 | t   23.7s | sps  2012] ret_mean=0.000 ep_len=500.0 pi_loss=-0.009 v_loss=0.000 ent=0.852 kl=0.0104
[upd   94 | steps   48128 | t   23.8s | sps  2022] ret_mean=23.000 ep_len=500.0 pi_loss=-0.004 v_loss=0.675 ent=0.750 kl=0.0066
[upd   95 | steps   48640 | t   23.9s | sps  2031] ret_mean=0.000 ep_len=500.0 pi_loss=-0.011 v_loss=0.002 ent=0.858 kl=0.0049
[upd   96 | steps   49152 | t   24.1s | sps  2040] ret_mean=0.000 ep_len=500.0 pi_loss=-0.007 v_loss=0.001 ent=0.865 kl=0.0058
[upd   97 | steps   49664 | t   24.2s | sps  2050] ret_mean=0.000 ep_len=500.0 pi_loss=-0.005 v_loss=0.000 ent=0.803 kl=0.0044
[upd   98 | steps   50176 | t   24.4s | sps  2059] ret_mean=0.000 ep_len=500.0 pi_loss=-0.007 v_loss=0.001 ent=0.903 kl=0.0074
[upd   99 | steps   50688 | t   24.5s | sps  2068] ret_mean=0.000 ep_len=500.0 pi_loss=-0.008 v_loss=0.084 ent=1.034 kl=0.0016
[upd  100 | steps   51200 | t   24.7s | sps  2077] ret_mean=4.500 ep_len=500.0 pi_loss=-0.012 v_loss=0.001 ent=0.969 kl=0.0053
        [eval] ret_mean=0.000 ep_len=500.0
[upd  101 | steps   51712 | t   28.3s | sps  1826] ret_mean=0.000 ep_len=500.0 pi_loss=-0.001 v_loss=0.002 ent=0.774 kl=0.0106
[upd  102 | steps   52224 | t   28.5s | sps  1835] ret_mean=0.000 ep_len=500.0 pi_loss=-0.001 v_loss=0.001 ent=0.792 kl=0.0053
[upd  103 | steps   52736 | t   28.6s | sps  1844] ret_mean=0.000 ep_len=500.0 pi_loss=-0.005 v_loss=0.001 ent=1.195 kl=0.0035
[upd  104 | steps   53248 | t   28.7s | sps  1852] ret_mean=0.000 ep_len=500.0 pi_loss=-0.004 v_loss=0.000 ent=0.792 kl=0.0072
[upd  105 | steps   53760 | t   28.9s | sps  1861] ret_mean=0.000 ep_len=500.0 pi_loss=-0.002 v_loss=0.000 ent=0.667 kl=0.0019
[upd  106 | steps   54272 | t   29.0s | sps  1870] ret_mean=0.000 ep_len=500.0 pi_loss=-0.002 v_loss=0.000 ent=0.731 kl=0.0044
[upd  107 | steps   54784 | t   29.2s | sps  1878] ret_mean=0.000 ep_len=500.0 pi_loss=-0.010 v_loss=0.000 ent=0.965 kl=0.0054
[upd  108 | steps   55296 | t   29.3s | sps  1886] ret_mean=0.000 ep_len=500.0 pi_loss=-0.004 v_loss=0.000 ent=0.931 kl=0.0123
[upd  109 | steps   55808 | t   29.5s | sps  1895] ret_mean=0.000 ep_len=500.0 pi_loss=-0.004 v_loss=0.000 ent=1.005 kl=0.0127
[upd  110 | steps   56320 | t   29.6s | sps  1902] ret_mean=0.000 ep_len=500.0 pi_loss=-0.002 v_loss=0.000 ent=0.913 kl=0.0011
[upd  111 | steps   56832 | t   29.8s | sps  1910] ret_mean=0.000 ep_len=500.0 pi_loss=-0.003 v_loss=0.000 ent=0.818 kl=0.0074
[upd  112 | steps   57344 | t   29.9s | sps  1918] ret_mean=0.000 ep_len=500.0 pi_loss=-0.004 v_loss=0.000 ent=0.816 kl=0.0013
[upd  113 | steps   57856 | t   30.0s | sps  1926] ret_mean=0.000 ep_len=500.0 pi_loss=-0.005 v_loss=0.000 ent=1.114 kl=0.0075
[upd  114 | steps   58368 | t   30.2s | sps  1934] ret_mean=0.000 ep_len=500.0 pi_loss=-0.007 v_loss=0.000 ent=0.883 kl=-0.0002
[upd  115 | steps   58880 | t   30.3s | sps  1941] ret_mean=0.000 ep_len=500.0 pi_loss=-0.007 v_loss=0.001 ent=1.111 kl=0.0005
[upd  116 | steps   59392 | t   30.5s | sps  1949] ret_mean=0.000 ep_len=500.0 pi_loss=-0.007 v_loss=0.000 ent=0.757 kl=0.0049
[upd  117 | steps   59904 | t   30.6s | sps  1957] ret_mean=0.000 ep_len=500.0 pi_loss=0.001 v_loss=0.001 ent=0.861 kl=0.0108
[upd  118 | steps   60416 | t   30.8s | sps  1964] ret_mean=0.000 ep_len=500.0 pi_loss=-0.009 v_loss=0.000 ent=0.978 kl=0.0035
[upd  119 | steps   60928 | t   30.9s | sps  1972] ret_mean=0.000 ep_len=500.0 pi_loss=-0.003 v_loss=0.000 ent=0.812 kl=0.0036
[upd  120 | steps   61440 | t   31.0s | sps  1980] ret_mean=0.000 ep_len=500.0 pi_loss=-0.004 v_loss=0.000 ent=0.646 kl=0.0059
[upd  121 | steps   61952 | t   31.2s | sps  1987] ret_mean=0.000 ep_len=500.0 pi_loss=-0.010 v_loss=0.000 ent=0.959 kl=0.0040
[upd  122 | steps   62464 | t   31.3s | sps  1994] ret_mean=0.000 ep_len=500.0 pi_loss=-0.003 v_loss=0.000 ent=0.892 kl=0.0067
[upd  123 | steps   62976 | t   31.5s | sps  2002] ret_mean=0.000 ep_len=500.0 pi_loss=-0.002 v_loss=0.000 ent=0.680 kl=0.0064
[upd  124 | steps   63488 | t   31.6s | sps  2009] ret_mean=0.000 ep_len=500.0 pi_loss=-0.002 v_loss=0.000 ent=0.674 kl=0.0019
[upd  125 | steps   64000 | t   31.7s | sps  2016] ret_mean=0.000 ep_len=500.0 pi_loss=-0.008 v_loss=0.000 ent=0.821 kl=0.0062
        [eval] ret_mean=0.267 ep_len=500.0
[upd  126 | steps   64512 | t   35.3s | sps  1826] ret_mean=0.000 ep_len=500.0 pi_loss=-0.005 v_loss=0.000 ent=1.110 kl=0.0007
[upd  127 | steps   65024 | t   35.5s | sps  1833] ret_mean=0.000 ep_len=500.0 pi_loss=-0.004 v_loss=0.000 ent=0.559 kl=0.0075
[upd  128 | steps   65536 | t   35.6s | sps  1839] ret_mean=0.000 ep_len=500.0 pi_loss=-0.005 v_loss=0.000 ent=0.664 kl=0.0014
[upd  129 | steps   66048 | t   35.8s | sps  1846] ret_mean=0.000 ep_len=500.0 pi_loss=-0.004 v_loss=0.000 ent=0.395 kl=0.0015
[upd  130 | steps   66560 | t   35.9s | sps  1853] ret_mean=1.000 ep_len=500.0 pi_loss=-0.004 v_loss=0.004 ent=0.796 kl=0.0009
[upd  131 | steps   67072 | t   36.1s | sps  1859] ret_mean=0.000 ep_len=500.0 pi_loss=-0.004 v_loss=0.000 ent=1.157 kl=0.0061
[upd  132 | steps   67584 | t   36.2s | sps  1865] ret_mean=0.000 ep_len=500.0 pi_loss=-0.003 v_loss=0.000 ent=0.623 kl=0.0037
[upd  133 | steps   68096 | t   36.4s | sps  1872] ret_mean=0.000 ep_len=500.0 pi_loss=-0.000 v_loss=0.000 ent=0.484 kl=0.0023
[upd  134 | steps   68608 | t   36.5s | sps  1878] ret_mean=0.000 ep_len=500.0 pi_loss=-0.003 v_loss=0.000 ent=0.686 kl=0.0003
[upd  135 | steps   69120 | t   36.7s | sps  1885] ret_mean=0.000 ep_len=500.0 pi_loss=-0.005 v_loss=0.000 ent=0.917 kl=0.0060
[upd  136 | steps   69632 | t   36.8s | sps  1891] ret_mean=0.000 ep_len=500.0 pi_loss=-0.009 v_loss=0.000 ent=0.667 kl=0.0068
[upd  137 | steps   70144 | t   37.0s | sps  1898] ret_mean=0.000 ep_len=500.0 pi_loss=0.001 v_loss=0.000 ent=0.677 kl=0.0019
[upd  138 | steps   70656 | t   37.1s | sps  1904] ret_mean=0.000 ep_len=500.0 pi_loss=-0.015 v_loss=0.000 ent=0.621 kl=0.0168
[upd  139 | steps   71168 | t   37.3s | sps  1910] ret_mean=0.000 ep_len=500.0 pi_loss=-0.004 v_loss=0.000 ent=1.168 kl=0.0068
[upd  140 | steps   71680 | t   37.4s | sps  1916] ret_mean=0.000 ep_len=500.0 pi_loss=-0.004 v_loss=0.000 ent=0.792 kl=-0.0047
[upd  141 | steps   72192 | t   37.5s | sps  1923] ret_mean=0.000 ep_len=500.0 pi_loss=-0.003 v_loss=0.000 ent=0.458 kl=0.0013
[upd  142 | steps   72704 | t   37.7s | sps  1929] ret_mean=0.000 ep_len=500.0 pi_loss=-0.003 v_loss=0.000 ent=0.617 kl=0.0104
[upd  143 | steps   73216 | t   37.8s | sps  1936] ret_mean=0.000 ep_len=500.0 pi_loss=-0.007 v_loss=0.000 ent=0.613 kl=0.0027
[upd  144 | steps   73728 | t   38.0s | sps  1942] ret_mean=0.000 ep_len=500.0 pi_loss=-0.004 v_loss=0.000 ent=0.381 kl=0.0033
[upd  145 | steps   74240 | t   38.1s | sps  1948] ret_mean=0.000 ep_len=500.0 pi_loss=-0.007 v_loss=0.000 ent=0.954 kl=0.0065
[upd  146 | steps   74752 | t   38.2s | sps  1954] ret_mean=0.000 ep_len=500.0 pi_loss=-0.010 v_loss=0.000 ent=0.728 kl=0.0089
[upd  147 | steps   75264 | t   38.4s | sps  1961] ret_mean=0.000 ep_len=500.0 pi_loss=-0.001 v_loss=0.000 ent=0.289 kl=0.0058
[upd  148 | steps   75776 | t   38.5s | sps  1967] ret_mean=0.000 ep_len=500.0 pi_loss=-0.002 v_loss=0.000 ent=0.407 kl=-0.0005
[upd  149 | steps   76288 | t   38.7s | sps  1972] ret_mean=0.000 ep_len=500.0 pi_loss=-0.003 v_loss=0.000 ent=0.509 kl=0.0049
[upd  150 | steps   76800 | t   38.8s | sps  1978] ret_mean=0.000 ep_len=500.0 pi_loss=-0.011 v_loss=0.000 ent=0.602 kl=0.0028
        [eval] ret_mean=0.000 ep_len=500.0
[upd  151 | steps   77312 | t   42.3s | sps  1826] ret_mean=0.000 ep_len=500.0 pi_loss=-0.001 v_loss=0.000 ent=0.107 kl=0.0002
[upd  152 | steps   77824 | t   42.5s | sps  1832] ret_mean=0.000 ep_len=500.0 pi_loss=-0.001 v_loss=0.000 ent=0.211 kl=0.0005
[upd  153 | steps   78336 | t   42.6s | sps  1838] ret_mean=0.000 ep_len=500.0 pi_loss=-0.000 v_loss=0.001 ent=0.275 kl=0.0011
[upd  154 | steps   78848 | t   42.8s | sps  1844] ret_mean=0.000 ep_len=500.0 pi_loss=-0.004 v_loss=0.002 ent=0.696 kl=0.0059
[upd  155 | steps   79360 | t   42.9s | sps  1850] ret_mean=0.000 ep_len=500.0 pi_loss=-0.007 v_loss=0.000 ent=0.854 kl=0.0127
[upd  156 | steps   79872 | t   43.0s | sps  1856] ret_mean=0.000 ep_len=500.0 pi_loss=-0.002 v_loss=0.000 ent=0.369 kl=0.0075
[upd  157 | steps   80384 | t   43.2s | sps  1861] ret_mean=0.000 ep_len=500.0 pi_loss=-0.001 v_loss=0.001 ent=0.211 kl=0.0053
[upd  158 | steps   80896 | t   43.3s | sps  1867] ret_mean=0.000 ep_len=500.0 pi_loss=-0.004 v_loss=0.000 ent=0.418 kl=0.0020
[upd  159 | steps   81408 | t   43.5s | sps  1872] ret_mean=0.000 ep_len=500.0 pi_loss=-0.003 v_loss=0.001 ent=0.532 kl=0.0076
[upd  160 | steps   81920 | t   43.6s | sps  1878] ret_mean=0.000 ep_len=500.0 pi_loss=-0.010 v_loss=0.000 ent=0.843 kl=0.0166
[upd  161 | steps   82432 | t   43.8s | sps  1883] ret_mean=0.000 ep_len=500.0 pi_loss=-0.005 v_loss=0.000 ent=1.103 kl=0.0152
[upd  162 | steps   82944 | t   43.9s | sps  1889] ret_mean=0.000 ep_len=500.0 pi_loss=-0.000 v_loss=0.000 ent=0.635 kl=0.0007
[upd  163 | steps   83456 | t   44.1s | sps  1894] ret_mean=0.000 ep_len=500.0 pi_loss=-0.001 v_loss=0.000 ent=0.403 kl=-0.0033
[upd  164 | steps   83968 | t   44.2s | sps  1899] ret_mean=0.000 ep_len=500.0 pi_loss=-0.010 v_loss=0.000 ent=0.842 kl=0.0123
[upd  165 | steps   84480 | t   44.4s | sps  1904] ret_mean=0.000 ep_len=500.0 pi_loss=-0.000 v_loss=0.001 ent=0.908 kl=0.0052
[upd  166 | steps   84992 | t   44.5s | sps  1909] ret_mean=0.000 ep_len=500.0 pi_loss=-0.008 v_loss=0.008 ent=0.882 kl=0.0098
[upd  167 | steps   85504 | t   44.7s | sps  1914] ret_mean=1.000 ep_len=500.0 pi_loss=-0.006 v_loss=0.000 ent=0.926 kl=0.0018
[upd  168 | steps   86016 | t   44.8s | sps  1920] ret_mean=0.000 ep_len=500.0 pi_loss=-0.003 v_loss=0.000 ent=0.375 kl=0.0096
[upd  169 | steps   86528 | t   45.0s | sps  1925] ret_mean=0.000 ep_len=500.0 pi_loss=-0.005 v_loss=0.001 ent=0.364 kl=0.0138
[upd  170 | steps   87040 | t   45.1s | sps  1930] ret_mean=0.000 ep_len=500.0 pi_loss=-0.002 v_loss=0.001 ent=0.515 kl=0.0018
[upd  171 | steps   87552 | t   45.2s | sps  1935] ret_mean=0.000 ep_len=500.0 pi_loss=-0.003 v_loss=0.000 ent=0.556 kl=0.0080
[upd  172 | steps   88064 | t   45.4s | sps  1940] ret_mean=0.000 ep_len=500.0 pi_loss=-0.008 v_loss=0.000 ent=0.799 kl=-0.0016
[upd  173 | steps   88576 | t   45.6s | sps  1944] ret_mean=0.000 ep_len=500.0 pi_loss=0.001 v_loss=0.000 ent=0.721 kl=0.0004
[upd  174 | steps   89088 | t   45.7s | sps  1949] ret_mean=0.000 ep_len=500.0 pi_loss=-0.004 v_loss=0.001 ent=0.845 kl=0.0033
[upd  175 | steps   89600 | t   45.9s | sps  1954] ret_mean=0.500 ep_len=500.0 pi_loss=-0.003 v_loss=0.000 ent=0.729 kl=0.0072
        [eval] ret_mean=0.000 ep_len=500.0
[upd  176 | steps   90112 | t   49.4s | sps  1823] ret_mean=0.000 ep_len=500.0 pi_loss=-0.006 v_loss=0.000 ent=0.498 kl=0.0057
[upd  177 | steps   90624 | t   49.6s | sps  1828] ret_mean=0.000 ep_len=500.0 pi_loss=-0.005 v_loss=0.000 ent=0.986 kl=0.0044
[upd  178 | steps   91136 | t   49.7s | sps  1833] ret_mean=0.000 ep_len=500.0 pi_loss=-0.003 v_loss=0.001 ent=0.954 kl=0.0041
[upd  179 | steps   91648 | t   49.9s | sps  1838] ret_mean=0.000 ep_len=500.0 pi_loss=-0.007 v_loss=0.000 ent=0.992 kl=0.0157
[upd  180 | steps   92160 | t   50.0s | sps  1843] ret_mean=0.000 ep_len=500.0 pi_loss=-0.003 v_loss=0.001 ent=0.830 kl=0.0068
[upd  181 | steps   92672 | t   50.1s | sps  1848] ret_mean=0.000 ep_len=500.0 pi_loss=-0.002 v_loss=0.000 ent=0.899 kl=0.0029
[upd  182 | steps   93184 | t   50.3s | sps  1853] ret_mean=0.000 ep_len=500.0 pi_loss=-0.001 v_loss=0.000 ent=0.857 kl=0.0076
[upd  183 | steps   93696 | t   50.4s | sps  1858] ret_mean=0.000 ep_len=500.0 pi_loss=-0.001 v_loss=0.000 ent=0.678 kl=0.0076
[upd  184 | steps   94208 | t   50.6s | sps  1863] ret_mean=0.000 ep_len=500.0 pi_loss=0.001 v_loss=0.000 ent=0.900 kl=0.0089
[upd  185 | steps   94720 | t   50.7s | sps  1868] ret_mean=0.000 ep_len=500.0 pi_loss=-0.003 v_loss=0.000 ent=0.944 kl=0.0059
[upd  186 | steps   95232 | t   50.8s | sps  1873] ret_mean=0.000 ep_len=500.0 pi_loss=-0.004 v_loss=0.000 ent=0.872 kl=0.0036
[upd  187 | steps   95744 | t   51.0s | sps  1878] ret_mean=0.000 ep_len=500.0 pi_loss=0.001 v_loss=0.000 ent=0.725 kl=0.0033
[upd  188 | steps   96256 | t   51.1s | sps  1882] ret_mean=0.000 ep_len=500.0 pi_loss=-0.002 v_loss=0.000 ent=0.866 kl=0.0088
[upd  189 | steps   96768 | t   51.3s | sps  1887] ret_mean=0.000 ep_len=500.0 pi_loss=-0.004 v_loss=0.000 ent=0.820 kl=0.0027
[upd  190 | steps   97280 | t   51.4s | sps  1892] ret_mean=0.000 ep_len=500.0 pi_loss=-0.005 v_loss=0.000 ent=0.770 kl=0.0101
[upd  191 | steps   97792 | t   51.5s | sps  1897] ret_mean=0.000 ep_len=500.0 pi_loss=-0.001 v_loss=0.000 ent=0.852 kl=0.0065
[upd  192 | steps   98304 | t   51.7s | sps  1902] ret_mean=0.000 ep_len=500.0 pi_loss=-0.003 v_loss=0.000 ent=0.689 kl=0.0046
[upd  193 | steps   98816 | t   51.8s | sps  1907] ret_mean=0.000 ep_len=500.0 pi_loss=-0.004 v_loss=0.000 ent=0.641 kl=-0.0012
[upd  194 | steps   99328 | t   52.0s | sps  1911] ret_mean=0.000 ep_len=500.0 pi_loss=-0.000 v_loss=0.000 ent=0.716 kl=0.0040
[upd  195 | steps   99840 | t   52.1s | sps  1916] ret_mean=0.000 ep_len=500.0 pi_loss=-0.005 v_loss=0.000 ent=0.845 kl=0.0195
[upd  196 | steps  100352 | t   52.3s | sps  1921] ret_mean=0.000 ep_len=500.0 pi_loss=-0.007 v_loss=0.000 ent=0.788 kl=0.0161
[upd  197 | steps  100864 | t   52.4s | sps  1925] ret_mean=0.000 ep_len=500.0 pi_loss=-0.001 v_loss=0.000 ent=0.690 kl=0.0029
[upd  198 | steps  101376 | t   52.5s | sps  1929] ret_mean=0.000 ep_len=500.0 pi_loss=-0.001 v_loss=0.000 ent=0.796 kl=0.0059
[upd  199 | steps  101888 | t   52.7s | sps  1934] ret_mean=0.000 ep_len=500.0 pi_loss=-0.004 v_loss=0.000 ent=0.809 kl=0.0007
[upd  200 | steps  102400 | t   52.8s | sps  1938] ret_mean=0.000 ep_len=500.0 pi_loss=-0.001 v_loss=0.000 ent=0.971 kl=0.0059
        [eval] ret_mean=0.000 ep_len=500.0
[upd  201 | steps  102912 | t   56.4s | sps  1826] ret_mean=0.000 ep_len=500.0 pi_loss=-0.003 v_loss=0.000 ent=0.877 kl=-0.0008
[upd  202 | steps  103424 | t   56.5s | sps  1830] ret_mean=0.000 ep_len=500.0 pi_loss=-0.002 v_loss=0.000 ent=1.059 kl=0.0016
[upd  203 | steps  103936 | t   56.7s | sps  1835] ret_mean=0.000 ep_len=500.0 pi_loss=-0.004 v_loss=0.000 ent=0.979 kl=0.0067
[upd  204 | steps  104448 | t   56.8s | sps  1839] ret_mean=0.000 ep_len=500.0 pi_loss=-0.004 v_loss=0.000 ent=1.057 kl=0.0081
[upd  205 | steps  104960 | t   56.9s | sps  1843] ret_mean=0.000 ep_len=500.0 pi_loss=-0.001 v_loss=0.000 ent=1.097 kl=0.0004
[upd  206 | steps  105472 | t   57.1s | sps  1847] ret_mean=0.000 ep_len=500.0 pi_loss=-0.000 v_loss=0.000 ent=1.021 kl=0.0009
[upd  207 | steps  105984 | t   57.2s | sps  1851] ret_mean=0.000 ep_len=500.0 pi_loss=-0.006 v_loss=0.000 ent=1.093 kl=0.0029
[upd  208 | steps  106496 | t   57.4s | sps  1855] ret_mean=0.000 ep_len=500.0 pi_loss=-0.002 v_loss=0.000 ent=0.887 kl=0.0041
[upd  209 | steps  107008 | t   57.6s | sps  1859] ret_mean=0.000 ep_len=500.0 pi_loss=-0.007 v_loss=0.000 ent=0.955 kl=0.0050
[upd  210 | steps  107520 | t   57.7s | sps  1864] ret_mean=0.000 ep_len=500.0 pi_loss=-0.001 v_loss=0.000 ent=0.894 kl=0.0033
[upd  211 | steps  108032 | t   57.8s | sps  1868] ret_mean=0.000 ep_len=500.0 pi_loss=-0.005 v_loss=0.000 ent=0.945 kl=0.0085
[upd  212 | steps  108544 | t   58.0s | sps  1872] ret_mean=0.000 ep_len=500.0 pi_loss=-0.002 v_loss=0.000 ent=0.962 kl=0.0015
[upd  213 | steps  109056 | t   58.1s | sps  1876] ret_mean=0.000 ep_len=500.0 pi_loss=-0.006 v_loss=0.000 ent=1.021 kl=0.0020
[upd  214 | steps  109568 | t   58.3s | sps  1880] ret_mean=0.000 ep_len=500.0 pi_loss=-0.004 v_loss=0.000 ent=0.999 kl=0.0019
[upd  215 | steps  110080 | t   58.4s | sps  1884] ret_mean=0.000 ep_len=500.0 pi_loss=0.000 v_loss=0.000 ent=0.856 kl=0.0054
[upd  216 | steps  110592 | t   58.6s | sps  1888] ret_mean=0.000 ep_len=500.0 pi_loss=-0.004 v_loss=0.000 ent=0.848 kl=0.0189
[upd  217 | steps  111104 | t   58.7s | sps  1893] ret_mean=0.000 ep_len=500.0 pi_loss=-0.003 v_loss=0.000 ent=0.902 kl=0.0040
[upd  218 | steps  111616 | t   58.8s | sps  1897] ret_mean=0.000 ep_len=500.0 pi_loss=-0.001 v_loss=0.000 ent=0.943 kl=-0.0011
[upd  219 | steps  112128 | t   59.0s | sps  1901] ret_mean=0.000 ep_len=500.0 pi_loss=-0.007 v_loss=0.000 ent=0.810 kl=0.0064
[upd  220 | steps  112640 | t   59.1s | sps  1905] ret_mean=0.000 ep_len=500.0 pi_loss=-0.005 v_loss=0.000 ent=0.927 kl=0.0015
[upd  221 | steps  113152 | t   59.3s | sps  1909] ret_mean=0.000 ep_len=500.0 pi_loss=-0.003 v_loss=0.000 ent=0.931 kl=0.0073
[upd  222 | steps  113664 | t   59.4s | sps  1913] ret_mean=0.000 ep_len=500.0 pi_loss=-0.002 v_loss=0.000 ent=0.844 kl=0.0085
[upd  223 | steps  114176 | t   59.6s | sps  1916] ret_mean=0.000 ep_len=500.0 pi_loss=0.000 v_loss=0.000 ent=0.841 kl=0.0007
[upd  224 | steps  114688 | t   59.7s | sps  1920] ret_mean=0.000 ep_len=500.0 pi_loss=-0.002 v_loss=0.000 ent=0.847 kl=0.0005
[upd  225 | steps  115200 | t   59.9s | sps  1925] ret_mean=0.000 ep_len=500.0 pi_loss=-0.002 v_loss=0.000 ent=0.904 kl=0.0068
        [eval] ret_mean=0.000 ep_len=500.0
[upd  226 | steps  115712 | t   63.5s | sps  1823] ret_mean=0.000 ep_len=500.0 pi_loss=-0.000 v_loss=0.001 ent=0.918 kl=-0.0000
[upd  227 | steps  116224 | t   63.6s | sps  1827] ret_mean=0.000 ep_len=500.0 pi_loss=-0.004 v_loss=0.000 ent=0.946 kl=0.0089
[upd  228 | steps  116736 | t   63.8s | sps  1831] ret_mean=0.000 ep_len=500.0 pi_loss=0.000 v_loss=0.000 ent=0.885 kl=0.0015
[upd  229 | steps  117248 | t   63.9s | sps  1835] ret_mean=0.000 ep_len=500.0 pi_loss=-0.001 v_loss=0.000 ent=0.920 kl=0.0015
[upd  230 | steps  117760 | t   64.0s | sps  1839] ret_mean=0.000 ep_len=500.0 pi_loss=-0.001 v_loss=0.000 ent=0.923 kl=-0.0002
[upd  231 | steps  118272 | t   64.2s | sps  1843] ret_mean=6.500 ep_len=500.0 pi_loss=-0.012 v_loss=0.033 ent=1.007 kl=0.0167
[upd  232 | steps  118784 | t   64.3s | sps  1847] ret_mean=0.000 ep_len=500.0 pi_loss=0.002 v_loss=0.000 ent=0.853 kl=0.0041
[upd  233 | steps  119296 | t   64.5s | sps  1851] ret_mean=0.000 ep_len=500.0 pi_loss=-0.001 v_loss=0.000 ent=0.873 kl=-0.0010
[upd  234 | steps  119808 | t   64.6s | sps  1854] ret_mean=0.000 ep_len=500.0 pi_loss=-0.006 v_loss=0.001 ent=0.992 kl=0.0046
[upd  235 | steps  120320 | t   64.8s | sps  1858] ret_mean=0.000 ep_len=500.0 pi_loss=-0.001 v_loss=0.002 ent=0.961 kl=0.0015
[upd  236 | steps  120832 | t   64.9s | sps  1862] ret_mean=0.000 ep_len=500.0 pi_loss=-0.001 v_loss=0.000 ent=1.002 kl=0.0021
[upd  237 | steps  121344 | t   65.0s | sps  1866] ret_mean=0.000 ep_len=500.0 pi_loss=-0.001 v_loss=0.001 ent=0.859 kl=0.0032
[upd  238 | steps  121856 | t   65.2s | sps  1869] ret_mean=0.000 ep_len=500.0 pi_loss=0.001 v_loss=0.000 ent=0.806 kl=0.0061
[upd  239 | steps  122368 | t   65.3s | sps  1873] ret_mean=0.000 ep_len=500.0 pi_loss=-0.002 v_loss=0.001 ent=0.870 kl=0.0070
[upd  240 | steps  122880 | t   65.5s | sps  1876] ret_mean=0.000 ep_len=500.0 pi_loss=-0.000 v_loss=0.002 ent=0.894 kl=0.0147
[upd  241 | steps  123392 | t   65.6s | sps  1880] ret_mean=0.000 ep_len=500.0 pi_loss=-0.002 v_loss=0.002 ent=0.814 kl=0.0004
[upd  242 | steps  123904 | t   65.8s | sps  1883] ret_mean=0.000 ep_len=500.0 pi_loss=-0.004 v_loss=0.036 ent=0.771 kl=0.0062
[upd  243 | steps  124416 | t   65.9s | sps  1887] ret_mean=15.500 ep_len=500.0 pi_loss=-0.010 v_loss=0.036 ent=0.984 kl=0.0091
[upd  244 | steps  124928 | t   66.1s | sps  1891] ret_mean=0.000 ep_len=500.0 pi_loss=-0.005 v_loss=0.001 ent=1.006 kl=0.0077
[upd  245 | steps  125440 | t   66.2s | sps  1894] ret_mean=0.000 ep_len=500.0 pi_loss=-0.001 v_loss=0.001 ent=0.933 kl=0.0029
[upd  246 | steps  125952 | t   66.4s | sps  1898] ret_mean=0.000 ep_len=500.0 pi_loss=-0.006 v_loss=0.001 ent=0.787 kl=0.0027
[upd  247 | steps  126464 | t   66.5s | sps  1901] ret_mean=0.000 ep_len=500.0 pi_loss=-0.002 v_loss=0.004 ent=0.836 kl=0.0016
[upd  248 | steps  126976 | t   66.7s | sps  1905] ret_mean=0.000 ep_len=500.0 pi_loss=0.001 v_loss=0.011 ent=0.805 kl=0.0049
[upd  249 | steps  127488 | t   66.8s | sps  1909] ret_mean=0.000 ep_len=500.0 pi_loss=0.000 v_loss=0.002 ent=0.792 kl=0.0023
[upd  250 | steps  128000 | t   66.9s | sps  1912] ret_mean=0.000 ep_len=500.0 pi_loss=-0.001 v_loss=0.002 ent=0.871 kl=0.0007
        [eval] ret_mean=0.000 ep_len=500.0
[upd  251 | steps  128512 | t   70.4s | sps  1825] ret_mean=0.000 ep_len=500.0 pi_loss=-0.002 v_loss=0.001 ent=0.922 kl=0.0072
[upd  252 | steps  129024 | t   70.6s | sps  1828] ret_mean=0.000 ep_len=500.0 pi_loss=-0.002 v_loss=0.001 ent=0.806 kl=0.0056
[upd  253 | steps  129536 | t   70.7s | sps  1832] ret_mean=0.000 ep_len=500.0 pi_loss=-0.000 v_loss=0.001 ent=0.934 kl=0.0006
[upd  254 | steps  130048 | t   70.9s | sps  1836] ret_mean=0.000 ep_len=500.0 pi_loss=-0.007 v_loss=0.000 ent=1.027 kl=0.0097
[upd  255 | steps  130560 | t   71.0s | sps  1839] ret_mean=0.000 ep_len=500.0 pi_loss=-0.002 v_loss=0.000 ent=0.969 kl=0.0005
[upd  256 | steps  131072 | t   71.1s | sps  1843] ret_mean=0.000 ep_len=500.0 pi_loss=-0.002 v_loss=0.001 ent=0.965 kl=-0.0025
[upd  257 | steps  131584 | t   71.3s | sps  1846] ret_mean=0.000 ep_len=500.0 pi_loss=-0.006 v_loss=0.002 ent=0.960 kl=0.0284
[upd  258 | steps  132096 | t   71.4s | sps  1849] ret_mean=0.000 ep_len=500.0 pi_loss=-0.003 v_loss=0.000 ent=1.010 kl=0.0067
[upd  259 | steps  132608 | t   71.6s | sps  1852] ret_mean=0.000 ep_len=500.0 pi_loss=-0.008 v_loss=0.001 ent=0.942 kl=0.0136
[upd  260 | steps  133120 | t   71.8s | sps  1855] ret_mean=0.000 ep_len=500.0 pi_loss=-0.001 v_loss=0.001 ent=1.004 kl=0.0038
[upd  261 | steps  133632 | t   71.9s | sps  1859] ret_mean=0.000 ep_len=500.0 pi_loss=-0.001 v_loss=0.001 ent=0.942 kl=0.0055
[upd  262 | steps  134144 | t   72.0s | sps  1862] ret_mean=0.000 ep_len=500.0 pi_loss=-0.004 v_loss=0.000 ent=0.865 kl=0.0030
[upd  263 | steps  134656 | t   72.2s | sps  1866] ret_mean=0.000 ep_len=500.0 pi_loss=-0.002 v_loss=0.001 ent=0.926 kl=-0.0059
[upd  264 | steps  135168 | t   72.3s | sps  1869] ret_mean=0.000 ep_len=500.0 pi_loss=-0.004 v_loss=0.000 ent=1.037 kl=0.0030
[upd  265 | steps  135680 | t   72.5s | sps  1872] ret_mean=0.000 ep_len=500.0 pi_loss=-0.005 v_loss=0.000 ent=0.999 kl=0.0102
[upd  266 | steps  136192 | t   72.6s | sps  1875] ret_mean=0.000 ep_len=500.0 pi_loss=-0.004 v_loss=0.000 ent=0.985 kl=0.0081
[upd  267 | steps  136704 | t   72.8s | sps  1878] ret_mean=0.000 ep_len=500.0 pi_loss=-0.004 v_loss=0.000 ent=1.036 kl=0.0106
[upd  268 | steps  137216 | t   72.9s | sps  1881] ret_mean=0.000 ep_len=500.0 pi_loss=-0.001 v_loss=0.000 ent=0.999 kl=0.0073
[upd  269 | steps  137728 | t   73.1s | sps  1885] ret_mean=0.000 ep_len=500.0 pi_loss=-0.004 v_loss=0.000 ent=1.015 kl=0.0068
[upd  270 | steps  138240 | t   73.2s | sps  1888] ret_mean=0.000 ep_len=500.0 pi_loss=-0.005 v_loss=0.000 ent=0.976 kl=0.0093
[upd  271 | steps  138752 | t   73.4s | sps  1891] ret_mean=0.000 ep_len=500.0 pi_loss=-0.002 v_loss=0.000 ent=0.949 kl=0.0075
[upd  272 | steps  139264 | t   73.5s | sps  1894] ret_mean=0.000 ep_len=500.0 pi_loss=-0.004 v_loss=0.000 ent=0.941 kl=-0.0001
[upd  273 | steps  139776 | t   73.7s | sps  1897] ret_mean=0.000 ep_len=500.0 pi_loss=-0.005 v_loss=0.000 ent=0.990 kl=0.0104
[upd  274 | steps  140288 | t   73.8s | sps  1900] ret_mean=0.000 ep_len=500.0 pi_loss=-0.009 v_loss=0.001 ent=0.938 kl=0.0010
[upd  275 | steps  140800 | t   74.0s | sps  1903] ret_mean=0.000 ep_len=500.0 pi_loss=-0.006 v_loss=0.037 ent=0.864 kl=0.0117
        [eval] ret_mean=0.000 ep_len=500.0
[upd  276 | steps  141312 | t   77.6s | sps  1821] ret_mean=0.000 ep_len=500.0 pi_loss=-0.002 v_loss=0.001 ent=0.799 kl=0.0091
[upd  277 | steps  141824 | t   77.7s | sps  1824] ret_mean=0.000 ep_len=500.0 pi_loss=-0.008 v_loss=0.001 ent=0.983 kl=0.0065
[upd  278 | steps  142336 | t   77.9s | sps  1827] ret_mean=0.000 ep_len=500.0 pi_loss=-0.005 v_loss=0.001 ent=0.926 kl=0.0247
[upd  279 | steps  142848 | t   78.0s | sps  1830] ret_mean=0.000 ep_len=500.0 pi_loss=-0.001 v_loss=0.001 ent=0.854 kl=-0.0045
[upd  280 | steps  143360 | t   78.2s | sps  1834] ret_mean=0.000 ep_len=500.0 pi_loss=-0.010 v_loss=0.000 ent=0.789 kl=0.0135
[upd  281 | steps  143872 | t   78.3s | sps  1837] ret_mean=0.000 ep_len=500.0 pi_loss=-0.000 v_loss=0.001 ent=0.849 kl=-0.0012
[upd  282 | steps  144384 | t   78.5s | sps  1840] ret_mean=0.000 ep_len=500.0 pi_loss=-0.002 v_loss=0.001 ent=0.946 kl=0.0104
[upd  283 | steps  144896 | t   78.6s | sps  1843] ret_mean=0.000 ep_len=500.0 pi_loss=-0.007 v_loss=0.000 ent=0.863 kl=0.0105
[upd  284 | steps  145408 | t   78.8s | sps  1846] ret_mean=0.000 ep_len=500.0 pi_loss=-0.001 v_loss=0.000 ent=0.785 kl=0.0033
[upd  285 | steps  145920 | t   78.9s | sps  1849] ret_mean=0.000 ep_len=500.0 pi_loss=-0.000 v_loss=0.000 ent=0.773 kl=0.0066
[upd  286 | steps  146432 | t   79.1s | sps  1852] ret_mean=0.000 ep_len=500.0 pi_loss=-0.003 v_loss=0.000 ent=0.929 kl=0.0009
[upd  287 | steps  146944 | t   79.2s | sps  1855] ret_mean=0.000 ep_len=500.0 pi_loss=-0.004 v_loss=0.000 ent=0.991 kl=0.0109
[upd  288 | steps  147456 | t   79.4s | sps  1858] ret_mean=0.000 ep_len=500.0 pi_loss=-0.004 v_loss=0.000 ent=0.838 kl=0.0079
[upd  289 | steps  147968 | t   79.5s | sps  1861] ret_mean=0.000 ep_len=500.0 pi_loss=-0.005 v_loss=0.000 ent=0.909 kl=0.0086
[upd  290 | steps  148480 | t   79.7s | sps  1864] ret_mean=0.000 ep_len=500.0 pi_loss=-0.011 v_loss=0.000 ent=0.980 kl=0.0091
[upd  291 | steps  148992 | t   79.8s | sps  1867] ret_mean=0.000 ep_len=500.0 pi_loss=-0.007 v_loss=0.000 ent=0.908 kl=0.0058
[upd  292 | steps  149504 | t   79.9s | sps  1870] ret_mean=0.000 ep_len=500.0 pi_loss=-0.006 v_loss=0.000 ent=0.854 kl=0.0030
[upd  293 | steps  150016 | t   80.1s | sps  1873] ret_mean=0.000 ep_len=500.0 pi_loss=-0.004 v_loss=0.028 ent=0.914 kl=0.0017
[upd  294 | steps  150528 | t   80.2s | sps  1876] ret_mean=8.500 ep_len=500.0 pi_loss=-0.002 v_loss=0.010 ent=0.987 kl=0.0078
[upd  295 | steps  151040 | t   80.4s | sps  1879] ret_mean=0.000 ep_len=500.0 pi_loss=-0.002 v_loss=0.002 ent=0.898 kl=-0.0011
[upd  296 | steps  151552 | t   80.5s | sps  1882] ret_mean=0.000 ep_len=500.0 pi_loss=-0.002 v_loss=0.003 ent=0.934 kl=0.0065
[upd  297 | steps  152064 | t   80.7s | sps  1885] ret_mean=0.000 ep_len=500.0 pi_loss=-0.010 v_loss=0.000 ent=1.083 kl=0.0055
[upd  298 | steps  152576 | t   80.8s | sps  1888] ret_mean=0.000 ep_len=500.0 pi_loss=-0.002 v_loss=0.000 ent=0.912 kl=0.0079
[upd  299 | steps  153088 | t   81.0s | sps  1891] ret_mean=0.000 ep_len=500.0 pi_loss=-0.006 v_loss=0.000 ent=1.051 kl=0.0077
[upd  300 | steps  153600 | t   81.1s | sps  1894] ret_mean=0.000 ep_len=500.0 pi_loss=-0.002 v_loss=0.000 ent=1.081 kl=0.0141
        [eval] ret_mean=0.000 ep_len=500.0
