$ /Users/praneelkhiantani/Downloads/cs2860/.venv/bin/python3 -m policies.train --env rware-medium-2ag-easy-v2 --seed 2 --updates 200 --rollout 512 --eval-every 50 --eval-episodes 10 --log-dir matrix_results/intent_grounded_v1_pilot/rware-medium-2ag-easy-v2 --run-name mappo-comm__dropout-only__d0__s2 --n-msg-tokens 8 --dropout --dropout-agent 0 --dropout-time 100 --shape-rewards --pickup-bonus 0.5

[env] EnvSpec(env_id='rware-medium-2ag-easy-v2', n_agents=2, obs_dim=71, n_env_actions=5, noop_action=0, family='rware')  (n_msg_tokens=8)
[cfg] {'clip_range': 0.2, 'value_clip_range': 0.2, 'entropy_coef': 0.01, 'value_coef': 0.5, 'max_grad_norm': 0.5, 'gamma': 0.99, 'gae_lambda': 0.95, 'lr_actor': 0.0003, 'lr_critic': 0.001, 'update_epochs': 4, 'minibatches': 4, 'hidden': 128, 'depth': 2, 'device': 'cpu', 'message_grounding_coef': 0.0, 'extra': {}}
[log] writing to matrix_results/intent_grounded_v1_pilot/rware-medium-2ag-easy-v2/mappo-comm__dropout-only__d0__s2
[upd    1 | steps     512 | t    0.6s | sps   808] ret_mean=0.000 ep_len=500.0 pi_loss=-0.010 v_loss=0.055 ent=3.684 msg_acc=0.000 kl=0.0105
[upd    2 | steps    1024 | t    1.5s | sps   680] ret_mean=0.000 ep_len=500.0 pi_loss=-0.009 v_loss=0.010 ent=3.677 msg_acc=0.000 kl=0.0014
[upd    3 | steps    1536 | t    2.9s | sps   528] ret_mean=0.000 ep_len=500.0 pi_loss=-0.009 v_loss=0.005 ent=3.662 msg_acc=0.000 kl=0.0042
[upd    4 | steps    2048 | t    3.6s | sps   566] ret_mean=0.000 ep_len=500.0 pi_loss=-0.006 v_loss=0.004 ent=3.661 msg_acc=0.000 kl=0.0015
[upd    5 | steps    2560 | t    4.5s | sps   573] ret_mean=0.000 ep_len=500.0 pi_loss=-0.011 v_loss=0.003 ent=3.669 msg_acc=0.000 kl=0.0033
[upd    6 | steps    3072 | t    5.1s | sps   603] ret_mean=0.000 ep_len=500.0 pi_loss=-0.008 v_loss=0.003 ent=3.654 msg_acc=0.000 kl=0.0060
[upd    7 | steps    3584 | t    5.7s | sps   628] ret_mean=1.000 ep_len=500.0 pi_loss=-0.011 v_loss=0.005 ent=3.651 msg_acc=0.000 kl=0.0037
[upd    8 | steps    4096 | t    6.9s | sps   592] ret_mean=0.000 ep_len=500.0 pi_loss=-0.012 v_loss=0.003 ent=3.626 msg_acc=0.000 kl=0.0005
[upd    9 | steps    4608 | t    8.0s | sps   577] ret_mean=0.000 ep_len=500.0 pi_loss=-0.010 v_loss=0.003 ent=3.627 msg_acc=0.000 kl=0.0046
[upd   10 | steps    5120 | t    9.0s | sps   566] ret_mean=0.000 ep_len=500.0 pi_loss=-0.007 v_loss=0.001 ent=3.658 msg_acc=0.000 kl=0.0021
[upd   11 | steps    5632 | t    9.7s | sps   579] ret_mean=0.000 ep_len=500.0 pi_loss=-0.011 v_loss=0.001 ent=3.632 msg_acc=0.000 kl=0.0012
[upd   12 | steps    6144 | t   10.6s | sps   578] ret_mean=0.000 ep_len=500.0 pi_loss=-0.011 v_loss=0.001 ent=3.587 msg_acc=0.000 kl=-0.0003
[upd   13 | steps    6656 | t   11.4s | sps   585] ret_mean=0.000 ep_len=500.0 pi_loss=-0.008 v_loss=0.005 ent=3.474 msg_acc=0.000 kl=0.0058
[upd   14 | steps    7168 | t   12.1s | sps   593] ret_mean=0.000 ep_len=500.0 pi_loss=-0.013 v_loss=0.002 ent=3.426 msg_acc=0.000 kl=0.0009
[upd   15 | steps    7680 | t   12.8s | sps   601] ret_mean=0.000 ep_len=500.0 pi_loss=-0.005 v_loss=0.001 ent=3.487 msg_acc=0.000 kl=0.0072
[upd   16 | steps    8192 | t   14.0s | sps   585] ret_mean=0.000 ep_len=500.0 pi_loss=-0.010 v_loss=0.001 ent=3.511 msg_acc=0.000 kl=0.0054
[upd   17 | steps    8704 | t   15.2s | sps   574] ret_mean=0.000 ep_len=500.0 pi_loss=-0.010 v_loss=0.001 ent=3.571 msg_acc=0.000 kl=0.0083
[upd   18 | steps    9216 | t   16.1s | sps   572] ret_mean=0.000 ep_len=500.0 pi_loss=-0.013 v_loss=0.001 ent=3.503 msg_acc=0.000 kl=0.0156
[upd   19 | steps    9728 | t   16.9s | sps   577] ret_mean=0.000 ep_len=500.0 pi_loss=-0.010 v_loss=0.001 ent=3.442 msg_acc=0.000 kl=0.0020
[upd   20 | steps   10240 | t   17.7s | sps   579] ret_mean=0.000 ep_len=500.0 pi_loss=-0.013 v_loss=0.001 ent=3.497 msg_acc=0.000 kl=0.0090
[upd   21 | steps   10752 | t   18.4s | sps   585] ret_mean=0.000 ep_len=500.0 pi_loss=-0.007 v_loss=0.004 ent=3.494 msg_acc=0.000 kl=0.0062
[upd   22 | steps   11264 | t   19.1s | sps   591] ret_mean=0.000 ep_len=500.0 pi_loss=-0.017 v_loss=0.001 ent=3.544 msg_acc=0.000 kl=0.0049
[upd   23 | steps   11776 | t   19.7s | sps   597] ret_mean=0.000 ep_len=500.0 pi_loss=-0.007 v_loss=0.001 ent=3.541 msg_acc=0.000 kl=0.0031
[upd   24 | steps   12288 | t   20.4s | sps   603] ret_mean=0.000 ep_len=500.0 pi_loss=-0.012 v_loss=0.015 ent=3.491 msg_acc=0.000 kl=0.0138
[upd   25 | steps   12800 | t   21.2s | sps   604] ret_mean=1.500 ep_len=500.0 pi_loss=-0.013 v_loss=0.023 ent=3.434 msg_acc=0.000 kl=0.0106
[upd   26 | steps   13312 | t   21.9s | sps   607] ret_mean=0.000 ep_len=500.0 pi_loss=-0.010 v_loss=0.013 ent=3.510 msg_acc=0.000 kl=0.0075
[upd   27 | steps   13824 | t   22.7s | sps   608] ret_mean=1.500 ep_len=500.0 pi_loss=-0.009 v_loss=0.003 ent=3.453 msg_acc=0.000 kl=0.0058
[upd   28 | steps   14336 | t   23.8s | sps   603] ret_mean=0.000 ep_len=500.0 pi_loss=-0.007 v_loss=0.004 ent=3.284 msg_acc=0.000 kl=0.0092
[upd   29 | steps   14848 | t   24.9s | sps   597] ret_mean=0.000 ep_len=500.0 pi_loss=-0.010 v_loss=0.001 ent=3.512 msg_acc=0.000 kl=0.0036
[upd   30 | steps   15360 | t   25.7s | sps   599] ret_mean=0.000 ep_len=500.0 pi_loss=-0.011 v_loss=0.007 ent=3.571 msg_acc=0.000 kl=0.0064
[upd   31 | steps   15872 | t   26.9s | sps   590] ret_mean=0.000 ep_len=500.0 pi_loss=-0.010 v_loss=0.003 ent=3.333 msg_acc=0.000 kl=0.0159
[upd   32 | steps   16384 | t   28.0s | sps   585] ret_mean=0.000 ep_len=500.0 pi_loss=-0.010 v_loss=0.001 ent=3.394 msg_acc=0.000 kl=0.0020
[upd   33 | steps   16896 | t   29.1s | sps   581] ret_mean=0.000 ep_len=500.0 pi_loss=-0.009 v_loss=0.001 ent=3.532 msg_acc=0.000 kl=0.0091
[upd   34 | steps   17408 | t   30.3s | sps   575] ret_mean=0.000 ep_len=500.0 pi_loss=-0.010 v_loss=0.001 ent=3.503 msg_acc=0.000 kl=0.0029
[upd   35 | steps   17920 | t   31.6s | sps   567] ret_mean=0.000 ep_len=500.0 pi_loss=-0.012 v_loss=0.001 ent=3.191 msg_acc=0.000 kl=0.0086
[upd   36 | steps   18432 | t   32.8s | sps   562] ret_mean=0.000 ep_len=500.0 pi_loss=-0.012 v_loss=0.001 ent=3.513 msg_acc=0.000 kl=0.0065
[upd   37 | steps   18944 | t   33.6s | sps   564] ret_mean=0.000 ep_len=500.0 pi_loss=-0.011 v_loss=0.003 ent=3.261 msg_acc=0.000 kl=0.0094
[upd   38 | steps   19456 | t   34.4s | sps   565] ret_mean=0.000 ep_len=500.0 pi_loss=-0.012 v_loss=0.001 ent=3.555 msg_acc=0.000 kl=0.0003
[upd   39 | steps   19968 | t   35.1s | sps   568] ret_mean=0.000 ep_len=500.0 pi_loss=-0.013 v_loss=0.001 ent=3.505 msg_acc=0.000 kl=-0.0002
[upd   40 | steps   20480 | t   35.8s | sps   572] ret_mean=0.000 ep_len=500.0 pi_loss=-0.010 v_loss=0.000 ent=3.321 msg_acc=0.000 kl=0.0040
[upd   41 | steps   20992 | t   36.6s | sps   574] ret_mean=0.000 ep_len=500.0 pi_loss=-0.006 v_loss=0.001 ent=3.212 msg_acc=0.000 kl=0.0076
[upd   42 | steps   21504 | t   37.3s | sps   577] ret_mean=0.000 ep_len=500.0 pi_loss=-0.004 v_loss=0.001 ent=3.259 msg_acc=0.000 kl=0.0072
[upd   43 | steps   22016 | t   37.9s | sps   581] ret_mean=0.000 ep_len=500.0 pi_loss=-0.009 v_loss=0.000 ent=3.570 msg_acc=0.000 kl=0.0068
[upd   44 | steps   22528 | t   38.5s | sps   584] ret_mean=0.000 ep_len=500.0 pi_loss=-0.009 v_loss=0.000 ent=3.616 msg_acc=0.000 kl=0.0051
[upd   45 | steps   23040 | t   39.2s | sps   587] ret_mean=0.000 ep_len=500.0 pi_loss=-0.014 v_loss=0.001 ent=3.604 msg_acc=0.000 kl=0.0180
[upd   46 | steps   23552 | t   40.0s | sps   589] ret_mean=1.000 ep_len=500.0 pi_loss=-0.010 v_loss=0.003 ent=3.553 msg_acc=0.000 kl=0.0006
[upd   47 | steps   24064 | t   41.7s | sps   577] ret_mean=0.000 ep_len=500.0 pi_loss=-0.009 v_loss=0.001 ent=3.320 msg_acc=0.000 kl=0.0010
[upd   48 | steps   24576 | t   43.6s | sps   563] ret_mean=0.000 ep_len=500.0 pi_loss=-0.010 v_loss=0.001 ent=3.387 msg_acc=0.000 kl=0.0083
[upd   49 | steps   25088 | t   45.4s | sps   552] ret_mean=0.500 ep_len=500.0 pi_loss=-0.011 v_loss=0.002 ent=3.271 msg_acc=0.000 kl=0.0132
[upd   50 | steps   25600 | t   46.7s | sps   548] ret_mean=0.000 ep_len=500.0 pi_loss=-0.007 v_loss=0.001 ent=3.521 msg_acc=0.000 kl=0.0042
        [eval] ret_mean=0.000 ep_len=500.0
[upd   51 | steps   26112 | t   53.7s | sps   486] ret_mean=0.000 ep_len=500.0 pi_loss=-0.006 v_loss=0.001 ent=3.211 msg_acc=0.000 kl=0.0119
[upd   52 | steps   26624 | t   54.4s | sps   489] ret_mean=0.000 ep_len=500.0 pi_loss=-0.010 v_loss=0.001 ent=3.493 msg_acc=0.000 kl=0.0001
[upd   53 | steps   27136 | t   55.2s | sps   492] ret_mean=0.000 ep_len=500.0 pi_loss=-0.009 v_loss=0.000 ent=3.570 msg_acc=0.000 kl=0.0038
[upd   54 | steps   27648 | t   55.9s | sps   495] ret_mean=0.000 ep_len=500.0 pi_loss=-0.011 v_loss=0.000 ent=3.334 msg_acc=0.000 kl=-0.0035
[upd   55 | steps   28160 | t   56.5s | sps   498] ret_mean=0.000 ep_len=500.0 pi_loss=-0.011 v_loss=0.000 ent=3.454 msg_acc=0.000 kl=0.0019
[upd   56 | steps   28672 | t   57.2s | sps   501] ret_mean=0.000 ep_len=500.0 pi_loss=-0.011 v_loss=0.001 ent=3.607 msg_acc=0.000 kl=0.0020
[upd   57 | steps   29184 | t   57.8s | sps   505] ret_mean=0.000 ep_len=500.0 pi_loss=-0.009 v_loss=0.001 ent=3.268 msg_acc=0.000 kl=0.0021
[upd   58 | steps   29696 | t   58.6s | sps   507] ret_mean=0.000 ep_len=500.0 pi_loss=-0.010 v_loss=0.000 ent=3.531 msg_acc=0.000 kl=-0.0023
[upd   59 | steps   30208 | t   59.7s | sps   506] ret_mean=0.000 ep_len=500.0 pi_loss=-0.017 v_loss=0.000 ent=3.250 msg_acc=0.000 kl=0.0124
[upd   60 | steps   30720 | t   60.4s | sps   508] ret_mean=0.000 ep_len=500.0 pi_loss=-0.011 v_loss=0.000 ent=3.389 msg_acc=0.000 kl=0.0047
[upd   61 | steps   31232 | t   61.2s | sps   511] ret_mean=0.000 ep_len=500.0 pi_loss=-0.013 v_loss=0.000 ent=3.500 msg_acc=0.000 kl=0.0092
[upd   62 | steps   31744 | t   61.8s | sps   513] ret_mean=0.000 ep_len=500.0 pi_loss=-0.009 v_loss=0.000 ent=3.429 msg_acc=0.000 kl=0.0027
[upd   63 | steps   32256 | t   62.6s | sps   516] ret_mean=0.000 ep_len=500.0 pi_loss=-0.007 v_loss=0.000 ent=3.428 msg_acc=0.000 kl=0.0020
[upd   64 | steps   32768 | t   63.2s | sps   518] ret_mean=0.000 ep_len=500.0 pi_loss=-0.017 v_loss=0.001 ent=3.378 msg_acc=0.000 kl=0.0069
[upd   65 | steps   33280 | t   63.9s | sps   521] ret_mean=0.000 ep_len=500.0 pi_loss=-0.011 v_loss=0.000 ent=3.273 msg_acc=0.000 kl=0.0161
[upd   66 | steps   33792 | t   64.5s | sps   524] ret_mean=0.000 ep_len=500.0 pi_loss=-0.011 v_loss=0.000 ent=3.276 msg_acc=0.000 kl=0.0077
[upd   67 | steps   34304 | t   65.2s | sps   526] ret_mean=0.000 ep_len=500.0 pi_loss=-0.011 v_loss=0.000 ent=3.331 msg_acc=0.000 kl=-0.0006
[upd   68 | steps   34816 | t   65.9s | sps   528] ret_mean=0.000 ep_len=500.0 pi_loss=-0.010 v_loss=0.000 ent=2.791 msg_acc=0.000 kl=0.0092
[upd   69 | steps   35328 | t   66.6s | sps   530] ret_mean=0.000 ep_len=500.0 pi_loss=-0.017 v_loss=0.001 ent=3.492 msg_acc=0.000 kl=0.0068
[upd   70 | steps   35840 | t   67.6s | sps   530] ret_mean=0.000 ep_len=500.0 pi_loss=-0.012 v_loss=0.000 ent=3.284 msg_acc=0.000 kl=0.0030
[upd   71 | steps   36352 | t   68.3s | sps   532] ret_mean=0.000 ep_len=500.0 pi_loss=-0.009 v_loss=0.000 ent=3.235 msg_acc=0.000 kl=0.0049
[upd   72 | steps   36864 | t   69.0s | sps   534] ret_mean=0.000 ep_len=500.0 pi_loss=-0.008 v_loss=0.000 ent=3.217 msg_acc=0.000 kl=0.0019
[upd   73 | steps   37376 | t   69.7s | sps   536] ret_mean=0.000 ep_len=500.0 pi_loss=-0.014 v_loss=0.000 ent=3.077 msg_acc=0.000 kl=0.0165
[upd   74 | steps   37888 | t   70.4s | sps   538] ret_mean=0.000 ep_len=500.0 pi_loss=-0.015 v_loss=0.000 ent=3.298 msg_acc=0.000 kl=0.0003
[upd   75 | steps   38400 | t   71.1s | sps   540] ret_mean=0.000 ep_len=500.0 pi_loss=-0.011 v_loss=0.000 ent=3.497 msg_acc=0.000 kl=0.0041
[upd   76 | steps   38912 | t   72.2s | sps   539] ret_mean=0.000 ep_len=500.0 pi_loss=-0.012 v_loss=0.000 ent=3.095 msg_acc=0.000 kl=0.0086
[upd   77 | steps   39424 | t   73.5s | sps   536] ret_mean=0.000 ep_len=500.0 pi_loss=-0.014 v_loss=0.000 ent=3.226 msg_acc=0.000 kl=0.0019
[upd   78 | steps   39936 | t   74.7s | sps   535] ret_mean=0.000 ep_len=500.0 pi_loss=-0.014 v_loss=0.000 ent=3.431 msg_acc=0.000 kl=0.0087
[upd   79 | steps   40448 | t   75.5s | sps   536] ret_mean=0.000 ep_len=500.0 pi_loss=-0.013 v_loss=0.001 ent=3.222 msg_acc=0.000 kl=0.0045
[upd   80 | steps   40960 | t   76.1s | sps   538] ret_mean=0.500 ep_len=500.0 pi_loss=-0.012 v_loss=0.001 ent=3.001 msg_acc=0.000 kl=0.0026
[upd   81 | steps   41472 | t   77.2s | sps   537] ret_mean=0.500 ep_len=500.0 pi_loss=-0.012 v_loss=0.000 ent=3.013 msg_acc=0.000 kl=-0.0007
[upd   82 | steps   41984 | t   78.1s | sps   538] ret_mean=0.000 ep_len=500.0 pi_loss=-0.010 v_loss=0.000 ent=2.692 msg_acc=0.000 kl=0.0111
[upd   83 | steps   42496 | t   78.8s | sps   540] ret_mean=0.000 ep_len=500.0 pi_loss=-0.009 v_loss=0.000 ent=3.285 msg_acc=0.000 kl=0.0035
[upd   84 | steps   43008 | t   79.4s | sps   541] ret_mean=0.000 ep_len=500.0 pi_loss=-0.011 v_loss=0.000 ent=3.115 msg_acc=0.000 kl=0.0086
[upd   85 | steps   43520 | t   80.1s | sps   543] ret_mean=0.000 ep_len=500.0 pi_loss=-0.013 v_loss=0.000 ent=3.070 msg_acc=0.000 kl=0.0053
[upd   86 | steps   44032 | t   80.7s | sps   546] ret_mean=0.000 ep_len=500.0 pi_loss=-0.012 v_loss=0.000 ent=2.886 msg_acc=0.000 kl=0.0115
[upd   87 | steps   44544 | t   81.4s | sps   547] ret_mean=0.000 ep_len=500.0 pi_loss=-0.018 v_loss=0.000 ent=3.108 msg_acc=0.000 kl=0.0075
[upd   88 | steps   45056 | t   82.0s | sps   550] ret_mean=0.000 ep_len=500.0 pi_loss=-0.011 v_loss=0.000 ent=3.344 msg_acc=0.000 kl=-0.0019
[upd   89 | steps   45568 | t   82.7s | sps   551] ret_mean=0.000 ep_len=500.0 pi_loss=-0.007 v_loss=0.000 ent=2.916 msg_acc=0.000 kl=0.0074
[upd   90 | steps   46080 | t   83.3s | sps   553] ret_mean=0.000 ep_len=500.0 pi_loss=-0.007 v_loss=0.000 ent=3.021 msg_acc=0.000 kl=0.0056
[upd   91 | steps   46592 | t   84.0s | sps   555] ret_mean=0.000 ep_len=500.0 pi_loss=-0.010 v_loss=0.000 ent=2.856 msg_acc=0.000 kl=0.0067
[upd   92 | steps   47104 | t   84.6s | sps   557] ret_mean=0.000 ep_len=500.0 pi_loss=-0.011 v_loss=0.000 ent=3.272 msg_acc=0.000 kl=0.0057
[upd   93 | steps   47616 | t   85.3s | sps   558] ret_mean=0.000 ep_len=500.0 pi_loss=-0.017 v_loss=0.000 ent=3.438 msg_acc=0.000 kl=0.0064
[upd   94 | steps   48128 | t   85.9s | sps   560] ret_mean=0.000 ep_len=500.0 pi_loss=-0.014 v_loss=0.000 ent=3.393 msg_acc=0.000 kl=-0.0008
[upd   95 | steps   48640 | t   86.5s | sps   562] ret_mean=0.500 ep_len=500.0 pi_loss=-0.011 v_loss=0.001 ent=3.303 msg_acc=0.000 kl=-0.0023
[upd   96 | steps   49152 | t   87.2s | sps   564] ret_mean=0.000 ep_len=500.0 pi_loss=-0.012 v_loss=0.000 ent=3.406 msg_acc=0.000 kl=-0.0012
[upd   97 | steps   49664 | t   87.8s | sps   566] ret_mean=0.000 ep_len=500.0 pi_loss=-0.010 v_loss=0.000 ent=3.190 msg_acc=0.000 kl=0.0015
[upd   98 | steps   50176 | t   88.4s | sps   568] ret_mean=0.000 ep_len=500.0 pi_loss=-0.008 v_loss=0.000 ent=2.960 msg_acc=0.000 kl=0.0045
[upd   99 | steps   50688 | t   89.2s | sps   568] ret_mean=0.000 ep_len=500.0 pi_loss=-0.011 v_loss=0.000 ent=3.278 msg_acc=0.000 kl=0.0132
[upd  100 | steps   51200 | t   89.9s | sps   570] ret_mean=0.000 ep_len=500.0 pi_loss=-0.007 v_loss=0.000 ent=2.687 msg_acc=0.000 kl=0.0075
        [eval] ret_mean=0.000 ep_len=500.0
[upd  101 | steps   51712 | t   97.1s | sps   533] ret_mean=0.000 ep_len=500.0 pi_loss=-0.012 v_loss=0.000 ent=3.288 msg_acc=0.000 kl=0.0024
[upd  102 | steps   52224 | t   98.0s | sps   533] ret_mean=0.000 ep_len=500.0 pi_loss=-0.016 v_loss=0.000 ent=3.343 msg_acc=0.000 kl=0.0046
[upd  103 | steps   52736 | t   98.8s | sps   534] ret_mean=0.000 ep_len=500.0 pi_loss=-0.012 v_loss=0.000 ent=3.116 msg_acc=0.000 kl=0.0157
[upd  104 | steps   53248 | t   99.5s | sps   535] ret_mean=0.000 ep_len=500.0 pi_loss=-0.005 v_loss=0.001 ent=2.765 msg_acc=0.000 kl=0.0089
[upd  105 | steps   53760 | t  100.2s | sps   536] ret_mean=0.000 ep_len=500.0 pi_loss=-0.011 v_loss=0.000 ent=3.392 msg_acc=0.000 kl=0.0014
[upd  106 | steps   54272 | t  100.9s | sps   538] ret_mean=0.000 ep_len=500.0 pi_loss=-0.010 v_loss=0.000 ent=3.324 msg_acc=0.000 kl=0.0047
[upd  107 | steps   54784 | t  101.6s | sps   539] ret_mean=0.000 ep_len=500.0 pi_loss=-0.013 v_loss=0.000 ent=3.267 msg_acc=0.000 kl=0.0024
[upd  108 | steps   55296 | t  102.3s | sps   540] ret_mean=0.000 ep_len=500.0 pi_loss=-0.020 v_loss=0.000 ent=3.297 msg_acc=0.000 kl=0.0077
[upd  109 | steps   55808 | t  103.2s | sps   541] ret_mean=0.000 ep_len=500.0 pi_loss=-0.013 v_loss=0.000 ent=2.990 msg_acc=0.000 kl=0.0205
[upd  110 | steps   56320 | t  104.0s | sps   542] ret_mean=0.000 ep_len=500.0 pi_loss=-0.015 v_loss=0.000 ent=3.179 msg_acc=0.000 kl=0.0047
[upd  111 | steps   56832 | t  104.7s | sps   543] ret_mean=0.000 ep_len=500.0 pi_loss=-0.011 v_loss=0.000 ent=3.177 msg_acc=0.000 kl=0.0075
[upd  112 | steps   57344 | t  105.4s | sps   544] ret_mean=0.000 ep_len=500.0 pi_loss=-0.016 v_loss=0.000 ent=3.280 msg_acc=0.000 kl=0.0060
[upd  113 | steps   57856 | t  106.4s | sps   544] ret_mean=0.000 ep_len=500.0 pi_loss=-0.012 v_loss=0.000 ent=2.988 msg_acc=0.000 kl=0.0043
[upd  114 | steps   58368 | t  107.1s | sps   545] ret_mean=0.000 ep_len=500.0 pi_loss=-0.015 v_loss=0.000 ent=3.388 msg_acc=0.000 kl=0.0140
[upd  115 | steps   58880 | t  107.8s | sps   546] ret_mean=0.000 ep_len=500.0 pi_loss=-0.019 v_loss=0.000 ent=3.081 msg_acc=0.000 kl=0.0091
[upd  116 | steps   59392 | t  108.4s | sps   548] ret_mean=0.000 ep_len=500.0 pi_loss=-0.006 v_loss=0.000 ent=2.882 msg_acc=0.000 kl=0.0029
[upd  117 | steps   59904 | t  109.1s | sps   549] ret_mean=0.000 ep_len=500.0 pi_loss=-0.005 v_loss=0.000 ent=2.776 msg_acc=0.000 kl=-0.0037
[upd  118 | steps   60416 | t  109.7s | sps   551] ret_mean=0.000 ep_len=500.0 pi_loss=-0.010 v_loss=0.000 ent=2.791 msg_acc=0.000 kl=0.0023
[upd  119 | steps   60928 | t  110.4s | sps   552] ret_mean=0.000 ep_len=500.0 pi_loss=-0.006 v_loss=0.000 ent=2.628 msg_acc=0.000 kl=0.0086
[upd  120 | steps   61440 | t  111.1s | sps   553] ret_mean=0.000 ep_len=500.0 pi_loss=-0.016 v_loss=0.000 ent=2.882 msg_acc=0.000 kl=-0.0023
[upd  121 | steps   61952 | t  112.1s | sps   553] ret_mean=0.000 ep_len=500.0 pi_loss=-0.011 v_loss=0.000 ent=2.719 msg_acc=0.000 kl=-0.0018
[upd  122 | steps   62464 | t  112.8s | sps   554] ret_mean=0.000 ep_len=500.0 pi_loss=-0.019 v_loss=0.000 ent=2.761 msg_acc=0.000 kl=0.0072
[upd  123 | steps   62976 | t  113.4s | sps   555] ret_mean=0.000 ep_len=500.0 pi_loss=-0.012 v_loss=0.000 ent=3.089 msg_acc=0.000 kl=-0.0021
[upd  124 | steps   63488 | t  114.0s | sps   557] ret_mean=0.000 ep_len=500.0 pi_loss=-0.009 v_loss=0.000 ent=2.572 msg_acc=0.000 kl=0.0104
[upd  125 | steps   64000 | t  114.6s | sps   558] ret_mean=0.000 ep_len=500.0 pi_loss=-0.010 v_loss=0.001 ent=2.545 msg_acc=0.000 kl=0.0046
[upd  126 | steps   64512 | t  115.3s | sps   560] ret_mean=0.000 ep_len=500.0 pi_loss=-0.008 v_loss=0.002 ent=2.582 msg_acc=0.000 kl=0.0049
[upd  127 | steps   65024 | t  115.9s | sps   561] ret_mean=0.000 ep_len=500.0 pi_loss=-0.004 v_loss=0.000 ent=2.885 msg_acc=0.000 kl=-0.0004
[upd  128 | steps   65536 | t  116.6s | sps   562] ret_mean=0.000 ep_len=500.0 pi_loss=-0.014 v_loss=0.000 ent=2.632 msg_acc=0.000 kl=0.0042
[upd  129 | steps   66048 | t  117.3s | sps   563] ret_mean=0.000 ep_len=500.0 pi_loss=-0.009 v_loss=0.000 ent=2.624 msg_acc=0.000 kl=0.0017
[upd  130 | steps   66560 | t  118.0s | sps   564] ret_mean=0.000 ep_len=500.0 pi_loss=-0.012 v_loss=0.001 ent=2.725 msg_acc=0.000 kl=0.0040
[upd  131 | steps   67072 | t  118.7s | sps   565] ret_mean=0.000 ep_len=500.0 pi_loss=-0.011 v_loss=0.000 ent=2.639 msg_acc=0.000 kl=0.0045
[upd  132 | steps   67584 | t  119.4s | sps   566] ret_mean=0.000 ep_len=500.0 pi_loss=-0.009 v_loss=0.000 ent=3.025 msg_acc=0.000 kl=-0.0003
[upd  133 | steps   68096 | t  120.0s | sps   567] ret_mean=0.000 ep_len=500.0 pi_loss=-0.011 v_loss=0.000 ent=2.766 msg_acc=0.000 kl=0.0015
[upd  134 | steps   68608 | t  120.9s | sps   568] ret_mean=0.000 ep_len=500.0 pi_loss=-0.009 v_loss=0.002 ent=2.561 msg_acc=0.000 kl=0.0044
[upd  135 | steps   69120 | t  121.6s | sps   568] ret_mean=0.500 ep_len=500.0 pi_loss=-0.010 v_loss=0.001 ent=2.583 msg_acc=0.000 kl=0.0020
[upd  136 | steps   69632 | t  122.8s | sps   567] ret_mean=0.000 ep_len=500.0 pi_loss=-0.015 v_loss=0.000 ent=2.770 msg_acc=0.000 kl=0.0039
[upd  137 | steps   70144 | t  125.1s | sps   561] ret_mean=0.000 ep_len=500.0 pi_loss=-0.012 v_loss=0.000 ent=2.632 msg_acc=0.000 kl=0.0089
[upd  138 | steps   70656 | t  125.9s | sps   561] ret_mean=0.000 ep_len=500.0 pi_loss=-0.009 v_loss=0.000 ent=2.875 msg_acc=0.000 kl=0.0098
[upd  139 | steps   71168 | t  126.5s | sps   562] ret_mean=0.000 ep_len=500.0 pi_loss=-0.014 v_loss=0.000 ent=3.169 msg_acc=0.000 kl=0.0027
[upd  140 | steps   71680 | t  127.3s | sps   563] ret_mean=0.000 ep_len=500.0 pi_loss=-0.015 v_loss=0.000 ent=2.899 msg_acc=0.000 kl=0.0069
[upd  141 | steps   72192 | t  127.9s | sps   564] ret_mean=0.000 ep_len=500.0 pi_loss=-0.015 v_loss=0.000 ent=2.780 msg_acc=0.000 kl=0.0012
[upd  142 | steps   72704 | t  128.7s | sps   565] ret_mean=0.000 ep_len=500.0 pi_loss=-0.014 v_loss=0.000 ent=3.191 msg_acc=0.000 kl=0.0078
[upd  143 | steps   73216 | t  129.3s | sps   566] ret_mean=0.000 ep_len=500.0 pi_loss=-0.008 v_loss=0.000 ent=2.417 msg_acc=0.000 kl=0.0046
[upd  144 | steps   73728 | t  129.9s | sps   567] ret_mean=0.000 ep_len=500.0 pi_loss=-0.022 v_loss=0.000 ent=2.430 msg_acc=0.000 kl=0.0068
[upd  145 | steps   74240 | t  130.7s | sps   568] ret_mean=0.500 ep_len=500.0 pi_loss=-0.013 v_loss=0.002 ent=2.953 msg_acc=0.000 kl=0.0072
[upd  146 | steps   74752 | t  131.3s | sps   569] ret_mean=0.000 ep_len=500.0 pi_loss=-0.010 v_loss=0.000 ent=3.368 msg_acc=0.000 kl=0.0059
[upd  147 | steps   75264 | t  132.0s | sps   570] ret_mean=0.000 ep_len=500.0 pi_loss=-0.009 v_loss=0.002 ent=2.449 msg_acc=0.000 kl=0.0054
[upd  148 | steps   75776 | t  132.6s | sps   571] ret_mean=0.500 ep_len=500.0 pi_loss=-0.006 v_loss=0.000 ent=2.974 msg_acc=0.000 kl=0.0053
[upd  149 | steps   76288 | t  133.3s | sps   572] ret_mean=0.000 ep_len=500.0 pi_loss=-0.010 v_loss=0.000 ent=2.668 msg_acc=0.000 kl=0.0043
[upd  150 | steps   76800 | t  134.0s | sps   573] ret_mean=0.000 ep_len=500.0 pi_loss=-0.015 v_loss=0.000 ent=3.203 msg_acc=0.000 kl=0.0104
        [eval] ret_mean=0.000 ep_len=500.0
[upd  151 | steps   77312 | t  145.9s | sps   530] ret_mean=0.000 ep_len=500.0 pi_loss=-0.010 v_loss=0.000 ent=2.533 msg_acc=0.000 kl=0.0036
[upd  152 | steps   77824 | t  147.7s | sps   527] ret_mean=0.500 ep_len=500.0 pi_loss=-0.008 v_loss=0.002 ent=2.736 msg_acc=0.000 kl=0.0014
[upd  153 | steps   78336 | t  149.2s | sps   525] ret_mean=0.000 ep_len=500.0 pi_loss=-0.009 v_loss=0.000 ent=3.004 msg_acc=0.000 kl=0.0009
[upd  154 | steps   78848 | t  150.2s | sps   525] ret_mean=0.000 ep_len=500.0 pi_loss=-0.011 v_loss=0.000 ent=2.538 msg_acc=0.000 kl=0.0085
[upd  155 | steps   79360 | t  151.1s | sps   525] ret_mean=0.000 ep_len=500.0 pi_loss=-0.013 v_loss=0.000 ent=2.640 msg_acc=0.000 kl=-0.0025
[upd  156 | steps   79872 | t  151.9s | sps   526] ret_mean=0.000 ep_len=500.0 pi_loss=-0.016 v_loss=0.000 ent=2.991 msg_acc=0.000 kl=0.0079
[upd  157 | steps   80384 | t  152.7s | sps   526] ret_mean=0.000 ep_len=500.0 pi_loss=-0.011 v_loss=0.002 ent=3.420 msg_acc=0.000 kl=0.0084
[upd  158 | steps   80896 | t  153.5s | sps   527] ret_mean=0.000 ep_len=500.0 pi_loss=-0.015 v_loss=0.002 ent=2.819 msg_acc=0.000 kl=0.0146
[upd  159 | steps   81408 | t  154.3s | sps   528] ret_mean=0.000 ep_len=500.0 pi_loss=-0.011 v_loss=0.001 ent=2.666 msg_acc=0.000 kl=0.0066
[upd  160 | steps   81920 | t  155.1s | sps   528] ret_mean=0.000 ep_len=500.0 pi_loss=-0.018 v_loss=0.001 ent=2.757 msg_acc=0.000 kl=0.0067
[upd  161 | steps   82432 | t  155.9s | sps   529] ret_mean=0.500 ep_len=500.0 pi_loss=-0.014 v_loss=0.002 ent=3.449 msg_acc=0.000 kl=0.0050
[upd  162 | steps   82944 | t  156.7s | sps   529] ret_mean=0.000 ep_len=500.0 pi_loss=-0.012 v_loss=0.001 ent=2.881 msg_acc=0.000 kl=0.0083
[upd  163 | steps   83456 | t  157.6s | sps   530] ret_mean=0.000 ep_len=500.0 pi_loss=-0.012 v_loss=0.001 ent=3.280 msg_acc=0.000 kl=0.0089
[upd  164 | steps   83968 | t  158.7s | sps   529] ret_mean=0.000 ep_len=500.0 pi_loss=-0.012 v_loss=0.001 ent=2.883 msg_acc=0.000 kl=0.0072
[upd  165 | steps   84480 | t  160.1s | sps   528] ret_mean=0.000 ep_len=500.0 pi_loss=-0.009 v_loss=0.001 ent=3.257 msg_acc=0.000 kl=0.0034
[upd  166 | steps   84992 | t  161.3s | sps   527] ret_mean=0.000 ep_len=500.0 pi_loss=-0.008 v_loss=0.001 ent=3.255 msg_acc=0.000 kl=0.0034
[upd  167 | steps   85504 | t  162.2s | sps   527] ret_mean=0.000 ep_len=500.0 pi_loss=-0.012 v_loss=0.000 ent=3.118 msg_acc=0.000 kl=0.0046
[upd  168 | steps   86016 | t  163.0s | sps   528] ret_mean=0.000 ep_len=500.0 pi_loss=-0.010 v_loss=0.000 ent=3.010 msg_acc=0.000 kl=0.0023
[upd  169 | steps   86528 | t  163.8s | sps   528] ret_mean=0.000 ep_len=500.0 pi_loss=-0.011 v_loss=0.000 ent=2.959 msg_acc=0.000 kl=-0.0004
[upd  170 | steps   87040 | t  164.7s | sps   529] ret_mean=0.000 ep_len=500.0 pi_loss=-0.011 v_loss=0.000 ent=2.771 msg_acc=0.000 kl=0.0032
[upd  171 | steps   87552 | t  165.5s | sps   529] ret_mean=0.000 ep_len=500.0 pi_loss=-0.015 v_loss=0.000 ent=2.823 msg_acc=0.000 kl=0.0112
[upd  172 | steps   88064 | t  166.4s | sps   529] ret_mean=0.000 ep_len=500.0 pi_loss=-0.009 v_loss=0.002 ent=3.054 msg_acc=0.000 kl=0.0078
[upd  173 | steps   88576 | t  167.2s | sps   530] ret_mean=0.500 ep_len=500.0 pi_loss=-0.013 v_loss=0.000 ent=2.850 msg_acc=0.000 kl=0.0096
[upd  174 | steps   89088 | t  168.0s | sps   530] ret_mean=0.000 ep_len=500.0 pi_loss=-0.014 v_loss=0.000 ent=3.216 msg_acc=0.000 kl=0.0045
[upd  175 | steps   89600 | t  168.9s | sps   531] ret_mean=0.000 ep_len=500.0 pi_loss=-0.012 v_loss=0.000 ent=3.192 msg_acc=0.000 kl=0.0077
[upd  176 | steps   90112 | t  169.6s | sps   531] ret_mean=0.000 ep_len=500.0 pi_loss=-0.012 v_loss=0.000 ent=3.424 msg_acc=0.000 kl=0.0073
[upd  177 | steps   90624 | t  170.5s | sps   532] ret_mean=0.000 ep_len=500.0 pi_loss=-0.006 v_loss=0.000 ent=2.925 msg_acc=0.000 kl=0.0002
[upd  178 | steps   91136 | t  171.4s | sps   532] ret_mean=0.000 ep_len=500.0 pi_loss=-0.017 v_loss=0.000 ent=3.005 msg_acc=0.000 kl=-0.0009
[upd  179 | steps   91648 | t  172.3s | sps   532] ret_mean=0.000 ep_len=500.0 pi_loss=-0.008 v_loss=0.000 ent=3.174 msg_acc=0.000 kl=0.0118
[upd  180 | steps   92160 | t  173.2s | sps   532] ret_mean=0.000 ep_len=500.0 pi_loss=-0.012 v_loss=0.000 ent=3.217 msg_acc=0.000 kl=0.0059
[upd  181 | steps   92672 | t  174.1s | sps   532] ret_mean=0.000 ep_len=500.0 pi_loss=-0.013 v_loss=0.000 ent=3.174 msg_acc=0.000 kl=0.0044
[upd  182 | steps   93184 | t  175.0s | sps   532] ret_mean=0.000 ep_len=500.0 pi_loss=-0.016 v_loss=0.000 ent=3.158 msg_acc=0.000 kl=0.0002
[upd  183 | steps   93696 | t  176.0s | sps   532] ret_mean=0.000 ep_len=500.0 pi_loss=-0.009 v_loss=0.000 ent=3.136 msg_acc=0.000 kl=0.0129
[upd  184 | steps   94208 | t  176.9s | sps   533] ret_mean=0.000 ep_len=500.0 pi_loss=-0.011 v_loss=0.000 ent=3.302 msg_acc=0.000 kl=0.0071
[upd  185 | steps   94720 | t  177.8s | sps   533] ret_mean=0.000 ep_len=500.0 pi_loss=-0.008 v_loss=0.001 ent=3.134 msg_acc=0.000 kl=0.0080
[upd  186 | steps   95232 | t  178.8s | sps   533] ret_mean=0.500 ep_len=500.0 pi_loss=-0.009 v_loss=0.000 ent=3.445 msg_acc=0.000 kl=0.0043
[upd  187 | steps   95744 | t  179.7s | sps   533] ret_mean=0.000 ep_len=500.0 pi_loss=-0.014 v_loss=0.000 ent=3.394 msg_acc=0.000 kl=0.0019
[upd  188 | steps   96256 | t  180.6s | sps   533] ret_mean=0.000 ep_len=500.0 pi_loss=-0.014 v_loss=0.001 ent=3.394 msg_acc=0.000 kl=0.0085
[upd  189 | steps   96768 | t  181.6s | sps   533] ret_mean=0.000 ep_len=500.0 pi_loss=-0.015 v_loss=0.000 ent=3.338 msg_acc=0.000 kl=0.0054
[upd  190 | steps   97280 | t  182.5s | sps   533] ret_mean=0.000 ep_len=500.0 pi_loss=-0.013 v_loss=0.000 ent=3.338 msg_acc=0.000 kl=0.0041
[upd  191 | steps   97792 | t  183.4s | sps   533] ret_mean=0.000 ep_len=500.0 pi_loss=-0.012 v_loss=0.000 ent=3.258 msg_acc=0.000 kl=0.0021
[upd  192 | steps   98304 | t  184.3s | sps   533] ret_mean=0.000 ep_len=500.0 pi_loss=-0.014 v_loss=0.000 ent=3.332 msg_acc=0.000 kl=0.0040
[upd  193 | steps   98816 | t  185.4s | sps   533] ret_mean=0.000 ep_len=500.0 pi_loss=-0.013 v_loss=0.000 ent=3.277 msg_acc=0.000 kl=0.0081
[upd  194 | steps   99328 | t  186.4s | sps   533] ret_mean=0.000 ep_len=500.0 pi_loss=-0.010 v_loss=0.000 ent=3.410 msg_acc=0.000 kl=0.0029
[upd  195 | steps   99840 | t  187.3s | sps   533] ret_mean=0.000 ep_len=500.0 pi_loss=-0.015 v_loss=0.000 ent=3.369 msg_acc=0.000 kl=0.0063
[upd  196 | steps  100352 | t  188.3s | sps   533] ret_mean=0.000 ep_len=500.0 pi_loss=-0.016 v_loss=0.000 ent=3.296 msg_acc=0.000 kl=0.0005
[upd  197 | steps  100864 | t  189.2s | sps   533] ret_mean=0.000 ep_len=500.0 pi_loss=-0.012 v_loss=0.000 ent=3.365 msg_acc=0.000 kl=0.0089
[upd  198 | steps  101376 | t  190.1s | sps   533] ret_mean=0.000 ep_len=500.0 pi_loss=-0.011 v_loss=0.000 ent=3.325 msg_acc=0.000 kl=0.0044
[upd  199 | steps  101888 | t  191.1s | sps   533] ret_mean=0.000 ep_len=500.0 pi_loss=-0.021 v_loss=0.000 ent=3.300 msg_acc=0.000 kl=0.0036
[upd  200 | steps  102400 | t  192.1s | sps   533] ret_mean=0.000 ep_len=500.0 pi_loss=-0.011 v_loss=0.000 ent=3.325 msg_acc=0.000 kl=0.0074
        [eval] ret_mean=0.000 ep_len=500.0
