$ /Users/samchen/Coding/CLASSES/CS2860/.venv/bin/python3 -m policies.train --env rware-tiny-2ag-easy-v2 --seed 0 --updates 400 --rollout 512 --eval-every 25 --eval-episodes 30 --log-dir matrix_results/diagnostics_v1_sam/comm_2ag/main_tiny --run-name mappo-heartbeat-plus-comm__baseline__d0__s0 --n-msg-tokens 8 --heartbeat --heartbeat-period 1 --heartbeat-max-age-clip 128 --shape-rewards --pickup-bonus 0.5

[env] EnvSpec(env_id='rware-tiny-2ag-easy-v2', n_agents=2, obs_dim=73, n_env_actions=5, noop_action=0, family='rware')  (n_msg_tokens=8)
[cfg] {'clip_range': 0.2, 'value_clip_range': 0.2, 'entropy_coef': 0.01, 'value_coef': 0.5, 'max_grad_norm': 0.5, 'gamma': 0.99, 'gae_lambda': 0.95, 'lr_actor': 0.0003, 'lr_critic': 0.001, 'update_epochs': 4, 'minibatches': 4, 'hidden': 128, 'depth': 2, 'device': 'cpu', 'extra': {}}
[log] writing to matrix_results/diagnostics_v1_sam/comm_2ag/main_tiny/mappo-heartbeat-plus-comm__baseline__d0__s0
[upd    1 | steps     512 | t    0.2s | sps  3034] ret_mean=0.000 ep_len=500.0 pi_loss=-0.015 v_loss=0.069 ent=3.685 kl=0.0137
[upd    2 | steps    1024 | t    0.3s | sps  3147] ret_mean=3.000 ep_len=500.0 pi_loss=-0.011 v_loss=0.044 ent=3.682 kl=0.0045
[upd    3 | steps    1536 | t    0.5s | sps  3241] ret_mean=0.000 ep_len=500.0 pi_loss=-0.006 v_loss=0.014 ent=3.672 kl=0.0015
[upd    4 | steps    2048 | t    0.6s | sps  3273] ret_mean=0.000 ep_len=500.0 pi_loss=-0.008 v_loss=0.008 ent=3.671 kl=0.0019
[upd    5 | steps    2560 | t    0.8s | sps  3122] ret_mean=2.000 ep_len=500.0 pi_loss=-0.007 v_loss=0.027 ent=3.648 kl=-0.0013
[upd    6 | steps    3072 | t    1.0s | sps  3149] ret_mean=1.500 ep_len=500.0 pi_loss=-0.012 v_loss=0.005 ent=3.635 kl=0.0056
[upd    7 | steps    3584 | t    1.1s | sps  3171] ret_mean=0.000 ep_len=500.0 pi_loss=-0.009 v_loss=0.003 ent=3.607 kl=-0.0008
[upd    8 | steps    4096 | t    1.3s | sps  3183] ret_mean=1.500 ep_len=500.0 pi_loss=-0.013 v_loss=0.010 ent=3.618 kl=0.0028
[upd    9 | steps    4608 | t    1.4s | sps  3191] ret_mean=0.000 ep_len=500.0 pi_loss=-0.010 v_loss=0.002 ent=3.560 kl=0.0036
[upd   10 | steps    5120 | t    1.6s | sps  3201] ret_mean=7.500 ep_len=500.0 pi_loss=-0.010 v_loss=0.118 ent=3.566 kl=0.0099
[upd   11 | steps    5632 | t    1.7s | sps  3222] ret_mean=0.000 ep_len=500.0 pi_loss=-0.014 v_loss=0.004 ent=3.562 kl=0.0001
[upd   12 | steps    6144 | t    1.9s | sps  3225] ret_mean=0.000 ep_len=500.0 pi_loss=-0.008 v_loss=0.004 ent=3.567 kl=0.0061
[upd   13 | steps    6656 | t    2.1s | sps  3225] ret_mean=1.000 ep_len=500.0 pi_loss=-0.008 v_loss=0.002 ent=3.517 kl=0.0036
[upd   14 | steps    7168 | t    2.2s | sps  3206] ret_mean=1.000 ep_len=500.0 pi_loss=-0.014 v_loss=0.031 ent=3.493 kl=0.0064
[upd   15 | steps    7680 | t    2.4s | sps  3178] ret_mean=2.500 ep_len=500.0 pi_loss=-0.009 v_loss=0.003 ent=3.461 kl=0.0037
[upd   16 | steps    8192 | t    2.6s | sps  3186] ret_mean=0.000 ep_len=500.0 pi_loss=-0.010 v_loss=0.026 ent=3.420 kl=0.0098
[upd   17 | steps    8704 | t    2.7s | sps  3189] ret_mean=3.500 ep_len=500.0 pi_loss=-0.011 v_loss=0.003 ent=3.325 kl=0.0103
[upd   18 | steps    9216 | t    2.9s | sps  3192] ret_mean=0.000 ep_len=500.0 pi_loss=-0.015 v_loss=0.006 ent=3.486 kl=0.0270
[upd   19 | steps    9728 | t    3.0s | sps  3198] ret_mean=1.000 ep_len=500.0 pi_loss=-0.011 v_loss=0.002 ent=3.481 kl=0.0034
[upd   20 | steps   10240 | t    3.2s | sps  3205] ret_mean=0.000 ep_len=500.0 pi_loss=-0.010 v_loss=0.001 ent=3.500 kl=0.0147
[upd   21 | steps   10752 | t    3.4s | sps  3208] ret_mean=0.000 ep_len=500.0 pi_loss=-0.011 v_loss=0.021 ent=3.493 kl=0.0156
[upd   22 | steps   11264 | t    3.5s | sps  3214] ret_mean=2.000 ep_len=500.0 pi_loss=-0.007 v_loss=0.002 ent=3.472 kl=0.0100
[upd   23 | steps   11776 | t    3.7s | sps  3214] ret_mean=0.000 ep_len=500.0 pi_loss=-0.009 v_loss=0.001 ent=3.550 kl=0.0009
[upd   24 | steps   12288 | t    3.8s | sps  3218] ret_mean=0.000 ep_len=500.0 pi_loss=-0.017 v_loss=0.001 ent=3.451 kl=0.0100
[upd   25 | steps   12800 | t    4.0s | sps  3202] ret_mean=0.000 ep_len=500.0 pi_loss=-0.009 v_loss=0.050 ent=3.553 kl=0.0066
        [eval] ret_mean=16.667 ep_len=500.0
[upd   26 | steps   13312 | t    7.8s | sps  1710] ret_mean=2.500 ep_len=500.0 pi_loss=-0.010 v_loss=0.024 ent=3.493 kl=0.0033
[upd   27 | steps   13824 | t    8.0s | sps  1738] ret_mean=0.000 ep_len=500.0 pi_loss=-0.008 v_loss=0.003 ent=3.505 kl=0.0082
[upd   28 | steps   14336 | t    8.1s | sps  1766] ret_mean=0.000 ep_len=500.0 pi_loss=-0.015 v_loss=0.010 ent=3.462 kl=0.0200
[upd   29 | steps   14848 | t    8.3s | sps  1794] ret_mean=2.500 ep_len=500.0 pi_loss=-0.015 v_loss=0.014 ent=3.532 kl=0.0153
[upd   30 | steps   15360 | t    8.4s | sps  1821] ret_mean=3.000 ep_len=500.0 pi_loss=-0.011 v_loss=0.020 ent=3.490 kl=0.0101
[upd   31 | steps   15872 | t    8.6s | sps  1842] ret_mean=1.500 ep_len=500.0 pi_loss=-0.010 v_loss=0.011 ent=3.426 kl=0.0138
[upd   32 | steps   16384 | t    8.8s | sps  1860] ret_mean=0.000 ep_len=500.0 pi_loss=-0.010 v_loss=0.003 ent=3.315 kl=0.0066
[upd   33 | steps   16896 | t    9.0s | sps  1879] ret_mean=5.500 ep_len=500.0 pi_loss=-0.009 v_loss=0.074 ent=3.434 kl=0.0035
[upd   34 | steps   17408 | t    9.2s | sps  1900] ret_mean=10.000 ep_len=500.0 pi_loss=-0.010 v_loss=0.188 ent=3.426 kl=0.0063
[upd   35 | steps   17920 | t    9.3s | sps  1919] ret_mean=7.500 ep_len=500.0 pi_loss=-0.014 v_loss=0.102 ent=3.413 kl=0.0060
[upd   36 | steps   18432 | t    9.5s | sps  1938] ret_mean=5.500 ep_len=500.0 pi_loss=-0.014 v_loss=0.071 ent=3.472 kl=0.0083
[upd   37 | steps   18944 | t    9.7s | sps  1957] ret_mean=4.500 ep_len=500.0 pi_loss=-0.016 v_loss=0.124 ent=3.438 kl=0.0058
[upd   38 | steps   19456 | t    9.9s | sps  1970] ret_mean=6.500 ep_len=500.0 pi_loss=-0.011 v_loss=0.010 ent=3.458 kl=0.0052
[upd   39 | steps   19968 | t   10.1s | sps  1986] ret_mean=0.000 ep_len=500.0 pi_loss=-0.009 v_loss=0.006 ent=3.494 kl=0.0006
[upd   40 | steps   20480 | t   10.2s | sps  2001] ret_mean=0.000 ep_len=500.0 pi_loss=-0.022 v_loss=0.003 ent=3.511 kl=0.0092
[upd   41 | steps   20992 | t   10.4s | sps  2021] ret_mean=0.000 ep_len=500.0 pi_loss=-0.012 v_loss=0.013 ent=3.503 kl=0.0170
[upd   42 | steps   21504 | t   10.5s | sps  2039] ret_mean=2.000 ep_len=500.0 pi_loss=-0.011 v_loss=0.005 ent=3.519 kl=0.0142
[upd   43 | steps   22016 | t   10.7s | sps  2057] ret_mean=0.000 ep_len=500.0 pi_loss=-0.014 v_loss=0.135 ent=3.510 kl=0.0086
[upd   44 | steps   22528 | t   10.9s | sps  2072] ret_mean=6.500 ep_len=500.0 pi_loss=-0.014 v_loss=0.004 ent=3.549 kl=-0.0016
[upd   45 | steps   23040 | t   11.0s | sps  2089] ret_mean=0.000 ep_len=500.0 pi_loss=-0.014 v_loss=0.038 ent=3.485 kl=0.0037
[upd   46 | steps   23552 | t   11.2s | sps  2104] ret_mean=10.500 ep_len=500.0 pi_loss=-0.018 v_loss=0.058 ent=3.501 kl=0.0080
[upd   47 | steps   24064 | t   11.3s | sps  2121] ret_mean=5.000 ep_len=500.0 pi_loss=-0.012 v_loss=0.052 ent=3.452 kl=0.0021
[upd   48 | steps   24576 | t   11.5s | sps  2137] ret_mean=0.000 ep_len=500.0 pi_loss=-0.013 v_loss=0.002 ent=3.410 kl=0.0082
[upd   49 | steps   25088 | t   11.6s | sps  2154] ret_mean=0.000 ep_len=500.0 pi_loss=-0.008 v_loss=0.001 ent=3.422 kl=0.0082
[upd   50 | steps   25600 | t   11.8s | sps  2170] ret_mean=0.000 ep_len=500.0 pi_loss=-0.011 v_loss=0.001 ent=3.307 kl=0.0082
        [eval] ret_mean=4.167 ep_len=500.0
[upd   51 | steps   26112 | t   15.5s | sps  1682] ret_mean=0.000 ep_len=500.0 pi_loss=-0.015 v_loss=0.003 ent=3.427 kl=0.0040
[upd   52 | steps   26624 | t   15.7s | sps  1698] ret_mean=3.000 ep_len=500.0 pi_loss=-0.020 v_loss=0.010 ent=3.416 kl=0.0099
[upd   53 | steps   27136 | t   15.8s | sps  1714] ret_mean=11.000 ep_len=500.0 pi_loss=-0.008 v_loss=0.215 ent=3.385 kl=0.0020
[upd   54 | steps   27648 | t   16.0s | sps  1728] ret_mean=0.000 ep_len=500.0 pi_loss=-0.012 v_loss=0.001 ent=3.384 kl=0.0063
[upd   55 | steps   28160 | t   16.2s | sps  1743] ret_mean=17.000 ep_len=500.0 pi_loss=-0.013 v_loss=0.355 ent=3.351 kl=0.0095
[upd   56 | steps   28672 | t   16.3s | sps  1756] ret_mean=6.000 ep_len=500.0 pi_loss=-0.017 v_loss=0.109 ent=3.436 kl=0.0043
[upd   57 | steps   29184 | t   16.5s | sps  1771] ret_mean=7.500 ep_len=500.0 pi_loss=-0.004 v_loss=0.112 ent=3.387 kl=0.0082
[upd   58 | steps   29696 | t   16.6s | sps  1785] ret_mean=0.000 ep_len=500.0 pi_loss=-0.011 v_loss=0.003 ent=3.415 kl=0.0014
[upd   59 | steps   30208 | t   16.8s | sps  1799] ret_mean=0.000 ep_len=500.0 pi_loss=-0.010 v_loss=0.065 ent=3.365 kl=0.0022
[upd   60 | steps   30720 | t   16.9s | sps  1813] ret_mean=4.500 ep_len=500.0 pi_loss=-0.014 v_loss=0.004 ent=3.364 kl=0.0047
[upd   61 | steps   31232 | t   17.1s | sps  1826] ret_mean=2.000 ep_len=500.0 pi_loss=-0.012 v_loss=0.020 ent=3.495 kl=0.0057
[upd   62 | steps   31744 | t   17.3s | sps  1839] ret_mean=0.000 ep_len=500.0 pi_loss=-0.014 v_loss=0.095 ent=3.476 kl=0.0067
[upd   63 | steps   32256 | t   17.4s | sps  1852] ret_mean=12.000 ep_len=500.0 pi_loss=-0.010 v_loss=0.067 ent=3.303 kl=0.0096
[upd   64 | steps   32768 | t   17.6s | sps  1865] ret_mean=0.000 ep_len=500.0 pi_loss=-0.012 v_loss=0.854 ent=3.236 kl=0.0072
[upd   65 | steps   33280 | t   17.7s | sps  1878] ret_mean=25.500 ep_len=500.0 pi_loss=-0.014 v_loss=0.011 ent=3.185 kl=0.0059
[upd   66 | steps   33792 | t   17.9s | sps  1889] ret_mean=41.500 ep_len=500.0 pi_loss=-0.009 v_loss=1.430 ent=3.111 kl=-0.0032
[upd   67 | steps   34304 | t   18.0s | sps  1902] ret_mean=0.000 ep_len=500.0 pi_loss=-0.013 v_loss=0.310 ent=3.080 kl=0.0052
[upd   68 | steps   34816 | t   18.2s | sps  1914] ret_mean=43.000 ep_len=500.0 pi_loss=-0.011 v_loss=0.980 ent=3.244 kl=0.0015
[upd   69 | steps   35328 | t   18.3s | sps  1926] ret_mean=0.000 ep_len=500.0 pi_loss=-0.011 v_loss=0.069 ent=3.419 kl=0.0066
[upd   70 | steps   35840 | t   18.5s | sps  1939] ret_mean=13.500 ep_len=500.0 pi_loss=-0.009 v_loss=0.493 ent=3.050 kl=0.0075
[upd   71 | steps   36352 | t   18.6s | sps  1950] ret_mean=15.500 ep_len=500.0 pi_loss=-0.017 v_loss=0.655 ent=3.161 kl=0.0087
[upd   72 | steps   36864 | t   18.8s | sps  1962] ret_mean=45.500 ep_len=500.0 pi_loss=-0.012 v_loss=0.521 ent=3.253 kl=0.0002
[upd   73 | steps   37376 | t   18.9s | sps  1973] ret_mean=18.000 ep_len=500.0 pi_loss=-0.009 v_loss=2.297 ent=3.096 kl=0.0200
[upd   74 | steps   37888 | t   19.1s | sps  1984] ret_mean=54.000 ep_len=500.0 pi_loss=-0.013 v_loss=0.051 ent=3.281 kl=0.0105
[upd   75 | steps   38400 | t   19.2s | sps  1995] ret_mean=0.000 ep_len=500.0 pi_loss=-0.007 v_loss=0.012 ent=3.189 kl=0.0063
        [eval] ret_mean=8.333 ep_len=500.0
[upd   76 | steps   38912 | t   23.0s | sps  1694] ret_mean=10.500 ep_len=500.0 pi_loss=-0.010 v_loss=0.171 ent=3.222 kl=0.0062
[upd   77 | steps   39424 | t   23.1s | sps  1705] ret_mean=27.500 ep_len=500.0 pi_loss=-0.010 v_loss=0.627 ent=3.120 kl=0.0035
[upd   78 | steps   39936 | t   23.3s | sps  1715] ret_mean=3.000 ep_len=500.0 pi_loss=-0.015 v_loss=0.064 ent=3.238 kl=0.0041
[upd   79 | steps   40448 | t   23.4s | sps  1726] ret_mean=0.000 ep_len=500.0 pi_loss=-0.010 v_loss=0.009 ent=3.063 kl=0.0059
[upd   80 | steps   40960 | t   23.6s | sps  1737] ret_mean=0.000 ep_len=500.0 pi_loss=-0.009 v_loss=0.007 ent=3.071 kl=0.0032
[upd   81 | steps   41472 | t   23.7s | sps  1747] ret_mean=1.500 ep_len=500.0 pi_loss=-0.018 v_loss=0.028 ent=3.122 kl=0.0184
[upd   82 | steps   41984 | t   23.9s | sps  1758] ret_mean=55.000 ep_len=500.0 pi_loss=-0.010 v_loss=2.144 ent=3.134 kl=0.0065
[upd   83 | steps   42496 | t   24.0s | sps  1768] ret_mean=45.000 ep_len=500.0 pi_loss=-0.012 v_loss=1.700 ent=3.011 kl=0.0051
[upd   84 | steps   43008 | t   24.2s | sps  1778] ret_mean=0.000 ep_len=500.0 pi_loss=-0.011 v_loss=2.683 ent=3.209 kl=0.0014
[upd   85 | steps   43520 | t   24.3s | sps  1787] ret_mean=118.500 ep_len=500.0 pi_loss=-0.013 v_loss=4.147 ent=2.877 kl=0.0069
[upd   86 | steps   44032 | t   24.5s | sps  1797] ret_mean=45.000 ep_len=500.0 pi_loss=-0.011 v_loss=1.290 ent=2.894 kl=0.0002
[upd   87 | steps   44544 | t   24.7s | sps  1807] ret_mean=34.000 ep_len=500.0 pi_loss=-0.013 v_loss=0.501 ent=3.131 kl=0.0070
[upd   88 | steps   45056 | t   24.8s | sps  1816] ret_mean=8.000 ep_len=500.0 pi_loss=-0.017 v_loss=0.211 ent=3.073 kl=0.0266
[upd   89 | steps   45568 | t   25.0s | sps  1825] ret_mean=0.000 ep_len=500.0 pi_loss=-0.013 v_loss=0.032 ent=2.978 kl=0.0078
[upd   90 | steps   46080 | t   25.1s | sps  1835] ret_mean=0.000 ep_len=500.0 pi_loss=-0.017 v_loss=0.022 ent=2.945 kl=0.0143
[upd   91 | steps   46592 | t   25.3s | sps  1844] ret_mean=0.000 ep_len=500.0 pi_loss=-0.010 v_loss=0.018 ent=2.898 kl=0.0110
[upd   92 | steps   47104 | t   25.4s | sps  1854] ret_mean=0.000 ep_len=500.0 pi_loss=-0.015 v_loss=1.289 ent=3.080 kl=0.0002
[upd   93 | steps   47616 | t   25.6s | sps  1863] ret_mean=41.500 ep_len=500.0 pi_loss=-0.012 v_loss=0.111 ent=3.236 kl=0.0096
[upd   94 | steps   48128 | t   25.7s | sps  1872] ret_mean=0.500 ep_len=500.0 pi_loss=-0.015 v_loss=0.006 ent=3.114 kl=0.0046
[upd   95 | steps   48640 | t   25.9s | sps  1880] ret_mean=0.000 ep_len=500.0 pi_loss=-0.012 v_loss=0.003 ent=3.238 kl=-0.0011
[upd   96 | steps   49152 | t   26.0s | sps  1888] ret_mean=0.000 ep_len=500.0 pi_loss=-0.012 v_loss=0.002 ent=3.375 kl=0.0100
[upd   97 | steps   49664 | t   26.2s | sps  1896] ret_mean=0.000 ep_len=500.0 pi_loss=-0.019 v_loss=1.046 ent=3.273 kl=-0.0003
[upd   98 | steps   50176 | t   26.3s | sps  1905] ret_mean=43.500 ep_len=500.0 pi_loss=-0.008 v_loss=1.436 ent=3.145 kl=0.0086
[upd   99 | steps   50688 | t   26.5s | sps  1913] ret_mean=69.000 ep_len=500.0 pi_loss=-0.014 v_loss=1.355 ent=3.245 kl=0.0050
[upd  100 | steps   51200 | t   26.6s | sps  1921] ret_mean=12.500 ep_len=500.0 pi_loss=-0.013 v_loss=3.617 ent=3.108 kl=0.0051
        [eval] ret_mean=4.167 ep_len=500.0
[upd  101 | steps   51712 | t   30.4s | sps  1700] ret_mean=0.000 ep_len=500.0 pi_loss=-0.010 v_loss=0.002 ent=3.040 kl=-0.0018
[upd  102 | steps   52224 | t   30.6s | sps  1709] ret_mean=2.000 ep_len=500.0 pi_loss=-0.013 v_loss=0.047 ent=3.256 kl=0.0063
[upd  103 | steps   52736 | t   30.7s | sps  1717] ret_mean=0.000 ep_len=500.0 pi_loss=-0.011 v_loss=0.007 ent=2.955 kl=0.0062
[upd  104 | steps   53248 | t   30.9s | sps  1725] ret_mean=0.000 ep_len=500.0 pi_loss=-0.010 v_loss=0.002 ent=3.003 kl=0.0077
[upd  105 | steps   53760 | t   31.0s | sps  1733] ret_mean=0.000 ep_len=500.0 pi_loss=-0.013 v_loss=0.003 ent=3.205 kl=0.0079
[upd  106 | steps   54272 | t   31.2s | sps  1741] ret_mean=0.000 ep_len=500.0 pi_loss=-0.016 v_loss=0.004 ent=3.067 kl=0.0095
[upd  107 | steps   54784 | t   31.3s | sps  1749] ret_mean=15.000 ep_len=500.0 pi_loss=-0.017 v_loss=0.574 ent=2.763 kl=0.0153
[upd  108 | steps   55296 | t   31.5s | sps  1757] ret_mean=29.000 ep_len=500.0 pi_loss=-0.012 v_loss=1.232 ent=2.740 kl=0.0006
[upd  109 | steps   55808 | t   31.6s | sps  1764] ret_mean=12.000 ep_len=500.0 pi_loss=-0.015 v_loss=0.363 ent=3.040 kl=0.0062
[upd  110 | steps   56320 | t   31.8s | sps  1772] ret_mean=0.000 ep_len=500.0 pi_loss=-0.011 v_loss=0.004 ent=2.577 kl=0.0096
[upd  111 | steps   56832 | t   31.9s | sps  1780] ret_mean=0.000 ep_len=500.0 pi_loss=-0.011 v_loss=0.001 ent=3.225 kl=0.0093
[upd  112 | steps   57344 | t   32.1s | sps  1787] ret_mean=24.500 ep_len=500.0 pi_loss=-0.008 v_loss=1.817 ent=2.998 kl=0.0017
[upd  113 | steps   57856 | t   32.2s | sps  1795] ret_mean=111.500 ep_len=500.0 pi_loss=-0.013 v_loss=5.072 ent=2.651 kl=0.0018
[upd  114 | steps   58368 | t   32.4s | sps  1802] ret_mean=11.000 ep_len=500.0 pi_loss=-0.016 v_loss=0.342 ent=3.059 kl=0.0095
[upd  115 | steps   58880 | t   32.5s | sps  1809] ret_mean=0.000 ep_len=500.0 pi_loss=-0.013 v_loss=0.182 ent=3.179 kl=0.0063
[upd  116 | steps   59392 | t   32.7s | sps  1817] ret_mean=15.000 ep_len=500.0 pi_loss=-0.008 v_loss=0.222 ent=3.013 kl=0.0049
[upd  117 | steps   59904 | t   32.8s | sps  1824] ret_mean=0.000 ep_len=500.0 pi_loss=-0.011 v_loss=0.008 ent=3.008 kl=0.0051
[upd  118 | steps   60416 | t   33.0s | sps  1831] ret_mean=0.000 ep_len=500.0 pi_loss=-0.010 v_loss=0.004 ent=3.138 kl=0.0016
[upd  119 | steps   60928 | t   33.2s | sps  1838] ret_mean=34.500 ep_len=500.0 pi_loss=-0.010 v_loss=3.543 ent=2.857 kl=0.0045
[upd  120 | steps   61440 | t   33.3s | sps  1845] ret_mean=112.000 ep_len=500.0 pi_loss=-0.013 v_loss=2.345 ent=2.918 kl=0.0093
[upd  121 | steps   61952 | t   33.5s | sps  1852] ret_mean=0.000 ep_len=500.0 pi_loss=-0.012 v_loss=0.033 ent=3.253 kl=0.0037
[upd  122 | steps   62464 | t   33.6s | sps  1859] ret_mean=42.500 ep_len=500.0 pi_loss=-0.012 v_loss=1.242 ent=2.768 kl=0.0009
[upd  123 | steps   62976 | t   33.8s | sps  1865] ret_mean=0.000 ep_len=500.0 pi_loss=-0.016 v_loss=0.006 ent=3.302 kl=0.0086
[upd  124 | steps   63488 | t   33.9s | sps  1872] ret_mean=0.000 ep_len=500.0 pi_loss=-0.012 v_loss=0.658 ent=3.181 kl=0.0089
[upd  125 | steps   64000 | t   34.1s | sps  1879] ret_mean=23.500 ep_len=500.0 pi_loss=-0.014 v_loss=0.007 ent=3.165 kl=0.0103
        [eval] ret_mean=0.000 ep_len=500.0
[upd  126 | steps   64512 | t   37.8s | sps  1704] ret_mean=0.000 ep_len=500.0 pi_loss=-0.011 v_loss=0.018 ent=2.904 kl=0.0055
[upd  127 | steps   65024 | t   38.0s | sps  1711] ret_mean=82.000 ep_len=500.0 pi_loss=-0.012 v_loss=3.799 ent=2.860 kl=0.0041
[upd  128 | steps   65536 | t   38.2s | sps  1718] ret_mean=79.500 ep_len=500.0 pi_loss=-0.014 v_loss=3.645 ent=2.898 kl=0.0195
[upd  129 | steps   66048 | t   38.3s | sps  1724] ret_mean=38.500 ep_len=500.0 pi_loss=-0.012 v_loss=1.701 ent=3.030 kl=0.0072
[upd  130 | steps   66560 | t   38.5s | sps  1731] ret_mean=0.000 ep_len=500.0 pi_loss=-0.010 v_loss=0.010 ent=3.153 kl=0.0028
[upd  131 | steps   67072 | t   38.6s | sps  1737] ret_mean=27.000 ep_len=500.0 pi_loss=-0.013 v_loss=1.134 ent=2.512 kl=0.0050
[upd  132 | steps   67584 | t   38.8s | sps  1743] ret_mean=62.500 ep_len=500.0 pi_loss=-0.008 v_loss=2.762 ent=2.553 kl=0.0125
[upd  133 | steps   68096 | t   38.9s | sps  1750] ret_mean=84.500 ep_len=500.0 pi_loss=-0.009 v_loss=3.996 ent=2.317 kl=0.0151
[upd  134 | steps   68608 | t   39.1s | sps  1756] ret_mean=0.000 ep_len=500.0 pi_loss=-0.010 v_loss=0.948 ent=2.436 kl=0.0073
[upd  135 | steps   69120 | t   39.2s | sps  1762] ret_mean=73.000 ep_len=500.0 pi_loss=-0.008 v_loss=1.912 ent=2.577 kl=0.0074
[upd  136 | steps   69632 | t   39.4s | sps  1768] ret_mean=0.000 ep_len=500.0 pi_loss=-0.015 v_loss=1.027 ent=2.234 kl=0.0034
[upd  137 | steps   70144 | t   39.5s | sps  1775] ret_mean=108.000 ep_len=500.0 pi_loss=-0.012 v_loss=3.184 ent=2.773 kl=0.0066
[upd  138 | steps   70656 | t   39.7s | sps  1780] ret_mean=0.000 ep_len=500.0 pi_loss=-0.014 v_loss=0.914 ent=3.091 kl=0.0117
[upd  139 | steps   71168 | t   39.8s | sps  1786] ret_mean=106.500 ep_len=500.0 pi_loss=-0.011 v_loss=3.527 ent=2.603 kl=0.0032
[upd  140 | steps   71680 | t   40.0s | sps  1792] ret_mean=0.000 ep_len=500.0 pi_loss=-0.013 v_loss=0.012 ent=2.775 kl=-0.0027
[upd  141 | steps   72192 | t   40.2s | sps  1798] ret_mean=0.000 ep_len=500.0 pi_loss=-0.016 v_loss=0.020 ent=2.958 kl=0.0211
[upd  142 | steps   72704 | t   40.3s | sps  1804] ret_mean=0.000 ep_len=500.0 pi_loss=-0.013 v_loss=0.016 ent=3.153 kl=0.0087
[upd  143 | steps   73216 | t   40.5s | sps  1809] ret_mean=0.000 ep_len=500.0 pi_loss=-0.006 v_loss=0.015 ent=3.061 kl=0.0065
[upd  144 | steps   73728 | t   40.6s | sps  1815] ret_mean=0.000 ep_len=500.0 pi_loss=-0.014 v_loss=1.043 ent=3.146 kl=-0.0016
[upd  145 | steps   74240 | t   40.8s | sps  1821] ret_mean=67.000 ep_len=500.0 pi_loss=-0.016 v_loss=1.628 ent=2.967 kl=0.0179
[upd  146 | steps   74752 | t   41.0s | sps  1825] ret_mean=0.000 ep_len=500.0 pi_loss=-0.016 v_loss=0.004 ent=3.278 kl=0.0154
[upd  147 | steps   75264 | t   41.2s | sps  1828] ret_mean=0.000 ep_len=500.0 pi_loss=-0.017 v_loss=0.005 ent=3.245 kl=0.0140
[upd  148 | steps   75776 | t   41.3s | sps  1833] ret_mean=0.000 ep_len=500.0 pi_loss=-0.015 v_loss=0.001 ent=2.760 kl=0.0025
[upd  149 | steps   76288 | t   41.5s | sps  1838] ret_mean=0.000 ep_len=500.0 pi_loss=-0.021 v_loss=0.001 ent=2.877 kl=0.0085
[upd  150 | steps   76800 | t   41.7s | sps  1842] ret_mean=7.500 ep_len=500.0 pi_loss=-0.014 v_loss=0.216 ent=3.051 kl=0.0033
        [eval] ret_mean=8.333 ep_len=500.0
[upd  151 | steps   77312 | t   45.8s | sps  1688] ret_mean=102.500 ep_len=500.0 pi_loss=-0.015 v_loss=4.476 ent=2.318 kl=0.0066
[upd  152 | steps   77824 | t   45.9s | sps  1694] ret_mean=5.500 ep_len=500.0 pi_loss=-0.016 v_loss=0.144 ent=2.130 kl=0.0107
[upd  153 | steps   78336 | t   46.1s | sps  1699] ret_mean=0.000 ep_len=500.0 pi_loss=-0.010 v_loss=0.035 ent=2.126 kl=0.0103
[upd  154 | steps   78848 | t   46.3s | sps  1704] ret_mean=45.000 ep_len=500.0 pi_loss=-0.009 v_loss=1.627 ent=2.783 kl=0.0007
[upd  155 | steps   79360 | t   46.4s | sps  1710] ret_mean=0.000 ep_len=500.0 pi_loss=-0.009 v_loss=0.026 ent=2.299 kl=0.0057
[upd  156 | steps   79872 | t   46.6s | sps  1715] ret_mean=0.000 ep_len=500.0 pi_loss=-0.007 v_loss=0.013 ent=2.663 kl=0.0017
[upd  157 | steps   80384 | t   46.7s | sps  1720] ret_mean=85.500 ep_len=500.0 pi_loss=-0.009 v_loss=4.440 ent=2.139 kl=0.0030
[upd  158 | steps   80896 | t   46.9s | sps  1725] ret_mean=105.000 ep_len=500.0 pi_loss=-0.019 v_loss=4.545 ent=2.383 kl=0.0217
[upd  159 | steps   81408 | t   47.1s | sps  1730] ret_mean=0.000 ep_len=500.0 pi_loss=-0.008 v_loss=0.017 ent=2.505 kl=0.0104
[upd  160 | steps   81920 | t   47.2s | sps  1735] ret_mean=90.500 ep_len=500.0 pi_loss=-0.011 v_loss=4.473 ent=2.167 kl=0.0026
[upd  161 | steps   82432 | t   47.4s | sps  1741] ret_mean=47.500 ep_len=500.0 pi_loss=-0.013 v_loss=1.708 ent=2.370 kl=0.0177
[upd  162 | steps   82944 | t   47.5s | sps  1746] ret_mean=0.000 ep_len=500.0 pi_loss=-0.011 v_loss=0.004 ent=2.703 kl=0.0065
[upd  163 | steps   83456 | t   47.7s | sps  1751] ret_mean=0.000 ep_len=500.0 pi_loss=-0.013 v_loss=0.017 ent=2.310 kl=0.0089
[upd  164 | steps   83968 | t   47.9s | sps  1754] ret_mean=0.000 ep_len=500.0 pi_loss=-0.008 v_loss=0.006 ent=2.272 kl=0.0018
[upd  165 | steps   84480 | t   48.1s | sps  1755] ret_mean=0.000 ep_len=500.0 pi_loss=-0.012 v_loss=0.006 ent=2.568 kl=0.0090
[upd  166 | steps   84992 | t   48.3s | sps  1759] ret_mean=0.000 ep_len=500.0 pi_loss=-0.005 v_loss=0.056 ent=2.128 kl=0.0062
[upd  167 | steps   85504 | t   48.5s | sps  1762] ret_mean=5.000 ep_len=500.0 pi_loss=-0.007 v_loss=0.010 ent=2.567 kl=0.0061
[upd  168 | steps   86016 | t   48.7s | sps  1766] ret_mean=57.500 ep_len=500.0 pi_loss=-0.009 v_loss=2.925 ent=2.173 kl=0.0098
[upd  169 | steps   86528 | t   48.9s | sps  1770] ret_mean=50.500 ep_len=500.0 pi_loss=-0.013 v_loss=2.368 ent=2.300 kl=0.0015
[upd  170 | steps   87040 | t   49.1s | sps  1774] ret_mean=34.500 ep_len=500.0 pi_loss=-0.011 v_loss=1.209 ent=2.648 kl=0.0049
[upd  171 | steps   87552 | t   49.2s | sps  1778] ret_mean=0.000 ep_len=500.0 pi_loss=-0.014 v_loss=0.003 ent=2.509 kl=0.0178
[upd  172 | steps   88064 | t   49.4s | sps  1783] ret_mean=33.000 ep_len=500.0 pi_loss=-0.014 v_loss=4.615 ent=2.493 kl=0.0118
[upd  173 | steps   88576 | t   49.5s | sps  1788] ret_mean=118.000 ep_len=500.0 pi_loss=-0.008 v_loss=2.183 ent=2.367 kl=0.0071
[upd  174 | steps   89088 | t   49.7s | sps  1793] ret_mean=0.000 ep_len=500.0 pi_loss=-0.012 v_loss=1.675 ent=2.254 kl=0.0105
[upd  175 | steps   89600 | t   49.9s | sps  1797] ret_mean=90.000 ep_len=500.0 pi_loss=-0.009 v_loss=8.299 ent=2.215 kl=0.0113
        [eval] ret_mean=4.167 ep_len=500.0
[upd  176 | steps   90112 | t   53.8s | sps  1674] ret_mean=0.000 ep_len=500.0 pi_loss=-0.017 v_loss=0.028 ent=2.866 kl=0.0094
[upd  177 | steps   90624 | t   54.0s | sps  1679] ret_mean=100.500 ep_len=500.0 pi_loss=-0.015 v_loss=4.327 ent=2.465 kl=0.0138
[upd  178 | steps   91136 | t   54.1s | sps  1684] ret_mean=182.500 ep_len=500.0 pi_loss=-0.007 v_loss=17.369 ent=1.966 kl=0.0093
[upd  179 | steps   91648 | t   54.3s | sps  1689] ret_mean=0.000 ep_len=500.0 pi_loss=-0.011 v_loss=0.052 ent=2.755 kl=0.0016
[upd  180 | steps   92160 | t   54.4s | sps  1694] ret_mean=0.000 ep_len=500.0 pi_loss=-0.014 v_loss=0.029 ent=2.624 kl=0.0006
[upd  181 | steps   92672 | t   54.6s | sps  1698] ret_mean=103.500 ep_len=500.0 pi_loss=-0.009 v_loss=4.813 ent=2.171 kl=0.0048
[upd  182 | steps   93184 | t   54.7s | sps  1703] ret_mean=20.000 ep_len=500.0 pi_loss=-0.011 v_loss=0.808 ent=2.620 kl=0.0046
[upd  183 | steps   93696 | t   54.9s | sps  1707] ret_mean=78.000 ep_len=500.0 pi_loss=-0.012 v_loss=3.516 ent=2.773 kl=0.0087
[upd  184 | steps   94208 | t   55.0s | sps  1712] ret_mean=103.000 ep_len=500.0 pi_loss=-0.020 v_loss=4.063 ent=2.557 kl=0.0098
[upd  185 | steps   94720 | t   55.2s | sps  1716] ret_mean=0.000 ep_len=500.0 pi_loss=-0.015 v_loss=0.155 ent=2.755 kl=0.0067
[upd  186 | steps   95232 | t   55.3s | sps  1721] ret_mean=95.000 ep_len=500.0 pi_loss=-0.011 v_loss=3.293 ent=2.215 kl=0.0048
[upd  187 | steps   95744 | t   55.5s | sps  1725] ret_mean=83.500 ep_len=500.0 pi_loss=-0.015 v_loss=2.937 ent=2.467 kl=0.0027
[upd  188 | steps   96256 | t   55.7s | sps  1729] ret_mean=18.000 ep_len=500.0 pi_loss=-0.012 v_loss=0.728 ent=2.820 kl=0.0048
[upd  189 | steps   96768 | t   55.8s | sps  1733] ret_mean=0.000 ep_len=500.0 pi_loss=-0.018 v_loss=0.076 ent=2.941 kl=0.0026
[upd  190 | steps   97280 | t   56.0s | sps  1737] ret_mean=0.000 ep_len=500.0 pi_loss=-0.011 v_loss=1.729 ent=2.409 kl=0.0092
[upd  191 | steps   97792 | t   56.2s | sps  1740] ret_mean=128.500 ep_len=500.0 pi_loss=-0.014 v_loss=4.101 ent=2.405 kl=0.0077
[upd  192 | steps   98304 | t   56.4s | sps  1743] ret_mean=0.000 ep_len=500.0 pi_loss=-0.014 v_loss=2.164 ent=2.572 kl=0.0014
[upd  193 | steps   98816 | t   56.6s | sps  1747] ret_mean=174.500 ep_len=500.0 pi_loss=-0.015 v_loss=10.371 ent=2.357 kl=0.0179
[upd  194 | steps   99328 | t   56.7s | sps  1751] ret_mean=6.500 ep_len=500.0 pi_loss=-0.018 v_loss=0.970 ent=2.615 kl=0.0051
[upd  195 | steps   99840 | t   56.9s | sps  1755] ret_mean=55.000 ep_len=500.0 pi_loss=-0.013 v_loss=1.400 ent=2.691 kl=0.0083
[upd  196 | steps  100352 | t   57.0s | sps  1759] ret_mean=0.000 ep_len=500.0 pi_loss=-0.007 v_loss=6.950 ent=2.321 kl=0.0195
[upd  197 | steps  100864 | t   57.2s | sps  1763] ret_mean=185.500 ep_len=500.0 pi_loss=-0.012 v_loss=9.371 ent=2.181 kl=0.0061
[upd  198 | steps  101376 | t   57.4s | sps  1767] ret_mean=88.000 ep_len=500.0 pi_loss=-0.010 v_loss=1.148 ent=2.479 kl=0.0101
[upd  199 | steps  101888 | t   57.5s | sps  1771] ret_mean=0.000 ep_len=500.0 pi_loss=-0.012 v_loss=0.045 ent=2.466 kl=0.0054
[upd  200 | steps  102400 | t   57.7s | sps  1775] ret_mean=0.000 ep_len=500.0 pi_loss=-0.014 v_loss=0.033 ent=2.271 kl=0.0158
        [eval] ret_mean=4.167 ep_len=500.0
[upd  201 | steps  102912 | t   62.1s | sps  1657] ret_mean=0.000 ep_len=500.0 pi_loss=-0.010 v_loss=0.015 ent=2.670 kl=0.0022
[upd  202 | steps  103424 | t   62.3s | sps  1660] ret_mean=0.000 ep_len=500.0 pi_loss=-0.014 v_loss=0.026 ent=2.693 kl=0.0241
[upd  203 | steps  103936 | t   62.5s | sps  1664] ret_mean=25.500 ep_len=500.0 pi_loss=-0.012 v_loss=1.145 ent=2.876 kl=0.0075
[upd  204 | steps  104448 | t   62.7s | sps  1667] ret_mean=121.500 ep_len=500.0 pi_loss=-0.013 v_loss=4.671 ent=1.840 kl=0.0096
[upd  205 | steps  104960 | t   63.0s | sps  1666] ret_mean=0.000 ep_len=500.0 pi_loss=-0.015 v_loss=0.006 ent=2.713 kl=0.0105
[upd  206 | steps  105472 | t   63.3s | sps  1667] ret_mean=3.500 ep_len=500.0 pi_loss=-0.013 v_loss=0.070 ent=2.628 kl=0.0114
[upd  207 | steps  105984 | t   63.5s | sps  1669] ret_mean=0.000 ep_len=500.0 pi_loss=-0.015 v_loss=0.538 ent=2.781 kl=0.0176
[upd  208 | steps  106496 | t   63.7s | sps  1672] ret_mean=112.500 ep_len=500.0 pi_loss=-0.005 v_loss=5.405 ent=1.814 kl=0.0016
[upd  209 | steps  107008 | t   64.0s | sps  1673] ret_mean=166.500 ep_len=500.0 pi_loss=-0.009 v_loss=11.001 ent=2.072 kl=0.0044
[upd  210 | steps  107520 | t   64.2s | sps  1674] ret_mean=0.000 ep_len=500.0 pi_loss=-0.015 v_loss=0.007 ent=2.294 kl=0.0012
[upd  211 | steps  108032 | t   64.5s | sps  1675] ret_mean=0.000 ep_len=500.0 pi_loss=-0.012 v_loss=0.006 ent=2.473 kl=0.0107
[upd  212 | steps  108544 | t   64.7s | sps  1677] ret_mean=79.000 ep_len=500.0 pi_loss=-0.009 v_loss=3.927 ent=2.385 kl=0.0056
[upd  213 | steps  109056 | t   65.0s | sps  1677] ret_mean=0.000 ep_len=500.0 pi_loss=-0.009 v_loss=0.003 ent=2.385 kl=0.0207
[upd  214 | steps  109568 | t   65.3s | sps  1679] ret_mean=61.000 ep_len=500.0 pi_loss=-0.015 v_loss=3.991 ent=2.342 kl=0.0167
[upd  215 | steps  110080 | t   65.5s | sps  1681] ret_mean=104.500 ep_len=500.0 pi_loss=-0.014 v_loss=5.083 ent=2.040 kl=0.0092
[upd  216 | steps  110592 | t   65.7s | sps  1684] ret_mean=100.000 ep_len=500.0 pi_loss=-0.018 v_loss=3.044 ent=2.365 kl=0.0038
[upd  217 | steps  111104 | t   65.9s | sps  1687] ret_mean=86.000 ep_len=500.0 pi_loss=-0.013 v_loss=5.938 ent=2.162 kl=0.0064
[upd  218 | steps  111616 | t   66.0s | sps  1691] ret_mean=123.500 ep_len=500.0 pi_loss=-0.014 v_loss=3.521 ent=2.308 kl=0.0109
[upd  219 | steps  112128 | t   66.2s | sps  1694] ret_mean=61.500 ep_len=500.0 pi_loss=-0.009 v_loss=3.533 ent=1.822 kl=0.0054
[upd  220 | steps  112640 | t   66.3s | sps  1698] ret_mean=127.500 ep_len=500.0 pi_loss=-0.008 v_loss=9.457 ent=1.568 kl=0.0089
[upd  221 | steps  113152 | t   66.5s | sps  1701] ret_mean=91.000 ep_len=500.0 pi_loss=-0.019 v_loss=5.204 ent=1.959 kl=0.0208
[upd  222 | steps  113664 | t   66.7s | sps  1704] ret_mean=124.000 ep_len=500.0 pi_loss=-0.012 v_loss=2.949 ent=2.155 kl=0.0107
[upd  223 | steps  114176 | t   66.9s | sps  1707] ret_mean=14.500 ep_len=500.0 pi_loss=-0.012 v_loss=2.959 ent=2.247 kl=0.0068
[upd  224 | steps  114688 | t   67.1s | sps  1710] ret_mean=159.500 ep_len=500.0 pi_loss=-0.007 v_loss=8.703 ent=1.969 kl=0.0043
[upd  225 | steps  115200 | t   67.3s | sps  1712] ret_mean=33.500 ep_len=500.0 pi_loss=-0.016 v_loss=1.962 ent=2.564 kl=0.0214
        [eval] ret_mean=12.500 ep_len=500.0
[upd  226 | steps  115712 | t   72.0s | sps  1607] ret_mean=0.000 ep_len=500.0 pi_loss=-0.012 v_loss=0.076 ent=2.717 kl=-0.0045
[upd  227 | steps  116224 | t   72.2s | sps  1609] ret_mean=0.000 ep_len=500.0 pi_loss=-0.015 v_loss=0.049 ent=2.898 kl=0.0038
[upd  228 | steps  116736 | t   72.4s | sps  1612] ret_mean=0.000 ep_len=500.0 pi_loss=-0.011 v_loss=0.056 ent=2.738 kl=0.0017
[upd  229 | steps  117248 | t   72.6s | sps  1614] ret_mean=55.000 ep_len=500.0 pi_loss=-0.012 v_loss=2.036 ent=2.367 kl=0.0112
[upd  230 | steps  117760 | t   72.8s | sps  1617] ret_mean=82.000 ep_len=500.0 pi_loss=-0.015 v_loss=3.345 ent=2.443 kl=0.0088
[upd  231 | steps  118272 | t   73.0s | sps  1621] ret_mean=116.000 ep_len=500.0 pi_loss=-0.010 v_loss=6.391 ent=2.200 kl=0.0051
[upd  232 | steps  118784 | t   73.1s | sps  1624] ret_mean=0.000 ep_len=500.0 pi_loss=-0.011 v_loss=0.054 ent=2.857 kl=0.0020
[upd  233 | steps  119296 | t   73.3s | sps  1628] ret_mean=0.000 ep_len=500.0 pi_loss=-0.018 v_loss=0.680 ent=2.645 kl=0.0068
[upd  234 | steps  119808 | t   73.4s | sps  1631] ret_mean=80.000 ep_len=500.0 pi_loss=-0.011 v_loss=2.281 ent=2.689 kl=0.0169
[upd  235 | steps  120320 | t   73.6s | sps  1635] ret_mean=95.500 ep_len=500.0 pi_loss=-0.019 v_loss=3.973 ent=2.280 kl=0.0117
[upd  236 | steps  120832 | t   73.8s | sps  1638] ret_mean=0.000 ep_len=500.0 pi_loss=-0.009 v_loss=0.020 ent=2.668 kl=0.0006
[upd  237 | steps  121344 | t   73.9s | sps  1641] ret_mean=0.000 ep_len=500.0 pi_loss=-0.012 v_loss=1.165 ent=2.613 kl=0.0084
[upd  238 | steps  121856 | t   74.1s | sps  1645] ret_mean=114.500 ep_len=500.0 pi_loss=-0.015 v_loss=3.284 ent=2.168 kl=0.0114
[upd  239 | steps  122368 | t   74.2s | sps  1648] ret_mean=8.000 ep_len=500.0 pi_loss=-0.016 v_loss=0.605 ent=2.659 kl=0.0024
[upd  240 | steps  122880 | t   74.4s | sps  1652] ret_mean=0.000 ep_len=500.0 pi_loss=-0.011 v_loss=0.872 ent=2.623 kl=0.0073
[upd  241 | steps  123392 | t   74.6s | sps  1655] ret_mean=100.500 ep_len=500.0 pi_loss=-0.009 v_loss=8.774 ent=2.028 kl=0.0174
[upd  242 | steps  123904 | t   74.7s | sps  1658] ret_mean=165.000 ep_len=500.0 pi_loss=-0.017 v_loss=4.804 ent=2.241 kl=0.0133
[upd  243 | steps  124416 | t   74.9s | sps  1662] ret_mean=36.500 ep_len=500.0 pi_loss=-0.007 v_loss=0.822 ent=2.623 kl=0.0060
[upd  244 | steps  124928 | t   75.0s | sps  1665] ret_mean=25.500 ep_len=500.0 pi_loss=-0.018 v_loss=2.832 ent=2.269 kl=0.0192
[upd  245 | steps  125440 | t   75.2s | sps  1668] ret_mean=130.000 ep_len=500.0 pi_loss=-0.006 v_loss=4.897 ent=1.975 kl=0.0033
[upd  246 | steps  125952 | t   75.3s | sps  1672] ret_mean=0.000 ep_len=500.0 pi_loss=-0.014 v_loss=0.110 ent=2.876 kl=0.0099
[upd  247 | steps  126464 | t   75.5s | sps  1675] ret_mean=36.000 ep_len=500.0 pi_loss=-0.013 v_loss=1.554 ent=2.705 kl=0.0075
[upd  248 | steps  126976 | t   75.7s | sps  1678] ret_mean=0.000 ep_len=500.0 pi_loss=-0.019 v_loss=0.062 ent=3.008 kl=0.0069
[upd  249 | steps  127488 | t   75.8s | sps  1681] ret_mean=0.000 ep_len=500.0 pi_loss=-0.014 v_loss=0.843 ent=2.668 kl=0.0064
[upd  250 | steps  128000 | t   76.0s | sps  1685] ret_mean=68.500 ep_len=500.0 pi_loss=-0.011 v_loss=1.854 ent=2.523 kl=0.0006
        [eval] ret_mean=25.000 ep_len=500.0
[upd  251 | steps  128512 | t   79.8s | sps  1610] ret_mean=45.000 ep_len=500.0 pi_loss=-0.009 v_loss=1.870 ent=2.616 kl=0.0046
[upd  252 | steps  129024 | t   80.0s | sps  1613] ret_mean=76.000 ep_len=500.0 pi_loss=-0.015 v_loss=3.187 ent=2.533 kl=0.0087
[upd  253 | steps  129536 | t   80.2s | sps  1616] ret_mean=108.500 ep_len=500.0 pi_loss=-0.013 v_loss=4.243 ent=2.011 kl=0.0056
[upd  254 | steps  130048 | t   80.3s | sps  1619] ret_mean=0.000 ep_len=500.0 pi_loss=-0.014 v_loss=0.453 ent=2.810 kl=0.0161
[upd  255 | steps  130560 | t   80.5s | sps  1622] ret_mean=124.000 ep_len=500.0 pi_loss=-0.012 v_loss=4.284 ent=2.043 kl=0.0015
[upd  256 | steps  131072 | t   80.7s | sps  1625] ret_mean=210.000 ep_len=500.0 pi_loss=-0.004 v_loss=14.817 ent=1.288 kl=0.0048
[upd  257 | steps  131584 | t   80.9s | sps  1627] ret_mean=122.000 ep_len=500.0 pi_loss=-0.013 v_loss=3.888 ent=2.046 kl=0.0030
[upd  258 | steps  132096 | t   81.1s | sps  1629] ret_mean=91.000 ep_len=500.0 pi_loss=-0.019 v_loss=3.370 ent=2.588 kl=0.0073
[upd  259 | steps  132608 | t   81.3s | sps  1631] ret_mean=139.000 ep_len=500.0 pi_loss=-0.013 v_loss=11.812 ent=2.031 kl=0.0063
[upd  260 | steps  133120 | t   81.5s | sps  1633] ret_mean=231.500 ep_len=500.0 pi_loss=-0.006 v_loss=12.080 ent=1.854 kl=0.0123
[upd  261 | steps  133632 | t   81.7s | sps  1635] ret_mean=44.000 ep_len=500.0 pi_loss=-0.017 v_loss=1.994 ent=2.822 kl=0.0061
[upd  262 | steps  134144 | t   82.0s | sps  1637] ret_mean=49.000 ep_len=500.0 pi_loss=-0.017 v_loss=1.934 ent=2.484 kl=0.0109
[upd  263 | steps  134656 | t   82.2s | sps  1638] ret_mean=96.500 ep_len=500.0 pi_loss=-0.012 v_loss=5.880 ent=2.333 kl=0.0071
[upd  264 | steps  135168 | t   82.5s | sps  1639] ret_mean=17.500 ep_len=500.0 pi_loss=-0.012 v_loss=0.924 ent=2.921 kl=0.0028
[upd  265 | steps  135680 | t   82.6s | sps  1642] ret_mean=150.000 ep_len=500.0 pi_loss=-0.014 v_loss=11.706 ent=1.692 kl=0.0044
[upd  266 | steps  136192 | t   82.8s | sps  1645] ret_mean=122.000 ep_len=500.0 pi_loss=-0.009 v_loss=3.302 ent=1.914 kl=0.0167
[upd  267 | steps  136704 | t   82.9s | sps  1648] ret_mean=170.500 ep_len=500.0 pi_loss=-0.013 v_loss=9.297 ent=2.095 kl=0.0183
[upd  268 | steps  137216 | t   83.1s | sps  1651] ret_mean=0.000 ep_len=500.0 pi_loss=-0.015 v_loss=0.113 ent=3.338 kl=0.0030
[upd  269 | steps  137728 | t   83.3s | sps  1654] ret_mean=0.000 ep_len=500.0 pi_loss=-0.008 v_loss=1.321 ent=2.831 kl=0.0020
[upd  270 | steps  138240 | t   83.4s | sps  1657] ret_mean=121.500 ep_len=500.0 pi_loss=-0.014 v_loss=8.211 ent=2.124 kl=0.0012
[upd  271 | steps  138752 | t   83.6s | sps  1660] ret_mean=231.500 ep_len=500.0 pi_loss=-0.008 v_loss=17.013 ent=1.639 kl=0.0114
[upd  272 | steps  139264 | t   83.7s | sps  1663] ret_mean=238.500 ep_len=500.0 pi_loss=-0.009 v_loss=9.450 ent=2.154 kl=0.0194
[upd  273 | steps  139776 | t   83.9s | sps  1666] ret_mean=118.000 ep_len=500.0 pi_loss=-0.012 v_loss=2.746 ent=2.482 kl=0.0024
[upd  274 | steps  140288 | t   84.1s | sps  1669] ret_mean=125.000 ep_len=500.0 pi_loss=-0.011 v_loss=3.544 ent=2.321 kl=0.0088
[upd  275 | steps  140800 | t   84.2s | sps  1672] ret_mean=117.500 ep_len=500.0 pi_loss=-0.014 v_loss=3.385 ent=2.155 kl=0.0069
        [eval] ret_mean=20.800 ep_len=500.0
[upd  276 | steps  141312 | t   88.1s | sps  1604] ret_mean=0.000 ep_len=500.0 pi_loss=-0.018 v_loss=1.150 ent=2.913 kl=0.0110
[upd  277 | steps  141824 | t   88.3s | sps  1607] ret_mean=0.000 ep_len=500.0 pi_loss=-0.011 v_loss=1.095 ent=3.108 kl=0.0116
[upd  278 | steps  142336 | t   88.4s | sps  1610] ret_mean=8.500 ep_len=500.0 pi_loss=-0.011 v_loss=1.171 ent=2.731 kl=-0.0023
[upd  279 | steps  142848 | t   88.6s | sps  1612] ret_mean=0.000 ep_len=500.0 pi_loss=-0.027 v_loss=0.497 ent=3.167 kl=-0.0003
[upd  280 | steps  143360 | t   88.7s | sps  1615] ret_mean=79.000 ep_len=500.0 pi_loss=-0.009 v_loss=2.594 ent=2.331 kl=0.0133
[upd  281 | steps  143872 | t   88.9s | sps  1618] ret_mean=125.000 ep_len=500.0 pi_loss=-0.007 v_loss=2.628 ent=1.978 kl=0.0070
[upd  282 | steps  144384 | t   89.1s | sps  1621] ret_mean=119.500 ep_len=500.0 pi_loss=-0.014 v_loss=2.450 ent=2.347 kl=0.0090
[upd  283 | steps  144896 | t   89.2s | sps  1624] ret_mean=88.000 ep_len=500.0 pi_loss=-0.010 v_loss=2.903 ent=2.458 kl=0.0066
[upd  284 | steps  145408 | t   89.4s | sps  1627] ret_mean=123.000 ep_len=500.0 pi_loss=-0.014 v_loss=2.825 ent=2.495 kl=0.0057
[upd  285 | steps  145920 | t   89.5s | sps  1630] ret_mean=106.500 ep_len=500.0 pi_loss=-0.017 v_loss=3.188 ent=2.449 kl=0.0136
[upd  286 | steps  146432 | t   89.7s | sps  1633] ret_mean=106.000 ep_len=500.0 pi_loss=-0.007 v_loss=3.612 ent=2.240 kl=0.0133
[upd  287 | steps  146944 | t   89.8s | sps  1636] ret_mean=223.500 ep_len=500.0 pi_loss=-0.005 v_loss=10.203 ent=1.750 kl=0.0062
[upd  288 | steps  147456 | t   90.0s | sps  1638] ret_mean=0.000 ep_len=500.0 pi_loss=-0.011 v_loss=1.015 ent=3.029 kl=0.0045
[upd  289 | steps  147968 | t   90.2s | sps  1641] ret_mean=58.500 ep_len=500.0 pi_loss=-0.009 v_loss=2.772 ent=2.512 kl=0.0074
[upd  290 | steps  148480 | t   90.3s | sps  1644] ret_mean=161.500 ep_len=500.0 pi_loss=-0.011 v_loss=7.534 ent=2.339 kl=0.0048
[upd  291 | steps  148992 | t   90.5s | sps  1646] ret_mean=110.500 ep_len=500.0 pi_loss=-0.013 v_loss=2.469 ent=2.464 kl=0.0103
[upd  292 | steps  149504 | t   90.6s | sps  1649] ret_mean=192.000 ep_len=500.0 pi_loss=-0.008 v_loss=8.925 ent=2.118 kl=0.0049
[upd  293 | steps  150016 | t   90.8s | sps  1652] ret_mean=44.500 ep_len=500.0 pi_loss=-0.013 v_loss=2.784 ent=2.640 kl=0.0115
[upd  294 | steps  150528 | t   91.0s | sps  1654] ret_mean=83.500 ep_len=500.0 pi_loss=-0.013 v_loss=2.278 ent=2.676 kl=0.0000
[upd  295 | steps  151040 | t   91.1s | sps  1657] ret_mean=0.000 ep_len=500.0 pi_loss=-0.014 v_loss=1.967 ent=2.828 kl=0.0080
[upd  296 | steps  151552 | t   91.3s | sps  1660] ret_mean=103.500 ep_len=500.0 pi_loss=-0.010 v_loss=2.404 ent=2.437 kl=0.0053
[upd  297 | steps  152064 | t   91.5s | sps  1663] ret_mean=123.500 ep_len=500.0 pi_loss=-0.018 v_loss=2.706 ent=2.725 kl=-0.0027
[upd  298 | steps  152576 | t   91.6s | sps  1665] ret_mean=0.000 ep_len=500.0 pi_loss=-0.014 v_loss=0.900 ent=2.950 kl=0.0061
[upd  299 | steps  153088 | t   91.8s | sps  1668] ret_mean=0.000 ep_len=500.0 pi_loss=-0.015 v_loss=1.750 ent=2.794 kl=0.0091
[upd  300 | steps  153600 | t   91.9s | sps  1671] ret_mean=121.500 ep_len=500.0 pi_loss=-0.010 v_loss=7.570 ent=2.115 kl=0.0075
        [eval] ret_mean=12.467 ep_len=500.0
[upd  301 | steps  154112 | t   95.7s | sps  1611] ret_mean=122.000 ep_len=500.0 pi_loss=-0.009 v_loss=2.717 ent=2.417 kl=0.0025
[upd  302 | steps  154624 | t   95.8s | sps  1613] ret_mean=69.000 ep_len=500.0 pi_loss=-0.008 v_loss=2.579 ent=2.645 kl=0.0054
[upd  303 | steps  155136 | t   96.0s | sps  1616] ret_mean=87.000 ep_len=500.0 pi_loss=-0.011 v_loss=2.577 ent=2.646 kl=0.0085
[upd  304 | steps  155648 | t   96.2s | sps  1619] ret_mean=63.000 ep_len=500.0 pi_loss=-0.018 v_loss=4.291 ent=2.619 kl=0.0096
[upd  305 | steps  156160 | t   96.3s | sps  1621] ret_mean=225.500 ep_len=500.0 pi_loss=-0.011 v_loss=9.943 ent=1.895 kl=0.0114
[upd  306 | steps  156672 | t   96.5s | sps  1624] ret_mean=130.500 ep_len=500.0 pi_loss=-0.014 v_loss=3.021 ent=2.596 kl=0.0167
[upd  307 | steps  157184 | t   96.6s | sps  1627] ret_mean=85.000 ep_len=500.0 pi_loss=-0.010 v_loss=3.598 ent=2.511 kl=0.0077
[upd  308 | steps  157696 | t   96.8s | sps  1630] ret_mean=136.500 ep_len=500.0 pi_loss=-0.016 v_loss=4.880 ent=2.358 kl=0.0144
[upd  309 | steps  158208 | t   96.9s | sps  1632] ret_mean=163.500 ep_len=500.0 pi_loss=-0.011 v_loss=9.221 ent=2.092 kl=0.0115
[upd  310 | steps  158720 | t   97.1s | sps  1635] ret_mean=61.000 ep_len=500.0 pi_loss=-0.012 v_loss=3.257 ent=2.637 kl=0.0076
[upd  311 | steps  159232 | t   97.2s | sps  1638] ret_mean=246.500 ep_len=500.0 pi_loss=-0.011 v_loss=10.006 ent=1.898 kl=0.0175
[upd  312 | steps  159744 | t   97.4s | sps  1640] ret_mean=108.000 ep_len=500.0 pi_loss=-0.015 v_loss=3.523 ent=2.497 kl=0.0175
[upd  313 | steps  160256 | t   97.5s | sps  1643] ret_mean=152.000 ep_len=500.0 pi_loss=-0.010 v_loss=7.527 ent=2.200 kl=0.0086
[upd  314 | steps  160768 | t   97.7s | sps  1645] ret_mean=120.000 ep_len=500.0 pi_loss=-0.013 v_loss=3.427 ent=2.500 kl=0.0083
[upd  315 | steps  161280 | t   97.9s | sps  1648] ret_mean=91.000 ep_len=500.0 pi_loss=-0.012 v_loss=7.036 ent=2.350 kl=0.0046
[upd  316 | steps  161792 | t   98.0s | sps  1651] ret_mean=156.500 ep_len=500.0 pi_loss=-0.015 v_loss=3.843 ent=2.614 kl=-0.0007
[upd  317 | steps  162304 | t   98.2s | sps  1653] ret_mean=26.500 ep_len=500.0 pi_loss=-0.013 v_loss=4.909 ent=2.544 kl=0.0126
[upd  318 | steps  162816 | t   98.3s | sps  1656] ret_mean=150.000 ep_len=500.0 pi_loss=-0.015 v_loss=3.828 ent=2.567 kl=0.0041
[upd  319 | steps  163328 | t   98.5s | sps  1658] ret_mean=39.000 ep_len=500.0 pi_loss=-0.012 v_loss=3.484 ent=2.527 kl=0.0068
[upd  320 | steps  163840 | t   98.7s | sps  1661] ret_mean=193.500 ep_len=500.0 pi_loss=-0.006 v_loss=8.147 ent=2.108 kl=0.0095
[upd  321 | steps  164352 | t   98.8s | sps  1663] ret_mean=124.500 ep_len=500.0 pi_loss=-0.018 v_loss=3.156 ent=2.657 kl=0.0016
[upd  322 | steps  164864 | t   99.0s | sps  1666] ret_mean=85.000 ep_len=500.0 pi_loss=-0.014 v_loss=4.096 ent=2.711 kl=0.0029
[upd  323 | steps  165376 | t   99.1s | sps  1668] ret_mean=92.500 ep_len=500.0 pi_loss=-0.013 v_loss=2.759 ent=2.981 kl=0.0166
[upd  324 | steps  165888 | t   99.3s | sps  1671] ret_mean=36.000 ep_len=500.0 pi_loss=-0.014 v_loss=3.153 ent=2.929 kl=0.0117
[upd  325 | steps  166400 | t   99.5s | sps  1673] ret_mean=31.000 ep_len=500.0 pi_loss=-0.011 v_loss=4.314 ent=2.915 kl=0.0133
        [eval] ret_mean=8.283 ep_len=500.0
[upd  326 | steps  166912 | t  103.3s | sps  1616] ret_mean=189.000 ep_len=500.0 pi_loss=-0.011 v_loss=9.883 ent=1.874 kl=0.0012
[upd  327 | steps  167424 | t  103.5s | sps  1618] ret_mean=81.000 ep_len=500.0 pi_loss=-0.014 v_loss=4.067 ent=2.722 kl=0.0042
[upd  328 | steps  167936 | t  103.6s | sps  1620] ret_mean=0.000 ep_len=500.0 pi_loss=-0.018 v_loss=1.661 ent=3.179 kl=0.0091
[upd  329 | steps  168448 | t  103.8s | sps  1623] ret_mean=221.000 ep_len=500.0 pi_loss=-0.016 v_loss=10.505 ent=1.688 kl=0.0115
[upd  330 | steps  168960 | t  104.0s | sps  1625] ret_mean=76.500 ep_len=500.0 pi_loss=-0.013 v_loss=4.100 ent=2.620 kl=0.0063
[upd  331 | steps  169472 | t  104.1s | sps  1628] ret_mean=123.000 ep_len=500.0 pi_loss=-0.008 v_loss=8.045 ent=2.426 kl=0.0063
[upd  332 | steps  169984 | t  104.3s | sps  1630] ret_mean=106.500 ep_len=500.0 pi_loss=-0.014 v_loss=3.120 ent=2.415 kl=0.0013
[upd  333 | steps  170496 | t  104.4s | sps  1633] ret_mean=106.000 ep_len=500.0 pi_loss=-0.012 v_loss=2.716 ent=2.722 kl=0.0057
[upd  334 | steps  171008 | t  104.6s | sps  1635] ret_mean=0.000 ep_len=500.0 pi_loss=-0.018 v_loss=3.523 ent=3.135 kl=0.0090
[upd  335 | steps  171520 | t  104.8s | sps  1637] ret_mean=23.500 ep_len=500.0 pi_loss=-0.016 v_loss=3.853 ent=3.029 kl=0.0052
[upd  336 | steps  172032 | t  104.9s | sps  1640] ret_mean=0.000 ep_len=500.0 pi_loss=-0.019 v_loss=1.876 ent=2.934 kl=0.0111
[upd  337 | steps  172544 | t  105.1s | sps  1642] ret_mean=175.000 ep_len=500.0 pi_loss=-0.005 v_loss=8.667 ent=1.975 kl=0.0030
[upd  338 | steps  173056 | t  105.2s | sps  1644] ret_mean=196.000 ep_len=500.0 pi_loss=-0.008 v_loss=9.326 ent=2.301 kl=0.0090
[upd  339 | steps  173568 | t  105.4s | sps  1647] ret_mean=113.000 ep_len=500.0 pi_loss=-0.008 v_loss=9.404 ent=2.341 kl=0.0006
[upd  340 | steps  174080 | t  105.6s | sps  1649] ret_mean=206.000 ep_len=500.0 pi_loss=-0.012 v_loss=9.294 ent=2.065 kl=0.0036
[upd  341 | steps  174592 | t  105.7s | sps  1652] ret_mean=118.500 ep_len=500.0 pi_loss=-0.017 v_loss=4.275 ent=2.373 kl=0.0280
[upd  342 | steps  175104 | t  105.9s | sps  1654] ret_mean=101.500 ep_len=500.0 pi_loss=-0.015 v_loss=3.447 ent=2.781 kl=0.0032
[upd  343 | steps  175616 | t  106.0s | sps  1656] ret_mean=0.000 ep_len=500.0 pi_loss=-0.010 v_loss=1.474 ent=2.932 kl=0.0119
[upd  344 | steps  176128 | t  106.2s | sps  1659] ret_mean=113.000 ep_len=500.0 pi_loss=-0.010 v_loss=4.219 ent=2.794 kl=0.0054
[upd  345 | steps  176640 | t  106.3s | sps  1661] ret_mean=21.500 ep_len=500.0 pi_loss=-0.013 v_loss=3.717 ent=2.744 kl=0.0103
[upd  346 | steps  177152 | t  106.5s | sps  1663] ret_mean=124.500 ep_len=500.0 pi_loss=-0.016 v_loss=4.120 ent=2.560 kl=0.0111
[upd  347 | steps  177664 | t  106.7s | sps  1666] ret_mean=48.000 ep_len=500.0 pi_loss=-0.014 v_loss=5.663 ent=2.661 kl=0.0104
[upd  348 | steps  178176 | t  106.8s | sps  1668] ret_mean=124.000 ep_len=500.0 pi_loss=-0.013 v_loss=5.843 ent=2.535 kl=0.0106
[upd  349 | steps  178688 | t  107.0s | sps  1670] ret_mean=159.500 ep_len=500.0 pi_loss=-0.008 v_loss=10.555 ent=2.045 kl=0.0048
[upd  350 | steps  179200 | t  107.1s | sps  1673] ret_mean=144.000 ep_len=500.0 pi_loss=-0.016 v_loss=5.413 ent=2.193 kl=0.0107
        [eval] ret_mean=24.917 ep_len=500.0
[upd  351 | steps  179712 | t  111.6s | sps  1610] ret_mean=114.500 ep_len=500.0 pi_loss=-0.011 v_loss=2.856 ent=2.651 kl=0.0017
[upd  352 | steps  180224 | t  111.8s | sps  1612] ret_mean=104.000 ep_len=500.0 pi_loss=-0.018 v_loss=6.087 ent=2.587 kl=0.0075
[upd  353 | steps  180736 | t  112.0s | sps  1614] ret_mean=235.500 ep_len=500.0 pi_loss=-0.005 v_loss=10.850 ent=1.959 kl=0.0035
[upd  354 | steps  181248 | t  112.1s | sps  1616] ret_mean=230.500 ep_len=500.0 pi_loss=-0.007 v_loss=10.926 ent=1.736 kl=0.0074
[upd  355 | steps  181760 | t  112.3s | sps  1619] ret_mean=170.500 ep_len=500.0 pi_loss=-0.011 v_loss=7.966 ent=2.070 kl=0.0014
[upd  356 | steps  182272 | t  112.5s | sps  1621] ret_mean=104.500 ep_len=500.0 pi_loss=-0.012 v_loss=3.580 ent=2.593 kl=0.0040
[upd  357 | steps  182784 | t  112.6s | sps  1623] ret_mean=128.500 ep_len=500.0 pi_loss=-0.004 v_loss=5.639 ent=2.676 kl=-0.0015
[upd  358 | steps  183296 | t  112.8s | sps  1625] ret_mean=169.500 ep_len=500.0 pi_loss=-0.010 v_loss=10.263 ent=2.145 kl=0.0071
[upd  359 | steps  183808 | t  113.0s | sps  1627] ret_mean=227.000 ep_len=500.0 pi_loss=-0.013 v_loss=9.693 ent=2.085 kl=0.0050
[upd  360 | steps  184320 | t  113.2s | sps  1629] ret_mean=133.500 ep_len=500.0 pi_loss=-0.016 v_loss=6.477 ent=2.565 kl=0.0023
[upd  361 | steps  184832 | t  113.3s | sps  1631] ret_mean=49.000 ep_len=500.0 pi_loss=-0.022 v_loss=3.768 ent=2.754 kl=0.0030
[upd  362 | steps  185344 | t  113.5s | sps  1633] ret_mean=145.000 ep_len=500.0 pi_loss=-0.016 v_loss=8.796 ent=2.034 kl=0.0127
[upd  363 | steps  185856 | t  113.7s | sps  1635] ret_mean=239.000 ep_len=500.0 pi_loss=-0.010 v_loss=9.764 ent=1.702 kl=0.0105
[upd  364 | steps  186368 | t  113.9s | sps  1637] ret_mean=113.000 ep_len=500.0 pi_loss=-0.017 v_loss=4.923 ent=2.552 kl=0.0101
[upd  365 | steps  186880 | t  114.0s | sps  1639] ret_mean=121.500 ep_len=500.0 pi_loss=-0.010 v_loss=4.527 ent=2.431 kl=-0.0007
[upd  366 | steps  187392 | t  114.2s | sps  1641] ret_mean=206.000 ep_len=500.0 pi_loss=-0.010 v_loss=7.779 ent=2.332 kl=0.0105
[upd  367 | steps  187904 | t  114.4s | sps  1643] ret_mean=163.000 ep_len=500.0 pi_loss=-0.020 v_loss=10.461 ent=1.867 kl=0.0197
[upd  368 | steps  188416 | t  114.6s | sps  1644] ret_mean=198.500 ep_len=500.0 pi_loss=-0.007 v_loss=10.108 ent=1.824 kl=-0.0014
[upd  369 | steps  188928 | t  114.8s | sps  1646] ret_mean=188.000 ep_len=500.0 pi_loss=-0.012 v_loss=11.507 ent=1.618 kl=0.0072
[upd  370 | steps  189440 | t  114.9s | sps  1648] ret_mean=227.500 ep_len=500.0 pi_loss=-0.011 v_loss=9.905 ent=1.749 kl=0.0074
[upd  371 | steps  189952 | t  115.1s | sps  1650] ret_mean=197.500 ep_len=500.0 pi_loss=-0.009 v_loss=10.605 ent=1.726 kl=0.0044
[upd  372 | steps  190464 | t  115.3s | sps  1652] ret_mean=103.500 ep_len=500.0 pi_loss=-0.017 v_loss=6.480 ent=2.716 kl=0.0074
[upd  373 | steps  190976 | t  115.4s | sps  1654] ret_mean=94.500 ep_len=500.0 pi_loss=-0.014 v_loss=6.880 ent=2.650 kl=0.0118
[upd  374 | steps  191488 | t  115.6s | sps  1657] ret_mean=115.500 ep_len=500.0 pi_loss=-0.010 v_loss=9.358 ent=2.594 kl=0.0057
[upd  375 | steps  192000 | t  115.7s | sps  1659] ret_mean=2.000 ep_len=500.0 pi_loss=-0.010 v_loss=6.411 ent=2.105 kl=0.0106
        [eval] ret_mean=24.900 ep_len=500.0
[upd  376 | steps  192512 | t  119.8s | sps  1607] ret_mean=82.000 ep_len=500.0 pi_loss=-0.014 v_loss=4.412 ent=2.603 kl=0.0070
[upd  377 | steps  193024 | t  120.0s | sps  1609] ret_mean=116.000 ep_len=500.0 pi_loss=-0.011 v_loss=3.286 ent=2.394 kl=0.0141
[upd  378 | steps  193536 | t  120.1s | sps  1611] ret_mean=68.500 ep_len=500.0 pi_loss=-0.015 v_loss=4.408 ent=2.708 kl=0.0094
[upd  379 | steps  194048 | t  120.3s | sps  1613] ret_mean=0.000 ep_len=500.0 pi_loss=-0.017 v_loss=2.669 ent=2.937 kl=0.0201
[upd  380 | steps  194560 | t  120.4s | sps  1615] ret_mean=245.000 ep_len=500.0 pi_loss=-0.006 v_loss=9.716 ent=1.380 kl=0.0125
[upd  381 | steps  195072 | t  120.6s | sps  1618] ret_mean=190.500 ep_len=500.0 pi_loss=-0.005 v_loss=10.370 ent=2.069 kl=0.0069
[upd  382 | steps  195584 | t  120.8s | sps  1620] ret_mean=78.000 ep_len=500.0 pi_loss=-0.017 v_loss=5.496 ent=2.524 kl=0.0043
[upd  383 | steps  196096 | t  120.9s | sps  1622] ret_mean=220.500 ep_len=500.0 pi_loss=-0.008 v_loss=10.808 ent=1.582 kl=0.0086
[upd  384 | steps  196608 | t  121.1s | sps  1624] ret_mean=219.000 ep_len=500.0 pi_loss=-0.010 v_loss=9.109 ent=2.038 kl=0.0093
[upd  385 | steps  197120 | t  121.2s | sps  1626] ret_mean=89.500 ep_len=500.0 pi_loss=-0.008 v_loss=10.920 ent=2.429 kl=0.0032
[upd  386 | steps  197632 | t  121.4s | sps  1628] ret_mean=167.500 ep_len=500.0 pi_loss=-0.013 v_loss=8.999 ent=1.817 kl=0.0242
[upd  387 | steps  198144 | t  121.5s | sps  1630] ret_mean=184.500 ep_len=500.0 pi_loss=-0.017 v_loss=6.822 ent=2.067 kl=0.0059
[upd  388 | steps  198656 | t  121.7s | sps  1633] ret_mean=193.000 ep_len=500.0 pi_loss=-0.013 v_loss=9.416 ent=1.959 kl=0.0053
[upd  389 | steps  199168 | t  121.8s | sps  1635] ret_mean=87.000 ep_len=500.0 pi_loss=-0.014 v_loss=6.841 ent=2.380 kl=-0.0004
[upd  390 | steps  199680 | t  122.0s | sps  1637] ret_mean=201.000 ep_len=500.0 pi_loss=-0.011 v_loss=9.661 ent=2.168 kl=0.0131
[upd  391 | steps  200192 | t  122.2s | sps  1638] ret_mean=77.500 ep_len=500.0 pi_loss=-0.014 v_loss=5.819 ent=2.409 kl=0.0091
[upd  392 | steps  200704 | t  122.4s | sps  1640] ret_mean=145.000 ep_len=500.0 pi_loss=-0.008 v_loss=5.394 ent=2.474 kl=0.0118
[upd  393 | steps  201216 | t  122.5s | sps  1642] ret_mean=80.000 ep_len=500.0 pi_loss=-0.011 v_loss=6.300 ent=2.677 kl=0.0097
[upd  394 | steps  201728 | t  122.7s | sps  1644] ret_mean=80.000 ep_len=500.0 pi_loss=-0.016 v_loss=5.232 ent=2.411 kl=0.0098
[upd  395 | steps  202240 | t  122.8s | sps  1646] ret_mean=213.500 ep_len=500.0 pi_loss=-0.010 v_loss=8.155 ent=2.044 kl=0.0087
[upd  396 | steps  202752 | t  123.0s | sps  1648] ret_mean=108.000 ep_len=500.0 pi_loss=-0.014 v_loss=5.754 ent=2.368 kl=0.0129
[upd  397 | steps  203264 | t  123.2s | sps  1650] ret_mean=147.500 ep_len=500.0 pi_loss=-0.007 v_loss=8.357 ent=2.240 kl=0.0033
[upd  398 | steps  203776 | t  123.3s | sps  1652] ret_mean=119.500 ep_len=500.0 pi_loss=-0.014 v_loss=6.968 ent=1.986 kl=0.0046
[upd  399 | steps  204288 | t  123.5s | sps  1654] ret_mean=235.000 ep_len=500.0 pi_loss=-0.008 v_loss=8.428 ent=2.081 kl=0.0047
[upd  400 | steps  204800 | t  123.6s | sps  1656] ret_mean=104.000 ep_len=500.0 pi_loss=-0.011 v_loss=4.600 ent=2.161 kl=0.0008
        [eval] ret_mean=41.433 ep_len=500.0
