$ /Users/praneelkhiantani/Downloads/cs2860/.venv/bin/python3 -m policies.train --env rware-medium-2ag-easy-v2 --seed 0 --updates 200 --rollout 512 --eval-every 50 --eval-episodes 10 --log-dir matrix_results/intent_grounded_v1_pilot/rware-medium-2ag-easy-v2 --run-name mappo-intent-aux__baseline__d0__s0 --n-msg-tokens 8 --message-grounding rware-intent --message-grounding-coef 0.2 --shape-rewards --pickup-bonus 0.5

[env] EnvSpec(env_id='rware-medium-2ag-easy-v2', n_agents=2, obs_dim=71, n_env_actions=5, noop_action=0, family='rware')  (n_msg_tokens=8)
[cfg] {'clip_range': 0.2, 'value_clip_range': 0.2, 'entropy_coef': 0.01, 'value_coef': 0.5, 'max_grad_norm': 0.5, 'gamma': 0.99, 'gae_lambda': 0.95, 'lr_actor': 0.0003, 'lr_critic': 0.001, 'update_epochs': 4, 'minibatches': 4, 'hidden': 128, 'depth': 2, 'device': 'cpu', 'message_grounding_coef': 0.2, 'extra': {}}
[log] writing to matrix_results/intent_grounded_v1_pilot/rware-medium-2ag-easy-v2/mappo-intent-aux__baseline__d0__s0
[upd    1 | steps     512 | t    0.9s | sps   543] ret_mean=0.000 ep_len=500.0 pi_loss=0.008 v_loss=0.168 ent=3.676 msg_acc=0.493 kl=0.0240
[upd    2 | steps    1024 | t    1.9s | sps   538] ret_mean=0.000 ep_len=500.0 pi_loss=0.002 v_loss=0.027 ent=3.663 msg_acc=0.796 kl=-0.0028
[upd    3 | steps    1536 | t    2.9s | sps   530] ret_mean=0.000 ep_len=500.0 pi_loss=0.001 v_loss=0.010 ent=3.637 msg_acc=0.889 kl=0.0186
[upd    4 | steps    2048 | t    3.8s | sps   535] ret_mean=0.000 ep_len=500.0 pi_loss=0.010 v_loss=0.009 ent=3.482 msg_acc=0.939 kl=0.0182
[upd    5 | steps    2560 | t    5.0s | sps   512] ret_mean=0.000 ep_len=500.0 pi_loss=-0.005 v_loss=0.009 ent=3.511 msg_acc=0.420 kl=0.0140
[upd    6 | steps    3072 | t    6.1s | sps   504] ret_mean=0.000 ep_len=500.0 pi_loss=-0.003 v_loss=0.007 ent=3.317 msg_acc=0.753 kl=0.0155
[upd    7 | steps    3584 | t    7.1s | sps   504] ret_mean=0.000 ep_len=500.0 pi_loss=-0.005 v_loss=0.005 ent=3.253 msg_acc=0.968 kl=0.0178
[upd    8 | steps    4096 | t    8.3s | sps   493] ret_mean=0.000 ep_len=500.0 pi_loss=-0.004 v_loss=0.024 ent=3.029 msg_acc=0.834 kl=0.0084
[upd    9 | steps    4608 | t    9.6s | sps   481] ret_mean=0.000 ep_len=500.0 pi_loss=-0.006 v_loss=0.006 ent=3.154 msg_acc=0.905 kl=0.0094
[upd   10 | steps    5120 | t   10.6s | sps   484] ret_mean=0.000 ep_len=500.0 pi_loss=-0.005 v_loss=0.005 ent=3.095 msg_acc=0.638 kl=0.0102
[upd   11 | steps    5632 | t   11.5s | sps   492] ret_mean=0.500 ep_len=500.0 pi_loss=-0.006 v_loss=0.002 ent=3.067 msg_acc=0.756 kl=0.0186
[upd   12 | steps    6144 | t   12.4s | sps   495] ret_mean=0.000 ep_len=500.0 pi_loss=-0.004 v_loss=0.002 ent=3.058 msg_acc=0.914 kl=0.0072
[upd   13 | steps    6656 | t   13.4s | sps   495] ret_mean=0.000 ep_len=500.0 pi_loss=-0.007 v_loss=0.008 ent=3.188 msg_acc=0.782 kl=0.0068
[upd   14 | steps    7168 | t   14.4s | sps   499] ret_mean=2.000 ep_len=500.0 pi_loss=-0.004 v_loss=0.022 ent=3.280 msg_acc=0.504 kl=0.0144
[upd   15 | steps    7680 | t   15.2s | sps   505] ret_mean=0.000 ep_len=500.0 pi_loss=-0.011 v_loss=0.007 ent=3.189 msg_acc=0.595 kl=0.0139
[upd   16 | steps    8192 | t   16.0s | sps   511] ret_mean=1.000 ep_len=500.0 pi_loss=-0.007 v_loss=0.002 ent=3.046 msg_acc=0.695 kl=0.0026
[upd   17 | steps    8704 | t   16.9s | sps   515] ret_mean=0.000 ep_len=500.0 pi_loss=-0.006 v_loss=0.001 ent=2.761 msg_acc=0.816 kl=0.0095
[upd   18 | steps    9216 | t   17.7s | sps   521] ret_mean=0.000 ep_len=500.0 pi_loss=-0.002 v_loss=0.004 ent=2.782 msg_acc=0.612 kl=0.0194
[upd   19 | steps    9728 | t   18.5s | sps   526] ret_mean=0.000 ep_len=500.0 pi_loss=-0.009 v_loss=0.003 ent=2.660 msg_acc=0.816 kl=0.0065
[upd   20 | steps   10240 | t   19.4s | sps   529] ret_mean=0.000 ep_len=500.0 pi_loss=-0.004 v_loss=0.003 ent=2.797 msg_acc=0.914 kl=0.0063
[upd   21 | steps   10752 | t   20.3s | sps   530] ret_mean=0.000 ep_len=500.0 pi_loss=-0.009 v_loss=0.003 ent=2.728 msg_acc=0.765 kl=0.0071
[upd   22 | steps   11264 | t   21.1s | sps   534] ret_mean=0.000 ep_len=500.0 pi_loss=-0.009 v_loss=0.003 ent=2.436 msg_acc=0.922 kl=0.0126
[upd   23 | steps   11776 | t   21.9s | sps   537] ret_mean=0.000 ep_len=500.0 pi_loss=-0.009 v_loss=0.001 ent=2.607 msg_acc=0.763 kl=0.0212
[upd   24 | steps   12288 | t   22.9s | sps   537] ret_mean=0.000 ep_len=500.0 pi_loss=-0.015 v_loss=0.001 ent=2.531 msg_acc=0.874 kl=0.0204
[upd   25 | steps   12800 | t   23.7s | sps   540] ret_mean=0.000 ep_len=500.0 pi_loss=-0.011 v_loss=0.039 ent=2.636 msg_acc=0.752 kl=0.0095
[upd   26 | steps   13312 | t   24.6s | sps   542] ret_mean=3.500 ep_len=500.0 pi_loss=-0.006 v_loss=0.001 ent=2.264 msg_acc=0.917 kl=0.0117
[upd   27 | steps   13824 | t   25.4s | sps   544] ret_mean=0.000 ep_len=500.0 pi_loss=-0.011 v_loss=0.001 ent=2.368 msg_acc=0.941 kl=0.0062
[upd   28 | steps   14336 | t   26.2s | sps   547] ret_mean=0.000 ep_len=500.0 pi_loss=-0.006 v_loss=0.001 ent=2.167 msg_acc=0.953 kl=0.0069
[upd   29 | steps   14848 | t   27.0s | sps   549] ret_mean=0.000 ep_len=500.0 pi_loss=-0.005 v_loss=0.001 ent=2.423 msg_acc=0.785 kl=0.0198
[upd   30 | steps   15360 | t   27.9s | sps   551] ret_mean=0.000 ep_len=500.0 pi_loss=-0.010 v_loss=0.001 ent=2.386 msg_acc=0.885 kl=0.0095
[upd   31 | steps   15872 | t   28.7s | sps   553] ret_mean=0.000 ep_len=500.0 pi_loss=-0.004 v_loss=0.008 ent=2.474 msg_acc=0.703 kl=0.0120
[upd   32 | steps   16384 | t   29.6s | sps   553] ret_mean=1.500 ep_len=500.0 pi_loss=-0.003 v_loss=0.001 ent=2.622 msg_acc=0.482 kl=0.0186
[upd   33 | steps   16896 | t   30.6s | sps   553] ret_mean=0.000 ep_len=500.0 pi_loss=0.001 v_loss=0.001 ent=2.475 msg_acc=0.550 kl=0.0054
[upd   34 | steps   17408 | t   31.3s | sps   556] ret_mean=0.000 ep_len=500.0 pi_loss=-0.008 v_loss=0.001 ent=2.575 msg_acc=0.714 kl=0.0195
[upd   35 | steps   17920 | t   32.2s | sps   557] ret_mean=0.000 ep_len=500.0 pi_loss=-0.007 v_loss=0.001 ent=2.578 msg_acc=0.610 kl=0.0115
[upd   36 | steps   18432 | t   33.0s | sps   559] ret_mean=0.000 ep_len=500.0 pi_loss=-0.001 v_loss=0.019 ent=2.806 msg_acc=0.496 kl=0.0185
[upd   37 | steps   18944 | t   33.8s | sps   560] ret_mean=1.500 ep_len=500.0 pi_loss=0.005 v_loss=0.003 ent=2.516 msg_acc=0.311 kl=0.0253
[upd   38 | steps   19456 | t   34.6s | sps   562] ret_mean=0.500 ep_len=500.0 pi_loss=0.002 v_loss=0.001 ent=2.685 msg_acc=0.819 kl=0.0116
[upd   39 | steps   19968 | t   35.5s | sps   563] ret_mean=0.000 ep_len=500.0 pi_loss=-0.002 v_loss=0.012 ent=2.420 msg_acc=0.714 kl=0.0248
[upd   40 | steps   20480 | t   36.3s | sps   565] ret_mean=1.500 ep_len=500.0 pi_loss=-0.010 v_loss=0.001 ent=2.691 msg_acc=0.567 kl=0.0112
[upd   41 | steps   20992 | t   37.1s | sps   566] ret_mean=0.000 ep_len=500.0 pi_loss=-0.009 v_loss=0.001 ent=2.677 msg_acc=0.534 kl=0.0054
[upd   42 | steps   21504 | t   37.9s | sps   567] ret_mean=0.000 ep_len=500.0 pi_loss=-0.007 v_loss=0.001 ent=2.359 msg_acc=0.638 kl=0.0104
[upd   43 | steps   22016 | t   38.8s | sps   568] ret_mean=0.000 ep_len=500.0 pi_loss=-0.002 v_loss=0.009 ent=2.609 msg_acc=0.535 kl=0.0287
[upd   44 | steps   22528 | t   39.6s | sps   570] ret_mean=0.500 ep_len=500.0 pi_loss=-0.008 v_loss=0.004 ent=2.513 msg_acc=0.793 kl=0.0125
[upd   45 | steps   23040 | t   40.4s | sps   571] ret_mean=0.000 ep_len=500.0 pi_loss=-0.006 v_loss=0.003 ent=2.042 msg_acc=0.901 kl=0.0121
[upd   46 | steps   23552 | t   41.2s | sps   572] ret_mean=0.000 ep_len=500.0 pi_loss=-0.005 v_loss=0.001 ent=2.189 msg_acc=0.886 kl=0.0089
[upd   47 | steps   24064 | t   42.0s | sps   573] ret_mean=0.000 ep_len=500.0 pi_loss=-0.007 v_loss=0.001 ent=2.205 msg_acc=0.917 kl=0.0113
[upd   48 | steps   24576 | t   42.8s | sps   574] ret_mean=0.000 ep_len=500.0 pi_loss=-0.005 v_loss=0.000 ent=2.316 msg_acc=0.688 kl=0.0152
[upd   49 | steps   25088 | t   43.7s | sps   574] ret_mean=0.000 ep_len=500.0 pi_loss=-0.008 v_loss=0.001 ent=2.043 msg_acc=0.826 kl=0.0087
[upd   50 | steps   25600 | t   44.5s | sps   576] ret_mean=3.500 ep_len=500.0 pi_loss=0.001 v_loss=0.033 ent=2.265 msg_acc=0.618 kl=0.0176
        [eval] ret_mean=0.000 ep_len=500.0
[upd   51 | steps   26112 | t   52.3s | sps   499] ret_mean=0.500 ep_len=500.0 pi_loss=-0.001 v_loss=0.003 ent=2.825 msg_acc=0.307 kl=0.0258
[upd   52 | steps   26624 | t   53.1s | sps   502] ret_mean=0.000 ep_len=500.0 pi_loss=-0.007 v_loss=0.001 ent=2.620 msg_acc=0.463 kl=0.0232
[upd   53 | steps   27136 | t   53.8s | sps   504] ret_mean=0.000 ep_len=500.0 pi_loss=0.000 v_loss=0.002 ent=1.826 msg_acc=0.913 kl=0.0056
[upd   54 | steps   27648 | t   54.7s | sps   505] ret_mean=0.000 ep_len=500.0 pi_loss=-0.009 v_loss=0.003 ent=1.751 msg_acc=0.930 kl=0.0093
[upd   55 | steps   28160 | t   56.1s | sps   502] ret_mean=0.000 ep_len=500.0 pi_loss=-0.004 v_loss=0.001 ent=1.693 msg_acc=0.871 kl=0.0075
[upd   56 | steps   28672 | t   56.9s | sps   504] ret_mean=0.000 ep_len=500.0 pi_loss=-0.012 v_loss=0.001 ent=1.984 msg_acc=0.646 kl=0.0162
[upd   57 | steps   29184 | t   57.7s | sps   506] ret_mean=0.000 ep_len=500.0 pi_loss=-0.012 v_loss=0.001 ent=1.950 msg_acc=0.669 kl=0.0203
[upd   58 | steps   29696 | t   58.6s | sps   507] ret_mean=2.000 ep_len=500.0 pi_loss=0.003 v_loss=0.020 ent=2.338 msg_acc=0.424 kl=0.0147
[upd   59 | steps   30208 | t   59.4s | sps   509] ret_mean=0.000 ep_len=500.0 pi_loss=-0.005 v_loss=0.002 ent=1.757 msg_acc=0.691 kl=0.0111
[upd   60 | steps   30720 | t   60.2s | sps   510] ret_mean=0.000 ep_len=500.0 pi_loss=0.011 v_loss=0.001 ent=2.513 msg_acc=0.380 kl=0.0317
[upd   61 | steps   31232 | t   61.0s | sps   512] ret_mean=0.000 ep_len=500.0 pi_loss=-0.007 v_loss=0.002 ent=2.096 msg_acc=0.675 kl=0.0180
[upd   62 | steps   31744 | t   61.8s | sps   513] ret_mean=0.000 ep_len=500.0 pi_loss=-0.009 v_loss=0.002 ent=1.949 msg_acc=0.855 kl=0.0184
[upd   63 | steps   32256 | t   62.8s | sps   514] ret_mean=3.000 ep_len=500.0 pi_loss=-0.007 v_loss=0.081 ent=2.465 msg_acc=0.473 kl=0.0008
[upd   64 | steps   32768 | t   63.5s | sps   516] ret_mean=4.500 ep_len=500.0 pi_loss=0.002 v_loss=0.004 ent=2.281 msg_acc=0.810 kl=0.0167
[upd   65 | steps   33280 | t   64.3s | sps   517] ret_mean=0.000 ep_len=500.0 pi_loss=-0.005 v_loss=0.001 ent=1.928 msg_acc=0.962 kl=0.0029
[upd   66 | steps   33792 | t   65.2s | sps   518] ret_mean=0.000 ep_len=500.0 pi_loss=-0.009 v_loss=0.001 ent=2.172 msg_acc=0.823 kl=0.0234
[upd   67 | steps   34304 | t   66.0s | sps   520] ret_mean=0.000 ep_len=500.0 pi_loss=-0.010 v_loss=0.002 ent=2.467 msg_acc=0.624 kl=0.0073
[upd   68 | steps   34816 | t   66.8s | sps   521] ret_mean=0.500 ep_len=500.0 pi_loss=-0.009 v_loss=0.001 ent=2.395 msg_acc=0.725 kl=0.0127
[upd   69 | steps   35328 | t   67.6s | sps   522] ret_mean=0.000 ep_len=500.0 pi_loss=-0.011 v_loss=0.006 ent=2.359 msg_acc=0.699 kl=0.0271
[upd   70 | steps   35840 | t   68.6s | sps   522] ret_mean=1.000 ep_len=500.0 pi_loss=-0.009 v_loss=0.001 ent=2.208 msg_acc=0.807 kl=0.0039
[upd   71 | steps   36352 | t   69.5s | sps   523] ret_mean=0.000 ep_len=500.0 pi_loss=-0.008 v_loss=0.000 ent=2.124 msg_acc=0.841 kl=0.0043
[upd   72 | steps   36864 | t   70.4s | sps   524] ret_mean=0.000 ep_len=500.0 pi_loss=-0.009 v_loss=0.001 ent=2.269 msg_acc=0.695 kl=0.0171
[upd   73 | steps   37376 | t   72.2s | sps   518] ret_mean=0.000 ep_len=500.0 pi_loss=-0.003 v_loss=0.001 ent=2.375 msg_acc=0.787 kl=0.0084
[upd   74 | steps   37888 | t   74.8s | sps   506] ret_mean=0.000 ep_len=500.0 pi_loss=-0.002 v_loss=0.000 ent=2.254 msg_acc=0.787 kl=0.0068
[upd   75 | steps   38400 | t   77.2s | sps   498] ret_mean=0.000 ep_len=500.0 pi_loss=-0.003 v_loss=0.001 ent=2.249 msg_acc=0.667 kl=0.0079
[upd   76 | steps   38912 | t   79.1s | sps   492] ret_mean=0.000 ep_len=500.0 pi_loss=-0.011 v_loss=0.001 ent=2.298 msg_acc=0.711 kl=0.0168
[upd   77 | steps   39424 | t   80.7s | sps   488] ret_mean=0.000 ep_len=500.0 pi_loss=-0.003 v_loss=0.000 ent=1.761 msg_acc=0.969 kl=0.0056
[upd   78 | steps   39936 | t   82.4s | sps   485] ret_mean=0.000 ep_len=500.0 pi_loss=-0.007 v_loss=0.000 ent=2.160 msg_acc=0.694 kl=0.0067
[upd   79 | steps   40448 | t   84.0s | sps   482] ret_mean=0.000 ep_len=500.0 pi_loss=-0.005 v_loss=0.000 ent=2.134 msg_acc=0.740 kl=0.0085
[upd   80 | steps   40960 | t   85.0s | sps   482] ret_mean=0.000 ep_len=500.0 pi_loss=-0.011 v_loss=0.023 ent=1.772 msg_acc=0.878 kl=0.0038
[upd   81 | steps   41472 | t   85.7s | sps   484] ret_mean=3.000 ep_len=500.0 pi_loss=-0.004 v_loss=0.001 ent=1.596 msg_acc=0.951 kl=0.0092
[upd   82 | steps   41984 | t   86.5s | sps   485] ret_mean=0.000 ep_len=500.0 pi_loss=-0.014 v_loss=0.001 ent=1.589 msg_acc=0.960 kl=0.0183
[upd   83 | steps   42496 | t   87.2s | sps   487] ret_mean=0.000 ep_len=500.0 pi_loss=-0.012 v_loss=0.000 ent=2.195 msg_acc=0.756 kl=-0.0012
[upd   84 | steps   43008 | t   87.9s | sps   489] ret_mean=0.000 ep_len=500.0 pi_loss=-0.005 v_loss=0.000 ent=2.180 msg_acc=0.748 kl=0.0148
[upd   85 | steps   43520 | t   88.6s | sps   491] ret_mean=0.000 ep_len=500.0 pi_loss=-0.007 v_loss=0.001 ent=1.794 msg_acc=0.880 kl=0.0057
[upd   86 | steps   44032 | t   89.3s | sps   493] ret_mean=0.000 ep_len=500.0 pi_loss=-0.007 v_loss=0.000 ent=1.615 msg_acc=0.960 kl=0.0186
[upd   87 | steps   44544 | t   90.0s | sps   495] ret_mean=0.000 ep_len=500.0 pi_loss=-0.003 v_loss=0.000 ent=1.902 msg_acc=0.606 kl=0.0387
[upd   88 | steps   45056 | t   90.7s | sps   497] ret_mean=0.000 ep_len=500.0 pi_loss=-0.004 v_loss=0.001 ent=2.268 msg_acc=0.650 kl=0.0225
[upd   89 | steps   45568 | t   91.4s | sps   499] ret_mean=0.000 ep_len=500.0 pi_loss=-0.004 v_loss=0.001 ent=2.246 msg_acc=0.553 kl=0.0280
[upd   90 | steps   46080 | t   92.1s | sps   500] ret_mean=0.000 ep_len=500.0 pi_loss=-0.004 v_loss=0.000 ent=1.862 msg_acc=0.867 kl=0.0019
[upd   91 | steps   46592 | t   92.8s | sps   502] ret_mean=0.000 ep_len=500.0 pi_loss=-0.010 v_loss=0.000 ent=1.949 msg_acc=0.863 kl=0.0105
[upd   92 | steps   47104 | t   93.6s | sps   503] ret_mean=0.000 ep_len=500.0 pi_loss=-0.005 v_loss=0.000 ent=1.781 msg_acc=0.848 kl=0.0016
[upd   93 | steps   47616 | t   94.3s | sps   505] ret_mean=0.000 ep_len=500.0 pi_loss=-0.003 v_loss=0.001 ent=2.264 msg_acc=0.753 kl=0.0249
[upd   94 | steps   48128 | t   95.0s | sps   507] ret_mean=1.000 ep_len=500.0 pi_loss=-0.014 v_loss=0.001 ent=1.711 msg_acc=0.955 kl=0.0111
[upd   95 | steps   48640 | t   95.7s | sps   508] ret_mean=0.000 ep_len=500.0 pi_loss=-0.010 v_loss=0.000 ent=2.006 msg_acc=0.752 kl=0.0170
[upd   96 | steps   49152 | t   96.3s | sps   510] ret_mean=0.500 ep_len=500.0 pi_loss=0.015 v_loss=0.002 ent=2.244 msg_acc=0.508 kl=0.1319
[upd   97 | steps   49664 | t   96.9s | sps   512] ret_mean=0.000 ep_len=500.0 pi_loss=0.001 v_loss=0.000 ent=2.333 msg_acc=0.788 kl=0.0104
[upd   98 | steps   50176 | t   97.6s | sps   514] ret_mean=0.000 ep_len=500.0 pi_loss=-0.012 v_loss=0.000 ent=2.071 msg_acc=0.884 kl=0.0106
[upd   99 | steps   50688 | t   98.2s | sps   516] ret_mean=0.000 ep_len=500.0 pi_loss=-0.014 v_loss=0.000 ent=1.947 msg_acc=0.836 kl=0.0104
[upd  100 | steps   51200 | t   98.9s | sps   518] ret_mean=0.000 ep_len=500.0 pi_loss=-0.012 v_loss=0.000 ent=2.163 msg_acc=0.780 kl=0.0166
        [eval] ret_mean=0.000 ep_len=500.0
[upd  101 | steps   51712 | t  110.4s | sps   468] ret_mean=0.000 ep_len=500.0 pi_loss=-0.011 v_loss=0.000 ent=1.773 msg_acc=0.860 kl=0.0014
[upd  102 | steps   52224 | t  112.8s | sps   463] ret_mean=0.000 ep_len=500.0 pi_loss=-0.008 v_loss=0.000 ent=1.945 msg_acc=0.899 kl=0.0106
[upd  103 | steps   52736 | t  113.7s | sps   464] ret_mean=0.000 ep_len=500.0 pi_loss=-0.004 v_loss=0.000 ent=1.934 msg_acc=0.921 kl=0.0087
[upd  104 | steps   53248 | t  114.6s | sps   465] ret_mean=0.000 ep_len=500.0 pi_loss=-0.011 v_loss=0.000 ent=1.851 msg_acc=0.933 kl=0.0071
[upd  105 | steps   53760 | t  115.6s | sps   465] ret_mean=1.500 ep_len=500.0 pi_loss=-0.017 v_loss=0.012 ent=2.023 msg_acc=0.751 kl=0.0011
[upd  106 | steps   54272 | t  116.6s | sps   465] ret_mean=0.000 ep_len=500.0 pi_loss=-0.010 v_loss=0.002 ent=2.163 msg_acc=0.737 kl=0.0119
[upd  107 | steps   54784 | t  117.5s | sps   466] ret_mean=0.000 ep_len=500.0 pi_loss=-0.009 v_loss=0.000 ent=2.134 msg_acc=0.697 kl=0.0035
[upd  108 | steps   55296 | t  118.7s | sps   466] ret_mean=2.000 ep_len=500.0 pi_loss=-0.009 v_loss=0.011 ent=2.155 msg_acc=0.762 kl=0.0078
[upd  109 | steps   55808 | t  119.5s | sps   467] ret_mean=0.000 ep_len=500.0 pi_loss=-0.006 v_loss=0.001 ent=2.380 msg_acc=0.610 kl=0.0067
[upd  110 | steps   56320 | t  120.2s | sps   468] ret_mean=0.000 ep_len=500.0 pi_loss=-0.015 v_loss=0.001 ent=2.537 msg_acc=0.601 kl=0.0008
[upd  111 | steps   56832 | t  120.9s | sps   470] ret_mean=0.000 ep_len=500.0 pi_loss=-0.007 v_loss=0.001 ent=2.483 msg_acc=0.706 kl=0.0042
[upd  112 | steps   57344 | t  121.9s | sps   471] ret_mean=1.000 ep_len=500.0 pi_loss=0.000 v_loss=0.008 ent=2.719 msg_acc=0.326 kl=0.0497
[upd  113 | steps   57856 | t  122.7s | sps   471] ret_mean=1.000 ep_len=500.0 pi_loss=-0.009 v_loss=0.005 ent=2.451 msg_acc=0.593 kl=0.0117
[upd  114 | steps   58368 | t  123.4s | sps   473] ret_mean=0.000 ep_len=500.0 pi_loss=-0.014 v_loss=0.001 ent=2.152 msg_acc=0.896 kl=0.0191
[upd  115 | steps   58880 | t  124.1s | sps   475] ret_mean=0.000 ep_len=500.0 pi_loss=-0.007 v_loss=0.001 ent=2.021 msg_acc=0.836 kl=0.0175
[upd  116 | steps   59392 | t  124.7s | sps   476] ret_mean=0.000 ep_len=500.0 pi_loss=-0.015 v_loss=0.001 ent=2.157 msg_acc=0.863 kl=0.0119
[upd  117 | steps   59904 | t  125.3s | sps   478] ret_mean=0.000 ep_len=500.0 pi_loss=-0.012 v_loss=0.001 ent=2.313 msg_acc=0.817 kl=0.0151
[upd  118 | steps   60416 | t  126.0s | sps   480] ret_mean=0.000 ep_len=500.0 pi_loss=-0.013 v_loss=0.010 ent=2.188 msg_acc=0.818 kl=-0.0008
[upd  119 | steps   60928 | t  126.6s | sps   481] ret_mean=1.500 ep_len=500.0 pi_loss=-0.005 v_loss=0.001 ent=2.204 msg_acc=0.745 kl=0.0137
[upd  120 | steps   61440 | t  127.3s | sps   483] ret_mean=0.000 ep_len=500.0 pi_loss=-0.012 v_loss=0.000 ent=2.220 msg_acc=0.706 kl=0.0064
[upd  121 | steps   61952 | t  128.3s | sps   483] ret_mean=0.000 ep_len=500.0 pi_loss=-0.010 v_loss=0.000 ent=2.272 msg_acc=0.668 kl=0.0013
[upd  122 | steps   62464 | t  128.9s | sps   484] ret_mean=0.000 ep_len=500.0 pi_loss=-0.011 v_loss=0.001 ent=2.477 msg_acc=0.551 kl=0.0084
[upd  123 | steps   62976 | t  129.6s | sps   486] ret_mean=0.500 ep_len=500.0 pi_loss=-0.017 v_loss=0.002 ent=2.559 msg_acc=0.602 kl=0.0244
[upd  124 | steps   63488 | t  130.3s | sps   487] ret_mean=0.500 ep_len=500.0 pi_loss=-0.014 v_loss=0.002 ent=2.291 msg_acc=0.703 kl=0.0030
[upd  125 | steps   64000 | t  131.2s | sps   488] ret_mean=0.500 ep_len=500.0 pi_loss=-0.012 v_loss=0.002 ent=1.974 msg_acc=0.781 kl=0.0064
[upd  126 | steps   64512 | t  132.1s | sps   488] ret_mean=0.000 ep_len=500.0 pi_loss=-0.006 v_loss=0.000 ent=2.120 msg_acc=0.712 kl=0.0070
[upd  127 | steps   65024 | t  133.5s | sps   487] ret_mean=0.000 ep_len=500.0 pi_loss=-0.008 v_loss=0.001 ent=2.288 msg_acc=0.627 kl=0.0195
[upd  128 | steps   65536 | t  134.9s | sps   486] ret_mean=0.000 ep_len=500.0 pi_loss=-0.004 v_loss=0.000 ent=2.163 msg_acc=0.844 kl=0.0109
[upd  129 | steps   66048 | t  136.4s | sps   484] ret_mean=0.000 ep_len=500.0 pi_loss=-0.006 v_loss=0.000 ent=1.975 msg_acc=0.732 kl=0.0126
[upd  130 | steps   66560 | t  138.1s | sps   482] ret_mean=0.000 ep_len=500.0 pi_loss=-0.007 v_loss=0.002 ent=2.418 msg_acc=0.730 kl=0.0204
[upd  131 | steps   67072 | t  139.0s | sps   483] ret_mean=0.500 ep_len=500.0 pi_loss=-0.012 v_loss=0.000 ent=2.249 msg_acc=0.655 kl=0.0108
[upd  132 | steps   67584 | t  139.8s | sps   484] ret_mean=0.000 ep_len=500.0 pi_loss=-0.008 v_loss=0.000 ent=1.833 msg_acc=0.920 kl=0.0078
[upd  133 | steps   68096 | t  140.6s | sps   484] ret_mean=0.000 ep_len=500.0 pi_loss=-0.012 v_loss=0.000 ent=2.028 msg_acc=0.838 kl=0.0010
[upd  134 | steps   68608 | t  141.4s | sps   485] ret_mean=0.500 ep_len=500.0 pi_loss=-0.008 v_loss=0.002 ent=2.026 msg_acc=0.749 kl=0.0066
[upd  135 | steps   69120 | t  142.3s | sps   486] ret_mean=0.000 ep_len=500.0 pi_loss=-0.009 v_loss=0.001 ent=1.698 msg_acc=0.909 kl=0.0158
[upd  136 | steps   69632 | t  143.1s | sps   486] ret_mean=0.000 ep_len=500.0 pi_loss=-0.008 v_loss=0.000 ent=1.518 msg_acc=0.956 kl=0.0141
[upd  137 | steps   70144 | t  144.0s | sps   487] ret_mean=0.000 ep_len=500.0 pi_loss=-0.010 v_loss=0.001 ent=1.704 msg_acc=0.833 kl=0.0049
[upd  138 | steps   70656 | t  144.8s | sps   488] ret_mean=0.000 ep_len=500.0 pi_loss=-0.004 v_loss=0.000 ent=1.668 msg_acc=0.887 kl=0.0036
[upd  139 | steps   71168 | t  145.6s | sps   489] ret_mean=0.000 ep_len=500.0 pi_loss=-0.011 v_loss=0.013 ent=1.906 msg_acc=0.784 kl=0.0200
[upd  140 | steps   71680 | t  146.4s | sps   490] ret_mean=1.500 ep_len=500.0 pi_loss=-0.013 v_loss=0.001 ent=1.801 msg_acc=0.900 kl=0.0126
[upd  141 | steps   72192 | t  147.3s | sps   490] ret_mean=0.000 ep_len=500.0 pi_loss=-0.006 v_loss=0.056 ent=2.215 msg_acc=0.473 kl=0.0233
[upd  142 | steps   72704 | t  148.1s | sps   491] ret_mean=3.750 ep_len=500.0 pi_loss=0.000 v_loss=0.030 ent=2.371 msg_acc=0.437 kl=0.0243
[upd  143 | steps   73216 | t  149.5s | sps   490] ret_mean=0.000 ep_len=500.0 pi_loss=-0.006 v_loss=0.001 ent=1.788 msg_acc=0.818 kl=0.0094
[upd  144 | steps   73728 | t  150.3s | sps   490] ret_mean=1.000 ep_len=500.0 pi_loss=-0.008 v_loss=0.006 ent=2.036 msg_acc=0.696 kl=0.0058
[upd  145 | steps   74240 | t  151.1s | sps   491] ret_mean=1.000 ep_len=500.0 pi_loss=0.002 v_loss=0.011 ent=1.954 msg_acc=0.568 kl=0.0144
[upd  146 | steps   74752 | t  152.1s | sps   492] ret_mean=0.000 ep_len=500.0 pi_loss=-0.005 v_loss=0.001 ent=1.599 msg_acc=0.944 kl=0.0101
[upd  147 | steps   75264 | t  152.9s | sps   492] ret_mean=0.000 ep_len=500.0 pi_loss=-0.014 v_loss=0.000 ent=1.537 msg_acc=0.945 kl=0.0169
[upd  148 | steps   75776 | t  153.7s | sps   493] ret_mean=0.000 ep_len=500.0 pi_loss=-0.009 v_loss=0.000 ent=1.811 msg_acc=0.845 kl=0.0109
[upd  149 | steps   76288 | t  154.5s | sps   494] ret_mean=2.000 ep_len=500.0 pi_loss=0.008 v_loss=0.047 ent=1.910 msg_acc=0.762 kl=0.0250
[upd  150 | steps   76800 | t  155.3s | sps   495] ret_mean=2.000 ep_len=500.0 pi_loss=0.014 v_loss=0.003 ent=1.884 msg_acc=0.471 kl=0.1010
        [eval] ret_mean=12.500 ep_len=500.0
[upd  151 | steps   77312 | t  162.5s | sps   476] ret_mean=0.500 ep_len=500.0 pi_loss=-0.000 v_loss=0.004 ent=2.291 msg_acc=0.614 kl=0.0170
[upd  152 | steps   77824 | t  163.2s | sps   477] ret_mean=2.500 ep_len=500.0 pi_loss=-0.010 v_loss=0.027 ent=2.056 msg_acc=0.748 kl=0.0107
[upd  153 | steps   78336 | t  163.8s | sps   478] ret_mean=0.500 ep_len=500.0 pi_loss=-0.008 v_loss=0.003 ent=1.883 msg_acc=0.761 kl=0.0114
[upd  154 | steps   78848 | t  164.5s | sps   479] ret_mean=0.000 ep_len=500.0 pi_loss=-0.003 v_loss=0.002 ent=2.232 msg_acc=0.539 kl=0.0124
[upd  155 | steps   79360 | t  165.2s | sps   481] ret_mean=0.000 ep_len=500.0 pi_loss=-0.005 v_loss=0.001 ent=2.086 msg_acc=0.764 kl=0.0077
[upd  156 | steps   79872 | t  165.8s | sps   482] ret_mean=0.000 ep_len=500.0 pi_loss=-0.005 v_loss=0.000 ent=1.913 msg_acc=0.864 kl=0.0050
[upd  157 | steps   80384 | t  166.5s | sps   483] ret_mean=3.000 ep_len=500.0 pi_loss=-0.004 v_loss=0.028 ent=1.989 msg_acc=0.576 kl=0.0173
[upd  158 | steps   80896 | t  167.1s | sps   484] ret_mean=0.000 ep_len=500.0 pi_loss=-0.008 v_loss=0.002 ent=1.556 msg_acc=0.974 kl=-0.0000
[upd  159 | steps   81408 | t  167.8s | sps   485] ret_mean=0.000 ep_len=500.0 pi_loss=-0.006 v_loss=0.001 ent=1.648 msg_acc=0.919 kl=0.0053
[upd  160 | steps   81920 | t  168.7s | sps   486] ret_mean=0.000 ep_len=500.0 pi_loss=-0.017 v_loss=0.005 ent=1.716 msg_acc=0.870 kl=0.0048
[upd  161 | steps   82432 | t  169.7s | sps   486] ret_mean=1.500 ep_len=500.0 pi_loss=-0.008 v_loss=0.003 ent=2.048 msg_acc=0.768 kl=0.0158
[upd  162 | steps   82944 | t  170.6s | sps   486] ret_mean=0.000 ep_len=500.0 pi_loss=-0.015 v_loss=0.001 ent=2.422 msg_acc=0.601 kl=-0.0019
[upd  163 | steps   83456 | t  171.4s | sps   487] ret_mean=0.000 ep_len=500.0 pi_loss=-0.008 v_loss=0.001 ent=2.060 msg_acc=0.824 kl=0.0059
[upd  164 | steps   83968 | t  172.4s | sps   487] ret_mean=0.000 ep_len=500.0 pi_loss=-0.008 v_loss=0.000 ent=1.893 msg_acc=0.814 kl=0.0101
[upd  165 | steps   84480 | t  173.6s | sps   487] ret_mean=0.000 ep_len=500.0 pi_loss=-0.010 v_loss=0.000 ent=2.235 msg_acc=0.587 kl=0.0081
[upd  166 | steps   84992 | t  174.6s | sps   487] ret_mean=0.000 ep_len=500.0 pi_loss=-0.000 v_loss=0.001 ent=2.279 msg_acc=0.665 kl=0.0003
[upd  167 | steps   85504 | t  176.1s | sps   486] ret_mean=0.000 ep_len=500.0 pi_loss=-0.008 v_loss=0.000 ent=2.440 msg_acc=0.552 kl=0.0245
[upd  168 | steps   86016 | t  177.1s | sps   486] ret_mean=0.000 ep_len=500.0 pi_loss=-0.012 v_loss=0.000 ent=2.103 msg_acc=0.886 kl=0.0093
[upd  169 | steps   86528 | t  178.1s | sps   486] ret_mean=0.000 ep_len=500.0 pi_loss=-0.006 v_loss=0.000 ent=1.594 msg_acc=0.981 kl=0.0028
[upd  170 | steps   87040 | t  178.9s | sps   486] ret_mean=0.000 ep_len=500.0 pi_loss=-0.015 v_loss=0.000 ent=1.748 msg_acc=0.889 kl=0.0109
[upd  171 | steps   87552 | t  179.6s | sps   487] ret_mean=0.000 ep_len=500.0 pi_loss=-0.010 v_loss=0.000 ent=1.748 msg_acc=0.829 kl=0.0031
[upd  172 | steps   88064 | t  180.3s | sps   489] ret_mean=0.000 ep_len=500.0 pi_loss=-0.011 v_loss=0.000 ent=2.139 msg_acc=0.704 kl=0.0083
[upd  173 | steps   88576 | t  180.9s | sps   490] ret_mean=0.000 ep_len=500.0 pi_loss=-0.007 v_loss=0.000 ent=2.276 msg_acc=0.629 kl=0.0110
[upd  174 | steps   89088 | t  181.6s | sps   491] ret_mean=0.000 ep_len=500.0 pi_loss=-0.003 v_loss=0.016 ent=2.283 msg_acc=0.746 kl=-0.0041
[upd  175 | steps   89600 | t  182.2s | sps   492] ret_mean=2.500 ep_len=500.0 pi_loss=-0.016 v_loss=0.001 ent=2.520 msg_acc=0.491 kl=0.0135
[upd  176 | steps   90112 | t  182.8s | sps   493] ret_mean=0.000 ep_len=500.0 pi_loss=-0.008 v_loss=0.001 ent=2.125 msg_acc=0.774 kl=0.0077
[upd  177 | steps   90624 | t  183.5s | sps   494] ret_mean=0.000 ep_len=500.0 pi_loss=-0.007 v_loss=0.004 ent=2.389 msg_acc=0.681 kl=0.0190
[upd  178 | steps   91136 | t  184.1s | sps   495] ret_mean=2.000 ep_len=500.0 pi_loss=-0.003 v_loss=0.005 ent=2.076 msg_acc=0.646 kl=0.0053
[upd  179 | steps   91648 | t  184.7s | sps   496] ret_mean=0.000 ep_len=500.0 pi_loss=-0.006 v_loss=0.003 ent=2.392 msg_acc=0.530 kl=0.0033
[upd  180 | steps   92160 | t  185.4s | sps   497] ret_mean=1.500 ep_len=500.0 pi_loss=-0.009 v_loss=0.003 ent=1.926 msg_acc=0.718 kl=0.0205
[upd  181 | steps   92672 | t  186.0s | sps   498] ret_mean=0.000 ep_len=500.0 pi_loss=-0.005 v_loss=0.001 ent=2.017 msg_acc=0.737 kl=0.0060
[upd  182 | steps   93184 | t  186.6s | sps   499] ret_mean=0.000 ep_len=500.0 pi_loss=-0.009 v_loss=0.000 ent=2.122 msg_acc=0.630 kl=0.0032
[upd  183 | steps   93696 | t  187.3s | sps   500] ret_mean=0.000 ep_len=500.0 pi_loss=-0.007 v_loss=0.000 ent=1.736 msg_acc=0.841 kl=0.0039
[upd  184 | steps   94208 | t  188.5s | sps   500] ret_mean=0.000 ep_len=500.0 pi_loss=-0.005 v_loss=0.004 ent=2.113 msg_acc=0.779 kl=0.0082
[upd  185 | steps   94720 | t  189.7s | sps   499] ret_mean=1.000 ep_len=500.0 pi_loss=-0.005 v_loss=0.003 ent=2.043 msg_acc=0.662 kl=0.0151
[upd  186 | steps   95232 | t  191.1s | sps   498] ret_mean=0.500 ep_len=500.0 pi_loss=-0.005 v_loss=0.001 ent=1.885 msg_acc=0.930 kl=0.0039
[upd  187 | steps   95744 | t  192.6s | sps   497] ret_mean=0.000 ep_len=500.0 pi_loss=-0.007 v_loss=0.040 ent=2.520 msg_acc=0.347 kl=0.0118
[upd  188 | steps   96256 | t  193.4s | sps   498] ret_mean=5.000 ep_len=500.0 pi_loss=-0.006 v_loss=0.024 ent=2.324 msg_acc=0.568 kl=0.0098
[upd  189 | steps   96768 | t  195.1s | sps   496] ret_mean=3.500 ep_len=500.0 pi_loss=-0.006 v_loss=0.007 ent=2.410 msg_acc=0.766 kl=0.0083
[upd  190 | steps   97280 | t  197.1s | sps   494] ret_mean=0.000 ep_len=500.0 pi_loss=-0.006 v_loss=0.002 ent=2.045 msg_acc=0.679 kl=0.0050
[upd  191 | steps   97792 | t  197.9s | sps   494] ret_mean=0.000 ep_len=500.0 pi_loss=-0.001 v_loss=0.002 ent=2.469 msg_acc=0.268 kl=0.0145
[upd  192 | steps   98304 | t  198.6s | sps   495] ret_mean=0.000 ep_len=500.0 pi_loss=-0.011 v_loss=0.001 ent=1.742 msg_acc=0.844 kl=0.0123
[upd  193 | steps   98816 | t  199.4s | sps   496] ret_mean=0.000 ep_len=500.0 pi_loss=-0.001 v_loss=0.000 ent=2.741 msg_acc=0.283 kl=0.0215
[upd  194 | steps   99328 | t  200.2s | sps   496] ret_mean=0.000 ep_len=500.0 pi_loss=-0.004 v_loss=0.000 ent=1.967 msg_acc=0.656 kl=0.0247
[upd  195 | steps   99840 | t  200.9s | sps   497] ret_mean=6.500 ep_len=500.0 pi_loss=-0.008 v_loss=0.073 ent=2.274 msg_acc=0.457 kl=0.0070
[upd  196 | steps  100352 | t  201.6s | sps   498] ret_mean=0.000 ep_len=500.0 pi_loss=-0.005 v_loss=0.001 ent=1.754 msg_acc=0.835 kl=0.0066
[upd  197 | steps  100864 | t  202.3s | sps   499] ret_mean=1.000 ep_len=500.0 pi_loss=0.018 v_loss=0.007 ent=1.992 msg_acc=0.521 kl=0.1114
[upd  198 | steps  101376 | t  203.0s | sps   499] ret_mean=1.000 ep_len=500.0 pi_loss=-0.000 v_loss=0.008 ent=2.334 msg_acc=0.524 kl=0.0108
[upd  199 | steps  101888 | t  203.7s | sps   500] ret_mean=0.000 ep_len=500.0 pi_loss=-0.004 v_loss=0.001 ent=2.521 msg_acc=0.443 kl=0.0020
[upd  200 | steps  102400 | t  204.7s | sps   500] ret_mean=0.000 ep_len=500.0 pi_loss=-0.009 v_loss=0.003 ent=2.176 msg_acc=0.744 kl=0.0185
        [eval] ret_mean=0.000 ep_len=500.0
