$ /Users/praneelkhiantani/Downloads/cs2860/.venv/bin/python3 -m policies.hierarchical.train --env rware-medium-4ag-v2 --episodes 600 --max-steps 500 --eval-every 50 --eval-episodes 10 --seed 3 --heartbeat --heartbeat-delay 30 --heartbeat-max-age-clip 128 --epsilon-start 0.5 --epsilon-end 0.05 --epsilon-decay-episodes 300 --log-dir /Users/praneelkhiantani/Downloads/cs2860/runs/overnight_v1/hrl --run-name hrl__delay-dropout__d30__s3 --dropout --dropout-window-start 200 --dropout-window-end 350

[env] EnvSpec(env_id='rware-medium-4ag-v2', n_agents=4, obs_dim=75, n_env_actions=5, noop_action=0, family='rware')  request_queue_size=4  comm=False
[cfg] alpha=0.3 gamma=0.99 eps=[0.5->0.05] over 300 eps  coop=True comm=False
[hb] heartbeat=True (period=1, delay=30)  dropout=True (agent=None, time=None)
[log] writing to /Users/praneelkhiantani/Downloads/cs2860/runs/overnight_v1/hrl/hrl__delay-dropout__d30__s3
[ep    0 | steps     500 | t    0.1s | sps  3917] ret=0.000 ep_len=500 deliv=0 eps=0.498 |Q|=25
[ep    1 | steps    1000 | t    0.3s | sps  3874] ret=0.000 ep_len=500 deliv=0 eps=0.497 |Q|=43
[ep    2 | steps    1500 | t    0.4s | sps  3809] ret=0.000 ep_len=500 deliv=0 eps=0.495 |Q|=60
[ep    3 | steps    2000 | t    0.5s | sps  3756] ret=0.000 ep_len=500 deliv=0 eps=0.494 |Q|=70
[ep    4 | steps    2500 | t    0.7s | sps  3736] ret=0.000 ep_len=500 deliv=0 eps=0.492 |Q|=86
[ep    5 | steps    3000 | t    0.8s | sps  3695] ret=0.000 ep_len=500 deliv=0 eps=0.491 |Q|=98
[ep    6 | steps    3500 | t    1.0s | sps  3618] ret=0.000 ep_len=500 deliv=0 eps=0.489 |Q|=110
[ep    7 | steps    4000 | t    1.1s | sps  3566] ret=0.000 ep_len=500 deliv=0 eps=0.488 |Q|=115
[ep    8 | steps    4500 | t    1.3s | sps  3531] ret=0.000 ep_len=500 deliv=0 eps=0.486 |Q|=116
[ep    9 | steps    5000 | t    1.4s | sps  3509] ret=0.000 ep_len=500 deliv=0 eps=0.485 |Q|=132
[ep   10 | steps    5500 | t    1.7s | sps  3309] ret=0.000 ep_len=500 deliv=0 eps=0.483 |Q|=147
[ep   11 | steps    6000 | t    1.8s | sps  3287] ret=0.000 ep_len=500 deliv=0 eps=0.482 |Q|=151
[ep   12 | steps    6500 | t    2.0s | sps  3269] ret=1.000 ep_len=500 deliv=1 eps=0.480 |Q|=160
[ep   13 | steps    7000 | t    2.1s | sps  3271] ret=0.000 ep_len=500 deliv=0 eps=0.479 |Q|=169
[ep   14 | steps    7500 | t    2.3s | sps  3266] ret=0.000 ep_len=500 deliv=0 eps=0.477 |Q|=174
[ep   15 | steps    8000 | t    2.5s | sps  3262] ret=0.000 ep_len=500 deliv=0 eps=0.476 |Q|=178
[ep   16 | steps    8500 | t    2.6s | sps  3256] ret=0.000 ep_len=500 deliv=0 eps=0.474 |Q|=185
[ep   17 | steps    9000 | t    2.8s | sps  3263] ret=0.000 ep_len=500 deliv=0 eps=0.473 |Q|=192
[ep   18 | steps    9500 | t    2.9s | sps  3252] ret=0.000 ep_len=500 deliv=0 eps=0.471 |Q|=199
[ep   19 | steps   10000 | t    3.1s | sps  3225] ret=1.000 ep_len=500 deliv=1 eps=0.470 |Q|=204
[ep   20 | steps   10500 | t    3.3s | sps  3225] ret=0.000 ep_len=500 deliv=0 eps=0.468 |Q|=208
[ep   21 | steps   11000 | t    3.4s | sps  3224] ret=0.000 ep_len=500 deliv=0 eps=0.467 |Q|=213
[ep   22 | steps   11500 | t    3.6s | sps  3221] ret=0.000 ep_len=500 deliv=0 eps=0.466 |Q|=222
[ep   23 | steps   12000 | t    3.7s | sps  3218] ret=0.000 ep_len=500 deliv=0 eps=0.464 |Q|=225
[ep   24 | steps   12500 | t    3.9s | sps  3218] ret=0.000 ep_len=500 deliv=0 eps=0.463 |Q|=235
[ep   25 | steps   13000 | t    4.0s | sps  3220] ret=0.000 ep_len=500 deliv=0 eps=0.461 |Q|=242
[ep   26 | steps   13500 | t    4.2s | sps  3221] ret=0.000 ep_len=500 deliv=0 eps=0.460 |Q|=247
[ep   27 | steps   14000 | t    4.3s | sps  3223] ret=0.000 ep_len=500 deliv=0 eps=0.458 |Q|=259
[ep   28 | steps   14500 | t    4.5s | sps  3227] ret=0.000 ep_len=500 deliv=0 eps=0.457 |Q|=266
[ep   29 | steps   15000 | t    4.7s | sps  3225] ret=0.000 ep_len=500 deliv=0 eps=0.455 |Q|=266
[ep   30 | steps   15500 | t    4.8s | sps  3226] ret=0.000 ep_len=500 deliv=0 eps=0.454 |Q|=272
[ep   31 | steps   16000 | t    5.0s | sps  3224] ret=0.000 ep_len=500 deliv=0 eps=0.452 |Q|=276
[ep   32 | steps   16500 | t    5.1s | sps  3225] ret=0.000 ep_len=500 deliv=0 eps=0.451 |Q|=281
[ep   33 | steps   17000 | t    5.3s | sps  3225] ret=0.000 ep_len=500 deliv=0 eps=0.449 |Q|=289
[ep   34 | steps   17500 | t    5.4s | sps  3215] ret=1.000 ep_len=500 deliv=1 eps=0.448 |Q|=301
[ep   35 | steps   18000 | t    5.6s | sps  3215] ret=0.000 ep_len=500 deliv=0 eps=0.446 |Q|=309
[ep   36 | steps   18500 | t    5.8s | sps  3212] ret=0.000 ep_len=500 deliv=0 eps=0.445 |Q|=311
[ep   37 | steps   19000 | t    5.9s | sps  3211] ret=0.000 ep_len=500 deliv=0 eps=0.443 |Q|=313
[ep   38 | steps   19500 | t    6.1s | sps  3209] ret=0.000 ep_len=500 deliv=0 eps=0.442 |Q|=322
[ep   39 | steps   20000 | t    6.2s | sps  3206] ret=0.000 ep_len=500 deliv=0 eps=0.440 |Q|=328
[ep   40 | steps   20500 | t    6.4s | sps  3205] ret=0.000 ep_len=500 deliv=0 eps=0.439 |Q|=330
[ep   41 | steps   21000 | t    6.5s | sps  3207] ret=0.000 ep_len=500 deliv=0 eps=0.437 |Q|=336
[ep   42 | steps   21500 | t    6.7s | sps  3205] ret=0.000 ep_len=500 deliv=0 eps=0.435 |Q|=340
[ep   43 | steps   22000 | t    6.9s | sps  3206] ret=0.000 ep_len=500 deliv=0 eps=0.434 |Q|=346
[ep   44 | steps   22500 | t    7.0s | sps  3205] ret=0.000 ep_len=500 deliv=0 eps=0.432 |Q|=348
[ep   45 | steps   23000 | t    7.2s | sps  3205] ret=0.000 ep_len=500 deliv=0 eps=0.431 |Q|=352
[ep   46 | steps   23500 | t    7.3s | sps  3207] ret=0.000 ep_len=500 deliv=0 eps=0.429 |Q|=359
[ep   47 | steps   24000 | t    7.5s | sps  3207] ret=0.000 ep_len=500 deliv=0 eps=0.428 |Q|=363
[ep   48 | steps   24500 | t    7.6s | sps  3206] ret=0.000 ep_len=500 deliv=0 eps=0.426 |Q|=368
[ep   49 | steps   25000 | t    7.8s | sps  3205] ret=0.000 ep_len=500 deliv=0 eps=0.425 |Q|=370
        [eval] ret_mean=0.000 ep_len=500.0 deliv=0.00
[ep   50 | steps   25500 | t    9.5s | sps  2680] ret=0.000 ep_len=500 deliv=0 eps=0.408 |Q|=405
[ep   51 | steps   26000 | t    9.7s | sps  2688] ret=0.000 ep_len=500 deliv=0 eps=0.407 |Q|=410
[ep   52 | steps   26500 | t    9.8s | sps  2696] ret=0.000 ep_len=500 deliv=0 eps=0.405 |Q|=414
[ep   53 | steps   27000 | t   10.0s | sps  2705] ret=0.000 ep_len=500 deliv=0 eps=0.404 |Q|=420
[ep   54 | steps   27500 | t   10.1s | sps  2713] ret=0.000 ep_len=500 deliv=0 eps=0.402 |Q|=429
[ep   55 | steps   28000 | t   10.3s | sps  2721] ret=0.000 ep_len=500 deliv=0 eps=0.401 |Q|=430
[ep   56 | steps   28500 | t   10.4s | sps  2727] ret=0.000 ep_len=500 deliv=0 eps=0.399 |Q|=430
[ep   57 | steps   29000 | t   10.6s | sps  2733] ret=0.000 ep_len=500 deliv=0 eps=0.398 |Q|=436
[ep   58 | steps   29500 | t   10.8s | sps  2732] ret=1.000 ep_len=500 deliv=1 eps=0.396 |Q|=442
[ep   59 | steps   30000 | t   11.0s | sps  2738] ret=0.000 ep_len=500 deliv=0 eps=0.395 |Q|=447
[ep   60 | steps   30500 | t   11.1s | sps  2744] ret=0.000 ep_len=500 deliv=0 eps=0.394 |Q|=449
[ep   61 | steps   31000 | t   11.3s | sps  2747] ret=1.000 ep_len=500 deliv=1 eps=0.392 |Q|=455
[ep   62 | steps   31500 | t   11.4s | sps  2753] ret=0.000 ep_len=500 deliv=0 eps=0.390 |Q|=456
[ep   63 | steps   32000 | t   11.6s | sps  2760] ret=0.000 ep_len=500 deliv=0 eps=0.389 |Q|=460
[ep   64 | steps   32500 | t   11.8s | sps  2765] ret=0.000 ep_len=500 deliv=0 eps=0.388 |Q|=460
[ep   65 | steps   33000 | t   11.9s | sps  2771] ret=0.000 ep_len=500 deliv=0 eps=0.386 |Q|=470
[ep   66 | steps   33500 | t   12.1s | sps  2776] ret=0.000 ep_len=500 deliv=0 eps=0.385 |Q|=475
[ep   67 | steps   34000 | t   12.2s | sps  2781] ret=0.000 ep_len=500 deliv=0 eps=0.383 |Q|=483
[ep   68 | steps   34500 | t   12.4s | sps  2784] ret=1.000 ep_len=500 deliv=1 eps=0.382 |Q|=487
[ep   69 | steps   35000 | t   12.5s | sps  2790] ret=0.000 ep_len=500 deliv=0 eps=0.380 |Q|=492
[ep   70 | steps   35500 | t   12.7s | sps  2794] ret=0.000 ep_len=500 deliv=0 eps=0.379 |Q|=496
[ep   71 | steps   36000 | t   12.9s | sps  2793] ret=1.000 ep_len=500 deliv=1 eps=0.377 |Q|=501
[ep   72 | steps   36500 | t   13.1s | sps  2796] ret=0.000 ep_len=500 deliv=0 eps=0.376 |Q|=503
[ep   73 | steps   37000 | t   13.2s | sps  2801] ret=0.000 ep_len=500 deliv=0 eps=0.374 |Q|=507
[ep   74 | steps   37500 | t   13.4s | sps  2806] ret=0.000 ep_len=500 deliv=0 eps=0.372 |Q|=509
[ep   75 | steps   38000 | t   13.5s | sps  2811] ret=0.000 ep_len=500 deliv=0 eps=0.371 |Q|=510
[ep   76 | steps   38500 | t   13.7s | sps  2814] ret=0.000 ep_len=500 deliv=0 eps=0.369 |Q|=514
[ep   77 | steps   39000 | t   13.9s | sps  2816] ret=0.000 ep_len=500 deliv=0 eps=0.368 |Q|=515
[ep   78 | steps   39500 | t   14.0s | sps  2820] ret=0.000 ep_len=500 deliv=0 eps=0.366 |Q|=518
[ep   79 | steps   40000 | t   14.2s | sps  2812] ret=0.000 ep_len=500 deliv=0 eps=0.365 |Q|=522
[ep   80 | steps   40500 | t   14.4s | sps  2817] ret=0.000 ep_len=500 deliv=0 eps=0.363 |Q|=524
[ep   81 | steps   41000 | t   14.5s | sps  2819] ret=0.000 ep_len=500 deliv=0 eps=0.362 |Q|=528
[ep   82 | steps   41500 | t   14.7s | sps  2822] ret=0.000 ep_len=500 deliv=0 eps=0.360 |Q|=533
[ep   83 | steps   42000 | t   14.9s | sps  2826] ret=0.000 ep_len=500 deliv=0 eps=0.359 |Q|=536
[ep   84 | steps   42500 | t   15.0s | sps  2829] ret=0.000 ep_len=500 deliv=0 eps=0.358 |Q|=537
[ep   85 | steps   43000 | t   15.2s | sps  2833] ret=0.000 ep_len=500 deliv=0 eps=0.356 |Q|=538
[ep   86 | steps   43500 | t   15.3s | sps  2836] ret=0.000 ep_len=500 deliv=0 eps=0.355 |Q|=541
[ep   87 | steps   44000 | t   15.5s | sps  2840] ret=0.000 ep_len=500 deliv=0 eps=0.353 |Q|=544
[ep   88 | steps   44500 | t   15.7s | sps  2843] ret=0.000 ep_len=500 deliv=0 eps=0.351 |Q|=546
[ep   89 | steps   45000 | t   15.8s | sps  2846] ret=0.000 ep_len=500 deliv=0 eps=0.350 |Q|=546
[ep   90 | steps   45500 | t   16.0s | sps  2844] ret=1.000 ep_len=500 deliv=1 eps=0.349 |Q|=552
[ep   91 | steps   46000 | t   16.2s | sps  2847] ret=0.000 ep_len=500 deliv=0 eps=0.347 |Q|=555
[ep   92 | steps   46500 | t   16.3s | sps  2850] ret=0.000 ep_len=500 deliv=0 eps=0.346 |Q|=558
[ep   93 | steps   47000 | t   16.5s | sps  2854] ret=0.000 ep_len=500 deliv=0 eps=0.344 |Q|=565
[ep   94 | steps   47500 | t   16.6s | sps  2856] ret=0.000 ep_len=500 deliv=0 eps=0.343 |Q|=567
[ep   95 | steps   48000 | t   16.8s | sps  2859] ret=0.000 ep_len=500 deliv=0 eps=0.341 |Q|=571
[ep   96 | steps   48500 | t   16.9s | sps  2862] ret=0.000 ep_len=500 deliv=0 eps=0.340 |Q|=571
[ep   97 | steps   49000 | t   17.1s | sps  2859] ret=0.000 ep_len=500 deliv=0 eps=0.338 |Q|=572
[ep   98 | steps   49500 | t   17.3s | sps  2861] ret=0.000 ep_len=500 deliv=0 eps=0.337 |Q|=574
[ep   99 | steps   50000 | t   17.5s | sps  2863] ret=0.000 ep_len=500 deliv=0 eps=0.335 |Q|=581
        [eval] ret_mean=0.000 ep_len=500.0 deliv=0.00
[ep  100 | steps   50500 | t   19.2s | sps  2631] ret=0.000 ep_len=500 deliv=0 eps=0.319 |Q|=624
[ep  101 | steps   51000 | t   19.4s | sps  2635] ret=0.000 ep_len=500 deliv=0 eps=0.317 |Q|=628
[ep  102 | steps   51500 | t   19.5s | sps  2640] ret=0.000 ep_len=500 deliv=0 eps=0.316 |Q|=630
[ep  103 | steps   52000 | t   19.7s | sps  2644] ret=0.000 ep_len=500 deliv=0 eps=0.314 |Q|=630
[ep  104 | steps   52500 | t   19.8s | sps  2649] ret=0.000 ep_len=500 deliv=0 eps=0.312 |Q|=630
[ep  105 | steps   53000 | t   20.0s | sps  2653] ret=0.000 ep_len=500 deliv=0 eps=0.311 |Q|=631
[ep  106 | steps   53500 | t   20.1s | sps  2657] ret=0.000 ep_len=500 deliv=0 eps=0.309 |Q|=632
[ep  107 | steps   54000 | t   20.3s | sps  2656] ret=1.000 ep_len=500 deliv=1 eps=0.308 |Q|=636
[ep  108 | steps   54500 | t   20.5s | sps  2660] ret=0.000 ep_len=500 deliv=0 eps=0.306 |Q|=637
[ep  109 | steps   55000 | t   20.7s | sps  2660] ret=1.000 ep_len=500 deliv=1 eps=0.305 |Q|=638
[ep  110 | steps   55500 | t   20.9s | sps  2660] ret=1.000 ep_len=500 deliv=1 eps=0.303 |Q|=642
[ep  111 | steps   56000 | t   21.0s | sps  2663] ret=0.000 ep_len=500 deliv=0 eps=0.302 |Q|=646
[ep  112 | steps   56500 | t   21.2s | sps  2667] ret=0.000 ep_len=500 deliv=0 eps=0.300 |Q|=648
[ep  113 | steps   57000 | t   21.3s | sps  2671] ret=0.000 ep_len=500 deliv=0 eps=0.299 |Q|=650
[ep  114 | steps   57500 | t   21.5s | sps  2675] ret=0.000 ep_len=500 deliv=0 eps=0.297 |Q|=651
[ep  115 | steps   58000 | t   21.7s | sps  2678] ret=1.000 ep_len=500 deliv=1 eps=0.296 |Q|=658
[ep  116 | steps   58500 | t   21.8s | sps  2682] ret=0.000 ep_len=500 deliv=0 eps=0.294 |Q|=660
[ep  117 | steps   59000 | t   22.0s | sps  2682] ret=1.000 ep_len=500 deliv=1 eps=0.293 |Q|=662
[ep  118 | steps   59500 | t   22.2s | sps  2685] ret=0.000 ep_len=500 deliv=0 eps=0.291 |Q|=666
[ep  119 | steps   60000 | t   22.3s | sps  2689] ret=0.000 ep_len=500 deliv=0 eps=0.290 |Q|=667
[ep  120 | steps   60500 | t   22.5s | sps  2691] ret=0.000 ep_len=500 deliv=0 eps=0.288 |Q|=671
[ep  121 | steps   61000 | t   22.7s | sps  2691] ret=1.000 ep_len=500 deliv=1 eps=0.287 |Q|=675
[ep  122 | steps   61500 | t   22.8s | sps  2694] ret=0.000 ep_len=500 deliv=0 eps=0.285 |Q|=679
[ep  123 | steps   62000 | t   23.0s | sps  2697] ret=0.000 ep_len=500 deliv=0 eps=0.284 |Q|=683
[ep  124 | steps   62500 | t   23.1s | sps  2700] ret=0.000 ep_len=500 deliv=0 eps=0.282 |Q|=683
[ep  125 | steps   63000 | t   23.3s | sps  2703] ret=0.000 ep_len=500 deliv=0 eps=0.281 |Q|=686
[ep  126 | steps   63500 | t   23.5s | sps  2706] ret=0.000 ep_len=500 deliv=0 eps=0.279 |Q|=688
[ep  127 | steps   64000 | t   23.6s | sps  2707] ret=1.000 ep_len=500 deliv=1 eps=0.278 |Q|=690
[ep  128 | steps   64500 | t   23.8s | sps  2710] ret=0.000 ep_len=500 deliv=0 eps=0.276 |Q|=691
[ep  129 | steps   65000 | t   24.0s | sps  2713] ret=0.000 ep_len=500 deliv=0 eps=0.275 |Q|=691
[ep  130 | steps   65500 | t   24.1s | sps  2713] ret=1.000 ep_len=500 deliv=1 eps=0.274 |Q|=694
[ep  131 | steps   66000 | t   24.3s | sps  2716] ret=0.000 ep_len=500 deliv=0 eps=0.272 |Q|=694
[ep  132 | steps   66500 | t   24.5s | sps  2718] ret=0.000 ep_len=500 deliv=0 eps=0.270 |Q|=696
[ep  133 | steps   67000 | t   24.6s | sps  2721] ret=0.000 ep_len=500 deliv=0 eps=0.269 |Q|=698
[ep  134 | steps   67500 | t   24.8s | sps  2723] ret=0.000 ep_len=500 deliv=0 eps=0.267 |Q|=700
[ep  135 | steps   68000 | t   24.9s | sps  2726] ret=0.000 ep_len=500 deliv=0 eps=0.266 |Q|=700
[ep  136 | steps   68500 | t   25.1s | sps  2729] ret=0.000 ep_len=500 deliv=0 eps=0.265 |Q|=700
[ep  137 | steps   69000 | t   25.3s | sps  2731] ret=0.000 ep_len=500 deliv=0 eps=0.263 |Q|=700
[ep  138 | steps   69500 | t   25.4s | sps  2734] ret=0.000 ep_len=500 deliv=0 eps=0.261 |Q|=704
[ep  139 | steps   70000 | t   25.6s | sps  2736] ret=0.000 ep_len=500 deliv=0 eps=0.260 |Q|=707
[ep  140 | steps   70500 | t   25.7s | sps  2739] ret=0.000 ep_len=500 deliv=0 eps=0.259 |Q|=710
[ep  141 | steps   71000 | t   25.9s | sps  2741] ret=0.000 ep_len=500 deliv=0 eps=0.257 |Q|=710
[ep  142 | steps   71500 | t   26.1s | sps  2743] ret=0.000 ep_len=500 deliv=0 eps=0.256 |Q|=712
[ep  143 | steps   72000 | t   26.2s | sps  2745] ret=0.000 ep_len=500 deliv=0 eps=0.254 |Q|=713
[ep  144 | steps   72500 | t   26.4s | sps  2748] ret=0.000 ep_len=500 deliv=0 eps=0.252 |Q|=715
[ep  145 | steps   73000 | t   26.5s | sps  2750] ret=0.000 ep_len=500 deliv=0 eps=0.251 |Q|=716
[ep  146 | steps   73500 | t   26.7s | sps  2752] ret=0.000 ep_len=500 deliv=0 eps=0.249 |Q|=716
[ep  147 | steps   74000 | t   26.9s | sps  2754] ret=0.000 ep_len=500 deliv=0 eps=0.248 |Q|=717
[ep  148 | steps   74500 | t   27.0s | sps  2757] ret=0.000 ep_len=500 deliv=0 eps=0.246 |Q|=718
[ep  149 | steps   75000 | t   27.2s | sps  2759] ret=0.000 ep_len=500 deliv=0 eps=0.245 |Q|=718
        [eval] ret_mean=0.000 ep_len=500.0 deliv=0.00
[ep  150 | steps   75500 | t   29.0s | sps  2606] ret=0.000 ep_len=500 deliv=0 eps=0.228 |Q|=733
[ep  151 | steps   76000 | t   29.1s | sps  2608] ret=1.000 ep_len=500 deliv=1 eps=0.227 |Q|=735
[ep  152 | steps   76500 | t   29.3s | sps  2611] ret=0.000 ep_len=500 deliv=0 eps=0.225 |Q|=735
[ep  153 | steps   77000 | t   29.5s | sps  2613] ret=0.000 ep_len=500 deliv=0 eps=0.224 |Q|=735
[ep  154 | steps   77500 | t   29.6s | sps  2615] ret=0.000 ep_len=500 deliv=0 eps=0.222 |Q|=737
[ep  155 | steps   78000 | t   29.8s | sps  2617] ret=0.000 ep_len=500 deliv=0 eps=0.221 |Q|=739
[ep  156 | steps   78500 | t   30.0s | sps  2619] ret=0.000 ep_len=500 deliv=0 eps=0.220 |Q|=741
[ep  157 | steps   79000 | t   30.1s | sps  2621] ret=0.000 ep_len=500 deliv=0 eps=0.218 |Q|=741
[ep  158 | steps   79500 | t   30.3s | sps  2623] ret=0.000 ep_len=500 deliv=0 eps=0.216 |Q|=744
[ep  159 | steps   80000 | t   30.5s | sps  2625] ret=0.000 ep_len=500 deliv=0 eps=0.215 |Q|=745
[ep  160 | steps   80500 | t   30.7s | sps  2626] ret=0.000 ep_len=500 deliv=0 eps=0.213 |Q|=746
[ep  161 | steps   81000 | t   30.8s | sps  2629] ret=0.000 ep_len=500 deliv=0 eps=0.212 |Q|=749
[ep  162 | steps   81500 | t   31.0s | sps  2631] ret=0.000 ep_len=500 deliv=0 eps=0.211 |Q|=750
[ep  163 | steps   82000 | t   31.1s | sps  2634] ret=0.000 ep_len=500 deliv=0 eps=0.209 |Q|=752
[ep  164 | steps   82500 | t   31.3s | sps  2636] ret=0.000 ep_len=500 deliv=0 eps=0.207 |Q|=753
[ep  165 | steps   83000 | t   31.5s | sps  2639] ret=0.000 ep_len=500 deliv=0 eps=0.206 |Q|=755
[ep  166 | steps   83500 | t   31.6s | sps  2641] ret=0.000 ep_len=500 deliv=0 eps=0.205 |Q|=756
[ep  167 | steps   84000 | t   31.8s | sps  2643] ret=0.000 ep_len=500 deliv=0 eps=0.203 |Q|=756
[ep  168 | steps   84500 | t   31.9s | sps  2645] ret=0.000 ep_len=500 deliv=0 eps=0.202 |Q|=758
[ep  169 | steps   85000 | t   32.1s | sps  2647] ret=0.000 ep_len=500 deliv=0 eps=0.200 |Q|=759
[ep  170 | steps   85500 | t   32.3s | sps  2649] ret=0.000 ep_len=500 deliv=0 eps=0.198 |Q|=761
[ep  171 | steps   86000 | t   32.4s | sps  2651] ret=0.000 ep_len=500 deliv=0 eps=0.197 |Q|=761
[ep  172 | steps   86500 | t   32.6s | sps  2653] ret=0.000 ep_len=500 deliv=0 eps=0.196 |Q|=761
[ep  173 | steps   87000 | t   32.8s | sps  2654] ret=0.000 ep_len=500 deliv=0 eps=0.194 |Q|=763
[ep  174 | steps   87500 | t   32.9s | sps  2656] ret=0.000 ep_len=500 deliv=0 eps=0.193 |Q|=764
[ep  175 | steps   88000 | t   33.1s | sps  2658] ret=0.000 ep_len=500 deliv=0 eps=0.191 |Q|=764
[ep  176 | steps   88500 | t   33.3s | sps  2660] ret=0.000 ep_len=500 deliv=0 eps=0.190 |Q|=766
[ep  177 | steps   89000 | t   33.4s | sps  2662] ret=1.000 ep_len=500 deliv=1 eps=0.188 |Q|=768
[ep  178 | steps   89500 | t   33.6s | sps  2664] ret=0.000 ep_len=500 deliv=0 eps=0.186 |Q|=769
[ep  179 | steps   90000 | t   33.8s | sps  2666] ret=0.000 ep_len=500 deliv=0 eps=0.185 |Q|=769
[ep  180 | steps   90500 | t   33.9s | sps  2669] ret=0.000 ep_len=500 deliv=0 eps=0.183 |Q|=772
[ep  181 | steps   91000 | t   34.1s | sps  2670] ret=0.000 ep_len=500 deliv=0 eps=0.182 |Q|=772
[ep  182 | steps   91500 | t   34.2s | sps  2672] ret=0.000 ep_len=500 deliv=0 eps=0.180 |Q|=772
[ep  183 | steps   92000 | t   34.4s | sps  2673] ret=1.000 ep_len=500 deliv=1 eps=0.179 |Q|=773
[ep  184 | steps   92500 | t   34.6s | sps  2675] ret=0.000 ep_len=500 deliv=0 eps=0.177 |Q|=774
[ep  185 | steps   93000 | t   34.7s | sps  2677] ret=0.000 ep_len=500 deliv=0 eps=0.176 |Q|=775
[ep  186 | steps   93500 | t   34.9s | sps  2679] ret=0.000 ep_len=500 deliv=0 eps=0.174 |Q|=775
[ep  187 | steps   94000 | t   35.1s | sps  2681] ret=0.000 ep_len=500 deliv=0 eps=0.173 |Q|=777
[ep  188 | steps   94500 | t   35.2s | sps  2683] ret=0.000 ep_len=500 deliv=0 eps=0.171 |Q|=780
[ep  189 | steps   95000 | t   35.4s | sps  2685] ret=0.000 ep_len=500 deliv=0 eps=0.170 |Q|=780
[ep  190 | steps   95500 | t   35.5s | sps  2687] ret=0.000 ep_len=500 deliv=0 eps=0.168 |Q|=780
[ep  191 | steps   96000 | t   35.7s | sps  2688] ret=0.000 ep_len=500 deliv=0 eps=0.167 |Q|=782
[ep  192 | steps   96500 | t   35.9s | sps  2690] ret=0.000 ep_len=500 deliv=0 eps=0.166 |Q|=784
[ep  193 | steps   97000 | t   36.0s | sps  2692] ret=0.000 ep_len=500 deliv=0 eps=0.164 |Q|=785
[ep  194 | steps   97500 | t   36.2s | sps  2691] ret=1.000 ep_len=500 deliv=1 eps=0.162 |Q|=788
[ep  195 | steps   98000 | t   36.4s | sps  2693] ret=0.000 ep_len=500 deliv=0 eps=0.161 |Q|=788
[ep  196 | steps   98500 | t   36.6s | sps  2693] ret=1.000 ep_len=500 deliv=1 eps=0.159 |Q|=790
[ep  197 | steps   99000 | t   36.8s | sps  2693] ret=1.000 ep_len=500 deliv=1 eps=0.158 |Q|=791
[ep  198 | steps   99500 | t   36.9s | sps  2694] ret=0.000 ep_len=500 deliv=0 eps=0.157 |Q|=791
[ep  199 | steps  100000 | t   37.1s | sps  2696] ret=0.000 ep_len=500 deliv=0 eps=0.155 |Q|=792
        [eval] ret_mean=0.000 ep_len=500.0 deliv=0.00
[ep  200 | steps  100500 | t   38.8s | sps  2587] ret=0.000 ep_len=500 deliv=0 eps=0.139 |Q|=800
[ep  201 | steps  101000 | t   39.0s | sps  2589] ret=0.000 ep_len=500 deliv=0 eps=0.137 |Q|=800
[ep  202 | steps  101500 | t   39.2s | sps  2592] ret=0.000 ep_len=500 deliv=0 eps=0.135 |Q|=800
[ep  203 | steps  102000 | t   39.3s | sps  2594] ret=0.000 ep_len=500 deliv=0 eps=0.134 |Q|=800
[ep  204 | steps  102500 | t   39.5s | sps  2596] ret=0.000 ep_len=500 deliv=0 eps=0.133 |Q|=800
[ep  205 | steps  103000 | t   39.7s | sps  2597] ret=0.000 ep_len=500 deliv=0 eps=0.131 |Q|=800
[ep  206 | steps  103500 | t   39.8s | sps  2599] ret=0.000 ep_len=500 deliv=0 eps=0.130 |Q|=801
[ep  207 | steps  104000 | t   40.0s | sps  2601] ret=0.000 ep_len=500 deliv=0 eps=0.128 |Q|=803
[ep  208 | steps  104500 | t   40.2s | sps  2599] ret=2.000 ep_len=500 deliv=2 eps=0.127 |Q|=809
[ep  209 | steps  105000 | t   40.4s | sps  2601] ret=0.000 ep_len=500 deliv=0 eps=0.125 |Q|=811
[ep  210 | steps  105500 | t   40.5s | sps  2603] ret=0.000 ep_len=500 deliv=0 eps=0.123 |Q|=811
[ep  211 | steps  106000 | t   40.8s | sps  2600] ret=0.000 ep_len=500 deliv=0 eps=0.122 |Q|=811
[ep  212 | steps  106500 | t   40.9s | sps  2602] ret=0.000 ep_len=500 deliv=0 eps=0.120 |Q|=811
[ep  213 | steps  107000 | t   41.1s | sps  2604] ret=0.000 ep_len=500 deliv=0 eps=0.119 |Q|=811
[ep  214 | steps  107500 | t   41.3s | sps  2606] ret=0.000 ep_len=500 deliv=0 eps=0.117 |Q|=811
[ep  215 | steps  108000 | t   41.4s | sps  2608] ret=0.000 ep_len=500 deliv=0 eps=0.116 |Q|=811
[ep  216 | steps  108500 | t   41.6s | sps  2609] ret=0.000 ep_len=500 deliv=0 eps=0.114 |Q|=812
[ep  217 | steps  109000 | t   41.7s | sps  2611] ret=0.000 ep_len=500 deliv=0 eps=0.113 |Q|=813
[ep  218 | steps  109500 | t   41.9s | sps  2613] ret=0.000 ep_len=500 deliv=0 eps=0.111 |Q|=814
[ep  219 | steps  110000 | t   42.1s | sps  2615] ret=0.000 ep_len=500 deliv=0 eps=0.110 |Q|=814
[ep  220 | steps  110500 | t   42.2s | sps  2617] ret=0.000 ep_len=500 deliv=0 eps=0.108 |Q|=814
[ep  221 | steps  111000 | t   42.4s | sps  2618] ret=0.000 ep_len=500 deliv=0 eps=0.107 |Q|=814
[ep  222 | steps  111500 | t   42.6s | sps  2620] ret=0.000 ep_len=500 deliv=0 eps=0.105 |Q|=814
[ep  223 | steps  112000 | t   42.7s | sps  2621] ret=0.000 ep_len=500 deliv=0 eps=0.104 |Q|=814
[ep  224 | steps  112500 | t   42.9s | sps  2622] ret=0.000 ep_len=500 deliv=0 eps=0.102 |Q|=815
[ep  225 | steps  113000 | t   43.1s | sps  2623] ret=0.000 ep_len=500 deliv=0 eps=0.101 |Q|=815
[ep  226 | steps  113500 | t   43.3s | sps  2624] ret=0.000 ep_len=500 deliv=0 eps=0.099 |Q|=815
[ep  227 | steps  114000 | t   43.4s | sps  2625] ret=0.000 ep_len=500 deliv=0 eps=0.098 |Q|=815
[ep  228 | steps  114500 | t   43.6s | sps  2625] ret=0.000 ep_len=500 deliv=0 eps=0.097 |Q|=816
[ep  229 | steps  115000 | t   43.8s | sps  2626] ret=0.000 ep_len=500 deliv=0 eps=0.095 |Q|=816
[ep  230 | steps  115500 | t   44.0s | sps  2627] ret=0.000 ep_len=500 deliv=0 eps=0.093 |Q|=816
[ep  231 | steps  116000 | t   44.1s | sps  2628] ret=0.000 ep_len=500 deliv=0 eps=0.092 |Q|=816
[ep  232 | steps  116500 | t   44.3s | sps  2628] ret=0.000 ep_len=500 deliv=0 eps=0.090 |Q|=816
[ep  233 | steps  117000 | t   44.5s | sps  2629] ret=0.000 ep_len=500 deliv=0 eps=0.089 |Q|=816
[ep  234 | steps  117500 | t   44.7s | sps  2629] ret=0.000 ep_len=500 deliv=0 eps=0.088 |Q|=817
[ep  235 | steps  118000 | t   44.9s | sps  2630] ret=0.000 ep_len=500 deliv=0 eps=0.086 |Q|=817
[ep  236 | steps  118500 | t   45.1s | sps  2630] ret=0.000 ep_len=500 deliv=0 eps=0.084 |Q|=818
[ep  237 | steps  119000 | t   45.2s | sps  2631] ret=0.000 ep_len=500 deliv=0 eps=0.083 |Q|=818
[ep  238 | steps  119500 | t   45.4s | sps  2631] ret=0.000 ep_len=500 deliv=0 eps=0.081 |Q|=818
[ep  239 | steps  120000 | t   45.6s | sps  2632] ret=0.000 ep_len=500 deliv=0 eps=0.080 |Q|=818
[ep  240 | steps  120500 | t   45.8s | sps  2632] ret=0.000 ep_len=500 deliv=0 eps=0.079 |Q|=818
[ep  241 | steps  121000 | t   46.0s | sps  2633] ret=0.000 ep_len=500 deliv=0 eps=0.077 |Q|=818
[ep  242 | steps  121500 | t   46.1s | sps  2633] ret=0.000 ep_len=500 deliv=0 eps=0.075 |Q|=819
[ep  243 | steps  122000 | t   46.3s | sps  2633] ret=0.000 ep_len=500 deliv=0 eps=0.074 |Q|=820
[ep  244 | steps  122500 | t   46.5s | sps  2633] ret=0.000 ep_len=500 deliv=0 eps=0.073 |Q|=820
[ep  245 | steps  123000 | t   46.7s | sps  2634] ret=0.000 ep_len=500 deliv=0 eps=0.071 |Q|=824
[ep  246 | steps  123500 | t   46.9s | sps  2633] ret=1.000 ep_len=500 deliv=1 eps=0.070 |Q|=826
[ep  247 | steps  124000 | t   47.1s | sps  2633] ret=0.000 ep_len=500 deliv=0 eps=0.068 |Q|=826
[ep  248 | steps  124500 | t   47.3s | sps  2633] ret=0.000 ep_len=500 deliv=0 eps=0.066 |Q|=827
[ep  249 | steps  125000 | t   47.5s | sps  2631] ret=0.000 ep_len=500 deliv=0 eps=0.065 |Q|=827
        [eval] ret_mean=0.200 ep_len=500.0 deliv=0.20
[ep  250 | steps  125500 | t   49.6s | sps  2532] ret=0.000 ep_len=500 deliv=0 eps=0.050 |Q|=836
[ep  251 | steps  126000 | t   49.8s | sps  2533] ret=0.000 ep_len=500 deliv=0 eps=0.050 |Q|=836
[ep  252 | steps  126500 | t   49.9s | sps  2533] ret=0.000 ep_len=500 deliv=0 eps=0.050 |Q|=837
[ep  253 | steps  127000 | t   50.1s | sps  2534] ret=0.000 ep_len=500 deliv=0 eps=0.050 |Q|=839
[ep  254 | steps  127500 | t   50.3s | sps  2534] ret=0.000 ep_len=500 deliv=0 eps=0.050 |Q|=841
[ep  255 | steps  128000 | t   50.5s | sps  2535] ret=0.000 ep_len=500 deliv=0 eps=0.050 |Q|=842
[ep  256 | steps  128500 | t   50.7s | sps  2535] ret=0.000 ep_len=500 deliv=0 eps=0.050 |Q|=843
[ep  257 | steps  129000 | t   50.9s | sps  2536] ret=0.000 ep_len=500 deliv=0 eps=0.050 |Q|=843
[ep  258 | steps  129500 | t   51.1s | sps  2536] ret=0.000 ep_len=500 deliv=0 eps=0.050 |Q|=843
[ep  259 | steps  130000 | t   51.2s | sps  2537] ret=0.000 ep_len=500 deliv=0 eps=0.050 |Q|=843
[ep  260 | steps  130500 | t   51.4s | sps  2538] ret=0.000 ep_len=500 deliv=0 eps=0.050 |Q|=843
[ep  261 | steps  131000 | t   51.6s | sps  2539] ret=0.000 ep_len=500 deliv=0 eps=0.050 |Q|=845
[ep  262 | steps  131500 | t   51.8s | sps  2538] ret=1.000 ep_len=500 deliv=1 eps=0.050 |Q|=848
[ep  263 | steps  132000 | t   52.0s | sps  2539] ret=0.000 ep_len=500 deliv=0 eps=0.050 |Q|=851
[ep  264 | steps  132500 | t   52.2s | sps  2540] ret=0.000 ep_len=500 deliv=0 eps=0.050 |Q|=851
[ep  265 | steps  133000 | t   52.3s | sps  2541] ret=0.000 ep_len=500 deliv=0 eps=0.050 |Q|=852
[ep  266 | steps  133500 | t   52.5s | sps  2542] ret=0.000 ep_len=500 deliv=0 eps=0.050 |Q|=853
[ep  267 | steps  134000 | t   52.7s | sps  2542] ret=0.000 ep_len=500 deliv=0 eps=0.050 |Q|=853
[ep  268 | steps  134500 | t   52.9s | sps  2543] ret=0.000 ep_len=500 deliv=0 eps=0.050 |Q|=853
[ep  269 | steps  135000 | t   53.1s | sps  2544] ret=0.000 ep_len=500 deliv=0 eps=0.050 |Q|=853
[ep  270 | steps  135500 | t   53.2s | sps  2545] ret=0.000 ep_len=500 deliv=0 eps=0.050 |Q|=854
[ep  271 | steps  136000 | t   53.4s | sps  2546] ret=0.000 ep_len=500 deliv=0 eps=0.050 |Q|=855
[ep  272 | steps  136500 | t   53.7s | sps  2543] ret=0.000 ep_len=500 deliv=0 eps=0.050 |Q|=855
[ep  273 | steps  137000 | t   53.8s | sps  2544] ret=0.000 ep_len=500 deliv=0 eps=0.050 |Q|=855
[ep  274 | steps  137500 | t   54.0s | sps  2545] ret=0.000 ep_len=500 deliv=0 eps=0.050 |Q|=855
[ep  275 | steps  138000 | t   54.2s | sps  2546] ret=0.000 ep_len=500 deliv=0 eps=0.050 |Q|=856
[ep  276 | steps  138500 | t   54.4s | sps  2546] ret=0.000 ep_len=500 deliv=0 eps=0.050 |Q|=856
[ep  277 | steps  139000 | t   54.6s | sps  2547] ret=1.000 ep_len=500 deliv=1 eps=0.050 |Q|=858
[ep  278 | steps  139500 | t   54.8s | sps  2547] ret=0.000 ep_len=500 deliv=0 eps=0.050 |Q|=858
[ep  279 | steps  140000 | t   54.9s | sps  2548] ret=0.000 ep_len=500 deliv=0 eps=0.050 |Q|=858
[ep  280 | steps  140500 | t   55.1s | sps  2549] ret=0.000 ep_len=500 deliv=0 eps=0.050 |Q|=858
[ep  281 | steps  141000 | t   55.3s | sps  2550] ret=0.000 ep_len=500 deliv=0 eps=0.050 |Q|=861
[ep  282 | steps  141500 | t   55.5s | sps  2550] ret=0.000 ep_len=500 deliv=0 eps=0.050 |Q|=861
[ep  283 | steps  142000 | t   55.7s | sps  2551] ret=0.000 ep_len=500 deliv=0 eps=0.050 |Q|=861
[ep  284 | steps  142500 | t   55.8s | sps  2552] ret=0.000 ep_len=500 deliv=0 eps=0.050 |Q|=861
[ep  285 | steps  143000 | t   56.0s | sps  2553] ret=0.000 ep_len=500 deliv=0 eps=0.050 |Q|=861
[ep  286 | steps  143500 | t   56.2s | sps  2554] ret=0.000 ep_len=500 deliv=0 eps=0.050 |Q|=862
[ep  287 | steps  144000 | t   56.4s | sps  2554] ret=1.000 ep_len=500 deliv=1 eps=0.050 |Q|=864
[ep  288 | steps  144500 | t   56.6s | sps  2553] ret=1.000 ep_len=500 deliv=1 eps=0.050 |Q|=864
[ep  289 | steps  145000 | t   56.8s | sps  2554] ret=0.000 ep_len=500 deliv=0 eps=0.050 |Q|=864
[ep  290 | steps  145500 | t   56.9s | sps  2555] ret=0.000 ep_len=500 deliv=0 eps=0.050 |Q|=864
[ep  291 | steps  146000 | t   57.1s | sps  2556] ret=0.000 ep_len=500 deliv=0 eps=0.050 |Q|=864
[ep  292 | steps  146500 | t   57.3s | sps  2557] ret=0.000 ep_len=500 deliv=0 eps=0.050 |Q|=866
[ep  293 | steps  147000 | t   57.5s | sps  2558] ret=0.000 ep_len=500 deliv=0 eps=0.050 |Q|=866
[ep  294 | steps  147500 | t   57.6s | sps  2559] ret=0.000 ep_len=500 deliv=0 eps=0.050 |Q|=866
[ep  295 | steps  148000 | t   57.8s | sps  2560] ret=0.000 ep_len=500 deliv=0 eps=0.050 |Q|=866
[ep  296 | steps  148500 | t   58.0s | sps  2562] ret=0.000 ep_len=500 deliv=0 eps=0.050 |Q|=866
[ep  297 | steps  149000 | t   58.1s | sps  2562] ret=0.000 ep_len=500 deliv=0 eps=0.050 |Q|=866
[ep  298 | steps  149500 | t   58.3s | sps  2563] ret=0.000 ep_len=500 deliv=0 eps=0.050 |Q|=867
[ep  299 | steps  150000 | t   58.5s | sps  2564] ret=0.000 ep_len=500 deliv=0 eps=0.050 |Q|=867
        [eval] ret_mean=0.000 ep_len=500.0 deliv=0.00
[ep  300 | steps  150500 | t   60.3s | sps  2495] ret=0.000 ep_len=500 deliv=0 eps=0.050 |Q|=869
[ep  301 | steps  151000 | t   60.5s | sps  2496] ret=0.000 ep_len=500 deliv=0 eps=0.050 |Q|=869
[ep  302 | steps  151500 | t   60.7s | sps  2497] ret=0.000 ep_len=500 deliv=0 eps=0.050 |Q|=869
[ep  303 | steps  152000 | t   60.9s | sps  2498] ret=1.000 ep_len=500 deliv=1 eps=0.050 |Q|=871
[ep  304 | steps  152500 | t   61.0s | sps  2499] ret=0.000 ep_len=500 deliv=0 eps=0.050 |Q|=871
[ep  305 | steps  153000 | t   61.2s | sps  2500] ret=0.000 ep_len=500 deliv=0 eps=0.050 |Q|=871
[ep  306 | steps  153500 | t   61.4s | sps  2501] ret=1.000 ep_len=500 deliv=1 eps=0.050 |Q|=874
[ep  307 | steps  154000 | t   61.6s | sps  2502] ret=0.000 ep_len=500 deliv=0 eps=0.050 |Q|=874
[ep  308 | steps  154500 | t   61.7s | sps  2503] ret=0.000 ep_len=500 deliv=0 eps=0.050 |Q|=874
[ep  309 | steps  155000 | t   61.9s | sps  2505] ret=0.000 ep_len=500 deliv=0 eps=0.050 |Q|=874
[ep  310 | steps  155500 | t   62.0s | sps  2506] ret=0.000 ep_len=500 deliv=0 eps=0.050 |Q|=874
[ep  311 | steps  156000 | t   62.2s | sps  2507] ret=0.000 ep_len=500 deliv=0 eps=0.050 |Q|=874
[ep  312 | steps  156500 | t   62.4s | sps  2509] ret=0.000 ep_len=500 deliv=0 eps=0.050 |Q|=875
[ep  313 | steps  157000 | t   62.5s | sps  2510] ret=0.000 ep_len=500 deliv=0 eps=0.050 |Q|=875
[ep  314 | steps  157500 | t   62.7s | sps  2512] ret=0.000 ep_len=500 deliv=0 eps=0.050 |Q|=875
[ep  315 | steps  158000 | t   62.9s | sps  2511] ret=2.000 ep_len=500 deliv=2 eps=0.050 |Q|=880
[ep  316 | steps  158500 | t   63.1s | sps  2512] ret=1.000 ep_len=500 deliv=1 eps=0.050 |Q|=883
[ep  317 | steps  159000 | t   63.3s | sps  2514] ret=0.000 ep_len=500 deliv=0 eps=0.050 |Q|=883
[ep  318 | steps  159500 | t   63.4s | sps  2515] ret=0.000 ep_len=500 deliv=0 eps=0.050 |Q|=883
[ep  319 | steps  160000 | t   63.6s | sps  2516] ret=0.000 ep_len=500 deliv=0 eps=0.050 |Q|=883
[ep  320 | steps  160500 | t   63.8s | sps  2518] ret=0.000 ep_len=500 deliv=0 eps=0.050 |Q|=884
[ep  321 | steps  161000 | t   63.9s | sps  2519] ret=0.000 ep_len=500 deliv=0 eps=0.050 |Q|=886
[ep  322 | steps  161500 | t   64.1s | sps  2520] ret=0.000 ep_len=500 deliv=0 eps=0.050 |Q|=886
[ep  323 | steps  162000 | t   64.2s | sps  2522] ret=0.000 ep_len=500 deliv=0 eps=0.050 |Q|=887
[ep  324 | steps  162500 | t   64.4s | sps  2523] ret=0.000 ep_len=500 deliv=0 eps=0.050 |Q|=887
[ep  325 | steps  163000 | t   64.6s | sps  2525] ret=0.000 ep_len=500 deliv=0 eps=0.050 |Q|=888
[ep  326 | steps  163500 | t   64.7s | sps  2526] ret=0.000 ep_len=500 deliv=0 eps=0.050 |Q|=888
[ep  327 | steps  164000 | t   64.9s | sps  2527] ret=0.000 ep_len=500 deliv=0 eps=0.050 |Q|=891
[ep  328 | steps  164500 | t   65.0s | sps  2529] ret=0.000 ep_len=500 deliv=0 eps=0.050 |Q|=892
[ep  329 | steps  165000 | t   65.2s | sps  2530] ret=0.000 ep_len=500 deliv=0 eps=0.050 |Q|=892
[ep  330 | steps  165500 | t   65.4s | sps  2532] ret=0.000 ep_len=500 deliv=0 eps=0.050 |Q|=894
[ep  331 | steps  166000 | t   65.5s | sps  2533] ret=0.000 ep_len=500 deliv=0 eps=0.050 |Q|=894
[ep  332 | steps  166500 | t   65.7s | sps  2534] ret=0.000 ep_len=500 deliv=0 eps=0.050 |Q|=894
[ep  333 | steps  167000 | t   65.9s | sps  2535] ret=0.000 ep_len=500 deliv=0 eps=0.050 |Q|=894
[ep  334 | steps  167500 | t   66.0s | sps  2536] ret=0.000 ep_len=500 deliv=0 eps=0.050 |Q|=895
[ep  335 | steps  168000 | t   66.2s | sps  2537] ret=0.000 ep_len=500 deliv=0 eps=0.050 |Q|=895
[ep  336 | steps  168500 | t   66.4s | sps  2538] ret=1.000 ep_len=500 deliv=1 eps=0.050 |Q|=898
[ep  337 | steps  169000 | t   66.6s | sps  2537] ret=0.000 ep_len=500 deliv=0 eps=0.050 |Q|=898
[ep  338 | steps  169500 | t   66.8s | sps  2538] ret=0.000 ep_len=500 deliv=0 eps=0.050 |Q|=898
[ep  339 | steps  170000 | t   67.0s | sps  2539] ret=0.000 ep_len=500 deliv=0 eps=0.050 |Q|=898
[ep  340 | steps  170500 | t   67.1s | sps  2540] ret=0.000 ep_len=500 deliv=0 eps=0.050 |Q|=899
[ep  341 | steps  171000 | t   67.3s | sps  2541] ret=0.000 ep_len=500 deliv=0 eps=0.050 |Q|=900
[ep  342 | steps  171500 | t   67.5s | sps  2542] ret=0.000 ep_len=500 deliv=0 eps=0.050 |Q|=900
[ep  343 | steps  172000 | t   67.6s | sps  2543] ret=0.000 ep_len=500 deliv=0 eps=0.050 |Q|=900
[ep  344 | steps  172500 | t   67.8s | sps  2544] ret=1.000 ep_len=500 deliv=1 eps=0.050 |Q|=901
[ep  345 | steps  173000 | t   68.0s | sps  2545] ret=0.000 ep_len=500 deliv=0 eps=0.050 |Q|=903
[ep  346 | steps  173500 | t   68.1s | sps  2546] ret=0.000 ep_len=500 deliv=0 eps=0.050 |Q|=903
[ep  347 | steps  174000 | t   68.3s | sps  2547] ret=0.000 ep_len=500 deliv=0 eps=0.050 |Q|=904
[ep  348 | steps  174500 | t   68.5s | sps  2548] ret=0.000 ep_len=500 deliv=0 eps=0.050 |Q|=904
[ep  349 | steps  175000 | t   68.6s | sps  2550] ret=0.000 ep_len=500 deliv=0 eps=0.050 |Q|=905
        [eval] ret_mean=0.200 ep_len=500.0 deliv=0.20
[ep  350 | steps  175500 | t   70.4s | sps  2492] ret=0.000 ep_len=500 deliv=0 eps=0.050 |Q|=912
[ep  351 | steps  176000 | t   70.6s | sps  2493] ret=0.000 ep_len=500 deliv=0 eps=0.050 |Q|=912
[ep  352 | steps  176500 | t   70.8s | sps  2494] ret=0.000 ep_len=500 deliv=0 eps=0.050 |Q|=912
[ep  353 | steps  177000 | t   70.9s | sps  2495] ret=0.000 ep_len=500 deliv=0 eps=0.050 |Q|=912
[ep  354 | steps  177500 | t   71.1s | sps  2497] ret=0.000 ep_len=500 deliv=0 eps=0.050 |Q|=912
[ep  355 | steps  178000 | t   71.3s | sps  2498] ret=0.000 ep_len=500 deliv=0 eps=0.050 |Q|=913
[ep  356 | steps  178500 | t   71.4s | sps  2499] ret=0.000 ep_len=500 deliv=0 eps=0.050 |Q|=913
[ep  357 | steps  179000 | t   71.6s | sps  2501] ret=0.000 ep_len=500 deliv=0 eps=0.050 |Q|=914
[ep  358 | steps  179500 | t   71.7s | sps  2502] ret=0.000 ep_len=500 deliv=0 eps=0.050 |Q|=914
[ep  359 | steps  180000 | t   71.9s | sps  2503] ret=0.000 ep_len=500 deliv=0 eps=0.050 |Q|=914
[ep  360 | steps  180500 | t   72.1s | sps  2503] ret=1.000 ep_len=500 deliv=1 eps=0.050 |Q|=915
[ep  361 | steps  181000 | t   72.3s | sps  2504] ret=1.000 ep_len=500 deliv=1 eps=0.050 |Q|=917
[ep  362 | steps  181500 | t   72.5s | sps  2505] ret=0.000 ep_len=500 deliv=0 eps=0.050 |Q|=917
[ep  363 | steps  182000 | t   72.6s | sps  2506] ret=0.000 ep_len=500 deliv=0 eps=0.050 |Q|=917
[ep  364 | steps  182500 | t   72.8s | sps  2507] ret=1.000 ep_len=500 deliv=1 eps=0.050 |Q|=918
[ep  365 | steps  183000 | t   73.0s | sps  2508] ret=0.000 ep_len=500 deliv=0 eps=0.050 |Q|=919
[ep  366 | steps  183500 | t   73.1s | sps  2509] ret=0.000 ep_len=500 deliv=0 eps=0.050 |Q|=919
[ep  367 | steps  184000 | t   73.3s | sps  2510] ret=0.000 ep_len=500 deliv=0 eps=0.050 |Q|=919
[ep  368 | steps  184500 | t   73.5s | sps  2512] ret=0.000 ep_len=500 deliv=0 eps=0.050 |Q|=919
[ep  369 | steps  185000 | t   73.6s | sps  2513] ret=0.000 ep_len=500 deliv=0 eps=0.050 |Q|=919
[ep  370 | steps  185500 | t   73.8s | sps  2514] ret=0.000 ep_len=500 deliv=0 eps=0.050 |Q|=919
[ep  371 | steps  186000 | t   74.0s | sps  2515] ret=0.000 ep_len=500 deliv=0 eps=0.050 |Q|=920
[ep  372 | steps  186500 | t   74.1s | sps  2516] ret=0.000 ep_len=500 deliv=0 eps=0.050 |Q|=920
[ep  373 | steps  187000 | t   74.3s | sps  2517] ret=0.000 ep_len=500 deliv=0 eps=0.050 |Q|=921
[ep  374 | steps  187500 | t   74.5s | sps  2518] ret=0.000 ep_len=500 deliv=0 eps=0.050 |Q|=923
[ep  375 | steps  188000 | t   74.6s | sps  2519] ret=0.000 ep_len=500 deliv=0 eps=0.050 |Q|=924
[ep  376 | steps  188500 | t   74.8s | sps  2521] ret=0.000 ep_len=500 deliv=0 eps=0.050 |Q|=924
[ep  377 | steps  189000 | t   75.0s | sps  2521] ret=1.000 ep_len=500 deliv=1 eps=0.050 |Q|=926
[ep  378 | steps  189500 | t   75.1s | sps  2522] ret=0.000 ep_len=500 deliv=0 eps=0.050 |Q|=926
[ep  379 | steps  190000 | t   75.3s | sps  2523] ret=0.000 ep_len=500 deliv=0 eps=0.050 |Q|=926
[ep  380 | steps  190500 | t   75.5s | sps  2525] ret=0.000 ep_len=500 deliv=0 eps=0.050 |Q|=926
[ep  381 | steps  191000 | t   75.6s | sps  2526] ret=0.000 ep_len=500 deliv=0 eps=0.050 |Q|=926
[ep  382 | steps  191500 | t   75.8s | sps  2526] ret=0.000 ep_len=500 deliv=0 eps=0.050 |Q|=926
[ep  383 | steps  192000 | t   76.0s | sps  2527] ret=0.000 ep_len=500 deliv=0 eps=0.050 |Q|=926
[ep  384 | steps  192500 | t   76.1s | sps  2529] ret=0.000 ep_len=500 deliv=0 eps=0.050 |Q|=926
[ep  385 | steps  193000 | t   76.3s | sps  2530] ret=0.000 ep_len=500 deliv=0 eps=0.050 |Q|=926
[ep  386 | steps  193500 | t   76.5s | sps  2531] ret=0.000 ep_len=500 deliv=0 eps=0.050 |Q|=927
[ep  387 | steps  194000 | t   76.6s | sps  2532] ret=0.000 ep_len=500 deliv=0 eps=0.050 |Q|=928
[ep  388 | steps  194500 | t   76.8s | sps  2532] ret=0.000 ep_len=500 deliv=0 eps=0.050 |Q|=928
[ep  389 | steps  195000 | t   77.0s | sps  2533] ret=0.000 ep_len=500 deliv=0 eps=0.050 |Q|=928
[ep  390 | steps  195500 | t   77.1s | sps  2534] ret=0.000 ep_len=500 deliv=0 eps=0.050 |Q|=929
[ep  391 | steps  196000 | t   77.3s | sps  2535] ret=0.000 ep_len=500 deliv=0 eps=0.050 |Q|=929
[ep  392 | steps  196500 | t   77.5s | sps  2535] ret=1.000 ep_len=500 deliv=1 eps=0.050 |Q|=931
[ep  393 | steps  197000 | t   77.7s | sps  2536] ret=0.000 ep_len=500 deliv=0 eps=0.050 |Q|=932
[ep  394 | steps  197500 | t   77.8s | sps  2537] ret=0.000 ep_len=500 deliv=0 eps=0.050 |Q|=932
[ep  395 | steps  198000 | t   78.0s | sps  2538] ret=0.000 ep_len=500 deliv=0 eps=0.050 |Q|=932
[ep  396 | steps  198500 | t   78.2s | sps  2539] ret=0.000 ep_len=500 deliv=0 eps=0.050 |Q|=933
[ep  397 | steps  199000 | t   78.3s | sps  2540] ret=0.000 ep_len=500 deliv=0 eps=0.050 |Q|=933
[ep  398 | steps  199500 | t   78.5s | sps  2541] ret=0.000 ep_len=500 deliv=0 eps=0.050 |Q|=933
[ep  399 | steps  200000 | t   78.7s | sps  2541] ret=0.000 ep_len=500 deliv=0 eps=0.050 |Q|=933
        [eval] ret_mean=0.100 ep_len=500.0 deliv=0.10
[ep  400 | steps  200500 | t   80.6s | sps  2487] ret=0.000 ep_len=500 deliv=0 eps=0.050 |Q|=938
[ep  401 | steps  201000 | t   80.8s | sps  2488] ret=0.000 ep_len=500 deliv=0 eps=0.050 |Q|=938
[ep  402 | steps  201500 | t   81.0s | sps  2489] ret=0.000 ep_len=500 deliv=0 eps=0.050 |Q|=938
[ep  403 | steps  202000 | t   81.1s | sps  2490] ret=0.000 ep_len=500 deliv=0 eps=0.050 |Q|=938
[ep  404 | steps  202500 | t   81.3s | sps  2491] ret=0.000 ep_len=500 deliv=0 eps=0.050 |Q|=938
[ep  405 | steps  203000 | t   81.5s | sps  2492] ret=0.000 ep_len=500 deliv=0 eps=0.050 |Q|=939
[ep  406 | steps  203500 | t   81.6s | sps  2493] ret=0.000 ep_len=500 deliv=0 eps=0.050 |Q|=939
[ep  407 | steps  204000 | t   81.8s | sps  2493] ret=1.000 ep_len=500 deliv=1 eps=0.050 |Q|=941
[ep  408 | steps  204500 | t   82.0s | sps  2494] ret=0.000 ep_len=500 deliv=0 eps=0.050 |Q|=941
[ep  409 | steps  205000 | t   82.2s | sps  2495] ret=0.000 ep_len=500 deliv=0 eps=0.050 |Q|=941
[ep  410 | steps  205500 | t   82.3s | sps  2496] ret=0.000 ep_len=500 deliv=0 eps=0.050 |Q|=941
[ep  411 | steps  206000 | t   82.5s | sps  2497] ret=0.000 ep_len=500 deliv=0 eps=0.050 |Q|=941
[ep  412 | steps  206500 | t   82.7s | sps  2497] ret=0.000 ep_len=500 deliv=0 eps=0.050 |Q|=941
[ep  413 | steps  207000 | t   82.9s | sps  2498] ret=0.000 ep_len=500 deliv=0 eps=0.050 |Q|=941
[ep  414 | steps  207500 | t   83.0s | sps  2499] ret=1.000 ep_len=500 deliv=1 eps=0.050 |Q|=943
[ep  415 | steps  208000 | t   83.2s | sps  2500] ret=0.000 ep_len=500 deliv=0 eps=0.050 |Q|=943
[ep  416 | steps  208500 | t   83.4s | sps  2501] ret=0.000 ep_len=500 deliv=0 eps=0.050 |Q|=944
[ep  417 | steps  209000 | t   83.5s | sps  2502] ret=0.000 ep_len=500 deliv=0 eps=0.050 |Q|=944
[ep  418 | steps  209500 | t   83.7s | sps  2502] ret=0.000 ep_len=500 deliv=0 eps=0.050 |Q|=944
[ep  419 | steps  210000 | t   83.9s | sps  2503] ret=0.000 ep_len=500 deliv=0 eps=0.050 |Q|=944
[ep  420 | steps  210500 | t   84.1s | sps  2504] ret=1.000 ep_len=500 deliv=1 eps=0.050 |Q|=945
[ep  421 | steps  211000 | t   84.2s | sps  2505] ret=0.000 ep_len=500 deliv=0 eps=0.050 |Q|=945
[ep  422 | steps  211500 | t   84.4s | sps  2505] ret=0.000 ep_len=500 deliv=0 eps=0.050 |Q|=945
[ep  423 | steps  212000 | t   84.6s | sps  2506] ret=0.000 ep_len=500 deliv=0 eps=0.050 |Q|=945
[ep  424 | steps  212500 | t   84.8s | sps  2507] ret=0.000 ep_len=500 deliv=0 eps=0.050 |Q|=945
[ep  425 | steps  213000 | t   84.9s | sps  2508] ret=0.000 ep_len=500 deliv=0 eps=0.050 |Q|=946
[ep  426 | steps  213500 | t   85.1s | sps  2509] ret=1.000 ep_len=500 deliv=1 eps=0.050 |Q|=946
[ep  427 | steps  214000 | t   85.3s | sps  2510] ret=0.000 ep_len=500 deliv=0 eps=0.050 |Q|=946
[ep  428 | steps  214500 | t   85.4s | sps  2510] ret=0.000 ep_len=500 deliv=0 eps=0.050 |Q|=946
[ep  429 | steps  215000 | t   85.6s | sps  2511] ret=0.000 ep_len=500 deliv=0 eps=0.050 |Q|=946
[ep  430 | steps  215500 | t   85.8s | sps  2512] ret=0.000 ep_len=500 deliv=0 eps=0.050 |Q|=946
[ep  431 | steps  216000 | t   86.0s | sps  2513] ret=0.000 ep_len=500 deliv=0 eps=0.050 |Q|=946
[ep  432 | steps  216500 | t   86.1s | sps  2514] ret=0.000 ep_len=500 deliv=0 eps=0.050 |Q|=946
[ep  433 | steps  217000 | t   86.3s | sps  2515] ret=0.000 ep_len=500 deliv=0 eps=0.050 |Q|=946
[ep  434 | steps  217500 | t   86.5s | sps  2515] ret=0.000 ep_len=500 deliv=0 eps=0.050 |Q|=946
[ep  435 | steps  218000 | t   86.6s | sps  2516] ret=0.000 ep_len=500 deliv=0 eps=0.050 |Q|=946
[ep  436 | steps  218500 | t   86.8s | sps  2517] ret=0.000 ep_len=500 deliv=0 eps=0.050 |Q|=947
[ep  437 | steps  219000 | t   87.0s | sps  2518] ret=0.000 ep_len=500 deliv=0 eps=0.050 |Q|=947
[ep  438 | steps  219500 | t   87.2s | sps  2519] ret=0.000 ep_len=500 deliv=0 eps=0.050 |Q|=947
[ep  439 | steps  220000 | t   87.3s | sps  2519] ret=0.000 ep_len=500 deliv=0 eps=0.050 |Q|=950
[ep  440 | steps  220500 | t   87.5s | sps  2520] ret=0.000 ep_len=500 deliv=0 eps=0.050 |Q|=950
[ep  441 | steps  221000 | t   87.7s | sps  2521] ret=0.000 ep_len=500 deliv=0 eps=0.050 |Q|=950
[ep  442 | steps  221500 | t   87.8s | sps  2522] ret=0.000 ep_len=500 deliv=0 eps=0.050 |Q|=950
[ep  443 | steps  222000 | t   88.0s | sps  2522] ret=0.000 ep_len=500 deliv=0 eps=0.050 |Q|=950
[ep  444 | steps  222500 | t   88.2s | sps  2523] ret=1.000 ep_len=500 deliv=1 eps=0.050 |Q|=951
[ep  445 | steps  223000 | t   88.4s | sps  2524] ret=0.000 ep_len=500 deliv=0 eps=0.050 |Q|=952
[ep  446 | steps  223500 | t   88.5s | sps  2525] ret=0.000 ep_len=500 deliv=0 eps=0.050 |Q|=952
[ep  447 | steps  224000 | t   88.7s | sps  2525] ret=0.000 ep_len=500 deliv=0 eps=0.050 |Q|=952
[ep  448 | steps  224500 | t   88.9s | sps  2526] ret=0.000 ep_len=500 deliv=0 eps=0.050 |Q|=952
[ep  449 | steps  225000 | t   89.0s | sps  2527] ret=0.000 ep_len=500 deliv=0 eps=0.050 |Q|=952
        [eval] ret_mean=0.200 ep_len=500.0 deliv=0.20
[ep  450 | steps  225500 | t   90.9s | sps  2480] ret=0.000 ep_len=500 deliv=0 eps=0.050 |Q|=953
[ep  451 | steps  226000 | t   91.1s | sps  2481] ret=0.000 ep_len=500 deliv=0 eps=0.050 |Q|=953
[ep  452 | steps  226500 | t   91.3s | sps  2482] ret=0.000 ep_len=500 deliv=0 eps=0.050 |Q|=953
[ep  453 | steps  227000 | t   91.4s | sps  2483] ret=0.000 ep_len=500 deliv=0 eps=0.050 |Q|=953
[ep  454 | steps  227500 | t   91.6s | sps  2484] ret=0.000 ep_len=500 deliv=0 eps=0.050 |Q|=953
[ep  455 | steps  228000 | t   91.8s | sps  2485] ret=0.000 ep_len=500 deliv=0 eps=0.050 |Q|=953
[ep  456 | steps  228500 | t   91.9s | sps  2485] ret=0.000 ep_len=500 deliv=0 eps=0.050 |Q|=953
[ep  457 | steps  229000 | t   92.1s | sps  2486] ret=0.000 ep_len=500 deliv=0 eps=0.050 |Q|=953
[ep  458 | steps  229500 | t   92.3s | sps  2487] ret=0.000 ep_len=500 deliv=0 eps=0.050 |Q|=953
[ep  459 | steps  230000 | t   92.4s | sps  2488] ret=0.000 ep_len=500 deliv=0 eps=0.050 |Q|=953
[ep  460 | steps  230500 | t   92.7s | sps  2487] ret=0.000 ep_len=500 deliv=0 eps=0.050 |Q|=953
[ep  461 | steps  231000 | t   92.9s | sps  2488] ret=0.000 ep_len=500 deliv=0 eps=0.050 |Q|=953
[ep  462 | steps  231500 | t   93.0s | sps  2488] ret=0.000 ep_len=500 deliv=0 eps=0.050 |Q|=953
[ep  463 | steps  232000 | t   93.2s | sps  2489] ret=0.000 ep_len=500 deliv=0 eps=0.050 |Q|=953
[ep  464 | steps  232500 | t   93.4s | sps  2490] ret=0.000 ep_len=500 deliv=0 eps=0.050 |Q|=953
[ep  465 | steps  233000 | t   93.5s | sps  2491] ret=0.000 ep_len=500 deliv=0 eps=0.050 |Q|=953
[ep  466 | steps  233500 | t   93.7s | sps  2492] ret=0.000 ep_len=500 deliv=0 eps=0.050 |Q|=953
[ep  467 | steps  234000 | t   93.9s | sps  2492] ret=0.000 ep_len=500 deliv=0 eps=0.050 |Q|=953
[ep  468 | steps  234500 | t   94.1s | sps  2493] ret=0.000 ep_len=500 deliv=0 eps=0.050 |Q|=953
[ep  469 | steps  235000 | t   94.2s | sps  2494] ret=0.000 ep_len=500 deliv=0 eps=0.050 |Q|=953
[ep  470 | steps  235500 | t   94.4s | sps  2495] ret=0.000 ep_len=500 deliv=0 eps=0.050 |Q|=953
[ep  471 | steps  236000 | t   94.6s | sps  2496] ret=0.000 ep_len=500 deliv=0 eps=0.050 |Q|=953
[ep  472 | steps  236500 | t   94.7s | sps  2497] ret=0.000 ep_len=500 deliv=0 eps=0.050 |Q|=953
[ep  473 | steps  237000 | t   94.9s | sps  2497] ret=0.000 ep_len=500 deliv=0 eps=0.050 |Q|=953
[ep  474 | steps  237500 | t   95.1s | sps  2498] ret=0.000 ep_len=500 deliv=0 eps=0.050 |Q|=953
[ep  475 | steps  238000 | t   95.2s | sps  2499] ret=0.000 ep_len=500 deliv=0 eps=0.050 |Q|=953
[ep  476 | steps  238500 | t   95.4s | sps  2500] ret=0.000 ep_len=500 deliv=0 eps=0.050 |Q|=953
[ep  477 | steps  239000 | t   95.6s | sps  2501] ret=0.000 ep_len=500 deliv=0 eps=0.050 |Q|=953
[ep  478 | steps  239500 | t   95.7s | sps  2501] ret=0.000 ep_len=500 deliv=0 eps=0.050 |Q|=953
[ep  479 | steps  240000 | t   95.9s | sps  2502] ret=0.000 ep_len=500 deliv=0 eps=0.050 |Q|=954
[ep  480 | steps  240500 | t   96.1s | sps  2503] ret=0.000 ep_len=500 deliv=0 eps=0.050 |Q|=954
[ep  481 | steps  241000 | t   96.3s | sps  2504] ret=0.000 ep_len=500 deliv=0 eps=0.050 |Q|=955
[ep  482 | steps  241500 | t   96.4s | sps  2504] ret=0.000 ep_len=500 deliv=0 eps=0.050 |Q|=955
[ep  483 | steps  242000 | t   96.6s | sps  2505] ret=0.000 ep_len=500 deliv=0 eps=0.050 |Q|=957
[ep  484 | steps  242500 | t   96.8s | sps  2506] ret=0.000 ep_len=500 deliv=0 eps=0.050 |Q|=957
[ep  485 | steps  243000 | t   97.0s | sps  2506] ret=0.000 ep_len=500 deliv=0 eps=0.050 |Q|=957
[ep  486 | steps  243500 | t   97.1s | sps  2507] ret=0.000 ep_len=500 deliv=0 eps=0.050 |Q|=957
[ep  487 | steps  244000 | t   97.3s | sps  2508] ret=0.000 ep_len=500 deliv=0 eps=0.050 |Q|=957
[ep  488 | steps  244500 | t   97.5s | sps  2509] ret=0.000 ep_len=500 deliv=0 eps=0.050 |Q|=957
[ep  489 | steps  245000 | t   97.6s | sps  2509] ret=0.000 ep_len=500 deliv=0 eps=0.050 |Q|=959
[ep  490 | steps  245500 | t   97.8s | sps  2510] ret=0.000 ep_len=500 deliv=0 eps=0.050 |Q|=959
[ep  491 | steps  246000 | t   98.0s | sps  2511] ret=0.000 ep_len=500 deliv=0 eps=0.050 |Q|=959
[ep  492 | steps  246500 | t   98.1s | sps  2512] ret=0.000 ep_len=500 deliv=0 eps=0.050 |Q|=959
[ep  493 | steps  247000 | t   98.3s | sps  2512] ret=1.000 ep_len=500 deliv=1 eps=0.050 |Q|=959
[ep  494 | steps  247500 | t   98.5s | sps  2512] ret=1.000 ep_len=500 deliv=1 eps=0.050 |Q|=959
[ep  495 | steps  248000 | t   98.7s | sps  2512] ret=0.000 ep_len=500 deliv=0 eps=0.050 |Q|=959
[ep  496 | steps  248500 | t   98.9s | sps  2513] ret=0.000 ep_len=500 deliv=0 eps=0.050 |Q|=959
[ep  497 | steps  249000 | t   99.0s | sps  2514] ret=0.000 ep_len=500 deliv=0 eps=0.050 |Q|=959
[ep  498 | steps  249500 | t   99.2s | sps  2514] ret=1.000 ep_len=500 deliv=1 eps=0.050 |Q|=960
[ep  499 | steps  250000 | t   99.4s | sps  2515] ret=0.000 ep_len=500 deliv=0 eps=0.050 |Q|=960
        [eval] ret_mean=0.000 ep_len=500.0 deliv=0.00
[ep  500 | steps  250500 | t  101.3s | sps  2473] ret=0.000 ep_len=500 deliv=0 eps=0.050 |Q|=963
[ep  501 | steps  251000 | t  101.5s | sps  2474] ret=0.000 ep_len=500 deliv=0 eps=0.050 |Q|=963
[ep  502 | steps  251500 | t  101.6s | sps  2475] ret=0.000 ep_len=500 deliv=0 eps=0.050 |Q|=963
[ep  503 | steps  252000 | t  101.8s | sps  2475] ret=0.000 ep_len=500 deliv=0 eps=0.050 |Q|=963
[ep  504 | steps  252500 | t  102.0s | sps  2476] ret=0.000 ep_len=500 deliv=0 eps=0.050 |Q|=963
[ep  505 | steps  253000 | t  102.2s | sps  2477] ret=1.000 ep_len=500 deliv=1 eps=0.050 |Q|=963
[ep  506 | steps  253500 | t  102.3s | sps  2478] ret=0.000 ep_len=500 deliv=0 eps=0.050 |Q|=963
[ep  507 | steps  254000 | t  102.5s | sps  2478] ret=0.000 ep_len=500 deliv=0 eps=0.050 |Q|=963
[ep  508 | steps  254500 | t  102.7s | sps  2479] ret=0.000 ep_len=500 deliv=0 eps=0.050 |Q|=963
[ep  509 | steps  255000 | t  102.8s | sps  2480] ret=0.000 ep_len=500 deliv=0 eps=0.050 |Q|=964
[ep  510 | steps  255500 | t  103.0s | sps  2481] ret=0.000 ep_len=500 deliv=0 eps=0.050 |Q|=964
[ep  511 | steps  256000 | t  103.2s | sps  2481] ret=0.000 ep_len=500 deliv=0 eps=0.050 |Q|=964
[ep  512 | steps  256500 | t  103.4s | sps  2482] ret=1.000 ep_len=500 deliv=1 eps=0.050 |Q|=965
[ep  513 | steps  257000 | t  103.5s | sps  2482] ret=0.000 ep_len=500 deliv=0 eps=0.050 |Q|=965
[ep  514 | steps  257500 | t  103.7s | sps  2483] ret=0.000 ep_len=500 deliv=0 eps=0.050 |Q|=965
[ep  515 | steps  258000 | t  103.9s | sps  2484] ret=0.000 ep_len=500 deliv=0 eps=0.050 |Q|=965
[ep  516 | steps  258500 | t  104.0s | sps  2485] ret=0.000 ep_len=500 deliv=0 eps=0.050 |Q|=965
[ep  517 | steps  259000 | t  104.2s | sps  2485] ret=0.000 ep_len=500 deliv=0 eps=0.050 |Q|=967
[ep  518 | steps  259500 | t  104.4s | sps  2486] ret=0.000 ep_len=500 deliv=0 eps=0.050 |Q|=967
[ep  519 | steps  260000 | t  104.5s | sps  2487] ret=0.000 ep_len=500 deliv=0 eps=0.050 |Q|=968
[ep  520 | steps  260500 | t  104.7s | sps  2488] ret=0.000 ep_len=500 deliv=0 eps=0.050 |Q|=968
[ep  521 | steps  261000 | t  104.9s | sps  2488] ret=0.000 ep_len=500 deliv=0 eps=0.050 |Q|=968
[ep  522 | steps  261500 | t  105.1s | sps  2489] ret=0.000 ep_len=500 deliv=0 eps=0.050 |Q|=969
[ep  523 | steps  262000 | t  105.2s | sps  2490] ret=0.000 ep_len=500 deliv=0 eps=0.050 |Q|=969
[ep  524 | steps  262500 | t  105.4s | sps  2491] ret=0.000 ep_len=500 deliv=0 eps=0.050 |Q|=969
[ep  525 | steps  263000 | t  105.6s | sps  2491] ret=0.000 ep_len=500 deliv=0 eps=0.050 |Q|=970
[ep  526 | steps  263500 | t  105.8s | sps  2491] ret=0.000 ep_len=500 deliv=0 eps=0.050 |Q|=970
[ep  527 | steps  264000 | t  106.0s | sps  2491] ret=0.000 ep_len=500 deliv=0 eps=0.050 |Q|=971
[ep  528 | steps  264500 | t  106.1s | sps  2492] ret=0.000 ep_len=500 deliv=0 eps=0.050 |Q|=974
[ep  529 | steps  265000 | t  106.3s | sps  2493] ret=0.000 ep_len=500 deliv=0 eps=0.050 |Q|=974
[ep  530 | steps  265500 | t  106.5s | sps  2494] ret=0.000 ep_len=500 deliv=0 eps=0.050 |Q|=974
[ep  531 | steps  266000 | t  106.6s | sps  2494] ret=0.000 ep_len=500 deliv=0 eps=0.050 |Q|=974
[ep  532 | steps  266500 | t  106.8s | sps  2495] ret=0.000 ep_len=500 deliv=0 eps=0.050 |Q|=974
[ep  533 | steps  267000 | t  107.0s | sps  2496] ret=0.000 ep_len=500 deliv=0 eps=0.050 |Q|=974
[ep  534 | steps  267500 | t  107.2s | sps  2496] ret=0.000 ep_len=500 deliv=0 eps=0.050 |Q|=975
[ep  535 | steps  268000 | t  107.3s | sps  2497] ret=0.000 ep_len=500 deliv=0 eps=0.050 |Q|=976
[ep  536 | steps  268500 | t  107.5s | sps  2498] ret=0.000 ep_len=500 deliv=0 eps=0.050 |Q|=976
[ep  537 | steps  269000 | t  107.7s | sps  2499] ret=0.000 ep_len=500 deliv=0 eps=0.050 |Q|=976
[ep  538 | steps  269500 | t  107.8s | sps  2499] ret=0.000 ep_len=500 deliv=0 eps=0.050 |Q|=976
[ep  539 | steps  270000 | t  108.0s | sps  2500] ret=0.000 ep_len=500 deliv=0 eps=0.050 |Q|=976
[ep  540 | steps  270500 | t  108.2s | sps  2501] ret=0.000 ep_len=500 deliv=0 eps=0.050 |Q|=976
[ep  541 | steps  271000 | t  108.3s | sps  2501] ret=0.000 ep_len=500 deliv=0 eps=0.050 |Q|=976
[ep  542 | steps  271500 | t  108.5s | sps  2502] ret=0.000 ep_len=500 deliv=0 eps=0.050 |Q|=976
[ep  543 | steps  272000 | t  108.7s | sps  2502] ret=1.000 ep_len=500 deliv=1 eps=0.050 |Q|=978
[ep  544 | steps  272500 | t  108.9s | sps  2503] ret=0.000 ep_len=500 deliv=0 eps=0.050 |Q|=978
[ep  545 | steps  273000 | t  109.0s | sps  2503] ret=0.000 ep_len=500 deliv=0 eps=0.050 |Q|=978
[ep  546 | steps  273500 | t  109.2s | sps  2504] ret=0.000 ep_len=500 deliv=0 eps=0.050 |Q|=978
[ep  547 | steps  274000 | t  109.4s | sps  2505] ret=0.000 ep_len=500 deliv=0 eps=0.050 |Q|=978
[ep  548 | steps  274500 | t  109.6s | sps  2505] ret=0.000 ep_len=500 deliv=0 eps=0.050 |Q|=978
[ep  549 | steps  275000 | t  109.8s | sps  2505] ret=0.000 ep_len=500 deliv=0 eps=0.050 |Q|=978
        [eval] ret_mean=0.100 ep_len=500.0 deliv=0.10
[ep  550 | steps  275500 | t  111.6s | sps  2468] ret=0.000 ep_len=500 deliv=0 eps=0.050 |Q|=980
[ep  551 | steps  276000 | t  111.8s | sps  2469] ret=0.000 ep_len=500 deliv=0 eps=0.050 |Q|=981
[ep  552 | steps  276500 | t  112.0s | sps  2469] ret=0.000 ep_len=500 deliv=0 eps=0.050 |Q|=981
[ep  553 | steps  277000 | t  112.2s | sps  2470] ret=0.000 ep_len=500 deliv=0 eps=0.050 |Q|=981
[ep  554 | steps  277500 | t  112.3s | sps  2471] ret=0.000 ep_len=500 deliv=0 eps=0.050 |Q|=981
[ep  555 | steps  278000 | t  112.5s | sps  2472] ret=0.000 ep_len=500 deliv=0 eps=0.050 |Q|=981
[ep  556 | steps  278500 | t  112.7s | sps  2472] ret=0.000 ep_len=500 deliv=0 eps=0.050 |Q|=981
[ep  557 | steps  279000 | t  112.8s | sps  2473] ret=0.000 ep_len=500 deliv=0 eps=0.050 |Q|=981
[ep  558 | steps  279500 | t  113.0s | sps  2474] ret=0.000 ep_len=500 deliv=0 eps=0.050 |Q|=982
[ep  559 | steps  280000 | t  113.2s | sps  2474] ret=0.000 ep_len=500 deliv=0 eps=0.050 |Q|=982
[ep  560 | steps  280500 | t  113.3s | sps  2475] ret=0.000 ep_len=500 deliv=0 eps=0.050 |Q|=983
[ep  561 | steps  281000 | t  113.5s | sps  2476] ret=0.000 ep_len=500 deliv=0 eps=0.050 |Q|=983
[ep  562 | steps  281500 | t  113.7s | sps  2476] ret=1.000 ep_len=500 deliv=1 eps=0.050 |Q|=983
[ep  563 | steps  282000 | t  113.9s | sps  2477] ret=0.000 ep_len=500 deliv=0 eps=0.050 |Q|=983
[ep  564 | steps  282500 | t  114.0s | sps  2477] ret=0.000 ep_len=500 deliv=0 eps=0.050 |Q|=983
[ep  565 | steps  283000 | t  114.2s | sps  2478] ret=0.000 ep_len=500 deliv=0 eps=0.050 |Q|=983
[ep  566 | steps  283500 | t  114.4s | sps  2479] ret=0.000 ep_len=500 deliv=0 eps=0.050 |Q|=983
[ep  567 | steps  284000 | t  114.6s | sps  2479] ret=0.000 ep_len=500 deliv=0 eps=0.050 |Q|=983
[ep  568 | steps  284500 | t  114.7s | sps  2480] ret=0.000 ep_len=500 deliv=0 eps=0.050 |Q|=983
[ep  569 | steps  285000 | t  114.9s | sps  2481] ret=0.000 ep_len=500 deliv=0 eps=0.050 |Q|=983
[ep  570 | steps  285500 | t  115.1s | sps  2481] ret=0.000 ep_len=500 deliv=0 eps=0.050 |Q|=985
[ep  571 | steps  286000 | t  115.3s | sps  2481] ret=1.000 ep_len=500 deliv=1 eps=0.050 |Q|=985
[ep  572 | steps  286500 | t  115.4s | sps  2482] ret=0.000 ep_len=500 deliv=0 eps=0.050 |Q|=985
[ep  573 | steps  287000 | t  115.6s | sps  2482] ret=0.000 ep_len=500 deliv=0 eps=0.050 |Q|=985
[ep  574 | steps  287500 | t  115.8s | sps  2482] ret=1.000 ep_len=500 deliv=1 eps=0.050 |Q|=986
[ep  575 | steps  288000 | t  116.0s | sps  2483] ret=0.000 ep_len=500 deliv=0 eps=0.050 |Q|=986
[ep  576 | steps  288500 | t  116.2s | sps  2483] ret=1.000 ep_len=500 deliv=1 eps=0.050 |Q|=986
[ep  577 | steps  289000 | t  116.4s | sps  2484] ret=0.000 ep_len=500 deliv=0 eps=0.050 |Q|=986
[ep  578 | steps  289500 | t  116.5s | sps  2485] ret=1.000 ep_len=500 deliv=1 eps=0.050 |Q|=986
[ep  579 | steps  290000 | t  116.7s | sps  2485] ret=0.000 ep_len=500 deliv=0 eps=0.050 |Q|=988
[ep  580 | steps  290500 | t  116.9s | sps  2486] ret=0.000 ep_len=500 deliv=0 eps=0.050 |Q|=989
[ep  581 | steps  291000 | t  117.0s | sps  2486] ret=0.000 ep_len=500 deliv=0 eps=0.050 |Q|=989
[ep  582 | steps  291500 | t  117.2s | sps  2487] ret=0.000 ep_len=500 deliv=0 eps=0.050 |Q|=989
[ep  583 | steps  292000 | t  117.4s | sps  2488] ret=0.000 ep_len=500 deliv=0 eps=0.050 |Q|=989
[ep  584 | steps  292500 | t  117.5s | sps  2488] ret=0.000 ep_len=500 deliv=0 eps=0.050 |Q|=989
[ep  585 | steps  293000 | t  117.7s | sps  2489] ret=0.000 ep_len=500 deliv=0 eps=0.050 |Q|=989
[ep  586 | steps  293500 | t  117.9s | sps  2490] ret=0.000 ep_len=500 deliv=0 eps=0.050 |Q|=989
[ep  587 | steps  294000 | t  118.1s | sps  2490] ret=0.000 ep_len=500 deliv=0 eps=0.050 |Q|=989
[ep  588 | steps  294500 | t  118.3s | sps  2490] ret=0.000 ep_len=500 deliv=0 eps=0.050 |Q|=989
[ep  589 | steps  295000 | t  118.5s | sps  2490] ret=0.000 ep_len=500 deliv=0 eps=0.050 |Q|=989
[ep  590 | steps  295500 | t  118.7s | sps  2490] ret=0.000 ep_len=500 deliv=0 eps=0.050 |Q|=989
[ep  591 | steps  296000 | t  118.8s | sps  2491] ret=0.000 ep_len=500 deliv=0 eps=0.050 |Q|=989
[ep  592 | steps  296500 | t  119.0s | sps  2492] ret=0.000 ep_len=500 deliv=0 eps=0.050 |Q|=989
[ep  593 | steps  297000 | t  119.2s | sps  2492] ret=0.000 ep_len=500 deliv=0 eps=0.050 |Q|=990
[ep  594 | steps  297500 | t  119.4s | sps  2493] ret=0.000 ep_len=500 deliv=0 eps=0.050 |Q|=990
[ep  595 | steps  298000 | t  119.5s | sps  2493] ret=0.000 ep_len=500 deliv=0 eps=0.050 |Q|=990
[ep  596 | steps  298500 | t  119.7s | sps  2494] ret=0.000 ep_len=500 deliv=0 eps=0.050 |Q|=990
[ep  597 | steps  299000 | t  119.9s | sps  2495] ret=0.000 ep_len=500 deliv=0 eps=0.050 |Q|=990
[ep  598 | steps  299500 | t  120.0s | sps  2495] ret=0.000 ep_len=500 deliv=0 eps=0.050 |Q|=990
[ep  599 | steps  300000 | t  120.2s | sps  2495] ret=0.000 ep_len=500 deliv=0 eps=0.050 |Q|=990
        [eval] ret_mean=0.100 ep_len=500.0 deliv=0.10
