$ /Users/praneelkhiantani/Downloads/cs2860/.venv/bin/python3 -m policies.train --env rware-medium-2ag-easy-v2 --seed 1 --updates 200 --rollout 512 --eval-every 50 --eval-episodes 10 --log-dir matrix_results/intent_grounded_v1_pilot/rware-medium-2ag-easy-v2 --run-name mappo-intent-aux__baseline__d0__s1 --n-msg-tokens 8 --message-grounding rware-intent --message-grounding-coef 0.2 --shape-rewards --pickup-bonus 0.5

[env] EnvSpec(env_id='rware-medium-2ag-easy-v2', n_agents=2, obs_dim=71, n_env_actions=5, noop_action=0, family='rware')  (n_msg_tokens=8)
[cfg] {'clip_range': 0.2, 'value_clip_range': 0.2, 'entropy_coef': 0.01, 'value_coef': 0.5, 'max_grad_norm': 0.5, 'gamma': 0.99, 'gae_lambda': 0.95, 'lr_actor': 0.0003, 'lr_critic': 0.001, 'update_epochs': 4, 'minibatches': 4, 'hidden': 128, 'depth': 2, 'device': 'cpu', 'message_grounding_coef': 0.2, 'extra': {}}
[log] writing to matrix_results/intent_grounded_v1_pilot/rware-medium-2ag-easy-v2/mappo-intent-aux__baseline__d0__s1
[upd    1 | steps     512 | t    0.9s | sps   542] ret_mean=0.000 ep_len=500.0 pi_loss=-0.007 v_loss=0.047 ent=3.681 msg_acc=0.700 kl=0.0102
[upd    2 | steps    1024 | t    1.9s | sps   528] ret_mean=0.000 ep_len=500.0 pi_loss=0.008 v_loss=0.048 ent=3.612 msg_acc=0.641 kl=0.0148
[upd    3 | steps    1536 | t    2.9s | sps   528] ret_mean=0.000 ep_len=500.0 pi_loss=-0.004 v_loss=0.005 ent=3.610 msg_acc=0.519 kl=0.0118
[upd    4 | steps    2048 | t    4.0s | sps   518] ret_mean=0.000 ep_len=500.0 pi_loss=0.000 v_loss=0.021 ent=3.589 msg_acc=0.588 kl=0.0055
[upd    5 | steps    2560 | t    5.2s | sps   494] ret_mean=0.000 ep_len=500.0 pi_loss=0.006 v_loss=0.009 ent=3.457 msg_acc=0.793 kl=0.0281
[upd    6 | steps    3072 | t    6.2s | sps   495] ret_mean=1.000 ep_len=500.0 pi_loss=-0.002 v_loss=0.006 ent=3.493 msg_acc=0.795 kl=0.0144
[upd    7 | steps    3584 | t    7.4s | sps   485] ret_mean=0.000 ep_len=500.0 pi_loss=-0.007 v_loss=0.004 ent=3.437 msg_acc=0.855 kl=0.0104
[upd    8 | steps    4096 | t    8.7s | sps   471] ret_mean=0.000 ep_len=500.0 pi_loss=-0.011 v_loss=0.005 ent=3.416 msg_acc=0.625 kl=0.0068
[upd    9 | steps    4608 | t    9.7s | sps   474] ret_mean=0.000 ep_len=500.0 pi_loss=-0.007 v_loss=0.003 ent=3.285 msg_acc=0.770 kl=0.0105
[upd   10 | steps    5120 | t   10.6s | sps   483] ret_mean=0.000 ep_len=500.0 pi_loss=-0.002 v_loss=0.002 ent=2.964 msg_acc=0.937 kl=0.0186
[upd   11 | steps    5632 | t   11.6s | sps   486] ret_mean=0.000 ep_len=500.0 pi_loss=-0.005 v_loss=0.002 ent=3.251 msg_acc=0.685 kl=0.0022
[upd   12 | steps    6144 | t   12.6s | sps   486] ret_mean=0.000 ep_len=500.0 pi_loss=-0.013 v_loss=0.002 ent=3.163 msg_acc=0.751 kl=0.0145
[upd   13 | steps    6656 | t   13.6s | sps   490] ret_mean=0.000 ep_len=500.0 pi_loss=-0.007 v_loss=0.002 ent=3.227 msg_acc=0.538 kl=0.0107
[upd   14 | steps    7168 | t   14.4s | sps   497] ret_mean=0.000 ep_len=500.0 pi_loss=-0.008 v_loss=0.002 ent=3.055 msg_acc=0.400 kl=0.0131
[upd   15 | steps    7680 | t   15.3s | sps   503] ret_mean=0.000 ep_len=500.0 pi_loss=-0.006 v_loss=0.002 ent=3.099 msg_acc=0.977 kl=0.0154
[upd   16 | steps    8192 | t   16.1s | sps   509] ret_mean=0.000 ep_len=500.0 pi_loss=-0.014 v_loss=0.010 ent=3.084 msg_acc=0.837 kl=0.0053
[upd   17 | steps    8704 | t   16.9s | sps   514] ret_mean=0.000 ep_len=500.0 pi_loss=-0.001 v_loss=0.004 ent=2.825 msg_acc=0.729 kl=0.0026
[upd   18 | steps    9216 | t   17.8s | sps   518] ret_mean=0.000 ep_len=500.0 pi_loss=-0.007 v_loss=0.005 ent=2.850 msg_acc=0.511 kl=0.0151
[upd   19 | steps    9728 | t   18.7s | sps   521] ret_mean=0.000 ep_len=500.0 pi_loss=-0.006 v_loss=0.002 ent=2.873 msg_acc=0.673 kl=0.0061
[upd   20 | steps   10240 | t   19.6s | sps   523] ret_mean=0.000 ep_len=500.0 pi_loss=-0.010 v_loss=0.024 ent=2.879 msg_acc=0.772 kl=0.0145
[upd   21 | steps   10752 | t   20.4s | sps   527] ret_mean=4.000 ep_len=500.0 pi_loss=-0.006 v_loss=0.009 ent=3.017 msg_acc=0.380 kl=0.0192
[upd   22 | steps   11264 | t   21.2s | sps   531] ret_mean=0.500 ep_len=500.0 pi_loss=-0.005 v_loss=0.002 ent=2.716 msg_acc=0.794 kl=0.0217
[upd   23 | steps   11776 | t   22.2s | sps   531] ret_mean=0.500 ep_len=500.0 pi_loss=-0.006 v_loss=0.003 ent=2.821 msg_acc=0.682 kl=0.0164
[upd   24 | steps   12288 | t   23.0s | sps   534] ret_mean=0.000 ep_len=500.0 pi_loss=-0.008 v_loss=0.001 ent=2.842 msg_acc=0.685 kl=0.0071
[upd   25 | steps   12800 | t   23.9s | sps   536] ret_mean=0.000 ep_len=500.0 pi_loss=-0.004 v_loss=0.002 ent=2.760 msg_acc=0.536 kl=0.0213
[upd   26 | steps   13312 | t   24.8s | sps   538] ret_mean=0.000 ep_len=500.0 pi_loss=-0.009 v_loss=0.001 ent=2.728 msg_acc=0.960 kl=0.0029
[upd   27 | steps   13824 | t   25.6s | sps   540] ret_mean=0.000 ep_len=500.0 pi_loss=-0.008 v_loss=0.001 ent=2.637 msg_acc=0.729 kl=0.0212
[upd   28 | steps   14336 | t   26.4s | sps   542] ret_mean=0.000 ep_len=500.0 pi_loss=-0.006 v_loss=0.001 ent=3.044 msg_acc=0.275 kl=0.0041
[upd   29 | steps   14848 | t   27.3s | sps   545] ret_mean=0.000 ep_len=500.0 pi_loss=-0.009 v_loss=0.003 ent=2.817 msg_acc=0.682 kl=0.0075
[upd   30 | steps   15360 | t   28.1s | sps   546] ret_mean=0.500 ep_len=500.0 pi_loss=0.001 v_loss=0.010 ent=2.919 msg_acc=0.651 kl=0.0077
[upd   31 | steps   15872 | t   29.1s | sps   545] ret_mean=0.000 ep_len=500.0 pi_loss=-0.004 v_loss=0.005 ent=2.957 msg_acc=0.621 kl=0.0113
[upd   32 | steps   16384 | t   30.0s | sps   546] ret_mean=0.000 ep_len=500.0 pi_loss=-0.005 v_loss=0.004 ent=2.589 msg_acc=0.865 kl=0.0099
[upd   33 | steps   16896 | t   30.9s | sps   547] ret_mean=0.000 ep_len=500.0 pi_loss=-0.004 v_loss=0.001 ent=2.735 msg_acc=0.787 kl=0.0181
[upd   34 | steps   17408 | t   31.7s | sps   549] ret_mean=0.000 ep_len=500.0 pi_loss=0.002 v_loss=0.002 ent=2.546 msg_acc=0.986 kl=0.0109
[upd   35 | steps   17920 | t   32.5s | sps   552] ret_mean=0.000 ep_len=500.0 pi_loss=0.001 v_loss=0.013 ent=2.793 msg_acc=0.440 kl=0.0304
[upd   36 | steps   18432 | t   33.4s | sps   553] ret_mean=1.500 ep_len=500.0 pi_loss=-0.006 v_loss=0.003 ent=2.750 msg_acc=0.806 kl=0.0283
[upd   37 | steps   18944 | t   34.2s | sps   554] ret_mean=0.000 ep_len=500.0 pi_loss=-0.005 v_loss=0.007 ent=2.762 msg_acc=0.768 kl=0.0026
[upd   38 | steps   19456 | t   35.1s | sps   555] ret_mean=0.500 ep_len=500.0 pi_loss=-0.010 v_loss=0.003 ent=3.046 msg_acc=0.597 kl=0.0147
[upd   39 | steps   19968 | t   35.9s | sps   556] ret_mean=0.500 ep_len=500.0 pi_loss=-0.010 v_loss=0.004 ent=2.961 msg_acc=0.675 kl=0.0218
[upd   40 | steps   20480 | t   36.7s | sps   558] ret_mean=1.000 ep_len=500.0 pi_loss=-0.011 v_loss=0.018 ent=2.760 msg_acc=0.785 kl=0.0048
[upd   41 | steps   20992 | t   37.5s | sps   559] ret_mean=3.500 ep_len=500.0 pi_loss=-0.011 v_loss=0.003 ent=2.814 msg_acc=0.785 kl=0.0073
[upd   42 | steps   21504 | t   38.3s | sps   561] ret_mean=0.750 ep_len=500.0 pi_loss=-0.006 v_loss=0.012 ent=2.561 msg_acc=0.911 kl=0.0133
[upd   43 | steps   22016 | t   39.1s | sps   563] ret_mean=0.000 ep_len=500.0 pi_loss=-0.010 v_loss=0.002 ent=2.703 msg_acc=0.702 kl=0.0036
[upd   44 | steps   22528 | t   39.9s | sps   564] ret_mean=0.500 ep_len=500.0 pi_loss=-0.006 v_loss=0.002 ent=2.728 msg_acc=0.460 kl=0.0291
[upd   45 | steps   23040 | t   40.8s | sps   565] ret_mean=0.000 ep_len=500.0 pi_loss=-0.006 v_loss=0.003 ent=2.557 msg_acc=0.859 kl=0.0053
[upd   46 | steps   23552 | t   41.6s | sps   566] ret_mean=2.500 ep_len=500.0 pi_loss=-0.010 v_loss=0.019 ent=2.802 msg_acc=0.605 kl=0.0014
[upd   47 | steps   24064 | t   42.4s | sps   568] ret_mean=0.000 ep_len=500.0 pi_loss=-0.016 v_loss=0.002 ent=2.641 msg_acc=0.786 kl=0.0025
[upd   48 | steps   24576 | t   43.2s | sps   569] ret_mean=0.000 ep_len=500.0 pi_loss=-0.013 v_loss=0.001 ent=2.541 msg_acc=0.740 kl=0.0149
[upd   49 | steps   25088 | t   44.1s | sps   569] ret_mean=1.500 ep_len=500.0 pi_loss=-0.014 v_loss=0.020 ent=2.439 msg_acc=0.730 kl=0.0124
[upd   50 | steps   25600 | t   44.9s | sps   570] ret_mean=0.000 ep_len=500.0 pi_loss=-0.013 v_loss=0.002 ent=2.427 msg_acc=0.874 kl=0.0079
        [eval] ret_mean=0.000 ep_len=500.0
[upd   51 | steps   26112 | t   52.8s | sps   494] ret_mean=1.000 ep_len=500.0 pi_loss=-0.008 v_loss=0.012 ent=2.493 msg_acc=0.798 kl=0.0172
[upd   52 | steps   26624 | t   53.6s | sps   496] ret_mean=0.000 ep_len=500.0 pi_loss=-0.012 v_loss=0.004 ent=2.366 msg_acc=0.912 kl=0.0002
[upd   53 | steps   27136 | t   55.0s | sps   493] ret_mean=0.000 ep_len=500.0 pi_loss=-0.008 v_loss=0.002 ent=2.435 msg_acc=0.784 kl=0.0081
[upd   54 | steps   27648 | t   55.9s | sps   495] ret_mean=0.000 ep_len=500.0 pi_loss=-0.015 v_loss=0.003 ent=2.240 msg_acc=0.852 kl=0.0176
[upd   55 | steps   28160 | t   56.8s | sps   496] ret_mean=0.000 ep_len=500.0 pi_loss=-0.011 v_loss=0.003 ent=2.163 msg_acc=0.898 kl=0.0093
[upd   56 | steps   28672 | t   57.6s | sps   498] ret_mean=1.000 ep_len=500.0 pi_loss=-0.012 v_loss=0.001 ent=2.112 msg_acc=0.945 kl=0.0103
[upd   57 | steps   29184 | t   58.5s | sps   499] ret_mean=0.000 ep_len=500.0 pi_loss=-0.013 v_loss=0.002 ent=2.265 msg_acc=0.920 kl=0.0029
[upd   58 | steps   29696 | t   59.3s | sps   501] ret_mean=0.000 ep_len=500.0 pi_loss=-0.012 v_loss=0.003 ent=2.510 msg_acc=0.728 kl=0.0135
[upd   59 | steps   30208 | t   60.1s | sps   502] ret_mean=0.000 ep_len=500.0 pi_loss=-0.002 v_loss=0.002 ent=2.133 msg_acc=0.962 kl=0.0112
[upd   60 | steps   30720 | t   61.0s | sps   503] ret_mean=0.000 ep_len=500.0 pi_loss=-0.013 v_loss=0.001 ent=2.049 msg_acc=0.959 kl=0.0008
[upd   61 | steps   31232 | t   62.0s | sps   504] ret_mean=0.000 ep_len=500.0 pi_loss=-0.012 v_loss=0.001 ent=2.123 msg_acc=0.917 kl=0.0141
[upd   62 | steps   31744 | t   62.8s | sps   506] ret_mean=0.000 ep_len=500.0 pi_loss=-0.010 v_loss=0.001 ent=2.198 msg_acc=0.854 kl=0.0071
[upd   63 | steps   32256 | t   63.6s | sps   507] ret_mean=0.000 ep_len=500.0 pi_loss=-0.009 v_loss=0.001 ent=2.394 msg_acc=0.702 kl=0.0005
[upd   64 | steps   32768 | t   64.5s | sps   508] ret_mean=0.000 ep_len=500.0 pi_loss=-0.008 v_loss=0.001 ent=2.523 msg_acc=0.529 kl=0.0144
[upd   65 | steps   33280 | t   65.3s | sps   510] ret_mean=0.000 ep_len=500.0 pi_loss=-0.010 v_loss=0.000 ent=2.121 msg_acc=0.668 kl=0.0053
[upd   66 | steps   33792 | t   66.1s | sps   511] ret_mean=0.000 ep_len=500.0 pi_loss=-0.011 v_loss=0.003 ent=2.017 msg_acc=0.813 kl=0.0129
[upd   67 | steps   34304 | t   67.0s | sps   512] ret_mean=1.000 ep_len=500.0 pi_loss=-0.016 v_loss=0.002 ent=2.208 msg_acc=0.706 kl=0.0218
[upd   68 | steps   34816 | t   68.0s | sps   512] ret_mean=0.500 ep_len=500.0 pi_loss=-0.012 v_loss=0.001 ent=2.149 msg_acc=0.746 kl=0.0148
[upd   69 | steps   35328 | t   68.9s | sps   513] ret_mean=0.000 ep_len=500.0 pi_loss=-0.014 v_loss=0.001 ent=2.263 msg_acc=0.709 kl=0.0085
[upd   70 | steps   35840 | t   69.9s | sps   513] ret_mean=0.000 ep_len=500.0 pi_loss=-0.012 v_loss=0.000 ent=2.340 msg_acc=0.806 kl=0.0109
[upd   71 | steps   36352 | t   72.3s | sps   503] ret_mean=0.000 ep_len=500.0 pi_loss=-0.012 v_loss=0.003 ent=2.324 msg_acc=0.735 kl=0.0071
[upd   72 | steps   36864 | t   74.9s | sps   492] ret_mean=0.500 ep_len=500.0 pi_loss=-0.011 v_loss=0.001 ent=2.110 msg_acc=0.792 kl=0.0033
[upd   73 | steps   37376 | t   77.1s | sps   485] ret_mean=0.000 ep_len=500.0 pi_loss=-0.006 v_loss=0.000 ent=2.093 msg_acc=0.710 kl=0.0134
[upd   74 | steps   37888 | t   79.1s | sps   479] ret_mean=0.000 ep_len=500.0 pi_loss=-0.013 v_loss=0.001 ent=2.687 msg_acc=0.466 kl=0.0214
[upd   75 | steps   38400 | t   80.9s | sps   475] ret_mean=0.000 ep_len=500.0 pi_loss=-0.005 v_loss=0.000 ent=2.203 msg_acc=0.862 kl=0.0175
[upd   76 | steps   38912 | t   82.6s | sps   471] ret_mean=0.000 ep_len=500.0 pi_loss=-0.004 v_loss=0.000 ent=1.863 msg_acc=0.873 kl=0.0090
[upd   77 | steps   39424 | t   84.0s | sps   469] ret_mean=0.000 ep_len=500.0 pi_loss=-0.018 v_loss=0.001 ent=2.185 msg_acc=0.724 kl=0.0241
[upd   78 | steps   39936 | t   84.7s | sps   471] ret_mean=0.000 ep_len=500.0 pi_loss=-0.008 v_loss=0.001 ent=2.005 msg_acc=0.912 kl=0.0059
[upd   79 | steps   40448 | t   85.5s | sps   473] ret_mean=0.000 ep_len=500.0 pi_loss=-0.010 v_loss=0.000 ent=2.581 msg_acc=0.571 kl=0.0168
[upd   80 | steps   40960 | t   86.2s | sps   475] ret_mean=0.000 ep_len=500.0 pi_loss=-0.011 v_loss=0.000 ent=1.985 msg_acc=0.844 kl=0.0165
[upd   81 | steps   41472 | t   87.0s | sps   477] ret_mean=0.000 ep_len=500.0 pi_loss=-0.016 v_loss=0.000 ent=2.071 msg_acc=0.932 kl=0.0057
[upd   82 | steps   41984 | t   87.7s | sps   479] ret_mean=0.000 ep_len=500.0 pi_loss=-0.008 v_loss=0.000 ent=2.425 msg_acc=0.825 kl=0.0079
[upd   83 | steps   42496 | t   88.4s | sps   481] ret_mean=0.000 ep_len=500.0 pi_loss=-0.007 v_loss=0.000 ent=2.200 msg_acc=0.819 kl=0.0120
[upd   84 | steps   43008 | t   89.1s | sps   483] ret_mean=0.000 ep_len=500.0 pi_loss=-0.002 v_loss=0.000 ent=2.200 msg_acc=0.752 kl=0.0162
[upd   85 | steps   43520 | t   89.8s | sps   485] ret_mean=0.000 ep_len=500.0 pi_loss=-0.012 v_loss=0.000 ent=1.933 msg_acc=0.945 kl=0.0084
[upd   86 | steps   44032 | t   90.5s | sps   487] ret_mean=0.000 ep_len=500.0 pi_loss=-0.013 v_loss=0.001 ent=2.137 msg_acc=0.797 kl=0.0195
[upd   87 | steps   44544 | t   91.2s | sps   488] ret_mean=0.000 ep_len=500.0 pi_loss=-0.010 v_loss=0.000 ent=2.577 msg_acc=0.558 kl=0.0097
[upd   88 | steps   45056 | t   92.0s | sps   490] ret_mean=0.500 ep_len=500.0 pi_loss=-0.010 v_loss=0.002 ent=2.533 msg_acc=0.662 kl=0.0218
[upd   89 | steps   45568 | t   92.8s | sps   491] ret_mean=0.000 ep_len=500.0 pi_loss=-0.010 v_loss=0.001 ent=1.919 msg_acc=0.863 kl=0.0169
[upd   90 | steps   46080 | t   93.5s | sps   493] ret_mean=0.000 ep_len=500.0 pi_loss=-0.008 v_loss=0.003 ent=2.104 msg_acc=0.851 kl=0.0115
[upd   91 | steps   46592 | t   94.2s | sps   495] ret_mean=0.500 ep_len=500.0 pi_loss=-0.009 v_loss=0.002 ent=2.057 msg_acc=0.886 kl=0.0147
[upd   92 | steps   47104 | t   94.9s | sps   496] ret_mean=0.000 ep_len=500.0 pi_loss=-0.013 v_loss=0.000 ent=2.376 msg_acc=0.480 kl=0.0116
[upd   93 | steps   47616 | t   95.6s | sps   498] ret_mean=0.500 ep_len=500.0 pi_loss=-0.013 v_loss=0.002 ent=2.122 msg_acc=0.798 kl=0.0042
[upd   94 | steps   48128 | t   96.2s | sps   500] ret_mean=0.000 ep_len=500.0 pi_loss=-0.012 v_loss=0.000 ent=1.985 msg_acc=0.777 kl=0.0157
[upd   95 | steps   48640 | t   96.9s | sps   502] ret_mean=0.000 ep_len=500.0 pi_loss=-0.004 v_loss=0.001 ent=1.626 msg_acc=0.966 kl=0.0021
[upd   96 | steps   49152 | t   97.5s | sps   504] ret_mean=0.000 ep_len=500.0 pi_loss=-0.009 v_loss=0.001 ent=2.439 msg_acc=0.805 kl=0.0160
[upd   97 | steps   49664 | t   98.2s | sps   506] ret_mean=0.000 ep_len=500.0 pi_loss=-0.011 v_loss=0.000 ent=2.066 msg_acc=0.714 kl=0.0087
[upd   98 | steps   50176 | t   98.8s | sps   508] ret_mean=0.000 ep_len=500.0 pi_loss=-0.011 v_loss=0.000 ent=1.938 msg_acc=0.850 kl=0.0146
[upd   99 | steps   50688 | t   99.5s | sps   510] ret_mean=0.000 ep_len=500.0 pi_loss=-0.009 v_loss=0.001 ent=2.066 msg_acc=0.725 kl=0.0360
[upd  100 | steps   51200 | t  100.2s | sps   511] ret_mean=0.500 ep_len=500.0 pi_loss=-0.009 v_loss=0.000 ent=1.804 msg_acc=0.895 kl=0.0037
        [eval] ret_mean=0.000 ep_len=500.0
[upd  101 | steps   51712 | t  114.7s | sps   451] ret_mean=0.500 ep_len=500.0 pi_loss=-0.011 v_loss=0.002 ent=2.287 msg_acc=0.577 kl=0.0247
[upd  102 | steps   52224 | t  115.8s | sps   451] ret_mean=0.000 ep_len=500.0 pi_loss=-0.009 v_loss=0.001 ent=2.475 msg_acc=0.713 kl=0.0152
[upd  103 | steps   52736 | t  116.7s | sps   452] ret_mean=0.000 ep_len=500.0 pi_loss=-0.011 v_loss=0.000 ent=1.820 msg_acc=0.883 kl=0.0124
[upd  104 | steps   53248 | t  117.9s | sps   452] ret_mean=0.000 ep_len=500.0 pi_loss=-0.008 v_loss=0.000 ent=2.024 msg_acc=0.887 kl=0.0091
[upd  105 | steps   53760 | t  118.7s | sps   453] ret_mean=0.000 ep_len=500.0 pi_loss=-0.012 v_loss=0.000 ent=1.948 msg_acc=0.822 kl=0.0083
[upd  106 | steps   54272 | t  119.4s | sps   454] ret_mean=0.000 ep_len=500.0 pi_loss=-0.007 v_loss=0.000 ent=1.727 msg_acc=0.917 kl=0.0062
[upd  107 | steps   54784 | t  120.1s | sps   456] ret_mean=0.000 ep_len=500.0 pi_loss=-0.012 v_loss=0.000 ent=2.063 msg_acc=0.734 kl=0.0130
[upd  108 | steps   55296 | t  121.1s | sps   457] ret_mean=0.000 ep_len=500.0 pi_loss=-0.013 v_loss=0.000 ent=1.977 msg_acc=0.830 kl=0.0064
[upd  109 | steps   55808 | t  122.0s | sps   458] ret_mean=0.000 ep_len=500.0 pi_loss=-0.006 v_loss=0.000 ent=1.815 msg_acc=0.812 kl=0.0052
[upd  110 | steps   56320 | t  122.7s | sps   459] ret_mean=0.000 ep_len=500.0 pi_loss=-0.003 v_loss=0.000 ent=2.503 msg_acc=0.569 kl=0.0139
[upd  111 | steps   56832 | t  123.4s | sps   461] ret_mean=0.000 ep_len=500.0 pi_loss=-0.015 v_loss=0.000 ent=2.105 msg_acc=0.838 kl=0.0075
[upd  112 | steps   57344 | t  124.0s | sps   462] ret_mean=0.000 ep_len=500.0 pi_loss=-0.007 v_loss=0.002 ent=2.460 msg_acc=0.740 kl=0.0140
[upd  113 | steps   57856 | t  124.7s | sps   464] ret_mean=0.500 ep_len=500.0 pi_loss=-0.014 v_loss=0.000 ent=2.167 msg_acc=0.924 kl=0.0039
[upd  114 | steps   58368 | t  125.3s | sps   466] ret_mean=0.000 ep_len=500.0 pi_loss=-0.013 v_loss=0.000 ent=1.888 msg_acc=0.902 kl=0.0280
[upd  115 | steps   58880 | t  125.9s | sps   468] ret_mean=0.000 ep_len=500.0 pi_loss=-0.003 v_loss=0.000 ent=2.114 msg_acc=0.796 kl=0.0110
[upd  116 | steps   59392 | t  126.7s | sps   469] ret_mean=0.000 ep_len=500.0 pi_loss=-0.011 v_loss=0.002 ent=2.001 msg_acc=0.829 kl=0.0038
[upd  117 | steps   59904 | t  127.6s | sps   469] ret_mean=0.500 ep_len=500.0 pi_loss=-0.008 v_loss=0.000 ent=2.080 msg_acc=0.798 kl=0.0121
[upd  118 | steps   60416 | t  128.3s | sps   471] ret_mean=0.000 ep_len=500.0 pi_loss=-0.014 v_loss=0.000 ent=2.145 msg_acc=0.903 kl=0.0109
[upd  119 | steps   60928 | t  129.0s | sps   472] ret_mean=0.000 ep_len=500.0 pi_loss=-0.010 v_loss=0.000 ent=1.895 msg_acc=0.972 kl=0.0076
[upd  120 | steps   61440 | t  129.7s | sps   474] ret_mean=0.000 ep_len=500.0 pi_loss=-0.012 v_loss=0.000 ent=2.315 msg_acc=0.765 kl=0.0054
[upd  121 | steps   61952 | t  130.6s | sps   474] ret_mean=0.000 ep_len=500.0 pi_loss=-0.010 v_loss=0.000 ent=2.099 msg_acc=0.879 kl=0.0109
[upd  122 | steps   62464 | t  131.6s | sps   475] ret_mean=0.000 ep_len=500.0 pi_loss=-0.011 v_loss=0.000 ent=1.781 msg_acc=0.941 kl=0.0079
[upd  123 | steps   62976 | t  133.1s | sps   473] ret_mean=0.000 ep_len=500.0 pi_loss=-0.009 v_loss=0.000 ent=1.739 msg_acc=0.967 kl=-0.0024
[upd  124 | steps   63488 | t  134.4s | sps   472] ret_mean=0.000 ep_len=500.0 pi_loss=-0.011 v_loss=0.000 ent=2.159 msg_acc=0.708 kl=0.0105
[upd  125 | steps   64000 | t  136.0s | sps   471] ret_mean=0.000 ep_len=500.0 pi_loss=-0.017 v_loss=0.000 ent=2.214 msg_acc=0.754 kl=0.0063
[upd  126 | steps   64512 | t  137.5s | sps   469] ret_mean=0.000 ep_len=500.0 pi_loss=-0.006 v_loss=0.000 ent=2.162 msg_acc=0.588 kl=0.0289
[upd  127 | steps   65024 | t  138.3s | sps   470] ret_mean=1.000 ep_len=500.0 pi_loss=-0.007 v_loss=0.006 ent=2.022 msg_acc=0.757 kl=0.0062
[upd  128 | steps   65536 | t  139.1s | sps   471] ret_mean=0.000 ep_len=500.0 pi_loss=-0.016 v_loss=0.001 ent=1.774 msg_acc=0.983 kl=0.0139
[upd  129 | steps   66048 | t  140.0s | sps   472] ret_mean=0.500 ep_len=500.0 pi_loss=-0.009 v_loss=0.001 ent=2.111 msg_acc=0.884 kl=0.0081
[upd  130 | steps   66560 | t  140.9s | sps   473] ret_mean=0.000 ep_len=500.0 pi_loss=-0.017 v_loss=0.000 ent=2.306 msg_acc=0.721 kl=0.0165
[upd  131 | steps   67072 | t  141.7s | sps   473] ret_mean=0.000 ep_len=500.0 pi_loss=-0.014 v_loss=0.000 ent=1.688 msg_acc=0.975 kl=0.0139
[upd  132 | steps   67584 | t  142.5s | sps   474] ret_mean=0.000 ep_len=500.0 pi_loss=-0.008 v_loss=0.002 ent=1.773 msg_acc=0.882 kl=0.0158
[upd  133 | steps   68096 | t  143.5s | sps   475] ret_mean=0.500 ep_len=500.0 pi_loss=-0.012 v_loss=0.000 ent=2.128 msg_acc=0.583 kl=0.0136
[upd  134 | steps   68608 | t  144.3s | sps   476] ret_mean=0.000 ep_len=500.0 pi_loss=-0.003 v_loss=0.001 ent=2.510 msg_acc=0.398 kl=0.0020
[upd  135 | steps   69120 | t  145.1s | sps   477] ret_mean=0.000 ep_len=500.0 pi_loss=-0.006 v_loss=0.001 ent=2.351 msg_acc=0.624 kl=0.0207
[upd  136 | steps   69632 | t  145.9s | sps   477] ret_mean=0.000 ep_len=500.0 pi_loss=-0.002 v_loss=0.000 ent=2.280 msg_acc=0.605 kl=0.0137
[upd  137 | steps   70144 | t  146.8s | sps   478] ret_mean=0.000 ep_len=500.0 pi_loss=-0.010 v_loss=0.000 ent=2.398 msg_acc=0.506 kl=0.0047
[upd  138 | steps   70656 | t  147.6s | sps   479] ret_mean=0.000 ep_len=500.0 pi_loss=-0.011 v_loss=0.000 ent=2.042 msg_acc=0.736 kl=0.0181
[upd  139 | steps   71168 | t  149.0s | sps   478] ret_mean=0.000 ep_len=500.0 pi_loss=-0.004 v_loss=0.002 ent=2.713 msg_acc=0.273 kl=0.0042
[upd  140 | steps   71680 | t  149.9s | sps   478] ret_mean=0.500 ep_len=500.0 pi_loss=-0.015 v_loss=0.000 ent=2.002 msg_acc=0.872 kl=0.0154
[upd  141 | steps   72192 | t  150.7s | sps   479] ret_mean=0.000 ep_len=500.0 pi_loss=-0.009 v_loss=0.000 ent=1.818 msg_acc=0.829 kl=0.0050
[upd  142 | steps   72704 | t  151.6s | sps   480] ret_mean=0.000 ep_len=500.0 pi_loss=-0.015 v_loss=0.000 ent=2.757 msg_acc=0.482 kl=0.0014
[upd  143 | steps   73216 | t  152.5s | sps   480] ret_mean=0.000 ep_len=500.0 pi_loss=-0.008 v_loss=0.000 ent=2.139 msg_acc=0.736 kl=0.0056
[upd  144 | steps   73728 | t  153.2s | sps   481] ret_mean=0.500 ep_len=500.0 pi_loss=-0.010 v_loss=0.002 ent=2.207 msg_acc=0.831 kl=0.0070
[upd  145 | steps   74240 | t  154.0s | sps   482] ret_mean=0.000 ep_len=500.0 pi_loss=-0.012 v_loss=0.000 ent=1.967 msg_acc=0.806 kl=0.0104
[upd  146 | steps   74752 | t  154.9s | sps   483] ret_mean=0.000 ep_len=500.0 pi_loss=-0.002 v_loss=0.000 ent=2.290 msg_acc=0.595 kl=0.0136
[upd  147 | steps   75264 | t  155.7s | sps   483] ret_mean=0.500 ep_len=500.0 pi_loss=-0.008 v_loss=0.002 ent=1.975 msg_acc=0.833 kl=0.0086
[upd  148 | steps   75776 | t  156.5s | sps   484] ret_mean=0.000 ep_len=500.0 pi_loss=-0.013 v_loss=0.000 ent=2.326 msg_acc=0.511 kl=0.0118
[upd  149 | steps   76288 | t  157.4s | sps   485] ret_mean=1.500 ep_len=500.0 pi_loss=-0.010 v_loss=0.007 ent=2.173 msg_acc=0.705 kl=0.0110
[upd  150 | steps   76800 | t  158.7s | sps   484] ret_mean=0.000 ep_len=500.0 pi_loss=-0.002 v_loss=0.001 ent=2.260 msg_acc=0.805 kl=0.0126
        [eval] ret_mean=0.000 ep_len=500.0
[upd  151 | steps   77312 | t  164.9s | sps   469] ret_mean=0.000 ep_len=500.0 pi_loss=-0.009 v_loss=0.000 ent=2.056 msg_acc=0.821 kl=0.0147
[upd  152 | steps   77824 | t  165.6s | sps   470] ret_mean=0.000 ep_len=500.0 pi_loss=-0.002 v_loss=0.002 ent=2.411 msg_acc=0.509 kl=0.0131
[upd  153 | steps   78336 | t  166.2s | sps   471] ret_mean=1.500 ep_len=500.0 pi_loss=-0.010 v_loss=0.002 ent=2.156 msg_acc=0.694 kl=0.0113
[upd  154 | steps   78848 | t  166.9s | sps   472] ret_mean=0.000 ep_len=500.0 pi_loss=-0.007 v_loss=0.000 ent=1.998 msg_acc=0.800 kl=0.0142
[upd  155 | steps   79360 | t  167.8s | sps   473] ret_mean=0.000 ep_len=500.0 pi_loss=-0.012 v_loss=0.000 ent=2.029 msg_acc=0.696 kl=0.0042
[upd  156 | steps   79872 | t  168.8s | sps   473] ret_mean=0.000 ep_len=500.0 pi_loss=-0.007 v_loss=0.000 ent=1.656 msg_acc=0.952 kl=0.0124
[upd  157 | steps   80384 | t  169.7s | sps   474] ret_mean=0.000 ep_len=500.0 pi_loss=-0.005 v_loss=0.000 ent=2.006 msg_acc=0.756 kl=0.0088
[upd  158 | steps   80896 | t  170.5s | sps   474] ret_mean=0.000 ep_len=500.0 pi_loss=-0.010 v_loss=0.002 ent=2.291 msg_acc=0.903 kl=0.0099
[upd  159 | steps   81408 | t  171.5s | sps   475] ret_mean=0.500 ep_len=500.0 pi_loss=-0.003 v_loss=0.000 ent=2.272 msg_acc=0.680 kl=0.0014
[upd  160 | steps   81920 | t  172.6s | sps   475] ret_mean=0.000 ep_len=500.0 pi_loss=-0.010 v_loss=0.000 ent=2.266 msg_acc=0.767 kl=0.0132
[upd  161 | steps   82432 | t  173.7s | sps   475] ret_mean=0.000 ep_len=500.0 pi_loss=-0.010 v_loss=0.000 ent=2.160 msg_acc=0.656 kl=0.0193
[upd  162 | steps   82944 | t  175.0s | sps   474] ret_mean=0.000 ep_len=500.0 pi_loss=-0.009 v_loss=0.000 ent=1.805 msg_acc=0.949 kl=0.0008
[upd  163 | steps   83456 | t  176.2s | sps   474] ret_mean=0.000 ep_len=500.0 pi_loss=-0.007 v_loss=0.000 ent=1.543 msg_acc=0.878 kl=0.0095
[upd  164 | steps   83968 | t  177.0s | sps   474] ret_mean=2.500 ep_len=500.0 pi_loss=0.000 v_loss=0.011 ent=2.106 msg_acc=0.612 kl=0.0151
[upd  165 | steps   84480 | t  178.1s | sps   474] ret_mean=0.000 ep_len=500.0 pi_loss=-0.006 v_loss=0.001 ent=1.894 msg_acc=0.882 kl=0.0110
[upd  166 | steps   84992 | t  178.8s | sps   475] ret_mean=0.000 ep_len=500.0 pi_loss=-0.008 v_loss=0.000 ent=1.947 msg_acc=0.763 kl=0.0074
[upd  167 | steps   85504 | t  179.4s | sps   477] ret_mean=0.000 ep_len=500.0 pi_loss=-0.008 v_loss=0.000 ent=2.501 msg_acc=0.480 kl=0.0074
[upd  168 | steps   86016 | t  180.1s | sps   478] ret_mean=0.000 ep_len=500.0 pi_loss=-0.010 v_loss=0.000 ent=2.073 msg_acc=0.763 kl=0.0040
[upd  169 | steps   86528 | t  180.7s | sps   479] ret_mean=0.000 ep_len=500.0 pi_loss=-0.015 v_loss=0.000 ent=1.761 msg_acc=0.841 kl=0.0056
[upd  170 | steps   87040 | t  181.3s | sps   480] ret_mean=0.500 ep_len=500.0 pi_loss=-0.008 v_loss=0.002 ent=2.128 msg_acc=0.634 kl=0.0081
[upd  171 | steps   87552 | t  182.0s | sps   481] ret_mean=0.000 ep_len=500.0 pi_loss=-0.008 v_loss=0.000 ent=2.242 msg_acc=0.519 kl=0.0172
[upd  172 | steps   88064 | t  182.6s | sps   482] ret_mean=3.500 ep_len=500.0 pi_loss=-0.013 v_loss=0.021 ent=2.447 msg_acc=0.450 kl=0.0092
[upd  173 | steps   88576 | t  183.3s | sps   483] ret_mean=0.000 ep_len=500.0 pi_loss=-0.009 v_loss=0.001 ent=2.035 msg_acc=0.697 kl=-0.0015
[upd  174 | steps   89088 | t  183.9s | sps   484] ret_mean=0.000 ep_len=500.0 pi_loss=-0.009 v_loss=0.001 ent=1.653 msg_acc=0.960 kl=0.0014
[upd  175 | steps   89600 | t  184.6s | sps   486] ret_mean=0.000 ep_len=500.0 pi_loss=-0.015 v_loss=0.001 ent=2.021 msg_acc=0.683 kl=0.0123
[upd  176 | steps   90112 | t  185.2s | sps   487] ret_mean=0.000 ep_len=500.0 pi_loss=-0.005 v_loss=0.000 ent=2.019 msg_acc=0.742 kl=0.0010
[upd  177 | steps   90624 | t  185.8s | sps   488] ret_mean=0.000 ep_len=500.0 pi_loss=-0.006 v_loss=0.000 ent=2.202 msg_acc=0.922 kl=0.0067
[upd  178 | steps   91136 | t  186.5s | sps   489] ret_mean=0.000 ep_len=500.0 pi_loss=-0.013 v_loss=0.000 ent=1.905 msg_acc=0.809 kl=0.0036
[upd  179 | steps   91648 | t  187.7s | sps   488] ret_mean=0.000 ep_len=500.0 pi_loss=-0.009 v_loss=0.000 ent=2.132 msg_acc=0.733 kl=0.0118
[upd  180 | steps   92160 | t  188.8s | sps   488] ret_mean=0.000 ep_len=500.0 pi_loss=-0.013 v_loss=0.000 ent=2.229 msg_acc=0.615 kl=0.0072
[upd  181 | steps   92672 | t  190.3s | sps   487] ret_mean=0.000 ep_len=500.0 pi_loss=-0.004 v_loss=0.000 ent=2.228 msg_acc=0.601 kl=0.0056
[upd  182 | steps   93184 | t  191.8s | sps   486] ret_mean=0.000 ep_len=500.0 pi_loss=-0.014 v_loss=0.000 ent=1.791 msg_acc=0.879 kl=0.0159
[upd  183 | steps   93696 | t  192.7s | sps   486] ret_mean=0.000 ep_len=500.0 pi_loss=0.000 v_loss=0.000 ent=2.631 msg_acc=0.548 kl=0.0148
[upd  184 | steps   94208 | t  195.1s | sps   483] ret_mean=0.000 ep_len=500.0 pi_loss=-0.008 v_loss=0.000 ent=2.056 msg_acc=0.811 kl=0.0043
[upd  185 | steps   94720 | t  196.5s | sps   482] ret_mean=0.000 ep_len=500.0 pi_loss=-0.007 v_loss=0.000 ent=2.530 msg_acc=0.618 kl=0.0148
[upd  186 | steps   95232 | t  197.2s | sps   483] ret_mean=0.000 ep_len=500.0 pi_loss=-0.007 v_loss=0.000 ent=2.370 msg_acc=0.593 kl=0.0121
[upd  187 | steps   95744 | t  198.0s | sps   484] ret_mean=0.000 ep_len=500.0 pi_loss=0.017 v_loss=0.065 ent=2.002 msg_acc=0.616 kl=0.0326
[upd  188 | steps   96256 | t  198.8s | sps   484] ret_mean=7.000 ep_len=500.0 pi_loss=-0.005 v_loss=0.011 ent=1.808 msg_acc=0.882 kl=0.0110
[upd  189 | steps   96768 | t  199.6s | sps   485] ret_mean=0.000 ep_len=500.0 pi_loss=-0.006 v_loss=0.001 ent=2.009 msg_acc=0.858 kl=0.0044
[upd  190 | steps   97280 | t  200.3s | sps   486] ret_mean=0.000 ep_len=500.0 pi_loss=-0.010 v_loss=0.000 ent=1.888 msg_acc=0.937 kl=0.0067
[upd  191 | steps   97792 | t  201.0s | sps   487] ret_mean=0.000 ep_len=500.0 pi_loss=-0.006 v_loss=0.006 ent=1.791 msg_acc=0.772 kl=0.0100
[upd  192 | steps   98304 | t  201.7s | sps   487] ret_mean=0.500 ep_len=500.0 pi_loss=-0.011 v_loss=0.000 ent=1.644 msg_acc=0.921 kl=0.0000
[upd  193 | steps   98816 | t  202.4s | sps   488] ret_mean=0.000 ep_len=500.0 pi_loss=-0.008 v_loss=0.000 ent=1.721 msg_acc=0.869 kl=0.0067
[upd  194 | steps   99328 | t  203.4s | sps   488] ret_mean=0.000 ep_len=500.0 pi_loss=-0.001 v_loss=0.000 ent=1.672 msg_acc=0.922 kl=0.0108
[upd  195 | steps   99840 | t  204.1s | sps   489] ret_mean=0.000 ep_len=500.0 pi_loss=-0.014 v_loss=0.000 ent=1.603 msg_acc=0.928 kl=0.0068
[upd  196 | steps  100352 | t  204.9s | sps   490] ret_mean=0.000 ep_len=500.0 pi_loss=-0.011 v_loss=0.000 ent=1.659 msg_acc=0.901 kl=0.0070
[upd  197 | steps  100864 | t  205.7s | sps   490] ret_mean=0.000 ep_len=500.0 pi_loss=-0.008 v_loss=0.000 ent=1.435 msg_acc=0.982 kl=-0.0011
[upd  198 | steps  101376 | t  206.5s | sps   491] ret_mean=0.000 ep_len=500.0 pi_loss=-0.006 v_loss=0.000 ent=1.567 msg_acc=0.906 kl=0.0078
[upd  199 | steps  101888 | t  207.2s | sps   492] ret_mean=0.000 ep_len=500.0 pi_loss=-0.012 v_loss=0.000 ent=1.700 msg_acc=0.893 kl=0.0022
[upd  200 | steps  102400 | t  207.9s | sps   493] ret_mean=0.000 ep_len=500.0 pi_loss=-0.011 v_loss=0.000 ent=2.249 msg_acc=0.779 kl=0.0060
        [eval] ret_mean=0.000 ep_len=500.0
