$ /Users/samchen/Coding/CLASSES/CS2860/.venv/bin/python3 -m policies.train --env rware-tiny-2ag-easy-v2 --seed 3 --updates 300 --rollout 512 --eval-every 25 --eval-episodes 30 --log-dir matrix_results/diagnostics_v1_sam/death_token/tiny_normal --run-name mappo-heartbeat-plus-comm__delay-dropout__d30__s3 --n-msg-tokens 8 --heartbeat --heartbeat-period 1 --heartbeat-max-age-clip 128 --heartbeat-delay 30 --dropout --dropout-window-start 200 --dropout-window-end 350 --shape-rewards --pickup-bonus 0.5

[env] EnvSpec(env_id='rware-tiny-2ag-easy-v2', n_agents=2, obs_dim=73, n_env_actions=5, noop_action=0, family='rware')  (n_msg_tokens=8)
[cfg] {'clip_range': 0.2, 'value_clip_range': 0.2, 'entropy_coef': 0.01, 'value_coef': 0.5, 'max_grad_norm': 0.5, 'gamma': 0.99, 'gae_lambda': 0.95, 'lr_actor': 0.0003, 'lr_critic': 0.001, 'update_epochs': 4, 'minibatches': 4, 'hidden': 128, 'depth': 2, 'device': 'cpu', 'extra': {}}
[log] writing to matrix_results/diagnostics_v1_sam/death_token/tiny_normal/mappo-heartbeat-plus-comm__delay-dropout__d30__s3
[upd    1 | steps     512 | t    0.2s | sps  2965] ret_mean=2.000 ep_len=500.0 pi_loss=-0.016 v_loss=0.052 ent=3.684 kl=0.0072
[upd    2 | steps    1024 | t    0.3s | sps  3141] ret_mean=0.000 ep_len=500.0 pi_loss=-0.009 v_loss=0.011 ent=3.682 kl=0.0032
[upd    3 | steps    1536 | t    0.5s | sps  3152] ret_mean=0.000 ep_len=500.0 pi_loss=-0.009 v_loss=0.008 ent=3.661 kl=0.0051
[upd    4 | steps    2048 | t    0.6s | sps  3179] ret_mean=1.000 ep_len=500.0 pi_loss=-0.005 v_loss=0.010 ent=3.662 kl=0.0001
[upd    5 | steps    2560 | t    0.8s | sps  3089] ret_mean=0.500 ep_len=500.0 pi_loss=-0.008 v_loss=0.006 ent=3.669 kl=-0.0023
[upd    6 | steps    3072 | t    1.0s | sps  3128] ret_mean=0.000 ep_len=500.0 pi_loss=-0.011 v_loss=0.003 ent=3.649 kl=0.0031
[upd    7 | steps    3584 | t    1.1s | sps  3149] ret_mean=0.000 ep_len=500.0 pi_loss=-0.016 v_loss=0.003 ent=3.617 kl=0.0094
[upd    8 | steps    4096 | t    1.3s | sps  3156] ret_mean=2.500 ep_len=500.0 pi_loss=-0.011 v_loss=0.012 ent=3.632 kl=0.0032
[upd    9 | steps    4608 | t    1.5s | sps  3161] ret_mean=2.000 ep_len=500.0 pi_loss=-0.008 v_loss=0.013 ent=3.624 kl=-0.0010
[upd   10 | steps    5120 | t    1.6s | sps  3181] ret_mean=0.000 ep_len=500.0 pi_loss=-0.011 v_loss=0.003 ent=3.624 kl=0.0077
[upd   11 | steps    5632 | t    1.8s | sps  3207] ret_mean=1.500 ep_len=500.0 pi_loss=-0.010 v_loss=0.012 ent=3.632 kl=-0.0019
[upd   12 | steps    6144 | t    1.9s | sps  3221] ret_mean=0.000 ep_len=500.0 pi_loss=-0.014 v_loss=0.007 ent=3.646 kl=0.0036
[upd   13 | steps    6656 | t    2.1s | sps  3222] ret_mean=1.000 ep_len=500.0 pi_loss=-0.014 v_loss=0.002 ent=3.650 kl=0.0015
[upd   14 | steps    7168 | t    2.2s | sps  3233] ret_mean=0.000 ep_len=500.0 pi_loss=-0.007 v_loss=0.001 ent=3.640 kl=0.0010
[upd   15 | steps    7680 | t    2.4s | sps  3246] ret_mean=0.000 ep_len=500.0 pi_loss=-0.009 v_loss=0.007 ent=3.633 kl=0.0032
[upd   16 | steps    8192 | t    2.5s | sps  3252] ret_mean=2.000 ep_len=500.0 pi_loss=-0.014 v_loss=0.007 ent=3.619 kl=0.0026
[upd   17 | steps    8704 | t    2.7s | sps  3262] ret_mean=0.000 ep_len=500.0 pi_loss=-0.009 v_loss=0.002 ent=3.602 kl=0.0039
[upd   18 | steps    9216 | t    2.8s | sps  3257] ret_mean=0.000 ep_len=500.0 pi_loss=-0.014 v_loss=0.001 ent=3.575 kl=0.0112
[upd   19 | steps    9728 | t    3.0s | sps  3255] ret_mean=0.000 ep_len=500.0 pi_loss=-0.011 v_loss=0.001 ent=3.589 kl=-0.0024
[upd   20 | steps   10240 | t    3.2s | sps  3250] ret_mean=0.000 ep_len=500.0 pi_loss=-0.014 v_loss=0.006 ent=3.538 kl=-0.0006
[upd   21 | steps   10752 | t    3.3s | sps  3255] ret_mean=1.000 ep_len=500.0 pi_loss=-0.010 v_loss=0.003 ent=3.499 kl=0.0091
[upd   22 | steps   11264 | t    3.5s | sps  3259] ret_mean=0.500 ep_len=500.0 pi_loss=-0.016 v_loss=0.001 ent=3.598 kl=0.0117
[upd   23 | steps   11776 | t    3.6s | sps  3267] ret_mean=0.000 ep_len=500.0 pi_loss=-0.010 v_loss=0.002 ent=3.599 kl=0.0088
[upd   24 | steps   12288 | t    3.8s | sps  3276] ret_mean=0.500 ep_len=500.0 pi_loss=-0.008 v_loss=0.001 ent=3.555 kl=0.0043
[upd   25 | steps   12800 | t    3.9s | sps  3281] ret_mean=0.000 ep_len=500.0 pi_loss=-0.012 v_loss=0.001 ent=3.473 kl=0.0066
        [eval] ret_mean=0.000 ep_len=500.0
[upd   26 | steps   13312 | t    7.8s | sps  1705] ret_mean=0.000 ep_len=500.0 pi_loss=-0.011 v_loss=0.001 ent=3.607 kl=0.0015
[upd   27 | steps   13824 | t    8.0s | sps  1734] ret_mean=0.000 ep_len=500.0 pi_loss=-0.014 v_loss=0.001 ent=3.560 kl=0.0092
[upd   28 | steps   14336 | t    8.1s | sps  1760] ret_mean=0.000 ep_len=500.0 pi_loss=-0.016 v_loss=0.002 ent=3.582 kl=0.0055
[upd   29 | steps   14848 | t    8.3s | sps  1786] ret_mean=6.000 ep_len=500.0 pi_loss=-0.014 v_loss=0.022 ent=3.593 kl=0.0072
[upd   30 | steps   15360 | t    8.5s | sps  1803] ret_mean=2.000 ep_len=500.0 pi_loss=-0.010 v_loss=0.011 ent=3.590 kl=-0.0000
[upd   31 | steps   15872 | t    8.7s | sps  1828] ret_mean=3.000 ep_len=500.0 pi_loss=-0.013 v_loss=0.024 ent=3.589 kl=0.0075
[upd   32 | steps   16384 | t    8.9s | sps  1848] ret_mean=2.000 ep_len=500.0 pi_loss=-0.012 v_loss=0.007 ent=3.588 kl=-0.0007
[upd   33 | steps   16896 | t    9.0s | sps  1868] ret_mean=4.000 ep_len=500.0 pi_loss=-0.016 v_loss=0.029 ent=3.585 kl=0.0027
[upd   34 | steps   17408 | t    9.2s | sps  1892] ret_mean=1.500 ep_len=500.0 pi_loss=-0.010 v_loss=0.010 ent=3.550 kl=0.0078
[upd   35 | steps   17920 | t    9.4s | sps  1916] ret_mean=1.000 ep_len=500.0 pi_loss=-0.010 v_loss=0.003 ent=3.563 kl=0.0062
[upd   36 | steps   18432 | t    9.5s | sps  1936] ret_mean=0.000 ep_len=500.0 pi_loss=-0.008 v_loss=0.007 ent=3.508 kl=0.0025
[upd   37 | steps   18944 | t    9.7s | sps  1957] ret_mean=1.500 ep_len=500.0 pi_loss=-0.011 v_loss=0.002 ent=3.543 kl=0.0018
[upd   38 | steps   19456 | t    9.9s | sps  1974] ret_mean=0.000 ep_len=500.0 pi_loss=-0.010 v_loss=0.002 ent=3.538 kl=0.0077
[upd   39 | steps   19968 | t   10.0s | sps  1990] ret_mean=0.000 ep_len=500.0 pi_loss=-0.014 v_loss=0.001 ent=3.533 kl=0.0079
[upd   40 | steps   20480 | t   10.2s | sps  2009] ret_mean=7.000 ep_len=500.0 pi_loss=-0.018 v_loss=0.049 ent=3.458 kl=0.0217
[upd   41 | steps   20992 | t   10.4s | sps  2024] ret_mean=0.000 ep_len=500.0 pi_loss=-0.010 v_loss=0.002 ent=3.509 kl=-0.0037
[upd   42 | steps   21504 | t   10.5s | sps  2043] ret_mean=0.500 ep_len=500.0 pi_loss=-0.011 v_loss=0.007 ent=3.533 kl=0.0037
[upd   43 | steps   22016 | t   10.7s | sps  2060] ret_mean=2.000 ep_len=500.0 pi_loss=-0.014 v_loss=0.002 ent=3.549 kl=0.0002
[upd   44 | steps   22528 | t   10.9s | sps  2076] ret_mean=0.000 ep_len=500.0 pi_loss=-0.010 v_loss=0.062 ent=3.541 kl=0.0027
[upd   45 | steps   23040 | t   11.0s | sps  2090] ret_mean=4.000 ep_len=500.0 pi_loss=-0.013 v_loss=0.045 ent=3.507 kl=-0.0016
[upd   46 | steps   23552 | t   11.2s | sps  2105] ret_mean=4.000 ep_len=500.0 pi_loss=-0.007 v_loss=0.002 ent=3.492 kl=0.0017
[upd   47 | steps   24064 | t   11.4s | sps  2120] ret_mean=0.000 ep_len=500.0 pi_loss=-0.011 v_loss=0.006 ent=3.505 kl=0.0019
[upd   48 | steps   24576 | t   11.5s | sps  2133] ret_mean=5.500 ep_len=500.0 pi_loss=-0.010 v_loss=0.058 ent=3.500 kl=0.0028
[upd   49 | steps   25088 | t   11.7s | sps  2146] ret_mean=1.000 ep_len=500.0 pi_loss=-0.013 v_loss=0.001 ent=3.512 kl=-0.0001
[upd   50 | steps   25600 | t   11.9s | sps  2160] ret_mean=0.000 ep_len=500.0 pi_loss=-0.008 v_loss=0.001 ent=3.389 kl=0.0086
        [eval] ret_mean=4.167 ep_len=500.0
[upd   51 | steps   26112 | t   15.7s | sps  1661] ret_mean=8.500 ep_len=500.0 pi_loss=-0.009 v_loss=0.122 ent=3.451 kl=0.0034
[upd   52 | steps   26624 | t   15.9s | sps  1678] ret_mean=0.000 ep_len=500.0 pi_loss=-0.012 v_loss=0.001 ent=3.510 kl=0.0081
[upd   53 | steps   27136 | t   16.0s | sps  1695] ret_mean=0.000 ep_len=500.0 pi_loss=-0.010 v_loss=0.001 ent=3.461 kl=0.0099
[upd   54 | steps   27648 | t   16.2s | sps  1710] ret_mean=2.500 ep_len=500.0 pi_loss=-0.007 v_loss=0.014 ent=3.411 kl=0.0122
[upd   55 | steps   28160 | t   16.3s | sps  1726] ret_mean=4.500 ep_len=500.0 pi_loss=-0.012 v_loss=0.043 ent=3.494 kl=0.0097
[upd   56 | steps   28672 | t   16.5s | sps  1740] ret_mean=0.000 ep_len=500.0 pi_loss=-0.013 v_loss=0.002 ent=3.464 kl=0.0018
[upd   57 | steps   29184 | t   16.6s | sps  1755] ret_mean=0.000 ep_len=500.0 pi_loss=-0.012 v_loss=0.020 ent=3.522 kl=-0.0007
[upd   58 | steps   29696 | t   16.8s | sps  1769] ret_mean=2.000 ep_len=500.0 pi_loss=-0.006 v_loss=0.002 ent=3.434 kl=-0.0001
[upd   59 | steps   30208 | t   16.9s | sps  1783] ret_mean=0.000 ep_len=500.0 pi_loss=-0.012 v_loss=0.002 ent=3.503 kl=0.0006
[upd   60 | steps   30720 | t   17.1s | sps  1798] ret_mean=0.500 ep_len=500.0 pi_loss=-0.013 v_loss=0.001 ent=3.509 kl=0.0100
[upd   61 | steps   31232 | t   17.2s | sps  1812] ret_mean=0.000 ep_len=500.0 pi_loss=-0.017 v_loss=0.001 ent=3.469 kl=0.0023
[upd   62 | steps   31744 | t   17.4s | sps  1827] ret_mean=0.000 ep_len=500.0 pi_loss=-0.014 v_loss=0.011 ent=3.446 kl=0.0055
[upd   63 | steps   32256 | t   17.5s | sps  1840] ret_mean=1.500 ep_len=500.0 pi_loss=-0.010 v_loss=0.084 ent=3.328 kl=0.0093
[upd   64 | steps   32768 | t   17.7s | sps  1853] ret_mean=10.000 ep_len=500.0 pi_loss=-0.019 v_loss=0.077 ent=3.367 kl=0.0073
[upd   65 | steps   33280 | t   17.8s | sps  1866] ret_mean=0.000 ep_len=500.0 pi_loss=-0.014 v_loss=0.001 ent=3.470 kl=0.0052
[upd   66 | steps   33792 | t   18.0s | sps  1879] ret_mean=0.000 ep_len=500.0 pi_loss=-0.007 v_loss=0.001 ent=3.330 kl=0.0149
[upd   67 | steps   34304 | t   18.1s | sps  1892] ret_mean=0.000 ep_len=500.0 pi_loss=-0.009 v_loss=0.000 ent=3.394 kl=0.0055
[upd   68 | steps   34816 | t   18.3s | sps  1904] ret_mean=0.000 ep_len=500.0 pi_loss=-0.010 v_loss=0.136 ent=3.241 kl=0.0049
[upd   69 | steps   35328 | t   18.4s | sps  1917] ret_mean=6.000 ep_len=500.0 pi_loss=-0.011 v_loss=0.001 ent=3.319 kl=0.0061
[upd   70 | steps   35840 | t   18.6s | sps  1930] ret_mean=0.000 ep_len=500.0 pi_loss=-0.015 v_loss=0.000 ent=3.326 kl=0.0073
[upd   71 | steps   36352 | t   18.7s | sps  1941] ret_mean=0.000 ep_len=500.0 pi_loss=-0.006 v_loss=0.139 ent=3.284 kl=-0.0008
[upd   72 | steps   36864 | t   18.9s | sps  1953] ret_mean=30.500 ep_len=500.0 pi_loss=-0.013 v_loss=0.692 ent=3.088 kl=0.0134
[upd   73 | steps   37376 | t   19.0s | sps  1965] ret_mean=0.000 ep_len=500.0 pi_loss=-0.011 v_loss=0.001 ent=3.365 kl=0.0045
[upd   74 | steps   37888 | t   19.2s | sps  1977] ret_mean=1.500 ep_len=500.0 pi_loss=-0.011 v_loss=0.013 ent=3.237 kl=0.0066
[upd   75 | steps   38400 | t   19.3s | sps  1988] ret_mean=0.000 ep_len=500.0 pi_loss=-0.005 v_loss=0.001 ent=3.292 kl=0.0051
        [eval] ret_mean=5.917 ep_len=500.0
[upd   76 | steps   38912 | t   23.4s | sps  1662] ret_mean=0.000 ep_len=500.0 pi_loss=-0.007 v_loss=0.004 ent=3.130 kl=0.0148
[upd   77 | steps   39424 | t   23.6s | sps  1673] ret_mean=23.000 ep_len=500.0 pi_loss=-0.014 v_loss=0.685 ent=3.190 kl=0.0057
[upd   78 | steps   39936 | t   23.7s | sps  1683] ret_mean=0.000 ep_len=500.0 pi_loss=-0.013 v_loss=0.002 ent=3.322 kl=-0.0003
[upd   79 | steps   40448 | t   23.9s | sps  1693] ret_mean=0.000 ep_len=500.0 pi_loss=-0.013 v_loss=0.002 ent=3.133 kl=0.0072
[upd   80 | steps   40960 | t   24.0s | sps  1703] ret_mean=15.000 ep_len=500.0 pi_loss=-0.015 v_loss=0.420 ent=3.048 kl=0.0133
[upd   81 | steps   41472 | t   24.2s | sps  1713] ret_mean=0.000 ep_len=500.0 pi_loss=-0.011 v_loss=0.004 ent=3.087 kl=0.0102
[upd   82 | steps   41984 | t   24.4s | sps  1722] ret_mean=0.500 ep_len=500.0 pi_loss=-0.012 v_loss=0.003 ent=3.156 kl=0.0052
[upd   83 | steps   42496 | t   24.5s | sps  1732] ret_mean=0.000 ep_len=500.0 pi_loss=-0.016 v_loss=0.003 ent=3.138 kl=-0.0012
[upd   84 | steps   43008 | t   24.7s | sps  1742] ret_mean=60.500 ep_len=500.0 pi_loss=-0.011 v_loss=2.326 ent=2.883 kl=0.0070
[upd   85 | steps   43520 | t   24.8s | sps  1752] ret_mean=0.000 ep_len=500.0 pi_loss=-0.006 v_loss=0.007 ent=2.972 kl=0.0024
[upd   86 | steps   44032 | t   25.0s | sps  1761] ret_mean=0.000 ep_len=500.0 pi_loss=-0.014 v_loss=0.038 ent=3.112 kl=0.0037
[upd   87 | steps   44544 | t   25.2s | sps  1769] ret_mean=4.000 ep_len=500.0 pi_loss=-0.009 v_loss=0.006 ent=2.883 kl=0.0041
[upd   88 | steps   45056 | t   25.3s | sps  1778] ret_mean=0.000 ep_len=500.0 pi_loss=-0.012 v_loss=0.004 ent=3.015 kl=0.0024
[upd   89 | steps   45568 | t   25.5s | sps  1787] ret_mean=0.000 ep_len=500.0 pi_loss=-0.011 v_loss=0.002 ent=3.088 kl=0.0033
[upd   90 | steps   46080 | t   25.7s | sps  1796] ret_mean=30.000 ep_len=500.0 pi_loss=-0.012 v_loss=1.338 ent=2.906 kl=0.0080
[upd   91 | steps   46592 | t   25.8s | sps  1805] ret_mean=14.000 ep_len=500.0 pi_loss=-0.014 v_loss=0.002 ent=3.157 kl=0.0148
[upd   92 | steps   47104 | t   26.0s | sps  1814] ret_mean=2.500 ep_len=500.0 pi_loss=-0.010 v_loss=0.034 ent=3.065 kl=0.0035
[upd   93 | steps   47616 | t   26.1s | sps  1822] ret_mean=0.000 ep_len=500.0 pi_loss=-0.005 v_loss=0.164 ent=3.089 kl=0.0035
[upd   94 | steps   48128 | t   26.3s | sps  1831] ret_mean=20.500 ep_len=500.0 pi_loss=-0.018 v_loss=0.391 ent=2.900 kl=0.0045
[upd   95 | steps   48640 | t   26.4s | sps  1839] ret_mean=0.000 ep_len=500.0 pi_loss=-0.010 v_loss=0.004 ent=3.083 kl=0.0093
[upd   96 | steps   49152 | t   26.6s | sps  1847] ret_mean=0.000 ep_len=500.0 pi_loss=-0.016 v_loss=0.002 ent=2.947 kl=0.0152
[upd   97 | steps   49664 | t   26.8s | sps  1855] ret_mean=0.000 ep_len=500.0 pi_loss=-0.011 v_loss=0.003 ent=3.244 kl=0.0033
[upd   98 | steps   50176 | t   26.9s | sps  1863] ret_mean=0.000 ep_len=500.0 pi_loss=-0.009 v_loss=0.001 ent=3.220 kl=0.0112
[upd   99 | steps   50688 | t   27.1s | sps  1870] ret_mean=0.000 ep_len=500.0 pi_loss=-0.017 v_loss=0.002 ent=3.284 kl=0.0073
[upd  100 | steps   51200 | t   27.3s | sps  1878] ret_mean=0.000 ep_len=500.0 pi_loss=-0.008 v_loss=0.002 ent=3.210 kl=0.0010
        [eval] ret_mean=0.000 ep_len=500.0
[upd  101 | steps   51712 | t   31.3s | sps  1655] ret_mean=0.000 ep_len=500.0 pi_loss=-0.015 v_loss=0.001 ent=3.309 kl=0.0040
[upd  102 | steps   52224 | t   31.4s | sps  1662] ret_mean=2.500 ep_len=500.0 pi_loss=-0.016 v_loss=0.033 ent=3.363 kl=-0.0001
[upd  103 | steps   52736 | t   31.6s | sps  1670] ret_mean=0.000 ep_len=500.0 pi_loss=-0.013 v_loss=0.002 ent=3.430 kl=0.0047
[upd  104 | steps   53248 | t   31.7s | sps  1677] ret_mean=4.500 ep_len=500.0 pi_loss=-0.012 v_loss=0.043 ent=3.351 kl=0.0074
[upd  105 | steps   53760 | t   31.9s | sps  1686] ret_mean=7.500 ep_len=500.0 pi_loss=-0.012 v_loss=0.136 ent=3.171 kl=0.0037
[upd  106 | steps   54272 | t   32.1s | sps  1693] ret_mean=0.000 ep_len=500.0 pi_loss=-0.012 v_loss=0.014 ent=3.363 kl=0.0081
[upd  107 | steps   54784 | t   32.2s | sps  1700] ret_mean=2.500 ep_len=500.0 pi_loss=-0.009 v_loss=0.003 ent=3.110 kl=0.0030
[upd  108 | steps   55296 | t   32.4s | sps  1708] ret_mean=5.000 ep_len=500.0 pi_loss=-0.009 v_loss=0.102 ent=3.120 kl=0.0036
[upd  109 | steps   55808 | t   32.5s | sps  1715] ret_mean=0.000 ep_len=500.0 pi_loss=-0.011 v_loss=0.393 ent=3.105 kl=-0.0011
[upd  110 | steps   56320 | t   32.7s | sps  1722] ret_mean=14.500 ep_len=500.0 pi_loss=-0.016 v_loss=0.002 ent=3.171 kl=0.0032
[upd  111 | steps   56832 | t   32.9s | sps  1729] ret_mean=0.000 ep_len=500.0 pi_loss=-0.011 v_loss=0.002 ent=3.208 kl=-0.0015
[upd  112 | steps   57344 | t   33.0s | sps  1736] ret_mean=0.000 ep_len=500.0 pi_loss=-0.014 v_loss=0.047 ent=3.296 kl=0.0055
[upd  113 | steps   57856 | t   33.2s | sps  1743] ret_mean=3.500 ep_len=500.0 pi_loss=-0.012 v_loss=0.040 ent=3.296 kl=0.0020
[upd  114 | steps   58368 | t   33.4s | sps  1749] ret_mean=4.000 ep_len=500.0 pi_loss=-0.008 v_loss=0.314 ent=3.241 kl=0.0005
[upd  115 | steps   58880 | t   33.5s | sps  1755] ret_mean=13.000 ep_len=500.0 pi_loss=-0.012 v_loss=0.789 ent=2.988 kl=0.0028
[upd  116 | steps   59392 | t   33.7s | sps  1761] ret_mean=53.500 ep_len=500.0 pi_loss=-0.009 v_loss=0.959 ent=2.692 kl=0.0096
[upd  117 | steps   59904 | t   33.9s | sps  1768] ret_mean=0.000 ep_len=500.0 pi_loss=-0.012 v_loss=0.006 ent=2.927 kl=0.0085
[upd  118 | steps   60416 | t   34.0s | sps  1775] ret_mean=0.000 ep_len=500.0 pi_loss=-0.008 v_loss=0.211 ent=3.036 kl=0.0052
[upd  119 | steps   60928 | t   34.2s | sps  1782] ret_mean=24.500 ep_len=500.0 pi_loss=-0.013 v_loss=0.839 ent=2.911 kl=0.0046
[upd  120 | steps   61440 | t   34.4s | sps  1788] ret_mean=57.000 ep_len=500.0 pi_loss=-0.011 v_loss=1.814 ent=2.616 kl=0.0067
[upd  121 | steps   61952 | t   34.5s | sps  1795] ret_mean=15.500 ep_len=500.0 pi_loss=-0.013 v_loss=0.686 ent=2.787 kl=0.0048
[upd  122 | steps   62464 | t   34.7s | sps  1802] ret_mean=8.000 ep_len=500.0 pi_loss=-0.015 v_loss=0.005 ent=3.172 kl=0.0078
[upd  123 | steps   62976 | t   34.8s | sps  1808] ret_mean=4.000 ep_len=500.0 pi_loss=-0.012 v_loss=0.059 ent=2.880 kl=-0.0028
[upd  124 | steps   63488 | t   35.0s | sps  1815] ret_mean=0.000 ep_len=500.0 pi_loss=-0.013 v_loss=0.008 ent=3.013 kl=0.0076
[upd  125 | steps   64000 | t   35.1s | sps  1821] ret_mean=0.000 ep_len=500.0 pi_loss=-0.006 v_loss=1.020 ent=2.974 kl=0.0029
        [eval] ret_mean=1.767 ep_len=500.0
[upd  126 | steps   64512 | t   39.1s | sps  1650] ret_mean=10.500 ep_len=500.0 pi_loss=-0.009 v_loss=0.325 ent=2.925 kl=0.0108
[upd  127 | steps   65024 | t   39.3s | sps  1656] ret_mean=57.500 ep_len=500.0 pi_loss=-0.009 v_loss=2.220 ent=2.607 kl=0.0044
[upd  128 | steps   65536 | t   39.5s | sps  1661] ret_mean=0.500 ep_len=500.0 pi_loss=-0.019 v_loss=0.015 ent=2.907 kl=0.0072
[upd  129 | steps   66048 | t   39.6s | sps  1667] ret_mean=0.000 ep_len=500.0 pi_loss=-0.010 v_loss=0.013 ent=2.797 kl=0.0070
[upd  130 | steps   66560 | t   39.8s | sps  1673] ret_mean=0.000 ep_len=500.0 pi_loss=-0.011 v_loss=0.007 ent=2.803 kl=0.0098
[upd  131 | steps   67072 | t   39.9s | sps  1679] ret_mean=0.000 ep_len=500.0 pi_loss=-0.007 v_loss=0.221 ent=2.696 kl=0.0048
[upd  132 | steps   67584 | t   40.1s | sps  1685] ret_mean=34.500 ep_len=500.0 pi_loss=-0.009 v_loss=0.896 ent=2.406 kl=0.0085
[upd  133 | steps   68096 | t   40.3s | sps  1691] ret_mean=21.500 ep_len=500.0 pi_loss=-0.012 v_loss=0.895 ent=2.408 kl=0.0088
[upd  134 | steps   68608 | t   40.5s | sps  1695] ret_mean=0.000 ep_len=500.0 pi_loss=-0.014 v_loss=0.004 ent=3.064 kl=0.0153
[upd  135 | steps   69120 | t   40.6s | sps  1701] ret_mean=26.000 ep_len=500.0 pi_loss=-0.010 v_loss=0.897 ent=2.997 kl=0.0071
[upd  136 | steps   69632 | t   40.8s | sps  1707] ret_mean=66.500 ep_len=500.0 pi_loss=-0.012 v_loss=3.108 ent=2.217 kl=0.0080
[upd  137 | steps   70144 | t   41.0s | sps  1712] ret_mean=0.000 ep_len=500.0 pi_loss=-0.015 v_loss=0.013 ent=2.892 kl=0.0108
[upd  138 | steps   70656 | t   41.2s | sps  1717] ret_mean=0.000 ep_len=500.0 pi_loss=-0.013 v_loss=0.003 ent=3.033 kl=0.0051
[upd  139 | steps   71168 | t   41.3s | sps  1722] ret_mean=0.000 ep_len=500.0 pi_loss=-0.006 v_loss=0.009 ent=2.855 kl=0.0016
[upd  140 | steps   71680 | t   41.5s | sps  1728] ret_mean=0.000 ep_len=500.0 pi_loss=-0.005 v_loss=1.034 ent=2.391 kl=-0.0013
[upd  141 | steps   72192 | t   41.6s | sps  1734] ret_mean=82.500 ep_len=500.0 pi_loss=-0.013 v_loss=2.423 ent=2.440 kl=0.0004
[upd  142 | steps   72704 | t   41.8s | sps  1740] ret_mean=0.000 ep_len=500.0 pi_loss=-0.009 v_loss=0.006 ent=2.873 kl=0.0035
[upd  143 | steps   73216 | t   42.0s | sps  1745] ret_mean=0.000 ep_len=500.0 pi_loss=-0.010 v_loss=0.006 ent=2.484 kl=-0.0012
[upd  144 | steps   73728 | t   42.1s | sps  1750] ret_mean=0.000 ep_len=500.0 pi_loss=-0.012 v_loss=0.003 ent=2.603 kl=0.0115
[upd  145 | steps   74240 | t   42.3s | sps  1755] ret_mean=0.000 ep_len=500.0 pi_loss=-0.007 v_loss=0.585 ent=2.391 kl=0.0078
[upd  146 | steps   74752 | t   42.5s | sps  1761] ret_mean=20.500 ep_len=500.0 pi_loss=-0.011 v_loss=0.005 ent=2.814 kl=0.0108
[upd  147 | steps   75264 | t   42.6s | sps  1766] ret_mean=0.000 ep_len=500.0 pi_loss=-0.007 v_loss=0.001 ent=2.501 kl=0.0103
[upd  148 | steps   75776 | t   42.8s | sps  1772] ret_mean=0.000 ep_len=500.0 pi_loss=-0.003 v_loss=2.783 ent=2.183 kl=0.0011
[upd  149 | steps   76288 | t   42.9s | sps  1778] ret_mean=114.000 ep_len=500.0 pi_loss=-0.007 v_loss=2.337 ent=2.240 kl=0.0062
[upd  150 | steps   76800 | t   43.1s | sps  1783] ret_mean=0.000 ep_len=500.0 pi_loss=-0.010 v_loss=0.004 ent=2.398 kl=-0.0009
        [eval] ret_mean=3.833 ep_len=500.0
[upd  151 | steps   77312 | t   47.0s | sps  1646] ret_mean=0.000 ep_len=500.0 pi_loss=-0.009 v_loss=0.006 ent=2.409 kl=0.0008
[upd  152 | steps   77824 | t   47.1s | sps  1651] ret_mean=14.000 ep_len=500.0 pi_loss=-0.004 v_loss=0.509 ent=2.375 kl=0.0056
[upd  153 | steps   78336 | t   47.3s | sps  1657] ret_mean=45.000 ep_len=500.0 pi_loss=-0.008 v_loss=1.580 ent=2.335 kl=0.0041
[upd  154 | steps   78848 | t   47.5s | sps  1662] ret_mean=0.000 ep_len=500.0 pi_loss=-0.013 v_loss=0.218 ent=2.762 kl=0.0012
[upd  155 | steps   79360 | t   47.6s | sps  1666] ret_mean=110.500 ep_len=500.0 pi_loss=-0.013 v_loss=4.849 ent=2.248 kl=0.0071
[upd  156 | steps   79872 | t   47.8s | sps  1671] ret_mean=24.500 ep_len=500.0 pi_loss=-0.007 v_loss=0.976 ent=2.743 kl=0.0110
[upd  157 | steps   80384 | t   48.0s | sps  1676] ret_mean=66.500 ep_len=500.0 pi_loss=-0.013 v_loss=2.658 ent=2.616 kl=0.0058
[upd  158 | steps   80896 | t   48.1s | sps  1680] ret_mean=0.000 ep_len=500.0 pi_loss=-0.013 v_loss=0.016 ent=3.226 kl=0.0119
[upd  159 | steps   81408 | t   48.3s | sps  1686] ret_mean=0.000 ep_len=500.0 pi_loss=-0.015 v_loss=0.020 ent=3.316 kl=0.0135
[upd  160 | steps   81920 | t   48.5s | sps  1690] ret_mean=8.000 ep_len=500.0 pi_loss=-0.015 v_loss=0.996 ent=3.124 kl=0.0101
[upd  161 | steps   82432 | t   48.6s | sps  1695] ret_mean=85.500 ep_len=500.0 pi_loss=-0.008 v_loss=2.242 ent=2.551 kl=0.0074
[upd  162 | steps   82944 | t   48.8s | sps  1699] ret_mean=83.000 ep_len=500.0 pi_loss=-0.015 v_loss=3.089 ent=2.464 kl=0.0092
[upd  163 | steps   83456 | t   49.0s | sps  1704] ret_mean=0.000 ep_len=500.0 pi_loss=-0.008 v_loss=0.043 ent=2.976 kl=0.0047
[upd  164 | steps   83968 | t   49.1s | sps  1709] ret_mean=0.000 ep_len=500.0 pi_loss=-0.013 v_loss=0.037 ent=2.704 kl=0.0011
[upd  165 | steps   84480 | t   49.3s | sps  1714] ret_mean=0.500 ep_len=500.0 pi_loss=-0.010 v_loss=0.038 ent=2.815 kl=0.0035
[upd  166 | steps   84992 | t   49.4s | sps  1719] ret_mean=0.000 ep_len=500.0 pi_loss=-0.018 v_loss=0.047 ent=3.103 kl=-0.0045
[upd  167 | steps   85504 | t   49.6s | sps  1723] ret_mean=36.000 ep_len=500.0 pi_loss=-0.011 v_loss=1.221 ent=2.765 kl=0.0029
[upd  168 | steps   86016 | t   49.8s | sps  1727] ret_mean=6.500 ep_len=500.0 pi_loss=-0.018 v_loss=0.038 ent=3.098 kl=0.0136
[upd  169 | steps   86528 | t   50.0s | sps  1732] ret_mean=0.000 ep_len=500.0 pi_loss=-0.008 v_loss=1.769 ent=2.343 kl=-0.0019
[upd  170 | steps   87040 | t   50.1s | sps  1737] ret_mean=59.000 ep_len=500.0 pi_loss=-0.007 v_loss=0.449 ent=2.680 kl=0.0057
[upd  171 | steps   87552 | t   50.3s | sps  1742] ret_mean=0.000 ep_len=500.0 pi_loss=-0.009 v_loss=2.700 ent=2.408 kl=0.0038
[upd  172 | steps   88064 | t   50.4s | sps  1746] ret_mean=55.000 ep_len=500.0 pi_loss=-0.013 v_loss=0.015 ent=3.102 kl=0.0098
[upd  173 | steps   88576 | t   50.6s | sps  1751] ret_mean=0.000 ep_len=500.0 pi_loss=-0.010 v_loss=0.371 ent=2.435 kl=0.0048
[upd  174 | steps   89088 | t   50.8s | sps  1755] ret_mean=26.500 ep_len=500.0 pi_loss=-0.009 v_loss=2.897 ent=2.698 kl=0.0001
[upd  175 | steps   89600 | t   50.9s | sps  1760] ret_mean=69.500 ep_len=500.0 pi_loss=-0.013 v_loss=0.193 ent=2.729 kl=0.0050
        [eval] ret_mean=4.167 ep_len=500.0
[upd  176 | steps   90112 | t   55.1s | sps  1636] ret_mean=0.000 ep_len=500.0 pi_loss=-0.013 v_loss=0.054 ent=2.461 kl=0.0171
[upd  177 | steps   90624 | t   55.2s | sps  1641] ret_mean=93.000 ep_len=500.0 pi_loss=-0.015 v_loss=4.089 ent=2.305 kl=0.0120
[upd  178 | steps   91136 | t   55.4s | sps  1645] ret_mean=87.500 ep_len=500.0 pi_loss=-0.017 v_loss=4.068 ent=2.357 kl=0.0157
[upd  179 | steps   91648 | t   55.6s | sps  1649] ret_mean=71.500 ep_len=500.0 pi_loss=-0.008 v_loss=4.375 ent=2.482 kl=0.0002
[upd  180 | steps   92160 | t   55.7s | sps  1654] ret_mean=165.000 ep_len=500.0 pi_loss=-0.016 v_loss=8.435 ent=1.996 kl=0.0146
[upd  181 | steps   92672 | t   55.9s | sps  1658] ret_mean=72.000 ep_len=500.0 pi_loss=-0.013 v_loss=2.880 ent=2.128 kl=0.0135
[upd  182 | steps   93184 | t   56.1s | sps  1662] ret_mean=0.000 ep_len=500.0 pi_loss=-0.012 v_loss=0.080 ent=2.869 kl=0.0015
[upd  183 | steps   93696 | t   56.2s | sps  1666] ret_mean=0.000 ep_len=500.0 pi_loss=-0.012 v_loss=0.884 ent=2.527 kl=0.0007
[upd  184 | steps   94208 | t   56.4s | sps  1670] ret_mean=40.500 ep_len=500.0 pi_loss=-0.012 v_loss=0.438 ent=2.812 kl=0.0068
[upd  185 | steps   94720 | t   56.6s | sps  1674] ret_mean=0.000 ep_len=500.0 pi_loss=-0.011 v_loss=0.960 ent=2.858 kl=0.0042
[upd  186 | steps   95232 | t   56.7s | sps  1678] ret_mean=99.000 ep_len=500.0 pi_loss=-0.013 v_loss=3.703 ent=2.120 kl=0.0144
[upd  187 | steps   95744 | t   56.9s | sps  1683] ret_mean=44.500 ep_len=500.0 pi_loss=-0.006 v_loss=0.389 ent=2.287 kl=0.0059
[upd  188 | steps   96256 | t   57.1s | sps  1687] ret_mean=0.000 ep_len=500.0 pi_loss=-0.013 v_loss=0.121 ent=2.268 kl=0.0129
[upd  189 | steps   96768 | t   57.2s | sps  1691] ret_mean=12.500 ep_len=500.0 pi_loss=-0.009 v_loss=1.848 ent=2.434 kl=0.0080
[upd  190 | steps   97280 | t   57.4s | sps  1695] ret_mean=110.000 ep_len=500.0 pi_loss=-0.010 v_loss=4.083 ent=2.375 kl=0.0030
[upd  191 | steps   97792 | t   57.5s | sps  1699] ret_mean=17.500 ep_len=500.0 pi_loss=-0.005 v_loss=2.313 ent=2.894 kl=0.0009
[upd  192 | steps   98304 | t   57.7s | sps  1703] ret_mean=132.000 ep_len=500.0 pi_loss=-0.013 v_loss=4.528 ent=1.943 kl=0.0095
[upd  193 | steps   98816 | t   57.9s | sps  1707] ret_mean=111.000 ep_len=500.0 pi_loss=-0.011 v_loss=2.661 ent=2.361 kl=0.0149
[upd  194 | steps   99328 | t   58.0s | sps  1712] ret_mean=0.000 ep_len=500.0 pi_loss=-0.010 v_loss=0.250 ent=2.767 kl=0.0088
[upd  195 | steps   99840 | t   58.2s | sps  1716] ret_mean=3.000 ep_len=500.0 pi_loss=-0.012 v_loss=0.208 ent=2.341 kl=0.0066
[upd  196 | steps  100352 | t   58.3s | sps  1720] ret_mean=0.000 ep_len=500.0 pi_loss=-0.016 v_loss=0.112 ent=2.724 kl=0.0033
[upd  197 | steps  100864 | t   58.5s | sps  1725] ret_mean=0.000 ep_len=500.0 pi_loss=-0.012 v_loss=2.302 ent=2.248 kl=-0.0013
[upd  198 | steps  101376 | t   58.6s | sps  1729] ret_mean=61.500 ep_len=500.0 pi_loss=-0.012 v_loss=0.209 ent=2.824 kl=-0.0015
[upd  199 | steps  101888 | t   58.8s | sps  1733] ret_mean=0.000 ep_len=500.0 pi_loss=-0.011 v_loss=0.135 ent=2.471 kl=0.0112
[upd  200 | steps  102400 | t   58.9s | sps  1737] ret_mean=0.000 ep_len=500.0 pi_loss=-0.012 v_loss=0.041 ent=2.705 kl=0.0071
        [eval] ret_mean=4.167 ep_len=500.0
[upd  201 | steps  102912 | t   63.0s | sps  1634] ret_mean=0.000 ep_len=500.0 pi_loss=-0.010 v_loss=0.070 ent=2.070 kl=0.0103
[upd  202 | steps  103424 | t   63.2s | sps  1637] ret_mean=0.000 ep_len=500.0 pi_loss=-0.012 v_loss=0.096 ent=2.585 kl=0.0057
[upd  203 | steps  103936 | t   63.3s | sps  1641] ret_mean=25.000 ep_len=500.0 pi_loss=-0.017 v_loss=0.460 ent=2.611 kl=0.0071
[upd  204 | steps  104448 | t   63.5s | sps  1645] ret_mean=38.500 ep_len=500.0 pi_loss=-0.011 v_loss=1.422 ent=2.895 kl=0.0188
[upd  205 | steps  104960 | t   63.7s | sps  1648] ret_mean=0.000 ep_len=500.0 pi_loss=-0.014 v_loss=0.163 ent=2.873 kl=0.0211
[upd  206 | steps  105472 | t   63.8s | sps  1652] ret_mean=47.500 ep_len=500.0 pi_loss=-0.011 v_loss=1.143 ent=2.671 kl=0.0086
[upd  207 | steps  105984 | t   64.0s | sps  1656] ret_mean=75.000 ep_len=500.0 pi_loss=-0.014 v_loss=2.983 ent=2.363 kl=0.0086
[upd  208 | steps  106496 | t   64.2s | sps  1660] ret_mean=33.000 ep_len=500.0 pi_loss=-0.014 v_loss=1.079 ent=2.557 kl=0.0011
[upd  209 | steps  107008 | t   64.3s | sps  1664] ret_mean=0.000 ep_len=500.0 pi_loss=-0.005 v_loss=0.155 ent=2.845 kl=0.0025
[upd  210 | steps  107520 | t   64.5s | sps  1667] ret_mean=0.000 ep_len=500.0 pi_loss=-0.012 v_loss=1.178 ent=2.354 kl=0.0082
[upd  211 | steps  108032 | t   64.7s | sps  1671] ret_mean=87.500 ep_len=500.0 pi_loss=-0.015 v_loss=2.456 ent=2.704 kl=0.0082
[upd  212 | steps  108544 | t   64.8s | sps  1674] ret_mean=5.500 ep_len=500.0 pi_loss=-0.009 v_loss=1.319 ent=2.892 kl=0.0022
[upd  213 | steps  109056 | t   65.0s | sps  1678] ret_mean=53.500 ep_len=500.0 pi_loss=-0.010 v_loss=0.634 ent=2.737 kl=0.0019
[upd  214 | steps  109568 | t   65.2s | sps  1682] ret_mean=0.000 ep_len=500.0 pi_loss=-0.011 v_loss=0.110 ent=2.895 kl=0.0096
[upd  215 | steps  110080 | t   65.3s | sps  1685] ret_mean=5.000 ep_len=500.0 pi_loss=-0.014 v_loss=0.142 ent=2.441 kl=0.0116
[upd  216 | steps  110592 | t   65.5s | sps  1689] ret_mean=0.000 ep_len=500.0 pi_loss=-0.011 v_loss=1.289 ent=2.678 kl=0.0073
[upd  217 | steps  111104 | t   65.6s | sps  1693] ret_mean=32.000 ep_len=500.0 pi_loss=-0.017 v_loss=1.727 ent=2.665 kl=0.0014
[upd  218 | steps  111616 | t   65.8s | sps  1697] ret_mean=47.000 ep_len=500.0 pi_loss=-0.016 v_loss=0.142 ent=2.675 kl=0.0136
[upd  219 | steps  112128 | t   66.0s | sps  1700] ret_mean=0.000 ep_len=500.0 pi_loss=-0.012 v_loss=0.018 ent=2.999 kl=0.0063
[upd  220 | steps  112640 | t   66.1s | sps  1704] ret_mean=0.000 ep_len=500.0 pi_loss=-0.017 v_loss=4.956 ent=2.551 kl=0.0180
[upd  221 | steps  113152 | t   66.3s | sps  1707] ret_mean=92.500 ep_len=500.0 pi_loss=-0.008 v_loss=0.748 ent=2.387 kl=0.0108
[upd  222 | steps  113664 | t   66.4s | sps  1711] ret_mean=0.000 ep_len=500.0 pi_loss=-0.004 v_loss=0.076 ent=2.205 kl=0.0039
[upd  223 | steps  114176 | t   66.6s | sps  1714] ret_mean=0.000 ep_len=500.0 pi_loss=-0.014 v_loss=0.010 ent=3.103 kl=0.0048
[upd  224 | steps  114688 | t   66.8s | sps  1718] ret_mean=0.000 ep_len=500.0 pi_loss=-0.011 v_loss=3.418 ent=2.315 kl=0.0111
[upd  225 | steps  115200 | t   66.9s | sps  1721] ret_mean=123.000 ep_len=500.0 pi_loss=-0.018 v_loss=4.552 ent=1.824 kl=0.0196
        [eval] ret_mean=6.867 ep_len=500.0
[upd  226 | steps  115712 | t   71.0s | sps  1630] ret_mean=48.500 ep_len=500.0 pi_loss=-0.009 v_loss=1.914 ent=2.110 kl=0.0060
[upd  227 | steps  116224 | t   71.2s | sps  1633] ret_mean=49.500 ep_len=500.0 pi_loss=-0.013 v_loss=2.019 ent=2.238 kl=0.0023
[upd  228 | steps  116736 | t   71.3s | sps  1637] ret_mean=0.000 ep_len=500.0 pi_loss=-0.014 v_loss=0.185 ent=2.446 kl=0.0016
[upd  229 | steps  117248 | t   71.5s | sps  1640] ret_mean=37.000 ep_len=500.0 pi_loss=-0.011 v_loss=0.709 ent=1.851 kl=-0.0007
[upd  230 | steps  117760 | t   71.6s | sps  1644] ret_mean=0.000 ep_len=500.0 pi_loss=-0.010 v_loss=0.364 ent=3.067 kl=0.0093
[upd  231 | steps  118272 | t   71.8s | sps  1647] ret_mean=123.000 ep_len=500.0 pi_loss=-0.016 v_loss=4.467 ent=1.338 kl=0.0132
[upd  232 | steps  118784 | t   72.0s | sps  1651] ret_mean=0.000 ep_len=500.0 pi_loss=-0.009 v_loss=0.058 ent=2.327 kl=0.0096
[upd  233 | steps  119296 | t   72.1s | sps  1654] ret_mean=0.000 ep_len=500.0 pi_loss=-0.004 v_loss=0.153 ent=1.950 kl=0.0099
[upd  234 | steps  119808 | t   72.3s | sps  1657] ret_mean=0.000 ep_len=500.0 pi_loss=-0.013 v_loss=0.057 ent=2.255 kl=0.0109
[upd  235 | steps  120320 | t   72.5s | sps  1661] ret_mean=67.500 ep_len=500.0 pi_loss=-0.008 v_loss=3.808 ent=1.624 kl=0.0054
[upd  236 | steps  120832 | t   72.6s | sps  1664] ret_mean=52.000 ep_len=500.0 pi_loss=-0.012 v_loss=1.530 ent=1.867 kl=0.0007
[upd  237 | steps  121344 | t   72.8s | sps  1668] ret_mean=70.500 ep_len=500.0 pi_loss=-0.009 v_loss=1.282 ent=2.790 kl=0.0086
[upd  238 | steps  121856 | t   72.9s | sps  1671] ret_mean=0.000 ep_len=500.0 pi_loss=-0.014 v_loss=0.498 ent=3.010 kl=0.0107
[upd  239 | steps  122368 | t   73.1s | sps  1674] ret_mean=39.000 ep_len=500.0 pi_loss=-0.012 v_loss=0.772 ent=2.753 kl=0.0049
[upd  240 | steps  122880 | t   73.3s | sps  1677] ret_mean=0.000 ep_len=500.0 pi_loss=-0.007 v_loss=0.047 ent=3.103 kl=0.0084
[upd  241 | steps  123392 | t   73.4s | sps  1680] ret_mean=0.000 ep_len=500.0 pi_loss=-0.014 v_loss=0.023 ent=2.441 kl=0.0036
[upd  242 | steps  123904 | t   73.6s | sps  1684] ret_mean=0.000 ep_len=500.0 pi_loss=-0.017 v_loss=0.015 ent=3.214 kl=0.0121
[upd  243 | steps  124416 | t   73.8s | sps  1687] ret_mean=0.000 ep_len=500.0 pi_loss=-0.010 v_loss=1.045 ent=2.593 kl=0.0060
[upd  244 | steps  124928 | t   73.9s | sps  1690] ret_mean=93.000 ep_len=500.0 pi_loss=-0.013 v_loss=3.200 ent=1.834 kl=0.0083
[upd  245 | steps  125440 | t   74.1s | sps  1693] ret_mean=0.000 ep_len=500.0 pi_loss=-0.018 v_loss=1.188 ent=2.956 kl=0.0007
[upd  246 | steps  125952 | t   74.3s | sps  1696] ret_mean=41.000 ep_len=500.0 pi_loss=-0.010 v_loss=1.579 ent=2.429 kl=-0.0018
[upd  247 | steps  126464 | t   74.4s | sps  1699] ret_mean=91.500 ep_len=500.0 pi_loss=-0.011 v_loss=6.273 ent=1.909 kl=0.0028
[upd  248 | steps  126976 | t   74.6s | sps  1702] ret_mean=124.000 ep_len=500.0 pi_loss=-0.011 v_loss=5.002 ent=1.546 kl=0.0040
[upd  249 | steps  127488 | t   74.8s | sps  1705] ret_mean=61.500 ep_len=500.0 pi_loss=-0.008 v_loss=0.148 ent=2.174 kl=0.0348
[upd  250 | steps  128000 | t   75.0s | sps  1707] ret_mean=0.000 ep_len=500.0 pi_loss=-0.013 v_loss=2.281 ent=2.277 kl=0.0055
        [eval] ret_mean=17.133 ep_len=500.0
[upd  251 | steps  128512 | t   79.0s | sps  1627] ret_mean=0.000 ep_len=500.0 pi_loss=-0.016 v_loss=0.060 ent=3.169 kl=0.0181
[upd  252 | steps  129024 | t   79.1s | sps  1630] ret_mean=24.500 ep_len=500.0 pi_loss=-0.007 v_loss=0.888 ent=2.312 kl=0.0099
[upd  253 | steps  129536 | t   79.3s | sps  1634] ret_mean=125.500 ep_len=500.0 pi_loss=-0.010 v_loss=4.682 ent=1.673 kl=0.0077
[upd  254 | steps  130048 | t   79.4s | sps  1637] ret_mean=11.500 ep_len=500.0 pi_loss=-0.019 v_loss=0.322 ent=2.840 kl=0.0110
[upd  255 | steps  130560 | t   79.6s | sps  1640] ret_mean=16.500 ep_len=500.0 pi_loss=-0.009 v_loss=0.641 ent=2.953 kl=0.0045
[upd  256 | steps  131072 | t   79.8s | sps  1643] ret_mean=0.000 ep_len=500.0 pi_loss=-0.012 v_loss=0.063 ent=2.584 kl=0.0096
[upd  257 | steps  131584 | t   79.9s | sps  1646] ret_mean=0.000 ep_len=500.0 pi_loss=-0.013 v_loss=0.074 ent=2.879 kl=0.0084
[upd  258 | steps  132096 | t   80.1s | sps  1649] ret_mean=0.000 ep_len=500.0 pi_loss=-0.016 v_loss=0.046 ent=2.353 kl=0.0098
[upd  259 | steps  132608 | t   80.3s | sps  1652] ret_mean=0.000 ep_len=500.0 pi_loss=-0.013 v_loss=0.017 ent=3.112 kl=0.0053
[upd  260 | steps  133120 | t   80.4s | sps  1656] ret_mean=0.000 ep_len=500.0 pi_loss=-0.013 v_loss=0.876 ent=1.823 kl=0.0044
[upd  261 | steps  133632 | t   80.5s | sps  1659] ret_mean=76.000 ep_len=500.0 pi_loss=-0.015 v_loss=2.027 ent=2.683 kl=0.0051
[upd  262 | steps  134144 | t   80.7s | sps  1662] ret_mean=0.000 ep_len=500.0 pi_loss=-0.011 v_loss=0.793 ent=2.826 kl=0.0030
[upd  263 | steps  134656 | t   80.9s | sps  1665] ret_mean=28.000 ep_len=500.0 pi_loss=-0.007 v_loss=1.071 ent=2.935 kl=0.0124
[upd  264 | steps  135168 | t   81.0s | sps  1668] ret_mean=109.500 ep_len=500.0 pi_loss=-0.011 v_loss=3.619 ent=1.813 kl=0.0113
[upd  265 | steps  135680 | t   81.2s | sps  1672] ret_mean=13.000 ep_len=500.0 pi_loss=-0.015 v_loss=0.571 ent=2.527 kl=0.0232
[upd  266 | steps  136192 | t   81.3s | sps  1675] ret_mean=5.000 ep_len=500.0 pi_loss=-0.014 v_loss=0.554 ent=2.886 kl=0.0170
[upd  267 | steps  136704 | t   81.5s | sps  1678] ret_mean=85.000 ep_len=500.0 pi_loss=-0.014 v_loss=3.136 ent=1.468 kl=0.0141
[upd  268 | steps  137216 | t   81.6s | sps  1681] ret_mean=0.000 ep_len=500.0 pi_loss=-0.014 v_loss=0.019 ent=2.782 kl=0.0144
[upd  269 | steps  137728 | t   81.8s | sps  1684] ret_mean=0.000 ep_len=500.0 pi_loss=-0.012 v_loss=0.028 ent=2.880 kl=0.0032
[upd  270 | steps  138240 | t   81.9s | sps  1688] ret_mean=32.500 ep_len=500.0 pi_loss=-0.010 v_loss=3.948 ent=1.518 kl=0.0024
[upd  271 | steps  138752 | t   82.1s | sps  1691] ret_mean=78.000 ep_len=500.0 pi_loss=-0.010 v_loss=0.586 ent=2.511 kl=0.0145
[upd  272 | steps  139264 | t   82.2s | sps  1694] ret_mean=0.000 ep_len=500.0 pi_loss=-0.013 v_loss=2.474 ent=2.504 kl=0.0042
[upd  273 | steps  139776 | t   82.4s | sps  1697] ret_mean=52.000 ep_len=500.0 pi_loss=-0.011 v_loss=0.055 ent=1.725 kl=0.0136
[upd  274 | steps  140288 | t   82.5s | sps  1700] ret_mean=0.000 ep_len=500.0 pi_loss=-0.011 v_loss=0.018 ent=2.052 kl=0.0104
[upd  275 | steps  140800 | t   82.6s | sps  1704] ret_mean=0.000 ep_len=500.0 pi_loss=-0.014 v_loss=0.005 ent=1.437 kl=0.0043
        [eval] ret_mean=10.117 ep_len=500.0
[upd  276 | steps  141312 | t   86.4s | sps  1635] ret_mean=0.000 ep_len=500.0 pi_loss=-0.011 v_loss=0.003 ent=2.899 kl=0.0018
[upd  277 | steps  141824 | t   86.6s | sps  1638] ret_mean=69.000 ep_len=500.0 pi_loss=-0.007 v_loss=3.054 ent=1.936 kl=0.0038
[upd  278 | steps  142336 | t   86.8s | sps  1641] ret_mean=0.000 ep_len=500.0 pi_loss=-0.013 v_loss=0.004 ent=2.923 kl=0.0035
[upd  279 | steps  142848 | t   86.9s | sps  1643] ret_mean=0.000 ep_len=500.0 pi_loss=-0.014 v_loss=0.305 ent=3.171 kl=0.0015
[upd  280 | steps  143360 | t   87.2s | sps  1645] ret_mean=45.500 ep_len=500.0 pi_loss=-0.012 v_loss=1.038 ent=2.215 kl=0.0087
[upd  281 | steps  143872 | t   87.3s | sps  1647] ret_mean=0.000 ep_len=500.0 pi_loss=-0.010 v_loss=0.036 ent=2.129 kl=0.0039
[upd  282 | steps  144384 | t   87.5s | sps  1650] ret_mean=64.000 ep_len=500.0 pi_loss=-0.010 v_loss=3.480 ent=1.287 kl=0.0036
[upd  283 | steps  144896 | t   87.7s | sps  1653] ret_mean=117.500 ep_len=500.0 pi_loss=-0.013 v_loss=4.100 ent=1.467 kl=0.0056
[upd  284 | steps  145408 | t   87.8s | sps  1656] ret_mean=0.000 ep_len=500.0 pi_loss=-0.009 v_loss=0.010 ent=2.108 kl=0.0074
[upd  285 | steps  145920 | t   88.0s | sps  1659] ret_mean=0.000 ep_len=500.0 pi_loss=-0.016 v_loss=0.983 ent=1.304 kl=-0.0079
[upd  286 | steps  146432 | t   88.1s | sps  1662] ret_mean=70.500 ep_len=500.0 pi_loss=-0.009 v_loss=2.297 ent=1.633 kl=0.0100
[upd  287 | steps  146944 | t   88.3s | sps  1665] ret_mean=109.500 ep_len=500.0 pi_loss=-0.007 v_loss=4.434 ent=1.080 kl=0.0038
[upd  288 | steps  147456 | t   88.4s | sps  1668] ret_mean=116.000 ep_len=500.0 pi_loss=-0.011 v_loss=3.757 ent=1.730 kl=0.0105
[upd  289 | steps  147968 | t   88.6s | sps  1671] ret_mean=102.500 ep_len=500.0 pi_loss=-0.015 v_loss=4.382 ent=1.991 kl=-0.0013
[upd  290 | steps  148480 | t   88.7s | sps  1673] ret_mean=0.000 ep_len=500.0 pi_loss=-0.012 v_loss=0.028 ent=3.003 kl=0.0058
[upd  291 | steps  148992 | t   88.9s | sps  1676] ret_mean=0.000 ep_len=500.0 pi_loss=-0.013 v_loss=0.013 ent=2.962 kl=0.0021
[upd  292 | steps  149504 | t   89.0s | sps  1679] ret_mean=0.000 ep_len=500.0 pi_loss=-0.007 v_loss=0.006 ent=1.812 kl=0.0097
[upd  293 | steps  150016 | t   89.2s | sps  1681] ret_mean=0.000 ep_len=500.0 pi_loss=-0.015 v_loss=2.063 ent=1.590 kl=0.0012
[upd  294 | steps  150528 | t   89.4s | sps  1684] ret_mean=119.000 ep_len=500.0 pi_loss=-0.013 v_loss=2.959 ent=1.784 kl=0.0136
[upd  295 | steps  151040 | t   89.6s | sps  1686] ret_mean=9.500 ep_len=500.0 pi_loss=-0.004 v_loss=0.055 ent=2.219 kl=0.0061
[upd  296 | steps  151552 | t   89.7s | sps  1689] ret_mean=0.000 ep_len=500.0 pi_loss=-0.010 v_loss=0.028 ent=2.376 kl=0.0085
[upd  297 | steps  152064 | t   89.9s | sps  1692] ret_mean=0.000 ep_len=500.0 pi_loss=-0.009 v_loss=0.010 ent=2.144 kl=0.0044
[upd  298 | steps  152576 | t   90.0s | sps  1694] ret_mean=0.000 ep_len=500.0 pi_loss=-0.009 v_loss=2.895 ent=1.940 kl=0.0036
[upd  299 | steps  153088 | t   90.2s | sps  1697] ret_mean=108.500 ep_len=500.0 pi_loss=-0.008 v_loss=2.263 ent=1.723 kl=0.0189
[upd  300 | steps  153600 | t   90.4s | sps  1700] ret_mean=0.000 ep_len=500.0 pi_loss=-0.013 v_loss=0.037 ent=2.698 kl=-0.0005
        [eval] ret_mean=0.000 ep_len=500.0
