$ /Users/samchen/Coding/CLASSES/CS2860/.venv/bin/python3 -m policies.train --env rware-tiny-2ag-easy-v2 --seed 1 --updates 400 --rollout 512 --eval-every 25 --eval-episodes 30 --log-dir matrix_results/diagnostics_v1_sam/comm_2ag/main_tiny --run-name mappo-heartbeat-only__baseline__d0__s1 --n-msg-tokens 8 --no-comm --heartbeat --heartbeat-period 1 --heartbeat-max-age-clip 128 --shape-rewards --pickup-bonus 0.5

[env] EnvSpec(env_id='rware-tiny-2ag-easy-v2', n_agents=2, obs_dim=73, n_env_actions=5, noop_action=0, family='rware')  (n_msg_tokens=1)
[cfg] {'clip_range': 0.2, 'value_clip_range': 0.2, 'entropy_coef': 0.01, 'value_coef': 0.5, 'max_grad_norm': 0.5, 'gamma': 0.99, 'gae_lambda': 0.95, 'lr_actor': 0.0003, 'lr_critic': 0.001, 'update_epochs': 4, 'minibatches': 4, 'hidden': 128, 'depth': 2, 'device': 'cpu', 'extra': {}}
[log] writing to matrix_results/diagnostics_v1_sam/comm_2ag/main_tiny/mappo-heartbeat-only__baseline__d0__s1
[upd    1 | steps     512 | t    0.2s | sps  2765] ret_mean=0.000 ep_len=500.0 pi_loss=-0.007 v_loss=0.096 ent=1.608 kl=0.0055
[upd    2 | steps    1024 | t    0.3s | sps  2964] ret_mean=4.000 ep_len=500.0 pi_loss=-0.006 v_loss=0.068 ent=1.600 kl=-0.0004
[upd    3 | steps    1536 | t    0.5s | sps  2963] ret_mean=1.000 ep_len=500.0 pi_loss=-0.007 v_loss=0.027 ent=1.596 kl=0.0068
[upd    4 | steps    2048 | t    0.7s | sps  2999] ret_mean=0.000 ep_len=500.0 pi_loss=-0.003 v_loss=0.036 ent=1.594 kl=0.0024
[upd    5 | steps    2560 | t    0.9s | sps  2885] ret_mean=0.500 ep_len=500.0 pi_loss=0.000 v_loss=0.025 ent=1.589 kl=-0.0007
[upd    6 | steps    3072 | t    1.0s | sps  2952] ret_mean=0.500 ep_len=500.0 pi_loss=-0.004 v_loss=0.011 ent=1.601 kl=-0.0009
[upd    7 | steps    3584 | t    1.2s | sps  2986] ret_mean=0.500 ep_len=500.0 pi_loss=-0.009 v_loss=0.012 ent=1.593 kl=0.0033
[upd    8 | steps    4096 | t    1.4s | sps  3010] ret_mean=0.000 ep_len=500.0 pi_loss=-0.003 v_loss=0.016 ent=1.586 kl=0.0005
[upd    9 | steps    4608 | t    1.5s | sps  3017] ret_mean=0.000 ep_len=500.0 pi_loss=-0.005 v_loss=0.006 ent=1.595 kl=-0.0009
[upd   10 | steps    5120 | t    1.7s | sps  2995] ret_mean=0.000 ep_len=500.0 pi_loss=-0.007 v_loss=0.009 ent=1.577 kl=0.0080
[upd   11 | steps    5632 | t    1.9s | sps  2988] ret_mean=0.500 ep_len=500.0 pi_loss=-0.006 v_loss=0.006 ent=1.583 kl=-0.0009
[upd   12 | steps    6144 | t    2.1s | sps  2981] ret_mean=0.000 ep_len=500.0 pi_loss=-0.006 v_loss=0.004 ent=1.592 kl=0.0033
[upd   13 | steps    6656 | t    2.2s | sps  2984] ret_mean=0.000 ep_len=500.0 pi_loss=-0.003 v_loss=0.006 ent=1.577 kl=0.0030
[upd   14 | steps    7168 | t    2.4s | sps  2950] ret_mean=2.000 ep_len=500.0 pi_loss=-0.004 v_loss=0.012 ent=1.549 kl=0.0030
[upd   15 | steps    7680 | t    2.7s | sps  2898] ret_mean=1.500 ep_len=500.0 pi_loss=-0.008 v_loss=0.007 ent=1.570 kl=0.0031
[upd   16 | steps    8192 | t    2.9s | sps  2870] ret_mean=0.000 ep_len=500.0 pi_loss=-0.006 v_loss=0.015 ent=1.550 kl=0.0059
[upd   17 | steps    8704 | t    3.1s | sps  2848] ret_mean=3.000 ep_len=500.0 pi_loss=-0.005 v_loss=0.038 ent=1.528 kl=0.0026
[upd   18 | steps    9216 | t    3.3s | sps  2829] ret_mean=3.000 ep_len=500.0 pi_loss=-0.006 v_loss=0.036 ent=1.460 kl=0.0108
[upd   19 | steps    9728 | t    3.4s | sps  2830] ret_mean=4.500 ep_len=500.0 pi_loss=-0.006 v_loss=0.008 ent=1.484 kl=0.0018
[upd   20 | steps   10240 | t    3.6s | sps  2822] ret_mean=1.500 ep_len=500.0 pi_loss=-0.005 v_loss=0.003 ent=1.518 kl=0.0022
[upd   21 | steps   10752 | t    3.8s | sps  2822] ret_mean=0.500 ep_len=500.0 pi_loss=-0.008 v_loss=0.046 ent=1.550 kl=0.0091
[upd   22 | steps   11264 | t    4.0s | sps  2839] ret_mean=9.500 ep_len=500.0 pi_loss=-0.010 v_loss=0.116 ent=1.504 kl=0.0051
[upd   23 | steps   11776 | t    4.1s | sps  2852] ret_mean=0.000 ep_len=500.0 pi_loss=-0.004 v_loss=0.003 ent=1.476 kl=0.0003
[upd   24 | steps   12288 | t    4.3s | sps  2865] ret_mean=0.000 ep_len=500.0 pi_loss=-0.007 v_loss=0.013 ent=1.435 kl=0.0081
[upd   25 | steps   12800 | t    4.5s | sps  2876] ret_mean=1.500 ep_len=500.0 pi_loss=-0.004 v_loss=0.003 ent=1.383 kl=0.0046
        [eval] ret_mean=16.667 ep_len=500.0
[upd   26 | steps   13312 | t    8.5s | sps  1558] ret_mean=1.000 ep_len=500.0 pi_loss=-0.007 v_loss=0.004 ent=1.485 kl=-0.0004
[upd   27 | steps   13824 | t    8.8s | sps  1579] ret_mean=1.500 ep_len=500.0 pi_loss=-0.006 v_loss=0.016 ent=1.493 kl=0.0038
[upd   28 | steps   14336 | t    8.9s | sps  1606] ret_mean=9.500 ep_len=500.0 pi_loss=-0.005 v_loss=0.221 ent=1.275 kl=0.0041
[upd   29 | steps   14848 | t    9.1s | sps  1636] ret_mean=0.000 ep_len=500.0 pi_loss=-0.006 v_loss=0.004 ent=1.500 kl=0.0003
[upd   30 | steps   15360 | t    9.3s | sps  1660] ret_mean=0.000 ep_len=500.0 pi_loss=-0.005 v_loss=0.011 ent=1.434 kl=0.0037
[upd   31 | steps   15872 | t    9.4s | sps  1687] ret_mean=6.500 ep_len=500.0 pi_loss=-0.004 v_loss=0.071 ent=1.394 kl=0.0042
[upd   32 | steps   16384 | t    9.6s | sps  1713] ret_mean=5.500 ep_len=500.0 pi_loss=-0.002 v_loss=0.111 ent=1.385 kl=0.0008
[upd   33 | steps   16896 | t    9.7s | sps  1737] ret_mean=7.000 ep_len=500.0 pi_loss=-0.004 v_loss=0.101 ent=1.384 kl=0.0015
[upd   34 | steps   17408 | t    9.9s | sps  1754] ret_mean=0.000 ep_len=500.0 pi_loss=-0.005 v_loss=0.004 ent=1.302 kl=0.0115
[upd   35 | steps   17920 | t   10.1s | sps  1777] ret_mean=3.000 ep_len=500.0 pi_loss=-0.002 v_loss=0.031 ent=1.320 kl=-0.0015
[upd   36 | steps   18432 | t   10.2s | sps  1801] ret_mean=2.500 ep_len=500.0 pi_loss=-0.008 v_loss=0.036 ent=1.363 kl=0.0032
[upd   37 | steps   18944 | t   10.4s | sps  1823] ret_mean=7.000 ep_len=500.0 pi_loss=-0.007 v_loss=0.132 ent=1.365 kl=0.0076
[upd   38 | steps   19456 | t   10.6s | sps  1844] ret_mean=0.000 ep_len=500.0 pi_loss=-0.007 v_loss=0.005 ent=1.350 kl=0.0034
[upd   39 | steps   19968 | t   10.7s | sps  1864] ret_mean=0.000 ep_len=500.0 pi_loss=-0.007 v_loss=0.009 ent=1.283 kl=0.0035
[upd   40 | steps   20480 | t   10.9s | sps  1884] ret_mean=2.000 ep_len=500.0 pi_loss=-0.005 v_loss=0.004 ent=1.351 kl=0.0045
[upd   41 | steps   20992 | t   11.0s | sps  1904] ret_mean=0.000 ep_len=500.0 pi_loss=-0.001 v_loss=0.092 ent=1.351 kl=-0.0004
[upd   42 | steps   21504 | t   11.2s | sps  1923] ret_mean=10.500 ep_len=500.0 pi_loss=-0.008 v_loss=0.126 ent=1.287 kl=0.0136
[upd   43 | steps   22016 | t   11.3s | sps  1941] ret_mean=7.000 ep_len=500.0 pi_loss=-0.007 v_loss=0.041 ent=1.316 kl=0.0063
[upd   44 | steps   22528 | t   11.5s | sps  1959] ret_mean=3.500 ep_len=500.0 pi_loss=-0.010 v_loss=0.052 ent=1.173 kl=0.0082
[upd   45 | steps   23040 | t   11.7s | sps  1976] ret_mean=4.000 ep_len=500.0 pi_loss=-0.003 v_loss=0.052 ent=1.119 kl=0.0023
[upd   46 | steps   23552 | t   11.8s | sps  1993] ret_mean=0.000 ep_len=500.0 pi_loss=-0.009 v_loss=0.328 ent=1.026 kl=0.0075
[upd   47 | steps   24064 | t   12.0s | sps  2010] ret_mean=16.000 ep_len=500.0 pi_loss=-0.004 v_loss=0.005 ent=1.155 kl=-0.0049
[upd   48 | steps   24576 | t   12.1s | sps  2027] ret_mean=0.000 ep_len=500.0 pi_loss=-0.009 v_loss=0.008 ent=1.100 kl=0.0045
[upd   49 | steps   25088 | t   12.3s | sps  2043] ret_mean=2.000 ep_len=500.0 pi_loss=-0.005 v_loss=0.003 ent=1.162 kl=0.0096
[upd   50 | steps   25600 | t   12.4s | sps  2059] ret_mean=0.000 ep_len=500.0 pi_loss=-0.009 v_loss=0.008 ent=1.113 kl=0.0188
        [eval] ret_mean=4.167 ep_len=500.0
[upd   51 | steps   26112 | t   16.3s | sps  1606] ret_mean=4.500 ep_len=500.0 pi_loss=-0.008 v_loss=0.055 ent=1.210 kl=0.0074
[upd   52 | steps   26624 | t   16.4s | sps  1621] ret_mean=4.000 ep_len=500.0 pi_loss=-0.008 v_loss=0.026 ent=0.960 kl=0.0254
[upd   53 | steps   27136 | t   16.6s | sps  1636] ret_mean=0.000 ep_len=500.0 pi_loss=-0.007 v_loss=0.002 ent=1.011 kl=0.0142
[upd   54 | steps   27648 | t   16.7s | sps  1651] ret_mean=1.500 ep_len=500.0 pi_loss=-0.005 v_loss=0.012 ent=1.061 kl=0.0046
[upd   55 | steps   28160 | t   16.9s | sps  1665] ret_mean=0.000 ep_len=500.0 pi_loss=-0.006 v_loss=0.003 ent=0.906 kl=-0.0060
[upd   56 | steps   28672 | t   17.1s | sps  1680] ret_mean=18.000 ep_len=500.0 pi_loss=-0.007 v_loss=0.603 ent=0.955 kl=0.0053
[upd   57 | steps   29184 | t   17.2s | sps  1694] ret_mean=0.000 ep_len=500.0 pi_loss=-0.005 v_loss=0.002 ent=0.826 kl=0.0001
[upd   58 | steps   29696 | t   17.4s | sps  1708] ret_mean=0.000 ep_len=500.0 pi_loss=-0.004 v_loss=0.001 ent=0.809 kl=0.0064
[upd   59 | steps   30208 | t   17.6s | sps  1720] ret_mean=17.000 ep_len=500.0 pi_loss=-0.000 v_loss=0.533 ent=0.843 kl=0.0052
[upd   60 | steps   30720 | t   17.7s | sps  1733] ret_mean=0.000 ep_len=500.0 pi_loss=-0.003 v_loss=0.351 ent=0.818 kl=0.0055
[upd   61 | steps   31232 | t   17.9s | sps  1745] ret_mean=51.000 ep_len=500.0 pi_loss=-0.004 v_loss=1.360 ent=0.695 kl=0.0039
[upd   62 | steps   31744 | t   18.1s | sps  1758] ret_mean=0.000 ep_len=500.0 pi_loss=-0.001 v_loss=0.540 ent=0.719 kl=0.0014
[upd   63 | steps   32256 | t   18.3s | sps  1767] ret_mean=17.000 ep_len=500.0 pi_loss=-0.003 v_loss=0.077 ent=0.822 kl=0.0034
[upd   64 | steps   32768 | t   18.5s | sps  1775] ret_mean=23.500 ep_len=500.0 pi_loss=-0.003 v_loss=2.058 ent=0.745 kl=0.0046
[upd   65 | steps   33280 | t   18.7s | sps  1784] ret_mean=46.500 ep_len=500.0 pi_loss=-0.005 v_loss=0.503 ent=0.892 kl=0.0168
[upd   66 | steps   33792 | t   18.8s | sps  1795] ret_mean=0.000 ep_len=500.0 pi_loss=-0.007 v_loss=0.689 ent=0.870 kl=0.0104
[upd   67 | steps   34304 | t   19.0s | sps  1807] ret_mean=17.500 ep_len=500.0 pi_loss=-0.008 v_loss=0.163 ent=0.839 kl=0.0101
[upd   68 | steps   34816 | t   19.1s | sps  1819] ret_mean=5.500 ep_len=500.0 pi_loss=-0.006 v_loss=0.018 ent=0.969 kl=0.0004
[upd   69 | steps   35328 | t   19.3s | sps  1831] ret_mean=0.000 ep_len=500.0 pi_loss=-0.008 v_loss=0.013 ent=0.639 kl=0.0081
[upd   70 | steps   35840 | t   19.4s | sps  1843] ret_mean=0.000 ep_len=500.0 pi_loss=-0.005 v_loss=1.656 ent=0.682 kl=0.0039
[upd   71 | steps   36352 | t   19.6s | sps  1855] ret_mean=35.500 ep_len=500.0 pi_loss=-0.004 v_loss=0.012 ent=0.854 kl=0.0072
[upd   72 | steps   36864 | t   19.8s | sps  1866] ret_mean=0.000 ep_len=500.0 pi_loss=-0.005 v_loss=0.014 ent=0.769 kl=0.0014
[upd   73 | steps   37376 | t   19.9s | sps  1877] ret_mean=1.500 ep_len=500.0 pi_loss=-0.005 v_loss=0.117 ent=0.862 kl=0.0038
[upd   74 | steps   37888 | t   20.1s | sps  1887] ret_mean=5.000 ep_len=500.0 pi_loss=-0.003 v_loss=0.009 ent=0.711 kl=0.0067
[upd   75 | steps   38400 | t   20.2s | sps  1898] ret_mean=0.000 ep_len=500.0 pi_loss=-0.007 v_loss=3.965 ent=0.581 kl=0.0059
        [eval] ret_mean=8.333 ep_len=500.0
[upd   76 | steps   38912 | t   23.9s | sps  1629] ret_mean=0.000 ep_len=500.0 pi_loss=-0.006 v_loss=0.021 ent=0.654 kl=0.0027
[upd   77 | steps   39424 | t   24.0s | sps  1640] ret_mean=14.000 ep_len=500.0 pi_loss=-0.002 v_loss=0.394 ent=0.627 kl=0.0032
[upd   78 | steps   39936 | t   24.2s | sps  1651] ret_mean=4.500 ep_len=500.0 pi_loss=-0.004 v_loss=0.298 ent=0.718 kl=0.0058
[upd   79 | steps   40448 | t   24.3s | sps  1662] ret_mean=60.000 ep_len=500.0 pi_loss=-0.004 v_loss=2.543 ent=0.615 kl=0.0014
[upd   80 | steps   40960 | t   24.5s | sps  1672] ret_mean=20.500 ep_len=500.0 pi_loss=-0.003 v_loss=0.653 ent=0.497 kl=0.0034
[upd   81 | steps   41472 | t   24.6s | sps  1683] ret_mean=0.000 ep_len=500.0 pi_loss=-0.006 v_loss=0.015 ent=0.665 kl=0.0020
[upd   82 | steps   41984 | t   24.8s | sps  1693] ret_mean=0.000 ep_len=500.0 pi_loss=-0.002 v_loss=0.007 ent=0.523 kl=0.0013
[upd   83 | steps   42496 | t   24.9s | sps  1704] ret_mean=60.500 ep_len=500.0 pi_loss=-0.003 v_loss=3.018 ent=0.477 kl=0.0045
[upd   84 | steps   43008 | t   25.1s | sps  1713] ret_mean=0.000 ep_len=500.0 pi_loss=-0.008 v_loss=1.092 ent=0.694 kl=0.0115
[upd   85 | steps   43520 | t   25.3s | sps  1722] ret_mean=103.000 ep_len=500.0 pi_loss=-0.006 v_loss=3.966 ent=0.600 kl=-0.0015
[upd   86 | steps   44032 | t   25.4s | sps  1732] ret_mean=45.500 ep_len=500.0 pi_loss=-0.006 v_loss=1.985 ent=0.589 kl=0.0034
[upd   87 | steps   44544 | t   25.6s | sps  1742] ret_mean=54.500 ep_len=500.0 pi_loss=-0.004 v_loss=3.242 ent=0.515 kl=0.0012
[upd   88 | steps   45056 | t   25.7s | sps  1751] ret_mean=33.500 ep_len=500.0 pi_loss=-0.006 v_loss=0.876 ent=0.857 kl=0.0148
[upd   89 | steps   45568 | t   25.9s | sps  1761] ret_mean=0.000 ep_len=500.0 pi_loss=-0.001 v_loss=0.061 ent=0.355 kl=0.0060
[upd   90 | steps   46080 | t   26.0s | sps  1770] ret_mean=77.000 ep_len=500.0 pi_loss=-0.005 v_loss=3.631 ent=0.449 kl=-0.0031
[upd   91 | steps   46592 | t   26.2s | sps  1779] ret_mean=0.000 ep_len=500.0 pi_loss=-0.005 v_loss=1.133 ent=0.781 kl=0.0073
[upd   92 | steps   47104 | t   26.3s | sps  1789] ret_mean=50.000 ep_len=500.0 pi_loss=-0.008 v_loss=3.121 ent=0.497 kl=0.0059
[upd   93 | steps   47616 | t   26.5s | sps  1796] ret_mean=67.500 ep_len=500.0 pi_loss=-0.006 v_loss=0.696 ent=0.826 kl=0.0061
[upd   94 | steps   48128 | t   26.7s | sps  1804] ret_mean=0.000 ep_len=500.0 pi_loss=-0.004 v_loss=1.611 ent=0.773 kl=0.0056
[upd   95 | steps   48640 | t   26.8s | sps  1812] ret_mean=67.500 ep_len=500.0 pi_loss=-0.002 v_loss=1.690 ent=0.710 kl=0.0070
[upd   96 | steps   49152 | t   27.0s | sps  1821] ret_mean=12.500 ep_len=500.0 pi_loss=-0.004 v_loss=0.063 ent=0.789 kl=0.0162
[upd   97 | steps   49664 | t   27.2s | sps  1829] ret_mean=8.000 ep_len=500.0 pi_loss=-0.005 v_loss=1.474 ent=0.926 kl=0.0073
[upd   98 | steps   50176 | t   27.3s | sps  1837] ret_mean=28.500 ep_len=500.0 pi_loss=-0.007 v_loss=0.343 ent=1.200 kl=0.0108
[upd   99 | steps   50688 | t   27.5s | sps  1845] ret_mean=29.000 ep_len=500.0 pi_loss=-0.009 v_loss=2.601 ent=0.819 kl=0.0121
[upd  100 | steps   51200 | t   27.6s | sps  1853] ret_mean=93.500 ep_len=500.0 pi_loss=-0.005 v_loss=2.335 ent=0.618 kl=0.0120
        [eval] ret_mean=8.317 ep_len=500.0
[upd  101 | steps   51712 | t   31.7s | sps  1630] ret_mean=0.000 ep_len=500.0 pi_loss=-0.008 v_loss=0.069 ent=0.768 kl=0.0022
[upd  102 | steps   52224 | t   31.9s | sps  1637] ret_mean=120.000 ep_len=500.0 pi_loss=-0.003 v_loss=6.087 ent=0.530 kl=0.0010
[upd  103 | steps   52736 | t   32.1s | sps  1643] ret_mean=31.500 ep_len=500.0 pi_loss=-0.007 v_loss=1.009 ent=0.580 kl=0.0032
[upd  104 | steps   53248 | t   32.3s | sps  1648] ret_mean=88.500 ep_len=500.0 pi_loss=-0.006 v_loss=3.820 ent=0.331 kl=0.0071
[upd  105 | steps   53760 | t   32.5s | sps  1655] ret_mean=0.000 ep_len=500.0 pi_loss=-0.005 v_loss=0.031 ent=0.436 kl=-0.0018
[upd  106 | steps   54272 | t   32.6s | sps  1662] ret_mean=15.500 ep_len=500.0 pi_loss=-0.004 v_loss=0.595 ent=0.586 kl=0.0108
[upd  107 | steps   54784 | t   32.8s | sps  1670] ret_mean=18.500 ep_len=500.0 pi_loss=-0.001 v_loss=0.829 ent=0.289 kl=0.0018
[upd  108 | steps   55296 | t   33.0s | sps  1677] ret_mean=0.000 ep_len=500.0 pi_loss=-0.007 v_loss=0.018 ent=0.911 kl=0.0111
[upd  109 | steps   55808 | t   33.1s | sps  1684] ret_mean=0.000 ep_len=500.0 pi_loss=-0.001 v_loss=0.129 ent=0.529 kl=0.0074
[upd  110 | steps   56320 | t   33.3s | sps  1692] ret_mean=87.000 ep_len=500.0 pi_loss=-0.002 v_loss=3.958 ent=0.200 kl=0.0023
[upd  111 | steps   56832 | t   33.4s | sps  1699] ret_mean=0.000 ep_len=500.0 pi_loss=-0.003 v_loss=0.179 ent=0.225 kl=0.0039
[upd  112 | steps   57344 | t   33.6s | sps  1707] ret_mean=82.000 ep_len=500.0 pi_loss=-0.004 v_loss=4.889 ent=0.209 kl=0.0045
[upd  113 | steps   57856 | t   33.7s | sps  1715] ret_mean=105.500 ep_len=500.0 pi_loss=-0.010 v_loss=3.445 ent=0.672 kl=0.0059
[upd  114 | steps   58368 | t   33.9s | sps  1722] ret_mean=58.000 ep_len=500.0 pi_loss=-0.005 v_loss=2.772 ent=0.534 kl=0.0074
[upd  115 | steps   58880 | t   34.1s | sps  1729] ret_mean=0.000 ep_len=500.0 pi_loss=-0.009 v_loss=0.034 ent=0.494 kl=0.0038
[upd  116 | steps   59392 | t   34.2s | sps  1735] ret_mean=68.000 ep_len=500.0 pi_loss=-0.007 v_loss=3.388 ent=0.494 kl=0.0094
[upd  117 | steps   59904 | t   34.4s | sps  1743] ret_mean=0.000 ep_len=500.0 pi_loss=-0.007 v_loss=1.095 ent=0.599 kl=0.0029
[upd  118 | steps   60416 | t   34.5s | sps  1749] ret_mean=58.500 ep_len=500.0 pi_loss=-0.006 v_loss=1.312 ent=0.703 kl=0.0112
[upd  119 | steps   60928 | t   34.7s | sps  1756] ret_mean=0.000 ep_len=500.0 pi_loss=-0.005 v_loss=1.784 ent=0.870 kl=0.0014
[upd  120 | steps   61440 | t   34.9s | sps  1763] ret_mean=45.000 ep_len=500.0 pi_loss=-0.004 v_loss=0.031 ent=0.747 kl=0.0020
[upd  121 | steps   61952 | t   35.0s | sps  1769] ret_mean=0.000 ep_len=500.0 pi_loss=-0.006 v_loss=0.012 ent=0.918 kl=0.0105
[upd  122 | steps   62464 | t   35.2s | sps  1776] ret_mean=60.000 ep_len=500.0 pi_loss=-0.008 v_loss=2.982 ent=0.710 kl=0.0032
[upd  123 | steps   62976 | t   35.3s | sps  1782] ret_mean=7.500 ep_len=500.0 pi_loss=-0.005 v_loss=1.387 ent=0.754 kl=0.0100
[upd  124 | steps   63488 | t   35.5s | sps  1788] ret_mean=120.000 ep_len=500.0 pi_loss=-0.006 v_loss=7.345 ent=0.813 kl=0.0053
[upd  125 | steps   64000 | t   35.7s | sps  1795] ret_mean=0.000 ep_len=500.0 pi_loss=-0.008 v_loss=1.946 ent=0.730 kl=0.0152
        [eval] ret_mean=12.433 ep_len=500.0
[upd  126 | steps   64512 | t   39.6s | sps  1628] ret_mean=0.000 ep_len=500.0 pi_loss=-0.006 v_loss=0.023 ent=0.683 kl=0.0007
[upd  127 | steps   65024 | t   39.8s | sps  1635] ret_mean=24.500 ep_len=500.0 pi_loss=-0.013 v_loss=0.998 ent=0.867 kl=0.0155
[upd  128 | steps   65536 | t   39.9s | sps  1641] ret_mean=0.000 ep_len=500.0 pi_loss=-0.008 v_loss=0.020 ent=0.894 kl=0.0081
[upd  129 | steps   66048 | t   40.1s | sps  1647] ret_mean=0.000 ep_len=500.0 pi_loss=-0.006 v_loss=0.377 ent=1.045 kl=0.0208
[upd  130 | steps   66560 | t   40.3s | sps  1653] ret_mean=124.000 ep_len=500.0 pi_loss=-0.009 v_loss=4.691 ent=0.532 kl=-0.0008
[upd  131 | steps   67072 | t   40.4s | sps  1658] ret_mean=164.500 ep_len=500.0 pi_loss=-0.007 v_loss=17.100 ent=0.412 kl=0.0137
[upd  132 | steps   67584 | t   40.6s | sps  1664] ret_mean=120.500 ep_len=500.0 pi_loss=-0.004 v_loss=4.495 ent=0.662 kl=0.0029
[upd  133 | steps   68096 | t   40.8s | sps  1669] ret_mean=0.000 ep_len=500.0 pi_loss=-0.006 v_loss=0.018 ent=1.108 kl=-0.0011
[upd  134 | steps   68608 | t   41.0s | sps  1675] ret_mean=41.500 ep_len=500.0 pi_loss=-0.004 v_loss=2.522 ent=0.606 kl=0.0019
[upd  135 | steps   69120 | t   41.1s | sps  1680] ret_mean=15.500 ep_len=500.0 pi_loss=-0.002 v_loss=0.029 ent=0.781 kl=0.0020
[upd  136 | steps   69632 | t   41.3s | sps  1686] ret_mean=0.000 ep_len=500.0 pi_loss=-0.002 v_loss=2.589 ent=0.894 kl=0.0111
[upd  137 | steps   70144 | t   41.5s | sps  1691] ret_mean=217.000 ep_len=500.0 pi_loss=-0.010 v_loss=16.399 ent=0.361 kl=0.0144
[upd  138 | steps   70656 | t   41.6s | sps  1697] ret_mean=0.000 ep_len=500.0 pi_loss=-0.006 v_loss=1.319 ent=0.822 kl=0.0055
[upd  139 | steps   71168 | t   41.8s | sps  1702] ret_mean=95.000 ep_len=500.0 pi_loss=-0.006 v_loss=2.333 ent=0.932 kl=0.0127
[upd  140 | steps   71680 | t   42.0s | sps  1708] ret_mean=5.000 ep_len=500.0 pi_loss=-0.007 v_loss=1.443 ent=0.901 kl=0.0125
[upd  141 | steps   72192 | t   42.1s | sps  1713] ret_mean=111.000 ep_len=500.0 pi_loss=-0.005 v_loss=3.268 ent=0.679 kl=0.0002
[upd  142 | steps   72704 | t   42.3s | sps  1719] ret_mean=0.000 ep_len=500.0 pi_loss=-0.006 v_loss=1.236 ent=0.762 kl=0.0085
[upd  143 | steps   73216 | t   42.5s | sps  1724] ret_mean=96.000 ep_len=500.0 pi_loss=-0.005 v_loss=4.425 ent=0.430 kl=0.0011
[upd  144 | steps   73728 | t   42.6s | sps  1729] ret_mean=85.000 ep_len=500.0 pi_loss=-0.005 v_loss=1.791 ent=0.814 kl=0.0057
[upd  145 | steps   74240 | t   42.8s | sps  1733] ret_mean=4.000 ep_len=500.0 pi_loss=-0.007 v_loss=2.643 ent=0.884 kl=0.0170
[upd  146 | steps   74752 | t   43.0s | sps  1738] ret_mean=125.000 ep_len=500.0 pi_loss=-0.002 v_loss=5.286 ent=0.610 kl=-0.0002
[upd  147 | steps   75264 | t   43.2s | sps  1743] ret_mean=118.000 ep_len=500.0 pi_loss=-0.004 v_loss=2.347 ent=0.827 kl=0.0021
[upd  148 | steps   75776 | t   43.3s | sps  1748] ret_mean=0.000 ep_len=500.0 pi_loss=-0.008 v_loss=0.069 ent=0.924 kl=0.0116
[upd  149 | steps   76288 | t   43.5s | sps  1753] ret_mean=5.000 ep_len=500.0 pi_loss=-0.005 v_loss=2.118 ent=0.775 kl=0.0001
[upd  150 | steps   76800 | t   43.7s | sps  1758] ret_mean=104.500 ep_len=500.0 pi_loss=-0.011 v_loss=3.098 ent=0.805 kl=-0.0023
        [eval] ret_mean=16.633 ep_len=500.0
[upd  151 | steps   77312 | t   47.8s | sps  1619] ret_mean=43.500 ep_len=500.0 pi_loss=-0.009 v_loss=1.674 ent=1.000 kl=0.0074
[upd  152 | steps   77824 | t   47.9s | sps  1624] ret_mean=118.500 ep_len=500.0 pi_loss=-0.007 v_loss=4.556 ent=0.709 kl=0.0108
[upd  153 | steps   78336 | t   48.1s | sps  1628] ret_mean=25.000 ep_len=500.0 pi_loss=-0.005 v_loss=1.210 ent=0.955 kl=0.0040
[upd  154 | steps   78848 | t   48.3s | sps  1633] ret_mean=104.000 ep_len=500.0 pi_loss=-0.002 v_loss=6.730 ent=0.726 kl=0.0023
[upd  155 | steps   79360 | t   48.5s | sps  1637] ret_mean=17.500 ep_len=500.0 pi_loss=-0.006 v_loss=0.659 ent=1.138 kl=0.0003
[upd  156 | steps   79872 | t   48.6s | sps  1642] ret_mean=67.500 ep_len=500.0 pi_loss=-0.005 v_loss=2.779 ent=0.744 kl=0.0041
[upd  157 | steps   80384 | t   48.8s | sps  1647] ret_mean=84.500 ep_len=500.0 pi_loss=-0.004 v_loss=3.194 ent=0.801 kl=0.0091
[upd  158 | steps   80896 | t   49.0s | sps  1652] ret_mean=77.000 ep_len=500.0 pi_loss=-0.006 v_loss=4.457 ent=0.680 kl=0.0016
[upd  159 | steps   81408 | t   49.1s | sps  1657] ret_mean=232.000 ep_len=500.0 pi_loss=-0.005 v_loss=15.516 ent=0.194 kl=0.0052
[upd  160 | steps   81920 | t   49.3s | sps  1662] ret_mean=121.500 ep_len=500.0 pi_loss=-0.005 v_loss=6.318 ent=0.497 kl=0.0083
[upd  161 | steps   82432 | t   49.5s | sps  1667] ret_mean=177.000 ep_len=500.0 pi_loss=-0.002 v_loss=16.021 ent=0.278 kl=0.0062
[upd  162 | steps   82944 | t   49.6s | sps  1671] ret_mean=133.500 ep_len=500.0 pi_loss=-0.004 v_loss=6.083 ent=0.452 kl=0.0016
[upd  163 | steps   83456 | t   49.8s | sps  1676] ret_mean=81.000 ep_len=500.0 pi_loss=-0.002 v_loss=2.406 ent=0.892 kl=0.0054
[upd  164 | steps   83968 | t   50.0s | sps  1681] ret_mean=106.000 ep_len=500.0 pi_loss=-0.004 v_loss=7.720 ent=0.482 kl=0.0051
[upd  165 | steps   84480 | t   50.1s | sps  1685] ret_mean=239.000 ep_len=500.0 pi_loss=-0.005 v_loss=11.310 ent=0.432 kl=0.0096
[upd  166 | steps   84992 | t   50.3s | sps  1690] ret_mean=34.000 ep_len=500.0 pi_loss=-0.006 v_loss=2.223 ent=0.843 kl=0.0063
[upd  167 | steps   85504 | t   50.5s | sps  1695] ret_mean=97.500 ep_len=500.0 pi_loss=-0.009 v_loss=2.955 ent=0.626 kl=0.0084
[upd  168 | steps   86016 | t   50.6s | sps  1699] ret_mean=126.500 ep_len=500.0 pi_loss=-0.008 v_loss=5.030 ent=0.775 kl=0.0126
[upd  169 | steps   86528 | t   50.8s | sps  1703] ret_mean=0.000 ep_len=500.0 pi_loss=-0.006 v_loss=0.597 ent=1.227 kl=0.0152
[upd  170 | steps   87040 | t   51.0s | sps  1708] ret_mean=34.500 ep_len=500.0 pi_loss=-0.006 v_loss=1.695 ent=0.942 kl=0.0037
[upd  171 | steps   87552 | t   51.1s | sps  1712] ret_mean=0.500 ep_len=500.0 pi_loss=-0.009 v_loss=1.578 ent=0.765 kl=0.0101
[upd  172 | steps   88064 | t   51.3s | sps  1717] ret_mean=123.000 ep_len=500.0 pi_loss=-0.005 v_loss=3.514 ent=0.456 kl=0.0070
[upd  173 | steps   88576 | t   51.5s | sps  1721] ret_mean=109.500 ep_len=500.0 pi_loss=-0.001 v_loss=3.193 ent=0.541 kl=0.0047
[upd  174 | steps   89088 | t   51.6s | sps  1726] ret_mean=118.500 ep_len=500.0 pi_loss=-0.006 v_loss=2.399 ent=0.529 kl=0.0142
[upd  175 | steps   89600 | t   51.8s | sps  1730] ret_mean=75.500 ep_len=500.0 pi_loss=-0.004 v_loss=1.665 ent=0.686 kl=-0.0008
        [eval] ret_mean=4.167 ep_len=500.0
[upd  176 | steps   90112 | t   55.8s | sps  1614] ret_mean=136.500 ep_len=500.0 pi_loss=-0.003 v_loss=5.467 ent=0.585 kl=0.0002
[upd  177 | steps   90624 | t   56.0s | sps  1619] ret_mean=69.500 ep_len=500.0 pi_loss=-0.008 v_loss=2.517 ent=0.701 kl=0.0042
[upd  178 | steps   91136 | t   56.1s | sps  1623] ret_mean=55.500 ep_len=500.0 pi_loss=-0.006 v_loss=2.131 ent=0.673 kl=0.0069
[upd  179 | steps   91648 | t   56.3s | sps  1628] ret_mean=89.000 ep_len=500.0 pi_loss=-0.010 v_loss=2.389 ent=0.792 kl=0.0047
[upd  180 | steps   92160 | t   56.5s | sps  1632] ret_mean=0.000 ep_len=500.0 pi_loss=-0.005 v_loss=1.275 ent=1.040 kl=0.0050
[upd  181 | steps   92672 | t   56.6s | sps  1636] ret_mean=160.000 ep_len=500.0 pi_loss=-0.005 v_loss=8.356 ent=0.520 kl=0.0071
[upd  182 | steps   93184 | t   56.8s | sps  1641] ret_mean=86.000 ep_len=500.0 pi_loss=-0.003 v_loss=2.986 ent=0.638 kl=0.0061
[upd  183 | steps   93696 | t   57.0s | sps  1645] ret_mean=99.000 ep_len=500.0 pi_loss=-0.005 v_loss=3.699 ent=0.737 kl=0.0013
[upd  184 | steps   94208 | t   57.1s | sps  1649] ret_mean=117.000 ep_len=500.0 pi_loss=-0.005 v_loss=3.297 ent=0.771 kl=0.0110
[upd  185 | steps   94720 | t   57.3s | sps  1653] ret_mean=209.000 ep_len=500.0 pi_loss=-0.005 v_loss=11.361 ent=0.252 kl=0.0092
[upd  186 | steps   95232 | t   57.5s | sps  1657] ret_mean=164.000 ep_len=500.0 pi_loss=-0.006 v_loss=7.547 ent=0.627 kl=-0.0026
[upd  187 | steps   95744 | t   57.7s | sps  1661] ret_mean=1.500 ep_len=500.0 pi_loss=-0.003 v_loss=0.870 ent=1.103 kl=0.0037
[upd  188 | steps   96256 | t   57.8s | sps  1665] ret_mean=97.500 ep_len=500.0 pi_loss=-0.005 v_loss=2.607 ent=0.836 kl=0.0065
[upd  189 | steps   96768 | t   58.0s | sps  1669] ret_mean=51.000 ep_len=500.0 pi_loss=-0.005 v_loss=2.388 ent=0.967 kl=0.0048
[upd  190 | steps   97280 | t   58.2s | sps  1672] ret_mean=62.000 ep_len=500.0 pi_loss=-0.009 v_loss=2.175 ent=0.955 kl=0.0092
[upd  191 | steps   97792 | t   58.4s | sps  1675] ret_mean=0.000 ep_len=500.0 pi_loss=-0.005 v_loss=0.401 ent=0.979 kl=0.0041
[upd  192 | steps   98304 | t   58.5s | sps  1679] ret_mean=0.000 ep_len=500.0 pi_loss=-0.016 v_loss=1.436 ent=0.825 kl=0.0012
[upd  193 | steps   98816 | t   58.7s | sps  1683] ret_mean=41.500 ep_len=500.0 pi_loss=-0.003 v_loss=1.142 ent=1.066 kl=0.0089
[upd  194 | steps   99328 | t   58.9s | sps  1687] ret_mean=90.500 ep_len=500.0 pi_loss=-0.008 v_loss=3.438 ent=0.542 kl=0.0086
[upd  195 | steps   99840 | t   59.1s | sps  1691] ret_mean=114.500 ep_len=500.0 pi_loss=-0.002 v_loss=3.613 ent=0.688 kl=0.0048
[upd  196 | steps  100352 | t   59.2s | sps  1695] ret_mean=41.000 ep_len=500.0 pi_loss=-0.004 v_loss=0.402 ent=1.116 kl=0.0001
[upd  197 | steps  100864 | t   59.4s | sps  1698] ret_mean=0.000 ep_len=500.0 pi_loss=-0.006 v_loss=0.213 ent=1.032 kl=0.0098
[upd  198 | steps  101376 | t   59.5s | sps  1702] ret_mean=0.000 ep_len=500.0 pi_loss=-0.001 v_loss=1.733 ent=0.737 kl=0.0010
[upd  199 | steps  101888 | t   59.7s | sps  1706] ret_mean=103.500 ep_len=500.0 pi_loss=-0.004 v_loss=3.506 ent=0.498 kl=0.0010
[upd  200 | steps  102400 | t   59.9s | sps  1709] ret_mean=116.000 ep_len=500.0 pi_loss=-0.005 v_loss=2.755 ent=0.461 kl=0.0028
        [eval] ret_mean=8.283 ep_len=500.0
[upd  201 | steps  102912 | t   64.1s | sps  1606] ret_mean=18.000 ep_len=500.0 pi_loss=-0.004 v_loss=0.895 ent=0.847 kl=0.0086
[upd  202 | steps  103424 | t   64.2s | sps  1610] ret_mean=62.500 ep_len=500.0 pi_loss=-0.008 v_loss=2.319 ent=0.331 kl=0.0048
[upd  203 | steps  103936 | t   64.4s | sps  1614] ret_mean=76.000 ep_len=500.0 pi_loss=-0.002 v_loss=3.186 ent=0.546 kl=0.0022
[upd  204 | steps  104448 | t   64.6s | sps  1617] ret_mean=120.500 ep_len=500.0 pi_loss=-0.005 v_loss=2.875 ent=0.582 kl=0.0079
[upd  205 | steps  104960 | t   64.8s | sps  1621] ret_mean=0.000 ep_len=500.0 pi_loss=-0.009 v_loss=0.448 ent=1.096 kl=0.0046
[upd  206 | steps  105472 | t   64.9s | sps  1624] ret_mean=0.000 ep_len=500.0 pi_loss=-0.004 v_loss=0.219 ent=1.030 kl=0.0045
[upd  207 | steps  105984 | t   65.1s | sps  1628] ret_mean=26.500 ep_len=500.0 pi_loss=-0.006 v_loss=1.225 ent=0.787 kl=0.0082
[upd  208 | steps  106496 | t   65.3s | sps  1632] ret_mean=64.000 ep_len=500.0 pi_loss=-0.001 v_loss=6.035 ent=0.400 kl=-0.0004
[upd  209 | steps  107008 | t   65.4s | sps  1636] ret_mean=235.000 ep_len=500.0 pi_loss=-0.002 v_loss=13.110 ent=0.098 kl=0.0045
[upd  210 | steps  107520 | t   65.6s | sps  1640] ret_mean=123.000 ep_len=500.0 pi_loss=-0.006 v_loss=3.102 ent=0.552 kl=0.0016
[upd  211 | steps  108032 | t   65.7s | sps  1643] ret_mean=104.500 ep_len=500.0 pi_loss=-0.005 v_loss=2.953 ent=0.502 kl=0.0062
[upd  212 | steps  108544 | t   65.9s | sps  1647] ret_mean=104.500 ep_len=500.0 pi_loss=-0.003 v_loss=3.391 ent=0.525 kl=0.0014
[upd  213 | steps  109056 | t   66.1s | sps  1651] ret_mean=121.500 ep_len=500.0 pi_loss=-0.005 v_loss=2.339 ent=0.570 kl=0.0075
[upd  214 | steps  109568 | t   66.2s | sps  1654] ret_mean=36.000 ep_len=500.0 pi_loss=-0.005 v_loss=1.747 ent=0.802 kl=0.0057
[upd  215 | steps  110080 | t   66.4s | sps  1658] ret_mean=70.000 ep_len=500.0 pi_loss=-0.001 v_loss=3.540 ent=0.477 kl=0.0049
[upd  216 | steps  110592 | t   66.6s | sps  1660] ret_mean=115.000 ep_len=500.0 pi_loss=-0.010 v_loss=2.752 ent=0.599 kl=0.0056
[upd  217 | steps  111104 | t   66.9s | sps  1662] ret_mean=133.000 ep_len=500.0 pi_loss=-0.003 v_loss=7.971 ent=0.356 kl=0.0055
[upd  218 | steps  111616 | t   67.1s | sps  1664] ret_mean=92.500 ep_len=500.0 pi_loss=-0.006 v_loss=2.607 ent=0.597 kl=0.0055
[upd  219 | steps  112128 | t   67.3s | sps  1666] ret_mean=63.500 ep_len=500.0 pi_loss=-0.010 v_loss=3.411 ent=0.527 kl=0.0092
[upd  220 | steps  112640 | t   67.5s | sps  1669] ret_mean=104.500 ep_len=500.0 pi_loss=-0.005 v_loss=3.264 ent=0.381 kl=0.0014
[upd  221 | steps  113152 | t   67.7s | sps  1672] ret_mean=124.000 ep_len=500.0 pi_loss=-0.006 v_loss=2.001 ent=0.633 kl=0.0026
[upd  222 | steps  113664 | t   67.8s | sps  1676] ret_mean=0.000 ep_len=500.0 pi_loss=-0.007 v_loss=4.298 ent=0.793 kl=0.0093
[upd  223 | steps  114176 | t   68.0s | sps  1679] ret_mean=172.000 ep_len=500.0 pi_loss=-0.001 v_loss=8.314 ent=0.337 kl=0.0034
[upd  224 | steps  114688 | t   68.2s | sps  1682] ret_mean=104.000 ep_len=500.0 pi_loss=-0.005 v_loss=2.442 ent=0.645 kl=0.0126
[upd  225 | steps  115200 | t   68.4s | sps  1685] ret_mean=4.000 ep_len=500.0 pi_loss=-0.010 v_loss=1.748 ent=0.724 kl=0.0061
        [eval] ret_mean=20.750 ep_len=500.0
[upd  226 | steps  115712 | t   72.5s | sps  1596] ret_mean=241.500 ep_len=500.0 pi_loss=-0.003 v_loss=15.626 ent=0.067 kl=-0.0008
[upd  227 | steps  116224 | t   72.7s | sps  1599] ret_mean=78.500 ep_len=500.0 pi_loss=-0.007 v_loss=2.403 ent=0.653 kl=0.0080
[upd  228 | steps  116736 | t   72.8s | sps  1602] ret_mean=124.500 ep_len=500.0 pi_loss=-0.006 v_loss=2.368 ent=0.500 kl=0.0087
[upd  229 | steps  117248 | t   73.0s | sps  1606] ret_mean=52.000 ep_len=500.0 pi_loss=-0.006 v_loss=2.763 ent=0.838 kl=0.0005
[upd  230 | steps  117760 | t   73.2s | sps  1609] ret_mean=115.500 ep_len=500.0 pi_loss=-0.006 v_loss=2.887 ent=0.548 kl=0.0053
[upd  231 | steps  118272 | t   73.4s | sps  1612] ret_mean=167.500 ep_len=500.0 pi_loss=-0.006 v_loss=8.137 ent=0.333 kl=0.0062
[upd  232 | steps  118784 | t   73.5s | sps  1616] ret_mean=169.000 ep_len=500.0 pi_loss=-0.003 v_loss=7.703 ent=0.346 kl=0.0075
[upd  233 | steps  119296 | t   73.7s | sps  1619] ret_mean=104.000 ep_len=500.0 pi_loss=-0.010 v_loss=2.635 ent=0.578 kl=0.0056
[upd  234 | steps  119808 | t   73.9s | sps  1622] ret_mean=0.000 ep_len=500.0 pi_loss=-0.002 v_loss=1.420 ent=0.933 kl=0.0082
[upd  235 | steps  120320 | t   74.0s | sps  1625] ret_mean=121.500 ep_len=500.0 pi_loss=-0.001 v_loss=3.192 ent=0.535 kl=0.0020
[upd  236 | steps  120832 | t   74.2s | sps  1629] ret_mean=113.000 ep_len=500.0 pi_loss=-0.010 v_loss=5.139 ent=0.428 kl=0.0333
[upd  237 | steps  121344 | t   74.3s | sps  1632] ret_mean=197.000 ep_len=500.0 pi_loss=-0.004 v_loss=6.405 ent=0.431 kl=0.0078
[upd  238 | steps  121856 | t   74.5s | sps  1635] ret_mean=0.000 ep_len=500.0 pi_loss=-0.003 v_loss=0.845 ent=1.082 kl=0.0078
[upd  239 | steps  122368 | t   74.7s | sps  1638] ret_mean=0.000 ep_len=500.0 pi_loss=-0.008 v_loss=0.557 ent=1.047 kl=0.0037
[upd  240 | steps  122880 | t   74.9s | sps  1642] ret_mean=60.000 ep_len=500.0 pi_loss=-0.007 v_loss=3.575 ent=0.598 kl=0.0072
[upd  241 | steps  123392 | t   75.0s | sps  1645] ret_mean=185.500 ep_len=500.0 pi_loss=-0.001 v_loss=10.001 ent=0.213 kl=0.0021
[upd  242 | steps  123904 | t   75.2s | sps  1648] ret_mean=79.000 ep_len=500.0 pi_loss=-0.006 v_loss=4.090 ent=0.396 kl=0.0080
[upd  243 | steps  124416 | t   75.4s | sps  1651] ret_mean=212.500 ep_len=500.0 pi_loss=-0.002 v_loss=9.147 ent=0.329 kl=0.0048
[upd  244 | steps  124928 | t   75.5s | sps  1654] ret_mean=77.500 ep_len=500.0 pi_loss=-0.008 v_loss=3.032 ent=0.586 kl=0.0113
[upd  245 | steps  125440 | t   75.7s | sps  1657] ret_mean=119.500 ep_len=500.0 pi_loss=-0.007 v_loss=6.311 ent=0.424 kl=0.0057
[upd  246 | steps  125952 | t   75.9s | sps  1660] ret_mean=140.500 ep_len=500.0 pi_loss=-0.003 v_loss=5.810 ent=0.484 kl=0.0000
[upd  247 | steps  126464 | t   76.0s | sps  1663] ret_mean=110.000 ep_len=500.0 pi_loss=-0.006 v_loss=2.819 ent=0.608 kl=0.0051
[upd  248 | steps  126976 | t   76.2s | sps  1667] ret_mean=162.500 ep_len=500.0 pi_loss=-0.006 v_loss=7.523 ent=0.640 kl=0.0241
[upd  249 | steps  127488 | t   76.4s | sps  1670] ret_mean=0.000 ep_len=500.0 pi_loss=-0.011 v_loss=1.481 ent=0.888 kl=0.0138
[upd  250 | steps  128000 | t   76.5s | sps  1673] ret_mean=58.000 ep_len=500.0 pi_loss=-0.006 v_loss=8.383 ent=0.353 kl=0.0032
        [eval] ret_mean=33.233 ep_len=500.0
[upd  251 | steps  128512 | t   80.7s | sps  1592] ret_mean=75.500 ep_len=500.0 pi_loss=-0.004 v_loss=3.954 ent=0.780 kl=0.0096
[upd  252 | steps  129024 | t   80.9s | sps  1595] ret_mean=97.000 ep_len=500.0 pi_loss=-0.005 v_loss=3.301 ent=0.611 kl=-0.0013
[upd  253 | steps  129536 | t   81.0s | sps  1599] ret_mean=179.000 ep_len=500.0 pi_loss=-0.003 v_loss=8.918 ent=0.387 kl=0.0009
[upd  254 | steps  130048 | t   81.2s | sps  1601] ret_mean=231.000 ep_len=500.0 pi_loss=-0.001 v_loss=11.268 ent=0.113 kl=0.0002
[upd  255 | steps  130560 | t   81.4s | sps  1604] ret_mean=195.000 ep_len=500.0 pi_loss=-0.005 v_loss=10.725 ent=0.230 kl=0.0246
[upd  256 | steps  131072 | t   81.5s | sps  1608] ret_mean=204.000 ep_len=500.0 pi_loss=-0.003 v_loss=9.849 ent=0.335 kl=0.0003
[upd  257 | steps  131584 | t   81.7s | sps  1610] ret_mean=24.000 ep_len=500.0 pi_loss=-0.004 v_loss=4.410 ent=0.994 kl=0.0000
[upd  258 | steps  132096 | t   81.9s | sps  1613] ret_mean=0.000 ep_len=500.0 pi_loss=-0.005 v_loss=2.444 ent=0.938 kl=0.0091
[upd  259 | steps  132608 | t   82.1s | sps  1616] ret_mean=36.500 ep_len=500.0 pi_loss=-0.003 v_loss=2.781 ent=0.792 kl=0.0040
[upd  260 | steps  133120 | t   82.2s | sps  1619] ret_mean=117.500 ep_len=500.0 pi_loss=-0.010 v_loss=3.666 ent=0.700 kl=0.0082
[upd  261 | steps  133632 | t   82.4s | sps  1622] ret_mean=149.500 ep_len=500.0 pi_loss=-0.002 v_loss=7.984 ent=0.368 kl=0.0021
[upd  262 | steps  134144 | t   82.6s | sps  1625] ret_mean=15.500 ep_len=500.0 pi_loss=-0.004 v_loss=4.424 ent=0.667 kl=0.0023
[upd  263 | steps  134656 | t   82.7s | sps  1627] ret_mean=109.500 ep_len=500.0 pi_loss=-0.005 v_loss=2.622 ent=0.430 kl=0.0119
[upd  264 | steps  135168 | t   82.9s | sps  1630] ret_mean=121.000 ep_len=500.0 pi_loss=-0.007 v_loss=2.647 ent=0.550 kl=0.0168
[upd  265 | steps  135680 | t   83.1s | sps  1633] ret_mean=0.000 ep_len=500.0 pi_loss=-0.008 v_loss=2.082 ent=0.897 kl=0.0086
[upd  266 | steps  136192 | t   83.3s | sps  1636] ret_mean=55.500 ep_len=500.0 pi_loss=-0.008 v_loss=3.746 ent=0.731 kl=0.0070
[upd  267 | steps  136704 | t   83.4s | sps  1639] ret_mean=124.000 ep_len=500.0 pi_loss=-0.009 v_loss=3.431 ent=0.608 kl=0.0076
[upd  268 | steps  137216 | t   83.6s | sps  1642] ret_mean=100.500 ep_len=500.0 pi_loss=-0.006 v_loss=2.398 ent=0.589 kl=0.0081
[upd  269 | steps  137728 | t   83.8s | sps  1644] ret_mean=125.000 ep_len=500.0 pi_loss=-0.009 v_loss=2.884 ent=0.712 kl=0.0118
[upd  270 | steps  138240 | t   83.9s | sps  1647] ret_mean=0.000 ep_len=500.0 pi_loss=-0.008 v_loss=2.327 ent=0.792 kl=0.0032
[upd  271 | steps  138752 | t   84.1s | sps  1650] ret_mean=165.000 ep_len=500.0 pi_loss=-0.003 v_loss=8.559 ent=0.284 kl=0.0058
[upd  272 | steps  139264 | t   84.2s | sps  1653] ret_mean=124.000 ep_len=500.0 pi_loss=-0.001 v_loss=3.117 ent=0.263 kl=0.0007
[upd  273 | steps  139776 | t   84.4s | sps  1656] ret_mean=116.500 ep_len=500.0 pi_loss=-0.001 v_loss=3.513 ent=0.403 kl=0.0012
[upd  274 | steps  140288 | t   84.6s | sps  1659] ret_mean=145.500 ep_len=500.0 pi_loss=-0.002 v_loss=7.899 ent=0.378 kl=-0.0012
[upd  275 | steps  140800 | t   84.7s | sps  1662] ret_mean=107.500 ep_len=500.0 pi_loss=-0.003 v_loss=3.661 ent=0.333 kl=0.0044
        [eval] ret_mean=37.250 ep_len=500.0
[upd  276 | steps  141312 | t   88.8s | sps  1592] ret_mean=232.000 ep_len=500.0 pi_loss=-0.006 v_loss=13.087 ent=0.125 kl=-0.0011
[upd  277 | steps  141824 | t   89.0s | sps  1594] ret_mean=146.500 ep_len=500.0 pi_loss=-0.004 v_loss=4.848 ent=0.486 kl=0.0051
[upd  278 | steps  142336 | t   89.1s | sps  1597] ret_mean=122.000 ep_len=500.0 pi_loss=-0.012 v_loss=2.614 ent=0.669 kl=0.0074
[upd  279 | steps  142848 | t   89.3s | sps  1600] ret_mean=43.000 ep_len=500.0 pi_loss=-0.003 v_loss=4.638 ent=0.829 kl=0.0067
[upd  280 | steps  143360 | t   89.5s | sps  1602] ret_mean=112.500 ep_len=500.0 pi_loss=-0.004 v_loss=3.502 ent=0.550 kl=-0.0024
[upd  281 | steps  143872 | t   89.6s | sps  1605] ret_mean=121.000 ep_len=500.0 pi_loss=-0.002 v_loss=2.492 ent=0.540 kl=0.0055
[upd  282 | steps  144384 | t   89.8s | sps  1608] ret_mean=146.000 ep_len=500.0 pi_loss=-0.002 v_loss=9.126 ent=0.412 kl=0.0013
[upd  283 | steps  144896 | t   90.0s | sps  1611] ret_mean=104.500 ep_len=500.0 pi_loss=-0.003 v_loss=2.750 ent=0.538 kl=0.0013
[upd  284 | steps  145408 | t   90.1s | sps  1613] ret_mean=125.000 ep_len=500.0 pi_loss=-0.005 v_loss=3.182 ent=0.645 kl=0.0036
[upd  285 | steps  145920 | t   90.3s | sps  1616] ret_mean=41.000 ep_len=500.0 pi_loss=-0.003 v_loss=4.607 ent=0.816 kl=0.0035
[upd  286 | steps  146432 | t   90.5s | sps  1619] ret_mean=107.500 ep_len=500.0 pi_loss=-0.003 v_loss=4.361 ent=0.343 kl=0.0015
[upd  287 | steps  146944 | t   90.6s | sps  1622] ret_mean=32.000 ep_len=500.0 pi_loss=-0.004 v_loss=4.980 ent=0.308 kl=0.0004
[upd  288 | steps  147456 | t   90.8s | sps  1624] ret_mean=123.000 ep_len=500.0 pi_loss=-0.002 v_loss=4.109 ent=0.147 kl=0.0092
[upd  289 | steps  147968 | t   90.9s | sps  1627] ret_mean=10.000 ep_len=500.0 pi_loss=-0.002 v_loss=3.667 ent=0.389 kl=0.0013
[upd  290 | steps  148480 | t   91.1s | sps  1630] ret_mean=108.000 ep_len=500.0 pi_loss=-0.014 v_loss=3.582 ent=0.302 kl=0.0121
[upd  291 | steps  148992 | t   91.3s | sps  1632] ret_mean=121.000 ep_len=500.0 pi_loss=-0.005 v_loss=3.448 ent=0.265 kl=0.0006
[upd  292 | steps  149504 | t   91.4s | sps  1635] ret_mean=0.000 ep_len=500.0 pi_loss=-0.003 v_loss=1.908 ent=0.463 kl=0.0034
[upd  293 | steps  150016 | t   91.6s | sps  1638] ret_mean=187.500 ep_len=500.0 pi_loss=-0.002 v_loss=12.155 ent=0.060 kl=-0.0008
[upd  294 | steps  150528 | t   91.8s | sps  1641] ret_mean=239.500 ep_len=500.0 pi_loss=-0.003 v_loss=8.694 ent=0.216 kl=0.0068
[upd  295 | steps  151040 | t   91.9s | sps  1643] ret_mean=105.500 ep_len=500.0 pi_loss=-0.002 v_loss=5.004 ent=0.336 kl=-0.0012
[upd  296 | steps  151552 | t   92.1s | sps  1646] ret_mean=57.000 ep_len=500.0 pi_loss=-0.005 v_loss=3.839 ent=0.355 kl=0.0055
[upd  297 | steps  152064 | t   92.3s | sps  1648] ret_mean=112.500 ep_len=500.0 pi_loss=-0.001 v_loss=4.394 ent=0.297 kl=0.0002
[upd  298 | steps  152576 | t   92.4s | sps  1651] ret_mean=122.500 ep_len=500.0 pi_loss=0.000 v_loss=9.128 ent=0.353 kl=-0.0003
[upd  299 | steps  153088 | t   92.6s | sps  1653] ret_mean=84.500 ep_len=500.0 pi_loss=-0.001 v_loss=3.702 ent=0.389 kl=-0.0009
[upd  300 | steps  153600 | t   92.8s | sps  1656] ret_mean=107.000 ep_len=500.0 pi_loss=-0.005 v_loss=3.567 ent=0.536 kl=0.0132
        [eval] ret_mean=16.633 ep_len=500.0
[upd  301 | steps  154112 | t   96.9s | sps  1590] ret_mean=0.000 ep_len=500.0 pi_loss=-0.003 v_loss=3.584 ent=0.755 kl=0.0058
[upd  302 | steps  154624 | t   97.1s | sps  1593] ret_mean=123.000 ep_len=500.0 pi_loss=-0.011 v_loss=4.370 ent=0.568 kl=0.0157
[upd  303 | steps  155136 | t   97.2s | sps  1595] ret_mean=28.500 ep_len=500.0 pi_loss=-0.003 v_loss=4.031 ent=0.656 kl=-0.0004
[upd  304 | steps  155648 | t   97.4s | sps  1598] ret_mean=0.000 ep_len=500.0 pi_loss=-0.003 v_loss=2.665 ent=0.738 kl=0.0071
[upd  305 | steps  156160 | t   97.6s | sps  1601] ret_mean=164.000 ep_len=500.0 pi_loss=-0.005 v_loss=7.745 ent=0.288 kl=0.0143
[upd  306 | steps  156672 | t   97.7s | sps  1603] ret_mean=0.000 ep_len=500.0 pi_loss=-0.008 v_loss=2.057 ent=0.899 kl=0.0079
[upd  307 | steps  157184 | t   97.9s | sps  1605] ret_mean=119.500 ep_len=500.0 pi_loss=-0.005 v_loss=3.337 ent=0.440 kl=0.0051
[upd  308 | steps  157696 | t   98.1s | sps  1608] ret_mean=95.000 ep_len=500.0 pi_loss=-0.006 v_loss=4.107 ent=0.599 kl=0.0039
[upd  309 | steps  158208 | t   98.2s | sps  1610] ret_mean=153.500 ep_len=500.0 pi_loss=-0.002 v_loss=6.470 ent=0.301 kl=0.0045
[upd  310 | steps  158720 | t   98.4s | sps  1613] ret_mean=147.500 ep_len=500.0 pi_loss=-0.005 v_loss=9.841 ent=0.334 kl=0.0103
[upd  311 | steps  159232 | t   98.6s | sps  1615] ret_mean=0.000 ep_len=500.0 pi_loss=-0.006 v_loss=1.169 ent=0.972 kl=0.0133
[upd  312 | steps  159744 | t   98.8s | sps  1617] ret_mean=116.500 ep_len=500.0 pi_loss=-0.001 v_loss=2.874 ent=0.695 kl=0.0031
[upd  313 | steps  160256 | t   98.9s | sps  1620] ret_mean=86.500 ep_len=500.0 pi_loss=-0.002 v_loss=4.500 ent=0.496 kl=0.0059
[upd  314 | steps  160768 | t   99.1s | sps  1622] ret_mean=204.500 ep_len=500.0 pi_loss=-0.004 v_loss=9.382 ent=0.211 kl=0.0099
[upd  315 | steps  161280 | t   99.3s | sps  1625] ret_mean=119.000 ep_len=500.0 pi_loss=-0.006 v_loss=3.570 ent=0.817 kl=0.0143
[upd  316 | steps  161792 | t   99.4s | sps  1627] ret_mean=48.500 ep_len=500.0 pi_loss=-0.008 v_loss=3.394 ent=0.693 kl=0.0121
[upd  317 | steps  162304 | t   99.6s | sps  1630] ret_mean=181.000 ep_len=500.0 pi_loss=-0.004 v_loss=9.579 ent=0.366 kl=0.0046
[upd  318 | steps  162816 | t   99.8s | sps  1632] ret_mean=142.000 ep_len=500.0 pi_loss=-0.002 v_loss=7.246 ent=0.539 kl=0.0050
[upd  319 | steps  163328 | t   99.9s | sps  1635] ret_mean=106.500 ep_len=500.0 pi_loss=-0.011 v_loss=4.437 ent=0.640 kl=0.0162
[upd  320 | steps  163840 | t  100.1s | sps  1637] ret_mean=113.500 ep_len=500.0 pi_loss=-0.005 v_loss=3.690 ent=0.744 kl=0.0119
[upd  321 | steps  164352 | t  100.2s | sps  1640] ret_mean=145.500 ep_len=500.0 pi_loss=-0.005 v_loss=10.393 ent=0.243 kl=0.0063
[upd  322 | steps  164864 | t  100.4s | sps  1642] ret_mean=214.500 ep_len=500.0 pi_loss=-0.001 v_loss=8.241 ent=0.378 kl=0.0019
[upd  323 | steps  165376 | t  100.6s | sps  1644] ret_mean=119.000 ep_len=500.0 pi_loss=-0.003 v_loss=5.344 ent=0.695 kl=0.0041
[upd  324 | steps  165888 | t  100.7s | sps  1647] ret_mean=167.500 ep_len=500.0 pi_loss=-0.009 v_loss=11.846 ent=0.228 kl=0.0055
[upd  325 | steps  166400 | t  100.9s | sps  1649] ret_mean=225.500 ep_len=500.0 pi_loss=-0.002 v_loss=8.668 ent=0.726 kl=0.0133
        [eval] ret_mean=24.783 ep_len=500.0
[upd  326 | steps  166912 | t  105.0s | sps  1589] ret_mean=188.000 ep_len=500.0 pi_loss=-0.000 v_loss=9.628 ent=0.365 kl=0.0020
[upd  327 | steps  167424 | t  105.2s | sps  1592] ret_mean=0.000 ep_len=500.0 pi_loss=-0.004 v_loss=2.704 ent=1.166 kl=0.0003
[upd  328 | steps  167936 | t  105.4s | sps  1594] ret_mean=43.500 ep_len=500.0 pi_loss=-0.006 v_loss=4.972 ent=1.010 kl=-0.0030
[upd  329 | steps  168448 | t  105.5s | sps  1596] ret_mean=61.500 ep_len=500.0 pi_loss=-0.008 v_loss=5.445 ent=0.902 kl=0.0065
[upd  330 | steps  168960 | t  105.7s | sps  1599] ret_mean=223.000 ep_len=500.0 pi_loss=-0.004 v_loss=11.429 ent=0.185 kl=0.0031
[upd  331 | steps  169472 | t  105.9s | sps  1601] ret_mean=55.000 ep_len=500.0 pi_loss=-0.011 v_loss=2.914 ent=0.863 kl=0.0049
[upd  332 | steps  169984 | t  106.0s | sps  1603] ret_mean=119.500 ep_len=500.0 pi_loss=-0.005 v_loss=4.647 ent=0.495 kl=0.0061
[upd  333 | steps  170496 | t  106.2s | sps  1606] ret_mean=248.000 ep_len=500.0 pi_loss=-0.003 v_loss=10.049 ent=0.146 kl=0.0029
[upd  334 | steps  171008 | t  106.3s | sps  1608] ret_mean=118.500 ep_len=500.0 pi_loss=-0.013 v_loss=3.978 ent=0.682 kl=0.0214
[upd  335 | steps  171520 | t  106.5s | sps  1610] ret_mean=94.500 ep_len=500.0 pi_loss=-0.004 v_loss=4.684 ent=0.752 kl=0.0030
[upd  336 | steps  172032 | t  106.7s | sps  1613] ret_mean=109.500 ep_len=500.0 pi_loss=-0.007 v_loss=3.362 ent=0.604 kl=0.0053
[upd  337 | steps  172544 | t  106.8s | sps  1615] ret_mean=142.000 ep_len=500.0 pi_loss=-0.002 v_loss=7.110 ent=0.531 kl=-0.0009
[upd  338 | steps  173056 | t  107.0s | sps  1617] ret_mean=177.000 ep_len=500.0 pi_loss=-0.004 v_loss=9.370 ent=0.420 kl=0.0063
[upd  339 | steps  173568 | t  107.2s | sps  1620] ret_mean=109.500 ep_len=500.0 pi_loss=0.000 v_loss=4.592 ent=0.557 kl=0.0033
[upd  340 | steps  174080 | t  107.3s | sps  1622] ret_mean=183.500 ep_len=500.0 pi_loss=-0.010 v_loss=10.578 ent=0.362 kl=0.0035
[upd  341 | steps  174592 | t  107.5s | sps  1624] ret_mean=198.000 ep_len=500.0 pi_loss=0.000 v_loss=9.543 ent=0.321 kl=0.0020
[upd  342 | steps  175104 | t  107.7s | sps  1626] ret_mean=107.000 ep_len=500.0 pi_loss=-0.004 v_loss=3.119 ent=0.638 kl=0.0030
[upd  343 | steps  175616 | t  107.8s | sps  1629] ret_mean=122.000 ep_len=500.0 pi_loss=-0.007 v_loss=4.649 ent=0.563 kl=0.0109
[upd  344 | steps  176128 | t  108.0s | sps  1631] ret_mean=97.500 ep_len=500.0 pi_loss=-0.006 v_loss=5.547 ent=0.559 kl=0.0058
[upd  345 | steps  176640 | t  108.2s | sps  1633] ret_mean=187.500 ep_len=500.0 pi_loss=-0.002 v_loss=7.844 ent=0.319 kl=0.0007
[upd  346 | steps  177152 | t  108.3s | sps  1635] ret_mean=122.000 ep_len=500.0 pi_loss=-0.006 v_loss=5.919 ent=0.402 kl=0.0025
[upd  347 | steps  177664 | t  108.5s | sps  1637] ret_mean=214.500 ep_len=500.0 pi_loss=-0.004 v_loss=10.455 ent=0.381 kl=-0.0003
[upd  348 | steps  178176 | t  108.7s | sps  1640] ret_mean=168.500 ep_len=500.0 pi_loss=-0.004 v_loss=8.484 ent=0.320 kl=0.0018
[upd  349 | steps  178688 | t  108.8s | sps  1642] ret_mean=169.000 ep_len=500.0 pi_loss=-0.004 v_loss=9.430 ent=0.473 kl=0.0124
[upd  350 | steps  179200 | t  109.0s | sps  1644] ret_mean=29.500 ep_len=500.0 pi_loss=-0.004 v_loss=6.191 ent=0.544 kl=0.0069
        [eval] ret_mean=53.833 ep_len=500.0
[upd  351 | steps  179712 | t  113.1s | sps  1590] ret_mean=198.000 ep_len=500.0 pi_loss=-0.003 v_loss=8.848 ent=0.325 kl=0.0017
[upd  352 | steps  180224 | t  113.2s | sps  1592] ret_mean=115.000 ep_len=500.0 pi_loss=-0.010 v_loss=4.737 ent=0.661 kl=0.0035
[upd  353 | steps  180736 | t  113.4s | sps  1594] ret_mean=234.500 ep_len=500.0 pi_loss=-0.001 v_loss=10.859 ent=0.201 kl=0.0057
[upd  354 | steps  181248 | t  113.5s | sps  1596] ret_mean=204.500 ep_len=500.0 pi_loss=-0.004 v_loss=10.387 ent=0.325 kl=0.0030
[upd  355 | steps  181760 | t  113.7s | sps  1598] ret_mean=99.500 ep_len=500.0 pi_loss=-0.004 v_loss=7.354 ent=0.634 kl=0.0046
[upd  356 | steps  182272 | t  113.9s | sps  1601] ret_mean=53.000 ep_len=500.0 pi_loss=-0.002 v_loss=6.452 ent=0.928 kl=0.0016
[upd  357 | steps  182784 | t  114.0s | sps  1603] ret_mean=110.500 ep_len=500.0 pi_loss=-0.005 v_loss=4.830 ent=0.656 kl=0.0089
[upd  358 | steps  183296 | t  114.2s | sps  1605] ret_mean=129.500 ep_len=500.0 pi_loss=-0.009 v_loss=6.599 ent=0.723 kl=0.0071
[upd  359 | steps  183808 | t  114.4s | sps  1607] ret_mean=106.000 ep_len=500.0 pi_loss=-0.005 v_loss=5.461 ent=0.542 kl=-0.0004
[upd  360 | steps  184320 | t  114.5s | sps  1609] ret_mean=81.000 ep_len=500.0 pi_loss=-0.004 v_loss=4.993 ent=0.723 kl=-0.0014
[upd  361 | steps  184832 | t  114.7s | sps  1611] ret_mean=150.500 ep_len=500.0 pi_loss=-0.003 v_loss=7.345 ent=0.594 kl=0.0113
[upd  362 | steps  185344 | t  114.9s | sps  1613] ret_mean=120.000 ep_len=500.0 pi_loss=-0.008 v_loss=4.324 ent=0.629 kl=0.0139
[upd  363 | steps  185856 | t  115.1s | sps  1615] ret_mean=41.500 ep_len=500.0 pi_loss=-0.006 v_loss=5.465 ent=0.920 kl=0.0045
[upd  364 | steps  186368 | t  115.3s | sps  1617] ret_mean=67.500 ep_len=500.0 pi_loss=-0.003 v_loss=5.201 ent=0.682 kl=0.0012
[upd  365 | steps  186880 | t  115.4s | sps  1619] ret_mean=92.500 ep_len=500.0 pi_loss=-0.007 v_loss=6.831 ent=0.612 kl=0.0151
[upd  366 | steps  187392 | t  115.6s | sps  1621] ret_mean=207.000 ep_len=500.0 pi_loss=-0.004 v_loss=10.281 ent=0.326 kl=0.0159
[upd  367 | steps  187904 | t  115.7s | sps  1623] ret_mean=198.000 ep_len=500.0 pi_loss=-0.004 v_loss=8.749 ent=0.569 kl=0.0053
[upd  368 | steps  188416 | t  115.9s | sps  1626] ret_mean=23.500 ep_len=500.0 pi_loss=-0.009 v_loss=5.747 ent=0.718 kl=0.0107
[upd  369 | steps  188928 | t  116.1s | sps  1628] ret_mean=214.000 ep_len=500.0 pi_loss=-0.003 v_loss=8.508 ent=0.386 kl=0.0057
[upd  370 | steps  189440 | t  116.2s | sps  1630] ret_mean=121.000 ep_len=500.0 pi_loss=-0.005 v_loss=9.139 ent=0.581 kl=0.0055
[upd  371 | steps  189952 | t  116.4s | sps  1632] ret_mean=157.500 ep_len=500.0 pi_loss=-0.003 v_loss=8.927 ent=0.309 kl=0.0071
[upd  372 | steps  190464 | t  116.6s | sps  1634] ret_mean=209.000 ep_len=500.0 pi_loss=-0.003 v_loss=10.229 ent=0.266 kl=-0.0001
[upd  373 | steps  190976 | t  116.7s | sps  1636] ret_mean=213.000 ep_len=500.0 pi_loss=-0.004 v_loss=9.766 ent=0.520 kl=0.0054
[upd  374 | steps  191488 | t  116.9s | sps  1638] ret_mean=45.500 ep_len=500.0 pi_loss=-0.010 v_loss=6.683 ent=0.569 kl=0.0074
[upd  375 | steps  192000 | t  117.1s | sps  1640] ret_mean=161.000 ep_len=500.0 pi_loss=-0.006 v_loss=6.529 ent=0.514 kl=0.0075
        [eval] ret_mean=53.783 ep_len=500.0
[upd  376 | steps  192512 | t  121.4s | sps  1586] ret_mean=152.000 ep_len=500.0 pi_loss=-0.008 v_loss=7.948 ent=0.646 kl=0.0030
[upd  377 | steps  193024 | t  121.5s | sps  1588] ret_mean=51.000 ep_len=500.0 pi_loss=-0.004 v_loss=7.618 ent=0.748 kl=0.0040
[upd  378 | steps  193536 | t  121.7s | sps  1590] ret_mean=19.500 ep_len=500.0 pi_loss=-0.008 v_loss=5.799 ent=0.885 kl=0.0197
[upd  379 | steps  194048 | t  121.9s | sps  1592] ret_mean=221.500 ep_len=500.0 pi_loss=-0.001 v_loss=9.635 ent=0.305 kl=0.0035
[upd  380 | steps  194560 | t  122.0s | sps  1595] ret_mean=200.500 ep_len=500.0 pi_loss=-0.007 v_loss=8.777 ent=0.569 kl=0.0178
[upd  381 | steps  195072 | t  122.2s | sps  1597] ret_mean=79.000 ep_len=500.0 pi_loss=-0.010 v_loss=4.041 ent=0.872 kl=0.0008
[upd  382 | steps  195584 | t  122.3s | sps  1599] ret_mean=120.000 ep_len=500.0 pi_loss=-0.006 v_loss=7.142 ent=0.615 kl=0.0007
[upd  383 | steps  196096 | t  122.5s | sps  1601] ret_mean=78.000 ep_len=500.0 pi_loss=-0.002 v_loss=4.279 ent=0.752 kl=0.0043
[upd  384 | steps  196608 | t  122.7s | sps  1602] ret_mean=80.000 ep_len=500.0 pi_loss=-0.004 v_loss=4.934 ent=0.717 kl=0.0078
[upd  385 | steps  197120 | t  122.9s | sps  1605] ret_mean=164.000 ep_len=500.0 pi_loss=-0.007 v_loss=7.313 ent=0.520 kl=0.0100
[upd  386 | steps  197632 | t  123.0s | sps  1607] ret_mean=125.500 ep_len=500.0 pi_loss=-0.003 v_loss=5.153 ent=0.779 kl=0.0058
[upd  387 | steps  198144 | t  123.2s | sps  1609] ret_mean=109.000 ep_len=500.0 pi_loss=-0.003 v_loss=3.721 ent=0.585 kl=-0.0014
[upd  388 | steps  198656 | t  123.4s | sps  1610] ret_mean=83.000 ep_len=500.0 pi_loss=-0.004 v_loss=5.580 ent=0.630 kl=0.0037
[upd  389 | steps  199168 | t  123.5s | sps  1612] ret_mean=203.500 ep_len=500.0 pi_loss=-0.004 v_loss=7.391 ent=0.509 kl=0.0037
[upd  390 | steps  199680 | t  123.7s | sps  1614] ret_mean=65.000 ep_len=500.0 pi_loss=-0.005 v_loss=5.572 ent=0.628 kl=0.0049
[upd  391 | steps  200192 | t  123.9s | sps  1616] ret_mean=199.000 ep_len=500.0 pi_loss=-0.003 v_loss=7.815 ent=0.569 kl=0.0050
[upd  392 | steps  200704 | t  124.0s | sps  1618] ret_mean=62.500 ep_len=500.0 pi_loss=-0.007 v_loss=5.987 ent=0.568 kl=0.0031
[upd  393 | steps  201216 | t  124.2s | sps  1620] ret_mean=179.500 ep_len=500.0 pi_loss=-0.006 v_loss=6.968 ent=0.514 kl=0.0051
[upd  394 | steps  201728 | t  124.4s | sps  1622] ret_mean=50.000 ep_len=500.0 pi_loss=-0.007 v_loss=5.781 ent=0.571 kl=0.0087
[upd  395 | steps  202240 | t  124.6s | sps  1624] ret_mean=207.000 ep_len=500.0 pi_loss=-0.003 v_loss=8.795 ent=0.503 kl=0.0170
[upd  396 | steps  202752 | t  124.7s | sps  1626] ret_mean=153.000 ep_len=500.0 pi_loss=-0.010 v_loss=4.515 ent=0.556 kl=0.0101
[upd  397 | steps  203264 | t  124.9s | sps  1628] ret_mean=111.500 ep_len=500.0 pi_loss=-0.009 v_loss=4.198 ent=0.617 kl=0.0097
[upd  398 | steps  203776 | t  125.1s | sps  1629] ret_mean=131.000 ep_len=500.0 pi_loss=-0.009 v_loss=7.337 ent=0.507 kl=0.0078
[upd  399 | steps  204288 | t  125.2s | sps  1631] ret_mean=216.000 ep_len=500.0 pi_loss=-0.004 v_loss=9.316 ent=0.336 kl=0.0030
[upd  400 | steps  204800 | t  125.4s | sps  1633] ret_mean=219.000 ep_len=500.0 pi_loss=-0.001 v_loss=7.538 ent=0.584 kl=0.0026
        [eval] ret_mean=66.183 ep_len=500.0
