$ /Users/samchen/Coding/CLASSES/CS2860/.venv/bin/python3 -m policies.train --env rware-tiny-4ag-v2 --seed 0 --updates 100 --rollout 256 --eval-every 10 --eval-episodes 3 --log-dir runs/exp_matrix --run-name mappo-no-comm__baseline__d0__s0 --n-msg-tokens 8 --no-comm

[env] EnvSpec(env_id='rware-tiny-4ag-v2', n_agents=4, obs_dim=71, n_env_actions=5, noop_action=0, family='rware')  (n_msg_tokens=1)
[cfg] {'clip_range': 0.2, 'value_clip_range': 0.2, 'entropy_coef': 0.01, 'value_coef': 0.5, 'max_grad_norm': 0.5, 'gamma': 0.99, 'gae_lambda': 0.95, 'lr_actor': 0.0003, 'lr_critic': 0.001, 'update_epochs': 4, 'minibatches': 4, 'hidden': 128, 'depth': 2, 'device': 'cpu', 'extra': {}}
[log] writing to runs/exp_matrix/mappo-no-comm__baseline__d0__s0
[upd    1 | steps     256 | t    0.2s | sps  1694] ret_mean=0.000 ep_len=0.0 pi_loss=-0.014 v_loss=0.065 ent=1.607 kl=0.0104
[upd    2 | steps     512 | t    0.3s | sps  1924] ret_mean=0.000 ep_len=500.0 pi_loss=-0.009 v_loss=0.020 ent=1.608 kl=0.0022
[upd    3 | steps     768 | t    0.4s | sps  2022] ret_mean=0.000 ep_len=0.0 pi_loss=-0.009 v_loss=0.006 ent=1.606 kl=0.0115
[upd    4 | steps    1024 | t    0.5s | sps  2099] ret_mean=0.000 ep_len=500.0 pi_loss=-0.006 v_loss=0.003 ent=1.600 kl=0.0037
[upd    5 | steps    1280 | t    0.6s | sps  2008] ret_mean=0.000 ep_len=0.0 pi_loss=-0.013 v_loss=0.002 ent=1.595 kl=0.0242
[upd    6 | steps    1536 | t    0.8s | sps  2045] ret_mean=0.000 ep_len=500.0 pi_loss=-0.006 v_loss=0.003 ent=1.591 kl=0.0007
[upd    7 | steps    1792 | t    0.9s | sps  2071] ret_mean=0.000 ep_len=0.0 pi_loss=-0.005 v_loss=0.003 ent=1.589 kl=-0.0004
[upd    8 | steps    2048 | t    1.0s | sps  2092] ret_mean=0.000 ep_len=500.0 pi_loss=-0.009 v_loss=0.004 ent=1.591 kl=0.0061
[upd    9 | steps    2304 | t    1.1s | sps  2115] ret_mean=0.000 ep_len=0.0 pi_loss=-0.012 v_loss=0.003 ent=1.595 kl=-0.0080
[upd   10 | steps    2560 | t    1.2s | sps  2134] ret_mean=0.000 ep_len=500.0 pi_loss=-0.010 v_loss=0.002 ent=1.581 kl=-0.0013
        [eval] ret_mean=0.000 ep_len=500.0
[upd   11 | steps    2816 | t    1.7s | sps  1665] ret_mean=0.000 ep_len=0.0 pi_loss=-0.006 v_loss=0.001 ent=1.564 kl=0.0108
[upd   12 | steps    3072 | t    1.8s | sps  1704] ret_mean=0.000 ep_len=500.0 pi_loss=-0.017 v_loss=0.001 ent=1.538 kl=0.0061
[upd   13 | steps    3328 | t    1.9s | sps  1737] ret_mean=0.000 ep_len=0.0 pi_loss=-0.005 v_loss=0.001 ent=1.553 kl=0.0065
[upd   14 | steps    3584 | t    2.0s | sps  1767] ret_mean=0.000 ep_len=500.0 pi_loss=-0.012 v_loss=0.001 ent=1.516 kl=-0.0018
[upd   15 | steps    3840 | t    2.1s | sps  1792] ret_mean=0.000 ep_len=0.0 pi_loss=-0.010 v_loss=0.001 ent=1.498 kl=0.0124
[upd   16 | steps    4096 | t    2.3s | sps  1815] ret_mean=0.000 ep_len=500.0 pi_loss=-0.008 v_loss=0.002 ent=1.501 kl=0.0052
[upd   17 | steps    4352 | t    2.4s | sps  1835] ret_mean=0.000 ep_len=0.0 pi_loss=-0.014 v_loss=0.001 ent=1.525 kl=0.0119
[upd   18 | steps    4608 | t    2.5s | sps  1855] ret_mean=0.000 ep_len=500.0 pi_loss=-0.014 v_loss=0.001 ent=1.542 kl=0.0076
[upd   19 | steps    4864 | t    2.6s | sps  1873] ret_mean=0.000 ep_len=0.0 pi_loss=-0.006 v_loss=0.001 ent=1.513 kl=0.0081
[upd   20 | steps    5120 | t    2.7s | sps  1891] ret_mean=0.000 ep_len=500.0 pi_loss=-0.007 v_loss=0.001 ent=1.514 kl=0.0055
        [eval] ret_mean=0.000 ep_len=500.0
[upd   21 | steps    5376 | t    3.2s | sps  1681] ret_mean=0.000 ep_len=0.0 pi_loss=-0.008 v_loss=0.001 ent=1.507 kl=0.0012
[upd   22 | steps    5632 | t    3.3s | sps  1700] ret_mean=0.000 ep_len=500.0 pi_loss=-0.008 v_loss=0.001 ent=1.449 kl=-0.0070
[upd   23 | steps    5888 | t    3.4s | sps  1720] ret_mean=0.000 ep_len=0.0 pi_loss=-0.008 v_loss=0.011 ent=1.472 kl=0.0124
[upd   24 | steps    6144 | t    3.5s | sps  1738] ret_mean=1.000 ep_len=500.0 pi_loss=-0.004 v_loss=0.001 ent=1.478 kl=0.0132
[upd   25 | steps    6400 | t    3.6s | sps  1756] ret_mean=0.000 ep_len=0.0 pi_loss=-0.012 v_loss=0.001 ent=1.501 kl=0.0017
[upd   26 | steps    6656 | t    3.8s | sps  1772] ret_mean=0.000 ep_len=500.0 pi_loss=-0.010 v_loss=0.001 ent=1.496 kl=0.0019
[upd   27 | steps    6912 | t    3.9s | sps  1786] ret_mean=0.000 ep_len=0.0 pi_loss=-0.010 v_loss=0.000 ent=1.505 kl=0.0036
[upd   28 | steps    7168 | t    4.0s | sps  1799] ret_mean=0.000 ep_len=500.0 pi_loss=-0.010 v_loss=0.001 ent=1.486 kl=0.0042
[upd   29 | steps    7424 | t    4.1s | sps  1811] ret_mean=0.000 ep_len=0.0 pi_loss=-0.017 v_loss=0.001 ent=1.436 kl=0.0019
[upd   30 | steps    7680 | t    4.2s | sps  1824] ret_mean=0.000 ep_len=500.0 pi_loss=-0.011 v_loss=0.001 ent=1.466 kl=0.0025
        [eval] ret_mean=0.000 ep_len=500.0
[upd   31 | steps    7936 | t    4.7s | sps  1690] ret_mean=0.000 ep_len=0.0 pi_loss=-0.012 v_loss=0.001 ent=1.424 kl=0.0095
[upd   32 | steps    8192 | t    4.8s | sps  1703] ret_mean=0.000 ep_len=500.0 pi_loss=-0.014 v_loss=0.001 ent=1.364 kl=0.0000
[upd   33 | steps    8448 | t    4.9s | sps  1718] ret_mean=0.000 ep_len=0.0 pi_loss=-0.010 v_loss=0.000 ent=1.465 kl=0.0131
[upd   34 | steps    8704 | t    5.0s | sps  1729] ret_mean=0.000 ep_len=500.0 pi_loss=-0.013 v_loss=0.000 ent=1.439 kl=-0.0019
[upd   35 | steps    8960 | t    5.1s | sps  1740] ret_mean=0.000 ep_len=0.0 pi_loss=-0.008 v_loss=0.001 ent=1.496 kl=0.0062
[upd   36 | steps    9216 | t    5.3s | sps  1750] ret_mean=0.000 ep_len=500.0 pi_loss=-0.001 v_loss=0.000 ent=1.410 kl=0.0009
[upd   37 | steps    9472 | t    5.4s | sps  1762] ret_mean=0.000 ep_len=0.0 pi_loss=-0.008 v_loss=0.000 ent=1.278 kl=0.0134
[upd   38 | steps    9728 | t    5.5s | sps  1773] ret_mean=0.000 ep_len=500.0 pi_loss=-0.010 v_loss=0.001 ent=1.285 kl=-0.0022
[upd   39 | steps    9984 | t    5.6s | sps  1783] ret_mean=0.000 ep_len=0.0 pi_loss=-0.008 v_loss=0.000 ent=1.434 kl=0.0048
[upd   40 | steps   10240 | t    5.7s | sps  1793] ret_mean=0.000 ep_len=500.0 pi_loss=-0.007 v_loss=0.000 ent=1.437 kl=0.0073
        [eval] ret_mean=0.000 ep_len=500.0
[upd   41 | steps   10496 | t    6.2s | sps  1688] ret_mean=0.000 ep_len=0.0 pi_loss=-0.010 v_loss=0.000 ent=1.479 kl=0.0098
[upd   42 | steps   10752 | t    6.3s | sps  1698] ret_mean=0.000 ep_len=500.0 pi_loss=-0.010 v_loss=0.000 ent=1.493 kl=0.0153
[upd   43 | steps   11008 | t    6.4s | sps  1707] ret_mean=0.000 ep_len=0.0 pi_loss=-0.011 v_loss=0.000 ent=1.453 kl=0.0073
[upd   44 | steps   11264 | t    6.6s | sps  1715] ret_mean=0.000 ep_len=500.0 pi_loss=-0.016 v_loss=0.000 ent=1.421 kl=0.0105
[upd   45 | steps   11520 | t    6.7s | sps  1724] ret_mean=0.000 ep_len=0.0 pi_loss=-0.010 v_loss=0.000 ent=1.458 kl=0.0162
[upd   46 | steps   11776 | t    6.8s | sps  1733] ret_mean=0.000 ep_len=500.0 pi_loss=-0.008 v_loss=0.000 ent=1.369 kl=-0.0061
[upd   47 | steps   12032 | t    6.9s | sps  1742] ret_mean=0.000 ep_len=0.0 pi_loss=-0.008 v_loss=0.000 ent=1.455 kl=0.0136
[upd   48 | steps   12288 | t    7.0s | sps  1751] ret_mean=0.000 ep_len=500.0 pi_loss=-0.009 v_loss=0.000 ent=1.467 kl=0.0086
[upd   49 | steps   12544 | t    7.1s | sps  1760] ret_mean=0.000 ep_len=0.0 pi_loss=-0.008 v_loss=0.000 ent=1.368 kl=0.0094
[upd   50 | steps   12800 | t    7.2s | sps  1767] ret_mean=0.000 ep_len=500.0 pi_loss=-0.012 v_loss=0.000 ent=1.320 kl=0.0006
        [eval] ret_mean=0.000 ep_len=500.0
[upd   51 | steps   13056 | t    7.7s | sps  1688] ret_mean=0.000 ep_len=0.0 pi_loss=-0.009 v_loss=0.000 ent=1.223 kl=0.0180
[upd   52 | steps   13312 | t    7.9s | sps  1695] ret_mean=0.000 ep_len=500.0 pi_loss=-0.007 v_loss=0.000 ent=1.214 kl=0.0028
[upd   53 | steps   13568 | t    8.0s | sps  1703] ret_mean=0.000 ep_len=0.0 pi_loss=-0.017 v_loss=0.000 ent=1.215 kl=-0.0070
[upd   54 | steps   13824 | t    8.1s | sps  1711] ret_mean=0.000 ep_len=500.0 pi_loss=-0.014 v_loss=0.000 ent=1.344 kl=0.0073
[upd   55 | steps   14080 | t    8.2s | sps  1718] ret_mean=0.000 ep_len=0.0 pi_loss=-0.012 v_loss=0.000 ent=1.468 kl=0.0029
[upd   56 | steps   14336 | t    8.3s | sps  1726] ret_mean=0.000 ep_len=500.0 pi_loss=-0.016 v_loss=0.000 ent=1.395 kl=0.0093
[upd   57 | steps   14592 | t    8.4s | sps  1733] ret_mean=0.000 ep_len=0.0 pi_loss=-0.014 v_loss=0.000 ent=1.132 kl=-0.0064
[upd   58 | steps   14848 | t    8.5s | sps  1740] ret_mean=0.000 ep_len=500.0 pi_loss=-0.010 v_loss=0.000 ent=1.184 kl=0.0024
[upd   59 | steps   15104 | t    8.6s | sps  1746] ret_mean=0.000 ep_len=0.0 pi_loss=-0.013 v_loss=0.000 ent=1.530 kl=0.0119
[upd   60 | steps   15360 | t    8.8s | sps  1753] ret_mean=0.000 ep_len=500.0 pi_loss=-0.012 v_loss=0.000 ent=1.443 kl=0.0071
        [eval] ret_mean=0.000 ep_len=500.0
[upd   61 | steps   15616 | t    9.2s | sps  1688] ret_mean=0.000 ep_len=0.0 pi_loss=-0.022 v_loss=0.000 ent=1.449 kl=0.0091
[upd   62 | steps   15872 | t    9.4s | sps  1695] ret_mean=0.000 ep_len=500.0 pi_loss=-0.011 v_loss=0.000 ent=1.415 kl=0.0036
[upd   63 | steps   16128 | t    9.5s | sps  1702] ret_mean=0.000 ep_len=0.0 pi_loss=-0.011 v_loss=0.000 ent=1.330 kl=0.0023
[upd   64 | steps   16384 | t    9.6s | sps  1708] ret_mean=0.000 ep_len=500.0 pi_loss=-0.010 v_loss=0.000 ent=1.283 kl=0.0149
[upd   65 | steps   16640 | t    9.7s | sps  1715] ret_mean=0.000 ep_len=0.0 pi_loss=-0.014 v_loss=0.000 ent=1.400 kl=0.0023
[upd   66 | steps   16896 | t    9.8s | sps  1722] ret_mean=0.000 ep_len=500.0 pi_loss=-0.015 v_loss=0.000 ent=1.439 kl=0.0169
[upd   67 | steps   17152 | t    9.9s | sps  1728] ret_mean=0.000 ep_len=0.0 pi_loss=-0.017 v_loss=0.000 ent=1.427 kl=0.0126
[upd   68 | steps   17408 | t   10.0s | sps  1734] ret_mean=0.000 ep_len=500.0 pi_loss=-0.010 v_loss=0.000 ent=1.504 kl=-0.0013
[upd   69 | steps   17664 | t   10.2s | sps  1739] ret_mean=0.000 ep_len=0.0 pi_loss=-0.014 v_loss=0.000 ent=1.463 kl=0.0048
[upd   70 | steps   17920 | t   10.3s | sps  1745] ret_mean=0.000 ep_len=500.0 pi_loss=-0.014 v_loss=0.000 ent=1.483 kl=0.0109
        [eval] ret_mean=0.000 ep_len=500.0
[upd   71 | steps   18176 | t   10.8s | sps  1685] ret_mean=0.000 ep_len=0.0 pi_loss=-0.012 v_loss=0.000 ent=1.460 kl=0.0078
[upd   72 | steps   18432 | t   10.9s | sps  1690] ret_mean=0.000 ep_len=500.0 pi_loss=-0.012 v_loss=0.000 ent=1.486 kl=0.0065
[upd   73 | steps   18688 | t   11.0s | sps  1696] ret_mean=0.000 ep_len=0.0 pi_loss=-0.009 v_loss=0.000 ent=1.475 kl=0.0206
[upd   74 | steps   18944 | t   11.1s | sps  1702] ret_mean=0.000 ep_len=500.0 pi_loss=-0.015 v_loss=0.000 ent=1.495 kl=0.0082
[upd   75 | steps   19200 | t   11.2s | sps  1707] ret_mean=0.000 ep_len=0.0 pi_loss=-0.024 v_loss=0.000 ent=1.444 kl=0.0299
[upd   76 | steps   19456 | t   11.4s | sps  1712] ret_mean=0.000 ep_len=500.0 pi_loss=-0.012 v_loss=0.000 ent=1.460 kl=0.0200
[upd   77 | steps   19712 | t   11.5s | sps  1717] ret_mean=0.000 ep_len=0.0 pi_loss=-0.014 v_loss=0.014 ent=1.431 kl=0.0071
[upd   78 | steps   19968 | t   11.6s | sps  1722] ret_mean=1.000 ep_len=500.0 pi_loss=-0.007 v_loss=0.000 ent=1.399 kl=0.0110
[upd   79 | steps   20224 | t   11.7s | sps  1727] ret_mean=0.000 ep_len=0.0 pi_loss=-0.009 v_loss=0.001 ent=1.440 kl=0.0041
[upd   80 | steps   20480 | t   11.8s | sps  1732] ret_mean=0.000 ep_len=500.0 pi_loss=-0.013 v_loss=0.000 ent=1.392 kl=0.0143
        [eval] ret_mean=0.000 ep_len=500.0
[upd   81 | steps   20736 | t   12.3s | sps  1680] ret_mean=0.000 ep_len=0.0 pi_loss=-0.014 v_loss=0.000 ent=1.485 kl=0.0176
[upd   82 | steps   20992 | t   12.5s | sps  1685] ret_mean=0.000 ep_len=500.0 pi_loss=-0.006 v_loss=0.000 ent=1.480 kl=0.0008
[upd   83 | steps   21248 | t   12.6s | sps  1690] ret_mean=0.000 ep_len=0.0 pi_loss=-0.008 v_loss=0.000 ent=1.479 kl=0.0095
[upd   84 | steps   21504 | t   12.7s | sps  1695] ret_mean=1.000 ep_len=500.0 pi_loss=-0.002 v_loss=0.012 ent=1.457 kl=0.0128
[upd   85 | steps   21760 | t   12.8s | sps  1700] ret_mean=0.000 ep_len=0.0 pi_loss=-0.010 v_loss=0.012 ent=1.461 kl=0.0051
[upd   86 | steps   22016 | t   12.9s | sps  1705] ret_mean=1.000 ep_len=500.0 pi_loss=-0.007 v_loss=0.001 ent=1.520 kl=0.0083
[upd   87 | steps   22272 | t   13.0s | sps  1709] ret_mean=0.000 ep_len=0.0 pi_loss=-0.013 v_loss=0.001 ent=1.500 kl=0.0040
[upd   88 | steps   22528 | t   13.2s | sps  1713] ret_mean=0.000 ep_len=500.0 pi_loss=-0.008 v_loss=0.000 ent=1.510 kl=-0.0022
[upd   89 | steps   22784 | t   13.3s | sps  1718] ret_mean=0.000 ep_len=0.0 pi_loss=-0.008 v_loss=0.000 ent=1.481 kl=0.0127
[upd   90 | steps   23040 | t   13.4s | sps  1722] ret_mean=0.000 ep_len=500.0 pi_loss=-0.017 v_loss=0.001 ent=1.510 kl=0.0091
        [eval] ret_mean=0.000 ep_len=500.0
[upd   91 | steps   23296 | t   13.9s | sps  1676] ret_mean=0.000 ep_len=0.0 pi_loss=-0.010 v_loss=0.000 ent=1.465 kl=0.0148
[upd   92 | steps   23552 | t   14.0s | sps  1680] ret_mean=0.000 ep_len=500.0 pi_loss=-0.014 v_loss=0.000 ent=1.454 kl=0.0091
[upd   93 | steps   23808 | t   14.1s | sps  1684] ret_mean=0.000 ep_len=0.0 pi_loss=-0.008 v_loss=0.001 ent=1.509 kl=0.0072
[upd   94 | steps   24064 | t   14.3s | sps  1689] ret_mean=0.000 ep_len=500.0 pi_loss=-0.009 v_loss=0.000 ent=1.465 kl=0.0033
[upd   95 | steps   24320 | t   14.4s | sps  1693] ret_mean=0.000 ep_len=0.0 pi_loss=-0.011 v_loss=0.000 ent=1.440 kl=0.0062
[upd   96 | steps   24576 | t   14.5s | sps  1697] ret_mean=1.000 ep_len=500.0 pi_loss=-0.012 v_loss=0.011 ent=1.504 kl=0.0090
[upd   97 | steps   24832 | t   14.6s | sps  1701] ret_mean=0.000 ep_len=0.0 pi_loss=-0.008 v_loss=0.000 ent=1.465 kl=0.0043
[upd   98 | steps   25088 | t   14.7s | sps  1705] ret_mean=0.000 ep_len=500.0 pi_loss=-0.013 v_loss=0.000 ent=1.444 kl=0.0010
[upd   99 | steps   25344 | t   14.8s | sps  1709] ret_mean=0.000 ep_len=0.0 pi_loss=-0.008 v_loss=0.000 ent=1.488 kl=0.0026
[upd  100 | steps   25600 | t   14.9s | sps  1713] ret_mean=0.000 ep_len=500.0 pi_loss=-0.009 v_loss=0.000 ent=1.424 kl=0.0037
        [eval] ret_mean=0.000 ep_len=500.0
