$ /Users/praneelkhiantani/Downloads/cs2860/.venv/bin/python3 -m policies.train --env rware-tiny-2ag-easy-v2 --seed 1 --updates 200 --rollout 512 --eval-every 50 --eval-episodes 10 --log-dir matrix_results/intent_grounded_v1_pilot/rware-tiny-2ag-easy-v2 --run-name mappo-no-comm__baseline__d0__s1 --n-msg-tokens 8 --no-comm --shape-rewards --pickup-bonus 0.5

[env] EnvSpec(env_id='rware-tiny-2ag-easy-v2', n_agents=2, obs_dim=71, n_env_actions=5, noop_action=0, family='rware')  (n_msg_tokens=1)
[cfg] {'clip_range': 0.2, 'value_clip_range': 0.2, 'entropy_coef': 0.01, 'value_coef': 0.5, 'max_grad_norm': 0.5, 'gamma': 0.99, 'gae_lambda': 0.95, 'lr_actor': 0.0003, 'lr_critic': 0.001, 'update_epochs': 4, 'minibatches': 4, 'hidden': 128, 'depth': 2, 'device': 'cpu', 'message_grounding_coef': 0.0, 'extra': {}}
[log] writing to matrix_results/intent_grounded_v1_pilot/rware-tiny-2ag-easy-v2/mappo-no-comm__baseline__d0__s1
[upd    1 | steps     512 | t    1.0s | sps   513] ret_mean=0.000 ep_len=500.0 pi_loss=-0.004 v_loss=0.062 ent=1.608 msg_acc=0.000 kl=0.0009
[upd    2 | steps    1024 | t    1.8s | sps   562] ret_mean=2.500 ep_len=500.0 pi_loss=-0.005 v_loss=0.038 ent=1.599 msg_acc=0.000 kl=0.0059
[upd    3 | steps    1536 | t    2.8s | sps   556] ret_mean=1.000 ep_len=500.0 pi_loss=-0.007 v_loss=0.016 ent=1.587 msg_acc=0.000 kl=0.0027
[upd    4 | steps    2048 | t    3.6s | sps   570] ret_mean=0.500 ep_len=500.0 pi_loss=-0.002 v_loss=0.006 ent=1.577 msg_acc=0.000 kl=0.0002
[upd    5 | steps    2560 | t    4.6s | sps   558] ret_mean=1.500 ep_len=500.0 pi_loss=-0.003 v_loss=0.016 ent=1.576 msg_acc=0.000 kl=0.0012
[upd    6 | steps    3072 | t    5.4s | sps   574] ret_mean=0.500 ep_len=500.0 pi_loss=-0.007 v_loss=0.024 ent=1.564 msg_acc=0.000 kl=0.0013
[upd    7 | steps    3584 | t    6.1s | sps   586] ret_mean=3.500 ep_len=500.0 pi_loss=-0.001 v_loss=0.013 ent=1.529 msg_acc=0.000 kl=-0.0002
[upd    8 | steps    4096 | t    6.9s | sps   598] ret_mean=1.000 ep_len=500.0 pi_loss=-0.004 v_loss=0.004 ent=1.538 msg_acc=0.000 kl=0.0035
[upd    9 | steps    4608 | t    7.7s | sps   601] ret_mean=6.000 ep_len=500.0 pi_loss=-0.004 v_loss=0.090 ent=1.529 msg_acc=0.000 kl=0.0007
[upd   10 | steps    5120 | t    8.5s | sps   606] ret_mean=0.000 ep_len=500.0 pi_loss=-0.010 v_loss=0.058 ent=1.522 msg_acc=0.000 kl=0.0070
[upd   11 | steps    5632 | t    9.2s | sps   610] ret_mean=11.000 ep_len=500.0 pi_loss=-0.003 v_loss=0.132 ent=1.487 msg_acc=0.000 kl=0.0021
[upd   12 | steps    6144 | t   10.0s | sps   613] ret_mean=0.000 ep_len=500.0 pi_loss=-0.005 v_loss=0.005 ent=1.464 msg_acc=0.000 kl=0.0031
[upd   13 | steps    6656 | t   10.8s | sps   616] ret_mean=1.000 ep_len=500.0 pi_loss=-0.002 v_loss=0.008 ent=1.440 msg_acc=0.000 kl=0.0068
[upd   14 | steps    7168 | t   11.6s | sps   619] ret_mean=0.000 ep_len=500.0 pi_loss=-0.006 v_loss=0.080 ent=1.472 msg_acc=0.000 kl=0.0120
[upd   15 | steps    7680 | t   12.4s | sps   617] ret_mean=5.500 ep_len=500.0 pi_loss=-0.006 v_loss=0.006 ent=1.496 msg_acc=0.000 kl=0.0008
[upd   16 | steps    8192 | t   13.2s | sps   620] ret_mean=1.000 ep_len=500.0 pi_loss=-0.005 v_loss=0.004 ent=1.466 msg_acc=0.000 kl=0.0027
[upd   17 | steps    8704 | t   14.0s | sps   621] ret_mean=0.000 ep_len=500.0 pi_loss=-0.006 v_loss=0.009 ent=1.453 msg_acc=0.000 kl=0.0121
[upd   18 | steps    9216 | t   14.8s | sps   623] ret_mean=1.500 ep_len=500.0 pi_loss=-0.005 v_loss=0.002 ent=1.486 msg_acc=0.000 kl=0.0040
[upd   19 | steps    9728 | t   15.6s | sps   625] ret_mean=2.000 ep_len=500.0 pi_loss=-0.004 v_loss=0.011 ent=1.470 msg_acc=0.000 kl=-0.0001
[upd   20 | steps   10240 | t   16.3s | sps   626] ret_mean=0.500 ep_len=500.0 pi_loss=-0.003 v_loss=0.003 ent=1.480 msg_acc=0.000 kl=0.0048
[upd   21 | steps   10752 | t   17.1s | sps   629] ret_mean=10.500 ep_len=500.0 pi_loss=-0.015 v_loss=0.273 ent=1.482 msg_acc=0.000 kl=0.0101
[upd   22 | steps   11264 | t   17.8s | sps   631] ret_mean=0.000 ep_len=500.0 pi_loss=-0.003 v_loss=0.008 ent=1.492 msg_acc=0.000 kl=0.0026
[upd   23 | steps   11776 | t   18.7s | sps   630] ret_mean=0.000 ep_len=500.0 pi_loss=-0.006 v_loss=0.006 ent=1.477 msg_acc=0.000 kl=0.0066
[upd   24 | steps   12288 | t   19.5s | sps   631] ret_mean=0.500 ep_len=500.0 pi_loss=-0.005 v_loss=0.003 ent=1.507 msg_acc=0.000 kl=0.0041
[upd   25 | steps   12800 | t   20.3s | sps   630] ret_mean=0.000 ep_len=500.0 pi_loss=-0.008 v_loss=0.003 ent=1.502 msg_acc=0.000 kl=0.0110
[upd   26 | steps   13312 | t   21.1s | sps   632] ret_mean=1.500 ep_len=500.0 pi_loss=-0.006 v_loss=0.016 ent=1.524 msg_acc=0.000 kl=0.0096
[upd   27 | steps   13824 | t   21.8s | sps   633] ret_mean=1.500 ep_len=500.0 pi_loss=-0.006 v_loss=0.002 ent=1.516 msg_acc=0.000 kl=0.0065
[upd   28 | steps   14336 | t   22.6s | sps   635] ret_mean=0.000 ep_len=500.0 pi_loss=-0.005 v_loss=0.025 ent=1.505 msg_acc=0.000 kl=0.0058
[upd   29 | steps   14848 | t   23.4s | sps   636] ret_mean=2.500 ep_len=500.0 pi_loss=-0.006 v_loss=0.006 ent=1.477 msg_acc=0.000 kl=0.0116
[upd   30 | steps   15360 | t   24.4s | sps   630] ret_mean=0.500 ep_len=500.0 pi_loss=-0.005 v_loss=0.003 ent=1.486 msg_acc=0.000 kl=0.0096
[upd   31 | steps   15872 | t   25.3s | sps   626] ret_mean=1.500 ep_len=500.0 pi_loss=-0.006 v_loss=0.010 ent=1.498 msg_acc=0.000 kl=0.0011
[upd   32 | steps   16384 | t   26.1s | sps   627] ret_mean=1.500 ep_len=500.0 pi_loss=-0.012 v_loss=0.027 ent=1.479 msg_acc=0.000 kl=0.0098
[upd   33 | steps   16896 | t   26.9s | sps   628] ret_mean=5.500 ep_len=500.0 pi_loss=-0.011 v_loss=0.089 ent=1.422 msg_acc=0.000 kl=0.0010
[upd   34 | steps   17408 | t   27.7s | sps   629] ret_mean=5.000 ep_len=500.0 pi_loss=-0.009 v_loss=0.123 ent=1.427 msg_acc=0.000 kl=0.0082
[upd   35 | steps   17920 | t   28.4s | sps   630] ret_mean=8.000 ep_len=500.0 pi_loss=-0.011 v_loss=0.040 ent=1.380 msg_acc=0.000 kl=0.0091
[upd   36 | steps   18432 | t   29.2s | sps   631] ret_mean=3.000 ep_len=500.0 pi_loss=-0.008 v_loss=0.273 ent=1.333 msg_acc=0.000 kl=0.0023
[upd   37 | steps   18944 | t   29.9s | sps   633] ret_mean=12.500 ep_len=500.0 pi_loss=-0.004 v_loss=0.005 ent=1.413 msg_acc=0.000 kl=0.0063
[upd   38 | steps   19456 | t   30.7s | sps   633] ret_mean=0.500 ep_len=500.0 pi_loss=-0.011 v_loss=0.004 ent=1.404 msg_acc=0.000 kl=0.0049
[upd   39 | steps   19968 | t   31.5s | sps   634] ret_mean=1.500 ep_len=500.0 pi_loss=-0.007 v_loss=0.101 ent=1.351 msg_acc=0.000 kl=-0.0013
[upd   40 | steps   20480 | t   32.3s | sps   635] ret_mean=5.500 ep_len=500.0 pi_loss=-0.011 v_loss=0.033 ent=1.245 msg_acc=0.000 kl=0.0064
[upd   41 | steps   20992 | t   33.1s | sps   634] ret_mean=3.000 ep_len=500.0 pi_loss=-0.006 v_loss=0.006 ent=1.330 msg_acc=0.000 kl=0.0028
[upd   42 | steps   21504 | t   33.9s | sps   634] ret_mean=9.750 ep_len=500.0 pi_loss=-0.006 v_loss=0.421 ent=1.280 msg_acc=0.000 kl=0.0052
[upd   43 | steps   22016 | t   34.7s | sps   635] ret_mean=28.000 ep_len=500.0 pi_loss=-0.005 v_loss=0.951 ent=1.184 msg_acc=0.000 kl=0.0046
[upd   44 | steps   22528 | t   35.4s | sps   636] ret_mean=25.000 ep_len=500.0 pi_loss=-0.007 v_loss=1.017 ent=1.177 msg_acc=0.000 kl=0.0007
[upd   45 | steps   23040 | t   36.2s | sps   637] ret_mean=12.500 ep_len=500.0 pi_loss=-0.010 v_loss=0.206 ent=1.224 msg_acc=0.000 kl=0.0137
[upd   46 | steps   23552 | t   36.9s | sps   637] ret_mean=6.000 ep_len=500.0 pi_loss=-0.009 v_loss=0.192 ent=1.243 msg_acc=0.000 kl=0.0170
[upd   47 | steps   24064 | t   37.7s | sps   638] ret_mean=15.500 ep_len=500.0 pi_loss=-0.004 v_loss=0.409 ent=1.136 msg_acc=0.000 kl=0.0056
[upd   48 | steps   24576 | t   38.4s | sps   639] ret_mean=9.000 ep_len=500.0 pi_loss=-0.004 v_loss=0.284 ent=1.229 msg_acc=0.000 kl=0.0011
[upd   49 | steps   25088 | t   39.2s | sps   640] ret_mean=0.000 ep_len=500.0 pi_loss=-0.001 v_loss=0.003 ent=1.128 msg_acc=0.000 kl=0.0021
[upd   50 | steps   25600 | t   40.0s | sps   640] ret_mean=0.500 ep_len=500.0 pi_loss=-0.004 v_loss=0.007 ent=1.220 msg_acc=0.000 kl=0.0091
        [eval] ret_mean=0.000 ep_len=500.0
[upd   51 | steps   26112 | t   46.4s | sps   562] ret_mean=1.500 ep_len=500.0 pi_loss=-0.010 v_loss=0.010 ent=1.378 msg_acc=0.000 kl=0.0076
[upd   52 | steps   26624 | t   47.2s | sps   564] ret_mean=3.000 ep_len=500.0 pi_loss=-0.007 v_loss=0.051 ent=1.254 msg_acc=0.000 kl=0.0182
[upd   53 | steps   27136 | t   48.2s | sps   563] ret_mean=0.000 ep_len=500.0 pi_loss=-0.008 v_loss=0.002 ent=1.215 msg_acc=0.000 kl=0.0012
[upd   54 | steps   27648 | t   49.0s | sps   565] ret_mean=0.500 ep_len=500.0 pi_loss=-0.008 v_loss=0.220 ent=1.228 msg_acc=0.000 kl=0.0067
[upd   55 | steps   28160 | t   49.7s | sps   567] ret_mean=9.000 ep_len=500.0 pi_loss=-0.013 v_loss=0.101 ent=1.172 msg_acc=0.000 kl=0.0030
[upd   56 | steps   28672 | t   50.5s | sps   568] ret_mean=5.000 ep_len=500.0 pi_loss=-0.003 v_loss=0.141 ent=1.186 msg_acc=0.000 kl=0.0015
[upd   57 | steps   29184 | t   51.2s | sps   570] ret_mean=53.000 ep_len=500.0 pi_loss=-0.002 v_loss=2.096 ent=0.975 msg_acc=0.000 kl=0.0078
[upd   58 | steps   29696 | t   52.0s | sps   571] ret_mean=26.000 ep_len=500.0 pi_loss=-0.007 v_loss=0.657 ent=1.155 msg_acc=0.000 kl=0.0103
[upd   59 | steps   30208 | t   52.7s | sps   573] ret_mean=0.000 ep_len=500.0 pi_loss=-0.009 v_loss=0.008 ent=1.231 msg_acc=0.000 kl=0.0058
[upd   60 | steps   30720 | t   53.5s | sps   575] ret_mean=0.000 ep_len=500.0 pi_loss=-0.006 v_loss=0.601 ent=1.276 msg_acc=0.000 kl=0.0096
[upd   61 | steps   31232 | t   54.2s | sps   576] ret_mean=23.500 ep_len=500.0 pi_loss=-0.005 v_loss=0.806 ent=1.136 msg_acc=0.000 kl=-0.0068
[upd   62 | steps   31744 | t   55.3s | sps   574] ret_mean=37.500 ep_len=500.0 pi_loss=-0.008 v_loss=1.704 ent=0.991 msg_acc=0.000 kl=0.0051
[upd   63 | steps   32256 | t   56.1s | sps   575] ret_mean=22.500 ep_len=500.0 pi_loss=-0.006 v_loss=0.031 ent=1.131 msg_acc=0.000 kl=0.0026
[upd   64 | steps   32768 | t   56.9s | sps   576] ret_mean=0.000 ep_len=500.0 pi_loss=-0.012 v_loss=0.028 ent=1.175 msg_acc=0.000 kl=0.0159
[upd   65 | steps   33280 | t   57.7s | sps   577] ret_mean=0.000 ep_len=500.0 pi_loss=-0.007 v_loss=1.444 ent=1.042 msg_acc=0.000 kl=0.0019
[upd   66 | steps   33792 | t   58.4s | sps   578] ret_mean=31.500 ep_len=500.0 pi_loss=-0.005 v_loss=0.257 ent=1.048 msg_acc=0.000 kl=0.0129
[upd   67 | steps   34304 | t   59.2s | sps   579] ret_mean=10.500 ep_len=500.0 pi_loss=-0.005 v_loss=0.014 ent=1.120 msg_acc=0.000 kl=0.0036
[upd   68 | steps   34816 | t   60.0s | sps   581] ret_mean=0.000 ep_len=500.0 pi_loss=-0.006 v_loss=0.085 ent=1.098 msg_acc=0.000 kl=0.0104
[upd   69 | steps   35328 | t   60.7s | sps   582] ret_mean=4.000 ep_len=500.0 pi_loss=-0.002 v_loss=0.007 ent=1.100 msg_acc=0.000 kl=0.0009
[upd   70 | steps   35840 | t   61.4s | sps   583] ret_mean=0.000 ep_len=500.0 pi_loss=-0.006 v_loss=0.006 ent=1.131 msg_acc=0.000 kl=0.0071
[upd   71 | steps   36352 | t   62.2s | sps   585] ret_mean=0.000 ep_len=500.0 pi_loss=-0.006 v_loss=2.085 ent=0.921 msg_acc=0.000 kl=0.0029
[upd   72 | steps   36864 | t   62.9s | sps   586] ret_mean=94.000 ep_len=500.0 pi_loss=-0.005 v_loss=2.450 ent=0.894 msg_acc=0.000 kl=0.0056
[upd   73 | steps   37376 | t   63.7s | sps   587] ret_mean=0.000 ep_len=500.0 pi_loss=-0.005 v_loss=2.426 ent=1.059 msg_acc=0.000 kl=0.0022
[upd   74 | steps   37888 | t   64.4s | sps   588] ret_mean=56.000 ep_len=500.0 pi_loss=-0.008 v_loss=0.996 ent=0.788 msg_acc=0.000 kl=0.0141
[upd   75 | steps   38400 | t   65.2s | sps   589] ret_mean=59.500 ep_len=500.0 pi_loss=-0.005 v_loss=2.264 ent=0.844 msg_acc=0.000 kl=0.0047
[upd   76 | steps   38912 | t   65.9s | sps   590] ret_mean=16.000 ep_len=500.0 pi_loss=-0.007 v_loss=0.332 ent=1.026 msg_acc=0.000 kl=0.0103
[upd   77 | steps   39424 | t   66.6s | sps   592] ret_mean=57.000 ep_len=500.0 pi_loss=-0.006 v_loss=6.190 ent=0.665 msg_acc=0.000 kl=0.0047
[upd   78 | steps   39936 | t   67.4s | sps   593] ret_mean=122.000 ep_len=500.0 pi_loss=-0.010 v_loss=1.761 ent=0.614 msg_acc=0.000 kl=0.0160
[upd   79 | steps   40448 | t   68.1s | sps   594] ret_mean=30.000 ep_len=500.0 pi_loss=-0.007 v_loss=3.235 ent=0.787 msg_acc=0.000 kl=0.0051
[upd   80 | steps   40960 | t   68.9s | sps   595] ret_mean=45.500 ep_len=500.0 pi_loss=-0.001 v_loss=0.061 ent=1.004 msg_acc=0.000 kl=0.0026
[upd   81 | steps   41472 | t   69.6s | sps   596] ret_mean=0.000 ep_len=500.0 pi_loss=-0.002 v_loss=1.155 ent=0.755 msg_acc=0.000 kl=0.0047
[upd   82 | steps   41984 | t   70.3s | sps   597] ret_mean=61.000 ep_len=500.0 pi_loss=-0.008 v_loss=4.030 ent=0.713 msg_acc=0.000 kl=0.0057
[upd   83 | steps   42496 | t   71.1s | sps   598] ret_mean=75.500 ep_len=500.0 pi_loss=-0.003 v_loss=1.972 ent=0.927 msg_acc=0.000 kl=0.0008
[upd   84 | steps   43008 | t   71.8s | sps   599] ret_mean=36.500 ep_len=500.0 pi_loss=-0.006 v_loss=4.762 ent=0.644 msg_acc=0.000 kl=0.0060
[upd   85 | steps   43520 | t   72.6s | sps   599] ret_mean=122.000 ep_len=500.0 pi_loss=-0.008 v_loss=3.832 ent=0.739 msg_acc=0.000 kl=0.0110
[upd   86 | steps   44032 | t   73.5s | sps   599] ret_mean=57.500 ep_len=500.0 pi_loss=-0.007 v_loss=0.084 ent=1.182 msg_acc=0.000 kl=0.0148
[upd   87 | steps   44544 | t   74.2s | sps   600] ret_mean=0.000 ep_len=500.0 pi_loss=-0.011 v_loss=3.512 ent=0.806 msg_acc=0.000 kl=0.0189
[upd   88 | steps   45056 | t   75.0s | sps   601] ret_mean=93.500 ep_len=500.0 pi_loss=-0.006 v_loss=1.251 ent=0.944 msg_acc=0.000 kl=0.0262
[upd   89 | steps   45568 | t   75.7s | sps   602] ret_mean=0.000 ep_len=500.0 pi_loss=-0.010 v_loss=3.636 ent=0.860 msg_acc=0.000 kl=0.0090
[upd   90 | steps   46080 | t   76.4s | sps   603] ret_mean=61.500 ep_len=500.0 pi_loss=-0.010 v_loss=1.429 ent=0.972 msg_acc=0.000 kl=0.0068
[upd   91 | steps   46592 | t   77.2s | sps   603] ret_mean=39.000 ep_len=500.0 pi_loss=-0.010 v_loss=0.341 ent=1.001 msg_acc=0.000 kl=0.0273
[upd   92 | steps   47104 | t   78.0s | sps   604] ret_mean=40.750 ep_len=500.0 pi_loss=-0.005 v_loss=3.236 ent=0.814 msg_acc=0.000 kl=0.0013
[upd   93 | steps   47616 | t   78.9s | sps   603] ret_mean=78.500 ep_len=500.0 pi_loss=-0.009 v_loss=3.300 ent=0.765 msg_acc=0.000 kl=0.0125
[upd   94 | steps   48128 | t   79.6s | sps   604] ret_mean=36.000 ep_len=500.0 pi_loss=-0.003 v_loss=1.710 ent=0.701 msg_acc=0.000 kl=0.0042
[upd   95 | steps   48640 | t   80.4s | sps   605] ret_mean=73.500 ep_len=500.0 pi_loss=-0.009 v_loss=2.604 ent=0.823 msg_acc=0.000 kl=0.0041
[upd   96 | steps   49152 | t   81.1s | sps   606] ret_mean=64.500 ep_len=500.0 pi_loss=-0.008 v_loss=2.525 ent=0.600 msg_acc=0.000 kl=0.0182
[upd   97 | steps   49664 | t   81.8s | sps   607] ret_mean=0.000 ep_len=500.0 pi_loss=-0.008 v_loss=0.498 ent=0.868 msg_acc=0.000 kl=0.0229
[upd   98 | steps   50176 | t   82.6s | sps   608] ret_mean=123.500 ep_len=500.0 pi_loss=-0.004 v_loss=5.010 ent=0.667 msg_acc=0.000 kl=0.0026
[upd   99 | steps   50688 | t   83.3s | sps   609] ret_mean=122.500 ep_len=500.0 pi_loss=-0.010 v_loss=4.560 ent=0.621 msg_acc=0.000 kl=0.0050
[upd  100 | steps   51200 | t   84.1s | sps   609] ret_mean=0.000 ep_len=500.0 pi_loss=-0.004 v_loss=0.131 ent=1.089 msg_acc=0.000 kl=0.0032
        [eval] ret_mean=12.500 ep_len=500.0
[upd  101 | steps   51712 | t   91.0s | sps   568] ret_mean=78.500 ep_len=500.0 pi_loss=-0.015 v_loss=3.121 ent=0.776 msg_acc=0.000 kl=0.0086
[upd  102 | steps   52224 | t   91.7s | sps   569] ret_mean=84.500 ep_len=500.0 pi_loss=-0.006 v_loss=3.436 ent=0.598 msg_acc=0.000 kl=0.0044
[upd  103 | steps   52736 | t   92.5s | sps   570] ret_mean=123.000 ep_len=500.0 pi_loss=-0.018 v_loss=3.830 ent=0.343 msg_acc=0.000 kl=0.0436
[upd  104 | steps   53248 | t   93.4s | sps   570] ret_mean=4.000 ep_len=500.0 pi_loss=-0.003 v_loss=0.202 ent=0.551 msg_acc=0.000 kl=0.0047
[upd  105 | steps   53760 | t   94.1s | sps   571] ret_mean=0.000 ep_len=500.0 pi_loss=-0.003 v_loss=0.153 ent=0.350 msg_acc=0.000 kl=0.0047
[upd  106 | steps   54272 | t   94.8s | sps   572] ret_mean=0.000 ep_len=500.0 pi_loss=-0.009 v_loss=0.088 ent=0.333 msg_acc=0.000 kl=0.0007
[upd  107 | steps   54784 | t   95.6s | sps   573] ret_mean=58.000 ep_len=500.0 pi_loss=-0.004 v_loss=2.286 ent=0.524 msg_acc=0.000 kl=-0.0001
[upd  108 | steps   55296 | t   96.4s | sps   574] ret_mean=0.000 ep_len=500.0 pi_loss=-0.008 v_loss=0.434 ent=0.314 msg_acc=0.000 kl=0.0091
[upd  109 | steps   55808 | t   97.6s | sps   572] ret_mean=109.500 ep_len=500.0 pi_loss=-0.007 v_loss=4.328 ent=0.585 msg_acc=0.000 kl=0.0071
[upd  110 | steps   56320 | t   98.9s | sps   570] ret_mean=0.000 ep_len=500.0 pi_loss=-0.002 v_loss=0.029 ent=0.666 msg_acc=0.000 kl=0.0025
[upd  111 | steps   56832 | t   99.6s | sps   570] ret_mean=0.000 ep_len=500.0 pi_loss=-0.005 v_loss=0.089 ent=0.791 msg_acc=0.000 kl=0.0042
[upd  112 | steps   57344 | t  100.4s | sps   571] ret_mean=71.500 ep_len=500.0 pi_loss=-0.007 v_loss=3.276 ent=0.636 msg_acc=0.000 kl=0.0079
[upd  113 | steps   57856 | t  101.0s | sps   573] ret_mean=28.000 ep_len=500.0 pi_loss=-0.005 v_loss=1.376 ent=0.604 msg_acc=0.000 kl=0.0058
[upd  114 | steps   58368 | t  101.7s | sps   574] ret_mean=94.500 ep_len=500.0 pi_loss=-0.006 v_loss=3.351 ent=0.508 msg_acc=0.000 kl=0.0080
[upd  115 | steps   58880 | t  102.6s | sps   574] ret_mean=137.500 ep_len=500.0 pi_loss=0.000 v_loss=11.643 ent=0.381 msg_acc=0.000 kl=0.0073
[upd  116 | steps   59392 | t  103.3s | sps   575] ret_mean=0.000 ep_len=500.0 pi_loss=-0.001 v_loss=0.050 ent=0.628 msg_acc=0.000 kl=0.0014
[upd  117 | steps   59904 | t  104.0s | sps   576] ret_mean=0.000 ep_len=500.0 pi_loss=-0.002 v_loss=0.094 ent=0.594 msg_acc=0.000 kl=0.0076
[upd  118 | steps   60416 | t  104.8s | sps   576] ret_mean=75.500 ep_len=500.0 pi_loss=-0.003 v_loss=3.199 ent=0.354 msg_acc=0.000 kl=0.0020
[upd  119 | steps   60928 | t  105.7s | sps   577] ret_mean=0.000 ep_len=500.0 pi_loss=-0.004 v_loss=1.445 ent=0.627 msg_acc=0.000 kl=0.0052
[upd  120 | steps   61440 | t  106.5s | sps   577] ret_mean=87.500 ep_len=500.0 pi_loss=-0.002 v_loss=2.294 ent=0.279 msg_acc=0.000 kl=0.0020
[upd  121 | steps   61952 | t  107.2s | sps   578] ret_mean=39.500 ep_len=500.0 pi_loss=-0.003 v_loss=1.781 ent=0.459 msg_acc=0.000 kl=0.0079
[upd  122 | steps   62464 | t  107.9s | sps   579] ret_mean=15.500 ep_len=500.0 pi_loss=-0.007 v_loss=0.648 ent=0.684 msg_acc=0.000 kl=0.0084
[upd  123 | steps   62976 | t  108.6s | sps   580] ret_mean=0.000 ep_len=500.0 pi_loss=-0.003 v_loss=0.729 ent=0.601 msg_acc=0.000 kl=0.0036
[upd  124 | steps   63488 | t  109.2s | sps   581] ret_mean=17.000 ep_len=500.0 pi_loss=-0.010 v_loss=2.668 ent=0.573 msg_acc=0.000 kl=0.0164
[upd  125 | steps   64000 | t  109.9s | sps   582] ret_mean=116.000 ep_len=500.0 pi_loss=-0.002 v_loss=4.643 ent=0.243 msg_acc=0.000 kl=-0.0016
[upd  126 | steps   64512 | t  110.5s | sps   584] ret_mean=122.500 ep_len=500.0 pi_loss=-0.004 v_loss=4.056 ent=0.423 msg_acc=0.000 kl=0.0026
[upd  127 | steps   65024 | t  111.2s | sps   585] ret_mean=112.000 ep_len=500.0 pi_loss=-0.006 v_loss=2.135 ent=0.780 msg_acc=0.000 kl=0.0088
[upd  128 | steps   65536 | t  112.1s | sps   585] ret_mean=11.000 ep_len=500.0 pi_loss=-0.007 v_loss=3.471 ent=0.535 msg_acc=0.000 kl=-0.0013
[upd  129 | steps   66048 | t  113.0s | sps   585] ret_mean=137.500 ep_len=500.0 pi_loss=-0.005 v_loss=3.600 ent=0.600 msg_acc=0.000 kl=0.0087
[upd  130 | steps   66560 | t  113.7s | sps   586] ret_mean=0.000 ep_len=500.0 pi_loss=-0.005 v_loss=2.206 ent=0.732 msg_acc=0.000 kl=0.0094
[upd  131 | steps   67072 | t  114.3s | sps   587] ret_mean=93.500 ep_len=500.0 pi_loss=-0.008 v_loss=2.265 ent=0.527 msg_acc=0.000 kl=0.0067
[upd  132 | steps   67584 | t  115.3s | sps   586] ret_mean=59.500 ep_len=500.0 pi_loss=-0.004 v_loss=1.502 ent=0.506 msg_acc=0.000 kl=0.0061
[upd  133 | steps   68096 | t  116.0s | sps   587] ret_mean=12.500 ep_len=500.0 pi_loss=-0.005 v_loss=0.289 ent=0.785 msg_acc=0.000 kl=-0.0004
[upd  134 | steps   68608 | t  116.7s | sps   588] ret_mean=0.000 ep_len=500.0 pi_loss=-0.009 v_loss=0.088 ent=0.749 msg_acc=0.000 kl=0.0013
[upd  135 | steps   69120 | t  117.4s | sps   589] ret_mean=0.000 ep_len=500.0 pi_loss=-0.003 v_loss=1.898 ent=0.844 msg_acc=0.000 kl=0.0049
[upd  136 | steps   69632 | t  118.1s | sps   589] ret_mean=62.500 ep_len=500.0 pi_loss=-0.003 v_loss=2.648 ent=0.411 msg_acc=0.000 kl=0.0092
[upd  137 | steps   70144 | t  118.8s | sps   591] ret_mean=66.000 ep_len=500.0 pi_loss=-0.004 v_loss=3.097 ent=0.408 msg_acc=0.000 kl=0.0092
[upd  138 | steps   70656 | t  119.4s | sps   592] ret_mean=106.500 ep_len=500.0 pi_loss=-0.006 v_loss=1.015 ent=0.713 msg_acc=0.000 kl=0.0157
[upd  139 | steps   71168 | t  120.1s | sps   592] ret_mean=22.500 ep_len=500.0 pi_loss=-0.002 v_loss=4.016 ent=0.498 msg_acc=0.000 kl=0.0038
[upd  140 | steps   71680 | t  120.9s | sps   593] ret_mean=97.000 ep_len=500.0 pi_loss=-0.002 v_loss=0.185 ent=0.396 msg_acc=0.000 kl=-0.0006
[upd  141 | steps   72192 | t  121.6s | sps   594] ret_mean=0.000 ep_len=500.0 pi_loss=-0.003 v_loss=2.458 ent=0.583 msg_acc=0.000 kl=0.0038
[upd  142 | steps   72704 | t  122.4s | sps   594] ret_mean=34.500 ep_len=500.0 pi_loss=-0.005 v_loss=0.053 ent=0.757 msg_acc=0.000 kl=0.0072
[upd  143 | steps   73216 | t  123.1s | sps   595] ret_mean=202.000 ep_len=500.0 pi_loss=-0.004 v_loss=18.614 ent=0.174 msg_acc=0.000 kl=0.0041
[upd  144 | steps   73728 | t  123.8s | sps   595] ret_mean=36.500 ep_len=500.0 pi_loss=-0.006 v_loss=1.193 ent=0.696 msg_acc=0.000 kl=0.0057
[upd  145 | steps   74240 | t  124.6s | sps   596] ret_mean=52.000 ep_len=500.0 pi_loss=-0.010 v_loss=1.729 ent=0.557 msg_acc=0.000 kl=0.0045
[upd  146 | steps   74752 | t  125.4s | sps   596] ret_mean=11.500 ep_len=500.0 pi_loss=-0.003 v_loss=0.910 ent=0.705 msg_acc=0.000 kl=-0.0009
[upd  147 | steps   75264 | t  126.2s | sps   597] ret_mean=124.500 ep_len=500.0 pi_loss=-0.005 v_loss=3.419 ent=0.393 msg_acc=0.000 kl=-0.0004
[upd  148 | steps   75776 | t  127.1s | sps   596] ret_mean=25.500 ep_len=500.0 pi_loss=-0.003 v_loss=1.394 ent=0.500 msg_acc=0.000 kl=0.0012
[upd  149 | steps   76288 | t  127.9s | sps   597] ret_mean=112.500 ep_len=500.0 pi_loss=-0.001 v_loss=3.625 ent=0.279 msg_acc=0.000 kl=0.0020
[upd  150 | steps   76800 | t  128.7s | sps   597] ret_mean=0.000 ep_len=500.0 pi_loss=-0.005 v_loss=3.206 ent=0.595 msg_acc=0.000 kl=-0.0011
        [eval] ret_mean=24.950 ep_len=500.0
[upd  151 | steps   77312 | t  135.9s | sps   569] ret_mean=103.500 ep_len=500.0 pi_loss=-0.008 v_loss=4.167 ent=0.446 msg_acc=0.000 kl=0.0094
[upd  152 | steps   77824 | t  136.8s | sps   569] ret_mean=77.000 ep_len=500.0 pi_loss=-0.007 v_loss=3.626 ent=0.627 msg_acc=0.000 kl=0.0065
[upd  153 | steps   78336 | t  137.7s | sps   569] ret_mean=0.000 ep_len=500.0 pi_loss=-0.001 v_loss=0.625 ent=0.622 msg_acc=0.000 kl=0.0031
[upd  154 | steps   78848 | t  138.4s | sps   570] ret_mean=191.000 ep_len=500.0 pi_loss=-0.004 v_loss=12.221 ent=0.154 msg_acc=0.000 kl=0.0004
[upd  155 | steps   79360 | t  139.3s | sps   570] ret_mean=123.500 ep_len=500.0 pi_loss=-0.004 v_loss=3.409 ent=0.569 msg_acc=0.000 kl=0.0023
[upd  156 | steps   79872 | t  140.1s | sps   570] ret_mean=89.500 ep_len=500.0 pi_loss=-0.013 v_loss=2.699 ent=0.579 msg_acc=0.000 kl=0.0103
[upd  157 | steps   80384 | t  140.9s | sps   571] ret_mean=195.000 ep_len=500.0 pi_loss=-0.001 v_loss=17.307 ent=0.145 msg_acc=0.000 kl=0.0015
[upd  158 | steps   80896 | t  141.6s | sps   571] ret_mean=213.500 ep_len=500.0 pi_loss=-0.005 v_loss=16.588 ent=0.189 msg_acc=0.000 kl=0.0080
[upd  159 | steps   81408 | t  142.4s | sps   572] ret_mean=141.000 ep_len=500.0 pi_loss=-0.002 v_loss=8.132 ent=0.500 msg_acc=0.000 kl=0.0085
[upd  160 | steps   81920 | t  143.1s | sps   572] ret_mean=0.000 ep_len=500.0 pi_loss=-0.006 v_loss=0.331 ent=0.807 msg_acc=0.000 kl=0.0069
[upd  161 | steps   82432 | t  144.0s | sps   573] ret_mean=0.000 ep_len=500.0 pi_loss=-0.006 v_loss=1.475 ent=0.892 msg_acc=0.000 kl=0.0179
[upd  162 | steps   82944 | t  144.8s | sps   573] ret_mean=33.500 ep_len=500.0 pi_loss=-0.010 v_loss=1.236 ent=0.987 msg_acc=0.000 kl=0.0063
[upd  163 | steps   83456 | t  145.5s | sps   574] ret_mean=115.000 ep_len=500.0 pi_loss=-0.004 v_loss=3.847 ent=0.538 msg_acc=0.000 kl=0.0051
[upd  164 | steps   83968 | t  146.2s | sps   574] ret_mean=122.000 ep_len=500.0 pi_loss=-0.005 v_loss=2.062 ent=0.634 msg_acc=0.000 kl=0.0007
[upd  165 | steps   84480 | t  147.2s | sps   574] ret_mean=36.000 ep_len=500.0 pi_loss=-0.006 v_loss=2.063 ent=0.790 msg_acc=0.000 kl=0.0042
[upd  166 | steps   84992 | t  148.0s | sps   574] ret_mean=92.500 ep_len=500.0 pi_loss=-0.009 v_loss=2.503 ent=0.705 msg_acc=0.000 kl=0.0094
[upd  167 | steps   85504 | t  148.7s | sps   575] ret_mean=8.500 ep_len=500.0 pi_loss=-0.007 v_loss=1.812 ent=0.859 msg_acc=0.000 kl=0.0084
[upd  168 | steps   86016 | t  149.4s | sps   576] ret_mean=102.000 ep_len=500.0 pi_loss=-0.007 v_loss=1.707 ent=0.568 msg_acc=0.000 kl=0.0014
[upd  169 | steps   86528 | t  150.2s | sps   576] ret_mean=0.000 ep_len=500.0 pi_loss=-0.002 v_loss=0.314 ent=0.691 msg_acc=0.000 kl=0.0068
[upd  170 | steps   87040 | t  150.9s | sps   577] ret_mean=0.000 ep_len=500.0 pi_loss=-0.009 v_loss=0.211 ent=1.184 msg_acc=0.000 kl=0.0038
[upd  171 | steps   87552 | t  151.7s | sps   577] ret_mean=0.000 ep_len=500.0 pi_loss=-0.007 v_loss=1.749 ent=0.860 msg_acc=0.000 kl=0.0128
[upd  172 | steps   88064 | t  152.4s | sps   578] ret_mean=110.500 ep_len=500.0 pi_loss=0.003 v_loss=3.468 ent=0.278 msg_acc=0.000 kl=0.0049
[upd  173 | steps   88576 | t  153.2s | sps   578] ret_mean=83.500 ep_len=500.0 pi_loss=-0.008 v_loss=1.582 ent=0.844 msg_acc=0.000 kl=0.0111
[upd  174 | steps   89088 | t  154.0s | sps   579] ret_mean=80.000 ep_len=500.0 pi_loss=-0.006 v_loss=11.301 ent=0.380 msg_acc=0.000 kl=0.0060
[upd  175 | steps   89600 | t  154.7s | sps   579] ret_mean=234.000 ep_len=500.0 pi_loss=-0.004 v_loss=10.607 ent=0.355 msg_acc=0.000 kl=0.0016
[upd  176 | steps   90112 | t  155.4s | sps   580] ret_mean=153.500 ep_len=500.0 pi_loss=-0.002 v_loss=8.258 ent=0.367 msg_acc=0.000 kl=0.0039
[upd  177 | steps   90624 | t  156.2s | sps   580] ret_mean=71.000 ep_len=500.0 pi_loss=-0.007 v_loss=1.709 ent=0.808 msg_acc=0.000 kl=0.0066
[upd  178 | steps   91136 | t  156.9s | sps   581] ret_mean=99.500 ep_len=500.0 pi_loss=-0.006 v_loss=4.983 ent=0.692 msg_acc=0.000 kl=0.0132
[upd  179 | steps   91648 | t  157.7s | sps   581] ret_mean=51.000 ep_len=500.0 pi_loss=-0.005 v_loss=8.601 ent=0.327 msg_acc=0.000 kl=0.0049
[upd  180 | steps   92160 | t  158.5s | sps   582] ret_mean=164.500 ep_len=500.0 pi_loss=-0.011 v_loss=4.092 ent=0.632 msg_acc=0.000 kl=0.0150
[upd  181 | steps   92672 | t  159.2s | sps   582] ret_mean=112.500 ep_len=500.0 pi_loss=-0.007 v_loss=9.894 ent=0.323 msg_acc=0.000 kl=0.0084
[upd  182 | steps   93184 | t  160.0s | sps   582] ret_mean=181.500 ep_len=500.0 pi_loss=-0.016 v_loss=3.191 ent=0.546 msg_acc=0.000 kl=0.0066
[upd  183 | steps   93696 | t  160.7s | sps   583] ret_mean=124.000 ep_len=500.0 pi_loss=-0.005 v_loss=1.874 ent=1.004 msg_acc=0.000 kl=-0.0022
[upd  184 | steps   94208 | t  161.6s | sps   583] ret_mean=0.000 ep_len=500.0 pi_loss=-0.007 v_loss=2.392 ent=0.763 msg_acc=0.000 kl=0.0042
[upd  185 | steps   94720 | t  162.6s | sps   583] ret_mean=95.000 ep_len=500.0 pi_loss=-0.002 v_loss=2.856 ent=0.632 msg_acc=0.000 kl=-0.0022
[upd  186 | steps   95232 | t  163.4s | sps   583] ret_mean=125.000 ep_len=500.0 pi_loss=-0.014 v_loss=2.967 ent=0.692 msg_acc=0.000 kl=0.0146
[upd  187 | steps   95744 | t  164.1s | sps   583] ret_mean=100.500 ep_len=500.0 pi_loss=-0.004 v_loss=7.415 ent=0.629 msg_acc=0.000 kl=0.0054
[upd  188 | steps   96256 | t  164.8s | sps   584] ret_mean=153.500 ep_len=500.0 pi_loss=-0.001 v_loss=12.667 ent=0.105 msg_acc=0.000 kl=0.0015
[upd  189 | steps   96768 | t  165.5s | sps   585] ret_mean=225.000 ep_len=500.0 pi_loss=-0.003 v_loss=11.957 ent=0.197 msg_acc=0.000 kl=0.0018
[upd  190 | steps   97280 | t  166.3s | sps   585] ret_mean=226.500 ep_len=500.0 pi_loss=-0.005 v_loss=3.024 ent=1.076 msg_acc=0.000 kl=0.0044
[upd  191 | steps   97792 | t  167.1s | sps   585] ret_mean=0.000 ep_len=500.0 pi_loss=-0.014 v_loss=2.360 ent=0.815 msg_acc=0.000 kl=0.0144
[upd  192 | steps   98304 | t  167.9s | sps   586] ret_mean=122.250 ep_len=500.0 pi_loss=-0.004 v_loss=7.193 ent=0.596 msg_acc=0.000 kl=0.0007
[upd  193 | steps   98816 | t  168.7s | sps   586] ret_mean=4.500 ep_len=500.0 pi_loss=-0.006 v_loss=1.320 ent=1.342 msg_acc=0.000 kl=0.0117
[upd  194 | steps   99328 | t  169.7s | sps   585] ret_mean=0.000 ep_len=500.0 pi_loss=-0.004 v_loss=0.788 ent=1.423 msg_acc=0.000 kl=0.0041
[upd  195 | steps   99840 | t  170.6s | sps   585] ret_mean=93.500 ep_len=500.0 pi_loss=-0.010 v_loss=2.973 ent=0.681 msg_acc=0.000 kl=0.0054
[upd  196 | steps  100352 | t  171.3s | sps   586] ret_mean=147.500 ep_len=500.0 pi_loss=-0.008 v_loss=4.378 ent=0.624 msg_acc=0.000 kl=0.0093
[upd  197 | steps  100864 | t  172.2s | sps   586] ret_mean=0.000 ep_len=500.0 pi_loss=-0.007 v_loss=0.814 ent=1.220 msg_acc=0.000 kl=0.0074
[upd  198 | steps  101376 | t  173.0s | sps   586] ret_mean=0.000 ep_len=500.0 pi_loss=-0.009 v_loss=0.527 ent=1.443 msg_acc=0.000 kl=0.0136
[upd  199 | steps  101888 | t  173.9s | sps   586] ret_mean=62.500 ep_len=500.0 pi_loss=-0.009 v_loss=2.570 ent=1.090 msg_acc=0.000 kl=0.0142
[upd  200 | steps  102400 | t  174.7s | sps   586] ret_mean=50.500 ep_len=500.0 pi_loss=-0.004 v_loss=2.513 ent=1.150 msg_acc=0.000 kl=0.0053
        [eval] ret_mean=0.000 ep_len=500.0
