$ /Users/praneelkhiantani/Downloads/cs2860/.venv/bin/python3 -m policies.train --env rware-small-2ag-easy-v2 --seed 2 --updates 200 --rollout 512 --eval-every 50 --eval-episodes 10 --log-dir matrix_results/intent_grounded_v1_pilot/rware-small-2ag-easy-v2 --run-name mappo-comm__baseline__d0__s2 --n-msg-tokens 8 --shape-rewards --pickup-bonus 0.5

[env] EnvSpec(env_id='rware-small-2ag-easy-v2', n_agents=2, obs_dim=71, n_env_actions=5, noop_action=0, family='rware')  (n_msg_tokens=8)
[cfg] {'clip_range': 0.2, 'value_clip_range': 0.2, 'entropy_coef': 0.01, 'value_coef': 0.5, 'max_grad_norm': 0.5, 'gamma': 0.99, 'gae_lambda': 0.95, 'lr_actor': 0.0003, 'lr_critic': 0.001, 'update_epochs': 4, 'minibatches': 4, 'hidden': 128, 'depth': 2, 'device': 'cpu', 'message_grounding_coef': 0.0, 'extra': {}}
[log] writing to matrix_results/intent_grounded_v1_pilot/rware-small-2ag-easy-v2/mappo-comm__baseline__d0__s2
[upd    1 | steps     512 | t    1.2s | sps   433] ret_mean=0.000 ep_len=500.0 pi_loss=-0.016 v_loss=0.084 ent=3.683 msg_acc=0.000 kl=0.0015
[upd    2 | steps    1024 | t    2.2s | sps   468] ret_mean=0.000 ep_len=500.0 pi_loss=-0.011 v_loss=0.016 ent=3.679 msg_acc=0.000 kl=-0.0032
[upd    3 | steps    1536 | t    2.9s | sps   533] ret_mean=1.000 ep_len=500.0 pi_loss=-0.009 v_loss=0.009 ent=3.655 msg_acc=0.000 kl=0.0111
[upd    4 | steps    2048 | t    4.6s | sps   441] ret_mean=1.000 ep_len=500.0 pi_loss=-0.009 v_loss=0.007 ent=3.628 msg_acc=0.000 kl=-0.0005
[upd    5 | steps    2560 | t    6.0s | sps   429] ret_mean=0.000 ep_len=500.0 pi_loss=-0.011 v_loss=0.003 ent=3.660 msg_acc=0.000 kl=0.0048
[upd    6 | steps    3072 | t    6.8s | sps   453] ret_mean=0.000 ep_len=500.0 pi_loss=-0.014 v_loss=0.004 ent=3.633 msg_acc=0.000 kl=0.0092
[upd    7 | steps    3584 | t    7.9s | sps   456] ret_mean=0.000 ep_len=500.0 pi_loss=-0.010 v_loss=0.003 ent=3.628 msg_acc=0.000 kl=0.0054
[upd    8 | steps    4096 | t    9.2s | sps   447] ret_mean=1.000 ep_len=500.0 pi_loss=-0.012 v_loss=0.008 ent=3.600 msg_acc=0.000 kl=0.0056
[upd    9 | steps    4608 | t   11.0s | sps   420] ret_mean=0.000 ep_len=500.0 pi_loss=-0.011 v_loss=0.002 ent=3.623 msg_acc=0.000 kl=0.0063
[upd   10 | steps    5120 | t   12.5s | sps   411] ret_mean=0.000 ep_len=500.0 pi_loss=-0.011 v_loss=0.001 ent=3.566 msg_acc=0.000 kl=0.0044
[upd   11 | steps    5632 | t   13.9s | sps   405] ret_mean=0.000 ep_len=500.0 pi_loss=-0.012 v_loss=0.002 ent=3.579 msg_acc=0.000 kl=0.0080
[upd   12 | steps    6144 | t   15.5s | sps   395] ret_mean=0.000 ep_len=500.0 pi_loss=-0.012 v_loss=0.002 ent=3.531 msg_acc=0.000 kl=0.0086
[upd   13 | steps    6656 | t   17.5s | sps   380] ret_mean=0.000 ep_len=500.0 pi_loss=-0.009 v_loss=0.002 ent=3.480 msg_acc=0.000 kl=-0.0033
[upd   14 | steps    7168 | t   18.7s | sps   383] ret_mean=0.000 ep_len=500.0 pi_loss=-0.013 v_loss=0.002 ent=3.533 msg_acc=0.000 kl=-0.0038
[upd   15 | steps    7680 | t   19.9s | sps   386] ret_mean=0.000 ep_len=500.0 pi_loss=-0.011 v_loss=0.001 ent=3.526 msg_acc=0.000 kl=-0.0012
[upd   16 | steps    8192 | t   20.6s | sps   397] ret_mean=0.000 ep_len=500.0 pi_loss=-0.010 v_loss=0.003 ent=3.386 msg_acc=0.000 kl=0.0065
[upd   17 | steps    8704 | t   21.7s | sps   401] ret_mean=0.000 ep_len=500.0 pi_loss=-0.008 v_loss=0.001 ent=3.435 msg_acc=0.000 kl=0.0119
[upd   18 | steps    9216 | t   22.7s | sps   405] ret_mean=0.000 ep_len=500.0 pi_loss=-0.006 v_loss=0.000 ent=3.472 msg_acc=0.000 kl=0.0130
[upd   19 | steps    9728 | t   24.0s | sps   405] ret_mean=0.000 ep_len=500.0 pi_loss=-0.014 v_loss=0.006 ent=3.366 msg_acc=0.000 kl=0.0099
[upd   20 | steps   10240 | t   25.4s | sps   402] ret_mean=0.000 ep_len=500.0 pi_loss=-0.013 v_loss=0.011 ent=3.389 msg_acc=0.000 kl=0.0065
[upd   21 | steps   10752 | t   26.4s | sps   407] ret_mean=0.000 ep_len=500.0 pi_loss=-0.016 v_loss=0.007 ent=3.415 msg_acc=0.000 kl=0.0106
[upd   22 | steps   11264 | t   27.3s | sps   412] ret_mean=0.500 ep_len=500.0 pi_loss=-0.010 v_loss=0.001 ent=3.398 msg_acc=0.000 kl=0.0045
[upd   23 | steps   11776 | t   28.3s | sps   415] ret_mean=0.000 ep_len=500.0 pi_loss=-0.014 v_loss=0.002 ent=3.454 msg_acc=0.000 kl=0.0048
[upd   24 | steps   12288 | t   29.1s | sps   422] ret_mean=0.500 ep_len=500.0 pi_loss=-0.012 v_loss=0.007 ent=3.556 msg_acc=0.000 kl=0.0044
[upd   25 | steps   12800 | t   29.8s | sps   429] ret_mean=1.000 ep_len=500.0 pi_loss=-0.014 v_loss=0.001 ent=3.432 msg_acc=0.000 kl=0.0034
[upd   26 | steps   13312 | t   30.5s | sps   437] ret_mean=0.000 ep_len=500.0 pi_loss=-0.013 v_loss=0.001 ent=3.457 msg_acc=0.000 kl=0.0113
[upd   27 | steps   13824 | t   31.1s | sps   444] ret_mean=0.000 ep_len=500.0 pi_loss=-0.011 v_loss=0.000 ent=3.446 msg_acc=0.000 kl=0.0050
[upd   28 | steps   14336 | t   31.7s | sps   452] ret_mean=0.000 ep_len=500.0 pi_loss=-0.010 v_loss=0.002 ent=3.431 msg_acc=0.000 kl=0.0054
[upd   29 | steps   14848 | t   32.4s | sps   458] ret_mean=0.500 ep_len=500.0 pi_loss=-0.011 v_loss=0.001 ent=3.458 msg_acc=0.000 kl=0.0128
[upd   30 | steps   15360 | t   33.1s | sps   464] ret_mean=0.000 ep_len=500.0 pi_loss=-0.011 v_loss=0.000 ent=3.398 msg_acc=0.000 kl=0.0073
[upd   31 | steps   15872 | t   33.8s | sps   470] ret_mean=1.500 ep_len=500.0 pi_loss=-0.016 v_loss=0.008 ent=3.421 msg_acc=0.000 kl=0.0083
[upd   32 | steps   16384 | t   34.5s | sps   475] ret_mean=0.000 ep_len=500.0 pi_loss=-0.012 v_loss=0.001 ent=3.395 msg_acc=0.000 kl=0.0164
[upd   33 | steps   16896 | t   35.5s | sps   476] ret_mean=0.500 ep_len=500.0 pi_loss=-0.013 v_loss=0.002 ent=3.474 msg_acc=0.000 kl=0.0050
[upd   34 | steps   17408 | t   36.9s | sps   471] ret_mean=0.000 ep_len=500.0 pi_loss=-0.010 v_loss=0.001 ent=3.452 msg_acc=0.000 kl=0.0153
[upd   35 | steps   17920 | t   38.0s | sps   472] ret_mean=0.000 ep_len=500.0 pi_loss=-0.011 v_loss=0.000 ent=3.399 msg_acc=0.000 kl=0.0004
[upd   36 | steps   18432 | t   38.9s | sps   474] ret_mean=0.000 ep_len=500.0 pi_loss=-0.011 v_loss=0.000 ent=3.419 msg_acc=0.000 kl=0.0027
[upd   37 | steps   18944 | t   39.6s | sps   478] ret_mean=0.000 ep_len=500.0 pi_loss=-0.008 v_loss=0.004 ent=3.311 msg_acc=0.000 kl=0.0106
[upd   38 | steps   19456 | t   40.3s | sps   483] ret_mean=0.000 ep_len=500.0 pi_loss=-0.009 v_loss=0.029 ent=3.432 msg_acc=0.000 kl=0.0010
[upd   39 | steps   19968 | t   40.9s | sps   488] ret_mean=4.000 ep_len=500.0 pi_loss=-0.015 v_loss=0.001 ent=3.268 msg_acc=0.000 kl=0.0046
[upd   40 | steps   20480 | t   41.7s | sps   492] ret_mean=0.000 ep_len=500.0 pi_loss=-0.010 v_loss=0.001 ent=3.304 msg_acc=0.000 kl=0.0090
[upd   41 | steps   20992 | t   42.9s | sps   490] ret_mean=0.000 ep_len=500.0 pi_loss=-0.008 v_loss=0.001 ent=3.456 msg_acc=0.000 kl=0.0077
[upd   42 | steps   21504 | t   43.6s | sps   493] ret_mean=0.000 ep_len=500.0 pi_loss=-0.014 v_loss=0.001 ent=3.354 msg_acc=0.000 kl=0.0206
[upd   43 | steps   22016 | t   44.4s | sps   496] ret_mean=0.000 ep_len=500.0 pi_loss=-0.013 v_loss=0.001 ent=3.449 msg_acc=0.000 kl=0.0057
[upd   44 | steps   22528 | t   45.6s | sps   494] ret_mean=1.500 ep_len=500.0 pi_loss=-0.014 v_loss=0.005 ent=3.443 msg_acc=0.000 kl=0.0015
[upd   45 | steps   23040 | t   46.6s | sps   494] ret_mean=0.000 ep_len=500.0 pi_loss=-0.013 v_loss=0.001 ent=3.327 msg_acc=0.000 kl=0.0069
[upd   46 | steps   23552 | t   47.4s | sps   497] ret_mean=0.000 ep_len=500.0 pi_loss=-0.013 v_loss=0.001 ent=3.287 msg_acc=0.000 kl=0.0067
[upd   47 | steps   24064 | t   48.1s | sps   501] ret_mean=0.500 ep_len=500.0 pi_loss=-0.014 v_loss=0.003 ent=3.411 msg_acc=0.000 kl=0.0025
[upd   48 | steps   24576 | t   48.7s | sps   504] ret_mean=0.000 ep_len=500.0 pi_loss=-0.020 v_loss=0.001 ent=3.414 msg_acc=0.000 kl=-0.0030
[upd   49 | steps   25088 | t   49.4s | sps   508] ret_mean=0.000 ep_len=500.0 pi_loss=-0.013 v_loss=0.001 ent=3.406 msg_acc=0.000 kl=0.0033
[upd   50 | steps   25600 | t   50.2s | sps   510] ret_mean=0.000 ep_len=500.0 pi_loss=-0.012 v_loss=0.002 ent=3.474 msg_acc=0.000 kl=0.0038
        [eval] ret_mean=0.000 ep_len=500.0
[upd   51 | steps   26112 | t   56.9s | sps   459] ret_mean=0.000 ep_len=500.0 pi_loss=-0.006 v_loss=0.000 ent=3.282 msg_acc=0.000 kl=0.0067
[upd   52 | steps   26624 | t   58.3s | sps   456] ret_mean=0.000 ep_len=500.0 pi_loss=-0.009 v_loss=0.000 ent=3.300 msg_acc=0.000 kl=0.0122
[upd   53 | steps   27136 | t   59.1s | sps   459] ret_mean=0.000 ep_len=500.0 pi_loss=-0.010 v_loss=0.000 ent=3.230 msg_acc=0.000 kl=0.0035
[upd   54 | steps   27648 | t   59.8s | sps   462] ret_mean=0.000 ep_len=500.0 pi_loss=-0.009 v_loss=0.000 ent=3.269 msg_acc=0.000 kl=0.0002
[upd   55 | steps   28160 | t   60.5s | sps   465] ret_mean=0.000 ep_len=500.0 pi_loss=-0.013 v_loss=0.000 ent=3.298 msg_acc=0.000 kl=0.0048
[upd   56 | steps   28672 | t   61.2s | sps   468] ret_mean=0.000 ep_len=500.0 pi_loss=-0.011 v_loss=0.001 ent=3.184 msg_acc=0.000 kl=0.0051
[upd   57 | steps   29184 | t   62.0s | sps   470] ret_mean=0.000 ep_len=500.0 pi_loss=-0.012 v_loss=0.000 ent=3.284 msg_acc=0.000 kl=0.0126
[upd   58 | steps   29696 | t   62.7s | sps   473] ret_mean=0.000 ep_len=500.0 pi_loss=-0.004 v_loss=0.000 ent=3.172 msg_acc=0.000 kl=0.0082
[upd   59 | steps   30208 | t   63.4s | sps   476] ret_mean=0.000 ep_len=500.0 pi_loss=-0.011 v_loss=0.001 ent=3.122 msg_acc=0.000 kl=0.0002
[upd   60 | steps   30720 | t   64.1s | sps   479] ret_mean=0.000 ep_len=500.0 pi_loss=-0.015 v_loss=0.000 ent=3.097 msg_acc=0.000 kl=0.0048
[upd   61 | steps   31232 | t   64.8s | sps   482] ret_mean=0.000 ep_len=500.0 pi_loss=-0.016 v_loss=0.000 ent=3.125 msg_acc=0.000 kl=0.0046
[upd   62 | steps   31744 | t   65.4s | sps   485] ret_mean=0.000 ep_len=500.0 pi_loss=-0.013 v_loss=0.000 ent=3.250 msg_acc=0.000 kl=0.0108
[upd   63 | steps   32256 | t   66.2s | sps   487] ret_mean=0.500 ep_len=500.0 pi_loss=-0.018 v_loss=0.002 ent=3.182 msg_acc=0.000 kl=0.0276
[upd   64 | steps   32768 | t   67.2s | sps   488] ret_mean=0.000 ep_len=500.0 pi_loss=-0.011 v_loss=0.001 ent=3.171 msg_acc=0.000 kl=0.0063
[upd   65 | steps   33280 | t   67.9s | sps   490] ret_mean=0.000 ep_len=500.0 pi_loss=-0.012 v_loss=0.000 ent=3.297 msg_acc=0.000 kl=0.0051
[upd   66 | steps   33792 | t   68.5s | sps   493] ret_mean=0.000 ep_len=500.0 pi_loss=-0.012 v_loss=0.000 ent=3.219 msg_acc=0.000 kl=0.0021
[upd   67 | steps   34304 | t   69.2s | sps   496] ret_mean=0.000 ep_len=500.0 pi_loss=-0.012 v_loss=0.001 ent=3.251 msg_acc=0.000 kl=0.0063
[upd   68 | steps   34816 | t   70.0s | sps   497] ret_mean=0.500 ep_len=500.0 pi_loss=-0.010 v_loss=0.000 ent=3.102 msg_acc=0.000 kl=0.0076
[upd   69 | steps   35328 | t   70.7s | sps   500] ret_mean=0.000 ep_len=500.0 pi_loss=-0.010 v_loss=0.001 ent=3.158 msg_acc=0.000 kl=0.0104
[upd   70 | steps   35840 | t   71.4s | sps   502] ret_mean=0.000 ep_len=500.0 pi_loss=-0.010 v_loss=0.000 ent=3.252 msg_acc=0.000 kl=0.0036
[upd   71 | steps   36352 | t   72.1s | sps   504] ret_mean=0.000 ep_len=500.0 pi_loss=-0.009 v_loss=0.003 ent=3.160 msg_acc=0.000 kl=0.0058
[upd   72 | steps   36864 | t   72.8s | sps   507] ret_mean=0.500 ep_len=500.0 pi_loss=-0.016 v_loss=0.002 ent=3.230 msg_acc=0.000 kl=0.0037
[upd   73 | steps   37376 | t   73.5s | sps   509] ret_mean=0.500 ep_len=500.0 pi_loss=-0.009 v_loss=0.000 ent=3.260 msg_acc=0.000 kl=0.0142
[upd   74 | steps   37888 | t   75.0s | sps   505] ret_mean=0.000 ep_len=500.0 pi_loss=-0.011 v_loss=0.006 ent=3.262 msg_acc=0.000 kl=0.0241
[upd   75 | steps   38400 | t   76.5s | sps   502] ret_mean=2.000 ep_len=500.0 pi_loss=-0.015 v_loss=0.004 ent=3.165 msg_acc=0.000 kl=0.0082
[upd   76 | steps   38912 | t   77.5s | sps   502] ret_mean=0.000 ep_len=500.0 pi_loss=-0.012 v_loss=0.002 ent=3.284 msg_acc=0.000 kl=0.0068
[upd   77 | steps   39424 | t   78.3s | sps   504] ret_mean=0.500 ep_len=500.0 pi_loss=-0.015 v_loss=0.001 ent=3.278 msg_acc=0.000 kl=0.0075
[upd   78 | steps   39936 | t   79.0s | sps   506] ret_mean=1.500 ep_len=500.0 pi_loss=-0.009 v_loss=0.006 ent=3.268 msg_acc=0.000 kl=0.0106
[upd   79 | steps   40448 | t   80.0s | sps   506] ret_mean=0.000 ep_len=500.0 pi_loss=-0.011 v_loss=0.010 ent=3.210 msg_acc=0.000 kl=0.0144
[upd   80 | steps   40960 | t   80.9s | sps   506] ret_mean=0.000 ep_len=500.0 pi_loss=-0.009 v_loss=0.004 ent=3.254 msg_acc=0.000 kl=0.0096
[upd   81 | steps   41472 | t   81.7s | sps   508] ret_mean=0.500 ep_len=500.0 pi_loss=-0.009 v_loss=0.001 ent=3.213 msg_acc=0.000 kl=0.0020
[upd   82 | steps   41984 | t   82.7s | sps   508] ret_mean=0.000 ep_len=500.0 pi_loss=-0.009 v_loss=0.008 ent=3.154 msg_acc=0.000 kl=0.0114
[upd   83 | steps   42496 | t   83.6s | sps   508] ret_mean=1.500 ep_len=500.0 pi_loss=-0.010 v_loss=0.003 ent=3.065 msg_acc=0.000 kl=0.0084
[upd   84 | steps   43008 | t   84.3s | sps   510] ret_mean=0.500 ep_len=500.0 pi_loss=-0.007 v_loss=0.003 ent=3.157 msg_acc=0.000 kl=0.0024
[upd   85 | steps   43520 | t   85.4s | sps   510] ret_mean=0.500 ep_len=500.0 pi_loss=-0.015 v_loss=0.001 ent=3.117 msg_acc=0.000 kl=0.0114
[upd   86 | steps   44032 | t   86.2s | sps   511] ret_mean=0.000 ep_len=500.0 pi_loss=-0.011 v_loss=0.001 ent=3.152 msg_acc=0.000 kl=0.0134
[upd   87 | steps   44544 | t   87.0s | sps   512] ret_mean=0.000 ep_len=500.0 pi_loss=-0.019 v_loss=0.001 ent=3.203 msg_acc=0.000 kl=0.0138
[upd   88 | steps   45056 | t   88.2s | sps   511] ret_mean=0.000 ep_len=500.0 pi_loss=-0.015 v_loss=0.002 ent=3.373 msg_acc=0.000 kl=0.0163
[upd   89 | steps   45568 | t   89.4s | sps   510] ret_mean=0.500 ep_len=500.0 pi_loss=-0.011 v_loss=0.000 ent=3.332 msg_acc=0.000 kl=0.0049
[upd   90 | steps   46080 | t   90.1s | sps   511] ret_mean=0.000 ep_len=500.0 pi_loss=-0.005 v_loss=0.002 ent=3.256 msg_acc=0.000 kl=0.0133
[upd   91 | steps   46592 | t   90.8s | sps   513] ret_mean=0.500 ep_len=500.0 pi_loss=-0.009 v_loss=0.000 ent=3.234 msg_acc=0.000 kl=0.0135
[upd   92 | steps   47104 | t   91.5s | sps   515] ret_mean=0.000 ep_len=500.0 pi_loss=-0.009 v_loss=0.001 ent=3.199 msg_acc=0.000 kl=0.0148
[upd   93 | steps   47616 | t   92.2s | sps   516] ret_mean=0.000 ep_len=500.0 pi_loss=-0.014 v_loss=0.000 ent=3.194 msg_acc=0.000 kl=0.0084
[upd   94 | steps   48128 | t   92.9s | sps   518] ret_mean=3.500 ep_len=500.0 pi_loss=-0.015 v_loss=0.021 ent=3.348 msg_acc=0.000 kl=0.0146
[upd   95 | steps   48640 | t   93.5s | sps   520] ret_mean=0.000 ep_len=500.0 pi_loss=-0.010 v_loss=0.001 ent=3.265 msg_acc=0.000 kl=0.0141
[upd   96 | steps   49152 | t   94.2s | sps   522] ret_mean=0.000 ep_len=500.0 pi_loss=-0.010 v_loss=0.001 ent=3.150 msg_acc=0.000 kl=0.0127
[upd   97 | steps   49664 | t   94.9s | sps   524] ret_mean=0.000 ep_len=500.0 pi_loss=-0.008 v_loss=0.001 ent=3.249 msg_acc=0.000 kl=0.0043
[upd   98 | steps   50176 | t   95.5s | sps   525] ret_mean=0.000 ep_len=500.0 pi_loss=-0.007 v_loss=0.000 ent=3.129 msg_acc=0.000 kl=0.0033
[upd   99 | steps   50688 | t   96.1s | sps   527] ret_mean=3.500 ep_len=500.0 pi_loss=-0.015 v_loss=0.043 ent=3.315 msg_acc=0.000 kl=0.0081
[upd  100 | steps   51200 | t   96.9s | sps   528] ret_mean=2.000 ep_len=500.0 pi_loss=-0.013 v_loss=0.012 ent=3.207 msg_acc=0.000 kl=0.0138
        [eval] ret_mean=0.000 ep_len=500.0
[upd  101 | steps   51712 | t  102.5s | sps   504] ret_mean=0.000 ep_len=500.0 pi_loss=-0.016 v_loss=0.004 ent=3.261 msg_acc=0.000 kl=0.0067
[upd  102 | steps   52224 | t  103.1s | sps   506] ret_mean=2.500 ep_len=500.0 pi_loss=-0.007 v_loss=0.012 ent=3.274 msg_acc=0.000 kl=0.0099
[upd  103 | steps   52736 | t  103.8s | sps   508] ret_mean=0.000 ep_len=500.0 pi_loss=-0.008 v_loss=0.001 ent=3.207 msg_acc=0.000 kl=0.0096
[upd  104 | steps   53248 | t  104.4s | sps   510] ret_mean=0.000 ep_len=500.0 pi_loss=-0.012 v_loss=0.003 ent=3.216 msg_acc=0.000 kl=0.0000
[upd  105 | steps   53760 | t  105.1s | sps   511] ret_mean=2.000 ep_len=500.0 pi_loss=-0.011 v_loss=0.012 ent=3.205 msg_acc=0.000 kl=0.0062
[upd  106 | steps   54272 | t  105.8s | sps   513] ret_mean=0.000 ep_len=500.0 pi_loss=-0.018 v_loss=0.001 ent=3.316 msg_acc=0.000 kl=0.0065
[upd  107 | steps   54784 | t  106.5s | sps   514] ret_mean=0.500 ep_len=500.0 pi_loss=-0.011 v_loss=0.003 ent=3.363 msg_acc=0.000 kl=0.0067
[upd  108 | steps   55296 | t  107.2s | sps   516] ret_mean=0.000 ep_len=500.0 pi_loss=-0.012 v_loss=0.001 ent=3.231 msg_acc=0.000 kl=0.0068
[upd  109 | steps   55808 | t  107.8s | sps   518] ret_mean=0.000 ep_len=500.0 pi_loss=-0.009 v_loss=0.001 ent=3.320 msg_acc=0.000 kl=-0.0007
[upd  110 | steps   56320 | t  108.4s | sps   519] ret_mean=0.000 ep_len=500.0 pi_loss=-0.012 v_loss=0.000 ent=3.186 msg_acc=0.000 kl=0.0040
[upd  111 | steps   56832 | t  109.1s | sps   521] ret_mean=0.000 ep_len=500.0 pi_loss=-0.010 v_loss=0.000 ent=3.243 msg_acc=0.000 kl=0.0030
[upd  112 | steps   57344 | t  109.7s | sps   523] ret_mean=0.000 ep_len=500.0 pi_loss=-0.013 v_loss=0.000 ent=3.125 msg_acc=0.000 kl=0.0075
[upd  113 | steps   57856 | t  110.4s | sps   524] ret_mean=0.000 ep_len=500.0 pi_loss=-0.012 v_loss=0.001 ent=3.272 msg_acc=0.000 kl=0.0081
[upd  114 | steps   58368 | t  111.0s | sps   526] ret_mean=0.000 ep_len=500.0 pi_loss=-0.009 v_loss=0.000 ent=3.281 msg_acc=0.000 kl=0.0005
[upd  115 | steps   58880 | t  111.7s | sps   527] ret_mean=0.000 ep_len=500.0 pi_loss=-0.009 v_loss=0.000 ent=3.305 msg_acc=0.000 kl=0.0030
[upd  116 | steps   59392 | t  112.3s | sps   529] ret_mean=1.500 ep_len=500.0 pi_loss=-0.010 v_loss=0.012 ent=3.215 msg_acc=0.000 kl=0.0181
[upd  117 | steps   59904 | t  113.0s | sps   530] ret_mean=0.000 ep_len=500.0 pi_loss=-0.011 v_loss=0.001 ent=3.188 msg_acc=0.000 kl=0.0067
[upd  118 | steps   60416 | t  113.6s | sps   532] ret_mean=0.000 ep_len=500.0 pi_loss=-0.010 v_loss=0.001 ent=3.168 msg_acc=0.000 kl=0.0080
[upd  119 | steps   60928 | t  114.3s | sps   533] ret_mean=0.000 ep_len=500.0 pi_loss=-0.006 v_loss=0.000 ent=3.232 msg_acc=0.000 kl=0.0020
[upd  120 | steps   61440 | t  114.9s | sps   534] ret_mean=1.000 ep_len=500.0 pi_loss=-0.008 v_loss=0.006 ent=3.225 msg_acc=0.000 kl=0.0046
[upd  121 | steps   61952 | t  115.6s | sps   536] ret_mean=0.000 ep_len=500.0 pi_loss=-0.015 v_loss=0.001 ent=3.271 msg_acc=0.000 kl=0.0127
[upd  122 | steps   62464 | t  116.3s | sps   537] ret_mean=0.000 ep_len=500.0 pi_loss=-0.015 v_loss=0.106 ent=3.262 msg_acc=0.000 kl=0.0060
[upd  123 | steps   62976 | t  116.9s | sps   539] ret_mean=7.500 ep_len=500.0 pi_loss=-0.011 v_loss=0.029 ent=3.322 msg_acc=0.000 kl=0.0056
[upd  124 | steps   63488 | t  117.5s | sps   540] ret_mean=0.000 ep_len=500.0 pi_loss=-0.010 v_loss=0.002 ent=3.128 msg_acc=0.000 kl=0.0064
[upd  125 | steps   64000 | t  118.1s | sps   542] ret_mean=0.000 ep_len=500.0 pi_loss=-0.009 v_loss=0.001 ent=3.131 msg_acc=0.000 kl=0.0102
[upd  126 | steps   64512 | t  118.8s | sps   543] ret_mean=0.000 ep_len=500.0 pi_loss=-0.008 v_loss=0.001 ent=3.057 msg_acc=0.000 kl=0.0127
[upd  127 | steps   65024 | t  119.4s | sps   544] ret_mean=0.000 ep_len=500.0 pi_loss=-0.017 v_loss=0.001 ent=3.209 msg_acc=0.000 kl=0.0239
[upd  128 | steps   65536 | t  120.1s | sps   546] ret_mean=0.000 ep_len=500.0 pi_loss=-0.015 v_loss=0.001 ent=3.266 msg_acc=0.000 kl=0.0117
[upd  129 | steps   66048 | t  120.7s | sps   547] ret_mean=0.000 ep_len=500.0 pi_loss=-0.013 v_loss=0.000 ent=3.312 msg_acc=0.000 kl=0.0082
[upd  130 | steps   66560 | t  121.4s | sps   548] ret_mean=1.500 ep_len=500.0 pi_loss=-0.012 v_loss=0.029 ent=3.324 msg_acc=0.000 kl=0.0099
[upd  131 | steps   67072 | t  122.0s | sps   550] ret_mean=3.500 ep_len=500.0 pi_loss=-0.020 v_loss=0.001 ent=3.331 msg_acc=0.000 kl=0.0116
[upd  132 | steps   67584 | t  122.7s | sps   551] ret_mean=0.000 ep_len=500.0 pi_loss=-0.009 v_loss=0.001 ent=3.318 msg_acc=0.000 kl=0.0048
[upd  133 | steps   68096 | t  123.4s | sps   552] ret_mean=0.000 ep_len=500.0 pi_loss=-0.010 v_loss=0.000 ent=3.154 msg_acc=0.000 kl=0.0171
[upd  134 | steps   68608 | t  124.0s | sps   553] ret_mean=0.000 ep_len=500.0 pi_loss=-0.015 v_loss=0.024 ent=3.256 msg_acc=0.000 kl=0.0165
[upd  135 | steps   69120 | t  124.6s | sps   555] ret_mean=2.500 ep_len=500.0 pi_loss=-0.005 v_loss=0.027 ent=3.239 msg_acc=0.000 kl=0.0070
[upd  136 | steps   69632 | t  125.3s | sps   556] ret_mean=3.000 ep_len=500.0 pi_loss=-0.013 v_loss=0.003 ent=3.134 msg_acc=0.000 kl=0.0082
[upd  137 | steps   70144 | t  125.9s | sps   557] ret_mean=0.500 ep_len=500.0 pi_loss=-0.014 v_loss=0.104 ent=3.315 msg_acc=0.000 kl=0.0097
[upd  138 | steps   70656 | t  126.6s | sps   558] ret_mean=5.000 ep_len=500.0 pi_loss=-0.011 v_loss=0.014 ent=3.355 msg_acc=0.000 kl=-0.0010
[upd  139 | steps   71168 | t  127.3s | sps   559] ret_mean=3.000 ep_len=500.0 pi_loss=-0.012 v_loss=0.030 ent=3.297 msg_acc=0.000 kl=0.0062
[upd  140 | steps   71680 | t  127.9s | sps   560] ret_mean=3.500 ep_len=500.0 pi_loss=-0.012 v_loss=0.002 ent=3.357 msg_acc=0.000 kl=0.0016
[upd  141 | steps   72192 | t  128.6s | sps   561] ret_mean=0.000 ep_len=500.0 pi_loss=-0.012 v_loss=0.044 ent=3.281 msg_acc=0.000 kl=0.0110
[upd  142 | steps   72704 | t  129.2s | sps   563] ret_mean=1.750 ep_len=500.0 pi_loss=-0.012 v_loss=0.001 ent=3.394 msg_acc=0.000 kl=0.0012
[upd  143 | steps   73216 | t  130.2s | sps   563] ret_mean=11.000 ep_len=500.0 pi_loss=-0.007 v_loss=0.302 ent=3.290 msg_acc=0.000 kl=0.0024
[upd  144 | steps   73728 | t  130.8s | sps   564] ret_mean=0.000 ep_len=500.0 pi_loss=-0.013 v_loss=0.004 ent=3.260 msg_acc=0.000 kl=0.0063
[upd  145 | steps   74240 | t  131.6s | sps   564] ret_mean=0.000 ep_len=500.0 pi_loss=-0.009 v_loss=0.001 ent=3.258 msg_acc=0.000 kl=0.0083
[upd  146 | steps   74752 | t  132.2s | sps   565] ret_mean=0.000 ep_len=500.0 pi_loss=-0.015 v_loss=0.001 ent=3.380 msg_acc=0.000 kl=0.0077
[upd  147 | steps   75264 | t  132.8s | sps   567] ret_mean=1.000 ep_len=500.0 pi_loss=-0.015 v_loss=0.007 ent=3.424 msg_acc=0.000 kl=0.0073
[upd  148 | steps   75776 | t  133.4s | sps   568] ret_mean=0.000 ep_len=500.0 pi_loss=-0.006 v_loss=0.002 ent=3.289 msg_acc=0.000 kl=0.0084
[upd  149 | steps   76288 | t  134.1s | sps   569] ret_mean=0.500 ep_len=500.0 pi_loss=-0.011 v_loss=0.001 ent=3.384 msg_acc=0.000 kl=0.0119
[upd  150 | steps   76800 | t  134.7s | sps   570] ret_mean=0.000 ep_len=500.0 pi_loss=-0.015 v_loss=0.000 ent=3.469 msg_acc=0.000 kl=0.0131
        [eval] ret_mean=12.500 ep_len=500.0
[upd  151 | steps   77312 | t  140.5s | sps   550] ret_mean=0.000 ep_len=500.0 pi_loss=-0.012 v_loss=0.000 ent=3.433 msg_acc=0.000 kl=0.0064
[upd  152 | steps   77824 | t  141.1s | sps   551] ret_mean=7.000 ep_len=500.0 pi_loss=-0.010 v_loss=0.087 ent=3.330 msg_acc=0.000 kl=0.0067
[upd  153 | steps   78336 | t  141.8s | sps   552] ret_mean=0.500 ep_len=500.0 pi_loss=-0.008 v_loss=0.002 ent=3.420 msg_acc=0.000 kl=0.0007
[upd  154 | steps   78848 | t  142.6s | sps   553] ret_mean=3.000 ep_len=500.0 pi_loss=-0.011 v_loss=0.023 ent=3.366 msg_acc=0.000 kl=0.0120
[upd  155 | steps   79360 | t  143.4s | sps   554] ret_mean=10.000 ep_len=500.0 pi_loss=-0.020 v_loss=0.205 ent=3.275 msg_acc=0.000 kl=0.0184
[upd  156 | steps   79872 | t  144.1s | sps   554] ret_mean=2.000 ep_len=500.0 pi_loss=-0.011 v_loss=0.006 ent=3.365 msg_acc=0.000 kl=0.0093
[upd  157 | steps   80384 | t  144.8s | sps   555] ret_mean=0.000 ep_len=500.0 pi_loss=-0.007 v_loss=0.002 ent=3.374 msg_acc=0.000 kl=0.0041
[upd  158 | steps   80896 | t  145.6s | sps   556] ret_mean=0.000 ep_len=500.0 pi_loss=-0.012 v_loss=0.001 ent=3.430 msg_acc=0.000 kl=0.0022
[upd  159 | steps   81408 | t  146.3s | sps   557] ret_mean=1.500 ep_len=500.0 pi_loss=-0.010 v_loss=0.105 ent=3.411 msg_acc=0.000 kl=0.0131
[upd  160 | steps   81920 | t  147.0s | sps   557] ret_mean=5.500 ep_len=500.0 pi_loss=-0.015 v_loss=0.029 ent=3.359 msg_acc=0.000 kl=0.0096
[upd  161 | steps   82432 | t  147.7s | sps   558] ret_mean=3.500 ep_len=500.0 pi_loss=-0.010 v_loss=0.002 ent=3.443 msg_acc=0.000 kl=0.0002
[upd  162 | steps   82944 | t  148.3s | sps   559] ret_mean=0.000 ep_len=500.0 pi_loss=-0.007 v_loss=0.002 ent=3.430 msg_acc=0.000 kl=0.0028
[upd  163 | steps   83456 | t  149.0s | sps   560] ret_mean=0.000 ep_len=500.0 pi_loss=-0.014 v_loss=0.001 ent=3.457 msg_acc=0.000 kl=0.0071
[upd  164 | steps   83968 | t  149.6s | sps   561] ret_mean=0.000 ep_len=500.0 pi_loss=-0.012 v_loss=0.002 ent=3.456 msg_acc=0.000 kl=0.0015
[upd  165 | steps   84480 | t  150.9s | sps   560] ret_mean=0.000 ep_len=500.0 pi_loss=-0.014 v_loss=0.001 ent=3.410 msg_acc=0.000 kl=0.0006
[upd  166 | steps   84992 | t  151.6s | sps   561] ret_mean=0.000 ep_len=500.0 pi_loss=-0.010 v_loss=0.014 ent=3.336 msg_acc=0.000 kl=0.0049
[upd  167 | steps   85504 | t  152.3s | sps   562] ret_mean=2.000 ep_len=500.0 pi_loss=-0.010 v_loss=0.022 ent=3.382 msg_acc=0.000 kl=0.0043
[upd  168 | steps   86016 | t  152.9s | sps   562] ret_mean=2.000 ep_len=500.0 pi_loss=-0.017 v_loss=0.001 ent=3.345 msg_acc=0.000 kl=0.0073
[upd  169 | steps   86528 | t  153.6s | sps   563] ret_mean=0.000 ep_len=500.0 pi_loss=-0.010 v_loss=0.001 ent=3.233 msg_acc=0.000 kl=-0.0029
[upd  170 | steps   87040 | t  154.5s | sps   564] ret_mean=0.000 ep_len=500.0 pi_loss=-0.013 v_loss=0.001 ent=3.238 msg_acc=0.000 kl=0.0030
[upd  171 | steps   87552 | t  155.5s | sps   563] ret_mean=0.000 ep_len=500.0 pi_loss=-0.012 v_loss=0.000 ent=3.316 msg_acc=0.000 kl=0.0066
[upd  172 | steps   88064 | t  156.4s | sps   563] ret_mean=0.000 ep_len=500.0 pi_loss=-0.011 v_loss=0.271 ent=3.363 msg_acc=0.000 kl=0.0017
[upd  173 | steps   88576 | t  157.6s | sps   562] ret_mean=25.000 ep_len=500.0 pi_loss=-0.013 v_loss=0.350 ent=3.280 msg_acc=0.000 kl=0.0072
[upd  174 | steps   89088 | t  159.2s | sps   560] ret_mean=6.000 ep_len=500.0 pi_loss=-0.010 v_loss=0.007 ent=3.313 msg_acc=0.000 kl=0.0018
[upd  175 | steps   89600 | t  160.0s | sps   560] ret_mean=0.000 ep_len=500.0 pi_loss=-0.014 v_loss=0.003 ent=3.321 msg_acc=0.000 kl=0.0072
[upd  176 | steps   90112 | t  160.8s | sps   560] ret_mean=0.000 ep_len=500.0 pi_loss=-0.009 v_loss=0.011 ent=3.399 msg_acc=0.000 kl=0.0087
[upd  177 | steps   90624 | t  161.5s | sps   561] ret_mean=1.500 ep_len=500.0 pi_loss=-0.013 v_loss=0.003 ent=3.324 msg_acc=0.000 kl=0.0024
[upd  178 | steps   91136 | t  162.3s | sps   562] ret_mean=0.000 ep_len=500.0 pi_loss=-0.013 v_loss=0.001 ent=3.293 msg_acc=0.000 kl=0.0097
[upd  179 | steps   91648 | t  163.1s | sps   562] ret_mean=0.000 ep_len=500.0 pi_loss=-0.014 v_loss=0.001 ent=3.333 msg_acc=0.000 kl=0.0104
[upd  180 | steps   92160 | t  163.9s | sps   562] ret_mean=0.000 ep_len=500.0 pi_loss=-0.009 v_loss=0.007 ent=3.292 msg_acc=0.000 kl=0.0075
[upd  181 | steps   92672 | t  164.7s | sps   563] ret_mean=1.000 ep_len=500.0 pi_loss=-0.008 v_loss=0.001 ent=3.325 msg_acc=0.000 kl=0.0058
[upd  182 | steps   93184 | t  165.4s | sps   563] ret_mean=0.000 ep_len=500.0 pi_loss=-0.011 v_loss=0.007 ent=3.290 msg_acc=0.000 kl=0.0024
[upd  183 | steps   93696 | t  166.1s | sps   564] ret_mean=1.000 ep_len=500.0 pi_loss=-0.008 v_loss=0.124 ent=3.303 msg_acc=0.000 kl=0.0019
[upd  184 | steps   94208 | t  166.9s | sps   565] ret_mean=8.000 ep_len=500.0 pi_loss=-0.010 v_loss=0.004 ent=3.282 msg_acc=0.000 kl=0.0037
[upd  185 | steps   94720 | t  167.7s | sps   565] ret_mean=0.000 ep_len=500.0 pi_loss=-0.013 v_loss=0.002 ent=3.244 msg_acc=0.000 kl=0.0090
[upd  186 | steps   95232 | t  168.4s | sps   565] ret_mean=0.000 ep_len=500.0 pi_loss=-0.014 v_loss=0.001 ent=3.321 msg_acc=0.000 kl=0.0046
[upd  187 | steps   95744 | t  169.2s | sps   566] ret_mean=0.000 ep_len=500.0 pi_loss=-0.019 v_loss=0.007 ent=3.326 msg_acc=0.000 kl=0.0017
[upd  188 | steps   96256 | t  169.9s | sps   566] ret_mean=1.000 ep_len=500.0 pi_loss=-0.015 v_loss=0.178 ent=3.367 msg_acc=0.000 kl=0.0095
[upd  189 | steps   96768 | t  170.7s | sps   567] ret_mean=9.000 ep_len=500.0 pi_loss=-0.014 v_loss=0.003 ent=3.273 msg_acc=0.000 kl=0.0029
[upd  190 | steps   97280 | t  171.4s | sps   568] ret_mean=0.000 ep_len=500.0 pi_loss=-0.004 v_loss=0.001 ent=3.279 msg_acc=0.000 kl=0.0000
[upd  191 | steps   97792 | t  172.1s | sps   568] ret_mean=0.000 ep_len=500.0 pi_loss=-0.015 v_loss=0.084 ent=3.276 msg_acc=0.000 kl=0.0133
[upd  192 | steps   98304 | t  172.9s | sps   569] ret_mean=2.250 ep_len=500.0 pi_loss=-0.011 v_loss=0.001 ent=3.361 msg_acc=0.000 kl=0.0130
[upd  193 | steps   98816 | t  173.9s | sps   568] ret_mean=3.500 ep_len=500.0 pi_loss=-0.014 v_loss=0.030 ent=3.259 msg_acc=0.000 kl=0.0014
[upd  194 | steps   99328 | t  174.7s | sps   569] ret_mean=0.000 ep_len=500.0 pi_loss=-0.009 v_loss=0.001 ent=3.306 msg_acc=0.000 kl=0.0002
[upd  195 | steps   99840 | t  175.5s | sps   569] ret_mean=5.500 ep_len=500.0 pi_loss=-0.012 v_loss=0.107 ent=3.228 msg_acc=0.000 kl=0.0080
[upd  196 | steps  100352 | t  176.4s | sps   569] ret_mean=0.000 ep_len=500.0 pi_loss=-0.016 v_loss=0.001 ent=3.196 msg_acc=0.000 kl=0.0094
[upd  197 | steps  100864 | t  177.2s | sps   569] ret_mean=3.000 ep_len=500.0 pi_loss=-0.008 v_loss=0.259 ent=3.182 msg_acc=0.000 kl=0.0114
[upd  198 | steps  101376 | t  178.1s | sps   569] ret_mean=28.000 ep_len=500.0 pi_loss=-0.015 v_loss=0.576 ent=3.066 msg_acc=0.000 kl=0.0138
[upd  199 | steps  101888 | t  179.3s | sps   568] ret_mean=0.000 ep_len=500.0 pi_loss=-0.012 v_loss=0.129 ent=3.020 msg_acc=0.000 kl=0.0156
[upd  200 | steps  102400 | t  180.0s | sps   569] ret_mean=52.000 ep_len=500.0 pi_loss=-0.013 v_loss=1.468 ent=2.981 msg_acc=0.000 kl=-0.0007
        [eval] ret_mean=0.000 ep_len=500.0
