$ /Users/samchen/Coding/CLASSES/CS2860/.venv/bin/python3 -m policies.train --env rware-tiny-2ag-easy-v2 --seed 1 --updates 400 --rollout 512 --eval-every 25 --eval-episodes 30 --log-dir matrix_results/diagnostics_v1_sam/comm_2ag/main_tiny --run-name mappo-no-comm__dropout-only__d0__s1 --n-msg-tokens 8 --no-comm --dropout --dropout-window-start 200 --dropout-window-end 350 --shape-rewards --pickup-bonus 0.5

[env] EnvSpec(env_id='rware-tiny-2ag-easy-v2', n_agents=2, obs_dim=71, n_env_actions=5, noop_action=0, family='rware')  (n_msg_tokens=1)
[cfg] {'clip_range': 0.2, 'value_clip_range': 0.2, 'entropy_coef': 0.01, 'value_coef': 0.5, 'max_grad_norm': 0.5, 'gamma': 0.99, 'gae_lambda': 0.95, 'lr_actor': 0.0003, 'lr_critic': 0.001, 'update_epochs': 4, 'minibatches': 4, 'hidden': 128, 'depth': 2, 'device': 'cpu', 'extra': {}}
[log] writing to matrix_results/diagnostics_v1_sam/comm_2ag/main_tiny/mappo-no-comm__dropout-only__d0__s1
[upd    1 | steps     512 | t    0.2s | sps  2546] ret_mean=0.000 ep_len=500.0 pi_loss=-0.008 v_loss=0.026 ent=1.607 kl=-0.0013
[upd    2 | steps    1024 | t    0.3s | sps  2931] ret_mean=0.500 ep_len=500.0 pi_loss=-0.008 v_loss=0.017 ent=1.587 kl=0.0063
[upd    3 | steps    1536 | t    0.5s | sps  3084] ret_mean=0.000 ep_len=500.0 pi_loss=-0.005 v_loss=0.007 ent=1.566 kl=0.0074
[upd    4 | steps    2048 | t    0.7s | sps  3126] ret_mean=0.500 ep_len=500.0 pi_loss=-0.004 v_loss=0.016 ent=1.547 kl=0.0033
[upd    5 | steps    2560 | t    0.9s | sps  2903] ret_mean=0.500 ep_len=500.0 pi_loss=-0.005 v_loss=0.004 ent=1.581 kl=-0.0010
[upd    6 | steps    3072 | t    1.0s | sps  2975] ret_mean=0.000 ep_len=500.0 pi_loss=-0.011 v_loss=0.003 ent=1.558 kl=0.0159
[upd    7 | steps    3584 | t    1.2s | sps  2976] ret_mean=0.000 ep_len=500.0 pi_loss=-0.007 v_loss=0.003 ent=1.523 kl=0.0045
[upd    8 | steps    4096 | t    1.4s | sps  2999] ret_mean=0.000 ep_len=500.0 pi_loss=-0.004 v_loss=0.017 ent=1.471 kl=0.0007
[upd    9 | steps    4608 | t    1.5s | sps  3049] ret_mean=3.000 ep_len=500.0 pi_loss=-0.004 v_loss=0.013 ent=1.524 kl=0.0038
[upd   10 | steps    5120 | t    1.7s | sps  3074] ret_mean=0.000 ep_len=500.0 pi_loss=-0.006 v_loss=0.007 ent=1.525 kl=0.0001
[upd   11 | steps    5632 | t    1.8s | sps  3096] ret_mean=3.000 ep_len=500.0 pi_loss=-0.005 v_loss=0.007 ent=1.507 kl=0.0000
[upd   12 | steps    6144 | t    2.0s | sps  3115] ret_mean=0.000 ep_len=500.0 pi_loss=-0.005 v_loss=0.002 ent=1.428 kl=0.0038
[upd   13 | steps    6656 | t    2.1s | sps  3134] ret_mean=7.000 ep_len=500.0 pi_loss=-0.006 v_loss=0.090 ent=1.434 kl=0.0041
[upd   14 | steps    7168 | t    2.3s | sps  3153] ret_mean=1.500 ep_len=500.0 pi_loss=-0.002 v_loss=0.002 ent=1.409 kl=0.0049
[upd   15 | steps    7680 | t    2.4s | sps  3164] ret_mean=1.000 ep_len=500.0 pi_loss=-0.007 v_loss=0.003 ent=1.439 kl=0.0085
[upd   16 | steps    8192 | t    2.6s | sps  3178] ret_mean=0.000 ep_len=500.0 pi_loss=-0.004 v_loss=0.002 ent=1.403 kl=0.0083
[upd   17 | steps    8704 | t    2.7s | sps  3188] ret_mean=0.000 ep_len=500.0 pi_loss=-0.008 v_loss=0.030 ent=1.396 kl=0.0000
[upd   18 | steps    9216 | t    2.9s | sps  3196] ret_mean=2.500 ep_len=500.0 pi_loss=-0.004 v_loss=0.097 ent=1.390 kl=0.0054
[upd   19 | steps    9728 | t    3.0s | sps  3205] ret_mean=5.500 ep_len=500.0 pi_loss=-0.004 v_loss=0.002 ent=1.405 kl=0.0049
[upd   20 | steps   10240 | t    3.2s | sps  3221] ret_mean=0.000 ep_len=500.0 pi_loss=-0.004 v_loss=0.015 ent=1.302 kl=0.0074
[upd   21 | steps   10752 | t    3.3s | sps  3234] ret_mean=2.500 ep_len=500.0 pi_loss=-0.002 v_loss=0.001 ent=1.299 kl=-0.0018
[upd   22 | steps   11264 | t    3.5s | sps  3240] ret_mean=0.000 ep_len=500.0 pi_loss=-0.005 v_loss=0.001 ent=1.250 kl=0.0003
[upd   23 | steps   11776 | t    3.6s | sps  3249] ret_mean=0.000 ep_len=500.0 pi_loss=-0.008 v_loss=0.006 ent=1.337 kl=0.0161
[upd   24 | steps   12288 | t    3.8s | sps  3258] ret_mean=1.500 ep_len=500.0 pi_loss=-0.001 v_loss=0.002 ent=1.331 kl=0.0015
[upd   25 | steps   12800 | t    4.0s | sps  3240] ret_mean=0.000 ep_len=500.0 pi_loss=-0.004 v_loss=0.001 ent=1.355 kl=0.0009
        [eval] ret_mean=10.033 ep_len=500.0
[upd   26 | steps   13312 | t    7.6s | sps  1742] ret_mean=0.000 ep_len=500.0 pi_loss=-0.006 v_loss=0.002 ent=1.333 kl=0.0058
[upd   27 | steps   13824 | t    7.8s | sps  1773] ret_mean=0.000 ep_len=500.0 pi_loss=-0.004 v_loss=0.001 ent=1.380 kl=0.0032
[upd   28 | steps   14336 | t    7.9s | sps  1804] ret_mean=0.000 ep_len=500.0 pi_loss=-0.005 v_loss=0.015 ent=1.313 kl=0.0012
[upd   29 | steps   14848 | t    8.1s | sps  1832] ret_mean=2.500 ep_len=500.0 pi_loss=-0.005 v_loss=0.001 ent=1.217 kl=0.0068
[upd   30 | steps   15360 | t    8.3s | sps  1861] ret_mean=4.500 ep_len=500.0 pi_loss=-0.004 v_loss=0.076 ent=1.178 kl=0.0047
[upd   31 | steps   15872 | t    8.4s | sps  1885] ret_mean=1.500 ep_len=500.0 pi_loss=-0.007 v_loss=0.001 ent=1.247 kl=0.0031
[upd   32 | steps   16384 | t    8.6s | sps  1908] ret_mean=0.000 ep_len=500.0 pi_loss=-0.003 v_loss=0.001 ent=1.171 kl=0.0026
[upd   33 | steps   16896 | t    8.8s | sps  1927] ret_mean=0.000 ep_len=500.0 pi_loss=-0.015 v_loss=0.001 ent=1.039 kl=0.0072
[upd   34 | steps   17408 | t    8.9s | sps  1951] ret_mean=5.500 ep_len=500.0 pi_loss=-0.004 v_loss=0.118 ent=1.019 kl=0.0093
[upd   35 | steps   17920 | t    9.1s | sps  1974] ret_mean=0.000 ep_len=500.0 pi_loss=-0.007 v_loss=0.169 ent=1.006 kl=0.0008
[upd   36 | steps   18432 | t    9.2s | sps  1997] ret_mean=8.000 ep_len=500.0 pi_loss=-0.002 v_loss=0.002 ent=0.865 kl=0.0049
[upd   37 | steps   18944 | t    9.4s | sps  2019] ret_mean=9.000 ep_len=500.0 pi_loss=-0.000 v_loss=0.223 ent=0.885 kl=0.0015
[upd   38 | steps   19456 | t    9.5s | sps  2040] ret_mean=0.000 ep_len=500.0 pi_loss=-0.002 v_loss=0.001 ent=0.919 kl=0.0019
[upd   39 | steps   19968 | t    9.7s | sps  2060] ret_mean=0.000 ep_len=500.0 pi_loss=-0.003 v_loss=0.002 ent=0.876 kl=0.0000
[upd   40 | steps   20480 | t    9.8s | sps  2080] ret_mean=0.000 ep_len=500.0 pi_loss=-0.001 v_loss=0.002 ent=0.811 kl=0.0043
[upd   41 | steps   20992 | t   10.0s | sps  2098] ret_mean=0.000 ep_len=500.0 pi_loss=-0.005 v_loss=0.002 ent=0.818 kl=0.0125
[upd   42 | steps   21504 | t   10.2s | sps  2116] ret_mean=0.000 ep_len=500.0 pi_loss=-0.004 v_loss=0.043 ent=0.727 kl=0.0118
[upd   43 | steps   22016 | t   10.3s | sps  2130] ret_mean=3.500 ep_len=500.0 pi_loss=-0.005 v_loss=0.001 ent=0.839 kl=0.0080
[upd   44 | steps   22528 | t   10.5s | sps  2143] ret_mean=0.000 ep_len=500.0 pi_loss=-0.002 v_loss=0.125 ent=0.727 kl=0.0044
[upd   45 | steps   23040 | t   10.7s | sps  2155] ret_mean=6.000 ep_len=500.0 pi_loss=-0.005 v_loss=0.002 ent=0.799 kl=0.0071
[upd   46 | steps   23552 | t   10.9s | sps  2158] ret_mean=0.000 ep_len=500.0 pi_loss=-0.006 v_loss=0.009 ent=0.853 kl=0.0132
[upd   47 | steps   24064 | t   11.1s | sps  2162] ret_mean=17.000 ep_len=500.0 pi_loss=-0.007 v_loss=0.544 ent=0.746 kl=0.0199
[upd   48 | steps   24576 | t   11.3s | sps  2173] ret_mean=0.000 ep_len=500.0 pi_loss=-0.005 v_loss=1.049 ent=0.860 kl=-0.0010
[upd   49 | steps   25088 | t   11.5s | sps  2186] ret_mean=28.500 ep_len=500.0 pi_loss=-0.004 v_loss=0.007 ent=0.885 kl=0.0057
[upd   50 | steps   25600 | t   11.7s | sps  2182] ret_mean=0.000 ep_len=500.0 pi_loss=-0.002 v_loss=0.001 ent=0.846 kl=0.0020
        [eval] ret_mean=4.167 ep_len=500.0
[upd   51 | steps   26112 | t   16.2s | sps  1615] ret_mean=2.000 ep_len=500.0 pi_loss=-0.005 v_loss=0.023 ent=0.976 kl=0.0039
[upd   52 | steps   26624 | t   16.3s | sps  1630] ret_mean=46.500 ep_len=500.0 pi_loss=-0.000 v_loss=1.865 ent=0.720 kl=0.0154
[upd   53 | steps   27136 | t   16.5s | sps  1644] ret_mean=0.000 ep_len=500.0 pi_loss=-0.002 v_loss=0.001 ent=0.708 kl=0.0009
[upd   54 | steps   27648 | t   16.7s | sps  1654] ret_mean=0.000 ep_len=500.0 pi_loss=-0.001 v_loss=0.001 ent=0.686 kl=0.0026
[upd   55 | steps   28160 | t   17.0s | sps  1661] ret_mean=0.000 ep_len=500.0 pi_loss=-0.003 v_loss=0.024 ent=0.798 kl=0.0189
[upd   56 | steps   28672 | t   17.2s | sps  1671] ret_mean=46.500 ep_len=500.0 pi_loss=-0.003 v_loss=1.943 ent=0.630 kl=0.0069
[upd   57 | steps   29184 | t   17.4s | sps  1677] ret_mean=0.000 ep_len=500.0 pi_loss=-0.007 v_loss=0.001 ent=0.713 kl=-0.0023
[upd   58 | steps   29696 | t   17.6s | sps  1685] ret_mean=0.000 ep_len=500.0 pi_loss=-0.003 v_loss=0.002 ent=0.749 kl=0.0058
[upd   59 | steps   30208 | t   17.8s | sps  1697] ret_mean=3.000 ep_len=500.0 pi_loss=-0.005 v_loss=0.039 ent=0.590 kl=0.0013
[upd   60 | steps   30720 | t   18.0s | sps  1709] ret_mean=0.000 ep_len=500.0 pi_loss=0.000 v_loss=0.002 ent=0.581 kl=0.0043
[upd   61 | steps   31232 | t   18.2s | sps  1720] ret_mean=0.000 ep_len=500.0 pi_loss=-0.004 v_loss=0.001 ent=0.793 kl=0.0076
[upd   62 | steps   31744 | t   18.3s | sps  1733] ret_mean=0.000 ep_len=500.0 pi_loss=-0.004 v_loss=0.003 ent=0.903 kl=0.0046
[upd   63 | steps   32256 | t   18.5s | sps  1746] ret_mean=42.000 ep_len=500.0 pi_loss=-0.003 v_loss=1.755 ent=0.653 kl=0.0028
[upd   64 | steps   32768 | t   18.6s | sps  1760] ret_mean=0.000 ep_len=500.0 pi_loss=-0.005 v_loss=0.002 ent=0.668 kl=0.0043
[upd   65 | steps   33280 | t   18.8s | sps  1772] ret_mean=0.000 ep_len=500.0 pi_loss=-0.002 v_loss=0.001 ent=0.668 kl=0.0020
[upd   66 | steps   33792 | t   18.9s | sps  1784] ret_mean=0.000 ep_len=500.0 pi_loss=-0.004 v_loss=0.002 ent=0.595 kl=0.0089
[upd   67 | steps   34304 | t   19.1s | sps  1797] ret_mean=0.000 ep_len=500.0 pi_loss=-0.003 v_loss=0.737 ent=0.776 kl=0.0022
[upd   68 | steps   34816 | t   19.2s | sps  1809] ret_mean=45.500 ep_len=500.0 pi_loss=-0.003 v_loss=0.957 ent=0.722 kl=0.0093
[upd   69 | steps   35328 | t   19.4s | sps  1820] ret_mean=51.000 ep_len=500.0 pi_loss=-0.009 v_loss=2.529 ent=0.429 kl=0.0174
[upd   70 | steps   35840 | t   19.6s | sps  1831] ret_mean=0.000 ep_len=500.0 pi_loss=-0.001 v_loss=0.011 ent=0.871 kl=0.0039
[upd   71 | steps   36352 | t   19.7s | sps  1842] ret_mean=0.000 ep_len=500.0 pi_loss=-0.001 v_loss=0.007 ent=0.768 kl=0.0032
[upd   72 | steps   36864 | t   19.9s | sps  1852] ret_mean=0.000 ep_len=500.0 pi_loss=-0.003 v_loss=1.342 ent=0.792 kl=0.0054
[upd   73 | steps   37376 | t   20.1s | sps  1863] ret_mean=38.000 ep_len=500.0 pi_loss=-0.001 v_loss=0.295 ent=0.597 kl=0.0050
[upd   74 | steps   37888 | t   20.2s | sps  1873] ret_mean=0.000 ep_len=500.0 pi_loss=-0.001 v_loss=0.006 ent=0.765 kl=0.0007
[upd   75 | steps   38400 | t   20.4s | sps  1883] ret_mean=0.000 ep_len=500.0 pi_loss=-0.005 v_loss=1.958 ent=0.730 kl=0.0059
        [eval] ret_mean=5.917 ep_len=500.0
[upd   76 | steps   38912 | t   24.5s | sps  1587] ret_mean=0.000 ep_len=500.0 pi_loss=-0.002 v_loss=0.008 ent=0.792 kl=0.0045
[upd   77 | steps   39424 | t   24.7s | sps  1598] ret_mean=50.500 ep_len=500.0 pi_loss=-0.004 v_loss=2.435 ent=0.624 kl=0.0006
[upd   78 | steps   39936 | t   24.8s | sps  1609] ret_mean=20.500 ep_len=500.0 pi_loss=-0.004 v_loss=0.949 ent=0.587 kl=0.0108
[upd   79 | steps   40448 | t   25.0s | sps  1620] ret_mean=67.500 ep_len=500.0 pi_loss=0.002 v_loss=3.154 ent=0.494 kl=0.0268
[upd   80 | steps   40960 | t   25.1s | sps  1631] ret_mean=0.000 ep_len=500.0 pi_loss=-0.006 v_loss=0.012 ent=0.765 kl=0.0106
[upd   81 | steps   41472 | t   25.3s | sps  1641] ret_mean=0.000 ep_len=500.0 pi_loss=-0.015 v_loss=0.020 ent=0.923 kl=0.0191
[upd   82 | steps   41984 | t   25.4s | sps  1651] ret_mean=0.000 ep_len=500.0 pi_loss=0.001 v_loss=0.009 ent=0.611 kl=0.0056
[upd   83 | steps   42496 | t   25.6s | sps  1662] ret_mean=0.500 ep_len=500.0 pi_loss=-0.002 v_loss=0.849 ent=0.854 kl=0.0070
[upd   84 | steps   43008 | t   25.7s | sps  1671] ret_mean=29.000 ep_len=500.0 pi_loss=0.000 v_loss=0.122 ent=0.601 kl=0.0030
[upd   85 | steps   43520 | t   25.9s | sps  1679] ret_mean=20.500 ep_len=500.0 pi_loss=-0.006 v_loss=0.972 ent=0.437 kl=-0.0018
[upd   86 | steps   44032 | t   26.1s | sps  1687] ret_mean=0.000 ep_len=500.0 pi_loss=-0.001 v_loss=0.182 ent=0.457 kl=-0.0001
[upd   87 | steps   44544 | t   26.3s | sps  1696] ret_mean=65.000 ep_len=500.0 pi_loss=-0.000 v_loss=3.027 ent=0.462 kl=0.0024
[upd   88 | steps   45056 | t   26.4s | sps  1705] ret_mean=0.000 ep_len=500.0 pi_loss=-0.008 v_loss=0.007 ent=0.819 kl=0.0140
[upd   89 | steps   45568 | t   26.6s | sps  1715] ret_mean=0.000 ep_len=500.0 pi_loss=-0.003 v_loss=0.944 ent=0.667 kl=0.0059
[upd   90 | steps   46080 | t   26.7s | sps  1724] ret_mean=23.000 ep_len=500.0 pi_loss=-0.005 v_loss=0.012 ent=0.539 kl=0.0047
[upd   91 | steps   46592 | t   26.9s | sps  1733] ret_mean=0.000 ep_len=500.0 pi_loss=-0.006 v_loss=0.005 ent=0.681 kl=0.0031
[upd   92 | steps   47104 | t   27.0s | sps  1742] ret_mean=54.500 ep_len=500.0 pi_loss=-0.004 v_loss=2.881 ent=0.443 kl=0.0148
[upd   93 | steps   47616 | t   27.2s | sps  1751] ret_mean=7.500 ep_len=500.0 pi_loss=-0.001 v_loss=0.228 ent=0.578 kl=0.0070
[upd   94 | steps   48128 | t   27.4s | sps  1759] ret_mean=0.000 ep_len=500.0 pi_loss=-0.003 v_loss=0.023 ent=0.985 kl=0.0067
[upd   95 | steps   48640 | t   27.5s | sps  1768] ret_mean=48.000 ep_len=500.0 pi_loss=-0.001 v_loss=2.345 ent=0.723 kl=0.0040
[upd   96 | steps   49152 | t   27.7s | sps  1776] ret_mean=4.000 ep_len=500.0 pi_loss=-0.002 v_loss=0.109 ent=1.032 kl=0.0082
[upd   97 | steps   49664 | t   27.8s | sps  1785] ret_mean=0.000 ep_len=500.0 pi_loss=-0.009 v_loss=0.011 ent=0.927 kl=0.0162
[upd   98 | steps   50176 | t   28.0s | sps  1793] ret_mean=0.000 ep_len=500.0 pi_loss=-0.004 v_loss=1.319 ent=0.826 kl=0.0064
[upd   99 | steps   50688 | t   28.1s | sps  1802] ret_mean=28.500 ep_len=500.0 pi_loss=-0.001 v_loss=0.007 ent=1.013 kl=0.0044
[upd  100 | steps   51200 | t   28.3s | sps  1810] ret_mean=0.000 ep_len=500.0 pi_loss=-0.006 v_loss=3.642 ent=0.815 kl=0.0017
        [eval] ret_mean=4.167 ep_len=500.0
[upd  101 | steps   51712 | t   31.9s | sps  1621] ret_mean=0.000 ep_len=500.0 pi_loss=-0.003 v_loss=0.006 ent=1.097 kl=0.0126
[upd  102 | steps   52224 | t   32.1s | sps  1628] ret_mean=8.500 ep_len=500.0 pi_loss=-0.013 v_loss=0.191 ent=1.035 kl=0.0129
[upd  103 | steps   52736 | t   32.3s | sps  1634] ret_mean=0.000 ep_len=500.0 pi_loss=-0.009 v_loss=0.003 ent=0.919 kl=0.0125
[upd  104 | steps   53248 | t   32.5s | sps  1641] ret_mean=4.500 ep_len=500.0 pi_loss=-0.005 v_loss=0.111 ent=0.701 kl=0.0073
[upd  105 | steps   53760 | t   32.7s | sps  1645] ret_mean=15.500 ep_len=500.0 pi_loss=-0.000 v_loss=0.679 ent=0.620 kl=0.0051
[upd  106 | steps   54272 | t   32.9s | sps  1651] ret_mean=49.000 ep_len=500.0 pi_loss=-0.003 v_loss=2.011 ent=0.753 kl=0.0049
[upd  107 | steps   54784 | t   33.0s | sps  1658] ret_mean=5.000 ep_len=500.0 pi_loss=-0.003 v_loss=0.123 ent=0.885 kl=0.0069
[upd  108 | steps   55296 | t   33.2s | sps  1666] ret_mean=1.500 ep_len=500.0 pi_loss=-0.004 v_loss=0.035 ent=0.575 kl=0.0013
[upd  109 | steps   55808 | t   33.3s | sps  1673] ret_mean=10.000 ep_len=500.0 pi_loss=-0.005 v_loss=1.217 ent=0.660 kl=0.0117
[upd  110 | steps   56320 | t   33.5s | sps  1680] ret_mean=52.000 ep_len=500.0 pi_loss=-0.003 v_loss=0.904 ent=0.981 kl=0.0120
[upd  111 | steps   56832 | t   33.7s | sps  1688] ret_mean=10.500 ep_len=500.0 pi_loss=-0.004 v_loss=0.310 ent=0.879 kl=0.0087
[upd  112 | steps   57344 | t   33.8s | sps  1695] ret_mean=0.000 ep_len=500.0 pi_loss=-0.004 v_loss=1.019 ent=0.417 kl=0.0049
[upd  113 | steps   57856 | t   34.0s | sps  1703] ret_mean=26.000 ep_len=500.0 pi_loss=-0.005 v_loss=0.723 ent=0.859 kl=0.0039
[upd  114 | steps   58368 | t   34.2s | sps  1709] ret_mean=18.500 ep_len=500.0 pi_loss=-0.008 v_loss=0.022 ent=0.855 kl=0.0151
[upd  115 | steps   58880 | t   34.3s | sps  1715] ret_mean=0.000 ep_len=500.0 pi_loss=-0.003 v_loss=0.011 ent=0.874 kl=-0.0017
[upd  116 | steps   59392 | t   34.5s | sps  1721] ret_mean=0.000 ep_len=500.0 pi_loss=-0.008 v_loss=0.009 ent=0.744 kl=0.0004
[upd  117 | steps   59904 | t   34.7s | sps  1727] ret_mean=0.000 ep_len=500.0 pi_loss=-0.004 v_loss=0.697 ent=0.657 kl=0.0152
[upd  118 | steps   60416 | t   34.9s | sps  1731] ret_mean=16.000 ep_len=500.0 pi_loss=-0.004 v_loss=1.539 ent=0.946 kl=0.0048
[upd  119 | steps   60928 | t   35.1s | sps  1738] ret_mean=32.000 ep_len=500.0 pi_loss=-0.006 v_loss=1.839 ent=0.657 kl=0.0071
[upd  120 | steps   61440 | t   35.2s | sps  1744] ret_mean=89.500 ep_len=500.0 pi_loss=-0.005 v_loss=2.638 ent=0.587 kl=0.0057
[upd  121 | steps   61952 | t   35.4s | sps  1751] ret_mean=56.500 ep_len=500.0 pi_loss=-0.003 v_loss=1.440 ent=0.742 kl=0.0115
[upd  122 | steps   62464 | t   35.5s | sps  1757] ret_mean=0.000 ep_len=500.0 pi_loss=-0.007 v_loss=0.407 ent=0.834 kl=0.0143
[upd  123 | steps   62976 | t   35.7s | sps  1763] ret_mean=20.500 ep_len=500.0 pi_loss=-0.006 v_loss=0.309 ent=0.902 kl=0.0130
[upd  124 | steps   63488 | t   35.9s | sps  1770] ret_mean=0.000 ep_len=500.0 pi_loss=-0.007 v_loss=0.007 ent=0.698 kl=0.0085
[upd  125 | steps   64000 | t   36.0s | sps  1775] ret_mean=0.000 ep_len=500.0 pi_loss=-0.006 v_loss=0.703 ent=0.838 kl=-0.0033
        [eval] ret_mean=9.550 ep_len=500.0
[upd  126 | steps   64512 | t   40.0s | sps  1613] ret_mean=20.500 ep_len=500.0 pi_loss=-0.003 v_loss=0.713 ent=0.544 kl=0.0055
[upd  127 | steps   65024 | t   40.2s | sps  1617] ret_mean=0.000 ep_len=500.0 pi_loss=-0.010 v_loss=0.012 ent=0.784 kl=0.0081
[upd  128 | steps   65536 | t   40.4s | sps  1623] ret_mean=63.000 ep_len=500.0 pi_loss=-0.008 v_loss=3.112 ent=0.439 kl=0.0200
[upd  129 | steps   66048 | t   40.6s | sps  1628] ret_mean=0.000 ep_len=500.0 pi_loss=-0.004 v_loss=0.149 ent=0.571 kl=-0.0029
[upd  130 | steps   66560 | t   40.7s | sps  1634] ret_mean=72.500 ep_len=500.0 pi_loss=-0.001 v_loss=3.414 ent=0.182 kl=0.0071
[upd  131 | steps   67072 | t   40.9s | sps  1640] ret_mean=0.000 ep_len=500.0 pi_loss=-0.009 v_loss=0.012 ent=0.862 kl=0.0039
[upd  132 | steps   67584 | t   41.0s | sps  1647] ret_mean=48.000 ep_len=500.0 pi_loss=-0.003 v_loss=2.217 ent=0.507 kl=0.0061
[upd  133 | steps   68096 | t   41.3s | sps  1650] ret_mean=0.000 ep_len=500.0 pi_loss=-0.002 v_loss=0.017 ent=0.690 kl=0.0054
[upd  134 | steps   68608 | t   41.5s | sps  1652] ret_mean=74.500 ep_len=500.0 pi_loss=-0.004 v_loss=4.635 ent=0.264 kl=0.0021
[upd  135 | steps   69120 | t   41.8s | sps  1655] ret_mean=62.000 ep_len=500.0 pi_loss=-0.003 v_loss=1.395 ent=0.316 kl=0.0050
[upd  136 | steps   69632 | t   42.0s | sps  1659] ret_mean=80.500 ep_len=500.0 pi_loss=-0.004 v_loss=4.084 ent=0.309 kl=0.0095
[upd  137 | steps   70144 | t   42.2s | sps  1663] ret_mean=0.000 ep_len=500.0 pi_loss=-0.007 v_loss=0.019 ent=0.979 kl=0.0094
[upd  138 | steps   70656 | t   42.4s | sps  1668] ret_mean=50.000 ep_len=500.0 pi_loss=-0.000 v_loss=4.028 ent=0.178 kl=-0.0007
[upd  139 | steps   71168 | t   42.5s | sps  1673] ret_mean=43.000 ep_len=500.0 pi_loss=-0.005 v_loss=0.038 ent=0.555 kl=0.0004
[upd  140 | steps   71680 | t   42.7s | sps  1679] ret_mean=0.000 ep_len=500.0 pi_loss=-0.004 v_loss=0.019 ent=0.711 kl=0.0042
[upd  141 | steps   72192 | t   42.9s | sps  1684] ret_mean=0.000 ep_len=500.0 pi_loss=-0.010 v_loss=0.006 ent=0.910 kl=0.0062
[upd  142 | steps   72704 | t   43.0s | sps  1690] ret_mean=0.000 ep_len=500.0 pi_loss=-0.009 v_loss=0.013 ent=0.859 kl=-0.0019
[upd  143 | steps   73216 | t   43.2s | sps  1696] ret_mean=2.500 ep_len=500.0 pi_loss=-0.006 v_loss=0.037 ent=0.980 kl=0.0069
[upd  144 | steps   73728 | t   43.3s | sps  1702] ret_mean=0.000 ep_len=500.0 pi_loss=-0.007 v_loss=0.005 ent=0.900 kl=0.0056
[upd  145 | steps   74240 | t   43.5s | sps  1708] ret_mean=0.000 ep_len=500.0 pi_loss=-0.004 v_loss=3.088 ent=0.419 kl=0.0017
[upd  146 | steps   74752 | t   43.6s | sps  1714] ret_mean=124.500 ep_len=500.0 pi_loss=-0.004 v_loss=3.224 ent=0.362 kl=0.0124
[upd  147 | steps   75264 | t   43.8s | sps  1719] ret_mean=48.500 ep_len=500.0 pi_loss=-0.011 v_loss=2.993 ent=0.366 kl=0.0304
[upd  148 | steps   75776 | t   43.9s | sps  1725] ret_mean=70.500 ep_len=500.0 pi_loss=-0.007 v_loss=2.581 ent=0.667 kl=0.0186
[upd  149 | steps   76288 | t   44.1s | sps  1731] ret_mean=0.000 ep_len=500.0 pi_loss=-0.006 v_loss=3.135 ent=0.747 kl=0.0092
[upd  150 | steps   76800 | t   44.2s | sps  1736] ret_mean=59.000 ep_len=500.0 pi_loss=-0.009 v_loss=0.005 ent=0.994 kl=0.0074
        [eval] ret_mean=11.417 ep_len=500.0
[upd  151 | steps   77312 | t   48.1s | sps  1607] ret_mean=48.500 ep_len=500.0 pi_loss=-0.006 v_loss=2.521 ent=0.434 kl=0.0134
[upd  152 | steps   77824 | t   48.2s | sps  1613] ret_mean=94.500 ep_len=500.0 pi_loss=-0.004 v_loss=5.051 ent=0.588 kl=0.0048
[upd  153 | steps   78336 | t   48.4s | sps  1619] ret_mean=60.000 ep_len=500.0 pi_loss=-0.007 v_loss=2.994 ent=0.808 kl=0.0138
[upd  154 | steps   78848 | t   48.5s | sps  1624] ret_mean=0.000 ep_len=500.0 pi_loss=-0.009 v_loss=0.354 ent=0.662 kl=0.0008
[upd  155 | steps   79360 | t   48.7s | sps  1630] ret_mean=77.000 ep_len=500.0 pi_loss=-0.005 v_loss=3.371 ent=0.698 kl=0.0075
[upd  156 | steps   79872 | t   48.9s | sps  1635] ret_mean=49.000 ep_len=500.0 pi_loss=-0.005 v_loss=1.479 ent=0.697 kl=0.0070
[upd  157 | steps   80384 | t   49.0s | sps  1640] ret_mean=39.500 ep_len=500.0 pi_loss=-0.006 v_loss=2.018 ent=0.696 kl=0.0024
[upd  158 | steps   80896 | t   49.2s | sps  1646] ret_mean=8.500 ep_len=500.0 pi_loss=-0.003 v_loss=2.942 ent=0.512 kl=0.0054
[upd  159 | steps   81408 | t   49.3s | sps  1651] ret_mean=170.500 ep_len=500.0 pi_loss=-0.002 v_loss=12.003 ent=0.350 kl=0.0049
[upd  160 | steps   81920 | t   49.4s | sps  1657] ret_mean=42.500 ep_len=500.0 pi_loss=-0.007 v_loss=2.240 ent=0.571 kl=0.0048
[upd  161 | steps   82432 | t   49.6s | sps  1662] ret_mean=120.000 ep_len=500.0 pi_loss=-0.004 v_loss=7.929 ent=0.321 kl=0.0008
[upd  162 | steps   82944 | t   49.8s | sps  1666] ret_mean=101.500 ep_len=500.0 pi_loss=-0.005 v_loss=4.275 ent=0.498 kl=0.0038
[upd  163 | steps   83456 | t   49.9s | sps  1672] ret_mean=0.000 ep_len=500.0 pi_loss=-0.004 v_loss=6.647 ent=0.777 kl=0.0140
[upd  164 | steps   83968 | t   50.1s | sps  1677] ret_mean=183.000 ep_len=500.0 pi_loss=-0.004 v_loss=5.417 ent=0.389 kl=0.0067
[upd  165 | steps   84480 | t   50.2s | sps  1682] ret_mean=0.000 ep_len=500.0 pi_loss=-0.007 v_loss=0.058 ent=1.021 kl=0.0044
[upd  166 | steps   84992 | t   50.4s | sps  1686] ret_mean=0.000 ep_len=500.0 pi_loss=-0.006 v_loss=1.562 ent=0.876 kl=0.0034
[upd  167 | steps   85504 | t   50.6s | sps  1691] ret_mean=111.000 ep_len=500.0 pi_loss=-0.011 v_loss=3.177 ent=0.674 kl=0.0080
[upd  168 | steps   86016 | t   50.7s | sps  1696] ret_mean=26.500 ep_len=500.0 pi_loss=-0.006 v_loss=2.107 ent=0.963 kl=0.0053
[upd  169 | steps   86528 | t   50.9s | sps  1701] ret_mean=28.000 ep_len=500.0 pi_loss=-0.009 v_loss=0.214 ent=1.010 kl=-0.0017
[upd  170 | steps   87040 | t   51.0s | sps  1706] ret_mean=6.000 ep_len=500.0 pi_loss=-0.010 v_loss=0.063 ent=0.866 kl=0.0116
[upd  171 | steps   87552 | t   51.2s | sps  1709] ret_mean=0.000 ep_len=500.0 pi_loss=-0.004 v_loss=2.663 ent=0.387 kl=0.0005
[upd  172 | steps   88064 | t   51.4s | sps  1714] ret_mean=114.500 ep_len=500.0 pi_loss=-0.019 v_loss=3.311 ent=0.559 kl=0.0286
[upd  173 | steps   88576 | t   51.5s | sps  1719] ret_mean=36.500 ep_len=500.0 pi_loss=-0.003 v_loss=0.578 ent=1.097 kl=0.0033
[upd  174 | steps   89088 | t   51.7s | sps  1724] ret_mean=0.000 ep_len=500.0 pi_loss=-0.007 v_loss=0.093 ent=1.130 kl=0.0159
[upd  175 | steps   89600 | t   51.8s | sps  1729] ret_mean=0.000 ep_len=500.0 pi_loss=-0.010 v_loss=0.068 ent=1.140 kl=0.0065
        [eval] ret_mean=8.300 ep_len=500.0
[upd  176 | steps   90112 | t   55.7s | sps  1617] ret_mean=148.500 ep_len=500.0 pi_loss=-0.002 v_loss=9.588 ent=0.350 kl=0.0062
[upd  177 | steps   90624 | t   55.9s | sps  1622] ret_mean=0.000 ep_len=500.0 pi_loss=-0.011 v_loss=0.141 ent=1.227 kl=0.0091
[upd  178 | steps   91136 | t   56.0s | sps  1626] ret_mean=56.500 ep_len=500.0 pi_loss=-0.005 v_loss=2.483 ent=1.092 kl=0.0083
[upd  179 | steps   91648 | t   56.2s | sps  1631] ret_mean=171.000 ep_len=500.0 pi_loss=-0.010 v_loss=10.647 ent=0.212 kl=0.0203
[upd  180 | steps   92160 | t   56.4s | sps  1635] ret_mean=0.000 ep_len=500.0 pi_loss=-0.009 v_loss=0.258 ent=1.259 kl=0.0022
[upd  181 | steps   92672 | t   56.5s | sps  1640] ret_mean=86.500 ep_len=500.0 pi_loss=-0.007 v_loss=3.415 ent=0.678 kl=0.0059
[upd  182 | steps   93184 | t   56.7s | sps  1645] ret_mean=112.000 ep_len=500.0 pi_loss=-0.007 v_loss=3.659 ent=0.449 kl=0.0088
[upd  183 | steps   93696 | t   56.8s | sps  1649] ret_mean=0.000 ep_len=500.0 pi_loss=-0.007 v_loss=0.068 ent=0.898 kl=0.0305
[upd  184 | steps   94208 | t   57.0s | sps  1654] ret_mean=0.000 ep_len=500.0 pi_loss=-0.004 v_loss=0.746 ent=0.971 kl=-0.0009
[upd  185 | steps   94720 | t   57.1s | sps  1659] ret_mean=70.500 ep_len=500.0 pi_loss=-0.008 v_loss=2.395 ent=0.480 kl=-0.0028
[upd  186 | steps   95232 | t   57.3s | sps  1662] ret_mean=39.000 ep_len=500.0 pi_loss=-0.006 v_loss=3.520 ent=1.052 kl=0.0097
[upd  187 | steps   95744 | t   57.5s | sps  1666] ret_mean=178.000 ep_len=500.0 pi_loss=-0.006 v_loss=9.393 ent=0.186 kl=0.0068
[upd  188 | steps   96256 | t   57.6s | sps  1670] ret_mean=102.500 ep_len=500.0 pi_loss=-0.008 v_loss=3.538 ent=0.505 kl=0.0154
[upd  189 | steps   96768 | t   57.8s | sps  1674] ret_mean=0.000 ep_len=500.0 pi_loss=-0.004 v_loss=0.116 ent=0.847 kl=0.0055
[upd  190 | steps   97280 | t   58.0s | sps  1678] ret_mean=0.000 ep_len=500.0 pi_loss=-0.007 v_loss=0.259 ent=1.105 kl=0.0127
[upd  191 | steps   97792 | t   58.1s | sps  1683] ret_mean=75.500 ep_len=500.0 pi_loss=-0.013 v_loss=3.162 ent=0.653 kl=0.0224
[upd  192 | steps   98304 | t   58.3s | sps  1687] ret_mean=6.000 ep_len=500.0 pi_loss=-0.017 v_loss=0.119 ent=1.295 kl=0.0159
[upd  193 | steps   98816 | t   58.4s | sps  1691] ret_mean=0.000 ep_len=500.0 pi_loss=-0.005 v_loss=0.066 ent=1.314 kl=0.0178
[upd  194 | steps   99328 | t   58.6s | sps  1695] ret_mean=55.000 ep_len=500.0 pi_loss=-0.002 v_loss=4.756 ent=0.526 kl=0.0018
[upd  195 | steps   99840 | t   58.7s | sps  1700] ret_mean=49.500 ep_len=500.0 pi_loss=-0.007 v_loss=2.299 ent=0.986 kl=0.0022
[upd  196 | steps  100352 | t   58.9s | sps  1704] ret_mean=55.500 ep_len=500.0 pi_loss=-0.007 v_loss=0.874 ent=1.101 kl=0.0025
[upd  197 | steps  100864 | t   59.0s | sps  1708] ret_mean=22.500 ep_len=500.0 pi_loss=-0.005 v_loss=1.782 ent=1.004 kl=0.0033
[upd  198 | steps  101376 | t   59.2s | sps  1713] ret_mean=59.500 ep_len=500.0 pi_loss=-0.008 v_loss=0.580 ent=0.978 kl=0.0080
[upd  199 | steps  101888 | t   59.3s | sps  1717] ret_mean=60.000 ep_len=500.0 pi_loss=-0.005 v_loss=5.323 ent=0.343 kl=0.0202
[upd  200 | steps  102400 | t   59.5s | sps  1721] ret_mean=73.000 ep_len=500.0 pi_loss=-0.005 v_loss=0.124 ent=0.892 kl=0.0014
        [eval] ret_mean=4.167 ep_len=500.0
[upd  201 | steps  102912 | t   63.2s | sps  1629] ret_mean=190.500 ep_len=500.0 pi_loss=-0.012 v_loss=14.982 ent=0.204 kl=0.0329
[upd  202 | steps  103424 | t   63.3s | sps  1633] ret_mean=0.000 ep_len=500.0 pi_loss=-0.008 v_loss=0.092 ent=1.059 kl=0.0125
[upd  203 | steps  103936 | t   63.5s | sps  1637] ret_mean=5.000 ep_len=500.0 pi_loss=-0.004 v_loss=0.106 ent=1.087 kl=0.0131
[upd  204 | steps  104448 | t   63.6s | sps  1641] ret_mean=139.500 ep_len=500.0 pi_loss=-0.004 v_loss=9.356 ent=0.240 kl=0.0032
[upd  205 | steps  104960 | t   63.8s | sps  1645] ret_mean=14.500 ep_len=500.0 pi_loss=-0.005 v_loss=0.137 ent=1.085 kl=0.0199
[upd  206 | steps  105472 | t   64.0s | sps  1649] ret_mean=70.000 ep_len=500.0 pi_loss=-0.005 v_loss=2.788 ent=0.641 kl=0.0046
[upd  207 | steps  105984 | t   64.1s | sps  1653] ret_mean=44.500 ep_len=500.0 pi_loss=-0.006 v_loss=1.968 ent=0.759 kl=0.0119
[upd  208 | steps  106496 | t   64.3s | sps  1657] ret_mean=68.500 ep_len=500.0 pi_loss=-0.009 v_loss=3.337 ent=0.687 kl=0.0083
[upd  209 | steps  107008 | t   64.4s | sps  1661] ret_mean=46.000 ep_len=500.0 pi_loss=-0.008 v_loss=1.458 ent=0.956 kl=0.0060
[upd  210 | steps  107520 | t   64.6s | sps  1665] ret_mean=0.000 ep_len=500.0 pi_loss=-0.006 v_loss=1.310 ent=1.058 kl=0.0060
[upd  211 | steps  108032 | t   64.7s | sps  1670] ret_mean=146.500 ep_len=500.0 pi_loss=-0.007 v_loss=7.100 ent=0.352 kl=0.0142
[upd  212 | steps  108544 | t   64.9s | sps  1674] ret_mean=0.000 ep_len=500.0 pi_loss=-0.006 v_loss=0.046 ent=1.039 kl=0.0123
[upd  213 | steps  109056 | t   65.0s | sps  1678] ret_mean=0.000 ep_len=500.0 pi_loss=-0.010 v_loss=0.123 ent=1.074 kl=0.0135
[upd  214 | steps  109568 | t   65.2s | sps  1681] ret_mean=62.000 ep_len=500.0 pi_loss=-0.007 v_loss=2.886 ent=0.633 kl=0.0194
[upd  215 | steps  110080 | t   65.3s | sps  1685] ret_mean=0.000 ep_len=500.0 pi_loss=-0.005 v_loss=0.028 ent=1.072 kl=0.0052
[upd  216 | steps  110592 | t   65.5s | sps  1689] ret_mean=0.000 ep_len=500.0 pi_loss=-0.008 v_loss=0.065 ent=1.186 kl=0.0097
[upd  217 | steps  111104 | t   65.6s | sps  1693] ret_mean=29.000 ep_len=500.0 pi_loss=-0.006 v_loss=1.834 ent=0.806 kl=0.0095
[upd  218 | steps  111616 | t   65.8s | sps  1697] ret_mean=21.000 ep_len=500.0 pi_loss=-0.012 v_loss=1.827 ent=1.038 kl=0.0100
[upd  219 | steps  112128 | t   65.9s | sps  1701] ret_mean=69.000 ep_len=500.0 pi_loss=-0.007 v_loss=0.647 ent=1.067 kl=0.0085
[upd  220 | steps  112640 | t   66.1s | sps  1705] ret_mean=0.000 ep_len=500.0 pi_loss=-0.007 v_loss=5.591 ent=0.864 kl=0.0080
[upd  221 | steps  113152 | t   66.2s | sps  1709] ret_mean=97.500 ep_len=500.0 pi_loss=-0.003 v_loss=0.668 ent=1.002 kl=0.0075
[upd  222 | steps  113664 | t   66.4s | sps  1713] ret_mean=0.000 ep_len=500.0 pi_loss=-0.008 v_loss=0.050 ent=1.186 kl=0.0120
[upd  223 | steps  114176 | t   66.5s | sps  1716] ret_mean=0.000 ep_len=500.0 pi_loss=-0.006 v_loss=0.028 ent=1.197 kl=0.0052
[upd  224 | steps  114688 | t   66.7s | sps  1720] ret_mean=0.000 ep_len=500.0 pi_loss=-0.004 v_loss=6.777 ent=0.800 kl=0.0094
[upd  225 | steps  115200 | t   66.8s | sps  1724] ret_mean=156.000 ep_len=500.0 pi_loss=-0.009 v_loss=3.268 ent=0.661 kl=0.0288
        [eval] ret_mean=8.317 ep_len=500.0
[upd  226 | steps  115712 | t   70.7s | sps  1637] ret_mean=65.500 ep_len=500.0 pi_loss=-0.004 v_loss=3.009 ent=0.920 kl=0.0035
[upd  227 | steps  116224 | t   70.8s | sps  1641] ret_mean=0.000 ep_len=500.0 pi_loss=-0.005 v_loss=0.117 ent=1.195 kl=0.0049
[upd  228 | steps  116736 | t   71.0s | sps  1644] ret_mean=151.500 ep_len=500.0 pi_loss=-0.006 v_loss=8.711 ent=0.260 kl=0.0064
[upd  229 | steps  117248 | t   71.2s | sps  1648] ret_mean=102.500 ep_len=500.0 pi_loss=-0.006 v_loss=4.840 ent=0.502 kl=0.0048
[upd  230 | steps  117760 | t   71.3s | sps  1651] ret_mean=98.000 ep_len=500.0 pi_loss=-0.005 v_loss=4.621 ent=0.471 kl=0.0010
[upd  231 | steps  118272 | t   71.5s | sps  1655] ret_mean=120.000 ep_len=500.0 pi_loss=-0.003 v_loss=4.996 ent=0.286 kl=0.0027
[upd  232 | steps  118784 | t   71.6s | sps  1658] ret_mean=129.000 ep_len=500.0 pi_loss=-0.003 v_loss=5.253 ent=0.388 kl=0.0020
[upd  233 | steps  119296 | t   71.8s | sps  1661] ret_mean=47.000 ep_len=500.0 pi_loss=-0.002 v_loss=1.724 ent=0.991 kl=0.0014
[upd  234 | steps  119808 | t   72.0s | sps  1664] ret_mean=162.000 ep_len=500.0 pi_loss=-0.010 v_loss=8.758 ent=0.280 kl=0.0093
[upd  235 | steps  120320 | t   72.2s | sps  1667] ret_mean=54.000 ep_len=500.0 pi_loss=-0.011 v_loss=2.236 ent=0.751 kl=0.0248
[upd  236 | steps  120832 | t   72.4s | sps  1670] ret_mean=15.000 ep_len=500.0 pi_loss=-0.005 v_loss=0.703 ent=1.075 kl=0.0094
[upd  237 | steps  121344 | t   72.5s | sps  1673] ret_mean=0.000 ep_len=500.0 pi_loss=-0.010 v_loss=0.817 ent=1.046 kl=0.0034
[upd  238 | steps  121856 | t   72.7s | sps  1677] ret_mean=60.000 ep_len=500.0 pi_loss=-0.005 v_loss=2.628 ent=0.825 kl=0.0071
[upd  239 | steps  122368 | t   72.8s | sps  1680] ret_mean=119.500 ep_len=500.0 pi_loss=-0.003 v_loss=2.955 ent=0.556 kl=0.0031
[upd  240 | steps  122880 | t   73.0s | sps  1683] ret_mean=61.500 ep_len=500.0 pi_loss=-0.003 v_loss=4.111 ent=0.490 kl=0.0014
[upd  241 | steps  123392 | t   73.2s | sps  1687] ret_mean=39.000 ep_len=500.0 pi_loss=-0.009 v_loss=1.506 ent=0.915 kl=0.0227
[upd  242 | steps  123904 | t   73.3s | sps  1690] ret_mean=57.500 ep_len=500.0 pi_loss=-0.009 v_loss=4.487 ent=0.833 kl=0.0010
[upd  243 | steps  124416 | t   73.5s | sps  1694] ret_mean=156.000 ep_len=500.0 pi_loss=-0.007 v_loss=3.862 ent=0.444 kl=0.0077
[upd  244 | steps  124928 | t   73.6s | sps  1697] ret_mean=52.500 ep_len=500.0 pi_loss=-0.006 v_loss=0.946 ent=1.096 kl=0.0057
[upd  245 | steps  125440 | t   73.8s | sps  1700] ret_mean=2.000 ep_len=500.0 pi_loss=-0.005 v_loss=1.381 ent=1.005 kl=0.0059
[upd  246 | steps  125952 | t   73.9s | sps  1704] ret_mean=53.000 ep_len=500.0 pi_loss=-0.005 v_loss=1.922 ent=0.941 kl=0.0104
[upd  247 | steps  126464 | t   74.1s | sps  1707] ret_mean=43.000 ep_len=500.0 pi_loss=-0.005 v_loss=0.763 ent=0.980 kl=0.0037
[upd  248 | steps  126976 | t   74.2s | sps  1711] ret_mean=73.500 ep_len=500.0 pi_loss=-0.007 v_loss=1.701 ent=0.697 kl=0.0095
[upd  249 | steps  127488 | t   74.4s | sps  1714] ret_mean=0.000 ep_len=500.0 pi_loss=-0.008 v_loss=0.426 ent=1.079 kl=0.0070
[upd  250 | steps  128000 | t   74.5s | sps  1718] ret_mean=4.500 ep_len=500.0 pi_loss=-0.008 v_loss=0.644 ent=0.922 kl=0.0064
        [eval] ret_mean=21.367 ep_len=500.0
[upd  251 | steps  128512 | t   78.0s | sps  1647] ret_mean=56.500 ep_len=500.0 pi_loss=-0.005 v_loss=1.830 ent=0.823 kl=0.0062
[upd  252 | steps  129024 | t   78.2s | sps  1650] ret_mean=107.000 ep_len=500.0 pi_loss=-0.001 v_loss=4.013 ent=0.343 kl=0.0107
[upd  253 | steps  129536 | t   78.3s | sps  1654] ret_mean=53.000 ep_len=500.0 pi_loss=-0.007 v_loss=2.100 ent=0.306 kl=0.0053
[upd  254 | steps  130048 | t   78.5s | sps  1657] ret_mean=115.000 ep_len=500.0 pi_loss=-0.004 v_loss=2.949 ent=0.232 kl=0.0034
[upd  255 | steps  130560 | t   78.6s | sps  1661] ret_mean=0.000 ep_len=500.0 pi_loss=-0.003 v_loss=0.203 ent=0.898 kl=0.0039
[upd  256 | steps  131072 | t   78.8s | sps  1664] ret_mean=0.000 ep_len=500.0 pi_loss=-0.005 v_loss=0.607 ent=0.859 kl=0.0026
[upd  257 | steps  131584 | t   78.9s | sps  1668] ret_mean=74.000 ep_len=500.0 pi_loss=-0.001 v_loss=1.645 ent=0.205 kl=0.0015
[upd  258 | steps  132096 | t   79.0s | sps  1671] ret_mean=101.500 ep_len=500.0 pi_loss=-0.004 v_loss=4.189 ent=0.128 kl=0.0032
[upd  259 | steps  132608 | t   79.2s | sps  1674] ret_mean=116.000 ep_len=500.0 pi_loss=-0.011 v_loss=4.343 ent=0.284 kl=0.0096
[upd  260 | steps  133120 | t   79.3s | sps  1678] ret_mean=53.000 ep_len=500.0 pi_loss=-0.002 v_loss=1.084 ent=0.998 kl=0.0034
[upd  261 | steps  133632 | t   79.5s | sps  1681] ret_mean=35.000 ep_len=500.0 pi_loss=-0.007 v_loss=2.078 ent=0.843 kl=0.0006
[upd  262 | steps  134144 | t   79.6s | sps  1684] ret_mean=108.500 ep_len=500.0 pi_loss=-0.004 v_loss=7.384 ent=0.204 kl=0.0018
[upd  263 | steps  134656 | t   79.8s | sps  1688] ret_mean=175.000 ep_len=500.0 pi_loss=-0.003 v_loss=7.653 ent=0.173 kl=0.0135
[upd  264 | steps  135168 | t   79.9s | sps  1691] ret_mean=75.000 ep_len=500.0 pi_loss=-0.006 v_loss=1.165 ent=0.909 kl=0.0085
[upd  265 | steps  135680 | t   80.1s | sps  1694] ret_mean=0.000 ep_len=500.0 pi_loss=-0.004 v_loss=4.658 ent=0.791 kl=0.0023
[upd  266 | steps  136192 | t   80.2s | sps  1697] ret_mean=176.000 ep_len=500.0 pi_loss=-0.001 v_loss=5.057 ent=0.311 kl=0.0011
[upd  267 | steps  136704 | t   80.4s | sps  1700] ret_mean=77.000 ep_len=500.0 pi_loss=-0.007 v_loss=8.355 ent=0.149 kl=0.0026
[upd  268 | steps  137216 | t   80.6s | sps  1703] ret_mean=173.500 ep_len=500.0 pi_loss=-0.003 v_loss=4.614 ent=0.252 kl=0.0094
[upd  269 | steps  137728 | t   80.7s | sps  1706] ret_mean=123.500 ep_len=500.0 pi_loss=-0.005 v_loss=3.284 ent=0.300 kl=0.0053
[upd  270 | steps  138240 | t   80.9s | sps  1709] ret_mean=49.000 ep_len=500.0 pi_loss=-0.003 v_loss=1.298 ent=0.523 kl=0.0064
[upd  271 | steps  138752 | t   81.0s | sps  1713] ret_mean=50.500 ep_len=500.0 pi_loss=-0.002 v_loss=2.654 ent=0.353 kl=0.0032
[upd  272 | steps  139264 | t   81.2s | sps  1716] ret_mean=98.500 ep_len=500.0 pi_loss=-0.006 v_loss=2.983 ent=0.367 kl=0.0019
[upd  273 | steps  139776 | t   81.3s | sps  1719] ret_mean=67.000 ep_len=500.0 pi_loss=-0.002 v_loss=1.710 ent=0.602 kl=0.0064
[upd  274 | steps  140288 | t   81.5s | sps  1721] ret_mean=116.000 ep_len=500.0 pi_loss=-0.002 v_loss=9.839 ent=0.033 kl=-0.0011
[upd  275 | steps  140800 | t   81.7s | sps  1724] ret_mean=181.500 ep_len=500.0 pi_loss=-0.004 v_loss=3.129 ent=0.194 kl=0.0035
        [eval] ret_mean=12.500 ep_len=500.0
[upd  276 | steps  141312 | t   85.4s | sps  1655] ret_mean=0.000 ep_len=500.0 pi_loss=-0.002 v_loss=0.713 ent=0.349 kl=-0.0017
[upd  277 | steps  141824 | t   85.5s | sps  1658] ret_mean=70.000 ep_len=500.0 pi_loss=-0.010 v_loss=2.702 ent=0.470 kl=0.0073
[upd  278 | steps  142336 | t   85.7s | sps  1661] ret_mean=181.000 ep_len=500.0 pi_loss=-0.007 v_loss=8.559 ent=0.143 kl=0.0034
[upd  279 | steps  142848 | t   85.8s | sps  1664] ret_mean=164.000 ep_len=500.0 pi_loss=-0.001 v_loss=8.219 ent=0.056 kl=0.0013
[upd  280 | steps  143360 | t   86.0s | sps  1667] ret_mean=151.000 ep_len=500.0 pi_loss=-0.002 v_loss=4.651 ent=0.169 kl=0.0037
[upd  281 | steps  143872 | t   86.1s | sps  1670] ret_mean=49.500 ep_len=500.0 pi_loss=-0.004 v_loss=2.513 ent=0.525 kl=0.0121
[upd  282 | steps  144384 | t   86.3s | sps  1673] ret_mean=37.000 ep_len=500.0 pi_loss=-0.007 v_loss=1.805 ent=0.546 kl=0.0110
[upd  283 | steps  144896 | t   86.4s | sps  1676] ret_mean=19.000 ep_len=500.0 pi_loss=-0.007 v_loss=1.143 ent=0.834 kl=0.0012
[upd  284 | steps  145408 | t   86.6s | sps  1679] ret_mean=110.500 ep_len=500.0 pi_loss=-0.006 v_loss=5.930 ent=0.220 kl=-0.0029
[upd  285 | steps  145920 | t   86.7s | sps  1682] ret_mean=186.000 ep_len=500.0 pi_loss=-0.001 v_loss=6.468 ent=0.123 kl=-0.0000
[upd  286 | steps  146432 | t   86.9s | sps  1686] ret_mean=66.000 ep_len=500.0 pi_loss=-0.005 v_loss=1.973 ent=0.154 kl=-0.0012
[upd  287 | steps  146944 | t   87.0s | sps  1689] ret_mean=47.500 ep_len=500.0 pi_loss=-0.006 v_loss=2.289 ent=0.515 kl=0.0072
[upd  288 | steps  147456 | t   87.2s | sps  1692] ret_mean=165.000 ep_len=500.0 pi_loss=-0.001 v_loss=5.567 ent=0.098 kl=-0.0017
[upd  289 | steps  147968 | t   87.3s | sps  1695] ret_mean=62.500 ep_len=500.0 pi_loss=-0.003 v_loss=1.603 ent=0.290 kl=0.0009
[upd  290 | steps  148480 | t   87.5s | sps  1698] ret_mean=48.000 ep_len=500.0 pi_loss=-0.007 v_loss=2.595 ent=0.311 kl=0.0081
[upd  291 | steps  148992 | t   87.6s | sps  1701] ret_mean=77.000 ep_len=500.0 pi_loss=-0.003 v_loss=1.605 ent=0.216 kl=0.0096
[upd  292 | steps  149504 | t   87.8s | sps  1703] ret_mean=0.000 ep_len=500.0 pi_loss=-0.004 v_loss=1.377 ent=0.311 kl=0.0046
[upd  293 | steps  150016 | t   87.9s | sps  1706] ret_mean=63.000 ep_len=500.0 pi_loss=-0.008 v_loss=1.853 ent=0.711 kl=0.0119
[upd  294 | steps  150528 | t   88.1s | sps  1709] ret_mean=82.000 ep_len=500.0 pi_loss=-0.009 v_loss=4.102 ent=0.531 kl=0.0103
[upd  295 | steps  151040 | t   88.2s | sps  1712] ret_mean=151.000 ep_len=500.0 pi_loss=-0.000 v_loss=5.157 ent=0.163 kl=0.0001
[upd  296 | steps  151552 | t   88.4s | sps  1714] ret_mean=132.500 ep_len=500.0 pi_loss=-0.009 v_loss=3.027 ent=0.189 kl=0.0092
[upd  297 | steps  152064 | t   88.6s | sps  1716] ret_mean=50.500 ep_len=500.0 pi_loss=-0.005 v_loss=1.137 ent=0.769 kl=0.0066
[upd  298 | steps  152576 | t   88.8s | sps  1719] ret_mean=0.000 ep_len=500.0 pi_loss=-0.004 v_loss=6.044 ent=0.570 kl=0.0079
[upd  299 | steps  153088 | t   88.9s | sps  1722] ret_mean=170.500 ep_len=500.0 pi_loss=-0.003 v_loss=7.515 ent=0.194 kl=0.0009
[upd  300 | steps  153600 | t   89.0s | sps  1725] ret_mean=149.000 ep_len=500.0 pi_loss=-0.001 v_loss=4.118 ent=0.149 kl=0.0016
        [eval] ret_mean=30.233 ep_len=500.0
[upd  301 | steps  154112 | t   93.0s | sps  1658] ret_mean=55.500 ep_len=500.0 pi_loss=-0.003 v_loss=1.794 ent=0.730 kl=-0.0019
[upd  302 | steps  154624 | t   93.2s | sps  1660] ret_mean=62.000 ep_len=500.0 pi_loss=-0.006 v_loss=2.252 ent=0.651 kl=-0.0006
[upd  303 | steps  155136 | t   93.3s | sps  1662] ret_mean=110.500 ep_len=500.0 pi_loss=-0.006 v_loss=3.074 ent=0.247 kl=0.0087
[upd  304 | steps  155648 | t   93.5s | sps  1665] ret_mean=147.000 ep_len=500.0 pi_loss=-0.005 v_loss=6.936 ent=0.208 kl=0.0075
[upd  305 | steps  156160 | t   93.6s | sps  1668] ret_mean=116.500 ep_len=500.0 pi_loss=-0.000 v_loss=2.873 ent=0.334 kl=0.0022
[upd  306 | steps  156672 | t   93.8s | sps  1670] ret_mean=83.000 ep_len=500.0 pi_loss=-0.007 v_loss=3.168 ent=0.608 kl=0.0126
[upd  307 | steps  157184 | t   94.0s | sps  1673] ret_mean=90.500 ep_len=500.0 pi_loss=-0.003 v_loss=3.646 ent=0.353 kl=0.0086
[upd  308 | steps  157696 | t   94.1s | sps  1675] ret_mean=45.500 ep_len=500.0 pi_loss=-0.005 v_loss=1.724 ent=0.836 kl=0.0035
[upd  309 | steps  158208 | t   94.3s | sps  1678] ret_mean=108.000 ep_len=500.0 pi_loss=-0.003 v_loss=7.540 ent=0.127 kl=-0.0000
[upd  310 | steps  158720 | t   94.4s | sps  1681] ret_mean=173.500 ep_len=500.0 pi_loss=-0.002 v_loss=5.663 ent=0.160 kl=0.0050
[upd  311 | steps  159232 | t   94.6s | sps  1683] ret_mean=47.000 ep_len=500.0 pi_loss=-0.012 v_loss=1.343 ent=1.048 kl=0.0104
[upd  312 | steps  159744 | t   94.8s | sps  1686] ret_mean=27.500 ep_len=500.0 pi_loss=-0.006 v_loss=2.279 ent=0.656 kl=0.0051
[upd  313 | steps  160256 | t   94.9s | sps  1688] ret_mean=61.000 ep_len=500.0 pi_loss=-0.007 v_loss=2.081 ent=0.796 kl=0.0076
[upd  314 | steps  160768 | t   95.1s | sps  1691] ret_mean=54.500 ep_len=500.0 pi_loss=-0.004 v_loss=1.674 ent=0.766 kl=0.0060
[upd  315 | steps  161280 | t   95.2s | sps  1693] ret_mean=111.500 ep_len=500.0 pi_loss=-0.008 v_loss=3.866 ent=0.136 kl=0.0259
[upd  316 | steps  161792 | t   95.4s | sps  1696] ret_mean=129.000 ep_len=500.0 pi_loss=-0.003 v_loss=7.183 ent=0.068 kl=-0.0029
[upd  317 | steps  162304 | t   95.6s | sps  1699] ret_mean=184.000 ep_len=500.0 pi_loss=-0.005 v_loss=6.452 ent=0.161 kl=0.0096
[upd  318 | steps  162816 | t   95.7s | sps  1701] ret_mean=72.000 ep_len=500.0 pi_loss=-0.009 v_loss=3.087 ent=0.399 kl=0.0037
[upd  319 | steps  163328 | t   95.9s | sps  1704] ret_mean=66.000 ep_len=500.0 pi_loss=-0.007 v_loss=1.616 ent=0.705 kl=0.0038
[upd  320 | steps  163840 | t   96.0s | sps  1706] ret_mean=7.000 ep_len=500.0 pi_loss=-0.005 v_loss=2.196 ent=0.501 kl=0.0045
[upd  321 | steps  164352 | t   96.2s | sps  1709] ret_mean=123.000 ep_len=500.0 pi_loss=-0.002 v_loss=6.769 ent=0.090 kl=0.0056
[upd  322 | steps  164864 | t   96.3s | sps  1711] ret_mean=189.000 ep_len=500.0 pi_loss=-0.008 v_loss=5.850 ent=0.217 kl=0.0121
[upd  323 | steps  165376 | t   96.5s | sps  1714] ret_mean=56.000 ep_len=500.0 pi_loss=-0.004 v_loss=1.635 ent=0.746 kl=-0.0000
[upd  324 | steps  165888 | t   96.7s | sps  1716] ret_mean=51.000 ep_len=500.0 pi_loss=-0.004 v_loss=3.035 ent=0.624 kl=0.0044
[upd  325 | steps  166400 | t   96.8s | sps  1719] ret_mean=82.000 ep_len=500.0 pi_loss=-0.004 v_loss=2.530 ent=0.328 kl=0.0062
        [eval] ret_mean=10.650 ep_len=500.0
[upd  326 | steps  166912 | t  100.7s | sps  1657] ret_mean=186.000 ep_len=500.0 pi_loss=-0.002 v_loss=9.001 ent=0.106 kl=0.0014
[upd  327 | steps  167424 | t  100.9s | sps  1660] ret_mean=109.000 ep_len=500.0 pi_loss=-0.007 v_loss=4.705 ent=0.310 kl=0.0085
[upd  328 | steps  167936 | t  101.0s | sps  1662] ret_mean=44.000 ep_len=500.0 pi_loss=-0.005 v_loss=1.839 ent=0.842 kl=0.0035
[upd  329 | steps  168448 | t  101.2s | sps  1665] ret_mean=161.000 ep_len=500.0 pi_loss=-0.005 v_loss=7.395 ent=0.198 kl=0.0043
[upd  330 | steps  168960 | t  101.3s | sps  1667] ret_mean=106.000 ep_len=500.0 pi_loss=-0.007 v_loss=2.736 ent=0.359 kl=0.0096
[upd  331 | steps  169472 | t  101.5s | sps  1670] ret_mean=95.000 ep_len=500.0 pi_loss=-0.011 v_loss=2.547 ent=0.538 kl=0.0125
[upd  332 | steps  169984 | t  101.6s | sps  1672] ret_mean=72.500 ep_len=500.0 pi_loss=-0.007 v_loss=2.512 ent=0.539 kl=0.0176
[upd  333 | steps  170496 | t  101.8s | sps  1675] ret_mean=146.000 ep_len=500.0 pi_loss=-0.002 v_loss=4.655 ent=0.149 kl=0.0013
[upd  334 | steps  171008 | t  101.9s | sps  1678] ret_mean=123.500 ep_len=500.0 pi_loss=-0.005 v_loss=2.519 ent=0.347 kl=0.0030
[upd  335 | steps  171520 | t  102.1s | sps  1680] ret_mean=63.500 ep_len=500.0 pi_loss=-0.005 v_loss=2.073 ent=0.591 kl=0.0031
[upd  336 | steps  172032 | t  102.2s | sps  1682] ret_mean=54.500 ep_len=500.0 pi_loss=-0.005 v_loss=3.416 ent=0.789 kl=0.0114
[upd  337 | steps  172544 | t  102.4s | sps  1685] ret_mean=164.000 ep_len=500.0 pi_loss=-0.002 v_loss=5.403 ent=0.283 kl=0.0045
[upd  338 | steps  173056 | t  102.5s | sps  1688] ret_mean=135.500 ep_len=500.0 pi_loss=-0.003 v_loss=5.105 ent=0.192 kl=-0.0013
[upd  339 | steps  173568 | t  102.7s | sps  1690] ret_mean=118.500 ep_len=500.0 pi_loss=-0.004 v_loss=5.698 ent=0.095 kl=0.0008
[upd  340 | steps  174080 | t  102.8s | sps  1693] ret_mean=161.500 ep_len=500.0 pi_loss=-0.008 v_loss=3.505 ent=0.399 kl=0.0291
[upd  341 | steps  174592 | t  103.0s | sps  1695] ret_mean=0.000 ep_len=500.0 pi_loss=-0.001 v_loss=1.062 ent=0.171 kl=0.0040
[upd  342 | steps  175104 | t  103.1s | sps  1698] ret_mean=125.000 ep_len=500.0 pi_loss=-0.004 v_loss=2.251 ent=0.340 kl=0.0009
[upd  343 | steps  175616 | t  103.3s | sps  1700] ret_mean=58.000 ep_len=500.0 pi_loss=-0.005 v_loss=2.310 ent=0.953 kl=0.0019
[upd  344 | steps  176128 | t  103.4s | sps  1703] ret_mean=94.000 ep_len=500.0 pi_loss=-0.001 v_loss=5.143 ent=0.206 kl=0.0015
[upd  345 | steps  176640 | t  103.6s | sps  1706] ret_mean=178.500 ep_len=500.0 pi_loss=-0.002 v_loss=4.647 ent=0.363 kl=0.0042
[upd  346 | steps  177152 | t  103.7s | sps  1708] ret_mean=116.000 ep_len=500.0 pi_loss=-0.003 v_loss=2.887 ent=0.595 kl=0.0103
[upd  347 | steps  177664 | t  103.9s | sps  1711] ret_mean=0.000 ep_len=500.0 pi_loss=-0.010 v_loss=2.514 ent=1.186 kl=0.0066
[upd  348 | steps  178176 | t  104.0s | sps  1713] ret_mean=32.000 ep_len=500.0 pi_loss=-0.007 v_loss=1.049 ent=0.976 kl=0.0001
[upd  349 | steps  178688 | t  104.2s | sps  1715] ret_mean=104.500 ep_len=500.0 pi_loss=-0.006 v_loss=6.247 ent=0.352 kl=0.0066
[upd  350 | steps  179200 | t  104.3s | sps  1718] ret_mean=128.000 ep_len=500.0 pi_loss=-0.001 v_loss=7.749 ent=0.026 kl=0.0003
        [eval] ret_mean=25.767 ep_len=500.0
[upd  351 | steps  179712 | t  108.7s | sps  1654] ret_mean=124.000 ep_len=500.0 pi_loss=-0.005 v_loss=2.432 ent=0.339 kl=0.0072
[upd  352 | steps  180224 | t  108.8s | sps  1656] ret_mean=0.000 ep_len=500.0 pi_loss=-0.006 v_loss=1.738 ent=1.345 kl=0.0067
[upd  353 | steps  180736 | t  109.0s | sps  1659] ret_mean=110.000 ep_len=500.0 pi_loss=-0.008 v_loss=4.511 ent=0.446 kl=0.0198
[upd  354 | steps  181248 | t  109.1s | sps  1661] ret_mean=9.000 ep_len=500.0 pi_loss=-0.008 v_loss=2.319 ent=1.297 kl=0.0086
[upd  355 | steps  181760 | t  109.3s | sps  1664] ret_mean=160.000 ep_len=500.0 pi_loss=-0.004 v_loss=5.778 ent=0.186 kl=0.0042
[upd  356 | steps  182272 | t  109.4s | sps  1666] ret_mean=16.500 ep_len=500.0 pi_loss=-0.007 v_loss=1.705 ent=1.235 kl=0.0012
[upd  357 | steps  182784 | t  109.6s | sps  1668] ret_mean=138.500 ep_len=500.0 pi_loss=-0.003 v_loss=4.704 ent=0.385 kl=0.0060
[upd  358 | steps  183296 | t  109.7s | sps  1670] ret_mean=74.000 ep_len=500.0 pi_loss=-0.006 v_loss=2.829 ent=0.623 kl=0.0025
[upd  359 | steps  183808 | t  109.9s | sps  1672] ret_mean=116.000 ep_len=500.0 pi_loss=-0.003 v_loss=2.557 ent=0.529 kl=0.0015
[upd  360 | steps  184320 | t  110.1s | sps  1674] ret_mean=122.500 ep_len=500.0 pi_loss=-0.004 v_loss=2.211 ent=0.338 kl=0.0034
[upd  361 | steps  184832 | t  110.2s | sps  1677] ret_mean=29.000 ep_len=500.0 pi_loss=-0.007 v_loss=2.594 ent=0.635 kl=0.0048
[upd  362 | steps  185344 | t  110.4s | sps  1679] ret_mean=54.000 ep_len=500.0 pi_loss=-0.006 v_loss=1.674 ent=1.028 kl=0.0039
[upd  363 | steps  185856 | t  110.6s | sps  1681] ret_mean=27.000 ep_len=500.0 pi_loss=-0.012 v_loss=2.344 ent=1.037 kl=0.0069
[upd  364 | steps  186368 | t  110.7s | sps  1683] ret_mean=65.500 ep_len=500.0 pi_loss=-0.005 v_loss=2.400 ent=0.920 kl=0.0075
[upd  365 | steps  186880 | t  110.9s | sps  1686] ret_mean=82.000 ep_len=500.0 pi_loss=-0.004 v_loss=2.494 ent=0.652 kl=0.0092
[upd  366 | steps  187392 | t  111.0s | sps  1688] ret_mean=17.000 ep_len=500.0 pi_loss=-0.004 v_loss=2.987 ent=0.912 kl=0.0056
[upd  367 | steps  187904 | t  111.2s | sps  1690] ret_mean=118.000 ep_len=500.0 pi_loss=-0.006 v_loss=2.452 ent=0.460 kl=0.0040
[upd  368 | steps  188416 | t  111.3s | sps  1692] ret_mean=76.500 ep_len=500.0 pi_loss=-0.005 v_loss=2.955 ent=0.767 kl=0.0039
[upd  369 | steps  188928 | t  111.5s | sps  1694] ret_mean=57.500 ep_len=500.0 pi_loss=-0.003 v_loss=1.931 ent=0.961 kl=0.0033
[upd  370 | steps  189440 | t  111.7s | sps  1697] ret_mean=122.000 ep_len=500.0 pi_loss=-0.006 v_loss=5.002 ent=0.355 kl=0.0039
[upd  371 | steps  189952 | t  111.8s | sps  1699] ret_mean=149.000 ep_len=500.0 pi_loss=-0.010 v_loss=3.800 ent=0.399 kl=0.0069
[upd  372 | steps  190464 | t  111.9s | sps  1701] ret_mean=130.500 ep_len=500.0 pi_loss=-0.002 v_loss=7.423 ent=0.090 kl=-0.0003
[upd  373 | steps  190976 | t  112.1s | sps  1704] ret_mean=158.000 ep_len=500.0 pi_loss=-0.004 v_loss=7.488 ent=0.059 kl=-0.0001
[upd  374 | steps  191488 | t  112.2s | sps  1706] ret_mean=186.000 ep_len=500.0 pi_loss=-0.003 v_loss=7.155 ent=0.088 kl=-0.0006
[upd  375 | steps  192000 | t  112.4s | sps  1708] ret_mean=176.500 ep_len=500.0 pi_loss=-0.001 v_loss=2.033 ent=0.397 kl=-0.0005
        [eval] ret_mean=19.450 ep_len=500.0
[upd  376 | steps  192512 | t  116.4s | sps  1654] ret_mean=151.500 ep_len=500.0 pi_loss=-0.002 v_loss=4.674 ent=0.274 kl=0.0009
[upd  377 | steps  193024 | t  116.5s | sps  1657] ret_mean=97.500 ep_len=500.0 pi_loss=-0.006 v_loss=4.025 ent=0.340 kl=0.0087
[upd  378 | steps  193536 | t  116.7s | sps  1659] ret_mean=40.000 ep_len=500.0 pi_loss=-0.005 v_loss=2.354 ent=1.152 kl=0.0008
[upd  379 | steps  194048 | t  116.8s | sps  1661] ret_mean=51.000 ep_len=500.0 pi_loss=-0.008 v_loss=2.756 ent=0.976 kl=0.0034
[upd  380 | steps  194560 | t  117.0s | sps  1663] ret_mean=156.000 ep_len=500.0 pi_loss=-0.006 v_loss=5.155 ent=0.206 kl=0.0033
[upd  381 | steps  195072 | t  117.2s | sps  1665] ret_mean=103.000 ep_len=500.0 pi_loss=-0.006 v_loss=2.222 ent=0.457 kl=0.0110
[upd  382 | steps  195584 | t  117.3s | sps  1667] ret_mean=151.000 ep_len=500.0 pi_loss=-0.002 v_loss=5.568 ent=0.256 kl=0.0063
[upd  383 | steps  196096 | t  117.5s | sps  1669] ret_mean=0.000 ep_len=500.0 pi_loss=-0.018 v_loss=2.780 ent=0.999 kl=0.0087
[upd  384 | steps  196608 | t  117.6s | sps  1672] ret_mean=115.500 ep_len=500.0 pi_loss=-0.005 v_loss=4.350 ent=0.470 kl=0.0030
[upd  385 | steps  197120 | t  117.8s | sps  1674] ret_mean=82.000 ep_len=500.0 pi_loss=-0.003 v_loss=2.695 ent=0.551 kl=0.0043
[upd  386 | steps  197632 | t  117.9s | sps  1676] ret_mean=78.500 ep_len=500.0 pi_loss=-0.007 v_loss=3.012 ent=0.556 kl=0.0075
[upd  387 | steps  198144 | t  118.1s | sps  1678] ret_mean=58.500 ep_len=500.0 pi_loss=-0.008 v_loss=6.535 ent=0.279 kl=0.0047
[upd  388 | steps  198656 | t  118.2s | sps  1681] ret_mean=186.000 ep_len=500.0 pi_loss=-0.004 v_loss=5.028 ent=0.242 kl=0.0093
[upd  389 | steps  199168 | t  118.4s | sps  1683] ret_mean=73.000 ep_len=500.0 pi_loss=-0.006 v_loss=2.187 ent=0.958 kl=0.0072
[upd  390 | steps  199680 | t  118.5s | sps  1685] ret_mean=65.500 ep_len=500.0 pi_loss=-0.005 v_loss=4.007 ent=0.778 kl=0.0036
[upd  391 | steps  200192 | t  118.7s | sps  1687] ret_mean=151.000 ep_len=500.0 pi_loss=-0.001 v_loss=3.446 ent=0.261 kl=-0.0002
[upd  392 | steps  200704 | t  118.8s | sps  1689] ret_mean=58.500 ep_len=500.0 pi_loss=-0.007 v_loss=5.696 ent=0.818 kl=0.0143
[upd  393 | steps  201216 | t  119.0s | sps  1691] ret_mean=154.000 ep_len=500.0 pi_loss=-0.009 v_loss=3.943 ent=0.323 kl=0.0078
[upd  394 | steps  201728 | t  119.2s | sps  1693] ret_mean=81.500 ep_len=500.0 pi_loss=-0.004 v_loss=2.209 ent=0.798 kl=0.0042
[upd  395 | steps  202240 | t  119.3s | sps  1695] ret_mean=45.000 ep_len=500.0 pi_loss=-0.009 v_loss=2.581 ent=0.951 kl=0.0199
[upd  396 | steps  202752 | t  119.5s | sps  1697] ret_mean=61.000 ep_len=500.0 pi_loss=-0.004 v_loss=4.700 ent=0.845 kl=0.0005
[upd  397 | steps  203264 | t  119.6s | sps  1699] ret_mean=22.000 ep_len=500.0 pi_loss=-0.004 v_loss=2.908 ent=0.885 kl=0.0076
[upd  398 | steps  203776 | t  119.8s | sps  1701] ret_mean=138.000 ep_len=500.0 pi_loss=-0.003 v_loss=6.830 ent=0.175 kl=0.0014
[upd  399 | steps  204288 | t  120.0s | sps  1702] ret_mean=162.500 ep_len=500.0 pi_loss=-0.003 v_loss=4.115 ent=0.773 kl=0.0034
[upd  400 | steps  204800 | t  120.2s | sps  1704] ret_mean=0.000 ep_len=500.0 pi_loss=-0.003 v_loss=3.591 ent=0.719 kl=0.0036
        [eval] ret_mean=24.417 ep_len=500.0
