$ /Users/samchen/Coding/CLASSES/CS2860/.venv/bin/python3 -m policies.train --env rware-tiny-2ag-easy-v2 --seed 0 --updates 400 --rollout 512 --eval-every 25 --eval-episodes 30 --log-dir matrix_results/diagnostics_v1_sam/comm_2ag/main_tiny --run-name mappo-heartbeat-plus-comm__dropout-only__d0__s0 --n-msg-tokens 8 --heartbeat --heartbeat-period 1 --heartbeat-max-age-clip 128 --dropout --dropout-window-start 200 --dropout-window-end 350 --shape-rewards --pickup-bonus 0.5

[env] EnvSpec(env_id='rware-tiny-2ag-easy-v2', n_agents=2, obs_dim=73, n_env_actions=5, noop_action=0, family='rware')  (n_msg_tokens=8)
[cfg] {'clip_range': 0.2, 'value_clip_range': 0.2, 'entropy_coef': 0.01, 'value_coef': 0.5, 'max_grad_norm': 0.5, 'gamma': 0.99, 'gae_lambda': 0.95, 'lr_actor': 0.0003, 'lr_critic': 0.001, 'update_epochs': 4, 'minibatches': 4, 'hidden': 128, 'depth': 2, 'device': 'cpu', 'extra': {}}
[log] writing to matrix_results/diagnostics_v1_sam/comm_2ag/main_tiny/mappo-heartbeat-plus-comm__dropout-only__d0__s0
[upd    1 | steps     512 | t    0.2s | sps  3065] ret_mean=0.000 ep_len=500.0 pi_loss=-0.017 v_loss=0.060 ent=3.684 kl=0.0140
[upd    2 | steps    1024 | t    0.3s | sps  3199] ret_mean=1.500 ep_len=500.0 pi_loss=-0.009 v_loss=0.033 ent=3.681 kl=0.0027
[upd    3 | steps    1536 | t    0.5s | sps  3256] ret_mean=0.000 ep_len=500.0 pi_loss=-0.006 v_loss=0.015 ent=3.665 kl=-0.0022
[upd    4 | steps    2048 | t    0.6s | sps  3226] ret_mean=2.000 ep_len=500.0 pi_loss=-0.011 v_loss=0.023 ent=3.639 kl=0.0027
[upd    5 | steps    2560 | t    0.8s | sps  3050] ret_mean=0.000 ep_len=500.0 pi_loss=-0.008 v_loss=0.033 ent=3.602 kl=0.0089
[upd    6 | steps    3072 | t    1.0s | sps  3091] ret_mean=3.500 ep_len=500.0 pi_loss=-0.009 v_loss=0.021 ent=3.607 kl=0.0119
[upd    7 | steps    3584 | t    1.1s | sps  3121] ret_mean=4.500 ep_len=500.0 pi_loss=-0.009 v_loss=0.051 ent=3.587 kl=0.0025
[upd    8 | steps    4096 | t    1.3s | sps  3142] ret_mean=2.000 ep_len=500.0 pi_loss=-0.012 v_loss=0.011 ent=3.583 kl=0.0115
[upd    9 | steps    4608 | t    1.5s | sps  3132] ret_mean=0.000 ep_len=500.0 pi_loss=-0.012 v_loss=0.007 ent=3.500 kl=0.0105
[upd   10 | steps    5120 | t    1.6s | sps  3145] ret_mean=3.000 ep_len=500.0 pi_loss=-0.013 v_loss=0.015 ent=3.572 kl=0.0063
[upd   11 | steps    5632 | t    1.8s | sps  3152] ret_mean=0.000 ep_len=500.0 pi_loss=-0.017 v_loss=0.012 ent=3.515 kl=0.0083
[upd   12 | steps    6144 | t    1.9s | sps  3161] ret_mean=1.500 ep_len=500.0 pi_loss=-0.014 v_loss=0.004 ent=3.511 kl=-0.0021
[upd   13 | steps    6656 | t    2.1s | sps  3179] ret_mean=0.000 ep_len=500.0 pi_loss=-0.010 v_loss=0.004 ent=3.549 kl=0.0059
[upd   14 | steps    7168 | t    2.3s | sps  3175] ret_mean=0.000 ep_len=500.0 pi_loss=-0.010 v_loss=0.002 ent=3.546 kl=0.0100
[upd   15 | steps    7680 | t    2.4s | sps  3160] ret_mean=0.000 ep_len=500.0 pi_loss=-0.014 v_loss=0.002 ent=3.457 kl=0.0090
[upd   16 | steps    8192 | t    2.6s | sps  3168] ret_mean=0.000 ep_len=500.0 pi_loss=-0.012 v_loss=0.002 ent=3.467 kl=0.0018
[upd   17 | steps    8704 | t    2.7s | sps  3177] ret_mean=5.500 ep_len=500.0 pi_loss=-0.007 v_loss=0.064 ent=3.439 kl=0.0068
[upd   18 | steps    9216 | t    2.9s | sps  3178] ret_mean=2.500 ep_len=500.0 pi_loss=-0.010 v_loss=0.058 ent=3.421 kl=0.0029
[upd   19 | steps    9728 | t    3.1s | sps  3145] ret_mean=3.000 ep_len=500.0 pi_loss=-0.008 v_loss=0.032 ent=3.455 kl=0.0033
[upd   20 | steps   10240 | t    3.3s | sps  3126] ret_mean=3.000 ep_len=500.0 pi_loss=-0.007 v_loss=0.002 ent=3.435 kl=0.0071
[upd   21 | steps   10752 | t    3.5s | sps  3116] ret_mean=0.000 ep_len=500.0 pi_loss=-0.008 v_loss=0.002 ent=3.469 kl=0.0036
[upd   22 | steps   11264 | t    3.6s | sps  3113] ret_mean=4.500 ep_len=500.0 pi_loss=-0.009 v_loss=0.051 ent=3.522 kl=0.0070
[upd   23 | steps   11776 | t    3.8s | sps  3107] ret_mean=0.000 ep_len=500.0 pi_loss=-0.011 v_loss=0.002 ent=3.376 kl=0.0048
[upd   24 | steps   12288 | t    4.0s | sps  3098] ret_mean=0.000 ep_len=500.0 pi_loss=-0.011 v_loss=0.008 ent=3.362 kl=0.0125
[upd   25 | steps   12800 | t    4.1s | sps  3089] ret_mean=1.000 ep_len=500.0 pi_loss=-0.007 v_loss=0.001 ent=3.387 kl=0.0040
        [eval] ret_mean=10.033 ep_len=500.0
[upd   26 | steps   13312 | t    7.9s | sps  1676] ret_mean=0.500 ep_len=500.0 pi_loss=-0.011 v_loss=0.003 ent=3.396 kl=0.0032
[upd   27 | steps   13824 | t    8.1s | sps  1706] ret_mean=0.000 ep_len=500.0 pi_loss=-0.011 v_loss=0.001 ent=3.382 kl=0.0023
[upd   28 | steps   14336 | t    8.3s | sps  1734] ret_mean=6.000 ep_len=500.0 pi_loss=-0.015 v_loss=0.085 ent=3.490 kl=0.0039
[upd   29 | steps   14848 | t    8.4s | sps  1763] ret_mean=9.000 ep_len=500.0 pi_loss=-0.013 v_loss=0.103 ent=3.468 kl=-0.0012
[upd   30 | steps   15360 | t    8.6s | sps  1789] ret_mean=0.000 ep_len=500.0 pi_loss=-0.008 v_loss=0.002 ent=3.342 kl=0.0077
[upd   31 | steps   15872 | t    8.7s | sps  1816] ret_mean=0.000 ep_len=500.0 pi_loss=-0.016 v_loss=0.001 ent=3.333 kl=0.0010
[upd   32 | steps   16384 | t    8.9s | sps  1842] ret_mean=5.500 ep_len=500.0 pi_loss=-0.011 v_loss=0.087 ent=3.367 kl=0.0075
[upd   33 | steps   16896 | t    9.0s | sps  1868] ret_mean=0.000 ep_len=500.0 pi_loss=-0.013 v_loss=0.027 ent=3.347 kl=-0.0001
[upd   34 | steps   17408 | t    9.2s | sps  1891] ret_mean=4.500 ep_len=500.0 pi_loss=-0.012 v_loss=0.016 ent=3.360 kl=0.0079
[upd   35 | steps   17920 | t    9.4s | sps  1915] ret_mean=5.000 ep_len=500.0 pi_loss=-0.016 v_loss=0.097 ent=3.298 kl=0.0099
[upd   36 | steps   18432 | t    9.5s | sps  1937] ret_mean=7.500 ep_len=500.0 pi_loss=-0.015 v_loss=0.447 ent=3.380 kl=0.0052
[upd   37 | steps   18944 | t    9.7s | sps  1959] ret_mean=25.500 ep_len=500.0 pi_loss=-0.016 v_loss=0.257 ent=3.300 kl=0.0020
[upd   38 | steps   19456 | t    9.8s | sps  1979] ret_mean=0.000 ep_len=500.0 pi_loss=-0.015 v_loss=0.003 ent=3.257 kl=0.0073
[upd   39 | steps   19968 | t   10.0s | sps  2000] ret_mean=0.000 ep_len=500.0 pi_loss=-0.011 v_loss=0.253 ent=3.345 kl=0.0056
[upd   40 | steps   20480 | t   10.1s | sps  2019] ret_mean=17.000 ep_len=500.0 pi_loss=-0.009 v_loss=0.083 ent=3.224 kl=0.0128
[upd   41 | steps   20992 | t   10.3s | sps  2038] ret_mean=5.500 ep_len=500.0 pi_loss=-0.008 v_loss=0.463 ent=3.285 kl=0.0076
[upd   42 | steps   21504 | t   10.5s | sps  2056] ret_mean=29.000 ep_len=500.0 pi_loss=-0.009 v_loss=0.247 ent=3.206 kl=0.0060
[upd   43 | steps   22016 | t   10.6s | sps  2074] ret_mean=0.000 ep_len=500.0 pi_loss=-0.011 v_loss=0.231 ent=3.155 kl=0.0030
[upd   44 | steps   22528 | t   10.8s | sps  2088] ret_mean=12.500 ep_len=500.0 pi_loss=-0.011 v_loss=0.017 ent=3.235 kl=0.0041
[upd   45 | steps   23040 | t   10.9s | sps  2105] ret_mean=0.000 ep_len=500.0 pi_loss=-0.012 v_loss=0.179 ent=3.300 kl=0.0070
[upd   46 | steps   23552 | t   11.1s | sps  2122] ret_mean=10.500 ep_len=500.0 pi_loss=-0.009 v_loss=0.029 ent=3.345 kl=0.0059
[upd   47 | steps   24064 | t   11.3s | sps  2138] ret_mean=0.000 ep_len=500.0 pi_loss=-0.008 v_loss=0.004 ent=3.216 kl=0.0035
[upd   48 | steps   24576 | t   11.4s | sps  2154] ret_mean=6.000 ep_len=500.0 pi_loss=-0.009 v_loss=0.196 ent=3.077 kl=0.0027
[upd   49 | steps   25088 | t   11.6s | sps  2169] ret_mean=3.000 ep_len=500.0 pi_loss=-0.009 v_loss=0.003 ent=3.084 kl=0.0087
[upd   50 | steps   25600 | t   11.7s | sps  2184] ret_mean=0.000 ep_len=500.0 pi_loss=-0.009 v_loss=0.144 ent=3.077 kl=0.0116
        [eval] ret_mean=4.167 ep_len=500.0
[upd   51 | steps   26112 | t   15.5s | sps  1686] ret_mean=0.000 ep_len=500.0 pi_loss=-0.008 v_loss=0.006 ent=3.126 kl=0.0067
[upd   52 | steps   26624 | t   15.6s | sps  1703] ret_mean=11.000 ep_len=500.0 pi_loss=-0.016 v_loss=0.214 ent=3.050 kl=0.0159
[upd   53 | steps   27136 | t   15.8s | sps  1719] ret_mean=0.000 ep_len=500.0 pi_loss=-0.007 v_loss=0.005 ent=3.040 kl=0.0102
[upd   54 | steps   27648 | t   15.9s | sps  1735] ret_mean=1.000 ep_len=500.0 pi_loss=-0.010 v_loss=0.005 ent=2.950 kl=0.0062
[upd   55 | steps   28160 | t   16.1s | sps  1750] ret_mean=0.000 ep_len=500.0 pi_loss=-0.016 v_loss=0.004 ent=3.096 kl=0.0083
[upd   56 | steps   28672 | t   16.2s | sps  1765] ret_mean=0.000 ep_len=500.0 pi_loss=-0.009 v_loss=0.003 ent=2.907 kl=0.0057
[upd   57 | steps   29184 | t   16.4s | sps  1780] ret_mean=0.000 ep_len=500.0 pi_loss=-0.007 v_loss=0.003 ent=2.824 kl=0.0107
[upd   58 | steps   29696 | t   16.6s | sps  1794] ret_mean=0.000 ep_len=500.0 pi_loss=-0.006 v_loss=0.002 ent=2.839 kl=0.0016
[upd   59 | steps   30208 | t   16.7s | sps  1808] ret_mean=0.000 ep_len=500.0 pi_loss=-0.007 v_loss=0.001 ent=2.868 kl=0.0028
[upd   60 | steps   30720 | t   16.9s | sps  1822] ret_mean=21.500 ep_len=500.0 pi_loss=-0.009 v_loss=1.031 ent=2.865 kl=0.0016
[upd   61 | steps   31232 | t   17.0s | sps  1836] ret_mean=11.000 ep_len=500.0 pi_loss=-0.014 v_loss=0.158 ent=3.244 kl=0.0045
[upd   62 | steps   31744 | t   17.2s | sps  1847] ret_mean=8.000 ep_len=500.0 pi_loss=-0.013 v_loss=0.263 ent=3.196 kl=-0.0001
[upd   63 | steps   32256 | t   17.3s | sps  1861] ret_mean=14.000 ep_len=500.0 pi_loss=-0.016 v_loss=0.015 ent=2.976 kl=0.0127
[upd   64 | steps   32768 | t   17.5s | sps  1874] ret_mean=0.000 ep_len=500.0 pi_loss=-0.011 v_loss=0.004 ent=3.070 kl=0.0070
[upd   65 | steps   33280 | t   17.6s | sps  1887] ret_mean=0.000 ep_len=500.0 pi_loss=-0.013 v_loss=0.194 ent=2.956 kl=0.0043
[upd   66 | steps   33792 | t   17.8s | sps  1899] ret_mean=9.500 ep_len=500.0 pi_loss=-0.008 v_loss=0.003 ent=3.048 kl=-0.0009
[upd   67 | steps   34304 | t   18.0s | sps  1910] ret_mean=0.000 ep_len=500.0 pi_loss=-0.013 v_loss=0.059 ent=3.037 kl=0.0035
[upd   68 | steps   34816 | t   18.1s | sps  1923] ret_mean=4.500 ep_len=500.0 pi_loss=-0.012 v_loss=0.005 ent=3.006 kl=0.0120
[upd   69 | steps   35328 | t   18.3s | sps  1934] ret_mean=2.000 ep_len=500.0 pi_loss=-0.009 v_loss=0.011 ent=3.257 kl=0.0007
[upd   70 | steps   35840 | t   18.4s | sps  1945] ret_mean=5.500 ep_len=500.0 pi_loss=-0.006 v_loss=0.124 ent=2.964 kl=0.0132
[upd   71 | steps   36352 | t   18.6s | sps  1956] ret_mean=0.000 ep_len=500.0 pi_loss=-0.009 v_loss=0.129 ent=2.832 kl=0.0064
[upd   72 | steps   36864 | t   18.7s | sps  1967] ret_mean=10.500 ep_len=500.0 pi_loss=-0.015 v_loss=0.032 ent=3.213 kl=0.0140
[upd   73 | steps   37376 | t   18.9s | sps  1978] ret_mean=5.000 ep_len=500.0 pi_loss=-0.018 v_loss=0.136 ent=3.084 kl=0.0157
[upd   74 | steps   37888 | t   19.0s | sps  1990] ret_mean=19.500 ep_len=500.0 pi_loss=-0.011 v_loss=0.384 ent=3.053 kl=0.0115
[upd   75 | steps   38400 | t   19.2s | sps  2000] ret_mean=4.000 ep_len=500.0 pi_loss=-0.013 v_loss=0.007 ent=3.040 kl=-0.0007
        [eval] ret_mean=1.750 ep_len=500.0
[upd   76 | steps   38912 | t   23.0s | sps  1695] ret_mean=0.000 ep_len=500.0 pi_loss=-0.008 v_loss=0.003 ent=2.913 kl=0.0079
[upd   77 | steps   39424 | t   23.1s | sps  1706] ret_mean=0.000 ep_len=500.0 pi_loss=-0.008 v_loss=0.002 ent=2.826 kl=0.0065
[upd   78 | steps   39936 | t   23.3s | sps  1716] ret_mean=0.000 ep_len=500.0 pi_loss=-0.010 v_loss=0.004 ent=2.890 kl=0.0079
[upd   79 | steps   40448 | t   23.4s | sps  1727] ret_mean=0.000 ep_len=500.0 pi_loss=-0.015 v_loss=0.001 ent=3.012 kl=0.0168
[upd   80 | steps   40960 | t   23.6s | sps  1737] ret_mean=0.000 ep_len=500.0 pi_loss=-0.007 v_loss=0.002 ent=2.869 kl=0.0068
[upd   81 | steps   41472 | t   23.7s | sps  1748] ret_mean=3.500 ep_len=500.0 pi_loss=-0.013 v_loss=0.198 ent=2.981 kl=-0.0004
[upd   82 | steps   41984 | t   23.9s | sps  1759] ret_mean=28.000 ep_len=500.0 pi_loss=-0.013 v_loss=0.484 ent=3.009 kl=-0.0034
[upd   83 | steps   42496 | t   24.0s | sps  1769] ret_mean=15.000 ep_len=500.0 pi_loss=-0.010 v_loss=0.171 ent=3.026 kl=0.0029
[upd   84 | steps   43008 | t   24.2s | sps  1779] ret_mean=4.000 ep_len=500.0 pi_loss=-0.012 v_loss=0.037 ent=2.923 kl=0.0008
[upd   85 | steps   43520 | t   24.3s | sps  1789] ret_mean=0.000 ep_len=500.0 pi_loss=-0.011 v_loss=0.999 ent=2.679 kl=-0.0012
[upd   86 | steps   44032 | t   24.5s | sps  1800] ret_mean=42.000 ep_len=500.0 pi_loss=-0.011 v_loss=0.776 ent=2.830 kl=0.0049
[upd   87 | steps   44544 | t   24.6s | sps  1810] ret_mean=50.500 ep_len=500.0 pi_loss=-0.016 v_loss=0.887 ent=2.968 kl=0.0143
[upd   88 | steps   45056 | t   24.8s | sps  1819] ret_mean=8.500 ep_len=500.0 pi_loss=-0.013 v_loss=0.065 ent=3.009 kl=0.0113
[upd   89 | steps   45568 | t   24.9s | sps  1828] ret_mean=0.000 ep_len=500.0 pi_loss=-0.010 v_loss=0.041 ent=3.007 kl=0.0089
[upd   90 | steps   46080 | t   25.1s | sps  1838] ret_mean=3.500 ep_len=500.0 pi_loss=-0.009 v_loss=0.013 ent=2.770 kl=0.0059
[upd   91 | steps   46592 | t   25.2s | sps  1847] ret_mean=0.000 ep_len=500.0 pi_loss=-0.012 v_loss=0.085 ent=2.924 kl=0.0060
[upd   92 | steps   47104 | t   25.4s | sps  1856] ret_mean=34.000 ep_len=500.0 pi_loss=-0.016 v_loss=0.494 ent=2.956 kl=0.0101
[upd   93 | steps   47616 | t   25.5s | sps  1866] ret_mean=0.000 ep_len=500.0 pi_loss=-0.010 v_loss=0.058 ent=2.979 kl=0.0064
[upd   94 | steps   48128 | t   25.7s | sps  1875] ret_mean=3.000 ep_len=500.0 pi_loss=-0.013 v_loss=0.011 ent=2.714 kl=0.0123
[upd   95 | steps   48640 | t   25.8s | sps  1883] ret_mean=0.000 ep_len=500.0 pi_loss=-0.010 v_loss=0.009 ent=2.751 kl=0.0097
[upd   96 | steps   49152 | t   26.0s | sps  1892] ret_mean=0.000 ep_len=500.0 pi_loss=-0.012 v_loss=0.006 ent=2.804 kl=0.0063
[upd   97 | steps   49664 | t   26.1s | sps  1900] ret_mean=0.000 ep_len=500.0 pi_loss=-0.012 v_loss=0.003 ent=2.805 kl=0.0016
[upd   98 | steps   50176 | t   26.3s | sps  1908] ret_mean=0.000 ep_len=500.0 pi_loss=-0.015 v_loss=0.456 ent=2.941 kl=0.0038
[upd   99 | steps   50688 | t   26.4s | sps  1917] ret_mean=20.500 ep_len=500.0 pi_loss=-0.010 v_loss=2.427 ent=2.617 kl=0.0011
[upd  100 | steps   51200 | t   26.6s | sps  1925] ret_mean=83.500 ep_len=500.0 pi_loss=-0.014 v_loss=0.933 ent=2.595 kl=0.0095
        [eval] ret_mean=0.000 ep_len=500.0
[upd  101 | steps   51712 | t   30.3s | sps  1704] ret_mean=0.000 ep_len=500.0 pi_loss=-0.012 v_loss=0.009 ent=2.811 kl=0.0029
[upd  102 | steps   52224 | t   30.5s | sps  1712] ret_mean=4.000 ep_len=500.0 pi_loss=-0.015 v_loss=0.068 ent=2.647 kl=0.0199
[upd  103 | steps   52736 | t   30.6s | sps  1721] ret_mean=54.000 ep_len=500.0 pi_loss=-0.014 v_loss=2.299 ent=2.692 kl=0.0081
[upd  104 | steps   53248 | t   30.8s | sps  1728] ret_mean=0.000 ep_len=500.0 pi_loss=-0.010 v_loss=0.004 ent=2.888 kl=0.0067
[upd  105 | steps   53760 | t   31.0s | sps  1736] ret_mean=33.500 ep_len=500.0 pi_loss=-0.007 v_loss=1.196 ent=2.670 kl=0.0053
[upd  106 | steps   54272 | t   31.1s | sps  1744] ret_mean=49.500 ep_len=500.0 pi_loss=-0.013 v_loss=2.300 ent=2.658 kl=0.0131
[upd  107 | steps   54784 | t   31.3s | sps  1752] ret_mean=0.000 ep_len=500.0 pi_loss=-0.014 v_loss=0.014 ent=2.967 kl=0.0045
[upd  108 | steps   55296 | t   31.4s | sps  1759] ret_mean=0.000 ep_len=500.0 pi_loss=-0.013 v_loss=0.010 ent=2.916 kl=0.0116
[upd  109 | steps   55808 | t   31.6s | sps  1767] ret_mean=0.000 ep_len=500.0 pi_loss=-0.013 v_loss=0.591 ent=2.649 kl=-0.0008
[upd  110 | steps   56320 | t   31.7s | sps  1775] ret_mean=34.500 ep_len=500.0 pi_loss=-0.012 v_loss=0.529 ent=2.830 kl=0.0007
[upd  111 | steps   56832 | t   31.9s | sps  1782] ret_mean=0.000 ep_len=500.0 pi_loss=-0.008 v_loss=0.182 ent=2.692 kl=0.0187
[upd  112 | steps   57344 | t   32.1s | sps  1789] ret_mean=36.000 ep_len=500.0 pi_loss=-0.006 v_loss=1.281 ent=2.508 kl=0.0035
[upd  113 | steps   57856 | t   32.2s | sps  1797] ret_mean=83.000 ep_len=500.0 pi_loss=-0.007 v_loss=3.217 ent=2.516 kl=0.0072
[upd  114 | steps   58368 | t   32.4s | sps  1804] ret_mean=0.000 ep_len=500.0 pi_loss=-0.018 v_loss=0.014 ent=2.849 kl=0.0087
[upd  115 | steps   58880 | t   32.5s | sps  1811] ret_mean=27.500 ep_len=500.0 pi_loss=-0.015 v_loss=0.887 ent=2.838 kl=0.0055
[upd  116 | steps   59392 | t   32.7s | sps  1818] ret_mean=0.500 ep_len=500.0 pi_loss=-0.013 v_loss=0.012 ent=2.958 kl=0.0020
[upd  117 | steps   59904 | t   32.8s | sps  1825] ret_mean=0.000 ep_len=500.0 pi_loss=-0.006 v_loss=0.015 ent=2.730 kl=0.0068
[upd  118 | steps   60416 | t   33.0s | sps  1832] ret_mean=0.000 ep_len=500.0 pi_loss=-0.010 v_loss=1.238 ent=2.472 kl=0.0052
[upd  119 | steps   60928 | t   33.1s | sps  1839] ret_mean=43.000 ep_len=500.0 pi_loss=-0.010 v_loss=1.220 ent=2.614 kl=0.0060
[upd  120 | steps   61440 | t   33.3s | sps  1846] ret_mean=33.500 ep_len=500.0 pi_loss=-0.010 v_loss=0.022 ent=2.832 kl=0.0074
[upd  121 | steps   61952 | t   33.4s | sps  1853] ret_mean=0.000 ep_len=500.0 pi_loss=-0.011 v_loss=0.673 ent=2.481 kl=0.0081
[upd  122 | steps   62464 | t   33.6s | sps  1859] ret_mean=40.000 ep_len=500.0 pi_loss=-0.007 v_loss=0.622 ent=2.608 kl=0.0001
[upd  123 | steps   62976 | t   33.8s | sps  1866] ret_mean=8.000 ep_len=500.0 pi_loss=-0.010 v_loss=0.020 ent=2.872 kl=0.0082
[upd  124 | steps   63488 | t   33.9s | sps  1872] ret_mean=0.000 ep_len=500.0 pi_loss=-0.016 v_loss=0.026 ent=2.770 kl=0.0065
[upd  125 | steps   64000 | t   34.1s | sps  1879] ret_mean=0.000 ep_len=500.0 pi_loss=-0.013 v_loss=0.003 ent=2.811 kl=0.0151
        [eval] ret_mean=1.967 ep_len=500.0
[upd  126 | steps   64512 | t   38.0s | sps  1696] ret_mean=0.000 ep_len=500.0 pi_loss=-0.007 v_loss=0.011 ent=2.746 kl=0.0073
[upd  127 | steps   65024 | t   38.2s | sps  1702] ret_mean=1.000 ep_len=500.0 pi_loss=-0.015 v_loss=0.006 ent=2.877 kl=0.0055
[upd  128 | steps   65536 | t   38.4s | sps  1707] ret_mean=8.000 ep_len=500.0 pi_loss=-0.007 v_loss=0.230 ent=2.683 kl=0.0033
[upd  129 | steps   66048 | t   38.6s | sps  1712] ret_mean=0.000 ep_len=500.0 pi_loss=-0.013 v_loss=0.005 ent=2.555 kl=0.0142
[upd  130 | steps   66560 | t   38.8s | sps  1716] ret_mean=18.500 ep_len=500.0 pi_loss=-0.012 v_loss=0.765 ent=2.597 kl=0.0118
[upd  131 | steps   67072 | t   39.0s | sps  1721] ret_mean=23.500 ep_len=500.0 pi_loss=-0.010 v_loss=0.717 ent=2.833 kl=0.0129
[upd  132 | steps   67584 | t   39.1s | sps  1728] ret_mean=0.000 ep_len=500.0 pi_loss=-0.013 v_loss=0.012 ent=2.728 kl=0.0118
[upd  133 | steps   68096 | t   39.3s | sps  1733] ret_mean=0.000 ep_len=500.0 pi_loss=-0.015 v_loss=0.005 ent=2.997 kl=0.0170
[upd  134 | steps   68608 | t   39.4s | sps  1739] ret_mean=27.000 ep_len=500.0 pi_loss=-0.013 v_loss=0.921 ent=3.022 kl=0.0128
[upd  135 | steps   69120 | t   39.6s | sps  1745] ret_mean=6.500 ep_len=500.0 pi_loss=-0.012 v_loss=0.167 ent=2.781 kl=0.0091
[upd  136 | steps   69632 | t   39.8s | sps  1749] ret_mean=0.000 ep_len=500.0 pi_loss=-0.013 v_loss=0.784 ent=2.674 kl=0.0066
[upd  137 | steps   70144 | t   40.0s | sps  1756] ret_mean=90.500 ep_len=500.0 pi_loss=-0.015 v_loss=2.460 ent=2.418 kl=0.0113
[upd  138 | steps   70656 | t   40.1s | sps  1761] ret_mean=82.500 ep_len=500.0 pi_loss=-0.013 v_loss=3.791 ent=2.317 kl=0.0088
[upd  139 | steps   71168 | t   40.3s | sps  1766] ret_mean=107.500 ep_len=500.0 pi_loss=-0.012 v_loss=3.423 ent=2.328 kl=0.0169
[upd  140 | steps   71680 | t   40.5s | sps  1772] ret_mean=0.000 ep_len=500.0 pi_loss=-0.012 v_loss=0.024 ent=2.784 kl=0.0084
[upd  141 | steps   72192 | t   40.6s | sps  1778] ret_mean=0.000 ep_len=500.0 pi_loss=-0.013 v_loss=0.204 ent=2.703 kl=0.0038
[upd  142 | steps   72704 | t   40.8s | sps  1784] ret_mean=61.000 ep_len=500.0 pi_loss=-0.009 v_loss=1.716 ent=2.593 kl=0.0086
[upd  143 | steps   73216 | t   40.9s | sps  1789] ret_mean=0.000 ep_len=500.0 pi_loss=-0.009 v_loss=0.030 ent=2.775 kl=0.0023
[upd  144 | steps   73728 | t   41.1s | sps  1795] ret_mean=0.000 ep_len=500.0 pi_loss=-0.010 v_loss=0.020 ent=2.747 kl=0.0077
[upd  145 | steps   74240 | t   41.2s | sps  1800] ret_mean=0.000 ep_len=500.0 pi_loss=-0.011 v_loss=0.019 ent=2.866 kl=0.0080
[upd  146 | steps   74752 | t   41.4s | sps  1806] ret_mean=4.000 ep_len=500.0 pi_loss=-0.013 v_loss=1.179 ent=2.852 kl=-0.0014
[upd  147 | steps   75264 | t   41.5s | sps  1812] ret_mean=85.500 ep_len=500.0 pi_loss=-0.010 v_loss=3.170 ent=2.531 kl=0.0113
[upd  148 | steps   75776 | t   41.7s | sps  1817] ret_mean=82.000 ep_len=500.0 pi_loss=-0.014 v_loss=3.218 ent=2.512 kl=0.0096
[upd  149 | steps   76288 | t   41.9s | sps  1823] ret_mean=84.000 ep_len=500.0 pi_loss=-0.007 v_loss=1.364 ent=2.402 kl=0.0142
[upd  150 | steps   76800 | t   42.0s | sps  1828] ret_mean=0.000 ep_len=500.0 pi_loss=-0.007 v_loss=0.022 ent=2.713 kl=0.0115
        [eval] ret_mean=6.050 ep_len=500.0
[upd  151 | steps   77312 | t   46.2s | sps  1673] ret_mean=0.000 ep_len=500.0 pi_loss=-0.016 v_loss=0.082 ent=2.855 kl=0.0186
[upd  152 | steps   77824 | t   46.4s | sps  1678] ret_mean=106.000 ep_len=500.0 pi_loss=-0.012 v_loss=3.991 ent=2.338 kl=0.0074
[upd  153 | steps   78336 | t   46.6s | sps  1683] ret_mean=31.500 ep_len=500.0 pi_loss=-0.009 v_loss=1.098 ent=2.840 kl=-0.0004
[upd  154 | steps   78848 | t   46.7s | sps  1688] ret_mean=0.000 ep_len=500.0 pi_loss=-0.010 v_loss=0.095 ent=2.240 kl=0.0011
[upd  155 | steps   79360 | t   46.9s | sps  1692] ret_mean=0.000 ep_len=500.0 pi_loss=-0.008 v_loss=0.060 ent=2.909 kl=0.0040
[upd  156 | steps   79872 | t   47.1s | sps  1697] ret_mean=0.000 ep_len=500.0 pi_loss=-0.008 v_loss=0.141 ent=2.719 kl=0.0084
[upd  157 | steps   80384 | t   47.2s | sps  1702] ret_mean=0.000 ep_len=500.0 pi_loss=-0.013 v_loss=0.040 ent=2.570 kl=-0.0009
[upd  158 | steps   80896 | t   47.4s | sps  1707] ret_mean=0.000 ep_len=500.0 pi_loss=-0.016 v_loss=0.012 ent=2.596 kl=0.0105
[upd  159 | steps   81408 | t   47.5s | sps  1712] ret_mean=0.000 ep_len=500.0 pi_loss=-0.012 v_loss=0.040 ent=2.339 kl=0.0061
[upd  160 | steps   81920 | t   47.7s | sps  1718] ret_mean=0.000 ep_len=500.0 pi_loss=-0.015 v_loss=0.906 ent=2.550 kl=0.0176
[upd  161 | steps   82432 | t   47.8s | sps  1723] ret_mean=51.500 ep_len=500.0 pi_loss=-0.012 v_loss=1.069 ent=2.718 kl=0.0072
[upd  162 | steps   82944 | t   48.0s | sps  1728] ret_mean=7.000 ep_len=500.0 pi_loss=-0.013 v_loss=0.016 ent=2.728 kl=0.0082
[upd  163 | steps   83456 | t   48.2s | sps  1733] ret_mean=0.000 ep_len=500.0 pi_loss=-0.010 v_loss=0.019 ent=2.282 kl=0.0115
[upd  164 | steps   83968 | t   48.3s | sps  1738] ret_mean=0.000 ep_len=500.0 pi_loss=-0.008 v_loss=0.026 ent=2.700 kl=0.0103
[upd  165 | steps   84480 | t   48.5s | sps  1743] ret_mean=0.000 ep_len=500.0 pi_loss=-0.011 v_loss=1.325 ent=2.579 kl=0.0022
[upd  166 | steps   84992 | t   48.6s | sps  1748] ret_mean=106.500 ep_len=500.0 pi_loss=-0.012 v_loss=2.853 ent=2.215 kl=0.0102
[upd  167 | steps   85504 | t   48.8s | sps  1753] ret_mean=4.500 ep_len=500.0 pi_loss=-0.008 v_loss=0.868 ent=2.404 kl=0.0024
[upd  168 | steps   86016 | t   48.9s | sps  1758] ret_mean=78.500 ep_len=500.0 pi_loss=-0.010 v_loss=2.806 ent=2.213 kl=0.0021
[upd  169 | steps   86528 | t   49.1s | sps  1764] ret_mean=71.500 ep_len=500.0 pi_loss=-0.009 v_loss=3.201 ent=2.173 kl=0.0053
[upd  170 | steps   87040 | t   49.2s | sps  1768] ret_mean=70.000 ep_len=500.0 pi_loss=-0.015 v_loss=2.654 ent=2.404 kl=0.0053
[upd  171 | steps   87552 | t   49.4s | sps  1773] ret_mean=72.000 ep_len=500.0 pi_loss=-0.018 v_loss=1.217 ent=2.449 kl=0.0073
[upd  172 | steps   88064 | t   49.5s | sps  1778] ret_mean=0.000 ep_len=500.0 pi_loss=-0.013 v_loss=0.034 ent=2.569 kl=0.0121
[upd  173 | steps   88576 | t   49.7s | sps  1783] ret_mean=0.000 ep_len=500.0 pi_loss=-0.008 v_loss=1.044 ent=2.429 kl=0.0028
[upd  174 | steps   89088 | t   49.8s | sps  1787] ret_mean=29.500 ep_len=500.0 pi_loss=-0.014 v_loss=0.018 ent=2.522 kl=0.0221
[upd  175 | steps   89600 | t   50.0s | sps  1792] ret_mean=0.000 ep_len=500.0 pi_loss=-0.010 v_loss=3.435 ent=2.544 kl=-0.0022
        [eval] ret_mean=4.167 ep_len=500.0
[upd  176 | steps   90112 | t   54.1s | sps  1666] ret_mean=1.500 ep_len=500.0 pi_loss=-0.012 v_loss=0.079 ent=3.091 kl=0.0088
[upd  177 | steps   90624 | t   54.3s | sps  1670] ret_mean=0.000 ep_len=500.0 pi_loss=-0.013 v_loss=0.117 ent=3.029 kl=0.0080
[upd  178 | steps   91136 | t   54.4s | sps  1674] ret_mean=114.500 ep_len=500.0 pi_loss=-0.010 v_loss=4.286 ent=2.037 kl=0.0081
[upd  179 | steps   91648 | t   54.6s | sps  1677] ret_mean=46.500 ep_len=500.0 pi_loss=-0.014 v_loss=1.397 ent=2.636 kl=0.0047
[upd  180 | steps   92160 | t   54.8s | sps  1680] ret_mean=140.500 ep_len=500.0 pi_loss=-0.014 v_loss=6.588 ent=2.032 kl=0.0057
[upd  181 | steps   92672 | t   55.0s | sps  1684] ret_mean=0.000 ep_len=500.0 pi_loss=-0.016 v_loss=0.159 ent=2.527 kl=0.0040
[upd  182 | steps   93184 | t   55.2s | sps  1687] ret_mean=9.500 ep_len=500.0 pi_loss=-0.018 v_loss=0.180 ent=2.984 kl=0.0169
[upd  183 | steps   93696 | t   55.4s | sps  1691] ret_mean=21.500 ep_len=500.0 pi_loss=-0.010 v_loss=0.965 ent=2.569 kl=0.0171
[upd  184 | steps   94208 | t   55.6s | sps  1694] ret_mean=14.500 ep_len=500.0 pi_loss=-0.012 v_loss=0.539 ent=2.694 kl=0.0063
[upd  185 | steps   94720 | t   55.9s | sps  1696] ret_mean=85.000 ep_len=500.0 pi_loss=-0.013 v_loss=3.753 ent=2.012 kl=0.0077
[upd  186 | steps   95232 | t   56.1s | sps  1699] ret_mean=37.000 ep_len=500.0 pi_loss=-0.011 v_loss=0.355 ent=2.546 kl=0.0068
[upd  187 | steps   95744 | t   56.3s | sps  1702] ret_mean=65.500 ep_len=500.0 pi_loss=-0.016 v_loss=3.053 ent=2.179 kl=0.0093
[upd  188 | steps   96256 | t   56.4s | sps  1706] ret_mean=57.000 ep_len=500.0 pi_loss=-0.017 v_loss=1.096 ent=2.477 kl=-0.0018
[upd  189 | steps   96768 | t   56.6s | sps  1710] ret_mean=0.000 ep_len=500.0 pi_loss=-0.013 v_loss=0.527 ent=2.616 kl=0.0092
[upd  190 | steps   97280 | t   56.8s | sps  1713] ret_mean=48.000 ep_len=500.0 pi_loss=-0.010 v_loss=3.263 ent=2.203 kl=0.0081
[upd  191 | steps   97792 | t   56.9s | sps  1717] ret_mean=128.500 ep_len=500.0 pi_loss=-0.008 v_loss=7.480 ent=1.672 kl=0.0010
[upd  192 | steps   98304 | t   57.1s | sps  1720] ret_mean=152.500 ep_len=500.0 pi_loss=-0.008 v_loss=5.725 ent=1.551 kl=0.0015
[upd  193 | steps   98816 | t   57.5s | sps  1719] ret_mean=87.000 ep_len=500.0 pi_loss=-0.012 v_loss=1.306 ent=2.307 kl=0.0060
[upd  194 | steps   99328 | t   57.7s | sps  1720] ret_mean=56.000 ep_len=500.0 pi_loss=-0.013 v_loss=2.910 ent=1.882 kl=0.0076
[upd  195 | steps   99840 | t   57.9s | sps  1723] ret_mean=102.000 ep_len=500.0 pi_loss=-0.009 v_loss=6.732 ent=1.793 kl=0.0143
[upd  196 | steps  100352 | t   58.2s | sps  1725] ret_mean=112.000 ep_len=500.0 pi_loss=-0.010 v_loss=0.866 ent=2.386 kl=0.0030
[upd  197 | steps  100864 | t   58.4s | sps  1726] ret_mean=0.000 ep_len=500.0 pi_loss=-0.011 v_loss=4.296 ent=2.303 kl=0.0131
[upd  198 | steps  101376 | t   58.7s | sps  1727] ret_mean=116.000 ep_len=500.0 pi_loss=-0.009 v_loss=0.859 ent=2.316 kl=0.0130
[upd  199 | steps  101888 | t   59.0s | sps  1728] ret_mean=0.000 ep_len=500.0 pi_loss=-0.014 v_loss=0.735 ent=2.250 kl=0.0018
[upd  200 | steps  102400 | t   59.2s | sps  1730] ret_mean=16.000 ep_len=500.0 pi_loss=-0.011 v_loss=0.322 ent=2.595 kl=0.0083
        [eval] ret_mean=4.167 ep_len=500.0
[upd  201 | steps  102912 | t   64.2s | sps  1603] ret_mean=0.000 ep_len=500.0 pi_loss=-0.017 v_loss=0.159 ent=2.659 kl=0.0090
[upd  202 | steps  103424 | t   64.4s | sps  1606] ret_mean=19.000 ep_len=500.0 pi_loss=-0.017 v_loss=0.869 ent=2.398 kl=0.0019
[upd  203 | steps  103936 | t   64.6s | sps  1609] ret_mean=30.000 ep_len=500.0 pi_loss=-0.010 v_loss=0.938 ent=2.230 kl=0.0197
[upd  204 | steps  104448 | t   64.8s | sps  1613] ret_mean=119.000 ep_len=500.0 pi_loss=-0.013 v_loss=3.748 ent=1.459 kl=0.0223
[upd  205 | steps  104960 | t   64.9s | sps  1616] ret_mean=74.000 ep_len=500.0 pi_loss=-0.001 v_loss=1.919 ent=2.009 kl=0.0054
[upd  206 | steps  105472 | t   65.1s | sps  1620] ret_mean=130.000 ep_len=500.0 pi_loss=-0.012 v_loss=5.547 ent=1.567 kl=0.0144
[upd  207 | steps  105984 | t   65.3s | sps  1624] ret_mean=60.000 ep_len=500.0 pi_loss=-0.015 v_loss=3.260 ent=2.147 kl=0.0017
[upd  208 | steps  106496 | t   65.5s | sps  1626] ret_mean=0.000 ep_len=500.0 pi_loss=-0.015 v_loss=2.440 ent=2.048 kl=0.0167
[upd  209 | steps  107008 | t   65.7s | sps  1629] ret_mean=166.500 ep_len=500.0 pi_loss=-0.011 v_loss=5.731 ent=1.202 kl=0.0102
[upd  210 | steps  107520 | t   65.9s | sps  1633] ret_mean=45.500 ep_len=500.0 pi_loss=-0.008 v_loss=1.829 ent=1.922 kl=0.0072
[upd  211 | steps  108032 | t   66.0s | sps  1636] ret_mean=116.500 ep_len=500.0 pi_loss=-0.003 v_loss=3.122 ent=1.397 kl=0.0035
[upd  212 | steps  108544 | t   66.2s | sps  1639] ret_mean=111.000 ep_len=500.0 pi_loss=-0.010 v_loss=2.753 ent=1.396 kl=-0.0002
[upd  213 | steps  109056 | t   66.4s | sps  1641] ret_mean=105.500 ep_len=500.0 pi_loss=-0.016 v_loss=2.774 ent=1.714 kl=0.0160
[upd  214 | steps  109568 | t   66.6s | sps  1644] ret_mean=62.500 ep_len=500.0 pi_loss=-0.011 v_loss=1.445 ent=2.048 kl=0.0045
[upd  215 | steps  110080 | t   66.8s | sps  1647] ret_mean=0.000 ep_len=500.0 pi_loss=-0.019 v_loss=0.182 ent=2.132 kl=0.0105
[upd  216 | steps  110592 | t   67.1s | sps  1648] ret_mean=0.000 ep_len=500.0 pi_loss=-0.011 v_loss=0.215 ent=1.890 kl=0.0131
[upd  217 | steps  111104 | t   67.2s | sps  1652] ret_mean=50.000 ep_len=500.0 pi_loss=0.001 v_loss=2.981 ent=1.656 kl=0.0211
[upd  218 | steps  111616 | t   67.4s | sps  1656] ret_mean=82.000 ep_len=500.0 pi_loss=-0.012 v_loss=1.750 ent=1.789 kl=0.0031
[upd  219 | steps  112128 | t   67.6s | sps  1659] ret_mean=29.000 ep_len=500.0 pi_loss=-0.011 v_loss=1.294 ent=1.663 kl=0.0018
[upd  220 | steps  112640 | t   67.7s | sps  1663] ret_mean=25.000 ep_len=500.0 pi_loss=-0.012 v_loss=1.033 ent=2.139 kl=0.0033
[upd  221 | steps  113152 | t   67.9s | sps  1667] ret_mean=61.000 ep_len=500.0 pi_loss=-0.009 v_loss=0.919 ent=1.729 kl=0.0207
[upd  222 | steps  113664 | t   68.1s | sps  1670] ret_mean=7.000 ep_len=500.0 pi_loss=-0.010 v_loss=2.353 ent=1.643 kl=0.0007
[upd  223 | steps  114176 | t   68.2s | sps  1674] ret_mean=116.500 ep_len=500.0 pi_loss=-0.011 v_loss=11.751 ent=1.389 kl=0.0013
[upd  224 | steps  114688 | t   68.4s | sps  1677] ret_mean=148.500 ep_len=500.0 pi_loss=-0.013 v_loss=2.087 ent=1.924 kl=-0.0016
[upd  225 | steps  115200 | t   68.5s | sps  1681] ret_mean=27.500 ep_len=500.0 pi_loss=-0.010 v_loss=0.336 ent=1.748 kl=0.0178
        [eval] ret_mean=25.117 ep_len=500.0
[upd  226 | steps  115712 | t   72.6s | sps  1595] ret_mean=52.000 ep_len=500.0 pi_loss=-0.009 v_loss=1.706 ent=1.841 kl=0.0019
[upd  227 | steps  116224 | t   72.7s | sps  1598] ret_mean=174.500 ep_len=500.0 pi_loss=-0.010 v_loss=10.102 ent=1.257 kl=0.0036
[upd  228 | steps  116736 | t   72.9s | sps  1602] ret_mean=131.000 ep_len=500.0 pi_loss=-0.008 v_loss=6.910 ent=1.340 kl=0.0051
[upd  229 | steps  117248 | t   73.0s | sps  1606] ret_mean=89.000 ep_len=500.0 pi_loss=-0.011 v_loss=3.014 ent=1.756 kl=0.0045
[upd  230 | steps  117760 | t   73.2s | sps  1609] ret_mean=6.500 ep_len=500.0 pi_loss=-0.016 v_loss=0.487 ent=2.045 kl=0.0121
[upd  231 | steps  118272 | t   73.3s | sps  1612] ret_mean=0.000 ep_len=500.0 pi_loss=-0.009 v_loss=0.257 ent=2.308 kl=0.0029
[upd  232 | steps  118784 | t   73.5s | sps  1616] ret_mean=97.500 ep_len=500.0 pi_loss=-0.011 v_loss=3.270 ent=1.586 kl=0.0040
[upd  233 | steps  119296 | t   73.7s | sps  1619] ret_mean=0.000 ep_len=500.0 pi_loss=-0.011 v_loss=2.291 ent=2.239 kl=0.0093
[upd  234 | steps  119808 | t   73.8s | sps  1623] ret_mean=168.000 ep_len=500.0 pi_loss=-0.007 v_loss=7.827 ent=1.182 kl=0.0038
[upd  235 | steps  120320 | t   74.0s | sps  1627] ret_mean=146.000 ep_len=500.0 pi_loss=-0.008 v_loss=5.630 ent=1.376 kl=0.0106
[upd  236 | steps  120832 | t   74.1s | sps  1630] ret_mean=127.000 ep_len=500.0 pi_loss=-0.010 v_loss=4.501 ent=1.751 kl=0.0051
[upd  237 | steps  121344 | t   74.3s | sps  1633] ret_mean=55.000 ep_len=500.0 pi_loss=-0.006 v_loss=1.819 ent=1.938 kl=0.0035
[upd  238 | steps  121856 | t   74.5s | sps  1636] ret_mean=0.000 ep_len=500.0 pi_loss=-0.011 v_loss=1.335 ent=2.386 kl=0.0076
[upd  239 | steps  122368 | t   74.6s | sps  1640] ret_mean=130.500 ep_len=500.0 pi_loss=-0.010 v_loss=3.605 ent=1.882 kl=0.0076
[upd  240 | steps  122880 | t   74.8s | sps  1643] ret_mean=0.000 ep_len=500.0 pi_loss=-0.014 v_loss=0.444 ent=2.402 kl=0.0131
[upd  241 | steps  123392 | t   74.9s | sps  1646] ret_mean=50.500 ep_len=500.0 pi_loss=-0.011 v_loss=1.944 ent=2.086 kl=0.0118
[upd  242 | steps  123904 | t   75.1s | sps  1649] ret_mean=0.000 ep_len=500.0 pi_loss=-0.020 v_loss=0.422 ent=2.565 kl=0.0109
[upd  243 | steps  124416 | t   75.4s | sps  1651] ret_mean=0.000 ep_len=500.0 pi_loss=-0.014 v_loss=1.022 ent=2.731 kl=0.0103
[upd  244 | steps  124928 | t   75.6s | sps  1652] ret_mean=102.000 ep_len=500.0 pi_loss=-0.012 v_loss=5.479 ent=1.571 kl=0.0075
[upd  245 | steps  125440 | t   75.8s | sps  1654] ret_mean=151.500 ep_len=500.0 pi_loss=-0.011 v_loss=7.287 ent=1.378 kl=0.0076
[upd  246 | steps  125952 | t   76.0s | sps  1657] ret_mean=142.000 ep_len=500.0 pi_loss=-0.009 v_loss=2.617 ent=1.856 kl=0.0082
[upd  247 | steps  126464 | t   76.2s | sps  1659] ret_mean=0.000 ep_len=500.0 pi_loss=-0.010 v_loss=1.783 ent=2.556 kl=0.0015
[upd  248 | steps  126976 | t   76.5s | sps  1661] ret_mean=119.500 ep_len=500.0 pi_loss=-0.009 v_loss=3.348 ent=1.794 kl=0.0123
[upd  249 | steps  127488 | t   76.7s | sps  1662] ret_mean=65.000 ep_len=500.0 pi_loss=-0.011 v_loss=0.595 ent=2.783 kl=0.0041
[upd  250 | steps  128000 | t   77.0s | sps  1663] ret_mean=0.000 ep_len=500.0 pi_loss=-0.014 v_loss=0.259 ent=2.787 kl=0.0235
        [eval] ret_mean=23.317 ep_len=500.0
[upd  251 | steps  128512 | t   80.9s | sps  1589] ret_mean=0.000 ep_len=500.0 pi_loss=-0.014 v_loss=0.106 ent=2.737 kl=0.0055
[upd  252 | steps  129024 | t   81.0s | sps  1592] ret_mean=0.000 ep_len=500.0 pi_loss=-0.014 v_loss=0.196 ent=2.642 kl=0.0138
[upd  253 | steps  129536 | t   81.2s | sps  1596] ret_mean=49.000 ep_len=500.0 pi_loss=-0.014 v_loss=1.868 ent=2.517 kl=0.0149
[upd  254 | steps  130048 | t   81.3s | sps  1599] ret_mean=62.500 ep_len=500.0 pi_loss=-0.014 v_loss=2.403 ent=1.769 kl=0.0167
[upd  255 | steps  130560 | t   81.5s | sps  1602] ret_mean=111.500 ep_len=500.0 pi_loss=-0.013 v_loss=3.536 ent=1.475 kl=0.0123
[upd  256 | steps  131072 | t   81.6s | sps  1605] ret_mean=67.000 ep_len=500.0 pi_loss=-0.011 v_loss=3.139 ent=1.623 kl=0.0154
[upd  257 | steps  131584 | t   81.8s | sps  1608] ret_mean=81.500 ep_len=500.0 pi_loss=-0.011 v_loss=3.261 ent=1.613 kl=0.0131
[upd  258 | steps  132096 | t   82.0s | sps  1611] ret_mean=0.000 ep_len=500.0 pi_loss=-0.016 v_loss=0.088 ent=2.673 kl=0.0204
[upd  259 | steps  132608 | t   82.2s | sps  1614] ret_mean=0.000 ep_len=500.0 pi_loss=-0.011 v_loss=0.069 ent=2.615 kl=0.0028
[upd  260 | steps  133120 | t   82.3s | sps  1617] ret_mean=0.000 ep_len=500.0 pi_loss=-0.014 v_loss=0.612 ent=2.255 kl=0.0035
[upd  261 | steps  133632 | t   82.5s | sps  1620] ret_mean=80.000 ep_len=500.0 pi_loss=-0.016 v_loss=3.270 ent=1.543 kl=0.0133
[upd  262 | steps  134144 | t   82.6s | sps  1624] ret_mean=69.000 ep_len=500.0 pi_loss=-0.011 v_loss=1.475 ent=2.308 kl=0.0142
[upd  263 | steps  134656 | t   82.8s | sps  1627] ret_mean=63.000 ep_len=500.0 pi_loss=-0.019 v_loss=3.914 ent=1.587 kl=0.0180
[upd  264 | steps  135168 | t   82.9s | sps  1630] ret_mean=92.500 ep_len=500.0 pi_loss=-0.013 v_loss=3.420 ent=1.404 kl=0.0141
[upd  265 | steps  135680 | t   83.1s | sps  1633] ret_mean=21.000 ep_len=500.0 pi_loss=-0.010 v_loss=3.218 ent=1.829 kl=0.0072
[upd  266 | steps  136192 | t   83.2s | sps  1636] ret_mean=128.000 ep_len=500.0 pi_loss=-0.010 v_loss=4.361 ent=1.505 kl=0.0097
[upd  267 | steps  136704 | t   83.4s | sps  1639] ret_mean=0.000 ep_len=500.0 pi_loss=-0.013 v_loss=1.306 ent=2.330 kl=0.0217
[upd  268 | steps  137216 | t   83.6s | sps  1642] ret_mean=59.000 ep_len=500.0 pi_loss=-0.006 v_loss=0.856 ent=2.288 kl=0.0076
[upd  269 | steps  137728 | t   83.7s | sps  1645] ret_mean=85.500 ep_len=500.0 pi_loss=-0.009 v_loss=4.329 ent=1.346 kl=0.0025
[upd  270 | steps  138240 | t   83.9s | sps  1648] ret_mean=103.000 ep_len=500.0 pi_loss=-0.005 v_loss=4.188 ent=1.423 kl=0.0129
[upd  271 | steps  138752 | t   84.0s | sps  1651] ret_mean=125.000 ep_len=500.0 pi_loss=-0.010 v_loss=4.058 ent=1.465 kl=0.0040
[upd  272 | steps  139264 | t   84.2s | sps  1654] ret_mean=115.500 ep_len=500.0 pi_loss=-0.010 v_loss=1.912 ent=1.762 kl=0.0135
[upd  273 | steps  139776 | t   84.3s | sps  1657] ret_mean=44.500 ep_len=500.0 pi_loss=-0.008 v_loss=3.833 ent=1.340 kl=0.0094
[upd  274 | steps  140288 | t   84.5s | sps  1660] ret_mean=107.500 ep_len=500.0 pi_loss=-0.006 v_loss=3.311 ent=1.834 kl=0.0017
[upd  275 | steps  140800 | t   84.7s | sps  1662] ret_mean=114.000 ep_len=500.0 pi_loss=-0.012 v_loss=7.942 ent=1.311 kl=0.0055
        [eval] ret_mean=25.733 ep_len=500.0
[upd  276 | steps  141312 | t   88.6s | sps  1596] ret_mean=115.500 ep_len=500.0 pi_loss=-0.010 v_loss=3.595 ent=1.476 kl=0.0017
[upd  277 | steps  141824 | t   88.7s | sps  1599] ret_mean=0.000 ep_len=500.0 pi_loss=-0.010 v_loss=0.208 ent=2.526 kl=0.0068
[upd  278 | steps  142336 | t   88.9s | sps  1602] ret_mean=138.500 ep_len=500.0 pi_loss=-0.014 v_loss=5.297 ent=1.381 kl=0.0116
[upd  279 | steps  142848 | t   89.0s | sps  1605] ret_mean=104.000 ep_len=500.0 pi_loss=-0.013 v_loss=2.722 ent=1.549 kl=0.0062
[upd  280 | steps  143360 | t   89.2s | sps  1607] ret_mean=7.000 ep_len=500.0 pi_loss=-0.014 v_loss=1.377 ent=2.544 kl=0.0113
[upd  281 | steps  143872 | t   89.3s | sps  1610] ret_mean=74.500 ep_len=500.0 pi_loss=-0.012 v_loss=2.161 ent=2.175 kl=-0.0006
[upd  282 | steps  144384 | t   89.5s | sps  1613] ret_mean=51.000 ep_len=500.0 pi_loss=-0.009 v_loss=1.756 ent=2.299 kl=0.0047
[upd  283 | steps  144896 | t   89.6s | sps  1616] ret_mean=118.500 ep_len=500.0 pi_loss=-0.009 v_loss=3.042 ent=1.166 kl=0.0149
[upd  284 | steps  145408 | t   89.8s | sps  1619] ret_mean=125.000 ep_len=500.0 pi_loss=-0.010 v_loss=2.582 ent=1.292 kl=0.0083
[upd  285 | steps  145920 | t   90.0s | sps  1622] ret_mean=95.500 ep_len=500.0 pi_loss=-0.010 v_loss=3.465 ent=1.445 kl=0.0029
[upd  286 | steps  146432 | t   90.1s | sps  1625] ret_mean=119.500 ep_len=500.0 pi_loss=-0.011 v_loss=2.546 ent=1.519 kl=0.0085
[upd  287 | steps  146944 | t   90.3s | sps  1628] ret_mean=83.000 ep_len=500.0 pi_loss=-0.017 v_loss=2.367 ent=2.304 kl=0.0015
[upd  288 | steps  147456 | t   90.4s | sps  1631] ret_mean=95.000 ep_len=500.0 pi_loss=-0.011 v_loss=2.412 ent=1.791 kl=0.0139
[upd  289 | steps  147968 | t   90.6s | sps  1634] ret_mean=86.000 ep_len=500.0 pi_loss=-0.012 v_loss=2.577 ent=2.305 kl=0.0071
[upd  290 | steps  148480 | t   90.7s | sps  1636] ret_mean=129.000 ep_len=500.0 pi_loss=-0.013 v_loss=4.325 ent=1.470 kl=0.0067
[upd  291 | steps  148992 | t   90.9s | sps  1639] ret_mean=99.000 ep_len=500.0 pi_loss=-0.011 v_loss=3.869 ent=1.793 kl=0.0117
[upd  292 | steps  149504 | t   91.0s | sps  1642] ret_mean=0.000 ep_len=500.0 pi_loss=-0.017 v_loss=1.023 ent=2.726 kl=0.0013
[upd  293 | steps  150016 | t   91.2s | sps  1645] ret_mean=87.000 ep_len=500.0 pi_loss=-0.014 v_loss=2.646 ent=1.591 kl=0.0086
[upd  294 | steps  150528 | t   91.4s | sps  1648] ret_mean=33.500 ep_len=500.0 pi_loss=-0.013 v_loss=1.565 ent=2.359 kl=0.0047
[upd  295 | steps  151040 | t   91.5s | sps  1651] ret_mean=65.500 ep_len=500.0 pi_loss=-0.006 v_loss=5.753 ent=1.820 kl=0.0055
[upd  296 | steps  151552 | t   91.7s | sps  1653] ret_mean=190.000 ep_len=500.0 pi_loss=-0.001 v_loss=3.969 ent=1.394 kl=0.0049
[upd  297 | steps  152064 | t   91.8s | sps  1656] ret_mean=74.000 ep_len=500.0 pi_loss=-0.013 v_loss=2.360 ent=2.430 kl=0.0042
[upd  298 | steps  152576 | t   92.0s | sps  1659] ret_mean=47.000 ep_len=500.0 pi_loss=-0.008 v_loss=3.981 ent=2.424 kl=0.0054
[upd  299 | steps  153088 | t   92.1s | sps  1662] ret_mean=64.000 ep_len=500.0 pi_loss=-0.012 v_loss=1.262 ent=2.713 kl=0.0137
[upd  300 | steps  153600 | t   92.3s | sps  1664] ret_mean=2.500 ep_len=500.0 pi_loss=-0.011 v_loss=5.317 ent=2.142 kl=0.0111
        [eval] ret_mean=10.250 ep_len=500.0
[upd  301 | steps  154112 | t   96.1s | sps  1604] ret_mean=82.000 ep_len=500.0 pi_loss=-0.012 v_loss=2.831 ent=2.194 kl=0.0058
[upd  302 | steps  154624 | t   96.3s | sps  1606] ret_mean=63.000 ep_len=500.0 pi_loss=-0.021 v_loss=2.992 ent=2.669 kl=0.0009
[upd  303 | steps  155136 | t   96.4s | sps  1609] ret_mean=33.500 ep_len=500.0 pi_loss=-0.008 v_loss=1.900 ent=2.525 kl=0.0062
[upd  304 | steps  155648 | t   96.6s | sps  1612] ret_mean=0.000 ep_len=500.0 pi_loss=-0.012 v_loss=1.435 ent=2.806 kl=0.0047
[upd  305 | steps  156160 | t   96.7s | sps  1614] ret_mean=162.000 ep_len=500.0 pi_loss=-0.014 v_loss=5.608 ent=1.597 kl=0.0050
[upd  306 | steps  156672 | t   96.9s | sps  1617] ret_mean=36.000 ep_len=500.0 pi_loss=-0.018 v_loss=3.826 ent=2.454 kl=0.0086
[upd  307 | steps  157184 | t   97.0s | sps  1620] ret_mean=172.000 ep_len=500.0 pi_loss=-0.009 v_loss=5.939 ent=1.264 kl=0.0096
[upd  308 | steps  157696 | t   97.2s | sps  1622] ret_mean=153.000 ep_len=500.0 pi_loss=-0.010 v_loss=4.822 ent=1.293 kl=0.0140
[upd  309 | steps  158208 | t   97.4s | sps  1625] ret_mean=102.500 ep_len=500.0 pi_loss=-0.013 v_loss=3.671 ent=2.142 kl=0.0058
[upd  310 | steps  158720 | t   97.5s | sps  1628] ret_mean=133.000 ep_len=500.0 pi_loss=-0.011 v_loss=6.161 ent=1.526 kl=0.0074
[upd  311 | steps  159232 | t   97.6s | sps  1631] ret_mean=179.000 ep_len=500.0 pi_loss=-0.008 v_loss=3.807 ent=1.618 kl=0.0145
[upd  312 | steps  159744 | t   97.8s | sps  1633] ret_mean=75.000 ep_len=500.0 pi_loss=-0.013 v_loss=2.773 ent=1.911 kl=0.0020
[upd  313 | steps  160256 | t   98.0s | sps  1636] ret_mean=100.000 ep_len=500.0 pi_loss=-0.009 v_loss=5.640 ent=1.493 kl=0.0074
[upd  314 | steps  160768 | t   98.1s | sps  1638] ret_mean=189.000 ep_len=500.0 pi_loss=-0.008 v_loss=3.934 ent=1.847 kl=0.0085
[upd  315 | steps  161280 | t   98.3s | sps  1641] ret_mean=29.000 ep_len=500.0 pi_loss=-0.014 v_loss=3.641 ent=2.489 kl=0.0048
[upd  316 | steps  161792 | t   98.4s | sps  1644] ret_mean=93.000 ep_len=500.0 pi_loss=-0.015 v_loss=2.577 ent=1.855 kl=0.0093
[upd  317 | steps  162304 | t   98.6s | sps  1646] ret_mean=127.500 ep_len=500.0 pi_loss=-0.007 v_loss=6.519 ent=1.380 kl=0.0045
[upd  318 | steps  162816 | t   98.7s | sps  1649] ret_mean=160.500 ep_len=500.0 pi_loss=-0.009 v_loss=3.197 ent=1.689 kl=0.0076
[upd  319 | steps  163328 | t   98.9s | sps  1651] ret_mean=43.000 ep_len=500.0 pi_loss=-0.013 v_loss=2.140 ent=2.723 kl=0.0003
[upd  320 | steps  163840 | t   99.1s | sps  1654] ret_mean=0.000 ep_len=500.0 pi_loss=-0.014 v_loss=1.248 ent=2.428 kl=0.0027
[upd  321 | steps  164352 | t   99.2s | sps  1656] ret_mean=124.500 ep_len=500.0 pi_loss=-0.013 v_loss=1.803 ent=1.859 kl=0.0203
[upd  322 | steps  164864 | t   99.4s | sps  1659] ret_mean=112.500 ep_len=500.0 pi_loss=-0.010 v_loss=4.672 ent=1.828 kl=0.0036
[upd  323 | steps  165376 | t   99.5s | sps  1661] ret_mean=147.000 ep_len=500.0 pi_loss=-0.008 v_loss=2.422 ent=2.192 kl=0.0105
[upd  324 | steps  165888 | t   99.7s | sps  1664] ret_mean=35.500 ep_len=500.0 pi_loss=-0.011 v_loss=2.663 ent=2.138 kl=0.0085
[upd  325 | steps  166400 | t   99.9s | sps  1666] ret_mean=129.000 ep_len=500.0 pi_loss=-0.010 v_loss=2.599 ent=1.878 kl=0.0033
        [eval] ret_mean=13.567 ep_len=500.0
[upd  326 | steps  166912 | t  104.2s | sps  1602] ret_mean=54.500 ep_len=500.0 pi_loss=-0.016 v_loss=2.144 ent=2.209 kl=0.0037
[upd  327 | steps  167424 | t  104.4s | sps  1604] ret_mean=85.500 ep_len=500.0 pi_loss=-0.009 v_loss=3.047 ent=2.038 kl=0.0061
[upd  328 | steps  167936 | t  104.6s | sps  1606] ret_mean=42.000 ep_len=500.0 pi_loss=-0.011 v_loss=2.255 ent=2.571 kl=0.0077
[upd  329 | steps  168448 | t  104.8s | sps  1608] ret_mean=80.000 ep_len=500.0 pi_loss=-0.014 v_loss=3.811 ent=2.036 kl=0.0088
[upd  330 | steps  168960 | t  105.0s | sps  1610] ret_mean=80.500 ep_len=500.0 pi_loss=-0.012 v_loss=2.499 ent=2.157 kl=0.0036
[upd  331 | steps  169472 | t  105.1s | sps  1612] ret_mean=90.000 ep_len=500.0 pi_loss=-0.011 v_loss=2.859 ent=2.029 kl=0.0003
[upd  332 | steps  169984 | t  105.3s | sps  1615] ret_mean=159.000 ep_len=500.0 pi_loss=-0.011 v_loss=5.077 ent=1.739 kl=0.0012
[upd  333 | steps  170496 | t  105.4s | sps  1617] ret_mean=107.000 ep_len=500.0 pi_loss=-0.015 v_loss=1.891 ent=1.887 kl=0.0168
[upd  334 | steps  171008 | t  105.6s | sps  1619] ret_mean=16.000 ep_len=500.0 pi_loss=-0.013 v_loss=2.744 ent=2.476 kl=0.0042
[upd  335 | steps  171520 | t  105.8s | sps  1621] ret_mean=121.500 ep_len=500.0 pi_loss=-0.007 v_loss=2.687 ent=1.742 kl=0.0103
[upd  336 | steps  172032 | t  106.0s | sps  1623] ret_mean=114.500 ep_len=500.0 pi_loss=-0.006 v_loss=2.770 ent=1.963 kl=0.0035
[upd  337 | steps  172544 | t  106.1s | sps  1626] ret_mean=108.000 ep_len=500.0 pi_loss=-0.015 v_loss=2.310 ent=1.687 kl=0.0102
[upd  338 | steps  173056 | t  106.3s | sps  1628] ret_mean=163.500 ep_len=500.0 pi_loss=-0.013 v_loss=4.941 ent=1.817 kl=0.0081
[upd  339 | steps  173568 | t  106.5s | sps  1630] ret_mean=114.500 ep_len=500.0 pi_loss=-0.010 v_loss=5.135 ent=1.827 kl=0.0020
[upd  340 | steps  174080 | t  106.6s | sps  1632] ret_mean=60.500 ep_len=500.0 pi_loss=-0.009 v_loss=2.131 ent=2.429 kl=0.0016
[upd  341 | steps  174592 | t  106.8s | sps  1635] ret_mean=62.000 ep_len=500.0 pi_loss=-0.011 v_loss=2.133 ent=2.369 kl=0.0019
[upd  342 | steps  175104 | t  107.0s | sps  1637] ret_mean=52.500 ep_len=500.0 pi_loss=-0.014 v_loss=2.852 ent=2.445 kl=0.0063
[upd  343 | steps  175616 | t  107.2s | sps  1639] ret_mean=0.000 ep_len=500.0 pi_loss=-0.013 v_loss=2.929 ent=2.412 kl=0.0030
[upd  344 | steps  176128 | t  107.3s | sps  1641] ret_mean=116.000 ep_len=500.0 pi_loss=-0.011 v_loss=7.497 ent=1.597 kl=0.0089
[upd  345 | steps  176640 | t  107.5s | sps  1643] ret_mean=138.500 ep_len=500.0 pi_loss=-0.011 v_loss=4.224 ent=1.543 kl=0.0107
[upd  346 | steps  177152 | t  107.7s | sps  1645] ret_mean=144.000 ep_len=500.0 pi_loss=-0.013 v_loss=2.945 ent=1.743 kl=0.0117
[upd  347 | steps  177664 | t  107.8s | sps  1648] ret_mean=51.500 ep_len=500.0 pi_loss=-0.011 v_loss=1.166 ent=2.202 kl=0.0046
[upd  348 | steps  178176 | t  108.0s | sps  1650] ret_mean=1.000 ep_len=500.0 pi_loss=-0.008 v_loss=1.604 ent=2.052 kl=0.0096
[upd  349 | steps  178688 | t  108.2s | sps  1652] ret_mean=119.500 ep_len=500.0 pi_loss=-0.011 v_loss=5.663 ent=1.871 kl=0.0131
[upd  350 | steps  179200 | t  108.4s | sps  1653] ret_mean=76.000 ep_len=500.0 pi_loss=-0.006 v_loss=0.913 ent=1.848 kl=0.0080
        [eval] ret_mean=39.717 ep_len=500.0
[upd  351 | steps  179712 | t  112.5s | sps  1597] ret_mean=102.500 ep_len=500.0 pi_loss=-0.014 v_loss=2.246 ent=1.792 kl=0.0058
[upd  352 | steps  180224 | t  112.7s | sps  1599] ret_mean=97.000 ep_len=500.0 pi_loss=-0.009 v_loss=2.457 ent=1.643 kl=0.0200
[upd  353 | steps  180736 | t  112.8s | sps  1602] ret_mean=22.500 ep_len=500.0 pi_loss=-0.006 v_loss=2.544 ent=2.213 kl=-0.0003
[upd  354 | steps  181248 | t  113.0s | sps  1604] ret_mean=124.000 ep_len=500.0 pi_loss=-0.013 v_loss=1.841 ent=1.592 kl=0.0317
[upd  355 | steps  181760 | t  113.2s | sps  1606] ret_mean=123.500 ep_len=500.0 pi_loss=-0.010 v_loss=4.595 ent=1.681 kl=-0.0052
[upd  356 | steps  182272 | t  113.3s | sps  1609] ret_mean=150.000 ep_len=500.0 pi_loss=-0.016 v_loss=3.988 ent=1.691 kl=0.0068
[upd  357 | steps  182784 | t  113.5s | sps  1611] ret_mean=132.000 ep_len=500.0 pi_loss=-0.015 v_loss=5.605 ent=1.766 kl=0.0143
[upd  358 | steps  183296 | t  113.6s | sps  1613] ret_mean=173.000 ep_len=500.0 pi_loss=-0.006 v_loss=6.053 ent=1.649 kl=0.0070
[upd  359 | steps  183808 | t  113.8s | sps  1615] ret_mean=97.500 ep_len=500.0 pi_loss=-0.010 v_loss=4.389 ent=1.966 kl=0.0032
[upd  360 | steps  184320 | t  113.9s | sps  1618] ret_mean=79.000 ep_len=500.0 pi_loss=-0.012 v_loss=2.550 ent=1.887 kl=0.0085
[upd  361 | steps  184832 | t  114.1s | sps  1620] ret_mean=109.500 ep_len=500.0 pi_loss=-0.007 v_loss=6.708 ent=1.735 kl=0.0033
[upd  362 | steps  185344 | t  114.2s | sps  1622] ret_mean=120.500 ep_len=500.0 pi_loss=-0.012 v_loss=4.366 ent=1.637 kl=0.0044
[upd  363 | steps  185856 | t  114.4s | sps  1625] ret_mean=188.000 ep_len=500.0 pi_loss=-0.009 v_loss=4.164 ent=1.850 kl=0.0057
[upd  364 | steps  186368 | t  114.6s | sps  1627] ret_mean=26.500 ep_len=500.0 pi_loss=-0.015 v_loss=2.080 ent=2.452 kl=0.0097
[upd  365 | steps  186880 | t  114.7s | sps  1629] ret_mean=75.000 ep_len=500.0 pi_loss=-0.012 v_loss=1.776 ent=2.471 kl=0.0018
[upd  366 | steps  187392 | t  114.9s | sps  1631] ret_mean=122.000 ep_len=500.0 pi_loss=-0.011 v_loss=4.081 ent=1.801 kl=0.0034
[upd  367 | steps  187904 | t  115.0s | sps  1634] ret_mean=190.500 ep_len=500.0 pi_loss=-0.009 v_loss=4.014 ent=1.981 kl=0.0062
[upd  368 | steps  188416 | t  115.2s | sps  1636] ret_mean=34.000 ep_len=500.0 pi_loss=-0.007 v_loss=4.229 ent=2.240 kl=0.0028
[upd  369 | steps  188928 | t  115.3s | sps  1638] ret_mean=137.000 ep_len=500.0 pi_loss=-0.009 v_loss=4.555 ent=1.614 kl=0.0156
[upd  370 | steps  189440 | t  115.5s | sps  1640] ret_mean=149.500 ep_len=500.0 pi_loss=-0.014 v_loss=4.505 ent=1.736 kl=0.0151
[upd  371 | steps  189952 | t  115.6s | sps  1643] ret_mean=182.000 ep_len=500.0 pi_loss=-0.009 v_loss=5.740 ent=1.692 kl=0.0093
[upd  372 | steps  190464 | t  115.8s | sps  1645] ret_mean=186.500 ep_len=500.0 pi_loss=-0.011 v_loss=2.942 ent=1.864 kl=0.0037
[upd  373 | steps  190976 | t  116.0s | sps  1647] ret_mean=63.000 ep_len=500.0 pi_loss=-0.013 v_loss=2.858 ent=2.174 kl=0.0014
[upd  374 | steps  191488 | t  116.1s | sps  1649] ret_mean=113.000 ep_len=500.0 pi_loss=-0.008 v_loss=3.924 ent=1.733 kl=0.0113
[upd  375 | steps  192000 | t  116.3s | sps  1651] ret_mean=147.000 ep_len=500.0 pi_loss=-0.009 v_loss=4.967 ent=1.655 kl=0.0079
        [eval] ret_mean=24.467 ep_len=500.0
[upd  376 | steps  192512 | t  120.4s | sps  1598] ret_mean=194.500 ep_len=500.0 pi_loss=-0.015 v_loss=6.704 ent=1.694 kl=0.0154
[upd  377 | steps  193024 | t  120.6s | sps  1600] ret_mean=51.000 ep_len=500.0 pi_loss=-0.012 v_loss=4.745 ent=2.404 kl=0.0110
[upd  378 | steps  193536 | t  120.8s | sps  1602] ret_mean=104.000 ep_len=500.0 pi_loss=-0.008 v_loss=4.049 ent=1.873 kl=0.0051
[upd  379 | steps  194048 | t  120.9s | sps  1605] ret_mean=95.500 ep_len=500.0 pi_loss=-0.006 v_loss=1.851 ent=1.929 kl=0.0012
[upd  380 | steps  194560 | t  121.1s | sps  1607] ret_mean=52.500 ep_len=500.0 pi_loss=-0.006 v_loss=2.756 ent=2.334 kl=0.0051
[upd  381 | steps  195072 | t  121.3s | sps  1609] ret_mean=125.000 ep_len=500.0 pi_loss=-0.009 v_loss=1.504 ent=1.924 kl=0.0078
[upd  382 | steps  195584 | t  121.4s | sps  1611] ret_mean=113.500 ep_len=500.0 pi_loss=-0.011 v_loss=1.840 ent=1.662 kl=0.0126
[upd  383 | steps  196096 | t  121.6s | sps  1613] ret_mean=137.500 ep_len=500.0 pi_loss=-0.016 v_loss=4.172 ent=1.536 kl=0.0133
[upd  384 | steps  196608 | t  121.7s | sps  1615] ret_mean=133.500 ep_len=500.0 pi_loss=-0.009 v_loss=4.505 ent=1.787 kl=0.0035
[upd  385 | steps  197120 | t  121.9s | sps  1617] ret_mean=176.500 ep_len=500.0 pi_loss=-0.010 v_loss=4.903 ent=1.555 kl=0.0094
[upd  386 | steps  197632 | t  122.0s | sps  1619] ret_mean=163.000 ep_len=500.0 pi_loss=-0.007 v_loss=5.656 ent=1.428 kl=-0.0023
[upd  387 | steps  198144 | t  122.2s | sps  1622] ret_mean=184.500 ep_len=500.0 pi_loss=-0.007 v_loss=4.608 ent=1.563 kl=0.0030
[upd  388 | steps  198656 | t  122.4s | sps  1624] ret_mean=171.000 ep_len=500.0 pi_loss=-0.010 v_loss=4.065 ent=1.739 kl=0.0128
[upd  389 | steps  199168 | t  122.5s | sps  1626] ret_mean=95.500 ep_len=500.0 pi_loss=-0.009 v_loss=2.766 ent=1.772 kl=0.0071
[upd  390 | steps  199680 | t  122.7s | sps  1628] ret_mean=154.000 ep_len=500.0 pi_loss=-0.009 v_loss=3.792 ent=1.651 kl=-0.0007
[upd  391 | steps  200192 | t  122.8s | sps  1630] ret_mean=170.500 ep_len=500.0 pi_loss=-0.005 v_loss=3.580 ent=1.519 kl=0.0023
[upd  392 | steps  200704 | t  123.0s | sps  1631] ret_mean=60.000 ep_len=500.0 pi_loss=-0.012 v_loss=3.579 ent=2.131 kl=0.0036
[upd  393 | steps  201216 | t  123.2s | sps  1633] ret_mean=30.500 ep_len=500.0 pi_loss=-0.016 v_loss=4.402 ent=2.383 kl=-0.0017
[upd  394 | steps  201728 | t  123.4s | sps  1635] ret_mean=74.000 ep_len=500.0 pi_loss=-0.005 v_loss=6.675 ent=1.989 kl=0.0048
[upd  395 | steps  202240 | t  123.6s | sps  1637] ret_mean=168.000 ep_len=500.0 pi_loss=-0.012 v_loss=4.546 ent=1.930 kl=0.0079
[upd  396 | steps  202752 | t  123.8s | sps  1637] ret_mean=31.000 ep_len=500.0 pi_loss=-0.010 v_loss=0.526 ent=2.587 kl=-0.0019
[upd  397 | steps  203264 | t  124.1s | sps  1638] ret_mean=82.500 ep_len=500.0 pi_loss=-0.010 v_loss=4.552 ent=2.321 kl=0.0031
[upd  398 | steps  203776 | t  124.3s | sps  1640] ret_mean=80.500 ep_len=500.0 pi_loss=-0.009 v_loss=2.755 ent=1.580 kl=0.0042
[upd  399 | steps  204288 | t  124.5s | sps  1641] ret_mean=123.500 ep_len=500.0 pi_loss=-0.008 v_loss=6.110 ent=1.751 kl=0.0024
[upd  400 | steps  204800 | t  124.7s | sps  1643] ret_mean=166.000 ep_len=500.0 pi_loss=-0.007 v_loss=2.191 ent=1.791 kl=0.0027
        [eval] ret_mean=22.100 ep_len=500.0
