$ /Users/samchen/Coding/CLASSES/CS2860/.venv/bin/python3 -m policies.train --env rware-tiny-2ag-easy-v2 --seed 0 --updates 400 --rollout 512 --eval-every 25 --eval-episodes 30 --log-dir matrix_results/diagnostics_v1_sam/comm_2ag/main_tiny --run-name mappo-heartbeat-only__delay-only__d30__s0 --n-msg-tokens 8 --no-comm --heartbeat --heartbeat-period 1 --heartbeat-max-age-clip 128 --heartbeat-delay 30 --shape-rewards --pickup-bonus 0.5

[env] EnvSpec(env_id='rware-tiny-2ag-easy-v2', n_agents=2, obs_dim=73, n_env_actions=5, noop_action=0, family='rware')  (n_msg_tokens=1)
[cfg] {'clip_range': 0.2, 'value_clip_range': 0.2, 'entropy_coef': 0.01, 'value_coef': 0.5, 'max_grad_norm': 0.5, 'gamma': 0.99, 'gae_lambda': 0.95, 'lr_actor': 0.0003, 'lr_critic': 0.001, 'update_epochs': 4, 'minibatches': 4, 'hidden': 128, 'depth': 2, 'device': 'cpu', 'extra': {}}
[log] writing to matrix_results/diagnostics_v1_sam/comm_2ag/main_tiny/mappo-heartbeat-only__delay-only__d30__s0
[upd    1 | steps     512 | t    0.2s | sps  2803] ret_mean=2.000 ep_len=500.0 pi_loss=-0.007 v_loss=0.027 ent=1.607 kl=-0.0001
[upd    2 | steps    1024 | t    0.3s | sps  2944] ret_mean=0.500 ep_len=500.0 pi_loss=-0.006 v_loss=0.021 ent=1.599 kl=0.0083
[upd    3 | steps    1536 | t    0.5s | sps  2969] ret_mean=0.000 ep_len=500.0 pi_loss=-0.006 v_loss=0.020 ent=1.597 kl=0.0011
[upd    4 | steps    2048 | t    0.7s | sps  2998] ret_mean=0.500 ep_len=500.0 pi_loss=-0.007 v_loss=0.014 ent=1.605 kl=0.0093
[upd    5 | steps    2560 | t    0.9s | sps  2859] ret_mean=0.000 ep_len=500.0 pi_loss=-0.005 v_loss=0.010 ent=1.604 kl=-0.0007
[upd    6 | steps    3072 | t    1.1s | sps  2876] ret_mean=0.000 ep_len=500.0 pi_loss=-0.003 v_loss=0.007 ent=1.594 kl=0.0040
[upd    7 | steps    3584 | t    1.2s | sps  2888] ret_mean=1.000 ep_len=500.0 pi_loss=-0.005 v_loss=0.007 ent=1.597 kl=0.0038
[upd    8 | steps    4096 | t    1.4s | sps  2901] ret_mean=0.500 ep_len=500.0 pi_loss=-0.005 v_loss=0.005 ent=1.603 kl=0.0009
[upd    9 | steps    4608 | t    1.6s | sps  2896] ret_mean=0.500 ep_len=500.0 pi_loss=-0.003 v_loss=0.004 ent=1.603 kl=0.0045
[upd   10 | steps    5120 | t    1.8s | sps  2912] ret_mean=0.000 ep_len=500.0 pi_loss=-0.005 v_loss=0.004 ent=1.588 kl=0.0015
[upd   11 | steps    5632 | t    1.9s | sps  2918] ret_mean=0.000 ep_len=500.0 pi_loss=-0.010 v_loss=0.002 ent=1.580 kl=0.0036
[upd   12 | steps    6144 | t    2.1s | sps  2930] ret_mean=0.000 ep_len=500.0 pi_loss=-0.008 v_loss=0.003 ent=1.598 kl=0.0127
[upd   13 | steps    6656 | t    2.3s | sps  2935] ret_mean=0.500 ep_len=500.0 pi_loss=-0.002 v_loss=0.009 ent=1.596 kl=0.0004
[upd   14 | steps    7168 | t    2.4s | sps  2943] ret_mean=2.500 ep_len=500.0 pi_loss=-0.004 v_loss=0.006 ent=1.587 kl=0.0071
[upd   15 | steps    7680 | t    2.6s | sps  2946] ret_mean=0.000 ep_len=500.0 pi_loss=-0.006 v_loss=0.003 ent=1.570 kl=0.0053
[upd   16 | steps    8192 | t    2.8s | sps  2951] ret_mean=3.000 ep_len=500.0 pi_loss=-0.008 v_loss=0.022 ent=1.547 kl=0.0115
[upd   17 | steps    8704 | t    2.9s | sps  2952] ret_mean=2.000 ep_len=500.0 pi_loss=-0.003 v_loss=0.006 ent=1.537 kl=0.0021
[upd   18 | steps    9216 | t    3.1s | sps  2954] ret_mean=1.000 ep_len=500.0 pi_loss=-0.002 v_loss=0.003 ent=1.518 kl=0.0011
[upd   19 | steps    9728 | t    3.3s | sps  2954] ret_mean=0.000 ep_len=500.0 pi_loss=-0.004 v_loss=0.002 ent=1.518 kl=0.0044
[upd   20 | steps   10240 | t    3.5s | sps  2957] ret_mean=0.000 ep_len=500.0 pi_loss=-0.002 v_loss=0.016 ent=1.521 kl=0.0047
[upd   21 | steps   10752 | t    3.6s | sps  2961] ret_mean=4.500 ep_len=500.0 pi_loss=-0.009 v_loss=0.033 ent=1.495 kl=-0.0037
[upd   22 | steps   11264 | t    3.8s | sps  2962] ret_mean=1.000 ep_len=500.0 pi_loss=-0.005 v_loss=0.002 ent=1.512 kl=0.0028
[upd   23 | steps   11776 | t    4.0s | sps  2962] ret_mean=4.500 ep_len=500.0 pi_loss=-0.007 v_loss=0.049 ent=1.481 kl=0.0043
[upd   24 | steps   12288 | t    4.1s | sps  2962] ret_mean=5.500 ep_len=500.0 pi_loss=-0.007 v_loss=0.082 ent=1.465 kl=-0.0004
[upd   25 | steps   12800 | t    4.3s | sps  2963] ret_mean=2.500 ep_len=500.0 pi_loss=-0.006 v_loss=0.132 ent=1.407 kl=0.0083
        [eval] ret_mean=20.833 ep_len=500.0
[upd   26 | steps   13312 | t    8.4s | sps  1587] ret_mean=1.500 ep_len=500.0 pi_loss=-0.006 v_loss=0.017 ent=1.423 kl=-0.0030
[upd   27 | steps   13824 | t    8.6s | sps  1614] ret_mean=0.000 ep_len=500.0 pi_loss=-0.005 v_loss=0.003 ent=1.433 kl=0.0049
[upd   28 | steps   14336 | t    8.7s | sps  1642] ret_mean=3.000 ep_len=500.0 pi_loss=-0.004 v_loss=0.049 ent=1.465 kl=0.0026
[upd   29 | steps   14848 | t    8.9s | sps  1668] ret_mean=4.000 ep_len=500.0 pi_loss=-0.012 v_loss=0.004 ent=1.410 kl=0.0111
[upd   30 | steps   15360 | t    9.1s | sps  1693] ret_mean=5.500 ep_len=500.0 pi_loss=-0.006 v_loss=0.113 ent=1.411 kl=0.0056
[upd   31 | steps   15872 | t    9.2s | sps  1718] ret_mean=2.000 ep_len=500.0 pi_loss=-0.006 v_loss=0.023 ent=1.225 kl=0.0183
[upd   32 | steps   16384 | t    9.4s | sps  1742] ret_mean=0.000 ep_len=500.0 pi_loss=-0.003 v_loss=0.002 ent=1.288 kl=0.0038
[upd   33 | steps   16896 | t    9.6s | sps  1764] ret_mean=0.000 ep_len=500.0 pi_loss=-0.004 v_loss=0.002 ent=1.368 kl=-0.0002
[upd   34 | steps   17408 | t    9.8s | sps  1785] ret_mean=0.000 ep_len=500.0 pi_loss=-0.006 v_loss=0.002 ent=1.262 kl=0.0026
[upd   35 | steps   17920 | t    9.9s | sps  1806] ret_mean=7.000 ep_len=500.0 pi_loss=-0.005 v_loss=0.176 ent=1.233 kl=0.0041
[upd   36 | steps   18432 | t   10.1s | sps  1826] ret_mean=3.000 ep_len=500.0 pi_loss=-0.008 v_loss=0.003 ent=1.161 kl=0.0083
[upd   37 | steps   18944 | t   10.3s | sps  1845] ret_mean=4.000 ep_len=500.0 pi_loss=-0.006 v_loss=0.076 ent=1.155 kl=0.0034
[upd   38 | steps   19456 | t   10.4s | sps  1863] ret_mean=1.500 ep_len=500.0 pi_loss=-0.009 v_loss=0.014 ent=1.085 kl=0.0122
[upd   39 | steps   19968 | t   10.6s | sps  1882] ret_mean=0.500 ep_len=500.0 pi_loss=-0.005 v_loss=0.013 ent=1.066 kl=0.0031
[upd   40 | steps   20480 | t   10.8s | sps  1900] ret_mean=1.500 ep_len=500.0 pi_loss=-0.009 v_loss=0.009 ent=0.879 kl=0.0103
[upd   41 | steps   20992 | t   11.0s | sps  1916] ret_mean=1.000 ep_len=500.0 pi_loss=-0.002 v_loss=0.009 ent=0.941 kl=0.0026
[upd   42 | steps   21504 | t   11.1s | sps  1933] ret_mean=1.000 ep_len=500.0 pi_loss=-0.008 v_loss=0.004 ent=1.034 kl=-0.0031
[upd   43 | steps   22016 | t   11.3s | sps  1950] ret_mean=0.500 ep_len=500.0 pi_loss=-0.002 v_loss=0.001 ent=1.041 kl=0.0046
[upd   44 | steps   22528 | t   11.5s | sps  1965] ret_mean=0.000 ep_len=500.0 pi_loss=-0.007 v_loss=0.001 ent=0.997 kl=0.0011
[upd   45 | steps   23040 | t   11.6s | sps  1981] ret_mean=0.000 ep_len=500.0 pi_loss=-0.012 v_loss=0.016 ent=1.057 kl=0.0212
[upd   46 | steps   23552 | t   11.8s | sps  1996] ret_mean=19.500 ep_len=500.0 pi_loss=-0.003 v_loss=0.620 ent=1.029 kl=0.0092
[upd   47 | steps   24064 | t   12.0s | sps  2010] ret_mean=0.000 ep_len=500.0 pi_loss=-0.007 v_loss=0.041 ent=1.175 kl=-0.0049
[upd   48 | steps   24576 | t   12.1s | sps  2024] ret_mean=4.000 ep_len=500.0 pi_loss=-0.006 v_loss=0.143 ent=1.139 kl=0.0089
[upd   49 | steps   25088 | t   12.3s | sps  2034] ret_mean=6.000 ep_len=500.0 pi_loss=-0.003 v_loss=0.003 ent=0.960 kl=0.0008
[upd   50 | steps   25600 | t   12.5s | sps  2046] ret_mean=2.500 ep_len=500.0 pi_loss=-0.007 v_loss=0.447 ent=0.892 kl=0.0076
        [eval] ret_mean=4.167 ep_len=500.0
[upd   51 | steps   26112 | t   16.6s | sps  1572] ret_mean=0.000 ep_len=500.0 pi_loss=-0.003 v_loss=0.015 ent=1.069 kl=0.0031
[upd   52 | steps   26624 | t   16.8s | sps  1587] ret_mean=19.000 ep_len=500.0 pi_loss=-0.007 v_loss=0.377 ent=0.735 kl=0.0190
[upd   53 | steps   27136 | t   16.9s | sps  1601] ret_mean=0.000 ep_len=500.0 pi_loss=-0.004 v_loss=0.054 ent=1.013 kl=0.0109
[upd   54 | steps   27648 | t   17.1s | sps  1615] ret_mean=4.500 ep_len=500.0 pi_loss=-0.002 v_loss=0.244 ent=0.677 kl=0.0039
[upd   55 | steps   28160 | t   17.3s | sps  1628] ret_mean=96.500 ep_len=500.0 pi_loss=-0.007 v_loss=4.174 ent=0.551 kl=0.0022
[upd   56 | steps   28672 | t   17.5s | sps  1641] ret_mean=0.000 ep_len=500.0 pi_loss=-0.008 v_loss=0.004 ent=0.739 kl=0.0050
[upd   57 | steps   29184 | t   17.7s | sps  1653] ret_mean=0.000 ep_len=500.0 pi_loss=-0.005 v_loss=0.009 ent=1.051 kl=0.0056
[upd   58 | steps   29696 | t   17.8s | sps  1664] ret_mean=7.000 ep_len=500.0 pi_loss=-0.002 v_loss=0.150 ent=0.976 kl=0.0018
[upd   59 | steps   30208 | t   18.0s | sps  1674] ret_mean=0.000 ep_len=500.0 pi_loss=-0.002 v_loss=0.268 ent=0.836 kl=0.0012
[upd   60 | steps   30720 | t   18.2s | sps  1688] ret_mean=48.000 ep_len=500.0 pi_loss=-0.007 v_loss=1.688 ent=0.741 kl=0.0066
[upd   61 | steps   31232 | t   18.4s | sps  1700] ret_mean=0.000 ep_len=500.0 pi_loss=-0.002 v_loss=0.014 ent=0.630 kl=0.0012
[upd   62 | steps   31744 | t   18.5s | sps  1712] ret_mean=0.000 ep_len=500.0 pi_loss=-0.003 v_loss=0.487 ent=0.456 kl=0.0003
[upd   63 | steps   32256 | t   18.7s | sps  1724] ret_mean=13.000 ep_len=500.0 pi_loss=-0.011 v_loss=0.006 ent=0.596 kl=0.0067
[upd   64 | steps   32768 | t   18.9s | sps  1737] ret_mean=0.000 ep_len=500.0 pi_loss=-0.002 v_loss=2.155 ent=0.525 kl=0.0019
[upd   65 | steps   33280 | t   19.0s | sps  1749] ret_mean=123.000 ep_len=500.0 pi_loss=-0.006 v_loss=4.073 ent=0.596 kl=0.0098
[upd   66 | steps   33792 | t   19.2s | sps  1760] ret_mean=0.000 ep_len=500.0 pi_loss=-0.001 v_loss=0.016 ent=0.569 kl=0.0007
[upd   67 | steps   34304 | t   19.4s | sps  1772] ret_mean=0.000 ep_len=500.0 pi_loss=-0.002 v_loss=0.720 ent=0.567 kl=0.0038
[upd   68 | steps   34816 | t   19.5s | sps  1782] ret_mean=89.500 ep_len=500.0 pi_loss=-0.004 v_loss=3.525 ent=0.603 kl=0.0079
[upd   69 | steps   35328 | t   19.7s | sps  1793] ret_mean=8.000 ep_len=500.0 pi_loss=-0.006 v_loss=0.205 ent=0.724 kl=-0.0003
[upd   70 | steps   35840 | t   19.9s | sps  1804] ret_mean=0.000 ep_len=500.0 pi_loss=-0.005 v_loss=0.805 ent=0.680 kl=0.0127
[upd   71 | steps   36352 | t   20.0s | sps  1815] ret_mean=108.000 ep_len=500.0 pi_loss=-0.003 v_loss=6.006 ent=0.457 kl=0.0105
[upd   72 | steps   36864 | t   20.2s | sps  1825] ret_mean=0.000 ep_len=500.0 pi_loss=-0.005 v_loss=0.111 ent=0.622 kl=0.0006
[upd   73 | steps   37376 | t   20.4s | sps  1836] ret_mean=0.000 ep_len=500.0 pi_loss=-0.001 v_loss=0.017 ent=0.705 kl=0.0035
[upd   74 | steps   37888 | t   20.5s | sps  1846] ret_mean=0.000 ep_len=500.0 pi_loss=-0.006 v_loss=1.186 ent=0.785 kl=0.0060
[upd   75 | steps   38400 | t   20.7s | sps  1856] ret_mean=30.500 ep_len=500.0 pi_loss=-0.008 v_loss=2.445 ent=0.808 kl=0.0039
        [eval] ret_mean=8.333 ep_len=500.0
[upd   76 | steps   38912 | t   25.0s | sps  1556] ret_mean=18.500 ep_len=500.0 pi_loss=-0.005 v_loss=0.764 ent=0.742 kl=0.0111
[upd   77 | steps   39424 | t   25.2s | sps  1565] ret_mean=27.000 ep_len=500.0 pi_loss=-0.008 v_loss=1.068 ent=1.012 kl=0.0114
[upd   78 | steps   39936 | t   25.4s | sps  1573] ret_mean=9.000 ep_len=500.0 pi_loss=-0.006 v_loss=0.310 ent=1.234 kl=0.0096
[upd   79 | steps   40448 | t   25.6s | sps  1582] ret_mean=0.000 ep_len=500.0 pi_loss=-0.003 v_loss=0.017 ent=0.556 kl=0.0009
[upd   80 | steps   40960 | t   25.7s | sps  1591] ret_mean=86.500 ep_len=500.0 pi_loss=-0.006 v_loss=6.968 ent=0.727 kl=0.0039
[upd   81 | steps   41472 | t   25.9s | sps  1601] ret_mean=81.000 ep_len=500.0 pi_loss=-0.008 v_loss=6.583 ent=0.562 kl=0.0114
[upd   82 | steps   41984 | t   26.1s | sps  1610] ret_mean=0.000 ep_len=500.0 pi_loss=-0.004 v_loss=0.065 ent=0.490 kl=0.0034
[upd   83 | steps   42496 | t   26.2s | sps  1620] ret_mean=41.500 ep_len=500.0 pi_loss=-0.006 v_loss=1.829 ent=0.596 kl=0.0067
[upd   84 | steps   43008 | t   26.4s | sps  1629] ret_mean=3.500 ep_len=500.0 pi_loss=-0.006 v_loss=0.067 ent=0.673 kl=0.0034
[upd   85 | steps   43520 | t   26.6s | sps  1637] ret_mean=37.000 ep_len=500.0 pi_loss=-0.003 v_loss=2.851 ent=0.250 kl=0.0014
[upd   86 | steps   44032 | t   26.8s | sps  1645] ret_mean=134.000 ep_len=500.0 pi_loss=-0.003 v_loss=7.366 ent=0.463 kl=0.0079
[upd   87 | steps   44544 | t   27.0s | sps  1652] ret_mean=0.000 ep_len=500.0 pi_loss=-0.005 v_loss=0.021 ent=0.691 kl=0.0012
[upd   88 | steps   45056 | t   27.1s | sps  1661] ret_mean=0.000 ep_len=500.0 pi_loss=-0.005 v_loss=0.036 ent=0.644 kl=0.0025
[upd   89 | steps   45568 | t   27.3s | sps  1669] ret_mean=19.000 ep_len=500.0 pi_loss=-0.001 v_loss=0.722 ent=0.621 kl=0.0050
[upd   90 | steps   46080 | t   27.5s | sps  1677] ret_mean=0.000 ep_len=500.0 pi_loss=-0.006 v_loss=0.042 ent=0.937 kl=0.0047
[upd   91 | steps   46592 | t   27.7s | sps  1684] ret_mean=3.000 ep_len=500.0 pi_loss=-0.009 v_loss=0.241 ent=0.991 kl=0.0033
[upd   92 | steps   47104 | t   27.8s | sps  1692] ret_mean=10.500 ep_len=500.0 pi_loss=-0.003 v_loss=1.213 ent=0.780 kl=0.0062
[upd   93 | steps   47616 | t   28.0s | sps  1700] ret_mean=105.500 ep_len=500.0 pi_loss=-0.008 v_loss=3.653 ent=0.604 kl=0.0146
[upd   94 | steps   48128 | t   28.2s | sps  1708] ret_mean=0.000 ep_len=500.0 pi_loss=-0.003 v_loss=0.055 ent=0.946 kl=0.0109
[upd   95 | steps   48640 | t   28.3s | sps  1716] ret_mean=0.000 ep_len=500.0 pi_loss=-0.008 v_loss=0.011 ent=0.940 kl=0.0054
[upd   96 | steps   49152 | t   28.5s | sps  1723] ret_mean=0.000 ep_len=500.0 pi_loss=-0.008 v_loss=0.005 ent=1.169 kl=0.0058
[upd   97 | steps   49664 | t   28.7s | sps  1730] ret_mean=5.000 ep_len=500.0 pi_loss=-0.006 v_loss=0.135 ent=0.963 kl=0.0058
[upd   98 | steps   50176 | t   28.9s | sps  1736] ret_mean=2.500 ep_len=500.0 pi_loss=-0.003 v_loss=0.010 ent=0.954 kl=0.0038
[upd   99 | steps   50688 | t   29.1s | sps  1741] ret_mean=5.000 ep_len=500.0 pi_loss=-0.005 v_loss=0.135 ent=0.707 kl=0.0067
[upd  100 | steps   51200 | t   29.3s | sps  1747] ret_mean=23.500 ep_len=500.0 pi_loss=-0.006 v_loss=1.149 ent=0.673 kl=0.0021
        [eval] ret_mean=8.317 ep_len=500.0
[upd  101 | steps   51712 | t   33.5s | sps  1545] ret_mean=74.000 ep_len=500.0 pi_loss=-0.006 v_loss=3.878 ent=0.295 kl=0.0118
[upd  102 | steps   52224 | t   33.7s | sps  1552] ret_mean=0.000 ep_len=500.0 pi_loss=-0.004 v_loss=0.013 ent=0.717 kl=0.0059
[upd  103 | steps   52736 | t   33.8s | sps  1558] ret_mean=0.000 ep_len=500.0 pi_loss=-0.011 v_loss=0.003 ent=0.697 kl=0.0124
[upd  104 | steps   53248 | t   34.0s | sps  1565] ret_mean=0.000 ep_len=500.0 pi_loss=-0.008 v_loss=0.012 ent=0.368 kl=0.0096
[upd  105 | steps   53760 | t   34.2s | sps  1572] ret_mean=110.000 ep_len=500.0 pi_loss=-0.004 v_loss=6.006 ent=0.270 kl=0.0022
[upd  106 | steps   54272 | t   34.4s | sps  1579] ret_mean=94.000 ep_len=500.0 pi_loss=-0.003 v_loss=3.738 ent=0.550 kl=0.0023
[upd  107 | steps   54784 | t   34.6s | sps  1584] ret_mean=26.500 ep_len=500.0 pi_loss=-0.008 v_loss=1.058 ent=0.909 kl=0.0052
[upd  108 | steps   55296 | t   34.8s | sps  1591] ret_mean=17.500 ep_len=500.0 pi_loss=-0.005 v_loss=0.542 ent=0.589 kl=0.0172
[upd  109 | steps   55808 | t   34.9s | sps  1598] ret_mean=11.500 ep_len=500.0 pi_loss=-0.002 v_loss=0.326 ent=1.006 kl=0.0063
[upd  110 | steps   56320 | t   35.1s | sps  1604] ret_mean=0.000 ep_len=500.0 pi_loss=-0.004 v_loss=0.395 ent=0.924 kl=0.0050
[upd  111 | steps   56832 | t   35.3s | sps  1611] ret_mean=102.000 ep_len=500.0 pi_loss=-0.002 v_loss=4.376 ent=0.763 kl=0.0025
[upd  112 | steps   57344 | t   35.4s | sps  1618] ret_mean=0.000 ep_len=500.0 pi_loss=-0.002 v_loss=0.037 ent=0.806 kl=0.0052
[upd  113 | steps   57856 | t   35.6s | sps  1625] ret_mean=0.000 ep_len=500.0 pi_loss=-0.007 v_loss=0.014 ent=0.768 kl=0.0090
[upd  114 | steps   58368 | t   35.8s | sps  1632] ret_mean=0.000 ep_len=500.0 pi_loss=-0.006 v_loss=0.008 ent=0.828 kl=0.0219
[upd  115 | steps   58880 | t   35.9s | sps  1639] ret_mean=0.000 ep_len=500.0 pi_loss=-0.010 v_loss=0.006 ent=0.862 kl=0.0107
[upd  116 | steps   59392 | t   36.1s | sps  1646] ret_mean=0.000 ep_len=500.0 pi_loss=-0.005 v_loss=1.008 ent=0.861 kl=0.0082
[upd  117 | steps   59904 | t   36.2s | sps  1653] ret_mean=72.000 ep_len=500.0 pi_loss=-0.006 v_loss=1.968 ent=0.870 kl=0.0092
[upd  118 | steps   60416 | t   36.4s | sps  1659] ret_mean=0.000 ep_len=500.0 pi_loss=-0.006 v_loss=0.026 ent=0.963 kl=0.0038
[upd  119 | steps   60928 | t   36.6s | sps  1665] ret_mean=0.000 ep_len=500.0 pi_loss=-0.006 v_loss=0.584 ent=0.845 kl=0.0046
[upd  120 | steps   61440 | t   36.8s | sps  1671] ret_mean=38.000 ep_len=500.0 pi_loss=-0.006 v_loss=1.259 ent=0.840 kl=0.0043
[upd  121 | steps   61952 | t   36.9s | sps  1677] ret_mean=16.000 ep_len=500.0 pi_loss=-0.005 v_loss=0.008 ent=0.713 kl=0.0006
[upd  122 | steps   62464 | t   37.1s | sps  1683] ret_mean=0.000 ep_len=500.0 pi_loss=-0.009 v_loss=0.011 ent=0.949 kl=0.0045
[upd  123 | steps   62976 | t   37.3s | sps  1689] ret_mean=0.000 ep_len=500.0 pi_loss=-0.005 v_loss=3.163 ent=0.677 kl=0.0074
[upd  124 | steps   63488 | t   37.4s | sps  1696] ret_mean=99.000 ep_len=500.0 pi_loss=-0.010 v_loss=2.271 ent=0.524 kl=0.0112
[upd  125 | steps   64000 | t   37.6s | sps  1702] ret_mean=21.000 ep_len=500.0 pi_loss=-0.004 v_loss=0.011 ent=0.941 kl=0.0010
        [eval] ret_mean=8.317 ep_len=500.0
[upd  126 | steps   64512 | t   41.9s | sps  1539] ret_mean=0.000 ep_len=500.0 pi_loss=-0.016 v_loss=0.004 ent=0.838 kl=0.0127
[upd  127 | steps   65024 | t   42.1s | sps  1545] ret_mean=41.000 ep_len=500.0 pi_loss=-0.001 v_loss=1.818 ent=0.424 kl=0.0036
[upd  128 | steps   65536 | t   42.2s | sps  1551] ret_mean=7.500 ep_len=500.0 pi_loss=-0.004 v_loss=0.212 ent=0.541 kl=0.0059
[upd  129 | steps   66048 | t   42.4s | sps  1557] ret_mean=0.000 ep_len=500.0 pi_loss=-0.005 v_loss=0.304 ent=0.697 kl=0.0107
[upd  130 | steps   66560 | t   42.6s | sps  1562] ret_mean=121.500 ep_len=500.0 pi_loss=-0.006 v_loss=5.531 ent=0.480 kl=0.0045
[upd  131 | steps   67072 | t   42.8s | sps  1568] ret_mean=53.500 ep_len=500.0 pi_loss=-0.004 v_loss=2.036 ent=0.529 kl=0.0226
[upd  132 | steps   67584 | t   42.9s | sps  1574] ret_mean=4.000 ep_len=500.0 pi_loss=-0.005 v_loss=0.121 ent=0.558 kl=0.0074
[upd  133 | steps   68096 | t   43.1s | sps  1579] ret_mean=0.000 ep_len=500.0 pi_loss=-0.007 v_loss=0.039 ent=0.626 kl=0.0031
[upd  134 | steps   68608 | t   43.3s | sps  1585] ret_mean=71.000 ep_len=500.0 pi_loss=-0.009 v_loss=3.249 ent=0.603 kl=0.0144
[upd  135 | steps   69120 | t   43.5s | sps  1590] ret_mean=84.500 ep_len=500.0 pi_loss=-0.004 v_loss=4.596 ent=0.316 kl=0.0016
[upd  136 | steps   69632 | t   43.6s | sps  1596] ret_mean=62.500 ep_len=500.0 pi_loss=-0.002 v_loss=2.840 ent=0.289 kl=-0.0001
[upd  137 | steps   70144 | t   43.8s | sps  1601] ret_mean=116.000 ep_len=500.0 pi_loss=-0.007 v_loss=3.142 ent=0.507 kl=0.0004
[upd  138 | steps   70656 | t   44.0s | sps  1606] ret_mean=0.000 ep_len=500.0 pi_loss=-0.005 v_loss=1.317 ent=0.932 kl=0.0177
[upd  139 | steps   71168 | t   44.2s | sps  1611] ret_mean=121.500 ep_len=500.0 pi_loss=-0.002 v_loss=5.045 ent=0.505 kl=0.0004
[upd  140 | steps   71680 | t   44.3s | sps  1616] ret_mean=121.500 ep_len=500.0 pi_loss=-0.002 v_loss=3.137 ent=0.608 kl=0.0053
[upd  141 | steps   72192 | t   44.5s | sps  1622] ret_mean=0.000 ep_len=500.0 pi_loss=-0.005 v_loss=1.075 ent=0.540 kl=0.0022
[upd  142 | steps   72704 | t   44.7s | sps  1627] ret_mean=96.000 ep_len=500.0 pi_loss=-0.005 v_loss=4.643 ent=0.583 kl=0.0045
[upd  143 | steps   73216 | t   44.9s | sps  1632] ret_mean=71.000 ep_len=500.0 pi_loss=-0.004 v_loss=0.926 ent=0.552 kl=0.0096
[upd  144 | steps   73728 | t   45.0s | sps  1638] ret_mean=7.500 ep_len=500.0 pi_loss=-0.006 v_loss=0.291 ent=0.702 kl=0.0052
[upd  145 | steps   74240 | t   45.2s | sps  1643] ret_mean=0.000 ep_len=500.0 pi_loss=-0.006 v_loss=1.116 ent=0.636 kl=0.0068
[upd  146 | steps   74752 | t   45.3s | sps  1649] ret_mean=87.000 ep_len=500.0 pi_loss=-0.004 v_loss=2.560 ent=0.818 kl=0.0054
[upd  147 | steps   75264 | t   45.5s | sps  1654] ret_mean=0.000 ep_len=500.0 pi_loss=-0.010 v_loss=0.041 ent=0.975 kl=0.0123
[upd  148 | steps   75776 | t   45.7s | sps  1659] ret_mean=0.000 ep_len=500.0 pi_loss=-0.004 v_loss=2.914 ent=0.621 kl=0.0049
[upd  149 | steps   76288 | t   45.8s | sps  1665] ret_mean=118.000 ep_len=500.0 pi_loss=-0.002 v_loss=4.550 ent=0.400 kl=0.0070
[upd  150 | steps   76800 | t   46.0s | sps  1670] ret_mean=114.500 ep_len=500.0 pi_loss=0.000 v_loss=1.989 ent=0.342 kl=0.0019
        [eval] ret_mean=20.800 ep_len=500.0
[upd  151 | steps   77312 | t   49.9s | sps  1550] ret_mean=112.500 ep_len=500.0 pi_loss=0.000 v_loss=4.231 ent=0.345 kl=-0.0008
[upd  152 | steps   77824 | t   50.0s | sps  1556] ret_mean=0.000 ep_len=500.0 pi_loss=-0.010 v_loss=0.117 ent=0.935 kl=0.0091
[upd  153 | steps   78336 | t   50.2s | sps  1561] ret_mean=0.000 ep_len=500.0 pi_loss=-0.010 v_loss=0.092 ent=0.728 kl=0.0028
[upd  154 | steps   78848 | t   50.3s | sps  1566] ret_mean=0.000 ep_len=500.0 pi_loss=-0.008 v_loss=0.102 ent=0.689 kl=-0.0009
[upd  155 | steps   79360 | t   50.5s | sps  1571] ret_mean=0.000 ep_len=500.0 pi_loss=-0.007 v_loss=0.370 ent=0.540 kl=-0.0000
[upd  156 | steps   79872 | t   50.7s | sps  1576] ret_mean=116.000 ep_len=500.0 pi_loss=-0.003 v_loss=4.091 ent=0.273 kl=0.0021
[upd  157 | steps   80384 | t   50.9s | sps  1580] ret_mean=0.000 ep_len=500.0 pi_loss=-0.007 v_loss=0.097 ent=0.874 kl=0.0073
[upd  158 | steps   80896 | t   51.1s | sps  1585] ret_mean=7.500 ep_len=500.0 pi_loss=-0.004 v_loss=0.551 ent=0.590 kl=-0.0011
[upd  159 | steps   81408 | t   51.3s | sps  1588] ret_mean=58.500 ep_len=500.0 pi_loss=-0.004 v_loss=1.973 ent=0.496 kl=0.0081
[upd  160 | steps   81920 | t   51.4s | sps  1593] ret_mean=93.000 ep_len=500.0 pi_loss=-0.015 v_loss=4.035 ent=0.293 kl=0.0282
[upd  161 | steps   82432 | t   51.6s | sps  1599] ret_mean=0.000 ep_len=500.0 pi_loss=-0.004 v_loss=0.040 ent=0.519 kl=0.0054
[upd  162 | steps   82944 | t   51.7s | sps  1604] ret_mean=41.500 ep_len=500.0 pi_loss=-0.007 v_loss=1.880 ent=0.626 kl=0.0093
[upd  163 | steps   83456 | t   51.9s | sps  1609] ret_mean=80.500 ep_len=500.0 pi_loss=-0.008 v_loss=3.405 ent=0.577 kl=0.0042
[upd  164 | steps   83968 | t   52.0s | sps  1614] ret_mean=0.000 ep_len=500.0 pi_loss=-0.018 v_loss=0.051 ent=0.520 kl=0.0452
[upd  165 | steps   84480 | t   52.3s | sps  1616] ret_mean=0.000 ep_len=500.0 pi_loss=-0.011 v_loss=1.681 ent=0.666 kl=0.0751
[upd  166 | steps   84992 | t   52.5s | sps  1618] ret_mean=102.500 ep_len=500.0 pi_loss=-0.004 v_loss=4.684 ent=0.237 kl=-0.0002
[upd  167 | steps   85504 | t   52.8s | sps  1619] ret_mean=124.500 ep_len=500.0 pi_loss=-0.010 v_loss=3.027 ent=0.537 kl=0.0128
[upd  168 | steps   86016 | t   53.1s | sps  1620] ret_mean=0.000 ep_len=500.0 pi_loss=-0.002 v_loss=1.165 ent=0.634 kl=0.0042
[upd  169 | steps   86528 | t   53.3s | sps  1624] ret_mean=97.000 ep_len=500.0 pi_loss=-0.003 v_loss=2.450 ent=0.327 kl=-0.0028
[upd  170 | steps   87040 | t   53.5s | sps  1628] ret_mean=0.000 ep_len=500.0 pi_loss=-0.004 v_loss=0.082 ent=0.494 kl=0.0042
[upd  171 | steps   87552 | t   53.6s | sps  1633] ret_mean=0.000 ep_len=500.0 pi_loss=-0.004 v_loss=3.995 ent=0.539 kl=0.0034
[upd  172 | steps   88064 | t   53.8s | sps  1637] ret_mean=178.500 ep_len=500.0 pi_loss=-0.006 v_loss=9.682 ent=0.409 kl=0.0128
[upd  173 | steps   88576 | t   54.0s | sps  1642] ret_mean=0.000 ep_len=500.0 pi_loss=-0.005 v_loss=0.062 ent=0.675 kl=0.0001
[upd  174 | steps   89088 | t   54.1s | sps  1646] ret_mean=0.000 ep_len=500.0 pi_loss=-0.007 v_loss=0.022 ent=1.015 kl=0.0077
[upd  175 | steps   89600 | t   54.3s | sps  1649] ret_mean=19.500 ep_len=500.0 pi_loss=-0.006 v_loss=4.194 ent=0.660 kl=0.0027
        [eval] ret_mean=4.167 ep_len=500.0
[upd  176 | steps   90112 | t   58.8s | sps  1532] ret_mean=0.000 ep_len=500.0 pi_loss=-0.011 v_loss=0.031 ent=0.813 kl=-0.0008
[upd  177 | steps   90624 | t   59.0s | sps  1536] ret_mean=0.000 ep_len=500.0 pi_loss=-0.006 v_loss=0.018 ent=1.090 kl=0.0091
[upd  178 | steps   91136 | t   59.1s | sps  1541] ret_mean=107.000 ep_len=500.0 pi_loss=-0.005 v_loss=5.541 ent=0.306 kl=0.0032
[upd  179 | steps   91648 | t   59.3s | sps  1545] ret_mean=150.500 ep_len=500.0 pi_loss=-0.003 v_loss=9.432 ent=0.228 kl=0.0032
[upd  180 | steps   92160 | t   59.5s | sps  1550] ret_mean=85.500 ep_len=500.0 pi_loss=-0.003 v_loss=4.130 ent=0.652 kl=0.0029
[upd  181 | steps   92672 | t   59.6s | sps  1554] ret_mean=26.500 ep_len=500.0 pi_loss=-0.006 v_loss=1.681 ent=0.447 kl=0.0015
[upd  182 | steps   93184 | t   59.8s | sps  1558] ret_mean=123.000 ep_len=500.0 pi_loss=-0.004 v_loss=4.634 ent=0.607 kl=-0.0008
[upd  183 | steps   93696 | t   60.0s | sps  1562] ret_mean=0.000 ep_len=500.0 pi_loss=-0.004 v_loss=0.028 ent=0.993 kl=0.0045
[upd  184 | steps   94208 | t   60.1s | sps  1567] ret_mean=92.500 ep_len=500.0 pi_loss=-0.006 v_loss=4.493 ent=0.424 kl=0.0097
[upd  185 | steps   94720 | t   60.3s | sps  1571] ret_mean=21.500 ep_len=500.0 pi_loss=-0.004 v_loss=0.973 ent=0.544 kl=0.0124
[upd  186 | steps   95232 | t   60.5s | sps  1575] ret_mean=0.000 ep_len=500.0 pi_loss=-0.006 v_loss=1.226 ent=0.683 kl=0.0140
[upd  187 | steps   95744 | t   60.6s | sps  1579] ret_mean=178.000 ep_len=500.0 pi_loss=-0.004 v_loss=12.521 ent=0.394 kl=0.0106
[upd  188 | steps   96256 | t   60.8s | sps  1583] ret_mean=0.000 ep_len=500.0 pi_loss=-0.006 v_loss=0.020 ent=0.900 kl=0.0055
[upd  189 | steps   96768 | t   61.0s | sps  1587] ret_mean=0.000 ep_len=500.0 pi_loss=-0.003 v_loss=0.037 ent=0.316 kl=0.0021
[upd  190 | steps   97280 | t   61.1s | sps  1591] ret_mean=0.000 ep_len=500.0 pi_loss=-0.012 v_loss=1.996 ent=0.371 kl=0.0347
[upd  191 | steps   97792 | t   61.3s | sps  1595] ret_mean=122.500 ep_len=500.0 pi_loss=-0.004 v_loss=3.063 ent=0.481 kl=0.0030
[upd  192 | steps   98304 | t   61.5s | sps  1599] ret_mean=61.500 ep_len=500.0 pi_loss=-0.004 v_loss=2.926 ent=0.660 kl=0.0004
[upd  193 | steps   98816 | t   61.7s | sps  1603] ret_mean=0.000 ep_len=500.0 pi_loss=-0.006 v_loss=0.020 ent=0.837 kl=0.0062
[upd  194 | steps   99328 | t   61.8s | sps  1607] ret_mean=0.000 ep_len=500.0 pi_loss=-0.004 v_loss=1.929 ent=0.630 kl=0.0111
[upd  195 | steps   99840 | t   62.0s | sps  1611] ret_mean=107.000 ep_len=500.0 pi_loss=-0.003 v_loss=3.328 ent=0.586 kl=0.0102
[upd  196 | steps  100352 | t   62.2s | sps  1615] ret_mean=95.500 ep_len=500.0 pi_loss=-0.005 v_loss=5.532 ent=0.454 kl=0.0083
[upd  197 | steps  100864 | t   62.3s | sps  1619] ret_mean=10.500 ep_len=500.0 pi_loss=-0.002 v_loss=5.216 ent=0.555 kl=0.0052
[upd  198 | steps  101376 | t   62.5s | sps  1623] ret_mean=183.000 ep_len=500.0 pi_loss=-0.004 v_loss=11.885 ent=0.381 kl=0.0074
[upd  199 | steps  101888 | t   62.6s | sps  1627] ret_mean=55.500 ep_len=500.0 pi_loss=-0.009 v_loss=2.746 ent=0.601 kl=0.0175
[upd  200 | steps  102400 | t   62.8s | sps  1630] ret_mean=73.000 ep_len=500.0 pi_loss=-0.006 v_loss=0.317 ent=0.835 kl=0.0093
        [eval] ret_mean=12.450 ep_len=500.0
[upd  201 | steps  102912 | t   66.9s | sps  1539] ret_mean=91.500 ep_len=500.0 pi_loss=-0.006 v_loss=3.723 ent=0.585 kl=0.0016
[upd  202 | steps  103424 | t   67.0s | sps  1543] ret_mean=0.000 ep_len=500.0 pi_loss=-0.010 v_loss=0.275 ent=0.800 kl=0.0105
[upd  203 | steps  103936 | t   67.2s | sps  1547] ret_mean=59.000 ep_len=500.0 pi_loss=-0.005 v_loss=1.874 ent=0.700 kl=0.0093
[upd  204 | steps  104448 | t   67.4s | sps  1551] ret_mean=0.000 ep_len=500.0 pi_loss=-0.009 v_loss=0.051 ent=0.832 kl=0.0032
[upd  205 | steps  104960 | t   67.5s | sps  1554] ret_mean=0.000 ep_len=500.0 pi_loss=-0.006 v_loss=0.055 ent=0.889 kl=-0.0014
[upd  206 | steps  105472 | t   67.7s | sps  1558] ret_mean=74.000 ep_len=500.0 pi_loss=-0.005 v_loss=3.721 ent=0.703 kl=0.0026
[upd  207 | steps  105984 | t   67.8s | sps  1562] ret_mean=94.000 ep_len=500.0 pi_loss=-0.004 v_loss=4.247 ent=0.732 kl=0.0089
[upd  208 | steps  106496 | t   68.0s | sps  1566] ret_mean=0.000 ep_len=500.0 pi_loss=-0.005 v_loss=0.405 ent=0.867 kl=0.0031
[upd  209 | steps  107008 | t   68.2s | sps  1570] ret_mean=53.500 ep_len=500.0 pi_loss=-0.007 v_loss=1.898 ent=0.738 kl=0.0126
[upd  210 | steps  107520 | t   68.3s | sps  1574] ret_mean=29.500 ep_len=500.0 pi_loss=-0.011 v_loss=1.273 ent=0.817 kl=0.0053
[upd  211 | steps  108032 | t   68.5s | sps  1577] ret_mean=67.500 ep_len=500.0 pi_loss=-0.005 v_loss=2.539 ent=0.706 kl=0.0049
[upd  212 | steps  108544 | t   68.7s | sps  1581] ret_mean=5.500 ep_len=500.0 pi_loss=-0.008 v_loss=0.356 ent=1.010 kl=0.0125
[upd  213 | steps  109056 | t   68.8s | sps  1585] ret_mean=35.500 ep_len=500.0 pi_loss=-0.005 v_loss=1.982 ent=0.863 kl=0.0085
[upd  214 | steps  109568 | t   69.0s | sps  1588] ret_mean=98.500 ep_len=500.0 pi_loss=-0.007 v_loss=4.455 ent=0.593 kl=0.0161
[upd  215 | steps  110080 | t   69.3s | sps  1589] ret_mean=157.500 ep_len=500.0 pi_loss=-0.002 v_loss=10.191 ent=0.573 kl=0.0041
[upd  216 | steps  110592 | t   69.5s | sps  1591] ret_mean=0.000 ep_len=500.0 pi_loss=-0.009 v_loss=1.247 ent=1.016 kl=0.0058
[upd  217 | steps  111104 | t   69.7s | sps  1593] ret_mean=109.000 ep_len=500.0 pi_loss=-0.014 v_loss=3.472 ent=0.744 kl=0.0158
[upd  218 | steps  111616 | t   69.9s | sps  1596] ret_mean=61.000 ep_len=500.0 pi_loss=-0.007 v_loss=3.205 ent=0.796 kl=0.0044
[upd  219 | steps  112128 | t   70.1s | sps  1599] ret_mean=59.000 ep_len=500.0 pi_loss=-0.006 v_loss=1.948 ent=0.877 kl=0.0103
[upd  220 | steps  112640 | t   70.3s | sps  1602] ret_mean=73.500 ep_len=500.0 pi_loss=-0.002 v_loss=1.495 ent=0.984 kl=0.0048
[upd  221 | steps  113152 | t   70.6s | sps  1603] ret_mean=34.000 ep_len=500.0 pi_loss=-0.006 v_loss=3.545 ent=0.781 kl=0.0039
[upd  222 | steps  113664 | t   70.8s | sps  1606] ret_mean=123.500 ep_len=500.0 pi_loss=-0.006 v_loss=2.133 ent=0.877 kl=-0.0015
[upd  223 | steps  114176 | t   71.0s | sps  1609] ret_mean=1.500 ep_len=500.0 pi_loss=-0.010 v_loss=1.634 ent=1.016 kl=0.0123
[upd  224 | steps  114688 | t   71.1s | sps  1612] ret_mean=91.000 ep_len=500.0 pi_loss=-0.005 v_loss=11.514 ent=0.415 kl=0.0204
[upd  225 | steps  115200 | t   71.3s | sps  1615] ret_mean=231.000 ep_len=500.0 pi_loss=-0.004 v_loss=7.135 ent=0.690 kl=0.0154
        [eval] ret_mean=16.650 ep_len=500.0
[upd  226 | steps  115712 | t   75.4s | sps  1535] ret_mean=0.000 ep_len=500.0 pi_loss=-0.006 v_loss=0.179 ent=0.899 kl=0.0048
[upd  227 | steps  116224 | t   75.5s | sps  1539] ret_mean=114.500 ep_len=500.0 pi_loss=-0.001 v_loss=4.677 ent=0.597 kl=0.0013
[upd  228 | steps  116736 | t   75.7s | sps  1542] ret_mean=69.000 ep_len=500.0 pi_loss=-0.013 v_loss=2.621 ent=0.631 kl=0.0141
[upd  229 | steps  117248 | t   75.9s | sps  1546] ret_mean=118.000 ep_len=500.0 pi_loss=-0.006 v_loss=4.022 ent=0.573 kl=0.0048
[upd  230 | steps  117760 | t   76.0s | sps  1549] ret_mean=100.000 ep_len=500.0 pi_loss=-0.005 v_loss=3.784 ent=0.832 kl=0.0085
[upd  231 | steps  118272 | t   76.2s | sps  1553] ret_mean=81.000 ep_len=500.0 pi_loss=-0.004 v_loss=3.155 ent=0.492 kl=0.0039
[upd  232 | steps  118784 | t   76.3s | sps  1556] ret_mean=108.500 ep_len=500.0 pi_loss=-0.007 v_loss=3.440 ent=0.744 kl=0.0059
[upd  233 | steps  119296 | t   76.5s | sps  1560] ret_mean=95.500 ep_len=500.0 pi_loss=-0.006 v_loss=4.443 ent=0.688 kl=0.0070
[upd  234 | steps  119808 | t   76.6s | sps  1563] ret_mean=124.500 ep_len=500.0 pi_loss=-0.008 v_loss=6.304 ent=0.684 kl=0.0119
[upd  235 | steps  120320 | t   76.8s | sps  1567] ret_mean=214.000 ep_len=500.0 pi_loss=-0.003 v_loss=12.181 ent=0.268 kl=0.0035
[upd  236 | steps  120832 | t   77.0s | sps  1570] ret_mean=0.000 ep_len=500.0 pi_loss=-0.005 v_loss=0.185 ent=0.930 kl=0.0029
[upd  237 | steps  121344 | t   77.1s | sps  1574] ret_mean=78.000 ep_len=500.0 pi_loss=-0.008 v_loss=5.936 ent=0.642 kl=0.0158
[upd  238 | steps  121856 | t   77.3s | sps  1577] ret_mean=215.500 ep_len=500.0 pi_loss=-0.002 v_loss=11.200 ent=0.338 kl=0.0069
[upd  239 | steps  122368 | t   77.4s | sps  1581] ret_mean=106.500 ep_len=500.0 pi_loss=-0.003 v_loss=7.665 ent=0.541 kl=0.0059
[upd  240 | steps  122880 | t   77.6s | sps  1584] ret_mean=83.500 ep_len=500.0 pi_loss=-0.008 v_loss=4.608 ent=0.526 kl=0.0081
[upd  241 | steps  123392 | t   77.7s | sps  1587] ret_mean=96.500 ep_len=500.0 pi_loss=-0.002 v_loss=2.134 ent=0.627 kl=0.0043
[upd  242 | steps  123904 | t   77.9s | sps  1591] ret_mean=0.000 ep_len=500.0 pi_loss=-0.006 v_loss=1.444 ent=0.971 kl=0.0021
[upd  243 | steps  124416 | t   78.0s | sps  1594] ret_mean=109.000 ep_len=500.0 pi_loss=-0.005 v_loss=2.135 ent=0.515 kl=0.0045
[upd  244 | steps  124928 | t   78.2s | sps  1598] ret_mean=18.500 ep_len=500.0 pi_loss=-0.007 v_loss=2.812 ent=0.770 kl=0.0111
[upd  245 | steps  125440 | t   78.4s | sps  1601] ret_mean=119.500 ep_len=500.0 pi_loss=-0.003 v_loss=2.574 ent=0.791 kl=0.0088
[upd  246 | steps  125952 | t   78.5s | sps  1604] ret_mean=0.000 ep_len=500.0 pi_loss=-0.011 v_loss=0.098 ent=1.070 kl=0.0029
[upd  247 | steps  126464 | t   78.7s | sps  1607] ret_mean=56.000 ep_len=500.0 pi_loss=-0.006 v_loss=4.085 ent=0.726 kl=0.0083
[upd  248 | steps  126976 | t   78.9s | sps  1610] ret_mean=108.000 ep_len=500.0 pi_loss=-0.002 v_loss=3.324 ent=0.661 kl=0.0047
[upd  249 | steps  127488 | t   79.0s | sps  1613] ret_mean=160.000 ep_len=500.0 pi_loss=-0.004 v_loss=7.633 ent=0.593 kl=0.0091
[upd  250 | steps  128000 | t   79.2s | sps  1616] ret_mean=25.500 ep_len=500.0 pi_loss=-0.006 v_loss=1.723 ent=1.066 kl=0.0076
        [eval] ret_mean=29.167 ep_len=500.0
[upd  251 | steps  128512 | t   83.2s | sps  1545] ret_mean=114.000 ep_len=500.0 pi_loss=-0.007 v_loss=3.348 ent=0.672 kl=0.0071
[upd  252 | steps  129024 | t   83.3s | sps  1548] ret_mean=99.500 ep_len=500.0 pi_loss=-0.009 v_loss=2.907 ent=0.776 kl=0.0001
[upd  253 | steps  129536 | t   83.5s | sps  1551] ret_mean=204.000 ep_len=500.0 pi_loss=-0.009 v_loss=11.530 ent=0.296 kl=0.0080
[upd  254 | steps  130048 | t   83.7s | sps  1555] ret_mean=0.000 ep_len=500.0 pi_loss=-0.003 v_loss=0.170 ent=1.145 kl=0.0055
[upd  255 | steps  130560 | t   83.8s | sps  1558] ret_mean=210.500 ep_len=500.0 pi_loss=-0.005 v_loss=15.675 ent=0.264 kl=0.0031
[upd  256 | steps  131072 | t   84.0s | sps  1561] ret_mean=60.500 ep_len=500.0 pi_loss=-0.008 v_loss=2.201 ent=0.880 kl=0.0083
[upd  257 | steps  131584 | t   84.1s | sps  1564] ret_mean=0.000 ep_len=500.0 pi_loss=-0.011 v_loss=0.209 ent=1.340 kl=0.0039
[upd  258 | steps  132096 | t   84.3s | sps  1567] ret_mean=89.500 ep_len=500.0 pi_loss=-0.011 v_loss=3.358 ent=0.891 kl=0.0116
[upd  259 | steps  132608 | t   84.5s | sps  1570] ret_mean=84.500 ep_len=500.0 pi_loss=-0.007 v_loss=3.642 ent=0.880 kl=0.0073
[upd  260 | steps  133120 | t   84.6s | sps  1573] ret_mean=108.500 ep_len=500.0 pi_loss=-0.014 v_loss=3.365 ent=0.806 kl=0.0061
[upd  261 | steps  133632 | t   84.8s | sps  1576] ret_mean=174.000 ep_len=500.0 pi_loss=-0.006 v_loss=9.731 ent=0.537 kl=0.0044
[upd  262 | steps  134144 | t   84.9s | sps  1579] ret_mean=103.000 ep_len=500.0 pi_loss=-0.007 v_loss=2.915 ent=0.913 kl=0.0089
[upd  263 | steps  134656 | t   85.1s | sps  1582] ret_mean=93.000 ep_len=500.0 pi_loss=-0.005 v_loss=3.458 ent=0.802 kl=0.0008
[upd  264 | steps  135168 | t   85.3s | sps  1585] ret_mean=115.500 ep_len=500.0 pi_loss=-0.003 v_loss=2.210 ent=0.980 kl=0.0038
[upd  265 | steps  135680 | t   85.4s | sps  1588] ret_mean=0.000 ep_len=500.0 pi_loss=-0.006 v_loss=1.313 ent=1.297 kl=0.0065
[upd  266 | steps  136192 | t   85.6s | sps  1591] ret_mean=153.000 ep_len=500.0 pi_loss=-0.008 v_loss=9.112 ent=0.545 kl=0.0049
[upd  267 | steps  136704 | t   85.7s | sps  1594] ret_mean=194.000 ep_len=500.0 pi_loss=-0.001 v_loss=8.987 ent=0.359 kl=-0.0003
[upd  268 | steps  137216 | t   85.9s | sps  1597] ret_mean=120.500 ep_len=500.0 pi_loss=-0.003 v_loss=2.710 ent=0.872 kl=0.0009
[upd  269 | steps  137728 | t   86.1s | sps  1600] ret_mean=101.000 ep_len=500.0 pi_loss=-0.003 v_loss=2.839 ent=0.767 kl=-0.0002
[upd  270 | steps  138240 | t   86.2s | sps  1603] ret_mean=120.500 ep_len=500.0 pi_loss=-0.006 v_loss=2.852 ent=0.761 kl=0.0073
[upd  271 | steps  138752 | t   86.4s | sps  1606] ret_mean=111.500 ep_len=500.0 pi_loss=-0.003 v_loss=3.348 ent=0.997 kl=0.0037
[upd  272 | steps  139264 | t   86.6s | sps  1609] ret_mean=59.000 ep_len=500.0 pi_loss=-0.005 v_loss=3.160 ent=1.105 kl=0.0068
[upd  273 | steps  139776 | t   86.7s | sps  1612] ret_mean=13.500 ep_len=500.0 pi_loss=-0.008 v_loss=3.668 ent=0.932 kl=0.0148
[upd  274 | steps  140288 | t   86.9s | sps  1615] ret_mean=123.500 ep_len=500.0 pi_loss=-0.007 v_loss=2.827 ent=0.774 kl=0.0042
[upd  275 | steps  140800 | t   87.0s | sps  1618] ret_mean=121.000 ep_len=500.0 pi_loss=-0.008 v_loss=2.825 ent=1.042 kl=0.0079
        [eval] ret_mean=20.800 ep_len=500.0
[upd  276 | steps  141312 | t   90.8s | sps  1556] ret_mean=0.000 ep_len=500.0 pi_loss=-0.009 v_loss=1.226 ent=1.445 kl=0.0029
[upd  277 | steps  141824 | t   91.0s | sps  1559] ret_mean=58.000 ep_len=500.0 pi_loss=-0.005 v_loss=2.774 ent=1.184 kl=0.0011
[upd  278 | steps  142336 | t   91.1s | sps  1562] ret_mean=198.500 ep_len=500.0 pi_loss=-0.005 v_loss=11.066 ent=0.352 kl=0.0022
[upd  279 | steps  142848 | t   91.3s | sps  1564] ret_mean=83.500 ep_len=500.0 pi_loss=-0.007 v_loss=2.496 ent=0.925 kl=0.0126
[upd  280 | steps  143360 | t   91.5s | sps  1566] ret_mean=113.000 ep_len=500.0 pi_loss=-0.011 v_loss=2.759 ent=0.742 kl=0.0145
[upd  281 | steps  143872 | t   91.7s | sps  1569] ret_mean=121.000 ep_len=500.0 pi_loss=-0.006 v_loss=2.194 ent=0.887 kl=0.0068
[upd  282 | steps  144384 | t   91.9s | sps  1572] ret_mean=178.500 ep_len=500.0 pi_loss=-0.004 v_loss=10.026 ent=0.401 kl=0.0059
[upd  283 | steps  144896 | t   92.0s | sps  1574] ret_mean=46.500 ep_len=500.0 pi_loss=-0.005 v_loss=3.021 ent=0.969 kl=0.0034
[upd  284 | steps  145408 | t   92.2s | sps  1577] ret_mean=123.500 ep_len=500.0 pi_loss=-0.011 v_loss=3.300 ent=0.637 kl=0.0022
[upd  285 | steps  145920 | t   92.3s | sps  1580] ret_mean=178.000 ep_len=500.0 pi_loss=-0.007 v_loss=5.940 ent=0.352 kl=0.0053
[upd  286 | steps  146432 | t   92.5s | sps  1583] ret_mean=135.500 ep_len=500.0 pi_loss=-0.002 v_loss=6.034 ent=0.505 kl=-0.0003
[upd  287 | steps  146944 | t   92.7s | sps  1586] ret_mean=192.000 ep_len=500.0 pi_loss=-0.004 v_loss=9.159 ent=0.440 kl=0.0014
[upd  288 | steps  147456 | t   92.8s | sps  1588] ret_mean=0.000 ep_len=500.0 pi_loss=-0.005 v_loss=2.341 ent=1.111 kl=0.0007
[upd  289 | steps  147968 | t   93.0s | sps  1591] ret_mean=104.000 ep_len=500.0 pi_loss=-0.004 v_loss=3.422 ent=0.590 kl=-0.0045
[upd  290 | steps  148480 | t   93.2s | sps  1594] ret_mean=119.500 ep_len=500.0 pi_loss=-0.007 v_loss=3.160 ent=0.846 kl=0.0008
[upd  291 | steps  148992 | t   93.4s | sps  1596] ret_mean=0.000 ep_len=500.0 pi_loss=-0.007 v_loss=1.794 ent=1.089 kl=0.0169
[upd  292 | steps  149504 | t   93.5s | sps  1598] ret_mean=82.500 ep_len=500.0 pi_loss=-0.007 v_loss=3.056 ent=0.483 kl=0.0005
[upd  293 | steps  150016 | t   93.7s | sps  1601] ret_mean=118.500 ep_len=500.0 pi_loss=-0.002 v_loss=6.273 ent=0.392 kl=0.0021
[upd  294 | steps  150528 | t   93.9s | sps  1603] ret_mean=227.500 ep_len=500.0 pi_loss=-0.003 v_loss=8.991 ent=0.264 kl=0.0087
[upd  295 | steps  151040 | t   94.0s | sps  1606] ret_mean=128.000 ep_len=500.0 pi_loss=-0.001 v_loss=7.593 ent=0.467 kl=0.0093
[upd  296 | steps  151552 | t   94.2s | sps  1609] ret_mean=78.000 ep_len=500.0 pi_loss=-0.008 v_loss=6.636 ent=0.618 kl=0.0073
[upd  297 | steps  152064 | t   94.3s | sps  1612] ret_mean=222.000 ep_len=500.0 pi_loss=-0.003 v_loss=11.767 ent=0.099 kl=0.0020
[upd  298 | steps  152576 | t   94.5s | sps  1614] ret_mean=247.500 ep_len=500.0 pi_loss=-0.001 v_loss=8.872 ent=0.293 kl=0.0005
[upd  299 | steps  153088 | t   94.7s | sps  1617] ret_mean=61.000 ep_len=500.0 pi_loss=-0.006 v_loss=3.207 ent=0.919 kl=0.0033
[upd  300 | steps  153600 | t   94.8s | sps  1619] ret_mean=30.500 ep_len=500.0 pi_loss=-0.010 v_loss=6.034 ent=0.569 kl=0.0166
        [eval] ret_mean=53.517 ep_len=500.0
[upd  301 | steps  154112 | t   98.8s | sps  1560] ret_mean=123.500 ep_len=500.0 pi_loss=-0.008 v_loss=2.934 ent=0.583 kl=0.0003
[upd  302 | steps  154624 | t   98.9s | sps  1563] ret_mean=1.500 ep_len=500.0 pi_loss=-0.006 v_loss=3.899 ent=1.045 kl=0.0050
[upd  303 | steps  155136 | t   99.1s | sps  1565] ret_mean=52.000 ep_len=500.0 pi_loss=-0.002 v_loss=5.335 ent=0.813 kl=0.0017
[upd  304 | steps  155648 | t   99.3s | sps  1568] ret_mean=152.500 ep_len=500.0 pi_loss=-0.005 v_loss=8.585 ent=0.351 kl=0.0043
[upd  305 | steps  156160 | t   99.4s | sps  1570] ret_mean=196.000 ep_len=500.0 pi_loss=-0.002 v_loss=9.799 ent=0.272 kl=0.0048
[upd  306 | steps  156672 | t   99.6s | sps  1572] ret_mean=199.500 ep_len=500.0 pi_loss=-0.002 v_loss=10.006 ent=0.282 kl=0.0077
[upd  307 | steps  157184 | t   99.9s | sps  1574] ret_mean=198.500 ep_len=500.0 pi_loss=-0.004 v_loss=14.666 ent=0.140 kl=-0.0013
[upd  308 | steps  157696 | t  100.1s | sps  1576] ret_mean=200.000 ep_len=500.0 pi_loss=-0.005 v_loss=5.425 ent=0.392 kl=0.0066
[upd  309 | steps  158208 | t  100.2s | sps  1578] ret_mean=81.500 ep_len=500.0 pi_loss=-0.009 v_loss=4.218 ent=0.701 kl=0.0072
[upd  310 | steps  158720 | t  100.4s | sps  1581] ret_mean=206.500 ep_len=500.0 pi_loss=-0.006 v_loss=11.687 ent=0.229 kl=0.0160
[upd  311 | steps  159232 | t  100.5s | sps  1584] ret_mean=242.500 ep_len=500.0 pi_loss=-0.002 v_loss=11.223 ent=0.197 kl=-0.0005
[upd  312 | steps  159744 | t  100.7s | sps  1586] ret_mean=178.000 ep_len=500.0 pi_loss=-0.011 v_loss=5.219 ent=0.452 kl=0.0091
[upd  313 | steps  160256 | t  100.9s | sps  1589] ret_mean=86.000 ep_len=500.0 pi_loss=-0.002 v_loss=4.709 ent=0.646 kl=0.0106
[upd  314 | steps  160768 | t  101.0s | sps  1592] ret_mean=204.000 ep_len=500.0 pi_loss=-0.002 v_loss=9.366 ent=0.400 kl=0.0119
[upd  315 | steps  161280 | t  101.2s | sps  1594] ret_mean=98.500 ep_len=500.0 pi_loss=-0.008 v_loss=7.776 ent=0.599 kl=0.0094
[upd  316 | steps  161792 | t  101.4s | sps  1596] ret_mean=115.500 ep_len=500.0 pi_loss=-0.005 v_loss=8.825 ent=0.749 kl=0.0030
[upd  317 | steps  162304 | t  101.5s | sps  1598] ret_mean=157.500 ep_len=500.0 pi_loss=-0.003 v_loss=10.216 ent=0.320 kl=0.0056
[upd  318 | steps  162816 | t  101.7s | sps  1601] ret_mean=189.000 ep_len=500.0 pi_loss=-0.010 v_loss=6.551 ent=0.341 kl=0.0072
[upd  319 | steps  163328 | t  101.9s | sps  1603] ret_mean=171.500 ep_len=500.0 pi_loss=-0.002 v_loss=9.664 ent=0.484 kl=0.0054
[upd  320 | steps  163840 | t  102.0s | sps  1606] ret_mean=103.500 ep_len=500.0 pi_loss=-0.006 v_loss=5.709 ent=0.596 kl=-0.0001
[upd  321 | steps  164352 | t  102.2s | sps  1608] ret_mean=159.500 ep_len=500.0 pi_loss=-0.004 v_loss=8.940 ent=0.721 kl=0.0043
[upd  322 | steps  164864 | t  102.4s | sps  1610] ret_mean=51.500 ep_len=500.0 pi_loss=-0.009 v_loss=5.758 ent=0.631 kl=0.0057
[upd  323 | steps  165376 | t  102.6s | sps  1612] ret_mean=22.000 ep_len=500.0 pi_loss=-0.008 v_loss=6.616 ent=0.756 kl=0.0090
[upd  324 | steps  165888 | t  102.8s | sps  1613] ret_mean=71.500 ep_len=500.0 pi_loss=-0.007 v_loss=4.096 ent=0.874 kl=0.0053
[upd  325 | steps  166400 | t  103.0s | sps  1615] ret_mean=55.000 ep_len=500.0 pi_loss=-0.002 v_loss=5.989 ent=0.408 kl=0.0017
        [eval] ret_mean=37.183 ep_len=500.0
[upd  326 | steps  166912 | t  107.4s | sps  1554] ret_mean=193.000 ep_len=500.0 pi_loss=-0.004 v_loss=11.072 ent=0.403 kl=-0.0010
[upd  327 | steps  167424 | t  107.6s | sps  1556] ret_mean=148.500 ep_len=500.0 pi_loss=-0.003 v_loss=6.101 ent=0.612 kl=0.0039
[upd  328 | steps  167936 | t  107.8s | sps  1558] ret_mean=71.500 ep_len=500.0 pi_loss=-0.004 v_loss=7.539 ent=0.849 kl=0.0056
[upd  329 | steps  168448 | t  107.9s | sps  1561] ret_mean=188.500 ep_len=500.0 pi_loss=-0.004 v_loss=9.420 ent=0.426 kl=-0.0022
[upd  330 | steps  168960 | t  108.1s | sps  1563] ret_mean=92.000 ep_len=500.0 pi_loss=-0.010 v_loss=5.155 ent=0.851 kl=0.0070
[upd  331 | steps  169472 | t  108.3s | sps  1565] ret_mean=87.500 ep_len=500.0 pi_loss=-0.005 v_loss=9.625 ent=0.822 kl=0.0044
[upd  332 | steps  169984 | t  108.4s | sps  1568] ret_mean=29.500 ep_len=500.0 pi_loss=-0.010 v_loss=6.387 ent=0.876 kl=0.0003
[upd  333 | steps  170496 | t  108.6s | sps  1570] ret_mean=166.000 ep_len=500.0 pi_loss=-0.009 v_loss=6.195 ent=0.645 kl=0.0157
[upd  334 | steps  171008 | t  108.8s | sps  1572] ret_mean=92.500 ep_len=500.0 pi_loss=-0.006 v_loss=4.379 ent=0.839 kl=0.0201
[upd  335 | steps  171520 | t  109.0s | sps  1574] ret_mean=44.500 ep_len=500.0 pi_loss=-0.004 v_loss=5.664 ent=1.013 kl=0.0054
[upd  336 | steps  172032 | t  109.2s | sps  1576] ret_mean=101.000 ep_len=500.0 pi_loss=-0.006 v_loss=4.678 ent=0.921 kl=-0.0002
[upd  337 | steps  172544 | t  109.4s | sps  1577] ret_mean=0.000 ep_len=500.0 pi_loss=-0.004 v_loss=4.784 ent=0.941 kl=0.0035
[upd  338 | steps  173056 | t  109.6s | sps  1579] ret_mean=242.000 ep_len=500.0 pi_loss=-0.004 v_loss=9.865 ent=0.437 kl=0.0013
[upd  339 | steps  173568 | t  109.7s | sps  1582] ret_mean=145.000 ep_len=500.0 pi_loss=-0.004 v_loss=9.309 ent=0.645 kl=0.0088
[upd  340 | steps  174080 | t  109.9s | sps  1584] ret_mean=80.000 ep_len=500.0 pi_loss=-0.006 v_loss=3.643 ent=0.980 kl=0.0037
[upd  341 | steps  174592 | t  110.1s | sps  1586] ret_mean=83.000 ep_len=500.0 pi_loss=-0.007 v_loss=11.081 ent=0.564 kl=0.0001
[upd  342 | steps  175104 | t  110.3s | sps  1588] ret_mean=219.000 ep_len=500.0 pi_loss=-0.001 v_loss=9.820 ent=0.335 kl=0.0034
[upd  343 | steps  175616 | t  110.5s | sps  1590] ret_mean=161.500 ep_len=500.0 pi_loss=-0.013 v_loss=7.358 ent=0.410 kl=0.0137
[upd  344 | steps  176128 | t  110.6s | sps  1592] ret_mean=219.000 ep_len=500.0 pi_loss=-0.001 v_loss=9.588 ent=0.583 kl=0.0070
[upd  345 | steps  176640 | t  110.8s | sps  1594] ret_mean=0.000 ep_len=500.0 pi_loss=-0.009 v_loss=1.677 ent=1.062 kl=0.0017
[upd  346 | steps  177152 | t  111.0s | sps  1596] ret_mean=125.000 ep_len=500.0 pi_loss=-0.008 v_loss=5.195 ent=0.731 kl=0.0001
[upd  347 | steps  177664 | t  111.1s | sps  1599] ret_mean=118.500 ep_len=500.0 pi_loss=-0.006 v_loss=5.817 ent=0.621 kl=0.0043
[upd  348 | steps  178176 | t  111.3s | sps  1601] ret_mean=198.000 ep_len=500.0 pi_loss=-0.001 v_loss=8.908 ent=0.405 kl=0.0016
[upd  349 | steps  178688 | t  111.5s | sps  1603] ret_mean=113.500 ep_len=500.0 pi_loss=-0.004 v_loss=3.754 ent=0.639 kl=0.0001
[upd  350 | steps  179200 | t  111.6s | sps  1605] ret_mean=154.000 ep_len=500.0 pi_loss=-0.003 v_loss=10.978 ent=0.280 kl=-0.0015
        [eval] ret_mean=41.483 ep_len=500.0
[upd  351 | steps  179712 | t  115.9s | sps  1551] ret_mean=195.000 ep_len=500.0 pi_loss=-0.003 v_loss=9.166 ent=0.396 kl=-0.0041
[upd  352 | steps  180224 | t  116.0s | sps  1553] ret_mean=102.500 ep_len=500.0 pi_loss=-0.003 v_loss=4.754 ent=0.765 kl=0.0041
[upd  353 | steps  180736 | t  116.2s | sps  1555] ret_mean=144.500 ep_len=500.0 pi_loss=-0.004 v_loss=7.668 ent=0.548 kl=0.0143
[upd  354 | steps  181248 | t  116.4s | sps  1558] ret_mean=244.000 ep_len=500.0 pi_loss=-0.001 v_loss=10.164 ent=0.172 kl=0.0039
[upd  355 | steps  181760 | t  116.5s | sps  1560] ret_mean=93.500 ep_len=500.0 pi_loss=-0.006 v_loss=6.113 ent=0.661 kl=0.0060
[upd  356 | steps  182272 | t  116.7s | sps  1562] ret_mean=104.500 ep_len=500.0 pi_loss=-0.005 v_loss=4.626 ent=0.600 kl=0.0040
[upd  357 | steps  182784 | t  116.9s | sps  1564] ret_mean=208.000 ep_len=500.0 pi_loss=-0.002 v_loss=10.591 ent=0.319 kl=0.0001
[upd  358 | steps  183296 | t  117.0s | sps  1566] ret_mean=209.500 ep_len=500.0 pi_loss=-0.001 v_loss=10.407 ent=0.259 kl=0.0010
[upd  359 | steps  183808 | t  117.2s | sps  1568] ret_mean=75.500 ep_len=500.0 pi_loss=-0.004 v_loss=7.387 ent=0.787 kl=0.0070
[upd  360 | steps  184320 | t  117.4s | sps  1570] ret_mean=82.000 ep_len=500.0 pi_loss=-0.004 v_loss=6.759 ent=0.642 kl=0.0090
[upd  361 | steps  184832 | t  117.6s | sps  1572] ret_mean=112.000 ep_len=500.0 pi_loss=-0.005 v_loss=4.783 ent=0.689 kl=0.0059
[upd  362 | steps  185344 | t  117.7s | sps  1574] ret_mean=6.000 ep_len=500.0 pi_loss=-0.003 v_loss=6.950 ent=0.721 kl=0.0077
[upd  363 | steps  185856 | t  117.9s | sps  1577] ret_mean=244.000 ep_len=500.0 pi_loss=-0.002 v_loss=11.374 ent=0.207 kl=0.0043
[upd  364 | steps  186368 | t  118.0s | sps  1579] ret_mean=229.000 ep_len=500.0 pi_loss=-0.004 v_loss=11.142 ent=0.437 kl=0.0122
[upd  365 | steps  186880 | t  118.2s | sps  1581] ret_mean=147.500 ep_len=500.0 pi_loss=-0.005 v_loss=11.203 ent=0.466 kl=-0.0021
[upd  366 | steps  187392 | t  118.4s | sps  1583] ret_mean=202.500 ep_len=500.0 pi_loss=-0.006 v_loss=9.643 ent=0.595 kl=0.0114
[upd  367 | steps  187904 | t  118.6s | sps  1585] ret_mean=65.500 ep_len=500.0 pi_loss=-0.005 v_loss=4.161 ent=0.818 kl=0.0130
[upd  368 | steps  188416 | t  118.7s | sps  1587] ret_mean=105.000 ep_len=500.0 pi_loss=-0.009 v_loss=4.174 ent=0.717 kl=0.0017
[upd  369 | steps  188928 | t  118.9s | sps  1589] ret_mean=118.500 ep_len=500.0 pi_loss=-0.007 v_loss=4.290 ent=0.790 kl=0.0047
[upd  370 | steps  189440 | t  119.1s | sps  1591] ret_mean=108.500 ep_len=500.0 pi_loss=-0.012 v_loss=4.907 ent=0.811 kl=0.0136
[upd  371 | steps  189952 | t  119.3s | sps  1593] ret_mean=99.500 ep_len=500.0 pi_loss=-0.008 v_loss=4.496 ent=0.662 kl=0.0088
[upd  372 | steps  190464 | t  119.4s | sps  1595] ret_mean=158.000 ep_len=500.0 pi_loss=-0.002 v_loss=9.706 ent=0.502 kl=0.0118
[upd  373 | steps  190976 | t  119.6s | sps  1597] ret_mean=166.000 ep_len=500.0 pi_loss=-0.005 v_loss=9.186 ent=0.406 kl=0.0023
[upd  374 | steps  191488 | t  119.8s | sps  1599] ret_mean=151.000 ep_len=500.0 pi_loss=0.001 v_loss=8.801 ent=0.541 kl=-0.0007
[upd  375 | steps  192000 | t  119.9s | sps  1601] ret_mean=108.500 ep_len=500.0 pi_loss=-0.007 v_loss=5.883 ent=0.598 kl=0.0071
        [eval] ret_mean=37.300 ep_len=500.0
[upd  376 | steps  192512 | t  124.2s | sps  1550] ret_mean=106.500 ep_len=500.0 pi_loss=-0.010 v_loss=10.956 ent=0.539 kl=0.0075
[upd  377 | steps  193024 | t  124.4s | sps  1552] ret_mean=116.000 ep_len=500.0 pi_loss=-0.005 v_loss=4.784 ent=0.595 kl=-0.0008
[upd  378 | steps  193536 | t  124.5s | sps  1554] ret_mean=197.500 ep_len=500.0 pi_loss=-0.009 v_loss=9.448 ent=0.371 kl=0.0031
[upd  379 | steps  194048 | t  124.7s | sps  1556] ret_mean=95.500 ep_len=500.0 pi_loss=-0.003 v_loss=6.166 ent=0.428 kl=0.0007
[upd  380 | steps  194560 | t  124.9s | sps  1558] ret_mean=222.500 ep_len=500.0 pi_loss=-0.003 v_loss=10.738 ent=0.219 kl=0.0110
[upd  381 | steps  195072 | t  125.0s | sps  1560] ret_mean=218.000 ep_len=500.0 pi_loss=-0.002 v_loss=11.762 ent=0.249 kl=-0.0010
[upd  382 | steps  195584 | t  125.2s | sps  1562] ret_mean=214.500 ep_len=500.0 pi_loss=-0.003 v_loss=9.023 ent=0.296 kl=0.0004
[upd  383 | steps  196096 | t  125.4s | sps  1564] ret_mean=218.500 ep_len=500.0 pi_loss=-0.002 v_loss=10.095 ent=0.280 kl=0.0013
[upd  384 | steps  196608 | t  125.5s | sps  1566] ret_mean=93.000 ep_len=500.0 pi_loss=-0.004 v_loss=9.242 ent=0.657 kl=0.0044
[upd  385 | steps  197120 | t  125.7s | sps  1568] ret_mean=222.500 ep_len=500.0 pi_loss=-0.006 v_loss=10.135 ent=0.352 kl=0.0006
[upd  386 | steps  197632 | t  125.9s | sps  1570] ret_mean=200.500 ep_len=500.0 pi_loss=-0.002 v_loss=12.094 ent=0.242 kl=-0.0038
[upd  387 | steps  198144 | t  126.0s | sps  1572] ret_mean=230.000 ep_len=500.0 pi_loss=-0.002 v_loss=9.710 ent=0.391 kl=0.0017
[upd  388 | steps  198656 | t  126.2s | sps  1574] ret_mean=109.000 ep_len=500.0 pi_loss=-0.004 v_loss=4.948 ent=0.648 kl=0.0093
[upd  389 | steps  199168 | t  126.4s | sps  1576] ret_mean=161.000 ep_len=500.0 pi_loss=-0.002 v_loss=10.029 ent=0.519 kl=0.0008
[upd  390 | steps  199680 | t  126.5s | sps  1578] ret_mean=131.000 ep_len=500.0 pi_loss=0.001 v_loss=9.272 ent=0.437 kl=0.0003
[upd  391 | steps  200192 | t  126.7s | sps  1580] ret_mean=188.500 ep_len=500.0 pi_loss=-0.002 v_loss=8.249 ent=0.540 kl=0.0038
[upd  392 | steps  200704 | t  126.9s | sps  1582] ret_mean=101.500 ep_len=500.0 pi_loss=-0.009 v_loss=4.783 ent=0.763 kl=0.0014
[upd  393 | steps  201216 | t  127.0s | sps  1584] ret_mean=90.500 ep_len=500.0 pi_loss=-0.009 v_loss=4.403 ent=0.835 kl=0.0122
[upd  394 | steps  201728 | t  127.2s | sps  1586] ret_mean=100.500 ep_len=500.0 pi_loss=-0.003 v_loss=4.360 ent=0.667 kl=0.0131
[upd  395 | steps  202240 | t  127.4s | sps  1587] ret_mean=167.000 ep_len=500.0 pi_loss=-0.005 v_loss=8.959 ent=0.719 kl=0.0088
[upd  396 | steps  202752 | t  127.6s | sps  1589] ret_mean=44.500 ep_len=500.0 pi_loss=-0.008 v_loss=6.577 ent=0.771 kl=0.0060
[upd  397 | steps  203264 | t  127.8s | sps  1591] ret_mean=165.000 ep_len=500.0 pi_loss=-0.006 v_loss=6.781 ent=0.644 kl=-0.0022
[upd  398 | steps  203776 | t  127.9s | sps  1593] ret_mean=180.500 ep_len=500.0 pi_loss=-0.004 v_loss=9.322 ent=0.482 kl=0.0020
[upd  399 | steps  204288 | t  128.1s | sps  1595] ret_mean=211.000 ep_len=500.0 pi_loss=-0.005 v_loss=9.460 ent=0.784 kl=0.0271
[upd  400 | steps  204800 | t  128.3s | sps  1597] ret_mean=94.500 ep_len=500.0 pi_loss=-0.009 v_loss=8.109 ent=0.807 kl=0.0143
        [eval] ret_mean=57.150 ep_len=500.0
