$ /Users/praneelkhiantani/Downloads/cs2860/.venv/bin/python3 -m policies.train --env rware-tiny-2ag-easy-v2 --seed 1 --updates 200 --rollout 512 --eval-every 50 --eval-episodes 10 --log-dir matrix_results/intent_grounded_v1_pilot/rware-tiny-2ag-easy-v2 --run-name mappo-intent-aux__baseline__d0__s1 --n-msg-tokens 8 --message-grounding rware-intent --message-grounding-coef 0.2 --shape-rewards --pickup-bonus 0.5

[env] EnvSpec(env_id='rware-tiny-2ag-easy-v2', n_agents=2, obs_dim=71, n_env_actions=5, noop_action=0, family='rware')  (n_msg_tokens=8)
[cfg] {'clip_range': 0.2, 'value_clip_range': 0.2, 'entropy_coef': 0.01, 'value_coef': 0.5, 'max_grad_norm': 0.5, 'gamma': 0.99, 'gae_lambda': 0.95, 'lr_actor': 0.0003, 'lr_critic': 0.001, 'update_epochs': 4, 'minibatches': 4, 'hidden': 128, 'depth': 2, 'device': 'cpu', 'message_grounding_coef': 0.2, 'extra': {}}
[log] writing to matrix_results/intent_grounded_v1_pilot/rware-tiny-2ag-easy-v2/mappo-intent-aux__baseline__d0__s1
[upd    1 | steps     512 | t    0.7s | sps   705] ret_mean=4.000 ep_len=500.0 pi_loss=-0.006 v_loss=0.054 ent=3.685 msg_acc=0.483 kl=0.0075
[upd    2 | steps    1024 | t    1.7s | sps   616] ret_mean=1.500 ep_len=500.0 pi_loss=-0.011 v_loss=0.014 ent=3.673 msg_acc=0.483 kl=0.0001
[upd    3 | steps    1536 | t    2.5s | sps   605] ret_mean=1.000 ep_len=500.0 pi_loss=-0.001 v_loss=0.013 ent=3.647 msg_acc=0.586 kl=0.0011
[upd    4 | steps    2048 | t    3.3s | sps   623] ret_mean=1.500 ep_len=500.0 pi_loss=-0.006 v_loss=0.014 ent=3.618 msg_acc=0.371 kl=0.0077
[upd    5 | steps    2560 | t    4.1s | sps   625] ret_mean=0.000 ep_len=500.0 pi_loss=-0.001 v_loss=0.005 ent=3.589 msg_acc=0.739 kl=0.0201
[upd    6 | steps    3072 | t    4.8s | sps   645] ret_mean=0.500 ep_len=500.0 pi_loss=-0.004 v_loss=0.004 ent=3.568 msg_acc=0.123 kl=0.0062
[upd    7 | steps    3584 | t    5.4s | sps   665] ret_mean=0.500 ep_len=500.0 pi_loss=-0.009 v_loss=0.005 ent=3.599 msg_acc=0.271 kl=0.0127
[upd    8 | steps    4096 | t    6.0s | sps   678] ret_mean=0.500 ep_len=500.0 pi_loss=-0.006 v_loss=0.004 ent=3.579 msg_acc=0.131 kl=0.0107
[upd    9 | steps    4608 | t    6.7s | sps   690] ret_mean=0.000 ep_len=500.0 pi_loss=-0.013 v_loss=0.004 ent=3.574 msg_acc=0.169 kl=0.0042
[upd   10 | steps    5120 | t    7.4s | sps   692] ret_mean=0.000 ep_len=500.0 pi_loss=-0.008 v_loss=0.014 ent=3.530 msg_acc=0.359 kl=0.0129
[upd   11 | steps    5632 | t    8.0s | sps   700] ret_mean=3.000 ep_len=500.0 pi_loss=-0.003 v_loss=0.032 ent=3.469 msg_acc=0.529 kl=0.0137
[upd   12 | steps    6144 | t    8.7s | sps   707] ret_mean=11.500 ep_len=500.0 pi_loss=-0.004 v_loss=0.121 ent=3.417 msg_acc=0.275 kl=0.0141
[upd   13 | steps    6656 | t    9.5s | sps   703] ret_mean=0.500 ep_len=500.0 pi_loss=-0.008 v_loss=0.012 ent=3.363 msg_acc=0.639 kl=0.0271
[upd   14 | steps    7168 | t   10.2s | sps   700] ret_mean=2.000 ep_len=500.0 pi_loss=-0.000 v_loss=0.033 ent=3.335 msg_acc=0.515 kl=0.0143
[upd   15 | steps    7680 | t   11.1s | sps   689] ret_mean=4.000 ep_len=500.0 pi_loss=0.001 v_loss=0.003 ent=3.274 msg_acc=0.919 kl=0.0141
[upd   16 | steps    8192 | t   12.2s | sps   673] ret_mean=0.000 ep_len=500.0 pi_loss=-0.010 v_loss=0.006 ent=3.161 msg_acc=0.858 kl=0.0188
[upd   17 | steps    8704 | t   12.9s | sps   672] ret_mean=5.000 ep_len=500.0 pi_loss=-0.005 v_loss=0.039 ent=3.239 msg_acc=0.562 kl=0.0098
[upd   18 | steps    9216 | t   13.7s | sps   674] ret_mean=0.000 ep_len=500.0 pi_loss=-0.010 v_loss=0.019 ent=3.231 msg_acc=0.494 kl=0.0027
[upd   19 | steps    9728 | t   14.3s | sps   679] ret_mean=7.000 ep_len=500.0 pi_loss=-0.009 v_loss=0.020 ent=3.166 msg_acc=0.331 kl=0.0252
[upd   20 | steps   10240 | t   15.0s | sps   683] ret_mean=0.000 ep_len=500.0 pi_loss=-0.008 v_loss=0.004 ent=3.081 msg_acc=0.507 kl=0.0016
[upd   21 | steps   10752 | t   15.6s | sps   687] ret_mean=0.500 ep_len=500.0 pi_loss=-0.009 v_loss=0.003 ent=2.969 msg_acc=0.740 kl=0.0428
[upd   22 | steps   11264 | t   16.3s | sps   692] ret_mean=0.000 ep_len=500.0 pi_loss=-0.007 v_loss=0.057 ent=3.101 msg_acc=0.363 kl=0.0155
[upd   23 | steps   11776 | t   16.9s | sps   697] ret_mean=6.500 ep_len=500.0 pi_loss=-0.008 v_loss=0.034 ent=3.048 msg_acc=0.491 kl=0.0151
[upd   24 | steps   12288 | t   17.5s | sps   700] ret_mean=15.500 ep_len=500.0 pi_loss=-0.003 v_loss=0.353 ent=3.127 msg_acc=0.101 kl=0.0182
[upd   25 | steps   12800 | t   18.2s | sps   702] ret_mean=11.000 ep_len=500.0 pi_loss=-0.008 v_loss=0.022 ent=3.055 msg_acc=0.462 kl=0.0247
[upd   26 | steps   13312 | t   18.9s | sps   703] ret_mean=0.000 ep_len=500.0 pi_loss=-0.013 v_loss=0.008 ent=3.058 msg_acc=0.552 kl=0.0096
[upd   27 | steps   13824 | t   19.6s | sps   704] ret_mean=1.500 ep_len=500.0 pi_loss=-0.012 v_loss=0.003 ent=2.935 msg_acc=0.679 kl=0.0139
[upd   28 | steps   14336 | t   20.4s | sps   704] ret_mean=0.000 ep_len=500.0 pi_loss=-0.016 v_loss=0.003 ent=2.996 msg_acc=0.558 kl=0.0178
[upd   29 | steps   14848 | t   21.2s | sps   701] ret_mean=3.500 ep_len=500.0 pi_loss=-0.007 v_loss=0.034 ent=3.052 msg_acc=0.571 kl=0.0049
[upd   30 | steps   15360 | t   21.9s | sps   701] ret_mean=1.500 ep_len=500.0 pi_loss=-0.005 v_loss=0.088 ent=2.958 msg_acc=0.351 kl=0.0142
[upd   31 | steps   15872 | t   22.6s | sps   703] ret_mean=6.000 ep_len=500.0 pi_loss=0.010 v_loss=0.105 ent=3.005 msg_acc=0.187 kl=0.0209
[upd   32 | steps   16384 | t   23.2s | sps   706] ret_mean=9.000 ep_len=500.0 pi_loss=-0.007 v_loss=0.004 ent=2.999 msg_acc=0.762 kl=-0.0074
[upd   33 | steps   16896 | t   23.8s | sps   709] ret_mean=0.000 ep_len=500.0 pi_loss=-0.007 v_loss=0.215 ent=2.972 msg_acc=0.582 kl=0.0097
[upd   34 | steps   17408 | t   24.4s | sps   712] ret_mean=13.500 ep_len=500.0 pi_loss=-0.010 v_loss=0.201 ent=3.017 msg_acc=0.613 kl=0.0059
[upd   35 | steps   17920 | t   25.1s | sps   715] ret_mean=9.500 ep_len=500.0 pi_loss=-0.008 v_loss=0.009 ent=2.911 msg_acc=0.521 kl=0.0109
[upd   36 | steps   18432 | t   25.7s | sps   718] ret_mean=1.000 ep_len=500.0 pi_loss=-0.008 v_loss=0.005 ent=2.744 msg_acc=0.692 kl=0.0166
[upd   37 | steps   18944 | t   26.3s | sps   721] ret_mean=0.500 ep_len=500.0 pi_loss=-0.002 v_loss=0.098 ent=2.990 msg_acc=0.524 kl=0.0154
[upd   38 | steps   19456 | t   26.9s | sps   724] ret_mean=5.000 ep_len=500.0 pi_loss=-0.006 v_loss=0.049 ent=2.642 msg_acc=0.661 kl=0.0120
[upd   39 | steps   19968 | t   27.5s | sps   726] ret_mean=4.000 ep_len=500.0 pi_loss=-0.004 v_loss=0.004 ent=2.997 msg_acc=0.320 kl=0.0404
[upd   40 | steps   20480 | t   28.1s | sps   729] ret_mean=0.500 ep_len=500.0 pi_loss=-0.005 v_loss=0.117 ent=2.825 msg_acc=0.369 kl=0.0165
[upd   41 | steps   20992 | t   28.7s | sps   731] ret_mean=7.500 ep_len=500.0 pi_loss=-0.018 v_loss=0.066 ent=2.714 msg_acc=0.770 kl=0.0137
[upd   42 | steps   21504 | t   29.4s | sps   732] ret_mean=2.000 ep_len=500.0 pi_loss=-0.010 v_loss=0.004 ent=2.795 msg_acc=0.679 kl=0.0028
[upd   43 | steps   22016 | t   30.0s | sps   735] ret_mean=16.500 ep_len=500.0 pi_loss=-0.012 v_loss=0.309 ent=3.091 msg_acc=0.280 kl=0.0055
[upd   44 | steps   22528 | t   30.6s | sps   737] ret_mean=3.500 ep_len=500.0 pi_loss=-0.008 v_loss=0.071 ent=2.986 msg_acc=0.588 kl=0.0108
[upd   45 | steps   23040 | t   31.2s | sps   739] ret_mean=18.000 ep_len=500.0 pi_loss=-0.005 v_loss=0.219 ent=3.137 msg_acc=0.177 kl=0.0158
[upd   46 | steps   23552 | t   31.8s | sps   741] ret_mean=0.000 ep_len=500.0 pi_loss=-0.008 v_loss=0.003 ent=2.586 msg_acc=0.888 kl=0.0155
[upd   47 | steps   24064 | t   32.4s | sps   744] ret_mean=13.500 ep_len=500.0 pi_loss=-0.011 v_loss=0.346 ent=2.867 msg_acc=0.528 kl=0.0146
[upd   48 | steps   24576 | t   33.0s | sps   746] ret_mean=0.000 ep_len=500.0 pi_loss=-0.001 v_loss=0.003 ent=2.814 msg_acc=0.659 kl=0.0301
[upd   49 | steps   25088 | t   33.6s | sps   747] ret_mean=0.000 ep_len=500.0 pi_loss=-0.005 v_loss=0.006 ent=3.064 msg_acc=0.486 kl=0.0140
[upd   50 | steps   25600 | t   34.2s | sps   748] ret_mean=0.000 ep_len=500.0 pi_loss=-0.004 v_loss=0.151 ent=2.965 msg_acc=0.520 kl=0.0164
        [eval] ret_mean=0.000 ep_len=500.0
[upd   51 | steps   26112 | t   40.2s | sps   650] ret_mean=3.500 ep_len=500.0 pi_loss=-0.009 v_loss=0.057 ent=2.666 msg_acc=0.519 kl=0.0085
[upd   52 | steps   26624 | t   40.8s | sps   653] ret_mean=0.000 ep_len=500.0 pi_loss=-0.012 v_loss=0.004 ent=2.290 msg_acc=0.833 kl=0.0099
[upd   53 | steps   27136 | t   41.4s | sps   656] ret_mean=49.500 ep_len=500.0 pi_loss=0.006 v_loss=1.733 ent=2.645 msg_acc=0.455 kl=0.0190
[upd   54 | steps   27648 | t   42.0s | sps   659] ret_mean=0.000 ep_len=500.0 pi_loss=-0.005 v_loss=0.007 ent=2.650 msg_acc=0.505 kl=0.0076
[upd   55 | steps   28160 | t   42.7s | sps   660] ret_mean=0.000 ep_len=500.0 pi_loss=-0.003 v_loss=0.004 ent=2.654 msg_acc=0.531 kl=0.0315
[upd   56 | steps   28672 | t   43.4s | sps   661] ret_mean=3.500 ep_len=500.0 pi_loss=-0.006 v_loss=0.051 ent=2.768 msg_acc=0.552 kl=-0.0022
[upd   57 | steps   29184 | t   44.1s | sps   662] ret_mean=0.000 ep_len=500.0 pi_loss=-0.002 v_loss=0.004 ent=2.407 msg_acc=0.749 kl=0.0110
[upd   58 | steps   29696 | t   44.8s | sps   663] ret_mean=0.000 ep_len=500.0 pi_loss=-0.001 v_loss=0.009 ent=2.687 msg_acc=0.571 kl=0.0105
[upd   59 | steps   30208 | t   45.5s | sps   664] ret_mean=14.000 ep_len=500.0 pi_loss=-0.007 v_loss=0.189 ent=2.809 msg_acc=0.261 kl=0.0099
[upd   60 | steps   30720 | t   46.2s | sps   664] ret_mean=4.500 ep_len=500.0 pi_loss=-0.004 v_loss=0.091 ent=2.603 msg_acc=0.635 kl=0.0086
[upd   61 | steps   31232 | t   46.9s | sps   666] ret_mean=0.000 ep_len=500.0 pi_loss=-0.007 v_loss=0.006 ent=2.373 msg_acc=0.589 kl=0.0009
[upd   62 | steps   31744 | t   47.5s | sps   668] ret_mean=0.000 ep_len=500.0 pi_loss=-0.009 v_loss=0.003 ent=2.518 msg_acc=0.495 kl=0.0214
[upd   63 | steps   32256 | t   48.2s | sps   669] ret_mean=18.500 ep_len=500.0 pi_loss=0.005 v_loss=0.533 ent=2.664 msg_acc=0.181 kl=0.0220
[upd   64 | steps   32768 | t   49.1s | sps   668] ret_mean=0.000 ep_len=500.0 pi_loss=-0.002 v_loss=0.002 ent=2.722 msg_acc=0.541 kl=0.0081
[upd   65 | steps   33280 | t   49.8s | sps   668] ret_mean=0.000 ep_len=500.0 pi_loss=-0.004 v_loss=0.002 ent=2.601 msg_acc=0.668 kl=0.0048
[upd   66 | steps   33792 | t   50.5s | sps   669] ret_mean=9.000 ep_len=500.0 pi_loss=-0.005 v_loss=0.289 ent=2.703 msg_acc=0.333 kl=0.0071
[upd   67 | steps   34304 | t   51.2s | sps   670] ret_mean=12.000 ep_len=500.0 pi_loss=-0.015 v_loss=0.399 ent=2.379 msg_acc=0.594 kl=0.0068
[upd   68 | steps   34816 | t   51.9s | sps   671] ret_mean=12.000 ep_len=500.0 pi_loss=-0.010 v_loss=0.006 ent=2.803 msg_acc=0.610 kl=0.0103
[upd   69 | steps   35328 | t   52.6s | sps   672] ret_mean=11.000 ep_len=500.0 pi_loss=-0.005 v_loss=0.301 ent=2.233 msg_acc=0.697 kl=0.0078
[upd   70 | steps   35840 | t   53.2s | sps   674] ret_mean=0.000 ep_len=500.0 pi_loss=-0.003 v_loss=0.004 ent=2.413 msg_acc=0.652 kl=0.0082
[upd   71 | steps   36352 | t   53.8s | sps   676] ret_mean=0.000 ep_len=500.0 pi_loss=-0.007 v_loss=0.004 ent=2.421 msg_acc=0.626 kl=0.0010
[upd   72 | steps   36864 | t   54.4s | sps   677] ret_mean=0.000 ep_len=500.0 pi_loss=-0.008 v_loss=0.002 ent=2.060 msg_acc=0.878 kl=0.0176
[upd   73 | steps   37376 | t   55.0s | sps   679] ret_mean=3.000 ep_len=500.0 pi_loss=-0.010 v_loss=0.052 ent=2.432 msg_acc=0.671 kl=0.0053
[upd   74 | steps   37888 | t   55.6s | sps   681] ret_mean=0.000 ep_len=500.0 pi_loss=-0.010 v_loss=0.004 ent=2.218 msg_acc=0.653 kl=0.0198
[upd   75 | steps   38400 | t   56.2s | sps   683] ret_mean=0.000 ep_len=500.0 pi_loss=-0.008 v_loss=0.002 ent=2.397 msg_acc=0.507 kl=0.0092
[upd   76 | steps   38912 | t   56.8s | sps   685] ret_mean=0.000 ep_len=500.0 pi_loss=-0.004 v_loss=0.357 ent=2.026 msg_acc=0.486 kl=0.0119
[upd   77 | steps   39424 | t   57.4s | sps   687] ret_mean=10.500 ep_len=500.0 pi_loss=-0.004 v_loss=0.176 ent=2.124 msg_acc=0.543 kl=0.0100
[upd   78 | steps   39936 | t   58.2s | sps   686] ret_mean=7.000 ep_len=500.0 pi_loss=-0.012 v_loss=0.006 ent=2.115 msg_acc=0.603 kl=0.0152
[upd   79 | steps   40448 | t   58.9s | sps   687] ret_mean=0.000 ep_len=500.0 pi_loss=-0.003 v_loss=0.128 ent=2.411 msg_acc=0.534 kl=0.0255
[upd   80 | steps   40960 | t   59.5s | sps   688] ret_mean=5.500 ep_len=500.0 pi_loss=-0.007 v_loss=2.274 ent=2.289 msg_acc=0.415 kl=0.0196
[upd   81 | steps   41472 | t   60.1s | sps   690] ret_mean=52.000 ep_len=500.0 pi_loss=-0.007 v_loss=0.004 ent=1.988 msg_acc=0.770 kl=0.0230
[upd   82 | steps   41984 | t   60.7s | sps   691] ret_mean=0.000 ep_len=500.0 pi_loss=-0.012 v_loss=0.003 ent=2.134 msg_acc=0.624 kl=0.0038
[upd   83 | steps   42496 | t   61.4s | sps   693] ret_mean=0.000 ep_len=500.0 pi_loss=-0.010 v_loss=0.001 ent=1.703 msg_acc=0.722 kl=0.0133
[upd   84 | steps   43008 | t   62.0s | sps   694] ret_mean=0.000 ep_len=500.0 pi_loss=-0.009 v_loss=0.046 ent=2.052 msg_acc=0.624 kl=0.0105
[upd   85 | steps   43520 | t   62.6s | sps   695] ret_mean=3.000 ep_len=500.0 pi_loss=-0.000 v_loss=3.621 ent=2.028 msg_acc=0.421 kl=0.0114
[upd   86 | steps   44032 | t   63.3s | sps   695] ret_mean=67.500 ep_len=500.0 pi_loss=-0.003 v_loss=1.161 ent=2.051 msg_acc=0.744 kl=0.0181
[upd   87 | steps   44544 | t   64.0s | sps   696] ret_mean=41.000 ep_len=500.0 pi_loss=-0.004 v_loss=0.462 ent=1.938 msg_acc=0.476 kl=0.0217
[upd   88 | steps   45056 | t   64.6s | sps   697] ret_mean=6.500 ep_len=500.0 pi_loss=-0.003 v_loss=0.004 ent=2.026 msg_acc=0.631 kl=0.0111
[upd   89 | steps   45568 | t   65.2s | sps   699] ret_mean=0.000 ep_len=500.0 pi_loss=-0.010 v_loss=0.897 ent=2.221 msg_acc=0.555 kl=0.0018
[upd   90 | steps   46080 | t   65.8s | sps   700] ret_mean=35.000 ep_len=500.0 pi_loss=-0.004 v_loss=0.665 ent=1.886 msg_acc=0.557 kl=0.0163
[upd   91 | steps   46592 | t   66.4s | sps   701] ret_mean=26.000 ep_len=500.0 pi_loss=-0.007 v_loss=0.017 ent=1.631 msg_acc=0.987 kl=0.0199
[upd   92 | steps   47104 | t   67.1s | sps   702] ret_mean=0.000 ep_len=500.0 pi_loss=-0.015 v_loss=0.012 ent=1.753 msg_acc=0.919 kl=0.0214
[upd   93 | steps   47616 | t   67.7s | sps   704] ret_mean=43.500 ep_len=500.0 pi_loss=-0.012 v_loss=1.510 ent=1.954 msg_acc=0.546 kl=0.0121
[upd   94 | steps   48128 | t   68.3s | sps   705] ret_mean=6.000 ep_len=500.0 pi_loss=0.010 v_loss=0.116 ent=2.441 msg_acc=0.203 kl=0.0201
[upd   95 | steps   48640 | t   68.9s | sps   706] ret_mean=0.000 ep_len=500.0 pi_loss=-0.005 v_loss=0.006 ent=1.681 msg_acc=0.701 kl=0.0132
[upd   96 | steps   49152 | t   69.4s | sps   708] ret_mean=3.500 ep_len=500.0 pi_loss=-0.010 v_loss=0.069 ent=2.121 msg_acc=0.562 kl=0.0097
[upd   97 | steps   49664 | t   70.0s | sps   709] ret_mean=10.500 ep_len=500.0 pi_loss=-0.008 v_loss=0.279 ent=2.086 msg_acc=0.646 kl=0.0132
[upd   98 | steps   50176 | t   70.6s | sps   710] ret_mean=0.000 ep_len=500.0 pi_loss=-0.006 v_loss=0.001 ent=1.608 msg_acc=0.827 kl=0.0089
[upd   99 | steps   50688 | t   71.3s | sps   711] ret_mean=0.000 ep_len=500.0 pi_loss=-0.002 v_loss=0.003 ent=2.239 msg_acc=0.572 kl=0.0167
[upd  100 | steps   51200 | t   71.9s | sps   712] ret_mean=0.000 ep_len=500.0 pi_loss=-0.005 v_loss=0.003 ent=1.936 msg_acc=0.540 kl=0.0147
        [eval] ret_mean=12.500 ep_len=500.0
[upd  101 | steps   51712 | t   77.5s | sps   667] ret_mean=28.500 ep_len=500.0 pi_loss=-0.006 v_loss=1.087 ent=2.103 msg_acc=0.510 kl=0.0166
[upd  102 | steps   52224 | t   78.1s | sps   669] ret_mean=0.000 ep_len=500.0 pi_loss=-0.002 v_loss=0.077 ent=2.124 msg_acc=0.335 kl=0.0182
[upd  103 | steps   52736 | t   78.7s | sps   670] ret_mean=40.000 ep_len=500.0 pi_loss=-0.002 v_loss=1.215 ent=2.060 msg_acc=0.444 kl=0.0053
[upd  104 | steps   53248 | t   79.2s | sps   672] ret_mean=85.500 ep_len=500.0 pi_loss=-0.001 v_loss=3.658 ent=1.894 msg_acc=0.410 kl=0.0162
[upd  105 | steps   53760 | t   79.8s | sps   673] ret_mean=29.000 ep_len=500.0 pi_loss=-0.001 v_loss=1.227 ent=2.137 msg_acc=0.320 kl=0.0147
[upd  106 | steps   54272 | t   80.4s | sps   675] ret_mean=2.500 ep_len=500.0 pi_loss=-0.003 v_loss=0.032 ent=2.181 msg_acc=0.521 kl=0.0123
[upd  107 | steps   54784 | t   81.0s | sps   676] ret_mean=38.500 ep_len=500.0 pi_loss=-0.008 v_loss=1.684 ent=2.374 msg_acc=0.533 kl=0.0052
[upd  108 | steps   55296 | t   81.7s | sps   677] ret_mean=0.000 ep_len=500.0 pi_loss=-0.005 v_loss=0.008 ent=1.802 msg_acc=0.733 kl=0.0094
[upd  109 | steps   55808 | t   82.2s | sps   679] ret_mean=0.000 ep_len=500.0 pi_loss=-0.003 v_loss=0.004 ent=2.081 msg_acc=0.727 kl=0.0158
[upd  110 | steps   56320 | t   82.9s | sps   680] ret_mean=0.000 ep_len=500.0 pi_loss=-0.001 v_loss=0.004 ent=2.149 msg_acc=0.470 kl=0.0109
[upd  111 | steps   56832 | t   83.5s | sps   681] ret_mean=0.000 ep_len=500.0 pi_loss=0.000 v_loss=0.003 ent=2.267 msg_acc=0.403 kl=0.0192
[upd  112 | steps   57344 | t   84.0s | sps   682] ret_mean=44.500 ep_len=500.0 pi_loss=-0.005 v_loss=2.159 ent=2.174 msg_acc=0.221 kl=0.0126
[upd  113 | steps   57856 | t   84.6s | sps   684] ret_mean=30.000 ep_len=500.0 pi_loss=-0.012 v_loss=0.772 ent=1.893 msg_acc=0.537 kl=0.0183
[upd  114 | steps   58368 | t   85.2s | sps   685] ret_mean=0.000 ep_len=500.0 pi_loss=-0.010 v_loss=0.003 ent=2.151 msg_acc=0.644 kl=0.0203
[upd  115 | steps   58880 | t   85.9s | sps   686] ret_mean=0.000 ep_len=500.0 pi_loss=-0.009 v_loss=0.002 ent=2.188 msg_acc=0.485 kl=0.0204
[upd  116 | steps   59392 | t   86.5s | sps   687] ret_mean=0.000 ep_len=500.0 pi_loss=-0.001 v_loss=0.003 ent=1.930 msg_acc=0.736 kl=0.0154
[upd  117 | steps   59904 | t   87.1s | sps   688] ret_mean=0.000 ep_len=500.0 pi_loss=-0.002 v_loss=0.002 ent=2.593 msg_acc=0.344 kl=0.0084
[upd  118 | steps   60416 | t   87.7s | sps   689] ret_mean=0.000 ep_len=500.0 pi_loss=-0.007 v_loss=0.022 ent=2.159 msg_acc=0.256 kl=0.0112
[upd  119 | steps   60928 | t   88.3s | sps   690] ret_mean=61.000 ep_len=500.0 pi_loss=-0.009 v_loss=2.668 ent=1.667 msg_acc=0.469 kl=0.0064
[upd  120 | steps   61440 | t   88.9s | sps   691] ret_mean=0.000 ep_len=500.0 pi_loss=-0.010 v_loss=0.004 ent=1.730 msg_acc=0.701 kl=0.0137
[upd  121 | steps   61952 | t   89.5s | sps   692] ret_mean=0.000 ep_len=500.0 pi_loss=-0.008 v_loss=0.007 ent=1.893 msg_acc=0.517 kl=0.0069
[upd  122 | steps   62464 | t   90.2s | sps   692] ret_mean=0.000 ep_len=500.0 pi_loss=-0.013 v_loss=0.014 ent=2.230 msg_acc=0.334 kl=0.0210
[upd  123 | steps   62976 | t   90.9s | sps   693] ret_mean=0.000 ep_len=500.0 pi_loss=-0.007 v_loss=0.003 ent=1.919 msg_acc=0.433 kl=0.0018
[upd  124 | steps   63488 | t   91.5s | sps   694] ret_mean=0.000 ep_len=500.0 pi_loss=-0.016 v_loss=3.309 ent=1.865 msg_acc=0.376 kl=0.0165
[upd  125 | steps   64000 | t   92.1s | sps   695] ret_mean=113.000 ep_len=500.0 pi_loss=0.002 v_loss=2.076 ent=1.705 msg_acc=0.389 kl=0.0066
[upd  126 | steps   64512 | t   92.7s | sps   696] ret_mean=0.000 ep_len=500.0 pi_loss=-0.006 v_loss=0.006 ent=1.580 msg_acc=0.739 kl=0.0084
[upd  127 | steps   65024 | t   93.3s | sps   697] ret_mean=0.000 ep_len=500.0 pi_loss=-0.011 v_loss=0.130 ent=1.545 msg_acc=0.857 kl=0.0027
[upd  128 | steps   65536 | t   93.9s | sps   698] ret_mean=47.000 ep_len=500.0 pi_loss=-0.008 v_loss=1.698 ent=2.053 msg_acc=0.594 kl=0.0220
[upd  129 | steps   66048 | t   94.5s | sps   699] ret_mean=0.000 ep_len=500.0 pi_loss=-0.008 v_loss=0.010 ent=1.590 msg_acc=0.642 kl=0.0005
[upd  130 | steps   66560 | t   95.2s | sps   699] ret_mean=3.000 ep_len=500.0 pi_loss=-0.006 v_loss=0.036 ent=1.653 msg_acc=0.583 kl=0.0054
[upd  131 | steps   67072 | t   95.8s | sps   700] ret_mean=0.000 ep_len=500.0 pi_loss=-0.003 v_loss=0.013 ent=1.743 msg_acc=0.438 kl=0.0101
[upd  132 | steps   67584 | t   96.4s | sps   701] ret_mean=0.000 ep_len=500.0 pi_loss=-0.005 v_loss=0.174 ent=1.742 msg_acc=0.546 kl=0.0118
[upd  133 | steps   68096 | t   97.0s | sps   702] ret_mean=6.500 ep_len=500.0 pi_loss=-0.007 v_loss=0.002 ent=1.853 msg_acc=0.586 kl=0.0109
[upd  134 | steps   68608 | t   97.5s | sps   703] ret_mean=0.000 ep_len=500.0 pi_loss=-0.012 v_loss=2.439 ent=1.907 msg_acc=0.400 kl=0.0006
[upd  135 | steps   69120 | t   98.2s | sps   704] ret_mean=53.000 ep_len=500.0 pi_loss=-0.008 v_loss=3.137 ent=1.844 msg_acc=0.520 kl=0.0217
[upd  136 | steps   69632 | t   99.3s | sps   701] ret_mean=81.000 ep_len=500.0 pi_loss=-0.005 v_loss=8.165 ent=1.785 msg_acc=0.354 kl=0.0057
[upd  137 | steps   70144 | t  100.5s | sps   698] ret_mean=118.000 ep_len=500.0 pi_loss=-0.011 v_loss=0.951 ent=1.799 msg_acc=0.435 kl=0.0126
[upd  138 | steps   70656 | t  101.2s | sps   698] ret_mean=31.000 ep_len=500.0 pi_loss=-0.011 v_loss=0.930 ent=1.899 msg_acc=0.385 kl=0.0133
[upd  139 | steps   71168 | t  101.8s | sps   699] ret_mean=17.000 ep_len=500.0 pi_loss=-0.008 v_loss=0.008 ent=1.528 msg_acc=0.802 kl=0.0012
[upd  140 | steps   71680 | t  102.7s | sps   698] ret_mean=0.000 ep_len=500.0 pi_loss=-0.005 v_loss=0.014 ent=1.835 msg_acc=0.555 kl=0.0228
[upd  141 | steps   72192 | t  103.3s | sps   699] ret_mean=0.000 ep_len=500.0 pi_loss=-0.003 v_loss=4.923 ent=1.465 msg_acc=0.687 kl=0.0239
[upd  142 | steps   72704 | t  103.9s | sps   700] ret_mean=93.500 ep_len=500.0 pi_loss=-0.007 v_loss=3.625 ent=1.868 msg_acc=0.355 kl=0.0202
[upd  143 | steps   73216 | t  104.5s | sps   700] ret_mean=38.500 ep_len=500.0 pi_loss=-0.011 v_loss=1.800 ent=1.816 msg_acc=0.538 kl=0.0042
[upd  144 | steps   73728 | t  105.1s | sps   701] ret_mean=0.000 ep_len=500.0 pi_loss=-0.012 v_loss=0.141 ent=1.964 msg_acc=0.664 kl=0.0345
[upd  145 | steps   74240 | t  105.7s | sps   702] ret_mean=121.500 ep_len=500.0 pi_loss=0.002 v_loss=5.411 ent=1.688 msg_acc=0.330 kl=0.0174
[upd  146 | steps   74752 | t  106.3s | sps   703] ret_mean=50.000 ep_len=500.0 pi_loss=-0.003 v_loss=1.685 ent=1.343 msg_acc=0.536 kl=0.0112
[upd  147 | steps   75264 | t  107.0s | sps   703] ret_mean=0.000 ep_len=500.0 pi_loss=-0.009 v_loss=0.373 ent=1.606 msg_acc=0.627 kl=-0.0013
[upd  148 | steps   75776 | t  107.6s | sps   704] ret_mean=45.500 ep_len=500.0 pi_loss=-0.016 v_loss=1.377 ent=1.748 msg_acc=0.624 kl=0.0080
[upd  149 | steps   76288 | t  108.3s | sps   704] ret_mean=72.000 ep_len=500.0 pi_loss=-0.007 v_loss=3.107 ent=1.555 msg_acc=0.397 kl=0.0121
[upd  150 | steps   76800 | t  108.9s | sps   705] ret_mean=0.000 ep_len=500.0 pi_loss=-0.004 v_loss=1.057 ent=1.622 msg_acc=0.575 kl=0.0227
        [eval] ret_mean=12.500 ep_len=500.0
[upd  151 | steps   77312 | t  114.0s | sps   678] ret_mean=74.000 ep_len=500.0 pi_loss=-0.013 v_loss=3.212 ent=1.715 msg_acc=0.734 kl=0.0224
[upd  152 | steps   77824 | t  114.6s | sps   679] ret_mean=84.000 ep_len=500.0 pi_loss=-0.011 v_loss=3.011 ent=1.856 msg_acc=0.740 kl=0.0032
[upd  153 | steps   78336 | t  115.2s | sps   680] ret_mean=48.000 ep_len=500.0 pi_loss=-0.003 v_loss=2.195 ent=1.646 msg_acc=0.669 kl=0.0192
[upd  154 | steps   78848 | t  115.8s | sps   681] ret_mean=10.500 ep_len=500.0 pi_loss=-0.003 v_loss=0.616 ent=1.993 msg_acc=0.410 kl=0.0224
[upd  155 | steps   79360 | t  116.4s | sps   682] ret_mean=108.500 ep_len=500.0 pi_loss=-0.006 v_loss=3.775 ent=1.464 msg_acc=0.606 kl=0.0107
[upd  156 | steps   79872 | t  117.0s | sps   683] ret_mean=0.000 ep_len=500.0 pi_loss=-0.007 v_loss=0.053 ent=1.785 msg_acc=0.529 kl=0.0067
[upd  157 | steps   80384 | t  117.6s | sps   684] ret_mean=52.500 ep_len=500.0 pi_loss=-0.009 v_loss=2.820 ent=1.742 msg_acc=0.611 kl=0.0083
[upd  158 | steps   80896 | t  118.2s | sps   684] ret_mean=122.000 ep_len=500.0 pi_loss=-0.015 v_loss=3.727 ent=1.737 msg_acc=0.528 kl=0.0045
[upd  159 | steps   81408 | t  118.8s | sps   685] ret_mean=3.000 ep_len=500.0 pi_loss=-0.011 v_loss=0.161 ent=1.660 msg_acc=0.840 kl=0.0237
[upd  160 | steps   81920 | t  119.4s | sps   686] ret_mean=0.000 ep_len=500.0 pi_loss=-0.014 v_loss=0.061 ent=2.051 msg_acc=0.648 kl=0.0194
[upd  161 | steps   82432 | t  120.1s | sps   687] ret_mean=0.000 ep_len=500.0 pi_loss=-0.008 v_loss=0.964 ent=2.004 msg_acc=0.688 kl=0.0152
[upd  162 | steps   82944 | t  120.8s | sps   687] ret_mean=113.000 ep_len=500.0 pi_loss=-0.010 v_loss=3.555 ent=1.635 msg_acc=0.859 kl=0.0138
[upd  163 | steps   83456 | t  121.6s | sps   687] ret_mean=0.000 ep_len=500.0 pi_loss=-0.015 v_loss=0.150 ent=1.523 msg_acc=0.698 kl=0.0083
[upd  164 | steps   83968 | t  122.3s | sps   687] ret_mean=1.500 ep_len=500.0 pi_loss=-0.002 v_loss=1.370 ent=1.527 msg_acc=0.652 kl=0.0061
[upd  165 | steps   84480 | t  122.9s | sps   688] ret_mean=121.000 ep_len=500.0 pi_loss=-0.007 v_loss=3.682 ent=2.004 msg_acc=0.515 kl=0.0110
[upd  166 | steps   84992 | t  123.5s | sps   688] ret_mean=75.000 ep_len=500.0 pi_loss=-0.004 v_loss=2.713 ent=1.953 msg_acc=0.365 kl=0.0046
[upd  167 | steps   85504 | t  124.2s | sps   689] ret_mean=0.000 ep_len=500.0 pi_loss=-0.014 v_loss=0.054 ent=1.886 msg_acc=0.667 kl=0.0221
[upd  168 | steps   86016 | t  124.8s | sps   689] ret_mean=23.500 ep_len=500.0 pi_loss=-0.013 v_loss=0.781 ent=1.940 msg_acc=0.619 kl=0.0219
[upd  169 | steps   86528 | t  125.5s | sps   690] ret_mean=0.000 ep_len=500.0 pi_loss=-0.006 v_loss=0.010 ent=1.857 msg_acc=0.781 kl=0.0120
[upd  170 | steps   87040 | t  126.2s | sps   690] ret_mean=0.000 ep_len=500.0 pi_loss=-0.004 v_loss=0.011 ent=1.714 msg_acc=0.714 kl=0.0274
[upd  171 | steps   87552 | t  127.5s | sps   687] ret_mean=0.000 ep_len=500.0 pi_loss=-0.006 v_loss=0.009 ent=1.858 msg_acc=0.771 kl=0.0095
[upd  172 | steps   88064 | t  128.4s | sps   686] ret_mean=53.000 ep_len=500.0 pi_loss=-0.007 v_loss=2.060 ent=2.077 msg_acc=0.485 kl=0.0133
[upd  173 | steps   88576 | t  129.2s | sps   686] ret_mean=5.500 ep_len=500.0 pi_loss=-0.008 v_loss=0.229 ent=1.973 msg_acc=0.692 kl=0.0106
[upd  174 | steps   89088 | t  129.8s | sps   686] ret_mean=0.000 ep_len=500.0 pi_loss=-0.008 v_loss=0.009 ent=1.704 msg_acc=0.800 kl=0.0069
[upd  175 | steps   89600 | t  130.5s | sps   686] ret_mean=0.000 ep_len=500.0 pi_loss=-0.009 v_loss=2.946 ent=1.564 msg_acc=0.719 kl=0.0066
[upd  176 | steps   90112 | t  131.2s | sps   687] ret_mean=106.500 ep_len=500.0 pi_loss=-0.018 v_loss=4.581 ent=1.654 msg_acc=0.777 kl=0.0203
[upd  177 | steps   90624 | t  131.8s | sps   688] ret_mean=94.500 ep_len=500.0 pi_loss=-0.009 v_loss=5.178 ent=1.583 msg_acc=0.726 kl=0.0044
[upd  178 | steps   91136 | t  132.5s | sps   688] ret_mean=115.000 ep_len=500.0 pi_loss=-0.010 v_loss=8.025 ent=1.644 msg_acc=0.750 kl=0.0043
[upd  179 | steps   91648 | t  133.4s | sps   687] ret_mean=141.500 ep_len=500.0 pi_loss=-0.008 v_loss=2.015 ent=1.697 msg_acc=0.580 kl=0.0148
[upd  180 | steps   92160 | t  134.1s | sps   687] ret_mean=0.000 ep_len=500.0 pi_loss=-0.003 v_loss=3.269 ent=1.566 msg_acc=0.764 kl=0.0157
[upd  181 | steps   92672 | t  134.8s | sps   688] ret_mean=110.000 ep_len=500.0 pi_loss=-0.010 v_loss=2.219 ent=1.860 msg_acc=0.526 kl=0.0142
[upd  182 | steps   93184 | t  135.4s | sps   688] ret_mean=54.000 ep_len=500.0 pi_loss=-0.014 v_loss=7.505 ent=1.675 msg_acc=0.681 kl=0.0102
[upd  183 | steps   93696 | t  136.0s | sps   689] ret_mean=139.000 ep_len=500.0 pi_loss=-0.016 v_loss=2.961 ent=1.779 msg_acc=0.628 kl=0.0155
[upd  184 | steps   94208 | t  136.6s | sps   689] ret_mean=84.000 ep_len=500.0 pi_loss=-0.006 v_loss=2.614 ent=1.741 msg_acc=0.585 kl=0.0057
[upd  185 | steps   94720 | t  137.3s | sps   690] ret_mean=70.000 ep_len=500.0 pi_loss=-0.004 v_loss=6.133 ent=1.567 msg_acc=0.563 kl=0.0050
[upd  186 | steps   95232 | t  138.1s | sps   690] ret_mean=138.500 ep_len=500.0 pi_loss=-0.011 v_loss=0.940 ent=1.893 msg_acc=0.835 kl=0.0102
[upd  187 | steps   95744 | t  138.9s | sps   689] ret_mean=0.000 ep_len=500.0 pi_loss=-0.014 v_loss=0.219 ent=1.573 msg_acc=0.979 kl=0.0090
[upd  188 | steps   96256 | t  139.6s | sps   690] ret_mean=0.000 ep_len=500.0 pi_loss=-0.017 v_loss=4.201 ent=1.365 msg_acc=0.770 kl=0.0149
[upd  189 | steps   96768 | t  140.2s | sps   690] ret_mean=121.000 ep_len=500.0 pi_loss=-0.002 v_loss=2.775 ent=1.680 msg_acc=0.460 kl=0.0213
[upd  190 | steps   97280 | t  140.9s | sps   690] ret_mean=93.500 ep_len=500.0 pi_loss=-0.005 v_loss=0.672 ent=2.034 msg_acc=0.341 kl=0.0238
[upd  191 | steps   97792 | t  141.8s | sps   689] ret_mean=0.000 ep_len=500.0 pi_loss=-0.013 v_loss=2.454 ent=1.678 msg_acc=0.722 kl=0.0094
[upd  192 | steps   98304 | t  142.7s | sps   689] ret_mean=43.750 ep_len=500.0 pi_loss=-0.006 v_loss=1.011 ent=2.113 msg_acc=0.565 kl=0.0097
[upd  193 | steps   98816 | t  143.6s | sps   688] ret_mean=0.000 ep_len=500.0 pi_loss=-0.004 v_loss=0.193 ent=2.144 msg_acc=0.380 kl=0.0229
[upd  194 | steps   99328 | t  144.3s | sps   688] ret_mean=112.000 ep_len=500.0 pi_loss=-0.013 v_loss=4.524 ent=1.727 msg_acc=0.598 kl=0.0210
[upd  195 | steps   99840 | t  145.0s | sps   688] ret_mean=90.500 ep_len=500.0 pi_loss=-0.009 v_loss=3.389 ent=1.628 msg_acc=0.629 kl=0.0089
[upd  196 | steps  100352 | t  145.7s | sps   689] ret_mean=224.500 ep_len=500.0 pi_loss=-0.007 v_loss=17.589 ent=1.219 msg_acc=0.670 kl=0.0116
[upd  197 | steps  100864 | t  146.3s | sps   689] ret_mean=0.000 ep_len=500.0 pi_loss=-0.006 v_loss=0.131 ent=2.171 msg_acc=0.560 kl=0.0098
[upd  198 | steps  101376 | t  147.0s | sps   690] ret_mean=0.000 ep_len=500.0 pi_loss=-0.009 v_loss=0.076 ent=1.889 msg_acc=0.699 kl=0.0218
[upd  199 | steps  101888 | t  147.7s | sps   690] ret_mean=45.500 ep_len=500.0 pi_loss=-0.009 v_loss=1.890 ent=1.954 msg_acc=0.560 kl=0.0168
[upd  200 | steps  102400 | t  148.7s | sps   689] ret_mean=91.500 ep_len=500.0 pi_loss=-0.005 v_loss=3.493 ent=1.848 msg_acc=0.470 kl=0.0055
        [eval] ret_mean=0.000 ep_len=500.0
