$ /Users/praneelkhiantani/Downloads/cs2860/.venv/bin/python3 -m policies.train --env rware-tiny-2ag-easy-v2 --seed 0 --updates 200 --rollout 512 --eval-every 50 --eval-episodes 10 --log-dir matrix_results/intent_grounded_v1_pilot/rware-tiny-2ag-easy-v2 --run-name mappo-no-comm__baseline__d0__s0 --n-msg-tokens 8 --no-comm --shape-rewards --pickup-bonus 0.5

[env] EnvSpec(env_id='rware-tiny-2ag-easy-v2', n_agents=2, obs_dim=71, n_env_actions=5, noop_action=0, family='rware')  (n_msg_tokens=1)
[cfg] {'clip_range': 0.2, 'value_clip_range': 0.2, 'entropy_coef': 0.01, 'value_coef': 0.5, 'max_grad_norm': 0.5, 'gamma': 0.99, 'gae_lambda': 0.95, 'lr_actor': 0.0003, 'lr_critic': 0.001, 'update_epochs': 4, 'minibatches': 4, 'hidden': 128, 'depth': 2, 'device': 'cpu', 'message_grounding_coef': 0.0, 'extra': {}}
[log] writing to matrix_results/intent_grounded_v1_pilot/rware-tiny-2ag-easy-v2/mappo-no-comm__baseline__d0__s0
[upd    1 | steps     512 | t    1.0s | sps   513] ret_mean=0.000 ep_len=500.0 pi_loss=-0.008 v_loss=0.024 ent=1.607 msg_acc=0.000 kl=0.0087
[upd    2 | steps    1024 | t    1.8s | sps   572] ret_mean=3.500 ep_len=500.0 pi_loss=-0.004 v_loss=0.025 ent=1.605 msg_acc=0.000 kl=0.0051
[upd    3 | steps    1536 | t    2.7s | sps   564] ret_mean=0.000 ep_len=500.0 pi_loss=-0.005 v_loss=0.004 ent=1.602 msg_acc=0.000 kl=-0.0007
[upd    4 | steps    2048 | t    3.5s | sps   584] ret_mean=0.500 ep_len=500.0 pi_loss=-0.004 v_loss=0.004 ent=1.581 msg_acc=0.000 kl=0.0088
[upd    5 | steps    2560 | t    4.5s | sps   570] ret_mean=1.500 ep_len=500.0 pi_loss=-0.003 v_loss=0.008 ent=1.579 msg_acc=0.000 kl=0.0013
[upd    6 | steps    3072 | t    5.2s | sps   588] ret_mean=2.500 ep_len=500.0 pi_loss=-0.006 v_loss=0.015 ent=1.561 msg_acc=0.000 kl=0.0073
[upd    7 | steps    3584 | t    5.9s | sps   603] ret_mean=2.500 ep_len=500.0 pi_loss=-0.005 v_loss=0.016 ent=1.552 msg_acc=0.000 kl=0.0038
[upd    8 | steps    4096 | t    6.7s | sps   612] ret_mean=0.000 ep_len=500.0 pi_loss=-0.007 v_loss=0.002 ent=1.556 msg_acc=0.000 kl=-0.0003
[upd    9 | steps    4608 | t    7.5s | sps   613] ret_mean=0.000 ep_len=500.0 pi_loss=-0.009 v_loss=0.002 ent=1.592 msg_acc=0.000 kl=0.0029
[upd   10 | steps    5120 | t    8.3s | sps   619] ret_mean=0.000 ep_len=500.0 pi_loss=-0.009 v_loss=0.001 ent=1.571 msg_acc=0.000 kl=0.0087
[upd   11 | steps    5632 | t    9.0s | sps   627] ret_mean=0.500 ep_len=500.0 pi_loss=-0.006 v_loss=0.003 ent=1.527 msg_acc=0.000 kl=0.0032
[upd   12 | steps    6144 | t    9.7s | sps   632] ret_mean=0.000 ep_len=500.0 pi_loss=-0.009 v_loss=0.006 ent=1.461 msg_acc=0.000 kl=0.0041
[upd   13 | steps    6656 | t   10.4s | sps   638] ret_mean=2.500 ep_len=500.0 pi_loss=-0.011 v_loss=0.006 ent=1.492 msg_acc=0.000 kl=0.0083
[upd   14 | steps    7168 | t   11.2s | sps   641] ret_mean=0.000 ep_len=500.0 pi_loss=-0.005 v_loss=0.002 ent=1.545 msg_acc=0.000 kl=0.0048
[upd   15 | steps    7680 | t   12.1s | sps   637] ret_mean=0.000 ep_len=500.0 pi_loss=-0.002 v_loss=0.041 ent=1.376 msg_acc=0.000 kl=0.0060
[upd   16 | steps    8192 | t   12.8s | sps   638] ret_mean=3.000 ep_len=500.0 pi_loss=-0.004 v_loss=0.056 ent=1.501 msg_acc=0.000 kl=0.0020
[upd   17 | steps    8704 | t   13.6s | sps   641] ret_mean=4.500 ep_len=500.0 pi_loss=-0.005 v_loss=0.004 ent=1.522 msg_acc=0.000 kl=-0.0005
[upd   18 | steps    9216 | t   14.3s | sps   643] ret_mean=0.500 ep_len=500.0 pi_loss=-0.006 v_loss=0.002 ent=1.430 msg_acc=0.000 kl=0.0052
[upd   19 | steps    9728 | t   15.1s | sps   645] ret_mean=0.000 ep_len=500.0 pi_loss=-0.004 v_loss=0.001 ent=1.456 msg_acc=0.000 kl=0.0088
[upd   20 | steps   10240 | t   15.8s | sps   647] ret_mean=0.000 ep_len=500.0 pi_loss=-0.012 v_loss=0.002 ent=1.499 msg_acc=0.000 kl=0.0130
[upd   21 | steps   10752 | t   16.6s | sps   648] ret_mean=1.000 ep_len=500.0 pi_loss=-0.006 v_loss=0.004 ent=1.498 msg_acc=0.000 kl=0.0092
[upd   22 | steps   11264 | t   17.3s | sps   651] ret_mean=0.500 ep_len=500.0 pi_loss=-0.005 v_loss=0.001 ent=1.551 msg_acc=0.000 kl=0.0055
[upd   23 | steps   11776 | t   18.0s | sps   652] ret_mean=0.000 ep_len=500.0 pi_loss=-0.004 v_loss=0.001 ent=1.574 msg_acc=0.000 kl=-0.0002
[upd   24 | steps   12288 | t   18.9s | sps   650] ret_mean=0.000 ep_len=500.0 pi_loss=-0.003 v_loss=0.005 ent=1.550 msg_acc=0.000 kl=0.0029
[upd   25 | steps   12800 | t   19.7s | sps   651] ret_mean=1.500 ep_len=500.0 pi_loss=-0.007 v_loss=0.005 ent=1.560 msg_acc=0.000 kl=0.0032
[upd   26 | steps   13312 | t   20.5s | sps   650] ret_mean=2.000 ep_len=500.0 pi_loss=-0.011 v_loss=0.009 ent=1.533 msg_acc=0.000 kl=0.0053
[upd   27 | steps   13824 | t   21.2s | sps   652] ret_mean=0.000 ep_len=500.0 pi_loss=-0.003 v_loss=0.003 ent=1.546 msg_acc=0.000 kl=0.0022
[upd   28 | steps   14336 | t   22.0s | sps   653] ret_mean=0.500 ep_len=500.0 pi_loss=-0.008 v_loss=0.001 ent=1.532 msg_acc=0.000 kl=0.0000
[upd   29 | steps   14848 | t   22.7s | sps   654] ret_mean=0.000 ep_len=500.0 pi_loss=-0.007 v_loss=0.008 ent=1.542 msg_acc=0.000 kl=0.0132
[upd   30 | steps   15360 | t   23.5s | sps   655] ret_mean=1.500 ep_len=500.0 pi_loss=-0.005 v_loss=0.092 ent=1.530 msg_acc=0.000 kl=0.0011
[upd   31 | steps   15872 | t   24.5s | sps   649] ret_mean=6.000 ep_len=500.0 pi_loss=-0.007 v_loss=0.009 ent=1.485 msg_acc=0.000 kl=0.0069
[upd   32 | steps   16384 | t   25.4s | sps   644] ret_mean=2.000 ep_len=500.0 pi_loss=-0.008 v_loss=0.008 ent=1.512 msg_acc=0.000 kl=0.0038
[upd   33 | steps   16896 | t   26.2s | sps   645] ret_mean=0.500 ep_len=500.0 pi_loss=-0.007 v_loss=0.030 ent=1.495 msg_acc=0.000 kl=0.0067
[upd   34 | steps   17408 | t   26.9s | sps   646] ret_mean=3.500 ep_len=500.0 pi_loss=-0.006 v_loss=0.003 ent=1.417 msg_acc=0.000 kl=0.0046
[upd   35 | steps   17920 | t   27.7s | sps   647] ret_mean=0.500 ep_len=500.0 pi_loss=-0.006 v_loss=0.008 ent=1.473 msg_acc=0.000 kl=0.0052
[upd   36 | steps   18432 | t   28.4s | sps   648] ret_mean=1.000 ep_len=500.0 pi_loss=-0.007 v_loss=0.001 ent=1.409 msg_acc=0.000 kl=0.0058
[upd   37 | steps   18944 | t   29.2s | sps   649] ret_mean=0.000 ep_len=500.0 pi_loss=-0.003 v_loss=0.002 ent=1.484 msg_acc=0.000 kl=0.0018
[upd   38 | steps   19456 | t   29.9s | sps   650] ret_mean=0.500 ep_len=500.0 pi_loss=-0.007 v_loss=0.025 ent=1.509 msg_acc=0.000 kl=0.0022
[upd   39 | steps   19968 | t   30.7s | sps   651] ret_mean=3.500 ep_len=500.0 pi_loss=-0.010 v_loss=0.001 ent=1.502 msg_acc=0.000 kl=0.0037
[upd   40 | steps   20480 | t   31.4s | sps   651] ret_mean=0.000 ep_len=500.0 pi_loss=-0.009 v_loss=0.009 ent=1.465 msg_acc=0.000 kl=0.0073
[upd   41 | steps   20992 | t   32.2s | sps   652] ret_mean=1.500 ep_len=500.0 pi_loss=-0.009 v_loss=0.001 ent=1.416 msg_acc=0.000 kl=0.0092
[upd   42 | steps   21504 | t   33.0s | sps   652] ret_mean=2.750 ep_len=500.0 pi_loss=-0.008 v_loss=0.065 ent=1.467 msg_acc=0.000 kl=0.0009
[upd   43 | steps   22016 | t   33.8s | sps   651] ret_mean=0.000 ep_len=500.0 pi_loss=-0.010 v_loss=0.001 ent=1.459 msg_acc=0.000 kl=0.0042
[upd   44 | steps   22528 | t   34.6s | sps   651] ret_mean=2.000 ep_len=500.0 pi_loss=-0.006 v_loss=0.010 ent=1.437 msg_acc=0.000 kl=0.0050
[upd   45 | steps   23040 | t   35.4s | sps   652] ret_mean=0.500 ep_len=500.0 pi_loss=-0.014 v_loss=0.003 ent=1.489 msg_acc=0.000 kl=0.0125
[upd   46 | steps   23552 | t   36.1s | sps   652] ret_mean=5.000 ep_len=500.0 pi_loss=-0.006 v_loss=0.065 ent=1.374 msg_acc=0.000 kl=0.0077
[upd   47 | steps   24064 | t   36.8s | sps   653] ret_mean=1.000 ep_len=500.0 pi_loss=-0.010 v_loss=0.017 ent=1.446 msg_acc=0.000 kl=0.0006
[upd   48 | steps   24576 | t   37.6s | sps   654] ret_mean=2.500 ep_len=500.0 pi_loss=-0.006 v_loss=0.003 ent=1.482 msg_acc=0.000 kl=0.0045
[upd   49 | steps   25088 | t   38.3s | sps   655] ret_mean=3.000 ep_len=500.0 pi_loss=-0.008 v_loss=0.042 ent=1.479 msg_acc=0.000 kl=-0.0049
[upd   50 | steps   25600 | t   39.0s | sps   656] ret_mean=4.000 ep_len=500.0 pi_loss=-0.010 v_loss=0.038 ent=1.405 msg_acc=0.000 kl=0.0019
        [eval] ret_mean=0.000 ep_len=500.0
[upd   51 | steps   26112 | t   45.4s | sps   576] ret_mean=0.000 ep_len=500.0 pi_loss=-0.003 v_loss=0.002 ent=1.247 msg_acc=0.000 kl=0.0002
[upd   52 | steps   26624 | t   46.1s | sps   578] ret_mean=10.500 ep_len=500.0 pi_loss=-0.005 v_loss=0.271 ent=1.373 msg_acc=0.000 kl=-0.0001
[upd   53 | steps   27136 | t   46.8s | sps   580] ret_mean=0.000 ep_len=500.0 pi_loss=-0.005 v_loss=0.002 ent=1.443 msg_acc=0.000 kl=-0.0002
[upd   54 | steps   27648 | t   47.5s | sps   582] ret_mean=0.500 ep_len=500.0 pi_loss=-0.010 v_loss=0.009 ent=1.308 msg_acc=0.000 kl=0.0062
[upd   55 | steps   28160 | t   48.5s | sps   580] ret_mean=1.500 ep_len=500.0 pi_loss=-0.005 v_loss=0.206 ent=1.090 msg_acc=0.000 kl=0.0044
[upd   56 | steps   28672 | t   49.3s | sps   582] ret_mean=9.000 ep_len=500.0 pi_loss=-0.009 v_loss=0.010 ent=1.248 msg_acc=0.000 kl=0.0026
[upd   57 | steps   29184 | t   50.0s | sps   584] ret_mean=1.500 ep_len=500.0 pi_loss=-0.014 v_loss=0.005 ent=1.326 msg_acc=0.000 kl=0.0124
[upd   58 | steps   29696 | t   50.8s | sps   585] ret_mean=0.000 ep_len=500.0 pi_loss=-0.009 v_loss=0.002 ent=1.326 msg_acc=0.000 kl=0.0131
[upd   59 | steps   30208 | t   51.5s | sps   586] ret_mean=7.000 ep_len=500.0 pi_loss=-0.011 v_loss=0.105 ent=1.144 msg_acc=0.000 kl=0.0029
[upd   60 | steps   30720 | t   52.2s | sps   588] ret_mean=4.000 ep_len=500.0 pi_loss=-0.007 v_loss=0.101 ent=1.110 msg_acc=0.000 kl=0.0133
[upd   61 | steps   31232 | t   53.0s | sps   589] ret_mean=2.000 ep_len=500.0 pi_loss=-0.008 v_loss=0.002 ent=1.455 msg_acc=0.000 kl=0.0059
[upd   62 | steps   31744 | t   53.7s | sps   591] ret_mean=0.000 ep_len=500.0 pi_loss=-0.009 v_loss=0.001 ent=1.150 msg_acc=0.000 kl=0.0024
[upd   63 | steps   32256 | t   54.5s | sps   592] ret_mean=0.000 ep_len=500.0 pi_loss=-0.006 v_loss=0.021 ent=0.980 msg_acc=0.000 kl=0.0009
[upd   64 | steps   32768 | t   55.6s | sps   589] ret_mean=2.000 ep_len=500.0 pi_loss=-0.006 v_loss=0.002 ent=1.234 msg_acc=0.000 kl=0.0123
[upd   65 | steps   33280 | t   56.4s | sps   590] ret_mean=6.500 ep_len=500.0 pi_loss=-0.011 v_loss=0.074 ent=1.320 msg_acc=0.000 kl=0.0073
[upd   66 | steps   33792 | t   57.1s | sps   592] ret_mean=0.000 ep_len=500.0 pi_loss=-0.005 v_loss=0.001 ent=1.282 msg_acc=0.000 kl=0.0041
[upd   67 | steps   34304 | t   57.9s | sps   593] ret_mean=10.500 ep_len=500.0 pi_loss=-0.015 v_loss=0.374 ent=1.250 msg_acc=0.000 kl=0.0057
[upd   68 | steps   34816 | t   58.6s | sps   594] ret_mean=34.000 ep_len=500.0 pi_loss=-0.006 v_loss=2.577 ent=1.125 msg_acc=0.000 kl=0.0059
[upd   69 | steps   35328 | t   59.3s | sps   595] ret_mean=1.500 ep_len=500.0 pi_loss=-0.006 v_loss=0.007 ent=1.304 msg_acc=0.000 kl=0.0017
[upd   70 | steps   35840 | t   60.1s | sps   597] ret_mean=0.000 ep_len=500.0 pi_loss=-0.006 v_loss=0.006 ent=1.268 msg_acc=0.000 kl=0.0052
[upd   71 | steps   36352 | t   60.8s | sps   598] ret_mean=0.500 ep_len=500.0 pi_loss=-0.004 v_loss=0.044 ent=1.008 msg_acc=0.000 kl=0.0062
[upd   72 | steps   36864 | t   61.5s | sps   599] ret_mean=5.000 ep_len=500.0 pi_loss=-0.010 v_loss=0.003 ent=1.273 msg_acc=0.000 kl=0.0040
[upd   73 | steps   37376 | t   62.2s | sps   601] ret_mean=35.000 ep_len=500.0 pi_loss=-0.010 v_loss=1.841 ent=1.164 msg_acc=0.000 kl=0.0041
[upd   74 | steps   37888 | t   62.9s | sps   602] ret_mean=10.500 ep_len=500.0 pi_loss=-0.014 v_loss=0.868 ent=1.143 msg_acc=0.000 kl=0.0092
[upd   75 | steps   38400 | t   63.6s | sps   603] ret_mean=21.000 ep_len=500.0 pi_loss=-0.004 v_loss=1.300 ent=0.974 msg_acc=0.000 kl=0.0079
[upd   76 | steps   38912 | t   64.4s | sps   604] ret_mean=46.000 ep_len=500.0 pi_loss=-0.009 v_loss=1.373 ent=1.084 msg_acc=0.000 kl=0.0062
[upd   77 | steps   39424 | t   65.2s | sps   605] ret_mean=20.500 ep_len=500.0 pi_loss=-0.011 v_loss=0.807 ent=1.206 msg_acc=0.000 kl=0.0174
[upd   78 | steps   39936 | t   65.9s | sps   606] ret_mean=36.500 ep_len=500.0 pi_loss=-0.002 v_loss=0.573 ent=0.948 msg_acc=0.000 kl=0.0035
[upd   79 | steps   40448 | t   66.6s | sps   607] ret_mean=1.500 ep_len=500.0 pi_loss=-0.004 v_loss=0.800 ent=1.145 msg_acc=0.000 kl=0.0062
[upd   80 | steps   40960 | t   67.3s | sps   608] ret_mean=23.000 ep_len=500.0 pi_loss=-0.007 v_loss=0.029 ent=1.103 msg_acc=0.000 kl=-0.0032
[upd   81 | steps   41472 | t   68.1s | sps   609] ret_mean=1.500 ep_len=500.0 pi_loss=-0.011 v_loss=0.010 ent=1.031 msg_acc=0.000 kl=0.0145
[upd   82 | steps   41984 | t   68.8s | sps   610] ret_mean=0.000 ep_len=500.0 pi_loss=-0.008 v_loss=0.110 ent=1.157 msg_acc=0.000 kl=0.0074
[upd   83 | steps   42496 | t   69.6s | sps   611] ret_mean=5.000 ep_len=500.0 pi_loss=-0.005 v_loss=0.008 ent=1.191 msg_acc=0.000 kl=0.0007
[upd   84 | steps   43008 | t   70.3s | sps   612] ret_mean=1.500 ep_len=500.0 pi_loss=-0.006 v_loss=1.351 ent=0.952 msg_acc=0.000 kl=0.0089
[upd   85 | steps   43520 | t   71.0s | sps   613] ret_mean=32.000 ep_len=500.0 pi_loss=-0.010 v_loss=0.005 ent=0.938 msg_acc=0.000 kl=0.0031
[upd   86 | steps   44032 | t   71.7s | sps   614] ret_mean=0.000 ep_len=500.0 pi_loss=-0.006 v_loss=0.002 ent=1.043 msg_acc=0.000 kl=0.0037
[upd   87 | steps   44544 | t   72.5s | sps   614] ret_mean=0.000 ep_len=500.0 pi_loss=-0.010 v_loss=0.001 ent=1.061 msg_acc=0.000 kl=0.0020
[upd   88 | steps   45056 | t   73.4s | sps   614] ret_mean=0.000 ep_len=500.0 pi_loss=-0.008 v_loss=0.001 ent=1.026 msg_acc=0.000 kl=-0.0005
[upd   89 | steps   45568 | t   74.1s | sps   615] ret_mean=0.000 ep_len=500.0 pi_loss=-0.005 v_loss=2.469 ent=0.875 msg_acc=0.000 kl=0.0067
[upd   90 | steps   46080 | t   74.8s | sps   616] ret_mean=57.500 ep_len=500.0 pi_loss=-0.008 v_loss=0.251 ent=0.796 msg_acc=0.000 kl=0.0161
[upd   91 | steps   46592 | t   75.5s | sps   617] ret_mean=5.000 ep_len=500.0 pi_loss=-0.005 v_loss=5.211 ent=0.494 msg_acc=0.000 kl=0.0045
[upd   92 | steps   47104 | t   76.3s | sps   618] ret_mean=74.750 ep_len=500.0 pi_loss=-0.003 v_loss=2.613 ent=0.779 msg_acc=0.000 kl=0.0083
[upd   93 | steps   47616 | t   77.0s | sps   618] ret_mean=0.000 ep_len=500.0 pi_loss=-0.008 v_loss=0.012 ent=0.546 msg_acc=0.000 kl=0.0000
[upd   94 | steps   48128 | t   77.7s | sps   619] ret_mean=32.500 ep_len=500.0 pi_loss=-0.008 v_loss=1.597 ent=0.895 msg_acc=0.000 kl=0.0036
[upd   95 | steps   48640 | t   78.4s | sps   620] ret_mean=0.000 ep_len=500.0 pi_loss=-0.004 v_loss=0.241 ent=0.721 msg_acc=0.000 kl=0.0071
[upd   96 | steps   49152 | t   79.3s | sps   620] ret_mean=124.000 ep_len=500.0 pi_loss=-0.001 v_loss=5.536 ent=0.248 msg_acc=0.000 kl=0.0011
[upd   97 | steps   49664 | t   80.0s | sps   621] ret_mean=52.500 ep_len=500.0 pi_loss=-0.002 v_loss=2.665 ent=0.300 msg_acc=0.000 kl=0.0046
[upd   98 | steps   50176 | t   80.7s | sps   622] ret_mean=0.000 ep_len=500.0 pi_loss=-0.009 v_loss=0.007 ent=0.782 msg_acc=0.000 kl=0.0056
[upd   99 | steps   50688 | t   81.4s | sps   623] ret_mean=0.000 ep_len=500.0 pi_loss=0.000 v_loss=0.014 ent=0.397 msg_acc=0.000 kl=0.0027
[upd  100 | steps   51200 | t   82.1s | sps   623] ret_mean=0.000 ep_len=500.0 pi_loss=-0.009 v_loss=0.003 ent=0.629 msg_acc=0.000 kl=0.0099
        [eval] ret_mean=12.500 ep_len=500.0
[upd  101 | steps   51712 | t   88.9s | sps   582] ret_mean=118.000 ep_len=500.0 pi_loss=-0.004 v_loss=6.782 ent=0.302 msg_acc=0.000 kl=0.0082
[upd  102 | steps   52224 | t   89.6s | sps   583] ret_mean=0.000 ep_len=500.0 pi_loss=-0.007 v_loss=0.118 ent=0.484 msg_acc=0.000 kl=0.0029
[upd  103 | steps   52736 | t   90.3s | sps   584] ret_mean=124.000 ep_len=500.0 pi_loss=-0.004 v_loss=5.984 ent=0.307 msg_acc=0.000 kl=0.0041
[upd  104 | steps   53248 | t   91.0s | sps   585] ret_mean=105.500 ep_len=500.0 pi_loss=-0.003 v_loss=5.713 ent=0.362 msg_acc=0.000 kl=0.0011
[upd  105 | steps   53760 | t   91.7s | sps   586] ret_mean=39.000 ep_len=500.0 pi_loss=-0.008 v_loss=1.562 ent=0.522 msg_acc=0.000 kl=0.0120
[upd  106 | steps   54272 | t   92.5s | sps   587] ret_mean=11.500 ep_len=500.0 pi_loss=-0.008 v_loss=0.021 ent=0.394 msg_acc=0.000 kl=-0.0013
[upd  107 | steps   54784 | t   93.3s | sps   587] ret_mean=0.000 ep_len=500.0 pi_loss=-0.005 v_loss=0.015 ent=0.320 msg_acc=0.000 kl=0.0033
[upd  108 | steps   55296 | t   94.1s | sps   588] ret_mean=82.500 ep_len=500.0 pi_loss=-0.006 v_loss=4.296 ent=0.415 msg_acc=0.000 kl=0.0079
[upd  109 | steps   55808 | t   94.8s | sps   589] ret_mean=99.000 ep_len=500.0 pi_loss=-0.002 v_loss=6.393 ent=0.409 msg_acc=0.000 kl=-0.0031
[upd  110 | steps   56320 | t   95.5s | sps   590] ret_mean=124.000 ep_len=500.0 pi_loss=-0.001 v_loss=4.335 ent=0.071 msg_acc=0.000 kl=0.0013
[upd  111 | steps   56832 | t   96.3s | sps   590] ret_mean=0.000 ep_len=500.0 pi_loss=-0.001 v_loss=0.077 ent=0.206 msg_acc=0.000 kl=0.0048
[upd  112 | steps   57344 | t   97.4s | sps   589] ret_mean=0.000 ep_len=500.0 pi_loss=-0.000 v_loss=0.065 ent=0.224 msg_acc=0.000 kl=-0.0022
[upd  113 | steps   57856 | t   98.7s | sps   586] ret_mean=0.000 ep_len=500.0 pi_loss=-0.002 v_loss=0.030 ent=0.337 msg_acc=0.000 kl=0.0013
[upd  114 | steps   58368 | t   99.5s | sps   587] ret_mean=0.000 ep_len=500.0 pi_loss=-0.000 v_loss=0.025 ent=0.379 msg_acc=0.000 kl=-0.0003
[upd  115 | steps   58880 | t  100.2s | sps   588] ret_mean=0.000 ep_len=500.0 pi_loss=-0.003 v_loss=0.017 ent=0.544 msg_acc=0.000 kl=-0.0005
[upd  116 | steps   59392 | t  100.8s | sps   589] ret_mean=0.000 ep_len=500.0 pi_loss=-0.009 v_loss=0.014 ent=0.535 msg_acc=0.000 kl=0.0100
[upd  117 | steps   59904 | t  101.5s | sps   590] ret_mean=0.000 ep_len=500.0 pi_loss=-0.005 v_loss=1.835 ent=0.488 msg_acc=0.000 kl=0.0050
[upd  118 | steps   60416 | t  102.2s | sps   591] ret_mean=89.500 ep_len=500.0 pi_loss=-0.011 v_loss=2.025 ent=0.729 msg_acc=0.000 kl=0.0125
[upd  119 | steps   60928 | t  103.1s | sps   591] ret_mean=0.000 ep_len=500.0 pi_loss=-0.007 v_loss=0.003 ent=0.669 msg_acc=0.000 kl=0.0051
[upd  120 | steps   61440 | t  103.7s | sps   593] ret_mean=0.000 ep_len=500.0 pi_loss=-0.005 v_loss=0.005 ent=0.592 msg_acc=0.000 kl=-0.0005
[upd  121 | steps   61952 | t  104.4s | sps   593] ret_mean=5.000 ep_len=500.0 pi_loss=-0.005 v_loss=0.107 ent=0.728 msg_acc=0.000 kl=0.0017
[upd  122 | steps   62464 | t  105.2s | sps   594] ret_mean=0.000 ep_len=500.0 pi_loss=-0.005 v_loss=0.003 ent=0.468 msg_acc=0.000 kl=0.0001
[upd  123 | steps   62976 | t  106.0s | sps   594] ret_mean=0.000 ep_len=500.0 pi_loss=-0.006 v_loss=3.591 ent=0.580 msg_acc=0.000 kl=0.0075
[upd  124 | steps   63488 | t  106.8s | sps   594] ret_mean=122.500 ep_len=500.0 pi_loss=-0.004 v_loss=2.454 ent=0.750 msg_acc=0.000 kl=0.0074
[upd  125 | steps   64000 | t  107.5s | sps   595] ret_mean=0.000 ep_len=500.0 pi_loss=-0.010 v_loss=1.270 ent=0.697 msg_acc=0.000 kl=0.0270
[upd  126 | steps   64512 | t  108.1s | sps   597] ret_mean=73.500 ep_len=500.0 pi_loss=-0.007 v_loss=5.259 ent=0.507 msg_acc=0.000 kl=0.0042
[upd  127 | steps   65024 | t  108.8s | sps   598] ret_mean=114.500 ep_len=500.0 pi_loss=-0.004 v_loss=1.967 ent=0.633 msg_acc=0.000 kl=0.0052
[upd  128 | steps   65536 | t  109.4s | sps   599] ret_mean=0.000 ep_len=500.0 pi_loss=-0.002 v_loss=0.005 ent=0.737 msg_acc=0.000 kl=0.0022
[upd  129 | steps   66048 | t  110.0s | sps   600] ret_mean=0.000 ep_len=500.0 pi_loss=-0.005 v_loss=0.007 ent=0.843 msg_acc=0.000 kl=0.0068
[upd  130 | steps   66560 | t  110.7s | sps   602] ret_mean=0.000 ep_len=500.0 pi_loss=-0.011 v_loss=0.011 ent=0.693 msg_acc=0.000 kl=0.0105
[upd  131 | steps   67072 | t  111.3s | sps   602] ret_mean=0.000 ep_len=500.0 pi_loss=-0.005 v_loss=0.006 ent=1.067 msg_acc=0.000 kl=-0.0014
[upd  132 | steps   67584 | t  112.2s | sps   602] ret_mean=0.000 ep_len=500.0 pi_loss=-0.010 v_loss=2.824 ent=0.817 msg_acc=0.000 kl=0.0167
[upd  133 | steps   68096 | t  113.1s | sps   602] ret_mean=77.500 ep_len=500.0 pi_loss=-0.007 v_loss=6.630 ent=0.848 msg_acc=0.000 kl=0.0044
[upd  134 | steps   68608 | t  113.7s | sps   603] ret_mean=116.500 ep_len=500.0 pi_loss=-0.003 v_loss=7.944 ent=0.427 msg_acc=0.000 kl=-0.0028
[upd  135 | steps   69120 | t  114.4s | sps   604] ret_mean=116.000 ep_len=500.0 pi_loss=-0.001 v_loss=0.560 ent=0.735 msg_acc=0.000 kl=0.0042
[upd  136 | steps   69632 | t  115.3s | sps   604] ret_mean=0.000 ep_len=500.0 pi_loss=-0.003 v_loss=4.719 ent=0.462 msg_acc=0.000 kl=0.0023
[upd  137 | steps   70144 | t  116.0s | sps   605] ret_mean=120.500 ep_len=500.0 pi_loss=-0.002 v_loss=0.402 ent=0.890 msg_acc=0.000 kl=0.0058
[upd  138 | steps   70656 | t  116.6s | sps   606] ret_mean=0.000 ep_len=500.0 pi_loss=-0.004 v_loss=3.619 ent=0.571 msg_acc=0.000 kl=0.0016
[upd  139 | steps   71168 | t  117.3s | sps   607] ret_mean=93.000 ep_len=500.0 pi_loss=-0.005 v_loss=1.326 ent=0.576 msg_acc=0.000 kl=0.0080
[upd  140 | steps   71680 | t  118.0s | sps   608] ret_mean=34.000 ep_len=500.0 pi_loss=-0.002 v_loss=0.140 ent=0.979 msg_acc=0.000 kl=0.0025
[upd  141 | steps   72192 | t  118.6s | sps   609] ret_mean=0.000 ep_len=500.0 pi_loss=-0.005 v_loss=0.027 ent=0.770 msg_acc=0.000 kl=0.0141
[upd  142 | steps   72704 | t  119.3s | sps   610] ret_mean=0.000 ep_len=500.0 pi_loss=-0.003 v_loss=0.016 ent=1.157 msg_acc=0.000 kl=0.0005
[upd  143 | steps   73216 | t  119.9s | sps   611] ret_mean=0.000 ep_len=500.0 pi_loss=-0.008 v_loss=0.006 ent=0.838 msg_acc=0.000 kl=0.0006
[upd  144 | steps   73728 | t  120.7s | sps   611] ret_mean=0.000 ep_len=500.0 pi_loss=-0.002 v_loss=0.005 ent=1.030 msg_acc=0.000 kl=0.0086
[upd  145 | steps   74240 | t  121.4s | sps   612] ret_mean=28.000 ep_len=500.0 pi_loss=-0.011 v_loss=1.317 ent=0.734 msg_acc=0.000 kl=0.0162
[upd  146 | steps   74752 | t  122.1s | sps   612] ret_mean=103.000 ep_len=500.0 pi_loss=-0.016 v_loss=4.672 ent=0.693 msg_acc=0.000 kl=0.0024
[upd  147 | steps   75264 | t  122.8s | sps   613] ret_mean=27.500 ep_len=500.0 pi_loss=-0.006 v_loss=1.185 ent=0.733 msg_acc=0.000 kl=0.0144
[upd  148 | steps   75776 | t  123.5s | sps   613] ret_mean=0.000 ep_len=500.0 pi_loss=-0.009 v_loss=0.031 ent=0.612 msg_acc=0.000 kl=0.0074
[upd  149 | steps   76288 | t  124.3s | sps   614] ret_mean=73.500 ep_len=500.0 pi_loss=-0.004 v_loss=3.607 ent=0.647 msg_acc=0.000 kl=0.0050
[upd  150 | steps   76800 | t  125.1s | sps   614] ret_mean=0.000 ep_len=500.0 pi_loss=-0.011 v_loss=0.007 ent=1.207 msg_acc=0.000 kl=0.0103
        [eval] ret_mean=24.950 ep_len=500.0
[upd  151 | steps   77312 | t  132.2s | sps   585] ret_mean=79.000 ep_len=500.0 pi_loss=-0.008 v_loss=3.848 ent=0.738 msg_acc=0.000 kl=0.0114
[upd  152 | steps   77824 | t  133.0s | sps   585] ret_mean=103.000 ep_len=500.0 pi_loss=-0.006 v_loss=5.482 ent=0.720 msg_acc=0.000 kl=0.0007
[upd  153 | steps   78336 | t  133.9s | sps   585] ret_mean=89.500 ep_len=500.0 pi_loss=-0.009 v_loss=4.574 ent=0.865 msg_acc=0.000 kl=0.0049
[upd  154 | steps   78848 | t  134.7s | sps   586] ret_mean=51.500 ep_len=500.0 pi_loss=-0.005 v_loss=2.669 ent=1.086 msg_acc=0.000 kl=0.0040
[upd  155 | steps   79360 | t  135.4s | sps   586] ret_mean=174.500 ep_len=500.0 pi_loss=-0.005 v_loss=14.120 ent=0.633 msg_acc=0.000 kl=0.0099
[upd  156 | steps   79872 | t  136.2s | sps   586] ret_mean=35.500 ep_len=500.0 pi_loss=-0.011 v_loss=1.478 ent=1.036 msg_acc=0.000 kl=0.0265
[upd  157 | steps   80384 | t  137.2s | sps   586] ret_mean=74.000 ep_len=500.0 pi_loss=-0.006 v_loss=3.126 ent=0.914 msg_acc=0.000 kl=0.0101
[upd  158 | steps   80896 | t  138.0s | sps   586] ret_mean=40.000 ep_len=500.0 pi_loss=-0.008 v_loss=1.767 ent=1.070 msg_acc=0.000 kl=0.0063
[upd  159 | steps   81408 | t  138.9s | sps   586] ret_mean=0.000 ep_len=500.0 pi_loss=-0.006 v_loss=0.011 ent=1.263 msg_acc=0.000 kl=0.0027
[upd  160 | steps   81920 | t  139.7s | sps   587] ret_mean=0.000 ep_len=500.0 pi_loss=-0.009 v_loss=0.057 ent=0.906 msg_acc=0.000 kl=0.0001
[upd  161 | steps   82432 | t  140.5s | sps   587] ret_mean=42.000 ep_len=500.0 pi_loss=-0.009 v_loss=1.849 ent=1.002 msg_acc=0.000 kl=-0.0025
[upd  162 | steps   82944 | t  141.2s | sps   587] ret_mean=50.000 ep_len=500.0 pi_loss=-0.007 v_loss=2.624 ent=0.923 msg_acc=0.000 kl=0.0143
[upd  163 | steps   83456 | t  141.9s | sps   588] ret_mean=12.000 ep_len=500.0 pi_loss=-0.010 v_loss=0.048 ent=1.188 msg_acc=0.000 kl=0.0086
[upd  164 | steps   83968 | t  142.7s | sps   588] ret_mean=0.000 ep_len=500.0 pi_loss=-0.007 v_loss=1.447 ent=1.203 msg_acc=0.000 kl=0.0138
[upd  165 | steps   84480 | t  143.5s | sps   589] ret_mean=57.000 ep_len=500.0 pi_loss=-0.009 v_loss=1.882 ent=1.046 msg_acc=0.000 kl=0.0119
[upd  166 | steps   84992 | t  144.3s | sps   589] ret_mean=107.000 ep_len=500.0 pi_loss=-0.006 v_loss=2.934 ent=0.937 msg_acc=0.000 kl=0.0023
[upd  167 | steps   85504 | t  145.0s | sps   590] ret_mean=53.000 ep_len=500.0 pi_loss=-0.010 v_loss=2.680 ent=0.948 msg_acc=0.000 kl=0.0168
[upd  168 | steps   86016 | t  145.8s | sps   590] ret_mean=16.000 ep_len=500.0 pi_loss=-0.006 v_loss=1.976 ent=1.039 msg_acc=0.000 kl=0.0099
[upd  169 | steps   86528 | t  146.5s | sps   591] ret_mean=103.500 ep_len=500.0 pi_loss=-0.007 v_loss=6.168 ent=0.619 msg_acc=0.000 kl=0.0064
[upd  170 | steps   87040 | t  147.4s | sps   591] ret_mean=189.500 ep_len=500.0 pi_loss=-0.004 v_loss=11.940 ent=0.532 msg_acc=0.000 kl=0.0093
[upd  171 | steps   87552 | t  148.1s | sps   591] ret_mean=97.500 ep_len=500.0 pi_loss=-0.006 v_loss=9.701 ent=0.551 msg_acc=0.000 kl=0.0075
[upd  172 | steps   88064 | t  148.9s | sps   592] ret_mean=165.500 ep_len=500.0 pi_loss=-0.002 v_loss=2.816 ent=0.905 msg_acc=0.000 kl=0.0010
[upd  173 | steps   88576 | t  149.6s | sps   592] ret_mean=0.000 ep_len=500.0 pi_loss=-0.007 v_loss=2.147 ent=0.798 msg_acc=0.000 kl=0.0103
[upd  174 | steps   89088 | t  150.3s | sps   593] ret_mean=124.500 ep_len=500.0 pi_loss=-0.009 v_loss=7.568 ent=0.690 msg_acc=0.000 kl=0.0086
[upd  175 | steps   89600 | t  151.0s | sps   593] ret_mean=167.500 ep_len=500.0 pi_loss=-0.003 v_loss=6.892 ent=0.695 msg_acc=0.000 kl=0.0051
[upd  176 | steps   90112 | t  151.7s | sps   594] ret_mean=0.000 ep_len=500.0 pi_loss=-0.002 v_loss=12.017 ent=0.617 msg_acc=0.000 kl=0.0016
[upd  177 | steps   90624 | t  152.5s | sps   594] ret_mean=234.500 ep_len=500.0 pi_loss=-0.010 v_loss=5.628 ent=0.887 msg_acc=0.000 kl=0.0040
[upd  178 | steps   91136 | t  153.3s | sps   595] ret_mean=0.000 ep_len=500.0 pi_loss=-0.007 v_loss=6.546 ent=0.804 msg_acc=0.000 kl=0.0073
[upd  179 | steps   91648 | t  154.0s | sps   595] ret_mean=144.000 ep_len=500.0 pi_loss=-0.009 v_loss=2.730 ent=0.802 msg_acc=0.000 kl=0.0131
[upd  180 | steps   92160 | t  154.8s | sps   595] ret_mean=63.000 ep_len=500.0 pi_loss=-0.009 v_loss=2.768 ent=0.966 msg_acc=0.000 kl=0.0007
[upd  181 | steps   92672 | t  155.5s | sps   596] ret_mean=56.000 ep_len=500.0 pi_loss=-0.002 v_loss=5.255 ent=0.663 msg_acc=0.000 kl=0.0009
[upd  182 | steps   93184 | t  156.3s | sps   596] ret_mean=122.500 ep_len=500.0 pi_loss=-0.009 v_loss=0.845 ent=1.057 msg_acc=0.000 kl=0.0250
[upd  183 | steps   93696 | t  157.1s | sps   596] ret_mean=0.000 ep_len=500.0 pi_loss=-0.011 v_loss=2.018 ent=0.971 msg_acc=0.000 kl=0.0064
[upd  184 | steps   94208 | t  157.9s | sps   597] ret_mean=73.000 ep_len=500.0 pi_loss=-0.005 v_loss=0.971 ent=1.136 msg_acc=0.000 kl=0.0043
[upd  185 | steps   94720 | t  158.7s | sps   597] ret_mean=0.000 ep_len=500.0 pi_loss=-0.005 v_loss=0.021 ent=1.135 msg_acc=0.000 kl=0.0084
[upd  186 | steps   95232 | t  159.4s | sps   597] ret_mean=0.000 ep_len=500.0 pi_loss=-0.008 v_loss=0.050 ent=1.260 msg_acc=0.000 kl=0.0263
[upd  187 | steps   95744 | t  160.2s | sps   598] ret_mean=0.000 ep_len=500.0 pi_loss=-0.009 v_loss=1.787 ent=1.093 msg_acc=0.000 kl=0.0093
[upd  188 | steps   96256 | t  160.9s | sps   598] ret_mean=41.500 ep_len=500.0 pi_loss=-0.005 v_loss=0.080 ent=1.279 msg_acc=0.000 kl=0.0015
[upd  189 | steps   96768 | t  161.8s | sps   598] ret_mean=0.000 ep_len=500.0 pi_loss=-0.006 v_loss=2.806 ent=0.971 msg_acc=0.000 kl=0.0058
[upd  190 | steps   97280 | t  162.8s | sps   598] ret_mean=81.000 ep_len=500.0 pi_loss=-0.006 v_loss=0.102 ent=1.169 msg_acc=0.000 kl=-0.0009
[upd  191 | steps   97792 | t  163.5s | sps   598] ret_mean=0.000 ep_len=500.0 pi_loss=-0.012 v_loss=0.044 ent=1.142 msg_acc=0.000 kl=0.0142
[upd  192 | steps   98304 | t  164.3s | sps   598] ret_mean=46.750 ep_len=500.0 pi_loss=-0.011 v_loss=4.520 ent=0.748 msg_acc=0.000 kl=0.0140
[upd  193 | steps   98816 | t  165.0s | sps   599] ret_mean=102.500 ep_len=500.0 pi_loss=-0.004 v_loss=4.275 ent=0.723 msg_acc=0.000 kl=0.0118
[upd  194 | steps   99328 | t  165.7s | sps   599] ret_mean=161.000 ep_len=500.0 pi_loss=-0.004 v_loss=12.077 ent=0.493 msg_acc=0.000 kl=0.0018
[upd  195 | steps   99840 | t  166.6s | sps   599] ret_mean=94.000 ep_len=500.0 pi_loss=-0.009 v_loss=4.224 ent=0.709 msg_acc=0.000 kl=0.0147
[upd  196 | steps  100352 | t  167.3s | sps   600] ret_mean=128.000 ep_len=500.0 pi_loss=-0.004 v_loss=6.845 ent=0.660 msg_acc=0.000 kl=0.0025
[upd  197 | steps  100864 | t  168.1s | sps   600] ret_mean=90.000 ep_len=500.0 pi_loss=-0.010 v_loss=3.554 ent=0.843 msg_acc=0.000 kl=0.0009
[upd  198 | steps  101376 | t  168.9s | sps   600] ret_mean=142.500 ep_len=500.0 pi_loss=-0.007 v_loss=11.040 ent=0.537 msg_acc=0.000 kl=0.0062
[upd  199 | steps  101888 | t  169.9s | sps   600] ret_mean=59.500 ep_len=500.0 pi_loss=-0.005 v_loss=2.523 ent=0.896 msg_acc=0.000 kl=0.0086
[upd  200 | steps  102400 | t  170.8s | sps   600] ret_mean=0.000 ep_len=500.0 pi_loss=-0.003 v_loss=0.852 ent=1.002 msg_acc=0.000 kl=0.0102
        [eval] ret_mean=0.000 ep_len=500.0
