$ /Users/samchen/Coding/CLASSES/CS2860/.venv/bin/python3 -m policies.train --env rware-medium-2ag-v2 --seed 0 --updates 300 --rollout 512 --eval-every 25 --eval-episodes 30 --log-dir matrix_results/diagnostics_v1_sam/comm_2ag/headroom/rware-medium-2ag-v2 --run-name mappo-heartbeat-only__delay-dropout__d30__s0 --n-msg-tokens 8 --no-comm --heartbeat --heartbeat-period 1 --heartbeat-max-age-clip 128 --heartbeat-delay 30 --dropout --dropout-window-start 200 --dropout-window-end 350 --shape-rewards --pickup-bonus 0.5

[env] EnvSpec(env_id='rware-medium-2ag-v2', n_agents=2, obs_dim=73, n_env_actions=5, noop_action=0, family='rware')  (n_msg_tokens=1)
[cfg] {'clip_range': 0.2, 'value_clip_range': 0.2, 'entropy_coef': 0.01, 'value_coef': 0.5, 'max_grad_norm': 0.5, 'gamma': 0.99, 'gae_lambda': 0.95, 'lr_actor': 0.0003, 'lr_critic': 0.001, 'update_epochs': 4, 'minibatches': 4, 'hidden': 128, 'depth': 2, 'device': 'cpu', 'extra': {}}
[log] writing to matrix_results/diagnostics_v1_sam/comm_2ag/headroom/rware-medium-2ag-v2/mappo-heartbeat-only__delay-dropout__d30__s0
[upd    1 | steps     512 | t    0.2s | sps  2806] ret_mean=0.000 ep_len=500.0 pi_loss=-0.008 v_loss=0.157 ent=1.605 kl=0.0056
[upd    2 | steps    1024 | t    0.4s | sps  2903] ret_mean=0.000 ep_len=500.0 pi_loss=-0.005 v_loss=0.021 ent=1.604 kl=0.0047
[upd    3 | steps    1536 | t    0.5s | sps  2948] ret_mean=0.000 ep_len=500.0 pi_loss=-0.006 v_loss=0.047 ent=1.586 kl=0.0041
[upd    4 | steps    2048 | t    0.7s | sps  2981] ret_mean=0.000 ep_len=500.0 pi_loss=-0.006 v_loss=0.021 ent=1.598 kl=0.0081
[upd    5 | steps    2560 | t    0.9s | sps  2762] ret_mean=0.000 ep_len=500.0 pi_loss=-0.006 v_loss=0.022 ent=1.569 kl=0.0040
[upd    6 | steps    3072 | t    1.1s | sps  2790] ret_mean=0.000 ep_len=500.0 pi_loss=-0.005 v_loss=0.012 ent=1.564 kl=0.0061
[upd    7 | steps    3584 | t    1.3s | sps  2818] ret_mean=0.000 ep_len=500.0 pi_loss=-0.008 v_loss=0.015 ent=1.560 kl=0.0065
[upd    8 | steps    4096 | t    1.4s | sps  2838] ret_mean=0.000 ep_len=500.0 pi_loss=-0.005 v_loss=0.011 ent=1.532 kl=0.0092
[upd    9 | steps    4608 | t    1.6s | sps  2868] ret_mean=0.000 ep_len=500.0 pi_loss=-0.004 v_loss=0.007 ent=1.537 kl=0.0075
[upd   10 | steps    5120 | t    1.8s | sps  2886] ret_mean=0.500 ep_len=500.0 pi_loss=-0.010 v_loss=0.016 ent=1.523 kl=0.0127
[upd   11 | steps    5632 | t    2.0s | sps  2888] ret_mean=0.000 ep_len=500.0 pi_loss=-0.007 v_loss=0.005 ent=1.529 kl=0.0031
[upd   12 | steps    6144 | t    2.1s | sps  2870] ret_mean=0.000 ep_len=500.0 pi_loss=-0.005 v_loss=0.004 ent=1.495 kl=0.0076
[upd   13 | steps    6656 | t    2.3s | sps  2862] ret_mean=0.000 ep_len=500.0 pi_loss=-0.003 v_loss=0.004 ent=1.427 kl=0.0052
[upd   14 | steps    7168 | t    2.5s | sps  2872] ret_mean=0.000 ep_len=500.0 pi_loss=-0.002 v_loss=0.009 ent=1.507 kl=0.0039
[upd   15 | steps    7680 | t    2.7s | sps  2888] ret_mean=0.000 ep_len=500.0 pi_loss=-0.004 v_loss=0.009 ent=1.575 kl=0.0047
[upd   16 | steps    8192 | t    2.8s | sps  2893] ret_mean=1.500 ep_len=500.0 pi_loss=-0.007 v_loss=0.004 ent=1.518 kl=0.0060
[upd   17 | steps    8704 | t    3.0s | sps  2897] ret_mean=0.000 ep_len=500.0 pi_loss=-0.008 v_loss=0.003 ent=1.518 kl=0.0074
[upd   18 | steps    9216 | t    3.2s | sps  2893] ret_mean=0.000 ep_len=500.0 pi_loss=-0.003 v_loss=0.003 ent=1.504 kl=-0.0037
[upd   19 | steps    9728 | t    3.4s | sps  2883] ret_mean=1.000 ep_len=500.0 pi_loss=-0.002 v_loss=0.002 ent=1.492 kl=0.0006
[upd   20 | steps   10240 | t    3.6s | sps  2874] ret_mean=0.000 ep_len=500.0 pi_loss=-0.002 v_loss=0.001 ent=1.536 kl=0.0027
[upd   21 | steps   10752 | t    3.7s | sps  2876] ret_mean=0.000 ep_len=500.0 pi_loss=-0.006 v_loss=0.001 ent=1.514 kl=0.0007
[upd   22 | steps   11264 | t    3.9s | sps  2882] ret_mean=0.000 ep_len=500.0 pi_loss=-0.005 v_loss=0.001 ent=1.516 kl=-0.0020
[upd   23 | steps   11776 | t    4.1s | sps  2879] ret_mean=0.000 ep_len=500.0 pi_loss=-0.003 v_loss=0.002 ent=1.561 kl=0.0046
[upd   24 | steps   12288 | t    4.3s | sps  2878] ret_mean=0.000 ep_len=500.0 pi_loss=-0.006 v_loss=0.001 ent=1.575 kl=0.0036
[upd   25 | steps   12800 | t    4.4s | sps  2880] ret_mean=0.000 ep_len=500.0 pi_loss=-0.006 v_loss=0.001 ent=1.583 kl=0.0017
        [eval] ret_mean=0.000 ep_len=500.0
[upd   26 | steps   13312 | t    8.7s | sps  1532] ret_mean=0.000 ep_len=500.0 pi_loss=-0.004 v_loss=0.001 ent=1.595 kl=0.0001
[upd   27 | steps   13824 | t    8.9s | sps  1562] ret_mean=0.000 ep_len=500.0 pi_loss=-0.002 v_loss=0.001 ent=1.593 kl=0.0011
[upd   28 | steps   14336 | t    9.0s | sps  1591] ret_mean=0.000 ep_len=500.0 pi_loss=-0.005 v_loss=0.001 ent=1.591 kl=-0.0020
[upd   29 | steps   14848 | t    9.2s | sps  1618] ret_mean=0.000 ep_len=500.0 pi_loss=-0.017 v_loss=0.001 ent=1.602 kl=0.0058
[upd   30 | steps   15360 | t    9.4s | sps  1640] ret_mean=0.000 ep_len=500.0 pi_loss=-0.003 v_loss=0.001 ent=1.590 kl=0.0014
[upd   31 | steps   15872 | t    9.6s | sps  1661] ret_mean=0.000 ep_len=500.0 pi_loss=-0.004 v_loss=0.001 ent=1.581 kl=0.0108
[upd   32 | steps   16384 | t    9.7s | sps  1682] ret_mean=0.000 ep_len=500.0 pi_loss=-0.004 v_loss=0.001 ent=1.583 kl=0.0048
[upd   33 | steps   16896 | t    9.9s | sps  1703] ret_mean=0.000 ep_len=500.0 pi_loss=-0.010 v_loss=0.002 ent=1.585 kl=-0.0030
[upd   34 | steps   17408 | t   10.1s | sps  1724] ret_mean=0.000 ep_len=500.0 pi_loss=-0.007 v_loss=0.001 ent=1.526 kl=0.0035
[upd   35 | steps   17920 | t   10.3s | sps  1743] ret_mean=0.000 ep_len=500.0 pi_loss=-0.005 v_loss=0.001 ent=1.511 kl=0.0074
[upd   36 | steps   18432 | t   10.5s | sps  1760] ret_mean=0.000 ep_len=500.0 pi_loss=-0.002 v_loss=0.001 ent=1.476 kl=0.0007
[upd   37 | steps   18944 | t   10.7s | sps  1773] ret_mean=0.000 ep_len=500.0 pi_loss=-0.009 v_loss=0.001 ent=1.600 kl=-0.0023
[upd   38 | steps   19456 | t   10.9s | sps  1790] ret_mean=0.000 ep_len=500.0 pi_loss=-0.002 v_loss=0.003 ent=1.596 kl=0.0007
[upd   39 | steps   19968 | t   11.0s | sps  1808] ret_mean=0.500 ep_len=500.0 pi_loss=-0.004 v_loss=0.001 ent=1.589 kl=-0.0010
[upd   40 | steps   20480 | t   11.2s | sps  1823] ret_mean=0.000 ep_len=500.0 pi_loss=-0.002 v_loss=0.001 ent=1.559 kl=-0.0010
[upd   41 | steps   20992 | t   11.4s | sps  1839] ret_mean=0.000 ep_len=500.0 pi_loss=-0.003 v_loss=0.001 ent=1.558 kl=0.0040
[upd   42 | steps   21504 | t   11.6s | sps  1856] ret_mean=0.000 ep_len=500.0 pi_loss=-0.005 v_loss=0.000 ent=1.563 kl=-0.0014
[upd   43 | steps   22016 | t   11.8s | sps  1872] ret_mean=0.000 ep_len=500.0 pi_loss=-0.002 v_loss=0.001 ent=1.585 kl=0.0025
[upd   44 | steps   22528 | t   11.9s | sps  1887] ret_mean=0.000 ep_len=500.0 pi_loss=-0.012 v_loss=0.001 ent=1.581 kl=0.0083
[upd   45 | steps   23040 | t   12.1s | sps  1902] ret_mean=0.000 ep_len=500.0 pi_loss=-0.006 v_loss=0.000 ent=1.557 kl=0.0055
[upd   46 | steps   23552 | t   12.3s | sps  1916] ret_mean=0.000 ep_len=500.0 pi_loss=-0.003 v_loss=0.000 ent=1.564 kl=0.0041
[upd   47 | steps   24064 | t   12.5s | sps  1932] ret_mean=0.000 ep_len=500.0 pi_loss=-0.005 v_loss=0.000 ent=1.469 kl=0.0061
[upd   48 | steps   24576 | t   12.6s | sps  1947] ret_mean=0.000 ep_len=500.0 pi_loss=-0.010 v_loss=0.000 ent=1.311 kl=0.0018
[upd   49 | steps   25088 | t   12.8s | sps  1962] ret_mean=0.000 ep_len=500.0 pi_loss=-0.005 v_loss=0.000 ent=1.444 kl=0.0080
[upd   50 | steps   25600 | t   13.0s | sps  1977] ret_mean=0.000 ep_len=500.0 pi_loss=-0.005 v_loss=0.000 ent=1.555 kl=0.0072
        [eval] ret_mean=0.000 ep_len=500.0
[upd   51 | steps   26112 | t   17.1s | sps  1525] ret_mean=0.000 ep_len=500.0 pi_loss=-0.010 v_loss=0.000 ent=1.558 kl=0.0071
[upd   52 | steps   26624 | t   17.3s | sps  1538] ret_mean=0.000 ep_len=500.0 pi_loss=-0.008 v_loss=0.000 ent=1.590 kl=0.0005
[upd   53 | steps   27136 | t   17.5s | sps  1552] ret_mean=0.000 ep_len=500.0 pi_loss=-0.004 v_loss=0.001 ent=1.483 kl=0.0043
[upd   54 | steps   27648 | t   17.7s | sps  1565] ret_mean=0.000 ep_len=500.0 pi_loss=-0.011 v_loss=0.000 ent=1.514 kl=0.0044
[upd   55 | steps   28160 | t   17.8s | sps  1578] ret_mean=0.000 ep_len=500.0 pi_loss=-0.008 v_loss=0.000 ent=1.562 kl=0.0128
[upd   56 | steps   28672 | t   18.0s | sps  1591] ret_mean=0.000 ep_len=500.0 pi_loss=-0.008 v_loss=0.000 ent=1.553 kl=0.0001
[upd   57 | steps   29184 | t   18.2s | sps  1603] ret_mean=0.000 ep_len=500.0 pi_loss=-0.005 v_loss=0.000 ent=1.518 kl=0.0005
[upd   58 | steps   29696 | t   18.4s | sps  1613] ret_mean=0.000 ep_len=500.0 pi_loss=-0.005 v_loss=0.001 ent=1.535 kl=0.0027
[upd   59 | steps   30208 | t   18.6s | sps  1625] ret_mean=0.000 ep_len=500.0 pi_loss=-0.006 v_loss=0.000 ent=1.561 kl=0.0004
[upd   60 | steps   30720 | t   18.8s | sps  1635] ret_mean=0.000 ep_len=500.0 pi_loss=-0.010 v_loss=0.000 ent=1.538 kl=-0.0024
[upd   61 | steps   31232 | t   19.0s | sps  1646] ret_mean=0.000 ep_len=500.0 pi_loss=-0.006 v_loss=0.001 ent=1.398 kl=0.0023
[upd   62 | steps   31744 | t   19.2s | sps  1656] ret_mean=0.000 ep_len=500.0 pi_loss=-0.003 v_loss=0.000 ent=1.527 kl=0.0007
[upd   63 | steps   32256 | t   19.4s | sps  1664] ret_mean=0.000 ep_len=500.0 pi_loss=-0.004 v_loss=0.000 ent=1.520 kl=0.0064
[upd   64 | steps   32768 | t   19.6s | sps  1675] ret_mean=0.000 ep_len=500.0 pi_loss=-0.005 v_loss=0.000 ent=1.576 kl=0.0067
[upd   65 | steps   33280 | t   19.8s | sps  1683] ret_mean=0.000 ep_len=500.0 pi_loss=-0.003 v_loss=0.001 ent=1.563 kl=0.0037
[upd   66 | steps   33792 | t   20.0s | sps  1691] ret_mean=0.000 ep_len=500.0 pi_loss=-0.006 v_loss=0.001 ent=1.529 kl=0.0079
[upd   67 | steps   34304 | t   20.2s | sps  1698] ret_mean=0.000 ep_len=500.0 pi_loss=-0.007 v_loss=0.000 ent=1.489 kl=0.0025
[upd   68 | steps   34816 | t   20.4s | sps  1705] ret_mean=0.000 ep_len=500.0 pi_loss=-0.003 v_loss=0.001 ent=1.513 kl=-0.0003
[upd   69 | steps   35328 | t   20.6s | sps  1712] ret_mean=0.000 ep_len=500.0 pi_loss=-0.008 v_loss=0.000 ent=1.531 kl=0.0065
[upd   70 | steps   35840 | t   20.9s | sps  1718] ret_mean=0.000 ep_len=500.0 pi_loss=-0.009 v_loss=0.000 ent=1.481 kl=0.0042
[upd   71 | steps   36352 | t   21.1s | sps  1727] ret_mean=0.000 ep_len=500.0 pi_loss=-0.007 v_loss=0.001 ent=1.536 kl=0.0092
[upd   72 | steps   36864 | t   21.2s | sps  1737] ret_mean=0.000 ep_len=500.0 pi_loss=-0.002 v_loss=0.003 ent=1.493 kl=0.0012
[upd   73 | steps   37376 | t   21.4s | sps  1747] ret_mean=0.000 ep_len=500.0 pi_loss=-0.003 v_loss=0.000 ent=1.364 kl=0.0012
[upd   74 | steps   37888 | t   21.6s | sps  1757] ret_mean=0.000 ep_len=500.0 pi_loss=-0.007 v_loss=0.000 ent=1.509 kl=0.0067
[upd   75 | steps   38400 | t   21.8s | sps  1763] ret_mean=0.000 ep_len=500.0 pi_loss=-0.005 v_loss=0.000 ent=1.501 kl=0.0072
        [eval] ret_mean=0.000 ep_len=500.0
[upd   76 | steps   38912 | t   25.7s | sps  1512] ret_mean=0.000 ep_len=500.0 pi_loss=-0.011 v_loss=0.000 ent=1.512 kl=0.0097
[upd   77 | steps   39424 | t   25.9s | sps  1522] ret_mean=0.000 ep_len=500.0 pi_loss=-0.002 v_loss=0.000 ent=1.498 kl=-0.0022
[upd   78 | steps   39936 | t   26.1s | sps  1533] ret_mean=0.500 ep_len=500.0 pi_loss=-0.010 v_loss=0.000 ent=1.470 kl=0.0065
[upd   79 | steps   40448 | t   26.2s | sps  1542] ret_mean=0.000 ep_len=500.0 pi_loss=-0.002 v_loss=0.000 ent=1.357 kl=0.0037
[upd   80 | steps   40960 | t   26.4s | sps  1552] ret_mean=0.000 ep_len=500.0 pi_loss=-0.007 v_loss=0.000 ent=1.359 kl=0.0093
[upd   81 | steps   41472 | t   26.6s | sps  1562] ret_mean=0.000 ep_len=500.0 pi_loss=-0.003 v_loss=0.000 ent=1.404 kl=0.0045
[upd   82 | steps   41984 | t   26.7s | sps  1571] ret_mean=0.000 ep_len=500.0 pi_loss=-0.003 v_loss=0.000 ent=1.355 kl=0.0032
[upd   83 | steps   42496 | t   26.9s | sps  1579] ret_mean=0.000 ep_len=500.0 pi_loss=-0.005 v_loss=0.000 ent=1.027 kl=0.0028
[upd   84 | steps   43008 | t   27.1s | sps  1587] ret_mean=0.000 ep_len=500.0 pi_loss=-0.007 v_loss=0.000 ent=1.367 kl=-0.0014
[upd   85 | steps   43520 | t   27.3s | sps  1596] ret_mean=0.000 ep_len=500.0 pi_loss=-0.006 v_loss=0.000 ent=1.386 kl=0.0051
[upd   86 | steps   44032 | t   27.5s | sps  1602] ret_mean=0.000 ep_len=500.0 pi_loss=-0.009 v_loss=0.000 ent=1.284 kl=0.0018
[upd   87 | steps   44544 | t   27.7s | sps  1608] ret_mean=0.000 ep_len=500.0 pi_loss=-0.008 v_loss=0.000 ent=1.245 kl=0.0036
[upd   88 | steps   45056 | t   27.9s | sps  1614] ret_mean=0.000 ep_len=500.0 pi_loss=-0.004 v_loss=0.000 ent=1.156 kl=0.0010
[upd   89 | steps   45568 | t   28.1s | sps  1620] ret_mean=0.000 ep_len=500.0 pi_loss=-0.007 v_loss=0.000 ent=1.210 kl=0.0107
[upd   90 | steps   46080 | t   28.4s | sps  1625] ret_mean=2.500 ep_len=500.0 pi_loss=-0.004 v_loss=0.033 ent=1.156 kl=0.0086
[upd   91 | steps   46592 | t   28.6s | sps  1631] ret_mean=0.000 ep_len=500.0 pi_loss=-0.003 v_loss=0.001 ent=1.036 kl=0.0046
[upd   92 | steps   47104 | t   28.8s | sps  1637] ret_mean=0.000 ep_len=500.0 pi_loss=-0.003 v_loss=0.000 ent=1.030 kl=0.0034
[upd   93 | steps   47616 | t   29.0s | sps  1642] ret_mean=0.000 ep_len=500.0 pi_loss=-0.008 v_loss=0.001 ent=1.255 kl=-0.0002
[upd   94 | steps   48128 | t   29.2s | sps  1648] ret_mean=0.000 ep_len=500.0 pi_loss=-0.006 v_loss=0.001 ent=1.197 kl=0.0078
[upd   95 | steps   48640 | t   29.4s | sps  1653] ret_mean=0.000 ep_len=500.0 pi_loss=-0.004 v_loss=0.015 ent=1.075 kl=0.0086
[upd   96 | steps   49152 | t   29.6s | sps  1660] ret_mean=1.500 ep_len=500.0 pi_loss=-0.008 v_loss=0.001 ent=1.157 kl=0.0082
[upd   97 | steps   49664 | t   29.8s | sps  1667] ret_mean=0.000 ep_len=500.0 pi_loss=-0.006 v_loss=0.001 ent=1.044 kl=-0.0012
[upd   98 | steps   50176 | t   30.0s | sps  1673] ret_mean=0.000 ep_len=500.0 pi_loss=-0.005 v_loss=0.002 ent=0.855 kl=0.0010
[upd   99 | steps   50688 | t   30.2s | sps  1679] ret_mean=0.000 ep_len=500.0 pi_loss=-0.006 v_loss=0.001 ent=1.046 kl=0.0062
[upd  100 | steps   51200 | t   30.4s | sps  1684] ret_mean=0.000 ep_len=500.0 pi_loss=-0.007 v_loss=0.026 ent=1.285 kl=0.0042
        [eval] ret_mean=0.000 ep_len=500.0
[upd  101 | steps   51712 | t   35.1s | sps  1474] ret_mean=4.500 ep_len=500.0 pi_loss=-0.006 v_loss=0.092 ent=1.249 kl=0.0038
[upd  102 | steps   52224 | t   35.3s | sps  1480] ret_mean=0.000 ep_len=500.0 pi_loss=-0.003 v_loss=0.005 ent=1.142 kl=0.0078
[upd  103 | steps   52736 | t   35.5s | sps  1486] ret_mean=0.000 ep_len=500.0 pi_loss=-0.004 v_loss=0.002 ent=1.089 kl=0.0041
[upd  104 | steps   53248 | t   35.6s | sps  1494] ret_mean=0.000 ep_len=500.0 pi_loss=-0.004 v_loss=0.003 ent=1.201 kl=0.0043
[upd  105 | steps   53760 | t   35.8s | sps  1501] ret_mean=0.000 ep_len=500.0 pi_loss=-0.009 v_loss=0.000 ent=1.259 kl=0.0028
[upd  106 | steps   54272 | t   36.0s | sps  1508] ret_mean=0.000 ep_len=500.0 pi_loss=-0.007 v_loss=0.001 ent=1.195 kl=0.0024
[upd  107 | steps   54784 | t   36.1s | sps  1516] ret_mean=0.000 ep_len=500.0 pi_loss=-0.005 v_loss=0.000 ent=1.186 kl=0.0119
[upd  108 | steps   55296 | t   36.3s | sps  1523] ret_mean=0.000 ep_len=500.0 pi_loss=-0.008 v_loss=0.001 ent=1.352 kl=0.0065
[upd  109 | steps   55808 | t   36.5s | sps  1530] ret_mean=0.000 ep_len=500.0 pi_loss=-0.006 v_loss=0.000 ent=1.374 kl=-0.0015
[upd  110 | steps   56320 | t   36.6s | sps  1537] ret_mean=0.000 ep_len=500.0 pi_loss=-0.007 v_loss=0.000 ent=1.102 kl=0.0092
[upd  111 | steps   56832 | t   36.8s | sps  1544] ret_mean=0.000 ep_len=500.0 pi_loss=-0.005 v_loss=0.001 ent=1.508 kl=-0.0027
[upd  112 | steps   57344 | t   37.0s | sps  1551] ret_mean=0.000 ep_len=500.0 pi_loss=-0.006 v_loss=0.000 ent=1.503 kl=0.0043
[upd  113 | steps   57856 | t   37.1s | sps  1558] ret_mean=0.000 ep_len=500.0 pi_loss=-0.005 v_loss=0.000 ent=1.266 kl=0.0045
[upd  114 | steps   58368 | t   37.3s | sps  1565] ret_mean=0.000 ep_len=500.0 pi_loss=-0.008 v_loss=0.000 ent=1.041 kl=0.0076
[upd  115 | steps   58880 | t   37.5s | sps  1572] ret_mean=0.000 ep_len=500.0 pi_loss=-0.005 v_loss=0.000 ent=1.323 kl=-0.0014
[upd  116 | steps   59392 | t   37.6s | sps  1578] ret_mean=0.000 ep_len=500.0 pi_loss=-0.004 v_loss=0.000 ent=1.037 kl=0.0022
[upd  117 | steps   59904 | t   37.8s | sps  1584] ret_mean=0.000 ep_len=500.0 pi_loss=-0.007 v_loss=0.000 ent=1.281 kl=-0.0037
[upd  118 | steps   60416 | t   38.0s | sps  1591] ret_mean=0.000 ep_len=500.0 pi_loss=-0.002 v_loss=0.000 ent=1.497 kl=0.0019
[upd  119 | steps   60928 | t   38.1s | sps  1598] ret_mean=0.000 ep_len=500.0 pi_loss=-0.005 v_loss=0.000 ent=1.483 kl=0.0130
[upd  120 | steps   61440 | t   38.3s | sps  1604] ret_mean=0.000 ep_len=500.0 pi_loss=-0.004 v_loss=0.000 ent=1.492 kl=0.0032
[upd  121 | steps   61952 | t   38.5s | sps  1611] ret_mean=0.000 ep_len=500.0 pi_loss=-0.017 v_loss=0.001 ent=1.311 kl=0.0109
[upd  122 | steps   62464 | t   38.6s | sps  1617] ret_mean=0.000 ep_len=500.0 pi_loss=-0.010 v_loss=0.000 ent=1.190 kl=0.0193
[upd  123 | steps   62976 | t   38.8s | sps  1623] ret_mean=0.000 ep_len=500.0 pi_loss=-0.006 v_loss=0.001 ent=1.150 kl=0.0046
[upd  124 | steps   63488 | t   39.0s | sps  1629] ret_mean=0.000 ep_len=500.0 pi_loss=-0.005 v_loss=0.124 ent=1.268 kl=0.0058
[upd  125 | steps   64000 | t   39.1s | sps  1635] ret_mean=7.000 ep_len=500.0 pi_loss=-0.009 v_loss=0.674 ent=1.345 kl=0.0056
        [eval] ret_mean=1.833 ep_len=500.0
[upd  126 | steps   64512 | t   43.2s | sps  1494] ret_mean=0.000 ep_len=500.0 pi_loss=-0.007 v_loss=0.002 ent=1.382 kl=0.0009
[upd  127 | steps   65024 | t   43.3s | sps  1500] ret_mean=0.000 ep_len=500.0 pi_loss=-0.004 v_loss=0.002 ent=1.321 kl=0.0036
[upd  128 | steps   65536 | t   43.5s | sps  1506] ret_mean=4.500 ep_len=500.0 pi_loss=-0.007 v_loss=0.056 ent=1.382 kl=0.0060
[upd  129 | steps   66048 | t   43.7s | sps  1512] ret_mean=0.000 ep_len=500.0 pi_loss=-0.005 v_loss=0.002 ent=1.121 kl=0.0040
[upd  130 | steps   66560 | t   43.9s | sps  1518] ret_mean=0.000 ep_len=500.0 pi_loss=-0.005 v_loss=0.001 ent=1.275 kl=0.0147
[upd  131 | steps   67072 | t   44.0s | sps  1524] ret_mean=0.000 ep_len=500.0 pi_loss=-0.007 v_loss=0.001 ent=1.201 kl=-0.0026
[upd  132 | steps   67584 | t   44.2s | sps  1529] ret_mean=0.000 ep_len=500.0 pi_loss=-0.004 v_loss=0.000 ent=1.309 kl=0.0081
[upd  133 | steps   68096 | t   44.4s | sps  1535] ret_mean=0.000 ep_len=500.0 pi_loss=-0.002 v_loss=0.001 ent=1.188 kl=0.0019
[upd  134 | steps   68608 | t   44.5s | sps  1541] ret_mean=0.000 ep_len=500.0 pi_loss=-0.004 v_loss=0.001 ent=1.343 kl=0.0023
[upd  135 | steps   69120 | t   44.7s | sps  1547] ret_mean=0.000 ep_len=500.0 pi_loss=-0.005 v_loss=0.001 ent=1.299 kl=0.0036
[upd  136 | steps   69632 | t   44.8s | sps  1553] ret_mean=0.000 ep_len=500.0 pi_loss=-0.002 v_loss=0.002 ent=1.336 kl=-0.0004
[upd  137 | steps   70144 | t   45.0s | sps  1558] ret_mean=0.500 ep_len=500.0 pi_loss=-0.010 v_loss=0.000 ent=1.358 kl=0.0065
[upd  138 | steps   70656 | t   45.2s | sps  1564] ret_mean=0.000 ep_len=500.0 pi_loss=-0.004 v_loss=0.001 ent=1.337 kl=-0.0017
[upd  139 | steps   71168 | t   45.3s | sps  1569] ret_mean=0.000 ep_len=500.0 pi_loss=-0.003 v_loss=0.000 ent=1.192 kl=0.0072
[upd  140 | steps   71680 | t   45.5s | sps  1575] ret_mean=0.000 ep_len=500.0 pi_loss=-0.002 v_loss=0.000 ent=1.164 kl=-0.0019
[upd  141 | steps   72192 | t   45.7s | sps  1580] ret_mean=0.500 ep_len=500.0 pi_loss=-0.009 v_loss=0.352 ent=1.223 kl=0.0077
[upd  142 | steps   72704 | t   45.8s | sps  1586] ret_mean=12.000 ep_len=500.0 pi_loss=-0.003 v_loss=0.001 ent=1.258 kl=0.0021
[upd  143 | steps   73216 | t   46.0s | sps  1592] ret_mean=0.000 ep_len=500.0 pi_loss=-0.006 v_loss=0.001 ent=1.111 kl=-0.0001
[upd  144 | steps   73728 | t   46.2s | sps  1597] ret_mean=0.000 ep_len=500.0 pi_loss=-0.005 v_loss=0.000 ent=0.992 kl=0.0052
[upd  145 | steps   74240 | t   46.4s | sps  1599] ret_mean=0.000 ep_len=500.0 pi_loss=-0.004 v_loss=0.000 ent=0.862 kl=-0.0018
[upd  146 | steps   74752 | t   46.6s | sps  1603] ret_mean=0.000 ep_len=500.0 pi_loss=-0.002 v_loss=0.000 ent=0.971 kl=0.0031
[upd  147 | steps   75264 | t   46.8s | sps  1607] ret_mean=0.000 ep_len=500.0 pi_loss=-0.004 v_loss=0.000 ent=0.906 kl=0.0005
[upd  148 | steps   75776 | t   47.0s | sps  1612] ret_mean=0.000 ep_len=500.0 pi_loss=-0.007 v_loss=0.000 ent=0.857 kl=0.0125
[upd  149 | steps   76288 | t   47.2s | sps  1616] ret_mean=0.000 ep_len=500.0 pi_loss=-0.007 v_loss=0.000 ent=0.509 kl=0.0051
[upd  150 | steps   76800 | t   47.4s | sps  1619] ret_mean=0.000 ep_len=500.0 pi_loss=-0.001 v_loss=0.000 ent=0.613 kl=0.0020
        [eval] ret_mean=0.000 ep_len=500.0
[upd  151 | steps   77312 | t   52.2s | sps  1481] ret_mean=0.000 ep_len=500.0 pi_loss=-0.002 v_loss=0.000 ent=0.537 kl=0.0026
[upd  152 | steps   77824 | t   52.4s | sps  1486] ret_mean=0.000 ep_len=500.0 pi_loss=-0.003 v_loss=0.000 ent=0.719 kl=-0.0009
[upd  153 | steps   78336 | t   52.5s | sps  1491] ret_mean=0.000 ep_len=500.0 pi_loss=-0.004 v_loss=0.000 ent=0.754 kl=-0.0000
[upd  154 | steps   78848 | t   52.7s | sps  1495] ret_mean=0.000 ep_len=500.0 pi_loss=-0.002 v_loss=0.000 ent=0.774 kl=0.0049
[upd  155 | steps   79360 | t   52.9s | sps  1500] ret_mean=0.000 ep_len=500.0 pi_loss=-0.006 v_loss=0.000 ent=0.621 kl=0.0020
[upd  156 | steps   79872 | t   53.1s | sps  1505] ret_mean=0.000 ep_len=500.0 pi_loss=-0.003 v_loss=0.000 ent=0.701 kl=0.0016
[upd  157 | steps   80384 | t   53.2s | sps  1510] ret_mean=0.000 ep_len=500.0 pi_loss=-0.004 v_loss=0.000 ent=0.901 kl=0.0014
[upd  158 | steps   80896 | t   53.4s | sps  1515] ret_mean=0.000 ep_len=500.0 pi_loss=-0.003 v_loss=0.000 ent=0.883 kl=-0.0007
[upd  159 | steps   81408 | t   53.6s | sps  1519] ret_mean=0.000 ep_len=500.0 pi_loss=-0.008 v_loss=0.000 ent=0.878 kl=0.0035
[upd  160 | steps   81920 | t   53.8s | sps  1523] ret_mean=0.000 ep_len=500.0 pi_loss=-0.008 v_loss=0.000 ent=0.704 kl=0.0082
[upd  161 | steps   82432 | t   54.0s | sps  1526] ret_mean=0.000 ep_len=500.0 pi_loss=-0.002 v_loss=0.000 ent=0.724 kl=0.0039
[upd  162 | steps   82944 | t   54.2s | sps  1530] ret_mean=0.000 ep_len=500.0 pi_loss=-0.001 v_loss=0.000 ent=0.746 kl=-0.0007
[upd  163 | steps   83456 | t   54.4s | sps  1534] ret_mean=0.000 ep_len=500.0 pi_loss=-0.003 v_loss=0.000 ent=0.537 kl=-0.0004
[upd  164 | steps   83968 | t   54.6s | sps  1538] ret_mean=0.000 ep_len=500.0 pi_loss=0.000 v_loss=0.000 ent=0.582 kl=0.0004
[upd  165 | steps   84480 | t   54.8s | sps  1543] ret_mean=0.000 ep_len=500.0 pi_loss=-0.004 v_loss=0.000 ent=0.586 kl=0.0006
[upd  166 | steps   84992 | t   54.9s | sps  1547] ret_mean=0.000 ep_len=500.0 pi_loss=-0.002 v_loss=0.000 ent=0.703 kl=0.0011
[upd  167 | steps   85504 | t   55.1s | sps  1552] ret_mean=0.000 ep_len=500.0 pi_loss=-0.004 v_loss=0.000 ent=0.868 kl=0.0018
[upd  168 | steps   86016 | t   55.2s | sps  1557] ret_mean=0.000 ep_len=500.0 pi_loss=-0.002 v_loss=0.000 ent=0.703 kl=0.0039
[upd  169 | steps   86528 | t   55.4s | sps  1562] ret_mean=0.000 ep_len=500.0 pi_loss=-0.005 v_loss=0.000 ent=0.686 kl=-0.0011
[upd  170 | steps   87040 | t   55.6s | sps  1566] ret_mean=0.000 ep_len=500.0 pi_loss=-0.004 v_loss=0.000 ent=0.520 kl=0.0009
[upd  171 | steps   87552 | t   55.7s | sps  1571] ret_mean=0.000 ep_len=500.0 pi_loss=-0.006 v_loss=0.000 ent=0.471 kl=0.0081
[upd  172 | steps   88064 | t   55.9s | sps  1576] ret_mean=0.000 ep_len=500.0 pi_loss=-0.003 v_loss=0.000 ent=0.321 kl=0.0017
[upd  173 | steps   88576 | t   56.1s | sps  1580] ret_mean=0.000 ep_len=500.0 pi_loss=-0.001 v_loss=0.000 ent=0.442 kl=0.0008
[upd  174 | steps   89088 | t   56.2s | sps  1585] ret_mean=0.000 ep_len=500.0 pi_loss=-0.001 v_loss=0.000 ent=0.443 kl=-0.0013
[upd  175 | steps   89600 | t   56.4s | sps  1589] ret_mean=0.000 ep_len=500.0 pi_loss=-0.005 v_loss=0.000 ent=0.484 kl=0.0062
        [eval] ret_mean=0.000 ep_len=500.0
[upd  176 | steps   90112 | t   60.5s | sps  1490] ret_mean=14.000 ep_len=500.0 pi_loss=-0.003 v_loss=0.570 ent=0.515 kl=0.0132
[upd  177 | steps   90624 | t   60.6s | sps  1494] ret_mean=0.000 ep_len=500.0 pi_loss=-0.002 v_loss=0.001 ent=0.553 kl=-0.0020
[upd  178 | steps   91136 | t   60.8s | sps  1499] ret_mean=0.000 ep_len=500.0 pi_loss=-0.003 v_loss=0.000 ent=0.459 kl=0.0024
[upd  179 | steps   91648 | t   61.0s | sps  1503] ret_mean=7.000 ep_len=500.0 pi_loss=-0.003 v_loss=0.197 ent=0.467 kl=0.0008
[upd  180 | steps   92160 | t   61.1s | sps  1507] ret_mean=0.000 ep_len=500.0 pi_loss=-0.002 v_loss=0.005 ent=0.448 kl=0.0032
[upd  181 | steps   92672 | t   61.3s | sps  1512] ret_mean=0.000 ep_len=500.0 pi_loss=-0.002 v_loss=0.000 ent=0.469 kl=0.0009
[upd  182 | steps   93184 | t   61.5s | sps  1516] ret_mean=0.000 ep_len=500.0 pi_loss=-0.003 v_loss=0.000 ent=0.299 kl=0.0018
[upd  183 | steps   93696 | t   61.6s | sps  1521] ret_mean=0.000 ep_len=500.0 pi_loss=-0.004 v_loss=0.001 ent=0.476 kl=0.0019
[upd  184 | steps   94208 | t   61.8s | sps  1525] ret_mean=0.000 ep_len=500.0 pi_loss=-0.003 v_loss=0.000 ent=0.409 kl=0.0009
[upd  185 | steps   94720 | t   61.9s | sps  1530] ret_mean=0.000 ep_len=500.0 pi_loss=-0.002 v_loss=0.001 ent=0.332 kl=0.0025
[upd  186 | steps   95232 | t   62.1s | sps  1534] ret_mean=0.000 ep_len=500.0 pi_loss=-0.005 v_loss=0.000 ent=0.255 kl=0.0044
[upd  187 | steps   95744 | t   62.3s | sps  1538] ret_mean=0.000 ep_len=500.0 pi_loss=-0.001 v_loss=0.001 ent=0.316 kl=-0.0008
[upd  188 | steps   96256 | t   62.4s | sps  1542] ret_mean=0.000 ep_len=500.0 pi_loss=0.000 v_loss=0.001 ent=0.232 kl=0.0010
[upd  189 | steps   96768 | t   62.6s | sps  1546] ret_mean=0.000 ep_len=500.0 pi_loss=-0.003 v_loss=0.000 ent=0.385 kl=-0.0023
[upd  190 | steps   97280 | t   62.8s | sps  1550] ret_mean=0.000 ep_len=500.0 pi_loss=-0.004 v_loss=0.000 ent=0.276 kl=0.0005
[upd  191 | steps   97792 | t   62.9s | sps  1554] ret_mean=0.000 ep_len=500.0 pi_loss=-0.001 v_loss=0.000 ent=0.222 kl=-0.0000
[upd  192 | steps   98304 | t   63.1s | sps  1557] ret_mean=0.000 ep_len=500.0 pi_loss=-0.001 v_loss=0.000 ent=0.205 kl=0.0037
[upd  193 | steps   98816 | t   63.3s | sps  1561] ret_mean=0.000 ep_len=500.0 pi_loss=-0.003 v_loss=0.000 ent=0.330 kl=0.0012
[upd  194 | steps   99328 | t   63.5s | sps  1565] ret_mean=0.000 ep_len=500.0 pi_loss=-0.002 v_loss=0.000 ent=0.366 kl=-0.0006
[upd  195 | steps   99840 | t   63.6s | sps  1569] ret_mean=0.000 ep_len=500.0 pi_loss=-0.004 v_loss=0.000 ent=0.266 kl=0.0042
[upd  196 | steps  100352 | t   63.8s | sps  1573] ret_mean=0.000 ep_len=500.0 pi_loss=-0.001 v_loss=0.000 ent=0.378 kl=0.0019
[upd  197 | steps  100864 | t   64.0s | sps  1577] ret_mean=0.000 ep_len=500.0 pi_loss=-0.002 v_loss=0.000 ent=0.211 kl=0.0024
[upd  198 | steps  101376 | t   64.1s | sps  1581] ret_mean=0.000 ep_len=500.0 pi_loss=-0.000 v_loss=0.000 ent=0.218 kl=0.0010
[upd  199 | steps  101888 | t   64.3s | sps  1585] ret_mean=0.000 ep_len=500.0 pi_loss=-0.005 v_loss=0.000 ent=0.448 kl=0.0041
[upd  200 | steps  102400 | t   64.4s | sps  1589] ret_mean=0.000 ep_len=500.0 pi_loss=-0.002 v_loss=0.000 ent=0.460 kl=0.0005
        [eval] ret_mean=0.000 ep_len=500.0
[upd  201 | steps  102912 | t   68.5s | sps  1502] ret_mean=97.000 ep_len=500.0 pi_loss=-0.002 v_loss=5.411 ent=0.317 kl=0.0012
[upd  202 | steps  103424 | t   68.7s | sps  1506] ret_mean=0.000 ep_len=500.0 pi_loss=-0.002 v_loss=0.001 ent=0.396 kl=0.0008
[upd  203 | steps  103936 | t   68.8s | sps  1510] ret_mean=0.000 ep_len=500.0 pi_loss=-0.003 v_loss=0.014 ent=0.318 kl=-0.0014
[upd  204 | steps  104448 | t   69.0s | sps  1514] ret_mean=0.000 ep_len=500.0 pi_loss=-0.000 v_loss=0.004 ent=0.351 kl=-0.0017
[upd  205 | steps  104960 | t   69.2s | sps  1518] ret_mean=0.000 ep_len=500.0 pi_loss=-0.001 v_loss=0.001 ent=0.249 kl=0.0034
[upd  206 | steps  105472 | t   69.4s | sps  1521] ret_mean=0.000 ep_len=500.0 pi_loss=0.000 v_loss=0.004 ent=0.353 kl=0.0016
[upd  207 | steps  105984 | t   69.5s | sps  1524] ret_mean=0.000 ep_len=500.0 pi_loss=-0.003 v_loss=0.002 ent=0.314 kl=-0.0033
[upd  208 | steps  106496 | t   69.7s | sps  1528] ret_mean=0.000 ep_len=500.0 pi_loss=-0.002 v_loss=0.000 ent=0.201 kl=0.0009
[upd  209 | steps  107008 | t   69.8s | sps  1532] ret_mean=0.000 ep_len=500.0 pi_loss=-0.003 v_loss=0.000 ent=0.411 kl=0.0018
[upd  210 | steps  107520 | t   70.0s | sps  1536] ret_mean=0.000 ep_len=500.0 pi_loss=-0.003 v_loss=0.000 ent=0.419 kl=-0.0047
[upd  211 | steps  108032 | t   70.2s | sps  1539] ret_mean=0.000 ep_len=500.0 pi_loss=-0.002 v_loss=0.001 ent=0.265 kl=0.0008
[upd  212 | steps  108544 | t   70.3s | sps  1543] ret_mean=0.000 ep_len=500.0 pi_loss=-0.001 v_loss=0.001 ent=0.242 kl=0.0049
[upd  213 | steps  109056 | t   70.5s | sps  1546] ret_mean=0.000 ep_len=500.0 pi_loss=-0.004 v_loss=0.000 ent=0.401 kl=0.0056
[upd  214 | steps  109568 | t   70.7s | sps  1550] ret_mean=0.000 ep_len=500.0 pi_loss=-0.007 v_loss=0.000 ent=0.560 kl=0.0007
[upd  215 | steps  110080 | t   70.8s | sps  1554] ret_mean=0.000 ep_len=500.0 pi_loss=-0.000 v_loss=0.000 ent=0.357 kl=-0.0001
[upd  216 | steps  110592 | t   71.0s | sps  1557] ret_mean=0.000 ep_len=500.0 pi_loss=-0.001 v_loss=0.000 ent=0.156 kl=0.0031
[upd  217 | steps  111104 | t   71.2s | sps  1560] ret_mean=0.000 ep_len=500.0 pi_loss=-0.002 v_loss=2.148 ent=0.173 kl=-0.0016
[upd  218 | steps  111616 | t   71.4s | sps  1564] ret_mean=71.500 ep_len=500.0 pi_loss=-0.001 v_loss=1.334 ent=0.187 kl=-0.0000
[upd  219 | steps  112128 | t   71.5s | sps  1567] ret_mean=0.000 ep_len=500.0 pi_loss=-0.002 v_loss=0.003 ent=0.123 kl=0.0016
[upd  220 | steps  112640 | t   71.7s | sps  1571] ret_mean=0.000 ep_len=500.0 pi_loss=-0.004 v_loss=0.006 ent=0.325 kl=0.0123
[upd  221 | steps  113152 | t   71.9s | sps  1575] ret_mean=0.000 ep_len=500.0 pi_loss=0.002 v_loss=0.003 ent=0.518 kl=0.0072
[upd  222 | steps  113664 | t   72.0s | sps  1578] ret_mean=0.000 ep_len=500.0 pi_loss=-0.002 v_loss=0.001 ent=0.216 kl=-0.0018
[upd  223 | steps  114176 | t   72.2s | sps  1582] ret_mean=0.000 ep_len=500.0 pi_loss=-0.002 v_loss=0.000 ent=0.266 kl=0.0011
[upd  224 | steps  114688 | t   72.3s | sps  1586] ret_mean=0.000 ep_len=500.0 pi_loss=-0.001 v_loss=0.001 ent=0.528 kl=0.0011
[upd  225 | steps  115200 | t   72.5s | sps  1589] ret_mean=0.000 ep_len=500.0 pi_loss=-0.001 v_loss=0.000 ent=0.719 kl=0.0001
        [eval] ret_mean=0.000 ep_len=500.0
[upd  226 | steps  115712 | t   76.7s | sps  1509] ret_mean=0.000 ep_len=500.0 pi_loss=-0.003 v_loss=0.000 ent=0.761 kl=0.0049
[upd  227 | steps  116224 | t   77.0s | sps  1510] ret_mean=0.000 ep_len=500.0 pi_loss=-0.003 v_loss=0.000 ent=0.461 kl=0.0042
[upd  228 | steps  116736 | t   77.2s | sps  1513] ret_mean=0.000 ep_len=500.0 pi_loss=-0.001 v_loss=0.001 ent=0.815 kl=0.0016
[upd  229 | steps  117248 | t   77.3s | sps  1516] ret_mean=0.000 ep_len=500.0 pi_loss=-0.003 v_loss=0.000 ent=0.769 kl=0.0085
[upd  230 | steps  117760 | t   77.5s | sps  1519] ret_mean=0.000 ep_len=500.0 pi_loss=-0.003 v_loss=0.000 ent=0.703 kl=0.0062
[upd  231 | steps  118272 | t   77.7s | sps  1522] ret_mean=0.000 ep_len=500.0 pi_loss=-0.002 v_loss=0.000 ent=0.634 kl=-0.0000
[upd  232 | steps  118784 | t   77.9s | sps  1525] ret_mean=0.000 ep_len=500.0 pi_loss=-0.002 v_loss=0.000 ent=0.973 kl=0.0016
[upd  233 | steps  119296 | t   78.1s | sps  1528] ret_mean=0.000 ep_len=500.0 pi_loss=-0.004 v_loss=0.001 ent=0.799 kl=0.0023
[upd  234 | steps  119808 | t   78.2s | sps  1531] ret_mean=0.000 ep_len=500.0 pi_loss=-0.004 v_loss=0.000 ent=0.413 kl=-0.0012
[upd  235 | steps  120320 | t   78.4s | sps  1535] ret_mean=0.000 ep_len=500.0 pi_loss=-0.002 v_loss=0.000 ent=0.430 kl=0.0008
[upd  236 | steps  120832 | t   78.6s | sps  1538] ret_mean=0.000 ep_len=500.0 pi_loss=-0.004 v_loss=0.000 ent=0.427 kl=0.0029
[upd  237 | steps  121344 | t   78.7s | sps  1541] ret_mean=0.000 ep_len=500.0 pi_loss=-0.003 v_loss=0.000 ent=0.526 kl=0.0003
[upd  238 | steps  121856 | t   78.9s | sps  1544] ret_mean=0.000 ep_len=500.0 pi_loss=-0.001 v_loss=0.000 ent=0.802 kl=0.0021
[upd  239 | steps  122368 | t   79.1s | sps  1548] ret_mean=0.000 ep_len=500.0 pi_loss=-0.003 v_loss=0.000 ent=0.748 kl=0.0002
[upd  240 | steps  122880 | t   79.2s | sps  1551] ret_mean=0.000 ep_len=500.0 pi_loss=-0.005 v_loss=0.000 ent=0.791 kl=0.0026
[upd  241 | steps  123392 | t   79.4s | sps  1554] ret_mean=0.000 ep_len=500.0 pi_loss=-0.006 v_loss=0.000 ent=1.128 kl=0.0099
[upd  242 | steps  123904 | t   79.6s | sps  1557] ret_mean=0.000 ep_len=500.0 pi_loss=-0.005 v_loss=0.000 ent=0.940 kl=0.0120
[upd  243 | steps  124416 | t   79.7s | sps  1560] ret_mean=0.000 ep_len=500.0 pi_loss=-0.003 v_loss=0.000 ent=0.996 kl=0.0037
[upd  244 | steps  124928 | t   79.9s | sps  1563] ret_mean=0.000 ep_len=500.0 pi_loss=-0.006 v_loss=0.000 ent=0.903 kl=0.0047
[upd  245 | steps  125440 | t   80.1s | sps  1567] ret_mean=0.000 ep_len=500.0 pi_loss=-0.001 v_loss=0.000 ent=0.834 kl=0.0017
[upd  246 | steps  125952 | t   80.3s | sps  1569] ret_mean=0.000 ep_len=500.0 pi_loss=-0.004 v_loss=0.000 ent=0.654 kl=0.0025
[upd  247 | steps  126464 | t   80.4s | sps  1572] ret_mean=0.000 ep_len=500.0 pi_loss=-0.003 v_loss=0.000 ent=0.110 kl=0.0008
[upd  248 | steps  126976 | t   80.6s | sps  1575] ret_mean=0.000 ep_len=500.0 pi_loss=-0.001 v_loss=0.000 ent=0.470 kl=0.0049
[upd  249 | steps  127488 | t   80.8s | sps  1577] ret_mean=0.000 ep_len=500.0 pi_loss=-0.004 v_loss=0.000 ent=0.749 kl=0.0003
[upd  250 | steps  128000 | t   81.0s | sps  1580] ret_mean=0.000 ep_len=500.0 pi_loss=-0.003 v_loss=0.000 ent=0.630 kl=0.0042
        [eval] ret_mean=0.000 ep_len=500.0
[upd  251 | steps  128512 | t   85.2s | sps  1509] ret_mean=0.000 ep_len=500.0 pi_loss=-0.003 v_loss=0.000 ent=0.468 kl=0.0068
[upd  252 | steps  129024 | t   85.4s | sps  1512] ret_mean=0.000 ep_len=500.0 pi_loss=-0.003 v_loss=0.000 ent=0.272 kl=-0.0003
[upd  253 | steps  129536 | t   85.5s | sps  1514] ret_mean=0.000 ep_len=500.0 pi_loss=-0.003 v_loss=0.000 ent=0.669 kl=0.0042
[upd  254 | steps  130048 | t   85.7s | sps  1517] ret_mean=0.000 ep_len=500.0 pi_loss=-0.003 v_loss=0.000 ent=0.723 kl=0.0057
[upd  255 | steps  130560 | t   85.9s | sps  1520] ret_mean=0.000 ep_len=500.0 pi_loss=-0.004 v_loss=0.000 ent=0.631 kl=0.0003
[upd  256 | steps  131072 | t   86.0s | sps  1523] ret_mean=0.000 ep_len=500.0 pi_loss=-0.004 v_loss=0.000 ent=0.714 kl=0.0003
[upd  257 | steps  131584 | t   86.2s | sps  1526] ret_mean=0.000 ep_len=500.0 pi_loss=-0.005 v_loss=0.000 ent=0.442 kl=0.0080
[upd  258 | steps  132096 | t   86.4s | sps  1530] ret_mean=0.000 ep_len=500.0 pi_loss=-0.010 v_loss=0.000 ent=0.323 kl=0.0051
[upd  259 | steps  132608 | t   86.5s | sps  1532] ret_mean=0.000 ep_len=500.0 pi_loss=-0.003 v_loss=0.000 ent=0.249 kl=0.0070
[upd  260 | steps  133120 | t   86.7s | sps  1535] ret_mean=0.000 ep_len=500.0 pi_loss=-0.005 v_loss=0.000 ent=0.176 kl=0.0022
[upd  261 | steps  133632 | t   86.9s | sps  1538] ret_mean=0.000 ep_len=500.0 pi_loss=-0.004 v_loss=0.000 ent=0.313 kl=0.0018
[upd  262 | steps  134144 | t   87.0s | sps  1541] ret_mean=0.000 ep_len=500.0 pi_loss=-0.006 v_loss=0.000 ent=0.834 kl=0.0113
[upd  263 | steps  134656 | t   87.2s | sps  1544] ret_mean=0.000 ep_len=500.0 pi_loss=-0.003 v_loss=0.000 ent=0.073 kl=0.0023
[upd  264 | steps  135168 | t   87.4s | sps  1547] ret_mean=0.000 ep_len=500.0 pi_loss=-0.001 v_loss=0.000 ent=0.053 kl=0.0002
[upd  265 | steps  135680 | t   87.6s | sps  1549] ret_mean=0.000 ep_len=500.0 pi_loss=-0.005 v_loss=0.000 ent=0.318 kl=0.0100
[upd  266 | steps  136192 | t   87.7s | sps  1552] ret_mean=0.000 ep_len=500.0 pi_loss=-0.001 v_loss=0.000 ent=0.396 kl=0.0001
[upd  267 | steps  136704 | t   87.9s | sps  1555] ret_mean=0.000 ep_len=500.0 pi_loss=-0.001 v_loss=0.000 ent=0.468 kl=0.0006
[upd  268 | steps  137216 | t   88.1s | sps  1558] ret_mean=0.000 ep_len=500.0 pi_loss=-0.001 v_loss=0.000 ent=0.274 kl=0.0011
[upd  269 | steps  137728 | t   88.3s | sps  1560] ret_mean=0.000 ep_len=500.0 pi_loss=-0.011 v_loss=0.000 ent=0.206 kl=0.0044
[upd  270 | steps  138240 | t   88.4s | sps  1563] ret_mean=0.000 ep_len=500.0 pi_loss=-0.001 v_loss=0.000 ent=0.426 kl=0.0016
[upd  271 | steps  138752 | t   88.6s | sps  1566] ret_mean=0.000 ep_len=500.0 pi_loss=-0.002 v_loss=0.000 ent=1.062 kl=0.0102
[upd  272 | steps  139264 | t   88.8s | sps  1569] ret_mean=0.000 ep_len=500.0 pi_loss=-0.002 v_loss=0.000 ent=0.737 kl=0.0027
[upd  273 | steps  139776 | t   89.0s | sps  1571] ret_mean=0.000 ep_len=500.0 pi_loss=-0.005 v_loss=0.000 ent=0.430 kl=0.0030
[upd  274 | steps  140288 | t   89.1s | sps  1574] ret_mean=0.000 ep_len=500.0 pi_loss=-0.005 v_loss=0.000 ent=0.543 kl=0.0030
[upd  275 | steps  140800 | t   89.3s | sps  1577] ret_mean=0.000 ep_len=500.0 pi_loss=-0.004 v_loss=0.000 ent=0.580 kl=0.0040
        [eval] ret_mean=0.000 ep_len=500.0
[upd  276 | steps  141312 | t   93.4s | sps  1512] ret_mean=0.000 ep_len=500.0 pi_loss=-0.001 v_loss=0.000 ent=0.043 kl=0.0032
[upd  277 | steps  141824 | t   93.6s | sps  1515] ret_mean=0.000 ep_len=500.0 pi_loss=-0.001 v_loss=0.000 ent=0.014 kl=0.0001
[upd  278 | steps  142336 | t   93.8s | sps  1518] ret_mean=0.000 ep_len=500.0 pi_loss=-0.001 v_loss=0.000 ent=0.064 kl=0.0017
[upd  279 | steps  142848 | t   93.9s | sps  1521] ret_mean=0.000 ep_len=500.0 pi_loss=-0.007 v_loss=0.000 ent=0.853 kl=0.0159
[upd  280 | steps  143360 | t   94.1s | sps  1524] ret_mean=0.000 ep_len=500.0 pi_loss=-0.002 v_loss=0.000 ent=0.236 kl=0.0001
[upd  281 | steps  143872 | t   94.3s | sps  1526] ret_mean=0.000 ep_len=500.0 pi_loss=-0.007 v_loss=0.000 ent=0.446 kl=0.0060
[upd  282 | steps  144384 | t   94.4s | sps  1529] ret_mean=0.000 ep_len=500.0 pi_loss=-0.000 v_loss=0.000 ent=0.111 kl=0.0004
[upd  283 | steps  144896 | t   94.6s | sps  1532] ret_mean=0.000 ep_len=500.0 pi_loss=0.000 v_loss=0.000 ent=0.077 kl=-0.0002
[upd  284 | steps  145408 | t   94.7s | sps  1535] ret_mean=0.000 ep_len=500.0 pi_loss=-0.000 v_loss=0.000 ent=0.021 kl=0.0001
[upd  285 | steps  145920 | t   94.9s | sps  1538] ret_mean=0.000 ep_len=500.0 pi_loss=-0.000 v_loss=0.000 ent=0.098 kl=-0.0005
[upd  286 | steps  146432 | t   95.1s | sps  1540] ret_mean=0.000 ep_len=500.0 pi_loss=-0.005 v_loss=0.000 ent=0.672 kl=0.0113
[upd  287 | steps  146944 | t   95.2s | sps  1543] ret_mean=0.000 ep_len=500.0 pi_loss=-0.008 v_loss=0.000 ent=0.315 kl=-0.0013
[upd  288 | steps  147456 | t   95.4s | sps  1546] ret_mean=0.000 ep_len=500.0 pi_loss=0.000 v_loss=0.000 ent=0.042 kl=0.0001
[upd  289 | steps  147968 | t   95.5s | sps  1549] ret_mean=0.000 ep_len=500.0 pi_loss=-0.004 v_loss=0.000 ent=0.228 kl=0.0024
[upd  290 | steps  148480 | t   95.7s | sps  1552] ret_mean=50.000 ep_len=500.0 pi_loss=-0.003 v_loss=2.400 ent=0.601 kl=0.0066
[upd  291 | steps  148992 | t   95.9s | sps  1554] ret_mean=0.000 ep_len=500.0 pi_loss=-0.003 v_loss=0.004 ent=0.122 kl=-0.0005
[upd  292 | steps  149504 | t   96.0s | sps  1557] ret_mean=0.000 ep_len=500.0 pi_loss=-0.011 v_loss=0.004 ent=0.577 kl=0.0103
[upd  293 | steps  150016 | t   96.2s | sps  1559] ret_mean=0.000 ep_len=500.0 pi_loss=-0.006 v_loss=0.008 ent=0.773 kl=-0.0011
[upd  294 | steps  150528 | t   96.4s | sps  1562] ret_mean=0.000 ep_len=500.0 pi_loss=-0.002 v_loss=0.000 ent=0.196 kl=-0.0012
[upd  295 | steps  151040 | t   96.5s | sps  1565] ret_mean=0.000 ep_len=500.0 pi_loss=-0.007 v_loss=0.000 ent=0.540 kl=0.0093
[upd  296 | steps  151552 | t   96.7s | sps  1567] ret_mean=0.000 ep_len=500.0 pi_loss=-0.006 v_loss=0.004 ent=0.718 kl=0.0038
[upd  297 | steps  152064 | t   96.9s | sps  1570] ret_mean=0.000 ep_len=500.0 pi_loss=-0.002 v_loss=0.000 ent=0.528 kl=0.0009
[upd  298 | steps  152576 | t   97.0s | sps  1573] ret_mean=0.000 ep_len=500.0 pi_loss=-0.000 v_loss=0.000 ent=0.137 kl=0.0002
[upd  299 | steps  153088 | t   97.2s | sps  1575] ret_mean=0.000 ep_len=500.0 pi_loss=-0.001 v_loss=0.001 ent=0.351 kl=0.0039
[upd  300 | steps  153600 | t   97.4s | sps  1577] ret_mean=0.000 ep_len=500.0 pi_loss=-0.000 v_loss=0.000 ent=0.003 kl=-0.0003
        [eval] ret_mean=0.000 ep_len=500.0
