$ /Users/samchen/Coding/CLASSES/CS2860/.venv/bin/python3 -m policies.train --env rware-small-2ag-v2 --seed 0 --updates 300 --rollout 512 --eval-every 25 --eval-episodes 30 --log-dir matrix_results/diagnostics_v1_sam/comm_2ag/headroom/rware-small-2ag-v2 --run-name mappo-heartbeat-only__delay-only__d30__s0 --n-msg-tokens 8 --no-comm --heartbeat --heartbeat-period 1 --heartbeat-max-age-clip 128 --heartbeat-delay 30 --shape-rewards --pickup-bonus 0.5

[env] EnvSpec(env_id='rware-small-2ag-v2', n_agents=2, obs_dim=73, n_env_actions=5, noop_action=0, family='rware')  (n_msg_tokens=1)
[cfg] {'clip_range': 0.2, 'value_clip_range': 0.2, 'entropy_coef': 0.01, 'value_coef': 0.5, 'max_grad_norm': 0.5, 'gamma': 0.99, 'gae_lambda': 0.95, 'lr_actor': 0.0003, 'lr_critic': 0.001, 'update_epochs': 4, 'minibatches': 4, 'hidden': 128, 'depth': 2, 'device': 'cpu', 'extra': {}}
[log] writing to matrix_results/diagnostics_v1_sam/comm_2ag/headroom/rware-small-2ag-v2/mappo-heartbeat-only__delay-only__d30__s0
[upd    1 | steps     512 | t    0.2s | sps  2221] ret_mean=0.000 ep_len=500.0 pi_loss=-0.009 v_loss=0.125 ent=1.605 kl=0.0102
[upd    2 | steps    1024 | t    0.4s | sps  2499] ret_mean=0.000 ep_len=500.0 pi_loss=-0.005 v_loss=0.030 ent=1.607 kl=-0.0011
[upd    3 | steps    1536 | t    0.6s | sps  2635] ret_mean=0.000 ep_len=500.0 pi_loss=-0.008 v_loss=0.012 ent=1.592 kl=0.0030
[upd    4 | steps    2048 | t    0.8s | sps  2706] ret_mean=1.000 ep_len=500.0 pi_loss=-0.002 v_loss=0.035 ent=1.590 kl=0.0013
[upd    5 | steps    2560 | t    1.0s | sps  2555] ret_mean=0.000 ep_len=500.0 pi_loss=-0.007 v_loss=0.037 ent=1.570 kl=-0.0003
[upd    6 | steps    3072 | t    1.2s | sps  2637] ret_mean=0.500 ep_len=500.0 pi_loss=-0.002 v_loss=0.006 ent=1.577 kl=0.0028
[upd    7 | steps    3584 | t    1.3s | sps  2680] ret_mean=0.000 ep_len=500.0 pi_loss=-0.006 v_loss=0.017 ent=1.581 kl=0.0086
[upd    8 | steps    4096 | t    1.5s | sps  2705] ret_mean=0.000 ep_len=500.0 pi_loss=-0.004 v_loss=0.005 ent=1.582 kl=-0.0007
[upd    9 | steps    4608 | t    1.7s | sps  2729] ret_mean=0.000 ep_len=500.0 pi_loss=-0.008 v_loss=0.010 ent=1.574 kl=0.0131
[upd   10 | steps    5120 | t    1.9s | sps  2766] ret_mean=0.000 ep_len=500.0 pi_loss=-0.003 v_loss=0.003 ent=1.586 kl=0.0011
[upd   11 | steps    5632 | t    2.0s | sps  2786] ret_mean=0.000 ep_len=500.0 pi_loss=-0.005 v_loss=0.008 ent=1.566 kl=0.0063
[upd   12 | steps    6144 | t    2.2s | sps  2802] ret_mean=0.000 ep_len=500.0 pi_loss=-0.010 v_loss=0.018 ent=1.545 kl=0.0116
[upd   13 | steps    6656 | t    2.4s | sps  2823] ret_mean=4.500 ep_len=500.0 pi_loss=-0.005 v_loss=0.013 ent=1.538 kl=0.0046
[upd   14 | steps    7168 | t    2.5s | sps  2833] ret_mean=0.000 ep_len=500.0 pi_loss=-0.003 v_loss=0.004 ent=1.515 kl=0.0060
[upd   15 | steps    7680 | t    2.7s | sps  2840] ret_mean=0.000 ep_len=500.0 pi_loss=-0.004 v_loss=0.002 ent=1.502 kl=-0.0052
[upd   16 | steps    8192 | t    2.9s | sps  2848] ret_mean=0.000 ep_len=500.0 pi_loss=-0.009 v_loss=0.001 ent=1.467 kl=0.0068
[upd   17 | steps    8704 | t    3.1s | sps  2845] ret_mean=0.000 ep_len=500.0 pi_loss=-0.003 v_loss=0.002 ent=1.456 kl=0.0037
[upd   18 | steps    9216 | t    3.2s | sps  2849] ret_mean=0.000 ep_len=500.0 pi_loss=-0.008 v_loss=0.001 ent=1.472 kl=0.0087
[upd   19 | steps    9728 | t    3.4s | sps  2844] ret_mean=0.000 ep_len=500.0 pi_loss=-0.009 v_loss=0.001 ent=1.424 kl=0.0085
[upd   20 | steps   10240 | t    3.6s | sps  2843] ret_mean=0.000 ep_len=500.0 pi_loss=-0.003 v_loss=0.003 ent=1.432 kl=-0.0031
[upd   21 | steps   10752 | t    3.8s | sps  2841] ret_mean=0.000 ep_len=500.0 pi_loss=-0.003 v_loss=0.002 ent=1.419 kl=0.0051
[upd   22 | steps   11264 | t    4.0s | sps  2845] ret_mean=0.000 ep_len=500.0 pi_loss=-0.007 v_loss=0.001 ent=1.445 kl=0.0160
[upd   23 | steps   11776 | t    4.1s | sps  2845] ret_mean=0.000 ep_len=500.0 pi_loss=-0.005 v_loss=0.001 ent=1.442 kl=0.0034
[upd   24 | steps   12288 | t    4.3s | sps  2846] ret_mean=0.000 ep_len=500.0 pi_loss=-0.010 v_loss=0.001 ent=1.471 kl=0.0061
[upd   25 | steps   12800 | t    4.5s | sps  2850] ret_mean=0.000 ep_len=500.0 pi_loss=-0.007 v_loss=0.001 ent=1.466 kl=0.0059
        [eval] ret_mean=0.000 ep_len=500.0
[upd   26 | steps   13312 | t    8.7s | sps  1539] ret_mean=0.000 ep_len=500.0 pi_loss=-0.016 v_loss=0.001 ent=1.445 kl=0.0087
[upd   27 | steps   13824 | t    8.8s | sps  1568] ret_mean=0.000 ep_len=500.0 pi_loss=-0.003 v_loss=0.002 ent=1.495 kl=0.0053
[upd   28 | steps   14336 | t    9.0s | sps  1598] ret_mean=0.000 ep_len=500.0 pi_loss=-0.010 v_loss=0.001 ent=1.400 kl=0.0087
[upd   29 | steps   14848 | t    9.1s | sps  1627] ret_mean=0.000 ep_len=500.0 pi_loss=-0.014 v_loss=0.001 ent=1.472 kl=0.0046
[upd   30 | steps   15360 | t    9.3s | sps  1655] ret_mean=1.000 ep_len=500.0 pi_loss=-0.010 v_loss=0.007 ent=1.453 kl=-0.0012
[upd   31 | steps   15872 | t    9.4s | sps  1682] ret_mean=0.000 ep_len=500.0 pi_loss=-0.004 v_loss=0.002 ent=1.422 kl=0.0040
[upd   32 | steps   16384 | t    9.6s | sps  1705] ret_mean=0.000 ep_len=500.0 pi_loss=-0.005 v_loss=0.001 ent=1.492 kl=-0.0005
[upd   33 | steps   16896 | t    9.8s | sps  1723] ret_mean=0.000 ep_len=500.0 pi_loss=-0.006 v_loss=0.001 ent=1.451 kl=0.0027
[upd   34 | steps   17408 | t   10.0s | sps  1737] ret_mean=0.000 ep_len=500.0 pi_loss=-0.003 v_loss=0.000 ent=1.453 kl=0.0025
[upd   35 | steps   17920 | t   10.2s | sps  1757] ret_mean=0.000 ep_len=500.0 pi_loss=-0.008 v_loss=0.001 ent=1.468 kl=0.0087
[upd   36 | steps   18432 | t   10.4s | sps  1773] ret_mean=0.000 ep_len=500.0 pi_loss=-0.010 v_loss=0.001 ent=1.441 kl=-0.0013
[upd   37 | steps   18944 | t   10.6s | sps  1788] ret_mean=0.000 ep_len=500.0 pi_loss=-0.009 v_loss=0.000 ent=1.472 kl=0.0056
[upd   38 | steps   19456 | t   10.8s | sps  1807] ret_mean=0.000 ep_len=500.0 pi_loss=-0.002 v_loss=0.001 ent=1.448 kl=-0.0040
[upd   39 | steps   19968 | t   10.9s | sps  1826] ret_mean=0.000 ep_len=500.0 pi_loss=-0.005 v_loss=0.001 ent=1.490 kl=0.0025
[upd   40 | steps   20480 | t   11.1s | sps  1845] ret_mean=0.000 ep_len=500.0 pi_loss=-0.001 v_loss=0.000 ent=1.468 kl=-0.0010
[upd   41 | steps   20992 | t   11.3s | sps  1864] ret_mean=0.000 ep_len=500.0 pi_loss=-0.006 v_loss=0.000 ent=1.478 kl=0.0054
[upd   42 | steps   21504 | t   11.4s | sps  1879] ret_mean=0.000 ep_len=500.0 pi_loss=-0.007 v_loss=0.000 ent=1.484 kl=0.0026
[upd   43 | steps   22016 | t   11.6s | sps  1895] ret_mean=0.000 ep_len=500.0 pi_loss=-0.006 v_loss=0.000 ent=1.525 kl=0.0064
[upd   44 | steps   22528 | t   11.8s | sps  1910] ret_mean=0.000 ep_len=500.0 pi_loss=-0.007 v_loss=0.001 ent=1.564 kl=0.0020
[upd   45 | steps   23040 | t   12.0s | sps  1920] ret_mean=0.000 ep_len=500.0 pi_loss=-0.006 v_loss=0.000 ent=1.548 kl=0.0025
[upd   46 | steps   23552 | t   12.2s | sps  1934] ret_mean=0.500 ep_len=500.0 pi_loss=-0.010 v_loss=0.002 ent=1.540 kl=-0.0001
[upd   47 | steps   24064 | t   12.3s | sps  1950] ret_mean=0.000 ep_len=500.0 pi_loss=-0.007 v_loss=0.001 ent=1.564 kl=-0.0019
[upd   48 | steps   24576 | t   12.5s | sps  1961] ret_mean=0.000 ep_len=500.0 pi_loss=-0.008 v_loss=0.005 ent=1.568 kl=0.0051
[upd   49 | steps   25088 | t   12.7s | sps  1970] ret_mean=1.000 ep_len=500.0 pi_loss=-0.010 v_loss=0.000 ent=1.564 kl=0.0117
[upd   50 | steps   25600 | t   12.9s | sps  1983] ret_mean=0.000 ep_len=500.0 pi_loss=-0.004 v_loss=0.000 ent=1.514 kl=0.0068
        [eval] ret_mean=0.000 ep_len=500.0
[upd   51 | steps   26112 | t   16.9s | sps  1541] ret_mean=0.000 ep_len=500.0 pi_loss=-0.005 v_loss=0.001 ent=1.518 kl=0.0070
[upd   52 | steps   26624 | t   17.1s | sps  1556] ret_mean=0.000 ep_len=500.0 pi_loss=-0.006 v_loss=0.000 ent=1.541 kl=-0.0007
[upd   53 | steps   27136 | t   17.3s | sps  1572] ret_mean=0.000 ep_len=500.0 pi_loss=-0.004 v_loss=0.001 ent=1.577 kl=-0.0006
[upd   54 | steps   27648 | t   17.4s | sps  1587] ret_mean=1.500 ep_len=500.0 pi_loss=-0.004 v_loss=0.012 ent=1.550 kl=0.0045
[upd   55 | steps   28160 | t   17.6s | sps  1601] ret_mean=0.000 ep_len=500.0 pi_loss=-0.005 v_loss=0.001 ent=1.521 kl=0.0026
[upd   56 | steps   28672 | t   17.8s | sps  1614] ret_mean=4.500 ep_len=500.0 pi_loss=-0.003 v_loss=0.042 ent=1.483 kl=0.0056
[upd   57 | steps   29184 | t   17.9s | sps  1628] ret_mean=0.000 ep_len=500.0 pi_loss=-0.003 v_loss=0.001 ent=1.526 kl=0.0027
[upd   58 | steps   29696 | t   18.1s | sps  1643] ret_mean=0.000 ep_len=500.0 pi_loss=-0.003 v_loss=0.001 ent=1.538 kl=0.0007
[upd   59 | steps   30208 | t   18.2s | sps  1656] ret_mean=0.000 ep_len=500.0 pi_loss=-0.004 v_loss=0.001 ent=1.572 kl=0.0032
[upd   60 | steps   30720 | t   18.4s | sps  1669] ret_mean=0.000 ep_len=500.0 pi_loss=-0.004 v_loss=0.001 ent=1.477 kl=0.0037
[upd   61 | steps   31232 | t   18.6s | sps  1681] ret_mean=0.000 ep_len=500.0 pi_loss=-0.010 v_loss=0.000 ent=1.525 kl=0.0093
[upd   62 | steps   31744 | t   18.8s | sps  1692] ret_mean=0.000 ep_len=500.0 pi_loss=-0.009 v_loss=0.015 ent=1.518 kl=0.0024
[upd   63 | steps   32256 | t   18.9s | sps  1705] ret_mean=3.000 ep_len=500.0 pi_loss=-0.010 v_loss=0.000 ent=1.509 kl=0.0034
[upd   64 | steps   32768 | t   19.1s | sps  1717] ret_mean=1.000 ep_len=500.0 pi_loss=-0.005 v_loss=0.009 ent=1.508 kl=0.0019
[upd   65 | steps   33280 | t   19.2s | sps  1730] ret_mean=1.500 ep_len=500.0 pi_loss=-0.006 v_loss=0.006 ent=1.485 kl=0.0009
[upd   66 | steps   33792 | t   19.4s | sps  1742] ret_mean=1.500 ep_len=500.0 pi_loss=-0.006 v_loss=0.013 ent=1.501 kl=0.0025
[upd   67 | steps   34304 | t   19.6s | sps  1753] ret_mean=0.000 ep_len=500.0 pi_loss=-0.005 v_loss=0.003 ent=1.532 kl=0.0065
[upd   68 | steps   34816 | t   19.7s | sps  1763] ret_mean=0.500 ep_len=500.0 pi_loss=-0.007 v_loss=0.001 ent=1.505 kl=0.0013
[upd   69 | steps   35328 | t   19.9s | sps  1774] ret_mean=0.000 ep_len=500.0 pi_loss=-0.005 v_loss=0.001 ent=1.499 kl=0.0069
[upd   70 | steps   35840 | t   20.1s | sps  1786] ret_mean=0.000 ep_len=500.0 pi_loss=-0.005 v_loss=0.001 ent=1.486 kl=0.0018
[upd   71 | steps   36352 | t   20.2s | sps  1797] ret_mean=0.000 ep_len=500.0 pi_loss=-0.011 v_loss=0.001 ent=1.423 kl=0.0109
[upd   72 | steps   36864 | t   20.4s | sps  1808] ret_mean=0.000 ep_len=500.0 pi_loss=-0.001 v_loss=0.000 ent=1.384 kl=0.0017
[upd   73 | steps   37376 | t   20.6s | sps  1818] ret_mean=0.000 ep_len=500.0 pi_loss=-0.005 v_loss=0.000 ent=1.399 kl=0.0083
[upd   74 | steps   37888 | t   20.7s | sps  1828] ret_mean=0.000 ep_len=500.0 pi_loss=-0.003 v_loss=0.001 ent=1.462 kl=0.0008
[upd   75 | steps   38400 | t   20.9s | sps  1838] ret_mean=0.000 ep_len=500.0 pi_loss=-0.008 v_loss=0.000 ent=1.454 kl=0.0043
        [eval] ret_mean=0.000 ep_len=500.0
[upd   76 | steps   38912 | t   24.9s | sps  1560] ret_mean=0.000 ep_len=500.0 pi_loss=-0.006 v_loss=0.000 ent=1.475 kl=0.0006
[upd   77 | steps   39424 | t   25.1s | sps  1571] ret_mean=0.000 ep_len=500.0 pi_loss=-0.006 v_loss=0.000 ent=1.452 kl=-0.0007
[upd   78 | steps   39936 | t   25.3s | sps  1581] ret_mean=0.000 ep_len=500.0 pi_loss=-0.005 v_loss=0.000 ent=1.532 kl=0.0010
[upd   79 | steps   40448 | t   25.4s | sps  1591] ret_mean=0.000 ep_len=500.0 pi_loss=-0.010 v_loss=0.000 ent=1.539 kl=0.0053
[upd   80 | steps   40960 | t   25.6s | sps  1601] ret_mean=0.000 ep_len=500.0 pi_loss=-0.007 v_loss=0.000 ent=1.532 kl=0.0089
[upd   81 | steps   41472 | t   25.7s | sps  1611] ret_mean=0.000 ep_len=500.0 pi_loss=-0.004 v_loss=0.001 ent=1.540 kl=-0.0000
[upd   82 | steps   41984 | t   25.9s | sps  1621] ret_mean=2.000 ep_len=500.0 pi_loss=-0.008 v_loss=0.008 ent=1.520 kl=0.0081
[upd   83 | steps   42496 | t   26.1s | sps  1630] ret_mean=0.000 ep_len=500.0 pi_loss=-0.005 v_loss=0.000 ent=1.523 kl=0.0013
[upd   84 | steps   43008 | t   26.2s | sps  1639] ret_mean=0.000 ep_len=500.0 pi_loss=-0.006 v_loss=0.000 ent=1.560 kl=0.0092
[upd   85 | steps   43520 | t   26.4s | sps  1649] ret_mean=0.000 ep_len=500.0 pi_loss=-0.007 v_loss=0.000 ent=1.540 kl=-0.0032
[upd   86 | steps   44032 | t   26.6s | sps  1658] ret_mean=0.000 ep_len=500.0 pi_loss=-0.008 v_loss=0.000 ent=1.528 kl=0.0022
[upd   87 | steps   44544 | t   26.7s | sps  1667] ret_mean=0.000 ep_len=500.0 pi_loss=-0.009 v_loss=0.000 ent=1.490 kl=0.0016
[upd   88 | steps   45056 | t   26.9s | sps  1676] ret_mean=0.000 ep_len=500.0 pi_loss=-0.006 v_loss=0.000 ent=1.569 kl=0.0051
[upd   89 | steps   45568 | t   27.0s | sps  1685] ret_mean=0.000 ep_len=500.0 pi_loss=-0.007 v_loss=0.000 ent=1.560 kl=0.0045
[upd   90 | steps   46080 | t   27.2s | sps  1693] ret_mean=0.000 ep_len=500.0 pi_loss=-0.005 v_loss=0.002 ent=1.555 kl=-0.0001
[upd   91 | steps   46592 | t   27.4s | sps  1702] ret_mean=1.500 ep_len=500.0 pi_loss=-0.007 v_loss=0.002 ent=1.517 kl=0.0095
[upd   92 | steps   47104 | t   27.5s | sps  1711] ret_mean=0.000 ep_len=500.0 pi_loss=-0.003 v_loss=0.000 ent=1.568 kl=0.0009
[upd   93 | steps   47616 | t   27.7s | sps  1719] ret_mean=0.000 ep_len=500.0 pi_loss=-0.004 v_loss=0.000 ent=1.498 kl=0.0071
[upd   94 | steps   48128 | t   27.9s | sps  1728] ret_mean=0.000 ep_len=500.0 pi_loss=-0.004 v_loss=0.001 ent=1.512 kl=0.0030
[upd   95 | steps   48640 | t   28.0s | sps  1736] ret_mean=0.000 ep_len=500.0 pi_loss=-0.006 v_loss=0.000 ent=1.395 kl=0.0020
[upd   96 | steps   49152 | t   28.2s | sps  1744] ret_mean=0.000 ep_len=500.0 pi_loss=-0.008 v_loss=0.000 ent=1.551 kl=0.0086
[upd   97 | steps   49664 | t   28.3s | sps  1753] ret_mean=0.000 ep_len=500.0 pi_loss=-0.008 v_loss=0.000 ent=1.534 kl=0.0060
[upd   98 | steps   50176 | t   28.5s | sps  1761] ret_mean=0.000 ep_len=500.0 pi_loss=-0.005 v_loss=0.000 ent=1.529 kl=0.0041
[upd   99 | steps   50688 | t   28.6s | sps  1769] ret_mean=0.000 ep_len=500.0 pi_loss=-0.008 v_loss=0.000 ent=1.520 kl=0.0061
[upd  100 | steps   51200 | t   28.8s | sps  1777] ret_mean=0.000 ep_len=500.0 pi_loss=-0.004 v_loss=0.000 ent=1.507 kl=0.0011
        [eval] ret_mean=0.000 ep_len=500.0
[upd  101 | steps   51712 | t   32.6s | sps  1586] ret_mean=0.000 ep_len=500.0 pi_loss=-0.007 v_loss=0.000 ent=1.492 kl=0.0170
[upd  102 | steps   52224 | t   32.8s | sps  1593] ret_mean=0.000 ep_len=500.0 pi_loss=-0.011 v_loss=0.000 ent=1.408 kl=0.0097
[upd  103 | steps   52736 | t   33.0s | sps  1596] ret_mean=0.000 ep_len=500.0 pi_loss=-0.010 v_loss=0.000 ent=1.535 kl=0.0053
[upd  104 | steps   53248 | t   33.3s | sps  1601] ret_mean=0.000 ep_len=500.0 pi_loss=-0.006 v_loss=0.000 ent=1.555 kl=0.0110
[upd  105 | steps   53760 | t   33.5s | sps  1606] ret_mean=0.000 ep_len=500.0 pi_loss=-0.010 v_loss=0.000 ent=1.509 kl=0.0056
[upd  106 | steps   54272 | t   33.6s | sps  1614] ret_mean=0.000 ep_len=500.0 pi_loss=-0.012 v_loss=0.000 ent=1.478 kl=0.0108
[upd  107 | steps   54784 | t   33.8s | sps  1620] ret_mean=0.000 ep_len=500.0 pi_loss=-0.007 v_loss=0.000 ent=1.504 kl=0.0095
[upd  108 | steps   55296 | t   34.0s | sps  1627] ret_mean=0.000 ep_len=500.0 pi_loss=-0.008 v_loss=0.000 ent=1.502 kl=-0.0007
[upd  109 | steps   55808 | t   34.1s | sps  1635] ret_mean=0.000 ep_len=500.0 pi_loss=-0.007 v_loss=0.000 ent=1.539 kl=0.0006
[upd  110 | steps   56320 | t   34.3s | sps  1642] ret_mean=0.000 ep_len=500.0 pi_loss=-0.006 v_loss=0.000 ent=1.540 kl=-0.0001
[upd  111 | steps   56832 | t   34.5s | sps  1649] ret_mean=0.000 ep_len=500.0 pi_loss=-0.005 v_loss=0.000 ent=1.495 kl=0.0061
[upd  112 | steps   57344 | t   34.6s | sps  1656] ret_mean=0.000 ep_len=500.0 pi_loss=-0.009 v_loss=0.000 ent=1.488 kl=0.0037
[upd  113 | steps   57856 | t   34.8s | sps  1663] ret_mean=1.500 ep_len=500.0 pi_loss=-0.006 v_loss=0.005 ent=1.536 kl=0.0059
[upd  114 | steps   58368 | t   35.0s | sps  1670] ret_mean=0.500 ep_len=500.0 pi_loss=-0.007 v_loss=0.000 ent=1.471 kl=0.0057
[upd  115 | steps   58880 | t   35.1s | sps  1677] ret_mean=0.000 ep_len=500.0 pi_loss=-0.007 v_loss=0.000 ent=1.470 kl=0.0030
[upd  116 | steps   59392 | t   35.3s | sps  1684] ret_mean=0.000 ep_len=500.0 pi_loss=-0.012 v_loss=0.000 ent=1.477 kl=0.0038
[upd  117 | steps   59904 | t   35.4s | sps  1691] ret_mean=0.000 ep_len=500.0 pi_loss=-0.012 v_loss=0.000 ent=1.444 kl=0.0108
[upd  118 | steps   60416 | t   35.6s | sps  1698] ret_mean=1.500 ep_len=500.0 pi_loss=-0.005 v_loss=0.013 ent=1.475 kl=0.0000
[upd  119 | steps   60928 | t   35.8s | sps  1704] ret_mean=0.000 ep_len=500.0 pi_loss=-0.009 v_loss=0.000 ent=1.424 kl=0.0084
[upd  120 | steps   61440 | t   35.9s | sps  1711] ret_mean=0.000 ep_len=500.0 pi_loss=-0.003 v_loss=0.000 ent=1.429 kl=0.0023
[upd  121 | steps   61952 | t   36.1s | sps  1717] ret_mean=0.000 ep_len=500.0 pi_loss=-0.006 v_loss=0.001 ent=1.400 kl=0.0037
[upd  122 | steps   62464 | t   36.3s | sps  1723] ret_mean=0.000 ep_len=500.0 pi_loss=-0.007 v_loss=0.000 ent=1.362 kl=0.0074
[upd  123 | steps   62976 | t   36.4s | sps  1729] ret_mean=0.000 ep_len=500.0 pi_loss=-0.005 v_loss=0.001 ent=1.486 kl=0.0040
[upd  124 | steps   63488 | t   36.6s | sps  1735] ret_mean=1.500 ep_len=500.0 pi_loss=-0.009 v_loss=0.007 ent=1.373 kl=0.0132
[upd  125 | steps   64000 | t   36.7s | sps  1742] ret_mean=0.000 ep_len=500.0 pi_loss=-0.005 v_loss=0.001 ent=1.452 kl=0.0037
        [eval] ret_mean=4.083 ep_len=500.0
[upd  126 | steps   64512 | t   40.9s | sps  1578] ret_mean=0.000 ep_len=500.0 pi_loss=-0.015 v_loss=0.001 ent=1.323 kl=-0.0017
[upd  127 | steps   65024 | t   41.1s | sps  1584] ret_mean=2.000 ep_len=500.0 pi_loss=-0.005 v_loss=0.007 ent=1.453 kl=0.0020
[upd  128 | steps   65536 | t   41.2s | sps  1590] ret_mean=0.000 ep_len=500.0 pi_loss=-0.007 v_loss=0.000 ent=1.469 kl=0.0056
[upd  129 | steps   66048 | t   41.4s | sps  1595] ret_mean=0.000 ep_len=500.0 pi_loss=-0.011 v_loss=0.000 ent=1.433 kl=0.0018
[upd  130 | steps   66560 | t   41.6s | sps  1601] ret_mean=0.000 ep_len=500.0 pi_loss=-0.007 v_loss=0.000 ent=1.388 kl=0.0074
[upd  131 | steps   67072 | t   41.7s | sps  1607] ret_mean=0.000 ep_len=500.0 pi_loss=-0.004 v_loss=0.000 ent=1.492 kl=0.0029
[upd  132 | steps   67584 | t   41.9s | sps  1613] ret_mean=0.000 ep_len=500.0 pi_loss=-0.005 v_loss=0.004 ent=1.536 kl=0.0016
[upd  133 | steps   68096 | t   42.1s | sps  1618] ret_mean=1.000 ep_len=500.0 pi_loss=-0.005 v_loss=0.001 ent=1.469 kl=0.0047
[upd  134 | steps   68608 | t   42.3s | sps  1623] ret_mean=0.500 ep_len=500.0 pi_loss=-0.007 v_loss=0.001 ent=1.380 kl=-0.0015
[upd  135 | steps   69120 | t   42.4s | sps  1629] ret_mean=0.000 ep_len=500.0 pi_loss=-0.001 v_loss=0.000 ent=1.321 kl=0.0037
[upd  136 | steps   69632 | t   42.6s | sps  1634] ret_mean=0.000 ep_len=500.0 pi_loss=-0.007 v_loss=0.000 ent=1.445 kl=0.0056
[upd  137 | steps   70144 | t   42.8s | sps  1639] ret_mean=0.000 ep_len=500.0 pi_loss=-0.005 v_loss=0.000 ent=1.414 kl=0.0037
[upd  138 | steps   70656 | t   43.0s | sps  1644] ret_mean=0.000 ep_len=500.0 pi_loss=-0.005 v_loss=0.000 ent=1.513 kl=0.0001
[upd  139 | steps   71168 | t   43.2s | sps  1649] ret_mean=0.000 ep_len=500.0 pi_loss=-0.007 v_loss=0.000 ent=1.536 kl=0.0108
[upd  140 | steps   71680 | t   43.3s | sps  1655] ret_mean=0.000 ep_len=500.0 pi_loss=-0.007 v_loss=0.000 ent=1.483 kl=0.0095
[upd  141 | steps   72192 | t   43.5s | sps  1661] ret_mean=0.000 ep_len=500.0 pi_loss=-0.005 v_loss=0.000 ent=1.372 kl=0.0081
[upd  142 | steps   72704 | t   43.6s | sps  1666] ret_mean=0.500 ep_len=500.0 pi_loss=-0.010 v_loss=0.002 ent=1.483 kl=0.0130
[upd  143 | steps   73216 | t   43.8s | sps  1672] ret_mean=0.000 ep_len=500.0 pi_loss=-0.009 v_loss=0.000 ent=1.560 kl=0.0085
[upd  144 | steps   73728 | t   44.0s | sps  1676] ret_mean=0.500 ep_len=500.0 pi_loss=-0.007 v_loss=0.002 ent=1.457 kl=0.0042
[upd  145 | steps   74240 | t   44.2s | sps  1681] ret_mean=0.000 ep_len=500.0 pi_loss=-0.005 v_loss=0.000 ent=1.372 kl=-0.0004
[upd  146 | steps   74752 | t   44.3s | sps  1686] ret_mean=0.000 ep_len=500.0 pi_loss=-0.006 v_loss=0.000 ent=1.483 kl=0.0051
[upd  147 | steps   75264 | t   44.5s | sps  1691] ret_mean=0.000 ep_len=500.0 pi_loss=-0.003 v_loss=0.002 ent=1.465 kl=0.0007
[upd  148 | steps   75776 | t   44.7s | sps  1696] ret_mean=0.500 ep_len=500.0 pi_loss=-0.008 v_loss=0.000 ent=1.511 kl=0.0081
[upd  149 | steps   76288 | t   44.9s | sps  1701] ret_mean=0.000 ep_len=500.0 pi_loss=-0.011 v_loss=0.000 ent=1.447 kl=0.0069
[upd  150 | steps   76800 | t   45.0s | sps  1705] ret_mean=0.000 ep_len=500.0 pi_loss=-0.007 v_loss=0.001 ent=1.366 kl=0.0126
        [eval] ret_mean=4.167 ep_len=500.0
[upd  151 | steps   77312 | t   49.2s | sps  1572] ret_mean=0.000 ep_len=500.0 pi_loss=-0.008 v_loss=0.000 ent=1.405 kl=0.0067
[upd  152 | steps   77824 | t   49.3s | sps  1577] ret_mean=0.000 ep_len=500.0 pi_loss=-0.007 v_loss=0.000 ent=1.439 kl=0.0026
[upd  153 | steps   78336 | t   49.5s | sps  1582] ret_mean=0.000 ep_len=500.0 pi_loss=-0.005 v_loss=0.000 ent=1.428 kl=0.0015
[upd  154 | steps   78848 | t   49.7s | sps  1587] ret_mean=0.000 ep_len=500.0 pi_loss=-0.004 v_loss=0.000 ent=1.477 kl=-0.0008
[upd  155 | steps   79360 | t   49.8s | sps  1592] ret_mean=0.000 ep_len=500.0 pi_loss=-0.003 v_loss=0.000 ent=1.212 kl=-0.0012
[upd  156 | steps   79872 | t   50.0s | sps  1597] ret_mean=0.000 ep_len=500.0 pi_loss=-0.002 v_loss=0.001 ent=1.183 kl=0.0031
[upd  157 | steps   80384 | t   50.2s | sps  1601] ret_mean=1.000 ep_len=500.0 pi_loss=-0.003 v_loss=0.002 ent=1.420 kl=0.0033
[upd  158 | steps   80896 | t   50.4s | sps  1606] ret_mean=0.000 ep_len=500.0 pi_loss=-0.013 v_loss=0.000 ent=1.428 kl=0.0157
[upd  159 | steps   81408 | t   50.5s | sps  1611] ret_mean=0.000 ep_len=500.0 pi_loss=-0.004 v_loss=0.000 ent=1.262 kl=-0.0016
[upd  160 | steps   81920 | t   50.7s | sps  1616] ret_mean=0.000 ep_len=500.0 pi_loss=-0.002 v_loss=0.000 ent=1.334 kl=0.0025
[upd  161 | steps   82432 | t   50.9s | sps  1620] ret_mean=0.000 ep_len=500.0 pi_loss=-0.007 v_loss=0.000 ent=1.445 kl=0.0011
[upd  162 | steps   82944 | t   51.0s | sps  1625] ret_mean=0.000 ep_len=500.0 pi_loss=-0.006 v_loss=0.000 ent=1.339 kl=0.0038
[upd  163 | steps   83456 | t   51.2s | sps  1629] ret_mean=0.000 ep_len=500.0 pi_loss=-0.009 v_loss=0.054 ent=1.382 kl=0.0000
[upd  164 | steps   83968 | t   51.4s | sps  1633] ret_mean=4.500 ep_len=500.0 pi_loss=-0.003 v_loss=0.002 ent=1.375 kl=0.0013
[upd  165 | steps   84480 | t   51.6s | sps  1638] ret_mean=0.000 ep_len=500.0 pi_loss=-0.007 v_loss=0.002 ent=1.374 kl=0.0080
[upd  166 | steps   84992 | t   51.8s | sps  1642] ret_mean=0.000 ep_len=500.0 pi_loss=-0.005 v_loss=0.001 ent=1.316 kl=0.0016
[upd  167 | steps   85504 | t   51.9s | sps  1647] ret_mean=0.000 ep_len=500.0 pi_loss=-0.011 v_loss=0.000 ent=1.499 kl=0.0116
[upd  168 | steps   86016 | t   52.1s | sps  1652] ret_mean=1.500 ep_len=500.0 pi_loss=-0.010 v_loss=0.006 ent=1.505 kl=0.0007
[upd  169 | steps   86528 | t   52.2s | sps  1657] ret_mean=0.000 ep_len=500.0 pi_loss=-0.012 v_loss=0.000 ent=1.466 kl=0.0085
[upd  170 | steps   87040 | t   52.4s | sps  1661] ret_mean=0.000 ep_len=500.0 pi_loss=-0.009 v_loss=0.000 ent=1.479 kl=0.0081
[upd  171 | steps   87552 | t   52.6s | sps  1666] ret_mean=0.000 ep_len=500.0 pi_loss=-0.006 v_loss=0.000 ent=1.551 kl=0.0024
[upd  172 | steps   88064 | t   52.7s | sps  1670] ret_mean=0.000 ep_len=500.0 pi_loss=-0.008 v_loss=0.000 ent=1.540 kl=0.0099
[upd  173 | steps   88576 | t   52.9s | sps  1675] ret_mean=0.000 ep_len=500.0 pi_loss=-0.009 v_loss=0.000 ent=1.528 kl=0.0133
[upd  174 | steps   89088 | t   53.0s | sps  1680] ret_mean=0.000 ep_len=500.0 pi_loss=-0.013 v_loss=0.005 ent=1.519 kl=0.0101
[upd  175 | steps   89600 | t   53.2s | sps  1684] ret_mean=1.000 ep_len=500.0 pi_loss=-0.007 v_loss=0.001 ent=1.398 kl=0.0023
        [eval] ret_mean=0.000 ep_len=500.0
[upd  176 | steps   90112 | t   57.2s | sps  1575] ret_mean=0.000 ep_len=500.0 pi_loss=-0.008 v_loss=0.000 ent=1.448 kl=0.0022
[upd  177 | steps   90624 | t   57.4s | sps  1580] ret_mean=0.000 ep_len=500.0 pi_loss=-0.001 v_loss=0.000 ent=1.257 kl=0.0011
[upd  178 | steps   91136 | t   57.5s | sps  1584] ret_mean=0.000 ep_len=500.0 pi_loss=-0.007 v_loss=0.000 ent=1.471 kl=0.0091
[upd  179 | steps   91648 | t   57.7s | sps  1588] ret_mean=0.000 ep_len=500.0 pi_loss=-0.003 v_loss=0.000 ent=1.418 kl=0.0007
[upd  180 | steps   92160 | t   57.9s | sps  1592] ret_mean=0.000 ep_len=500.0 pi_loss=-0.009 v_loss=0.000 ent=1.476 kl=0.0077
[upd  181 | steps   92672 | t   58.1s | sps  1596] ret_mean=0.000 ep_len=500.0 pi_loss=-0.007 v_loss=0.000 ent=1.285 kl=-0.0010
[upd  182 | steps   93184 | t   58.2s | sps  1600] ret_mean=0.000 ep_len=500.0 pi_loss=-0.008 v_loss=0.000 ent=1.392 kl=0.0060
[upd  183 | steps   93696 | t   58.4s | sps  1604] ret_mean=0.000 ep_len=500.0 pi_loss=-0.009 v_loss=0.000 ent=1.032 kl=0.0029
[upd  184 | steps   94208 | t   58.6s | sps  1609] ret_mean=0.000 ep_len=500.0 pi_loss=-0.008 v_loss=0.000 ent=1.221 kl=-0.0034
[upd  185 | steps   94720 | t   58.7s | sps  1613] ret_mean=0.000 ep_len=500.0 pi_loss=-0.010 v_loss=0.000 ent=1.460 kl=0.0074
[upd  186 | steps   95232 | t   58.9s | sps  1617] ret_mean=0.000 ep_len=500.0 pi_loss=-0.007 v_loss=0.000 ent=1.416 kl=0.0119
[upd  187 | steps   95744 | t   59.0s | sps  1622] ret_mean=0.000 ep_len=500.0 pi_loss=-0.008 v_loss=0.000 ent=1.459 kl=0.0114
[upd  188 | steps   96256 | t   59.2s | sps  1626] ret_mean=0.000 ep_len=500.0 pi_loss=-0.010 v_loss=0.000 ent=1.257 kl=0.0070
[upd  189 | steps   96768 | t   59.4s | sps  1630] ret_mean=0.500 ep_len=500.0 pi_loss=-0.009 v_loss=0.001 ent=1.219 kl=0.0131
[upd  190 | steps   97280 | t   59.5s | sps  1634] ret_mean=0.000 ep_len=500.0 pi_loss=-0.009 v_loss=0.000 ent=1.329 kl=0.0023
[upd  191 | steps   97792 | t   59.7s | sps  1638] ret_mean=0.500 ep_len=500.0 pi_loss=-0.010 v_loss=0.002 ent=1.375 kl=0.0080
[upd  192 | steps   98304 | t   59.9s | sps  1642] ret_mean=0.000 ep_len=500.0 pi_loss=-0.003 v_loss=0.000 ent=0.991 kl=0.0035
[upd  193 | steps   98816 | t   60.0s | sps  1646] ret_mean=0.000 ep_len=500.0 pi_loss=-0.010 v_loss=0.000 ent=0.936 kl=0.0123
[upd  194 | steps   99328 | t   60.2s | sps  1651] ret_mean=0.000 ep_len=500.0 pi_loss=-0.015 v_loss=0.018 ent=1.466 kl=0.0075
[upd  195 | steps   99840 | t   60.3s | sps  1655] ret_mean=2.000 ep_len=500.0 pi_loss=-0.009 v_loss=0.001 ent=1.340 kl=0.0022
[upd  196 | steps  100352 | t   60.5s | sps  1659] ret_mean=0.000 ep_len=500.0 pi_loss=-0.010 v_loss=0.002 ent=1.398 kl=-0.0008
[upd  197 | steps  100864 | t   60.7s | sps  1663] ret_mean=0.500 ep_len=500.0 pi_loss=-0.005 v_loss=0.000 ent=0.895 kl=-0.0000
[upd  198 | steps  101376 | t   60.8s | sps  1667] ret_mean=1.500 ep_len=500.0 pi_loss=-0.005 v_loss=0.007 ent=1.071 kl=0.0028
[upd  199 | steps  101888 | t   61.0s | sps  1671] ret_mean=0.000 ep_len=500.0 pi_loss=-0.007 v_loss=0.000 ent=1.533 kl=0.0083
[upd  200 | steps  102400 | t   61.1s | sps  1675] ret_mean=0.000 ep_len=500.0 pi_loss=-0.007 v_loss=0.000 ent=0.968 kl=0.0053
        [eval] ret_mean=4.167 ep_len=500.0
[upd  201 | steps  102912 | t   65.1s | sps  1581] ret_mean=0.000 ep_len=500.0 pi_loss=-0.009 v_loss=0.000 ent=1.514 kl=-0.0023
[upd  202 | steps  103424 | t   65.3s | sps  1585] ret_mean=0.500 ep_len=500.0 pi_loss=-0.005 v_loss=0.003 ent=1.097 kl=0.0068
[upd  203 | steps  103936 | t   65.4s | sps  1588] ret_mean=0.000 ep_len=500.0 pi_loss=-0.008 v_loss=0.000 ent=1.390 kl=-0.0025
[upd  204 | steps  104448 | t   65.6s | sps  1592] ret_mean=0.000 ep_len=500.0 pi_loss=-0.015 v_loss=0.000 ent=1.471 kl=0.0029
[upd  205 | steps  104960 | t   65.8s | sps  1596] ret_mean=0.000 ep_len=500.0 pi_loss=-0.007 v_loss=0.000 ent=1.375 kl=0.0013
[upd  206 | steps  105472 | t   65.9s | sps  1600] ret_mean=0.500 ep_len=500.0 pi_loss=-0.004 v_loss=0.002 ent=1.208 kl=0.0043
[upd  207 | steps  105984 | t   66.1s | sps  1604] ret_mean=0.000 ep_len=500.0 pi_loss=-0.011 v_loss=0.013 ent=1.496 kl=0.0036
[upd  208 | steps  106496 | t   66.3s | sps  1607] ret_mean=2.500 ep_len=500.0 pi_loss=-0.010 v_loss=0.000 ent=1.433 kl=0.0130
[upd  209 | steps  107008 | t   66.4s | sps  1611] ret_mean=0.000 ep_len=500.0 pi_loss=-0.008 v_loss=0.001 ent=1.444 kl=0.0086
[upd  210 | steps  107520 | t   66.6s | sps  1615] ret_mean=0.000 ep_len=500.0 pi_loss=-0.011 v_loss=0.000 ent=1.492 kl=0.0042
[upd  211 | steps  108032 | t   66.7s | sps  1619] ret_mean=0.000 ep_len=500.0 pi_loss=-0.008 v_loss=0.001 ent=1.454 kl=0.0097
[upd  212 | steps  108544 | t   66.9s | sps  1622] ret_mean=0.000 ep_len=500.0 pi_loss=-0.006 v_loss=0.001 ent=1.524 kl=0.0030
[upd  213 | steps  109056 | t   67.1s | sps  1626] ret_mean=0.500 ep_len=500.0 pi_loss=-0.005 v_loss=0.000 ent=1.503 kl=-0.0008
[upd  214 | steps  109568 | t   67.2s | sps  1630] ret_mean=0.000 ep_len=500.0 pi_loss=-0.009 v_loss=0.000 ent=1.510 kl=-0.0014
[upd  215 | steps  110080 | t   67.4s | sps  1633] ret_mean=1.000 ep_len=500.0 pi_loss=-0.005 v_loss=0.003 ent=1.488 kl=0.0068
[upd  216 | steps  110592 | t   67.6s | sps  1637] ret_mean=0.000 ep_len=500.0 pi_loss=-0.005 v_loss=0.000 ent=1.529 kl=0.0049
[upd  217 | steps  111104 | t   67.7s | sps  1640] ret_mean=0.000 ep_len=500.0 pi_loss=-0.011 v_loss=0.000 ent=1.444 kl=0.0125
[upd  218 | steps  111616 | t   67.9s | sps  1644] ret_mean=0.000 ep_len=500.0 pi_loss=-0.009 v_loss=0.009 ent=1.487 kl=0.0152
[upd  219 | steps  112128 | t   68.1s | sps  1647] ret_mean=1.500 ep_len=500.0 pi_loss=-0.011 v_loss=0.000 ent=1.509 kl=0.0018
[upd  220 | steps  112640 | t   68.2s | sps  1651] ret_mean=0.000 ep_len=500.0 pi_loss=-0.004 v_loss=0.019 ent=1.467 kl=0.0069
[upd  221 | steps  113152 | t   68.4s | sps  1655] ret_mean=2.500 ep_len=500.0 pi_loss=-0.011 v_loss=0.001 ent=1.479 kl=0.0130
[upd  222 | steps  113664 | t   68.5s | sps  1658] ret_mean=0.000 ep_len=500.0 pi_loss=-0.007 v_loss=0.000 ent=1.517 kl=0.0024
[upd  223 | steps  114176 | t   68.7s | sps  1661] ret_mean=0.000 ep_len=500.0 pi_loss=-0.007 v_loss=0.001 ent=1.530 kl=0.0004
[upd  224 | steps  114688 | t   69.0s | sps  1663] ret_mean=0.500 ep_len=500.0 pi_loss=-0.008 v_loss=0.000 ent=1.539 kl=0.0018
[upd  225 | steps  115200 | t   69.2s | sps  1665] ret_mean=0.000 ep_len=500.0 pi_loss=-0.007 v_loss=0.000 ent=1.533 kl=0.0030
        [eval] ret_mean=0.000 ep_len=500.0
[upd  226 | steps  115712 | t   73.2s | sps  1582] ret_mean=0.000 ep_len=500.0 pi_loss=-0.011 v_loss=0.000 ent=1.527 kl=0.0078
[upd  227 | steps  116224 | t   73.3s | sps  1585] ret_mean=0.000 ep_len=500.0 pi_loss=-0.008 v_loss=0.000 ent=1.489 kl=0.0010
[upd  228 | steps  116736 | t   73.5s | sps  1589] ret_mean=0.000 ep_len=500.0 pi_loss=-0.009 v_loss=0.000 ent=1.457 kl=0.0032
[upd  229 | steps  117248 | t   73.6s | sps  1593] ret_mean=0.000 ep_len=500.0 pi_loss=-0.007 v_loss=0.000 ent=1.436 kl=0.0041
[upd  230 | steps  117760 | t   73.8s | sps  1596] ret_mean=0.000 ep_len=500.0 pi_loss=-0.003 v_loss=0.000 ent=1.436 kl=0.0120
[upd  231 | steps  118272 | t   73.9s | sps  1600] ret_mean=2.000 ep_len=500.0 pi_loss=-0.007 v_loss=0.012 ent=1.451 kl=0.0080
[upd  232 | steps  118784 | t   74.1s | sps  1603] ret_mean=0.000 ep_len=500.0 pi_loss=-0.006 v_loss=0.000 ent=1.460 kl=0.0030
[upd  233 | steps  119296 | t   74.2s | sps  1607] ret_mean=0.500 ep_len=500.0 pi_loss=-0.009 v_loss=0.002 ent=1.429 kl=0.0011
[upd  234 | steps  119808 | t   74.4s | sps  1610] ret_mean=0.000 ep_len=500.0 pi_loss=-0.006 v_loss=0.002 ent=1.472 kl=0.0089
[upd  235 | steps  120320 | t   74.6s | sps  1614] ret_mean=0.500 ep_len=500.0 pi_loss=-0.009 v_loss=0.000 ent=1.489 kl=0.0223
[upd  236 | steps  120832 | t   74.7s | sps  1617] ret_mean=0.500 ep_len=500.0 pi_loss=-0.010 v_loss=0.000 ent=1.458 kl=0.0023
[upd  237 | steps  121344 | t   74.9s | sps  1621] ret_mean=0.000 ep_len=500.0 pi_loss=-0.010 v_loss=0.019 ent=1.449 kl=0.0064
[upd  238 | steps  121856 | t   75.0s | sps  1624] ret_mean=3.000 ep_len=500.0 pi_loss=-0.008 v_loss=0.155 ent=1.446 kl=0.0073
[upd  239 | steps  122368 | t   75.2s | sps  1628] ret_mean=12.500 ep_len=500.0 pi_loss=-0.013 v_loss=0.003 ent=1.421 kl=-0.0019
[upd  240 | steps  122880 | t   75.3s | sps  1631] ret_mean=0.000 ep_len=500.0 pi_loss=-0.005 v_loss=0.001 ent=1.468 kl=0.0032
[upd  241 | steps  123392 | t   75.5s | sps  1635] ret_mean=0.000 ep_len=500.0 pi_loss=-0.008 v_loss=0.000 ent=1.498 kl=0.0049
[upd  242 | steps  123904 | t   75.6s | sps  1638] ret_mean=0.000 ep_len=500.0 pi_loss=-0.008 v_loss=0.001 ent=1.491 kl=0.0025
[upd  243 | steps  124416 | t   75.8s | sps  1642] ret_mean=0.000 ep_len=500.0 pi_loss=-0.009 v_loss=0.001 ent=1.493 kl=0.0096
[upd  244 | steps  124928 | t   75.9s | sps  1645] ret_mean=0.000 ep_len=500.0 pi_loss=-0.003 v_loss=0.000 ent=1.470 kl=0.0020
[upd  245 | steps  125440 | t   76.1s | sps  1648] ret_mean=0.000 ep_len=500.0 pi_loss=-0.005 v_loss=0.000 ent=1.410 kl=0.0088
[upd  246 | steps  125952 | t   76.2s | sps  1652] ret_mean=0.000 ep_len=500.0 pi_loss=-0.008 v_loss=0.000 ent=1.376 kl=0.0012
[upd  247 | steps  126464 | t   76.4s | sps  1656] ret_mean=0.000 ep_len=500.0 pi_loss=-0.007 v_loss=0.000 ent=1.428 kl=0.0109
[upd  248 | steps  126976 | t   76.5s | sps  1659] ret_mean=0.000 ep_len=500.0 pi_loss=-0.006 v_loss=0.000 ent=1.430 kl=0.0015
[upd  249 | steps  127488 | t   76.7s | sps  1662] ret_mean=0.000 ep_len=500.0 pi_loss=-0.010 v_loss=0.000 ent=1.383 kl=0.0005
[upd  250 | steps  128000 | t   76.8s | sps  1666] ret_mean=0.000 ep_len=500.0 pi_loss=-0.011 v_loss=0.339 ent=1.354 kl=0.0061
        [eval] ret_mean=0.000 ep_len=500.0
[upd  251 | steps  128512 | t   80.6s | sps  1594] ret_mean=0.000 ep_len=500.0 pi_loss=-0.002 v_loss=0.000 ent=1.458 kl=0.0006
[upd  252 | steps  129024 | t   80.8s | sps  1597] ret_mean=1.500 ep_len=500.0 pi_loss=-0.005 v_loss=0.014 ent=1.426 kl=0.0021
[upd  253 | steps  129536 | t   80.9s | sps  1601] ret_mean=0.000 ep_len=500.0 pi_loss=-0.009 v_loss=0.001 ent=1.395 kl=0.0058
[upd  254 | steps  130048 | t   81.1s | sps  1604] ret_mean=0.000 ep_len=500.0 pi_loss=-0.005 v_loss=0.000 ent=1.421 kl=0.0017
[upd  255 | steps  130560 | t   81.2s | sps  1607] ret_mean=0.000 ep_len=500.0 pi_loss=-0.003 v_loss=0.000 ent=1.248 kl=0.0024
[upd  256 | steps  131072 | t   81.4s | sps  1611] ret_mean=0.000 ep_len=500.0 pi_loss=-0.006 v_loss=0.000 ent=1.077 kl=0.0011
[upd  257 | steps  131584 | t   81.5s | sps  1614] ret_mean=0.000 ep_len=500.0 pi_loss=-0.012 v_loss=0.454 ent=1.243 kl=0.0098
[upd  258 | steps  132096 | t   81.7s | sps  1618] ret_mean=33.000 ep_len=500.0 pi_loss=-0.007 v_loss=0.528 ent=1.187 kl=0.0088
[upd  259 | steps  132608 | t   81.8s | sps  1621] ret_mean=0.000 ep_len=500.0 pi_loss=-0.005 v_loss=0.003 ent=1.198 kl=0.0008
[upd  260 | steps  133120 | t   82.0s | sps  1624] ret_mean=0.000 ep_len=500.0 pi_loss=-0.009 v_loss=0.003 ent=1.218 kl=0.0055
[upd  261 | steps  133632 | t   82.1s | sps  1628] ret_mean=0.000 ep_len=500.0 pi_loss=-0.004 v_loss=0.000 ent=1.255 kl=0.0022
[upd  262 | steps  134144 | t   82.2s | sps  1631] ret_mean=0.000 ep_len=500.0 pi_loss=-0.006 v_loss=0.001 ent=1.230 kl=0.0023
[upd  263 | steps  134656 | t   82.4s | sps  1634] ret_mean=0.000 ep_len=500.0 pi_loss=-0.007 v_loss=0.000 ent=1.352 kl=0.0067
[upd  264 | steps  135168 | t   82.5s | sps  1638] ret_mean=0.000 ep_len=500.0 pi_loss=-0.004 v_loss=0.043 ent=1.356 kl=0.0061
[upd  265 | steps  135680 | t   82.7s | sps  1641] ret_mean=3.500 ep_len=500.0 pi_loss=-0.004 v_loss=0.000 ent=1.213 kl=0.0007
[upd  266 | steps  136192 | t   82.8s | sps  1644] ret_mean=19.000 ep_len=500.0 pi_loss=-0.009 v_loss=0.692 ent=1.304 kl=0.0112
[upd  267 | steps  136704 | t   83.0s | sps  1647] ret_mean=9.000 ep_len=500.0 pi_loss=-0.006 v_loss=0.094 ent=1.290 kl=0.0049
[upd  268 | steps  137216 | t   83.1s | sps  1650] ret_mean=0.000 ep_len=500.0 pi_loss=-0.009 v_loss=0.043 ent=1.256 kl=0.0024
[upd  269 | steps  137728 | t   83.3s | sps  1654] ret_mean=3.000 ep_len=500.0 pi_loss=-0.006 v_loss=0.001 ent=1.203 kl=0.0011
[upd  270 | steps  138240 | t   83.4s | sps  1657] ret_mean=0.000 ep_len=500.0 pi_loss=-0.011 v_loss=0.411 ent=1.158 kl=0.0037
[upd  271 | steps  138752 | t   83.6s | sps  1660] ret_mean=25.000 ep_len=500.0 pi_loss=-0.003 v_loss=0.327 ent=1.197 kl=0.0038
[upd  272 | steps  139264 | t   83.7s | sps  1663] ret_mean=0.000 ep_len=500.0 pi_loss=-0.002 v_loss=0.003 ent=1.180 kl=0.0052
[upd  273 | steps  139776 | t   83.9s | sps  1667] ret_mean=0.000 ep_len=500.0 pi_loss=-0.003 v_loss=0.002 ent=1.232 kl=0.0009
[upd  274 | steps  140288 | t   84.1s | sps  1669] ret_mean=0.000 ep_len=500.0 pi_loss=-0.005 v_loss=0.001 ent=1.252 kl=0.0022
[upd  275 | steps  140800 | t   84.3s | sps  1671] ret_mean=0.000 ep_len=500.0 pi_loss=-0.011 v_loss=0.001 ent=1.326 kl=0.0051
        [eval] ret_mean=4.167 ep_len=500.0
[upd  276 | steps  141312 | t   87.9s | sps  1607] ret_mean=4.000 ep_len=500.0 pi_loss=-0.008 v_loss=0.073 ent=1.301 kl=0.0095
[upd  277 | steps  141824 | t   88.1s | sps  1610] ret_mean=49.500 ep_len=500.0 pi_loss=-0.007 v_loss=2.386 ent=0.952 kl=0.0031
[upd  278 | steps  142336 | t   88.2s | sps  1613] ret_mean=72.500 ep_len=500.0 pi_loss=-0.005 v_loss=3.019 ent=0.852 kl=0.0179
[upd  279 | steps  142848 | t   88.4s | sps  1616] ret_mean=0.000 ep_len=500.0 pi_loss=-0.010 v_loss=0.002 ent=1.300 kl=0.0022
[upd  280 | steps  143360 | t   88.5s | sps  1619] ret_mean=0.000 ep_len=500.0 pi_loss=-0.007 v_loss=0.001 ent=1.184 kl=0.0030
[upd  281 | steps  143872 | t   88.7s | sps  1622] ret_mean=0.000 ep_len=500.0 pi_loss=-0.001 v_loss=0.000 ent=1.307 kl=0.0024
[upd  282 | steps  144384 | t   88.9s | sps  1625] ret_mean=0.000 ep_len=500.0 pi_loss=-0.009 v_loss=0.001 ent=1.247 kl=0.0055
[upd  283 | steps  144896 | t   89.0s | sps  1628] ret_mean=0.000 ep_len=500.0 pi_loss=-0.003 v_loss=0.000 ent=1.122 kl=0.0021
[upd  284 | steps  145408 | t   89.1s | sps  1631] ret_mean=0.000 ep_len=500.0 pi_loss=-0.007 v_loss=0.000 ent=1.211 kl=0.0142
[upd  285 | steps  145920 | t   89.3s | sps  1634] ret_mean=0.000 ep_len=500.0 pi_loss=-0.003 v_loss=0.000 ent=1.024 kl=0.0025
[upd  286 | steps  146432 | t   89.4s | sps  1637] ret_mean=0.000 ep_len=500.0 pi_loss=-0.010 v_loss=0.000 ent=1.059 kl=0.0084
[upd  287 | steps  146944 | t   89.6s | sps  1640] ret_mean=0.000 ep_len=500.0 pi_loss=-0.006 v_loss=0.000 ent=1.183 kl=-0.0023
[upd  288 | steps  147456 | t   89.7s | sps  1643] ret_mean=0.000 ep_len=500.0 pi_loss=-0.010 v_loss=0.000 ent=1.159 kl=0.0041
[upd  289 | steps  147968 | t   89.9s | sps  1646] ret_mean=0.000 ep_len=500.0 pi_loss=-0.012 v_loss=0.000 ent=1.024 kl=0.0103
[upd  290 | steps  148480 | t   90.0s | sps  1649] ret_mean=0.000 ep_len=500.0 pi_loss=-0.008 v_loss=0.000 ent=1.063 kl=0.0089
[upd  291 | steps  148992 | t   90.2s | sps  1652] ret_mean=0.000 ep_len=500.0 pi_loss=-0.009 v_loss=0.000 ent=1.199 kl=0.0047
[upd  292 | steps  149504 | t   90.3s | sps  1655] ret_mean=0.000 ep_len=500.0 pi_loss=-0.003 v_loss=0.000 ent=1.182 kl=0.0021
[upd  293 | steps  150016 | t   90.5s | sps  1658] ret_mean=0.000 ep_len=500.0 pi_loss=-0.006 v_loss=0.000 ent=0.995 kl=-0.0038
[upd  294 | steps  150528 | t   90.6s | sps  1661] ret_mean=0.000 ep_len=500.0 pi_loss=-0.007 v_loss=0.000 ent=1.085 kl=0.0010
[upd  295 | steps  151040 | t   90.8s | sps  1664] ret_mean=0.000 ep_len=500.0 pi_loss=-0.010 v_loss=0.000 ent=1.141 kl=0.0018
[upd  296 | steps  151552 | t   90.9s | sps  1667] ret_mean=0.000 ep_len=500.0 pi_loss=-0.001 v_loss=0.000 ent=0.890 kl=0.0008
[upd  297 | steps  152064 | t   91.1s | sps  1670] ret_mean=0.000 ep_len=500.0 pi_loss=-0.002 v_loss=0.000 ent=1.039 kl=0.0045
[upd  298 | steps  152576 | t   91.2s | sps  1673] ret_mean=0.000 ep_len=500.0 pi_loss=-0.003 v_loss=0.000 ent=1.081 kl=0.0033
[upd  299 | steps  153088 | t   91.3s | sps  1676] ret_mean=0.000 ep_len=500.0 pi_loss=-0.005 v_loss=0.000 ent=1.006 kl=0.0051
[upd  300 | steps  153600 | t   91.5s | sps  1679] ret_mean=0.000 ep_len=500.0 pi_loss=-0.005 v_loss=0.000 ent=0.876 kl=0.0024
        [eval] ret_mean=0.000 ep_len=500.0
