$ /Users/praneelkhiantani/Downloads/cs2860/.venv/bin/python3 -m policies.train --env rware-medium-2ag-easy-v2 --seed 1 --updates 200 --rollout 512 --eval-every 50 --eval-episodes 10 --log-dir matrix_results/intent_grounded_v1_pilot/rware-medium-2ag-easy-v2 --run-name mappo-comm__baseline__d0__s1 --n-msg-tokens 8 --shape-rewards --pickup-bonus 0.5

[env] EnvSpec(env_id='rware-medium-2ag-easy-v2', n_agents=2, obs_dim=71, n_env_actions=5, noop_action=0, family='rware')  (n_msg_tokens=8)
[cfg] {'clip_range': 0.2, 'value_clip_range': 0.2, 'entropy_coef': 0.01, 'value_coef': 0.5, 'max_grad_norm': 0.5, 'gamma': 0.99, 'gae_lambda': 0.95, 'lr_actor': 0.0003, 'lr_critic': 0.001, 'update_epochs': 4, 'minibatches': 4, 'hidden': 128, 'depth': 2, 'device': 'cpu', 'message_grounding_coef': 0.0, 'extra': {}}
[log] writing to matrix_results/intent_grounded_v1_pilot/rware-medium-2ag-easy-v2/mappo-comm__baseline__d0__s1
[upd    1 | steps     512 | t    1.0s | sps   526] ret_mean=0.000 ep_len=500.0 pi_loss=-0.015 v_loss=0.047 ent=3.685 msg_acc=0.000 kl=0.0071
[upd    2 | steps    1024 | t    1.7s | sps   605] ret_mean=0.500 ep_len=500.0 pi_loss=-0.008 v_loss=0.051 ent=3.664 msg_acc=0.000 kl=0.0099
[upd    3 | steps    1536 | t    2.4s | sps   643] ret_mean=0.000 ep_len=500.0 pi_loss=-0.008 v_loss=0.008 ent=3.676 msg_acc=0.000 kl=0.0027
[upd    4 | steps    2048 | t    3.1s | sps   664] ret_mean=0.000 ep_len=500.0 pi_loss=-0.006 v_loss=0.005 ent=3.650 msg_acc=0.000 kl=0.0056
[upd    5 | steps    2560 | t    4.0s | sps   645] ret_mean=0.000 ep_len=500.0 pi_loss=-0.007 v_loss=0.005 ent=3.625 msg_acc=0.000 kl=0.0068
[upd    6 | steps    3072 | t    4.7s | sps   653] ret_mean=0.500 ep_len=500.0 pi_loss=-0.009 v_loss=0.006 ent=3.656 msg_acc=0.000 kl=0.0052
[upd    7 | steps    3584 | t    5.4s | sps   662] ret_mean=1.000 ep_len=500.0 pi_loss=-0.010 v_loss=0.006 ent=3.630 msg_acc=0.000 kl=0.0023
[upd    8 | steps    4096 | t    6.2s | sps   663] ret_mean=0.000 ep_len=500.0 pi_loss=-0.015 v_loss=0.005 ent=3.648 msg_acc=0.000 kl=0.0036
[upd    9 | steps    4608 | t    7.1s | sps   645] ret_mean=0.000 ep_len=500.0 pi_loss=-0.008 v_loss=0.003 ent=3.639 msg_acc=0.000 kl=0.0121
[upd   10 | steps    5120 | t    8.1s | sps   633] ret_mean=0.000 ep_len=500.0 pi_loss=-0.012 v_loss=0.003 ent=3.611 msg_acc=0.000 kl=0.0174
[upd   11 | steps    5632 | t    8.9s | sps   634] ret_mean=0.500 ep_len=500.0 pi_loss=-0.015 v_loss=0.004 ent=3.618 msg_acc=0.000 kl=0.0138
[upd   12 | steps    6144 | t    9.6s | sps   637] ret_mean=0.000 ep_len=500.0 pi_loss=-0.014 v_loss=0.004 ent=3.619 msg_acc=0.000 kl=0.0084
[upd   13 | steps    6656 | t   10.4s | sps   640] ret_mean=1.000 ep_len=500.0 pi_loss=-0.010 v_loss=0.002 ent=3.560 msg_acc=0.000 kl=0.0123
[upd   14 | steps    7168 | t   11.2s | sps   639] ret_mean=0.000 ep_len=500.0 pi_loss=-0.012 v_loss=0.002 ent=3.561 msg_acc=0.000 kl=0.0181
[upd   15 | steps    7680 | t   12.1s | sps   634] ret_mean=0.000 ep_len=500.0 pi_loss=-0.019 v_loss=0.002 ent=3.526 msg_acc=0.000 kl=0.0204
[upd   16 | steps    8192 | t   13.5s | sps   609] ret_mean=0.000 ep_len=500.0 pi_loss=-0.013 v_loss=0.002 ent=3.504 msg_acc=0.000 kl=0.0200
[upd   17 | steps    8704 | t   14.4s | sps   602] ret_mean=0.000 ep_len=500.0 pi_loss=-0.019 v_loss=0.002 ent=3.546 msg_acc=0.000 kl=0.0175
[upd   18 | steps    9216 | t   15.3s | sps   603] ret_mean=0.000 ep_len=500.0 pi_loss=-0.011 v_loss=0.010 ent=3.500 msg_acc=0.000 kl=0.0054
[upd   19 | steps    9728 | t   16.1s | sps   605] ret_mean=0.000 ep_len=500.0 pi_loss=-0.013 v_loss=0.002 ent=3.500 msg_acc=0.000 kl=-0.0012
[upd   20 | steps   10240 | t   16.8s | sps   608] ret_mean=0.000 ep_len=500.0 pi_loss=-0.013 v_loss=0.002 ent=3.585 msg_acc=0.000 kl=0.0182
[upd   21 | steps   10752 | t   17.7s | sps   607] ret_mean=0.000 ep_len=500.0 pi_loss=-0.010 v_loss=0.011 ent=3.576 msg_acc=0.000 kl=0.0131
[upd   22 | steps   11264 | t   18.6s | sps   607] ret_mean=1.500 ep_len=500.0 pi_loss=-0.011 v_loss=0.002 ent=3.541 msg_acc=0.000 kl=0.0057
[upd   23 | steps   11776 | t   19.3s | sps   610] ret_mean=0.000 ep_len=500.0 pi_loss=-0.013 v_loss=0.001 ent=3.480 msg_acc=0.000 kl=0.0062
[upd   24 | steps   12288 | t   20.3s | sps   607] ret_mean=0.000 ep_len=500.0 pi_loss=-0.012 v_loss=0.001 ent=3.449 msg_acc=0.000 kl=0.0026
[upd   25 | steps   12800 | t   21.6s | sps   591] ret_mean=0.000 ep_len=500.0 pi_loss=-0.017 v_loss=0.002 ent=3.513 msg_acc=0.000 kl=0.0108
[upd   26 | steps   13312 | t   22.6s | sps   590] ret_mean=0.000 ep_len=500.0 pi_loss=-0.012 v_loss=0.002 ent=3.506 msg_acc=0.000 kl=0.0069
[upd   27 | steps   13824 | t   23.3s | sps   594] ret_mean=0.000 ep_len=500.0 pi_loss=-0.011 v_loss=0.010 ent=3.473 msg_acc=0.000 kl=0.0053
[upd   28 | steps   14336 | t   23.9s | sps   600] ret_mean=1.000 ep_len=500.0 pi_loss=-0.013 v_loss=0.003 ent=3.455 msg_acc=0.000 kl=0.0136
[upd   29 | steps   14848 | t   24.5s | sps   605] ret_mean=0.000 ep_len=500.0 pi_loss=-0.014 v_loss=0.004 ent=3.546 msg_acc=0.000 kl=0.0102
[upd   30 | steps   15360 | t   25.2s | sps   609] ret_mean=0.500 ep_len=500.0 pi_loss=-0.012 v_loss=0.001 ent=3.500 msg_acc=0.000 kl=0.0037
[upd   31 | steps   15872 | t   25.9s | sps   613] ret_mean=0.000 ep_len=500.0 pi_loss=-0.006 v_loss=0.003 ent=3.444 msg_acc=0.000 kl=0.0053
[upd   32 | steps   16384 | t   26.5s | sps   617] ret_mean=0.000 ep_len=500.0 pi_loss=-0.012 v_loss=0.012 ent=3.465 msg_acc=0.000 kl=0.0199
[upd   33 | steps   16896 | t   27.2s | sps   622] ret_mean=1.500 ep_len=500.0 pi_loss=-0.010 v_loss=0.001 ent=3.463 msg_acc=0.000 kl=0.0043
[upd   34 | steps   17408 | t   27.8s | sps   626] ret_mean=0.000 ep_len=500.0 pi_loss=-0.017 v_loss=0.002 ent=3.451 msg_acc=0.000 kl=0.0106
[upd   35 | steps   17920 | t   28.5s | sps   629] ret_mean=0.000 ep_len=500.0 pi_loss=-0.011 v_loss=0.002 ent=3.510 msg_acc=0.000 kl=0.0002
[upd   36 | steps   18432 | t   29.2s | sps   632] ret_mean=0.000 ep_len=500.0 pi_loss=-0.015 v_loss=0.001 ent=3.536 msg_acc=0.000 kl=0.0006
[upd   37 | steps   18944 | t   29.8s | sps   635] ret_mean=0.000 ep_len=500.0 pi_loss=-0.014 v_loss=0.001 ent=3.498 msg_acc=0.000 kl=0.0080
[upd   38 | steps   19456 | t   30.7s | sps   633] ret_mean=0.000 ep_len=500.0 pi_loss=-0.011 v_loss=0.002 ent=3.502 msg_acc=0.000 kl=0.0121
[upd   39 | steps   19968 | t   31.4s | sps   635] ret_mean=0.000 ep_len=500.0 pi_loss=-0.013 v_loss=0.001 ent=3.424 msg_acc=0.000 kl=0.0077
[upd   40 | steps   20480 | t   32.1s | sps   638] ret_mean=0.000 ep_len=500.0 pi_loss=-0.014 v_loss=0.001 ent=3.534 msg_acc=0.000 kl=0.0111
[upd   41 | steps   20992 | t   32.7s | sps   642] ret_mean=0.500 ep_len=500.0 pi_loss=-0.011 v_loss=0.000 ent=3.417 msg_acc=0.000 kl=0.0058
[upd   42 | steps   21504 | t   33.3s | sps   645] ret_mean=0.250 ep_len=500.0 pi_loss=-0.015 v_loss=0.002 ent=3.510 msg_acc=0.000 kl=0.0118
[upd   43 | steps   22016 | t   34.0s | sps   648] ret_mean=0.000 ep_len=500.0 pi_loss=-0.015 v_loss=0.001 ent=3.437 msg_acc=0.000 kl=0.0115
[upd   44 | steps   22528 | t   34.6s | sps   652] ret_mean=0.000 ep_len=500.0 pi_loss=-0.010 v_loss=0.001 ent=3.358 msg_acc=0.000 kl=0.0142
[upd   45 | steps   23040 | t   35.2s | sps   655] ret_mean=0.000 ep_len=500.0 pi_loss=-0.015 v_loss=0.000 ent=3.357 msg_acc=0.000 kl=0.0242
[upd   46 | steps   23552 | t   35.8s | sps   658] ret_mean=2.000 ep_len=500.0 pi_loss=-0.006 v_loss=0.025 ent=3.303 msg_acc=0.000 kl=0.0064
[upd   47 | steps   24064 | t   36.4s | sps   661] ret_mean=0.000 ep_len=500.0 pi_loss=-0.013 v_loss=0.001 ent=3.356 msg_acc=0.000 kl=0.0280
[upd   48 | steps   24576 | t   37.1s | sps   663] ret_mean=0.000 ep_len=500.0 pi_loss=-0.013 v_loss=0.001 ent=3.437 msg_acc=0.000 kl=0.0192
[upd   49 | steps   25088 | t   37.7s | sps   666] ret_mean=0.000 ep_len=500.0 pi_loss=-0.011 v_loss=0.001 ent=3.458 msg_acc=0.000 kl=0.0019
[upd   50 | steps   25600 | t   38.3s | sps   668] ret_mean=0.000 ep_len=500.0 pi_loss=-0.007 v_loss=0.001 ent=3.432 msg_acc=0.000 kl=0.0096
        [eval] ret_mean=0.000 ep_len=500.0
[upd   51 | steps   26112 | t   43.7s | sps   598] ret_mean=0.000 ep_len=500.0 pi_loss=-0.012 v_loss=0.001 ent=3.419 msg_acc=0.000 kl=0.0069
[upd   52 | steps   26624 | t   44.3s | sps   601] ret_mean=0.000 ep_len=500.0 pi_loss=-0.009 v_loss=0.001 ent=3.505 msg_acc=0.000 kl=0.0049
[upd   53 | steps   27136 | t   44.9s | sps   605] ret_mean=0.000 ep_len=500.0 pi_loss=-0.009 v_loss=0.001 ent=3.417 msg_acc=0.000 kl=0.0035
[upd   54 | steps   27648 | t   45.5s | sps   608] ret_mean=0.000 ep_len=500.0 pi_loss=-0.014 v_loss=0.001 ent=3.356 msg_acc=0.000 kl=0.0084
[upd   55 | steps   28160 | t   46.1s | sps   610] ret_mean=0.000 ep_len=500.0 pi_loss=-0.016 v_loss=0.001 ent=3.446 msg_acc=0.000 kl=0.0060
[upd   56 | steps   28672 | t   46.7s | sps   613] ret_mean=0.000 ep_len=500.0 pi_loss=-0.014 v_loss=0.001 ent=3.408 msg_acc=0.000 kl=0.0039
[upd   57 | steps   29184 | t   47.4s | sps   616] ret_mean=0.000 ep_len=500.0 pi_loss=-0.015 v_loss=0.004 ent=3.498 msg_acc=0.000 kl=0.0067
[upd   58 | steps   29696 | t   48.0s | sps   619] ret_mean=0.000 ep_len=500.0 pi_loss=-0.011 v_loss=0.002 ent=3.486 msg_acc=0.000 kl=-0.0004
[upd   59 | steps   30208 | t   48.6s | sps   622] ret_mean=0.500 ep_len=500.0 pi_loss=-0.013 v_loss=0.002 ent=3.467 msg_acc=0.000 kl=-0.0058
[upd   60 | steps   30720 | t   49.2s | sps   624] ret_mean=0.000 ep_len=500.0 pi_loss=-0.011 v_loss=0.001 ent=3.577 msg_acc=0.000 kl=0.0054
[upd   61 | steps   31232 | t   49.9s | sps   626] ret_mean=0.500 ep_len=500.0 pi_loss=-0.013 v_loss=0.002 ent=3.528 msg_acc=0.000 kl=0.0079
[upd   62 | steps   31744 | t   50.6s | sps   628] ret_mean=0.000 ep_len=500.0 pi_loss=-0.014 v_loss=0.000 ent=3.422 msg_acc=0.000 kl=0.0076
[upd   63 | steps   32256 | t   51.2s | sps   629] ret_mean=0.000 ep_len=500.0 pi_loss=-0.008 v_loss=0.001 ent=3.456 msg_acc=0.000 kl=0.0024
[upd   64 | steps   32768 | t   52.0s | sps   630] ret_mean=0.000 ep_len=500.0 pi_loss=-0.014 v_loss=0.001 ent=3.349 msg_acc=0.000 kl=0.0162
[upd   65 | steps   33280 | t   52.7s | sps   631] ret_mean=0.000 ep_len=500.0 pi_loss=-0.016 v_loss=0.004 ent=3.386 msg_acc=0.000 kl=0.0114
[upd   66 | steps   33792 | t   53.4s | sps   632] ret_mean=0.000 ep_len=500.0 pi_loss=-0.011 v_loss=0.004 ent=3.520 msg_acc=0.000 kl=0.0159
[upd   67 | steps   34304 | t   54.1s | sps   634] ret_mean=3.000 ep_len=500.0 pi_loss=-0.012 v_loss=0.013 ent=3.606 msg_acc=0.000 kl=0.0093
[upd   68 | steps   34816 | t   54.8s | sps   635] ret_mean=0.000 ep_len=500.0 pi_loss=-0.014 v_loss=0.001 ent=3.560 msg_acc=0.000 kl=0.0063
[upd   69 | steps   35328 | t   55.5s | sps   637] ret_mean=0.000 ep_len=500.0 pi_loss=-0.017 v_loss=0.000 ent=3.452 msg_acc=0.000 kl=0.0098
[upd   70 | steps   35840 | t   56.2s | sps   637] ret_mean=0.000 ep_len=500.0 pi_loss=-0.017 v_loss=0.000 ent=3.487 msg_acc=0.000 kl=0.0172
[upd   71 | steps   36352 | t   56.8s | sps   640] ret_mean=0.000 ep_len=500.0 pi_loss=-0.013 v_loss=0.001 ent=3.462 msg_acc=0.000 kl=0.0027
[upd   72 | steps   36864 | t   57.5s | sps   641] ret_mean=0.000 ep_len=500.0 pi_loss=-0.013 v_loss=0.000 ent=3.357 msg_acc=0.000 kl=0.0098
[upd   73 | steps   37376 | t   58.1s | sps   643] ret_mean=0.000 ep_len=500.0 pi_loss=-0.015 v_loss=0.000 ent=3.443 msg_acc=0.000 kl=0.0137
[upd   74 | steps   37888 | t   58.7s | sps   645] ret_mean=0.000 ep_len=500.0 pi_loss=-0.008 v_loss=0.002 ent=3.429 msg_acc=0.000 kl=0.0031
[upd   75 | steps   38400 | t   59.4s | sps   647] ret_mean=5.000 ep_len=500.0 pi_loss=-0.006 v_loss=0.046 ent=3.326 msg_acc=0.000 kl=0.0095
[upd   76 | steps   38912 | t   60.0s | sps   648] ret_mean=0.000 ep_len=500.0 pi_loss=-0.017 v_loss=0.006 ent=3.423 msg_acc=0.000 kl=0.0182
[upd   77 | steps   39424 | t   60.7s | sps   650] ret_mean=0.000 ep_len=500.0 pi_loss=-0.011 v_loss=0.001 ent=3.500 msg_acc=0.000 kl=0.0073
[upd   78 | steps   39936 | t   61.3s | sps   652] ret_mean=0.000 ep_len=500.0 pi_loss=-0.014 v_loss=0.001 ent=3.490 msg_acc=0.000 kl=0.0000
[upd   79 | steps   40448 | t   61.9s | sps   653] ret_mean=0.000 ep_len=500.0 pi_loss=-0.015 v_loss=0.000 ent=3.435 msg_acc=0.000 kl=0.0065
[upd   80 | steps   40960 | t   62.5s | sps   655] ret_mean=0.000 ep_len=500.0 pi_loss=-0.008 v_loss=0.000 ent=3.476 msg_acc=0.000 kl=0.0016
[upd   81 | steps   41472 | t   63.1s | sps   657] ret_mean=0.000 ep_len=500.0 pi_loss=-0.016 v_loss=0.000 ent=3.495 msg_acc=0.000 kl=0.0115
[upd   82 | steps   41984 | t   63.8s | sps   658] ret_mean=0.000 ep_len=500.0 pi_loss=-0.016 v_loss=0.001 ent=3.327 msg_acc=0.000 kl=0.0111
[upd   83 | steps   42496 | t   64.5s | sps   659] ret_mean=0.000 ep_len=500.0 pi_loss=-0.007 v_loss=0.000 ent=3.281 msg_acc=0.000 kl=0.0157
[upd   84 | steps   43008 | t   65.2s | sps   660] ret_mean=0.000 ep_len=500.0 pi_loss=-0.008 v_loss=0.000 ent=3.401 msg_acc=0.000 kl=0.0058
[upd   85 | steps   43520 | t   65.8s | sps   661] ret_mean=0.000 ep_len=500.0 pi_loss=-0.014 v_loss=0.003 ent=3.566 msg_acc=0.000 kl=0.0045
[upd   86 | steps   44032 | t   66.4s | sps   663] ret_mean=0.500 ep_len=500.0 pi_loss=-0.012 v_loss=0.001 ent=3.422 msg_acc=0.000 kl=0.0069
[upd   87 | steps   44544 | t   67.1s | sps   664] ret_mean=0.000 ep_len=500.0 pi_loss=-0.011 v_loss=0.058 ent=3.378 msg_acc=0.000 kl=-0.0003
[upd   88 | steps   45056 | t   67.8s | sps   665] ret_mean=4.500 ep_len=500.0 pi_loss=-0.010 v_loss=0.002 ent=3.365 msg_acc=0.000 kl=0.0021
[upd   89 | steps   45568 | t   68.4s | sps   666] ret_mean=0.000 ep_len=500.0 pi_loss=-0.009 v_loss=0.001 ent=3.508 msg_acc=0.000 kl=0.0014
[upd   90 | steps   46080 | t   69.1s | sps   667] ret_mean=0.000 ep_len=500.0 pi_loss=-0.012 v_loss=0.001 ent=3.486 msg_acc=0.000 kl=0.0100
[upd   91 | steps   46592 | t   69.8s | sps   668] ret_mean=0.000 ep_len=500.0 pi_loss=-0.010 v_loss=0.000 ent=3.306 msg_acc=0.000 kl=0.0086
[upd   92 | steps   47104 | t   70.4s | sps   669] ret_mean=0.000 ep_len=500.0 pi_loss=-0.014 v_loss=0.001 ent=3.588 msg_acc=0.000 kl=0.0101
[upd   93 | steps   47616 | t   71.0s | sps   670] ret_mean=0.000 ep_len=500.0 pi_loss=-0.014 v_loss=0.000 ent=3.565 msg_acc=0.000 kl=0.0019
[upd   94 | steps   48128 | t   71.8s | sps   670] ret_mean=0.000 ep_len=500.0 pi_loss=-0.014 v_loss=0.001 ent=3.123 msg_acc=0.000 kl=0.0027
[upd   95 | steps   48640 | t   72.5s | sps   671] ret_mean=0.000 ep_len=500.0 pi_loss=-0.016 v_loss=0.000 ent=3.492 msg_acc=0.000 kl=0.0132
[upd   96 | steps   49152 | t   73.1s | sps   672] ret_mean=0.000 ep_len=500.0 pi_loss=-0.014 v_loss=0.006 ent=3.456 msg_acc=0.000 kl=0.0124
[upd   97 | steps   49664 | t   73.7s | sps   674] ret_mean=5.500 ep_len=500.0 pi_loss=-0.015 v_loss=0.035 ent=3.518 msg_acc=0.000 kl=0.0151
[upd   98 | steps   50176 | t   74.4s | sps   675] ret_mean=0.000 ep_len=500.0 pi_loss=-0.013 v_loss=0.004 ent=3.444 msg_acc=0.000 kl=0.0035
[upd   99 | steps   50688 | t   75.1s | sps   675] ret_mean=0.000 ep_len=500.0 pi_loss=-0.014 v_loss=0.006 ent=3.595 msg_acc=0.000 kl=0.0045
[upd  100 | steps   51200 | t   75.7s | sps   677] ret_mean=1.000 ep_len=500.0 pi_loss=-0.015 v_loss=0.000 ent=3.545 msg_acc=0.000 kl=0.0136
        [eval] ret_mean=0.000 ep_len=500.0
[upd  101 | steps   51712 | t   81.4s | sps   635] ret_mean=0.000 ep_len=500.0 pi_loss=-0.009 v_loss=0.001 ent=3.321 msg_acc=0.000 kl=0.0037
[upd  102 | steps   52224 | t   82.1s | sps   636] ret_mean=0.000 ep_len=500.0 pi_loss=-0.010 v_loss=0.001 ent=3.378 msg_acc=0.000 kl=-0.0027
[upd  103 | steps   52736 | t   82.7s | sps   638] ret_mean=0.000 ep_len=500.0 pi_loss=-0.017 v_loss=0.001 ent=3.408 msg_acc=0.000 kl=0.0127
[upd  104 | steps   53248 | t   83.4s | sps   639] ret_mean=0.000 ep_len=500.0 pi_loss=-0.012 v_loss=0.000 ent=3.540 msg_acc=0.000 kl=0.0028
[upd  105 | steps   53760 | t   84.0s | sps   640] ret_mean=0.000 ep_len=500.0 pi_loss=-0.017 v_loss=0.000 ent=3.408 msg_acc=0.000 kl=0.0158
[upd  106 | steps   54272 | t   84.7s | sps   641] ret_mean=0.000 ep_len=500.0 pi_loss=-0.012 v_loss=0.001 ent=3.534 msg_acc=0.000 kl=0.0076
[upd  107 | steps   54784 | t   85.3s | sps   642] ret_mean=0.000 ep_len=500.0 pi_loss=-0.010 v_loss=0.001 ent=3.403 msg_acc=0.000 kl=0.0048
[upd  108 | steps   55296 | t   85.9s | sps   643] ret_mean=0.000 ep_len=500.0 pi_loss=-0.013 v_loss=0.000 ent=3.345 msg_acc=0.000 kl=0.0105
[upd  109 | steps   55808 | t   86.6s | sps   645] ret_mean=0.000 ep_len=500.0 pi_loss=-0.010 v_loss=0.002 ent=3.293 msg_acc=0.000 kl=0.0033
[upd  110 | steps   56320 | t   87.2s | sps   646] ret_mean=0.000 ep_len=500.0 pi_loss=-0.013 v_loss=0.000 ent=3.311 msg_acc=0.000 kl=0.0039
[upd  111 | steps   56832 | t   87.8s | sps   647] ret_mean=0.000 ep_len=500.0 pi_loss=-0.010 v_loss=0.000 ent=3.356 msg_acc=0.000 kl=0.0119
[upd  112 | steps   57344 | t   88.4s | sps   648] ret_mean=0.000 ep_len=500.0 pi_loss=-0.011 v_loss=0.000 ent=3.276 msg_acc=0.000 kl=0.0053
[upd  113 | steps   57856 | t   89.1s | sps   649] ret_mean=0.000 ep_len=500.0 pi_loss=-0.016 v_loss=0.000 ent=3.381 msg_acc=0.000 kl=0.0148
[upd  114 | steps   58368 | t   89.7s | sps   651] ret_mean=0.000 ep_len=500.0 pi_loss=-0.010 v_loss=0.001 ent=3.493 msg_acc=0.000 kl=0.0098
[upd  115 | steps   58880 | t   90.4s | sps   652] ret_mean=0.000 ep_len=500.0 pi_loss=-0.016 v_loss=0.000 ent=3.378 msg_acc=0.000 kl=0.0091
[upd  116 | steps   59392 | t   91.3s | sps   650] ret_mean=0.000 ep_len=500.0 pi_loss=-0.013 v_loss=0.000 ent=3.167 msg_acc=0.000 kl=0.0172
[upd  117 | steps   59904 | t   92.0s | sps   651] ret_mean=0.000 ep_len=500.0 pi_loss=-0.013 v_loss=0.010 ent=3.173 msg_acc=0.000 kl=0.0173
[upd  118 | steps   60416 | t   93.1s | sps   649] ret_mean=6.000 ep_len=500.0 pi_loss=-0.007 v_loss=0.014 ent=3.168 msg_acc=0.000 kl=0.0156
[upd  119 | steps   60928 | t   93.8s | sps   650] ret_mean=0.000 ep_len=500.0 pi_loss=-0.016 v_loss=0.002 ent=3.404 msg_acc=0.000 kl=0.0079
[upd  120 | steps   61440 | t   94.5s | sps   650] ret_mean=0.000 ep_len=500.0 pi_loss=-0.014 v_loss=0.001 ent=3.499 msg_acc=0.000 kl=-0.0008
[upd  121 | steps   61952 | t   95.1s | sps   651] ret_mean=0.000 ep_len=500.0 pi_loss=-0.008 v_loss=0.001 ent=3.372 msg_acc=0.000 kl=0.0059
[upd  122 | steps   62464 | t   95.8s | sps   652] ret_mean=0.000 ep_len=500.0 pi_loss=-0.016 v_loss=0.001 ent=3.323 msg_acc=0.000 kl=0.0124
[upd  123 | steps   62976 | t   96.5s | sps   652] ret_mean=0.000 ep_len=500.0 pi_loss=-0.012 v_loss=0.001 ent=3.363 msg_acc=0.000 kl=0.0098
[upd  124 | steps   63488 | t   97.2s | sps   653] ret_mean=0.000 ep_len=500.0 pi_loss=-0.014 v_loss=0.015 ent=3.448 msg_acc=0.000 kl=0.0049
[upd  125 | steps   64000 | t   97.9s | sps   654] ret_mean=2.000 ep_len=500.0 pi_loss=-0.019 v_loss=0.001 ent=3.503 msg_acc=0.000 kl=0.0054
[upd  126 | steps   64512 | t   98.5s | sps   655] ret_mean=0.000 ep_len=500.0 pi_loss=-0.009 v_loss=0.001 ent=3.428 msg_acc=0.000 kl=0.0076
[upd  127 | steps   65024 | t   99.2s | sps   656] ret_mean=0.000 ep_len=500.0 pi_loss=-0.017 v_loss=0.001 ent=3.397 msg_acc=0.000 kl=0.0118
[upd  128 | steps   65536 | t   99.8s | sps   657] ret_mean=0.000 ep_len=500.0 pi_loss=-0.009 v_loss=0.001 ent=3.451 msg_acc=0.000 kl=0.0053
[upd  129 | steps   66048 | t  100.4s | sps   658] ret_mean=0.000 ep_len=500.0 pi_loss=-0.017 v_loss=0.000 ent=3.468 msg_acc=0.000 kl=-0.0029
[upd  130 | steps   66560 | t  101.0s | sps   659] ret_mean=0.000 ep_len=500.0 pi_loss=-0.012 v_loss=0.000 ent=3.404 msg_acc=0.000 kl=0.0028
[upd  131 | steps   67072 | t  101.7s | sps   660] ret_mean=0.000 ep_len=500.0 pi_loss=-0.016 v_loss=0.000 ent=3.278 msg_acc=0.000 kl=0.0049
[upd  132 | steps   67584 | t  102.3s | sps   661] ret_mean=0.000 ep_len=500.0 pi_loss=-0.008 v_loss=0.021 ent=3.360 msg_acc=0.000 kl=0.0081
[upd  133 | steps   68096 | t  102.9s | sps   661] ret_mean=2.500 ep_len=500.0 pi_loss=-0.013 v_loss=0.000 ent=3.363 msg_acc=0.000 kl=0.0124
[upd  134 | steps   68608 | t  103.7s | sps   662] ret_mean=0.000 ep_len=500.0 pi_loss=-0.011 v_loss=0.000 ent=3.204 msg_acc=0.000 kl=0.0116
[upd  135 | steps   69120 | t  104.5s | sps   662] ret_mean=0.000 ep_len=500.0 pi_loss=-0.015 v_loss=0.000 ent=3.278 msg_acc=0.000 kl=0.0117
[upd  136 | steps   69632 | t  105.2s | sps   662] ret_mean=0.000 ep_len=500.0 pi_loss=-0.010 v_loss=0.000 ent=3.194 msg_acc=0.000 kl=0.0080
[upd  137 | steps   70144 | t  105.8s | sps   663] ret_mean=0.000 ep_len=500.0 pi_loss=-0.009 v_loss=0.000 ent=3.153 msg_acc=0.000 kl=0.0150
[upd  138 | steps   70656 | t  106.4s | sps   664] ret_mean=0.000 ep_len=500.0 pi_loss=-0.009 v_loss=0.000 ent=3.015 msg_acc=0.000 kl=0.0086
[upd  139 | steps   71168 | t  107.0s | sps   665] ret_mean=0.000 ep_len=500.0 pi_loss=-0.015 v_loss=0.155 ent=2.881 msg_acc=0.000 kl=0.0111
[upd  140 | steps   71680 | t  107.6s | sps   666] ret_mean=7.000 ep_len=500.0 pi_loss=-0.008 v_loss=0.001 ent=3.310 msg_acc=0.000 kl=-0.0043
[upd  141 | steps   72192 | t  108.3s | sps   667] ret_mean=0.000 ep_len=500.0 pi_loss=-0.012 v_loss=0.003 ent=2.872 msg_acc=0.000 kl=0.0179
[upd  142 | steps   72704 | t  109.0s | sps   667] ret_mean=1.000 ep_len=500.0 pi_loss=-0.018 v_loss=0.003 ent=3.114 msg_acc=0.000 kl=0.0068
[upd  143 | steps   73216 | t  109.7s | sps   668] ret_mean=0.000 ep_len=500.0 pi_loss=-0.011 v_loss=0.001 ent=3.305 msg_acc=0.000 kl=0.0097
[upd  144 | steps   73728 | t  110.3s | sps   668] ret_mean=0.000 ep_len=500.0 pi_loss=-0.011 v_loss=0.001 ent=3.296 msg_acc=0.000 kl=0.0194
[upd  145 | steps   74240 | t  111.0s | sps   669] ret_mean=0.000 ep_len=500.0 pi_loss=-0.011 v_loss=0.013 ent=3.301 msg_acc=0.000 kl=0.0030
[upd  146 | steps   74752 | t  111.6s | sps   670] ret_mean=1.500 ep_len=500.0 pi_loss=-0.011 v_loss=0.004 ent=3.169 msg_acc=0.000 kl=0.0195
[upd  147 | steps   75264 | t  112.2s | sps   671] ret_mean=0.000 ep_len=500.0 pi_loss=-0.015 v_loss=0.000 ent=3.140 msg_acc=0.000 kl=0.0004
[upd  148 | steps   75776 | t  112.9s | sps   671] ret_mean=0.000 ep_len=500.0 pi_loss=-0.014 v_loss=0.000 ent=3.020 msg_acc=0.000 kl=0.0116
[upd  149 | steps   76288 | t  113.5s | sps   672] ret_mean=0.000 ep_len=500.0 pi_loss=-0.012 v_loss=0.001 ent=3.235 msg_acc=0.000 kl=0.0078
[upd  150 | steps   76800 | t  114.1s | sps   673] ret_mean=1.500 ep_len=500.0 pi_loss=-0.014 v_loss=0.014 ent=3.114 msg_acc=0.000 kl=0.0138
        [eval] ret_mean=0.000 ep_len=500.0
[upd  151 | steps   77312 | t  119.6s | sps   646] ret_mean=0.000 ep_len=500.0 pi_loss=-0.009 v_loss=0.003 ent=3.254 msg_acc=0.000 kl=0.0126
[upd  152 | steps   77824 | t  120.2s | sps   647] ret_mean=18.000 ep_len=500.0 pi_loss=-0.018 v_loss=0.127 ent=3.129 msg_acc=0.000 kl=0.0170
[upd  153 | steps   78336 | t  120.8s | sps   648] ret_mean=2.000 ep_len=500.0 pi_loss=-0.009 v_loss=0.018 ent=3.238 msg_acc=0.000 kl=0.0105
[upd  154 | steps   78848 | t  121.5s | sps   649] ret_mean=0.000 ep_len=500.0 pi_loss=-0.012 v_loss=0.003 ent=2.933 msg_acc=0.000 kl=0.0137
[upd  155 | steps   79360 | t  122.1s | sps   650] ret_mean=0.000 ep_len=500.0 pi_loss=-0.011 v_loss=0.002 ent=3.168 msg_acc=0.000 kl=0.0085
[upd  156 | steps   79872 | t  122.7s | sps   651] ret_mean=0.000 ep_len=500.0 pi_loss=-0.012 v_loss=0.001 ent=3.137 msg_acc=0.000 kl=0.0102
[upd  157 | steps   80384 | t  123.3s | sps   652] ret_mean=2.500 ep_len=500.0 pi_loss=-0.012 v_loss=0.026 ent=3.166 msg_acc=0.000 kl=0.0085
[upd  158 | steps   80896 | t  124.0s | sps   653] ret_mean=0.500 ep_len=500.0 pi_loss=-0.015 v_loss=0.002 ent=3.040 msg_acc=0.000 kl=-0.0034
[upd  159 | steps   81408 | t  124.6s | sps   653] ret_mean=0.000 ep_len=500.0 pi_loss=-0.010 v_loss=0.000 ent=2.939 msg_acc=0.000 kl=0.0137
[upd  160 | steps   81920 | t  125.2s | sps   654] ret_mean=0.000 ep_len=500.0 pi_loss=-0.004 v_loss=0.001 ent=2.897 msg_acc=0.000 kl=0.0115
[upd  161 | steps   82432 | t  125.8s | sps   655] ret_mean=0.000 ep_len=500.0 pi_loss=-0.015 v_loss=0.000 ent=2.979 msg_acc=0.000 kl=0.0154
[upd  162 | steps   82944 | t  126.5s | sps   656] ret_mean=0.000 ep_len=500.0 pi_loss=-0.008 v_loss=0.000 ent=3.255 msg_acc=0.000 kl=-0.0002
[upd  163 | steps   83456 | t  127.1s | sps   657] ret_mean=0.000 ep_len=500.0 pi_loss=-0.016 v_loss=0.001 ent=3.165 msg_acc=0.000 kl=-0.0000
[upd  164 | steps   83968 | t  127.7s | sps   657] ret_mean=0.000 ep_len=500.0 pi_loss=-0.013 v_loss=0.001 ent=2.933 msg_acc=0.000 kl=0.0076
[upd  165 | steps   84480 | t  128.4s | sps   658] ret_mean=0.000 ep_len=500.0 pi_loss=-0.012 v_loss=0.000 ent=2.993 msg_acc=0.000 kl=0.0042
[upd  166 | steps   84992 | t  129.2s | sps   658] ret_mean=0.000 ep_len=500.0 pi_loss=-0.004 v_loss=0.000 ent=3.134 msg_acc=0.000 kl=0.0110
[upd  167 | steps   85504 | t  129.9s | sps   658] ret_mean=0.000 ep_len=500.0 pi_loss=-0.013 v_loss=0.000 ent=3.087 msg_acc=0.000 kl=0.0086
[upd  168 | steps   86016 | t  130.5s | sps   659] ret_mean=0.000 ep_len=500.0 pi_loss=-0.018 v_loss=0.000 ent=3.106 msg_acc=0.000 kl=0.0154
[upd  169 | steps   86528 | t  131.2s | sps   660] ret_mean=0.000 ep_len=500.0 pi_loss=-0.010 v_loss=0.001 ent=3.238 msg_acc=0.000 kl=0.0086
[upd  170 | steps   87040 | t  131.8s | sps   660] ret_mean=0.000 ep_len=500.0 pi_loss=-0.011 v_loss=0.038 ent=3.344 msg_acc=0.000 kl=0.0021
[upd  171 | steps   87552 | t  132.5s | sps   661] ret_mean=8.500 ep_len=500.0 pi_loss=-0.013 v_loss=0.071 ent=3.151 msg_acc=0.000 kl=0.0100
[upd  172 | steps   88064 | t  133.2s | sps   661] ret_mean=0.000 ep_len=500.0 pi_loss=-0.010 v_loss=0.001 ent=3.162 msg_acc=0.000 kl=-0.0021
[upd  173 | steps   88576 | t  133.8s | sps   662] ret_mean=0.000 ep_len=500.0 pi_loss=-0.018 v_loss=0.001 ent=3.270 msg_acc=0.000 kl=0.0111
[upd  174 | steps   89088 | t  134.4s | sps   663] ret_mean=0.000 ep_len=500.0 pi_loss=-0.016 v_loss=0.001 ent=3.289 msg_acc=0.000 kl=0.0109
[upd  175 | steps   89600 | t  135.1s | sps   663] ret_mean=0.000 ep_len=500.0 pi_loss=-0.009 v_loss=0.002 ent=3.200 msg_acc=0.000 kl=-0.0002
[upd  176 | steps   90112 | t  135.7s | sps   664] ret_mean=0.500 ep_len=500.0 pi_loss=-0.013 v_loss=0.001 ent=3.178 msg_acc=0.000 kl=-0.0025
[upd  177 | steps   90624 | t  136.3s | sps   665] ret_mean=0.000 ep_len=500.0 pi_loss=-0.012 v_loss=0.000 ent=3.227 msg_acc=0.000 kl=0.0049
[upd  178 | steps   91136 | t  136.9s | sps   665] ret_mean=0.000 ep_len=500.0 pi_loss=-0.016 v_loss=0.001 ent=3.104 msg_acc=0.000 kl=0.0150
[upd  179 | steps   91648 | t  137.6s | sps   666] ret_mean=0.000 ep_len=500.0 pi_loss=-0.014 v_loss=0.001 ent=3.178 msg_acc=0.000 kl=0.0060
[upd  180 | steps   92160 | t  138.2s | sps   667] ret_mean=0.000 ep_len=500.0 pi_loss=-0.011 v_loss=0.000 ent=3.265 msg_acc=0.000 kl=0.0071
[upd  181 | steps   92672 | t  138.9s | sps   667] ret_mean=2.500 ep_len=500.0 pi_loss=-0.011 v_loss=0.027 ent=3.097 msg_acc=0.000 kl=0.0096
[upd  182 | steps   93184 | t  139.5s | sps   668] ret_mean=0.000 ep_len=500.0 pi_loss=-0.016 v_loss=0.000 ent=3.275 msg_acc=0.000 kl=0.0056
[upd  183 | steps   93696 | t  140.1s | sps   669] ret_mean=0.000 ep_len=500.0 pi_loss=-0.010 v_loss=0.000 ent=2.954 msg_acc=0.000 kl=0.0094
[upd  184 | steps   94208 | t  140.8s | sps   669] ret_mean=0.000 ep_len=500.0 pi_loss=-0.011 v_loss=0.001 ent=2.853 msg_acc=0.000 kl=0.0072
[upd  185 | steps   94720 | t  141.5s | sps   669] ret_mean=0.000 ep_len=500.0 pi_loss=-0.010 v_loss=0.000 ent=2.876 msg_acc=0.000 kl=0.0044
[upd  186 | steps   95232 | t  142.3s | sps   669] ret_mean=0.000 ep_len=500.0 pi_loss=-0.014 v_loss=0.000 ent=2.995 msg_acc=0.000 kl=0.0086
[upd  187 | steps   95744 | t  142.9s | sps   670] ret_mean=0.000 ep_len=500.0 pi_loss=-0.009 v_loss=0.000 ent=3.096 msg_acc=0.000 kl=-0.0018
[upd  188 | steps   96256 | t  143.6s | sps   670] ret_mean=0.000 ep_len=500.0 pi_loss=-0.012 v_loss=0.000 ent=3.024 msg_acc=0.000 kl=0.0102
[upd  189 | steps   96768 | t  144.2s | sps   671] ret_mean=0.000 ep_len=500.0 pi_loss=-0.018 v_loss=0.000 ent=3.156 msg_acc=0.000 kl=0.0080
[upd  190 | steps   97280 | t  144.9s | sps   671] ret_mean=0.000 ep_len=500.0 pi_loss=-0.019 v_loss=0.000 ent=3.316 msg_acc=0.000 kl=0.0082
[upd  191 | steps   97792 | t  145.5s | sps   672] ret_mean=0.000 ep_len=500.0 pi_loss=-0.011 v_loss=0.000 ent=2.921 msg_acc=0.000 kl=0.0023
[upd  192 | steps   98304 | t  146.1s | sps   673] ret_mean=0.000 ep_len=500.0 pi_loss=-0.014 v_loss=0.000 ent=3.081 msg_acc=0.000 kl=0.0111
[upd  193 | steps   98816 | t  146.8s | sps   673] ret_mean=0.000 ep_len=500.0 pi_loss=-0.008 v_loss=0.000 ent=3.043 msg_acc=0.000 kl=0.0023
[upd  194 | steps   99328 | t  147.4s | sps   674] ret_mean=3.000 ep_len=500.0 pi_loss=-0.007 v_loss=0.047 ent=3.040 msg_acc=0.000 kl=0.0040
[upd  195 | steps   99840 | t  148.1s | sps   674] ret_mean=0.000 ep_len=500.0 pi_loss=-0.011 v_loss=0.001 ent=2.894 msg_acc=0.000 kl=0.0076
[upd  196 | steps  100352 | t  148.6s | sps   675] ret_mean=0.000 ep_len=500.0 pi_loss=-0.012 v_loss=0.001 ent=3.193 msg_acc=0.000 kl=0.0003
[upd  197 | steps  100864 | t  149.3s | sps   676] ret_mean=0.000 ep_len=500.0 pi_loss=-0.012 v_loss=0.001 ent=3.020 msg_acc=0.000 kl=0.0096
[upd  198 | steps  101376 | t  150.0s | sps   676] ret_mean=0.000 ep_len=500.0 pi_loss=-0.016 v_loss=0.000 ent=2.929 msg_acc=0.000 kl=0.0032
[upd  199 | steps  101888 | t  150.6s | sps   677] ret_mean=0.000 ep_len=500.0 pi_loss=-0.012 v_loss=0.000 ent=3.121 msg_acc=0.000 kl=0.0098
[upd  200 | steps  102400 | t  151.3s | sps   677] ret_mean=0.000 ep_len=500.0 pi_loss=-0.008 v_loss=0.000 ent=2.492 msg_acc=0.000 kl=0.0121
        [eval] ret_mean=0.000 ep_len=500.0
