$ /Users/samchen/Coding/CLASSES/CS2860/.venv/bin/python3 -m policies.train --env rware-tiny-2ag-easy-v2 --seed 2 --updates 400 --rollout 512 --eval-every 25 --eval-episodes 30 --log-dir matrix_results/diagnostics_v1_sam/comm_2ag/main_tiny --run-name mappo-heartbeat-only__dropout-only__d0__s2 --n-msg-tokens 8 --no-comm --heartbeat --heartbeat-period 1 --heartbeat-max-age-clip 128 --dropout --dropout-window-start 200 --dropout-window-end 350 --shape-rewards --pickup-bonus 0.5

[env] EnvSpec(env_id='rware-tiny-2ag-easy-v2', n_agents=2, obs_dim=73, n_env_actions=5, noop_action=0, family='rware')  (n_msg_tokens=1)
[cfg] {'clip_range': 0.2, 'value_clip_range': 0.2, 'entropy_coef': 0.01, 'value_coef': 0.5, 'max_grad_norm': 0.5, 'gamma': 0.99, 'gae_lambda': 0.95, 'lr_actor': 0.0003, 'lr_critic': 0.001, 'update_epochs': 4, 'minibatches': 4, 'hidden': 128, 'depth': 2, 'device': 'cpu', 'extra': {}}
[log] writing to matrix_results/diagnostics_v1_sam/comm_2ag/main_tiny/mappo-heartbeat-only__dropout-only__d0__s2
[upd    1 | steps     512 | t    0.2s | sps  2970] ret_mean=0.000 ep_len=500.0 pi_loss=-0.005 v_loss=0.026 ent=1.607 kl=0.0010
[upd    2 | steps    1024 | t    0.3s | sps  2959] ret_mean=0.500 ep_len=500.0 pi_loss=-0.006 v_loss=0.013 ent=1.608 kl=0.0007
[upd    3 | steps    1536 | t    0.5s | sps  3007] ret_mean=0.000 ep_len=500.0 pi_loss=-0.003 v_loss=0.008 ent=1.607 kl=0.0010
[upd    4 | steps    2048 | t    0.7s | sps  3010] ret_mean=1.000 ep_len=500.0 pi_loss=-0.003 v_loss=0.008 ent=1.602 kl=0.0046
[upd    5 | steps    2560 | t    0.9s | sps  2861] ret_mean=0.000 ep_len=500.0 pi_loss=-0.010 v_loss=0.005 ent=1.592 kl=0.0011
[upd    6 | steps    3072 | t    1.1s | sps  2917] ret_mean=0.000 ep_len=500.0 pi_loss=-0.004 v_loss=0.007 ent=1.583 kl=0.0019
[upd    7 | steps    3584 | t    1.2s | sps  2932] ret_mean=1.000 ep_len=500.0 pi_loss=-0.005 v_loss=0.004 ent=1.565 kl=0.0026
[upd    8 | steps    4096 | t    1.4s | sps  2943] ret_mean=1.000 ep_len=500.0 pi_loss=-0.005 v_loss=0.006 ent=1.556 kl=0.0042
[upd    9 | steps    4608 | t    1.6s | sps  2957] ret_mean=0.500 ep_len=500.0 pi_loss=-0.004 v_loss=0.003 ent=1.565 kl=-0.0013
[upd   10 | steps    5120 | t    1.7s | sps  2969] ret_mean=0.500 ep_len=500.0 pi_loss=-0.002 v_loss=0.002 ent=1.548 kl=0.0016
[upd   11 | steps    5632 | t    1.9s | sps  2982] ret_mean=1.000 ep_len=500.0 pi_loss=-0.004 v_loss=0.004 ent=1.531 kl=0.0012
[upd   12 | steps    6144 | t    2.1s | sps  2985] ret_mean=0.500 ep_len=500.0 pi_loss=-0.003 v_loss=0.004 ent=1.543 kl=0.0003
[upd   13 | steps    6656 | t    2.2s | sps  2995] ret_mean=1.500 ep_len=500.0 pi_loss=-0.006 v_loss=0.008 ent=1.534 kl=0.0063
[upd   14 | steps    7168 | t    2.4s | sps  2993] ret_mean=2.000 ep_len=500.0 pi_loss=-0.010 v_loss=0.007 ent=1.504 kl=0.0039
[upd   15 | steps    7680 | t    2.6s | sps  2990] ret_mean=0.000 ep_len=500.0 pi_loss=-0.001 v_loss=0.002 ent=1.483 kl=0.0019
[upd   16 | steps    8192 | t    2.7s | sps  2991] ret_mean=1.000 ep_len=500.0 pi_loss=-0.003 v_loss=0.017 ent=1.458 kl=0.0008
[upd   17 | steps    8704 | t    2.9s | sps  2996] ret_mean=1.500 ep_len=500.0 pi_loss=-0.009 v_loss=0.005 ent=1.501 kl=0.0049
[upd   18 | steps    9216 | t    3.1s | sps  2993] ret_mean=0.000 ep_len=500.0 pi_loss=-0.008 v_loss=0.004 ent=1.516 kl=0.0012
[upd   19 | steps    9728 | t    3.2s | sps  2994] ret_mean=4.000 ep_len=500.0 pi_loss=-0.002 v_loss=0.023 ent=1.501 kl=-0.0009
[upd   20 | steps   10240 | t    3.4s | sps  2995] ret_mean=0.000 ep_len=500.0 pi_loss=-0.004 v_loss=0.002 ent=1.497 kl=0.0029
[upd   21 | steps   10752 | t    3.6s | sps  2997] ret_mean=0.000 ep_len=500.0 pi_loss=-0.005 v_loss=0.002 ent=1.499 kl=0.0026
[upd   22 | steps   11264 | t    3.8s | sps  2998] ret_mean=0.000 ep_len=500.0 pi_loss=-0.004 v_loss=0.005 ent=1.522 kl=0.0017
[upd   23 | steps   11776 | t    3.9s | sps  2996] ret_mean=2.000 ep_len=500.0 pi_loss=-0.005 v_loss=0.011 ent=1.460 kl=0.0008
[upd   24 | steps   12288 | t    4.1s | sps  2997] ret_mean=2.000 ep_len=500.0 pi_loss=-0.006 v_loss=0.003 ent=1.492 kl=0.0063
[upd   25 | steps   12800 | t    4.3s | sps  2996] ret_mean=0.000 ep_len=500.0 pi_loss=-0.005 v_loss=0.002 ent=1.440 kl=0.0047
        [eval] ret_mean=0.000 ep_len=500.0
[upd   26 | steps   13312 | t    8.6s | sps  1550] ret_mean=0.000 ep_len=500.0 pi_loss=-0.002 v_loss=0.002 ent=1.456 kl=0.0031
[upd   27 | steps   13824 | t    8.8s | sps  1579] ret_mean=0.000 ep_len=500.0 pi_loss=-0.006 v_loss=0.002 ent=1.487 kl=0.0064
[upd   28 | steps   14336 | t    8.9s | sps  1606] ret_mean=0.000 ep_len=500.0 pi_loss=-0.006 v_loss=0.002 ent=1.388 kl=0.0074
[upd   29 | steps   14848 | t    9.1s | sps  1632] ret_mean=0.500 ep_len=500.0 pi_loss=-0.007 v_loss=0.008 ent=1.433 kl=0.0033
[upd   30 | steps   15360 | t    9.3s | sps  1658] ret_mean=1.000 ep_len=500.0 pi_loss=-0.005 v_loss=0.002 ent=1.454 kl=0.0021
[upd   31 | steps   15872 | t    9.4s | sps  1681] ret_mean=0.000 ep_len=500.0 pi_loss=-0.009 v_loss=0.001 ent=1.456 kl=0.0075
[upd   32 | steps   16384 | t    9.6s | sps  1705] ret_mean=2.000 ep_len=500.0 pi_loss=-0.006 v_loss=0.066 ent=1.483 kl=0.0008
[upd   33 | steps   16896 | t    9.8s | sps  1729] ret_mean=5.000 ep_len=500.0 pi_loss=-0.007 v_loss=0.002 ent=1.447 kl=0.0056
[upd   34 | steps   17408 | t    9.9s | sps  1752] ret_mean=0.500 ep_len=500.0 pi_loss=-0.003 v_loss=0.004 ent=1.484 kl=0.0002
[upd   35 | steps   17920 | t   10.1s | sps  1773] ret_mean=0.500 ep_len=500.0 pi_loss=-0.004 v_loss=0.017 ent=1.458 kl=0.0030
[upd   36 | steps   18432 | t   10.3s | sps  1794] ret_mean=2.000 ep_len=500.0 pi_loss=-0.002 v_loss=0.003 ent=1.444 kl=0.0015
[upd   37 | steps   18944 | t   10.4s | sps  1814] ret_mean=0.500 ep_len=500.0 pi_loss=-0.011 v_loss=0.003 ent=1.360 kl=0.0157
[upd   38 | steps   19456 | t   10.6s | sps  1833] ret_mean=0.500 ep_len=500.0 pi_loss=-0.003 v_loss=0.002 ent=1.521 kl=0.0011
[upd   39 | steps   19968 | t   10.8s | sps  1852] ret_mean=0.000 ep_len=500.0 pi_loss=-0.001 v_loss=0.033 ent=1.393 kl=0.0030
[upd   40 | steps   20480 | t   10.9s | sps  1871] ret_mean=6.500 ep_len=500.0 pi_loss=-0.005 v_loss=0.044 ent=1.345 kl=0.0019
[upd   41 | steps   20992 | t   11.1s | sps  1889] ret_mean=1.500 ep_len=500.0 pi_loss=-0.007 v_loss=0.002 ent=1.323 kl=0.0037
[upd   42 | steps   21504 | t   11.3s | sps  1907] ret_mean=0.000 ep_len=500.0 pi_loss=-0.002 v_loss=0.019 ent=1.218 kl=0.0005
[upd   43 | steps   22016 | t   11.4s | sps  1923] ret_mean=2.500 ep_len=500.0 pi_loss=-0.004 v_loss=0.002 ent=1.272 kl=0.0080
[upd   44 | steps   22528 | t   11.6s | sps  1940] ret_mean=0.000 ep_len=500.0 pi_loss=-0.006 v_loss=0.008 ent=1.302 kl=0.0050
[upd   45 | steps   23040 | t   11.8s | sps  1955] ret_mean=9.000 ep_len=500.0 pi_loss=-0.002 v_loss=0.057 ent=1.220 kl=0.0056
[upd   46 | steps   23552 | t   11.9s | sps  1971] ret_mean=0.000 ep_len=500.0 pi_loss=-0.006 v_loss=0.007 ent=1.262 kl=0.0005
[upd   47 | steps   24064 | t   12.1s | sps  1986] ret_mean=2.000 ep_len=500.0 pi_loss=-0.003 v_loss=0.001 ent=1.196 kl=0.0033
[upd   48 | steps   24576 | t   12.3s | sps  2002] ret_mean=0.000 ep_len=500.0 pi_loss=-0.002 v_loss=0.113 ent=1.299 kl=0.0035
[upd   49 | steps   25088 | t   12.4s | sps  2015] ret_mean=9.000 ep_len=500.0 pi_loss=-0.003 v_loss=0.001 ent=1.248 kl=0.0051
[upd   50 | steps   25600 | t   12.6s | sps  2029] ret_mean=0.000 ep_len=500.0 pi_loss=-0.009 v_loss=0.003 ent=1.201 kl=0.0091
        [eval] ret_mean=4.167 ep_len=500.0
[upd   51 | steps   26112 | t   16.7s | sps  1565] ret_mean=3.000 ep_len=500.0 pi_loss=-0.002 v_loss=0.023 ent=1.150 kl=-0.0035
[upd   52 | steps   26624 | t   16.9s | sps  1579] ret_mean=0.000 ep_len=500.0 pi_loss=-0.007 v_loss=0.002 ent=1.224 kl=0.0060
[upd   53 | steps   27136 | t   17.0s | sps  1594] ret_mean=0.000 ep_len=500.0 pi_loss=-0.003 v_loss=0.005 ent=1.122 kl=0.0011
[upd   54 | steps   27648 | t   17.2s | sps  1609] ret_mean=5.500 ep_len=500.0 pi_loss=-0.007 v_loss=0.106 ent=1.145 kl=0.0014
[upd   55 | steps   28160 | t   17.4s | sps  1623] ret_mean=0.000 ep_len=500.0 pi_loss=-0.003 v_loss=0.005 ent=1.063 kl=0.0103
[upd   56 | steps   28672 | t   17.5s | sps  1636] ret_mean=1.000 ep_len=500.0 pi_loss=-0.006 v_loss=0.018 ent=1.015 kl=-0.0066
[upd   57 | steps   29184 | t   17.7s | sps  1650] ret_mean=11.500 ep_len=500.0 pi_loss=-0.007 v_loss=0.245 ent=1.039 kl=0.0073
[upd   58 | steps   29696 | t   17.9s | sps  1663] ret_mean=0.000 ep_len=500.0 pi_loss=-0.001 v_loss=0.004 ent=1.063 kl=0.0068
[upd   59 | steps   30208 | t   18.0s | sps  1675] ret_mean=0.000 ep_len=500.0 pi_loss=-0.004 v_loss=0.002 ent=0.968 kl=0.0058
[upd   60 | steps   30720 | t   18.2s | sps  1687] ret_mean=6.500 ep_len=500.0 pi_loss=-0.005 v_loss=0.236 ent=0.992 kl=0.0107
[upd   61 | steps   31232 | t   18.4s | sps  1699] ret_mean=8.500 ep_len=500.0 pi_loss=-0.005 v_loss=0.005 ent=1.028 kl=0.0076
[upd   62 | steps   31744 | t   18.6s | sps  1711] ret_mean=0.500 ep_len=500.0 pi_loss=-0.007 v_loss=0.004 ent=1.175 kl=0.0080
[upd   63 | steps   32256 | t   18.7s | sps  1723] ret_mean=0.000 ep_len=500.0 pi_loss=-0.006 v_loss=0.003 ent=1.106 kl=0.0022
[upd   64 | steps   32768 | t   18.9s | sps  1733] ret_mean=0.000 ep_len=500.0 pi_loss=-0.007 v_loss=0.043 ent=1.148 kl=0.0048
[upd   65 | steps   33280 | t   19.1s | sps  1742] ret_mean=5.000 ep_len=500.0 pi_loss=-0.004 v_loss=0.227 ent=1.119 kl=0.0027
[upd   66 | steps   33792 | t   19.3s | sps  1754] ret_mean=10.000 ep_len=500.0 pi_loss=-0.006 v_loss=0.014 ent=1.099 kl=0.0047
[upd   67 | steps   34304 | t   19.4s | sps  1765] ret_mean=8.000 ep_len=500.0 pi_loss=-0.004 v_loss=0.287 ent=1.175 kl=0.0005
[upd   68 | steps   34816 | t   19.6s | sps  1775] ret_mean=18.500 ep_len=500.0 pi_loss=-0.005 v_loss=0.175 ent=1.063 kl=0.0027
[upd   69 | steps   35328 | t   19.8s | sps  1786] ret_mean=6.500 ep_len=500.0 pi_loss=-0.004 v_loss=0.032 ent=1.217 kl=0.0040
[upd   70 | steps   35840 | t   19.9s | sps  1797] ret_mean=10.000 ep_len=500.0 pi_loss=-0.006 v_loss=0.095 ent=1.188 kl=0.0032
[upd   71 | steps   36352 | t   20.1s | sps  1807] ret_mean=2.000 ep_len=500.0 pi_loss=-0.002 v_loss=0.005 ent=1.293 kl=0.0000
[upd   72 | steps   36864 | t   20.3s | sps  1818] ret_mean=0.000 ep_len=500.0 pi_loss=0.001 v_loss=0.363 ent=1.161 kl=0.0007
[upd   73 | steps   37376 | t   20.4s | sps  1828] ret_mean=12.500 ep_len=500.0 pi_loss=-0.007 v_loss=0.297 ent=0.992 kl=-0.0008
[upd   74 | steps   37888 | t   20.6s | sps  1839] ret_mean=13.500 ep_len=500.0 pi_loss=-0.003 v_loss=0.313 ent=1.081 kl=0.0033
[upd   75 | steps   38400 | t   20.8s | sps  1849] ret_mean=56.500 ep_len=500.0 pi_loss=-0.005 v_loss=1.683 ent=0.814 kl=0.0080
        [eval] ret_mean=5.917 ep_len=500.0
[upd   76 | steps   38912 | t   25.0s | sps  1557] ret_mean=4.000 ep_len=500.0 pi_loss=-0.007 v_loss=0.074 ent=1.107 kl=0.0058
[upd   77 | steps   39424 | t   25.2s | sps  1564] ret_mean=4.500 ep_len=500.0 pi_loss=-0.008 v_loss=0.089 ent=1.044 kl=0.0041
[upd   78 | steps   39936 | t   25.4s | sps  1572] ret_mean=0.000 ep_len=500.0 pi_loss=-0.001 v_loss=0.019 ent=1.214 kl=0.0028
[upd   79 | steps   40448 | t   25.6s | sps  1582] ret_mean=0.000 ep_len=500.0 pi_loss=-0.006 v_loss=0.011 ent=1.108 kl=0.0100
[upd   80 | steps   40960 | t   25.7s | sps  1592] ret_mean=0.000 ep_len=500.0 pi_loss=-0.002 v_loss=0.010 ent=1.165 kl=0.0087
[upd   81 | steps   41472 | t   25.9s | sps  1601] ret_mean=1.500 ep_len=500.0 pi_loss=-0.009 v_loss=0.017 ent=1.124 kl=0.0137
[upd   82 | steps   41984 | t   26.1s | sps  1609] ret_mean=11.500 ep_len=500.0 pi_loss=-0.005 v_loss=0.272 ent=1.184 kl=0.0065
[upd   83 | steps   42496 | t   26.3s | sps  1618] ret_mean=0.000 ep_len=500.0 pi_loss=-0.002 v_loss=0.003 ent=1.169 kl=-0.0012
[upd   84 | steps   43008 | t   26.4s | sps  1626] ret_mean=0.000 ep_len=500.0 pi_loss=-0.009 v_loss=0.235 ent=1.061 kl=0.0031
[upd   85 | steps   43520 | t   26.6s | sps  1635] ret_mean=31.000 ep_len=500.0 pi_loss=-0.010 v_loss=0.549 ent=1.101 kl=0.0002
[upd   86 | steps   44032 | t   26.8s | sps  1643] ret_mean=0.000 ep_len=500.0 pi_loss=-0.010 v_loss=0.195 ent=0.844 kl=0.0212
[upd   87 | steps   44544 | t   27.0s | sps  1651] ret_mean=10.000 ep_len=500.0 pi_loss=-0.006 v_loss=1.274 ent=1.032 kl=0.0110
[upd   88 | steps   45056 | t   27.1s | sps  1660] ret_mean=53.500 ep_len=500.0 pi_loss=-0.004 v_loss=0.958 ent=0.702 kl=0.0029
[upd   89 | steps   45568 | t   27.3s | sps  1669] ret_mean=13.000 ep_len=500.0 pi_loss=-0.009 v_loss=0.186 ent=0.936 kl=0.0069
[upd   90 | steps   46080 | t   27.5s | sps  1677] ret_mean=0.000 ep_len=500.0 pi_loss=-0.002 v_loss=0.010 ent=1.156 kl=0.0039
[upd   91 | steps   46592 | t   27.7s | sps  1684] ret_mean=0.000 ep_len=500.0 pi_loss=-0.005 v_loss=0.007 ent=1.032 kl=0.0070
[upd   92 | steps   47104 | t   27.9s | sps  1691] ret_mean=0.000 ep_len=500.0 pi_loss=-0.006 v_loss=0.006 ent=1.044 kl=0.0040
[upd   93 | steps   47616 | t   28.0s | sps  1699] ret_mean=0.000 ep_len=500.0 pi_loss=-0.001 v_loss=0.002 ent=1.040 kl=0.0081
[upd   94 | steps   48128 | t   28.2s | sps  1707] ret_mean=0.000 ep_len=500.0 pi_loss=-0.007 v_loss=0.004 ent=1.032 kl=0.0070
[upd   95 | steps   48640 | t   28.4s | sps  1714] ret_mean=0.000 ep_len=500.0 pi_loss=-0.001 v_loss=0.002 ent=1.100 kl=0.0086
[upd   96 | steps   49152 | t   28.5s | sps  1722] ret_mean=0.000 ep_len=500.0 pi_loss=-0.006 v_loss=0.001 ent=1.075 kl=0.0010
[upd   97 | steps   49664 | t   28.7s | sps  1730] ret_mean=0.000 ep_len=500.0 pi_loss=-0.002 v_loss=0.001 ent=1.025 kl=0.0055
[upd   98 | steps   50176 | t   28.9s | sps  1737] ret_mean=0.000 ep_len=500.0 pi_loss=-0.003 v_loss=0.605 ent=0.979 kl=0.0124
[upd   99 | steps   50688 | t   29.0s | sps  1745] ret_mean=59.500 ep_len=500.0 pi_loss=-0.009 v_loss=3.795 ent=0.679 kl=0.0056
[upd  100 | steps   51200 | t   29.2s | sps  1754] ret_mean=12.500 ep_len=500.0 pi_loss=-0.004 v_loss=0.233 ent=0.959 kl=0.0035
        [eval] ret_mean=8.317 ep_len=500.0
[upd  101 | steps   51712 | t   33.4s | sps  1547] ret_mean=0.000 ep_len=500.0 pi_loss=-0.005 v_loss=0.008 ent=1.141 kl=0.0173
[upd  102 | steps   52224 | t   33.6s | sps  1554] ret_mean=51.000 ep_len=500.0 pi_loss=-0.004 v_loss=2.116 ent=0.782 kl=0.0080
[upd  103 | steps   52736 | t   33.8s | sps  1560] ret_mean=7.500 ep_len=500.0 pi_loss=-0.009 v_loss=0.059 ent=0.885 kl=0.0142
[upd  104 | steps   53248 | t   34.0s | sps  1568] ret_mean=110.000 ep_len=500.0 pi_loss=-0.005 v_loss=6.131 ent=0.489 kl=-0.0036
[upd  105 | steps   53760 | t   34.1s | sps  1575] ret_mean=0.000 ep_len=500.0 pi_loss=-0.007 v_loss=0.006 ent=1.056 kl=0.0027
[upd  106 | steps   54272 | t   34.3s | sps  1583] ret_mean=0.000 ep_len=500.0 pi_loss=-0.010 v_loss=0.104 ent=0.830 kl=0.0072
[upd  107 | steps   54784 | t   34.4s | sps  1590] ret_mean=24.000 ep_len=500.0 pi_loss=-0.004 v_loss=1.800 ent=0.945 kl=0.0031
[upd  108 | steps   55296 | t   34.6s | sps  1597] ret_mean=42.500 ep_len=500.0 pi_loss=-0.007 v_loss=0.580 ent=0.827 kl=0.0056
[upd  109 | steps   55808 | t   34.8s | sps  1603] ret_mean=0.000 ep_len=500.0 pi_loss=-0.003 v_loss=0.029 ent=0.842 kl=0.0012
[upd  110 | steps   56320 | t   35.0s | sps  1609] ret_mean=0.000 ep_len=500.0 pi_loss=-0.005 v_loss=1.363 ent=0.861 kl=0.0059
[upd  111 | steps   56832 | t   35.2s | sps  1616] ret_mean=116.500 ep_len=500.0 pi_loss=-0.004 v_loss=5.510 ent=0.319 kl=0.0081
[upd  112 | steps   57344 | t   35.3s | sps  1623] ret_mean=27.500 ep_len=500.0 pi_loss=-0.006 v_loss=0.071 ent=0.764 kl=-0.0016
[upd  113 | steps   57856 | t   35.5s | sps  1628] ret_mean=0.000 ep_len=500.0 pi_loss=-0.005 v_loss=0.103 ent=1.018 kl=-0.0010
[upd  114 | steps   58368 | t   35.7s | sps  1634] ret_mean=8.500 ep_len=500.0 pi_loss=-0.010 v_loss=0.113 ent=0.993 kl=0.0062
[upd  115 | steps   58880 | t   35.9s | sps  1641] ret_mean=6.000 ep_len=500.0 pi_loss=-0.003 v_loss=0.226 ent=0.940 kl=0.0021
[upd  116 | steps   59392 | t   36.1s | sps  1647] ret_mean=55.000 ep_len=500.0 pi_loss=-0.004 v_loss=1.598 ent=0.776 kl=0.0141
[upd  117 | steps   59904 | t   36.2s | sps  1653] ret_mean=28.000 ep_len=500.0 pi_loss=-0.007 v_loss=1.353 ent=0.555 kl=0.0070
[upd  118 | steps   60416 | t   36.4s | sps  1660] ret_mean=0.000 ep_len=500.0 pi_loss=0.000 v_loss=0.040 ent=0.914 kl=0.0070
[upd  119 | steps   60928 | t   36.5s | sps  1667] ret_mean=0.000 ep_len=500.0 pi_loss=-0.006 v_loss=1.716 ent=0.574 kl=-0.0044
[upd  120 | steps   61440 | t   36.7s | sps  1674] ret_mean=103.000 ep_len=500.0 pi_loss=-0.005 v_loss=7.150 ent=0.294 kl=0.0092
[upd  121 | steps   61952 | t   36.9s | sps  1681] ret_mean=80.000 ep_len=500.0 pi_loss=-0.002 v_loss=0.248 ent=0.626 kl=0.0041
[upd  122 | steps   62464 | t   37.0s | sps  1687] ret_mean=0.000 ep_len=500.0 pi_loss=-0.001 v_loss=0.035 ent=0.632 kl=0.0033
[upd  123 | steps   62976 | t   37.2s | sps  1694] ret_mean=0.000 ep_len=500.0 pi_loss=-0.002 v_loss=0.029 ent=0.609 kl=0.0042
[upd  124 | steps   63488 | t   37.3s | sps  1700] ret_mean=11.000 ep_len=500.0 pi_loss=-0.005 v_loss=0.283 ent=0.857 kl=0.0109
[upd  125 | steps   64000 | t   37.5s | sps  1705] ret_mean=0.000 ep_len=500.0 pi_loss=-0.005 v_loss=0.025 ent=0.921 kl=0.0077
        [eval] ret_mean=7.583 ep_len=500.0
[upd  126 | steps   64512 | t   41.7s | sps  1547] ret_mean=2.000 ep_len=500.0 pi_loss=-0.006 v_loss=0.024 ent=0.349 kl=0.0067
[upd  127 | steps   65024 | t   41.9s | sps  1553] ret_mean=2.000 ep_len=500.0 pi_loss=0.000 v_loss=0.022 ent=0.521 kl=0.0035
[upd  128 | steps   65536 | t   42.0s | sps  1559] ret_mean=0.000 ep_len=500.0 pi_loss=-0.005 v_loss=0.004 ent=0.404 kl=0.0091
[upd  129 | steps   66048 | t   42.2s | sps  1565] ret_mean=0.000 ep_len=500.0 pi_loss=0.002 v_loss=0.481 ent=0.406 kl=0.0017
[upd  130 | steps   66560 | t   42.3s | sps  1572] ret_mean=155.000 ep_len=500.0 pi_loss=-0.007 v_loss=10.484 ent=0.441 kl=0.0207
[upd  131 | steps   67072 | t   42.5s | sps  1578] ret_mean=51.000 ep_len=500.0 pi_loss=-0.002 v_loss=2.605 ent=0.604 kl=0.0050
[upd  132 | steps   67584 | t   42.7s | sps  1583] ret_mean=111.500 ep_len=500.0 pi_loss=-0.006 v_loss=3.671 ent=0.512 kl=0.0008
[upd  133 | steps   68096 | t   42.9s | sps  1589] ret_mean=12.500 ep_len=500.0 pi_loss=-0.003 v_loss=0.194 ent=0.403 kl=0.0116
[upd  134 | steps   68608 | t   43.0s | sps  1595] ret_mean=46.000 ep_len=500.0 pi_loss=-0.002 v_loss=1.974 ent=0.452 kl=0.0030
[upd  135 | steps   69120 | t   43.2s | sps  1601] ret_mean=12.500 ep_len=500.0 pi_loss=-0.005 v_loss=0.458 ent=0.663 kl=0.0006
[upd  136 | steps   69632 | t   43.3s | sps  1606] ret_mean=84.000 ep_len=500.0 pi_loss=-0.005 v_loss=3.661 ent=0.446 kl=0.0152
[upd  137 | steps   70144 | t   43.5s | sps  1612] ret_mean=0.000 ep_len=500.0 pi_loss=-0.005 v_loss=0.050 ent=0.832 kl=0.0055
[upd  138 | steps   70656 | t   43.7s | sps  1618] ret_mean=0.000 ep_len=500.0 pi_loss=-0.005 v_loss=1.616 ent=0.887 kl=-0.0012
[upd  139 | steps   71168 | t   43.8s | sps  1623] ret_mean=81.000 ep_len=500.0 pi_loss=-0.001 v_loss=1.741 ent=0.735 kl=0.0126
[upd  140 | steps   71680 | t   44.0s | sps  1629] ret_mean=0.000 ep_len=500.0 pi_loss=-0.005 v_loss=0.171 ent=0.355 kl=0.0069
[upd  141 | steps   72192 | t   44.2s | sps  1634] ret_mean=33.000 ep_len=500.0 pi_loss=-0.007 v_loss=1.915 ent=0.393 kl=0.0099
[upd  142 | steps   72704 | t   44.4s | sps  1639] ret_mean=100.000 ep_len=500.0 pi_loss=-0.005 v_loss=4.711 ent=0.301 kl=0.0036
[upd  143 | steps   73216 | t   44.5s | sps  1644] ret_mean=36.500 ep_len=500.0 pi_loss=-0.002 v_loss=0.118 ent=0.482 kl=0.0072
[upd  144 | steps   73728 | t   44.7s | sps  1649] ret_mean=2.500 ep_len=500.0 pi_loss=-0.003 v_loss=0.034 ent=0.275 kl=0.0018
[upd  145 | steps   74240 | t   44.9s | sps  1654] ret_mean=0.000 ep_len=500.0 pi_loss=-0.006 v_loss=0.039 ent=0.523 kl=0.0012
[upd  146 | steps   74752 | t   45.1s | sps  1659] ret_mean=0.000 ep_len=500.0 pi_loss=-0.005 v_loss=0.035 ent=0.362 kl=0.0041
[upd  147 | steps   75264 | t   45.2s | sps  1664] ret_mean=0.000 ep_len=500.0 pi_loss=-0.001 v_loss=2.427 ent=0.374 kl=0.0019
[upd  148 | steps   75776 | t   45.4s | sps  1669] ret_mean=48.500 ep_len=500.0 pi_loss=-0.005 v_loss=3.268 ent=0.339 kl=0.0046
[upd  149 | steps   76288 | t   45.6s | sps  1674] ret_mean=122.000 ep_len=500.0 pi_loss=-0.001 v_loss=5.586 ent=0.125 kl=-0.0003
[upd  150 | steps   76800 | t   45.7s | sps  1679] ret_mean=80.000 ep_len=500.0 pi_loss=-0.002 v_loss=0.244 ent=0.243 kl=0.0061
        [eval] ret_mean=8.583 ep_len=500.0
[upd  151 | steps   77312 | t   49.6s | sps  1558] ret_mean=0.000 ep_len=500.0 pi_loss=-0.002 v_loss=0.039 ent=0.174 kl=0.0009
[upd  152 | steps   77824 | t   49.8s | sps  1564] ret_mean=28.000 ep_len=500.0 pi_loss=-0.004 v_loss=0.965 ent=0.584 kl=0.0087
[upd  153 | steps   78336 | t   49.9s | sps  1570] ret_mean=161.500 ep_len=500.0 pi_loss=-0.002 v_loss=13.443 ent=0.110 kl=-0.0014
[upd  154 | steps   78848 | t   50.1s | sps  1575] ret_mean=0.000 ep_len=500.0 pi_loss=-0.001 v_loss=0.048 ent=0.250 kl=0.0002
[upd  155 | steps   79360 | t   50.2s | sps  1581] ret_mean=59.000 ep_len=500.0 pi_loss=-0.001 v_loss=3.112 ent=0.394 kl=0.0022
[upd  156 | steps   79872 | t   50.4s | sps  1586] ret_mean=46.000 ep_len=500.0 pi_loss=-0.003 v_loss=1.164 ent=0.314 kl=0.0038
[upd  157 | steps   80384 | t   50.5s | sps  1592] ret_mean=0.000 ep_len=500.0 pi_loss=-0.003 v_loss=0.098 ent=0.666 kl=-0.0021
[upd  158 | steps   80896 | t   50.7s | sps  1597] ret_mean=25.000 ep_len=500.0 pi_loss=-0.005 v_loss=1.382 ent=0.713 kl=0.0065
[upd  159 | steps   81408 | t   50.8s | sps  1602] ret_mean=111.000 ep_len=500.0 pi_loss=-0.003 v_loss=5.450 ent=0.181 kl=0.0001
[upd  160 | steps   81920 | t   51.0s | sps  1607] ret_mean=79.000 ep_len=500.0 pi_loss=-0.004 v_loss=2.107 ent=0.794 kl=0.0049
[upd  161 | steps   82432 | t   51.1s | sps  1612] ret_mean=51.500 ep_len=500.0 pi_loss=-0.005 v_loss=2.188 ent=0.727 kl=0.0023
[upd  162 | steps   82944 | t   51.3s | sps  1617] ret_mean=132.500 ep_len=500.0 pi_loss=-0.005 v_loss=6.607 ent=0.174 kl=0.0051
[upd  163 | steps   83456 | t   51.4s | sps  1623] ret_mean=64.500 ep_len=500.0 pi_loss=-0.003 v_loss=1.864 ent=0.138 kl=0.0025
[upd  164 | steps   83968 | t   51.6s | sps  1627] ret_mean=0.000 ep_len=500.0 pi_loss=-0.008 v_loss=5.731 ent=0.433 kl=0.0209
[upd  165 | steps   84480 | t   51.8s | sps  1631] ret_mean=176.000 ep_len=500.0 pi_loss=-0.013 v_loss=3.767 ent=0.339 kl=0.0300
[upd  166 | steps   84992 | t   52.0s | sps  1636] ret_mean=0.000 ep_len=500.0 pi_loss=-0.011 v_loss=1.744 ent=0.720 kl=0.0157
[upd  167 | steps   85504 | t   52.2s | sps  1639] ret_mean=113.000 ep_len=500.0 pi_loss=-0.010 v_loss=3.004 ent=0.483 kl=0.0166
[upd  168 | steps   86016 | t   52.3s | sps  1643] ret_mean=52.500 ep_len=500.0 pi_loss=-0.008 v_loss=3.468 ent=0.384 kl=0.0080
[upd  169 | steps   86528 | t   52.5s | sps  1648] ret_mean=113.000 ep_len=500.0 pi_loss=-0.005 v_loss=2.749 ent=0.489 kl=0.0143
[upd  170 | steps   87040 | t   52.7s | sps  1653] ret_mean=0.000 ep_len=500.0 pi_loss=-0.003 v_loss=7.953 ent=0.732 kl=0.0064
[upd  171 | steps   87552 | t   52.8s | sps  1658] ret_mean=122.500 ep_len=500.0 pi_loss=-0.013 v_loss=0.869 ent=0.786 kl=0.0223
[upd  172 | steps   88064 | t   53.0s | sps  1663] ret_mean=0.000 ep_len=500.0 pi_loss=-0.004 v_loss=0.134 ent=0.841 kl=0.0067
[upd  173 | steps   88576 | t   53.1s | sps  1667] ret_mean=0.000 ep_len=500.0 pi_loss=-0.006 v_loss=7.718 ent=0.562 kl=0.0069
[upd  174 | steps   89088 | t   53.4s | sps  1668] ret_mean=157.000 ep_len=500.0 pi_loss=-0.005 v_loss=7.397 ent=0.290 kl=0.0065
[upd  175 | steps   89600 | t   53.7s | sps  1669] ret_mean=132.500 ep_len=500.0 pi_loss=-0.013 v_loss=8.796 ent=0.233 kl=0.0231
        [eval] ret_mean=4.167 ep_len=500.0
[upd  176 | steps   90112 | t   58.4s | sps  1542] ret_mean=102.500 ep_len=500.0 pi_loss=-0.003 v_loss=3.364 ent=0.262 kl=0.0049
[upd  177 | steps   90624 | t   58.6s | sps  1546] ret_mean=42.000 ep_len=500.0 pi_loss=-0.005 v_loss=1.377 ent=0.881 kl=0.0048
[upd  178 | steps   91136 | t   58.8s | sps  1550] ret_mean=161.500 ep_len=500.0 pi_loss=-0.001 v_loss=10.544 ent=0.317 kl=0.0014
[upd  179 | steps   91648 | t   59.0s | sps  1554] ret_mean=0.000 ep_len=500.0 pi_loss=-0.007 v_loss=0.235 ent=0.947 kl=0.0047
[upd  180 | steps   92160 | t   59.1s | sps  1558] ret_mean=65.500 ep_len=500.0 pi_loss=-0.005 v_loss=2.769 ent=0.432 kl=0.0057
[upd  181 | steps   92672 | t   59.3s | sps  1563] ret_mean=64.500 ep_len=500.0 pi_loss=-0.004 v_loss=2.402 ent=0.631 kl=0.0070
[upd  182 | steps   93184 | t   59.4s | sps  1567] ret_mean=108.500 ep_len=500.0 pi_loss=-0.009 v_loss=3.771 ent=0.284 kl=0.0086
[upd  183 | steps   93696 | t   59.6s | sps  1572] ret_mean=111.000 ep_len=500.0 pi_loss=-0.002 v_loss=4.411 ent=0.318 kl=0.0043
[upd  184 | steps   94208 | t   59.8s | sps  1576] ret_mean=59.000 ep_len=500.0 pi_loss=-0.010 v_loss=1.231 ent=0.800 kl=0.0088
[upd  185 | steps   94720 | t   59.9s | sps  1580] ret_mean=27.500 ep_len=500.0 pi_loss=-0.005 v_loss=2.011 ent=1.067 kl=0.0046
[upd  186 | steps   95232 | t   60.1s | sps  1585] ret_mean=123.000 ep_len=500.0 pi_loss=-0.009 v_loss=3.185 ent=0.606 kl=0.0116
[upd  187 | steps   95744 | t   60.3s | sps  1589] ret_mean=0.000 ep_len=500.0 pi_loss=-0.005 v_loss=0.316 ent=1.223 kl=0.0076
[upd  188 | steps   96256 | t   60.4s | sps  1593] ret_mean=0.000 ep_len=500.0 pi_loss=-0.010 v_loss=1.216 ent=1.074 kl=0.0108
[upd  189 | steps   96768 | t   60.6s | sps  1597] ret_mean=119.000 ep_len=500.0 pi_loss=-0.007 v_loss=2.441 ent=0.570 kl=0.0051
[upd  190 | steps   97280 | t   60.8s | sps  1601] ret_mean=0.000 ep_len=500.0 pi_loss=-0.008 v_loss=0.476 ent=1.177 kl=0.0104
[upd  191 | steps   97792 | t   60.9s | sps  1605] ret_mean=20.500 ep_len=500.0 pi_loss=-0.009 v_loss=2.239 ent=0.801 kl=0.0118
[upd  192 | steps   98304 | t   61.1s | sps  1609] ret_mean=48.500 ep_len=500.0 pi_loss=-0.003 v_loss=0.470 ent=1.248 kl=0.0114
[upd  193 | steps   98816 | t   61.2s | sps  1614] ret_mean=0.000 ep_len=500.0 pi_loss=-0.005 v_loss=2.182 ent=1.052 kl=0.0042
[upd  194 | steps   99328 | t   61.4s | sps  1618] ret_mean=59.000 ep_len=500.0 pi_loss=-0.009 v_loss=7.747 ent=0.810 kl=0.0066
[upd  195 | steps   99840 | t   61.6s | sps  1622] ret_mean=174.000 ep_len=500.0 pi_loss=-0.007 v_loss=2.704 ent=0.585 kl=0.0169
[upd  196 | steps  100352 | t   61.7s | sps  1625] ret_mean=0.000 ep_len=500.0 pi_loss=-0.003 v_loss=1.212 ent=1.098 kl=-0.0011
[upd  197 | steps  100864 | t   61.9s | sps  1629] ret_mean=89.000 ep_len=500.0 pi_loss=-0.007 v_loss=2.685 ent=0.612 kl=0.0147
[upd  198 | steps  101376 | t   62.1s | sps  1633] ret_mean=0.000 ep_len=500.0 pi_loss=-0.004 v_loss=1.534 ent=1.178 kl=0.0057
[upd  199 | steps  101888 | t   62.2s | sps  1637] ret_mean=98.500 ep_len=500.0 pi_loss=-0.007 v_loss=3.428 ent=0.656 kl=0.0032
[upd  200 | steps  102400 | t   62.4s | sps  1641] ret_mean=40.000 ep_len=500.0 pi_loss=-0.009 v_loss=0.087 ent=1.378 kl=0.0090
        [eval] ret_mean=4.167 ep_len=500.0
[upd  201 | steps  102912 | t   66.5s | sps  1548] ret_mean=69.000 ep_len=500.0 pi_loss=-0.005 v_loss=2.302 ent=0.610 kl=0.0018
[upd  202 | steps  103424 | t   66.6s | sps  1552] ret_mean=58.000 ep_len=500.0 pi_loss=-0.010 v_loss=2.185 ent=1.066 kl=0.0036
[upd  203 | steps  103936 | t   66.8s | sps  1556] ret_mean=0.000 ep_len=500.0 pi_loss=-0.008 v_loss=0.098 ent=0.767 kl=-0.0005
[upd  204 | steps  104448 | t   66.9s | sps  1560] ret_mean=12.000 ep_len=500.0 pi_loss=-0.008 v_loss=0.477 ent=0.875 kl=0.0058
[upd  205 | steps  104960 | t   67.1s | sps  1565] ret_mean=0.000 ep_len=500.0 pi_loss=-0.003 v_loss=0.490 ent=1.098 kl=0.0060
[upd  206 | steps  105472 | t   67.2s | sps  1569] ret_mean=73.500 ep_len=500.0 pi_loss=-0.007 v_loss=1.836 ent=0.845 kl=0.0091
[upd  207 | steps  105984 | t   67.4s | sps  1573] ret_mean=38.500 ep_len=500.0 pi_loss=-0.006 v_loss=1.464 ent=0.686 kl=0.0070
[upd  208 | steps  106496 | t   67.5s | sps  1577] ret_mean=0.000 ep_len=500.0 pi_loss=-0.007 v_loss=0.756 ent=1.048 kl=0.0051
[upd  209 | steps  107008 | t   67.7s | sps  1581] ret_mean=122.000 ep_len=500.0 pi_loss=-0.004 v_loss=3.449 ent=0.318 kl=0.0060
[upd  210 | steps  107520 | t   67.8s | sps  1585] ret_mean=0.000 ep_len=500.0 pi_loss=-0.011 v_loss=0.055 ent=1.176 kl=0.0076
[upd  211 | steps  108032 | t   68.0s | sps  1589] ret_mean=0.000 ep_len=500.0 pi_loss=-0.005 v_loss=0.863 ent=1.007 kl=0.0035
[upd  212 | steps  108544 | t   68.1s | sps  1593] ret_mean=50.500 ep_len=500.0 pi_loss=-0.001 v_loss=0.849 ent=0.560 kl=0.0028
[upd  213 | steps  109056 | t   68.3s | sps  1597] ret_mean=0.000 ep_len=500.0 pi_loss=-0.010 v_loss=1.172 ent=0.631 kl=0.0072
[upd  214 | steps  109568 | t   68.4s | sps  1602] ret_mean=110.500 ep_len=500.0 pi_loss=-0.004 v_loss=3.277 ent=0.267 kl=0.0050
[upd  215 | steps  110080 | t   68.6s | sps  1606] ret_mean=0.000 ep_len=500.0 pi_loss=-0.003 v_loss=0.022 ent=0.778 kl=0.0195
[upd  216 | steps  110592 | t   68.7s | sps  1609] ret_mean=0.000 ep_len=500.0 pi_loss=-0.011 v_loss=0.052 ent=1.190 kl=0.0144
[upd  217 | steps  111104 | t   68.9s | sps  1613] ret_mean=0.000 ep_len=500.0 pi_loss=-0.004 v_loss=1.568 ent=0.896 kl=0.0028
[upd  218 | steps  111616 | t   69.0s | sps  1617] ret_mean=75.500 ep_len=500.0 pi_loss=-0.005 v_loss=2.569 ent=0.974 kl=0.0039
[upd  219 | steps  112128 | t   69.2s | sps  1621] ret_mean=120.500 ep_len=500.0 pi_loss=-0.003 v_loss=4.723 ent=0.372 kl=0.0028
[upd  220 | steps  112640 | t   69.3s | sps  1624] ret_mean=122.500 ep_len=500.0 pi_loss=-0.006 v_loss=4.421 ent=0.366 kl=0.0068
[upd  221 | steps  113152 | t   69.5s | sps  1628] ret_mean=112.000 ep_len=500.0 pi_loss=-0.003 v_loss=4.600 ent=0.430 kl=0.0014
[upd  222 | steps  113664 | t   69.7s | sps  1632] ret_mean=118.500 ep_len=500.0 pi_loss=-0.008 v_loss=2.305 ent=0.660 kl=0.0064
[upd  223 | steps  114176 | t   69.8s | sps  1635] ret_mean=0.000 ep_len=500.0 pi_loss=-0.006 v_loss=3.663 ent=0.996 kl=0.0120
[upd  224 | steps  114688 | t   70.0s | sps  1639] ret_mean=108.500 ep_len=500.0 pi_loss=-0.007 v_loss=2.370 ent=0.513 kl=0.0085
[upd  225 | steps  115200 | t   70.3s | sps  1639] ret_mean=59.000 ep_len=500.0 pi_loss=-0.007 v_loss=4.187 ent=0.553 kl=0.0072
        [eval] ret_mean=16.850 ep_len=500.0
[upd  226 | steps  115712 | t   74.7s | sps  1548] ret_mean=0.000 ep_len=500.0 pi_loss=-0.007 v_loss=0.137 ent=1.185 kl=0.0106
[upd  227 | steps  116224 | t   74.9s | sps  1552] ret_mean=36.000 ep_len=500.0 pi_loss=-0.006 v_loss=1.760 ent=0.878 kl=0.0253
[upd  228 | steps  116736 | t   75.1s | sps  1555] ret_mean=124.500 ep_len=500.0 pi_loss=-0.004 v_loss=4.470 ent=0.298 kl=0.0115
[upd  229 | steps  117248 | t   75.2s | sps  1559] ret_mean=71.000 ep_len=500.0 pi_loss=-0.004 v_loss=1.999 ent=0.868 kl=0.0041
[upd  230 | steps  117760 | t   75.4s | sps  1563] ret_mean=9.500 ep_len=500.0 pi_loss=-0.006 v_loss=0.971 ent=1.099 kl=0.0008
[upd  231 | steps  118272 | t   75.5s | sps  1566] ret_mean=107.500 ep_len=500.0 pi_loss=-0.006 v_loss=4.174 ent=0.528 kl=0.0104
[upd  232 | steps  118784 | t   75.7s | sps  1570] ret_mean=106.000 ep_len=500.0 pi_loss=-0.005 v_loss=8.872 ent=0.603 kl=0.0092
[upd  233 | steps  119296 | t   75.8s | sps  1573] ret_mean=185.000 ep_len=500.0 pi_loss=-0.004 v_loss=8.221 ent=0.192 kl=0.0034
[upd  234 | steps  119808 | t   76.0s | sps  1577] ret_mean=74.000 ep_len=500.0 pi_loss=-0.008 v_loss=1.421 ent=0.994 kl=0.0128
[upd  235 | steps  120320 | t   76.2s | sps  1580] ret_mean=9.500 ep_len=500.0 pi_loss=-0.006 v_loss=1.547 ent=1.055 kl=0.0098
[upd  236 | steps  120832 | t   76.3s | sps  1583] ret_mean=80.500 ep_len=500.0 pi_loss=-0.005 v_loss=2.402 ent=0.860 kl=-0.0001
[upd  237 | steps  121344 | t   76.5s | sps  1586] ret_mean=93.000 ep_len=500.0 pi_loss=-0.008 v_loss=3.083 ent=0.554 kl=0.0063
[upd  238 | steps  121856 | t   76.6s | sps  1590] ret_mean=72.000 ep_len=500.0 pi_loss=-0.002 v_loss=6.650 ent=0.253 kl=0.0081
[upd  239 | steps  122368 | t   76.8s | sps  1593] ret_mean=161.500 ep_len=500.0 pi_loss=-0.002 v_loss=7.424 ent=0.096 kl=0.0019
[upd  240 | steps  122880 | t   77.0s | sps  1597] ret_mean=99.500 ep_len=500.0 pi_loss=-0.007 v_loss=2.102 ent=0.931 kl=0.0035
[upd  241 | steps  123392 | t   77.1s | sps  1600] ret_mean=0.000 ep_len=500.0 pi_loss=-0.006 v_loss=2.578 ent=0.586 kl=0.0010
[upd  242 | steps  123904 | t   77.3s | sps  1604] ret_mean=148.000 ep_len=500.0 pi_loss=-0.000 v_loss=6.513 ent=0.196 kl=0.0011
[upd  243 | steps  124416 | t   77.4s | sps  1607] ret_mean=120.500 ep_len=500.0 pi_loss=-0.005 v_loss=7.561 ent=0.101 kl=0.0028
[upd  244 | steps  124928 | t   77.6s | sps  1611] ret_mean=178.500 ep_len=500.0 pi_loss=-0.002 v_loss=4.662 ent=0.167 kl=0.0014
[upd  245 | steps  125440 | t   77.7s | sps  1614] ret_mean=124.000 ep_len=500.0 pi_loss=-0.005 v_loss=6.467 ent=0.242 kl=0.0036
[upd  246 | steps  125952 | t   77.9s | sps  1617] ret_mean=148.000 ep_len=500.0 pi_loss=-0.003 v_loss=2.662 ent=0.468 kl=0.0106
[upd  247 | steps  126464 | t   78.0s | sps  1620] ret_mean=3.000 ep_len=500.0 pi_loss=-0.006 v_loss=1.582 ent=0.774 kl=0.0055
[upd  248 | steps  126976 | t   78.2s | sps  1624] ret_mean=54.000 ep_len=500.0 pi_loss=-0.008 v_loss=5.526 ent=0.706 kl=0.0140
[upd  249 | steps  127488 | t   78.4s | sps  1627] ret_mean=161.000 ep_len=500.0 pi_loss=-0.001 v_loss=6.860 ent=0.105 kl=-0.0010
[upd  250 | steps  128000 | t   78.5s | sps  1631] ret_mean=159.500 ep_len=500.0 pi_loss=-0.003 v_loss=6.498 ent=0.214 kl=0.0030
        [eval] ret_mean=37.217 ep_len=500.0
[upd  251 | steps  128512 | t   82.5s | sps  1557] ret_mean=196.000 ep_len=500.0 pi_loss=-0.005 v_loss=10.418 ent=0.116 kl=0.0039
[upd  252 | steps  129024 | t   82.7s | sps  1561] ret_mean=184.500 ep_len=500.0 pi_loss=-0.004 v_loss=9.331 ent=0.085 kl=-0.0022
[upd  253 | steps  129536 | t   82.8s | sps  1564] ret_mean=176.000 ep_len=500.0 pi_loss=-0.005 v_loss=7.977 ent=0.167 kl=0.0154
[upd  254 | steps  130048 | t   83.0s | sps  1567] ret_mean=17.000 ep_len=500.0 pi_loss=-0.007 v_loss=1.628 ent=0.747 kl=0.0089
[upd  255 | steps  130560 | t   83.2s | sps  1570] ret_mean=75.000 ep_len=500.0 pi_loss=-0.004 v_loss=2.711 ent=0.610 kl=0.0040
[upd  256 | steps  131072 | t   83.3s | sps  1573] ret_mean=0.000 ep_len=500.0 pi_loss=-0.003 v_loss=0.983 ent=0.866 kl=0.0024
[upd  257 | steps  131584 | t   83.5s | sps  1576] ret_mean=64.500 ep_len=500.0 pi_loss=-0.006 v_loss=2.320 ent=0.667 kl=0.0048
[upd  258 | steps  132096 | t   83.6s | sps  1579] ret_mean=0.000 ep_len=500.0 pi_loss=-0.010 v_loss=0.679 ent=0.951 kl=0.0085
[upd  259 | steps  132608 | t   83.8s | sps  1582] ret_mean=51.000 ep_len=500.0 pi_loss=-0.008 v_loss=1.137 ent=0.872 kl=0.0001
[upd  260 | steps  133120 | t   84.0s | sps  1585] ret_mean=0.000 ep_len=500.0 pi_loss=-0.007 v_loss=0.957 ent=1.019 kl=0.0042
[upd  261 | steps  133632 | t   84.1s | sps  1589] ret_mean=103.500 ep_len=500.0 pi_loss=-0.007 v_loss=2.813 ent=0.355 kl=0.0114
[upd  262 | steps  134144 | t   84.3s | sps  1592] ret_mean=154.500 ep_len=500.0 pi_loss=-0.001 v_loss=6.682 ent=0.185 kl=0.0024
[upd  263 | steps  134656 | t   84.4s | sps  1595] ret_mean=125.000 ep_len=500.0 pi_loss=-0.004 v_loss=2.947 ent=0.326 kl=0.0029
[upd  264 | steps  135168 | t   84.6s | sps  1598] ret_mean=68.000 ep_len=500.0 pi_loss=-0.005 v_loss=1.758 ent=0.796 kl=0.0045
[upd  265 | steps  135680 | t   84.8s | sps  1601] ret_mean=117.000 ep_len=500.0 pi_loss=-0.007 v_loss=2.552 ent=0.503 kl=0.0119
[upd  266 | steps  136192 | t   84.9s | sps  1604] ret_mean=0.000 ep_len=500.0 pi_loss=-0.006 v_loss=4.223 ent=0.730 kl=0.0060
[upd  267 | steps  136704 | t   85.1s | sps  1607] ret_mean=179.000 ep_len=500.0 pi_loss=-0.000 v_loss=5.600 ent=0.161 kl=0.0033
[upd  268 | steps  137216 | t   85.3s | sps  1609] ret_mean=137.000 ep_len=500.0 pi_loss=-0.002 v_loss=2.850 ent=0.336 kl=0.0029
[upd  269 | steps  137728 | t   85.4s | sps  1613] ret_mean=57.000 ep_len=500.0 pi_loss=-0.005 v_loss=2.817 ent=0.760 kl=0.0020
[upd  270 | steps  138240 | t   85.6s | sps  1616] ret_mean=98.000 ep_len=500.0 pi_loss=-0.005 v_loss=2.084 ent=0.539 kl=0.0073
[upd  271 | steps  138752 | t   85.7s | sps  1619] ret_mean=114.500 ep_len=500.0 pi_loss=-0.002 v_loss=7.635 ent=0.059 kl=-0.0023
[upd  272 | steps  139264 | t   85.9s | sps  1622] ret_mean=168.000 ep_len=500.0 pi_loss=-0.003 v_loss=2.652 ent=0.372 kl=0.0045
[upd  273 | steps  139776 | t   86.0s | sps  1625] ret_mean=59.000 ep_len=500.0 pi_loss=-0.005 v_loss=4.795 ent=0.603 kl=0.0075
[upd  274 | steps  140288 | t   86.2s | sps  1628] ret_mean=158.000 ep_len=500.0 pi_loss=-0.003 v_loss=6.596 ent=0.060 kl=-0.0005
[upd  275 | steps  140800 | t   86.3s | sps  1631] ret_mean=169.500 ep_len=500.0 pi_loss=-0.002 v_loss=5.674 ent=0.193 kl=0.0009
        [eval] ret_mean=37.183 ep_len=500.0
[upd  276 | steps  141312 | t   90.2s | sps  1566] ret_mean=47.500 ep_len=500.0 pi_loss=-0.005 v_loss=1.645 ent=0.817 kl=-0.0023
[upd  277 | steps  141824 | t   90.4s | sps  1569] ret_mean=109.500 ep_len=500.0 pi_loss=-0.005 v_loss=2.160 ent=0.260 kl=0.0019
[upd  278 | steps  142336 | t   90.5s | sps  1572] ret_mean=113.500 ep_len=500.0 pi_loss=-0.004 v_loss=2.188 ent=0.334 kl=0.0041
[upd  279 | steps  142848 | t   90.7s | sps  1575] ret_mean=92.000 ep_len=500.0 pi_loss=-0.002 v_loss=3.753 ent=0.352 kl=0.0002
[upd  280 | steps  143360 | t   90.8s | sps  1578] ret_mean=117.000 ep_len=500.0 pi_loss=-0.001 v_loss=2.492 ent=0.287 kl=0.0019
[upd  281 | steps  143872 | t   91.0s | sps  1581] ret_mean=181.000 ep_len=500.0 pi_loss=-0.001 v_loss=9.486 ent=0.058 kl=-0.0002
[upd  282 | steps  144384 | t   91.2s | sps  1584] ret_mean=167.000 ep_len=500.0 pi_loss=-0.004 v_loss=4.911 ent=0.148 kl=0.0055
[upd  283 | steps  144896 | t   91.3s | sps  1587] ret_mean=0.000 ep_len=500.0 pi_loss=-0.008 v_loss=1.380 ent=0.971 kl=0.0123
[upd  284 | steps  145408 | t   91.5s | sps  1590] ret_mean=0.000 ep_len=500.0 pi_loss=-0.003 v_loss=1.342 ent=0.881 kl=0.0005
[upd  285 | steps  145920 | t   91.6s | sps  1593] ret_mean=67.000 ep_len=500.0 pi_loss=-0.002 v_loss=1.960 ent=0.766 kl=0.0024
[upd  286 | steps  146432 | t   91.8s | sps  1596] ret_mean=64.000 ep_len=500.0 pi_loss=-0.002 v_loss=3.283 ent=0.374 kl=0.0054
[upd  287 | steps  146944 | t   91.9s | sps  1598] ret_mean=114.000 ep_len=500.0 pi_loss=-0.004 v_loss=2.789 ent=0.361 kl=0.0048
[upd  288 | steps  147456 | t   92.1s | sps  1601] ret_mean=109.000 ep_len=500.0 pi_loss=-0.007 v_loss=3.016 ent=0.344 kl=0.0040
[upd  289 | steps  147968 | t   92.3s | sps  1603] ret_mean=49.500 ep_len=500.0 pi_loss=-0.003 v_loss=2.113 ent=0.756 kl=0.0062
[upd  290 | steps  148480 | t   92.5s | sps  1605] ret_mean=97.000 ep_len=500.0 pi_loss=-0.008 v_loss=2.548 ent=0.325 kl=0.0085
[upd  291 | steps  148992 | t   92.7s | sps  1608] ret_mean=104.000 ep_len=500.0 pi_loss=-0.004 v_loss=5.690 ent=0.146 kl=0.0047
[upd  292 | steps  149504 | t   92.8s | sps  1610] ret_mean=179.500 ep_len=500.0 pi_loss=-0.001 v_loss=6.429 ent=0.103 kl=-0.0003
[upd  293 | steps  150016 | t   93.0s | sps  1613] ret_mean=177.500 ep_len=500.0 pi_loss=-0.002 v_loss=6.587 ent=0.134 kl=0.0039
[upd  294 | steps  150528 | t   93.1s | sps  1616] ret_mean=126.000 ep_len=500.0 pi_loss=-0.003 v_loss=6.201 ent=0.101 kl=0.0016
[upd  295 | steps  151040 | t   93.3s | sps  1619] ret_mean=162.500 ep_len=500.0 pi_loss=-0.001 v_loss=5.554 ent=0.092 kl=0.0005
[upd  296 | steps  151552 | t   93.4s | sps  1622] ret_mean=165.000 ep_len=500.0 pi_loss=-0.000 v_loss=3.310 ent=0.134 kl=0.0014
[upd  297 | steps  152064 | t   93.6s | sps  1625] ret_mean=127.500 ep_len=500.0 pi_loss=-0.001 v_loss=5.677 ent=0.096 kl=0.0003
[upd  298 | steps  152576 | t   93.7s | sps  1628] ret_mean=160.000 ep_len=500.0 pi_loss=-0.002 v_loss=6.634 ent=0.094 kl=-0.0015
[upd  299 | steps  153088 | t   93.9s | sps  1630] ret_mean=159.000 ep_len=500.0 pi_loss=-0.003 v_loss=4.390 ent=0.135 kl=0.0019
[upd  300 | steps  153600 | t   94.1s | sps  1633] ret_mean=154.500 ep_len=500.0 pi_loss=-0.001 v_loss=7.241 ent=0.031 kl=-0.0005
        [eval] ret_mean=26.800 ep_len=500.0
[upd  301 | steps  154112 | t   98.0s | sps  1573] ret_mean=7.500 ep_len=500.0 pi_loss=-0.003 v_loss=2.947 ent=0.712 kl=0.0371
[upd  302 | steps  154624 | t   98.2s | sps  1575] ret_mean=124.500 ep_len=500.0 pi_loss=-0.002 v_loss=2.413 ent=0.275 kl=0.0094
[upd  303 | steps  155136 | t   98.3s | sps  1578] ret_mean=123.500 ep_len=500.0 pi_loss=-0.002 v_loss=4.168 ent=0.166 kl=-0.0007
[upd  304 | steps  155648 | t   98.5s | sps  1581] ret_mean=187.000 ep_len=500.0 pi_loss=-0.002 v_loss=5.162 ent=0.039 kl=0.0047
[upd  305 | steps  156160 | t   98.6s | sps  1583] ret_mean=124.500 ep_len=500.0 pi_loss=-0.005 v_loss=2.366 ent=0.191 kl=0.0043
[upd  306 | steps  156672 | t   98.8s | sps  1586] ret_mean=133.500 ep_len=500.0 pi_loss=-0.003 v_loss=4.944 ent=0.090 kl=0.0020
[upd  307 | steps  157184 | t   98.9s | sps  1589] ret_mean=60.000 ep_len=500.0 pi_loss=-0.002 v_loss=2.597 ent=0.531 kl=0.0054
[upd  308 | steps  157696 | t   99.1s | sps  1592] ret_mean=21.500 ep_len=500.0 pi_loss=-0.009 v_loss=2.241 ent=0.790 kl=0.0179
[upd  309 | steps  158208 | t   99.2s | sps  1594] ret_mean=171.500 ep_len=500.0 pi_loss=-0.002 v_loss=5.179 ent=0.095 kl=0.0009
[upd  310 | steps  158720 | t   99.4s | sps  1597] ret_mean=171.500 ep_len=500.0 pi_loss=-0.001 v_loss=4.572 ent=0.111 kl=0.0023
[upd  311 | steps  159232 | t   99.5s | sps  1600] ret_mean=118.000 ep_len=500.0 pi_loss=-0.007 v_loss=3.314 ent=0.190 kl=0.0174
[upd  312 | steps  159744 | t   99.7s | sps  1602] ret_mean=181.500 ep_len=500.0 pi_loss=-0.001 v_loss=4.063 ent=0.136 kl=0.0036
[upd  313 | steps  160256 | t   99.9s | sps  1605] ret_mean=115.500 ep_len=500.0 pi_loss=-0.005 v_loss=2.804 ent=0.323 kl=0.0068
[upd  314 | steps  160768 | t  100.0s | sps  1608] ret_mean=54.000 ep_len=500.0 pi_loss=-0.003 v_loss=3.611 ent=0.344 kl=0.0020
[upd  315 | steps  161280 | t  100.2s | sps  1610] ret_mean=94.500 ep_len=500.0 pi_loss=-0.003 v_loss=3.907 ent=0.289 kl=0.0052
[upd  316 | steps  161792 | t  100.3s | sps  1612] ret_mean=53.500 ep_len=500.0 pi_loss=-0.002 v_loss=3.181 ent=0.278 kl=0.0006
[upd  317 | steps  162304 | t  100.5s | sps  1615] ret_mean=121.000 ep_len=500.0 pi_loss=-0.002 v_loss=4.299 ent=0.170 kl=-0.0006
[upd  318 | steps  162816 | t  100.7s | sps  1617] ret_mean=135.000 ep_len=500.0 pi_loss=-0.002 v_loss=2.586 ent=0.163 kl=0.0011
[upd  319 | steps  163328 | t  100.9s | sps  1618] ret_mean=126.500 ep_len=500.0 pi_loss=-0.001 v_loss=2.597 ent=0.293 kl=-0.0003
[upd  320 | steps  163840 | t  101.1s | sps  1620] ret_mean=123.500 ep_len=500.0 pi_loss=-0.001 v_loss=5.304 ent=0.098 kl=0.0014
[upd  321 | steps  164352 | t  101.3s | sps  1623] ret_mean=156.500 ep_len=500.0 pi_loss=-0.005 v_loss=4.197 ent=0.400 kl=0.0069
[upd  322 | steps  164864 | t  101.4s | sps  1626] ret_mean=58.000 ep_len=500.0 pi_loss=-0.003 v_loss=6.514 ent=0.119 kl=-0.0013
[upd  323 | steps  165376 | t  101.6s | sps  1628] ret_mean=147.500 ep_len=500.0 pi_loss=-0.004 v_loss=4.882 ent=0.256 kl=0.0028
[upd  324 | steps  165888 | t  101.7s | sps  1631] ret_mean=164.500 ep_len=500.0 pi_loss=-0.003 v_loss=4.595 ent=0.136 kl=0.0014
[upd  325 | steps  166400 | t  101.9s | sps  1633] ret_mean=167.500 ep_len=500.0 pi_loss=-0.005 v_loss=4.292 ent=0.265 kl=-0.0026
        [eval] ret_mean=17.617 ep_len=500.0
[upd  326 | steps  166912 | t  106.3s | sps  1571] ret_mean=121.500 ep_len=500.0 pi_loss=-0.007 v_loss=2.198 ent=0.292 kl=0.0181
[upd  327 | steps  167424 | t  106.4s | sps  1573] ret_mean=91.500 ep_len=500.0 pi_loss=-0.005 v_loss=4.187 ent=0.365 kl=0.0031
[upd  328 | steps  167936 | t  106.6s | sps  1575] ret_mean=104.000 ep_len=500.0 pi_loss=-0.004 v_loss=4.754 ent=0.294 kl=0.0016
[upd  329 | steps  168448 | t  106.8s | sps  1577] ret_mean=170.500 ep_len=500.0 pi_loss=-0.002 v_loss=4.655 ent=0.186 kl=0.0014
[upd  330 | steps  168960 | t  107.0s | sps  1579] ret_mean=161.000 ep_len=500.0 pi_loss=-0.001 v_loss=5.093 ent=0.079 kl=0.0024
[upd  331 | steps  169472 | t  107.2s | sps  1581] ret_mean=121.000 ep_len=500.0 pi_loss=-0.001 v_loss=1.988 ent=0.202 kl=0.0021
[upd  332 | steps  169984 | t  107.3s | sps  1584] ret_mean=122.000 ep_len=500.0 pi_loss=-0.004 v_loss=2.038 ent=0.266 kl=0.0031
[upd  333 | steps  170496 | t  107.5s | sps  1586] ret_mean=119.500 ep_len=500.0 pi_loss=-0.002 v_loss=1.902 ent=0.176 kl=-0.0030
[upd  334 | steps  171008 | t  107.7s | sps  1589] ret_mean=119.500 ep_len=500.0 pi_loss=-0.000 v_loss=3.001 ent=0.140 kl=0.0001
[upd  335 | steps  171520 | t  107.8s | sps  1591] ret_mean=153.000 ep_len=500.0 pi_loss=-0.003 v_loss=5.040 ent=0.074 kl=-0.0029
[upd  336 | steps  172032 | t  108.0s | sps  1593] ret_mean=167.000 ep_len=500.0 pi_loss=-0.004 v_loss=4.308 ent=0.123 kl=0.0082
[upd  337 | steps  172544 | t  108.1s | sps  1595] ret_mean=66.500 ep_len=500.0 pi_loss=-0.003 v_loss=4.413 ent=0.202 kl=0.0000
[upd  338 | steps  173056 | t  108.3s | sps  1598] ret_mean=167.000 ep_len=500.0 pi_loss=-0.001 v_loss=4.051 ent=0.137 kl=0.0015
[upd  339 | steps  173568 | t  108.5s | sps  1600] ret_mean=122.500 ep_len=500.0 pi_loss=-0.002 v_loss=4.821 ent=0.173 kl=0.0023
[upd  340 | steps  174080 | t  108.6s | sps  1602] ret_mean=102.000 ep_len=500.0 pi_loss=0.000 v_loss=3.667 ent=0.150 kl=0.0016
[upd  341 | steps  174592 | t  108.8s | sps  1605] ret_mean=130.500 ep_len=500.0 pi_loss=-0.004 v_loss=2.886 ent=0.171 kl=0.0130
[upd  342 | steps  175104 | t  109.0s | sps  1607] ret_mean=134.500 ep_len=500.0 pi_loss=-0.003 v_loss=3.522 ent=0.207 kl=0.0011
[upd  343 | steps  175616 | t  109.1s | sps  1609] ret_mean=123.500 ep_len=500.0 pi_loss=-0.002 v_loss=2.855 ent=0.234 kl=0.0033
[upd  344 | steps  176128 | t  109.3s | sps  1612] ret_mean=143.000 ep_len=500.0 pi_loss=-0.002 v_loss=4.181 ent=0.212 kl=0.0048
[upd  345 | steps  176640 | t  109.4s | sps  1614] ret_mean=138.500 ep_len=500.0 pi_loss=-0.001 v_loss=3.037 ent=0.157 kl=0.0041
[upd  346 | steps  177152 | t  109.6s | sps  1616] ret_mean=63.000 ep_len=500.0 pi_loss=-0.006 v_loss=3.130 ent=0.485 kl=0.0019
[upd  347 | steps  177664 | t  109.8s | sps  1618] ret_mean=93.000 ep_len=500.0 pi_loss=-0.004 v_loss=5.924 ent=0.128 kl=0.0002
[upd  348 | steps  178176 | t  110.0s | sps  1620] ret_mean=194.000 ep_len=500.0 pi_loss=-0.002 v_loss=5.375 ent=0.055 kl=-0.0024
[upd  349 | steps  178688 | t  110.2s | sps  1622] ret_mean=195.500 ep_len=500.0 pi_loss=-0.002 v_loss=4.488 ent=0.135 kl=0.0007
[upd  350 | steps  179200 | t  110.4s | sps  1624] ret_mean=174.500 ep_len=500.0 pi_loss=-0.003 v_loss=6.493 ent=0.313 kl=0.0043
        [eval] ret_mean=37.867 ep_len=500.0
[upd  351 | steps  179712 | t  114.8s | sps  1566] ret_mean=117.000 ep_len=500.0 pi_loss=-0.005 v_loss=5.013 ent=0.291 kl=0.0106
[upd  352 | steps  180224 | t  114.9s | sps  1568] ret_mean=99.000 ep_len=500.0 pi_loss=-0.005 v_loss=3.199 ent=0.258 kl=0.0116
[upd  353 | steps  180736 | t  115.1s | sps  1570] ret_mean=171.000 ep_len=500.0 pi_loss=-0.000 v_loss=4.838 ent=0.100 kl=0.0005
[upd  354 | steps  181248 | t  115.2s | sps  1573] ret_mean=70.500 ep_len=500.0 pi_loss=-0.005 v_loss=5.028 ent=0.425 kl=0.0056
[upd  355 | steps  181760 | t  115.4s | sps  1575] ret_mean=165.500 ep_len=500.0 pi_loss=-0.004 v_loss=6.247 ent=0.103 kl=-0.0006
[upd  356 | steps  182272 | t  115.6s | sps  1577] ret_mean=168.000 ep_len=500.0 pi_loss=-0.003 v_loss=4.512 ent=0.127 kl=0.0047
[upd  357 | steps  182784 | t  115.7s | sps  1579] ret_mean=120.000 ep_len=500.0 pi_loss=-0.002 v_loss=4.411 ent=0.301 kl=0.0066
[upd  358 | steps  183296 | t  115.9s | sps  1581] ret_mean=46.500 ep_len=500.0 pi_loss=-0.011 v_loss=4.402 ent=0.740 kl=0.0185
[upd  359 | steps  183808 | t  116.1s | sps  1584] ret_mean=186.500 ep_len=500.0 pi_loss=-0.003 v_loss=4.916 ent=0.100 kl=0.0094
[upd  360 | steps  184320 | t  116.2s | sps  1586] ret_mean=158.500 ep_len=500.0 pi_loss=-0.005 v_loss=8.097 ent=0.171 kl=0.0027
[upd  361 | steps  184832 | t  116.4s | sps  1588] ret_mean=183.000 ep_len=500.0 pi_loss=-0.004 v_loss=4.885 ent=0.189 kl=0.0076
[upd  362 | steps  185344 | t  116.6s | sps  1590] ret_mean=80.500 ep_len=500.0 pi_loss=-0.009 v_loss=5.491 ent=0.389 kl=0.0110
[upd  363 | steps  185856 | t  116.7s | sps  1592] ret_mean=63.500 ep_len=500.0 pi_loss=-0.006 v_loss=3.402 ent=0.770 kl=0.0192
[upd  364 | steps  186368 | t  116.9s | sps  1594] ret_mean=117.500 ep_len=500.0 pi_loss=-0.003 v_loss=3.845 ent=0.129 kl=0.0025
[upd  365 | steps  186880 | t  117.1s | sps  1596] ret_mean=176.000 ep_len=500.0 pi_loss=-0.003 v_loss=4.201 ent=0.256 kl=0.0053
[upd  366 | steps  187392 | t  117.2s | sps  1599] ret_mean=96.000 ep_len=500.0 pi_loss=-0.005 v_loss=2.631 ent=0.241 kl=0.0132
[upd  367 | steps  187904 | t  117.4s | sps  1601] ret_mean=154.500 ep_len=500.0 pi_loss=-0.002 v_loss=5.462 ent=0.043 kl=-0.0026
[upd  368 | steps  188416 | t  117.5s | sps  1603] ret_mean=198.500 ep_len=500.0 pi_loss=-0.004 v_loss=5.224 ent=0.185 kl=0.0031
[upd  369 | steps  188928 | t  117.7s | sps  1605] ret_mean=128.500 ep_len=500.0 pi_loss=-0.003 v_loss=4.059 ent=0.126 kl=0.0028
[upd  370 | steps  189440 | t  117.9s | sps  1607] ret_mean=157.500 ep_len=500.0 pi_loss=-0.001 v_loss=4.335 ent=0.102 kl=0.0015
[upd  371 | steps  189952 | t  118.0s | sps  1609] ret_mean=174.000 ep_len=500.0 pi_loss=-0.004 v_loss=5.739 ent=0.052 kl=-0.0016
[upd  372 | steps  190464 | t  118.2s | sps  1611] ret_mean=191.000 ep_len=500.0 pi_loss=-0.003 v_loss=3.479 ent=0.227 kl=0.0037
[upd  373 | steps  190976 | t  118.4s | sps  1614] ret_mean=114.500 ep_len=500.0 pi_loss=0.000 v_loss=3.247 ent=0.253 kl=0.0041
[upd  374 | steps  191488 | t  118.5s | sps  1616] ret_mean=68.500 ep_len=500.0 pi_loss=-0.005 v_loss=4.929 ent=0.437 kl=0.0026
[upd  375 | steps  192000 | t  118.7s | sps  1618] ret_mean=173.500 ep_len=500.0 pi_loss=-0.002 v_loss=5.500 ent=0.103 kl=0.0097
        [eval] ret_mean=38.283 ep_len=500.0
[upd  376 | steps  192512 | t  123.0s | sps  1566] ret_mean=199.000 ep_len=500.0 pi_loss=-0.001 v_loss=5.979 ent=0.045 kl=-0.0006
[upd  377 | steps  193024 | t  123.1s | sps  1568] ret_mean=114.500 ep_len=500.0 pi_loss=-0.005 v_loss=3.679 ent=0.268 kl=0.0123
[upd  378 | steps  193536 | t  123.3s | sps  1570] ret_mean=175.000 ep_len=500.0 pi_loss=-0.002 v_loss=4.299 ent=0.118 kl=-0.0006
[upd  379 | steps  194048 | t  123.4s | sps  1572] ret_mean=145.000 ep_len=500.0 pi_loss=-0.003 v_loss=3.037 ent=0.172 kl=0.0004
[upd  380 | steps  194560 | t  123.6s | sps  1574] ret_mean=119.000 ep_len=500.0 pi_loss=-0.002 v_loss=4.439 ent=0.201 kl=0.0017
[upd  381 | steps  195072 | t  123.9s | sps  1575] ret_mean=124.000 ep_len=500.0 pi_loss=-0.003 v_loss=2.029 ent=0.274 kl=-0.0000
[upd  382 | steps  195584 | t  124.0s | sps  1577] ret_mean=150.000 ep_len=500.0 pi_loss=-0.004 v_loss=4.544 ent=0.099 kl=-0.0016
[upd  383 | steps  196096 | t  124.2s | sps  1579] ret_mean=194.500 ep_len=500.0 pi_loss=-0.003 v_loss=4.412 ent=0.092 kl=0.0065
[upd  384 | steps  196608 | t  124.3s | sps  1581] ret_mean=135.000 ep_len=500.0 pi_loss=-0.002 v_loss=4.776 ent=0.282 kl=0.0054
[upd  385 | steps  197120 | t  124.5s | sps  1583] ret_mean=112.000 ep_len=500.0 pi_loss=-0.005 v_loss=2.333 ent=0.178 kl=0.0165
[upd  386 | steps  197632 | t  124.7s | sps  1585] ret_mean=125.500 ep_len=500.0 pi_loss=-0.003 v_loss=3.520 ent=0.235 kl=0.0019
[upd  387 | steps  198144 | t  124.8s | sps  1587] ret_mean=158.500 ep_len=500.0 pi_loss=-0.001 v_loss=3.232 ent=0.141 kl=0.0035
[upd  388 | steps  198656 | t  125.0s | sps  1589] ret_mean=141.500 ep_len=500.0 pi_loss=-0.003 v_loss=3.911 ent=0.218 kl=0.0081
[upd  389 | steps  199168 | t  125.2s | sps  1591] ret_mean=120.500 ep_len=500.0 pi_loss=-0.007 v_loss=4.121 ent=0.331 kl=0.0567
[upd  390 | steps  199680 | t  125.3s | sps  1593] ret_mean=155.500 ep_len=500.0 pi_loss=0.000 v_loss=4.871 ent=0.208 kl=0.0061
[upd  391 | steps  200192 | t  125.5s | sps  1595] ret_mean=169.500 ep_len=500.0 pi_loss=-0.000 v_loss=4.489 ent=0.068 kl=-0.0008
[upd  392 | steps  200704 | t  125.6s | sps  1597] ret_mean=177.000 ep_len=500.0 pi_loss=-0.002 v_loss=4.011 ent=0.129 kl=0.0003
[upd  393 | steps  201216 | t  125.8s | sps  1599] ret_mean=181.000 ep_len=500.0 pi_loss=-0.001 v_loss=4.476 ent=0.085 kl=0.0021
[upd  394 | steps  201728 | t  126.0s | sps  1601] ret_mean=190.500 ep_len=500.0 pi_loss=-0.002 v_loss=4.664 ent=0.059 kl=0.0007
[upd  395 | steps  202240 | t  126.1s | sps  1603] ret_mean=194.000 ep_len=500.0 pi_loss=-0.001 v_loss=5.783 ent=0.096 kl=-0.0003
[upd  396 | steps  202752 | t  126.3s | sps  1605] ret_mean=171.500 ep_len=500.0 pi_loss=-0.007 v_loss=6.118 ent=0.228 kl=0.0091
[upd  397 | steps  203264 | t  126.5s | sps  1607] ret_mean=69.000 ep_len=500.0 pi_loss=-0.002 v_loss=3.851 ent=0.210 kl=0.0060
[upd  398 | steps  203776 | t  126.6s | sps  1609] ret_mean=155.000 ep_len=500.0 pi_loss=-0.002 v_loss=3.739 ent=0.133 kl=0.0022
[upd  399 | steps  204288 | t  126.8s | sps  1611] ret_mean=166.000 ep_len=500.0 pi_loss=-0.003 v_loss=6.804 ent=0.282 kl=0.0058
[upd  400 | steps  204800 | t  127.0s | sps  1613] ret_mean=39.500 ep_len=500.0 pi_loss=-0.002 v_loss=2.632 ent=0.412 kl=0.0005
        [eval] ret_mean=62.067 ep_len=500.0
