$ /Users/praneelkhiantani/Downloads/cs2860/.venv/bin/python3 -m policies.hierarchical.train --env rware-medium-4ag-v2 --episodes 600 --max-steps 500 --eval-every 50 --eval-episodes 10 --seed 3 --heartbeat --heartbeat-delay 30 --heartbeat-max-age-clip 128 --epsilon-start 0.5 --epsilon-end 0.05 --epsilon-decay-episodes 300 --log-dir /Users/praneelkhiantani/Downloads/cs2860/runs/overnight_v1/hrl --run-name hrl__delay-only__d30__s3

[env] EnvSpec(env_id='rware-medium-4ag-v2', n_agents=4, obs_dim=75, n_env_actions=5, noop_action=0, family='rware')  request_queue_size=4  comm=False
[cfg] alpha=0.3 gamma=0.99 eps=[0.5->0.05] over 300 eps  coop=True comm=False
[hb] heartbeat=True (period=1, delay=30)  dropout=False (agent=None, time=None)
[log] writing to /Users/praneelkhiantani/Downloads/cs2860/runs/overnight_v1/hrl/hrl__delay-only__d30__s3
[ep    0 | steps     500 | t    0.1s | sps  3847] ret=0.000 ep_len=500 deliv=0 eps=0.498 |Q|=28
[ep    1 | steps    1000 | t    0.3s | sps  3887] ret=0.000 ep_len=500 deliv=0 eps=0.497 |Q|=41
[ep    2 | steps    1500 | t    0.4s | sps  3865] ret=0.000 ep_len=500 deliv=0 eps=0.495 |Q|=48
[ep    3 | steps    2000 | t    0.5s | sps  3910] ret=0.000 ep_len=500 deliv=0 eps=0.494 |Q|=66
[ep    4 | steps    2500 | t    0.6s | sps  3890] ret=0.000 ep_len=500 deliv=0 eps=0.492 |Q|=74
[ep    5 | steps    3000 | t    0.8s | sps  3867] ret=0.000 ep_len=500 deliv=0 eps=0.491 |Q|=87
[ep    6 | steps    3500 | t    0.9s | sps  3809] ret=0.000 ep_len=500 deliv=0 eps=0.489 |Q|=94
[ep    7 | steps    4000 | t    1.1s | sps  3761] ret=0.000 ep_len=500 deliv=0 eps=0.488 |Q|=104
[ep    8 | steps    4500 | t    1.2s | sps  3685] ret=0.000 ep_len=500 deliv=0 eps=0.486 |Q|=115
[ep    9 | steps    5000 | t    1.4s | sps  3649] ret=0.000 ep_len=500 deliv=0 eps=0.485 |Q|=126
[ep   10 | steps    5500 | t    1.5s | sps  3620] ret=0.000 ep_len=500 deliv=0 eps=0.483 |Q|=128
[ep   11 | steps    6000 | t    1.7s | sps  3610] ret=0.000 ep_len=500 deliv=0 eps=0.482 |Q|=141
[ep   12 | steps    6500 | t    1.8s | sps  3561] ret=1.000 ep_len=500 deliv=1 eps=0.480 |Q|=150
[ep   13 | steps    7000 | t    2.0s | sps  3559] ret=0.000 ep_len=500 deliv=0 eps=0.479 |Q|=162
[ep   14 | steps    7500 | t    2.1s | sps  3551] ret=0.000 ep_len=500 deliv=0 eps=0.477 |Q|=172
[ep   15 | steps    8000 | t    2.3s | sps  3543] ret=0.000 ep_len=500 deliv=0 eps=0.476 |Q|=181
[ep   16 | steps    8500 | t    2.4s | sps  3533] ret=0.000 ep_len=500 deliv=0 eps=0.474 |Q|=189
[ep   17 | steps    9000 | t    2.5s | sps  3532] ret=0.000 ep_len=500 deliv=0 eps=0.473 |Q|=195
[ep   18 | steps    9500 | t    2.8s | sps  3431] ret=0.000 ep_len=500 deliv=0 eps=0.471 |Q|=202
[ep   19 | steps   10000 | t    3.0s | sps  3373] ret=1.000 ep_len=500 deliv=1 eps=0.470 |Q|=223
[ep   20 | steps   10500 | t    3.1s | sps  3377] ret=0.000 ep_len=500 deliv=0 eps=0.468 |Q|=229
[ep   21 | steps   11000 | t    3.3s | sps  3377] ret=0.000 ep_len=500 deliv=0 eps=0.467 |Q|=238
[ep   22 | steps   11500 | t    3.4s | sps  3377] ret=0.000 ep_len=500 deliv=0 eps=0.466 |Q|=247
[ep   23 | steps   12000 | t    3.6s | sps  3375] ret=0.000 ep_len=500 deliv=0 eps=0.464 |Q|=254
[ep   24 | steps   12500 | t    3.7s | sps  3371] ret=0.000 ep_len=500 deliv=0 eps=0.463 |Q|=259
[ep   25 | steps   13000 | t    3.9s | sps  3372] ret=0.000 ep_len=500 deliv=0 eps=0.461 |Q|=266
[ep   26 | steps   13500 | t    4.0s | sps  3373] ret=0.000 ep_len=500 deliv=0 eps=0.460 |Q|=270
[ep   27 | steps   14000 | t    4.2s | sps  3373] ret=0.000 ep_len=500 deliv=0 eps=0.458 |Q|=279
[ep   28 | steps   14500 | t    4.3s | sps  3374] ret=0.000 ep_len=500 deliv=0 eps=0.457 |Q|=281
[ep   29 | steps   15000 | t    4.4s | sps  3373] ret=0.000 ep_len=500 deliv=0 eps=0.455 |Q|=286
[ep   30 | steps   15500 | t    4.6s | sps  3373] ret=0.000 ep_len=500 deliv=0 eps=0.454 |Q|=294
[ep   31 | steps   16000 | t    4.7s | sps  3372] ret=0.000 ep_len=500 deliv=0 eps=0.452 |Q|=299
[ep   32 | steps   16500 | t    4.9s | sps  3373] ret=0.000 ep_len=500 deliv=0 eps=0.451 |Q|=305
[ep   33 | steps   17000 | t    5.0s | sps  3374] ret=0.000 ep_len=500 deliv=0 eps=0.449 |Q|=319
[ep   34 | steps   17500 | t    5.2s | sps  3355] ret=1.000 ep_len=500 deliv=1 eps=0.448 |Q|=331
[ep   35 | steps   18000 | t    5.4s | sps  3353] ret=0.000 ep_len=500 deliv=0 eps=0.446 |Q|=334
[ep   36 | steps   18500 | t    5.5s | sps  3353] ret=0.000 ep_len=500 deliv=0 eps=0.445 |Q|=339
[ep   37 | steps   19000 | t    5.7s | sps  3351] ret=0.000 ep_len=500 deliv=0 eps=0.443 |Q|=341
[ep   38 | steps   19500 | t    5.8s | sps  3348] ret=0.000 ep_len=500 deliv=0 eps=0.442 |Q|=341
[ep   39 | steps   20000 | t    6.0s | sps  3345] ret=0.000 ep_len=500 deliv=0 eps=0.440 |Q|=347
[ep   40 | steps   20500 | t    6.1s | sps  3343] ret=0.000 ep_len=500 deliv=0 eps=0.439 |Q|=352
[ep   41 | steps   21000 | t    6.3s | sps  3343] ret=0.000 ep_len=500 deliv=0 eps=0.437 |Q|=354
[ep   42 | steps   21500 | t    6.4s | sps  3341] ret=0.000 ep_len=500 deliv=0 eps=0.435 |Q|=355
[ep   43 | steps   22000 | t    6.6s | sps  3342] ret=0.000 ep_len=500 deliv=0 eps=0.434 |Q|=359
[ep   44 | steps   22500 | t    6.7s | sps  3339] ret=0.000 ep_len=500 deliv=0 eps=0.432 |Q|=362
[ep   45 | steps   23000 | t    6.9s | sps  3338] ret=0.000 ep_len=500 deliv=0 eps=0.431 |Q|=366
[ep   46 | steps   23500 | t    7.0s | sps  3338] ret=0.000 ep_len=500 deliv=0 eps=0.429 |Q|=367
[ep   47 | steps   24000 | t    7.2s | sps  3336] ret=0.000 ep_len=500 deliv=0 eps=0.428 |Q|=368
[ep   48 | steps   24500 | t    7.3s | sps  3334] ret=0.000 ep_len=500 deliv=0 eps=0.426 |Q|=371
[ep   49 | steps   25000 | t    7.5s | sps  3332] ret=0.000 ep_len=500 deliv=0 eps=0.425 |Q|=373
        [eval] ret_mean=0.000 ep_len=500.0 deliv=0.00
[ep   50 | steps   25500 | t    9.2s | sps  2780] ret=0.000 ep_len=500 deliv=0 eps=0.408 |Q|=411
[ep   51 | steps   26000 | t    9.3s | sps  2788] ret=0.000 ep_len=500 deliv=0 eps=0.407 |Q|=414
[ep   52 | steps   26500 | t    9.5s | sps  2797] ret=0.000 ep_len=500 deliv=0 eps=0.405 |Q|=414
[ep   53 | steps   27000 | t    9.6s | sps  2806] ret=0.000 ep_len=500 deliv=0 eps=0.404 |Q|=415
[ep   54 | steps   27500 | t    9.8s | sps  2813] ret=0.000 ep_len=500 deliv=0 eps=0.402 |Q|=416
[ep   55 | steps   28000 | t    9.9s | sps  2821] ret=0.000 ep_len=500 deliv=0 eps=0.401 |Q|=418
[ep   56 | steps   28500 | t   10.1s | sps  2829] ret=0.000 ep_len=500 deliv=0 eps=0.399 |Q|=423
[ep   57 | steps   29000 | t   10.2s | sps  2834] ret=0.000 ep_len=500 deliv=0 eps=0.398 |Q|=423
[ep   58 | steps   29500 | t   10.4s | sps  2837] ret=1.000 ep_len=500 deliv=1 eps=0.396 |Q|=426
[ep   59 | steps   30000 | t   10.6s | sps  2842] ret=0.000 ep_len=500 deliv=0 eps=0.395 |Q|=426
[ep   60 | steps   30500 | t   10.7s | sps  2848] ret=0.000 ep_len=500 deliv=0 eps=0.394 |Q|=429
[ep   61 | steps   31000 | t   10.9s | sps  2848] ret=1.000 ep_len=500 deliv=1 eps=0.392 |Q|=438
[ep   62 | steps   31500 | t   11.0s | sps  2853] ret=0.000 ep_len=500 deliv=0 eps=0.390 |Q|=439
[ep   63 | steps   32000 | t   11.2s | sps  2859] ret=0.000 ep_len=500 deliv=0 eps=0.389 |Q|=443
[ep   64 | steps   32500 | t   11.3s | sps  2865] ret=0.000 ep_len=500 deliv=0 eps=0.388 |Q|=445
[ep   65 | steps   33000 | t   11.5s | sps  2872] ret=0.000 ep_len=500 deliv=0 eps=0.386 |Q|=448
[ep   66 | steps   33500 | t   11.6s | sps  2876] ret=0.000 ep_len=500 deliv=0 eps=0.385 |Q|=449
[ep   67 | steps   34000 | t   11.8s | sps  2881] ret=0.000 ep_len=500 deliv=0 eps=0.383 |Q|=456
[ep   68 | steps   34500 | t   12.0s | sps  2878] ret=1.000 ep_len=500 deliv=1 eps=0.382 |Q|=465
[ep   69 | steps   35000 | t   12.1s | sps  2883] ret=0.000 ep_len=500 deliv=0 eps=0.380 |Q|=465
[ep   70 | steps   35500 | t   12.3s | sps  2887] ret=0.000 ep_len=500 deliv=0 eps=0.379 |Q|=466
[ep   71 | steps   36000 | t   12.5s | sps  2890] ret=1.000 ep_len=500 deliv=1 eps=0.377 |Q|=476
[ep   72 | steps   36500 | t   12.6s | sps  2893] ret=0.000 ep_len=500 deliv=0 eps=0.376 |Q|=477
[ep   73 | steps   37000 | t   12.8s | sps  2897] ret=0.000 ep_len=500 deliv=0 eps=0.374 |Q|=479
[ep   74 | steps   37500 | t   12.9s | sps  2902] ret=0.000 ep_len=500 deliv=0 eps=0.372 |Q|=482
[ep   75 | steps   38000 | t   13.1s | sps  2906] ret=0.000 ep_len=500 deliv=0 eps=0.371 |Q|=483
[ep   76 | steps   38500 | t   13.2s | sps  2910] ret=0.000 ep_len=500 deliv=0 eps=0.369 |Q|=485
[ep   77 | steps   39000 | t   13.4s | sps  2914] ret=0.000 ep_len=500 deliv=0 eps=0.368 |Q|=488
[ep   78 | steps   39500 | t   13.5s | sps  2918] ret=0.000 ep_len=500 deliv=0 eps=0.366 |Q|=490
[ep   79 | steps   40000 | t   13.7s | sps  2921] ret=0.000 ep_len=500 deliv=0 eps=0.365 |Q|=491
[ep   80 | steps   40500 | t   13.8s | sps  2925] ret=0.000 ep_len=500 deliv=0 eps=0.363 |Q|=491
[ep   81 | steps   41000 | t   14.0s | sps  2928] ret=0.000 ep_len=500 deliv=0 eps=0.362 |Q|=494
[ep   82 | steps   41500 | t   14.2s | sps  2919] ret=0.000 ep_len=500 deliv=0 eps=0.360 |Q|=497
[ep   83 | steps   42000 | t   14.4s | sps  2923] ret=0.000 ep_len=500 deliv=0 eps=0.359 |Q|=500
[ep   84 | steps   42500 | t   14.5s | sps  2928] ret=0.000 ep_len=500 deliv=0 eps=0.358 |Q|=500
[ep   85 | steps   43000 | t   14.7s | sps  2931] ret=0.000 ep_len=500 deliv=0 eps=0.356 |Q|=502
[ep   86 | steps   43500 | t   14.8s | sps  2934] ret=0.000 ep_len=500 deliv=0 eps=0.355 |Q|=504
[ep   87 | steps   44000 | t   15.0s | sps  2936] ret=0.000 ep_len=500 deliv=0 eps=0.353 |Q|=505
[ep   88 | steps   44500 | t   15.1s | sps  2940] ret=0.000 ep_len=500 deliv=0 eps=0.351 |Q|=508
[ep   89 | steps   45000 | t   15.3s | sps  2942] ret=0.000 ep_len=500 deliv=0 eps=0.350 |Q|=510
[ep   90 | steps   45500 | t   15.5s | sps  2941] ret=1.000 ep_len=500 deliv=1 eps=0.349 |Q|=518
[ep   91 | steps   46000 | t   15.6s | sps  2944] ret=0.000 ep_len=500 deliv=0 eps=0.347 |Q|=518
[ep   92 | steps   46500 | t   15.8s | sps  2947] ret=0.000 ep_len=500 deliv=0 eps=0.346 |Q|=522
[ep   93 | steps   47000 | t   15.9s | sps  2950] ret=0.000 ep_len=500 deliv=0 eps=0.344 |Q|=529
[ep   94 | steps   47500 | t   16.1s | sps  2953] ret=0.000 ep_len=500 deliv=0 eps=0.343 |Q|=531
[ep   95 | steps   48000 | t   16.3s | sps  2950] ret=0.000 ep_len=500 deliv=0 eps=0.341 |Q|=535
[ep   96 | steps   48500 | t   16.4s | sps  2952] ret=0.000 ep_len=500 deliv=0 eps=0.340 |Q|=537
[ep   97 | steps   49000 | t   16.6s | sps  2954] ret=0.000 ep_len=500 deliv=0 eps=0.338 |Q|=539
[ep   98 | steps   49500 | t   16.7s | sps  2955] ret=0.000 ep_len=500 deliv=0 eps=0.337 |Q|=540
[ep   99 | steps   50000 | t   16.9s | sps  2958] ret=0.000 ep_len=500 deliv=0 eps=0.335 |Q|=544
        [eval] ret_mean=0.000 ep_len=500.0 deliv=0.00
[ep  100 | steps   50500 | t   18.6s | sps  2717] ret=0.000 ep_len=500 deliv=0 eps=0.319 |Q|=582
[ep  101 | steps   51000 | t   18.7s | sps  2721] ret=0.000 ep_len=500 deliv=0 eps=0.317 |Q|=586
[ep  102 | steps   51500 | t   18.9s | sps  2724] ret=0.000 ep_len=500 deliv=0 eps=0.316 |Q|=589
[ep  103 | steps   52000 | t   19.1s | sps  2729] ret=0.000 ep_len=500 deliv=0 eps=0.314 |Q|=591
[ep  104 | steps   52500 | t   19.2s | sps  2733] ret=0.000 ep_len=500 deliv=0 eps=0.312 |Q|=594
[ep  105 | steps   53000 | t   19.4s | sps  2737] ret=0.000 ep_len=500 deliv=0 eps=0.311 |Q|=596
[ep  106 | steps   53500 | t   19.5s | sps  2741] ret=0.000 ep_len=500 deliv=0 eps=0.309 |Q|=597
[ep  107 | steps   54000 | t   19.7s | sps  2740] ret=1.000 ep_len=500 deliv=1 eps=0.308 |Q|=601
[ep  108 | steps   54500 | t   19.9s | sps  2745] ret=0.000 ep_len=500 deliv=0 eps=0.306 |Q|=602
[ep  109 | steps   55000 | t   20.0s | sps  2745] ret=1.000 ep_len=500 deliv=1 eps=0.305 |Q|=604
[ep  110 | steps   55500 | t   20.2s | sps  2746] ret=1.000 ep_len=500 deliv=1 eps=0.303 |Q|=612
[ep  111 | steps   56000 | t   20.4s | sps  2750] ret=0.000 ep_len=500 deliv=0 eps=0.302 |Q|=614
[ep  112 | steps   56500 | t   20.5s | sps  2753] ret=0.000 ep_len=500 deliv=0 eps=0.300 |Q|=614
[ep  113 | steps   57000 | t   20.7s | sps  2756] ret=0.000 ep_len=500 deliv=0 eps=0.299 |Q|=617
[ep  114 | steps   57500 | t   20.8s | sps  2759] ret=0.000 ep_len=500 deliv=0 eps=0.297 |Q|=618
[ep  115 | steps   58000 | t   21.0s | sps  2760] ret=1.000 ep_len=500 deliv=1 eps=0.296 |Q|=624
[ep  116 | steps   58500 | t   21.2s | sps  2763] ret=0.000 ep_len=500 deliv=0 eps=0.294 |Q|=627
[ep  117 | steps   59000 | t   21.4s | sps  2762] ret=1.000 ep_len=500 deliv=1 eps=0.293 |Q|=631
[ep  118 | steps   59500 | t   21.5s | sps  2766] ret=0.000 ep_len=500 deliv=0 eps=0.291 |Q|=631
[ep  119 | steps   60000 | t   21.7s | sps  2769] ret=0.000 ep_len=500 deliv=0 eps=0.290 |Q|=632
[ep  120 | steps   60500 | t   21.8s | sps  2772] ret=0.000 ep_len=500 deliv=0 eps=0.288 |Q|=633
[ep  121 | steps   61000 | t   22.0s | sps  2771] ret=2.000 ep_len=500 deliv=2 eps=0.287 |Q|=643
[ep  122 | steps   61500 | t   22.2s | sps  2769] ret=0.000 ep_len=500 deliv=0 eps=0.285 |Q|=645
[ep  123 | steps   62000 | t   22.4s | sps  2770] ret=0.000 ep_len=500 deliv=0 eps=0.284 |Q|=647
[ep  124 | steps   62500 | t   22.5s | sps  2773] ret=0.000 ep_len=500 deliv=0 eps=0.282 |Q|=648
[ep  125 | steps   63000 | t   22.7s | sps  2777] ret=0.000 ep_len=500 deliv=0 eps=0.281 |Q|=648
[ep  126 | steps   63500 | t   22.9s | sps  2779] ret=0.000 ep_len=500 deliv=0 eps=0.279 |Q|=649
[ep  127 | steps   64000 | t   23.0s | sps  2778] ret=1.000 ep_len=500 deliv=1 eps=0.278 |Q|=652
[ep  128 | steps   64500 | t   23.2s | sps  2780] ret=0.000 ep_len=500 deliv=0 eps=0.276 |Q|=652
[ep  129 | steps   65000 | t   23.4s | sps  2783] ret=0.000 ep_len=500 deliv=0 eps=0.275 |Q|=655
[ep  130 | steps   65500 | t   23.5s | sps  2783] ret=1.000 ep_len=500 deliv=1 eps=0.274 |Q|=658
[ep  131 | steps   66000 | t   23.7s | sps  2785] ret=0.000 ep_len=500 deliv=0 eps=0.272 |Q|=662
[ep  132 | steps   66500 | t   23.9s | sps  2788] ret=0.000 ep_len=500 deliv=0 eps=0.270 |Q|=662
[ep  133 | steps   67000 | t   24.0s | sps  2790] ret=0.000 ep_len=500 deliv=0 eps=0.269 |Q|=664
[ep  134 | steps   67500 | t   24.2s | sps  2793] ret=0.000 ep_len=500 deliv=0 eps=0.267 |Q|=664
[ep  135 | steps   68000 | t   24.3s | sps  2796] ret=0.000 ep_len=500 deliv=0 eps=0.266 |Q|=667
[ep  136 | steps   68500 | t   24.5s | sps  2798] ret=0.000 ep_len=500 deliv=0 eps=0.265 |Q|=668
[ep  137 | steps   69000 | t   24.6s | sps  2801] ret=0.000 ep_len=500 deliv=0 eps=0.263 |Q|=673
[ep  138 | steps   69500 | t   24.8s | sps  2804] ret=0.000 ep_len=500 deliv=0 eps=0.261 |Q|=674
[ep  139 | steps   70000 | t   24.9s | sps  2807] ret=0.000 ep_len=500 deliv=0 eps=0.260 |Q|=676
[ep  140 | steps   70500 | t   25.1s | sps  2811] ret=0.000 ep_len=500 deliv=0 eps=0.259 |Q|=680
[ep  141 | steps   71000 | t   25.2s | sps  2813] ret=0.000 ep_len=500 deliv=0 eps=0.257 |Q|=680
[ep  142 | steps   71500 | t   25.4s | sps  2815] ret=0.000 ep_len=500 deliv=0 eps=0.256 |Q|=681
[ep  143 | steps   72000 | t   25.6s | sps  2818] ret=0.000 ep_len=500 deliv=0 eps=0.254 |Q|=682
[ep  144 | steps   72500 | t   25.7s | sps  2820] ret=0.000 ep_len=500 deliv=0 eps=0.252 |Q|=682
[ep  145 | steps   73000 | t   25.9s | sps  2822] ret=0.000 ep_len=500 deliv=0 eps=0.251 |Q|=683
[ep  146 | steps   73500 | t   26.0s | sps  2824] ret=0.000 ep_len=500 deliv=0 eps=0.249 |Q|=686
[ep  147 | steps   74000 | t   26.2s | sps  2827] ret=0.000 ep_len=500 deliv=0 eps=0.248 |Q|=687
[ep  148 | steps   74500 | t   26.3s | sps  2830] ret=0.000 ep_len=500 deliv=0 eps=0.246 |Q|=688
[ep  149 | steps   75000 | t   26.5s | sps  2832] ret=0.000 ep_len=500 deliv=0 eps=0.245 |Q|=689
        [eval] ret_mean=0.000 ep_len=500.0 deliv=0.00
[ep  150 | steps   75500 | t   28.2s | sps  2675] ret=0.000 ep_len=500 deliv=0 eps=0.228 |Q|=709
[ep  151 | steps   76000 | t   28.4s | sps  2677] ret=1.000 ep_len=500 deliv=1 eps=0.227 |Q|=714
[ep  152 | steps   76500 | t   28.5s | sps  2680] ret=0.000 ep_len=500 deliv=0 eps=0.225 |Q|=717
[ep  153 | steps   77000 | t   28.7s | sps  2682] ret=0.000 ep_len=500 deliv=0 eps=0.224 |Q|=717
[ep  154 | steps   77500 | t   28.9s | sps  2685] ret=0.000 ep_len=500 deliv=0 eps=0.222 |Q|=719
[ep  155 | steps   78000 | t   29.0s | sps  2688] ret=0.000 ep_len=500 deliv=0 eps=0.221 |Q|=719
[ep  156 | steps   78500 | t   29.2s | sps  2690] ret=0.000 ep_len=500 deliv=0 eps=0.220 |Q|=720
[ep  157 | steps   79000 | t   29.3s | sps  2693] ret=0.000 ep_len=500 deliv=0 eps=0.218 |Q|=720
[ep  158 | steps   79500 | t   29.5s | sps  2695] ret=0.000 ep_len=500 deliv=0 eps=0.216 |Q|=721
[ep  159 | steps   80000 | t   29.7s | sps  2698] ret=0.000 ep_len=500 deliv=0 eps=0.215 |Q|=721
[ep  160 | steps   80500 | t   29.8s | sps  2700] ret=0.000 ep_len=500 deliv=0 eps=0.213 |Q|=723
[ep  161 | steps   81000 | t   30.0s | sps  2703] ret=0.000 ep_len=500 deliv=0 eps=0.212 |Q|=727
[ep  162 | steps   81500 | t   30.1s | sps  2705] ret=0.000 ep_len=500 deliv=0 eps=0.211 |Q|=728
[ep  163 | steps   82000 | t   30.3s | sps  2708] ret=0.000 ep_len=500 deliv=0 eps=0.209 |Q|=728
[ep  164 | steps   82500 | t   30.4s | sps  2710] ret=0.000 ep_len=500 deliv=0 eps=0.207 |Q|=728
[ep  165 | steps   83000 | t   30.6s | sps  2713] ret=0.000 ep_len=500 deliv=0 eps=0.206 |Q|=731
[ep  166 | steps   83500 | t   30.8s | sps  2715] ret=0.000 ep_len=500 deliv=0 eps=0.205 |Q|=732
[ep  167 | steps   84000 | t   30.9s | sps  2717] ret=0.000 ep_len=500 deliv=0 eps=0.203 |Q|=732
[ep  168 | steps   84500 | t   31.1s | sps  2719] ret=0.000 ep_len=500 deliv=0 eps=0.202 |Q|=732
[ep  169 | steps   85000 | t   31.2s | sps  2722] ret=0.000 ep_len=500 deliv=0 eps=0.200 |Q|=735
[ep  170 | steps   85500 | t   31.4s | sps  2724] ret=0.000 ep_len=500 deliv=0 eps=0.198 |Q|=736
[ep  171 | steps   86000 | t   31.6s | sps  2726] ret=0.000 ep_len=500 deliv=0 eps=0.197 |Q|=738
[ep  172 | steps   86500 | t   31.7s | sps  2728] ret=0.000 ep_len=500 deliv=0 eps=0.196 |Q|=742
[ep  173 | steps   87000 | t   31.9s | sps  2730] ret=0.000 ep_len=500 deliv=0 eps=0.194 |Q|=742
[ep  174 | steps   87500 | t   32.0s | sps  2732] ret=0.000 ep_len=500 deliv=0 eps=0.193 |Q|=742
[ep  175 | steps   88000 | t   32.2s | sps  2733] ret=0.000 ep_len=500 deliv=0 eps=0.191 |Q|=744
[ep  176 | steps   88500 | t   32.4s | sps  2735] ret=0.000 ep_len=500 deliv=0 eps=0.190 |Q|=744
[ep  177 | steps   89000 | t   32.5s | sps  2735] ret=1.000 ep_len=500 deliv=1 eps=0.188 |Q|=744
[ep  178 | steps   89500 | t   32.7s | sps  2737] ret=0.000 ep_len=500 deliv=0 eps=0.186 |Q|=747
[ep  179 | steps   90000 | t   32.9s | sps  2739] ret=0.000 ep_len=500 deliv=0 eps=0.185 |Q|=747
[ep  180 | steps   90500 | t   33.0s | sps  2741] ret=0.000 ep_len=500 deliv=0 eps=0.183 |Q|=748
[ep  181 | steps   91000 | t   33.2s | sps  2743] ret=0.000 ep_len=500 deliv=0 eps=0.182 |Q|=750
[ep  182 | steps   91500 | t   33.3s | sps  2745] ret=0.000 ep_len=500 deliv=0 eps=0.180 |Q|=750
[ep  183 | steps   92000 | t   33.5s | sps  2746] ret=1.000 ep_len=500 deliv=1 eps=0.179 |Q|=751
[ep  184 | steps   92500 | t   33.7s | sps  2748] ret=0.000 ep_len=500 deliv=0 eps=0.177 |Q|=752
[ep  185 | steps   93000 | t   33.8s | sps  2749] ret=0.000 ep_len=500 deliv=0 eps=0.176 |Q|=753
[ep  186 | steps   93500 | t   34.0s | sps  2751] ret=0.000 ep_len=500 deliv=0 eps=0.174 |Q|=753
[ep  187 | steps   94000 | t   34.2s | sps  2752] ret=0.000 ep_len=500 deliv=0 eps=0.173 |Q|=753
[ep  188 | steps   94500 | t   34.3s | sps  2754] ret=0.000 ep_len=500 deliv=0 eps=0.171 |Q|=754
[ep  189 | steps   95000 | t   34.5s | sps  2755] ret=0.000 ep_len=500 deliv=0 eps=0.170 |Q|=755
[ep  190 | steps   95500 | t   34.6s | sps  2757] ret=0.000 ep_len=500 deliv=0 eps=0.168 |Q|=756
[ep  191 | steps   96000 | t   34.8s | sps  2759] ret=0.000 ep_len=500 deliv=0 eps=0.167 |Q|=757
[ep  192 | steps   96500 | t   35.0s | sps  2760] ret=0.000 ep_len=500 deliv=0 eps=0.166 |Q|=758
[ep  193 | steps   97000 | t   35.1s | sps  2762] ret=0.000 ep_len=500 deliv=0 eps=0.164 |Q|=761
[ep  194 | steps   97500 | t   35.3s | sps  2761] ret=1.000 ep_len=500 deliv=1 eps=0.162 |Q|=765
[ep  195 | steps   98000 | t   35.5s | sps  2763] ret=0.000 ep_len=500 deliv=0 eps=0.161 |Q|=765
[ep  196 | steps   98500 | t   35.7s | sps  2762] ret=1.000 ep_len=500 deliv=1 eps=0.159 |Q|=767
[ep  197 | steps   99000 | t   35.8s | sps  2762] ret=1.000 ep_len=500 deliv=1 eps=0.158 |Q|=770
[ep  198 | steps   99500 | t   36.0s | sps  2763] ret=0.000 ep_len=500 deliv=0 eps=0.157 |Q|=770
[ep  199 | steps  100000 | t   36.2s | sps  2765] ret=0.000 ep_len=500 deliv=0 eps=0.155 |Q|=770
        [eval] ret_mean=0.000 ep_len=500.0 deliv=0.00
[ep  200 | steps  100500 | t   38.0s | sps  2645] ret=0.000 ep_len=500 deliv=0 eps=0.139 |Q|=774
[ep  201 | steps  101000 | t   38.2s | sps  2647] ret=0.000 ep_len=500 deliv=0 eps=0.137 |Q|=775
[ep  202 | steps  101500 | t   38.3s | sps  2649] ret=0.000 ep_len=500 deliv=0 eps=0.135 |Q|=776
[ep  203 | steps  102000 | t   38.5s | sps  2651] ret=0.000 ep_len=500 deliv=0 eps=0.134 |Q|=776
[ep  204 | steps  102500 | t   38.6s | sps  2652] ret=0.000 ep_len=500 deliv=0 eps=0.133 |Q|=777
[ep  205 | steps  103000 | t   38.8s | sps  2654] ret=0.000 ep_len=500 deliv=0 eps=0.131 |Q|=780
[ep  206 | steps  103500 | t   39.0s | sps  2656] ret=0.000 ep_len=500 deliv=0 eps=0.130 |Q|=781
[ep  207 | steps  104000 | t   39.1s | sps  2658] ret=0.000 ep_len=500 deliv=0 eps=0.128 |Q|=781
[ep  208 | steps  104500 | t   39.3s | sps  2657] ret=1.000 ep_len=500 deliv=1 eps=0.127 |Q|=785
[ep  209 | steps  105000 | t   39.5s | sps  2659] ret=0.000 ep_len=500 deliv=0 eps=0.125 |Q|=785
[ep  210 | steps  105500 | t   39.7s | sps  2660] ret=0.000 ep_len=500 deliv=0 eps=0.123 |Q|=785
[ep  211 | steps  106000 | t   39.9s | sps  2658] ret=0.000 ep_len=500 deliv=0 eps=0.122 |Q|=786
[ep  212 | steps  106500 | t   40.0s | sps  2660] ret=0.000 ep_len=500 deliv=0 eps=0.120 |Q|=786
[ep  213 | steps  107000 | t   40.2s | sps  2661] ret=0.000 ep_len=500 deliv=0 eps=0.119 |Q|=786
[ep  214 | steps  107500 | t   40.4s | sps  2662] ret=0.000 ep_len=500 deliv=0 eps=0.117 |Q|=787
[ep  215 | steps  108000 | t   40.5s | sps  2664] ret=0.000 ep_len=500 deliv=0 eps=0.116 |Q|=790
[ep  216 | steps  108500 | t   40.7s | sps  2665] ret=0.000 ep_len=500 deliv=0 eps=0.114 |Q|=790
[ep  217 | steps  109000 | t   40.9s | sps  2667] ret=0.000 ep_len=500 deliv=0 eps=0.113 |Q|=790
[ep  218 | steps  109500 | t   41.0s | sps  2669] ret=0.000 ep_len=500 deliv=0 eps=0.111 |Q|=792
[ep  219 | steps  110000 | t   41.2s | sps  2671] ret=0.000 ep_len=500 deliv=0 eps=0.110 |Q|=795
[ep  220 | steps  110500 | t   41.3s | sps  2673] ret=0.000 ep_len=500 deliv=0 eps=0.108 |Q|=796
[ep  221 | steps  111000 | t   41.5s | sps  2674] ret=0.000 ep_len=500 deliv=0 eps=0.107 |Q|=796
[ep  222 | steps  111500 | t   41.7s | sps  2676] ret=0.000 ep_len=500 deliv=0 eps=0.105 |Q|=800
[ep  223 | steps  112000 | t   41.8s | sps  2677] ret=0.000 ep_len=500 deliv=0 eps=0.104 |Q|=801
[ep  224 | steps  112500 | t   42.0s | sps  2679] ret=0.000 ep_len=500 deliv=0 eps=0.102 |Q|=802
[ep  225 | steps  113000 | t   42.2s | sps  2680] ret=0.000 ep_len=500 deliv=0 eps=0.101 |Q|=802
[ep  226 | steps  113500 | t   42.3s | sps  2681] ret=0.000 ep_len=500 deliv=0 eps=0.099 |Q|=802
[ep  227 | steps  114000 | t   42.5s | sps  2683] ret=0.000 ep_len=500 deliv=0 eps=0.098 |Q|=804
[ep  228 | steps  114500 | t   42.7s | sps  2684] ret=0.000 ep_len=500 deliv=0 eps=0.097 |Q|=804
[ep  229 | steps  115000 | t   42.8s | sps  2686] ret=0.000 ep_len=500 deliv=0 eps=0.095 |Q|=805
[ep  230 | steps  115500 | t   43.0s | sps  2687] ret=0.000 ep_len=500 deliv=0 eps=0.093 |Q|=805
[ep  231 | steps  116000 | t   43.1s | sps  2689] ret=0.000 ep_len=500 deliv=0 eps=0.092 |Q|=806
[ep  232 | steps  116500 | t   43.3s | sps  2690] ret=0.000 ep_len=500 deliv=0 eps=0.090 |Q|=807
[ep  233 | steps  117000 | t   43.5s | sps  2691] ret=0.000 ep_len=500 deliv=0 eps=0.089 |Q|=807
[ep  234 | steps  117500 | t   43.6s | sps  2693] ret=0.000 ep_len=500 deliv=0 eps=0.088 |Q|=808
[ep  235 | steps  118000 | t   43.8s | sps  2695] ret=0.000 ep_len=500 deliv=0 eps=0.086 |Q|=808
[ep  236 | steps  118500 | t   43.9s | sps  2696] ret=0.000 ep_len=500 deliv=0 eps=0.084 |Q|=808
[ep  237 | steps  119000 | t   44.1s | sps  2698] ret=0.000 ep_len=500 deliv=0 eps=0.083 |Q|=808
[ep  238 | steps  119500 | t   44.3s | sps  2699] ret=0.000 ep_len=500 deliv=0 eps=0.081 |Q|=808
[ep  239 | steps  120000 | t   44.4s | sps  2701] ret=0.000 ep_len=500 deliv=0 eps=0.080 |Q|=809
[ep  240 | steps  120500 | t   44.6s | sps  2702] ret=0.000 ep_len=500 deliv=0 eps=0.079 |Q|=809
[ep  241 | steps  121000 | t   44.8s | sps  2703] ret=0.000 ep_len=500 deliv=0 eps=0.077 |Q|=810
[ep  242 | steps  121500 | t   44.9s | sps  2705] ret=0.000 ep_len=500 deliv=0 eps=0.075 |Q|=810
[ep  243 | steps  122000 | t   45.1s | sps  2706] ret=0.000 ep_len=500 deliv=0 eps=0.074 |Q|=810
[ep  244 | steps  122500 | t   45.2s | sps  2707] ret=0.000 ep_len=500 deliv=0 eps=0.073 |Q|=810
[ep  245 | steps  123000 | t   45.4s | sps  2709] ret=0.000 ep_len=500 deliv=0 eps=0.071 |Q|=810
[ep  246 | steps  123500 | t   45.6s | sps  2708] ret=1.000 ep_len=500 deliv=1 eps=0.070 |Q|=815
[ep  247 | steps  124000 | t   45.8s | sps  2710] ret=0.000 ep_len=500 deliv=0 eps=0.068 |Q|=816
[ep  248 | steps  124500 | t   46.0s | sps  2709] ret=0.000 ep_len=500 deliv=0 eps=0.066 |Q|=817
[ep  249 | steps  125000 | t   46.1s | sps  2710] ret=0.000 ep_len=500 deliv=0 eps=0.065 |Q|=818
        [eval] ret_mean=0.100 ep_len=500.0 deliv=0.10
[ep  250 | steps  125500 | t   47.9s | sps  2620] ret=0.000 ep_len=500 deliv=0 eps=0.050 |Q|=827
[ep  251 | steps  126000 | t   48.1s | sps  2622] ret=0.000 ep_len=500 deliv=0 eps=0.050 |Q|=829
[ep  252 | steps  126500 | t   48.2s | sps  2623] ret=0.000 ep_len=500 deliv=0 eps=0.050 |Q|=829
[ep  253 | steps  127000 | t   48.4s | sps  2624] ret=0.000 ep_len=500 deliv=0 eps=0.050 |Q|=829
[ep  254 | steps  127500 | t   48.6s | sps  2626] ret=0.000 ep_len=500 deliv=0 eps=0.050 |Q|=829
[ep  255 | steps  128000 | t   48.7s | sps  2627] ret=0.000 ep_len=500 deliv=0 eps=0.050 |Q|=829
[ep  256 | steps  128500 | t   48.9s | sps  2629] ret=0.000 ep_len=500 deliv=0 eps=0.050 |Q|=829
[ep  257 | steps  129000 | t   49.0s | sps  2630] ret=0.000 ep_len=500 deliv=0 eps=0.050 |Q|=830
[ep  258 | steps  129500 | t   49.2s | sps  2632] ret=0.000 ep_len=500 deliv=0 eps=0.050 |Q|=832
[ep  259 | steps  130000 | t   49.4s | sps  2632] ret=0.000 ep_len=500 deliv=0 eps=0.050 |Q|=834
[ep  260 | steps  130500 | t   49.6s | sps  2633] ret=0.000 ep_len=500 deliv=0 eps=0.050 |Q|=836
[ep  261 | steps  131000 | t   49.7s | sps  2634] ret=0.000 ep_len=500 deliv=0 eps=0.050 |Q|=836
[ep  262 | steps  131500 | t   49.9s | sps  2634] ret=1.000 ep_len=500 deliv=1 eps=0.050 |Q|=841
[ep  263 | steps  132000 | t   50.1s | sps  2636] ret=0.000 ep_len=500 deliv=0 eps=0.050 |Q|=841
[ep  264 | steps  132500 | t   50.2s | sps  2637] ret=0.000 ep_len=500 deliv=0 eps=0.050 |Q|=841
[ep  265 | steps  133000 | t   50.4s | sps  2639] ret=0.000 ep_len=500 deliv=0 eps=0.050 |Q|=843
[ep  266 | steps  133500 | t   50.6s | sps  2640] ret=0.000 ep_len=500 deliv=0 eps=0.050 |Q|=843
[ep  267 | steps  134000 | t   50.7s | sps  2641] ret=0.000 ep_len=500 deliv=0 eps=0.050 |Q|=843
[ep  268 | steps  134500 | t   50.9s | sps  2642] ret=0.000 ep_len=500 deliv=0 eps=0.050 |Q|=847
[ep  269 | steps  135000 | t   51.1s | sps  2644] ret=0.000 ep_len=500 deliv=0 eps=0.050 |Q|=847
[ep  270 | steps  135500 | t   51.2s | sps  2645] ret=0.000 ep_len=500 deliv=0 eps=0.050 |Q|=849
[ep  271 | steps  136000 | t   51.4s | sps  2647] ret=0.000 ep_len=500 deliv=0 eps=0.050 |Q|=849
[ep  272 | steps  136500 | t   51.6s | sps  2648] ret=0.000 ep_len=500 deliv=0 eps=0.050 |Q|=849
[ep  273 | steps  137000 | t   51.8s | sps  2646] ret=0.000 ep_len=500 deliv=0 eps=0.050 |Q|=851
[ep  274 | steps  137500 | t   51.9s | sps  2647] ret=0.000 ep_len=500 deliv=0 eps=0.050 |Q|=854
[ep  275 | steps  138000 | t   52.1s | sps  2648] ret=0.000 ep_len=500 deliv=0 eps=0.050 |Q|=856
[ep  276 | steps  138500 | t   52.3s | sps  2649] ret=0.000 ep_len=500 deliv=0 eps=0.050 |Q|=856
[ep  277 | steps  139000 | t   52.5s | sps  2650] ret=1.000 ep_len=500 deliv=1 eps=0.050 |Q|=859
[ep  278 | steps  139500 | t   52.6s | sps  2651] ret=0.000 ep_len=500 deliv=0 eps=0.050 |Q|=860
[ep  279 | steps  140000 | t   52.8s | sps  2652] ret=0.000 ep_len=500 deliv=0 eps=0.050 |Q|=862
[ep  280 | steps  140500 | t   53.0s | sps  2653] ret=0.000 ep_len=500 deliv=0 eps=0.050 |Q|=862
[ep  281 | steps  141000 | t   53.1s | sps  2654] ret=0.000 ep_len=500 deliv=0 eps=0.050 |Q|=862
[ep  282 | steps  141500 | t   53.3s | sps  2655] ret=0.000 ep_len=500 deliv=0 eps=0.050 |Q|=863
[ep  283 | steps  142000 | t   53.5s | sps  2656] ret=0.000 ep_len=500 deliv=0 eps=0.050 |Q|=866
[ep  284 | steps  142500 | t   53.6s | sps  2657] ret=0.000 ep_len=500 deliv=0 eps=0.050 |Q|=868
[ep  285 | steps  143000 | t   53.8s | sps  2658] ret=0.000 ep_len=500 deliv=0 eps=0.050 |Q|=868
[ep  286 | steps  143500 | t   54.0s | sps  2659] ret=0.000 ep_len=500 deliv=0 eps=0.050 |Q|=869
[ep  287 | steps  144000 | t   54.2s | sps  2659] ret=1.000 ep_len=500 deliv=1 eps=0.050 |Q|=871
[ep  288 | steps  144500 | t   54.4s | sps  2659] ret=1.000 ep_len=500 deliv=1 eps=0.050 |Q|=876
[ep  289 | steps  145000 | t   54.5s | sps  2660] ret=0.000 ep_len=500 deliv=0 eps=0.050 |Q|=876
[ep  290 | steps  145500 | t   54.7s | sps  2660] ret=0.000 ep_len=500 deliv=0 eps=0.050 |Q|=876
[ep  291 | steps  146000 | t   54.9s | sps  2661] ret=0.000 ep_len=500 deliv=0 eps=0.050 |Q|=879
[ep  292 | steps  146500 | t   55.0s | sps  2662] ret=0.000 ep_len=500 deliv=0 eps=0.050 |Q|=879
[ep  293 | steps  147000 | t   55.2s | sps  2664] ret=0.000 ep_len=500 deliv=0 eps=0.050 |Q|=879
[ep  294 | steps  147500 | t   55.4s | sps  2665] ret=0.000 ep_len=500 deliv=0 eps=0.050 |Q|=879
[ep  295 | steps  148000 | t   55.6s | sps  2664] ret=0.000 ep_len=500 deliv=0 eps=0.050 |Q|=881
[ep  296 | steps  148500 | t   55.8s | sps  2663] ret=0.000 ep_len=500 deliv=0 eps=0.050 |Q|=881
[ep  297 | steps  149000 | t   56.0s | sps  2661] ret=0.000 ep_len=500 deliv=0 eps=0.050 |Q|=881
[ep  298 | steps  149500 | t   56.2s | sps  2660] ret=0.000 ep_len=500 deliv=0 eps=0.050 |Q|=882
[ep  299 | steps  150000 | t   56.4s | sps  2659] ret=0.000 ep_len=500 deliv=0 eps=0.050 |Q|=882
        [eval] ret_mean=0.000 ep_len=500.0 deliv=0.00
[ep  300 | steps  150500 | t   60.3s | sps  2497] ret=0.000 ep_len=500 deliv=0 eps=0.050 |Q|=888
[ep  301 | steps  151000 | t   60.5s | sps  2495] ret=0.000 ep_len=500 deliv=0 eps=0.050 |Q|=890
[ep  302 | steps  151500 | t   60.8s | sps  2493] ret=0.000 ep_len=500 deliv=0 eps=0.050 |Q|=891
[ep  303 | steps  152000 | t   61.0s | sps  2491] ret=1.000 ep_len=500 deliv=1 eps=0.050 |Q|=893
[ep  304 | steps  152500 | t   61.2s | sps  2491] ret=0.000 ep_len=500 deliv=0 eps=0.050 |Q|=893
[ep  305 | steps  153000 | t   61.4s | sps  2491] ret=0.000 ep_len=500 deliv=0 eps=0.050 |Q|=893
[ep  306 | steps  153500 | t   61.7s | sps  2489] ret=1.000 ep_len=500 deliv=1 eps=0.050 |Q|=896
[ep  307 | steps  154000 | t   61.9s | sps  2489] ret=0.000 ep_len=500 deliv=0 eps=0.050 |Q|=896
[ep  308 | steps  154500 | t   62.1s | sps  2488] ret=0.000 ep_len=500 deliv=0 eps=0.050 |Q|=902
[ep  309 | steps  155000 | t   62.3s | sps  2488] ret=0.000 ep_len=500 deliv=0 eps=0.050 |Q|=902
[ep  310 | steps  155500 | t   62.5s | sps  2488] ret=0.000 ep_len=500 deliv=0 eps=0.050 |Q|=902
[ep  311 | steps  156000 | t   62.7s | sps  2486] ret=0.000 ep_len=500 deliv=0 eps=0.050 |Q|=904
[ep  312 | steps  156500 | t   62.9s | sps  2486] ret=0.000 ep_len=500 deliv=0 eps=0.050 |Q|=904
[ep  313 | steps  157000 | t   63.2s | sps  2486] ret=0.000 ep_len=500 deliv=0 eps=0.050 |Q|=904
[ep  314 | steps  157500 | t   63.4s | sps  2486] ret=0.000 ep_len=500 deliv=0 eps=0.050 |Q|=904
[ep  315 | steps  158000 | t   63.7s | sps  2481] ret=2.000 ep_len=500 deliv=2 eps=0.050 |Q|=912
[ep  316 | steps  158500 | t   64.0s | sps  2478] ret=1.000 ep_len=500 deliv=1 eps=0.050 |Q|=915
[ep  317 | steps  159000 | t   64.2s | sps  2478] ret=0.000 ep_len=500 deliv=0 eps=0.050 |Q|=915
[ep  318 | steps  159500 | t   64.4s | sps  2476] ret=0.000 ep_len=500 deliv=0 eps=0.050 |Q|=915
[ep  319 | steps  160000 | t   64.6s | sps  2475] ret=0.000 ep_len=500 deliv=0 eps=0.050 |Q|=915
[ep  320 | steps  160500 | t   64.9s | sps  2473] ret=0.000 ep_len=500 deliv=0 eps=0.050 |Q|=915
[ep  321 | steps  161000 | t   65.1s | sps  2472] ret=0.000 ep_len=500 deliv=0 eps=0.050 |Q|=915
[ep  322 | steps  161500 | t   65.4s | sps  2471] ret=0.000 ep_len=500 deliv=0 eps=0.050 |Q|=915
[ep  323 | steps  162000 | t   65.6s | sps  2469] ret=0.000 ep_len=500 deliv=0 eps=0.050 |Q|=915
[ep  324 | steps  162500 | t   65.8s | sps  2468] ret=0.000 ep_len=500 deliv=0 eps=0.050 |Q|=915
[ep  325 | steps  163000 | t   66.1s | sps  2467] ret=0.000 ep_len=500 deliv=0 eps=0.050 |Q|=915
[ep  326 | steps  163500 | t   66.4s | sps  2464] ret=0.000 ep_len=500 deliv=0 eps=0.050 |Q|=915
[ep  327 | steps  164000 | t   66.6s | sps  2462] ret=0.000 ep_len=500 deliv=0 eps=0.050 |Q|=915
[ep  328 | steps  164500 | t   66.9s | sps  2460] ret=0.000 ep_len=500 deliv=0 eps=0.050 |Q|=915
[ep  329 | steps  165000 | t   67.1s | sps  2459] ret=0.000 ep_len=500 deliv=0 eps=0.050 |Q|=915
[ep  330 | steps  165500 | t   67.3s | sps  2459] ret=0.000 ep_len=500 deliv=0 eps=0.050 |Q|=915
[ep  331 | steps  166000 | t   67.5s | sps  2459] ret=0.000 ep_len=500 deliv=0 eps=0.050 |Q|=915
[ep  332 | steps  166500 | t   67.7s | sps  2458] ret=0.000 ep_len=500 deliv=0 eps=0.050 |Q|=917
[ep  333 | steps  167000 | t   68.0s | sps  2457] ret=0.000 ep_len=500 deliv=0 eps=0.050 |Q|=917
[ep  334 | steps  167500 | t   68.3s | sps  2453] ret=0.000 ep_len=500 deliv=0 eps=0.050 |Q|=917
[ep  335 | steps  168000 | t   68.5s | sps  2453] ret=0.000 ep_len=500 deliv=0 eps=0.050 |Q|=917
[ep  336 | steps  168500 | t   68.8s | sps  2450] ret=1.000 ep_len=500 deliv=1 eps=0.050 |Q|=918
[ep  337 | steps  169000 | t   69.0s | sps  2451] ret=0.000 ep_len=500 deliv=0 eps=0.050 |Q|=918
[ep  338 | steps  169500 | t   69.2s | sps  2450] ret=0.000 ep_len=500 deliv=0 eps=0.050 |Q|=920
[ep  339 | steps  170000 | t   69.4s | sps  2450] ret=0.000 ep_len=500 deliv=0 eps=0.050 |Q|=920
[ep  340 | steps  170500 | t   69.6s | sps  2450] ret=0.000 ep_len=500 deliv=0 eps=0.050 |Q|=920
[ep  341 | steps  171000 | t   69.8s | sps  2449] ret=0.000 ep_len=500 deliv=0 eps=0.050 |Q|=920
[ep  342 | steps  171500 | t   70.0s | sps  2448] ret=0.000 ep_len=500 deliv=0 eps=0.050 |Q|=920
[ep  343 | steps  172000 | t   70.3s | sps  2448] ret=0.000 ep_len=500 deliv=0 eps=0.050 |Q|=922
[ep  344 | steps  172500 | t   70.5s | sps  2445] ret=1.000 ep_len=500 deliv=1 eps=0.050 |Q|=928
[ep  345 | steps  173000 | t   70.8s | sps  2444] ret=0.000 ep_len=500 deliv=0 eps=0.050 |Q|=928
[ep  346 | steps  173500 | t   71.0s | sps  2442] ret=0.000 ep_len=500 deliv=0 eps=0.050 |Q|=928
[ep  347 | steps  174000 | t   71.3s | sps  2441] ret=0.000 ep_len=500 deliv=0 eps=0.050 |Q|=928
[ep  348 | steps  174500 | t   71.5s | sps  2441] ret=0.000 ep_len=500 deliv=0 eps=0.050 |Q|=928
[ep  349 | steps  175000 | t   71.7s | sps  2439] ret=0.000 ep_len=500 deliv=0 eps=0.050 |Q|=929
        [eval] ret_mean=0.300 ep_len=500.0 deliv=0.30
[ep  350 | steps  175500 | t   74.7s | sps  2351] ret=0.000 ep_len=500 deliv=0 eps=0.050 |Q|=936
[ep  351 | steps  176000 | t   74.8s | sps  2353] ret=0.000 ep_len=500 deliv=0 eps=0.050 |Q|=937
[ep  352 | steps  176500 | t   75.0s | sps  2354] ret=0.000 ep_len=500 deliv=0 eps=0.050 |Q|=937
[ep  353 | steps  177000 | t   75.1s | sps  2355] ret=0.000 ep_len=500 deliv=0 eps=0.050 |Q|=937
[ep  354 | steps  177500 | t   75.3s | sps  2357] ret=0.000 ep_len=500 deliv=0 eps=0.050 |Q|=937
[ep  355 | steps  178000 | t   75.5s | sps  2358] ret=0.000 ep_len=500 deliv=0 eps=0.050 |Q|=937
[ep  356 | steps  178500 | t   75.6s | sps  2360] ret=0.000 ep_len=500 deliv=0 eps=0.050 |Q|=938
[ep  357 | steps  179000 | t   75.8s | sps  2361] ret=0.000 ep_len=500 deliv=0 eps=0.050 |Q|=938
[ep  358 | steps  179500 | t   76.0s | sps  2363] ret=0.000 ep_len=500 deliv=0 eps=0.050 |Q|=938
[ep  359 | steps  180000 | t   76.1s | sps  2364] ret=0.000 ep_len=500 deliv=0 eps=0.050 |Q|=938
[ep  360 | steps  180500 | t   76.3s | sps  2365] ret=1.000 ep_len=500 deliv=1 eps=0.050 |Q|=938
[ep  361 | steps  181000 | t   76.5s | sps  2366] ret=1.000 ep_len=500 deliv=1 eps=0.050 |Q|=942
[ep  362 | steps  181500 | t   76.7s | sps  2367] ret=0.000 ep_len=500 deliv=0 eps=0.050 |Q|=942
[ep  363 | steps  182000 | t   76.8s | sps  2368] ret=0.000 ep_len=500 deliv=0 eps=0.050 |Q|=942
[ep  364 | steps  182500 | t   77.0s | sps  2369] ret=1.000 ep_len=500 deliv=1 eps=0.050 |Q|=942
[ep  365 | steps  183000 | t   77.2s | sps  2370] ret=0.000 ep_len=500 deliv=0 eps=0.050 |Q|=942
[ep  366 | steps  183500 | t   77.4s | sps  2372] ret=0.000 ep_len=500 deliv=0 eps=0.050 |Q|=942
[ep  367 | steps  184000 | t   77.5s | sps  2373] ret=0.000 ep_len=500 deliv=0 eps=0.050 |Q|=942
[ep  368 | steps  184500 | t   77.7s | sps  2375] ret=0.000 ep_len=500 deliv=0 eps=0.050 |Q|=942
[ep  369 | steps  185000 | t   77.9s | sps  2376] ret=0.000 ep_len=500 deliv=0 eps=0.050 |Q|=942
[ep  370 | steps  185500 | t   78.0s | sps  2377] ret=0.000 ep_len=500 deliv=0 eps=0.050 |Q|=942
[ep  371 | steps  186000 | t   78.2s | sps  2379] ret=0.000 ep_len=500 deliv=0 eps=0.050 |Q|=942
[ep  372 | steps  186500 | t   78.4s | sps  2377] ret=0.000 ep_len=500 deliv=0 eps=0.050 |Q|=942
[ep  373 | steps  187000 | t   78.6s | sps  2379] ret=0.000 ep_len=500 deliv=0 eps=0.050 |Q|=942
[ep  374 | steps  187500 | t   78.8s | sps  2380] ret=0.000 ep_len=500 deliv=0 eps=0.050 |Q|=942
[ep  375 | steps  188000 | t   78.9s | sps  2381] ret=0.000 ep_len=500 deliv=0 eps=0.050 |Q|=942
[ep  376 | steps  188500 | t   79.1s | sps  2383] ret=0.000 ep_len=500 deliv=0 eps=0.050 |Q|=942
[ep  377 | steps  189000 | t   79.3s | sps  2383] ret=1.000 ep_len=500 deliv=1 eps=0.050 |Q|=945
[ep  378 | steps  189500 | t   79.5s | sps  2384] ret=0.000 ep_len=500 deliv=0 eps=0.050 |Q|=945
[ep  379 | steps  190000 | t   79.6s | sps  2386] ret=0.000 ep_len=500 deliv=0 eps=0.050 |Q|=945
[ep  380 | steps  190500 | t   79.8s | sps  2387] ret=0.000 ep_len=500 deliv=0 eps=0.050 |Q|=946
[ep  381 | steps  191000 | t   80.0s | sps  2388] ret=0.000 ep_len=500 deliv=0 eps=0.050 |Q|=946
[ep  382 | steps  191500 | t   80.2s | sps  2389] ret=0.000 ep_len=500 deliv=0 eps=0.050 |Q|=946
[ep  383 | steps  192000 | t   80.3s | sps  2391] ret=0.000 ep_len=500 deliv=0 eps=0.050 |Q|=946
[ep  384 | steps  192500 | t   80.5s | sps  2392] ret=0.000 ep_len=500 deliv=0 eps=0.050 |Q|=946
[ep  385 | steps  193000 | t   80.6s | sps  2393] ret=0.000 ep_len=500 deliv=0 eps=0.050 |Q|=948
[ep  386 | steps  193500 | t   80.8s | sps  2394] ret=0.000 ep_len=500 deliv=0 eps=0.050 |Q|=948
[ep  387 | steps  194000 | t   81.0s | sps  2396] ret=0.000 ep_len=500 deliv=0 eps=0.050 |Q|=948
[ep  388 | steps  194500 | t   81.2s | sps  2397] ret=0.000 ep_len=500 deliv=0 eps=0.050 |Q|=948
[ep  389 | steps  195000 | t   81.3s | sps  2398] ret=0.000 ep_len=500 deliv=0 eps=0.050 |Q|=949
[ep  390 | steps  195500 | t   81.5s | sps  2399] ret=0.000 ep_len=500 deliv=0 eps=0.050 |Q|=949
[ep  391 | steps  196000 | t   81.7s | sps  2400] ret=0.000 ep_len=500 deliv=0 eps=0.050 |Q|=949
[ep  392 | steps  196500 | t   81.9s | sps  2401] ret=1.000 ep_len=500 deliv=1 eps=0.050 |Q|=954
[ep  393 | steps  197000 | t   82.0s | sps  2402] ret=0.000 ep_len=500 deliv=0 eps=0.050 |Q|=954
[ep  394 | steps  197500 | t   82.2s | sps  2403] ret=0.000 ep_len=500 deliv=0 eps=0.050 |Q|=954
[ep  395 | steps  198000 | t   82.3s | sps  2405] ret=0.000 ep_len=500 deliv=0 eps=0.050 |Q|=957
[ep  396 | steps  198500 | t   82.5s | sps  2406] ret=0.000 ep_len=500 deliv=0 eps=0.050 |Q|=957
[ep  397 | steps  199000 | t   82.7s | sps  2407] ret=0.000 ep_len=500 deliv=0 eps=0.050 |Q|=957
[ep  398 | steps  199500 | t   82.9s | sps  2408] ret=0.000 ep_len=500 deliv=0 eps=0.050 |Q|=957
[ep  399 | steps  200000 | t   83.1s | sps  2407] ret=0.000 ep_len=500 deliv=0 eps=0.050 |Q|=957
        [eval] ret_mean=0.200 ep_len=500.0 deliv=0.20
[ep  400 | steps  200500 | t   85.0s | sps  2360] ret=0.000 ep_len=500 deliv=0 eps=0.050 |Q|=960
[ep  401 | steps  201000 | t   85.1s | sps  2361] ret=0.000 ep_len=500 deliv=0 eps=0.050 |Q|=960
[ep  402 | steps  201500 | t   85.3s | sps  2362] ret=0.000 ep_len=500 deliv=0 eps=0.050 |Q|=960
[ep  403 | steps  202000 | t   85.5s | sps  2363] ret=0.000 ep_len=500 deliv=0 eps=0.050 |Q|=960
[ep  404 | steps  202500 | t   85.7s | sps  2364] ret=0.000 ep_len=500 deliv=0 eps=0.050 |Q|=960
[ep  405 | steps  203000 | t   85.8s | sps  2365] ret=0.000 ep_len=500 deliv=0 eps=0.050 |Q|=960
[ep  406 | steps  203500 | t   86.0s | sps  2367] ret=0.000 ep_len=500 deliv=0 eps=0.050 |Q|=960
[ep  407 | steps  204000 | t   86.2s | sps  2367] ret=1.000 ep_len=500 deliv=1 eps=0.050 |Q|=961
[ep  408 | steps  204500 | t   86.4s | sps  2368] ret=0.000 ep_len=500 deliv=0 eps=0.050 |Q|=961
[ep  409 | steps  205000 | t   86.5s | sps  2369] ret=0.000 ep_len=500 deliv=0 eps=0.050 |Q|=961
[ep  410 | steps  205500 | t   86.7s | sps  2370] ret=0.000 ep_len=500 deliv=0 eps=0.050 |Q|=961
[ep  411 | steps  206000 | t   86.9s | sps  2371] ret=0.000 ep_len=500 deliv=0 eps=0.050 |Q|=963
[ep  412 | steps  206500 | t   87.0s | sps  2372] ret=0.000 ep_len=500 deliv=0 eps=0.050 |Q|=963
[ep  413 | steps  207000 | t   87.2s | sps  2373] ret=0.000 ep_len=500 deliv=0 eps=0.050 |Q|=963
[ep  414 | steps  207500 | t   87.4s | sps  2375] ret=0.000 ep_len=500 deliv=0 eps=0.050 |Q|=964
[ep  415 | steps  208000 | t   87.5s | sps  2376] ret=0.000 ep_len=500 deliv=0 eps=0.050 |Q|=964
[ep  416 | steps  208500 | t   87.7s | sps  2377] ret=0.000 ep_len=500 deliv=0 eps=0.050 |Q|=966
[ep  417 | steps  209000 | t   87.9s | sps  2378] ret=0.000 ep_len=500 deliv=0 eps=0.050 |Q|=967
[ep  418 | steps  209500 | t   88.1s | sps  2379] ret=0.000 ep_len=500 deliv=0 eps=0.050 |Q|=967
[ep  419 | steps  210000 | t   88.2s | sps  2380] ret=0.000 ep_len=500 deliv=0 eps=0.050 |Q|=968
[ep  420 | steps  210500 | t   88.4s | sps  2381] ret=1.000 ep_len=500 deliv=1 eps=0.050 |Q|=975
[ep  421 | steps  211000 | t   88.6s | sps  2382] ret=0.000 ep_len=500 deliv=0 eps=0.050 |Q|=975
[ep  422 | steps  211500 | t   88.8s | sps  2383] ret=0.000 ep_len=500 deliv=0 eps=0.050 |Q|=975
[ep  423 | steps  212000 | t   88.9s | sps  2384] ret=0.000 ep_len=500 deliv=0 eps=0.050 |Q|=975
[ep  424 | steps  212500 | t   89.1s | sps  2385] ret=0.000 ep_len=500 deliv=0 eps=0.050 |Q|=976
[ep  425 | steps  213000 | t   89.3s | sps  2386] ret=0.000 ep_len=500 deliv=0 eps=0.050 |Q|=977
[ep  426 | steps  213500 | t   89.5s | sps  2386] ret=1.000 ep_len=500 deliv=1 eps=0.050 |Q|=978
[ep  427 | steps  214000 | t   89.6s | sps  2387] ret=0.000 ep_len=500 deliv=0 eps=0.050 |Q|=980
[ep  428 | steps  214500 | t   89.8s | sps  2388] ret=0.000 ep_len=500 deliv=0 eps=0.050 |Q|=980
[ep  429 | steps  215000 | t   90.0s | sps  2389] ret=0.000 ep_len=500 deliv=0 eps=0.050 |Q|=980
[ep  430 | steps  215500 | t   90.1s | sps  2391] ret=0.000 ep_len=500 deliv=0 eps=0.050 |Q|=980
[ep  431 | steps  216000 | t   90.3s | sps  2392] ret=0.000 ep_len=500 deliv=0 eps=0.050 |Q|=980
[ep  432 | steps  216500 | t   90.5s | sps  2391] ret=0.000 ep_len=500 deliv=0 eps=0.050 |Q|=981
[ep  433 | steps  217000 | t   90.7s | sps  2392] ret=0.000 ep_len=500 deliv=0 eps=0.050 |Q|=981
[ep  434 | steps  217500 | t   90.9s | sps  2393] ret=0.000 ep_len=500 deliv=0 eps=0.050 |Q|=981
[ep  435 | steps  218000 | t   91.1s | sps  2394] ret=0.000 ep_len=500 deliv=0 eps=0.050 |Q|=982
[ep  436 | steps  218500 | t   91.2s | sps  2395] ret=0.000 ep_len=500 deliv=0 eps=0.050 |Q|=983
[ep  437 | steps  219000 | t   91.4s | sps  2396] ret=0.000 ep_len=500 deliv=0 eps=0.050 |Q|=985
[ep  438 | steps  219500 | t   91.6s | sps  2397] ret=0.000 ep_len=500 deliv=0 eps=0.050 |Q|=985
[ep  439 | steps  220000 | t   91.7s | sps  2398] ret=0.000 ep_len=500 deliv=0 eps=0.050 |Q|=986
[ep  440 | steps  220500 | t   91.9s | sps  2399] ret=0.000 ep_len=500 deliv=0 eps=0.050 |Q|=987
[ep  441 | steps  221000 | t   92.1s | sps  2400] ret=0.000 ep_len=500 deliv=0 eps=0.050 |Q|=988
[ep  442 | steps  221500 | t   92.2s | sps  2401] ret=0.000 ep_len=500 deliv=0 eps=0.050 |Q|=988
[ep  443 | steps  222000 | t   92.4s | sps  2402] ret=0.000 ep_len=500 deliv=0 eps=0.050 |Q|=988
[ep  444 | steps  222500 | t   92.6s | sps  2403] ret=1.000 ep_len=500 deliv=1 eps=0.050 |Q|=992
[ep  445 | steps  223000 | t   92.8s | sps  2404] ret=0.000 ep_len=500 deliv=0 eps=0.050 |Q|=992
[ep  446 | steps  223500 | t   92.9s | sps  2405] ret=0.000 ep_len=500 deliv=0 eps=0.050 |Q|=992
[ep  447 | steps  224000 | t   93.1s | sps  2406] ret=0.000 ep_len=500 deliv=0 eps=0.050 |Q|=994
[ep  448 | steps  224500 | t   93.3s | sps  2407] ret=0.000 ep_len=500 deliv=0 eps=0.050 |Q|=994
[ep  449 | steps  225000 | t   93.4s | sps  2408] ret=0.000 ep_len=500 deliv=0 eps=0.050 |Q|=994
        [eval] ret_mean=0.300 ep_len=500.0 deliv=0.30
[ep  450 | steps  225500 | t   95.4s | sps  2364] ret=0.000 ep_len=500 deliv=0 eps=0.050 |Q|=1013
[ep  451 | steps  226000 | t   95.6s | sps  2365] ret=0.000 ep_len=500 deliv=0 eps=0.050 |Q|=1013
[ep  452 | steps  226500 | t   95.7s | sps  2366] ret=1.000 ep_len=500 deliv=1 eps=0.050 |Q|=1013
[ep  453 | steps  227000 | t   95.9s | sps  2367] ret=0.000 ep_len=500 deliv=0 eps=0.050 |Q|=1013
[ep  454 | steps  227500 | t   96.1s | sps  2368] ret=0.000 ep_len=500 deliv=0 eps=0.050 |Q|=1014
[ep  455 | steps  228000 | t   96.3s | sps  2369] ret=0.000 ep_len=500 deliv=0 eps=0.050 |Q|=1014
[ep  456 | steps  228500 | t   96.4s | sps  2370] ret=0.000 ep_len=500 deliv=0 eps=0.050 |Q|=1014
[ep  457 | steps  229000 | t   96.6s | sps  2371] ret=0.000 ep_len=500 deliv=0 eps=0.050 |Q|=1014
[ep  458 | steps  229500 | t   96.8s | sps  2371] ret=0.000 ep_len=500 deliv=0 eps=0.050 |Q|=1014
[ep  459 | steps  230000 | t   96.9s | sps  2372] ret=0.000 ep_len=500 deliv=0 eps=0.050 |Q|=1014
[ep  460 | steps  230500 | t   97.1s | sps  2373] ret=0.000 ep_len=500 deliv=0 eps=0.050 |Q|=1014
[ep  461 | steps  231000 | t   97.3s | sps  2374] ret=0.000 ep_len=500 deliv=0 eps=0.050 |Q|=1015
[ep  462 | steps  231500 | t   97.5s | sps  2375] ret=0.000 ep_len=500 deliv=0 eps=0.050 |Q|=1015
[ep  463 | steps  232000 | t   97.6s | sps  2376] ret=0.000 ep_len=500 deliv=0 eps=0.050 |Q|=1015
[ep  464 | steps  232500 | t   97.8s | sps  2377] ret=0.000 ep_len=500 deliv=0 eps=0.050 |Q|=1015
[ep  465 | steps  233000 | t   98.0s | sps  2378] ret=0.000 ep_len=500 deliv=0 eps=0.050 |Q|=1015
[ep  466 | steps  233500 | t   98.1s | sps  2379] ret=0.000 ep_len=500 deliv=0 eps=0.050 |Q|=1015
[ep  467 | steps  234000 | t   98.3s | sps  2380] ret=0.000 ep_len=500 deliv=0 eps=0.050 |Q|=1016
[ep  468 | steps  234500 | t   98.5s | sps  2381] ret=0.000 ep_len=500 deliv=0 eps=0.050 |Q|=1016
[ep  469 | steps  235000 | t   98.7s | sps  2382] ret=0.000 ep_len=500 deliv=0 eps=0.050 |Q|=1018
[ep  470 | steps  235500 | t   98.8s | sps  2383] ret=0.000 ep_len=500 deliv=0 eps=0.050 |Q|=1018
[ep  471 | steps  236000 | t   99.0s | sps  2384] ret=0.000 ep_len=500 deliv=0 eps=0.050 |Q|=1018
[ep  472 | steps  236500 | t   99.2s | sps  2385] ret=0.000 ep_len=500 deliv=0 eps=0.050 |Q|=1018
[ep  473 | steps  237000 | t   99.3s | sps  2386] ret=0.000 ep_len=500 deliv=0 eps=0.050 |Q|=1019
[ep  474 | steps  237500 | t   99.5s | sps  2387] ret=0.000 ep_len=500 deliv=0 eps=0.050 |Q|=1019
[ep  475 | steps  238000 | t   99.7s | sps  2388] ret=0.000 ep_len=500 deliv=0 eps=0.050 |Q|=1019
[ep  476 | steps  238500 | t   99.8s | sps  2389] ret=0.000 ep_len=500 deliv=0 eps=0.050 |Q|=1019
[ep  477 | steps  239000 | t  100.0s | sps  2390] ret=0.000 ep_len=500 deliv=0 eps=0.050 |Q|=1019
[ep  478 | steps  239500 | t  100.2s | sps  2391] ret=0.000 ep_len=500 deliv=0 eps=0.050 |Q|=1019
[ep  479 | steps  240000 | t  100.3s | sps  2392] ret=0.000 ep_len=500 deliv=0 eps=0.050 |Q|=1019
[ep  480 | steps  240500 | t  100.5s | sps  2393] ret=0.000 ep_len=500 deliv=0 eps=0.050 |Q|=1019
[ep  481 | steps  241000 | t  100.7s | sps  2393] ret=0.000 ep_len=500 deliv=0 eps=0.050 |Q|=1019
[ep  482 | steps  241500 | t  100.9s | sps  2394] ret=0.000 ep_len=500 deliv=0 eps=0.050 |Q|=1019
[ep  483 | steps  242000 | t  101.0s | sps  2395] ret=0.000 ep_len=500 deliv=0 eps=0.050 |Q|=1021
[ep  484 | steps  242500 | t  101.2s | sps  2396] ret=0.000 ep_len=500 deliv=0 eps=0.050 |Q|=1021
[ep  485 | steps  243000 | t  101.4s | sps  2397] ret=0.000 ep_len=500 deliv=0 eps=0.050 |Q|=1021
[ep  486 | steps  243500 | t  101.6s | sps  2398] ret=0.000 ep_len=500 deliv=0 eps=0.050 |Q|=1021
[ep  487 | steps  244000 | t  101.7s | sps  2399] ret=0.000 ep_len=500 deliv=0 eps=0.050 |Q|=1021
[ep  488 | steps  244500 | t  101.9s | sps  2400] ret=0.000 ep_len=500 deliv=0 eps=0.050 |Q|=1022
[ep  489 | steps  245000 | t  102.1s | sps  2401] ret=0.000 ep_len=500 deliv=0 eps=0.050 |Q|=1022
[ep  490 | steps  245500 | t  102.3s | sps  2400] ret=0.000 ep_len=500 deliv=0 eps=0.050 |Q|=1022
[ep  491 | steps  246000 | t  102.5s | sps  2401] ret=0.000 ep_len=500 deliv=0 eps=0.050 |Q|=1025
[ep  492 | steps  246500 | t  102.6s | sps  2402] ret=0.000 ep_len=500 deliv=0 eps=0.050 |Q|=1026
[ep  493 | steps  247000 | t  102.8s | sps  2402] ret=1.000 ep_len=500 deliv=1 eps=0.050 |Q|=1028
[ep  494 | steps  247500 | t  103.0s | sps  2402] ret=1.000 ep_len=500 deliv=1 eps=0.050 |Q|=1031
[ep  495 | steps  248000 | t  103.2s | sps  2403] ret=0.000 ep_len=500 deliv=0 eps=0.050 |Q|=1031
[ep  496 | steps  248500 | t  103.4s | sps  2404] ret=0.000 ep_len=500 deliv=0 eps=0.050 |Q|=1031
[ep  497 | steps  249000 | t  103.5s | sps  2405] ret=0.000 ep_len=500 deliv=0 eps=0.050 |Q|=1031
[ep  498 | steps  249500 | t  103.7s | sps  2405] ret=1.000 ep_len=500 deliv=1 eps=0.050 |Q|=1033
[ep  499 | steps  250000 | t  103.9s | sps  2406] ret=0.000 ep_len=500 deliv=0 eps=0.050 |Q|=1034
        [eval] ret_mean=0.000 ep_len=500.0 deliv=0.00
[ep  500 | steps  250500 | t  105.7s | sps  2370] ret=0.000 ep_len=500 deliv=0 eps=0.050 |Q|=1034
[ep  501 | steps  251000 | t  105.9s | sps  2370] ret=0.000 ep_len=500 deliv=0 eps=0.050 |Q|=1035
[ep  502 | steps  251500 | t  106.1s | sps  2371] ret=0.000 ep_len=500 deliv=0 eps=0.050 |Q|=1036
[ep  503 | steps  252000 | t  106.2s | sps  2372] ret=0.000 ep_len=500 deliv=0 eps=0.050 |Q|=1037
[ep  504 | steps  252500 | t  106.4s | sps  2373] ret=0.000 ep_len=500 deliv=0 eps=0.050 |Q|=1037
[ep  505 | steps  253000 | t  106.6s | sps  2373] ret=1.000 ep_len=500 deliv=1 eps=0.050 |Q|=1037
[ep  506 | steps  253500 | t  106.8s | sps  2374] ret=0.000 ep_len=500 deliv=0 eps=0.050 |Q|=1037
[ep  507 | steps  254000 | t  106.9s | sps  2375] ret=0.000 ep_len=500 deliv=0 eps=0.050 |Q|=1037
[ep  508 | steps  254500 | t  107.1s | sps  2376] ret=0.000 ep_len=500 deliv=0 eps=0.050 |Q|=1037
[ep  509 | steps  255000 | t  107.3s | sps  2377] ret=0.000 ep_len=500 deliv=0 eps=0.050 |Q|=1037
[ep  510 | steps  255500 | t  107.5s | sps  2378] ret=0.000 ep_len=500 deliv=0 eps=0.050 |Q|=1037
[ep  511 | steps  256000 | t  107.6s | sps  2379] ret=0.000 ep_len=500 deliv=0 eps=0.050 |Q|=1037
[ep  512 | steps  256500 | t  107.8s | sps  2379] ret=1.000 ep_len=500 deliv=1 eps=0.050 |Q|=1041
[ep  513 | steps  257000 | t  108.0s | sps  2380] ret=0.000 ep_len=500 deliv=0 eps=0.050 |Q|=1041
[ep  514 | steps  257500 | t  108.2s | sps  2381] ret=0.000 ep_len=500 deliv=0 eps=0.050 |Q|=1041
[ep  515 | steps  258000 | t  108.3s | sps  2381] ret=0.000 ep_len=500 deliv=0 eps=0.050 |Q|=1042
[ep  516 | steps  258500 | t  108.5s | sps  2383] ret=0.000 ep_len=500 deliv=0 eps=0.050 |Q|=1042
[ep  517 | steps  259000 | t  108.7s | sps  2383] ret=0.000 ep_len=500 deliv=0 eps=0.050 |Q|=1043
[ep  518 | steps  259500 | t  108.8s | sps  2384] ret=0.000 ep_len=500 deliv=0 eps=0.050 |Q|=1043
[ep  519 | steps  260000 | t  109.0s | sps  2385] ret=0.000 ep_len=500 deliv=0 eps=0.050 |Q|=1044
[ep  520 | steps  260500 | t  109.2s | sps  2386] ret=0.000 ep_len=500 deliv=0 eps=0.050 |Q|=1044
[ep  521 | steps  261000 | t  109.4s | sps  2387] ret=0.000 ep_len=500 deliv=0 eps=0.050 |Q|=1045
[ep  522 | steps  261500 | t  109.5s | sps  2388] ret=0.000 ep_len=500 deliv=0 eps=0.050 |Q|=1045
[ep  523 | steps  262000 | t  109.7s | sps  2389] ret=0.000 ep_len=500 deliv=0 eps=0.050 |Q|=1045
[ep  524 | steps  262500 | t  109.9s | sps  2389] ret=0.000 ep_len=500 deliv=0 eps=0.050 |Q|=1045
[ep  525 | steps  263000 | t  110.0s | sps  2390] ret=0.000 ep_len=500 deliv=0 eps=0.050 |Q|=1045
[ep  526 | steps  263500 | t  110.2s | sps  2391] ret=0.000 ep_len=500 deliv=0 eps=0.050 |Q|=1045
[ep  527 | steps  264000 | t  110.4s | sps  2392] ret=0.000 ep_len=500 deliv=0 eps=0.050 |Q|=1045
[ep  528 | steps  264500 | t  110.5s | sps  2393] ret=0.000 ep_len=500 deliv=0 eps=0.050 |Q|=1045
[ep  529 | steps  265000 | t  110.7s | sps  2394] ret=0.000 ep_len=500 deliv=0 eps=0.050 |Q|=1045
[ep  530 | steps  265500 | t  110.9s | sps  2395] ret=0.000 ep_len=500 deliv=0 eps=0.050 |Q|=1045
[ep  531 | steps  266000 | t  111.0s | sps  2396] ret=0.000 ep_len=500 deliv=0 eps=0.050 |Q|=1045
[ep  532 | steps  266500 | t  111.2s | sps  2396] ret=0.000 ep_len=500 deliv=0 eps=0.050 |Q|=1045
[ep  533 | steps  267000 | t  111.4s | sps  2397] ret=0.000 ep_len=500 deliv=0 eps=0.050 |Q|=1045
[ep  534 | steps  267500 | t  111.5s | sps  2398] ret=0.000 ep_len=500 deliv=0 eps=0.050 |Q|=1046
[ep  535 | steps  268000 | t  111.7s | sps  2399] ret=0.000 ep_len=500 deliv=0 eps=0.050 |Q|=1046
[ep  536 | steps  268500 | t  111.9s | sps  2400] ret=0.000 ep_len=500 deliv=0 eps=0.050 |Q|=1046
[ep  537 | steps  269000 | t  112.1s | sps  2401] ret=0.000 ep_len=500 deliv=0 eps=0.050 |Q|=1046
[ep  538 | steps  269500 | t  112.2s | sps  2401] ret=0.000 ep_len=500 deliv=0 eps=0.050 |Q|=1046
[ep  539 | steps  270000 | t  112.4s | sps  2402] ret=0.000 ep_len=500 deliv=0 eps=0.050 |Q|=1046
[ep  540 | steps  270500 | t  112.6s | sps  2403] ret=0.000 ep_len=500 deliv=0 eps=0.050 |Q|=1046
[ep  541 | steps  271000 | t  112.7s | sps  2404] ret=0.000 ep_len=500 deliv=0 eps=0.050 |Q|=1046
[ep  542 | steps  271500 | t  112.9s | sps  2405] ret=0.000 ep_len=500 deliv=0 eps=0.050 |Q|=1046
[ep  543 | steps  272000 | t  113.1s | sps  2405] ret=1.000 ep_len=500 deliv=1 eps=0.050 |Q|=1046
[ep  544 | steps  272500 | t  113.3s | sps  2406] ret=0.000 ep_len=500 deliv=0 eps=0.050 |Q|=1046
[ep  545 | steps  273000 | t  113.4s | sps  2407] ret=0.000 ep_len=500 deliv=0 eps=0.050 |Q|=1046
[ep  546 | steps  273500 | t  113.6s | sps  2407] ret=0.000 ep_len=500 deliv=0 eps=0.050 |Q|=1046
[ep  547 | steps  274000 | t  113.8s | sps  2408] ret=0.000 ep_len=500 deliv=0 eps=0.050 |Q|=1047
[ep  548 | steps  274500 | t  113.9s | sps  2409] ret=0.000 ep_len=500 deliv=0 eps=0.050 |Q|=1047
[ep  549 | steps  275000 | t  114.1s | sps  2410] ret=0.000 ep_len=500 deliv=0 eps=0.050 |Q|=1048
        [eval] ret_mean=0.100 ep_len=500.0 deliv=0.10
[ep  550 | steps  275500 | t  116.0s | sps  2375] ret=0.000 ep_len=500 deliv=0 eps=0.050 |Q|=1048
[ep  551 | steps  276000 | t  116.2s | sps  2375] ret=0.000 ep_len=500 deliv=0 eps=0.050 |Q|=1048
[ep  552 | steps  276500 | t  116.4s | sps  2376] ret=0.000 ep_len=500 deliv=0 eps=0.050 |Q|=1050
[ep  553 | steps  277000 | t  116.5s | sps  2377] ret=0.000 ep_len=500 deliv=0 eps=0.050 |Q|=1050
[ep  554 | steps  277500 | t  116.7s | sps  2378] ret=0.000 ep_len=500 deliv=0 eps=0.050 |Q|=1050
[ep  555 | steps  278000 | t  116.9s | sps  2379] ret=0.000 ep_len=500 deliv=0 eps=0.050 |Q|=1050
[ep  556 | steps  278500 | t  117.0s | sps  2380] ret=0.000 ep_len=500 deliv=0 eps=0.050 |Q|=1050
[ep  557 | steps  279000 | t  117.2s | sps  2381] ret=0.000 ep_len=500 deliv=0 eps=0.050 |Q|=1053
[ep  558 | steps  279500 | t  117.4s | sps  2381] ret=0.000 ep_len=500 deliv=0 eps=0.050 |Q|=1053
[ep  559 | steps  280000 | t  117.5s | sps  2382] ret=0.000 ep_len=500 deliv=0 eps=0.050 |Q|=1053
[ep  560 | steps  280500 | t  117.7s | sps  2383] ret=0.000 ep_len=500 deliv=0 eps=0.050 |Q|=1053
[ep  561 | steps  281000 | t  117.9s | sps  2384] ret=0.000 ep_len=500 deliv=0 eps=0.050 |Q|=1053
[ep  562 | steps  281500 | t  118.1s | sps  2384] ret=1.000 ep_len=500 deliv=1 eps=0.050 |Q|=1057
[ep  563 | steps  282000 | t  118.3s | sps  2385] ret=0.000 ep_len=500 deliv=0 eps=0.050 |Q|=1057
[ep  564 | steps  282500 | t  118.4s | sps  2386] ret=0.000 ep_len=500 deliv=0 eps=0.050 |Q|=1057
[ep  565 | steps  283000 | t  118.6s | sps  2386] ret=0.000 ep_len=500 deliv=0 eps=0.050 |Q|=1057
[ep  566 | steps  283500 | t  118.8s | sps  2387] ret=0.000 ep_len=500 deliv=0 eps=0.050 |Q|=1057
[ep  567 | steps  284000 | t  118.9s | sps  2388] ret=0.000 ep_len=500 deliv=0 eps=0.050 |Q|=1058
[ep  568 | steps  284500 | t  119.1s | sps  2389] ret=0.000 ep_len=500 deliv=0 eps=0.050 |Q|=1058
[ep  569 | steps  285000 | t  119.3s | sps  2390] ret=0.000 ep_len=500 deliv=0 eps=0.050 |Q|=1058
[ep  570 | steps  285500 | t  119.4s | sps  2391] ret=0.000 ep_len=500 deliv=0 eps=0.050 |Q|=1058
[ep  571 | steps  286000 | t  119.6s | sps  2391] ret=1.000 ep_len=500 deliv=1 eps=0.050 |Q|=1059
[ep  572 | steps  286500 | t  119.8s | sps  2391] ret=0.000 ep_len=500 deliv=0 eps=0.050 |Q|=1060
[ep  573 | steps  287000 | t  120.0s | sps  2391] ret=0.000 ep_len=500 deliv=0 eps=0.050 |Q|=1060
[ep  574 | steps  287500 | t  120.2s | sps  2392] ret=0.000 ep_len=500 deliv=0 eps=0.050 |Q|=1060
[ep  575 | steps  288000 | t  120.4s | sps  2392] ret=0.000 ep_len=500 deliv=0 eps=0.050 |Q|=1060
[ep  576 | steps  288500 | t  120.6s | sps  2391] ret=1.000 ep_len=500 deliv=1 eps=0.050 |Q|=1061
[ep  577 | steps  289000 | t  120.8s | sps  2392] ret=0.000 ep_len=500 deliv=0 eps=0.050 |Q|=1061
[ep  578 | steps  289500 | t  121.0s | sps  2392] ret=1.000 ep_len=500 deliv=1 eps=0.050 |Q|=1062
[ep  579 | steps  290000 | t  121.2s | sps  2392] ret=0.000 ep_len=500 deliv=0 eps=0.050 |Q|=1062
[ep  580 | steps  290500 | t  121.4s | sps  2393] ret=0.000 ep_len=500 deliv=0 eps=0.050 |Q|=1062
[ep  581 | steps  291000 | t  121.6s | sps  2394] ret=0.000 ep_len=500 deliv=0 eps=0.050 |Q|=1062
[ep  582 | steps  291500 | t  121.8s | sps  2394] ret=0.000 ep_len=500 deliv=0 eps=0.050 |Q|=1062
[ep  583 | steps  292000 | t  121.9s | sps  2395] ret=0.000 ep_len=500 deliv=0 eps=0.050 |Q|=1062
[ep  584 | steps  292500 | t  122.1s | sps  2395] ret=0.000 ep_len=500 deliv=0 eps=0.050 |Q|=1062
[ep  585 | steps  293000 | t  122.3s | sps  2396] ret=0.000 ep_len=500 deliv=0 eps=0.050 |Q|=1062
[ep  586 | steps  293500 | t  122.5s | sps  2397] ret=0.000 ep_len=500 deliv=0 eps=0.050 |Q|=1062
[ep  587 | steps  294000 | t  122.6s | sps  2398] ret=0.000 ep_len=500 deliv=0 eps=0.050 |Q|=1062
[ep  588 | steps  294500 | t  122.8s | sps  2398] ret=0.000 ep_len=500 deliv=0 eps=0.050 |Q|=1062
[ep  589 | steps  295000 | t  123.0s | sps  2399] ret=0.000 ep_len=500 deliv=0 eps=0.050 |Q|=1062
[ep  590 | steps  295500 | t  123.1s | sps  2400] ret=0.000 ep_len=500 deliv=0 eps=0.050 |Q|=1063
[ep  591 | steps  296000 | t  123.3s | sps  2401] ret=0.000 ep_len=500 deliv=0 eps=0.050 |Q|=1063
[ep  592 | steps  296500 | t  123.5s | sps  2401] ret=0.000 ep_len=500 deliv=0 eps=0.050 |Q|=1063
[ep  593 | steps  297000 | t  123.6s | sps  2402] ret=0.000 ep_len=500 deliv=0 eps=0.050 |Q|=1063
[ep  594 | steps  297500 | t  123.8s | sps  2403] ret=0.000 ep_len=500 deliv=0 eps=0.050 |Q|=1063
[ep  595 | steps  298000 | t  124.0s | sps  2403] ret=0.000 ep_len=500 deliv=0 eps=0.050 |Q|=1063
[ep  596 | steps  298500 | t  124.2s | sps  2404] ret=0.000 ep_len=500 deliv=0 eps=0.050 |Q|=1063
[ep  597 | steps  299000 | t  124.3s | sps  2405] ret=0.000 ep_len=500 deliv=0 eps=0.050 |Q|=1063
[ep  598 | steps  299500 | t  124.5s | sps  2405] ret=0.000 ep_len=500 deliv=0 eps=0.050 |Q|=1063
[ep  599 | steps  300000 | t  124.7s | sps  2406] ret=0.000 ep_len=500 deliv=0 eps=0.050 |Q|=1063
        [eval] ret_mean=0.100 ep_len=500.0 deliv=0.10
