$ /Users/praneelkhiantani/Downloads/cs2860/.venv/bin/python3 -m policies.train --env rware-small-2ag-easy-v2 --seed 1 --updates 200 --rollout 512 --eval-every 50 --eval-episodes 10 --log-dir matrix_results/intent_grounded_v1_pilot/rware-small-2ag-easy-v2 --run-name mappo-no-comm__dropout-only__d0__s1 --n-msg-tokens 8 --no-comm --dropout --dropout-agent 0 --dropout-time 100 --shape-rewards --pickup-bonus 0.5

[env] EnvSpec(env_id='rware-small-2ag-easy-v2', n_agents=2, obs_dim=71, n_env_actions=5, noop_action=0, family='rware')  (n_msg_tokens=1)
[cfg] {'clip_range': 0.2, 'value_clip_range': 0.2, 'entropy_coef': 0.01, 'value_coef': 0.5, 'max_grad_norm': 0.5, 'gamma': 0.99, 'gae_lambda': 0.95, 'lr_actor': 0.0003, 'lr_critic': 0.001, 'update_epochs': 4, 'minibatches': 4, 'hidden': 128, 'depth': 2, 'device': 'cpu', 'message_grounding_coef': 0.0, 'extra': {}}
[log] writing to matrix_results/intent_grounded_v1_pilot/rware-small-2ag-easy-v2/mappo-no-comm__dropout-only__d0__s1
[upd    1 | steps     512 | t    0.7s | sps   774] ret_mean=0.000 ep_len=500.0 pi_loss=-0.002 v_loss=0.071 ent=1.607 msg_acc=0.000 kl=0.0057
[upd    2 | steps    1024 | t    1.3s | sps   789] ret_mean=0.000 ep_len=500.0 pi_loss=-0.003 v_loss=0.025 ent=1.606 msg_acc=0.000 kl=0.0012
[upd    3 | steps    1536 | t    1.9s | sps   799] ret_mean=0.000 ep_len=500.0 pi_loss=-0.011 v_loss=0.026 ent=1.602 msg_acc=0.000 kl=0.0020
[upd    4 | steps    2048 | t    2.5s | sps   810] ret_mean=0.000 ep_len=500.0 pi_loss=-0.004 v_loss=0.012 ent=1.608 msg_acc=0.000 kl=0.0009
[upd    5 | steps    2560 | t    3.3s | sps   780] ret_mean=0.000 ep_len=500.0 pi_loss=-0.004 v_loss=0.018 ent=1.595 msg_acc=0.000 kl=0.0044
[upd    6 | steps    3072 | t    3.9s | sps   793] ret_mean=0.000 ep_len=500.0 pi_loss=-0.005 v_loss=0.005 ent=1.604 msg_acc=0.000 kl=-0.0012
[upd    7 | steps    3584 | t    4.5s | sps   800] ret_mean=0.000 ep_len=500.0 pi_loss=-0.008 v_loss=0.003 ent=1.593 msg_acc=0.000 kl=0.0010
[upd    8 | steps    4096 | t    5.1s | sps   801] ret_mean=0.000 ep_len=500.0 pi_loss=-0.006 v_loss=0.002 ent=1.583 msg_acc=0.000 kl=0.0098
[upd    9 | steps    4608 | t    5.7s | sps   804] ret_mean=0.000 ep_len=500.0 pi_loss=-0.006 v_loss=0.002 ent=1.548 msg_acc=0.000 kl=0.0003
[upd   10 | steps    5120 | t    6.3s | sps   811] ret_mean=0.000 ep_len=500.0 pi_loss=-0.013 v_loss=0.005 ent=1.474 msg_acc=0.000 kl=0.0029
[upd   11 | steps    5632 | t    6.9s | sps   815] ret_mean=0.500 ep_len=500.0 pi_loss=-0.007 v_loss=0.001 ent=1.511 msg_acc=0.000 kl=0.0031
[upd   12 | steps    6144 | t    7.5s | sps   821] ret_mean=0.000 ep_len=500.0 pi_loss=-0.003 v_loss=0.001 ent=1.432 msg_acc=0.000 kl=0.0023
[upd   13 | steps    6656 | t    8.1s | sps   823] ret_mean=0.000 ep_len=500.0 pi_loss=-0.003 v_loss=0.004 ent=1.420 msg_acc=0.000 kl=0.0097
[upd   14 | steps    7168 | t    8.7s | sps   824] ret_mean=0.000 ep_len=500.0 pi_loss=-0.004 v_loss=0.005 ent=1.433 msg_acc=0.000 kl=0.0012
[upd   15 | steps    7680 | t    9.3s | sps   827] ret_mean=0.000 ep_len=500.0 pi_loss=-0.002 v_loss=0.001 ent=1.458 msg_acc=0.000 kl=-0.0004
[upd   16 | steps    8192 | t    9.9s | sps   827] ret_mean=0.000 ep_len=500.0 pi_loss=-0.003 v_loss=0.033 ent=1.447 msg_acc=0.000 kl=0.0011
[upd   17 | steps    8704 | t   10.5s | sps   827] ret_mean=3.000 ep_len=500.0 pi_loss=-0.001 v_loss=0.007 ent=1.460 msg_acc=0.000 kl=0.0033
[upd   18 | steps    9216 | t   11.1s | sps   828] ret_mean=0.000 ep_len=500.0 pi_loss=-0.004 v_loss=0.018 ent=1.385 msg_acc=0.000 kl=0.0031
[upd   19 | steps    9728 | t   11.7s | sps   832] ret_mean=0.000 ep_len=500.0 pi_loss=-0.003 v_loss=0.001 ent=1.483 msg_acc=0.000 kl=-0.0031
[upd   20 | steps   10240 | t   12.3s | sps   834] ret_mean=0.000 ep_len=500.0 pi_loss=-0.002 v_loss=0.001 ent=1.475 msg_acc=0.000 kl=0.0009
[upd   21 | steps   10752 | t   12.9s | sps   834] ret_mean=0.000 ep_len=500.0 pi_loss=-0.006 v_loss=0.001 ent=1.509 msg_acc=0.000 kl=0.0043
[upd   22 | steps   11264 | t   13.5s | sps   834] ret_mean=0.000 ep_len=500.0 pi_loss=-0.008 v_loss=0.001 ent=1.491 msg_acc=0.000 kl=0.0022
[upd   23 | steps   11776 | t   14.1s | sps   835] ret_mean=0.000 ep_len=500.0 pi_loss=-0.003 v_loss=0.002 ent=1.468 msg_acc=0.000 kl=-0.0013
[upd   24 | steps   12288 | t   14.9s | sps   823] ret_mean=0.000 ep_len=500.0 pi_loss=-0.004 v_loss=0.009 ent=1.463 msg_acc=0.000 kl=-0.0002
[upd   25 | steps   12800 | t   15.6s | sps   823] ret_mean=1.000 ep_len=500.0 pi_loss=-0.008 v_loss=0.002 ent=1.472 msg_acc=0.000 kl=-0.0029
[upd   26 | steps   13312 | t   16.2s | sps   824] ret_mean=0.500 ep_len=500.0 pi_loss=-0.006 v_loss=0.002 ent=1.496 msg_acc=0.000 kl=0.0028
[upd   27 | steps   13824 | t   16.7s | sps   826] ret_mean=0.500 ep_len=500.0 pi_loss=-0.002 v_loss=0.001 ent=1.399 msg_acc=0.000 kl=0.0004
[upd   28 | steps   14336 | t   17.3s | sps   828] ret_mean=0.000 ep_len=500.0 pi_loss=-0.008 v_loss=0.000 ent=1.219 msg_acc=0.000 kl=0.0109
[upd   29 | steps   14848 | t   17.9s | sps   830] ret_mean=0.000 ep_len=500.0 pi_loss=-0.006 v_loss=0.001 ent=1.298 msg_acc=0.000 kl=0.0107
[upd   30 | steps   15360 | t   18.5s | sps   831] ret_mean=0.000 ep_len=500.0 pi_loss=-0.002 v_loss=0.001 ent=1.320 msg_acc=0.000 kl=0.0053
[upd   31 | steps   15872 | t   19.1s | sps   832] ret_mean=0.000 ep_len=500.0 pi_loss=-0.006 v_loss=0.002 ent=1.324 msg_acc=0.000 kl=0.0078
[upd   32 | steps   16384 | t   19.7s | sps   833] ret_mean=0.000 ep_len=500.0 pi_loss=-0.002 v_loss=0.001 ent=1.458 msg_acc=0.000 kl=0.0001
[upd   33 | steps   16896 | t   20.3s | sps   834] ret_mean=0.000 ep_len=500.0 pi_loss=-0.003 v_loss=0.000 ent=1.350 msg_acc=0.000 kl=-0.0008
[upd   34 | steps   17408 | t   20.9s | sps   833] ret_mean=0.000 ep_len=500.0 pi_loss=-0.005 v_loss=0.000 ent=1.393 msg_acc=0.000 kl=0.0065
[upd   35 | steps   17920 | t   21.5s | sps   834] ret_mean=0.000 ep_len=500.0 pi_loss=-0.006 v_loss=0.000 ent=1.508 msg_acc=0.000 kl=0.0022
[upd   36 | steps   18432 | t   22.1s | sps   835] ret_mean=0.000 ep_len=500.0 pi_loss=-0.010 v_loss=0.001 ent=1.504 msg_acc=0.000 kl=0.0031
[upd   37 | steps   18944 | t   22.7s | sps   835] ret_mean=0.000 ep_len=500.0 pi_loss=-0.005 v_loss=0.000 ent=1.536 msg_acc=0.000 kl=-0.0041
[upd   38 | steps   19456 | t   23.3s | sps   834] ret_mean=0.000 ep_len=500.0 pi_loss=-0.002 v_loss=0.002 ent=1.495 msg_acc=0.000 kl=0.0030
[upd   39 | steps   19968 | t   23.9s | sps   835] ret_mean=0.000 ep_len=500.0 pi_loss=-0.009 v_loss=0.001 ent=1.425 msg_acc=0.000 kl=-0.0002
[upd   40 | steps   20480 | t   24.5s | sps   835] ret_mean=0.000 ep_len=500.0 pi_loss=-0.003 v_loss=0.007 ent=1.456 msg_acc=0.000 kl=-0.0034
[upd   41 | steps   20992 | t   25.1s | sps   835] ret_mean=1.000 ep_len=500.0 pi_loss=-0.005 v_loss=0.000 ent=1.381 msg_acc=0.000 kl=0.0018
[upd   42 | steps   21504 | t   25.8s | sps   835] ret_mean=0.000 ep_len=500.0 pi_loss=-0.004 v_loss=0.001 ent=1.356 msg_acc=0.000 kl=-0.0012
[upd   43 | steps   22016 | t   26.4s | sps   835] ret_mean=0.000 ep_len=500.0 pi_loss=-0.002 v_loss=0.000 ent=1.309 msg_acc=0.000 kl=0.0043
[upd   44 | steps   22528 | t   27.0s | sps   836] ret_mean=0.000 ep_len=500.0 pi_loss=-0.004 v_loss=0.000 ent=1.331 msg_acc=0.000 kl=0.0051
[upd   45 | steps   23040 | t   27.5s | sps   836] ret_mean=0.000 ep_len=500.0 pi_loss=-0.007 v_loss=0.002 ent=1.403 msg_acc=0.000 kl=0.0057
[upd   46 | steps   23552 | t   28.1s | sps   837] ret_mean=1.500 ep_len=500.0 pi_loss=-0.014 v_loss=0.013 ent=1.473 msg_acc=0.000 kl=0.0172
[upd   47 | steps   24064 | t   28.7s | sps   838] ret_mean=2.500 ep_len=500.0 pi_loss=-0.008 v_loss=0.036 ent=1.524 msg_acc=0.000 kl=0.0060
[upd   48 | steps   24576 | t   29.3s | sps   838] ret_mean=0.000 ep_len=500.0 pi_loss=-0.005 v_loss=0.001 ent=1.518 msg_acc=0.000 kl=0.0037
[upd   49 | steps   25088 | t   30.0s | sps   838] ret_mean=0.000 ep_len=500.0 pi_loss=-0.005 v_loss=0.001 ent=1.521 msg_acc=0.000 kl=-0.0027
[upd   50 | steps   25600 | t   30.6s | sps   835] ret_mean=0.000 ep_len=500.0 pi_loss=-0.008 v_loss=0.001 ent=1.342 msg_acc=0.000 kl=0.0029
        [eval] ret_mean=0.000 ep_len=500.0
[upd   51 | steps   26112 | t   38.0s | sps   687] ret_mean=0.000 ep_len=500.0 pi_loss=-0.008 v_loss=0.002 ent=1.484 msg_acc=0.000 kl=0.0117
[upd   52 | steps   26624 | t   38.7s | sps   688] ret_mean=0.500 ep_len=500.0 pi_loss=-0.004 v_loss=0.003 ent=1.454 msg_acc=0.000 kl=0.0102
[upd   53 | steps   27136 | t   39.3s | sps   690] ret_mean=1.000 ep_len=500.0 pi_loss=-0.008 v_loss=0.002 ent=1.236 msg_acc=0.000 kl=0.0047
[upd   54 | steps   27648 | t   41.6s | sps   664] ret_mean=0.000 ep_len=500.0 pi_loss=-0.000 v_loss=0.015 ent=1.298 msg_acc=0.000 kl=0.0040
[upd   55 | steps   28160 | t   42.7s | sps   660] ret_mean=36.000 ep_len=500.0 pi_loss=-0.003 v_loss=0.997 ent=1.183 msg_acc=0.000 kl=0.0078
[upd   56 | steps   28672 | t   43.7s | sps   656] ret_mean=0.000 ep_len=500.0 pi_loss=-0.013 v_loss=0.004 ent=1.424 msg_acc=0.000 kl=0.0145
[upd   57 | steps   29184 | t   44.4s | sps   657] ret_mean=1.500 ep_len=500.0 pi_loss=-0.004 v_loss=0.018 ent=1.504 msg_acc=0.000 kl=0.0008
[upd   58 | steps   29696 | t   45.1s | sps   659] ret_mean=2.000 ep_len=500.0 pi_loss=-0.004 v_loss=0.005 ent=1.472 msg_acc=0.000 kl=0.0061
[upd   59 | steps   30208 | t   46.0s | sps   657] ret_mean=0.000 ep_len=500.0 pi_loss=-0.006 v_loss=0.004 ent=1.423 msg_acc=0.000 kl=0.0014
[upd   60 | steps   30720 | t   46.9s | sps   656] ret_mean=0.500 ep_len=500.0 pi_loss=-0.002 v_loss=0.003 ent=1.417 msg_acc=0.000 kl=0.0006
[upd   61 | steps   31232 | t   47.7s | sps   654] ret_mean=0.000 ep_len=500.0 pi_loss=-0.004 v_loss=0.004 ent=1.479 msg_acc=0.000 kl=0.0028
[upd   62 | steps   31744 | t   48.5s | sps   654] ret_mean=0.000 ep_len=500.0 pi_loss=-0.008 v_loss=0.002 ent=1.240 msg_acc=0.000 kl=0.0127
[upd   63 | steps   32256 | t   49.4s | sps   653] ret_mean=0.000 ep_len=500.0 pi_loss=-0.006 v_loss=0.008 ent=1.358 msg_acc=0.000 kl=0.0010
[upd   64 | steps   32768 | t   50.2s | sps   652] ret_mean=1.000 ep_len=500.0 pi_loss=-0.005 v_loss=0.002 ent=1.400 msg_acc=0.000 kl=0.0054
[upd   65 | steps   33280 | t   51.1s | sps   652] ret_mean=0.000 ep_len=500.0 pi_loss=-0.004 v_loss=0.001 ent=1.162 msg_acc=0.000 kl=0.0048
[upd   66 | steps   33792 | t   52.1s | sps   648] ret_mean=0.000 ep_len=500.0 pi_loss=-0.005 v_loss=0.092 ent=1.158 msg_acc=0.000 kl=0.0022
[upd   67 | steps   34304 | t   53.0s | sps   647] ret_mean=16.500 ep_len=500.0 pi_loss=-0.005 v_loss=0.392 ent=1.063 msg_acc=0.000 kl=0.0076
[upd   68 | steps   34816 | t   53.7s | sps   648] ret_mean=0.000 ep_len=500.0 pi_loss=-0.003 v_loss=0.002 ent=1.271 msg_acc=0.000 kl=0.0045
[upd   69 | steps   35328 | t   54.5s | sps   648] ret_mean=0.000 ep_len=500.0 pi_loss=-0.007 v_loss=0.001 ent=1.197 msg_acc=0.000 kl=0.0003
[upd   70 | steps   35840 | t   55.2s | sps   649] ret_mean=0.000 ep_len=500.0 pi_loss=-0.008 v_loss=0.003 ent=1.051 msg_acc=0.000 kl=0.0060
[upd   71 | steps   36352 | t   56.0s | sps   650] ret_mean=0.500 ep_len=500.0 pi_loss=-0.003 v_loss=0.002 ent=1.076 msg_acc=0.000 kl=0.0033
[upd   72 | steps   36864 | t   56.6s | sps   651] ret_mean=0.000 ep_len=500.0 pi_loss=-0.004 v_loss=0.000 ent=1.100 msg_acc=0.000 kl=0.0045
[upd   73 | steps   37376 | t   57.4s | sps   652] ret_mean=0.000 ep_len=500.0 pi_loss=-0.003 v_loss=0.000 ent=1.192 msg_acc=0.000 kl=0.0023
[upd   74 | steps   37888 | t   58.1s | sps   652] ret_mean=0.000 ep_len=500.0 pi_loss=-0.011 v_loss=0.001 ent=1.166 msg_acc=0.000 kl=0.0069
[upd   75 | steps   38400 | t   58.8s | sps   654] ret_mean=0.000 ep_len=500.0 pi_loss=-0.009 v_loss=0.001 ent=1.147 msg_acc=0.000 kl=0.0051
[upd   76 | steps   38912 | t   59.4s | sps   655] ret_mean=0.000 ep_len=500.0 pi_loss=-0.004 v_loss=0.001 ent=0.926 msg_acc=0.000 kl=0.0013
[upd   77 | steps   39424 | t   60.1s | sps   656] ret_mean=0.000 ep_len=500.0 pi_loss=-0.009 v_loss=0.000 ent=1.033 msg_acc=0.000 kl=0.0020
[upd   78 | steps   39936 | t   60.8s | sps   656] ret_mean=0.000 ep_len=500.0 pi_loss=-0.005 v_loss=0.001 ent=1.356 msg_acc=0.000 kl=0.0041
[upd   79 | steps   40448 | t   61.5s | sps   658] ret_mean=0.000 ep_len=500.0 pi_loss=-0.008 v_loss=0.000 ent=1.189 msg_acc=0.000 kl=0.0012
[upd   80 | steps   40960 | t   62.1s | sps   659] ret_mean=0.000 ep_len=500.0 pi_loss=-0.008 v_loss=0.000 ent=1.350 msg_acc=0.000 kl=-0.0047
[upd   81 | steps   41472 | t   62.7s | sps   661] ret_mean=0.000 ep_len=500.0 pi_loss=-0.001 v_loss=0.000 ent=1.005 msg_acc=0.000 kl=0.0006
[upd   82 | steps   41984 | t   63.4s | sps   662] ret_mean=0.000 ep_len=500.0 pi_loss=-0.007 v_loss=0.000 ent=1.210 msg_acc=0.000 kl=0.0053
[upd   83 | steps   42496 | t   64.3s | sps   661] ret_mean=0.000 ep_len=500.0 pi_loss=-0.011 v_loss=0.092 ent=1.220 msg_acc=0.000 kl=0.0049
[upd   84 | steps   43008 | t   65.5s | sps   657] ret_mean=5.500 ep_len=500.0 pi_loss=-0.002 v_loss=0.058 ent=1.137 msg_acc=0.000 kl=0.0065
[upd   85 | steps   43520 | t   67.4s | sps   645] ret_mean=4.500 ep_len=500.0 pi_loss=-0.008 v_loss=0.002 ent=1.186 msg_acc=0.000 kl=0.0091
[upd   86 | steps   44032 | t   68.6s | sps   642] ret_mean=0.000 ep_len=500.0 pi_loss=-0.012 v_loss=0.003 ent=1.225 msg_acc=0.000 kl=0.0131
[upd   87 | steps   44544 | t   69.5s | sps   641] ret_mean=0.000 ep_len=500.0 pi_loss=-0.002 v_loss=0.006 ent=0.988 msg_acc=0.000 kl=-0.0027
[upd   88 | steps   45056 | t   70.2s | sps   642] ret_mean=1.500 ep_len=500.0 pi_loss=-0.010 v_loss=0.000 ent=0.955 msg_acc=0.000 kl=0.0053
[upd   89 | steps   45568 | t   71.0s | sps   642] ret_mean=0.000 ep_len=500.0 pi_loss=-0.003 v_loss=0.000 ent=0.748 msg_acc=0.000 kl=0.0007
[upd   90 | steps   46080 | t   71.7s | sps   643] ret_mean=0.000 ep_len=500.0 pi_loss=-0.002 v_loss=0.001 ent=1.067 msg_acc=0.000 kl=0.0067
[upd   91 | steps   46592 | t   72.4s | sps   644] ret_mean=0.000 ep_len=500.0 pi_loss=-0.010 v_loss=0.001 ent=1.054 msg_acc=0.000 kl=0.0074
[upd   92 | steps   47104 | t   73.0s | sps   645] ret_mean=0.000 ep_len=500.0 pi_loss=-0.006 v_loss=0.000 ent=0.709 msg_acc=0.000 kl=0.0005
[upd   93 | steps   47616 | t   73.6s | sps   647] ret_mean=0.000 ep_len=500.0 pi_loss=-0.004 v_loss=0.001 ent=0.941 msg_acc=0.000 kl=0.0022
[upd   94 | steps   48128 | t   74.3s | sps   648] ret_mean=1.000 ep_len=500.0 pi_loss=-0.006 v_loss=0.002 ent=0.910 msg_acc=0.000 kl=0.0091
[upd   95 | steps   48640 | t   75.0s | sps   649] ret_mean=0.000 ep_len=500.0 pi_loss=-0.006 v_loss=0.000 ent=1.092 msg_acc=0.000 kl=-0.0001
[upd   96 | steps   49152 | t   76.5s | sps   643] ret_mean=0.000 ep_len=500.0 pi_loss=-0.010 v_loss=0.000 ent=0.956 msg_acc=0.000 kl=0.0059
[upd   97 | steps   49664 | t   77.2s | sps   643] ret_mean=0.000 ep_len=500.0 pi_loss=-0.012 v_loss=0.001 ent=1.340 msg_acc=0.000 kl=0.0069
[upd   98 | steps   50176 | t   77.9s | sps   644] ret_mean=0.000 ep_len=500.0 pi_loss=-0.009 v_loss=0.002 ent=1.039 msg_acc=0.000 kl=0.0056
[upd   99 | steps   50688 | t   78.5s | sps   646] ret_mean=0.500 ep_len=500.0 pi_loss=-0.001 v_loss=0.097 ent=1.130 msg_acc=0.000 kl=-0.0020
[upd  100 | steps   51200 | t   79.5s | sps   644] ret_mean=7.000 ep_len=500.0 pi_loss=-0.006 v_loss=0.007 ent=1.041 msg_acc=0.000 kl=0.0036
        [eval] ret_mean=0.000 ep_len=500.0
[upd  101 | steps   51712 | t   85.9s | sps   602] ret_mean=0.000 ep_len=500.0 pi_loss=-0.009 v_loss=0.006 ent=0.796 msg_acc=0.000 kl=0.0058
[upd  102 | steps   52224 | t   86.6s | sps   603] ret_mean=0.000 ep_len=500.0 pi_loss=-0.005 v_loss=0.002 ent=0.955 msg_acc=0.000 kl=0.0058
[upd  103 | steps   52736 | t   87.3s | sps   604] ret_mean=0.500 ep_len=500.0 pi_loss=-0.010 v_loss=0.002 ent=0.915 msg_acc=0.000 kl=0.0124
[upd  104 | steps   53248 | t   88.3s | sps   603] ret_mean=0.000 ep_len=500.0 pi_loss=-0.012 v_loss=0.001 ent=1.027 msg_acc=0.000 kl=0.0061
[upd  105 | steps   53760 | t   89.6s | sps   600] ret_mean=0.000 ep_len=500.0 pi_loss=-0.003 v_loss=0.001 ent=0.836 msg_acc=0.000 kl=0.0034
[upd  106 | steps   54272 | t   91.5s | sps   593] ret_mean=0.000 ep_len=500.0 pi_loss=-0.013 v_loss=0.001 ent=0.700 msg_acc=0.000 kl=0.0140
[upd  107 | steps   54784 | t   93.5s | sps   586] ret_mean=0.000 ep_len=500.0 pi_loss=-0.001 v_loss=0.001 ent=1.263 msg_acc=0.000 kl=0.0052
[upd  108 | steps   55296 | t   95.2s | sps   581] ret_mean=0.000 ep_len=500.0 pi_loss=-0.001 v_loss=0.000 ent=1.228 msg_acc=0.000 kl=0.0018
[upd  109 | steps   55808 | t   96.5s | sps   578] ret_mean=0.000 ep_len=500.0 pi_loss=-0.007 v_loss=0.000 ent=0.848 msg_acc=0.000 kl=0.0026
[upd  110 | steps   56320 | t   97.4s | sps   578] ret_mean=0.000 ep_len=500.0 pi_loss=-0.004 v_loss=0.000 ent=1.141 msg_acc=0.000 kl=0.0013
[upd  111 | steps   56832 | t   98.2s | sps   579] ret_mean=0.000 ep_len=500.0 pi_loss=-0.006 v_loss=0.000 ent=1.129 msg_acc=0.000 kl=0.0088
[upd  112 | steps   57344 | t   99.1s | sps   579] ret_mean=0.000 ep_len=500.0 pi_loss=-0.005 v_loss=0.000 ent=1.210 msg_acc=0.000 kl=-0.0006
[upd  113 | steps   57856 | t   99.8s | sps   579] ret_mean=0.000 ep_len=500.0 pi_loss=-0.004 v_loss=0.000 ent=1.114 msg_acc=0.000 kl=0.0054
[upd  114 | steps   58368 | t  100.8s | sps   579] ret_mean=0.000 ep_len=500.0 pi_loss=-0.005 v_loss=0.000 ent=0.956 msg_acc=0.000 kl=0.0011
[upd  115 | steps   58880 | t  101.9s | sps   578] ret_mean=0.000 ep_len=500.0 pi_loss=-0.002 v_loss=0.000 ent=0.956 msg_acc=0.000 kl=0.0019
[upd  116 | steps   59392 | t  103.0s | sps   577] ret_mean=0.000 ep_len=500.0 pi_loss=-0.003 v_loss=0.000 ent=1.194 msg_acc=0.000 kl=-0.0013
[upd  117 | steps   59904 | t  103.9s | sps   577] ret_mean=0.000 ep_len=500.0 pi_loss=-0.006 v_loss=0.000 ent=1.168 msg_acc=0.000 kl=0.0059
[upd  118 | steps   60416 | t  105.2s | sps   574] ret_mean=0.000 ep_len=500.0 pi_loss=-0.007 v_loss=0.000 ent=1.074 msg_acc=0.000 kl=0.0106
[upd  119 | steps   60928 | t  106.1s | sps   574] ret_mean=0.000 ep_len=500.0 pi_loss=-0.008 v_loss=0.000 ent=1.010 msg_acc=0.000 kl=0.0026
[upd  120 | steps   61440 | t  107.3s | sps   573] ret_mean=0.000 ep_len=500.0 pi_loss=-0.005 v_loss=0.000 ent=1.043 msg_acc=0.000 kl=0.0119
[upd  121 | steps   61952 | t  108.2s | sps   572] ret_mean=0.000 ep_len=500.0 pi_loss=0.001 v_loss=0.000 ent=1.017 msg_acc=0.000 kl=-0.0003
[upd  122 | steps   62464 | t  108.9s | sps   573] ret_mean=0.000 ep_len=500.0 pi_loss=-0.009 v_loss=0.000 ent=1.145 msg_acc=0.000 kl=0.0043
[upd  123 | steps   62976 | t  109.5s | sps   575] ret_mean=0.000 ep_len=500.0 pi_loss=-0.004 v_loss=0.000 ent=1.129 msg_acc=0.000 kl=0.0004
[upd  124 | steps   63488 | t  110.2s | sps   576] ret_mean=0.000 ep_len=500.0 pi_loss=-0.007 v_loss=0.000 ent=1.138 msg_acc=0.000 kl=0.0008
[upd  125 | steps   64000 | t  110.9s | sps   577] ret_mean=0.000 ep_len=500.0 pi_loss=-0.004 v_loss=0.000 ent=1.177 msg_acc=0.000 kl=0.0091
[upd  126 | steps   64512 | t  111.5s | sps   578] ret_mean=0.000 ep_len=500.0 pi_loss=-0.004 v_loss=0.000 ent=1.254 msg_acc=0.000 kl=0.0050
[upd  127 | steps   65024 | t  112.2s | sps   579] ret_mean=0.000 ep_len=500.0 pi_loss=-0.002 v_loss=0.129 ent=1.098 msg_acc=0.000 kl=-0.0013
[upd  128 | steps   65536 | t  112.9s | sps   580] ret_mean=6.000 ep_len=500.0 pi_loss=-0.003 v_loss=0.030 ent=1.078 msg_acc=0.000 kl=0.0006
[upd  129 | steps   66048 | t  113.7s | sps   581] ret_mean=3.000 ep_len=500.0 pi_loss=-0.005 v_loss=0.001 ent=1.056 msg_acc=0.000 kl=0.0044
[upd  130 | steps   66560 | t  114.5s | sps   581] ret_mean=0.000 ep_len=500.0 pi_loss=-0.004 v_loss=0.000 ent=1.030 msg_acc=0.000 kl=-0.0010
[upd  131 | steps   67072 | t  116.3s | sps   577] ret_mean=0.000 ep_len=500.0 pi_loss=-0.008 v_loss=0.001 ent=1.173 msg_acc=0.000 kl=0.0066
[upd  132 | steps   67584 | t  117.7s | sps   574] ret_mean=0.000 ep_len=500.0 pi_loss=-0.004 v_loss=0.001 ent=1.196 msg_acc=0.000 kl=0.0046
[upd  133 | steps   68096 | t  119.2s | sps   571] ret_mean=0.000 ep_len=500.0 pi_loss=-0.008 v_loss=0.000 ent=1.070 msg_acc=0.000 kl=0.0023
[upd  134 | steps   68608 | t  120.9s | sps   568] ret_mean=0.000 ep_len=500.0 pi_loss=-0.001 v_loss=0.000 ent=0.982 msg_acc=0.000 kl=0.0001
[upd  135 | steps   69120 | t  122.0s | sps   566] ret_mean=0.000 ep_len=500.0 pi_loss=-0.010 v_loss=0.000 ent=0.915 msg_acc=0.000 kl=0.0081
[upd  136 | steps   69632 | t  124.1s | sps   561] ret_mean=0.000 ep_len=500.0 pi_loss=-0.001 v_loss=0.000 ent=1.072 msg_acc=0.000 kl=0.0022
[upd  137 | steps   70144 | t  126.8s | sps   553] ret_mean=6.000 ep_len=500.0 pi_loss=-0.002 v_loss=0.066 ent=1.181 msg_acc=0.000 kl=0.0047
[upd  138 | steps   70656 | t  131.0s | sps   539] ret_mean=0.000 ep_len=500.0 pi_loss=-0.007 v_loss=0.003 ent=1.051 msg_acc=0.000 kl=0.0071
[upd  139 | steps   71168 | t  133.8s | sps   532] ret_mean=0.000 ep_len=500.0 pi_loss=-0.001 v_loss=0.002 ent=0.999 msg_acc=0.000 kl=0.0193
[upd  140 | steps   71680 | t  137.3s | sps   522] ret_mean=0.000 ep_len=500.0 pi_loss=-0.010 v_loss=0.001 ent=1.087 msg_acc=0.000 kl=0.0163
[upd  141 | steps   72192 | t  138.4s | sps   522] ret_mean=0.000 ep_len=500.0 pi_loss=-0.010 v_loss=0.001 ent=1.169 msg_acc=0.000 kl=0.0152
[upd  142 | steps   72704 | t  139.4s | sps   522] ret_mean=0.000 ep_len=500.0 pi_loss=-0.005 v_loss=0.000 ent=1.105 msg_acc=0.000 kl=0.0012
[upd  143 | steps   73216 | t  140.2s | sps   522] ret_mean=0.000 ep_len=500.0 pi_loss=-0.004 v_loss=0.007 ent=1.139 msg_acc=0.000 kl=-0.0016
[upd  144 | steps   73728 | t  141.4s | sps   522] ret_mean=1.500 ep_len=500.0 pi_loss=-0.012 v_loss=0.001 ent=1.224 msg_acc=0.000 kl=0.0150
[upd  145 | steps   74240 | t  142.3s | sps   522] ret_mean=0.000 ep_len=500.0 pi_loss=-0.003 v_loss=0.001 ent=0.922 msg_acc=0.000 kl=-0.0012
[upd  146 | steps   74752 | t  143.0s | sps   523] ret_mean=0.000 ep_len=500.0 pi_loss=-0.007 v_loss=0.001 ent=1.225 msg_acc=0.000 kl=-0.0004
[upd  147 | steps   75264 | t  143.7s | sps   524] ret_mean=0.000 ep_len=500.0 pi_loss=-0.007 v_loss=0.001 ent=1.026 msg_acc=0.000 kl=0.0062
[upd  148 | steps   75776 | t  145.0s | sps   523] ret_mean=0.500 ep_len=500.0 pi_loss=-0.005 v_loss=0.003 ent=0.868 msg_acc=0.000 kl=0.0005
[upd  149 | steps   76288 | t  145.7s | sps   523] ret_mean=0.500 ep_len=500.0 pi_loss=-0.005 v_loss=0.000 ent=0.886 msg_acc=0.000 kl=0.0055
[upd  150 | steps   76800 | t  146.5s | sps   524] ret_mean=0.000 ep_len=500.0 pi_loss=-0.003 v_loss=0.000 ent=0.778 msg_acc=0.000 kl=0.0054
        [eval] ret_mean=0.000 ep_len=500.0
[upd  151 | steps   77312 | t  155.5s | sps   497] ret_mean=0.000 ep_len=500.0 pi_loss=-0.009 v_loss=0.000 ent=0.868 msg_acc=0.000 kl=0.0066
[upd  152 | steps   77824 | t  156.6s | sps   497] ret_mean=0.000 ep_len=500.0 pi_loss=-0.009 v_loss=0.000 ent=0.960 msg_acc=0.000 kl=0.0052
[upd  153 | steps   78336 | t  157.2s | sps   498] ret_mean=0.000 ep_len=500.0 pi_loss=-0.002 v_loss=0.000 ent=1.212 msg_acc=0.000 kl=0.0067
[upd  154 | steps   78848 | t  158.0s | sps   499] ret_mean=0.000 ep_len=500.0 pi_loss=-0.001 v_loss=0.025 ent=1.009 msg_acc=0.000 kl=0.0012
[upd  155 | steps   79360 | t  159.3s | sps   498] ret_mean=8.000 ep_len=500.0 pi_loss=-0.001 v_loss=0.034 ent=0.878 msg_acc=0.000 kl=0.0043
[upd  156 | steps   79872 | t  159.9s | sps   499] ret_mean=0.500 ep_len=500.0 pi_loss=-0.004 v_loss=0.002 ent=0.867 msg_acc=0.000 kl=0.0036
[upd  157 | steps   80384 | t  161.4s | sps   498] ret_mean=0.000 ep_len=500.0 pi_loss=-0.006 v_loss=0.001 ent=0.845 msg_acc=0.000 kl=0.0091
[upd  158 | steps   80896 | t  163.0s | sps   496] ret_mean=0.000 ep_len=500.0 pi_loss=-0.007 v_loss=0.003 ent=1.166 msg_acc=0.000 kl=0.0045
[upd  159 | steps   81408 | t  164.6s | sps   495] ret_mean=0.000 ep_len=500.0 pi_loss=-0.012 v_loss=0.030 ent=1.202 msg_acc=0.000 kl=-0.0016
[upd  160 | steps   81920 | t  165.5s | sps   495] ret_mean=2.500 ep_len=500.0 pi_loss=-0.003 v_loss=0.002 ent=1.165 msg_acc=0.000 kl=0.0019
[upd  161 | steps   82432 | t  166.3s | sps   496] ret_mean=0.000 ep_len=500.0 pi_loss=-0.002 v_loss=0.001 ent=1.224 msg_acc=0.000 kl=0.0049
[upd  162 | steps   82944 | t  166.9s | sps   497] ret_mean=0.000 ep_len=500.0 pi_loss=-0.002 v_loss=0.111 ent=1.107 msg_acc=0.000 kl=0.0057
[upd  163 | steps   83456 | t  167.5s | sps   498] ret_mean=34.500 ep_len=500.0 pi_loss=-0.006 v_loss=0.503 ent=0.843 msg_acc=0.000 kl=0.0094
[upd  164 | steps   83968 | t  168.2s | sps   499] ret_mean=0.000 ep_len=500.0 pi_loss=-0.004 v_loss=0.002 ent=1.035 msg_acc=0.000 kl=0.0092
[upd  165 | steps   84480 | t  169.0s | sps   500] ret_mean=0.000 ep_len=500.0 pi_loss=-0.005 v_loss=0.003 ent=1.204 msg_acc=0.000 kl=0.0055
[upd  166 | steps   84992 | t  169.7s | sps   501] ret_mean=0.000 ep_len=500.0 pi_loss=-0.002 v_loss=0.001 ent=1.120 msg_acc=0.000 kl=0.0040
[upd  167 | steps   85504 | t  170.3s | sps   502] ret_mean=0.000 ep_len=500.0 pi_loss=-0.004 v_loss=0.001 ent=1.086 msg_acc=0.000 kl=-0.0011
[upd  168 | steps   86016 | t  171.1s | sps   503] ret_mean=0.000 ep_len=500.0 pi_loss=-0.004 v_loss=0.004 ent=1.079 msg_acc=0.000 kl=0.0049
[upd  169 | steps   86528 | t  171.7s | sps   504] ret_mean=1.500 ep_len=500.0 pi_loss=-0.006 v_loss=0.001 ent=1.249 msg_acc=0.000 kl=0.0055
[upd  170 | steps   87040 | t  172.4s | sps   505] ret_mean=0.000 ep_len=500.0 pi_loss=-0.005 v_loss=0.053 ent=1.072 msg_acc=0.000 kl=0.0007
[upd  171 | steps   87552 | t  173.0s | sps   506] ret_mean=26.500 ep_len=500.0 pi_loss=-0.009 v_loss=0.596 ent=1.045 msg_acc=0.000 kl=0.0201
[upd  172 | steps   88064 | t  173.6s | sps   507] ret_mean=2.500 ep_len=500.0 pi_loss=-0.006 v_loss=0.002 ent=1.064 msg_acc=0.000 kl=0.0052
[upd  173 | steps   88576 | t  174.2s | sps   508] ret_mean=0.000 ep_len=500.0 pi_loss=-0.003 v_loss=0.002 ent=0.940 msg_acc=0.000 kl=0.0013
[upd  174 | steps   89088 | t  175.0s | sps   509] ret_mean=0.000 ep_len=500.0 pi_loss=-0.007 v_loss=0.001 ent=1.124 msg_acc=0.000 kl=-0.0002
[upd  175 | steps   89600 | t  175.6s | sps   510] ret_mean=0.000 ep_len=500.0 pi_loss=-0.004 v_loss=0.000 ent=1.204 msg_acc=0.000 kl=0.0152
[upd  176 | steps   90112 | t  176.2s | sps   511] ret_mean=0.000 ep_len=500.0 pi_loss=-0.007 v_loss=0.022 ent=1.115 msg_acc=0.000 kl=0.0088
[upd  177 | steps   90624 | t  176.8s | sps   512] ret_mean=2.000 ep_len=500.0 pi_loss=-0.003 v_loss=0.000 ent=0.984 msg_acc=0.000 kl=0.0103
[upd  178 | steps   91136 | t  177.4s | sps   514] ret_mean=0.000 ep_len=500.0 pi_loss=-0.004 v_loss=0.053 ent=1.018 msg_acc=0.000 kl=-0.0013
[upd  179 | steps   91648 | t  178.0s | sps   515] ret_mean=3.500 ep_len=500.0 pi_loss=-0.002 v_loss=0.001 ent=1.023 msg_acc=0.000 kl=-0.0013
[upd  180 | steps   92160 | t  178.6s | sps   516] ret_mean=0.000 ep_len=500.0 pi_loss=-0.002 v_loss=0.000 ent=0.923 msg_acc=0.000 kl=0.0017
[upd  181 | steps   92672 | t  179.2s | sps   517] ret_mean=0.000 ep_len=500.0 pi_loss=-0.007 v_loss=0.000 ent=0.909 msg_acc=0.000 kl=0.0047
[upd  182 | steps   93184 | t  179.9s | sps   518] ret_mean=0.000 ep_len=500.0 pi_loss=-0.008 v_loss=0.000 ent=1.131 msg_acc=0.000 kl=0.0147
[upd  183 | steps   93696 | t  180.5s | sps   519] ret_mean=0.000 ep_len=500.0 pi_loss=-0.008 v_loss=0.000 ent=1.124 msg_acc=0.000 kl=0.0020
[upd  184 | steps   94208 | t  181.2s | sps   520] ret_mean=0.000 ep_len=500.0 pi_loss=-0.013 v_loss=0.000 ent=0.914 msg_acc=0.000 kl=0.0230
[upd  185 | steps   94720 | t  181.8s | sps   521] ret_mean=0.000 ep_len=500.0 pi_loss=-0.001 v_loss=0.713 ent=0.801 msg_acc=0.000 kl=0.0048
[upd  186 | steps   95232 | t  182.4s | sps   522] ret_mean=44.000 ep_len=500.0 pi_loss=-0.007 v_loss=0.187 ent=0.938 msg_acc=0.000 kl=0.0166
[upd  187 | steps   95744 | t  183.1s | sps   523] ret_mean=0.000 ep_len=500.0 pi_loss=-0.007 v_loss=0.007 ent=1.162 msg_acc=0.000 kl=0.0031
[upd  188 | steps   96256 | t  183.8s | sps   524] ret_mean=1.000 ep_len=500.0 pi_loss=-0.007 v_loss=0.001 ent=1.227 msg_acc=0.000 kl=0.0042
[upd  189 | steps   96768 | t  184.4s | sps   525] ret_mean=0.000 ep_len=500.0 pi_loss=-0.008 v_loss=0.003 ent=1.337 msg_acc=0.000 kl=0.0028
[upd  190 | steps   97280 | t  185.0s | sps   526] ret_mean=0.500 ep_len=500.0 pi_loss=-0.002 v_loss=0.001 ent=0.920 msg_acc=0.000 kl=0.0024
[upd  191 | steps   97792 | t  185.6s | sps   527] ret_mean=0.000 ep_len=500.0 pi_loss=-0.007 v_loss=0.001 ent=1.381 msg_acc=0.000 kl=0.0014
[upd  192 | steps   98304 | t  186.2s | sps   528] ret_mean=0.000 ep_len=500.0 pi_loss=-0.003 v_loss=0.000 ent=1.198 msg_acc=0.000 kl=-0.0041
[upd  193 | steps   98816 | t  186.8s | sps   529] ret_mean=0.000 ep_len=500.0 pi_loss=-0.005 v_loss=0.000 ent=0.981 msg_acc=0.000 kl=0.0125
[upd  194 | steps   99328 | t  187.4s | sps   530] ret_mean=0.000 ep_len=500.0 pi_loss=-0.004 v_loss=0.000 ent=1.207 msg_acc=0.000 kl=-0.0007
[upd  195 | steps   99840 | t  188.1s | sps   531] ret_mean=22.500 ep_len=500.0 pi_loss=-0.007 v_loss=0.545 ent=1.145 msg_acc=0.000 kl=0.0140
[upd  196 | steps  100352 | t  188.7s | sps   532] ret_mean=0.000 ep_len=500.0 pi_loss=-0.003 v_loss=0.143 ent=1.170 msg_acc=0.000 kl=0.0002
[upd  197 | steps  100864 | t  189.4s | sps   533] ret_mean=15.500 ep_len=500.0 pi_loss=-0.005 v_loss=0.128 ent=1.124 msg_acc=0.000 kl=0.0082
[upd  198 | steps  101376 | t  190.0s | sps   534] ret_mean=0.000 ep_len=500.0 pi_loss=-0.005 v_loss=0.003 ent=1.429 msg_acc=0.000 kl=0.0043
[upd  199 | steps  101888 | t  190.6s | sps   535] ret_mean=0.000 ep_len=500.0 pi_loss=-0.006 v_loss=0.003 ent=1.192 msg_acc=0.000 kl=0.0001
[upd  200 | steps  102400 | t  191.2s | sps   535] ret_mean=0.000 ep_len=500.0 pi_loss=-0.005 v_loss=0.003 ent=1.139 msg_acc=0.000 kl=-0.0022
        [eval] ret_mean=0.000 ep_len=500.0
