$ /Users/samchen/Coding/CLASSES/CS2860/.venv/bin/python3 -m policies.train --env rware-tiny-2ag-easy-v2 --seed 0 --updates 400 --rollout 512 --eval-every 25 --eval-episodes 30 --log-dir matrix_results/diagnostics_v1_sam/comm_2ag/main_tiny --run-name mappo-no-comm__baseline__d0__s0 --n-msg-tokens 8 --no-comm --shape-rewards --pickup-bonus 0.5

[env] EnvSpec(env_id='rware-tiny-2ag-easy-v2', n_agents=2, obs_dim=71, n_env_actions=5, noop_action=0, family='rware')  (n_msg_tokens=1)
[cfg] {'clip_range': 0.2, 'value_clip_range': 0.2, 'entropy_coef': 0.01, 'value_coef': 0.5, 'max_grad_norm': 0.5, 'gamma': 0.99, 'gae_lambda': 0.95, 'lr_actor': 0.0003, 'lr_critic': 0.001, 'update_epochs': 4, 'minibatches': 4, 'hidden': 128, 'depth': 2, 'device': 'cpu', 'extra': {}}
[log] writing to matrix_results/diagnostics_v1_sam/comm_2ag/main_tiny/mappo-no-comm__baseline__d0__s0
[upd    1 | steps     512 | t    0.2s | sps  2546] ret_mean=0.000 ep_len=500.0 pi_loss=-0.008 v_loss=0.024 ent=1.607 kl=0.0087
[upd    2 | steps    1024 | t    0.3s | sps  2951] ret_mean=3.500 ep_len=500.0 pi_loss=-0.004 v_loss=0.025 ent=1.605 kl=0.0051
[upd    3 | steps    1536 | t    0.5s | sps  3089] ret_mean=0.000 ep_len=500.0 pi_loss=-0.005 v_loss=0.004 ent=1.602 kl=-0.0007
[upd    4 | steps    2048 | t    0.6s | sps  3160] ret_mean=0.500 ep_len=500.0 pi_loss=-0.004 v_loss=0.004 ent=1.581 kl=0.0088
[upd    5 | steps    2560 | t    0.9s | sps  2931] ret_mean=1.500 ep_len=500.0 pi_loss=-0.003 v_loss=0.008 ent=1.579 kl=0.0013
[upd    6 | steps    3072 | t    1.0s | sps  3007] ret_mean=2.500 ep_len=500.0 pi_loss=-0.006 v_loss=0.015 ent=1.561 kl=0.0073
[upd    7 | steps    3584 | t    1.2s | sps  3013] ret_mean=2.500 ep_len=500.0 pi_loss=-0.005 v_loss=0.016 ent=1.552 kl=0.0038
[upd    8 | steps    4096 | t    1.4s | sps  3029] ret_mean=0.000 ep_len=500.0 pi_loss=-0.007 v_loss=0.002 ent=1.556 kl=-0.0003
[upd    9 | steps    4608 | t    1.5s | sps  3068] ret_mean=0.000 ep_len=500.0 pi_loss=-0.009 v_loss=0.002 ent=1.593 kl=0.0028
[upd   10 | steps    5120 | t    1.7s | sps  3100] ret_mean=0.000 ep_len=500.0 pi_loss=-0.008 v_loss=0.002 ent=1.570 kl=0.0083
[upd   11 | steps    5632 | t    1.8s | sps  3132] ret_mean=1.500 ep_len=500.0 pi_loss=-0.005 v_loss=0.010 ent=1.508 kl=0.0005
[upd   12 | steps    6144 | t    1.9s | sps  3158] ret_mean=0.000 ep_len=500.0 pi_loss=-0.006 v_loss=0.001 ent=1.516 kl=0.0007
[upd   13 | steps    6656 | t    2.1s | sps  3175] ret_mean=0.000 ep_len=500.0 pi_loss=-0.005 v_loss=0.001 ent=1.516 kl=0.0012
[upd   14 | steps    7168 | t    2.2s | sps  3190] ret_mean=0.500 ep_len=500.0 pi_loss=-0.011 v_loss=0.002 ent=1.503 kl=0.0068
[upd   15 | steps    7680 | t    2.4s | sps  3204] ret_mean=0.000 ep_len=500.0 pi_loss=-0.003 v_loss=0.001 ent=1.492 kl=0.0105
[upd   16 | steps    8192 | t    2.5s | sps  3220] ret_mean=6.500 ep_len=500.0 pi_loss=-0.006 v_loss=0.117 ent=1.499 kl=0.0044
[upd   17 | steps    8704 | t    2.7s | sps  3230] ret_mean=0.000 ep_len=500.0 pi_loss=-0.003 v_loss=0.002 ent=1.511 kl=0.0045
[upd   18 | steps    9216 | t    2.8s | sps  3240] ret_mean=0.000 ep_len=500.0 pi_loss=-0.007 v_loss=0.002 ent=1.541 kl=0.0073
[upd   19 | steps    9728 | t    3.0s | sps  3248] ret_mean=0.000 ep_len=500.0 pi_loss=-0.009 v_loss=0.007 ent=1.555 kl=0.0079
[upd   20 | steps   10240 | t    3.1s | sps  3253] ret_mean=1.500 ep_len=500.0 pi_loss=-0.013 v_loss=0.001 ent=1.560 kl=0.0182
[upd   21 | steps   10752 | t    3.3s | sps  3261] ret_mean=0.000 ep_len=500.0 pi_loss=-0.001 v_loss=0.002 ent=1.570 kl=0.0012
[upd   22 | steps   11264 | t    3.4s | sps  3267] ret_mean=0.000 ep_len=500.0 pi_loss=-0.009 v_loss=0.002 ent=1.560 kl=0.0036
[upd   23 | steps   11776 | t    3.6s | sps  3271] ret_mean=0.500 ep_len=500.0 pi_loss=-0.005 v_loss=0.012 ent=1.557 kl=0.0047
[upd   24 | steps   12288 | t    3.8s | sps  3275] ret_mean=2.000 ep_len=500.0 pi_loss=-0.006 v_loss=0.001 ent=1.563 kl=0.0040
[upd   25 | steps   12800 | t    3.9s | sps  3268] ret_mean=0.000 ep_len=500.0 pi_loss=-0.007 v_loss=0.031 ent=1.539 kl=0.0034
        [eval] ret_mean=12.500 ep_len=500.0
[upd   26 | steps   13312 | t    7.6s | sps  1758] ret_mean=0.000 ep_len=500.0 pi_loss=-0.006 v_loss=0.001 ent=1.491 kl=0.0074
[upd   27 | steps   13824 | t    7.7s | sps  1787] ret_mean=0.000 ep_len=500.0 pi_loss=-0.003 v_loss=0.001 ent=1.485 kl=0.0018
[upd   28 | steps   14336 | t    7.9s | sps  1817] ret_mean=0.000 ep_len=500.0 pi_loss=-0.010 v_loss=0.001 ent=1.488 kl=0.0117
[upd   29 | steps   14848 | t    8.0s | sps  1848] ret_mean=0.000 ep_len=500.0 pi_loss=-0.006 v_loss=0.001 ent=1.531 kl=-0.0008
[upd   30 | steps   15360 | t    8.2s | sps  1875] ret_mean=0.000 ep_len=500.0 pi_loss=-0.005 v_loss=0.000 ent=1.551 kl=0.0013
[upd   31 | steps   15872 | t    8.3s | sps  1903] ret_mean=8.000 ep_len=500.0 pi_loss=-0.006 v_loss=0.083 ent=1.521 kl=-0.0017
[upd   32 | steps   16384 | t    8.5s | sps  1928] ret_mean=0.500 ep_len=500.0 pi_loss=-0.007 v_loss=0.004 ent=1.504 kl=0.0040
[upd   33 | steps   16896 | t    8.7s | sps  1950] ret_mean=1.500 ep_len=500.0 pi_loss=-0.004 v_loss=0.016 ent=1.541 kl=0.0073
[upd   34 | steps   17408 | t    8.8s | sps  1968] ret_mean=2.000 ep_len=500.0 pi_loss=-0.006 v_loss=0.003 ent=1.540 kl=0.0022
[upd   35 | steps   17920 | t    9.0s | sps  1993] ret_mean=0.500 ep_len=500.0 pi_loss=-0.006 v_loss=0.004 ent=1.449 kl=0.0005
[upd   36 | steps   18432 | t    9.1s | sps  2015] ret_mean=0.500 ep_len=500.0 pi_loss=-0.005 v_loss=0.002 ent=1.529 kl=-0.0009
[upd   37 | steps   18944 | t    9.3s | sps  2037] ret_mean=1.500 ep_len=500.0 pi_loss=-0.003 v_loss=0.080 ent=1.388 kl=0.0056
[upd   38 | steps   19456 | t    9.4s | sps  2059] ret_mean=5.000 ep_len=500.0 pi_loss=-0.009 v_loss=0.065 ent=1.375 kl=0.0017
[upd   39 | steps   19968 | t    9.6s | sps  2081] ret_mean=5.000 ep_len=500.0 pi_loss=-0.008 v_loss=0.335 ent=1.379 kl=0.0069
[upd   40 | steps   20480 | t    9.7s | sps  2102] ret_mean=25.000 ep_len=500.0 pi_loss=-0.003 v_loss=0.266 ent=1.340 kl=0.0046
[upd   41 | steps   20992 | t    9.9s | sps  2121] ret_mean=12.500 ep_len=500.0 pi_loss=-0.008 v_loss=0.202 ent=1.348 kl=0.0048
[upd   42 | steps   21504 | t   10.0s | sps  2140] ret_mean=0.000 ep_len=500.0 pi_loss=-0.007 v_loss=0.003 ent=1.368 kl=0.0049
[upd   43 | steps   22016 | t   10.2s | sps  2158] ret_mean=3.000 ep_len=500.0 pi_loss=-0.009 v_loss=0.682 ent=1.323 kl=-0.0014
[upd   44 | steps   22528 | t   10.4s | sps  2169] ret_mean=22.000 ep_len=500.0 pi_loss=-0.007 v_loss=0.006 ent=1.372 kl=0.0019
[upd   45 | steps   23040 | t   10.6s | sps  2183] ret_mean=4.500 ep_len=500.0 pi_loss=-0.011 v_loss=0.057 ent=1.296 kl=0.0110
[upd   46 | steps   23552 | t   10.8s | sps  2190] ret_mean=10.500 ep_len=500.0 pi_loss=-0.003 v_loss=0.273 ent=1.328 kl=0.0027
[upd   47 | steps   24064 | t   11.0s | sps  2197] ret_mean=4.500 ep_len=500.0 pi_loss=-0.004 v_loss=0.108 ent=1.251 kl=0.0183
[upd   48 | steps   24576 | t   11.2s | sps  2201] ret_mean=5.500 ep_len=500.0 pi_loss=-0.006 v_loss=0.005 ent=1.269 kl=0.0046
[upd   49 | steps   25088 | t   11.3s | sps  2212] ret_mean=0.000 ep_len=500.0 pi_loss=-0.001 v_loss=0.017 ent=1.224 kl=0.0030
[upd   50 | steps   25600 | t   11.5s | sps  2223] ret_mean=2.000 ep_len=500.0 pi_loss=-0.007 v_loss=0.004 ent=1.200 kl=0.0031
        [eval] ret_mean=4.167 ep_len=500.0
[upd   51 | steps   26112 | t   15.9s | sps  1639] ret_mean=0.000 ep_len=500.0 pi_loss=-0.009 v_loss=0.004 ent=1.238 kl=0.0165
[upd   52 | steps   26624 | t   16.1s | sps  1654] ret_mean=16.500 ep_len=500.0 pi_loss=-0.007 v_loss=0.451 ent=1.288 kl=0.0036
[upd   53 | steps   27136 | t   16.3s | sps  1669] ret_mean=22.500 ep_len=500.0 pi_loss=-0.006 v_loss=0.905 ent=1.037 kl=0.0084
[upd   54 | steps   27648 | t   16.4s | sps  1684] ret_mean=0.000 ep_len=500.0 pi_loss=-0.006 v_loss=0.004 ent=1.182 kl=0.0074
[upd   55 | steps   28160 | t   16.6s | sps  1695] ret_mean=44.500 ep_len=500.0 pi_loss=-0.007 v_loss=2.584 ent=1.047 kl=0.0010
[upd   56 | steps   28672 | t   16.8s | sps  1707] ret_mean=0.000 ep_len=500.0 pi_loss=-0.008 v_loss=0.002 ent=1.127 kl=0.0136
[upd   57 | steps   29184 | t   17.0s | sps  1714] ret_mean=1.000 ep_len=500.0 pi_loss=-0.009 v_loss=0.010 ent=1.139 kl=0.0110
[upd   58 | steps   29696 | t   17.2s | sps  1723] ret_mean=2.000 ep_len=500.0 pi_loss=-0.004 v_loss=0.127 ent=1.123 kl=0.0038
[upd   59 | steps   30208 | t   17.5s | sps  1729] ret_mean=16.000 ep_len=500.0 pi_loss=-0.005 v_loss=0.292 ent=0.951 kl=0.0017
[upd   60 | steps   30720 | t   17.7s | sps  1738] ret_mean=1.000 ep_len=500.0 pi_loss=-0.005 v_loss=0.085 ent=1.023 kl=0.0074
[upd   61 | steps   31232 | t   17.9s | sps  1749] ret_mean=46.000 ep_len=500.0 pi_loss=-0.009 v_loss=2.554 ent=0.878 kl=0.0058
[upd   62 | steps   31744 | t   18.0s | sps  1761] ret_mean=30.500 ep_len=500.0 pi_loss=-0.002 v_loss=1.233 ent=0.792 kl=0.0015
[upd   63 | steps   32256 | t   18.2s | sps  1773] ret_mean=74.500 ep_len=500.0 pi_loss=-0.006 v_loss=2.447 ent=0.785 kl=0.0102
[upd   64 | steps   32768 | t   18.3s | sps  1787] ret_mean=38.000 ep_len=500.0 pi_loss=-0.002 v_loss=0.974 ent=0.924 kl=0.0091
[upd   65 | steps   33280 | t   18.5s | sps  1799] ret_mean=0.000 ep_len=500.0 pi_loss=-0.009 v_loss=0.011 ent=1.039 kl=0.0068
[upd   66 | steps   33792 | t   18.7s | sps  1812] ret_mean=0.000 ep_len=500.0 pi_loss=-0.003 v_loss=0.017 ent=1.205 kl=0.0042
[upd   67 | steps   34304 | t   18.8s | sps  1824] ret_mean=0.000 ep_len=500.0 pi_loss=-0.004 v_loss=0.010 ent=0.868 kl=0.0039
[upd   68 | steps   34816 | t   19.0s | sps  1836] ret_mean=0.000 ep_len=500.0 pi_loss=-0.009 v_loss=0.016 ent=0.961 kl=0.0106
[upd   69 | steps   35328 | t   19.1s | sps  1848] ret_mean=0.000 ep_len=500.0 pi_loss=-0.004 v_loss=0.006 ent=0.962 kl=0.0009
[upd   70 | steps   35840 | t   19.3s | sps  1860] ret_mean=0.000 ep_len=500.0 pi_loss=-0.008 v_loss=0.005 ent=0.798 kl=-0.0006
[upd   71 | steps   36352 | t   19.4s | sps  1872] ret_mean=0.000 ep_len=500.0 pi_loss=-0.006 v_loss=0.083 ent=0.760 kl=0.0188
[upd   72 | steps   36864 | t   19.6s | sps  1883] ret_mean=6.000 ep_len=500.0 pi_loss=-0.005 v_loss=0.004 ent=0.701 kl=0.0057
[upd   73 | steps   37376 | t   19.7s | sps  1894] ret_mean=0.000 ep_len=500.0 pi_loss=-0.005 v_loss=3.576 ent=0.815 kl=0.0095
[upd   74 | steps   37888 | t   19.9s | sps  1905] ret_mean=89.000 ep_len=500.0 pi_loss=-0.011 v_loss=1.204 ent=0.464 kl=0.0135
[upd   75 | steps   38400 | t   20.1s | sps  1915] ret_mean=0.000 ep_len=500.0 pi_loss=-0.004 v_loss=0.004 ent=0.717 kl=0.0123
        [eval] ret_mean=8.333 ep_len=500.0
[upd   76 | steps   38912 | t   24.2s | sps  1610] ret_mean=0.000 ep_len=500.0 pi_loss=-0.005 v_loss=0.003 ent=0.961 kl=0.0092
[upd   77 | steps   39424 | t   24.3s | sps  1621] ret_mean=0.000 ep_len=500.0 pi_loss=-0.007 v_loss=0.002 ent=0.826 kl=0.0209
[upd   78 | steps   39936 | t   24.5s | sps  1632] ret_mean=0.000 ep_len=500.0 pi_loss=-0.002 v_loss=0.002 ent=0.716 kl=0.0004
[upd   79 | steps   40448 | t   24.6s | sps  1642] ret_mean=0.000 ep_len=500.0 pi_loss=-0.002 v_loss=0.001 ent=0.838 kl=0.0018
[upd   80 | steps   40960 | t   24.8s | sps  1653] ret_mean=0.000 ep_len=500.0 pi_loss=-0.009 v_loss=0.059 ent=0.952 kl=0.0106
[upd   81 | steps   41472 | t   24.9s | sps  1664] ret_mean=159.500 ep_len=500.0 pi_loss=-0.007 v_loss=14.770 ent=0.403 kl=0.0052
[upd   82 | steps   41984 | t   25.1s | sps  1674] ret_mean=16.500 ep_len=500.0 pi_loss=-0.003 v_loss=0.113 ent=0.755 kl=0.0085
[upd   83 | steps   42496 | t   25.2s | sps  1684] ret_mean=0.000 ep_len=500.0 pi_loss=-0.010 v_loss=0.018 ent=0.980 kl=0.0076
[upd   84 | steps   43008 | t   25.4s | sps  1695] ret_mean=0.000 ep_len=500.0 pi_loss=-0.001 v_loss=1.193 ent=0.382 kl=0.0023
[upd   85 | steps   43520 | t   25.5s | sps  1705] ret_mean=112.500 ep_len=500.0 pi_loss=-0.007 v_loss=4.507 ent=0.609 kl=0.0040
[upd   86 | steps   44032 | t   25.7s | sps  1714] ret_mean=28.000 ep_len=500.0 pi_loss=-0.005 v_loss=1.984 ent=0.573 kl=0.0033
[upd   87 | steps   44544 | t   25.9s | sps  1723] ret_mean=93.000 ep_len=500.0 pi_loss=-0.006 v_loss=2.877 ent=0.657 kl=0.0116
[upd   88 | steps   45056 | t   26.0s | sps  1730] ret_mean=31.500 ep_len=500.0 pi_loss=-0.002 v_loss=2.181 ent=0.397 kl=0.0029
[upd   89 | steps   45568 | t   26.2s | sps  1740] ret_mean=186.500 ep_len=500.0 pi_loss=-0.006 v_loss=13.539 ent=0.313 kl=0.0065
[upd   90 | steps   46080 | t   26.3s | sps  1749] ret_mean=80.500 ep_len=500.0 pi_loss=-0.003 v_loss=3.452 ent=0.538 kl=0.0099
[upd   91 | steps   46592 | t   26.5s | sps  1759] ret_mean=0.000 ep_len=500.0 pi_loss=-0.006 v_loss=0.060 ent=0.660 kl=0.0057
[upd   92 | steps   47104 | t   26.6s | sps  1769] ret_mean=0.000 ep_len=500.0 pi_loss=-0.004 v_loss=0.064 ent=0.340 kl=-0.0020
[upd   93 | steps   47616 | t   26.8s | sps  1779] ret_mean=0.000 ep_len=500.0 pi_loss=-0.001 v_loss=0.030 ent=0.329 kl=0.0002
[upd   94 | steps   48128 | t   26.9s | sps  1788] ret_mean=0.000 ep_len=500.0 pi_loss=-0.004 v_loss=0.019 ent=0.452 kl=0.0038
[upd   95 | steps   48640 | t   27.1s | sps  1797] ret_mean=0.000 ep_len=500.0 pi_loss=-0.003 v_loss=0.018 ent=0.528 kl=0.0007
[upd   96 | steps   49152 | t   27.2s | sps  1806] ret_mean=0.000 ep_len=500.0 pi_loss=-0.006 v_loss=0.013 ent=0.380 kl=0.0047
[upd   97 | steps   49664 | t   27.4s | sps  1815] ret_mean=0.000 ep_len=500.0 pi_loss=-0.002 v_loss=0.311 ent=0.419 kl=0.0001
[upd   98 | steps   50176 | t   27.5s | sps  1824] ret_mean=9.000 ep_len=500.0 pi_loss=-0.010 v_loss=2.065 ent=0.557 kl=0.0141
[upd   99 | steps   50688 | t   27.7s | sps  1833] ret_mean=94.500 ep_len=500.0 pi_loss=-0.006 v_loss=2.874 ent=0.170 kl=-0.0017
[upd  100 | steps   51200 | t   27.8s | sps  1842] ret_mean=9.500 ep_len=500.0 pi_loss=-0.005 v_loss=0.021 ent=0.514 kl=0.0004
        [eval] ret_mean=8.317 ep_len=500.0
[upd  101 | steps   51712 | t   31.3s | sps  1651] ret_mean=44.000 ep_len=500.0 pi_loss=-0.004 v_loss=2.165 ent=0.430 kl=0.0092
[upd  102 | steps   52224 | t   31.5s | sps  1659] ret_mean=0.000 ep_len=500.0 pi_loss=-0.007 v_loss=0.022 ent=1.061 kl=0.0029
[upd  103 | steps   52736 | t   31.6s | sps  1667] ret_mean=0.000 ep_len=500.0 pi_loss=-0.008 v_loss=0.012 ent=0.959 kl=-0.0018
[upd  104 | steps   53248 | t   31.8s | sps  1676] ret_mean=0.000 ep_len=500.0 pi_loss=-0.004 v_loss=0.008 ent=0.479 kl=-0.0040
[upd  105 | steps   53760 | t   31.9s | sps  1684] ret_mean=0.000 ep_len=500.0 pi_loss=-0.006 v_loss=0.051 ent=0.692 kl=0.0137
[upd  106 | steps   54272 | t   32.1s | sps  1691] ret_mean=64.500 ep_len=500.0 pi_loss=-0.005 v_loss=3.237 ent=0.855 kl=0.0118
[upd  107 | steps   54784 | t   32.3s | sps  1698] ret_mean=1.500 ep_len=500.0 pi_loss=-0.008 v_loss=0.019 ent=0.923 kl=0.0060
[upd  108 | steps   55296 | t   32.4s | sps  1704] ret_mean=3.000 ep_len=500.0 pi_loss=-0.002 v_loss=0.032 ent=1.154 kl=0.0026
[upd  109 | steps   55808 | t   32.7s | sps  1708] ret_mean=0.000 ep_len=500.0 pi_loss=-0.007 v_loss=0.003 ent=0.972 kl=0.0077
[upd  110 | steps   56320 | t   32.9s | sps  1714] ret_mean=0.000 ep_len=500.0 pi_loss=-0.003 v_loss=0.005 ent=0.988 kl=0.0130
[upd  111 | steps   56832 | t   33.0s | sps  1721] ret_mean=0.000 ep_len=500.0 pi_loss=-0.003 v_loss=0.004 ent=0.831 kl=0.0094
[upd  112 | steps   57344 | t   33.2s | sps  1728] ret_mean=0.000 ep_len=500.0 pi_loss=-0.006 v_loss=0.001 ent=1.078 kl=0.0055
[upd  113 | steps   57856 | t   33.3s | sps  1735] ret_mean=0.000 ep_len=500.0 pi_loss=-0.005 v_loss=0.002 ent=0.915 kl=0.0026
[upd  114 | steps   58368 | t   33.5s | sps  1742] ret_mean=0.000 ep_len=500.0 pi_loss=-0.004 v_loss=0.310 ent=1.021 kl=0.0096
[upd  115 | steps   58880 | t   33.7s | sps  1749] ret_mean=16.500 ep_len=500.0 pi_loss=-0.002 v_loss=0.100 ent=0.741 kl=0.0027
[upd  116 | steps   59392 | t   33.8s | sps  1756] ret_mean=2.500 ep_len=500.0 pi_loss=-0.006 v_loss=0.048 ent=1.224 kl=0.0004
[upd  117 | steps   59904 | t   34.0s | sps  1763] ret_mean=0.000 ep_len=500.0 pi_loss=-0.007 v_loss=0.003 ent=0.984 kl=0.0050
[upd  118 | steps   60416 | t   34.1s | sps  1770] ret_mean=23.500 ep_len=500.0 pi_loss=-0.011 v_loss=3.745 ent=0.718 kl=0.0136
[upd  119 | steps   60928 | t   34.3s | sps  1776] ret_mean=82.500 ep_len=500.0 pi_loss=-0.004 v_loss=4.854 ent=0.659 kl=0.0026
[upd  120 | steps   61440 | t   34.5s | sps  1782] ret_mean=123.500 ep_len=500.0 pi_loss=-0.011 v_loss=3.347 ent=0.785 kl=-0.0027
[upd  121 | steps   61952 | t   34.7s | sps  1788] ret_mean=0.000 ep_len=500.0 pi_loss=-0.004 v_loss=1.768 ent=0.743 kl=0.0120
[upd  122 | steps   62464 | t   34.9s | sps  1792] ret_mean=80.000 ep_len=500.0 pi_loss=-0.002 v_loss=1.605 ent=0.884 kl=0.0032
[upd  123 | steps   62976 | t   35.0s | sps  1798] ret_mean=31.000 ep_len=500.0 pi_loss=-0.003 v_loss=4.634 ent=0.804 kl=-0.0018
[upd  124 | steps   63488 | t   35.2s | sps  1804] ret_mean=116.000 ep_len=500.0 pi_loss=-0.005 v_loss=3.049 ent=0.997 kl=0.0023
[upd  125 | steps   64000 | t   35.4s | sps  1810] ret_mean=69.500 ep_len=500.0 pi_loss=-0.007 v_loss=2.197 ent=0.883 kl=0.0068
        [eval] ret_mean=0.000 ep_len=500.0
[upd  126 | steps   64512 | t   39.3s | sps  1642] ret_mean=0.000 ep_len=500.0 pi_loss=-0.008 v_loss=0.105 ent=0.588 kl=-0.0022
[upd  127 | steps   65024 | t   39.4s | sps  1648] ret_mean=82.500 ep_len=500.0 pi_loss=-0.007 v_loss=3.594 ent=0.416 kl=0.0082
[upd  128 | steps   65536 | t   39.6s | sps  1655] ret_mean=0.000 ep_len=500.0 pi_loss=-0.005 v_loss=0.042 ent=0.846 kl=-0.0013
[upd  129 | steps   66048 | t   39.8s | sps  1661] ret_mean=9.500 ep_len=500.0 pi_loss=-0.001 v_loss=0.248 ent=0.461 kl=0.0028
[upd  130 | steps   66560 | t   39.9s | sps  1666] ret_mean=88.000 ep_len=500.0 pi_loss=-0.014 v_loss=6.156 ent=0.800 kl=0.0104
[upd  131 | steps   67072 | t   40.2s | sps  1671] ret_mean=83.000 ep_len=500.0 pi_loss=-0.006 v_loss=3.882 ent=0.792 kl=0.0079
[upd  132 | steps   67584 | t   40.3s | sps  1676] ret_mean=45.500 ep_len=500.0 pi_loss=-0.003 v_loss=1.345 ent=0.783 kl=0.0059
[upd  133 | steps   68096 | t   40.5s | sps  1681] ret_mean=0.000 ep_len=500.0 pi_loss=-0.009 v_loss=0.041 ent=0.838 kl=0.0019
[upd  134 | steps   68608 | t   40.7s | sps  1687] ret_mean=45.500 ep_len=500.0 pi_loss=-0.003 v_loss=3.097 ent=0.529 kl=0.0042
[upd  135 | steps   69120 | t   40.9s | sps  1692] ret_mean=90.500 ep_len=500.0 pi_loss=-0.009 v_loss=3.067 ent=0.914 kl=0.0026
[upd  136 | steps   69632 | t   41.0s | sps  1698] ret_mean=0.000 ep_len=500.0 pi_loss=-0.010 v_loss=0.085 ent=1.036 kl=0.0125
[upd  137 | steps   70144 | t   41.2s | sps  1701] ret_mean=5.000 ep_len=500.0 pi_loss=-0.006 v_loss=0.039 ent=1.135 kl=0.0055
[upd  138 | steps   70656 | t   41.5s | sps  1703] ret_mean=23.500 ep_len=500.0 pi_loss=-0.007 v_loss=1.011 ent=0.895 kl=0.0045
[upd  139 | steps   71168 | t   41.7s | sps  1705] ret_mean=3.000 ep_len=500.0 pi_loss=-0.006 v_loss=0.114 ent=1.092 kl=0.0048
[upd  140 | steps   71680 | t   42.0s | sps  1709] ret_mean=0.000 ep_len=500.0 pi_loss=-0.008 v_loss=1.595 ent=0.750 kl=0.0110
[upd  141 | steps   72192 | t   42.1s | sps  1713] ret_mean=112.000 ep_len=500.0 pi_loss=-0.004 v_loss=3.856 ent=0.464 kl=0.0032
[upd  142 | steps   72704 | t   42.3s | sps  1717] ret_mean=2.500 ep_len=500.0 pi_loss=-0.004 v_loss=1.706 ent=0.854 kl=0.0035
[upd  143 | steps   73216 | t   42.5s | sps  1722] ret_mean=39.000 ep_len=500.0 pi_loss=-0.010 v_loss=0.555 ent=1.080 kl=0.0084
[upd  144 | steps   73728 | t   42.7s | sps  1727] ret_mean=82.500 ep_len=500.0 pi_loss=-0.009 v_loss=3.870 ent=0.584 kl=0.0000
[upd  145 | steps   74240 | t   42.8s | sps  1733] ret_mean=19.000 ep_len=500.0 pi_loss=-0.005 v_loss=2.426 ent=0.315 kl=0.0005
[upd  146 | steps   74752 | t   43.0s | sps  1739] ret_mean=113.000 ep_len=500.0 pi_loss=-0.005 v_loss=2.859 ent=0.680 kl=0.0022
[upd  147 | steps   75264 | t   43.1s | sps  1745] ret_mean=1.000 ep_len=500.0 pi_loss=-0.007 v_loss=2.229 ent=0.733 kl=0.0105
[upd  148 | steps   75776 | t   43.3s | sps  1750] ret_mean=107.500 ep_len=500.0 pi_loss=-0.000 v_loss=2.426 ent=0.816 kl=0.0058
[upd  149 | steps   76288 | t   43.4s | sps  1756] ret_mean=0.000 ep_len=500.0 pi_loss=-0.011 v_loss=3.208 ent=0.447 kl=0.0143
[upd  150 | steps   76800 | t   43.6s | sps  1762] ret_mean=123.000 ep_len=500.0 pi_loss=-0.002 v_loss=10.902 ent=0.196 kl=0.0095
        [eval] ret_mean=24.967 ep_len=500.0
[upd  151 | steps   77312 | t   47.5s | sps  1628] ret_mean=28.500 ep_len=500.0 pi_loss=-0.004 v_loss=1.242 ent=0.696 kl=0.0018
[upd  152 | steps   77824 | t   47.6s | sps  1634] ret_mean=48.000 ep_len=500.0 pi_loss=-0.010 v_loss=1.999 ent=0.603 kl=0.0148
[upd  153 | steps   78336 | t   47.8s | sps  1639] ret_mean=46.500 ep_len=500.0 pi_loss=-0.008 v_loss=1.715 ent=0.851 kl=-0.0022
[upd  154 | steps   78848 | t   47.9s | sps  1645] ret_mean=0.000 ep_len=500.0 pi_loss=-0.014 v_loss=0.098 ent=1.143 kl=0.0063
[upd  155 | steps   79360 | t   48.1s | sps  1650] ret_mean=0.000 ep_len=500.0 pi_loss=-0.008 v_loss=0.042 ent=1.164 kl=0.0028
[upd  156 | steps   79872 | t   48.2s | sps  1655] ret_mean=29.500 ep_len=500.0 pi_loss=-0.011 v_loss=1.794 ent=0.669 kl=0.0121
[upd  157 | steps   80384 | t   48.4s | sps  1661] ret_mean=123.500 ep_len=500.0 pi_loss=-0.007 v_loss=4.402 ent=0.677 kl=0.0058
[upd  158 | steps   80896 | t   48.6s | sps  1666] ret_mean=49.000 ep_len=500.0 pi_loss=-0.004 v_loss=2.144 ent=0.906 kl=0.0113
[upd  159 | steps   81408 | t   48.7s | sps  1671] ret_mean=0.000 ep_len=500.0 pi_loss=-0.006 v_loss=0.223 ent=1.078 kl=0.0031
[upd  160 | steps   81920 | t   48.9s | sps  1676] ret_mean=103.000 ep_len=500.0 pi_loss=-0.007 v_loss=4.318 ent=0.628 kl=0.0045
[upd  161 | steps   82432 | t   49.0s | sps  1682] ret_mean=0.000 ep_len=500.0 pi_loss=-0.010 v_loss=1.072 ent=0.899 kl=0.0211
[upd  162 | steps   82944 | t   49.2s | sps  1687] ret_mean=60.000 ep_len=500.0 pi_loss=-0.006 v_loss=1.397 ent=0.548 kl=0.0108
[upd  163 | steps   83456 | t   49.3s | sps  1692] ret_mean=62.000 ep_len=500.0 pi_loss=-0.009 v_loss=3.422 ent=0.655 kl=0.0082
[upd  164 | steps   83968 | t   49.5s | sps  1697] ret_mean=25.000 ep_len=500.0 pi_loss=-0.006 v_loss=0.933 ent=0.757 kl=0.0047
[upd  165 | steps   84480 | t   49.6s | sps  1702] ret_mean=102.500 ep_len=500.0 pi_loss=-0.001 v_loss=3.048 ent=0.359 kl=0.0065
[upd  166 | steps   84992 | t   49.8s | sps  1707] ret_mean=0.000 ep_len=500.0 pi_loss=-0.005 v_loss=0.126 ent=0.973 kl=0.0017
[upd  167 | steps   85504 | t   50.0s | sps  1711] ret_mean=1.500 ep_len=500.0 pi_loss=-0.010 v_loss=0.121 ent=0.803 kl=0.0063
[upd  168 | steps   86016 | t   50.1s | sps  1716] ret_mean=0.000 ep_len=500.0 pi_loss=-0.007 v_loss=0.040 ent=1.143 kl=-0.0030
[upd  169 | steps   86528 | t   50.3s | sps  1721] ret_mean=0.000 ep_len=500.0 pi_loss=-0.009 v_loss=1.471 ent=0.980 kl=0.0124
[upd  170 | steps   87040 | t   50.4s | sps  1725] ret_mean=98.500 ep_len=500.0 pi_loss=-0.012 v_loss=4.330 ent=0.726 kl=0.0160
[upd  171 | steps   87552 | t   50.6s | sps  1730] ret_mean=95.000 ep_len=500.0 pi_loss=-0.009 v_loss=4.865 ent=0.476 kl=0.0149
[upd  172 | steps   88064 | t   50.7s | sps  1735] ret_mean=113.000 ep_len=500.0 pi_loss=-0.003 v_loss=4.447 ent=0.576 kl=0.0011
[upd  173 | steps   88576 | t   50.9s | sps  1740] ret_mean=75.500 ep_len=500.0 pi_loss=-0.007 v_loss=3.623 ent=0.642 kl=0.0081
[upd  174 | steps   89088 | t   51.1s | sps  1744] ret_mean=83.000 ep_len=500.0 pi_loss=-0.010 v_loss=3.354 ent=0.437 kl=0.0034
[upd  175 | steps   89600 | t   51.3s | sps  1748] ret_mean=89.500 ep_len=500.0 pi_loss=-0.006 v_loss=3.615 ent=0.517 kl=0.0072
        [eval] ret_mean=4.167 ep_len=500.0
[upd  176 | steps   90112 | t   55.0s | sps  1639] ret_mean=0.000 ep_len=500.0 pi_loss=-0.011 v_loss=0.102 ent=0.952 kl=0.0075
[upd  177 | steps   90624 | t   55.1s | sps  1643] ret_mean=118.000 ep_len=500.0 pi_loss=-0.006 v_loss=5.203 ent=0.472 kl=0.0026
[upd  178 | steps   91136 | t   55.4s | sps  1646] ret_mean=124.500 ep_len=500.0 pi_loss=-0.007 v_loss=4.763 ent=0.473 kl=-0.0033
[upd  179 | steps   91648 | t   55.6s | sps  1648] ret_mean=0.000 ep_len=500.0 pi_loss=-0.005 v_loss=0.197 ent=0.897 kl=0.0060
[upd  180 | steps   92160 | t   55.8s | sps  1653] ret_mean=89.000 ep_len=500.0 pi_loss=-0.007 v_loss=3.624 ent=0.455 kl=0.0029
[upd  181 | steps   92672 | t   55.9s | sps  1657] ret_mean=100.000 ep_len=500.0 pi_loss=-0.009 v_loss=3.126 ent=0.408 kl=0.0015
[upd  182 | steps   93184 | t   56.1s | sps  1661] ret_mean=82.500 ep_len=500.0 pi_loss=-0.006 v_loss=2.385 ent=0.666 kl=0.0090
[upd  183 | steps   93696 | t   56.3s | sps  1665] ret_mean=0.000 ep_len=500.0 pi_loss=-0.005 v_loss=0.797 ent=0.746 kl=0.0061
[upd  184 | steps   94208 | t   56.4s | sps  1669] ret_mean=124.500 ep_len=500.0 pi_loss=-0.004 v_loss=4.142 ent=0.632 kl=0.0090
[upd  185 | steps   94720 | t   56.6s | sps  1674] ret_mean=0.000 ep_len=500.0 pi_loss=-0.006 v_loss=0.178 ent=0.880 kl=0.0105
[upd  186 | steps   95232 | t   56.8s | sps  1678] ret_mean=0.000 ep_len=500.0 pi_loss=-0.008 v_loss=0.649 ent=0.822 kl=0.0079
[upd  187 | steps   95744 | t   56.9s | sps  1682] ret_mean=108.000 ep_len=500.0 pi_loss=-0.002 v_loss=4.276 ent=0.361 kl=0.0018
[upd  188 | steps   96256 | t   57.1s | sps  1687] ret_mean=110.000 ep_len=500.0 pi_loss=-0.011 v_loss=3.336 ent=0.405 kl=0.0183
[upd  189 | steps   96768 | t   57.2s | sps  1691] ret_mean=94.000 ep_len=500.0 pi_loss=-0.005 v_loss=2.823 ent=0.333 kl=0.0085
[upd  190 | steps   97280 | t   57.4s | sps  1695] ret_mean=39.500 ep_len=500.0 pi_loss=-0.009 v_loss=3.313 ent=0.518 kl=0.0107
[upd  191 | steps   97792 | t   57.6s | sps  1698] ret_mean=200.500 ep_len=500.0 pi_loss=-0.007 v_loss=12.807 ent=0.303 kl=0.0143
[upd  192 | steps   98304 | t   57.8s | sps  1702] ret_mean=0.000 ep_len=500.0 pi_loss=-0.006 v_loss=0.506 ent=0.846 kl=0.0227
[upd  193 | steps   98816 | t   57.9s | sps  1706] ret_mean=17.000 ep_len=500.0 pi_loss=-0.010 v_loss=0.050 ent=0.871 kl=0.0173
[upd  194 | steps   99328 | t   58.1s | sps  1710] ret_mean=53.500 ep_len=500.0 pi_loss=-0.008 v_loss=7.725 ent=0.437 kl=0.0176
[upd  195 | steps   99840 | t   58.2s | sps  1714] ret_mean=210.500 ep_len=500.0 pi_loss=-0.010 v_loss=12.529 ent=0.284 kl=0.0440
[upd  196 | steps  100352 | t   58.4s | sps  1719] ret_mean=109.500 ep_len=500.0 pi_loss=-0.010 v_loss=2.405 ent=0.570 kl=0.0203
[upd  197 | steps  100864 | t   58.5s | sps  1723] ret_mean=0.000 ep_len=500.0 pi_loss=-0.004 v_loss=2.111 ent=0.523 kl=0.0068
[upd  198 | steps  101376 | t   58.7s | sps  1727] ret_mean=162.500 ep_len=500.0 pi_loss=-0.008 v_loss=7.020 ent=0.433 kl=0.0225
[upd  199 | steps  101888 | t   58.8s | sps  1731] ret_mean=86.000 ep_len=500.0 pi_loss=-0.002 v_loss=5.317 ent=0.444 kl=0.0047
[upd  200 | steps  102400 | t   59.0s | sps  1736] ret_mean=0.000 ep_len=500.0 pi_loss=-0.006 v_loss=0.119 ent=0.823 kl=0.0071
        [eval] ret_mean=4.167 ep_len=500.0
[upd  201 | steps  102912 | t   62.7s | sps  1641] ret_mean=19.500 ep_len=500.0 pi_loss=-0.006 v_loss=1.818 ent=0.765 kl=0.0075
[upd  202 | steps  103424 | t   62.8s | sps  1646] ret_mean=36.500 ep_len=500.0 pi_loss=-0.005 v_loss=1.998 ent=0.702 kl=0.0030
[upd  203 | steps  103936 | t   63.0s | sps  1650] ret_mean=91.500 ep_len=500.0 pi_loss=-0.011 v_loss=3.444 ent=0.619 kl=0.0152
[upd  204 | steps  104448 | t   63.2s | sps  1654] ret_mean=125.000 ep_len=500.0 pi_loss=-0.005 v_loss=3.989 ent=0.656 kl=0.0039
[upd  205 | steps  104960 | t   63.3s | sps  1658] ret_mean=0.000 ep_len=500.0 pi_loss=-0.003 v_loss=0.040 ent=0.916 kl=0.0115
[upd  206 | steps  105472 | t   63.5s | sps  1662] ret_mean=0.000 ep_len=500.0 pi_loss=-0.008 v_loss=0.159 ent=0.680 kl=0.0046
[upd  207 | steps  105984 | t   63.6s | sps  1666] ret_mean=0.000 ep_len=500.0 pi_loss=-0.007 v_loss=0.036 ent=0.922 kl=0.0067
[upd  208 | steps  106496 | t   63.8s | sps  1670] ret_mean=100.000 ep_len=500.0 pi_loss=-0.004 v_loss=4.700 ent=0.439 kl=-0.0010
[upd  209 | steps  107008 | t   63.9s | sps  1674] ret_mean=129.000 ep_len=500.0 pi_loss=-0.006 v_loss=4.690 ent=0.643 kl=0.0133
[upd  210 | steps  107520 | t   64.1s | sps  1678] ret_mean=94.500 ep_len=500.0 pi_loss=-0.009 v_loss=3.980 ent=0.508 kl=0.0118
[upd  211 | steps  108032 | t   64.2s | sps  1682] ret_mean=104.500 ep_len=500.0 pi_loss=-0.008 v_loss=3.558 ent=0.620 kl=0.0129
[upd  212 | steps  108544 | t   64.4s | sps  1686] ret_mean=25.500 ep_len=500.0 pi_loss=-0.010 v_loss=1.159 ent=0.635 kl=0.0087
[upd  213 | steps  109056 | t   64.5s | sps  1690] ret_mean=109.000 ep_len=500.0 pi_loss=-0.005 v_loss=3.721 ent=0.692 kl=0.0019
[upd  214 | steps  109568 | t   64.7s | sps  1694] ret_mean=93.500 ep_len=500.0 pi_loss=-0.005 v_loss=2.590 ent=0.360 kl=0.0077
[upd  215 | steps  110080 | t   64.8s | sps  1698] ret_mean=0.000 ep_len=500.0 pi_loss=-0.006 v_loss=0.268 ent=0.790 kl=-0.0005
[upd  216 | steps  110592 | t   65.0s | sps  1702] ret_mean=0.000 ep_len=500.0 pi_loss=-0.005 v_loss=0.948 ent=1.079 kl=0.0105
[upd  217 | steps  111104 | t   65.1s | sps  1706] ret_mean=23.000 ep_len=500.0 pi_loss=-0.010 v_loss=1.926 ent=0.878 kl=0.0131
[upd  218 | steps  111616 | t   65.3s | sps  1710] ret_mean=47.000 ep_len=500.0 pi_loss=-0.005 v_loss=0.291 ent=1.043 kl=0.0108
[upd  219 | steps  112128 | t   65.4s | sps  1714] ret_mean=74.500 ep_len=500.0 pi_loss=-0.004 v_loss=4.598 ent=0.665 kl=0.0018
[upd  220 | steps  112640 | t   65.6s | sps  1718] ret_mean=118.500 ep_len=500.0 pi_loss=-0.007 v_loss=2.215 ent=0.903 kl=0.0161
[upd  221 | steps  113152 | t   65.7s | sps  1721] ret_mean=33.500 ep_len=500.0 pi_loss=-0.009 v_loss=7.677 ent=0.535 kl=0.0103
[upd  222 | steps  113664 | t   65.9s | sps  1725] ret_mean=220.500 ep_len=500.0 pi_loss=-0.003 v_loss=10.540 ent=0.351 kl=0.0052
[upd  223 | steps  114176 | t   66.0s | sps  1729] ret_mean=109.500 ep_len=500.0 pi_loss=-0.011 v_loss=4.002 ent=0.670 kl=0.0186
[upd  224 | steps  114688 | t   66.2s | sps  1733] ret_mean=104.500 ep_len=500.0 pi_loss=-0.005 v_loss=3.533 ent=0.865 kl=0.0020
[upd  225 | steps  115200 | t   66.3s | sps  1737] ret_mean=96.000 ep_len=500.0 pi_loss=-0.004 v_loss=1.738 ent=1.131 kl=0.0016
        [eval] ret_mean=20.717 ep_len=500.0
[upd  226 | steps  115712 | t   70.2s | sps  1649] ret_mean=0.000 ep_len=500.0 pi_loss=-0.004 v_loss=0.226 ent=1.101 kl=0.0024
[upd  227 | steps  116224 | t   70.3s | sps  1653] ret_mean=114.500 ep_len=500.0 pi_loss=-0.005 v_loss=4.717 ent=0.650 kl=0.0071
[upd  228 | steps  116736 | t   70.5s | sps  1656] ret_mean=117.000 ep_len=500.0 pi_loss=-0.007 v_loss=4.157 ent=0.721 kl=0.0061
[upd  229 | steps  117248 | t   70.6s | sps  1660] ret_mean=0.000 ep_len=500.0 pi_loss=-0.004 v_loss=0.237 ent=1.294 kl=-0.0008
[upd  230 | steps  117760 | t   70.8s | sps  1663] ret_mean=78.000 ep_len=500.0 pi_loss=-0.009 v_loss=3.196 ent=0.868 kl=0.0130
[upd  231 | steps  118272 | t   71.0s | sps  1667] ret_mean=109.000 ep_len=500.0 pi_loss=-0.006 v_loss=3.896 ent=0.656 kl=0.0008
[upd  232 | steps  118784 | t   71.1s | sps  1670] ret_mean=18.000 ep_len=500.0 pi_loss=-0.009 v_loss=0.773 ent=1.030 kl=0.0145
[upd  233 | steps  119296 | t   71.3s | sps  1673] ret_mean=42.000 ep_len=500.0 pi_loss=-0.005 v_loss=2.353 ent=0.994 kl=0.0036
[upd  234 | steps  119808 | t   71.5s | sps  1677] ret_mean=125.000 ep_len=500.0 pi_loss=-0.003 v_loss=3.006 ent=0.637 kl=0.0009
[upd  235 | steps  120320 | t   71.6s | sps  1680] ret_mean=101.500 ep_len=500.0 pi_loss=-0.005 v_loss=4.146 ent=0.636 kl=0.0056
[upd  236 | steps  120832 | t   71.8s | sps  1682] ret_mean=108.500 ep_len=500.0 pi_loss=-0.007 v_loss=4.253 ent=0.670 kl=0.0051
[upd  237 | steps  121344 | t   72.0s | sps  1685] ret_mean=108.500 ep_len=500.0 pi_loss=-0.003 v_loss=3.837 ent=0.675 kl=0.0031
[upd  238 | steps  121856 | t   72.2s | sps  1688] ret_mean=111.500 ep_len=500.0 pi_loss=-0.004 v_loss=3.510 ent=0.593 kl=0.0017
[upd  239 | steps  122368 | t   72.3s | sps  1691] ret_mean=112.500 ep_len=500.0 pi_loss=-0.013 v_loss=3.161 ent=0.672 kl=0.0454
[upd  240 | steps  122880 | t   72.5s | sps  1695] ret_mean=83.000 ep_len=500.0 pi_loss=-0.006 v_loss=2.538 ent=0.801 kl=0.0093
[upd  241 | steps  123392 | t   72.7s | sps  1698] ret_mean=19.500 ep_len=500.0 pi_loss=-0.009 v_loss=1.113 ent=1.051 kl=0.0115
[upd  242 | steps  123904 | t   72.8s | sps  1701] ret_mean=71.000 ep_len=500.0 pi_loss=-0.005 v_loss=1.541 ent=0.834 kl=0.0081
[upd  243 | steps  124416 | t   73.0s | sps  1704] ret_mean=80.500 ep_len=500.0 pi_loss=-0.007 v_loss=2.487 ent=0.760 kl=0.0121
[upd  244 | steps  124928 | t   73.1s | sps  1708] ret_mean=0.000 ep_len=500.0 pi_loss=-0.003 v_loss=0.428 ent=1.076 kl=0.0015
[upd  245 | steps  125440 | t   73.3s | sps  1711] ret_mean=0.000 ep_len=500.0 pi_loss=-0.009 v_loss=0.122 ent=1.094 kl=0.0109
[upd  246 | steps  125952 | t   73.5s | sps  1715] ret_mean=0.000 ep_len=500.0 pi_loss=-0.009 v_loss=2.201 ent=1.073 kl=0.0041
[upd  247 | steps  126464 | t   73.6s | sps  1718] ret_mean=98.500 ep_len=500.0 pi_loss=-0.005 v_loss=10.024 ent=0.516 kl=0.0040
[upd  248 | steps  126976 | t   73.8s | sps  1721] ret_mean=238.000 ep_len=500.0 pi_loss=-0.006 v_loss=8.633 ent=0.479 kl=0.0128
[upd  249 | steps  127488 | t   73.9s | sps  1725] ret_mean=94.500 ep_len=500.0 pi_loss=-0.007 v_loss=1.712 ent=0.969 kl=0.0066
[upd  250 | steps  128000 | t   74.1s | sps  1728] ret_mean=0.000 ep_len=500.0 pi_loss=-0.008 v_loss=1.742 ent=1.036 kl=0.0127
        [eval] ret_mean=53.883 ep_len=500.0
[upd  251 | steps  128512 | t   77.6s | sps  1656] ret_mean=105.000 ep_len=500.0 pi_loss=-0.009 v_loss=4.051 ent=0.783 kl=0.0121
[upd  252 | steps  129024 | t   77.7s | sps  1660] ret_mean=0.000 ep_len=500.0 pi_loss=-0.009 v_loss=0.163 ent=1.180 kl=-0.0015
[upd  253 | steps  129536 | t   77.9s | sps  1663] ret_mean=104.500 ep_len=500.0 pi_loss=-0.008 v_loss=3.713 ent=0.618 kl=0.0029
[upd  254 | steps  130048 | t   78.0s | sps  1667] ret_mean=222.500 ep_len=500.0 pi_loss=-0.004 v_loss=13.863 ent=0.207 kl=0.0030
[upd  255 | steps  130560 | t   78.2s | sps  1670] ret_mean=123.000 ep_len=500.0 pi_loss=-0.002 v_loss=8.542 ent=0.628 kl=0.0062
[upd  256 | steps  131072 | t   78.3s | sps  1673] ret_mean=89.500 ep_len=500.0 pi_loss=-0.003 v_loss=3.372 ent=0.752 kl=0.0071
[upd  257 | steps  131584 | t   78.5s | sps  1677] ret_mean=0.000 ep_len=500.0 pi_loss=-0.003 v_loss=0.839 ent=0.810 kl=0.0006
[upd  258 | steps  132096 | t   78.6s | sps  1680] ret_mean=123.500 ep_len=500.0 pi_loss=-0.009 v_loss=2.724 ent=0.694 kl=0.0100
[upd  259 | steps  132608 | t   78.8s | sps  1683] ret_mean=181.000 ep_len=500.0 pi_loss=-0.007 v_loss=12.243 ent=0.271 kl=0.0037
[upd  260 | steps  133120 | t   78.9s | sps  1687] ret_mean=199.000 ep_len=500.0 pi_loss=-0.002 v_loss=11.348 ent=0.298 kl=0.0057
[upd  261 | steps  133632 | t   79.1s | sps  1690] ret_mean=65.500 ep_len=500.0 pi_loss=-0.006 v_loss=2.934 ent=0.867 kl=0.0020
[upd  262 | steps  134144 | t   79.2s | sps  1693] ret_mean=123.500 ep_len=500.0 pi_loss=-0.002 v_loss=2.761 ent=0.747 kl=-0.0006
[upd  263 | steps  134656 | t   79.4s | sps  1697] ret_mean=91.500 ep_len=500.0 pi_loss=-0.008 v_loss=3.113 ent=0.719 kl=0.0060
[upd  264 | steps  135168 | t   79.5s | sps  1700] ret_mean=74.500 ep_len=500.0 pi_loss=-0.003 v_loss=1.750 ent=0.869 kl=0.0020
[upd  265 | steps  135680 | t   79.7s | sps  1703] ret_mean=10.500 ep_len=500.0 pi_loss=-0.014 v_loss=2.321 ent=1.093 kl=0.0138
[upd  266 | steps  136192 | t   79.8s | sps  1706] ret_mean=126.500 ep_len=500.0 pi_loss=-0.005 v_loss=6.800 ent=0.668 kl=0.0029
[upd  267 | steps  136704 | t   80.0s | sps  1709] ret_mean=80.500 ep_len=500.0 pi_loss=-0.001 v_loss=6.331 ent=0.533 kl=0.0081
[upd  268 | steps  137216 | t   80.1s | sps  1713] ret_mean=243.500 ep_len=500.0 pi_loss=-0.003 v_loss=12.285 ent=0.336 kl=0.0131
[upd  269 | steps  137728 | t   80.3s | sps  1716] ret_mean=190.500 ep_len=500.0 pi_loss=-0.002 v_loss=7.887 ent=0.315 kl=0.0027
[upd  270 | steps  138240 | t   80.4s | sps  1719] ret_mean=137.500 ep_len=500.0 pi_loss=-0.009 v_loss=4.674 ent=0.689 kl=0.0103
[upd  271 | steps  138752 | t   80.6s | sps  1722] ret_mean=105.000 ep_len=500.0 pi_loss=-0.008 v_loss=2.892 ent=0.783 kl=0.0054
[upd  272 | steps  139264 | t   80.7s | sps  1725] ret_mean=102.500 ep_len=500.0 pi_loss=-0.007 v_loss=3.371 ent=0.624 kl=0.0052
[upd  273 | steps  139776 | t   80.9s | sps  1728] ret_mean=114.000 ep_len=500.0 pi_loss=-0.008 v_loss=2.533 ent=0.603 kl=0.0139
[upd  274 | steps  140288 | t   81.0s | sps  1731] ret_mean=124.000 ep_len=500.0 pi_loss=-0.003 v_loss=7.667 ent=0.483 kl=0.0087
[upd  275 | steps  140800 | t   81.2s | sps  1734] ret_mean=214.000 ep_len=500.0 pi_loss=-0.001 v_loss=7.447 ent=0.552 kl=0.0011
        [eval] ret_mean=24.933 ep_len=500.0
[upd  276 | steps  141312 | t   85.1s | sps  1661] ret_mean=108.000 ep_len=500.0 pi_loss=-0.008 v_loss=2.972 ent=0.720 kl=0.0048
[upd  277 | steps  141824 | t   85.2s | sps  1664] ret_mean=0.000 ep_len=500.0 pi_loss=-0.004 v_loss=0.923 ent=1.137 kl=0.0015
[upd  278 | steps  142336 | t   85.4s | sps  1667] ret_mean=116.000 ep_len=500.0 pi_loss=-0.003 v_loss=7.227 ent=0.563 kl=0.0127
[upd  279 | steps  142848 | t   85.5s | sps  1670] ret_mean=51.500 ep_len=500.0 pi_loss=-0.005 v_loss=2.517 ent=0.852 kl=0.0021
[upd  280 | steps  143360 | t   85.7s | sps  1673] ret_mean=211.000 ep_len=500.0 pi_loss=-0.002 v_loss=13.137 ent=0.103 kl=-0.0008
[upd  281 | steps  143872 | t   85.8s | sps  1676] ret_mean=123.500 ep_len=500.0 pi_loss=-0.006 v_loss=2.632 ent=0.423 kl=0.0173
[upd  282 | steps  144384 | t   86.0s | sps  1679] ret_mean=0.000 ep_len=500.0 pi_loss=-0.012 v_loss=1.599 ent=1.149 kl=0.0110
[upd  283 | steps  144896 | t   86.1s | sps  1682] ret_mean=198.500 ep_len=500.0 pi_loss=-0.003 v_loss=10.334 ent=0.164 kl=0.0086
[upd  284 | steps  145408 | t   86.3s | sps  1685] ret_mean=207.000 ep_len=500.0 pi_loss=-0.002 v_loss=10.347 ent=0.238 kl=0.0081
[upd  285 | steps  145920 | t   86.4s | sps  1688] ret_mean=205.500 ep_len=500.0 pi_loss=-0.004 v_loss=11.133 ent=0.261 kl=0.0074
[upd  286 | steps  146432 | t   86.6s | sps  1691] ret_mean=162.000 ep_len=500.0 pi_loss=-0.003 v_loss=9.603 ent=0.395 kl=0.0044
[upd  287 | steps  146944 | t   86.7s | sps  1694] ret_mean=4.500 ep_len=500.0 pi_loss=-0.007 v_loss=1.343 ent=1.107 kl=0.0056
[upd  288 | steps  147456 | t   86.9s | sps  1697] ret_mean=111.000 ep_len=500.0 pi_loss=-0.009 v_loss=3.499 ent=0.575 kl=0.0006
[upd  289 | steps  147968 | t   87.0s | sps  1700] ret_mean=122.500 ep_len=500.0 pi_loss=-0.005 v_loss=3.306 ent=0.753 kl=0.0022
[upd  290 | steps  148480 | t   87.2s | sps  1703] ret_mean=25.000 ep_len=500.0 pi_loss=-0.007 v_loss=4.082 ent=0.823 kl=0.0116
[upd  291 | steps  148992 | t   87.3s | sps  1706] ret_mean=164.000 ep_len=500.0 pi_loss=-0.005 v_loss=7.627 ent=0.600 kl=0.0113
[upd  292 | steps  149504 | t   87.5s | sps  1709] ret_mean=0.000 ep_len=500.0 pi_loss=-0.012 v_loss=1.939 ent=1.057 kl=0.0129
[upd  293 | steps  150016 | t   87.6s | sps  1712] ret_mean=112.000 ep_len=500.0 pi_loss=-0.007 v_loss=4.650 ent=0.492 kl=0.0043
[upd  294 | steps  150528 | t   87.8s | sps  1715] ret_mean=211.000 ep_len=500.0 pi_loss=-0.002 v_loss=13.759 ent=0.087 kl=-0.0001
[upd  295 | steps  151040 | t   87.9s | sps  1717] ret_mean=232.500 ep_len=500.0 pi_loss=-0.002 v_loss=8.203 ent=0.255 kl=0.0015
[upd  296 | steps  151552 | t   88.1s | sps  1720] ret_mean=116.000 ep_len=500.0 pi_loss=-0.005 v_loss=3.148 ent=0.500 kl=0.0004
[upd  297 | steps  152064 | t   88.3s | sps  1723] ret_mean=122.000 ep_len=500.0 pi_loss=-0.000 v_loss=4.062 ent=0.582 kl=-0.0020
[upd  298 | steps  152576 | t   88.5s | sps  1725] ret_mean=117.500 ep_len=500.0 pi_loss=-0.008 v_loss=3.879 ent=0.811 kl=0.0094
[upd  299 | steps  153088 | t   88.6s | sps  1727] ret_mean=88.500 ep_len=500.0 pi_loss=-0.000 v_loss=4.063 ent=0.606 kl=-0.0021
[upd  300 | steps  153600 | t   88.8s | sps  1730] ret_mean=117.000 ep_len=500.0 pi_loss=-0.006 v_loss=3.411 ent=0.560 kl=0.0059
        [eval] ret_mean=57.900 ep_len=500.0
[upd  301 | steps  154112 | t   92.7s | sps  1663] ret_mean=100.500 ep_len=500.0 pi_loss=-0.011 v_loss=3.982 ent=0.655 kl=0.0009
[upd  302 | steps  154624 | t   92.8s | sps  1666] ret_mean=0.000 ep_len=500.0 pi_loss=-0.007 v_loss=1.494 ent=1.147 kl=0.0171
[upd  303 | steps  155136 | t   93.0s | sps  1668] ret_mean=117.000 ep_len=500.0 pi_loss=-0.004 v_loss=4.114 ent=0.598 kl=0.0034
[upd  304 | steps  155648 | t   93.2s | sps  1671] ret_mean=120.000 ep_len=500.0 pi_loss=-0.005 v_loss=4.654 ent=0.616 kl=0.0024
[upd  305 | steps  156160 | t   93.3s | sps  1674] ret_mean=241.000 ep_len=500.0 pi_loss=-0.002 v_loss=10.633 ent=0.134 kl=0.0028
[upd  306 | steps  156672 | t   93.5s | sps  1676] ret_mean=103.500 ep_len=500.0 pi_loss=-0.004 v_loss=3.260 ent=0.818 kl=0.0049
[upd  307 | steps  157184 | t   93.6s | sps  1679] ret_mean=65.500 ep_len=500.0 pi_loss=-0.008 v_loss=3.692 ent=0.891 kl=0.0080
[upd  308 | steps  157696 | t   93.8s | sps  1681] ret_mean=112.500 ep_len=500.0 pi_loss=-0.005 v_loss=3.958 ent=0.661 kl=0.0025
[upd  309 | steps  158208 | t   94.0s | sps  1684] ret_mean=173.500 ep_len=500.0 pi_loss=-0.002 v_loss=9.469 ent=0.295 kl=0.0035
[upd  310 | steps  158720 | t   94.1s | sps  1686] ret_mean=120.500 ep_len=500.0 pi_loss=-0.006 v_loss=3.085 ent=0.658 kl=0.0113
[upd  311 | steps  159232 | t   94.3s | sps  1689] ret_mean=125.000 ep_len=500.0 pi_loss=-0.006 v_loss=3.398 ent=0.588 kl=0.0050
[upd  312 | steps  159744 | t   94.5s | sps  1691] ret_mean=122.500 ep_len=500.0 pi_loss=-0.007 v_loss=3.123 ent=0.647 kl=0.0083
[upd  313 | steps  160256 | t   94.6s | sps  1694] ret_mean=122.500 ep_len=500.0 pi_loss=-0.003 v_loss=3.107 ent=0.666 kl=0.0033
[upd  314 | steps  160768 | t   94.8s | sps  1696] ret_mean=123.500 ep_len=500.0 pi_loss=-0.005 v_loss=3.774 ent=0.610 kl=0.0074
[upd  315 | steps  161280 | t   94.9s | sps  1699] ret_mean=119.500 ep_len=500.0 pi_loss=-0.004 v_loss=6.383 ent=0.332 kl=0.0147
[upd  316 | steps  161792 | t   95.1s | sps  1701] ret_mean=229.500 ep_len=500.0 pi_loss=-0.001 v_loss=7.859 ent=0.308 kl=0.0004
[upd  317 | steps  162304 | t   95.3s | sps  1704] ret_mean=161.500 ep_len=500.0 pi_loss=-0.002 v_loss=7.577 ent=0.506 kl=0.0030
[upd  318 | steps  162816 | t   95.4s | sps  1707] ret_mean=123.500 ep_len=500.0 pi_loss=-0.009 v_loss=7.097 ent=0.506 kl=-0.0010
[upd  319 | steps  163328 | t   95.6s | sps  1709] ret_mean=163.500 ep_len=500.0 pi_loss=-0.002 v_loss=4.822 ent=0.731 kl=-0.0003
[upd  320 | steps  163840 | t   95.7s | sps  1712] ret_mean=104.500 ep_len=500.0 pi_loss=-0.010 v_loss=3.322 ent=0.770 kl=0.0120
[upd  321 | steps  164352 | t   95.9s | sps  1714] ret_mean=182.500 ep_len=500.0 pi_loss=-0.005 v_loss=11.863 ent=0.341 kl=0.0038
[upd  322 | steps  164864 | t   96.0s | sps  1717] ret_mean=143.500 ep_len=500.0 pi_loss=-0.004 v_loss=4.710 ent=0.649 kl=-0.0039
[upd  323 | steps  165376 | t   96.2s | sps  1719] ret_mean=100.000 ep_len=500.0 pi_loss=-0.003 v_loss=6.434 ent=0.914 kl=0.0041
[upd  324 | steps  165888 | t   96.3s | sps  1722] ret_mean=10.500 ep_len=500.0 pi_loss=-0.012 v_loss=3.613 ent=1.163 kl=0.0208
[upd  325 | steps  166400 | t   96.5s | sps  1724] ret_mean=72.500 ep_len=500.0 pi_loss=-0.003 v_loss=4.267 ent=0.634 kl=0.0007
        [eval] ret_mean=8.283 ep_len=500.0
[upd  326 | steps  166912 | t  100.2s | sps  1665] ret_mean=8.000 ep_len=500.0 pi_loss=-0.003 v_loss=5.231 ent=1.137 kl=0.0015
[upd  327 | steps  167424 | t  100.4s | sps  1668] ret_mean=0.000 ep_len=500.0 pi_loss=-0.014 v_loss=3.150 ent=1.301 kl=0.0109
[upd  328 | steps  167936 | t  100.6s | sps  1670] ret_mean=106.500 ep_len=500.0 pi_loss=-0.003 v_loss=3.486 ent=0.842 kl=0.0037
[upd  329 | steps  168448 | t  100.7s | sps  1673] ret_mean=223.000 ep_len=500.0 pi_loss=-0.006 v_loss=11.541 ent=0.233 kl=0.0067
[upd  330 | steps  168960 | t  100.9s | sps  1675] ret_mean=102.000 ep_len=500.0 pi_loss=-0.007 v_loss=3.980 ent=0.756 kl=0.0049
[upd  331 | steps  169472 | t  101.0s | sps  1677] ret_mean=99.500 ep_len=500.0 pi_loss=-0.008 v_loss=3.301 ent=0.826 kl=0.0070
[upd  332 | steps  169984 | t  101.2s | sps  1680] ret_mean=12.000 ep_len=500.0 pi_loss=-0.003 v_loss=3.701 ent=1.231 kl=0.0067
[upd  333 | steps  170496 | t  101.3s | sps  1682] ret_mean=0.000 ep_len=500.0 pi_loss=-0.011 v_loss=2.539 ent=1.185 kl=-0.0060
[upd  334 | steps  171008 | t  101.5s | sps  1685] ret_mean=153.000 ep_len=500.0 pi_loss=-0.002 v_loss=7.755 ent=0.495 kl=0.0051
[upd  335 | steps  171520 | t  101.6s | sps  1687] ret_mean=74.500 ep_len=500.0 pi_loss=-0.010 v_loss=3.794 ent=0.887 kl=0.0036
[upd  336 | steps  172032 | t  101.8s | sps  1690] ret_mean=0.000 ep_len=500.0 pi_loss=-0.009 v_loss=3.171 ent=1.414 kl=0.0111
[upd  337 | steps  172544 | t  102.0s | sps  1692] ret_mean=51.500 ep_len=500.0 pi_loss=-0.005 v_loss=6.894 ent=0.810 kl=0.0046
[upd  338 | steps  173056 | t  102.1s | sps  1695] ret_mean=235.000 ep_len=500.0 pi_loss=-0.002 v_loss=9.064 ent=0.284 kl=0.0043
[upd  339 | steps  173568 | t  102.2s | sps  1698] ret_mean=133.000 ep_len=500.0 pi_loss=-0.001 v_loss=5.970 ent=0.504 kl=0.0022
[upd  340 | steps  174080 | t  102.4s | sps  1700] ret_mean=121.000 ep_len=500.0 pi_loss=-0.007 v_loss=2.738 ent=0.833 kl=0.0048
[upd  341 | steps  174592 | t  102.5s | sps  1703] ret_mean=159.500 ep_len=500.0 pi_loss=-0.004 v_loss=8.052 ent=0.679 kl=0.0041
[upd  342 | steps  175104 | t  102.7s | sps  1705] ret_mean=0.000 ep_len=500.0 pi_loss=-0.012 v_loss=2.246 ent=1.255 kl=0.0059
[upd  343 | steps  175616 | t  102.8s | sps  1708] ret_mean=10.500 ep_len=500.0 pi_loss=-0.003 v_loss=5.021 ent=1.088 kl=-0.0008
[upd  344 | steps  176128 | t  103.0s | sps  1710] ret_mean=69.000 ep_len=500.0 pi_loss=-0.008 v_loss=2.986 ent=0.785 kl=-0.0016
[upd  345 | steps  176640 | t  103.1s | sps  1713] ret_mean=52.000 ep_len=500.0 pi_loss=-0.010 v_loss=2.877 ent=1.072 kl=0.0096
[upd  346 | steps  177152 | t  103.3s | sps  1715] ret_mean=137.000 ep_len=500.0 pi_loss=-0.004 v_loss=6.011 ent=0.614 kl=-0.0009
[upd  347 | steps  177664 | t  103.4s | sps  1718] ret_mean=117.500 ep_len=500.0 pi_loss=-0.004 v_loss=2.820 ent=0.782 kl=0.0015
[upd  348 | steps  178176 | t  103.6s | sps  1720] ret_mean=67.000 ep_len=500.0 pi_loss=-0.005 v_loss=2.928 ent=0.703 kl=0.0074
[upd  349 | steps  178688 | t  103.7s | sps  1723] ret_mean=110.000 ep_len=500.0 pi_loss=-0.004 v_loss=3.856 ent=0.781 kl=0.0065
[upd  350 | steps  179200 | t  103.9s | sps  1725] ret_mean=102.500 ep_len=500.0 pi_loss=-0.003 v_loss=2.747 ent=0.887 kl=0.0027
        [eval] ret_mean=20.700 ep_len=500.0
[upd  351 | steps  179712 | t  108.1s | sps  1662] ret_mean=119.000 ep_len=500.0 pi_loss=-0.005 v_loss=4.241 ent=0.734 kl=0.0073
[upd  352 | steps  180224 | t  108.3s | sps  1664] ret_mean=91.500 ep_len=500.0 pi_loss=-0.006 v_loss=4.345 ent=0.828 kl=-0.0011
[upd  353 | steps  180736 | t  108.5s | sps  1666] ret_mean=202.500 ep_len=500.0 pi_loss=-0.002 v_loss=9.444 ent=0.326 kl=-0.0004
[upd  354 | steps  181248 | t  108.6s | sps  1669] ret_mean=120.500 ep_len=500.0 pi_loss=-0.004 v_loss=3.004 ent=0.718 kl=0.0032
[upd  355 | steps  181760 | t  108.8s | sps  1671] ret_mean=118.500 ep_len=500.0 pi_loss=-0.009 v_loss=3.495 ent=0.705 kl=0.0137
[upd  356 | steps  182272 | t  108.9s | sps  1674] ret_mean=173.500 ep_len=500.0 pi_loss=-0.003 v_loss=10.364 ent=0.421 kl=0.0042
[upd  357 | steps  182784 | t  109.1s | sps  1676] ret_mean=0.000 ep_len=500.0 pi_loss=-0.006 v_loss=4.343 ent=0.988 kl=0.0123
[upd  358 | steps  183296 | t  109.2s | sps  1678] ret_mean=0.000 ep_len=500.0 pi_loss=-0.009 v_loss=2.928 ent=1.206 kl=-0.0025
[upd  359 | steps  183808 | t  109.4s | sps  1680] ret_mean=62.000 ep_len=500.0 pi_loss=-0.006 v_loss=4.098 ent=0.929 kl=-0.0005
[upd  360 | steps  184320 | t  109.5s | sps  1683] ret_mean=113.000 ep_len=500.0 pi_loss=-0.003 v_loss=3.883 ent=0.674 kl=0.0113
[upd  361 | steps  184832 | t  109.7s | sps  1685] ret_mean=120.000 ep_len=500.0 pi_loss=-0.005 v_loss=3.624 ent=0.701 kl=0.0228
[upd  362 | steps  185344 | t  109.9s | sps  1687] ret_mean=120.500 ep_len=500.0 pi_loss=-0.004 v_loss=4.910 ent=0.446 kl=0.0001
[upd  363 | steps  185856 | t  110.0s | sps  1689] ret_mean=245.500 ep_len=500.0 pi_loss=-0.004 v_loss=9.267 ent=0.281 kl=0.0153
[upd  364 | steps  186368 | t  110.2s | sps  1692] ret_mean=173.500 ep_len=500.0 pi_loss=-0.003 v_loss=11.104 ent=0.326 kl=0.0024
[upd  365 | steps  186880 | t  110.3s | sps  1694] ret_mean=219.000 ep_len=500.0 pi_loss=-0.003 v_loss=10.983 ent=0.113 kl=0.0004
[upd  366 | steps  187392 | t  110.5s | sps  1696] ret_mean=244.500 ep_len=500.0 pi_loss=-0.002 v_loss=9.636 ent=0.329 kl=0.0087
[upd  367 | steps  187904 | t  110.6s | sps  1699] ret_mean=128.000 ep_len=500.0 pi_loss=-0.002 v_loss=7.630 ent=0.808 kl=0.0036
[upd  368 | steps  188416 | t  110.8s | sps  1701] ret_mean=81.000 ep_len=500.0 pi_loss=-0.004 v_loss=3.629 ent=0.681 kl=0.0083
[upd  369 | steps  188928 | t  110.9s | sps  1703] ret_mean=137.500 ep_len=500.0 pi_loss=-0.003 v_loss=6.569 ent=0.654 kl=-0.0007
[upd  370 | steps  189440 | t  111.1s | sps  1705] ret_mean=101.500 ep_len=500.0 pi_loss=-0.007 v_loss=4.076 ent=0.786 kl=0.0046
[upd  371 | steps  189952 | t  111.2s | sps  1708] ret_mean=118.000 ep_len=500.0 pi_loss=-0.004 v_loss=5.327 ent=0.621 kl=0.0046
[upd  372 | steps  190464 | t  111.4s | sps  1710] ret_mean=200.000 ep_len=500.0 pi_loss=-0.004 v_loss=10.245 ent=0.574 kl=0.0120
[upd  373 | steps  190976 | t  111.6s | sps  1712] ret_mean=50.000 ep_len=500.0 pi_loss=-0.007 v_loss=4.257 ent=0.803 kl=0.0023
[upd  374 | steps  191488 | t  111.7s | sps  1714] ret_mean=138.000 ep_len=500.0 pi_loss=-0.004 v_loss=10.335 ent=0.280 kl=0.0041
[upd  375 | steps  192000 | t  111.9s | sps  1716] ret_mean=211.500 ep_len=500.0 pi_loss=-0.001 v_loss=9.173 ent=0.509 kl=0.0024
        [eval] ret_mean=41.350 ep_len=500.0
[upd  376 | steps  192512 | t  115.9s | sps  1661] ret_mean=200.500 ep_len=500.0 pi_loss=-0.003 v_loss=10.066 ent=0.274 kl=0.0045
[upd  377 | steps  193024 | t  116.1s | sps  1663] ret_mean=116.000 ep_len=500.0 pi_loss=-0.007 v_loss=4.441 ent=0.580 kl=0.0029
[upd  378 | steps  193536 | t  116.3s | sps  1665] ret_mean=166.500 ep_len=500.0 pi_loss=-0.005 v_loss=8.777 ent=0.239 kl=0.0002
[upd  379 | steps  194048 | t  116.4s | sps  1667] ret_mean=2.000 ep_len=500.0 pi_loss=-0.006 v_loss=6.407 ent=0.805 kl=0.0071
[upd  380 | steps  194560 | t  116.6s | sps  1669] ret_mean=244.000 ep_len=500.0 pi_loss=-0.001 v_loss=10.359 ent=0.112 kl=0.0004
[upd  381 | steps  195072 | t  116.7s | sps  1671] ret_mean=125.000 ep_len=500.0 pi_loss=-0.005 v_loss=5.833 ent=0.457 kl=0.0108
[upd  382 | steps  195584 | t  116.9s | sps  1673] ret_mean=33.000 ep_len=500.0 pi_loss=-0.008 v_loss=5.861 ent=0.667 kl=0.0133
[upd  383 | steps  196096 | t  117.1s | sps  1675] ret_mean=115.500 ep_len=500.0 pi_loss=-0.002 v_loss=3.948 ent=0.453 kl=-0.0006
[upd  384 | steps  196608 | t  117.2s | sps  1677] ret_mean=127.500 ep_len=500.0 pi_loss=-0.004 v_loss=7.968 ent=0.440 kl=0.0029
[upd  385 | steps  197120 | t  117.4s | sps  1679] ret_mean=17.000 ep_len=500.0 pi_loss=-0.006 v_loss=5.677 ent=0.628 kl=-0.0024
[upd  386 | steps  197632 | t  117.5s | sps  1681] ret_mean=98.000 ep_len=500.0 pi_loss=-0.006 v_loss=4.417 ent=0.520 kl=0.0020
[upd  387 | steps  198144 | t  117.7s | sps  1683] ret_mean=129.000 ep_len=500.0 pi_loss=-0.002 v_loss=7.307 ent=0.356 kl=0.0016
[upd  388 | steps  198656 | t  117.8s | sps  1686] ret_mean=191.500 ep_len=500.0 pi_loss=-0.005 v_loss=9.620 ent=0.351 kl=0.0325
[upd  389 | steps  199168 | t  118.0s | sps  1688] ret_mean=79.000 ep_len=500.0 pi_loss=-0.007 v_loss=6.016 ent=0.488 kl=0.0094
[upd  390 | steps  199680 | t  118.2s | sps  1690] ret_mean=95.500 ep_len=500.0 pi_loss=-0.004 v_loss=5.225 ent=0.448 kl=0.0001
[upd  391 | steps  200192 | t  118.3s | sps  1692] ret_mean=82.000 ep_len=500.0 pi_loss=-0.005 v_loss=5.706 ent=0.576 kl=-0.0009
[upd  392 | steps  200704 | t  118.5s | sps  1694] ret_mean=118.000 ep_len=500.0 pi_loss=-0.005 v_loss=5.298 ent=0.522 kl=0.0151
[upd  393 | steps  201216 | t  118.6s | sps  1696] ret_mean=153.000 ep_len=500.0 pi_loss=-0.005 v_loss=9.709 ent=0.391 kl=0.0056
[upd  394 | steps  201728 | t  118.9s | sps  1697] ret_mean=110.500 ep_len=500.0 pi_loss=-0.009 v_loss=5.861 ent=0.346 kl=0.0071
[upd  395 | steps  202240 | t  119.0s | sps  1699] ret_mean=229.000 ep_len=500.0 pi_loss=-0.000 v_loss=9.810 ent=0.206 kl=0.0110
[upd  396 | steps  202752 | t  119.2s | sps  1701] ret_mean=212.000 ep_len=500.0 pi_loss=-0.006 v_loss=9.420 ent=0.499 kl=-0.0011
[upd  397 | steps  203264 | t  119.3s | sps  1703] ret_mean=105.000 ep_len=500.0 pi_loss=-0.006 v_loss=6.290 ent=0.511 kl=0.0115
[upd  398 | steps  203776 | t  119.5s | sps  1705] ret_mean=145.000 ep_len=500.0 pi_loss=-0.007 v_loss=5.112 ent=0.537 kl=0.0132
[upd  399 | steps  204288 | t  119.7s | sps  1707] ret_mean=112.500 ep_len=500.0 pi_loss=-0.004 v_loss=4.615 ent=0.474 kl=0.0008
[upd  400 | steps  204800 | t  119.8s | sps  1709] ret_mean=108.500 ep_len=500.0 pi_loss=-0.016 v_loss=6.332 ent=0.499 kl=0.0177
        [eval] ret_mean=41.367 ep_len=500.0
