$ /Users/praneelkhiantani/Downloads/cs2860/.venv/bin/python3 -m policies.train --env rware-small-2ag-easy-v2 --seed 1 --updates 200 --rollout 512 --eval-every 50 --eval-episodes 10 --log-dir matrix_results/intent_grounded_v1_pilot/rware-small-2ag-easy-v2 --run-name mappo-comm__baseline__d0__s1 --n-msg-tokens 8 --shape-rewards --pickup-bonus 0.5

[env] EnvSpec(env_id='rware-small-2ag-easy-v2', n_agents=2, obs_dim=71, n_env_actions=5, noop_action=0, family='rware')  (n_msg_tokens=8)
[cfg] {'clip_range': 0.2, 'value_clip_range': 0.2, 'entropy_coef': 0.01, 'value_coef': 0.5, 'max_grad_norm': 0.5, 'gamma': 0.99, 'gae_lambda': 0.95, 'lr_actor': 0.0003, 'lr_critic': 0.001, 'update_epochs': 4, 'minibatches': 4, 'hidden': 128, 'depth': 2, 'device': 'cpu', 'message_grounding_coef': 0.0, 'extra': {}}
[log] writing to matrix_results/intent_grounded_v1_pilot/rware-small-2ag-easy-v2/mappo-comm__baseline__d0__s1
[upd    1 | steps     512 | t    1.2s | sps   436] ret_mean=0.000 ep_len=500.0 pi_loss=-0.011 v_loss=0.055 ent=3.685 msg_acc=0.000 kl=0.0092
[upd    2 | steps    1024 | t    2.2s | sps   474] ret_mean=0.000 ep_len=500.0 pi_loss=-0.008 v_loss=0.023 ent=3.674 msg_acc=0.000 kl=0.0066
[upd    3 | steps    1536 | t    2.8s | sps   539] ret_mean=0.000 ep_len=500.0 pi_loss=-0.005 v_loss=0.025 ent=3.661 msg_acc=0.000 kl=0.0049
[upd    4 | steps    2048 | t    4.5s | sps   454] ret_mean=0.000 ep_len=500.0 pi_loss=-0.009 v_loss=0.005 ent=3.666 msg_acc=0.000 kl=0.0021
[upd    5 | steps    2560 | t    5.9s | sps   433] ret_mean=1.500 ep_len=500.0 pi_loss=-0.007 v_loss=0.016 ent=3.645 msg_acc=0.000 kl=-0.0007
[upd    6 | steps    3072 | t    6.7s | sps   458] ret_mean=0.000 ep_len=500.0 pi_loss=-0.015 v_loss=0.003 ent=3.658 msg_acc=0.000 kl=0.0048
[upd    7 | steps    3584 | t    7.7s | sps   465] ret_mean=2.000 ep_len=500.0 pi_loss=-0.009 v_loss=0.014 ent=3.644 msg_acc=0.000 kl=0.0086
[upd    8 | steps    4096 | t    9.0s | sps   457] ret_mean=0.000 ep_len=500.0 pi_loss=-0.011 v_loss=0.009 ent=3.643 msg_acc=0.000 kl=0.0002
[upd    9 | steps    4608 | t   10.6s | sps   434] ret_mean=0.000 ep_len=500.0 pi_loss=-0.017 v_loss=0.003 ent=3.649 msg_acc=0.000 kl=0.0065
[upd   10 | steps    5120 | t   12.2s | sps   419] ret_mean=2.000 ep_len=500.0 pi_loss=-0.008 v_loss=0.021 ent=3.609 msg_acc=0.000 kl=0.0058
[upd   11 | steps    5632 | t   13.5s | sps   417] ret_mean=0.000 ep_len=500.0 pi_loss=-0.012 v_loss=0.002 ent=3.575 msg_acc=0.000 kl=0.0110
[upd   12 | steps    6144 | t   15.1s | sps   406] ret_mean=0.000 ep_len=500.0 pi_loss=-0.011 v_loss=0.002 ent=3.554 msg_acc=0.000 kl=0.0092
[upd   13 | steps    6656 | t   17.3s | sps   385] ret_mean=4.000 ep_len=500.0 pi_loss=-0.007 v_loss=0.025 ent=3.538 msg_acc=0.000 kl=0.0064
[upd   14 | steps    7168 | t   18.5s | sps   387] ret_mean=0.000 ep_len=500.0 pi_loss=-0.011 v_loss=0.004 ent=3.582 msg_acc=0.000 kl=0.0048
[upd   15 | steps    7680 | t   19.6s | sps   391] ret_mean=0.000 ep_len=500.0 pi_loss=-0.007 v_loss=0.016 ent=3.566 msg_acc=0.000 kl=0.0024
[upd   16 | steps    8192 | t   20.4s | sps   402] ret_mean=0.000 ep_len=500.0 pi_loss=-0.016 v_loss=0.004 ent=3.601 msg_acc=0.000 kl=0.0102
[upd   17 | steps    8704 | t   21.4s | sps   406] ret_mean=0.500 ep_len=500.0 pi_loss=-0.016 v_loss=0.002 ent=3.649 msg_acc=0.000 kl=0.0061
[upd   18 | steps    9216 | t   22.4s | sps   412] ret_mean=0.000 ep_len=500.0 pi_loss=-0.013 v_loss=0.001 ent=3.590 msg_acc=0.000 kl=0.0100
[upd   19 | steps    9728 | t   23.5s | sps   414] ret_mean=0.000 ep_len=500.0 pi_loss=-0.017 v_loss=0.001 ent=3.604 msg_acc=0.000 kl=0.0005
[upd   20 | steps   10240 | t   25.0s | sps   409] ret_mean=0.000 ep_len=500.0 pi_loss=-0.013 v_loss=0.001 ent=3.584 msg_acc=0.000 kl=0.0117
[upd   21 | steps   10752 | t   26.0s | sps   414] ret_mean=0.000 ep_len=500.0 pi_loss=-0.011 v_loss=0.004 ent=3.641 msg_acc=0.000 kl=0.0068
[upd   22 | steps   11264 | t   26.9s | sps   419] ret_mean=0.500 ep_len=500.0 pi_loss=-0.010 v_loss=0.001 ent=3.627 msg_acc=0.000 kl=0.0017
[upd   23 | steps   11776 | t   27.9s | sps   422] ret_mean=0.000 ep_len=500.0 pi_loss=-0.009 v_loss=0.001 ent=3.642 msg_acc=0.000 kl=0.0055
[upd   24 | steps   12288 | t   28.8s | sps   426] ret_mean=0.000 ep_len=500.0 pi_loss=-0.008 v_loss=0.002 ent=3.631 msg_acc=0.000 kl=0.0017
[upd   25 | steps   12800 | t   29.5s | sps   434] ret_mean=0.500 ep_len=500.0 pi_loss=-0.012 v_loss=0.002 ent=3.607 msg_acc=0.000 kl=0.0087
[upd   26 | steps   13312 | t   30.1s | sps   442] ret_mean=0.500 ep_len=500.0 pi_loss=-0.010 v_loss=0.003 ent=3.598 msg_acc=0.000 kl=0.0097
[upd   27 | steps   13824 | t   30.7s | sps   450] ret_mean=0.000 ep_len=500.0 pi_loss=-0.011 v_loss=0.001 ent=3.596 msg_acc=0.000 kl=0.0048
[upd   28 | steps   14336 | t   31.4s | sps   457] ret_mean=0.000 ep_len=500.0 pi_loss=-0.012 v_loss=0.001 ent=3.583 msg_acc=0.000 kl=0.0065
[upd   29 | steps   14848 | t   32.0s | sps   464] ret_mean=0.000 ep_len=500.0 pi_loss=-0.010 v_loss=0.001 ent=3.617 msg_acc=0.000 kl=0.0084
[upd   30 | steps   15360 | t   32.6s | sps   471] ret_mean=0.000 ep_len=500.0 pi_loss=-0.011 v_loss=0.001 ent=3.561 msg_acc=0.000 kl=0.0018
[upd   31 | steps   15872 | t   33.3s | sps   477] ret_mean=0.000 ep_len=500.0 pi_loss=-0.013 v_loss=0.015 ent=3.524 msg_acc=0.000 kl=0.0108
[upd   32 | steps   16384 | t   34.0s | sps   482] ret_mean=2.500 ep_len=500.0 pi_loss=-0.009 v_loss=0.008 ent=3.552 msg_acc=0.000 kl=0.0038
[upd   33 | steps   16896 | t   35.0s | sps   483] ret_mean=0.000 ep_len=500.0 pi_loss=-0.009 v_loss=0.005 ent=3.576 msg_acc=0.000 kl=0.0061
[upd   34 | steps   17408 | t   35.7s | sps   487] ret_mean=1.000 ep_len=500.0 pi_loss=-0.012 v_loss=0.009 ent=3.524 msg_acc=0.000 kl=0.0064
[upd   35 | steps   17920 | t   37.3s | sps   481] ret_mean=2.000 ep_len=500.0 pi_loss=-0.012 v_loss=0.002 ent=3.478 msg_acc=0.000 kl=-0.0033
[upd   36 | steps   18432 | t   38.2s | sps   482] ret_mean=0.000 ep_len=500.0 pi_loss=-0.012 v_loss=0.001 ent=3.461 msg_acc=0.000 kl=0.0183
[upd   37 | steps   18944 | t   39.1s | sps   485] ret_mean=0.000 ep_len=500.0 pi_loss=-0.013 v_loss=0.000 ent=3.526 msg_acc=0.000 kl=0.0059
[upd   38 | steps   19456 | t   39.8s | sps   489] ret_mean=0.000 ep_len=500.0 pi_loss=-0.011 v_loss=0.003 ent=3.567 msg_acc=0.000 kl=0.0006
[upd   39 | steps   19968 | t   40.4s | sps   495] ret_mean=0.500 ep_len=500.0 pi_loss=-0.018 v_loss=0.001 ent=3.522 msg_acc=0.000 kl=0.0071
[upd   40 | steps   20480 | t   41.0s | sps   499] ret_mean=0.000 ep_len=500.0 pi_loss=-0.013 v_loss=0.001 ent=3.585 msg_acc=0.000 kl=0.0081
[upd   41 | steps   20992 | t   41.7s | sps   504] ret_mean=0.000 ep_len=500.0 pi_loss=-0.011 v_loss=0.000 ent=3.526 msg_acc=0.000 kl=0.0091
[upd   42 | steps   21504 | t   42.9s | sps   502] ret_mean=0.000 ep_len=500.0 pi_loss=-0.007 v_loss=0.001 ent=3.555 msg_acc=0.000 kl=0.0039
[upd   43 | steps   22016 | t   43.6s | sps   505] ret_mean=0.000 ep_len=500.0 pi_loss=-0.013 v_loss=0.001 ent=3.549 msg_acc=0.000 kl=0.0028
[upd   44 | steps   22528 | t   44.3s | sps   508] ret_mean=0.500 ep_len=500.0 pi_loss=-0.008 v_loss=0.003 ent=3.487 msg_acc=0.000 kl=0.0106
[upd   45 | steps   23040 | t   45.6s | sps   506] ret_mean=0.000 ep_len=500.0 pi_loss=-0.011 v_loss=0.001 ent=3.552 msg_acc=0.000 kl=0.0100
[upd   46 | steps   23552 | t   46.6s | sps   506] ret_mean=0.000 ep_len=500.0 pi_loss=-0.012 v_loss=0.001 ent=3.470 msg_acc=0.000 kl=0.0086
[upd   47 | steps   24064 | t   47.3s | sps   509] ret_mean=1.000 ep_len=500.0 pi_loss=-0.010 v_loss=0.005 ent=3.529 msg_acc=0.000 kl=0.0081
[upd   48 | steps   24576 | t   47.9s | sps   513] ret_mean=0.000 ep_len=500.0 pi_loss=-0.011 v_loss=0.001 ent=3.583 msg_acc=0.000 kl=0.0019
[upd   49 | steps   25088 | t   48.6s | sps   516] ret_mean=0.000 ep_len=500.0 pi_loss=-0.012 v_loss=0.001 ent=3.338 msg_acc=0.000 kl=0.0072
[upd   50 | steps   25600 | t   49.2s | sps   520] ret_mean=0.000 ep_len=500.0 pi_loss=-0.010 v_loss=0.001 ent=3.529 msg_acc=0.000 kl=0.0014
        [eval] ret_mean=0.000 ep_len=500.0
[upd   51 | steps   26112 | t   55.9s | sps   467] ret_mean=0.500 ep_len=500.0 pi_loss=-0.011 v_loss=0.003 ent=3.352 msg_acc=0.000 kl=0.0099
[upd   52 | steps   26624 | t   56.5s | sps   471] ret_mean=2.000 ep_len=500.0 pi_loss=-0.012 v_loss=0.012 ent=3.551 msg_acc=0.000 kl=0.0081
[upd   53 | steps   27136 | t   57.9s | sps   469] ret_mean=0.000 ep_len=500.0 pi_loss=-0.011 v_loss=0.002 ent=3.380 msg_acc=0.000 kl=0.0108
[upd   54 | steps   27648 | t   58.8s | sps   470] ret_mean=0.000 ep_len=500.0 pi_loss=-0.013 v_loss=0.007 ent=3.313 msg_acc=0.000 kl=0.0197
[upd   55 | steps   28160 | t   59.5s | sps   473] ret_mean=2.500 ep_len=500.0 pi_loss=-0.009 v_loss=0.003 ent=3.513 msg_acc=0.000 kl=0.0013
[upd   56 | steps   28672 | t   60.2s | sps   477] ret_mean=0.000 ep_len=500.0 pi_loss=-0.009 v_loss=0.001 ent=3.366 msg_acc=0.000 kl=0.0118
[upd   57 | steps   29184 | t   60.8s | sps   480] ret_mean=0.000 ep_len=500.0 pi_loss=-0.012 v_loss=0.002 ent=3.325 msg_acc=0.000 kl=0.0112
[upd   58 | steps   29696 | t   61.6s | sps   482] ret_mean=0.500 ep_len=500.0 pi_loss=-0.015 v_loss=0.002 ent=3.522 msg_acc=0.000 kl=0.0035
[upd   59 | steps   30208 | t   62.2s | sps   485] ret_mean=0.000 ep_len=500.0 pi_loss=-0.016 v_loss=0.001 ent=3.327 msg_acc=0.000 kl=0.0025
[upd   60 | steps   30720 | t   62.9s | sps   488] ret_mean=0.000 ep_len=500.0 pi_loss=-0.013 v_loss=0.001 ent=3.404 msg_acc=0.000 kl=0.0171
[upd   61 | steps   31232 | t   63.6s | sps   491] ret_mean=0.000 ep_len=500.0 pi_loss=-0.011 v_loss=0.001 ent=3.278 msg_acc=0.000 kl=0.0007
[upd   62 | steps   31744 | t   64.3s | sps   494] ret_mean=0.000 ep_len=500.0 pi_loss=-0.015 v_loss=0.001 ent=3.362 msg_acc=0.000 kl=0.0133
[upd   63 | steps   32256 | t   64.9s | sps   497] ret_mean=0.000 ep_len=500.0 pi_loss=-0.013 v_loss=0.001 ent=3.258 msg_acc=0.000 kl=0.0057
[upd   64 | steps   32768 | t   65.5s | sps   500] ret_mean=0.000 ep_len=500.0 pi_loss=-0.006 v_loss=0.001 ent=3.097 msg_acc=0.000 kl=0.0056
[upd   65 | steps   33280 | t   66.2s | sps   502] ret_mean=0.000 ep_len=500.0 pi_loss=-0.010 v_loss=0.000 ent=3.022 msg_acc=0.000 kl=0.0024
[upd   66 | steps   33792 | t   67.2s | sps   503] ret_mean=0.000 ep_len=500.0 pi_loss=-0.015 v_loss=0.000 ent=3.469 msg_acc=0.000 kl=0.0075
[upd   67 | steps   34304 | t   67.8s | sps   506] ret_mean=0.000 ep_len=500.0 pi_loss=-0.016 v_loss=0.000 ent=3.483 msg_acc=0.000 kl=0.0052
[upd   68 | steps   34816 | t   68.4s | sps   509] ret_mean=0.000 ep_len=500.0 pi_loss=-0.012 v_loss=0.000 ent=3.466 msg_acc=0.000 kl=0.0100
[upd   69 | steps   35328 | t   69.1s | sps   511] ret_mean=0.000 ep_len=500.0 pi_loss=-0.010 v_loss=0.000 ent=3.376 msg_acc=0.000 kl=0.0090
[upd   70 | steps   35840 | t   69.8s | sps   513] ret_mean=0.000 ep_len=500.0 pi_loss=-0.014 v_loss=0.004 ent=3.462 msg_acc=0.000 kl=0.0033
[upd   71 | steps   36352 | t   70.6s | sps   515] ret_mean=3.000 ep_len=500.0 pi_loss=-0.013 v_loss=0.010 ent=3.551 msg_acc=0.000 kl=0.0053
[upd   72 | steps   36864 | t   71.3s | sps   517] ret_mean=0.000 ep_len=500.0 pi_loss=-0.013 v_loss=0.002 ent=3.437 msg_acc=0.000 kl=0.0061
[upd   73 | steps   37376 | t   71.9s | sps   520] ret_mean=0.000 ep_len=500.0 pi_loss=-0.011 v_loss=0.001 ent=3.303 msg_acc=0.000 kl=0.0012
[upd   74 | steps   37888 | t   72.6s | sps   522] ret_mean=0.000 ep_len=500.0 pi_loss=-0.013 v_loss=0.000 ent=3.378 msg_acc=0.000 kl=0.0100
[upd   75 | steps   38400 | t   73.2s | sps   524] ret_mean=0.500 ep_len=500.0 pi_loss=-0.010 v_loss=0.008 ent=3.444 msg_acc=0.000 kl=0.0050
[upd   76 | steps   38912 | t   74.1s | sps   525] ret_mean=0.500 ep_len=500.0 pi_loss=-0.017 v_loss=0.001 ent=3.464 msg_acc=0.000 kl=0.0081
[upd   77 | steps   39424 | t   76.0s | sps   519] ret_mean=0.000 ep_len=500.0 pi_loss=-0.009 v_loss=0.000 ent=3.470 msg_acc=0.000 kl=0.0004
[upd   78 | steps   39936 | t   77.0s | sps   518] ret_mean=0.000 ep_len=500.0 pi_loss=-0.012 v_loss=0.001 ent=3.452 msg_acc=0.000 kl=0.0032
[upd   79 | steps   40448 | t   77.9s | sps   519] ret_mean=0.000 ep_len=500.0 pi_loss=-0.013 v_loss=0.001 ent=3.522 msg_acc=0.000 kl=0.0033
[upd   80 | steps   40960 | t   78.6s | sps   521] ret_mean=0.500 ep_len=500.0 pi_loss=-0.013 v_loss=0.002 ent=3.419 msg_acc=0.000 kl=-0.0025
[upd   81 | steps   41472 | t   79.3s | sps   523] ret_mean=0.000 ep_len=500.0 pi_loss=-0.011 v_loss=0.000 ent=3.410 msg_acc=0.000 kl=0.0006
[upd   82 | steps   41984 | t   80.5s | sps   522] ret_mean=0.000 ep_len=500.0 pi_loss=-0.017 v_loss=0.000 ent=3.162 msg_acc=0.000 kl=0.0078
[upd   83 | steps   42496 | t   81.2s | sps   523] ret_mean=0.000 ep_len=500.0 pi_loss=-0.015 v_loss=0.000 ent=2.956 msg_acc=0.000 kl=0.0181
[upd   84 | steps   43008 | t   82.1s | sps   524] ret_mean=0.000 ep_len=500.0 pi_loss=-0.009 v_loss=0.000 ent=3.239 msg_acc=0.000 kl=0.0058
[upd   85 | steps   43520 | t   83.1s | sps   524] ret_mean=0.000 ep_len=500.0 pi_loss=-0.011 v_loss=0.006 ent=3.435 msg_acc=0.000 kl=0.0069
[upd   86 | steps   44032 | t   83.8s | sps   525] ret_mean=2.000 ep_len=500.0 pi_loss=-0.012 v_loss=0.006 ent=3.294 msg_acc=0.000 kl=0.0098
[upd   87 | steps   44544 | t   84.7s | sps   526] ret_mean=1.500 ep_len=500.0 pi_loss=-0.012 v_loss=0.001 ent=3.360 msg_acc=0.000 kl=0.0025
[upd   88 | steps   45056 | t   85.6s | sps   526] ret_mean=0.000 ep_len=500.0 pi_loss=-0.021 v_loss=0.000 ent=3.242 msg_acc=0.000 kl=0.0111
[upd   89 | steps   45568 | t   86.4s | sps   527] ret_mean=0.000 ep_len=500.0 pi_loss=-0.014 v_loss=0.000 ent=3.425 msg_acc=0.000 kl=0.0147
[upd   90 | steps   46080 | t   87.4s | sps   527] ret_mean=0.000 ep_len=500.0 pi_loss=-0.010 v_loss=0.000 ent=3.287 msg_acc=0.000 kl=0.0077
[upd   91 | steps   46592 | t   88.5s | sps   527] ret_mean=0.000 ep_len=500.0 pi_loss=-0.013 v_loss=0.011 ent=3.174 msg_acc=0.000 kl=0.0066
[upd   92 | steps   47104 | t   89.6s | sps   526] ret_mean=1.000 ep_len=500.0 pi_loss=-0.006 v_loss=0.001 ent=3.436 msg_acc=0.000 kl=0.0099
[upd   93 | steps   47616 | t   90.3s | sps   527] ret_mean=0.000 ep_len=500.0 pi_loss=-0.011 v_loss=0.001 ent=3.396 msg_acc=0.000 kl=0.0092
[upd   94 | steps   48128 | t   91.0s | sps   529] ret_mean=0.000 ep_len=500.0 pi_loss=-0.011 v_loss=0.000 ent=3.104 msg_acc=0.000 kl=0.0072
[upd   95 | steps   48640 | t   91.6s | sps   531] ret_mean=0.500 ep_len=500.0 pi_loss=-0.015 v_loss=0.002 ent=3.402 msg_acc=0.000 kl=0.0124
[upd   96 | steps   49152 | t   92.3s | sps   532] ret_mean=0.000 ep_len=500.0 pi_loss=-0.007 v_loss=0.000 ent=3.417 msg_acc=0.000 kl=0.0051
[upd   97 | steps   49664 | t   93.0s | sps   534] ret_mean=0.500 ep_len=500.0 pi_loss=-0.010 v_loss=0.003 ent=3.386 msg_acc=0.000 kl=0.0144
[upd   98 | steps   50176 | t   93.6s | sps   536] ret_mean=0.000 ep_len=500.0 pi_loss=-0.011 v_loss=0.000 ent=3.218 msg_acc=0.000 kl=0.0031
[upd   99 | steps   50688 | t   94.2s | sps   538] ret_mean=0.000 ep_len=500.0 pi_loss=-0.013 v_loss=0.001 ent=3.481 msg_acc=0.000 kl=0.0042
[upd  100 | steps   51200 | t   94.8s | sps   540] ret_mean=1.500 ep_len=500.0 pi_loss=-0.013 v_loss=0.009 ent=3.423 msg_acc=0.000 kl=0.0097
        [eval] ret_mean=0.000 ep_len=500.0
[upd  101 | steps   51712 | t  100.4s | sps   515] ret_mean=0.000 ep_len=500.0 pi_loss=-0.013 v_loss=0.001 ent=3.358 msg_acc=0.000 kl=0.0201
[upd  102 | steps   52224 | t  101.0s | sps   517] ret_mean=0.000 ep_len=500.0 pi_loss=-0.018 v_loss=0.001 ent=3.397 msg_acc=0.000 kl=0.0145
[upd  103 | steps   52736 | t  101.6s | sps   519] ret_mean=1.500 ep_len=500.0 pi_loss=-0.015 v_loss=0.008 ent=3.318 msg_acc=0.000 kl=0.0111
[upd  104 | steps   53248 | t  102.2s | sps   521] ret_mean=0.500 ep_len=500.0 pi_loss=-0.015 v_loss=0.001 ent=3.393 msg_acc=0.000 kl=0.0087
[upd  105 | steps   53760 | t  102.9s | sps   523] ret_mean=0.500 ep_len=500.0 pi_loss=-0.010 v_loss=0.005 ent=3.076 msg_acc=0.000 kl=0.0025
[upd  106 | steps   54272 | t  103.5s | sps   524] ret_mean=1.500 ep_len=500.0 pi_loss=-0.013 v_loss=0.010 ent=3.362 msg_acc=0.000 kl=0.0027
[upd  107 | steps   54784 | t  104.1s | sps   526] ret_mean=0.000 ep_len=500.0 pi_loss=-0.014 v_loss=0.001 ent=3.076 msg_acc=0.000 kl=0.0115
[upd  108 | steps   55296 | t  104.8s | sps   528] ret_mean=0.000 ep_len=500.0 pi_loss=-0.016 v_loss=0.001 ent=3.180 msg_acc=0.000 kl=0.0104
[upd  109 | steps   55808 | t  105.5s | sps   529] ret_mean=0.000 ep_len=500.0 pi_loss=-0.014 v_loss=0.001 ent=3.307 msg_acc=0.000 kl=0.0120
[upd  110 | steps   56320 | t  106.1s | sps   531] ret_mean=0.500 ep_len=500.0 pi_loss=-0.014 v_loss=0.002 ent=3.305 msg_acc=0.000 kl=0.0031
[upd  111 | steps   56832 | t  106.7s | sps   532] ret_mean=0.000 ep_len=500.0 pi_loss=-0.010 v_loss=0.002 ent=3.405 msg_acc=0.000 kl=0.0046
[upd  112 | steps   57344 | t  107.4s | sps   534] ret_mean=0.500 ep_len=500.0 pi_loss=-0.013 v_loss=0.001 ent=3.423 msg_acc=0.000 kl=-0.0041
[upd  113 | steps   57856 | t  108.0s | sps   536] ret_mean=0.000 ep_len=500.0 pi_loss=-0.013 v_loss=0.001 ent=3.407 msg_acc=0.000 kl=0.0024
[upd  114 | steps   58368 | t  108.6s | sps   537] ret_mean=0.000 ep_len=500.0 pi_loss=-0.014 v_loss=0.012 ent=3.400 msg_acc=0.000 kl=0.0083
[upd  115 | steps   58880 | t  109.3s | sps   539] ret_mean=5.000 ep_len=500.0 pi_loss=-0.020 v_loss=0.009 ent=3.271 msg_acc=0.000 kl=0.0137
[upd  116 | steps   59392 | t  109.9s | sps   540] ret_mean=0.000 ep_len=500.0 pi_loss=-0.014 v_loss=0.001 ent=3.259 msg_acc=0.000 kl=0.0096
[upd  117 | steps   59904 | t  110.5s | sps   542] ret_mean=0.000 ep_len=500.0 pi_loss=-0.018 v_loss=0.001 ent=3.235 msg_acc=0.000 kl=0.0021
[upd  118 | steps   60416 | t  111.2s | sps   543] ret_mean=0.000 ep_len=500.0 pi_loss=-0.013 v_loss=0.002 ent=3.243 msg_acc=0.000 kl=0.0017
[upd  119 | steps   60928 | t  111.8s | sps   545] ret_mean=0.500 ep_len=500.0 pi_loss=-0.012 v_loss=0.000 ent=3.425 msg_acc=0.000 kl=0.0025
[upd  120 | steps   61440 | t  112.4s | sps   546] ret_mean=0.000 ep_len=500.0 pi_loss=-0.015 v_loss=0.000 ent=3.422 msg_acc=0.000 kl=0.0155
[upd  121 | steps   61952 | t  113.1s | sps   548] ret_mean=0.000 ep_len=500.0 pi_loss=-0.016 v_loss=0.000 ent=3.395 msg_acc=0.000 kl=-0.0014
[upd  122 | steps   62464 | t  113.7s | sps   549] ret_mean=0.000 ep_len=500.0 pi_loss=-0.013 v_loss=0.000 ent=3.377 msg_acc=0.000 kl=0.0086
[upd  123 | steps   62976 | t  114.3s | sps   551] ret_mean=0.000 ep_len=500.0 pi_loss=-0.009 v_loss=0.002 ent=3.359 msg_acc=0.000 kl=0.0075
[upd  124 | steps   63488 | t  115.0s | sps   552] ret_mean=0.500 ep_len=500.0 pi_loss=-0.012 v_loss=0.014 ent=3.352 msg_acc=0.000 kl=0.0032
[upd  125 | steps   64000 | t  115.6s | sps   553] ret_mean=2.000 ep_len=500.0 pi_loss=-0.011 v_loss=0.017 ent=3.324 msg_acc=0.000 kl=0.0071
[upd  126 | steps   64512 | t  116.3s | sps   555] ret_mean=3.500 ep_len=500.0 pi_loss=-0.012 v_loss=0.001 ent=3.340 msg_acc=0.000 kl=0.0050
[upd  127 | steps   65024 | t  116.9s | sps   556] ret_mean=0.000 ep_len=500.0 pi_loss=-0.016 v_loss=0.002 ent=3.357 msg_acc=0.000 kl=0.0031
[upd  128 | steps   65536 | t  117.5s | sps   558] ret_mean=3.000 ep_len=500.0 pi_loss=-0.017 v_loss=0.024 ent=3.363 msg_acc=0.000 kl=0.0155
[upd  129 | steps   66048 | t  118.1s | sps   559] ret_mean=0.000 ep_len=500.0 pi_loss=-0.014 v_loss=0.001 ent=3.377 msg_acc=0.000 kl=0.0072
[upd  130 | steps   66560 | t  118.8s | sps   560] ret_mean=0.000 ep_len=500.0 pi_loss=-0.015 v_loss=0.001 ent=3.409 msg_acc=0.000 kl=0.0098
[upd  131 | steps   67072 | t  119.4s | sps   562] ret_mean=0.000 ep_len=500.0 pi_loss=-0.016 v_loss=0.001 ent=3.360 msg_acc=0.000 kl=0.0056
[upd  132 | steps   67584 | t  120.0s | sps   563] ret_mean=0.000 ep_len=500.0 pi_loss=-0.015 v_loss=0.001 ent=3.348 msg_acc=0.000 kl=0.0110
[upd  133 | steps   68096 | t  120.7s | sps   564] ret_mean=0.000 ep_len=500.0 pi_loss=-0.015 v_loss=0.000 ent=3.298 msg_acc=0.000 kl=0.0074
[upd  134 | steps   68608 | t  121.3s | sps   566] ret_mean=0.000 ep_len=500.0 pi_loss=-0.016 v_loss=0.000 ent=3.425 msg_acc=0.000 kl=0.0051
[upd  135 | steps   69120 | t  121.9s | sps   567] ret_mean=0.000 ep_len=500.0 pi_loss=-0.009 v_loss=0.006 ent=3.392 msg_acc=0.000 kl=0.0107
[upd  136 | steps   69632 | t  122.5s | sps   568] ret_mean=1.000 ep_len=500.0 pi_loss=-0.012 v_loss=0.000 ent=3.394 msg_acc=0.000 kl=0.0021
[upd  137 | steps   70144 | t  123.2s | sps   569] ret_mean=0.000 ep_len=500.0 pi_loss=-0.019 v_loss=0.000 ent=3.400 msg_acc=0.000 kl=0.0099
[upd  138 | steps   70656 | t  123.8s | sps   571] ret_mean=0.000 ep_len=500.0 pi_loss=-0.016 v_loss=0.002 ent=3.375 msg_acc=0.000 kl=0.0055
[upd  139 | steps   71168 | t  124.5s | sps   572] ret_mean=0.500 ep_len=500.0 pi_loss=-0.008 v_loss=0.000 ent=3.333 msg_acc=0.000 kl=0.0035
[upd  140 | steps   71680 | t  125.1s | sps   573] ret_mean=0.000 ep_len=500.0 pi_loss=-0.010 v_loss=0.000 ent=3.431 msg_acc=0.000 kl=0.0096
[upd  141 | steps   72192 | t  125.7s | sps   574] ret_mean=0.000 ep_len=500.0 pi_loss=-0.015 v_loss=0.020 ent=3.281 msg_acc=0.000 kl=-0.0005
[upd  142 | steps   72704 | t  126.3s | sps   576] ret_mean=1.000 ep_len=500.0 pi_loss=-0.015 v_loss=0.001 ent=3.331 msg_acc=0.000 kl=0.0083
[upd  143 | steps   73216 | t  127.0s | sps   577] ret_mean=0.000 ep_len=500.0 pi_loss=-0.012 v_loss=0.000 ent=3.392 msg_acc=0.000 kl=0.0005
[upd  144 | steps   73728 | t  127.6s | sps   578] ret_mean=1.000 ep_len=500.0 pi_loss=-0.014 v_loss=0.006 ent=3.280 msg_acc=0.000 kl=0.0210
[upd  145 | steps   74240 | t  128.2s | sps   579] ret_mean=4.000 ep_len=500.0 pi_loss=-0.009 v_loss=0.027 ent=3.228 msg_acc=0.000 kl=0.0052
[upd  146 | steps   74752 | t  128.8s | sps   580] ret_mean=0.000 ep_len=500.0 pi_loss=-0.018 v_loss=0.001 ent=3.295 msg_acc=0.000 kl=0.0119
[upd  147 | steps   75264 | t  129.4s | sps   582] ret_mean=0.000 ep_len=500.0 pi_loss=-0.016 v_loss=0.016 ent=3.233 msg_acc=0.000 kl=0.0165
[upd  148 | steps   75776 | t  130.3s | sps   581] ret_mean=2.000 ep_len=500.0 pi_loss=-0.014 v_loss=0.025 ent=3.168 msg_acc=0.000 kl=0.0115
[upd  149 | steps   76288 | t  131.0s | sps   582] ret_mean=19.000 ep_len=500.0 pi_loss=-0.012 v_loss=0.217 ent=3.159 msg_acc=0.000 kl=0.0107
[upd  150 | steps   76800 | t  131.7s | sps   583] ret_mean=0.000 ep_len=500.0 pi_loss=-0.014 v_loss=0.002 ent=3.080 msg_acc=0.000 kl=0.0155
        [eval] ret_mean=0.000 ep_len=500.0
[upd  151 | steps   77312 | t  136.9s | sps   565] ret_mean=1.500 ep_len=500.0 pi_loss=-0.010 v_loss=0.008 ent=3.252 msg_acc=0.000 kl=0.0035
[upd  152 | steps   77824 | t  137.5s | sps   566] ret_mean=1.500 ep_len=500.0 pi_loss=-0.012 v_loss=0.014 ent=3.257 msg_acc=0.000 kl=0.0156
[upd  153 | steps   78336 | t  138.4s | sps   566] ret_mean=0.000 ep_len=500.0 pi_loss=-0.012 v_loss=0.001 ent=3.134 msg_acc=0.000 kl=0.0145
[upd  154 | steps   78848 | t  139.1s | sps   567] ret_mean=0.000 ep_len=500.0 pi_loss=-0.013 v_loss=0.003 ent=3.049 msg_acc=0.000 kl=0.0021
[upd  155 | steps   79360 | t  139.7s | sps   568] ret_mean=0.000 ep_len=500.0 pi_loss=-0.014 v_loss=0.018 ent=3.215 msg_acc=0.000 kl=0.0049
[upd  156 | steps   79872 | t  140.3s | sps   569] ret_mean=15.000 ep_len=500.0 pi_loss=-0.013 v_loss=0.211 ent=3.191 msg_acc=0.000 kl=0.0052
[upd  157 | steps   80384 | t  141.0s | sps   570] ret_mean=0.000 ep_len=500.0 pi_loss=-0.014 v_loss=0.002 ent=3.307 msg_acc=0.000 kl=0.0119
[upd  158 | steps   80896 | t  141.6s | sps   571] ret_mean=0.000 ep_len=500.0 pi_loss=-0.008 v_loss=0.003 ent=3.074 msg_acc=0.000 kl=0.0046
[upd  159 | steps   81408 | t  142.4s | sps   572] ret_mean=8.000 ep_len=500.0 pi_loss=-0.008 v_loss=0.132 ent=3.121 msg_acc=0.000 kl=0.0084
[upd  160 | steps   81920 | t  143.1s | sps   572] ret_mean=9.000 ep_len=500.0 pi_loss=-0.012 v_loss=0.150 ent=3.016 msg_acc=0.000 kl=0.0042
[upd  161 | steps   82432 | t  143.8s | sps   573] ret_mean=0.000 ep_len=500.0 pi_loss=-0.011 v_loss=0.009 ent=3.237 msg_acc=0.000 kl=0.0209
[upd  162 | steps   82944 | t  144.5s | sps   574] ret_mean=0.000 ep_len=500.0 pi_loss=-0.012 v_loss=0.002 ent=3.347 msg_acc=0.000 kl=0.0072
[upd  163 | steps   83456 | t  145.2s | sps   575] ret_mean=0.000 ep_len=500.0 pi_loss=-0.012 v_loss=0.001 ent=3.312 msg_acc=0.000 kl=0.0018
[upd  164 | steps   83968 | t  145.9s | sps   576] ret_mean=0.000 ep_len=500.0 pi_loss=-0.007 v_loss=0.001 ent=3.263 msg_acc=0.000 kl=0.0013
[upd  165 | steps   84480 | t  146.6s | sps   576] ret_mean=0.000 ep_len=500.0 pi_loss=-0.014 v_loss=0.002 ent=3.034 msg_acc=0.000 kl=0.0140
[upd  166 | steps   84992 | t  147.3s | sps   577] ret_mean=0.000 ep_len=500.0 pi_loss=-0.013 v_loss=0.001 ent=3.264 msg_acc=0.000 kl=0.0123
[upd  167 | steps   85504 | t  147.9s | sps   578] ret_mean=0.000 ep_len=500.0 pi_loss=-0.017 v_loss=0.001 ent=3.165 msg_acc=0.000 kl=0.0135
[upd  168 | steps   86016 | t  148.6s | sps   579] ret_mean=0.000 ep_len=500.0 pi_loss=-0.010 v_loss=0.087 ent=3.042 msg_acc=0.000 kl=0.0056
[upd  169 | steps   86528 | t  149.2s | sps   580] ret_mean=7.500 ep_len=500.0 pi_loss=-0.015 v_loss=0.001 ent=3.065 msg_acc=0.000 kl=-0.0004
[upd  170 | steps   87040 | t  150.3s | sps   579] ret_mean=4.000 ep_len=500.0 pi_loss=-0.010 v_loss=0.066 ent=3.174 msg_acc=0.000 kl=0.0075
[upd  171 | steps   87552 | t  151.1s | sps   580] ret_mean=0.000 ep_len=500.0 pi_loss=-0.011 v_loss=0.187 ent=3.065 msg_acc=0.000 kl=0.0150
[upd  172 | steps   88064 | t  151.7s | sps   580] ret_mean=14.500 ep_len=500.0 pi_loss=-0.010 v_loss=0.024 ent=3.098 msg_acc=0.000 kl=0.0174
[upd  173 | steps   88576 | t  152.4s | sps   581] ret_mean=13.500 ep_len=500.0 pi_loss=-0.016 v_loss=0.361 ent=3.186 msg_acc=0.000 kl=0.0041
[upd  174 | steps   89088 | t  153.0s | sps   582] ret_mean=0.000 ep_len=500.0 pi_loss=-0.012 v_loss=0.003 ent=3.188 msg_acc=0.000 kl=0.0035
[upd  175 | steps   89600 | t  153.7s | sps   583] ret_mean=0.000 ep_len=500.0 pi_loss=-0.012 v_loss=0.002 ent=3.067 msg_acc=0.000 kl=0.0108
[upd  176 | steps   90112 | t  154.7s | sps   583] ret_mean=0.000 ep_len=500.0 pi_loss=-0.016 v_loss=0.002 ent=3.171 msg_acc=0.000 kl=0.0054
[upd  177 | steps   90624 | t  155.5s | sps   583] ret_mean=0.000 ep_len=500.0 pi_loss=-0.015 v_loss=0.002 ent=3.254 msg_acc=0.000 kl=0.0061
[upd  178 | steps   91136 | t  156.4s | sps   583] ret_mean=0.000 ep_len=500.0 pi_loss=-0.013 v_loss=0.001 ent=3.149 msg_acc=0.000 kl=0.0112
[upd  179 | steps   91648 | t  157.6s | sps   582] ret_mean=0.000 ep_len=500.0 pi_loss=-0.015 v_loss=0.001 ent=3.189 msg_acc=0.000 kl=0.0006
[upd  180 | steps   92160 | t  159.1s | sps   579] ret_mean=0.000 ep_len=500.0 pi_loss=-0.008 v_loss=0.000 ent=3.308 msg_acc=0.000 kl=0.0107
[upd  181 | steps   92672 | t  159.9s | sps   580] ret_mean=0.000 ep_len=500.0 pi_loss=-0.014 v_loss=0.000 ent=3.239 msg_acc=0.000 kl=0.0126
[upd  182 | steps   93184 | t  160.7s | sps   580] ret_mean=0.000 ep_len=500.0 pi_loss=-0.015 v_loss=0.001 ent=3.215 msg_acc=0.000 kl=0.0080
[upd  183 | steps   93696 | t  161.5s | sps   580] ret_mean=0.000 ep_len=500.0 pi_loss=-0.011 v_loss=0.001 ent=3.219 msg_acc=0.000 kl=0.0073
[upd  184 | steps   94208 | t  162.2s | sps   581] ret_mean=0.000 ep_len=500.0 pi_loss=-0.011 v_loss=0.303 ent=3.185 msg_acc=0.000 kl=0.0206
[upd  185 | steps   94720 | t  163.0s | sps   581] ret_mean=12.000 ep_len=500.0 pi_loss=-0.013 v_loss=0.002 ent=3.172 msg_acc=0.000 kl=0.0063
[upd  186 | steps   95232 | t  163.8s | sps   581] ret_mean=0.000 ep_len=500.0 pi_loss=-0.012 v_loss=0.807 ent=3.019 msg_acc=0.000 kl=0.0074
[upd  187 | steps   95744 | t  164.5s | sps   582] ret_mean=31.500 ep_len=500.0 pi_loss=-0.014 v_loss=0.354 ent=3.122 msg_acc=0.000 kl=0.0078
[upd  188 | steps   96256 | t  165.2s | sps   583] ret_mean=9.500 ep_len=500.0 pi_loss=-0.008 v_loss=0.647 ent=2.986 msg_acc=0.000 kl=0.0151
[upd  189 | steps   96768 | t  165.9s | sps   583] ret_mean=29.500 ep_len=500.0 pi_loss=-0.010 v_loss=0.065 ent=3.005 msg_acc=0.000 kl=0.0050
[upd  190 | steps   97280 | t  166.6s | sps   584] ret_mean=3.000 ep_len=500.0 pi_loss=-0.011 v_loss=0.005 ent=3.183 msg_acc=0.000 kl=-0.0005
[upd  191 | steps   97792 | t  167.4s | sps   584] ret_mean=0.000 ep_len=500.0 pi_loss=-0.010 v_loss=0.001 ent=3.030 msg_acc=0.000 kl=0.0048
[upd  192 | steps   98304 | t  168.2s | sps   585] ret_mean=0.000 ep_len=500.0 pi_loss=-0.011 v_loss=0.003 ent=3.088 msg_acc=0.000 kl=0.0048
[upd  193 | steps   98816 | t  168.9s | sps   585] ret_mean=12.500 ep_len=500.0 pi_loss=-0.013 v_loss=0.205 ent=3.006 msg_acc=0.000 kl=0.0082
[upd  194 | steps   99328 | t  169.6s | sps   586] ret_mean=0.000 ep_len=500.0 pi_loss=-0.012 v_loss=0.003 ent=3.111 msg_acc=0.000 kl=0.0061
[upd  195 | steps   99840 | t  170.3s | sps   586] ret_mean=0.000 ep_len=500.0 pi_loss=-0.014 v_loss=0.002 ent=2.981 msg_acc=0.000 kl=0.0067
[upd  196 | steps  100352 | t  171.0s | sps   587] ret_mean=0.000 ep_len=500.0 pi_loss=-0.010 v_loss=0.004 ent=2.892 msg_acc=0.000 kl=0.0070
[upd  197 | steps  100864 | t  171.7s | sps   587] ret_mean=3.000 ep_len=500.0 pi_loss=-0.013 v_loss=0.021 ent=2.666 msg_acc=0.000 kl=0.0187
[upd  198 | steps  101376 | t  172.4s | sps   588] ret_mean=15.500 ep_len=500.0 pi_loss=-0.007 v_loss=0.603 ent=2.650 msg_acc=0.000 kl=0.0046
[upd  199 | steps  101888 | t  173.1s | sps   588] ret_mean=0.000 ep_len=500.0 pi_loss=-0.017 v_loss=0.002 ent=3.035 msg_acc=0.000 kl=0.0086
[upd  200 | steps  102400 | t  174.1s | sps   588] ret_mean=0.000 ep_len=500.0 pi_loss=-0.012 v_loss=0.002 ent=2.853 msg_acc=0.000 kl=0.0047
        [eval] ret_mean=0.000 ep_len=500.0
