$ /Users/samchen/Coding/CLASSES/CS2860/.venv/bin/python3 -m policies.train --env rware-tiny-2ag-easy-v2 --seed 1 --updates 400 --rollout 512 --eval-every 25 --eval-episodes 30 --log-dir matrix_results/diagnostics_v1_sam/comm_2ag/main_tiny --run-name mappo-heartbeat-plus-comm__baseline__d0__s1 --n-msg-tokens 8 --heartbeat --heartbeat-period 1 --heartbeat-max-age-clip 128 --shape-rewards --pickup-bonus 0.5

[env] EnvSpec(env_id='rware-tiny-2ag-easy-v2', n_agents=2, obs_dim=73, n_env_actions=5, noop_action=0, family='rware')  (n_msg_tokens=8)
[cfg] {'clip_range': 0.2, 'value_clip_range': 0.2, 'entropy_coef': 0.01, 'value_coef': 0.5, 'max_grad_norm': 0.5, 'gamma': 0.99, 'gae_lambda': 0.95, 'lr_actor': 0.0003, 'lr_critic': 0.001, 'update_epochs': 4, 'minibatches': 4, 'hidden': 128, 'depth': 2, 'device': 'cpu', 'extra': {}}
[log] writing to matrix_results/diagnostics_v1_sam/comm_2ag/main_tiny/mappo-heartbeat-plus-comm__baseline__d0__s1
[upd    1 | steps     512 | t    0.2s | sps  3024] ret_mean=0.000 ep_len=500.0 pi_loss=-0.011 v_loss=0.058 ent=3.685 kl=0.0054
[upd    2 | steps    1024 | t    0.3s | sps  3072] ret_mean=1.500 ep_len=500.0 pi_loss=-0.005 v_loss=0.032 ent=3.681 kl=-0.0021
[upd    3 | steps    1536 | t    0.5s | sps  3143] ret_mean=2.500 ep_len=500.0 pi_loss=-0.011 v_loss=0.017 ent=3.675 kl=0.0028
[upd    4 | steps    2048 | t    0.6s | sps  3188] ret_mean=1.000 ep_len=500.0 pi_loss=-0.014 v_loss=0.013 ent=3.660 kl=0.0059
[upd    5 | steps    2560 | t    0.8s | sps  3018] ret_mean=1.000 ep_len=500.0 pi_loss=-0.009 v_loss=0.013 ent=3.645 kl=0.0070
[upd    6 | steps    3072 | t    1.0s | sps  3043] ret_mean=0.000 ep_len=500.0 pi_loss=-0.014 v_loss=0.007 ent=3.626 kl=0.0061
[upd    7 | steps    3584 | t    1.2s | sps  3000] ret_mean=0.500 ep_len=500.0 pi_loss=-0.007 v_loss=0.004 ent=3.620 kl=0.0079
[upd    8 | steps    4096 | t    1.4s | sps  3025] ret_mean=0.000 ep_len=500.0 pi_loss=-0.012 v_loss=0.004 ent=3.627 kl=0.0078
[upd    9 | steps    4608 | t    1.5s | sps  3045] ret_mean=0.500 ep_len=500.0 pi_loss=-0.007 v_loss=0.002 ent=3.643 kl=0.0011
[upd   10 | steps    5120 | t    1.7s | sps  3058] ret_mean=0.000 ep_len=500.0 pi_loss=-0.015 v_loss=0.005 ent=3.638 kl=0.0035
[upd   11 | steps    5632 | t    1.8s | sps  3077] ret_mean=1.000 ep_len=500.0 pi_loss=-0.011 v_loss=0.002 ent=3.656 kl=0.0049
[upd   12 | steps    6144 | t    2.0s | sps  3093] ret_mean=2.000 ep_len=500.0 pi_loss=-0.012 v_loss=0.009 ent=3.629 kl=0.0115
[upd   13 | steps    6656 | t    2.1s | sps  3105] ret_mean=1.000 ep_len=500.0 pi_loss=-0.013 v_loss=0.004 ent=3.620 kl=0.0061
[upd   14 | steps    7168 | t    2.3s | sps  3118] ret_mean=0.000 ep_len=500.0 pi_loss=-0.013 v_loss=0.002 ent=3.616 kl=0.0049
[upd   15 | steps    7680 | t    2.5s | sps  3121] ret_mean=0.500 ep_len=500.0 pi_loss=-0.007 v_loss=0.004 ent=3.609 kl=0.0039
[upd   16 | steps    8192 | t    2.6s | sps  3132] ret_mean=1.000 ep_len=500.0 pi_loss=-0.009 v_loss=0.006 ent=3.601 kl=-0.0022
[upd   17 | steps    8704 | t    2.8s | sps  3117] ret_mean=1.000 ep_len=500.0 pi_loss=-0.014 v_loss=0.006 ent=3.600 kl=0.0016
[upd   18 | steps    9216 | t    2.9s | sps  3125] ret_mean=1.500 ep_len=500.0 pi_loss=-0.011 v_loss=0.003 ent=3.603 kl=0.0136
[upd   19 | steps    9728 | t    3.1s | sps  3134] ret_mean=0.000 ep_len=500.0 pi_loss=-0.011 v_loss=0.003 ent=3.600 kl=0.0059
[upd   20 | steps   10240 | t    3.3s | sps  3132] ret_mean=0.000 ep_len=500.0 pi_loss=-0.010 v_loss=0.023 ent=3.597 kl=0.0071
[upd   21 | steps   10752 | t    3.5s | sps  3109] ret_mean=3.000 ep_len=500.0 pi_loss=-0.015 v_loss=0.001 ent=3.575 kl=0.0009
[upd   22 | steps   11264 | t    3.6s | sps  3113] ret_mean=2.000 ep_len=500.0 pi_loss=-0.010 v_loss=0.035 ent=3.598 kl=0.0108
[upd   23 | steps   11776 | t    3.8s | sps  3116] ret_mean=4.000 ep_len=500.0 pi_loss=-0.010 v_loss=0.016 ent=3.580 kl=0.0104
[upd   24 | steps   12288 | t    3.9s | sps  3121] ret_mean=1.000 ep_len=500.0 pi_loss=-0.010 v_loss=0.007 ent=3.555 kl=0.0072
[upd   25 | steps   12800 | t    4.1s | sps  3124] ret_mean=4.500 ep_len=500.0 pi_loss=-0.006 v_loss=0.019 ent=3.564 kl=0.0081
        [eval] ret_mean=0.000 ep_len=500.0
[upd   26 | steps   13312 | t    8.0s | sps  1660] ret_mean=0.000 ep_len=500.0 pi_loss=-0.014 v_loss=0.003 ent=3.555 kl=0.0093
[upd   27 | steps   13824 | t    8.2s | sps  1687] ret_mean=0.000 ep_len=500.0 pi_loss=-0.016 v_loss=0.001 ent=3.608 kl=0.0073
[upd   28 | steps   14336 | t    8.4s | sps  1715] ret_mean=2.500 ep_len=500.0 pi_loss=-0.009 v_loss=0.018 ent=3.591 kl=0.0048
[upd   29 | steps   14848 | t    8.5s | sps  1739] ret_mean=2.500 ep_len=500.0 pi_loss=-0.014 v_loss=0.014 ent=3.574 kl=0.0050
[upd   30 | steps   15360 | t    8.7s | sps  1761] ret_mean=0.500 ep_len=500.0 pi_loss=-0.006 v_loss=0.004 ent=3.506 kl=0.0044
[upd   31 | steps   15872 | t    8.9s | sps  1781] ret_mean=0.000 ep_len=500.0 pi_loss=-0.011 v_loss=0.002 ent=3.509 kl=0.0051
[upd   32 | steps   16384 | t    9.1s | sps  1806] ret_mean=1.500 ep_len=500.0 pi_loss=-0.016 v_loss=0.011 ent=3.492 kl=0.0113
[upd   33 | steps   16896 | t    9.2s | sps  1830] ret_mean=1.500 ep_len=500.0 pi_loss=-0.014 v_loss=0.005 ent=3.502 kl=0.0097
[upd   34 | steps   17408 | t    9.4s | sps  1854] ret_mean=3.500 ep_len=500.0 pi_loss=-0.011 v_loss=0.066 ent=3.478 kl=0.0118
[upd   35 | steps   17920 | t    9.6s | sps  1876] ret_mean=3.500 ep_len=500.0 pi_loss=-0.013 v_loss=0.003 ent=3.500 kl=0.0116
[upd   36 | steps   18432 | t    9.7s | sps  1896] ret_mean=9.500 ep_len=500.0 pi_loss=-0.010 v_loss=0.092 ent=3.542 kl=0.0071
[upd   37 | steps   18944 | t    9.9s | sps  1919] ret_mean=5.500 ep_len=500.0 pi_loss=-0.009 v_loss=0.060 ent=3.479 kl=-0.0008
[upd   38 | steps   19456 | t   10.0s | sps  1940] ret_mean=0.000 ep_len=500.0 pi_loss=-0.011 v_loss=0.004 ent=3.472 kl=0.0097
[upd   39 | steps   19968 | t   10.2s | sps  1961] ret_mean=0.000 ep_len=500.0 pi_loss=-0.014 v_loss=0.004 ent=3.416 kl=0.0097
[upd   40 | steps   20480 | t   10.3s | sps  1980] ret_mean=0.000 ep_len=500.0 pi_loss=-0.013 v_loss=0.159 ent=3.402 kl=0.0080
[upd   41 | steps   20992 | t   10.5s | sps  1998] ret_mean=7.500 ep_len=500.0 pi_loss=-0.013 v_loss=0.003 ent=3.451 kl=0.0058
[upd   42 | steps   21504 | t   10.7s | sps  2017] ret_mean=0.000 ep_len=500.0 pi_loss=-0.013 v_loss=0.001 ent=3.433 kl=0.0092
[upd   43 | steps   22016 | t   10.8s | sps  2035] ret_mean=0.000 ep_len=500.0 pi_loss=-0.012 v_loss=0.002 ent=3.389 kl=0.0037
[upd   44 | steps   22528 | t   11.0s | sps  2053] ret_mean=5.500 ep_len=500.0 pi_loss=-0.011 v_loss=0.096 ent=3.455 kl=0.0060
[upd   45 | steps   23040 | t   11.1s | sps  2070] ret_mean=7.000 ep_len=500.0 pi_loss=-0.011 v_loss=0.225 ent=3.468 kl=0.0004
[upd   46 | steps   23552 | t   11.3s | sps  2087] ret_mean=7.500 ep_len=500.0 pi_loss=-0.014 v_loss=0.018 ent=3.459 kl=0.0031
[upd   47 | steps   24064 | t   11.4s | sps  2103] ret_mean=0.000 ep_len=500.0 pi_loss=-0.010 v_loss=0.003 ent=3.464 kl=0.0009
[upd   48 | steps   24576 | t   11.6s | sps  2119] ret_mean=3.000 ep_len=500.0 pi_loss=-0.016 v_loss=0.401 ent=3.453 kl=0.0079
[upd   49 | steps   25088 | t   11.8s | sps  2135] ret_mean=36.000 ep_len=500.0 pi_loss=-0.012 v_loss=0.394 ent=3.415 kl=0.0032
[upd   50 | steps   25600 | t   11.9s | sps  2149] ret_mean=0.000 ep_len=500.0 pi_loss=-0.015 v_loss=0.064 ent=3.440 kl=0.0012
        [eval] ret_mean=4.167 ep_len=500.0
[upd   51 | steps   26112 | t   15.7s | sps  1663] ret_mean=5.000 ep_len=500.0 pi_loss=-0.016 v_loss=0.080 ent=3.496 kl=-0.0000
[upd   52 | steps   26624 | t   15.9s | sps  1680] ret_mean=13.500 ep_len=500.0 pi_loss=-0.012 v_loss=0.257 ent=3.386 kl=0.0012
[upd   53 | steps   27136 | t   16.0s | sps  1695] ret_mean=0.000 ep_len=500.0 pi_loss=-0.012 v_loss=0.008 ent=3.444 kl=0.0127
[upd   54 | steps   27648 | t   16.2s | sps  1710] ret_mean=7.500 ep_len=500.0 pi_loss=-0.012 v_loss=0.173 ent=3.462 kl=0.0086
[upd   55 | steps   28160 | t   16.3s | sps  1726] ret_mean=14.000 ep_len=500.0 pi_loss=-0.014 v_loss=0.342 ent=3.329 kl=0.0045
[upd   56 | steps   28672 | t   16.5s | sps  1741] ret_mean=30.500 ep_len=500.0 pi_loss=-0.018 v_loss=0.884 ent=3.326 kl=0.0084
[upd   57 | steps   29184 | t   16.6s | sps  1755] ret_mean=9.500 ep_len=500.0 pi_loss=-0.013 v_loss=0.201 ent=3.422 kl=0.0075
[upd   58 | steps   29696 | t   16.8s | sps  1769] ret_mean=2.500 ep_len=500.0 pi_loss=-0.014 v_loss=0.021 ent=3.319 kl=0.0009
[upd   59 | steps   30208 | t   16.9s | sps  1783] ret_mean=0.000 ep_len=500.0 pi_loss=-0.011 v_loss=0.008 ent=3.344 kl=0.0040
[upd   60 | steps   30720 | t   17.1s | sps  1797] ret_mean=2.000 ep_len=500.0 pi_loss=-0.013 v_loss=0.071 ent=3.375 kl=0.0006
[upd   61 | steps   31232 | t   17.3s | sps  1810] ret_mean=4.500 ep_len=500.0 pi_loss=-0.011 v_loss=0.011 ent=3.408 kl=0.0066
[upd   62 | steps   31744 | t   17.4s | sps  1823] ret_mean=7.000 ep_len=500.0 pi_loss=-0.011 v_loss=0.136 ent=3.316 kl=0.0020
[upd   63 | steps   32256 | t   17.6s | sps  1836] ret_mean=0.000 ep_len=500.0 pi_loss=-0.012 v_loss=0.005 ent=3.346 kl=0.0090
[upd   64 | steps   32768 | t   17.7s | sps  1849] ret_mean=0.000 ep_len=500.0 pi_loss=-0.017 v_loss=0.169 ent=3.225 kl=0.0102
[upd   65 | steps   33280 | t   17.9s | sps  1861] ret_mean=24.000 ep_len=500.0 pi_loss=-0.015 v_loss=0.355 ent=3.281 kl=0.0095
[upd   66 | steps   33792 | t   18.0s | sps  1873] ret_mean=0.000 ep_len=500.0 pi_loss=-0.011 v_loss=0.003 ent=3.339 kl=0.0087
[upd   67 | steps   34304 | t   18.2s | sps  1886] ret_mean=0.000 ep_len=500.0 pi_loss=-0.011 v_loss=0.006 ent=3.248 kl=0.0058
[upd   68 | steps   34816 | t   18.4s | sps  1897] ret_mean=0.000 ep_len=500.0 pi_loss=-0.013 v_loss=0.004 ent=3.391 kl=0.0060
[upd   69 | steps   35328 | t   18.5s | sps  1909] ret_mean=0.000 ep_len=500.0 pi_loss=-0.011 v_loss=0.003 ent=3.208 kl=0.0058
[upd   70 | steps   35840 | t   18.7s | sps  1920] ret_mean=0.000 ep_len=500.0 pi_loss=-0.010 v_loss=0.223 ent=3.308 kl=0.0072
[upd   71 | steps   36352 | t   18.8s | sps  1931] ret_mean=15.500 ep_len=500.0 pi_loss=-0.012 v_loss=0.521 ent=3.274 kl=0.0109
[upd   72 | steps   36864 | t   19.0s | sps  1942] ret_mean=21.000 ep_len=500.0 pi_loss=-0.014 v_loss=2.648 ent=3.163 kl=0.0001
[upd   73 | steps   37376 | t   19.1s | sps  1953] ret_mean=71.500 ep_len=500.0 pi_loss=-0.012 v_loss=0.583 ent=3.226 kl=0.0072
[upd   74 | steps   37888 | t   19.3s | sps  1963] ret_mean=7.500 ep_len=500.0 pi_loss=-0.010 v_loss=0.007 ent=3.331 kl=0.0054
[upd   75 | steps   38400 | t   19.5s | sps  1974] ret_mean=0.000 ep_len=500.0 pi_loss=-0.009 v_loss=0.470 ent=3.255 kl=0.0094
        [eval] ret_mean=8.333 ep_len=500.0
[upd   76 | steps   38912 | t   23.2s | sps  1677] ret_mean=0.000 ep_len=500.0 pi_loss=-0.011 v_loss=0.010 ent=3.264 kl=0.0007
[upd   77 | steps   39424 | t   23.4s | sps  1687] ret_mean=3.500 ep_len=500.0 pi_loss=-0.017 v_loss=0.056 ent=3.242 kl=0.0166
[upd   78 | steps   39936 | t   23.5s | sps  1698] ret_mean=67.500 ep_len=500.0 pi_loss=-0.010 v_loss=2.390 ent=3.023 kl=0.0055
[upd   79 | steps   40448 | t   23.7s | sps  1708] ret_mean=60.500 ep_len=500.0 pi_loss=-0.017 v_loss=1.688 ent=3.064 kl=0.0156
[upd   80 | steps   40960 | t   23.8s | sps  1719] ret_mean=4.000 ep_len=500.0 pi_loss=-0.011 v_loss=0.093 ent=3.184 kl=0.0011
[upd   81 | steps   41472 | t   24.0s | sps  1729] ret_mean=51.500 ep_len=500.0 pi_loss=-0.013 v_loss=1.504 ent=2.959 kl=0.0077
[upd   82 | steps   41984 | t   24.1s | sps  1739] ret_mean=0.000 ep_len=500.0 pi_loss=-0.013 v_loss=0.008 ent=3.243 kl=0.0040
[upd   83 | steps   42496 | t   24.3s | sps  1749] ret_mean=0.000 ep_len=500.0 pi_loss=-0.012 v_loss=0.027 ent=3.025 kl=0.0048
[upd   84 | steps   43008 | t   24.5s | sps  1759] ret_mean=30.500 ep_len=500.0 pi_loss=-0.014 v_loss=1.034 ent=3.067 kl=0.0080
[upd   85 | steps   43520 | t   24.6s | sps  1769] ret_mean=0.000 ep_len=500.0 pi_loss=-0.012 v_loss=0.018 ent=3.152 kl=0.0071
[upd   86 | steps   44032 | t   24.8s | sps  1778] ret_mean=1.500 ep_len=500.0 pi_loss=-0.014 v_loss=0.004 ent=3.126 kl=0.0111
[upd   87 | steps   44544 | t   24.9s | sps  1788] ret_mean=0.000 ep_len=500.0 pi_loss=-0.012 v_loss=0.240 ent=3.133 kl=0.0070
[upd   88 | steps   45056 | t   25.1s | sps  1797] ret_mean=13.500 ep_len=500.0 pi_loss=-0.013 v_loss=0.056 ent=2.912 kl=0.0106
[upd   89 | steps   45568 | t   25.2s | sps  1806] ret_mean=38.000 ep_len=500.0 pi_loss=-0.013 v_loss=1.736 ent=2.959 kl=0.0075
[upd   90 | steps   46080 | t   25.4s | sps  1816] ret_mean=0.000 ep_len=500.0 pi_loss=-0.012 v_loss=1.609 ent=2.974 kl=0.0045
[upd   91 | steps   46592 | t   25.5s | sps  1825] ret_mean=85.000 ep_len=500.0 pi_loss=-0.017 v_loss=2.478 ent=2.841 kl=0.0105
[upd   92 | steps   47104 | t   25.7s | sps  1834] ret_mean=0.000 ep_len=500.0 pi_loss=-0.007 v_loss=0.372 ent=3.192 kl=0.0031
[upd   93 | steps   47616 | t   25.8s | sps  1843] ret_mean=55.500 ep_len=500.0 pi_loss=-0.008 v_loss=1.508 ent=3.075 kl=0.0037
[upd   94 | steps   48128 | t   26.0s | sps  1851] ret_mean=0.000 ep_len=500.0 pi_loss=-0.013 v_loss=0.315 ent=3.170 kl=0.0097
[upd   95 | steps   48640 | t   26.2s | sps  1859] ret_mean=10.000 ep_len=500.0 pi_loss=-0.015 v_loss=0.005 ent=3.212 kl=-0.0018
[upd   96 | steps   49152 | t   26.3s | sps  1868] ret_mean=0.000 ep_len=500.0 pi_loss=-0.018 v_loss=0.006 ent=3.035 kl=0.0129
[upd   97 | steps   49664 | t   26.5s | sps  1876] ret_mean=30.500 ep_len=500.0 pi_loss=-0.010 v_loss=1.566 ent=2.795 kl=0.0070
[upd   98 | steps   50176 | t   26.7s | sps  1883] ret_mean=23.500 ep_len=500.0 pi_loss=-0.014 v_loss=1.761 ent=2.722 kl=0.0124
[upd   99 | steps   50688 | t   26.8s | sps  1890] ret_mean=30.000 ep_len=500.0 pi_loss=-0.015 v_loss=0.013 ent=2.985 kl=0.0050
[upd  100 | steps   51200 | t   27.0s | sps  1898] ret_mean=0.000 ep_len=500.0 pi_loss=-0.015 v_loss=0.470 ent=2.997 kl=0.0073
        [eval] ret_mean=8.300 ep_len=500.0
[upd  101 | steps   51712 | t   30.7s | sps  1682] ret_mean=20.000 ep_len=500.0 pi_loss=-0.013 v_loss=0.629 ent=3.065 kl=-0.0025
[upd  102 | steps   52224 | t   30.9s | sps  1690] ret_mean=69.000 ep_len=500.0 pi_loss=-0.023 v_loss=3.247 ent=2.731 kl=0.0037
[upd  103 | steps   52736 | t   31.1s | sps  1698] ret_mean=39.500 ep_len=500.0 pi_loss=-0.017 v_loss=1.077 ent=2.902 kl=0.0110
[upd  104 | steps   53248 | t   31.2s | sps  1706] ret_mean=43.000 ep_len=500.0 pi_loss=-0.013 v_loss=1.441 ent=2.923 kl=0.0095
[upd  105 | steps   53760 | t   31.4s | sps  1714] ret_mean=1.000 ep_len=500.0 pi_loss=-0.016 v_loss=0.032 ent=2.802 kl=0.0154
[upd  106 | steps   54272 | t   31.5s | sps  1722] ret_mean=0.000 ep_len=500.0 pi_loss=-0.015 v_loss=0.017 ent=2.947 kl=0.0109
[upd  107 | steps   54784 | t   31.7s | sps  1729] ret_mean=0.000 ep_len=500.0 pi_loss=-0.014 v_loss=0.011 ent=2.922 kl=0.0112
[upd  108 | steps   55296 | t   31.8s | sps  1737] ret_mean=0.000 ep_len=500.0 pi_loss=-0.010 v_loss=0.396 ent=2.896 kl=0.0074
[upd  109 | steps   55808 | t   32.0s | sps  1744] ret_mean=98.500 ep_len=500.0 pi_loss=-0.018 v_loss=4.086 ent=2.627 kl=0.0112
[upd  110 | steps   56320 | t   32.2s | sps  1752] ret_mean=7.000 ep_len=500.0 pi_loss=-0.013 v_loss=0.018 ent=2.937 kl=0.0110
[upd  111 | steps   56832 | t   32.3s | sps  1759] ret_mean=0.000 ep_len=500.0 pi_loss=-0.010 v_loss=0.011 ent=2.860 kl=0.0033
[upd  112 | steps   57344 | t   32.5s | sps  1767] ret_mean=0.000 ep_len=500.0 pi_loss=-0.012 v_loss=0.005 ent=2.987 kl=-0.0009
[upd  113 | steps   57856 | t   32.6s | sps  1774] ret_mean=0.000 ep_len=500.0 pi_loss=-0.011 v_loss=1.485 ent=2.926 kl=0.0018
[upd  114 | steps   58368 | t   32.8s | sps  1781] ret_mean=142.000 ep_len=500.0 pi_loss=-0.016 v_loss=7.297 ent=2.765 kl=0.0093
[upd  115 | steps   58880 | t   32.9s | sps  1788] ret_mean=56.000 ep_len=500.0 pi_loss=-0.014 v_loss=2.719 ent=2.529 kl=0.0104
[upd  116 | steps   59392 | t   33.1s | sps  1796] ret_mean=54.000 ep_len=500.0 pi_loss=-0.010 v_loss=4.169 ent=2.733 kl=0.0017
[upd  117 | steps   59904 | t   33.2s | sps  1802] ret_mean=85.500 ep_len=500.0 pi_loss=-0.011 v_loss=2.122 ent=2.963 kl=0.0054
[upd  118 | steps   60416 | t   33.4s | sps  1809] ret_mean=0.500 ep_len=500.0 pi_loss=-0.012 v_loss=0.036 ent=3.076 kl=0.0054
[upd  119 | steps   60928 | t   33.6s | sps  1816] ret_mean=21.000 ep_len=500.0 pi_loss=-0.017 v_loss=2.923 ent=2.911 kl=0.0061
[upd  120 | steps   61440 | t   33.7s | sps  1823] ret_mean=120.000 ep_len=500.0 pi_loss=-0.011 v_loss=3.730 ent=2.524 kl=0.0122
[upd  121 | steps   61952 | t   33.9s | sps  1830] ret_mean=92.500 ep_len=500.0 pi_loss=-0.007 v_loss=3.627 ent=2.327 kl=0.0071
[upd  122 | steps   62464 | t   34.0s | sps  1837] ret_mean=81.000 ep_len=500.0 pi_loss=-0.016 v_loss=2.011 ent=2.640 kl=0.0149
[upd  123 | steps   62976 | t   34.2s | sps  1843] ret_mean=1.500 ep_len=500.0 pi_loss=-0.012 v_loss=0.115 ent=3.039 kl=0.0029
[upd  124 | steps   63488 | t   34.3s | sps  1850] ret_mean=1.500 ep_len=500.0 pi_loss=-0.011 v_loss=0.206 ent=2.973 kl=0.0078
[upd  125 | steps   64000 | t   34.5s | sps  1856] ret_mean=44.000 ep_len=500.0 pi_loss=-0.015 v_loss=2.148 ent=3.036 kl=0.0072
        [eval] ret_mean=4.150 ep_len=500.0
[upd  126 | steps   64512 | t   38.3s | sps  1685] ret_mean=0.000 ep_len=500.0 pi_loss=-0.017 v_loss=0.049 ent=2.880 kl=0.0072
[upd  127 | steps   65024 | t   38.4s | sps  1692] ret_mean=1.500 ep_len=500.0 pi_loss=-0.020 v_loss=0.076 ent=2.897 kl=0.0061
[upd  128 | steps   65536 | t   38.6s | sps  1698] ret_mean=0.000 ep_len=500.0 pi_loss=-0.023 v_loss=0.020 ent=3.229 kl=0.0059
[upd  129 | steps   66048 | t   38.8s | sps  1704] ret_mean=83.000 ep_len=500.0 pi_loss=-0.014 v_loss=3.727 ent=2.864 kl=0.0099
[upd  130 | steps   66560 | t   38.9s | sps  1710] ret_mean=0.000 ep_len=500.0 pi_loss=-0.014 v_loss=0.024 ent=3.085 kl=0.0091
[upd  131 | steps   67072 | t   39.1s | sps  1716] ret_mean=95.000 ep_len=500.0 pi_loss=-0.015 v_loss=4.460 ent=2.683 kl=0.0045
[upd  132 | steps   67584 | t   39.2s | sps  1723] ret_mean=0.000 ep_len=500.0 pi_loss=-0.010 v_loss=0.024 ent=2.515 kl=0.0112
[upd  133 | steps   68096 | t   39.4s | sps  1729] ret_mean=0.000 ep_len=500.0 pi_loss=-0.010 v_loss=0.013 ent=2.886 kl=0.0001
[upd  134 | steps   68608 | t   39.5s | sps  1735] ret_mean=44.500 ep_len=500.0 pi_loss=-0.014 v_loss=3.588 ent=2.782 kl=0.0049
[upd  135 | steps   69120 | t   39.7s | sps  1741] ret_mean=155.000 ep_len=500.0 pi_loss=-0.010 v_loss=9.134 ent=2.217 kl=0.0197
[upd  136 | steps   69632 | t   39.9s | sps  1746] ret_mean=41.000 ep_len=500.0 pi_loss=-0.009 v_loss=2.857 ent=2.492 kl=0.0122
[upd  137 | steps   70144 | t   40.1s | sps  1750] ret_mean=112.500 ep_len=500.0 pi_loss=-0.017 v_loss=3.620 ent=2.681 kl=0.0138
[upd  138 | steps   70656 | t   40.2s | sps  1757] ret_mean=67.000 ep_len=500.0 pi_loss=-0.007 v_loss=4.545 ent=2.512 kl=0.0033
[upd  139 | steps   71168 | t   40.4s | sps  1761] ret_mean=114.500 ep_len=500.0 pi_loss=-0.012 v_loss=3.443 ent=2.752 kl=0.0062
[upd  140 | steps   71680 | t   40.6s | sps  1766] ret_mean=1.000 ep_len=500.0 pi_loss=-0.012 v_loss=0.025 ent=2.858 kl=0.0078
[upd  141 | steps   72192 | t   40.7s | sps  1772] ret_mean=0.000 ep_len=500.0 pi_loss=-0.015 v_loss=0.026 ent=2.896 kl=0.0027
[upd  142 | steps   72704 | t   40.9s | sps  1778] ret_mean=34.500 ep_len=500.0 pi_loss=-0.015 v_loss=1.496 ent=2.642 kl=0.0006
[upd  143 | steps   73216 | t   41.1s | sps  1783] ret_mean=0.000 ep_len=500.0 pi_loss=-0.013 v_loss=0.023 ent=2.992 kl=0.0066
[upd  144 | steps   73728 | t   41.2s | sps  1788] ret_mean=0.000 ep_len=500.0 pi_loss=-0.009 v_loss=0.009 ent=3.042 kl=0.0012
[upd  145 | steps   74240 | t   41.4s | sps  1794] ret_mean=0.000 ep_len=500.0 pi_loss=-0.011 v_loss=2.611 ent=2.836 kl=0.0053
[upd  146 | steps   74752 | t   41.5s | sps  1799] ret_mean=115.000 ep_len=500.0 pi_loss=-0.018 v_loss=3.914 ent=2.634 kl=0.0020
[upd  147 | steps   75264 | t   41.7s | sps  1805] ret_mean=86.000 ep_len=500.0 pi_loss=-0.009 v_loss=6.042 ent=2.532 kl=0.0054
[upd  148 | steps   75776 | t   41.9s | sps  1811] ret_mean=156.500 ep_len=500.0 pi_loss=-0.012 v_loss=13.856 ent=2.210 kl=0.0063
[upd  149 | steps   76288 | t   42.0s | sps  1816] ret_mean=152.000 ep_len=500.0 pi_loss=-0.008 v_loss=9.053 ent=2.419 kl=0.0062
[upd  150 | steps   76800 | t   42.2s | sps  1820] ret_mean=134.000 ep_len=500.0 pi_loss=-0.013 v_loss=6.619 ent=2.528 kl=0.0210
        [eval] ret_mean=12.483 ep_len=500.0
[upd  151 | steps   77312 | t   46.3s | sps  1670] ret_mean=0.000 ep_len=500.0 pi_loss=-0.015 v_loss=0.022 ent=2.990 kl=0.0239
[upd  152 | steps   77824 | t   46.5s | sps  1675] ret_mean=100.000 ep_len=500.0 pi_loss=-0.011 v_loss=4.001 ent=2.606 kl=0.0053
[upd  153 | steps   78336 | t   46.7s | sps  1679] ret_mean=73.000 ep_len=500.0 pi_loss=-0.016 v_loss=3.018 ent=2.777 kl=0.0092
[upd  154 | steps   78848 | t   46.9s | sps  1681] ret_mean=30.000 ep_len=500.0 pi_loss=-0.013 v_loss=1.241 ent=3.095 kl=0.0189
[upd  155 | steps   79360 | t   47.1s | sps  1684] ret_mean=6.000 ep_len=500.0 pi_loss=-0.016 v_loss=0.035 ent=3.102 kl=0.0088
[upd  156 | steps   79872 | t   47.3s | sps  1688] ret_mean=36.000 ep_len=500.0 pi_loss=-0.018 v_loss=1.632 ent=2.969 kl=0.0064
[upd  157 | steps   80384 | t   47.5s | sps  1692] ret_mean=37.500 ep_len=500.0 pi_loss=-0.014 v_loss=1.279 ent=2.969 kl=0.0148
[upd  158 | steps   80896 | t   47.7s | sps  1696] ret_mean=0.000 ep_len=500.0 pi_loss=-0.016 v_loss=0.031 ent=3.158 kl=0.0116
[upd  159 | steps   81408 | t   47.9s | sps  1700] ret_mean=96.000 ep_len=500.0 pi_loss=-0.010 v_loss=4.652 ent=2.652 kl=0.0064
[upd  160 | steps   81920 | t   48.0s | sps  1705] ret_mean=91.000 ep_len=500.0 pi_loss=-0.012 v_loss=3.980 ent=2.641 kl=0.0013
[upd  161 | steps   82432 | t   48.2s | sps  1710] ret_mean=75.500 ep_len=500.0 pi_loss=-0.016 v_loss=2.836 ent=2.925 kl=0.0076
[upd  162 | steps   82944 | t   48.4s | sps  1714] ret_mean=0.000 ep_len=500.0 pi_loss=-0.019 v_loss=0.025 ent=3.159 kl=0.0054
[upd  163 | steps   83456 | t   48.5s | sps  1719] ret_mean=0.000 ep_len=500.0 pi_loss=-0.010 v_loss=1.393 ent=2.938 kl=0.0165
[upd  164 | steps   83968 | t   48.7s | sps  1724] ret_mean=120.500 ep_len=500.0 pi_loss=-0.013 v_loss=3.472 ent=2.598 kl=0.0104
[upd  165 | steps   84480 | t   48.9s | sps  1729] ret_mean=59.500 ep_len=500.0 pi_loss=-0.017 v_loss=2.637 ent=2.774 kl=0.0066
[upd  166 | steps   84992 | t   49.0s | sps  1733] ret_mean=0.000 ep_len=500.0 pi_loss=-0.013 v_loss=1.970 ent=3.111 kl=0.0009
[upd  167 | steps   85504 | t   49.2s | sps  1738] ret_mean=120.500 ep_len=500.0 pi_loss=-0.013 v_loss=2.837 ent=2.599 kl=0.0083
[upd  168 | steps   86016 | t   49.4s | sps  1743] ret_mean=59.000 ep_len=500.0 pi_loss=-0.014 v_loss=2.305 ent=2.712 kl=0.0148
[upd  169 | steps   86528 | t   49.5s | sps  1747] ret_mean=57.000 ep_len=500.0 pi_loss=-0.017 v_loss=2.415 ent=2.830 kl=0.0069
[upd  170 | steps   87040 | t   49.7s | sps  1751] ret_mean=0.000 ep_len=500.0 pi_loss=-0.017 v_loss=0.539 ent=2.919 kl=0.0194
[upd  171 | steps   87552 | t   49.9s | sps  1756] ret_mean=14.500 ep_len=500.0 pi_loss=-0.019 v_loss=0.083 ent=2.971 kl=0.0118
[upd  172 | steps   88064 | t   50.0s | sps  1760] ret_mean=0.000 ep_len=500.0 pi_loss=-0.013 v_loss=0.019 ent=2.949 kl=0.0109
[upd  173 | steps   88576 | t   50.2s | sps  1763] ret_mean=0.000 ep_len=500.0 pi_loss=-0.015 v_loss=0.010 ent=3.094 kl=0.0153
[upd  174 | steps   89088 | t   50.4s | sps  1768] ret_mean=0.000 ep_len=500.0 pi_loss=-0.012 v_loss=0.013 ent=3.156 kl=0.0062
[upd  175 | steps   89600 | t   50.6s | sps  1772] ret_mean=0.000 ep_len=500.0 pi_loss=-0.014 v_loss=1.094 ent=2.970 kl=0.0168
        [eval] ret_mean=4.167 ep_len=500.0
[upd  176 | steps   90112 | t   54.5s | sps  1655] ret_mean=1.000 ep_len=500.0 pi_loss=-0.018 v_loss=0.025 ent=3.137 kl=0.0058
[upd  177 | steps   90624 | t   54.6s | sps  1659] ret_mean=0.000 ep_len=500.0 pi_loss=-0.016 v_loss=0.043 ent=2.924 kl=0.0114
[upd  178 | steps   91136 | t   54.8s | sps  1664] ret_mean=104.500 ep_len=500.0 pi_loss=-0.015 v_loss=4.192 ent=2.610 kl=0.0159
[upd  179 | steps   91648 | t   55.0s | sps  1667] ret_mean=52.500 ep_len=500.0 pi_loss=-0.015 v_loss=1.894 ent=2.910 kl=0.0049
[upd  180 | steps   92160 | t   55.2s | sps  1671] ret_mean=61.000 ep_len=500.0 pi_loss=-0.016 v_loss=3.360 ent=2.827 kl=0.0040
[upd  181 | steps   92672 | t   55.3s | sps  1675] ret_mean=111.000 ep_len=500.0 pi_loss=-0.010 v_loss=3.869 ent=2.456 kl=0.0046
[upd  182 | steps   93184 | t   55.5s | sps  1679] ret_mean=0.000 ep_len=500.0 pi_loss=-0.013 v_loss=0.032 ent=2.996 kl=0.0069
[upd  183 | steps   93696 | t   55.7s | sps  1684] ret_mean=0.000 ep_len=500.0 pi_loss=-0.010 v_loss=0.064 ent=2.682 kl=0.0067
[upd  184 | steps   94208 | t   55.8s | sps  1688] ret_mean=0.000 ep_len=500.0 pi_loss=-0.014 v_loss=0.463 ent=2.929 kl=0.0135
[upd  185 | steps   94720 | t   56.0s | sps  1692] ret_mean=39.500 ep_len=500.0 pi_loss=-0.009 v_loss=0.914 ent=2.938 kl=0.0045
[upd  186 | steps   95232 | t   56.1s | sps  1696] ret_mean=88.000 ep_len=500.0 pi_loss=-0.013 v_loss=4.979 ent=2.572 kl=0.0041
[upd  187 | steps   95744 | t   56.3s | sps  1701] ret_mean=7.000 ep_len=500.0 pi_loss=-0.011 v_loss=0.055 ent=2.659 kl=0.0034
[upd  188 | steps   96256 | t   56.5s | sps  1705] ret_mean=0.000 ep_len=500.0 pi_loss=-0.011 v_loss=0.012 ent=2.926 kl=0.0007
[upd  189 | steps   96768 | t   56.6s | sps  1709] ret_mean=31.000 ep_len=500.0 pi_loss=-0.013 v_loss=1.172 ent=2.771 kl=0.0084
[upd  190 | steps   97280 | t   56.8s | sps  1713] ret_mean=22.500 ep_len=500.0 pi_loss=-0.010 v_loss=0.919 ent=2.731 kl=0.0011
[upd  191 | steps   97792 | t   57.0s | sps  1717] ret_mean=0.000 ep_len=500.0 pi_loss=-0.011 v_loss=1.495 ent=2.688 kl=0.0048
[upd  192 | steps   98304 | t   57.1s | sps  1721] ret_mean=105.500 ep_len=500.0 pi_loss=-0.014 v_loss=2.320 ent=2.609 kl=0.0065
[upd  193 | steps   98816 | t   57.3s | sps  1725] ret_mean=60.000 ep_len=500.0 pi_loss=-0.015 v_loss=4.292 ent=2.427 kl=0.0138
[upd  194 | steps   99328 | t   57.4s | sps  1729] ret_mean=0.000 ep_len=500.0 pi_loss=-0.007 v_loss=0.020 ent=2.730 kl=0.0030
[upd  195 | steps   99840 | t   57.6s | sps  1733] ret_mean=0.000 ep_len=500.0 pi_loss=-0.013 v_loss=0.019 ent=2.691 kl=0.0117
[upd  196 | steps  100352 | t   57.8s | sps  1737] ret_mean=0.000 ep_len=500.0 pi_loss=-0.016 v_loss=2.886 ent=2.651 kl=0.0213
[upd  197 | steps  100864 | t   58.0s | sps  1740] ret_mean=117.000 ep_len=500.0 pi_loss=-0.008 v_loss=3.257 ent=2.419 kl=0.0099
[upd  198 | steps  101376 | t   58.1s | sps  1744] ret_mean=74.500 ep_len=500.0 pi_loss=-0.010 v_loss=4.653 ent=2.349 kl=0.0120
[upd  199 | steps  101888 | t   58.3s | sps  1747] ret_mean=112.500 ep_len=500.0 pi_loss=-0.013 v_loss=1.799 ent=2.680 kl=0.0051
[upd  200 | steps  102400 | t   58.5s | sps  1751] ret_mean=0.000 ep_len=500.0 pi_loss=-0.013 v_loss=0.057 ent=2.845 kl=0.0142
        [eval] ret_mean=4.167 ep_len=500.0
[upd  201 | steps  102912 | t   63.8s | sps  1613] ret_mean=194.000 ep_len=500.0 pi_loss=-0.010 v_loss=16.380 ent=2.159 kl=0.0078
[upd  202 | steps  103424 | t   64.1s | sps  1614] ret_mean=0.000 ep_len=500.0 pi_loss=-0.012 v_loss=0.099 ent=2.782 kl=0.0164
[upd  203 | steps  103936 | t   64.3s | sps  1617] ret_mean=108.500 ep_len=500.0 pi_loss=-0.015 v_loss=4.314 ent=2.488 kl=0.0120
[upd  204 | steps  104448 | t   64.4s | sps  1621] ret_mean=118.500 ep_len=500.0 pi_loss=-0.014 v_loss=3.931 ent=2.490 kl=0.0096
[upd  205 | steps  104960 | t   64.6s | sps  1624] ret_mean=0.000 ep_len=500.0 pi_loss=-0.013 v_loss=0.050 ent=2.896 kl=0.0139
[upd  206 | steps  105472 | t   64.8s | sps  1627] ret_mean=0.000 ep_len=500.0 pi_loss=-0.012 v_loss=0.047 ent=2.851 kl=0.0082
[upd  207 | steps  105984 | t   65.0s | sps  1631] ret_mean=65.000 ep_len=500.0 pi_loss=-0.015 v_loss=2.379 ent=2.723 kl=0.0077
[upd  208 | steps  106496 | t   65.1s | sps  1635] ret_mean=12.000 ep_len=500.0 pi_loss=-0.013 v_loss=0.416 ent=2.882 kl=0.0168
[upd  209 | steps  107008 | t   65.3s | sps  1639] ret_mean=90.500 ep_len=500.0 pi_loss=-0.018 v_loss=3.719 ent=2.637 kl=0.0004
[upd  210 | steps  107520 | t   65.5s | sps  1642] ret_mean=0.000 ep_len=500.0 pi_loss=-0.015 v_loss=0.040 ent=2.791 kl=0.0083
[upd  211 | steps  108032 | t   65.7s | sps  1645] ret_mean=21.500 ep_len=500.0 pi_loss=-0.012 v_loss=0.891 ent=2.767 kl=0.0082
[upd  212 | steps  108544 | t   65.9s | sps  1648] ret_mean=0.000 ep_len=500.0 pi_loss=-0.013 v_loss=0.021 ent=2.852 kl=0.0012
[upd  213 | steps  109056 | t   66.1s | sps  1651] ret_mean=0.000 ep_len=500.0 pi_loss=-0.010 v_loss=0.737 ent=2.951 kl=0.0071
[upd  214 | steps  109568 | t   66.3s | sps  1652] ret_mean=96.000 ep_len=500.0 pi_loss=-0.019 v_loss=3.068 ent=2.763 kl=0.0086
[upd  215 | steps  110080 | t   66.5s | sps  1655] ret_mean=76.000 ep_len=500.0 pi_loss=-0.010 v_loss=3.221 ent=2.677 kl=0.0053
[upd  216 | steps  110592 | t   66.7s | sps  1658] ret_mean=66.500 ep_len=500.0 pi_loss=-0.017 v_loss=3.273 ent=2.633 kl=0.0055
[upd  217 | steps  111104 | t   66.9s | sps  1660] ret_mean=133.500 ep_len=500.0 pi_loss=-0.014 v_loss=9.588 ent=2.365 kl=0.0082
[upd  218 | steps  111616 | t   67.1s | sps  1664] ret_mean=87.000 ep_len=500.0 pi_loss=-0.014 v_loss=2.007 ent=2.647 kl=0.0086
[upd  219 | steps  112128 | t   67.3s | sps  1667] ret_mean=0.000 ep_len=500.0 pi_loss=-0.018 v_loss=1.631 ent=2.731 kl=0.0124
[upd  220 | steps  112640 | t   67.4s | sps  1670] ret_mean=100.000 ep_len=500.0 pi_loss=-0.012 v_loss=2.521 ent=2.639 kl=0.0086
[upd  221 | steps  113152 | t   67.6s | sps  1673] ret_mean=61.500 ep_len=500.0 pi_loss=-0.013 v_loss=2.172 ent=2.549 kl=0.0119
[upd  222 | steps  113664 | t   67.9s | sps  1675] ret_mean=0.000 ep_len=500.0 pi_loss=-0.013 v_loss=1.986 ent=2.681 kl=0.0046
[upd  223 | steps  114176 | t   68.1s | sps  1678] ret_mean=109.500 ep_len=500.0 pi_loss=-0.012 v_loss=2.021 ent=2.710 kl=0.0119
[upd  224 | steps  114688 | t   68.3s | sps  1680] ret_mean=47.500 ep_len=500.0 pi_loss=-0.014 v_loss=2.217 ent=2.732 kl=0.0046
[upd  225 | steps  115200 | t   68.5s | sps  1681] ret_mean=0.000 ep_len=500.0 pi_loss=-0.014 v_loss=0.030 ent=2.940 kl=0.0073
        [eval] ret_mean=12.483 ep_len=500.0
[upd  226 | steps  115712 | t   72.9s | sps  1587] ret_mean=0.000 ep_len=500.0 pi_loss=-0.015 v_loss=0.008 ent=3.108 kl=0.0143
[upd  227 | steps  116224 | t   73.1s | sps  1590] ret_mean=94.000 ep_len=500.0 pi_loss=-0.014 v_loss=4.223 ent=2.586 kl=0.0116
[upd  228 | steps  116736 | t   73.2s | sps  1594] ret_mean=203.500 ep_len=500.0 pi_loss=-0.014 v_loss=15.599 ent=2.214 kl=0.0119
[upd  229 | steps  117248 | t   73.4s | sps  1598] ret_mean=47.500 ep_len=500.0 pi_loss=-0.008 v_loss=1.941 ent=2.650 kl=0.0092
[upd  230 | steps  117760 | t   73.5s | sps  1601] ret_mean=98.500 ep_len=500.0 pi_loss=-0.014 v_loss=4.452 ent=2.611 kl=0.0094
[upd  231 | steps  118272 | t   73.7s | sps  1605] ret_mean=116.500 ep_len=500.0 pi_loss=-0.006 v_loss=3.772 ent=2.597 kl=0.0110
[upd  232 | steps  118784 | t   73.8s | sps  1608] ret_mean=67.000 ep_len=500.0 pi_loss=-0.007 v_loss=2.614 ent=2.489 kl=0.0086
[upd  233 | steps  119296 | t   74.0s | sps  1612] ret_mean=54.500 ep_len=500.0 pi_loss=-0.016 v_loss=2.116 ent=2.731 kl=0.0114
[upd  234 | steps  119808 | t   74.2s | sps  1616] ret_mean=115.000 ep_len=500.0 pi_loss=-0.016 v_loss=3.076 ent=2.519 kl=0.0063
[upd  235 | steps  120320 | t   74.3s | sps  1619] ret_mean=28.000 ep_len=500.0 pi_loss=-0.012 v_loss=1.554 ent=2.895 kl=0.0130
[upd  236 | steps  120832 | t   74.5s | sps  1623] ret_mean=181.000 ep_len=500.0 pi_loss=-0.014 v_loss=13.686 ent=2.086 kl=0.0080
[upd  237 | steps  121344 | t   74.6s | sps  1626] ret_mean=0.000 ep_len=500.0 pi_loss=-0.020 v_loss=1.216 ent=2.910 kl=0.0099
[upd  238 | steps  121856 | t   74.8s | sps  1629] ret_mean=122.000 ep_len=500.0 pi_loss=-0.012 v_loss=4.116 ent=2.365 kl=0.0048
[upd  239 | steps  122368 | t   74.9s | sps  1633] ret_mean=117.000 ep_len=500.0 pi_loss=-0.014 v_loss=3.978 ent=2.421 kl=0.0072
[upd  240 | steps  122880 | t   75.1s | sps  1636] ret_mean=119.000 ep_len=500.0 pi_loss=-0.011 v_loss=2.560 ent=2.725 kl=0.0110
[upd  241 | steps  123392 | t   75.3s | sps  1640] ret_mean=8.500 ep_len=500.0 pi_loss=-0.018 v_loss=2.052 ent=2.874 kl=0.0139
[upd  242 | steps  123904 | t   75.4s | sps  1643] ret_mean=149.500 ep_len=500.0 pi_loss=-0.012 v_loss=6.693 ent=2.277 kl=0.0051
[upd  243 | steps  124416 | t   75.6s | sps  1646] ret_mean=120.500 ep_len=500.0 pi_loss=-0.016 v_loss=3.664 ent=2.401 kl=0.0039
[upd  244 | steps  124928 | t   75.7s | sps  1650] ret_mean=120.500 ep_len=500.0 pi_loss=-0.018 v_loss=2.093 ent=2.617 kl=0.0113
[upd  245 | steps  125440 | t   75.9s | sps  1653] ret_mean=10.000 ep_len=500.0 pi_loss=-0.012 v_loss=2.172 ent=2.567 kl=0.0033
[upd  246 | steps  125952 | t   76.1s | sps  1655] ret_mean=118.000 ep_len=500.0 pi_loss=-0.016 v_loss=3.305 ent=2.376 kl=0.0149
[upd  247 | steps  126464 | t   76.3s | sps  1658] ret_mean=117.500 ep_len=500.0 pi_loss=-0.014 v_loss=2.797 ent=2.358 kl=-0.0011
[upd  248 | steps  126976 | t   76.4s | sps  1661] ret_mean=112.500 ep_len=500.0 pi_loss=-0.011 v_loss=1.974 ent=2.581 kl=0.0129
[upd  249 | steps  127488 | t   76.6s | sps  1664] ret_mean=0.000 ep_len=500.0 pi_loss=-0.013 v_loss=1.592 ent=2.889 kl=0.0128
[upd  250 | steps  128000 | t   76.8s | sps  1667] ret_mean=114.000 ep_len=500.0 pi_loss=-0.009 v_loss=6.522 ent=2.121 kl=0.0023
        [eval] ret_mean=25.000 ep_len=500.0
[upd  251 | steps  128512 | t   81.1s | sps  1584] ret_mean=0.000 ep_len=500.0 pi_loss=-0.011 v_loss=0.478 ent=3.081 kl=0.0063
[upd  252 | steps  129024 | t   81.3s | sps  1586] ret_mean=148.000 ep_len=500.0 pi_loss=-0.012 v_loss=9.220 ent=2.156 kl=0.0161
[upd  253 | steps  129536 | t   81.5s | sps  1589] ret_mean=99.500 ep_len=500.0 pi_loss=-0.009 v_loss=3.203 ent=2.415 kl=0.0140
[upd  254 | steps  130048 | t   81.7s | sps  1592] ret_mean=78.000 ep_len=500.0 pi_loss=-0.012 v_loss=2.451 ent=2.568 kl=0.0103
[upd  255 | steps  130560 | t   81.8s | sps  1595] ret_mean=56.000 ep_len=500.0 pi_loss=-0.014 v_loss=1.846 ent=2.416 kl=0.0063
[upd  256 | steps  131072 | t   82.0s | sps  1599] ret_mean=0.000 ep_len=500.0 pi_loss=-0.016 v_loss=0.590 ent=2.537 kl=0.0070
[upd  257 | steps  131584 | t   82.2s | sps  1602] ret_mean=0.000 ep_len=500.0 pi_loss=-0.016 v_loss=0.276 ent=2.922 kl=0.0082
[upd  258 | steps  132096 | t   82.3s | sps  1605] ret_mean=40.000 ep_len=500.0 pi_loss=-0.012 v_loss=1.798 ent=2.715 kl=0.0116
[upd  259 | steps  132608 | t   82.5s | sps  1607] ret_mean=0.000 ep_len=500.0 pi_loss=-0.015 v_loss=0.175 ent=3.153 kl=0.0083
[upd  260 | steps  133120 | t   82.6s | sps  1611] ret_mean=95.000 ep_len=500.0 pi_loss=-0.008 v_loss=3.340 ent=2.288 kl=-0.0033
[upd  261 | steps  133632 | t   82.8s | sps  1614] ret_mean=0.000 ep_len=500.0 pi_loss=-0.010 v_loss=0.192 ent=2.775 kl=0.0032
[upd  262 | steps  134144 | t   83.0s | sps  1617] ret_mean=0.000 ep_len=500.0 pi_loss=-0.014 v_loss=0.127 ent=2.804 kl=0.0047
[upd  263 | steps  134656 | t   83.1s | sps  1620] ret_mean=79.500 ep_len=500.0 pi_loss=-0.016 v_loss=3.382 ent=2.394 kl=0.0094
[upd  264 | steps  135168 | t   83.3s | sps  1623] ret_mean=84.000 ep_len=500.0 pi_loss=-0.011 v_loss=2.962 ent=2.603 kl=0.0102
[upd  265 | steps  135680 | t   83.4s | sps  1626] ret_mean=0.000 ep_len=500.0 pi_loss=-0.016 v_loss=1.338 ent=2.843 kl=0.0141
[upd  266 | steps  136192 | t   83.6s | sps  1629] ret_mean=165.500 ep_len=500.0 pi_loss=-0.006 v_loss=13.925 ent=1.619 kl=0.0044
[upd  267 | steps  136704 | t   83.7s | sps  1632] ret_mean=225.000 ep_len=500.0 pi_loss=-0.005 v_loss=10.991 ent=1.720 kl=0.0035
[upd  268 | steps  137216 | t   83.9s | sps  1636] ret_mean=148.000 ep_len=500.0 pi_loss=-0.013 v_loss=8.044 ent=1.720 kl=0.0145
[upd  269 | steps  137728 | t   84.1s | sps  1639] ret_mean=124.500 ep_len=500.0 pi_loss=-0.011 v_loss=3.669 ent=2.272 kl=0.0044
[upd  270 | steps  138240 | t   84.2s | sps  1641] ret_mean=154.500 ep_len=500.0 pi_loss=-0.014 v_loss=9.943 ent=1.948 kl=0.0103
[upd  271 | steps  138752 | t   84.4s | sps  1644] ret_mean=94.000 ep_len=500.0 pi_loss=-0.014 v_loss=2.814 ent=2.369 kl=0.0132
[upd  272 | steps  139264 | t   84.6s | sps  1646] ret_mean=124.000 ep_len=500.0 pi_loss=-0.016 v_loss=5.769 ent=2.344 kl=0.0103
[upd  273 | steps  139776 | t   84.7s | sps  1649] ret_mean=33.000 ep_len=500.0 pi_loss=-0.013 v_loss=3.534 ent=2.443 kl=0.0079
[upd  274 | steps  140288 | t   84.9s | sps  1652] ret_mean=122.000 ep_len=500.0 pi_loss=-0.017 v_loss=8.196 ent=1.829 kl=0.0130
[upd  275 | steps  140800 | t   85.1s | sps  1655] ret_mean=224.500 ep_len=500.0 pi_loss=-0.008 v_loss=6.586 ent=1.996 kl=0.0199
        [eval] ret_mean=16.667 ep_len=500.0
[upd  276 | steps  141312 | t   89.1s | sps  1587] ret_mean=26.000 ep_len=500.0 pi_loss=-0.018 v_loss=1.979 ent=2.789 kl=0.0344
[upd  277 | steps  141824 | t   89.2s | sps  1590] ret_mean=207.000 ep_len=500.0 pi_loss=-0.015 v_loss=12.085 ent=1.476 kl=0.0040
[upd  278 | steps  142336 | t   89.4s | sps  1593] ret_mean=125.000 ep_len=500.0 pi_loss=-0.010 v_loss=2.800 ent=1.989 kl=0.0099
[upd  279 | steps  142848 | t   89.5s | sps  1596] ret_mean=89.000 ep_len=500.0 pi_loss=-0.017 v_loss=3.558 ent=2.288 kl=0.0077
[upd  280 | steps  143360 | t   89.7s | sps  1599] ret_mean=166.000 ep_len=500.0 pi_loss=-0.012 v_loss=9.826 ent=1.861 kl=0.0164
[upd  281 | steps  143872 | t   89.8s | sps  1601] ret_mean=95.500 ep_len=500.0 pi_loss=-0.014 v_loss=3.009 ent=2.633 kl=0.0082
[upd  282 | steps  144384 | t   90.0s | sps  1604] ret_mean=88.500 ep_len=500.0 pi_loss=-0.015 v_loss=3.329 ent=2.499 kl=0.0098
[upd  283 | steps  144896 | t   90.2s | sps  1607] ret_mean=118.500 ep_len=500.0 pi_loss=-0.005 v_loss=4.545 ent=2.046 kl=0.0051
[upd  284 | steps  145408 | t   90.3s | sps  1610] ret_mean=125.000 ep_len=500.0 pi_loss=-0.016 v_loss=2.968 ent=2.152 kl=0.0078
[upd  285 | steps  145920 | t   90.5s | sps  1613] ret_mean=120.000 ep_len=500.0 pi_loss=-0.011 v_loss=2.692 ent=2.082 kl=0.0096
[upd  286 | steps  146432 | t   90.6s | sps  1616] ret_mean=121.000 ep_len=500.0 pi_loss=-0.012 v_loss=6.138 ent=1.838 kl=0.0116
[upd  287 | steps  146944 | t   90.8s | sps  1619] ret_mean=244.000 ep_len=500.0 pi_loss=-0.004 v_loss=10.304 ent=1.128 kl=0.0042
[upd  288 | steps  147456 | t   90.9s | sps  1622] ret_mean=204.500 ep_len=500.0 pi_loss=-0.002 v_loss=10.023 ent=1.216 kl=0.0105
[upd  289 | steps  147968 | t   91.1s | sps  1625] ret_mean=200.000 ep_len=500.0 pi_loss=-0.008 v_loss=9.914 ent=1.417 kl=-0.0018
[upd  290 | steps  148480 | t   91.2s | sps  1628] ret_mean=200.500 ep_len=500.0 pi_loss=-0.005 v_loss=9.911 ent=1.266 kl=0.0035
[upd  291 | steps  148992 | t   91.4s | sps  1630] ret_mean=116.500 ep_len=500.0 pi_loss=-0.013 v_loss=2.680 ent=1.917 kl=0.0039
[upd  292 | steps  149504 | t   91.5s | sps  1633] ret_mean=141.500 ep_len=500.0 pi_loss=-0.008 v_loss=5.984 ent=1.860 kl=0.0035
[upd  293 | steps  150016 | t   91.7s | sps  1636] ret_mean=167.500 ep_len=500.0 pi_loss=-0.005 v_loss=7.642 ent=1.660 kl=0.0036
[upd  294 | steps  150528 | t   91.8s | sps  1639] ret_mean=194.500 ep_len=500.0 pi_loss=-0.013 v_loss=8.327 ent=1.993 kl=0.0100
[upd  295 | steps  151040 | t   92.0s | sps  1642] ret_mean=30.000 ep_len=500.0 pi_loss=-0.008 v_loss=5.545 ent=2.730 kl=-0.0016
[upd  296 | steps  151552 | t   92.2s | sps  1645] ret_mean=54.000 ep_len=500.0 pi_loss=-0.011 v_loss=5.491 ent=2.215 kl=0.0010
[upd  297 | steps  152064 | t   92.3s | sps  1647] ret_mean=195.000 ep_len=500.0 pi_loss=-0.011 v_loss=7.643 ent=2.146 kl=0.0081
[upd  298 | steps  152576 | t   92.5s | sps  1650] ret_mean=0.000 ep_len=500.0 pi_loss=-0.020 v_loss=2.333 ent=2.424 kl=0.0173
[upd  299 | steps  153088 | t   92.6s | sps  1653] ret_mean=112.500 ep_len=500.0 pi_loss=-0.015 v_loss=3.252 ent=2.140 kl=0.0051
[upd  300 | steps  153600 | t   92.8s | sps  1655] ret_mean=104.000 ep_len=500.0 pi_loss=-0.012 v_loss=2.740 ent=2.238 kl=0.0164
        [eval] ret_mean=24.883 ep_len=500.0
[upd  301 | steps  154112 | t   96.6s | sps  1595] ret_mean=106.000 ep_len=500.0 pi_loss=-0.011 v_loss=3.478 ent=2.164 kl=0.0081
[upd  302 | steps  154624 | t   96.8s | sps  1598] ret_mean=129.000 ep_len=500.0 pi_loss=-0.011 v_loss=8.538 ent=2.068 kl=0.0123
[upd  303 | steps  155136 | t   96.9s | sps  1601] ret_mean=87.000 ep_len=500.0 pi_loss=-0.015 v_loss=3.152 ent=2.448 kl=0.0056
[upd  304 | steps  155648 | t   97.1s | sps  1603] ret_mean=31.000 ep_len=500.0 pi_loss=-0.016 v_loss=3.348 ent=2.612 kl=0.0106
[upd  305 | steps  156160 | t   97.2s | sps  1606] ret_mean=201.500 ep_len=500.0 pi_loss=-0.009 v_loss=8.994 ent=1.819 kl=0.0031
[upd  306 | steps  156672 | t   97.4s | sps  1608] ret_mean=0.000 ep_len=500.0 pi_loss=-0.015 v_loss=2.222 ent=2.723 kl=0.0104
[upd  307 | steps  157184 | t   97.6s | sps  1611] ret_mean=118.500 ep_len=500.0 pi_loss=-0.013 v_loss=8.006 ent=2.154 kl=0.0179
[upd  308 | steps  157696 | t   97.7s | sps  1614] ret_mean=217.000 ep_len=500.0 pi_loss=-0.010 v_loss=11.445 ent=1.815 kl=0.0080
[upd  309 | steps  158208 | t   97.9s | sps  1616] ret_mean=147.000 ep_len=500.0 pi_loss=-0.009 v_loss=9.493 ent=2.134 kl=0.0090
[upd  310 | steps  158720 | t   98.0s | sps  1619] ret_mean=0.000 ep_len=500.0 pi_loss=-0.010 v_loss=1.501 ent=3.067 kl=0.0176
[upd  311 | steps  159232 | t   98.2s | sps  1621] ret_mean=114.000 ep_len=500.0 pi_loss=-0.011 v_loss=2.499 ent=2.354 kl=0.0081
[upd  312 | steps  159744 | t   98.4s | sps  1624] ret_mean=15.500 ep_len=500.0 pi_loss=-0.015 v_loss=2.844 ent=2.871 kl=0.0039
[upd  313 | steps  160256 | t   98.5s | sps  1627] ret_mean=94.000 ep_len=500.0 pi_loss=-0.012 v_loss=3.125 ent=2.261 kl=0.0035
[upd  314 | steps  160768 | t   98.7s | sps  1629] ret_mean=109.500 ep_len=500.0 pi_loss=-0.004 v_loss=2.818 ent=2.118 kl=0.0045
[upd  315 | steps  161280 | t   98.8s | sps  1632] ret_mean=0.000 ep_len=500.0 pi_loss=-0.014 v_loss=1.055 ent=3.028 kl=0.0074
[upd  316 | steps  161792 | t   99.0s | sps  1634] ret_mean=0.000 ep_len=500.0 pi_loss=-0.013 v_loss=0.955 ent=2.920 kl=0.0171
[upd  317 | steps  162304 | t   99.2s | sps  1637] ret_mean=31.500 ep_len=500.0 pi_loss=-0.015 v_loss=2.815 ent=2.709 kl=0.0125
[upd  318 | steps  162816 | t   99.3s | sps  1639] ret_mean=30.000 ep_len=500.0 pi_loss=-0.014 v_loss=2.984 ent=2.645 kl=0.0185
[upd  319 | steps  163328 | t   99.5s | sps  1642] ret_mean=24.500 ep_len=500.0 pi_loss=-0.004 v_loss=2.354 ent=2.885 kl=0.0184
[upd  320 | steps  163840 | t   99.6s | sps  1644] ret_mean=8.500 ep_len=500.0 pi_loss=-0.011 v_loss=2.588 ent=2.862 kl=-0.0015
[upd  321 | steps  164352 | t   99.8s | sps  1647] ret_mean=36.000 ep_len=500.0 pi_loss=-0.014 v_loss=7.389 ent=1.905 kl=0.0113
[upd  322 | steps  164864 | t  100.0s | sps  1649] ret_mean=248.500 ep_len=500.0 pi_loss=-0.006 v_loss=7.667 ent=2.334 kl=0.0068
[upd  323 | steps  165376 | t  100.1s | sps  1652] ret_mean=62.000 ep_len=500.0 pi_loss=-0.010 v_loss=8.073 ent=1.943 kl=0.0058
[upd  324 | steps  165888 | t  100.3s | sps  1655] ret_mean=217.500 ep_len=500.0 pi_loss=-0.007 v_loss=6.787 ent=2.290 kl=0.0129
[upd  325 | steps  166400 | t  100.4s | sps  1657] ret_mean=23.500 ep_len=500.0 pi_loss=-0.017 v_loss=1.760 ent=2.632 kl=0.0058
        [eval] ret_mean=8.267 ep_len=500.0
[upd  326 | steps  166912 | t  104.2s | sps  1601] ret_mean=124.000 ep_len=500.0 pi_loss=-0.016 v_loss=2.375 ent=2.130 kl=0.0080
[upd  327 | steps  167424 | t  104.4s | sps  1604] ret_mean=0.000 ep_len=500.0 pi_loss=-0.014 v_loss=0.406 ent=2.461 kl=0.0106
[upd  328 | steps  167936 | t  104.5s | sps  1607] ret_mean=0.000 ep_len=500.0 pi_loss=-0.014 v_loss=0.908 ent=2.284 kl=0.0037
[upd  329 | steps  168448 | t  104.7s | sps  1609] ret_mean=0.000 ep_len=500.0 pi_loss=-0.009 v_loss=0.610 ent=2.640 kl=0.0012
[upd  330 | steps  168960 | t  104.8s | sps  1612] ret_mean=11.500 ep_len=500.0 pi_loss=-0.008 v_loss=1.423 ent=2.638 kl=0.0066
[upd  331 | steps  169472 | t  105.0s | sps  1614] ret_mean=109.500 ep_len=500.0 pi_loss=-0.007 v_loss=3.619 ent=1.778 kl=-0.0005
[upd  332 | steps  169984 | t  105.1s | sps  1617] ret_mean=123.500 ep_len=500.0 pi_loss=-0.013 v_loss=2.829 ent=1.932 kl=0.0113
[upd  333 | steps  170496 | t  105.3s | sps  1619] ret_mean=125.000 ep_len=500.0 pi_loss=-0.008 v_loss=2.974 ent=1.787 kl=0.0089
[upd  334 | steps  171008 | t  105.4s | sps  1622] ret_mean=123.500 ep_len=500.0 pi_loss=-0.008 v_loss=3.529 ent=2.015 kl=0.0130
[upd  335 | steps  171520 | t  105.6s | sps  1624] ret_mean=122.500 ep_len=500.0 pi_loss=-0.011 v_loss=2.718 ent=2.480 kl=0.0142
[upd  336 | steps  172032 | t  105.7s | sps  1627] ret_mean=124.000 ep_len=500.0 pi_loss=-0.009 v_loss=3.038 ent=2.348 kl=0.0030
[upd  337 | steps  172544 | t  105.9s | sps  1629] ret_mean=65.500 ep_len=500.0 pi_loss=-0.014 v_loss=5.089 ent=2.236 kl=0.0116
[upd  338 | steps  173056 | t  106.1s | sps  1632] ret_mean=204.000 ep_len=500.0 pi_loss=-0.009 v_loss=9.191 ent=2.070 kl=0.0049
[upd  339 | steps  173568 | t  106.3s | sps  1634] ret_mean=0.000 ep_len=500.0 pi_loss=-0.011 v_loss=0.820 ent=2.743 kl=0.0127
[upd  340 | steps  174080 | t  106.4s | sps  1636] ret_mean=81.500 ep_len=500.0 pi_loss=-0.014 v_loss=3.510 ent=2.051 kl=0.0035
[upd  341 | steps  174592 | t  106.6s | sps  1638] ret_mean=144.500 ep_len=500.0 pi_loss=-0.011 v_loss=10.264 ent=1.907 kl=0.0056
[upd  342 | steps  175104 | t  106.7s | sps  1641] ret_mean=238.500 ep_len=500.0 pi_loss=-0.008 v_loss=9.101 ent=1.927 kl=0.0206
[upd  343 | steps  175616 | t  106.9s | sps  1643] ret_mean=116.500 ep_len=500.0 pi_loss=-0.009 v_loss=4.949 ent=2.147 kl=0.0083
[upd  344 | steps  176128 | t  107.0s | sps  1646] ret_mean=192.000 ep_len=500.0 pi_loss=-0.008 v_loss=13.129 ent=1.607 kl=0.0018
[upd  345 | steps  176640 | t  107.2s | sps  1648] ret_mean=245.500 ep_len=500.0 pi_loss=-0.005 v_loss=7.843 ent=2.140 kl=0.0076
[upd  346 | steps  177152 | t  107.4s | sps  1649] ret_mean=20.000 ep_len=500.0 pi_loss=-0.019 v_loss=8.971 ent=2.170 kl=0.0059
[upd  347 | steps  177664 | t  107.6s | sps  1651] ret_mean=238.500 ep_len=500.0 pi_loss=-0.008 v_loss=7.252 ent=2.394 kl=-0.0017
[upd  348 | steps  178176 | t  107.8s | sps  1654] ret_mean=28.500 ep_len=500.0 pi_loss=-0.013 v_loss=3.833 ent=2.601 kl=0.0083
[upd  349 | steps  178688 | t  108.0s | sps  1655] ret_mean=87.000 ep_len=500.0 pi_loss=-0.015 v_loss=2.118 ent=2.697 kl=0.0152
[upd  350 | steps  179200 | t  108.2s | sps  1656] ret_mean=0.000 ep_len=500.0 pi_loss=-0.013 v_loss=2.672 ent=2.543 kl=0.0079
        [eval] ret_mean=49.783 ep_len=500.0
[upd  351 | steps  179712 | t  112.6s | sps  1597] ret_mean=124.000 ep_len=500.0 pi_loss=-0.009 v_loss=2.759 ent=2.068 kl=0.0030
[upd  352 | steps  180224 | t  112.7s | sps  1599] ret_mean=121.000 ep_len=500.0 pi_loss=-0.012 v_loss=4.748 ent=2.355 kl=0.0112
[upd  353 | steps  180736 | t  112.9s | sps  1601] ret_mean=126.500 ep_len=500.0 pi_loss=-0.012 v_loss=3.874 ent=2.390 kl=0.0204
[upd  354 | steps  181248 | t  113.1s | sps  1603] ret_mean=70.000 ep_len=500.0 pi_loss=-0.017 v_loss=8.065 ent=2.601 kl=0.0157
[upd  355 | steps  181760 | t  113.3s | sps  1604] ret_mean=119.500 ep_len=500.0 pi_loss=-0.015 v_loss=2.203 ent=2.576 kl=0.0150
[upd  356 | steps  182272 | t  113.5s | sps  1606] ret_mean=76.500 ep_len=500.0 pi_loss=-0.015 v_loss=3.512 ent=2.798 kl=0.0066
[upd  357 | steps  182784 | t  113.7s | sps  1608] ret_mean=223.500 ep_len=500.0 pi_loss=-0.010 v_loss=12.436 ent=1.965 kl=0.0064
[upd  358 | steps  183296 | t  113.8s | sps  1610] ret_mean=84.000 ep_len=500.0 pi_loss=-0.014 v_loss=3.294 ent=2.723 kl=0.0055
[upd  359 | steps  183808 | t  114.0s | sps  1612] ret_mean=97.500 ep_len=500.0 pi_loss=-0.013 v_loss=3.264 ent=2.659 kl=0.0081
[upd  360 | steps  184320 | t  114.2s | sps  1615] ret_mean=69.000 ep_len=500.0 pi_loss=-0.014 v_loss=3.657 ent=2.826 kl=0.0115
[upd  361 | steps  184832 | t  114.3s | sps  1617] ret_mean=101.500 ep_len=500.0 pi_loss=-0.015 v_loss=2.392 ent=2.690 kl=0.0067
[upd  362 | steps  185344 | t  114.5s | sps  1619] ret_mean=86.000 ep_len=500.0 pi_loss=-0.016 v_loss=3.531 ent=2.634 kl=0.0077
[upd  363 | steps  185856 | t  114.6s | sps  1621] ret_mean=0.000 ep_len=500.0 pi_loss=-0.015 v_loss=3.674 ent=2.984 kl=0.0177
[upd  364 | steps  186368 | t  114.8s | sps  1623] ret_mean=189.500 ep_len=500.0 pi_loss=-0.015 v_loss=5.159 ent=2.333 kl=0.0109
[upd  365 | steps  186880 | t  115.0s | sps  1626] ret_mean=109.000 ep_len=500.0 pi_loss=-0.022 v_loss=3.312 ent=2.686 kl=0.0176
[upd  366 | steps  187392 | t  115.1s | sps  1628] ret_mean=120.000 ep_len=500.0 pi_loss=-0.015 v_loss=3.995 ent=2.841 kl=0.0082
[upd  367 | steps  187904 | t  115.3s | sps  1630] ret_mean=156.500 ep_len=500.0 pi_loss=-0.008 v_loss=9.011 ent=2.177 kl=0.0070
[upd  368 | steps  188416 | t  115.4s | sps  1632] ret_mean=172.500 ep_len=500.0 pi_loss=-0.017 v_loss=6.394 ent=2.576 kl=0.0041
[upd  369 | steps  188928 | t  115.6s | sps  1634] ret_mean=41.000 ep_len=500.0 pi_loss=-0.022 v_loss=1.514 ent=3.083 kl=0.0234
[upd  370 | steps  189440 | t  115.8s | sps  1637] ret_mean=79.000 ep_len=500.0 pi_loss=-0.011 v_loss=11.424 ent=2.224 kl=0.0081
[upd  371 | steps  189952 | t  115.9s | sps  1639] ret_mean=219.500 ep_len=500.0 pi_loss=-0.005 v_loss=8.319 ent=2.187 kl=0.0004
[upd  372 | steps  190464 | t  116.1s | sps  1641] ret_mean=120.500 ep_len=500.0 pi_loss=-0.018 v_loss=2.750 ent=2.801 kl=0.0071
[upd  373 | steps  190976 | t  116.2s | sps  1643] ret_mean=0.000 ep_len=500.0 pi_loss=-0.012 v_loss=5.426 ent=2.598 kl=0.0137
[upd  374 | steps  191488 | t  116.4s | sps  1645] ret_mean=161.000 ep_len=500.0 pi_loss=-0.011 v_loss=10.021 ent=2.165 kl=0.0053
[upd  375 | steps  192000 | t  116.5s | sps  1648] ret_mean=218.000 ep_len=500.0 pi_loss=-0.011 v_loss=8.758 ent=2.324 kl=0.0062
        [eval] ret_mean=24.900 ep_len=500.0
[upd  376 | steps  192512 | t  120.5s | sps  1598] ret_mean=112.000 ep_len=500.0 pi_loss=-0.020 v_loss=3.617 ent=2.500 kl=0.0062
[upd  377 | steps  193024 | t  120.6s | sps  1600] ret_mean=114.500 ep_len=500.0 pi_loss=-0.014 v_loss=3.865 ent=2.504 kl=-0.0019
[upd  378 | steps  193536 | t  120.8s | sps  1602] ret_mean=200.000 ep_len=500.0 pi_loss=-0.012 v_loss=10.962 ent=2.112 kl=-0.0004
[upd  379 | steps  194048 | t  121.0s | sps  1604] ret_mean=0.000 ep_len=500.0 pi_loss=-0.011 v_loss=1.194 ent=3.151 kl=0.0037
[upd  380 | steps  194560 | t  121.1s | sps  1606] ret_mean=185.000 ep_len=500.0 pi_loss=-0.010 v_loss=10.779 ent=2.219 kl=0.0023
[upd  381 | steps  195072 | t  121.3s | sps  1608] ret_mean=116.000 ep_len=500.0 pi_loss=-0.018 v_loss=3.718 ent=2.585 kl=0.0129
[upd  382 | steps  195584 | t  121.4s | sps  1610] ret_mean=113.000 ep_len=500.0 pi_loss=-0.013 v_loss=4.884 ent=2.543 kl=0.0075
[upd  383 | steps  196096 | t  121.6s | sps  1613] ret_mean=224.500 ep_len=500.0 pi_loss=-0.014 v_loss=9.811 ent=2.098 kl=0.0053
[upd  384 | steps  196608 | t  121.8s | sps  1615] ret_mean=43.500 ep_len=500.0 pi_loss=-0.014 v_loss=4.336 ent=2.787 kl=0.0133
[upd  385 | steps  197120 | t  121.9s | sps  1617] ret_mean=199.500 ep_len=500.0 pi_loss=-0.011 v_loss=11.354 ent=2.076 kl=0.0040
[upd  386 | steps  197632 | t  122.1s | sps  1619] ret_mean=185.000 ep_len=500.0 pi_loss=-0.012 v_loss=9.241 ent=2.352 kl=0.0120
[upd  387 | steps  198144 | t  122.2s | sps  1621] ret_mean=168.000 ep_len=500.0 pi_loss=-0.008 v_loss=8.637 ent=2.263 kl=0.0076
[upd  388 | steps  198656 | t  122.4s | sps  1623] ret_mean=209.500 ep_len=500.0 pi_loss=-0.005 v_loss=9.575 ent=2.088 kl=0.0028
[upd  389 | steps  199168 | t  122.5s | sps  1626] ret_mean=221.500 ep_len=500.0 pi_loss=-0.010 v_loss=9.548 ent=2.328 kl=0.0185
[upd  390 | steps  199680 | t  122.7s | sps  1628] ret_mean=67.500 ep_len=500.0 pi_loss=-0.014 v_loss=4.443 ent=2.574 kl=0.0156
[upd  391 | steps  200192 | t  122.8s | sps  1630] ret_mean=110.500 ep_len=500.0 pi_loss=-0.011 v_loss=3.270 ent=2.727 kl=0.0049
[upd  392 | steps  200704 | t  123.0s | sps  1632] ret_mean=75.500 ep_len=500.0 pi_loss=-0.018 v_loss=7.452 ent=2.451 kl=0.0115
[upd  393 | steps  201216 | t  123.2s | sps  1634] ret_mean=205.500 ep_len=500.0 pi_loss=-0.014 v_loss=8.979 ent=2.286 kl=0.0229
[upd  394 | steps  201728 | t  123.3s | sps  1635] ret_mean=158.500 ep_len=500.0 pi_loss=-0.011 v_loss=10.012 ent=2.257 kl=0.0181
[upd  395 | steps  202240 | t  123.6s | sps  1637] ret_mean=77.500 ep_len=500.0 pi_loss=-0.015 v_loss=5.809 ent=2.276 kl=0.0087
[upd  396 | steps  202752 | t  123.7s | sps  1639] ret_mean=189.000 ep_len=500.0 pi_loss=-0.010 v_loss=6.987 ent=2.392 kl=0.0127
[upd  397 | steps  203264 | t  123.9s | sps  1640] ret_mean=117.000 ep_len=500.0 pi_loss=-0.015 v_loss=4.901 ent=2.332 kl=0.0122
[upd  398 | steps  203776 | t  124.1s | sps  1642] ret_mean=177.000 ep_len=500.0 pi_loss=-0.010 v_loss=10.103 ent=2.141 kl=0.0097
[upd  399 | steps  204288 | t  124.3s | sps  1644] ret_mean=132.500 ep_len=500.0 pi_loss=-0.010 v_loss=4.229 ent=2.320 kl=0.0017
[upd  400 | steps  204800 | t  124.4s | sps  1646] ret_mean=169.000 ep_len=500.0 pi_loss=-0.008 v_loss=8.909 ent=2.312 kl=0.0127
        [eval] ret_mean=29.117 ep_len=500.0
