$ /Users/praneelkhiantani/Downloads/cs2860/.venv/bin/python3 -m policies.train --env rware-small-2ag-easy-v2 --seed 0 --updates 200 --rollout 512 --eval-every 50 --eval-episodes 10 --log-dir matrix_results/intent_grounded_v1_pilot/rware-small-2ag-easy-v2 --run-name mappo-intent-aux__dropout-only__d0__s0 --n-msg-tokens 8 --message-grounding rware-intent --message-grounding-coef 0.2 --dropout --dropout-agent 0 --dropout-time 100 --shape-rewards --pickup-bonus 0.5

[env] EnvSpec(env_id='rware-small-2ag-easy-v2', n_agents=2, obs_dim=71, n_env_actions=5, noop_action=0, family='rware')  (n_msg_tokens=8)
[cfg] {'clip_range': 0.2, 'value_clip_range': 0.2, 'entropy_coef': 0.01, 'value_coef': 0.5, 'max_grad_norm': 0.5, 'gamma': 0.99, 'gae_lambda': 0.95, 'lr_actor': 0.0003, 'lr_critic': 0.001, 'update_epochs': 4, 'minibatches': 4, 'hidden': 128, 'depth': 2, 'device': 'cpu', 'message_grounding_coef': 0.2, 'extra': {}}
[log] writing to matrix_results/intent_grounded_v1_pilot/rware-small-2ag-easy-v2/mappo-intent-aux__dropout-only__d0__s0
[upd    1 | steps     512 | t    1.1s | sps   483] ret_mean=0.000 ep_len=500.0 pi_loss=-0.002 v_loss=0.038 ent=3.676 msg_acc=0.460 kl=0.0147
[upd    2 | steps    1024 | t    1.8s | sps   584] ret_mean=0.000 ep_len=500.0 pi_loss=0.012 v_loss=0.018 ent=3.597 msg_acc=0.824 kl=0.0241
[upd    3 | steps    1536 | t    2.5s | sps   611] ret_mean=0.000 ep_len=500.0 pi_loss=0.005 v_loss=0.013 ent=3.462 msg_acc=0.913 kl=0.0248
[upd    4 | steps    2048 | t    3.9s | sps   529] ret_mean=1.000 ep_len=500.0 pi_loss=-0.007 v_loss=0.007 ent=3.632 msg_acc=0.272 kl=0.0057
[upd    5 | steps    2560 | t    5.1s | sps   498] ret_mean=0.000 ep_len=500.0 pi_loss=0.001 v_loss=0.005 ent=3.461 msg_acc=0.831 kl=0.0263
[upd    6 | steps    3072 | t    5.9s | sps   520] ret_mean=0.000 ep_len=500.0 pi_loss=0.006 v_loss=0.004 ent=3.236 msg_acc=0.869 kl=0.0133
[upd    7 | steps    3584 | t    7.5s | sps   481] ret_mean=0.000 ep_len=500.0 pi_loss=0.001 v_loss=0.003 ent=3.262 msg_acc=0.858 kl=0.0055
[upd    8 | steps    4096 | t    9.1s | sps   450] ret_mean=0.000 ep_len=500.0 pi_loss=-0.008 v_loss=0.003 ent=3.367 msg_acc=0.706 kl=0.0043
[upd    9 | steps    4608 | t   10.1s | sps   458] ret_mean=0.000 ep_len=500.0 pi_loss=-0.010 v_loss=0.006 ent=3.117 msg_acc=0.655 kl=0.0055
[upd   10 | steps    5120 | t   13.0s | sps   395] ret_mean=0.500 ep_len=500.0 pi_loss=0.011 v_loss=0.003 ent=3.137 msg_acc=0.197 kl=0.0338
[upd   11 | steps    5632 | t   13.8s | sps   408] ret_mean=0.000 ep_len=500.0 pi_loss=0.004 v_loss=0.003 ent=2.945 msg_acc=0.834 kl=0.0167
[upd   12 | steps    6144 | t   14.5s | sps   425] ret_mean=0.000 ep_len=500.0 pi_loss=-0.005 v_loss=0.002 ent=3.238 msg_acc=0.914 kl=0.0028
[upd   13 | steps    6656 | t   15.1s | sps   440] ret_mean=0.000 ep_len=500.0 pi_loss=-0.008 v_loss=0.002 ent=2.725 msg_acc=0.582 kl=0.0130
[upd   14 | steps    7168 | t   15.9s | sps   451] ret_mean=0.000 ep_len=500.0 pi_loss=-0.010 v_loss=0.001 ent=3.031 msg_acc=0.540 kl=0.0012
[upd   15 | steps    7680 | t   16.5s | sps   465] ret_mean=0.000 ep_len=500.0 pi_loss=-0.002 v_loss=0.001 ent=2.912 msg_acc=0.539 kl=-0.0013
[upd   16 | steps    8192 | t   17.2s | sps   477] ret_mean=0.000 ep_len=500.0 pi_loss=-0.005 v_loss=0.001 ent=2.788 msg_acc=0.481 kl=0.0277
[upd   17 | steps    8704 | t   18.2s | sps   478] ret_mean=0.500 ep_len=500.0 pi_loss=0.009 v_loss=0.001 ent=2.819 msg_acc=0.570 kl=0.0111
[upd   18 | steps    9216 | t   19.8s | sps   465] ret_mean=0.000 ep_len=500.0 pi_loss=0.010 v_loss=0.002 ent=3.082 msg_acc=0.289 kl=0.0417
[upd   19 | steps    9728 | t   21.4s | sps   455] ret_mean=0.000 ep_len=500.0 pi_loss=0.005 v_loss=0.001 ent=2.824 msg_acc=0.966 kl=0.0128
[upd   20 | steps   10240 | t   23.1s | sps   443] ret_mean=0.500 ep_len=500.0 pi_loss=-0.007 v_loss=0.000 ent=2.823 msg_acc=0.861 kl=0.0050
[upd   21 | steps   10752 | t   24.7s | sps   435] ret_mean=0.000 ep_len=500.0 pi_loss=-0.003 v_loss=0.001 ent=2.655 msg_acc=0.956 kl=0.0287
[upd   22 | steps   11264 | t   26.4s | sps   427] ret_mean=0.000 ep_len=500.0 pi_loss=-0.013 v_loss=0.001 ent=2.843 msg_acc=0.568 kl=0.0146
[upd   23 | steps   11776 | t   28.0s | sps   420] ret_mean=0.000 ep_len=500.0 pi_loss=-0.001 v_loss=0.001 ent=2.611 msg_acc=0.823 kl=0.0058
[upd   24 | steps   12288 | t   29.4s | sps   418] ret_mean=0.000 ep_len=500.0 pi_loss=-0.005 v_loss=0.001 ent=2.797 msg_acc=0.465 kl=0.0032
[upd   25 | steps   12800 | t   30.1s | sps   426] ret_mean=0.000 ep_len=500.0 pi_loss=-0.015 v_loss=0.001 ent=2.720 msg_acc=0.837 kl=0.0103
[upd   26 | steps   13312 | t   30.8s | sps   432] ret_mean=0.000 ep_len=500.0 pi_loss=-0.006 v_loss=0.000 ent=2.460 msg_acc=0.764 kl=0.0043
[upd   27 | steps   13824 | t   31.5s | sps   439] ret_mean=0.000 ep_len=500.0 pi_loss=-0.005 v_loss=0.000 ent=2.361 msg_acc=0.962 kl=0.0052
[upd   28 | steps   14336 | t   32.7s | sps   438] ret_mean=0.000 ep_len=500.0 pi_loss=-0.003 v_loss=0.015 ent=2.618 msg_acc=0.489 kl=0.0156
[upd   29 | steps   14848 | t   35.0s | sps   424] ret_mean=2.500 ep_len=500.0 pi_loss=-0.005 v_loss=0.005 ent=2.413 msg_acc=0.920 kl=0.0159
[upd   30 | steps   15360 | t   37.2s | sps   412] ret_mean=0.000 ep_len=500.0 pi_loss=0.020 v_loss=0.014 ent=2.709 msg_acc=0.476 kl=0.0152
[upd   31 | steps   15872 | t   39.7s | sps   400] ret_mean=2.500 ep_len=500.0 pi_loss=-0.014 v_loss=0.002 ent=2.564 msg_acc=0.601 kl=0.0169
[upd   32 | steps   16384 | t   40.7s | sps   403] ret_mean=0.000 ep_len=500.0 pi_loss=-0.006 v_loss=0.001 ent=2.655 msg_acc=0.591 kl=0.0067
[upd   33 | steps   16896 | t   41.9s | sps   403] ret_mean=0.000 ep_len=500.0 pi_loss=0.011 v_loss=0.001 ent=2.648 msg_acc=0.340 kl=0.0076
[upd   34 | steps   17408 | t   43.4s | sps   401] ret_mean=0.000 ep_len=500.0 pi_loss=-0.008 v_loss=0.001 ent=2.230 msg_acc=0.702 kl=0.0156
[upd   35 | steps   17920 | t   44.3s | sps   405] ret_mean=0.000 ep_len=500.0 pi_loss=-0.000 v_loss=0.039 ent=2.462 msg_acc=0.387 kl=0.0145
[upd   36 | steps   18432 | t   45.0s | sps   409] ret_mean=6.000 ep_len=500.0 pi_loss=-0.001 v_loss=0.011 ent=2.715 msg_acc=0.525 kl=0.0247
[upd   37 | steps   18944 | t   45.8s | sps   414] ret_mean=2.000 ep_len=500.0 pi_loss=-0.003 v_loss=0.020 ent=2.544 msg_acc=0.477 kl=0.0084
[upd   38 | steps   19456 | t   47.6s | sps   409] ret_mean=0.500 ep_len=500.0 pi_loss=-0.008 v_loss=0.004 ent=2.592 msg_acc=0.590 kl=0.0106
[upd   39 | steps   19968 | t   48.4s | sps   412] ret_mean=0.500 ep_len=500.0 pi_loss=-0.011 v_loss=0.044 ent=2.491 msg_acc=0.590 kl=-0.0006
[upd   40 | steps   20480 | t   49.1s | sps   417] ret_mean=3.500 ep_len=500.0 pi_loss=-0.013 v_loss=0.001 ent=2.395 msg_acc=0.789 kl=0.0062
[upd   41 | steps   20992 | t   50.7s | sps   414] ret_mean=0.000 ep_len=500.0 pi_loss=-0.004 v_loss=0.002 ent=2.605 msg_acc=0.812 kl=0.0102
[upd   42 | steps   21504 | t   52.3s | sps   411] ret_mean=0.000 ep_len=500.0 pi_loss=-0.002 v_loss=0.004 ent=2.052 msg_acc=0.832 kl=0.0103
[upd   43 | steps   22016 | t   53.1s | sps   414] ret_mean=0.000 ep_len=500.0 pi_loss=-0.006 v_loss=0.002 ent=2.525 msg_acc=0.833 kl=0.0211
[upd   44 | steps   22528 | t   54.1s | sps   417] ret_mean=0.000 ep_len=500.0 pi_loss=-0.007 v_loss=0.001 ent=2.362 msg_acc=0.814 kl=0.0045
[upd   45 | steps   23040 | t   57.5s | sps   401] ret_mean=0.000 ep_len=500.0 pi_loss=-0.012 v_loss=0.006 ent=2.126 msg_acc=0.599 kl=0.0150
[upd   46 | steps   23552 | t   59.1s | sps   399] ret_mean=1.500 ep_len=500.0 pi_loss=-0.009 v_loss=0.001 ent=2.183 msg_acc=0.810 kl=0.0144
[upd   47 | steps   24064 | t   60.2s | sps   400] ret_mean=0.000 ep_len=500.0 pi_loss=-0.006 v_loss=0.001 ent=3.032 msg_acc=0.398 kl=0.0109
[upd   48 | steps   24576 | t   60.9s | sps   404] ret_mean=0.000 ep_len=500.0 pi_loss=-0.015 v_loss=0.000 ent=2.708 msg_acc=0.633 kl=0.0133
[upd   49 | steps   25088 | t   61.8s | sps   406] ret_mean=0.000 ep_len=500.0 pi_loss=-0.007 v_loss=0.000 ent=2.500 msg_acc=0.600 kl=0.0115
[upd   50 | steps   25600 | t   64.4s | sps   397] ret_mean=0.000 ep_len=500.0 pi_loss=-0.006 v_loss=0.000 ent=2.222 msg_acc=0.899 kl=0.0034
        [eval] ret_mean=0.000 ep_len=500.0
[upd   51 | steps   26112 | t   79.2s | sps   330] ret_mean=0.000 ep_len=500.0 pi_loss=-0.005 v_loss=0.001 ent=2.552 msg_acc=0.546 kl=0.0067
[upd   52 | steps   26624 | t   80.8s | sps   330] ret_mean=1.500 ep_len=500.0 pi_loss=0.003 v_loss=0.009 ent=2.516 msg_acc=0.649 kl=0.0281
[upd   53 | steps   27136 | t   82.4s | sps   329] ret_mean=0.000 ep_len=500.0 pi_loss=0.002 v_loss=0.001 ent=2.826 msg_acc=0.794 kl=0.0148
[upd   54 | steps   27648 | t   83.7s | sps   330] ret_mean=0.000 ep_len=500.0 pi_loss=-0.011 v_loss=0.001 ent=2.321 msg_acc=0.515 kl=0.0225
[upd   55 | steps   28160 | t   85.4s | sps   330] ret_mean=0.000 ep_len=500.0 pi_loss=-0.010 v_loss=0.088 ent=2.226 msg_acc=0.770 kl=0.0038
[upd   56 | steps   28672 | t   86.1s | sps   333] ret_mean=7.500 ep_len=500.0 pi_loss=-0.015 v_loss=0.010 ent=2.046 msg_acc=0.959 kl=0.0116
[upd   57 | steps   29184 | t   86.7s | sps   336] ret_mean=0.000 ep_len=500.0 pi_loss=-0.012 v_loss=0.004 ent=2.385 msg_acc=0.743 kl=0.0297
[upd   58 | steps   29696 | t   87.4s | sps   340] ret_mean=0.000 ep_len=500.0 pi_loss=-0.011 v_loss=0.001 ent=2.151 msg_acc=0.708 kl=0.0073
[upd   59 | steps   30208 | t   88.3s | sps   342] ret_mean=0.000 ep_len=500.0 pi_loss=0.002 v_loss=0.000 ent=2.579 msg_acc=0.462 kl=0.0148
[upd   60 | steps   30720 | t   89.7s | sps   342] ret_mean=0.000 ep_len=500.0 pi_loss=-0.010 v_loss=0.001 ent=2.114 msg_acc=0.790 kl=0.0030
[upd   61 | steps   31232 | t   90.4s | sps   346] ret_mean=0.000 ep_len=500.0 pi_loss=-0.009 v_loss=0.000 ent=2.390 msg_acc=0.569 kl=0.0077
[upd   62 | steps   31744 | t   92.3s | sps   344] ret_mean=1.500 ep_len=500.0 pi_loss=0.001 v_loss=0.014 ent=2.760 msg_acc=0.333 kl=0.0136
[upd   63 | steps   32256 | t   94.0s | sps   343] ret_mean=0.000 ep_len=500.0 pi_loss=-0.007 v_loss=0.001 ent=2.050 msg_acc=0.824 kl=0.0113
[upd   64 | steps   32768 | t   95.5s | sps   343] ret_mean=6.500 ep_len=500.0 pi_loss=-0.002 v_loss=0.125 ent=2.417 msg_acc=0.621 kl=0.0117
[upd   65 | steps   33280 | t   97.1s | sps   343] ret_mean=0.000 ep_len=500.0 pi_loss=-0.006 v_loss=0.001 ent=2.452 msg_acc=0.709 kl=0.0119
[upd   66 | steps   33792 | t   98.7s | sps   342] ret_mean=0.000 ep_len=500.0 pi_loss=-0.003 v_loss=0.001 ent=2.067 msg_acc=0.630 kl=0.0104
[upd   67 | steps   34304 | t  100.3s | sps   342] ret_mean=0.000 ep_len=500.0 pi_loss=-0.005 v_loss=0.000 ent=1.985 msg_acc=0.717 kl=0.0079
[upd   68 | steps   34816 | t  101.8s | sps   342] ret_mean=0.000 ep_len=500.0 pi_loss=-0.007 v_loss=0.000 ent=1.868 msg_acc=0.846 kl=0.0115
[upd   69 | steps   35328 | t  103.4s | sps   342] ret_mean=0.000 ep_len=500.0 pi_loss=-0.014 v_loss=0.001 ent=1.915 msg_acc=0.799 kl=0.0118
[upd   70 | steps   35840 | t  104.2s | sps   344] ret_mean=0.000 ep_len=500.0 pi_loss=-0.006 v_loss=0.001 ent=1.683 msg_acc=0.784 kl=0.0147
[upd   71 | steps   36352 | t  104.9s | sps   347] ret_mean=0.000 ep_len=500.0 pi_loss=-0.011 v_loss=0.001 ent=2.719 msg_acc=0.304 kl=0.0078
[upd   72 | steps   36864 | t  105.5s | sps   349] ret_mean=0.000 ep_len=500.0 pi_loss=-0.000 v_loss=0.000 ent=2.406 msg_acc=0.847 kl=0.0011
[upd   73 | steps   37376 | t  106.2s | sps   352] ret_mean=0.000 ep_len=500.0 pi_loss=-0.006 v_loss=0.001 ent=2.318 msg_acc=0.538 kl=0.0001
[upd   74 | steps   37888 | t  106.8s | sps   355] ret_mean=0.000 ep_len=500.0 pi_loss=-0.003 v_loss=0.000 ent=2.575 msg_acc=0.228 kl=0.0132
[upd   75 | steps   38400 | t  107.3s | sps   358] ret_mean=0.000 ep_len=500.0 pi_loss=0.001 v_loss=0.000 ent=2.414 msg_acc=0.395 kl=0.0163
[upd   76 | steps   38912 | t  107.9s | sps   361] ret_mean=0.000 ep_len=500.0 pi_loss=-0.007 v_loss=0.005 ent=2.404 msg_acc=0.644 kl=0.0111
[upd   77 | steps   39424 | t  108.5s | sps   363] ret_mean=1.000 ep_len=500.0 pi_loss=-0.010 v_loss=0.000 ent=2.440 msg_acc=0.491 kl=0.0117
[upd   78 | steps   39936 | t  109.1s | sps   366] ret_mean=0.000 ep_len=500.0 pi_loss=-0.010 v_loss=0.000 ent=2.118 msg_acc=0.855 kl=0.0111
[upd   79 | steps   40448 | t  109.7s | sps   369] ret_mean=0.000 ep_len=500.0 pi_loss=-0.005 v_loss=0.000 ent=1.878 msg_acc=0.991 kl=0.0066
[upd   80 | steps   40960 | t  110.4s | sps   371] ret_mean=0.000 ep_len=500.0 pi_loss=-0.009 v_loss=0.054 ent=1.583 msg_acc=0.956 kl=0.0030
[upd   81 | steps   41472 | t  111.0s | sps   374] ret_mean=3.500 ep_len=500.0 pi_loss=-0.007 v_loss=0.001 ent=1.409 msg_acc=0.859 kl=0.0070
[upd   82 | steps   41984 | t  111.6s | sps   376] ret_mean=0.000 ep_len=500.0 pi_loss=-0.011 v_loss=0.000 ent=1.598 msg_acc=0.789 kl=0.0126
[upd   83 | steps   42496 | t  112.3s | sps   378] ret_mean=0.000 ep_len=500.0 pi_loss=-0.017 v_loss=0.001 ent=1.580 msg_acc=0.884 kl=0.0116
[upd   84 | steps   43008 | t  112.9s | sps   381] ret_mean=0.000 ep_len=500.0 pi_loss=-0.006 v_loss=0.001 ent=2.126 msg_acc=0.404 kl=0.0256
[upd   85 | steps   43520 | t  113.5s | sps   383] ret_mean=0.000 ep_len=500.0 pi_loss=-0.001 v_loss=0.001 ent=1.726 msg_acc=0.751 kl=0.0186
[upd   86 | steps   44032 | t  114.1s | sps   386] ret_mean=0.000 ep_len=500.0 pi_loss=-0.002 v_loss=0.000 ent=2.283 msg_acc=0.585 kl=0.0037
[upd   87 | steps   44544 | t  114.7s | sps   388] ret_mean=0.000 ep_len=500.0 pi_loss=-0.000 v_loss=0.000 ent=2.145 msg_acc=0.505 kl=0.0174
[upd   88 | steps   45056 | t  115.3s | sps   391] ret_mean=0.000 ep_len=500.0 pi_loss=-0.003 v_loss=0.000 ent=1.942 msg_acc=0.613 kl=0.0059
[upd   89 | steps   45568 | t  116.0s | sps   393] ret_mean=0.000 ep_len=500.0 pi_loss=-0.011 v_loss=0.000 ent=1.823 msg_acc=0.719 kl=0.0061
[upd   90 | steps   46080 | t  116.6s | sps   395] ret_mean=0.000 ep_len=500.0 pi_loss=-0.009 v_loss=0.000 ent=2.486 msg_acc=0.536 kl=0.0077
[upd   91 | steps   46592 | t  117.2s | sps   398] ret_mean=0.000 ep_len=500.0 pi_loss=-0.008 v_loss=0.000 ent=2.103 msg_acc=0.670 kl=0.0023
[upd   92 | steps   47104 | t  117.8s | sps   400] ret_mean=0.000 ep_len=500.0 pi_loss=-0.009 v_loss=0.000 ent=2.340 msg_acc=0.700 kl=0.0163
[upd   93 | steps   47616 | t  118.5s | sps   402] ret_mean=0.000 ep_len=500.0 pi_loss=-0.011 v_loss=0.000 ent=2.330 msg_acc=0.776 kl=0.0211
[upd   94 | steps   48128 | t  119.2s | sps   404] ret_mean=0.000 ep_len=500.0 pi_loss=-0.016 v_loss=0.000 ent=1.670 msg_acc=0.809 kl=0.0156
[upd   95 | steps   48640 | t  119.8s | sps   406] ret_mean=0.000 ep_len=500.0 pi_loss=-0.006 v_loss=0.000 ent=1.505 msg_acc=0.912 kl=0.0057
[upd   96 | steps   49152 | t  120.4s | sps   408] ret_mean=0.000 ep_len=500.0 pi_loss=-0.010 v_loss=0.000 ent=2.615 msg_acc=0.706 kl=0.0036
[upd   97 | steps   49664 | t  121.0s | sps   410] ret_mean=0.000 ep_len=500.0 pi_loss=-0.013 v_loss=0.000 ent=2.560 msg_acc=0.558 kl=0.0065
[upd   98 | steps   50176 | t  121.6s | sps   413] ret_mean=4.000 ep_len=500.0 pi_loss=0.033 v_loss=0.068 ent=2.287 msg_acc=0.140 kl=0.1042
[upd   99 | steps   50688 | t  122.2s | sps   415] ret_mean=0.000 ep_len=500.0 pi_loss=0.004 v_loss=0.001 ent=2.692 msg_acc=0.595 kl=0.0111
[upd  100 | steps   51200 | t  123.0s | sps   416] ret_mean=0.000 ep_len=500.0 pi_loss=-0.005 v_loss=0.001 ent=2.523 msg_acc=0.726 kl=0.0019
        [eval] ret_mean=0.000 ep_len=500.0
[upd  101 | steps   51712 | t  137.9s | sps   375] ret_mean=0.000 ep_len=500.0 pi_loss=-0.008 v_loss=0.000 ent=1.711 msg_acc=0.873 kl=0.0016
[upd  102 | steps   52224 | t  139.5s | sps   374] ret_mean=3.000 ep_len=500.0 pi_loss=-0.002 v_loss=0.030 ent=2.525 msg_acc=0.560 kl=0.0074
[upd  103 | steps   52736 | t  141.2s | sps   373] ret_mean=0.000 ep_len=500.0 pi_loss=-0.010 v_loss=0.003 ent=2.014 msg_acc=0.682 kl=0.0083
[upd  104 | steps   53248 | t  142.8s | sps   373] ret_mean=8.000 ep_len=500.0 pi_loss=0.047 v_loss=0.103 ent=2.303 msg_acc=0.147 kl=0.1703
[upd  105 | steps   53760 | t  144.7s | sps   372] ret_mean=0.000 ep_len=500.0 pi_loss=-0.003 v_loss=0.002 ent=2.239 msg_acc=0.832 kl=0.0234
[upd  106 | steps   54272 | t  146.6s | sps   370] ret_mean=4.000 ep_len=500.0 pi_loss=-0.006 v_loss=0.039 ent=2.814 msg_acc=0.363 kl=0.0219
[upd  107 | steps   54784 | t  148.2s | sps   370] ret_mean=0.000 ep_len=500.0 pi_loss=-0.007 v_loss=0.001 ent=2.390 msg_acc=0.663 kl=0.0059
[upd  108 | steps   55296 | t  149.8s | sps   369] ret_mean=0.000 ep_len=500.0 pi_loss=-0.010 v_loss=0.001 ent=2.012 msg_acc=0.842 kl=0.0010
[upd  109 | steps   55808 | t  151.7s | sps   368] ret_mean=0.000 ep_len=500.0 pi_loss=-0.010 v_loss=0.000 ent=1.727 msg_acc=0.907 kl=0.0082
[upd  110 | steps   56320 | t  153.4s | sps   367] ret_mean=0.000 ep_len=500.0 pi_loss=-0.011 v_loss=0.004 ent=2.049 msg_acc=0.896 kl=0.0066
[upd  111 | steps   56832 | t  154.9s | sps   367] ret_mean=4.000 ep_len=500.0 pi_loss=-0.006 v_loss=0.029 ent=2.595 msg_acc=0.725 kl=0.0079
[upd  112 | steps   57344 | t  157.1s | sps   365] ret_mean=0.000 ep_len=500.0 pi_loss=-0.009 v_loss=0.001 ent=1.682 msg_acc=0.919 kl=0.0106
[upd  113 | steps   57856 | t  158.8s | sps   364] ret_mean=0.000 ep_len=500.0 pi_loss=-0.009 v_loss=0.001 ent=2.339 msg_acc=0.705 kl=0.0073
[upd  114 | steps   58368 | t  160.3s | sps   364] ret_mean=0.000 ep_len=500.0 pi_loss=-0.005 v_loss=0.000 ent=2.375 msg_acc=0.497 kl=0.0245
[upd  115 | steps   58880 | t  161.8s | sps   364] ret_mean=0.000 ep_len=500.0 pi_loss=-0.011 v_loss=0.001 ent=1.770 msg_acc=0.841 kl=0.0208
[upd  116 | steps   59392 | t  163.7s | sps   363] ret_mean=0.000 ep_len=500.0 pi_loss=-0.009 v_loss=0.000 ent=1.610 msg_acc=0.975 kl=0.0195
[upd  117 | steps   59904 | t  165.6s | sps   362] ret_mean=0.000 ep_len=500.0 pi_loss=-0.007 v_loss=0.020 ent=1.644 msg_acc=0.832 kl=0.0042
[upd  118 | steps   60416 | t  167.2s | sps   361] ret_mean=2.000 ep_len=500.0 pi_loss=-0.008 v_loss=0.001 ent=1.375 msg_acc=0.958 kl=0.0111
[upd  119 | steps   60928 | t  168.7s | sps   361] ret_mean=0.000 ep_len=500.0 pi_loss=-0.012 v_loss=0.000 ent=1.479 msg_acc=0.875 kl=0.0118
[upd  120 | steps   61440 | t  170.6s | sps   360] ret_mean=0.000 ep_len=500.0 pi_loss=-0.007 v_loss=0.022 ent=1.760 msg_acc=0.735 kl=0.0139
[upd  121 | steps   61952 | t  172.1s | sps   360] ret_mean=2.500 ep_len=500.0 pi_loss=-0.009 v_loss=0.000 ent=1.849 msg_acc=0.872 kl=0.0040
[upd  122 | steps   62464 | t  174.0s | sps   359] ret_mean=0.000 ep_len=500.0 pi_loss=-0.008 v_loss=0.001 ent=2.326 msg_acc=0.728 kl=0.0002
[upd  123 | steps   62976 | t  175.6s | sps   359] ret_mean=0.000 ep_len=500.0 pi_loss=-0.010 v_loss=0.022 ent=2.067 msg_acc=0.706 kl=0.0079
[upd  124 | steps   63488 | t  177.1s | sps   358] ret_mean=2.000 ep_len=500.0 pi_loss=-0.009 v_loss=0.001 ent=1.842 msg_acc=0.650 kl=0.0065
[upd  125 | steps   64000 | t  179.1s | sps   357] ret_mean=0.000 ep_len=500.0 pi_loss=-0.008 v_loss=0.000 ent=1.710 msg_acc=0.881 kl=0.0035
[upd  126 | steps   64512 | t  180.8s | sps   357] ret_mean=0.000 ep_len=500.0 pi_loss=-0.011 v_loss=0.000 ent=1.997 msg_acc=0.817 kl=0.0109
[upd  127 | steps   65024 | t  182.3s | sps   357] ret_mean=0.000 ep_len=500.0 pi_loss=-0.008 v_loss=0.001 ent=2.183 msg_acc=0.707 kl=0.0089
[upd  128 | steps   65536 | t  183.9s | sps   356] ret_mean=0.000 ep_len=500.0 pi_loss=-0.008 v_loss=0.001 ent=2.465 msg_acc=0.408 kl=0.0037
[upd  129 | steps   66048 | t  185.4s | sps   356] ret_mean=0.000 ep_len=500.0 pi_loss=-0.006 v_loss=0.000 ent=1.606 msg_acc=0.920 kl=0.0059
[upd  130 | steps   66560 | t  187.0s | sps   356] ret_mean=0.000 ep_len=500.0 pi_loss=-0.006 v_loss=0.000 ent=2.031 msg_acc=0.568 kl=0.0046
[upd  131 | steps   67072 | t  188.6s | sps   356] ret_mean=0.000 ep_len=500.0 pi_loss=-0.008 v_loss=0.164 ent=2.140 msg_acc=0.708 kl=0.0099
[upd  132 | steps   67584 | t  190.3s | sps   355] ret_mean=9.500 ep_len=500.0 pi_loss=-0.004 v_loss=0.021 ent=2.259 msg_acc=0.563 kl=0.0228
[upd  133 | steps   68096 | t  191.9s | sps   355] ret_mean=0.000 ep_len=500.0 pi_loss=-0.003 v_loss=0.002 ent=2.065 msg_acc=0.648 kl=0.0016
[upd  134 | steps   68608 | t  193.6s | sps   354] ret_mean=0.000 ep_len=500.0 pi_loss=-0.006 v_loss=0.002 ent=1.980 msg_acc=0.748 kl=0.0085
[upd  135 | steps   69120 | t  195.2s | sps   354] ret_mean=0.000 ep_len=500.0 pi_loss=-0.008 v_loss=0.001 ent=2.021 msg_acc=0.652 kl=0.0057
[upd  136 | steps   69632 | t  197.0s | sps   354] ret_mean=0.000 ep_len=500.0 pi_loss=-0.002 v_loss=0.001 ent=2.226 msg_acc=0.443 kl=0.0168
[upd  137 | steps   70144 | t  199.4s | sps   352] ret_mean=0.000 ep_len=500.0 pi_loss=-0.010 v_loss=0.001 ent=1.959 msg_acc=0.696 kl=0.0100
[upd  138 | steps   70656 | t  201.3s | sps   351] ret_mean=0.000 ep_len=500.0 pi_loss=-0.003 v_loss=0.171 ent=2.167 msg_acc=0.766 kl=0.0110
[upd  139 | steps   71168 | t  202.9s | sps   351] ret_mean=8.500 ep_len=500.0 pi_loss=-0.001 v_loss=0.000 ent=2.158 msg_acc=0.687 kl=0.0080
[upd  140 | steps   71680 | t  205.9s | sps   348] ret_mean=0.000 ep_len=500.0 pi_loss=0.002 v_loss=0.000 ent=2.437 msg_acc=0.936 kl=0.0232
[upd  141 | steps   72192 | t  208.1s | sps   347] ret_mean=0.000 ep_len=500.0 pi_loss=-0.006 v_loss=0.000 ent=1.846 msg_acc=0.733 kl=0.0076
[upd  142 | steps   72704 | t  209.9s | sps   346] ret_mean=0.000 ep_len=500.0 pi_loss=-0.014 v_loss=0.000 ent=1.801 msg_acc=0.890 kl=0.0019
[upd  143 | steps   73216 | t  210.9s | sps   347] ret_mean=0.000 ep_len=500.0 pi_loss=-0.004 v_loss=0.000 ent=2.045 msg_acc=0.647 kl=0.0034
[upd  144 | steps   73728 | t  212.7s | sps   347] ret_mean=0.000 ep_len=500.0 pi_loss=0.002 v_loss=0.000 ent=2.314 msg_acc=0.379 kl=0.0028
[upd  145 | steps   74240 | t  214.5s | sps   346] ret_mean=0.000 ep_len=500.0 pi_loss=-0.000 v_loss=0.000 ent=2.259 msg_acc=0.614 kl=0.0110
[upd  146 | steps   74752 | t  216.2s | sps   346] ret_mean=0.000 ep_len=500.0 pi_loss=-0.010 v_loss=0.000 ent=1.615 msg_acc=0.873 kl=0.0114
[upd  147 | steps   75264 | t  217.7s | sps   346] ret_mean=0.000 ep_len=500.0 pi_loss=-0.008 v_loss=0.000 ent=1.802 msg_acc=0.658 kl=0.0023
[upd  148 | steps   75776 | t  219.9s | sps   345] ret_mean=0.000 ep_len=500.0 pi_loss=0.006 v_loss=0.000 ent=2.670 msg_acc=0.321 kl=0.0112
[upd  149 | steps   76288 | t  221.6s | sps   344] ret_mean=5.000 ep_len=500.0 pi_loss=-0.004 v_loss=0.106 ent=2.348 msg_acc=0.605 kl=0.0293
[upd  150 | steps   76800 | t  225.4s | sps   341] ret_mean=7.500 ep_len=500.0 pi_loss=0.010 v_loss=0.143 ent=2.286 msg_acc=0.322 kl=0.0571
        [eval] ret_mean=0.000 ep_len=500.0
[upd  151 | steps   77312 | t  233.8s | sps   331] ret_mean=3.000 ep_len=500.0 pi_loss=0.012 v_loss=0.033 ent=1.944 msg_acc=0.501 kl=0.0269
[upd  152 | steps   77824 | t  234.6s | sps   332] ret_mean=1.000 ep_len=500.0 pi_loss=-0.005 v_loss=0.001 ent=2.292 msg_acc=0.263 kl=0.0114
[upd  153 | steps   78336 | t  235.2s | sps   333] ret_mean=4.000 ep_len=500.0 pi_loss=-0.010 v_loss=0.037 ent=2.432 msg_acc=0.567 kl=0.0096
[upd  154 | steps   78848 | t  236.0s | sps   334] ret_mean=0.000 ep_len=500.0 pi_loss=-0.009 v_loss=0.001 ent=1.610 msg_acc=0.983 kl=0.0053
[upd  155 | steps   79360 | t  237.2s | sps   335] ret_mean=0.000 ep_len=500.0 pi_loss=-0.009 v_loss=0.000 ent=1.595 msg_acc=0.840 kl=0.0199
[upd  156 | steps   79872 | t  238.5s | sps   335] ret_mean=10.000 ep_len=500.0 pi_loss=-0.001 v_loss=0.329 ent=1.819 msg_acc=0.614 kl=0.0164
[upd  157 | steps   80384 | t  239.9s | sps   335] ret_mean=1.500 ep_len=500.0 pi_loss=-0.009 v_loss=0.015 ent=2.480 msg_acc=0.371 kl=-0.0016
[upd  158 | steps   80896 | t  241.2s | sps   335] ret_mean=0.500 ep_len=500.0 pi_loss=-0.009 v_loss=0.005 ent=2.158 msg_acc=0.691 kl=0.0243
[upd  159 | steps   81408 | t  242.2s | sps   336] ret_mean=0.000 ep_len=500.0 pi_loss=-0.007 v_loss=0.056 ent=2.354 msg_acc=0.427 kl=0.0035
[upd  160 | steps   81920 | t  243.1s | sps   337] ret_mean=7.500 ep_len=500.0 pi_loss=-0.011 v_loss=0.012 ent=2.151 msg_acc=0.427 kl=0.0171
[upd  161 | steps   82432 | t  243.8s | sps   338] ret_mean=0.000 ep_len=500.0 pi_loss=-0.009 v_loss=0.008 ent=2.384 msg_acc=0.394 kl=0.0066
[upd  162 | steps   82944 | t  244.4s | sps   339] ret_mean=1.000 ep_len=500.0 pi_loss=-0.011 v_loss=0.067 ent=2.097 msg_acc=0.581 kl=0.0173
[upd  163 | steps   83456 | t  245.1s | sps   341] ret_mean=4.500 ep_len=500.0 pi_loss=-0.007 v_loss=0.008 ent=1.972 msg_acc=0.479 kl=0.0078
[upd  164 | steps   83968 | t  245.8s | sps   342] ret_mean=1.000 ep_len=500.0 pi_loss=-0.008 v_loss=0.002 ent=2.112 msg_acc=0.787 kl=0.0171
[upd  165 | steps   84480 | t  246.5s | sps   343] ret_mean=0.000 ep_len=500.0 pi_loss=-0.005 v_loss=0.001 ent=2.041 msg_acc=0.496 kl=0.0085
[upd  166 | steps   84992 | t  247.4s | sps   344] ret_mean=0.000 ep_len=500.0 pi_loss=-0.005 v_loss=0.031 ent=2.008 msg_acc=0.567 kl=0.0044
[upd  167 | steps   85504 | t  248.3s | sps   344] ret_mean=9.000 ep_len=500.0 pi_loss=-0.004 v_loss=0.160 ent=2.140 msg_acc=0.429 kl=0.0235
[upd  168 | steps   86016 | t  249.0s | sps   345] ret_mean=0.000 ep_len=500.0 pi_loss=-0.006 v_loss=0.003 ent=1.702 msg_acc=0.690 kl=0.0047
[upd  169 | steps   86528 | t  249.8s | sps   346] ret_mean=4.000 ep_len=500.0 pi_loss=-0.000 v_loss=0.071 ent=2.280 msg_acc=0.389 kl=0.0180
[upd  170 | steps   87040 | t  250.4s | sps   348] ret_mean=0.000 ep_len=500.0 pi_loss=-0.008 v_loss=0.001 ent=2.158 msg_acc=0.767 kl=0.0077
[upd  171 | steps   87552 | t  251.1s | sps   349] ret_mean=3.500 ep_len=500.0 pi_loss=-0.006 v_loss=0.062 ent=2.079 msg_acc=0.611 kl=0.0036
[upd  172 | steps   88064 | t  251.8s | sps   350] ret_mean=0.000 ep_len=500.0 pi_loss=-0.004 v_loss=0.002 ent=1.826 msg_acc=0.896 kl=0.0060
[upd  173 | steps   88576 | t  252.5s | sps   351] ret_mean=0.000 ep_len=500.0 pi_loss=-0.004 v_loss=0.010 ent=2.360 msg_acc=0.545 kl=0.0111
[upd  174 | steps   89088 | t  253.2s | sps   352] ret_mean=34.000 ep_len=500.0 pi_loss=-0.012 v_loss=1.329 ent=1.791 msg_acc=0.594 kl=0.0096
[upd  175 | steps   89600 | t  253.9s | sps   353] ret_mean=25.000 ep_len=500.0 pi_loss=0.003 v_loss=0.865 ent=1.769 msg_acc=0.440 kl=0.0116
[upd  176 | steps   90112 | t  254.7s | sps   354] ret_mean=13.500 ep_len=500.0 pi_loss=-0.012 v_loss=0.411 ent=1.838 msg_acc=0.566 kl=0.0208
[upd  177 | steps   90624 | t  255.4s | sps   355] ret_mean=0.000 ep_len=500.0 pi_loss=-0.004 v_loss=0.007 ent=1.779 msg_acc=0.609 kl=0.0156
[upd  178 | steps   91136 | t  256.0s | sps   356] ret_mean=0.000 ep_len=500.0 pi_loss=-0.006 v_loss=0.002 ent=2.022 msg_acc=0.757 kl=0.0040
[upd  179 | steps   91648 | t  256.6s | sps   357] ret_mean=0.000 ep_len=500.0 pi_loss=-0.015 v_loss=0.001 ent=1.330 msg_acc=0.825 kl=0.0082
[upd  180 | steps   92160 | t  257.3s | sps   358] ret_mean=0.000 ep_len=500.0 pi_loss=-0.005 v_loss=0.007 ent=1.770 msg_acc=0.667 kl=0.0166
[upd  181 | steps   92672 | t  258.1s | sps   359] ret_mean=1.500 ep_len=500.0 pi_loss=0.002 v_loss=0.003 ent=1.739 msg_acc=0.674 kl=0.0122
[upd  182 | steps   93184 | t  258.8s | sps   360] ret_mean=0.000 ep_len=500.0 pi_loss=-0.007 v_loss=0.000 ent=1.209 msg_acc=0.768 kl=0.0061
[upd  183 | steps   93696 | t  259.5s | sps   361] ret_mean=0.000 ep_len=500.0 pi_loss=-0.007 v_loss=0.000 ent=1.939 msg_acc=0.845 kl=0.0095
[upd  184 | steps   94208 | t  260.2s | sps   362] ret_mean=0.000 ep_len=500.0 pi_loss=-0.010 v_loss=0.004 ent=2.311 msg_acc=0.453 kl=0.0116
[upd  185 | steps   94720 | t  261.0s | sps   363] ret_mean=1.000 ep_len=500.0 pi_loss=-0.001 v_loss=0.017 ent=2.266 msg_acc=0.517 kl=0.0126
[upd  186 | steps   95232 | t  261.9s | sps   364] ret_mean=2.500 ep_len=500.0 pi_loss=-0.010 v_loss=0.001 ent=1.580 msg_acc=0.765 kl=0.0308
[upd  187 | steps   95744 | t  262.6s | sps   365] ret_mean=0.000 ep_len=500.0 pi_loss=-0.000 v_loss=0.001 ent=2.123 msg_acc=0.465 kl=0.0262
[upd  188 | steps   96256 | t  263.2s | sps   366] ret_mean=0.000 ep_len=500.0 pi_loss=-0.006 v_loss=0.184 ent=2.294 msg_acc=0.320 kl=0.0148
[upd  189 | steps   96768 | t  263.9s | sps   367] ret_mean=20.500 ep_len=500.0 pi_loss=-0.000 v_loss=0.241 ent=1.940 msg_acc=0.959 kl=0.0180
[upd  190 | steps   97280 | t  264.6s | sps   368] ret_mean=0.000 ep_len=500.0 pi_loss=-0.007 v_loss=0.048 ent=2.208 msg_acc=0.803 kl=0.0046
[upd  191 | steps   97792 | t  265.2s | sps   369] ret_mean=3.000 ep_len=500.0 pi_loss=-0.004 v_loss=0.003 ent=1.777 msg_acc=0.380 kl=0.0039
[upd  192 | steps   98304 | t  265.9s | sps   370] ret_mean=0.500 ep_len=500.0 pi_loss=-0.004 v_loss=0.014 ent=1.713 msg_acc=0.532 kl=0.0140
[upd  193 | steps   98816 | t  266.6s | sps   371] ret_mean=0.000 ep_len=500.0 pi_loss=-0.006 v_loss=0.003 ent=1.724 msg_acc=0.744 kl=0.0111
[upd  194 | steps   99328 | t  267.2s | sps   372] ret_mean=0.000 ep_len=500.0 pi_loss=0.005 v_loss=0.001 ent=2.201 msg_acc=0.382 kl=0.0066
[upd  195 | steps   99840 | t  268.0s | sps   373] ret_mean=5.000 ep_len=500.0 pi_loss=-0.006 v_loss=0.062 ent=1.920 msg_acc=0.546 kl=0.0146
[upd  196 | steps  100352 | t  268.6s | sps   374] ret_mean=9.500 ep_len=500.0 pi_loss=0.007 v_loss=0.428 ent=2.110 msg_acc=0.262 kl=0.0135
[upd  197 | steps  100864 | t  269.3s | sps   375] ret_mean=53.500 ep_len=500.0 pi_loss=0.001 v_loss=1.830 ent=1.659 msg_acc=0.326 kl=0.0208
[upd  198 | steps  101376 | t  269.9s | sps   376] ret_mean=32.500 ep_len=500.0 pi_loss=-0.003 v_loss=1.138 ent=2.108 msg_acc=0.188 kl=0.0151
[upd  199 | steps  101888 | t  270.6s | sps   377] ret_mean=4.000 ep_len=500.0 pi_loss=-0.013 v_loss=0.014 ent=2.147 msg_acc=0.381 kl=0.0155
[upd  200 | steps  102400 | t  271.2s | sps   378] ret_mean=0.000 ep_len=500.0 pi_loss=-0.009 v_loss=0.021 ent=0.927 msg_acc=0.791 kl=0.0197
        [eval] ret_mean=0.000 ep_len=500.0
