$ /Users/praneelkhiantani/Downloads/cs2860/.venv/bin/python3 -m policies.train --env rware-tiny-2ag-easy-v2 --seed 2 --updates 200 --rollout 512 --eval-every 50 --eval-episodes 10 --log-dir matrix_results/intent_grounded_v1_pilot/rware-tiny-2ag-easy-v2 --run-name mappo-comm__baseline__d0__s2 --n-msg-tokens 8 --shape-rewards --pickup-bonus 0.5

[env] EnvSpec(env_id='rware-tiny-2ag-easy-v2', n_agents=2, obs_dim=71, n_env_actions=5, noop_action=0, family='rware')  (n_msg_tokens=8)
[cfg] {'clip_range': 0.2, 'value_clip_range': 0.2, 'entropy_coef': 0.01, 'value_coef': 0.5, 'max_grad_norm': 0.5, 'gamma': 0.99, 'gae_lambda': 0.95, 'lr_actor': 0.0003, 'lr_critic': 0.001, 'update_epochs': 4, 'minibatches': 4, 'hidden': 128, 'depth': 2, 'device': 'cpu', 'message_grounding_coef': 0.0, 'extra': {}}
[log] writing to matrix_results/intent_grounded_v1_pilot/rware-tiny-2ag-easy-v2/mappo-comm__baseline__d0__s2
[upd    1 | steps     512 | t    0.7s | sps   701] ret_mean=2.500 ep_len=500.0 pi_loss=-0.018 v_loss=0.057 ent=3.685 msg_acc=0.000 kl=0.0044
[upd    2 | steps    1024 | t    1.9s | sps   553] ret_mean=1.500 ep_len=500.0 pi_loss=-0.008 v_loss=0.016 ent=3.678 msg_acc=0.000 kl=0.0034
[upd    3 | steps    1536 | t    2.7s | sps   579] ret_mean=3.000 ep_len=500.0 pi_loss=-0.012 v_loss=0.027 ent=3.660 msg_acc=0.000 kl=0.0034
[upd    4 | steps    2048 | t    3.4s | sps   602] ret_mean=0.500 ep_len=500.0 pi_loss=-0.012 v_loss=0.006 ent=3.650 msg_acc=0.000 kl=0.0098
[upd    5 | steps    2560 | t    4.6s | sps   552] ret_mean=5.500 ep_len=500.0 pi_loss=-0.011 v_loss=0.038 ent=3.628 msg_acc=0.000 kl=0.0092
[upd    6 | steps    3072 | t    5.6s | sps   547] ret_mean=0.000 ep_len=500.0 pi_loss=-0.010 v_loss=0.003 ent=3.608 msg_acc=0.000 kl=0.0051
[upd    7 | steps    3584 | t    6.3s | sps   566] ret_mean=4.000 ep_len=500.0 pi_loss=-0.011 v_loss=0.021 ent=3.578 msg_acc=0.000 kl=0.0081
[upd    8 | steps    4096 | t    7.0s | sps   581] ret_mean=0.000 ep_len=500.0 pi_loss=-0.007 v_loss=0.009 ent=3.580 msg_acc=0.000 kl=0.0054
[upd    9 | steps    4608 | t    8.1s | sps   567] ret_mean=2.000 ep_len=500.0 pi_loss=-0.009 v_loss=0.018 ent=3.591 msg_acc=0.000 kl=0.0005
[upd   10 | steps    5120 | t    9.1s | sps   560] ret_mean=0.000 ep_len=500.0 pi_loss=-0.011 v_loss=0.006 ent=3.560 msg_acc=0.000 kl=0.0088
[upd   11 | steps    5632 | t    9.9s | sps   568] ret_mean=0.500 ep_len=500.0 pi_loss=-0.015 v_loss=0.002 ent=3.614 msg_acc=0.000 kl=0.0116
[upd   12 | steps    6144 | t   10.6s | sps   579] ret_mean=0.000 ep_len=500.0 pi_loss=-0.013 v_loss=0.017 ent=3.605 msg_acc=0.000 kl=0.0017
[upd   13 | steps    6656 | t   11.3s | sps   591] ret_mean=2.000 ep_len=500.0 pi_loss=-0.010 v_loss=0.015 ent=3.603 msg_acc=0.000 kl=0.0036
[upd   14 | steps    7168 | t   12.2s | sps   588] ret_mean=3.500 ep_len=500.0 pi_loss=-0.015 v_loss=0.018 ent=3.637 msg_acc=0.000 kl=-0.0000
[upd   15 | steps    7680 | t   13.1s | sps   584] ret_mean=1.500 ep_len=500.0 pi_loss=-0.013 v_loss=0.002 ent=3.618 msg_acc=0.000 kl=0.0000
[upd   16 | steps    8192 | t   14.1s | sps   581] ret_mean=2.000 ep_len=500.0 pi_loss=-0.011 v_loss=0.016 ent=3.629 msg_acc=0.000 kl=0.0135
[upd   17 | steps    8704 | t   15.0s | sps   581] ret_mean=0.000 ep_len=500.0 pi_loss=-0.017 v_loss=0.104 ent=3.620 msg_acc=0.000 kl=0.0046
[upd   18 | steps    9216 | t   15.6s | sps   590] ret_mean=7.000 ep_len=500.0 pi_loss=-0.014 v_loss=0.002 ent=3.588 msg_acc=0.000 kl=-0.0012
[upd   19 | steps    9728 | t   16.3s | sps   598] ret_mean=3.000 ep_len=500.0 pi_loss=-0.014 v_loss=0.032 ent=3.573 msg_acc=0.000 kl=0.0162
[upd   20 | steps   10240 | t   16.9s | sps   605] ret_mean=3.500 ep_len=500.0 pi_loss=-0.016 v_loss=0.049 ent=3.568 msg_acc=0.000 kl=0.0100
[upd   21 | steps   10752 | t   17.6s | sps   611] ret_mean=4.500 ep_len=500.0 pi_loss=-0.013 v_loss=0.013 ent=3.580 msg_acc=0.000 kl=0.0052
[upd   22 | steps   11264 | t   18.3s | sps   614] ret_mean=0.000 ep_len=500.0 pi_loss=-0.016 v_loss=0.013 ent=3.541 msg_acc=0.000 kl=0.0136
[upd   23 | steps   11776 | t   19.0s | sps   619] ret_mean=4.000 ep_len=500.0 pi_loss=-0.008 v_loss=0.026 ent=3.539 msg_acc=0.000 kl=0.0060
[upd   24 | steps   12288 | t   19.6s | sps   626] ret_mean=0.000 ep_len=500.0 pi_loss=-0.011 v_loss=0.002 ent=3.561 msg_acc=0.000 kl=0.0021
[upd   25 | steps   12800 | t   20.3s | sps   632] ret_mean=1.500 ep_len=500.0 pi_loss=-0.009 v_loss=0.011 ent=3.539 msg_acc=0.000 kl=0.0031
[upd   26 | steps   13312 | t   20.9s | sps   638] ret_mean=0.000 ep_len=500.0 pi_loss=-0.009 v_loss=0.001 ent=3.522 msg_acc=0.000 kl=0.0090
[upd   27 | steps   13824 | t   21.6s | sps   641] ret_mean=0.000 ep_len=500.0 pi_loss=-0.010 v_loss=0.011 ent=3.503 msg_acc=0.000 kl=0.0012
[upd   28 | steps   14336 | t   22.3s | sps   642] ret_mean=1.500 ep_len=500.0 pi_loss=-0.011 v_loss=0.001 ent=3.496 msg_acc=0.000 kl=0.0037
[upd   29 | steps   14848 | t   23.0s | sps   647] ret_mean=0.000 ep_len=500.0 pi_loss=-0.011 v_loss=0.002 ent=3.492 msg_acc=0.000 kl=0.0027
[upd   30 | steps   15360 | t   23.6s | sps   651] ret_mean=0.000 ep_len=500.0 pi_loss=-0.011 v_loss=0.001 ent=3.488 msg_acc=0.000 kl=0.0075
[upd   31 | steps   15872 | t   24.2s | sps   655] ret_mean=1.500 ep_len=500.0 pi_loss=-0.011 v_loss=0.012 ent=3.472 msg_acc=0.000 kl=0.0097
[upd   32 | steps   16384 | t   24.9s | sps   659] ret_mean=0.000 ep_len=500.0 pi_loss=-0.014 v_loss=0.001 ent=3.534 msg_acc=0.000 kl=0.0036
[upd   33 | steps   16896 | t   25.5s | sps   663] ret_mean=1.000 ep_len=500.0 pi_loss=-0.011 v_loss=0.007 ent=3.494 msg_acc=0.000 kl=0.0071
[upd   34 | steps   17408 | t   26.1s | sps   667] ret_mean=0.000 ep_len=500.0 pi_loss=-0.017 v_loss=0.001 ent=3.518 msg_acc=0.000 kl=0.0013
[upd   35 | steps   17920 | t   26.7s | sps   670] ret_mean=0.000 ep_len=500.0 pi_loss=-0.011 v_loss=0.001 ent=3.504 msg_acc=0.000 kl=0.0050
[upd   36 | steps   18432 | t   27.4s | sps   674] ret_mean=0.000 ep_len=500.0 pi_loss=-0.015 v_loss=0.009 ent=3.531 msg_acc=0.000 kl=0.0032
[upd   37 | steps   18944 | t   28.0s | sps   677] ret_mean=4.000 ep_len=500.0 pi_loss=-0.015 v_loss=0.031 ent=3.565 msg_acc=0.000 kl=0.0070
[upd   38 | steps   19456 | t   28.6s | sps   680] ret_mean=0.000 ep_len=500.0 pi_loss=-0.014 v_loss=0.017 ent=3.526 msg_acc=0.000 kl=0.0146
[upd   39 | steps   19968 | t   29.2s | sps   683] ret_mean=2.500 ep_len=500.0 pi_loss=-0.015 v_loss=0.011 ent=3.532 msg_acc=0.000 kl=0.0084
[upd   40 | steps   20480 | t   29.9s | sps   686] ret_mean=2.000 ep_len=500.0 pi_loss=-0.012 v_loss=0.025 ent=3.511 msg_acc=0.000 kl=0.0088
[upd   41 | steps   20992 | t   30.4s | sps   690] ret_mean=2.500 ep_len=500.0 pi_loss=-0.014 v_loss=0.116 ent=3.515 msg_acc=0.000 kl=0.0051
[upd   42 | steps   21504 | t   31.1s | sps   692] ret_mean=4.000 ep_len=500.0 pi_loss=-0.016 v_loss=0.013 ent=3.478 msg_acc=0.000 kl=0.0114
[upd   43 | steps   22016 | t   31.7s | sps   694] ret_mean=7.500 ep_len=500.0 pi_loss=-0.010 v_loss=0.119 ent=3.454 msg_acc=0.000 kl=0.0074
[upd   44 | steps   22528 | t   32.3s | sps   698] ret_mean=0.000 ep_len=500.0 pi_loss=-0.010 v_loss=0.002 ent=3.450 msg_acc=0.000 kl=0.0085
[upd   45 | steps   23040 | t   32.9s | sps   701] ret_mean=0.000 ep_len=500.0 pi_loss=-0.011 v_loss=0.025 ent=3.433 msg_acc=0.000 kl=0.0078
[upd   46 | steps   23552 | t   33.7s | sps   700] ret_mean=7.500 ep_len=500.0 pi_loss=-0.010 v_loss=0.061 ent=3.399 msg_acc=0.000 kl=0.0065
[upd   47 | steps   24064 | t   34.3s | sps   702] ret_mean=3.500 ep_len=500.0 pi_loss=-0.013 v_loss=0.034 ent=3.396 msg_acc=0.000 kl=0.0145
[upd   48 | steps   24576 | t   34.9s | sps   704] ret_mean=4.500 ep_len=500.0 pi_loss=-0.009 v_loss=0.069 ent=3.496 msg_acc=0.000 kl=0.0021
[upd   49 | steps   25088 | t   35.5s | sps   707] ret_mean=10.000 ep_len=500.0 pi_loss=-0.014 v_loss=0.232 ent=3.447 msg_acc=0.000 kl=0.0097
[upd   50 | steps   25600 | t   36.1s | sps   710] ret_mean=0.000 ep_len=500.0 pi_loss=-0.020 v_loss=0.002 ent=3.481 msg_acc=0.000 kl=0.0104
        [eval] ret_mean=0.000 ep_len=500.0
[upd   51 | steps   26112 | t   41.5s | sps   629] ret_mean=0.000 ep_len=500.0 pi_loss=-0.014 v_loss=0.004 ent=3.410 msg_acc=0.000 kl=0.0094
[upd   52 | steps   26624 | t   42.1s | sps   632] ret_mean=21.000 ep_len=500.0 pi_loss=-0.014 v_loss=0.686 ent=3.410 msg_acc=0.000 kl=0.0038
[upd   53 | steps   27136 | t   42.7s | sps   635] ret_mean=0.000 ep_len=500.0 pi_loss=-0.011 v_loss=0.003 ent=3.442 msg_acc=0.000 kl=0.0054
[upd   54 | steps   27648 | t   43.3s | sps   638] ret_mean=4.500 ep_len=500.0 pi_loss=-0.016 v_loss=0.065 ent=3.434 msg_acc=0.000 kl=0.0107
[upd   55 | steps   28160 | t   43.9s | sps   641] ret_mean=9.500 ep_len=500.0 pi_loss=-0.013 v_loss=0.210 ent=3.428 msg_acc=0.000 kl=0.0119
[upd   56 | steps   28672 | t   44.5s | sps   644] ret_mean=32.000 ep_len=500.0 pi_loss=-0.010 v_loss=0.694 ent=3.340 msg_acc=0.000 kl=0.0078
[upd   57 | steps   29184 | t   45.2s | sps   646] ret_mean=0.000 ep_len=500.0 pi_loss=-0.012 v_loss=0.010 ent=3.393 msg_acc=0.000 kl=0.0164
[upd   58 | steps   29696 | t   45.8s | sps   648] ret_mean=11.000 ep_len=500.0 pi_loss=-0.010 v_loss=0.131 ent=3.359 msg_acc=0.000 kl=0.0078
[upd   59 | steps   30208 | t   46.4s | sps   651] ret_mean=0.500 ep_len=500.0 pi_loss=-0.012 v_loss=0.004 ent=3.402 msg_acc=0.000 kl=-0.0018
[upd   60 | steps   30720 | t   47.0s | sps   653] ret_mean=0.000 ep_len=500.0 pi_loss=-0.008 v_loss=0.003 ent=3.322 msg_acc=0.000 kl=0.0028
[upd   61 | steps   31232 | t   47.7s | sps   655] ret_mean=0.000 ep_len=500.0 pi_loss=-0.013 v_loss=0.003 ent=3.388 msg_acc=0.000 kl=0.0136
[upd   62 | steps   31744 | t   48.4s | sps   656] ret_mean=0.000 ep_len=500.0 pi_loss=-0.009 v_loss=0.002 ent=3.344 msg_acc=0.000 kl=-0.0026
[upd   63 | steps   32256 | t   49.2s | sps   656] ret_mean=0.000 ep_len=500.0 pi_loss=-0.012 v_loss=0.002 ent=3.360 msg_acc=0.000 kl=0.0049
[upd   64 | steps   32768 | t   49.8s | sps   658] ret_mean=0.000 ep_len=500.0 pi_loss=-0.012 v_loss=0.002 ent=3.364 msg_acc=0.000 kl=-0.0032
[upd   65 | steps   33280 | t   50.4s | sps   661] ret_mean=0.000 ep_len=500.0 pi_loss=-0.017 v_loss=0.002 ent=3.351 msg_acc=0.000 kl=0.0063
[upd   66 | steps   33792 | t   51.0s | sps   663] ret_mean=16.500 ep_len=500.0 pi_loss=-0.012 v_loss=0.354 ent=3.322 msg_acc=0.000 kl=0.0102
[upd   67 | steps   34304 | t   51.6s | sps   665] ret_mean=0.000 ep_len=500.0 pi_loss=-0.015 v_loss=0.002 ent=3.382 msg_acc=0.000 kl=0.0214
[upd   68 | steps   34816 | t   52.2s | sps   667] ret_mean=5.000 ep_len=500.0 pi_loss=-0.015 v_loss=0.128 ent=3.367 msg_acc=0.000 kl=0.0165
[upd   69 | steps   35328 | t   52.8s | sps   669] ret_mean=22.000 ep_len=500.0 pi_loss=-0.010 v_loss=0.378 ent=3.305 msg_acc=0.000 kl=0.0033
[upd   70 | steps   35840 | t   53.5s | sps   670] ret_mean=0.000 ep_len=500.0 pi_loss=-0.017 v_loss=0.005 ent=3.291 msg_acc=0.000 kl=0.0004
[upd   71 | steps   36352 | t   54.1s | sps   672] ret_mean=0.000 ep_len=500.0 pi_loss=-0.014 v_loss=0.004 ent=3.309 msg_acc=0.000 kl=0.0104
[upd   72 | steps   36864 | t   54.7s | sps   674] ret_mean=0.000 ep_len=500.0 pi_loss=-0.017 v_loss=0.011 ent=3.324 msg_acc=0.000 kl=0.0174
[upd   73 | steps   37376 | t   55.5s | sps   673] ret_mean=1.000 ep_len=500.0 pi_loss=-0.010 v_loss=0.009 ent=3.279 msg_acc=0.000 kl=0.0039
[upd   74 | steps   37888 | t   56.2s | sps   674] ret_mean=1.500 ep_len=500.0 pi_loss=-0.013 v_loss=0.003 ent=3.338 msg_acc=0.000 kl=0.0081
[upd   75 | steps   38400 | t   56.8s | sps   676] ret_mean=0.000 ep_len=500.0 pi_loss=-0.009 v_loss=0.002 ent=3.308 msg_acc=0.000 kl=0.0078
[upd   76 | steps   38912 | t   57.4s | sps   678] ret_mean=0.000 ep_len=500.0 pi_loss=-0.014 v_loss=0.001 ent=3.228 msg_acc=0.000 kl=0.0051
[upd   77 | steps   39424 | t   58.1s | sps   679] ret_mean=2.500 ep_len=500.0 pi_loss=-0.010 v_loss=0.112 ent=3.280 msg_acc=0.000 kl=0.0108
[upd   78 | steps   39936 | t   58.7s | sps   681] ret_mean=9.000 ep_len=500.0 pi_loss=-0.010 v_loss=0.024 ent=3.259 msg_acc=0.000 kl=0.0100
[upd   79 | steps   40448 | t   59.3s | sps   682] ret_mean=0.000 ep_len=500.0 pi_loss=-0.009 v_loss=0.004 ent=3.303 msg_acc=0.000 kl=0.0071
[upd   80 | steps   40960 | t   59.9s | sps   684] ret_mean=0.000 ep_len=500.0 pi_loss=-0.012 v_loss=0.002 ent=3.284 msg_acc=0.000 kl=0.0035
[upd   81 | steps   41472 | t   60.5s | sps   686] ret_mean=1.500 ep_len=500.0 pi_loss=-0.013 v_loss=0.662 ent=3.218 msg_acc=0.000 kl=0.0022
[upd   82 | steps   41984 | t   61.1s | sps   687] ret_mean=41.000 ep_len=500.0 pi_loss=-0.015 v_loss=0.583 ent=3.147 msg_acc=0.000 kl=0.0108
[upd   83 | steps   42496 | t   61.8s | sps   687] ret_mean=0.000 ep_len=500.0 pi_loss=-0.015 v_loss=0.007 ent=3.220 msg_acc=0.000 kl=0.0110
[upd   84 | steps   43008 | t   62.9s | sps   684] ret_mean=1.000 ep_len=500.0 pi_loss=-0.012 v_loss=0.101 ent=3.250 msg_acc=0.000 kl=0.0073
[upd   85 | steps   43520 | t   64.0s | sps   681] ret_mean=7.500 ep_len=500.0 pi_loss=-0.014 v_loss=0.238 ent=3.212 msg_acc=0.000 kl=0.0069
[upd   86 | steps   44032 | t   64.9s | sps   678] ret_mean=24.000 ep_len=500.0 pi_loss=-0.010 v_loss=0.723 ent=3.126 msg_acc=0.000 kl=0.0102
[upd   87 | steps   44544 | t   65.8s | sps   677] ret_mean=27.500 ep_len=500.0 pi_loss=-0.018 v_loss=0.231 ent=3.160 msg_acc=0.000 kl=0.0124
[upd   88 | steps   45056 | t   66.7s | sps   676] ret_mean=10.000 ep_len=500.0 pi_loss=-0.011 v_loss=0.235 ent=3.207 msg_acc=0.000 kl=0.0079
[upd   89 | steps   45568 | t   67.5s | sps   675] ret_mean=10.500 ep_len=500.0 pi_loss=-0.008 v_loss=0.009 ent=3.227 msg_acc=0.000 kl=0.0025
[upd   90 | steps   46080 | t   68.3s | sps   675] ret_mean=0.000 ep_len=500.0 pi_loss=-0.013 v_loss=0.855 ent=3.063 msg_acc=0.000 kl=0.0231
[upd   91 | steps   46592 | t   69.1s | sps   675] ret_mean=31.000 ep_len=500.0 pi_loss=-0.014 v_loss=0.004 ent=3.246 msg_acc=0.000 kl=0.0064
[upd   92 | steps   47104 | t   70.0s | sps   673] ret_mean=0.000 ep_len=500.0 pi_loss=-0.006 v_loss=0.003 ent=3.254 msg_acc=0.000 kl=0.0022
[upd   93 | steps   47616 | t   70.8s | sps   672] ret_mean=0.000 ep_len=500.0 pi_loss=-0.013 v_loss=0.003 ent=3.235 msg_acc=0.000 kl=0.0036
[upd   94 | steps   48128 | t   71.7s | sps   672] ret_mean=0.000 ep_len=500.0 pi_loss=-0.013 v_loss=0.003 ent=3.244 msg_acc=0.000 kl=0.0077
[upd   95 | steps   48640 | t   72.5s | sps   671] ret_mean=0.000 ep_len=500.0 pi_loss=-0.011 v_loss=0.004 ent=3.238 msg_acc=0.000 kl=0.0080
[upd   96 | steps   49152 | t   73.6s | sps   668] ret_mean=0.500 ep_len=500.0 pi_loss=-0.017 v_loss=0.006 ent=3.274 msg_acc=0.000 kl=0.0064
[upd   97 | steps   49664 | t   74.4s | sps   668] ret_mean=5.500 ep_len=500.0 pi_loss=-0.007 v_loss=0.090 ent=3.226 msg_acc=0.000 kl=0.0015
[upd   98 | steps   50176 | t   75.2s | sps   668] ret_mean=0.000 ep_len=500.0 pi_loss=-0.011 v_loss=0.003 ent=3.265 msg_acc=0.000 kl=0.0074
[upd   99 | steps   50688 | t   76.0s | sps   667] ret_mean=0.000 ep_len=500.0 pi_loss=-0.015 v_loss=0.017 ent=3.137 msg_acc=0.000 kl=-0.0066
[upd  100 | steps   51200 | t   76.7s | sps   667] ret_mean=3.500 ep_len=500.0 pi_loss=-0.016 v_loss=0.006 ent=3.284 msg_acc=0.000 kl=0.0181
        [eval] ret_mean=12.500 ep_len=500.0
[upd  101 | steps   51712 | t   82.2s | sps   629] ret_mean=23.500 ep_len=500.0 pi_loss=-0.014 v_loss=0.381 ent=3.237 msg_acc=0.000 kl=0.0054
[upd  102 | steps   52224 | t   82.8s | sps   631] ret_mean=0.000 ep_len=500.0 pi_loss=-0.015 v_loss=0.002 ent=3.215 msg_acc=0.000 kl=0.0113
[upd  103 | steps   52736 | t   83.4s | sps   632] ret_mean=12.500 ep_len=500.0 pi_loss=-0.021 v_loss=0.101 ent=2.944 msg_acc=0.000 kl=0.0113
[upd  104 | steps   53248 | t   84.0s | sps   634] ret_mean=54.500 ep_len=500.0 pi_loss=-0.020 v_loss=2.084 ent=2.774 msg_acc=0.000 kl=0.0067
[upd  105 | steps   53760 | t   84.6s | sps   635] ret_mean=66.000 ep_len=500.0 pi_loss=-0.016 v_loss=1.962 ent=3.113 msg_acc=0.000 kl=0.0079
[upd  106 | steps   54272 | t   85.2s | sps   637] ret_mean=0.000 ep_len=500.0 pi_loss=-0.010 v_loss=0.008 ent=3.097 msg_acc=0.000 kl=0.0076
[upd  107 | steps   54784 | t   85.8s | sps   638] ret_mean=0.000 ep_len=500.0 pi_loss=-0.012 v_loss=0.005 ent=3.071 msg_acc=0.000 kl=0.0088
[upd  108 | steps   55296 | t   86.5s | sps   640] ret_mean=84.500 ep_len=500.0 pi_loss=-0.017 v_loss=3.651 ent=2.795 msg_acc=0.000 kl=0.0164
[upd  109 | steps   55808 | t   87.1s | sps   641] ret_mean=0.000 ep_len=500.0 pi_loss=-0.017 v_loss=0.021 ent=2.934 msg_acc=0.000 kl=0.0270
[upd  110 | steps   56320 | t   87.8s | sps   642] ret_mean=0.000 ep_len=500.0 pi_loss=-0.013 v_loss=0.014 ent=2.947 msg_acc=0.000 kl=0.0020
[upd  111 | steps   56832 | t   88.4s | sps   643] ret_mean=0.000 ep_len=500.0 pi_loss=-0.013 v_loss=0.009 ent=2.893 msg_acc=0.000 kl=0.0045
[upd  112 | steps   57344 | t   89.1s | sps   644] ret_mean=0.000 ep_len=500.0 pi_loss=-0.015 v_loss=0.010 ent=2.543 msg_acc=0.000 kl=0.0141
[upd  113 | steps   57856 | t   89.7s | sps   645] ret_mean=55.000 ep_len=500.0 pi_loss=-0.012 v_loss=2.405 ent=2.755 msg_acc=0.000 kl=0.0188
[upd  114 | steps   58368 | t   90.3s | sps   647] ret_mean=0.000 ep_len=500.0 pi_loss=-0.014 v_loss=0.007 ent=3.093 msg_acc=0.000 kl=0.0028
[upd  115 | steps   58880 | t   90.9s | sps   648] ret_mean=21.500 ep_len=500.0 pi_loss=-0.014 v_loss=0.783 ent=2.784 msg_acc=0.000 kl=0.0090
[upd  116 | steps   59392 | t   91.5s | sps   649] ret_mean=12.000 ep_len=500.0 pi_loss=-0.010 v_loss=0.319 ent=2.910 msg_acc=0.000 kl=0.0122
[upd  117 | steps   59904 | t   92.2s | sps   650] ret_mean=0.000 ep_len=500.0 pi_loss=-0.012 v_loss=0.011 ent=3.140 msg_acc=0.000 kl=0.0043
[upd  118 | steps   60416 | t   92.8s | sps   651] ret_mean=35.500 ep_len=500.0 pi_loss=-0.013 v_loss=1.268 ent=2.993 msg_acc=0.000 kl=0.0149
[upd  119 | steps   60928 | t   93.5s | sps   652] ret_mean=0.000 ep_len=500.0 pi_loss=-0.012 v_loss=0.008 ent=2.987 msg_acc=0.000 kl=0.0093
[upd  120 | steps   61440 | t   94.1s | sps   653] ret_mean=0.000 ep_len=500.0 pi_loss=-0.012 v_loss=0.009 ent=2.886 msg_acc=0.000 kl=0.0070
[upd  121 | steps   61952 | t   94.7s | sps   654] ret_mean=0.000 ep_len=500.0 pi_loss=-0.016 v_loss=0.004 ent=2.926 msg_acc=0.000 kl=0.0089
[upd  122 | steps   62464 | t   95.3s | sps   655] ret_mean=0.000 ep_len=500.0 pi_loss=-0.014 v_loss=0.003 ent=2.900 msg_acc=0.000 kl=0.0140
[upd  123 | steps   62976 | t   95.9s | sps   657] ret_mean=0.000 ep_len=500.0 pi_loss=-0.009 v_loss=1.769 ent=2.799 msg_acc=0.000 kl=0.0055
[upd  124 | steps   63488 | t   96.5s | sps   658] ret_mean=88.500 ep_len=500.0 pi_loss=-0.010 v_loss=1.586 ent=2.867 msg_acc=0.000 kl=0.0024
[upd  125 | steps   64000 | t   97.1s | sps   659] ret_mean=0.000 ep_len=500.0 pi_loss=-0.011 v_loss=0.008 ent=2.939 msg_acc=0.000 kl=0.0047
[upd  126 | steps   64512 | t   97.7s | sps   660] ret_mean=0.000 ep_len=500.0 pi_loss=-0.011 v_loss=0.007 ent=2.994 msg_acc=0.000 kl=0.0146
[upd  127 | steps   65024 | t   98.3s | sps   661] ret_mean=0.000 ep_len=500.0 pi_loss=-0.008 v_loss=0.006 ent=3.009 msg_acc=0.000 kl=0.0058
[upd  128 | steps   65536 | t   98.9s | sps   663] ret_mean=0.000 ep_len=500.0 pi_loss=-0.015 v_loss=1.937 ent=2.939 msg_acc=0.000 kl=0.0105
[upd  129 | steps   66048 | t   99.5s | sps   664] ret_mean=78.000 ep_len=500.0 pi_loss=-0.012 v_loss=1.127 ent=2.890 msg_acc=0.000 kl=0.0069
[upd  130 | steps   66560 | t  100.2s | sps   664] ret_mean=0.000 ep_len=500.0 pi_loss=-0.011 v_loss=2.105 ent=2.742 msg_acc=0.000 kl=0.0105
[upd  131 | steps   67072 | t  101.0s | sps   664] ret_mean=44.000 ep_len=500.0 pi_loss=-0.014 v_loss=1.665 ent=2.877 msg_acc=0.000 kl=0.0146
[upd  132 | steps   67584 | t  101.6s | sps   665] ret_mean=67.000 ep_len=500.0 pi_loss=-0.011 v_loss=1.180 ent=2.762 msg_acc=0.000 kl=0.0106
[upd  133 | steps   68096 | t  102.3s | sps   665] ret_mean=0.000 ep_len=500.0 pi_loss=-0.014 v_loss=0.009 ent=3.061 msg_acc=0.000 kl=0.0100
[upd  134 | steps   68608 | t  103.1s | sps   666] ret_mean=0.000 ep_len=500.0 pi_loss=-0.012 v_loss=0.020 ent=2.761 msg_acc=0.000 kl=0.0086
[upd  135 | steps   69120 | t  103.7s | sps   666] ret_mean=1.500 ep_len=500.0 pi_loss=-0.017 v_loss=0.002 ent=2.875 msg_acc=0.000 kl=0.0233
[upd  136 | steps   69632 | t  104.4s | sps   667] ret_mean=0.000 ep_len=500.0 pi_loss=-0.011 v_loss=4.289 ent=2.759 msg_acc=0.000 kl=0.0013
[upd  137 | steps   70144 | t  105.0s | sps   668] ret_mean=106.500 ep_len=500.0 pi_loss=-0.014 v_loss=1.279 ent=2.914 msg_acc=0.000 kl=0.0072
[upd  138 | steps   70656 | t  105.6s | sps   669] ret_mean=34.500 ep_len=500.0 pi_loss=-0.012 v_loss=0.470 ent=3.074 msg_acc=0.000 kl=0.0141
[upd  139 | steps   71168 | t  106.2s | sps   670] ret_mean=23.500 ep_len=500.0 pi_loss=-0.011 v_loss=3.602 ent=2.796 msg_acc=0.000 kl=0.0111
[upd  140 | steps   71680 | t  106.9s | sps   670] ret_mean=84.500 ep_len=500.0 pi_loss=-0.014 v_loss=1.187 ent=3.048 msg_acc=0.000 kl=0.0046
[upd  141 | steps   72192 | t  107.6s | sps   671] ret_mean=43.000 ep_len=500.0 pi_loss=-0.022 v_loss=0.204 ent=2.604 msg_acc=0.000 kl=0.0042
[upd  142 | steps   72704 | t  108.2s | sps   672] ret_mean=55.250 ep_len=500.0 pi_loss=-0.009 v_loss=3.997 ent=2.479 msg_acc=0.000 kl=0.0060
[upd  143 | steps   73216 | t  109.2s | sps   671] ret_mean=89.000 ep_len=500.0 pi_loss=-0.024 v_loss=2.848 ent=2.650 msg_acc=0.000 kl=0.0194
[upd  144 | steps   73728 | t  110.0s | sps   671] ret_mean=0.000 ep_len=500.0 pi_loss=-0.015 v_loss=0.058 ent=3.178 msg_acc=0.000 kl=0.0096
[upd  145 | steps   74240 | t  110.6s | sps   671] ret_mean=38.500 ep_len=500.0 pi_loss=-0.019 v_loss=0.761 ent=3.024 msg_acc=0.000 kl=0.0099
[upd  146 | steps   74752 | t  111.2s | sps   672] ret_mean=54.500 ep_len=500.0 pi_loss=-0.022 v_loss=0.916 ent=2.842 msg_acc=0.000 kl=0.0103
[upd  147 | steps   75264 | t  111.8s | sps   673] ret_mean=0.000 ep_len=500.0 pi_loss=-0.014 v_loss=0.026 ent=3.211 msg_acc=0.000 kl=0.0218
[upd  148 | steps   75776 | t  112.4s | sps   674] ret_mean=0.000 ep_len=500.0 pi_loss=-0.013 v_loss=0.027 ent=2.979 msg_acc=0.000 kl=0.0032
[upd  149 | steps   76288 | t  113.0s | sps   675] ret_mean=28.000 ep_len=500.0 pi_loss=-0.017 v_loss=0.983 ent=2.885 msg_acc=0.000 kl=0.0128
[upd  150 | steps   76800 | t  113.6s | sps   676] ret_mean=5.500 ep_len=500.0 pi_loss=-0.012 v_loss=0.208 ent=3.201 msg_acc=0.000 kl=0.0045
        [eval] ret_mean=12.500 ep_len=500.0
[upd  151 | steps   77312 | t  118.9s | sps   650] ret_mean=28.000 ep_len=500.0 pi_loss=-0.016 v_loss=0.873 ent=3.053 msg_acc=0.000 kl=0.0118
[upd  152 | steps   77824 | t  119.5s | sps   651] ret_mean=69.500 ep_len=500.0 pi_loss=-0.019 v_loss=3.147 ent=2.750 msg_acc=0.000 kl=0.0047
[upd  153 | steps   78336 | t  120.1s | sps   652] ret_mean=67.500 ep_len=500.0 pi_loss=-0.016 v_loss=1.273 ent=2.689 msg_acc=0.000 kl=0.0121
[upd  154 | steps   78848 | t  120.8s | sps   653] ret_mean=8.000 ep_len=500.0 pi_loss=-0.010 v_loss=0.430 ent=3.087 msg_acc=0.000 kl=0.0075
[upd  155 | steps   79360 | t  121.4s | sps   654] ret_mean=111.000 ep_len=500.0 pi_loss=-0.018 v_loss=3.841 ent=2.458 msg_acc=0.000 kl=0.0104
[upd  156 | steps   79872 | t  122.0s | sps   655] ret_mean=16.000 ep_len=500.0 pi_loss=-0.006 v_loss=0.414 ent=2.856 msg_acc=0.000 kl=0.0022
[upd  157 | steps   80384 | t  122.8s | sps   655] ret_mean=0.000 ep_len=500.0 pi_loss=-0.012 v_loss=0.030 ent=2.965 msg_acc=0.000 kl=0.0007
[upd  158 | steps   80896 | t  123.5s | sps   655] ret_mean=12.500 ep_len=500.0 pi_loss=-0.016 v_loss=0.386 ent=2.754 msg_acc=0.000 kl=0.0125
[upd  159 | steps   81408 | t  124.2s | sps   655] ret_mean=0.000 ep_len=500.0 pi_loss=-0.016 v_loss=0.112 ent=2.893 msg_acc=0.000 kl=0.0216
[upd  160 | steps   81920 | t  124.8s | sps   656] ret_mean=99.500 ep_len=500.0 pi_loss=-0.015 v_loss=4.221 ent=2.593 msg_acc=0.000 kl=0.0092
[upd  161 | steps   82432 | t  125.4s | sps   657] ret_mean=52.500 ep_len=500.0 pi_loss=-0.015 v_loss=2.306 ent=2.861 msg_acc=0.000 kl=0.0147
[upd  162 | steps   82944 | t  126.1s | sps   658] ret_mean=69.500 ep_len=500.0 pi_loss=-0.016 v_loss=1.769 ent=2.691 msg_acc=0.000 kl=0.0059
[upd  163 | steps   83456 | t  126.7s | sps   659] ret_mean=48.500 ep_len=500.0 pi_loss=-0.013 v_loss=1.594 ent=2.605 msg_acc=0.000 kl=0.0038
[upd  164 | steps   83968 | t  127.3s | sps   660] ret_mean=93.500 ep_len=500.0 pi_loss=-0.011 v_loss=3.183 ent=2.304 msg_acc=0.000 kl=0.0165
[upd  165 | steps   84480 | t  127.9s | sps   660] ret_mean=0.000 ep_len=500.0 pi_loss=-0.013 v_loss=0.669 ent=2.775 msg_acc=0.000 kl=-0.0024
[upd  166 | steps   84992 | t  128.5s | sps   661] ret_mean=125.000 ep_len=500.0 pi_loss=-0.017 v_loss=6.854 ent=2.474 msg_acc=0.000 kl=0.0124
[upd  167 | steps   85504 | t  129.1s | sps   662] ret_mean=39.500 ep_len=500.0 pi_loss=-0.019 v_loss=2.000 ent=2.773 msg_acc=0.000 kl=0.0077
[upd  168 | steps   86016 | t  129.8s | sps   663] ret_mean=73.500 ep_len=500.0 pi_loss=-0.014 v_loss=1.659 ent=2.826 msg_acc=0.000 kl=0.0101
[upd  169 | steps   86528 | t  130.4s | sps   664] ret_mean=50.000 ep_len=500.0 pi_loss=-0.013 v_loss=1.699 ent=2.356 msg_acc=0.000 kl=0.0046
[upd  170 | steps   87040 | t  131.0s | sps   665] ret_mean=89.000 ep_len=500.0 pi_loss=-0.009 v_loss=2.168 ent=2.556 msg_acc=0.000 kl=0.0079
[upd  171 | steps   87552 | t  131.6s | sps   665] ret_mean=39.500 ep_len=500.0 pi_loss=-0.015 v_loss=1.548 ent=2.439 msg_acc=0.000 kl=0.0043
[upd  172 | steps   88064 | t  132.2s | sps   666] ret_mean=0.000 ep_len=500.0 pi_loss=-0.012 v_loss=1.371 ent=2.060 msg_acc=0.000 kl=0.0063
[upd  173 | steps   88576 | t  132.8s | sps   667] ret_mean=57.000 ep_len=500.0 pi_loss=-0.009 v_loss=0.923 ent=2.529 msg_acc=0.000 kl=0.0070
[upd  174 | steps   89088 | t  133.4s | sps   668] ret_mean=21.000 ep_len=500.0 pi_loss=-0.012 v_loss=1.085 ent=2.932 msg_acc=0.000 kl=0.0034
[upd  175 | steps   89600 | t  134.0s | sps   669] ret_mean=28.000 ep_len=500.0 pi_loss=-0.013 v_loss=1.212 ent=2.494 msg_acc=0.000 kl=0.0019
[upd  176 | steps   90112 | t  134.6s | sps   669] ret_mean=0.000 ep_len=500.0 pi_loss=-0.015 v_loss=2.116 ent=2.026 msg_acc=0.000 kl=0.0059
[upd  177 | steps   90624 | t  135.2s | sps   670] ret_mean=105.500 ep_len=500.0 pi_loss=-0.010 v_loss=2.850 ent=2.172 msg_acc=0.000 kl=0.0158
[upd  178 | steps   91136 | t  135.8s | sps   671] ret_mean=90.000 ep_len=500.0 pi_loss=-0.013 v_loss=1.233 ent=2.586 msg_acc=0.000 kl=0.0049
[upd  179 | steps   91648 | t  136.4s | sps   672] ret_mean=0.000 ep_len=500.0 pi_loss=-0.015 v_loss=2.796 ent=2.599 msg_acc=0.000 kl=0.0180
[upd  180 | steps   92160 | t  137.1s | sps   672] ret_mean=105.500 ep_len=500.0 pi_loss=-0.016 v_loss=1.207 ent=2.849 msg_acc=0.000 kl=0.0121
[upd  181 | steps   92672 | t  137.7s | sps   673] ret_mean=0.000 ep_len=500.0 pi_loss=-0.010 v_loss=0.934 ent=2.588 msg_acc=0.000 kl=0.0213
[upd  182 | steps   93184 | t  138.4s | sps   673] ret_mean=48.000 ep_len=500.0 pi_loss=-0.009 v_loss=0.877 ent=2.583 msg_acc=0.000 kl=0.0093
[upd  183 | steps   93696 | t  139.1s | sps   674] ret_mean=0.000 ep_len=500.0 pi_loss=-0.013 v_loss=3.158 ent=2.489 msg_acc=0.000 kl=0.0116
[upd  184 | steps   94208 | t  139.7s | sps   674] ret_mean=97.500 ep_len=500.0 pi_loss=-0.019 v_loss=3.777 ent=2.391 msg_acc=0.000 kl=0.0229
[upd  185 | steps   94720 | t  140.3s | sps   675] ret_mean=79.500 ep_len=500.0 pi_loss=-0.015 v_loss=0.071 ent=2.585 msg_acc=0.000 kl=0.0034
[upd  186 | steps   95232 | t  141.0s | sps   676] ret_mean=0.000 ep_len=500.0 pi_loss=-0.014 v_loss=6.006 ent=2.370 msg_acc=0.000 kl=0.0144
[upd  187 | steps   95744 | t  141.6s | sps   676] ret_mean=119.000 ep_len=500.0 pi_loss=-0.012 v_loss=4.408 ent=2.325 msg_acc=0.000 kl=0.0034
[upd  188 | steps   96256 | t  142.2s | sps   677] ret_mean=112.000 ep_len=500.0 pi_loss=-0.007 v_loss=2.624 ent=2.523 msg_acc=0.000 kl=-0.0002
[upd  189 | steps   96768 | t  142.8s | sps   678] ret_mean=77.000 ep_len=500.0 pi_loss=-0.009 v_loss=1.188 ent=2.495 msg_acc=0.000 kl=0.0046
[upd  190 | steps   97280 | t  143.4s | sps   678] ret_mean=33.000 ep_len=500.0 pi_loss=-0.013 v_loss=0.331 ent=2.651 msg_acc=0.000 kl=0.0217
[upd  191 | steps   97792 | t  144.1s | sps   679] ret_mean=0.000 ep_len=500.0 pi_loss=-0.009 v_loss=0.064 ent=2.726 msg_acc=0.000 kl=0.0027
[upd  192 | steps   98304 | t  145.1s | sps   678] ret_mean=53.250 ep_len=500.0 pi_loss=-0.009 v_loss=4.743 ent=2.527 msg_acc=0.000 kl=0.0092
[upd  193 | steps   98816 | t  147.3s | sps   671] ret_mean=0.000 ep_len=500.0 pi_loss=-0.013 v_loss=0.126 ent=2.665 msg_acc=0.000 kl=0.0084
[upd  194 | steps   99328 | t  148.1s | sps   671] ret_mean=82.500 ep_len=500.0 pi_loss=-0.014 v_loss=2.634 ent=2.220 msg_acc=0.000 kl=0.0101
[upd  195 | steps   99840 | t  148.8s | sps   671] ret_mean=122.000 ep_len=500.0 pi_loss=-0.016 v_loss=4.512 ent=2.401 msg_acc=0.000 kl=0.0112
[upd  196 | steps  100352 | t  150.8s | sps   665] ret_mean=30.500 ep_len=500.0 pi_loss=-0.013 v_loss=1.636 ent=2.778 msg_acc=0.000 kl=0.0082
[upd  197 | steps  100864 | t  152.1s | sps   663] ret_mean=0.000 ep_len=500.0 pi_loss=-0.013 v_loss=2.090 ent=2.673 msg_acc=0.000 kl=0.0117
[upd  198 | steps  101376 | t  153.9s | sps   659] ret_mean=235.000 ep_len=500.0 pi_loss=-0.013 v_loss=15.234 ent=2.022 msg_acc=0.000 kl=-0.0001
[upd  199 | steps  101888 | t  155.6s | sps   655] ret_mean=41.500 ep_len=500.0 pi_loss=-0.019 v_loss=2.218 ent=2.784 msg_acc=0.000 kl=0.0200
[upd  200 | steps  102400 | t  157.3s | sps   651] ret_mean=137.000 ep_len=500.0 pi_loss=-0.026 v_loss=7.976 ent=2.365 msg_acc=0.000 kl=0.0080
        [eval] ret_mean=0.000 ep_len=500.0
