$ /Users/praneelkhiantani/Downloads/cs2860/.venv/bin/python3 -m policies.train --env rware-medium-2ag-easy-v2 --seed 3 --updates 200 --rollout 512 --eval-every 50 --eval-episodes 10 --log-dir matrix_results/intent_grounded_v1_pilot/rware-medium-2ag-easy-v2 --run-name mappo-comm__dropout-only__d0__s3 --n-msg-tokens 8 --dropout --dropout-agent 0 --dropout-time 100 --shape-rewards --pickup-bonus 0.5

[env] EnvSpec(env_id='rware-medium-2ag-easy-v2', n_agents=2, obs_dim=71, n_env_actions=5, noop_action=0, family='rware')  (n_msg_tokens=8)
[cfg] {'clip_range': 0.2, 'value_clip_range': 0.2, 'entropy_coef': 0.01, 'value_coef': 0.5, 'max_grad_norm': 0.5, 'gamma': 0.99, 'gae_lambda': 0.95, 'lr_actor': 0.0003, 'lr_critic': 0.001, 'update_epochs': 4, 'minibatches': 4, 'hidden': 128, 'depth': 2, 'device': 'cpu', 'message_grounding_coef': 0.0, 'extra': {}}
[log] writing to matrix_results/intent_grounded_v1_pilot/rware-medium-2ag-easy-v2/mappo-comm__dropout-only__d0__s3
[upd    1 | steps     512 | t    0.8s | sps   617] ret_mean=0.000 ep_len=500.0 pi_loss=-0.019 v_loss=0.066 ent=3.676 msg_acc=0.000 kl=0.0216
[upd    2 | steps    1024 | t    1.6s | sps   650] ret_mean=0.000 ep_len=500.0 pi_loss=-0.012 v_loss=0.015 ent=3.670 msg_acc=0.000 kl=0.0053
[upd    3 | steps    1536 | t    2.2s | sps   687] ret_mean=0.000 ep_len=500.0 pi_loss=-0.008 v_loss=0.013 ent=3.669 msg_acc=0.000 kl=0.0046
[upd    4 | steps    2048 | t    2.9s | sps   715] ret_mean=0.000 ep_len=500.0 pi_loss=-0.006 v_loss=0.018 ent=3.623 msg_acc=0.000 kl=0.0076
[upd    5 | steps    2560 | t    3.9s | sps   665] ret_mean=0.000 ep_len=500.0 pi_loss=-0.012 v_loss=0.016 ent=3.647 msg_acc=0.000 kl=0.0076
[upd    6 | steps    3072 | t    5.0s | sps   618] ret_mean=0.500 ep_len=500.0 pi_loss=-0.013 v_loss=0.008 ent=3.615 msg_acc=0.000 kl=0.0079
[upd    7 | steps    3584 | t    6.2s | sps   575] ret_mean=0.000 ep_len=500.0 pi_loss=-0.009 v_loss=0.012 ent=3.615 msg_acc=0.000 kl=0.0022
[upd    8 | steps    4096 | t    6.9s | sps   590] ret_mean=0.000 ep_len=500.0 pi_loss=-0.012 v_loss=0.010 ent=3.587 msg_acc=0.000 kl=0.0070
[upd    9 | steps    4608 | t    7.6s | sps   603] ret_mean=0.000 ep_len=500.0 pi_loss=-0.005 v_loss=0.006 ent=3.609 msg_acc=0.000 kl=0.0066
[upd   10 | steps    5120 | t    8.6s | sps   595] ret_mean=0.000 ep_len=500.0 pi_loss=-0.012 v_loss=0.006 ent=3.556 msg_acc=0.000 kl=0.0040
[upd   11 | steps    5632 | t    9.3s | sps   606] ret_mean=0.000 ep_len=500.0 pi_loss=-0.009 v_loss=0.004 ent=3.521 msg_acc=0.000 kl=0.0020
[upd   12 | steps    6144 | t   10.0s | sps   616] ret_mean=0.000 ep_len=500.0 pi_loss=-0.015 v_loss=0.006 ent=3.495 msg_acc=0.000 kl=0.0171
[upd   13 | steps    6656 | t   10.7s | sps   624] ret_mean=0.000 ep_len=500.0 pi_loss=-0.008 v_loss=0.003 ent=3.592 msg_acc=0.000 kl=0.0062
[upd   14 | steps    7168 | t   12.2s | sps   589] ret_mean=0.000 ep_len=500.0 pi_loss=-0.008 v_loss=0.002 ent=3.544 msg_acc=0.000 kl=0.0075
[upd   15 | steps    7680 | t   13.2s | sps   580] ret_mean=0.000 ep_len=500.0 pi_loss=-0.016 v_loss=0.002 ent=3.604 msg_acc=0.000 kl=0.0115
[upd   16 | steps    8192 | t   14.0s | sps   584] ret_mean=0.000 ep_len=500.0 pi_loss=-0.012 v_loss=0.001 ent=3.575 msg_acc=0.000 kl=0.0006
[upd   17 | steps    8704 | t   14.8s | sps   588] ret_mean=0.000 ep_len=500.0 pi_loss=-0.011 v_loss=0.001 ent=3.580 msg_acc=0.000 kl=0.0035
[upd   18 | steps    9216 | t   15.5s | sps   593] ret_mean=0.000 ep_len=500.0 pi_loss=-0.003 v_loss=0.001 ent=3.431 msg_acc=0.000 kl=0.0064
[upd   19 | steps    9728 | t   16.2s | sps   600] ret_mean=0.000 ep_len=500.0 pi_loss=-0.017 v_loss=0.001 ent=3.204 msg_acc=0.000 kl=0.0128
[upd   20 | steps   10240 | t   16.8s | sps   608] ret_mean=0.000 ep_len=500.0 pi_loss=-0.015 v_loss=0.001 ent=3.310 msg_acc=0.000 kl=0.0014
[upd   21 | steps   10752 | t   17.5s | sps   614] ret_mean=0.000 ep_len=500.0 pi_loss=-0.008 v_loss=0.001 ent=3.514 msg_acc=0.000 kl=0.0031
[upd   22 | steps   11264 | t   18.3s | sps   617] ret_mean=0.000 ep_len=500.0 pi_loss=-0.008 v_loss=0.001 ent=3.513 msg_acc=0.000 kl=0.0065
[upd   23 | steps   11776 | t   19.0s | sps   618] ret_mean=0.000 ep_len=500.0 pi_loss=-0.011 v_loss=0.004 ent=3.559 msg_acc=0.000 kl=0.0042
[upd   24 | steps   12288 | t   19.8s | sps   622] ret_mean=1.000 ep_len=500.0 pi_loss=-0.008 v_loss=0.001 ent=3.359 msg_acc=0.000 kl=0.0069
[upd   25 | steps   12800 | t   20.6s | sps   622] ret_mean=0.000 ep_len=500.0 pi_loss=-0.011 v_loss=0.001 ent=3.257 msg_acc=0.000 kl=0.0046
[upd   26 | steps   13312 | t   21.7s | sps   613] ret_mean=0.000 ep_len=500.0 pi_loss=-0.012 v_loss=0.001 ent=3.349 msg_acc=0.000 kl=0.0033
[upd   27 | steps   13824 | t   22.7s | sps   610] ret_mean=0.000 ep_len=500.0 pi_loss=-0.011 v_loss=0.001 ent=3.475 msg_acc=0.000 kl=0.0027
[upd   28 | steps   14336 | t   23.5s | sps   609] ret_mean=0.000 ep_len=500.0 pi_loss=-0.007 v_loss=0.002 ent=3.504 msg_acc=0.000 kl=0.0031
[upd   29 | steps   14848 | t   24.9s | sps   597] ret_mean=0.500 ep_len=500.0 pi_loss=-0.009 v_loss=0.001 ent=3.476 msg_acc=0.000 kl=0.0083
[upd   30 | steps   15360 | t   25.8s | sps   595] ret_mean=0.000 ep_len=500.0 pi_loss=-0.012 v_loss=0.000 ent=3.440 msg_acc=0.000 kl=-0.0047
[upd   31 | steps   15872 | t   26.9s | sps   590] ret_mean=0.000 ep_len=500.0 pi_loss=-0.015 v_loss=0.001 ent=3.549 msg_acc=0.000 kl=0.0064
[upd   32 | steps   16384 | t   28.3s | sps   579] ret_mean=0.000 ep_len=500.0 pi_loss=-0.008 v_loss=0.001 ent=3.496 msg_acc=0.000 kl=-0.0044
[upd   33 | steps   16896 | t   29.6s | sps   571] ret_mean=0.000 ep_len=500.0 pi_loss=-0.010 v_loss=0.001 ent=3.593 msg_acc=0.000 kl=0.0003
[upd   34 | steps   17408 | t   30.6s | sps   569] ret_mean=0.000 ep_len=500.0 pi_loss=-0.008 v_loss=0.001 ent=3.484 msg_acc=0.000 kl=0.0073
[upd   35 | steps   17920 | t   31.4s | sps   570] ret_mean=0.000 ep_len=500.0 pi_loss=-0.009 v_loss=0.001 ent=3.568 msg_acc=0.000 kl=0.0048
[upd   36 | steps   18432 | t   32.3s | sps   571] ret_mean=0.000 ep_len=500.0 pi_loss=-0.015 v_loss=0.001 ent=3.388 msg_acc=0.000 kl=0.0083
[upd   37 | steps   18944 | t   32.9s | sps   576] ret_mean=0.000 ep_len=500.0 pi_loss=-0.008 v_loss=0.008 ent=3.532 msg_acc=0.000 kl=0.0034
[upd   38 | steps   19456 | t   33.6s | sps   579] ret_mean=1.500 ep_len=500.0 pi_loss=-0.008 v_loss=0.002 ent=3.346 msg_acc=0.000 kl=0.0121
[upd   39 | steps   19968 | t   34.3s | sps   582] ret_mean=0.000 ep_len=500.0 pi_loss=-0.012 v_loss=0.001 ent=3.568 msg_acc=0.000 kl=-0.0015
[upd   40 | steps   20480 | t   35.0s | sps   586] ret_mean=0.000 ep_len=500.0 pi_loss=-0.011 v_loss=0.001 ent=3.555 msg_acc=0.000 kl=0.0004
[upd   41 | steps   20992 | t   35.6s | sps   589] ret_mean=0.000 ep_len=500.0 pi_loss=-0.012 v_loss=0.001 ent=3.226 msg_acc=0.000 kl=0.0033
[upd   42 | steps   21504 | t   36.3s | sps   593] ret_mean=0.000 ep_len=500.0 pi_loss=-0.016 v_loss=0.001 ent=3.215 msg_acc=0.000 kl=0.0063
[upd   43 | steps   22016 | t   37.0s | sps   596] ret_mean=1.500 ep_len=500.0 pi_loss=-0.012 v_loss=0.010 ent=3.222 msg_acc=0.000 kl=0.0037
[upd   44 | steps   22528 | t   38.0s | sps   592] ret_mean=0.000 ep_len=500.0 pi_loss=-0.014 v_loss=0.001 ent=3.525 msg_acc=0.000 kl=0.0075
[upd   45 | steps   23040 | t   39.8s | sps   579] ret_mean=0.000 ep_len=500.0 pi_loss=-0.012 v_loss=0.001 ent=3.412 msg_acc=0.000 kl=0.0165
[upd   46 | steps   23552 | t   41.6s | sps   566] ret_mean=0.000 ep_len=500.0 pi_loss=-0.011 v_loss=0.002 ent=3.236 msg_acc=0.000 kl=0.0072
[upd   47 | steps   24064 | t   43.4s | sps   554] ret_mean=0.000 ep_len=500.0 pi_loss=-0.015 v_loss=0.001 ent=3.432 msg_acc=0.000 kl=0.0031
[upd   48 | steps   24576 | t   44.5s | sps   552] ret_mean=0.000 ep_len=500.0 pi_loss=-0.016 v_loss=0.001 ent=3.252 msg_acc=0.000 kl=0.0058
[upd   49 | steps   25088 | t   45.3s | sps   554] ret_mean=0.000 ep_len=500.0 pi_loss=-0.014 v_loss=0.001 ent=3.193 msg_acc=0.000 kl=0.0101
[upd   50 | steps   25600 | t   45.9s | sps   557] ret_mean=0.000 ep_len=500.0 pi_loss=-0.013 v_loss=0.001 ent=3.404 msg_acc=0.000 kl=0.0144
        [eval] ret_mean=0.000 ep_len=500.0
[upd   51 | steps   26112 | t   52.8s | sps   495] ret_mean=0.500 ep_len=500.0 pi_loss=-0.013 v_loss=0.001 ent=3.275 msg_acc=0.000 kl=0.0074
[upd   52 | steps   26624 | t   53.5s | sps   498] ret_mean=2.000 ep_len=500.0 pi_loss=-0.011 v_loss=0.008 ent=3.396 msg_acc=0.000 kl=-0.0044
[upd   53 | steps   27136 | t   54.2s | sps   501] ret_mean=0.000 ep_len=500.0 pi_loss=-0.019 v_loss=0.001 ent=3.445 msg_acc=0.000 kl=0.0171
[upd   54 | steps   27648 | t   54.8s | sps   504] ret_mean=0.000 ep_len=500.0 pi_loss=-0.013 v_loss=0.001 ent=3.104 msg_acc=0.000 kl=0.0105
[upd   55 | steps   28160 | t   55.5s | sps   507] ret_mean=0.000 ep_len=500.0 pi_loss=-0.007 v_loss=0.002 ent=3.420 msg_acc=0.000 kl=0.0033
[upd   56 | steps   28672 | t   56.2s | sps   510] ret_mean=0.500 ep_len=500.0 pi_loss=-0.011 v_loss=0.001 ent=2.967 msg_acc=0.000 kl=0.0081
[upd   57 | steps   29184 | t   57.4s | sps   508] ret_mean=0.000 ep_len=500.0 pi_loss=-0.012 v_loss=0.000 ent=2.798 msg_acc=0.000 kl=0.0111
[upd   58 | steps   29696 | t   58.1s | sps   511] ret_mean=0.000 ep_len=500.0 pi_loss=-0.015 v_loss=0.000 ent=3.485 msg_acc=0.000 kl=0.0066
[upd   59 | steps   30208 | t   58.8s | sps   513] ret_mean=0.000 ep_len=500.0 pi_loss=-0.011 v_loss=0.000 ent=3.423 msg_acc=0.000 kl=0.0075
[upd   60 | steps   30720 | t   59.5s | sps   516] ret_mean=0.000 ep_len=500.0 pi_loss=-0.015 v_loss=0.000 ent=3.316 msg_acc=0.000 kl=0.0134
[upd   61 | steps   31232 | t   60.3s | sps   518] ret_mean=0.000 ep_len=500.0 pi_loss=-0.014 v_loss=0.000 ent=3.174 msg_acc=0.000 kl=0.0005
[upd   62 | steps   31744 | t   60.9s | sps   521] ret_mean=0.000 ep_len=500.0 pi_loss=-0.010 v_loss=0.001 ent=3.144 msg_acc=0.000 kl=-0.0018
[upd   63 | steps   32256 | t   61.6s | sps   524] ret_mean=0.000 ep_len=500.0 pi_loss=-0.012 v_loss=0.000 ent=3.156 msg_acc=0.000 kl=0.0076
[upd   64 | steps   32768 | t   62.2s | sps   527] ret_mean=0.000 ep_len=500.0 pi_loss=-0.010 v_loss=0.000 ent=3.379 msg_acc=0.000 kl=0.0031
[upd   65 | steps   33280 | t   62.9s | sps   529] ret_mean=0.000 ep_len=500.0 pi_loss=-0.008 v_loss=0.000 ent=3.235 msg_acc=0.000 kl=0.0073
[upd   66 | steps   33792 | t   63.6s | sps   531] ret_mean=0.000 ep_len=500.0 pi_loss=-0.011 v_loss=0.000 ent=3.114 msg_acc=0.000 kl=0.0039
[upd   67 | steps   34304 | t   64.3s | sps   533] ret_mean=0.000 ep_len=500.0 pi_loss=-0.011 v_loss=0.000 ent=3.172 msg_acc=0.000 kl=0.0113
[upd   68 | steps   34816 | t   65.4s | sps   532] ret_mean=0.000 ep_len=500.0 pi_loss=-0.013 v_loss=0.000 ent=3.295 msg_acc=0.000 kl=0.0053
[upd   69 | steps   35328 | t   66.1s | sps   535] ret_mean=0.000 ep_len=500.0 pi_loss=-0.015 v_loss=0.048 ent=3.226 msg_acc=0.000 kl=0.0135
[upd   70 | steps   35840 | t   66.8s | sps   537] ret_mean=3.500 ep_len=500.0 pi_loss=-0.016 v_loss=0.001 ent=3.245 msg_acc=0.000 kl=-0.0008
[upd   71 | steps   36352 | t   67.5s | sps   539] ret_mean=0.000 ep_len=500.0 pi_loss=-0.009 v_loss=0.000 ent=3.313 msg_acc=0.000 kl=0.0092
[upd   72 | steps   36864 | t   68.2s | sps   541] ret_mean=0.000 ep_len=500.0 pi_loss=-0.011 v_loss=0.000 ent=3.309 msg_acc=0.000 kl=0.0067
[upd   73 | steps   37376 | t   68.8s | sps   543] ret_mean=0.000 ep_len=500.0 pi_loss=-0.010 v_loss=0.000 ent=3.128 msg_acc=0.000 kl=0.0025
[upd   74 | steps   37888 | t   69.9s | sps   542] ret_mean=0.000 ep_len=500.0 pi_loss=-0.015 v_loss=0.000 ent=3.325 msg_acc=0.000 kl=0.0076
[upd   75 | steps   38400 | t   71.4s | sps   538] ret_mean=0.000 ep_len=500.0 pi_loss=-0.015 v_loss=0.000 ent=3.108 msg_acc=0.000 kl=0.0100
[upd   76 | steps   38912 | t   72.6s | sps   536] ret_mean=0.000 ep_len=500.0 pi_loss=-0.011 v_loss=0.010 ent=3.134 msg_acc=0.000 kl=0.0062
[upd   77 | steps   39424 | t   73.3s | sps   538] ret_mean=1.500 ep_len=500.0 pi_loss=-0.015 v_loss=0.000 ent=3.147 msg_acc=0.000 kl=-0.0008
[upd   78 | steps   39936 | t   74.1s | sps   539] ret_mean=0.000 ep_len=500.0 pi_loss=-0.009 v_loss=0.000 ent=2.903 msg_acc=0.000 kl=0.0101
[upd   79 | steps   40448 | t   75.1s | sps   538] ret_mean=0.000 ep_len=500.0 pi_loss=-0.012 v_loss=0.001 ent=3.070 msg_acc=0.000 kl=0.0075
[upd   80 | steps   40960 | t   75.9s | sps   540] ret_mean=0.000 ep_len=500.0 pi_loss=-0.015 v_loss=0.000 ent=2.783 msg_acc=0.000 kl=0.0106
[upd   81 | steps   41472 | t   76.6s | sps   541] ret_mean=0.000 ep_len=500.0 pi_loss=-0.008 v_loss=0.001 ent=2.903 msg_acc=0.000 kl=-0.0002
[upd   82 | steps   41984 | t   77.3s | sps   543] ret_mean=0.000 ep_len=500.0 pi_loss=-0.010 v_loss=0.001 ent=3.272 msg_acc=0.000 kl=0.0017
[upd   83 | steps   42496 | t   77.9s | sps   545] ret_mean=0.000 ep_len=500.0 pi_loss=-0.016 v_loss=0.084 ent=2.765 msg_acc=0.000 kl=0.0068
[upd   84 | steps   43008 | t   78.6s | sps   548] ret_mean=5.000 ep_len=500.0 pi_loss=-0.015 v_loss=0.001 ent=2.820 msg_acc=0.000 kl=0.0092
[upd   85 | steps   43520 | t   79.2s | sps   550] ret_mean=0.000 ep_len=500.0 pi_loss=-0.015 v_loss=0.000 ent=3.152 msg_acc=0.000 kl=0.0132
[upd   86 | steps   44032 | t   79.8s | sps   552] ret_mean=0.000 ep_len=500.0 pi_loss=-0.011 v_loss=0.001 ent=2.868 msg_acc=0.000 kl=-0.0020
[upd   87 | steps   44544 | t   80.5s | sps   554] ret_mean=0.000 ep_len=500.0 pi_loss=-0.010 v_loss=0.000 ent=3.232 msg_acc=0.000 kl=0.0020
[upd   88 | steps   45056 | t   81.2s | sps   555] ret_mean=0.000 ep_len=500.0 pi_loss=-0.008 v_loss=0.000 ent=2.705 msg_acc=0.000 kl=0.0139
[upd   89 | steps   45568 | t   81.8s | sps   557] ret_mean=0.000 ep_len=500.0 pi_loss=-0.007 v_loss=0.090 ent=3.111 msg_acc=0.000 kl=0.0026
[upd   90 | steps   46080 | t   82.4s | sps   559] ret_mean=6.500 ep_len=500.0 pi_loss=-0.006 v_loss=0.000 ent=2.071 msg_acc=0.000 kl=0.0109
[upd   91 | steps   46592 | t   83.1s | sps   561] ret_mean=0.000 ep_len=500.0 pi_loss=-0.010 v_loss=0.107 ent=2.979 msg_acc=0.000 kl=0.0149
[upd   92 | steps   47104 | t   83.7s | sps   563] ret_mean=3.750 ep_len=500.0 pi_loss=-0.004 v_loss=0.002 ent=2.745 msg_acc=0.000 kl=0.0065
[upd   93 | steps   47616 | t   84.3s | sps   565] ret_mean=0.000 ep_len=500.0 pi_loss=-0.011 v_loss=0.000 ent=2.240 msg_acc=0.000 kl=0.0100
[upd   94 | steps   48128 | t   84.9s | sps   567] ret_mean=0.000 ep_len=500.0 pi_loss=-0.013 v_loss=0.001 ent=2.652 msg_acc=0.000 kl=0.0068
[upd   95 | steps   48640 | t   85.5s | sps   569] ret_mean=0.000 ep_len=500.0 pi_loss=-0.017 v_loss=0.003 ent=3.333 msg_acc=0.000 kl=0.0208
[upd   96 | steps   49152 | t   86.2s | sps   570] ret_mean=0.000 ep_len=500.0 pi_loss=-0.010 v_loss=0.001 ent=3.339 msg_acc=0.000 kl=0.0036
[upd   97 | steps   49664 | t   87.0s | sps   571] ret_mean=0.000 ep_len=500.0 pi_loss=-0.010 v_loss=0.001 ent=3.368 msg_acc=0.000 kl=0.0093
[upd   98 | steps   50176 | t   87.6s | sps   572] ret_mean=0.000 ep_len=500.0 pi_loss=-0.015 v_loss=0.000 ent=3.245 msg_acc=0.000 kl=0.0070
[upd   99 | steps   50688 | t   88.3s | sps   574] ret_mean=0.000 ep_len=500.0 pi_loss=-0.014 v_loss=0.000 ent=3.068 msg_acc=0.000 kl=0.0051
[upd  100 | steps   51200 | t   89.0s | sps   575] ret_mean=0.000 ep_len=500.0 pi_loss=-0.008 v_loss=0.000 ent=2.647 msg_acc=0.000 kl=0.0074
        [eval] ret_mean=0.000 ep_len=500.0
[upd  101 | steps   51712 | t   96.5s | sps   536] ret_mean=0.000 ep_len=500.0 pi_loss=-0.011 v_loss=0.000 ent=3.288 msg_acc=0.000 kl=0.0103
[upd  102 | steps   52224 | t   97.2s | sps   537] ret_mean=0.000 ep_len=500.0 pi_loss=-0.011 v_loss=0.000 ent=3.237 msg_acc=0.000 kl=0.0078
[upd  103 | steps   52736 | t   97.9s | sps   539] ret_mean=0.000 ep_len=500.0 pi_loss=-0.011 v_loss=0.001 ent=2.967 msg_acc=0.000 kl=0.0129
[upd  104 | steps   53248 | t   98.6s | sps   540] ret_mean=0.000 ep_len=500.0 pi_loss=-0.016 v_loss=0.001 ent=2.551 msg_acc=0.000 kl=0.0089
[upd  105 | steps   53760 | t   99.3s | sps   541] ret_mean=0.000 ep_len=500.0 pi_loss=-0.007 v_loss=0.000 ent=3.079 msg_acc=0.000 kl=0.0025
[upd  106 | steps   54272 | t  100.0s | sps   543] ret_mean=0.000 ep_len=500.0 pi_loss=-0.013 v_loss=0.000 ent=3.048 msg_acc=0.000 kl=0.0077
[upd  107 | steps   54784 | t  100.8s | sps   543] ret_mean=0.000 ep_len=500.0 pi_loss=-0.012 v_loss=0.000 ent=3.294 msg_acc=0.000 kl=0.0022
[upd  108 | steps   55296 | t  101.6s | sps   544] ret_mean=0.000 ep_len=500.0 pi_loss=-0.009 v_loss=0.001 ent=2.975 msg_acc=0.000 kl=0.0015
[upd  109 | steps   55808 | t  102.4s | sps   545] ret_mean=0.000 ep_len=500.0 pi_loss=-0.012 v_loss=0.001 ent=3.027 msg_acc=0.000 kl=0.0007
[upd  110 | steps   56320 | t  103.0s | sps   547] ret_mean=0.000 ep_len=500.0 pi_loss=-0.012 v_loss=0.000 ent=3.372 msg_acc=0.000 kl=0.0136
[upd  111 | steps   56832 | t  104.1s | sps   546] ret_mean=0.000 ep_len=500.0 pi_loss=-0.010 v_loss=0.000 ent=3.399 msg_acc=0.000 kl=-0.0032
[upd  112 | steps   57344 | t  104.7s | sps   548] ret_mean=0.000 ep_len=500.0 pi_loss=-0.012 v_loss=0.000 ent=3.292 msg_acc=0.000 kl=0.0092
[upd  113 | steps   57856 | t  105.4s | sps   549] ret_mean=0.000 ep_len=500.0 pi_loss=-0.007 v_loss=0.000 ent=3.483 msg_acc=0.000 kl=0.0037
[upd  114 | steps   58368 | t  106.0s | sps   550] ret_mean=0.000 ep_len=500.0 pi_loss=-0.012 v_loss=0.000 ent=3.399 msg_acc=0.000 kl=0.0016
[upd  115 | steps   58880 | t  106.7s | sps   552] ret_mean=0.000 ep_len=500.0 pi_loss=-0.013 v_loss=0.000 ent=3.244 msg_acc=0.000 kl=0.0131
[upd  116 | steps   59392 | t  107.4s | sps   553] ret_mean=0.000 ep_len=500.0 pi_loss=-0.007 v_loss=0.000 ent=3.307 msg_acc=0.000 kl=0.0053
[upd  117 | steps   59904 | t  108.0s | sps   555] ret_mean=0.000 ep_len=500.0 pi_loss=-0.011 v_loss=0.000 ent=3.076 msg_acc=0.000 kl=0.0059
[upd  118 | steps   60416 | t  108.7s | sps   556] ret_mean=0.000 ep_len=500.0 pi_loss=-0.011 v_loss=0.000 ent=3.207 msg_acc=0.000 kl=0.0135
[upd  119 | steps   60928 | t  109.6s | sps   556] ret_mean=0.000 ep_len=500.0 pi_loss=-0.009 v_loss=0.000 ent=3.144 msg_acc=0.000 kl=0.0050
[upd  120 | steps   61440 | t  110.3s | sps   557] ret_mean=0.000 ep_len=500.0 pi_loss=-0.018 v_loss=0.000 ent=3.313 msg_acc=0.000 kl=0.0041
[upd  121 | steps   61952 | t  110.9s | sps   558] ret_mean=0.000 ep_len=500.0 pi_loss=-0.019 v_loss=0.000 ent=3.439 msg_acc=0.000 kl=0.0075
[upd  122 | steps   62464 | t  111.6s | sps   560] ret_mean=0.000 ep_len=500.0 pi_loss=-0.006 v_loss=0.028 ent=3.332 msg_acc=0.000 kl=0.0011
[upd  123 | steps   62976 | t  112.2s | sps   561] ret_mean=3.500 ep_len=500.0 pi_loss=-0.012 v_loss=0.003 ent=3.325 msg_acc=0.000 kl=0.0017
[upd  124 | steps   63488 | t  112.8s | sps   563] ret_mean=0.000 ep_len=500.0 pi_loss=-0.006 v_loss=0.001 ent=3.152 msg_acc=0.000 kl=0.0043
[upd  125 | steps   64000 | t  113.4s | sps   564] ret_mean=0.000 ep_len=500.0 pi_loss=-0.012 v_loss=0.000 ent=3.329 msg_acc=0.000 kl=0.0012
[upd  126 | steps   64512 | t  114.0s | sps   566] ret_mean=0.000 ep_len=500.0 pi_loss=-0.010 v_loss=0.000 ent=3.254 msg_acc=0.000 kl=0.0074
[upd  127 | steps   65024 | t  114.7s | sps   567] ret_mean=0.000 ep_len=500.0 pi_loss=-0.013 v_loss=0.016 ent=3.259 msg_acc=0.000 kl=0.0035
[upd  128 | steps   65536 | t  115.4s | sps   568] ret_mean=2.000 ep_len=500.0 pi_loss=-0.013 v_loss=0.000 ent=2.984 msg_acc=0.000 kl=0.0094
[upd  129 | steps   66048 | t  116.1s | sps   569] ret_mean=0.000 ep_len=500.0 pi_loss=-0.013 v_loss=0.000 ent=3.067 msg_acc=0.000 kl=0.0093
[upd  130 | steps   66560 | t  116.8s | sps   570] ret_mean=0.000 ep_len=500.0 pi_loss=-0.014 v_loss=0.000 ent=3.327 msg_acc=0.000 kl=0.0055
[upd  131 | steps   67072 | t  117.4s | sps   571] ret_mean=0.000 ep_len=500.0 pi_loss=-0.013 v_loss=0.000 ent=3.358 msg_acc=0.000 kl=0.0029
[upd  132 | steps   67584 | t  118.2s | sps   572] ret_mean=0.000 ep_len=500.0 pi_loss=-0.007 v_loss=0.000 ent=2.800 msg_acc=0.000 kl=0.0089
[upd  133 | steps   68096 | t  119.0s | sps   572] ret_mean=0.000 ep_len=500.0 pi_loss=-0.009 v_loss=0.015 ent=2.993 msg_acc=0.000 kl=0.0087
[upd  134 | steps   68608 | t  120.1s | sps   571] ret_mean=5.000 ep_len=500.0 pi_loss=-0.019 v_loss=0.015 ent=3.311 msg_acc=0.000 kl=0.0052
[upd  135 | steps   69120 | t  121.6s | sps   568] ret_mean=1.000 ep_len=500.0 pi_loss=-0.007 v_loss=0.000 ent=3.352 msg_acc=0.000 kl=0.0040
[upd  136 | steps   69632 | t  123.3s | sps   565] ret_mean=0.000 ep_len=500.0 pi_loss=-0.011 v_loss=0.048 ent=3.103 msg_acc=0.000 kl=0.0044
[upd  137 | steps   70144 | t  124.0s | sps   566] ret_mean=3.000 ep_len=500.0 pi_loss=-0.010 v_loss=0.003 ent=3.181 msg_acc=0.000 kl=0.0040
[upd  138 | steps   70656 | t  124.7s | sps   567] ret_mean=0.500 ep_len=500.0 pi_loss=-0.014 v_loss=0.001 ent=3.103 msg_acc=0.000 kl=0.0074
[upd  139 | steps   71168 | t  125.4s | sps   568] ret_mean=0.000 ep_len=500.0 pi_loss=-0.011 v_loss=0.000 ent=3.369 msg_acc=0.000 kl=0.0039
[upd  140 | steps   71680 | t  126.1s | sps   568] ret_mean=0.000 ep_len=500.0 pi_loss=-0.012 v_loss=0.001 ent=3.092 msg_acc=0.000 kl=0.0041
[upd  141 | steps   72192 | t  126.8s | sps   570] ret_mean=0.000 ep_len=500.0 pi_loss=-0.011 v_loss=0.001 ent=3.360 msg_acc=0.000 kl=0.0028
[upd  142 | steps   72704 | t  127.4s | sps   571] ret_mean=1.000 ep_len=500.0 pi_loss=-0.007 v_loss=0.010 ent=3.151 msg_acc=0.000 kl=0.0019
[upd  143 | steps   73216 | t  128.1s | sps   572] ret_mean=0.000 ep_len=500.0 pi_loss=-0.015 v_loss=0.000 ent=3.454 msg_acc=0.000 kl=0.0091
[upd  144 | steps   73728 | t  128.7s | sps   573] ret_mean=0.000 ep_len=500.0 pi_loss=-0.007 v_loss=0.000 ent=3.287 msg_acc=0.000 kl=0.0047
[upd  145 | steps   74240 | t  129.4s | sps   574] ret_mean=0.000 ep_len=500.0 pi_loss=-0.018 v_loss=0.032 ent=3.160 msg_acc=0.000 kl=0.0089
[upd  146 | steps   74752 | t  130.0s | sps   575] ret_mean=3.500 ep_len=500.0 pi_loss=-0.012 v_loss=0.002 ent=3.443 msg_acc=0.000 kl=0.0072
[upd  147 | steps   75264 | t  130.7s | sps   576] ret_mean=0.000 ep_len=500.0 pi_loss=-0.014 v_loss=0.000 ent=3.406 msg_acc=0.000 kl=0.0085
[upd  148 | steps   75776 | t  131.4s | sps   577] ret_mean=4.000 ep_len=500.0 pi_loss=-0.010 v_loss=0.041 ent=3.458 msg_acc=0.000 kl=0.0120
[upd  149 | steps   76288 | t  132.0s | sps   578] ret_mean=0.000 ep_len=500.0 pi_loss=-0.013 v_loss=0.001 ent=3.521 msg_acc=0.000 kl=0.0044
[upd  150 | steps   76800 | t  132.6s | sps   579] ret_mean=0.000 ep_len=500.0 pi_loss=-0.010 v_loss=0.001 ent=3.420 msg_acc=0.000 kl=0.0027
        [eval] ret_mean=0.000 ep_len=500.0
[upd  151 | steps   77312 | t  146.3s | sps   528] ret_mean=0.000 ep_len=500.0 pi_loss=-0.012 v_loss=0.002 ent=3.283 msg_acc=0.000 kl=0.0128
[upd  152 | steps   77824 | t  147.3s | sps   528] ret_mean=0.000 ep_len=500.0 pi_loss=-0.014 v_loss=0.004 ent=3.516 msg_acc=0.000 kl=0.0040
[upd  153 | steps   78336 | t  148.2s | sps   528] ret_mean=25.000 ep_len=500.0 pi_loss=-0.012 v_loss=0.419 ent=3.197 msg_acc=0.000 kl=0.0071
[upd  154 | steps   78848 | t  149.0s | sps   529] ret_mean=0.000 ep_len=500.0 pi_loss=-0.011 v_loss=0.002 ent=3.566 msg_acc=0.000 kl=0.0084
[upd  155 | steps   79360 | t  149.8s | sps   530] ret_mean=0.500 ep_len=500.0 pi_loss=-0.013 v_loss=0.005 ent=3.470 msg_acc=0.000 kl=0.0061
[upd  156 | steps   79872 | t  150.6s | sps   530] ret_mean=0.500 ep_len=500.0 pi_loss=-0.012 v_loss=0.002 ent=3.532 msg_acc=0.000 kl=0.0048
[upd  157 | steps   80384 | t  151.4s | sps   531] ret_mean=0.000 ep_len=500.0 pi_loss=-0.012 v_loss=0.005 ent=3.482 msg_acc=0.000 kl=0.0031
[upd  158 | steps   80896 | t  152.2s | sps   532] ret_mean=1.000 ep_len=500.0 pi_loss=-0.006 v_loss=0.001 ent=3.457 msg_acc=0.000 kl=0.0013
[upd  159 | steps   81408 | t  153.0s | sps   532] ret_mean=0.000 ep_len=500.0 pi_loss=-0.012 v_loss=0.001 ent=3.439 msg_acc=0.000 kl=0.0123
[upd  160 | steps   81920 | t  153.8s | sps   533] ret_mean=0.000 ep_len=500.0 pi_loss=-0.010 v_loss=0.000 ent=3.539 msg_acc=0.000 kl=0.0023
[upd  161 | steps   82432 | t  154.6s | sps   533] ret_mean=0.000 ep_len=500.0 pi_loss=-0.016 v_loss=0.001 ent=3.276 msg_acc=0.000 kl=0.0142
[upd  162 | steps   82944 | t  155.5s | sps   533] ret_mean=0.000 ep_len=500.0 pi_loss=-0.013 v_loss=0.000 ent=3.462 msg_acc=0.000 kl=0.0056
[upd  163 | steps   83456 | t  156.6s | sps   533] ret_mean=0.000 ep_len=500.0 pi_loss=-0.012 v_loss=0.000 ent=3.327 msg_acc=0.000 kl=0.0046
[upd  164 | steps   83968 | t  158.1s | sps   531] ret_mean=0.000 ep_len=500.0 pi_loss=-0.012 v_loss=0.000 ent=3.390 msg_acc=0.000 kl=0.0143
[upd  165 | steps   84480 | t  159.1s | sps   531] ret_mean=0.000 ep_len=500.0 pi_loss=-0.010 v_loss=0.000 ent=3.551 msg_acc=0.000 kl=0.0017
[upd  166 | steps   84992 | t  160.0s | sps   531] ret_mean=0.000 ep_len=500.0 pi_loss=-0.011 v_loss=0.000 ent=3.460 msg_acc=0.000 kl=0.0008
[upd  167 | steps   85504 | t  160.8s | sps   532] ret_mean=0.000 ep_len=500.0 pi_loss=-0.016 v_loss=0.000 ent=3.317 msg_acc=0.000 kl=0.0119
[upd  168 | steps   86016 | t  161.7s | sps   532] ret_mean=0.000 ep_len=500.0 pi_loss=-0.007 v_loss=0.000 ent=3.370 msg_acc=0.000 kl=0.0057
[upd  169 | steps   86528 | t  162.4s | sps   533] ret_mean=0.000 ep_len=500.0 pi_loss=-0.012 v_loss=0.000 ent=3.157 msg_acc=0.000 kl=0.0010
[upd  170 | steps   87040 | t  163.3s | sps   533] ret_mean=0.000 ep_len=500.0 pi_loss=-0.007 v_loss=0.000 ent=3.522 msg_acc=0.000 kl=0.0055
[upd  171 | steps   87552 | t  164.1s | sps   534] ret_mean=0.000 ep_len=500.0 pi_loss=-0.007 v_loss=0.000 ent=3.378 msg_acc=0.000 kl=0.0007
[upd  172 | steps   88064 | t  164.9s | sps   534] ret_mean=0.000 ep_len=500.0 pi_loss=-0.015 v_loss=0.000 ent=3.474 msg_acc=0.000 kl=0.0062
[upd  173 | steps   88576 | t  165.7s | sps   535] ret_mean=0.000 ep_len=500.0 pi_loss=-0.011 v_loss=0.000 ent=3.512 msg_acc=0.000 kl=0.0025
[upd  174 | steps   89088 | t  166.5s | sps   535] ret_mean=0.000 ep_len=500.0 pi_loss=-0.010 v_loss=0.022 ent=3.582 msg_acc=0.000 kl=-0.0026
[upd  175 | steps   89600 | t  167.3s | sps   536] ret_mean=4.000 ep_len=500.0 pi_loss=-0.014 v_loss=0.001 ent=3.545 msg_acc=0.000 kl=0.0123
[upd  176 | steps   90112 | t  168.1s | sps   536] ret_mean=0.000 ep_len=500.0 pi_loss=-0.012 v_loss=0.007 ent=3.530 msg_acc=0.000 kl=0.0108
[upd  177 | steps   90624 | t  169.0s | sps   536] ret_mean=1.500 ep_len=500.0 pi_loss=-0.008 v_loss=0.001 ent=3.520 msg_acc=0.000 kl=0.0125
[upd  178 | steps   91136 | t  169.9s | sps   536] ret_mean=0.000 ep_len=500.0 pi_loss=-0.007 v_loss=0.000 ent=3.414 msg_acc=0.000 kl=0.0033
[upd  179 | steps   91648 | t  170.8s | sps   536] ret_mean=0.000 ep_len=500.0 pi_loss=-0.014 v_loss=0.000 ent=3.333 msg_acc=0.000 kl=-0.0012
[upd  180 | steps   92160 | t  171.8s | sps   537] ret_mean=0.000 ep_len=500.0 pi_loss=-0.018 v_loss=0.000 ent=3.406 msg_acc=0.000 kl=0.0076
[upd  181 | steps   92672 | t  172.7s | sps   537] ret_mean=0.000 ep_len=500.0 pi_loss=-0.013 v_loss=0.000 ent=3.421 msg_acc=0.000 kl=0.0152
[upd  182 | steps   93184 | t  173.6s | sps   537] ret_mean=0.000 ep_len=500.0 pi_loss=-0.017 v_loss=0.006 ent=3.494 msg_acc=0.000 kl=0.0015
[upd  183 | steps   93696 | t  174.5s | sps   537] ret_mean=1.500 ep_len=500.0 pi_loss=-0.010 v_loss=0.001 ent=3.553 msg_acc=0.000 kl=0.0002
[upd  184 | steps   94208 | t  175.4s | sps   537] ret_mean=0.000 ep_len=500.0 pi_loss=-0.013 v_loss=0.000 ent=3.536 msg_acc=0.000 kl=0.0058
[upd  185 | steps   94720 | t  176.3s | sps   537] ret_mean=0.000 ep_len=500.0 pi_loss=-0.012 v_loss=0.000 ent=3.324 msg_acc=0.000 kl=0.0078
[upd  186 | steps   95232 | t  177.2s | sps   537] ret_mean=0.000 ep_len=500.0 pi_loss=-0.012 v_loss=0.000 ent=3.403 msg_acc=0.000 kl=0.0079
[upd  187 | steps   95744 | t  178.1s | sps   538] ret_mean=0.000 ep_len=500.0 pi_loss=-0.013 v_loss=0.000 ent=3.460 msg_acc=0.000 kl=0.0036
[upd  188 | steps   96256 | t  179.0s | sps   538] ret_mean=0.000 ep_len=500.0 pi_loss=-0.015 v_loss=0.000 ent=3.524 msg_acc=0.000 kl=0.0048
[upd  189 | steps   96768 | t  179.9s | sps   538] ret_mean=0.000 ep_len=500.0 pi_loss=-0.009 v_loss=0.000 ent=3.159 msg_acc=0.000 kl=-0.0031
[upd  190 | steps   97280 | t  180.8s | sps   538] ret_mean=0.000 ep_len=500.0 pi_loss=-0.006 v_loss=0.003 ent=3.299 msg_acc=0.000 kl=0.0086
[upd  191 | steps   97792 | t  181.7s | sps   538] ret_mean=0.500 ep_len=500.0 pi_loss=-0.010 v_loss=0.000 ent=3.491 msg_acc=0.000 kl=0.0010
[upd  192 | steps   98304 | t  182.7s | sps   538] ret_mean=0.000 ep_len=500.0 pi_loss=-0.010 v_loss=0.000 ent=3.184 msg_acc=0.000 kl=0.0039
[upd  193 | steps   98816 | t  183.7s | sps   538] ret_mean=0.000 ep_len=500.0 pi_loss=-0.012 v_loss=0.000 ent=3.112 msg_acc=0.000 kl=0.0016
[upd  194 | steps   99328 | t  184.6s | sps   538] ret_mean=0.000 ep_len=500.0 pi_loss=-0.011 v_loss=0.000 ent=3.393 msg_acc=0.000 kl=0.0065
[upd  195 | steps   99840 | t  185.5s | sps   538] ret_mean=0.000 ep_len=500.0 pi_loss=-0.013 v_loss=0.000 ent=3.452 msg_acc=0.000 kl=0.0021
[upd  196 | steps  100352 | t  186.4s | sps   538] ret_mean=0.000 ep_len=500.0 pi_loss=-0.013 v_loss=0.000 ent=3.168 msg_acc=0.000 kl=0.0092
[upd  197 | steps  100864 | t  187.2s | sps   539] ret_mean=0.000 ep_len=500.0 pi_loss=-0.006 v_loss=0.000 ent=2.877 msg_acc=0.000 kl=0.0069
[upd  198 | steps  101376 | t  188.2s | sps   539] ret_mean=0.000 ep_len=500.0 pi_loss=-0.010 v_loss=0.000 ent=3.106 msg_acc=0.000 kl=0.0035
[upd  199 | steps  101888 | t  189.1s | sps   539] ret_mean=0.000 ep_len=500.0 pi_loss=-0.015 v_loss=0.002 ent=3.424 msg_acc=0.000 kl=0.0048
[upd  200 | steps  102400 | t  190.1s | sps   539] ret_mean=1.000 ep_len=500.0 pi_loss=-0.010 v_loss=0.000 ent=3.292 msg_acc=0.000 kl=0.0078
        [eval] ret_mean=0.000 ep_len=500.0
