$ /Users/praneelkhiantani/Downloads/cs2860/.venv/bin/python3 -m policies.train --env rware-small-2ag-easy-v2 --seed 2 --updates 200 --rollout 512 --eval-every 50 --eval-episodes 10 --log-dir matrix_results/intent_grounded_v1_pilot/rware-small-2ag-easy-v2 --run-name mappo-intent-aux__dropout-only__d0__s2 --n-msg-tokens 8 --message-grounding rware-intent --message-grounding-coef 0.2 --dropout --dropout-agent 0 --dropout-time 100 --shape-rewards --pickup-bonus 0.5

[env] EnvSpec(env_id='rware-small-2ag-easy-v2', n_agents=2, obs_dim=71, n_env_actions=5, noop_action=0, family='rware')  (n_msg_tokens=8)
[cfg] {'clip_range': 0.2, 'value_clip_range': 0.2, 'entropy_coef': 0.01, 'value_coef': 0.5, 'max_grad_norm': 0.5, 'gamma': 0.99, 'gae_lambda': 0.95, 'lr_actor': 0.0003, 'lr_critic': 0.001, 'update_epochs': 4, 'minibatches': 4, 'hidden': 128, 'depth': 2, 'device': 'cpu', 'message_grounding_coef': 0.2, 'extra': {}}
[log] writing to matrix_results/intent_grounded_v1_pilot/rware-small-2ag-easy-v2/mappo-intent-aux__dropout-only__d0__s2
[upd    1 | steps     512 | t    0.9s | sps   541] ret_mean=0.000 ep_len=500.0 pi_loss=0.004 v_loss=0.042 ent=3.675 msg_acc=0.773 kl=0.0026
[upd    2 | steps    1024 | t    3.8s | sps   273] ret_mean=0.000 ep_len=500.0 pi_loss=0.001 v_loss=0.005 ent=3.647 msg_acc=0.794 kl=0.0114
[upd    3 | steps    1536 | t    4.7s | sps   328] ret_mean=0.500 ep_len=500.0 pi_loss=-0.001 v_loss=0.015 ent=3.593 msg_acc=0.148 kl=0.0080
[upd    4 | steps    2048 | t    5.3s | sps   384] ret_mean=2.000 ep_len=500.0 pi_loss=-0.006 v_loss=0.007 ent=3.512 msg_acc=0.719 kl=0.0154
[upd    5 | steps    2560 | t    6.2s | sps   416] ret_mean=0.500 ep_len=500.0 pi_loss=-0.012 v_loss=0.007 ent=3.515 msg_acc=0.508 kl=0.0098
[upd    6 | steps    3072 | t    6.9s | sps   443] ret_mean=0.000 ep_len=500.0 pi_loss=0.008 v_loss=0.004 ent=3.418 msg_acc=0.842 kl=0.0386
[upd    7 | steps    3584 | t    7.6s | sps   472] ret_mean=0.000 ep_len=500.0 pi_loss=-0.005 v_loss=0.002 ent=3.346 msg_acc=0.828 kl=0.0127
[upd    8 | steps    4096 | t    8.2s | sps   500] ret_mean=0.000 ep_len=500.0 pi_loss=-0.006 v_loss=0.003 ent=3.170 msg_acc=0.677 kl=0.0196
[upd    9 | steps    4608 | t    9.7s | sps   477] ret_mean=0.000 ep_len=500.0 pi_loss=-0.004 v_loss=0.003 ent=3.096 msg_acc=0.567 kl=0.0136
[upd   10 | steps    5120 | t   11.3s | sps   455] ret_mean=0.000 ep_len=500.0 pi_loss=-0.003 v_loss=0.002 ent=2.973 msg_acc=0.787 kl=0.0073
[upd   11 | steps    5632 | t   12.8s | sps   441] ret_mean=0.000 ep_len=500.0 pi_loss=-0.009 v_loss=0.002 ent=3.103 msg_acc=0.601 kl=-0.0041
[upd   12 | steps    6144 | t   14.5s | sps   424] ret_mean=0.000 ep_len=500.0 pi_loss=-0.004 v_loss=0.003 ent=2.944 msg_acc=0.796 kl=0.0059
[upd   13 | steps    6656 | t   16.0s | sps   416] ret_mean=0.000 ep_len=500.0 pi_loss=-0.006 v_loss=0.001 ent=2.891 msg_acc=0.762 kl=0.0132
[upd   14 | steps    7168 | t   17.8s | sps   402] ret_mean=0.000 ep_len=500.0 pi_loss=-0.002 v_loss=0.002 ent=2.808 msg_acc=0.626 kl=0.0158
[upd   15 | steps    7680 | t   19.5s | sps   394] ret_mean=1.000 ep_len=500.0 pi_loss=0.013 v_loss=0.002 ent=3.062 msg_acc=0.148 kl=0.0283
[upd   16 | steps    8192 | t   20.6s | sps   398] ret_mean=0.000 ep_len=500.0 pi_loss=0.011 v_loss=0.001 ent=2.988 msg_acc=0.464 kl=0.0295
[upd   17 | steps    8704 | t   21.4s | sps   407] ret_mean=0.000 ep_len=500.0 pi_loss=-0.009 v_loss=0.001 ent=2.847 msg_acc=0.598 kl=0.0120
[upd   18 | steps    9216 | t   22.1s | sps   417] ret_mean=0.000 ep_len=500.0 pi_loss=-0.007 v_loss=0.001 ent=2.992 msg_acc=0.697 kl=0.0070
[upd   19 | steps    9728 | t   22.8s | sps   426] ret_mean=0.000 ep_len=500.0 pi_loss=-0.011 v_loss=0.001 ent=2.837 msg_acc=0.614 kl=0.0135
[upd   20 | steps   10240 | t   25.1s | sps   407] ret_mean=0.000 ep_len=500.0 pi_loss=-0.007 v_loss=0.001 ent=2.850 msg_acc=0.582 kl=0.0082
[upd   21 | steps   10752 | t   27.1s | sps   397] ret_mean=0.000 ep_len=500.0 pi_loss=-0.004 v_loss=0.001 ent=2.696 msg_acc=0.630 kl=0.0041
[upd   22 | steps   11264 | t   29.9s | sps   376] ret_mean=0.000 ep_len=500.0 pi_loss=-0.010 v_loss=0.001 ent=2.692 msg_acc=0.572 kl=0.0270
[upd   23 | steps   11776 | t   31.4s | sps   376] ret_mean=0.000 ep_len=500.0 pi_loss=0.002 v_loss=0.002 ent=2.604 msg_acc=0.646 kl=0.0056
[upd   24 | steps   12288 | t   32.2s | sps   382] ret_mean=0.500 ep_len=500.0 pi_loss=-0.021 v_loss=0.001 ent=2.382 msg_acc=0.753 kl=0.0302
[upd   25 | steps   12800 | t   34.2s | sps   375] ret_mean=0.000 ep_len=500.0 pi_loss=-0.002 v_loss=0.010 ent=2.660 msg_acc=0.410 kl=0.0237
[upd   26 | steps   13312 | t   35.1s | sps   380] ret_mean=1.500 ep_len=500.0 pi_loss=0.009 v_loss=0.001 ent=2.737 msg_acc=0.393 kl=0.0078
[upd   27 | steps   13824 | t   35.9s | sps   386] ret_mean=0.000 ep_len=500.0 pi_loss=-0.008 v_loss=0.001 ent=2.416 msg_acc=0.674 kl=0.0205
[upd   28 | steps   14336 | t   36.6s | sps   391] ret_mean=0.000 ep_len=500.0 pi_loss=-0.004 v_loss=0.003 ent=2.260 msg_acc=0.745 kl=0.0061
[upd   29 | steps   14848 | t   38.4s | sps   387] ret_mean=1.000 ep_len=500.0 pi_loss=-0.004 v_loss=0.009 ent=2.443 msg_acc=0.715 kl=0.0102
[upd   30 | steps   15360 | t   39.3s | sps   391] ret_mean=1.500 ep_len=500.0 pi_loss=0.001 v_loss=0.001 ent=2.738 msg_acc=0.531 kl=0.0183
[upd   31 | steps   15872 | t   40.0s | sps   397] ret_mean=0.000 ep_len=500.0 pi_loss=-0.001 v_loss=0.002 ent=2.896 msg_acc=0.385 kl=0.0168
[upd   32 | steps   16384 | t   41.6s | sps   394] ret_mean=0.000 ep_len=500.0 pi_loss=-0.005 v_loss=0.001 ent=2.490 msg_acc=0.661 kl=0.0017
[upd   33 | steps   16896 | t   43.1s | sps   392] ret_mean=0.000 ep_len=500.0 pi_loss=-0.002 v_loss=0.001 ent=2.787 msg_acc=0.431 kl=0.0078
[upd   34 | steps   17408 | t   44.1s | sps   395] ret_mean=0.500 ep_len=500.0 pi_loss=0.004 v_loss=0.004 ent=2.897 msg_acc=0.369 kl=0.0207
[upd   35 | steps   17920 | t   45.0s | sps   398] ret_mean=0.500 ep_len=500.0 pi_loss=-0.009 v_loss=0.001 ent=2.493 msg_acc=0.693 kl=0.0035
[upd   36 | steps   18432 | t   48.4s | sps   381] ret_mean=0.000 ep_len=500.0 pi_loss=-0.005 v_loss=0.005 ent=2.399 msg_acc=0.809 kl=0.0044
[upd   37 | steps   18944 | t   50.0s | sps   379] ret_mean=1.000 ep_len=500.0 pi_loss=-0.002 v_loss=0.002 ent=2.590 msg_acc=0.623 kl=0.0066
[upd   38 | steps   19456 | t   51.1s | sps   381] ret_mean=0.500 ep_len=500.0 pi_loss=-0.009 v_loss=0.059 ent=2.306 msg_acc=0.692 kl=0.0115
[upd   39 | steps   19968 | t   51.8s | sps   385] ret_mean=4.000 ep_len=500.0 pi_loss=-0.007 v_loss=0.003 ent=2.552 msg_acc=0.534 kl=0.0506
[upd   40 | steps   20480 | t   52.8s | sps   388] ret_mean=0.000 ep_len=500.0 pi_loss=-0.008 v_loss=0.005 ent=2.161 msg_acc=0.989 kl=0.0043
[upd   41 | steps   20992 | t   55.7s | sps   377] ret_mean=0.000 ep_len=500.0 pi_loss=-0.010 v_loss=0.002 ent=2.409 msg_acc=0.796 kl=0.0080
[upd   42 | steps   21504 | t   57.3s | sps   375] ret_mean=0.000 ep_len=500.0 pi_loss=-0.007 v_loss=0.003 ent=2.736 msg_acc=0.513 kl=0.0137
[upd   43 | steps   22016 | t   59.1s | sps   373] ret_mean=0.000 ep_len=500.0 pi_loss=-0.001 v_loss=0.001 ent=2.808 msg_acc=0.340 kl=0.0301
[upd   44 | steps   22528 | t   61.6s | sps   366] ret_mean=0.000 ep_len=500.0 pi_loss=-0.010 v_loss=0.001 ent=2.384 msg_acc=0.854 kl=0.0127
[upd   45 | steps   23040 | t   63.4s | sps   363] ret_mean=0.500 ep_len=500.0 pi_loss=-0.008 v_loss=0.002 ent=2.397 msg_acc=0.713 kl=0.0043
[upd   46 | steps   23552 | t   65.1s | sps   362] ret_mean=0.000 ep_len=500.0 pi_loss=-0.012 v_loss=0.002 ent=2.085 msg_acc=0.788 kl=0.0074
[upd   47 | steps   24064 | t   66.8s | sps   360] ret_mean=0.500 ep_len=500.0 pi_loss=-0.015 v_loss=0.002 ent=2.143 msg_acc=0.734 kl=0.0063
[upd   48 | steps   24576 | t   68.3s | sps   360] ret_mean=0.500 ep_len=500.0 pi_loss=-0.018 v_loss=0.002 ent=2.126 msg_acc=0.786 kl=0.0163
[upd   49 | steps   25088 | t   69.8s | sps   359] ret_mean=0.000 ep_len=500.0 pi_loss=-0.013 v_loss=0.001 ent=2.084 msg_acc=0.873 kl=0.0116
[upd   50 | steps   25600 | t   71.3s | sps   359] ret_mean=0.000 ep_len=500.0 pi_loss=-0.010 v_loss=0.001 ent=2.556 msg_acc=0.621 kl=0.0116
        [eval] ret_mean=0.000 ep_len=500.0
[upd   51 | steps   26112 | t   80.9s | sps   323] ret_mean=2.000 ep_len=500.0 pi_loss=-0.003 v_loss=0.016 ent=1.844 msg_acc=0.743 kl=0.0073
[upd   52 | steps   26624 | t   82.1s | sps   324] ret_mean=0.000 ep_len=500.0 pi_loss=-0.007 v_loss=0.000 ent=2.093 msg_acc=0.777 kl=0.0109
[upd   53 | steps   27136 | t   83.7s | sps   324] ret_mean=0.000 ep_len=500.0 pi_loss=-0.011 v_loss=0.001 ent=2.254 msg_acc=0.743 kl=0.0220
[upd   54 | steps   27648 | t   85.4s | sps   324] ret_mean=0.000 ep_len=500.0 pi_loss=-0.007 v_loss=0.000 ent=2.110 msg_acc=0.639 kl=0.0155
[upd   55 | steps   28160 | t   87.0s | sps   324] ret_mean=0.000 ep_len=500.0 pi_loss=-0.012 v_loss=0.000 ent=2.306 msg_acc=0.547 kl=0.0070
[upd   56 | steps   28672 | t   88.5s | sps   324] ret_mean=0.000 ep_len=500.0 pi_loss=-0.010 v_loss=0.001 ent=2.728 msg_acc=0.436 kl=0.0010
[upd   57 | steps   29184 | t   90.1s | sps   324] ret_mean=0.000 ep_len=500.0 pi_loss=-0.015 v_loss=0.000 ent=1.948 msg_acc=0.805 kl=0.0062
[upd   58 | steps   29696 | t   91.7s | sps   324] ret_mean=0.000 ep_len=500.0 pi_loss=0.003 v_loss=0.000 ent=2.674 msg_acc=0.577 kl=0.0037
[upd   59 | steps   30208 | t   93.2s | sps   324] ret_mean=0.000 ep_len=500.0 pi_loss=-0.012 v_loss=0.000 ent=1.882 msg_acc=0.805 kl=0.0142
[upd   60 | steps   30720 | t   94.7s | sps   325] ret_mean=0.500 ep_len=500.0 pi_loss=-0.005 v_loss=0.002 ent=2.584 msg_acc=0.705 kl=0.0273
[upd   61 | steps   31232 | t   95.4s | sps   328] ret_mean=0.000 ep_len=500.0 pi_loss=0.000 v_loss=0.005 ent=1.870 msg_acc=0.750 kl=0.0071
[upd   62 | steps   31744 | t   96.0s | sps   331] ret_mean=1.000 ep_len=500.0 pi_loss=0.017 v_loss=0.000 ent=2.468 msg_acc=0.060 kl=0.0466
[upd   63 | steps   32256 | t   96.7s | sps   334] ret_mean=0.000 ep_len=500.0 pi_loss=-0.004 v_loss=0.001 ent=2.643 msg_acc=0.589 kl=0.0191
[upd   64 | steps   32768 | t   97.3s | sps   337] ret_mean=0.000 ep_len=500.0 pi_loss=0.000 v_loss=0.011 ent=2.756 msg_acc=0.756 kl=0.0402
[upd   65 | steps   33280 | t   97.9s | sps   340] ret_mean=2.000 ep_len=500.0 pi_loss=-0.009 v_loss=0.002 ent=2.842 msg_acc=0.731 kl=0.0123
[upd   66 | steps   33792 | t   98.5s | sps   343] ret_mean=0.000 ep_len=500.0 pi_loss=-0.010 v_loss=0.001 ent=2.398 msg_acc=0.940 kl=0.0366
[upd   67 | steps   34304 | t   99.2s | sps   346] ret_mean=0.000 ep_len=500.0 pi_loss=-0.004 v_loss=0.000 ent=1.930 msg_acc=0.718 kl=0.0152
[upd   68 | steps   34816 | t   99.8s | sps   349] ret_mean=1.500 ep_len=500.0 pi_loss=0.005 v_loss=0.008 ent=2.330 msg_acc=0.498 kl=0.0233
[upd   69 | steps   35328 | t  100.5s | sps   352] ret_mean=0.000 ep_len=500.0 pi_loss=-0.010 v_loss=0.001 ent=1.979 msg_acc=0.806 kl=0.0057
[upd   70 | steps   35840 | t  101.1s | sps   354] ret_mean=0.000 ep_len=500.0 pi_loss=-0.003 v_loss=0.001 ent=2.475 msg_acc=0.588 kl=0.0106
[upd   71 | steps   36352 | t  101.7s | sps   357] ret_mean=0.000 ep_len=500.0 pi_loss=-0.008 v_loss=0.000 ent=2.346 msg_acc=0.857 kl=0.0124
[upd   72 | steps   36864 | t  102.4s | sps   360] ret_mean=0.000 ep_len=500.0 pi_loss=-0.007 v_loss=0.001 ent=2.283 msg_acc=0.664 kl=0.0056
[upd   73 | steps   37376 | t  103.1s | sps   362] ret_mean=0.500 ep_len=500.0 pi_loss=-0.010 v_loss=0.000 ent=2.676 msg_acc=0.527 kl=0.0137
[upd   74 | steps   37888 | t  103.8s | sps   365] ret_mean=0.000 ep_len=500.0 pi_loss=-0.005 v_loss=0.000 ent=2.345 msg_acc=0.924 kl=0.0104
[upd   75 | steps   38400 | t  104.4s | sps   368] ret_mean=0.000 ep_len=500.0 pi_loss=-0.012 v_loss=0.000 ent=1.872 msg_acc=0.842 kl=0.0177
[upd   76 | steps   38912 | t  105.1s | sps   370] ret_mean=0.000 ep_len=500.0 pi_loss=0.005 v_loss=0.001 ent=2.628 msg_acc=0.442 kl=0.0315
[upd   77 | steps   39424 | t  105.7s | sps   373] ret_mean=0.000 ep_len=500.0 pi_loss=-0.004 v_loss=0.006 ent=1.751 msg_acc=0.765 kl=0.0034
[upd   78 | steps   39936 | t  106.3s | sps   376] ret_mean=1.500 ep_len=500.0 pi_loss=-0.007 v_loss=0.001 ent=2.061 msg_acc=0.786 kl=0.0124
[upd   79 | steps   40448 | t  106.9s | sps   378] ret_mean=0.000 ep_len=500.0 pi_loss=-0.015 v_loss=0.000 ent=1.734 msg_acc=0.893 kl=0.0144
[upd   80 | steps   40960 | t  107.6s | sps   381] ret_mean=0.000 ep_len=500.0 pi_loss=-0.006 v_loss=0.001 ent=1.817 msg_acc=0.803 kl=0.0070
[upd   81 | steps   41472 | t  108.3s | sps   383] ret_mean=0.500 ep_len=500.0 pi_loss=-0.006 v_loss=0.000 ent=2.270 msg_acc=0.518 kl=0.0135
[upd   82 | steps   41984 | t  108.9s | sps   385] ret_mean=0.000 ep_len=500.0 pi_loss=-0.009 v_loss=0.000 ent=2.291 msg_acc=0.476 kl=0.0097
[upd   83 | steps   42496 | t  109.6s | sps   388] ret_mean=0.000 ep_len=500.0 pi_loss=-0.010 v_loss=0.000 ent=2.113 msg_acc=0.834 kl=0.0045
[upd   84 | steps   43008 | t  110.3s | sps   390] ret_mean=0.000 ep_len=500.0 pi_loss=-0.005 v_loss=0.000 ent=2.060 msg_acc=0.657 kl=0.0034
[upd   85 | steps   43520 | t  110.9s | sps   392] ret_mean=0.000 ep_len=500.0 pi_loss=0.000 v_loss=0.001 ent=2.336 msg_acc=0.505 kl=-0.0008
[upd   86 | steps   44032 | t  111.5s | sps   395] ret_mean=0.500 ep_len=500.0 pi_loss=0.015 v_loss=0.007 ent=2.850 msg_acc=0.249 kl=0.0441
[upd   87 | steps   44544 | t  112.2s | sps   397] ret_mean=1.000 ep_len=500.0 pi_loss=-0.010 v_loss=0.006 ent=2.498 msg_acc=0.496 kl=0.0077
[upd   88 | steps   45056 | t  112.8s | sps   399] ret_mean=1.000 ep_len=500.0 pi_loss=-0.011 v_loss=0.002 ent=1.882 msg_acc=0.787 kl=-0.0015
[upd   89 | steps   45568 | t  113.6s | sps   401] ret_mean=0.500 ep_len=500.0 pi_loss=-0.012 v_loss=0.000 ent=1.686 msg_acc=0.849 kl=0.0053
[upd   90 | steps   46080 | t  114.3s | sps   403] ret_mean=0.000 ep_len=500.0 pi_loss=-0.012 v_loss=0.000 ent=1.985 msg_acc=0.742 kl=0.0031
[upd   91 | steps   46592 | t  116.5s | sps   400] ret_mean=0.000 ep_len=500.0 pi_loss=-0.012 v_loss=0.000 ent=1.960 msg_acc=0.739 kl=0.0259
[upd   92 | steps   47104 | t  118.8s | sps   396] ret_mean=0.000 ep_len=500.0 pi_loss=-0.004 v_loss=0.000 ent=1.923 msg_acc=0.681 kl=0.0058
[upd   93 | steps   47616 | t  120.5s | sps   395] ret_mean=1.500 ep_len=500.0 pi_loss=0.032 v_loss=0.007 ent=2.259 msg_acc=0.217 kl=0.0967
[upd   94 | steps   48128 | t  122.3s | sps   394] ret_mean=0.000 ep_len=500.0 pi_loss=-0.004 v_loss=0.001 ent=2.561 msg_acc=0.821 kl=0.0268
[upd   95 | steps   48640 | t  123.8s | sps   393] ret_mean=0.000 ep_len=500.0 pi_loss=-0.012 v_loss=0.001 ent=2.217 msg_acc=0.871 kl=0.0140
[upd   96 | steps   49152 | t  125.5s | sps   392] ret_mean=0.000 ep_len=500.0 pi_loss=-0.014 v_loss=0.001 ent=2.294 msg_acc=0.839 kl=0.0052
[upd   97 | steps   49664 | t  127.3s | sps   390] ret_mean=0.000 ep_len=500.0 pi_loss=-0.004 v_loss=0.000 ent=2.250 msg_acc=0.842 kl=0.0098
[upd   98 | steps   50176 | t  128.9s | sps   389] ret_mean=0.000 ep_len=500.0 pi_loss=-0.008 v_loss=0.001 ent=2.383 msg_acc=0.712 kl=0.0025
[upd   99 | steps   50688 | t  130.5s | sps   388] ret_mean=0.000 ep_len=500.0 pi_loss=-0.011 v_loss=0.000 ent=2.222 msg_acc=0.682 kl=0.0036
[upd  100 | steps   51200 | t  132.1s | sps   388] ret_mean=0.500 ep_len=500.0 pi_loss=-0.003 v_loss=0.002 ent=2.710 msg_acc=0.517 kl=0.0253
        [eval] ret_mean=0.000 ep_len=500.0
[upd  101 | steps   51712 | t  146.8s | sps   352] ret_mean=2.000 ep_len=500.0 pi_loss=-0.007 v_loss=0.008 ent=2.134 msg_acc=0.771 kl=0.0100
[upd  102 | steps   52224 | t  148.7s | sps   351] ret_mean=2.000 ep_len=500.0 pi_loss=-0.009 v_loss=0.023 ent=1.899 msg_acc=0.824 kl=0.0050
[upd  103 | steps   52736 | t  150.3s | sps   351] ret_mean=1.500 ep_len=500.0 pi_loss=-0.013 v_loss=0.002 ent=2.327 msg_acc=0.756 kl=0.0111
[upd  104 | steps   53248 | t  151.8s | sps   351] ret_mean=0.000 ep_len=500.0 pi_loss=-0.013 v_loss=0.022 ent=1.984 msg_acc=0.729 kl=-0.0014
[upd  105 | steps   53760 | t  153.7s | sps   350] ret_mean=4.500 ep_len=500.0 pi_loss=-0.008 v_loss=0.013 ent=2.532 msg_acc=0.534 kl=0.0087
[upd  106 | steps   54272 | t  155.4s | sps   349] ret_mean=0.000 ep_len=500.0 pi_loss=-0.004 v_loss=0.015 ent=2.440 msg_acc=0.536 kl=0.0144
[upd  107 | steps   54784 | t  157.2s | sps   349] ret_mean=1.500 ep_len=500.0 pi_loss=-0.013 v_loss=0.002 ent=1.715 msg_acc=0.844 kl=0.0185
[upd  108 | steps   55296 | t  158.8s | sps   348] ret_mean=0.000 ep_len=500.0 pi_loss=-0.016 v_loss=0.001 ent=1.640 msg_acc=0.890 kl=0.0114
[upd  109 | steps   55808 | t  160.5s | sps   348] ret_mean=0.000 ep_len=500.0 pi_loss=-0.009 v_loss=0.001 ent=1.855 msg_acc=0.877 kl=0.0086
[upd  110 | steps   56320 | t  162.2s | sps   347] ret_mean=0.000 ep_len=500.0 pi_loss=-0.005 v_loss=0.001 ent=1.590 msg_acc=0.873 kl=0.0108
[upd  111 | steps   56832 | t  163.9s | sps   347] ret_mean=0.000 ep_len=500.0 pi_loss=-0.014 v_loss=0.001 ent=1.803 msg_acc=0.793 kl=0.0090
[upd  112 | steps   57344 | t  165.6s | sps   346] ret_mean=7.000 ep_len=500.0 pi_loss=-0.002 v_loss=0.097 ent=2.301 msg_acc=0.320 kl=0.0219
[upd  113 | steps   57856 | t  167.1s | sps   346] ret_mean=0.000 ep_len=500.0 pi_loss=-0.004 v_loss=0.006 ent=1.941 msg_acc=0.576 kl=0.0092
[upd  114 | steps   58368 | t  168.9s | sps   346] ret_mean=1.000 ep_len=500.0 pi_loss=-0.005 v_loss=0.037 ent=2.625 msg_acc=0.463 kl=0.0225
[upd  115 | steps   58880 | t  170.5s | sps   345] ret_mean=3.000 ep_len=500.0 pi_loss=-0.008 v_loss=0.001 ent=1.719 msg_acc=0.833 kl=0.0113
[upd  116 | steps   59392 | t  172.2s | sps   345] ret_mean=0.000 ep_len=500.0 pi_loss=-0.013 v_loss=0.001 ent=1.740 msg_acc=0.882 kl=0.0124
[upd  117 | steps   59904 | t  173.7s | sps   345] ret_mean=0.000 ep_len=500.0 pi_loss=-0.005 v_loss=0.001 ent=2.080 msg_acc=0.667 kl=0.0159
[upd  118 | steps   60416 | t  175.4s | sps   344] ret_mean=0.000 ep_len=500.0 pi_loss=-0.012 v_loss=0.005 ent=1.982 msg_acc=0.780 kl=0.0072
[upd  119 | steps   60928 | t  176.9s | sps   344] ret_mean=1.000 ep_len=500.0 pi_loss=-0.014 v_loss=0.002 ent=2.140 msg_acc=0.604 kl=0.0240
[upd  120 | steps   61440 | t  178.6s | sps   344] ret_mean=0.000 ep_len=500.0 pi_loss=-0.006 v_loss=0.001 ent=2.081 msg_acc=0.746 kl=0.0071
[upd  121 | steps   61952 | t  180.2s | sps   344] ret_mean=0.000 ep_len=500.0 pi_loss=-0.009 v_loss=0.001 ent=2.117 msg_acc=0.471 kl=0.0176
[upd  122 | steps   62464 | t  181.8s | sps   344] ret_mean=0.000 ep_len=500.0 pi_loss=-0.002 v_loss=0.011 ent=1.898 msg_acc=0.521 kl=0.0163
[upd  123 | steps   62976 | t  183.4s | sps   343] ret_mean=2.000 ep_len=500.0 pi_loss=0.015 v_loss=0.001 ent=2.298 msg_acc=0.290 kl=0.0155
[upd  124 | steps   63488 | t  185.1s | sps   343] ret_mean=0.000 ep_len=500.0 pi_loss=-0.000 v_loss=0.000 ent=2.065 msg_acc=0.800 kl=0.0045
[upd  125 | steps   64000 | t  186.7s | sps   343] ret_mean=0.000 ep_len=500.0 pi_loss=-0.016 v_loss=0.002 ent=1.828 msg_acc=0.753 kl=0.0077
[upd  126 | steps   64512 | t  188.3s | sps   343] ret_mean=0.500 ep_len=500.0 pi_loss=-0.008 v_loss=0.001 ent=2.162 msg_acc=0.718 kl=0.0007
[upd  127 | steps   65024 | t  190.9s | sps   341] ret_mean=0.000 ep_len=500.0 pi_loss=-0.013 v_loss=0.036 ent=1.772 msg_acc=0.761 kl=0.0056
[upd  128 | steps   65536 | t  192.7s | sps   340] ret_mean=3.500 ep_len=500.0 pi_loss=-0.006 v_loss=0.001 ent=1.900 msg_acc=0.705 kl=0.0038
[upd  129 | steps   66048 | t  195.4s | sps   338] ret_mean=0.000 ep_len=500.0 pi_loss=-0.006 v_loss=0.001 ent=2.323 msg_acc=0.679 kl=0.0087
[upd  130 | steps   66560 | t  197.7s | sps   337] ret_mean=0.000 ep_len=500.0 pi_loss=-0.005 v_loss=0.004 ent=2.453 msg_acc=0.479 kl=0.0091
[upd  131 | steps   67072 | t  200.1s | sps   335] ret_mean=1.500 ep_len=500.0 pi_loss=0.002 v_loss=0.004 ent=2.430 msg_acc=0.310 kl=0.0352
[upd  132 | steps   67584 | t  201.5s | sps   335] ret_mean=1.500 ep_len=500.0 pi_loss=-0.001 v_loss=0.083 ent=2.460 msg_acc=0.472 kl=0.0218
[upd  133 | steps   68096 | t  202.7s | sps   336] ret_mean=8.000 ep_len=500.0 pi_loss=0.003 v_loss=0.052 ent=2.443 msg_acc=0.810 kl=0.0489
[upd  134 | steps   68608 | t  204.7s | sps   335] ret_mean=0.000 ep_len=500.0 pi_loss=0.006 v_loss=0.002 ent=2.517 msg_acc=0.277 kl=0.0149
[upd  135 | steps   69120 | t  206.5s | sps   335] ret_mean=0.000 ep_len=500.0 pi_loss=-0.004 v_loss=0.001 ent=2.294 msg_acc=0.567 kl=0.0066
[upd  136 | steps   69632 | t  208.0s | sps   335] ret_mean=0.000 ep_len=500.0 pi_loss=-0.008 v_loss=0.032 ent=1.849 msg_acc=0.608 kl=0.0060
[upd  137 | steps   70144 | t  210.0s | sps   334] ret_mean=3.000 ep_len=500.0 pi_loss=-0.016 v_loss=0.173 ent=1.644 msg_acc=0.812 kl=0.0164
[upd  138 | steps   70656 | t  211.9s | sps   333] ret_mean=8.000 ep_len=500.0 pi_loss=0.003 v_loss=0.003 ent=2.727 msg_acc=0.462 kl=0.0212
[upd  139 | steps   71168 | t  213.8s | sps   333] ret_mean=0.000 ep_len=500.0 pi_loss=-0.016 v_loss=0.001 ent=1.879 msg_acc=0.741 kl=0.0113
[upd  140 | steps   71680 | t  217.3s | sps   330] ret_mean=0.000 ep_len=500.0 pi_loss=-0.017 v_loss=0.002 ent=1.406 msg_acc=0.777 kl=0.0136
[upd  141 | steps   72192 | t  218.1s | sps   331] ret_mean=0.000 ep_len=500.0 pi_loss=-0.013 v_loss=0.011 ent=2.687 msg_acc=0.783 kl=0.0340
[upd  142 | steps   72704 | t  218.9s | sps   332] ret_mean=0.750 ep_len=500.0 pi_loss=-0.006 v_loss=0.001 ent=2.107 msg_acc=0.418 kl=0.0059
[upd  143 | steps   73216 | t  219.8s | sps   333] ret_mean=0.000 ep_len=500.0 pi_loss=-0.005 v_loss=0.001 ent=1.292 msg_acc=0.812 kl=0.0097
[upd  144 | steps   73728 | t  221.0s | sps   334] ret_mean=0.000 ep_len=500.0 pi_loss=-0.013 v_loss=0.000 ent=1.387 msg_acc=0.844 kl=0.0069
[upd  145 | steps   74240 | t  222.7s | sps   333] ret_mean=0.000 ep_len=500.0 pi_loss=-0.008 v_loss=0.000 ent=1.826 msg_acc=0.680 kl=0.0071
[upd  146 | steps   74752 | t  223.4s | sps   335] ret_mean=0.000 ep_len=500.0 pi_loss=-0.004 v_loss=0.000 ent=2.134 msg_acc=0.802 kl=0.0150
[upd  147 | steps   75264 | t  224.1s | sps   336] ret_mean=2.000 ep_len=500.0 pi_loss=-0.001 v_loss=0.027 ent=2.412 msg_acc=0.511 kl=0.0217
[upd  148 | steps   75776 | t  225.0s | sps   337] ret_mean=0.000 ep_len=500.0 pi_loss=-0.009 v_loss=0.001 ent=1.980 msg_acc=0.656 kl=0.0043
[upd  149 | steps   76288 | t  225.8s | sps   338] ret_mean=0.000 ep_len=500.0 pi_loss=-0.008 v_loss=0.000 ent=1.355 msg_acc=0.857 kl=0.0071
[upd  150 | steps   76800 | t  226.5s | sps   339] ret_mean=9.500 ep_len=500.0 pi_loss=-0.009 v_loss=0.178 ent=2.503 msg_acc=0.560 kl=0.0250
        [eval] ret_mean=12.500 ep_len=500.0
[upd  151 | steps   77312 | t  235.6s | sps   328] ret_mean=2.500 ep_len=500.0 pi_loss=-0.006 v_loss=0.035 ent=1.740 msg_acc=0.599 kl=0.0056
[upd  152 | steps   77824 | t  236.2s | sps   329] ret_mean=0.000 ep_len=500.0 pi_loss=-0.009 v_loss=0.002 ent=2.705 msg_acc=0.344 kl=0.0099
[upd  153 | steps   78336 | t  236.9s | sps   331] ret_mean=0.000 ep_len=500.0 pi_loss=-0.011 v_loss=0.001 ent=1.901 msg_acc=0.751 kl=-0.0018
[upd  154 | steps   78848 | t  237.7s | sps   332] ret_mean=0.000 ep_len=500.0 pi_loss=-0.004 v_loss=0.002 ent=1.900 msg_acc=0.607 kl=0.0121
[upd  155 | steps   79360 | t  238.8s | sps   332] ret_mean=0.000 ep_len=500.0 pi_loss=-0.008 v_loss=0.001 ent=2.309 msg_acc=0.534 kl=0.0090
[upd  156 | steps   79872 | t  239.6s | sps   333] ret_mean=0.000 ep_len=500.0 pi_loss=-0.005 v_loss=0.000 ent=2.710 msg_acc=0.309 kl=0.0261
[upd  157 | steps   80384 | t  240.4s | sps   334] ret_mean=0.000 ep_len=500.0 pi_loss=0.007 v_loss=0.000 ent=2.467 msg_acc=0.234 kl=0.0126
[upd  158 | steps   80896 | t  241.1s | sps   336] ret_mean=0.000 ep_len=500.0 pi_loss=-0.007 v_loss=0.000 ent=1.239 msg_acc=0.818 kl=0.0058
[upd  159 | steps   81408 | t  241.8s | sps   337] ret_mean=0.000 ep_len=500.0 pi_loss=-0.010 v_loss=0.077 ent=2.276 msg_acc=0.656 kl=0.0086
[upd  160 | steps   81920 | t  242.6s | sps   338] ret_mean=4.500 ep_len=500.0 pi_loss=-0.004 v_loss=0.069 ent=2.446 msg_acc=0.256 kl=0.0209
[upd  161 | steps   82432 | t  243.3s | sps   339] ret_mean=5.000 ep_len=500.0 pi_loss=-0.005 v_loss=0.001 ent=2.565 msg_acc=0.495 kl=0.0046
[upd  162 | steps   82944 | t  244.1s | sps   340] ret_mean=0.000 ep_len=500.0 pi_loss=-0.008 v_loss=0.000 ent=1.342 msg_acc=0.787 kl=0.0171
[upd  163 | steps   83456 | t  244.9s | sps   341] ret_mean=0.000 ep_len=500.0 pi_loss=-0.005 v_loss=0.000 ent=2.211 msg_acc=0.547 kl=0.0077
[upd  164 | steps   83968 | t  245.6s | sps   342] ret_mean=0.000 ep_len=500.0 pi_loss=-0.008 v_loss=0.000 ent=1.506 msg_acc=0.675 kl=-0.0011
[upd  165 | steps   84480 | t  246.3s | sps   343] ret_mean=10.500 ep_len=500.0 pi_loss=-0.001 v_loss=0.230 ent=2.340 msg_acc=0.319 kl=0.0457
[upd  166 | steps   84992 | t  246.9s | sps   344] ret_mean=0.000 ep_len=500.0 pi_loss=0.006 v_loss=0.001 ent=2.168 msg_acc=0.681 kl=0.0143
[upd  167 | steps   85504 | t  247.6s | sps   345] ret_mean=0.000 ep_len=500.0 pi_loss=0.006 v_loss=0.001 ent=2.137 msg_acc=0.795 kl=0.0329
[upd  168 | steps   86016 | t  248.4s | sps   346] ret_mean=4.500 ep_len=500.0 pi_loss=-0.009 v_loss=0.075 ent=2.311 msg_acc=0.824 kl=0.0177
[upd  169 | steps   86528 | t  249.2s | sps   347] ret_mean=0.000 ep_len=500.0 pi_loss=-0.004 v_loss=0.001 ent=2.268 msg_acc=0.537 kl=0.0171
[upd  170 | steps   87040 | t  249.9s | sps   348] ret_mean=0.000 ep_len=500.0 pi_loss=-0.009 v_loss=0.001 ent=1.712 msg_acc=0.747 kl=0.0125
[upd  171 | steps   87552 | t  250.6s | sps   349] ret_mean=3.500 ep_len=500.0 pi_loss=-0.006 v_loss=0.059 ent=2.143 msg_acc=0.606 kl=0.0123
[upd  172 | steps   88064 | t  251.3s | sps   350] ret_mean=0.000 ep_len=500.0 pi_loss=-0.013 v_loss=0.006 ent=1.309 msg_acc=0.854 kl=0.0037
[upd  173 | steps   88576 | t  252.2s | sps   351] ret_mean=2.000 ep_len=500.0 pi_loss=-0.004 v_loss=0.001 ent=1.061 msg_acc=0.777 kl=0.0016
[upd  174 | steps   89088 | t  253.1s | sps   352] ret_mean=0.000 ep_len=500.0 pi_loss=-0.004 v_loss=0.001 ent=1.580 msg_acc=0.720 kl=0.0031
[upd  175 | steps   89600 | t  253.8s | sps   353] ret_mean=0.000 ep_len=500.0 pi_loss=-0.007 v_loss=0.001 ent=1.986 msg_acc=0.754 kl=0.0105
[upd  176 | steps   90112 | t  254.5s | sps   354] ret_mean=0.000 ep_len=500.0 pi_loss=-0.005 v_loss=0.000 ent=1.172 msg_acc=0.769 kl=0.0012
[upd  177 | steps   90624 | t  255.2s | sps   355] ret_mean=0.000 ep_len=500.0 pi_loss=-0.006 v_loss=0.001 ent=1.237 msg_acc=0.863 kl=0.0088
[upd  178 | steps   91136 | t  255.9s | sps   356] ret_mean=0.000 ep_len=500.0 pi_loss=0.000 v_loss=0.000 ent=1.428 msg_acc=0.836 kl=0.0091
[upd  179 | steps   91648 | t  256.6s | sps   357] ret_mean=0.000 ep_len=500.0 pi_loss=0.027 v_loss=0.275 ent=1.616 msg_acc=0.217 kl=0.1711
[upd  180 | steps   92160 | t  257.3s | sps   358] ret_mean=9.000 ep_len=500.0 pi_loss=0.014 v_loss=0.001 ent=2.163 msg_acc=0.776 kl=0.0543
[upd  181 | steps   92672 | t  257.9s | sps   359] ret_mean=0.000 ep_len=500.0 pi_loss=-0.006 v_loss=0.001 ent=2.009 msg_acc=0.972 kl=0.0259
[upd  182 | steps   93184 | t  258.7s | sps   360] ret_mean=0.000 ep_len=500.0 pi_loss=-0.006 v_loss=0.001 ent=1.727 msg_acc=0.776 kl=0.0145
[upd  183 | steps   93696 | t  259.3s | sps   361] ret_mean=0.000 ep_len=500.0 pi_loss=-0.002 v_loss=0.198 ent=2.191 msg_acc=0.370 kl=0.0012
[upd  184 | steps   94208 | t  260.0s | sps   362] ret_mean=7.500 ep_len=500.0 pi_loss=0.001 v_loss=0.015 ent=2.138 msg_acc=0.442 kl=0.0298
[upd  185 | steps   94720 | t  260.7s | sps   363] ret_mean=1.500 ep_len=500.0 pi_loss=0.011 v_loss=0.003 ent=2.132 msg_acc=0.826 kl=0.0309
[upd  186 | steps   95232 | t  261.3s | sps   364] ret_mean=0.000 ep_len=500.0 pi_loss=-0.016 v_loss=0.002 ent=1.998 msg_acc=0.949 kl=0.0133
[upd  187 | steps   95744 | t  262.0s | sps   366] ret_mean=0.000 ep_len=500.0 pi_loss=-0.001 v_loss=0.002 ent=2.146 msg_acc=0.573 kl=0.0204
[upd  188 | steps   96256 | t  262.6s | sps   367] ret_mean=3.000 ep_len=500.0 pi_loss=-0.009 v_loss=0.042 ent=1.946 msg_acc=0.693 kl=0.0023
[upd  189 | steps   96768 | t  263.5s | sps   367] ret_mean=0.000 ep_len=500.0 pi_loss=-0.003 v_loss=0.002 ent=1.712 msg_acc=0.847 kl=0.0010
[upd  190 | steps   97280 | t  264.3s | sps   368] ret_mean=0.000 ep_len=500.0 pi_loss=-0.004 v_loss=0.001 ent=1.518 msg_acc=0.977 kl=0.0057
[upd  191 | steps   97792 | t  265.1s | sps   369] ret_mean=0.000 ep_len=500.0 pi_loss=-0.007 v_loss=0.001 ent=2.106 msg_acc=0.842 kl=0.0165
[upd  192 | steps   98304 | t  265.9s | sps   370] ret_mean=1.500 ep_len=500.0 pi_loss=-0.008 v_loss=0.052 ent=2.028 msg_acc=0.784 kl=0.0210
[upd  193 | steps   98816 | t  266.8s | sps   370] ret_mean=3.500 ep_len=500.0 pi_loss=-0.015 v_loss=0.029 ent=1.892 msg_acc=0.691 kl=0.0071
[upd  194 | steps   99328 | t  267.4s | sps   371] ret_mean=0.000 ep_len=500.0 pi_loss=-0.002 v_loss=0.001 ent=1.715 msg_acc=0.705 kl=0.0064
[upd  195 | steps   99840 | t  268.2s | sps   372] ret_mean=0.000 ep_len=500.0 pi_loss=-0.008 v_loss=0.002 ent=1.584 msg_acc=0.779 kl=0.0039
[upd  196 | steps  100352 | t  268.9s | sps   373] ret_mean=0.000 ep_len=500.0 pi_loss=-0.004 v_loss=0.001 ent=2.162 msg_acc=0.810 kl=0.0045
[upd  197 | steps  100864 | t  269.6s | sps   374] ret_mean=0.000 ep_len=500.0 pi_loss=-0.007 v_loss=0.119 ent=1.423 msg_acc=0.833 kl=0.0045
[upd  198 | steps  101376 | t  270.2s | sps   375] ret_mean=6.500 ep_len=500.0 pi_loss=-0.003 v_loss=0.001 ent=1.880 msg_acc=0.545 kl=0.0145
[upd  199 | steps  101888 | t  270.7s | sps   376] ret_mean=6.500 ep_len=500.0 pi_loss=-0.005 v_loss=0.163 ent=1.968 msg_acc=0.693 kl=0.0069
[upd  200 | steps  102400 | t  271.3s | sps   377] ret_mean=0.000 ep_len=500.0 pi_loss=-0.002 v_loss=0.001 ent=1.270 msg_acc=0.737 kl=0.0030
        [eval] ret_mean=0.000 ep_len=500.0
