$ /Users/praneelkhiantani/Downloads/cs2860/.venv/bin/python3 -m policies.train --env rware-medium-2ag-easy-v2 --seed 0 --updates 200 --rollout 512 --eval-every 50 --eval-episodes 10 --log-dir matrix_results/intent_grounded_v1_pilot/rware-medium-2ag-easy-v2 --run-name mappo-intent-aux__dropout-only__d0__s0 --n-msg-tokens 8 --message-grounding rware-intent --message-grounding-coef 0.2 --dropout --dropout-agent 0 --dropout-time 100 --shape-rewards --pickup-bonus 0.5

[env] EnvSpec(env_id='rware-medium-2ag-easy-v2', n_agents=2, obs_dim=71, n_env_actions=5, noop_action=0, family='rware')  (n_msg_tokens=8)
[cfg] {'clip_range': 0.2, 'value_clip_range': 0.2, 'entropy_coef': 0.01, 'value_coef': 0.5, 'max_grad_norm': 0.5, 'gamma': 0.99, 'gae_lambda': 0.95, 'lr_actor': 0.0003, 'lr_critic': 0.001, 'update_epochs': 4, 'minibatches': 4, 'hidden': 128, 'depth': 2, 'device': 'cpu', 'message_grounding_coef': 0.2, 'extra': {}}
[log] writing to matrix_results/intent_grounded_v1_pilot/rware-medium-2ag-easy-v2/mappo-intent-aux__dropout-only__d0__s0
[upd    1 | steps     512 | t    0.8s | sps   618] ret_mean=0.000 ep_len=500.0 pi_loss=0.011 v_loss=0.085 ent=3.665 msg_acc=0.345 kl=0.0361
[upd    2 | steps    1024 | t    1.6s | sps   655] ret_mean=0.000 ep_len=500.0 pi_loss=0.002 v_loss=0.012 ent=3.650 msg_acc=0.462 kl=0.0139
[upd    3 | steps    1536 | t    2.3s | sps   673] ret_mean=0.000 ep_len=500.0 pi_loss=0.002 v_loss=0.010 ent=3.599 msg_acc=0.753 kl=0.0122
[upd    4 | steps    2048 | t    3.3s | sps   614] ret_mean=0.000 ep_len=500.0 pi_loss=0.004 v_loss=0.004 ent=3.594 msg_acc=0.614 kl=0.0145
[upd    5 | steps    2560 | t    4.3s | sps   590] ret_mean=0.000 ep_len=500.0 pi_loss=-0.001 v_loss=0.007 ent=3.254 msg_acc=0.756 kl=0.0202
[upd    6 | steps    3072 | t    5.6s | sps   544] ret_mean=0.500 ep_len=500.0 pi_loss=-0.002 v_loss=0.006 ent=3.498 msg_acc=0.419 kl=0.0068
[upd    7 | steps    3584 | t    6.8s | sps   531] ret_mean=0.000 ep_len=500.0 pi_loss=0.002 v_loss=0.003 ent=3.164 msg_acc=0.868 kl=0.0360
[upd    8 | steps    4096 | t    7.9s | sps   519] ret_mean=0.000 ep_len=500.0 pi_loss=-0.013 v_loss=0.004 ent=3.172 msg_acc=0.403 kl=0.0106
[upd    9 | steps    4608 | t    8.9s | sps   520] ret_mean=0.500 ep_len=500.0 pi_loss=-0.003 v_loss=0.004 ent=2.952 msg_acc=0.842 kl=0.0182
[upd   10 | steps    5120 | t    9.7s | sps   529] ret_mean=0.000 ep_len=500.0 pi_loss=-0.009 v_loss=0.002 ent=2.697 msg_acc=0.737 kl=0.0101
[upd   11 | steps    5632 | t   10.5s | sps   538] ret_mean=0.500 ep_len=500.0 pi_loss=-0.008 v_loss=0.003 ent=3.070 msg_acc=0.764 kl=0.0151
[upd   12 | steps    6144 | t   11.2s | sps   547] ret_mean=0.000 ep_len=500.0 pi_loss=-0.007 v_loss=0.003 ent=2.566 msg_acc=0.845 kl=0.0085
[upd   13 | steps    6656 | t   12.0s | sps   556] ret_mean=0.000 ep_len=500.0 pi_loss=-0.008 v_loss=0.004 ent=2.868 msg_acc=0.763 kl=0.0106
[upd   14 | steps    7168 | t   12.8s | sps   558] ret_mean=0.000 ep_len=500.0 pi_loss=-0.009 v_loss=0.001 ent=2.808 msg_acc=0.915 kl=0.0168
[upd   15 | steps    7680 | t   13.6s | sps   567] ret_mean=0.000 ep_len=500.0 pi_loss=0.004 v_loss=0.001 ent=2.665 msg_acc=0.629 kl=0.0167
[upd   16 | steps    8192 | t   14.7s | sps   558] ret_mean=0.000 ep_len=500.0 pi_loss=-0.012 v_loss=0.001 ent=2.504 msg_acc=0.798 kl=0.0201
[upd   17 | steps    8704 | t   15.7s | sps   555] ret_mean=0.000 ep_len=500.0 pi_loss=-0.001 v_loss=0.001 ent=2.634 msg_acc=0.850 kl=0.0076
[upd   18 | steps    9216 | t   16.5s | sps   558] ret_mean=0.000 ep_len=500.0 pi_loss=-0.002 v_loss=0.001 ent=2.599 msg_acc=0.787 kl=0.0093
[upd   19 | steps    9728 | t   17.2s | sps   566] ret_mean=0.000 ep_len=500.0 pi_loss=-0.010 v_loss=0.002 ent=2.396 msg_acc=0.758 kl=-0.0023
[upd   20 | steps   10240 | t   17.9s | sps   573] ret_mean=0.500 ep_len=500.0 pi_loss=-0.009 v_loss=0.000 ent=2.459 msg_acc=0.697 kl=0.0156
[upd   21 | steps   10752 | t   18.5s | sps   581] ret_mean=0.000 ep_len=500.0 pi_loss=-0.007 v_loss=0.001 ent=2.414 msg_acc=0.853 kl=-0.0010
[upd   22 | steps   11264 | t   19.2s | sps   587] ret_mean=0.000 ep_len=500.0 pi_loss=-0.004 v_loss=0.001 ent=2.447 msg_acc=0.472 kl=0.0079
[upd   23 | steps   11776 | t   19.8s | sps   594] ret_mean=0.000 ep_len=500.0 pi_loss=-0.007 v_loss=0.001 ent=2.243 msg_acc=0.819 kl=0.0107
[upd   24 | steps   12288 | t   20.6s | sps   596] ret_mean=0.000 ep_len=500.0 pi_loss=0.004 v_loss=0.001 ent=2.362 msg_acc=0.606 kl=0.0191
[upd   25 | steps   12800 | t   21.3s | sps   601] ret_mean=0.000 ep_len=500.0 pi_loss=-0.009 v_loss=0.001 ent=2.326 msg_acc=0.799 kl=0.0014
[upd   26 | steps   13312 | t   21.9s | sps   607] ret_mean=0.000 ep_len=500.0 pi_loss=-0.009 v_loss=0.001 ent=2.108 msg_acc=0.845 kl=0.0081
[upd   27 | steps   13824 | t   22.6s | sps   613] ret_mean=0.000 ep_len=500.0 pi_loss=0.004 v_loss=0.000 ent=2.412 msg_acc=0.390 kl=0.0268
[upd   28 | steps   14336 | t   23.2s | sps   618] ret_mean=0.000 ep_len=500.0 pi_loss=-0.005 v_loss=0.001 ent=2.452 msg_acc=0.585 kl=0.0088
[upd   29 | steps   14848 | t   23.8s | sps   624] ret_mean=0.000 ep_len=500.0 pi_loss=-0.007 v_loss=0.001 ent=2.345 msg_acc=0.594 kl=0.0123
[upd   30 | steps   15360 | t   24.4s | sps   630] ret_mean=0.000 ep_len=500.0 pi_loss=-0.005 v_loss=0.000 ent=2.196 msg_acc=0.670 kl=0.0017
[upd   31 | steps   15872 | t   25.2s | sps   630] ret_mean=0.000 ep_len=500.0 pi_loss=-0.010 v_loss=0.000 ent=2.336 msg_acc=0.684 kl=0.0149
[upd   32 | steps   16384 | t   25.9s | sps   634] ret_mean=0.000 ep_len=500.0 pi_loss=-0.001 v_loss=0.000 ent=2.258 msg_acc=0.748 kl=0.0051
[upd   33 | steps   16896 | t   26.8s | sps   629] ret_mean=0.000 ep_len=500.0 pi_loss=0.023 v_loss=0.000 ent=2.649 msg_acc=0.270 kl=0.0305
[upd   34 | steps   17408 | t   27.5s | sps   633] ret_mean=0.000 ep_len=500.0 pi_loss=-0.010 v_loss=0.000 ent=2.306 msg_acc=0.614 kl=0.0150
[upd   35 | steps   17920 | t   28.1s | sps   638] ret_mean=0.000 ep_len=500.0 pi_loss=-0.005 v_loss=0.000 ent=2.342 msg_acc=0.705 kl=0.0034
[upd   36 | steps   18432 | t   28.7s | sps   642] ret_mean=0.000 ep_len=500.0 pi_loss=0.024 v_loss=0.001 ent=2.727 msg_acc=0.234 kl=0.0200
[upd   37 | steps   18944 | t   29.4s | sps   645] ret_mean=0.000 ep_len=500.0 pi_loss=-0.004 v_loss=0.000 ent=2.327 msg_acc=0.721 kl=0.0141
[upd   38 | steps   19456 | t   30.0s | sps   649] ret_mean=0.000 ep_len=500.0 pi_loss=-0.001 v_loss=0.000 ent=2.474 msg_acc=0.513 kl=0.0064
[upd   39 | steps   19968 | t   30.6s | sps   653] ret_mean=0.000 ep_len=500.0 pi_loss=-0.005 v_loss=0.000 ent=2.098 msg_acc=0.903 kl=0.0111
[upd   40 | steps   20480 | t   31.2s | sps   657] ret_mean=0.000 ep_len=500.0 pi_loss=-0.003 v_loss=0.000 ent=2.263 msg_acc=0.638 kl=0.0213
[upd   41 | steps   20992 | t   32.0s | sps   656] ret_mean=0.000 ep_len=500.0 pi_loss=-0.005 v_loss=0.000 ent=2.265 msg_acc=0.614 kl=0.0157
[upd   42 | steps   21504 | t   32.6s | sps   660] ret_mean=0.000 ep_len=500.0 pi_loss=-0.004 v_loss=0.001 ent=2.078 msg_acc=0.735 kl=0.0073
[upd   43 | steps   22016 | t   33.3s | sps   661] ret_mean=1.000 ep_len=500.0 pi_loss=-0.003 v_loss=0.004 ent=2.083 msg_acc=0.681 kl=0.0122
[upd   44 | steps   22528 | t   33.9s | sps   665] ret_mean=0.000 ep_len=500.0 pi_loss=-0.009 v_loss=0.000 ent=2.371 msg_acc=0.619 kl=0.0123
[upd   45 | steps   23040 | t   34.5s | sps   668] ret_mean=0.000 ep_len=500.0 pi_loss=-0.001 v_loss=0.001 ent=2.437 msg_acc=0.464 kl=0.0073
[upd   46 | steps   23552 | t   35.1s | sps   670] ret_mean=0.000 ep_len=500.0 pi_loss=-0.004 v_loss=0.001 ent=2.356 msg_acc=0.643 kl=0.0153
[upd   47 | steps   24064 | t   35.8s | sps   672] ret_mean=0.000 ep_len=500.0 pi_loss=-0.012 v_loss=0.000 ent=2.144 msg_acc=0.645 kl=0.0162
[upd   48 | steps   24576 | t   36.4s | sps   675] ret_mean=0.000 ep_len=500.0 pi_loss=0.019 v_loss=0.000 ent=3.070 msg_acc=0.051 kl=0.0325
[upd   49 | steps   25088 | t   37.0s | sps   678] ret_mean=0.000 ep_len=500.0 pi_loss=0.006 v_loss=0.001 ent=2.199 msg_acc=0.526 kl=0.0184
[upd   50 | steps   25600 | t   37.6s | sps   680] ret_mean=0.000 ep_len=500.0 pi_loss=0.019 v_loss=0.000 ent=2.492 msg_acc=0.522 kl=0.0408
        [eval] ret_mean=0.000 ep_len=500.0
[upd   51 | steps   26112 | t   44.8s | sps   583] ret_mean=0.000 ep_len=500.0 pi_loss=0.002 v_loss=0.001 ent=2.721 msg_acc=0.311 kl=0.0230
[upd   52 | steps   26624 | t   45.4s | sps   586] ret_mean=0.500 ep_len=500.0 pi_loss=-0.007 v_loss=0.002 ent=2.578 msg_acc=0.604 kl=0.0094
[upd   53 | steps   27136 | t   47.1s | sps   576] ret_mean=0.000 ep_len=500.0 pi_loss=0.010 v_loss=0.000 ent=2.689 msg_acc=0.552 kl=0.0570
[upd   54 | steps   27648 | t   48.7s | sps   568] ret_mean=0.000 ep_len=500.0 pi_loss=0.007 v_loss=0.000 ent=2.592 msg_acc=0.325 kl=0.0093
[upd   55 | steps   28160 | t   49.8s | sps   566] ret_mean=0.000 ep_len=500.0 pi_loss=-0.008 v_loss=0.003 ent=1.830 msg_acc=0.787 kl=-0.0062
[upd   56 | steps   28672 | t   51.3s | sps   559] ret_mean=3.000 ep_len=500.0 pi_loss=-0.013 v_loss=0.011 ent=1.904 msg_acc=0.757 kl=0.0040
[upd   57 | steps   29184 | t   53.0s | sps   550] ret_mean=0.000 ep_len=500.0 pi_loss=-0.015 v_loss=0.001 ent=1.722 msg_acc=0.849 kl=0.0125
[upd   58 | steps   29696 | t   53.7s | sps   553] ret_mean=0.000 ep_len=500.0 pi_loss=-0.015 v_loss=0.001 ent=1.759 msg_acc=0.623 kl=0.0181
[upd   59 | steps   30208 | t   54.3s | sps   556] ret_mean=0.000 ep_len=500.0 pi_loss=0.009 v_loss=0.003 ent=2.567 msg_acc=0.569 kl=0.0224
[upd   60 | steps   30720 | t   54.9s | sps   560] ret_mean=0.000 ep_len=500.0 pi_loss=0.021 v_loss=0.001 ent=2.759 msg_acc=0.574 kl=0.0189
[upd   61 | steps   31232 | t   55.5s | sps   563] ret_mean=0.000 ep_len=500.0 pi_loss=0.001 v_loss=0.000 ent=2.286 msg_acc=0.503 kl=0.0195
[upd   62 | steps   31744 | t   56.1s | sps   565] ret_mean=0.000 ep_len=500.0 pi_loss=-0.010 v_loss=0.001 ent=2.140 msg_acc=0.632 kl=0.0217
[upd   63 | steps   32256 | t   56.8s | sps   568] ret_mean=0.000 ep_len=500.0 pi_loss=-0.007 v_loss=0.001 ent=2.299 msg_acc=0.599 kl=0.0168
[upd   64 | steps   32768 | t   57.5s | sps   570] ret_mean=0.000 ep_len=500.0 pi_loss=-0.016 v_loss=0.001 ent=1.650 msg_acc=0.782 kl=0.0109
[upd   65 | steps   33280 | t   58.2s | sps   572] ret_mean=0.000 ep_len=500.0 pi_loss=-0.005 v_loss=0.000 ent=1.852 msg_acc=0.811 kl=0.0056
[upd   66 | steps   33792 | t   58.9s | sps   574] ret_mean=0.000 ep_len=500.0 pi_loss=-0.008 v_loss=0.001 ent=1.860 msg_acc=0.561 kl=0.0140
[upd   67 | steps   34304 | t   59.7s | sps   575] ret_mean=0.000 ep_len=500.0 pi_loss=-0.004 v_loss=0.001 ent=2.537 msg_acc=0.501 kl=0.0240
[upd   68 | steps   34816 | t   60.3s | sps   577] ret_mean=0.000 ep_len=500.0 pi_loss=-0.006 v_loss=0.000 ent=1.982 msg_acc=0.653 kl=0.0052
[upd   69 | steps   35328 | t   61.3s | sps   576] ret_mean=0.000 ep_len=500.0 pi_loss=-0.006 v_loss=0.001 ent=1.752 msg_acc=0.663 kl=0.0099
[upd   70 | steps   35840 | t   62.0s | sps   578] ret_mean=0.500 ep_len=500.0 pi_loss=-0.013 v_loss=0.001 ent=2.274 msg_acc=0.644 kl=0.0266
[upd   71 | steps   36352 | t   62.7s | sps   579] ret_mean=0.000 ep_len=500.0 pi_loss=-0.006 v_loss=0.000 ent=1.922 msg_acc=0.722 kl=0.0054
[upd   72 | steps   36864 | t   63.5s | sps   580] ret_mean=0.000 ep_len=500.0 pi_loss=-0.005 v_loss=0.001 ent=2.362 msg_acc=0.782 kl=0.0103
[upd   73 | steps   37376 | t   64.2s | sps   582] ret_mean=0.000 ep_len=500.0 pi_loss=-0.004 v_loss=0.001 ent=2.295 msg_acc=0.590 kl=0.0081
[upd   74 | steps   37888 | t   64.9s | sps   584] ret_mean=0.000 ep_len=500.0 pi_loss=0.002 v_loss=0.000 ent=2.583 msg_acc=0.346 kl=0.0084
[upd   75 | steps   38400 | t   65.6s | sps   586] ret_mean=0.000 ep_len=500.0 pi_loss=0.009 v_loss=0.000 ent=2.515 msg_acc=0.442 kl=0.0228
[upd   76 | steps   38912 | t   66.5s | sps   585] ret_mean=0.000 ep_len=500.0 pi_loss=-0.007 v_loss=0.000 ent=2.332 msg_acc=0.628 kl=0.0065
[upd   77 | steps   39424 | t   67.9s | sps   580] ret_mean=0.000 ep_len=500.0 pi_loss=-0.004 v_loss=0.000 ent=2.479 msg_acc=0.437 kl=0.0090
[upd   78 | steps   39936 | t   69.1s | sps   578] ret_mean=0.000 ep_len=500.0 pi_loss=-0.003 v_loss=0.000 ent=2.302 msg_acc=0.553 kl=0.0203
[upd   79 | steps   40448 | t   70.4s | sps   574] ret_mean=0.000 ep_len=500.0 pi_loss=0.002 v_loss=0.035 ent=2.328 msg_acc=0.657 kl=0.0161
[upd   80 | steps   40960 | t   71.5s | sps   573] ret_mean=4.000 ep_len=500.0 pi_loss=-0.007 v_loss=0.002 ent=2.625 msg_acc=0.612 kl=0.0042
[upd   81 | steps   41472 | t   72.2s | sps   574] ret_mean=0.000 ep_len=500.0 pi_loss=-0.010 v_loss=0.000 ent=1.596 msg_acc=0.893 kl=0.0038
[upd   82 | steps   41984 | t   72.8s | sps   576] ret_mean=0.000 ep_len=500.0 pi_loss=0.002 v_loss=0.001 ent=1.999 msg_acc=0.704 kl=0.0209
[upd   83 | steps   42496 | t   73.5s | sps   578] ret_mean=0.000 ep_len=500.0 pi_loss=-0.008 v_loss=0.000 ent=1.855 msg_acc=0.758 kl=0.0199
[upd   84 | steps   43008 | t   74.4s | sps   578] ret_mean=0.000 ep_len=500.0 pi_loss=0.026 v_loss=0.000 ent=2.328 msg_acc=0.176 kl=0.0556
[upd   85 | steps   43520 | t   75.2s | sps   579] ret_mean=0.000 ep_len=500.0 pi_loss=-0.007 v_loss=0.001 ent=2.074 msg_acc=0.692 kl=0.0108
[upd   86 | steps   44032 | t   76.2s | sps   577] ret_mean=0.000 ep_len=500.0 pi_loss=0.008 v_loss=0.007 ent=2.332 msg_acc=0.509 kl=0.0450
[upd   87 | steps   44544 | t   77.4s | sps   575] ret_mean=1.000 ep_len=500.0 pi_loss=0.004 v_loss=0.001 ent=2.496 msg_acc=0.368 kl=0.0255
[upd   88 | steps   45056 | t   78.2s | sps   576] ret_mean=0.000 ep_len=500.0 pi_loss=0.005 v_loss=0.001 ent=2.678 msg_acc=0.436 kl=0.0221
[upd   89 | steps   45568 | t   78.9s | sps   577] ret_mean=0.000 ep_len=500.0 pi_loss=0.000 v_loss=0.001 ent=2.903 msg_acc=0.261 kl=-0.0006
[upd   90 | steps   46080 | t   79.8s | sps   577] ret_mean=0.000 ep_len=500.0 pi_loss=0.003 v_loss=0.000 ent=2.141 msg_acc=0.630 kl=0.0094
[upd   91 | steps   46592 | t   80.7s | sps   577] ret_mean=0.000 ep_len=500.0 pi_loss=0.002 v_loss=0.002 ent=2.504 msg_acc=0.570 kl=0.0245
[upd   92 | steps   47104 | t   81.6s | sps   577] ret_mean=0.000 ep_len=500.0 pi_loss=0.010 v_loss=0.003 ent=2.696 msg_acc=0.483 kl=0.0301
[upd   93 | steps   47616 | t   82.7s | sps   576] ret_mean=0.000 ep_len=500.0 pi_loss=-0.004 v_loss=0.004 ent=2.517 msg_acc=0.805 kl=0.0032
[upd   94 | steps   48128 | t   83.5s | sps   577] ret_mean=1.000 ep_len=500.0 pi_loss=-0.002 v_loss=0.002 ent=2.386 msg_acc=0.399 kl=0.0148
[upd   95 | steps   48640 | t   84.3s | sps   577] ret_mean=0.000 ep_len=500.0 pi_loss=-0.011 v_loss=0.001 ent=2.596 msg_acc=0.734 kl=0.0158
[upd   96 | steps   49152 | t   85.1s | sps   578] ret_mean=0.000 ep_len=500.0 pi_loss=0.017 v_loss=0.001 ent=2.446 msg_acc=0.291 kl=0.0149
[upd   97 | steps   49664 | t   85.8s | sps   579] ret_mean=0.000 ep_len=500.0 pi_loss=-0.003 v_loss=0.010 ent=2.620 msg_acc=0.213 kl=0.0076
[upd   98 | steps   50176 | t   87.6s | sps   573] ret_mean=1.500 ep_len=500.0 pi_loss=-0.011 v_loss=0.001 ent=2.492 msg_acc=0.619 kl=0.0114
[upd   99 | steps   50688 | t   88.3s | sps   574] ret_mean=3.500 ep_len=500.0 pi_loss=-0.007 v_loss=0.040 ent=2.577 msg_acc=0.323 kl=0.0182
[upd  100 | steps   51200 | t   89.0s | sps   575] ret_mean=0.000 ep_len=500.0 pi_loss=0.007 v_loss=0.000 ent=2.577 msg_acc=0.138 kl=0.0476
        [eval] ret_mean=0.000 ep_len=500.0
[upd  101 | steps   51712 | t   95.9s | sps   539] ret_mean=0.000 ep_len=500.0 pi_loss=0.007 v_loss=0.000 ent=2.551 msg_acc=0.212 kl=0.0173
[upd  102 | steps   52224 | t   96.7s | sps   540] ret_mean=0.000 ep_len=500.0 pi_loss=-0.009 v_loss=0.000 ent=2.595 msg_acc=0.200 kl=0.0073
[upd  103 | steps   52736 | t   97.4s | sps   542] ret_mean=0.000 ep_len=500.0 pi_loss=-0.005 v_loss=0.000 ent=2.393 msg_acc=0.613 kl=0.0145
[upd  104 | steps   53248 | t   98.0s | sps   543] ret_mean=0.000 ep_len=500.0 pi_loss=-0.003 v_loss=0.000 ent=2.246 msg_acc=0.452 kl=0.0126
[upd  105 | steps   53760 | t   98.6s | sps   545] ret_mean=0.000 ep_len=500.0 pi_loss=-0.005 v_loss=0.000 ent=2.571 msg_acc=0.271 kl=0.0171
[upd  106 | steps   54272 | t   99.2s | sps   547] ret_mean=0.000 ep_len=500.0 pi_loss=-0.004 v_loss=0.000 ent=1.701 msg_acc=0.679 kl=0.0048
[upd  107 | steps   54784 | t   99.8s | sps   549] ret_mean=0.000 ep_len=500.0 pi_loss=-0.004 v_loss=0.000 ent=2.456 msg_acc=0.497 kl=0.0047
[upd  108 | steps   55296 | t  100.4s | sps   550] ret_mean=0.000 ep_len=500.0 pi_loss=-0.014 v_loss=0.000 ent=2.621 msg_acc=0.243 kl=0.0055
[upd  109 | steps   55808 | t  101.1s | sps   552] ret_mean=0.000 ep_len=500.0 pi_loss=-0.007 v_loss=0.000 ent=2.420 msg_acc=0.451 kl=0.0128
[upd  110 | steps   56320 | t  101.7s | sps   554] ret_mean=0.000 ep_len=500.0 pi_loss=0.002 v_loss=0.000 ent=2.355 msg_acc=0.802 kl=0.0156
[upd  111 | steps   56832 | t  102.4s | sps   555] ret_mean=0.000 ep_len=500.0 pi_loss=0.006 v_loss=0.000 ent=2.672 msg_acc=0.473 kl=0.0243
[upd  112 | steps   57344 | t  103.1s | sps   556] ret_mean=0.000 ep_len=500.0 pi_loss=0.004 v_loss=0.000 ent=2.569 msg_acc=0.472 kl=0.0113
[upd  113 | steps   57856 | t  103.9s | sps   557] ret_mean=0.000 ep_len=500.0 pi_loss=-0.008 v_loss=0.000 ent=1.553 msg_acc=0.811 kl=0.0087
[upd  114 | steps   58368 | t  104.7s | sps   558] ret_mean=0.000 ep_len=500.0 pi_loss=-0.006 v_loss=0.000 ent=1.591 msg_acc=0.657 kl=0.0050
[upd  115 | steps   58880 | t  105.3s | sps   559] ret_mean=0.000 ep_len=500.0 pi_loss=0.001 v_loss=0.000 ent=2.480 msg_acc=0.243 kl=0.0147
[upd  116 | steps   59392 | t  106.0s | sps   560] ret_mean=0.000 ep_len=500.0 pi_loss=-0.003 v_loss=0.000 ent=2.541 msg_acc=0.509 kl=0.0075
[upd  117 | steps   59904 | t  106.7s | sps   561] ret_mean=0.000 ep_len=500.0 pi_loss=-0.004 v_loss=0.000 ent=2.500 msg_acc=0.483 kl=0.0199
[upd  118 | steps   60416 | t  107.4s | sps   562] ret_mean=0.000 ep_len=500.0 pi_loss=-0.011 v_loss=0.004 ent=2.533 msg_acc=0.666 kl=0.0065
[upd  119 | steps   60928 | t  108.2s | sps   563] ret_mean=1.000 ep_len=500.0 pi_loss=-0.005 v_loss=0.000 ent=2.516 msg_acc=0.628 kl=0.0136
[upd  120 | steps   61440 | t  108.9s | sps   564] ret_mean=0.000 ep_len=500.0 pi_loss=-0.007 v_loss=0.000 ent=2.206 msg_acc=0.550 kl=0.0154
[upd  121 | steps   61952 | t  109.7s | sps   565] ret_mean=0.000 ep_len=500.0 pi_loss=-0.010 v_loss=0.000 ent=1.719 msg_acc=0.720 kl=0.0083
[upd  122 | steps   62464 | t  110.5s | sps   565] ret_mean=0.000 ep_len=500.0 pi_loss=-0.008 v_loss=0.000 ent=2.007 msg_acc=0.536 kl=0.0047
[upd  123 | steps   62976 | t  111.4s | sps   565] ret_mean=0.000 ep_len=500.0 pi_loss=-0.003 v_loss=0.000 ent=2.657 msg_acc=0.317 kl=0.0023
[upd  124 | steps   63488 | t  112.2s | sps   566] ret_mean=0.000 ep_len=500.0 pi_loss=-0.007 v_loss=0.000 ent=2.462 msg_acc=0.282 kl=0.0037
[upd  125 | steps   64000 | t  112.9s | sps   567] ret_mean=0.000 ep_len=500.0 pi_loss=-0.001 v_loss=0.000 ent=2.658 msg_acc=0.480 kl=0.0079
[upd  126 | steps   64512 | t  113.5s | sps   569] ret_mean=0.000 ep_len=500.0 pi_loss=-0.005 v_loss=0.000 ent=2.637 msg_acc=0.799 kl=0.0048
[upd  127 | steps   65024 | t  114.1s | sps   570] ret_mean=0.000 ep_len=500.0 pi_loss=-0.011 v_loss=0.000 ent=2.318 msg_acc=0.705 kl=0.0104
[upd  128 | steps   65536 | t  114.8s | sps   571] ret_mean=0.000 ep_len=500.0 pi_loss=-0.005 v_loss=0.000 ent=2.143 msg_acc=0.692 kl=0.0100
[upd  129 | steps   66048 | t  115.5s | sps   572] ret_mean=0.000 ep_len=500.0 pi_loss=-0.006 v_loss=0.000 ent=2.401 msg_acc=0.746 kl=0.0134
[upd  130 | steps   66560 | t  116.2s | sps   573] ret_mean=0.000 ep_len=500.0 pi_loss=-0.006 v_loss=0.015 ent=2.767 msg_acc=0.366 kl=0.0186
[upd  131 | steps   67072 | t  116.9s | sps   574] ret_mean=1.500 ep_len=500.0 pi_loss=-0.009 v_loss=0.001 ent=2.402 msg_acc=0.359 kl=0.0077
[upd  132 | steps   67584 | t  117.6s | sps   575] ret_mean=0.000 ep_len=500.0 pi_loss=-0.012 v_loss=0.000 ent=2.373 msg_acc=0.543 kl=0.0176
[upd  133 | steps   68096 | t  118.5s | sps   575] ret_mean=0.000 ep_len=500.0 pi_loss=0.003 v_loss=0.000 ent=2.313 msg_acc=0.170 kl=0.0322
[upd  134 | steps   68608 | t  119.2s | sps   575] ret_mean=0.000 ep_len=500.0 pi_loss=0.011 v_loss=0.000 ent=2.345 msg_acc=0.725 kl=0.0366
[upd  135 | steps   69120 | t  120.1s | sps   575] ret_mean=0.000 ep_len=500.0 pi_loss=-0.011 v_loss=0.001 ent=2.554 msg_acc=0.575 kl=0.0134
[upd  136 | steps   69632 | t  121.1s | sps   575] ret_mean=0.000 ep_len=500.0 pi_loss=-0.005 v_loss=0.071 ent=2.604 msg_acc=0.586 kl=0.0155
[upd  137 | steps   70144 | t  122.8s | sps   571] ret_mean=5.500 ep_len=500.0 pi_loss=0.000 v_loss=0.002 ent=2.599 msg_acc=0.668 kl=0.0279
[upd  138 | steps   70656 | t  124.5s | sps   567] ret_mean=0.000 ep_len=500.0 pi_loss=-0.003 v_loss=0.000 ent=2.351 msg_acc=0.610 kl=0.0062
[upd  139 | steps   71168 | t  126.0s | sps   565] ret_mean=0.000 ep_len=500.0 pi_loss=-0.009 v_loss=0.000 ent=1.693 msg_acc=0.875 kl=0.0328
[upd  140 | steps   71680 | t  126.9s | sps   565] ret_mean=0.000 ep_len=500.0 pi_loss=0.001 v_loss=0.001 ent=2.533 msg_acc=0.538 kl=0.0179
[upd  141 | steps   72192 | t  127.6s | sps   566] ret_mean=0.000 ep_len=500.0 pi_loss=-0.003 v_loss=0.000 ent=2.227 msg_acc=0.753 kl=0.0121
[upd  142 | steps   72704 | t  128.3s | sps   567] ret_mean=0.000 ep_len=500.0 pi_loss=0.005 v_loss=0.001 ent=2.509 msg_acc=0.170 kl=0.0117
[upd  143 | steps   73216 | t  129.1s | sps   567] ret_mean=0.000 ep_len=500.0 pi_loss=-0.009 v_loss=0.000 ent=2.504 msg_acc=0.697 kl=0.0180
[upd  144 | steps   73728 | t  131.2s | sps   562] ret_mean=0.000 ep_len=500.0 pi_loss=-0.007 v_loss=0.000 ent=2.578 msg_acc=0.837 kl=0.0174
[upd  145 | steps   74240 | t  131.9s | sps   563] ret_mean=0.000 ep_len=500.0 pi_loss=-0.007 v_loss=0.001 ent=2.232 msg_acc=0.947 kl=0.0417
[upd  146 | steps   74752 | t  132.6s | sps   564] ret_mean=1.500 ep_len=500.0 pi_loss=-0.014 v_loss=0.004 ent=1.539 msg_acc=0.871 kl=0.0344
[upd  147 | steps   75264 | t  133.4s | sps   564] ret_mean=1.500 ep_len=500.0 pi_loss=-0.006 v_loss=0.011 ent=1.957 msg_acc=0.739 kl=0.0057
[upd  148 | steps   75776 | t  134.1s | sps   565] ret_mean=0.000 ep_len=500.0 pi_loss=0.019 v_loss=0.001 ent=1.909 msg_acc=0.234 kl=0.0184
[upd  149 | steps   76288 | t  134.9s | sps   566] ret_mean=0.000 ep_len=500.0 pi_loss=-0.001 v_loss=0.001 ent=2.449 msg_acc=0.308 kl=0.0010
[upd  150 | steps   76800 | t  135.9s | sps   565] ret_mean=0.000 ep_len=500.0 pi_loss=-0.001 v_loss=0.021 ent=2.325 msg_acc=0.722 kl=0.0253
        [eval] ret_mean=0.000 ep_len=500.0
[upd  151 | steps   77312 | t  142.7s | sps   542] ret_mean=7.000 ep_len=500.0 pi_loss=-0.006 v_loss=0.108 ent=2.553 msg_acc=0.775 kl=-0.0001
[upd  152 | steps   77824 | t  143.6s | sps   542] ret_mean=0.000 ep_len=500.0 pi_loss=-0.007 v_loss=0.001 ent=2.232 msg_acc=0.334 kl=0.0107
[upd  153 | steps   78336 | t  144.5s | sps   542] ret_mean=0.000 ep_len=500.0 pi_loss=0.001 v_loss=0.001 ent=2.217 msg_acc=0.286 kl=0.0239
[upd  154 | steps   78848 | t  145.3s | sps   543] ret_mean=0.000 ep_len=500.0 pi_loss=0.000 v_loss=0.001 ent=2.486 msg_acc=0.253 kl=0.0134
[upd  155 | steps   79360 | t  146.0s | sps   543] ret_mean=0.000 ep_len=500.0 pi_loss=-0.008 v_loss=0.000 ent=2.386 msg_acc=0.629 kl=0.0159
[upd  156 | steps   79872 | t  146.7s | sps   544] ret_mean=0.000 ep_len=500.0 pi_loss=-0.007 v_loss=0.000 ent=2.298 msg_acc=0.722 kl=0.0105
[upd  157 | steps   80384 | t  147.4s | sps   545] ret_mean=4.500 ep_len=500.0 pi_loss=0.025 v_loss=0.082 ent=1.848 msg_acc=0.151 kl=0.0899
[upd  158 | steps   80896 | t  148.2s | sps   546] ret_mean=0.000 ep_len=500.0 pi_loss=0.004 v_loss=0.001 ent=2.420 msg_acc=0.586 kl=0.0148
[upd  159 | steps   81408 | t  148.9s | sps   547] ret_mean=0.000 ep_len=500.0 pi_loss=-0.004 v_loss=0.001 ent=2.678 msg_acc=0.354 kl=0.0089
[upd  160 | steps   81920 | t  149.9s | sps   547] ret_mean=0.000 ep_len=500.0 pi_loss=-0.002 v_loss=0.107 ent=2.468 msg_acc=0.844 kl=0.0049
[upd  161 | steps   82432 | t  150.6s | sps   547] ret_mean=6.500 ep_len=500.0 pi_loss=-0.009 v_loss=0.002 ent=2.213 msg_acc=0.777 kl=0.0083
[upd  162 | steps   82944 | t  151.3s | sps   548] ret_mean=0.000 ep_len=500.0 pi_loss=-0.006 v_loss=0.001 ent=1.721 msg_acc=0.874 kl=0.0114
[upd  163 | steps   83456 | t  152.0s | sps   549] ret_mean=0.000 ep_len=500.0 pi_loss=-0.007 v_loss=0.000 ent=1.305 msg_acc=0.806 kl=0.0067
[upd  164 | steps   83968 | t  153.1s | sps   549] ret_mean=0.000 ep_len=500.0 pi_loss=-0.002 v_loss=0.132 ent=2.076 msg_acc=0.249 kl=0.0129
[upd  165 | steps   84480 | t  153.9s | sps   549] ret_mean=9.000 ep_len=500.0 pi_loss=0.003 v_loss=0.005 ent=2.359 msg_acc=0.224 kl=0.0275
[upd  166 | steps   84992 | t  154.8s | sps   549] ret_mean=0.000 ep_len=500.0 pi_loss=0.001 v_loss=0.004 ent=2.311 msg_acc=0.514 kl=0.0089
[upd  167 | steps   85504 | t  155.6s | sps   549] ret_mean=0.000 ep_len=500.0 pi_loss=0.009 v_loss=0.002 ent=2.369 msg_acc=0.608 kl=0.0216
[upd  168 | steps   86016 | t  156.4s | sps   550] ret_mean=0.000 ep_len=500.0 pi_loss=-0.002 v_loss=0.001 ent=2.195 msg_acc=0.492 kl=0.0102
[upd  169 | steps   86528 | t  157.2s | sps   551] ret_mean=0.000 ep_len=500.0 pi_loss=-0.007 v_loss=0.001 ent=2.311 msg_acc=0.555 kl=0.0027
[upd  170 | steps   87040 | t  157.9s | sps   551] ret_mean=0.000 ep_len=500.0 pi_loss=-0.003 v_loss=0.001 ent=2.251 msg_acc=0.628 kl=0.0001
[upd  171 | steps   87552 | t  158.7s | sps   552] ret_mean=2.000 ep_len=500.0 pi_loss=-0.003 v_loss=0.019 ent=2.264 msg_acc=0.699 kl=0.0145
[upd  172 | steps   88064 | t  159.5s | sps   552] ret_mean=0.000 ep_len=500.0 pi_loss=0.001 v_loss=0.001 ent=2.141 msg_acc=0.835 kl=0.0215
[upd  173 | steps   88576 | t  160.9s | sps   551] ret_mean=0.000 ep_len=500.0 pi_loss=-0.008 v_loss=0.002 ent=2.130 msg_acc=0.609 kl=0.0119
[upd  174 | steps   89088 | t  161.8s | sps   551] ret_mean=0.000 ep_len=500.0 pi_loss=-0.010 v_loss=0.002 ent=2.047 msg_acc=0.643 kl=0.0216
[upd  175 | steps   89600 | t  162.5s | sps   551] ret_mean=0.000 ep_len=500.0 pi_loss=-0.006 v_loss=0.001 ent=2.030 msg_acc=0.624 kl=0.0159
[upd  176 | steps   90112 | t  163.2s | sps   552] ret_mean=0.000 ep_len=500.0 pi_loss=-0.004 v_loss=0.000 ent=2.131 msg_acc=0.730 kl=0.0213
[upd  177 | steps   90624 | t  163.9s | sps   553] ret_mean=0.000 ep_len=500.0 pi_loss=-0.001 v_loss=0.000 ent=2.183 msg_acc=0.547 kl=0.0180
[upd  178 | steps   91136 | t  164.6s | sps   554] ret_mean=0.000 ep_len=500.0 pi_loss=-0.002 v_loss=0.000 ent=2.244 msg_acc=0.307 kl=-0.0043
[upd  179 | steps   91648 | t  165.3s | sps   554] ret_mean=0.000 ep_len=500.0 pi_loss=-0.003 v_loss=0.026 ent=2.304 msg_acc=0.276 kl=0.0027
[upd  180 | steps   92160 | t  166.1s | sps   555] ret_mean=4.000 ep_len=500.0 pi_loss=0.006 v_loss=0.001 ent=2.199 msg_acc=0.412 kl=0.0137
[upd  181 | steps   92672 | t  166.8s | sps   555] ret_mean=0.000 ep_len=500.0 pi_loss=-0.006 v_loss=0.001 ent=2.256 msg_acc=0.836 kl=0.0076
[upd  182 | steps   93184 | t  167.6s | sps   556] ret_mean=0.000 ep_len=500.0 pi_loss=-0.006 v_loss=0.000 ent=2.331 msg_acc=0.431 kl=0.0098
[upd  183 | steps   93696 | t  168.3s | sps   557] ret_mean=0.000 ep_len=500.0 pi_loss=-0.001 v_loss=0.000 ent=2.294 msg_acc=0.561 kl=0.0172
[upd  184 | steps   94208 | t  169.0s | sps   557] ret_mean=0.000 ep_len=500.0 pi_loss=-0.002 v_loss=0.000 ent=2.391 msg_acc=0.901 kl=0.0225
[upd  185 | steps   94720 | t  169.7s | sps   558] ret_mean=0.000 ep_len=500.0 pi_loss=-0.002 v_loss=0.000 ent=2.532 msg_acc=0.277 kl=0.0198
[upd  186 | steps   95232 | t  170.4s | sps   559] ret_mean=0.000 ep_len=500.0 pi_loss=0.000 v_loss=0.000 ent=2.281 msg_acc=0.718 kl=0.0046
[upd  187 | steps   95744 | t  171.4s | sps   559] ret_mean=0.000 ep_len=500.0 pi_loss=-0.002 v_loss=0.000 ent=2.719 msg_acc=0.494 kl=0.0092
[upd  188 | steps   96256 | t  172.1s | sps   559] ret_mean=0.000 ep_len=500.0 pi_loss=-0.005 v_loss=0.000 ent=2.119 msg_acc=0.911 kl=0.0047
[upd  189 | steps   96768 | t  172.8s | sps   560] ret_mean=0.000 ep_len=500.0 pi_loss=0.010 v_loss=0.000 ent=2.314 msg_acc=0.428 kl=0.0150
[upd  190 | steps   97280 | t  173.5s | sps   561] ret_mean=0.000 ep_len=500.0 pi_loss=0.004 v_loss=0.000 ent=2.222 msg_acc=0.274 kl=0.0055
[upd  191 | steps   97792 | t  174.2s | sps   561] ret_mean=0.000 ep_len=500.0 pi_loss=0.005 v_loss=0.000 ent=2.453 msg_acc=0.378 kl=0.0092
[upd  192 | steps   98304 | t  174.9s | sps   562] ret_mean=0.000 ep_len=500.0 pi_loss=0.003 v_loss=0.000 ent=2.233 msg_acc=0.530 kl=0.0009
[upd  193 | steps   98816 | t  175.6s | sps   563] ret_mean=0.000 ep_len=500.0 pi_loss=0.012 v_loss=0.000 ent=2.455 msg_acc=0.077 kl=0.0196
[upd  194 | steps   99328 | t  176.3s | sps   563] ret_mean=0.000 ep_len=500.0 pi_loss=-0.001 v_loss=0.000 ent=2.339 msg_acc=0.409 kl=0.0143
[upd  195 | steps   99840 | t  177.0s | sps   564] ret_mean=0.000 ep_len=500.0 pi_loss=-0.007 v_loss=0.000 ent=2.205 msg_acc=0.292 kl=0.0017
[upd  196 | steps  100352 | t  177.7s | sps   565] ret_mean=0.000 ep_len=500.0 pi_loss=0.005 v_loss=0.000 ent=2.402 msg_acc=0.315 kl=0.0078
[upd  197 | steps  100864 | t  178.4s | sps   565] ret_mean=0.000 ep_len=500.0 pi_loss=-0.011 v_loss=0.000 ent=2.382 msg_acc=0.543 kl=0.0123
[upd  198 | steps  101376 | t  179.1s | sps   566] ret_mean=0.000 ep_len=500.0 pi_loss=-0.000 v_loss=0.000 ent=2.504 msg_acc=0.775 kl=0.0210
[upd  199 | steps  101888 | t  179.8s | sps   567] ret_mean=0.000 ep_len=500.0 pi_loss=-0.008 v_loss=0.000 ent=2.274 msg_acc=0.546 kl=0.0125
[upd  200 | steps  102400 | t  180.5s | sps   567] ret_mean=0.000 ep_len=500.0 pi_loss=-0.005 v_loss=0.000 ent=2.354 msg_acc=0.742 kl=0.0160
        [eval] ret_mean=0.000 ep_len=500.0
