$ /Users/samchen/Coding/CLASSES/CS2860/.venv/bin/python3 -m policies.train --env rware-tiny-2ag-easy-v2 --seed 2 --updates 400 --rollout 512 --eval-every 25 --eval-episodes 30 --log-dir matrix_results/diagnostics_v1_sam/comm_2ag/main_tiny --run-name mappo-heartbeat-plus-comm__delay-dropout__d30__s2 --n-msg-tokens 8 --heartbeat --heartbeat-period 1 --heartbeat-max-age-clip 128 --heartbeat-delay 30 --dropout --dropout-window-start 200 --dropout-window-end 350 --shape-rewards --pickup-bonus 0.5

[env] EnvSpec(env_id='rware-tiny-2ag-easy-v2', n_agents=2, obs_dim=73, n_env_actions=5, noop_action=0, family='rware')  (n_msg_tokens=8)
[cfg] {'clip_range': 0.2, 'value_clip_range': 0.2, 'entropy_coef': 0.01, 'value_coef': 0.5, 'max_grad_norm': 0.5, 'gamma': 0.99, 'gae_lambda': 0.95, 'lr_actor': 0.0003, 'lr_critic': 0.001, 'update_epochs': 4, 'minibatches': 4, 'hidden': 128, 'depth': 2, 'device': 'cpu', 'extra': {}}
[log] writing to matrix_results/diagnostics_v1_sam/comm_2ag/main_tiny/mappo-heartbeat-plus-comm__delay-dropout__d30__s2
[upd    1 | steps     512 | t    0.2s | sps  2914] ret_mean=0.000 ep_len=500.0 pi_loss=-0.016 v_loss=0.031 ent=3.684 kl=0.0095
[upd    2 | steps    1024 | t    0.3s | sps  3014] ret_mean=0.000 ep_len=500.0 pi_loss=-0.013 v_loss=0.005 ent=3.680 kl=0.0083
[upd    3 | steps    1536 | t    0.5s | sps  3094] ret_mean=0.000 ep_len=500.0 pi_loss=-0.009 v_loss=0.006 ent=3.674 kl=0.0015
[upd    4 | steps    2048 | t    0.7s | sps  3096] ret_mean=0.000 ep_len=500.0 pi_loss=-0.014 v_loss=0.002 ent=3.671 kl=0.0085
[upd    5 | steps    2560 | t    0.9s | sps  2832] ret_mean=4.000 ep_len=500.0 pi_loss=-0.007 v_loss=0.026 ent=3.663 kl=0.0009
[upd    6 | steps    3072 | t    1.1s | sps  2814] ret_mean=1.500 ep_len=500.0 pi_loss=-0.011 v_loss=0.010 ent=3.669 kl=0.0079
[upd    7 | steps    3584 | t    1.3s | sps  2821] ret_mean=1.000 ep_len=500.0 pi_loss=-0.008 v_loss=0.007 ent=3.664 kl=0.0023
[upd    8 | steps    4096 | t    1.5s | sps  2772] ret_mean=0.500 ep_len=500.0 pi_loss=-0.012 v_loss=0.004 ent=3.654 kl=0.0083
[upd    9 | steps    4608 | t    1.7s | sps  2740] ret_mean=0.000 ep_len=500.0 pi_loss=-0.010 v_loss=0.002 ent=3.631 kl=0.0096
[upd   10 | steps    5120 | t    1.9s | sps  2753] ret_mean=0.000 ep_len=500.0 pi_loss=-0.015 v_loss=0.015 ent=3.598 kl=0.0014
[upd   11 | steps    5632 | t    2.0s | sps  2779] ret_mean=5.000 ep_len=500.0 pi_loss=-0.014 v_loss=0.012 ent=3.605 kl=0.0035
[upd   12 | steps    6144 | t    2.2s | sps  2797] ret_mean=0.000 ep_len=500.0 pi_loss=-0.011 v_loss=0.002 ent=3.603 kl=0.0077
[upd   13 | steps    6656 | t    2.4s | sps  2775] ret_mean=0.000 ep_len=500.0 pi_loss=-0.009 v_loss=0.008 ent=3.588 kl=-0.0002
[upd   14 | steps    7168 | t    2.6s | sps  2767] ret_mean=2.000 ep_len=500.0 pi_loss=-0.007 v_loss=0.003 ent=3.562 kl=0.0088
[upd   15 | steps    7680 | t    2.8s | sps  2775] ret_mean=0.000 ep_len=500.0 pi_loss=-0.007 v_loss=0.001 ent=3.526 kl=-0.0000
[upd   16 | steps    8192 | t    2.9s | sps  2805] ret_mean=0.000 ep_len=500.0 pi_loss=-0.010 v_loss=0.001 ent=3.513 kl=-0.0005
[upd   17 | steps    8704 | t    3.1s | sps  2821] ret_mean=0.000 ep_len=500.0 pi_loss=-0.013 v_loss=0.001 ent=3.526 kl=0.0028
[upd   18 | steps    9216 | t    3.3s | sps  2808] ret_mean=0.500 ep_len=500.0 pi_loss=-0.009 v_loss=0.002 ent=3.485 kl=0.0030
[upd   19 | steps    9728 | t    3.4s | sps  2824] ret_mean=0.000 ep_len=500.0 pi_loss=-0.009 v_loss=0.008 ent=3.503 kl=0.0050
[upd   20 | steps   10240 | t    3.6s | sps  2830] ret_mean=2.000 ep_len=500.0 pi_loss=-0.009 v_loss=0.005 ent=3.520 kl=0.0096
[upd   21 | steps   10752 | t    3.8s | sps  2840] ret_mean=0.500 ep_len=500.0 pi_loss=-0.013 v_loss=0.001 ent=3.532 kl=0.0091
[upd   22 | steps   11264 | t    3.9s | sps  2854] ret_mean=0.000 ep_len=500.0 pi_loss=-0.008 v_loss=0.011 ent=3.517 kl=0.0022
[upd   23 | steps   11776 | t    4.1s | sps  2869] ret_mean=2.000 ep_len=500.0 pi_loss=-0.014 v_loss=0.003 ent=3.413 kl=0.0037
[upd   24 | steps   12288 | t    4.3s | sps  2879] ret_mean=4.500 ep_len=500.0 pi_loss=-0.012 v_loss=0.041 ent=3.426 kl=0.0134
[upd   25 | steps   12800 | t    4.4s | sps  2894] ret_mean=1.500 ep_len=500.0 pi_loss=-0.017 v_loss=0.003 ent=3.418 kl=0.0022
        [eval] ret_mean=0.000 ep_len=500.0
[upd   26 | steps   13312 | t    8.1s | sps  1640] ret_mean=3.000 ep_len=500.0 pi_loss=-0.006 v_loss=0.023 ent=3.439 kl=0.0074
[upd   27 | steps   13824 | t    8.3s | sps  1673] ret_mean=0.000 ep_len=500.0 pi_loss=-0.015 v_loss=0.003 ent=3.497 kl=0.0037
[upd   28 | steps   14336 | t    8.4s | sps  1703] ret_mean=2.000 ep_len=500.0 pi_loss=-0.012 v_loss=0.013 ent=3.459 kl=0.0068
[upd   29 | steps   14848 | t    8.6s | sps  1729] ret_mean=2.000 ep_len=500.0 pi_loss=-0.013 v_loss=0.005 ent=3.397 kl=0.0043
[upd   30 | steps   15360 | t    8.7s | sps  1760] ret_mean=0.000 ep_len=500.0 pi_loss=-0.011 v_loss=0.002 ent=3.456 kl=0.0044
[upd   31 | steps   15872 | t    8.9s | sps  1788] ret_mean=2.000 ep_len=500.0 pi_loss=-0.015 v_loss=0.034 ent=3.426 kl=0.0133
[upd   32 | steps   16384 | t    9.0s | sps  1816] ret_mean=3.500 ep_len=500.0 pi_loss=-0.011 v_loss=0.003 ent=3.393 kl=0.0038
[upd   33 | steps   16896 | t    9.2s | sps  1843] ret_mean=1.000 ep_len=500.0 pi_loss=-0.008 v_loss=0.006 ent=3.472 kl=0.0014
[upd   34 | steps   17408 | t    9.3s | sps  1867] ret_mean=4.000 ep_len=500.0 pi_loss=-0.012 v_loss=0.039 ent=3.402 kl=0.0242
[upd   35 | steps   17920 | t    9.5s | sps  1892] ret_mean=0.000 ep_len=500.0 pi_loss=-0.015 v_loss=0.011 ent=3.431 kl=0.0133
[upd   36 | steps   18432 | t    9.6s | sps  1914] ret_mean=3.000 ep_len=500.0 pi_loss=-0.010 v_loss=0.005 ent=3.412 kl=0.0101
[upd   37 | steps   18944 | t    9.8s | sps  1937] ret_mean=0.000 ep_len=500.0 pi_loss=-0.012 v_loss=0.002 ent=3.272 kl=0.0058
[upd   38 | steps   19456 | t    9.9s | sps  1959] ret_mean=0.000 ep_len=500.0 pi_loss=-0.007 v_loss=0.001 ent=3.429 kl=0.0024
[upd   39 | steps   19968 | t   10.1s | sps  1981] ret_mean=10.000 ep_len=500.0 pi_loss=-0.016 v_loss=0.238 ent=3.357 kl=0.0091
[upd   40 | steps   20480 | t   10.2s | sps  2002] ret_mean=4.000 ep_len=500.0 pi_loss=-0.015 v_loss=0.002 ent=3.455 kl=0.0087
[upd   41 | steps   20992 | t   10.4s | sps  2019] ret_mean=0.000 ep_len=500.0 pi_loss=-0.008 v_loss=0.001 ent=3.383 kl=0.0112
[upd   42 | steps   21504 | t   10.6s | sps  2029] ret_mean=0.000 ep_len=500.0 pi_loss=-0.006 v_loss=0.001 ent=3.310 kl=0.0025
[upd   43 | steps   22016 | t   10.8s | sps  2044] ret_mean=0.000 ep_len=500.0 pi_loss=-0.008 v_loss=0.001 ent=3.394 kl=0.0109
[upd   44 | steps   22528 | t   10.9s | sps  2062] ret_mean=0.000 ep_len=500.0 pi_loss=-0.010 v_loss=0.001 ent=3.365 kl=0.0042
[upd   45 | steps   23040 | t   11.1s | sps  2080] ret_mean=0.000 ep_len=500.0 pi_loss=-0.013 v_loss=0.153 ent=3.453 kl=0.0015
[upd   46 | steps   23552 | t   11.2s | sps  2099] ret_mean=13.500 ep_len=500.0 pi_loss=-0.012 v_loss=0.026 ent=3.405 kl=0.0028
[upd   47 | steps   24064 | t   11.4s | sps  2117] ret_mean=1.000 ep_len=500.0 pi_loss=-0.011 v_loss=0.003 ent=3.409 kl=0.0086
[upd   48 | steps   24576 | t   11.5s | sps  2135] ret_mean=0.000 ep_len=500.0 pi_loss=-0.009 v_loss=0.003 ent=3.324 kl=0.0025
[upd   49 | steps   25088 | t   11.7s | sps  2152] ret_mean=0.000 ep_len=500.0 pi_loss=-0.010 v_loss=0.001 ent=3.332 kl=0.0064
[upd   50 | steps   25600 | t   11.8s | sps  2169] ret_mean=1.500 ep_len=500.0 pi_loss=-0.010 v_loss=0.010 ent=3.371 kl=0.0147
        [eval] ret_mean=0.000 ep_len=500.0
[upd   51 | steps   26112 | t   15.7s | sps  1664] ret_mean=0.000 ep_len=500.0 pi_loss=-0.011 v_loss=0.001 ent=3.413 kl=0.0023
[upd   52 | steps   26624 | t   15.9s | sps  1680] ret_mean=2.000 ep_len=500.0 pi_loss=-0.015 v_loss=0.012 ent=3.460 kl=0.0025
[upd   53 | steps   27136 | t   16.0s | sps  1696] ret_mean=0.000 ep_len=500.0 pi_loss=-0.010 v_loss=0.002 ent=3.319 kl=0.0071
[upd   54 | steps   27648 | t   16.1s | sps  1713] ret_mean=4.000 ep_len=500.0 pi_loss=-0.009 v_loss=0.020 ent=3.212 kl=0.0039
[upd   55 | steps   28160 | t   16.3s | sps  1729] ret_mean=4.500 ep_len=500.0 pi_loss=-0.013 v_loss=0.046 ent=3.284 kl=0.0068
[upd   56 | steps   28672 | t   16.4s | sps  1744] ret_mean=0.000 ep_len=500.0 pi_loss=-0.010 v_loss=0.091 ent=3.209 kl=0.0055
[upd   57 | steps   29184 | t   16.6s | sps  1758] ret_mean=16.000 ep_len=500.0 pi_loss=-0.005 v_loss=0.177 ent=3.214 kl=0.0022
[upd   58 | steps   29696 | t   16.8s | sps  1772] ret_mean=3.500 ep_len=500.0 pi_loss=-0.009 v_loss=0.068 ent=3.280 kl=0.0049
[upd   59 | steps   30208 | t   16.9s | sps  1786] ret_mean=4.000 ep_len=500.0 pi_loss=-0.016 v_loss=0.009 ent=3.160 kl=0.0086
[upd   60 | steps   30720 | t   17.1s | sps  1799] ret_mean=7.500 ep_len=500.0 pi_loss=-0.012 v_loss=0.345 ent=3.243 kl=0.0124
[upd   61 | steps   31232 | t   17.2s | sps  1811] ret_mean=75.500 ep_len=500.0 pi_loss=-0.020 v_loss=2.547 ent=2.904 kl=0.0252
[upd   62 | steps   31744 | t   17.4s | sps  1822] ret_mean=1.500 ep_len=500.0 pi_loss=-0.008 v_loss=0.014 ent=3.326 kl=0.0034
[upd   63 | steps   32256 | t   17.6s | sps  1833] ret_mean=0.500 ep_len=500.0 pi_loss=-0.014 v_loss=0.007 ent=3.252 kl=0.0029
[upd   64 | steps   32768 | t   17.8s | sps  1844] ret_mean=2.000 ep_len=500.0 pi_loss=-0.009 v_loss=1.108 ent=3.164 kl=0.0037
[upd   65 | steps   33280 | t   17.9s | sps  1857] ret_mean=32.500 ep_len=500.0 pi_loss=-0.012 v_loss=0.160 ent=3.132 kl=0.0079
[upd   66 | steps   33792 | t   18.1s | sps  1870] ret_mean=13.000 ep_len=500.0 pi_loss=-0.018 v_loss=0.130 ent=3.295 kl=0.0060
[upd   67 | steps   34304 | t   18.2s | sps  1881] ret_mean=0.000 ep_len=500.0 pi_loss=-0.018 v_loss=0.077 ent=3.377 kl=0.0046
[upd   68 | steps   34816 | t   18.4s | sps  1893] ret_mean=10.000 ep_len=500.0 pi_loss=-0.014 v_loss=0.063 ent=3.254 kl=0.0022
[upd   69 | steps   35328 | t   18.5s | sps  1906] ret_mean=3.000 ep_len=500.0 pi_loss=-0.006 v_loss=0.042 ent=3.121 kl=0.0066
[upd   70 | steps   35840 | t   18.7s | sps  1918] ret_mean=0.000 ep_len=500.0 pi_loss=-0.012 v_loss=0.004 ent=3.410 kl=0.0011
[upd   71 | steps   36352 | t   18.8s | sps  1929] ret_mean=0.000 ep_len=500.0 pi_loss=-0.012 v_loss=0.026 ent=3.383 kl=0.0088
[upd   72 | steps   36864 | t   19.0s | sps  1940] ret_mean=2.500 ep_len=500.0 pi_loss=-0.015 v_loss=0.064 ent=3.260 kl=0.0039
[upd   73 | steps   37376 | t   19.2s | sps  1952] ret_mean=21.000 ep_len=500.0 pi_loss=-0.012 v_loss=0.665 ent=2.866 kl=0.0141
[upd   74 | steps   37888 | t   19.3s | sps  1964] ret_mean=0.000 ep_len=500.0 pi_loss=-0.013 v_loss=0.009 ent=2.939 kl=0.0052
[upd   75 | steps   38400 | t   19.4s | sps  1975] ret_mean=0.500 ep_len=500.0 pi_loss=-0.016 v_loss=0.002 ent=3.196 kl=0.0223
        [eval] ret_mean=5.917 ep_len=500.0
[upd   76 | steps   38912 | t   23.2s | sps  1675] ret_mean=2.500 ep_len=500.0 pi_loss=-0.013 v_loss=0.037 ent=3.214 kl=0.0060
[upd   77 | steps   39424 | t   23.4s | sps  1685] ret_mean=3.000 ep_len=500.0 pi_loss=-0.008 v_loss=0.037 ent=3.141 kl=0.0094
[upd   78 | steps   39936 | t   23.6s | sps  1695] ret_mean=5.000 ep_len=500.0 pi_loss=-0.009 v_loss=0.047 ent=3.105 kl=0.0095
[upd   79 | steps   40448 | t   23.7s | sps  1705] ret_mean=0.000 ep_len=500.0 pi_loss=-0.013 v_loss=0.003 ent=3.221 kl=0.0073
[upd   80 | steps   40960 | t   23.9s | sps  1716] ret_mean=4.000 ep_len=500.0 pi_loss=-0.009 v_loss=0.077 ent=3.167 kl=0.0106
[upd   81 | steps   41472 | t   24.0s | sps  1727] ret_mean=0.000 ep_len=500.0 pi_loss=-0.012 v_loss=0.002 ent=3.393 kl=0.0099
[upd   82 | steps   41984 | t   24.2s | sps  1737] ret_mean=0.000 ep_len=500.0 pi_loss=-0.017 v_loss=0.001 ent=3.329 kl=0.0070
[upd   83 | steps   42496 | t   24.3s | sps  1746] ret_mean=0.000 ep_len=500.0 pi_loss=-0.017 v_loss=0.001 ent=3.315 kl=0.0023
[upd   84 | steps   43008 | t   24.5s | sps  1757] ret_mean=0.000 ep_len=500.0 pi_loss=-0.017 v_loss=0.051 ent=3.280 kl=0.0115
[upd   85 | steps   43520 | t   24.6s | sps  1766] ret_mean=7.000 ep_len=500.0 pi_loss=-0.004 v_loss=0.077 ent=3.195 kl=0.0016
[upd   86 | steps   44032 | t   24.8s | sps  1776] ret_mean=0.000 ep_len=500.0 pi_loss=-0.011 v_loss=0.002 ent=3.225 kl=0.0151
[upd   87 | steps   44544 | t   24.9s | sps  1786] ret_mean=0.000 ep_len=500.0 pi_loss=-0.015 v_loss=0.220 ent=3.258 kl=0.0142
[upd   88 | steps   45056 | t   25.1s | sps  1795] ret_mean=10.500 ep_len=500.0 pi_loss=-0.017 v_loss=0.365 ent=3.128 kl=0.0123
[upd   89 | steps   45568 | t   25.2s | sps  1805] ret_mean=21.500 ep_len=500.0 pi_loss=-0.014 v_loss=0.678 ent=3.034 kl=0.0017
[upd   90 | steps   46080 | t   25.4s | sps  1815] ret_mean=10.500 ep_len=500.0 pi_loss=-0.016 v_loss=0.026 ent=2.751 kl=0.0080
[upd   91 | steps   46592 | t   25.5s | sps  1824] ret_mean=5.500 ep_len=500.0 pi_loss=-0.012 v_loss=0.056 ent=2.886 kl=0.0163
[upd   92 | steps   47104 | t   25.7s | sps  1833] ret_mean=0.000 ep_len=500.0 pi_loss=-0.010 v_loss=0.852 ent=2.818 kl=0.0017
[upd   93 | steps   47616 | t   25.8s | sps  1843] ret_mean=35.500 ep_len=500.0 pi_loss=-0.016 v_loss=1.463 ent=2.907 kl=0.0026
[upd   94 | steps   48128 | t   26.0s | sps  1852] ret_mean=73.000 ep_len=500.0 pi_loss=-0.011 v_loss=1.911 ent=2.783 kl=0.0120
[upd   95 | steps   48640 | t   26.1s | sps  1861] ret_mean=0.000 ep_len=500.0 pi_loss=-0.014 v_loss=0.009 ent=3.276 kl=0.0105
[upd   96 | steps   49152 | t   26.3s | sps  1870] ret_mean=0.000 ep_len=500.0 pi_loss=-0.012 v_loss=0.008 ent=3.030 kl=0.0144
[upd   97 | steps   49664 | t   26.4s | sps  1879] ret_mean=0.000 ep_len=500.0 pi_loss=-0.015 v_loss=0.007 ent=3.095 kl=0.0079
[upd   98 | steps   50176 | t   26.6s | sps  1888] ret_mean=0.000 ep_len=500.0 pi_loss=-0.017 v_loss=0.006 ent=2.718 kl=0.0114
[upd   99 | steps   50688 | t   26.7s | sps  1897] ret_mean=0.000 ep_len=500.0 pi_loss=-0.011 v_loss=0.006 ent=3.207 kl=0.0030
[upd  100 | steps   51200 | t   26.9s | sps  1906] ret_mean=0.000 ep_len=500.0 pi_loss=-0.011 v_loss=2.265 ent=3.100 kl=0.0033
        [eval] ret_mean=6.133 ep_len=500.0
[upd  101 | steps   51712 | t   30.7s | sps  1686] ret_mean=1.000 ep_len=500.0 pi_loss=-0.009 v_loss=0.005 ent=2.943 kl=0.0026
[upd  102 | steps   52224 | t   30.8s | sps  1695] ret_mean=0.000 ep_len=500.0 pi_loss=-0.014 v_loss=0.005 ent=3.118 kl=0.0155
[upd  103 | steps   52736 | t   31.0s | sps  1703] ret_mean=0.000 ep_len=500.0 pi_loss=-0.012 v_loss=0.003 ent=3.058 kl=0.0037
[upd  104 | steps   53248 | t   31.1s | sps  1711] ret_mean=4.000 ep_len=500.0 pi_loss=-0.014 v_loss=0.066 ent=3.141 kl=0.0047
[upd  105 | steps   53760 | t   31.3s | sps  1719] ret_mean=2.000 ep_len=500.0 pi_loss=-0.009 v_loss=0.027 ent=3.183 kl=0.0008
[upd  106 | steps   54272 | t   31.4s | sps  1728] ret_mean=0.000 ep_len=500.0 pi_loss=-0.011 v_loss=0.003 ent=2.742 kl=0.0092
[upd  107 | steps   54784 | t   31.6s | sps  1734] ret_mean=59.500 ep_len=500.0 pi_loss=-0.017 v_loss=2.644 ent=2.820 kl=0.0148
[upd  108 | steps   55296 | t   31.7s | sps  1742] ret_mean=49.000 ep_len=500.0 pi_loss=-0.008 v_loss=2.441 ent=2.715 kl=0.0062
[upd  109 | steps   55808 | t   31.9s | sps  1750] ret_mean=22.000 ep_len=500.0 pi_loss=-0.008 v_loss=1.097 ent=2.738 kl=0.0105
[upd  110 | steps   56320 | t   32.0s | sps  1757] ret_mean=29.000 ep_len=500.0 pi_loss=-0.018 v_loss=1.702 ent=2.654 kl=0.0002
[upd  111 | steps   56832 | t   32.2s | sps  1765] ret_mean=111.500 ep_len=500.0 pi_loss=-0.012 v_loss=3.744 ent=2.345 kl=0.0073
[upd  112 | steps   57344 | t   32.3s | sps  1773] ret_mean=0.000 ep_len=500.0 pi_loss=-0.016 v_loss=0.800 ent=2.504 kl=0.0056
[upd  113 | steps   57856 | t   32.5s | sps  1781] ret_mean=36.500 ep_len=500.0 pi_loss=-0.012 v_loss=0.262 ent=2.804 kl=0.0044
[upd  114 | steps   58368 | t   32.7s | sps  1787] ret_mean=0.000 ep_len=500.0 pi_loss=-0.018 v_loss=0.024 ent=2.402 kl=-0.0015
[upd  115 | steps   58880 | t   32.8s | sps  1794] ret_mean=7.500 ep_len=500.0 pi_loss=-0.007 v_loss=1.117 ent=2.596 kl=-0.0022
[upd  116 | steps   59392 | t   33.0s | sps  1802] ret_mean=30.000 ep_len=500.0 pi_loss=-0.012 v_loss=1.783 ent=2.688 kl=0.0006
[upd  117 | steps   59904 | t   33.1s | sps  1808] ret_mean=115.000 ep_len=500.0 pi_loss=-0.006 v_loss=5.273 ent=2.082 kl=-0.0015
[upd  118 | steps   60416 | t   33.3s | sps  1815] ret_mean=62.500 ep_len=500.0 pi_loss=-0.010 v_loss=0.300 ent=2.350 kl=0.0025
[upd  119 | steps   60928 | t   33.5s | sps  1821] ret_mean=0.000 ep_len=500.0 pi_loss=-0.010 v_loss=0.049 ent=2.202 kl=0.0019
[upd  120 | steps   61440 | t   33.6s | sps  1826] ret_mean=0.000 ep_len=500.0 pi_loss=-0.009 v_loss=1.269 ent=2.231 kl=0.0116
[upd  121 | steps   61952 | t   33.8s | sps  1832] ret_mean=45.500 ep_len=500.0 pi_loss=-0.008 v_loss=0.074 ent=2.480 kl=-0.0005
[upd  122 | steps   62464 | t   34.0s | sps  1838] ret_mean=0.000 ep_len=500.0 pi_loss=-0.016 v_loss=1.429 ent=2.389 kl=0.0128
[upd  123 | steps   62976 | t   34.1s | sps  1844] ret_mean=56.500 ep_len=500.0 pi_loss=-0.013 v_loss=0.387 ent=2.690 kl=0.0021
[upd  124 | steps   63488 | t   34.3s | sps  1851] ret_mean=0.000 ep_len=500.0 pi_loss=-0.015 v_loss=0.042 ent=2.730 kl=0.0188
[upd  125 | steps   64000 | t   34.4s | sps  1858] ret_mean=0.000 ep_len=500.0 pi_loss=-0.016 v_loss=3.134 ent=2.690 kl=0.0022
        [eval] ret_mean=0.000 ep_len=500.0
[upd  126 | steps   64512 | t   38.1s | sps  1694] ret_mean=61.000 ep_len=500.0 pi_loss=-0.014 v_loss=2.168 ent=2.376 kl=0.0207
[upd  127 | steps   65024 | t   38.2s | sps  1702] ret_mean=0.000 ep_len=500.0 pi_loss=-0.011 v_loss=0.043 ent=2.519 kl=-0.0002
[upd  128 | steps   65536 | t   38.4s | sps  1708] ret_mean=0.000 ep_len=500.0 pi_loss=-0.007 v_loss=0.017 ent=2.469 kl=0.0004
[upd  129 | steps   66048 | t   38.5s | sps  1715] ret_mean=0.000 ep_len=500.0 pi_loss=-0.020 v_loss=0.290 ent=2.776 kl=0.0198
[upd  130 | steps   66560 | t   38.7s | sps  1722] ret_mean=100.000 ep_len=500.0 pi_loss=-0.015 v_loss=3.833 ent=2.359 kl=0.0150
[upd  131 | steps   67072 | t   38.8s | sps  1729] ret_mean=24.000 ep_len=500.0 pi_loss=-0.006 v_loss=1.076 ent=2.597 kl=0.0112
[upd  132 | steps   67584 | t   38.9s | sps  1735] ret_mean=9.500 ep_len=500.0 pi_loss=-0.010 v_loss=0.304 ent=2.874 kl=0.0052
[upd  133 | steps   68096 | t   39.1s | sps  1742] ret_mean=60.500 ep_len=500.0 pi_loss=-0.012 v_loss=2.916 ent=2.421 kl=0.0258
[upd  134 | steps   68608 | t   39.3s | sps  1748] ret_mean=0.000 ep_len=500.0 pi_loss=-0.008 v_loss=1.089 ent=2.516 kl=0.0073
[upd  135 | steps   69120 | t   39.4s | sps  1754] ret_mean=87.000 ep_len=500.0 pi_loss=-0.007 v_loss=3.471 ent=2.191 kl=0.0080
[upd  136 | steps   69632 | t   39.6s | sps  1760] ret_mean=53.000 ep_len=500.0 pi_loss=-0.015 v_loss=2.280 ent=2.506 kl=-0.0019
[upd  137 | steps   70144 | t   39.7s | sps  1767] ret_mean=82.500 ep_len=500.0 pi_loss=-0.011 v_loss=4.513 ent=2.186 kl=0.0061
[upd  138 | steps   70656 | t   39.8s | sps  1773] ret_mean=49.000 ep_len=500.0 pi_loss=-0.016 v_loss=2.027 ent=1.714 kl=-0.0045
[upd  139 | steps   71168 | t   40.0s | sps  1779] ret_mean=83.000 ep_len=500.0 pi_loss=-0.010 v_loss=1.721 ent=2.409 kl=0.0043
[upd  140 | steps   71680 | t   40.1s | sps  1786] ret_mean=0.000 ep_len=500.0 pi_loss=-0.013 v_loss=0.084 ent=2.584 kl=0.0096
[upd  141 | steps   72192 | t   40.3s | sps  1792] ret_mean=0.000 ep_len=500.0 pi_loss=-0.008 v_loss=1.582 ent=2.462 kl=-0.0044
[upd  142 | steps   72704 | t   40.4s | sps  1798] ret_mean=117.000 ep_len=500.0 pi_loss=-0.009 v_loss=2.876 ent=2.169 kl=0.0117
[upd  143 | steps   73216 | t   40.6s | sps  1803] ret_mean=0.000 ep_len=500.0 pi_loss=-0.010 v_loss=0.040 ent=2.852 kl=0.0076
[upd  144 | steps   73728 | t   40.8s | sps  1809] ret_mean=0.000 ep_len=500.0 pi_loss=-0.010 v_loss=0.045 ent=2.521 kl=0.0137
[upd  145 | steps   74240 | t   40.9s | sps  1815] ret_mean=0.000 ep_len=500.0 pi_loss=-0.008 v_loss=0.042 ent=2.493 kl=-0.0093
[upd  146 | steps   74752 | t   41.1s | sps  1820] ret_mean=0.000 ep_len=500.0 pi_loss=-0.011 v_loss=0.033 ent=2.598 kl=0.0099
[upd  147 | steps   75264 | t   41.2s | sps  1826] ret_mean=0.000 ep_len=500.0 pi_loss=-0.005 v_loss=0.034 ent=2.889 kl=0.0054
[upd  148 | steps   75776 | t   41.4s | sps  1832] ret_mean=0.000 ep_len=500.0 pi_loss=-0.007 v_loss=7.243 ent=2.481 kl=0.0069
[upd  149 | steps   76288 | t   41.5s | sps  1837] ret_mean=138.500 ep_len=500.0 pi_loss=-0.010 v_loss=3.588 ent=2.364 kl=0.0076
[upd  150 | steps   76800 | t   41.7s | sps  1843] ret_mean=55.000 ep_len=500.0 pi_loss=-0.010 v_loss=0.222 ent=2.445 kl=0.0046
        [eval] ret_mean=3.833 ep_len=500.0
[upd  151 | steps   77312 | t   45.3s | sps  1706] ret_mean=2.000 ep_len=500.0 pi_loss=-0.013 v_loss=0.087 ent=2.607 kl=0.0142
[upd  152 | steps   77824 | t   45.5s | sps  1712] ret_mean=0.000 ep_len=500.0 pi_loss=-0.013 v_loss=0.072 ent=2.212 kl=0.0016
[upd  153 | steps   78336 | t   45.6s | sps  1718] ret_mean=61.000 ep_len=500.0 pi_loss=-0.016 v_loss=2.074 ent=2.949 kl=0.0046
[upd  154 | steps   78848 | t   45.8s | sps  1723] ret_mean=0.000 ep_len=500.0 pi_loss=-0.012 v_loss=0.011 ent=3.175 kl=0.0094
[upd  155 | steps   79360 | t   45.9s | sps  1729] ret_mean=0.000 ep_len=500.0 pi_loss=-0.012 v_loss=0.024 ent=2.492 kl=0.0110
[upd  156 | steps   79872 | t   46.1s | sps  1734] ret_mean=13.000 ep_len=500.0 pi_loss=-0.019 v_loss=0.344 ent=3.173 kl=0.0030
[upd  157 | steps   80384 | t   46.2s | sps  1740] ret_mean=92.000 ep_len=500.0 pi_loss=-0.015 v_loss=4.317 ent=1.941 kl=0.0111
[upd  158 | steps   80896 | t   46.3s | sps  1745] ret_mean=81.000 ep_len=500.0 pi_loss=-0.013 v_loss=3.710 ent=2.232 kl=0.0063
[upd  159 | steps   81408 | t   46.5s | sps  1751] ret_mean=7.500 ep_len=500.0 pi_loss=-0.016 v_loss=1.111 ent=2.506 kl=0.0080
[upd  160 | steps   81920 | t   46.6s | sps  1756] ret_mean=76.500 ep_len=500.0 pi_loss=-0.009 v_loss=2.319 ent=2.410 kl=0.0043
[upd  161 | steps   82432 | t   46.8s | sps  1762] ret_mean=11.500 ep_len=500.0 pi_loss=-0.011 v_loss=0.089 ent=2.798 kl=0.0145
[upd  162 | steps   82944 | t   46.9s | sps  1767] ret_mean=0.000 ep_len=500.0 pi_loss=-0.012 v_loss=0.653 ent=3.048 kl=0.0042
[upd  163 | steps   83456 | t   47.1s | sps  1773] ret_mean=29.000 ep_len=500.0 pi_loss=-0.010 v_loss=0.303 ent=3.122 kl=-0.0009
[upd  164 | steps   83968 | t   47.2s | sps  1777] ret_mean=0.000 ep_len=500.0 pi_loss=-0.016 v_loss=1.407 ent=2.785 kl=0.0039
[upd  165 | steps   84480 | t   47.4s | sps  1782] ret_mean=99.500 ep_len=500.0 pi_loss=-0.012 v_loss=2.209 ent=1.863 kl=0.0189
[upd  166 | steps   84992 | t   47.6s | sps  1786] ret_mean=0.000 ep_len=500.0 pi_loss=-0.007 v_loss=2.497 ent=2.400 kl=0.0079
[upd  167 | steps   85504 | t   47.8s | sps  1790] ret_mean=79.500 ep_len=500.0 pi_loss=-0.006 v_loss=1.041 ent=2.376 kl=0.0043
[upd  168 | steps   86016 | t   47.9s | sps  1795] ret_mean=0.000 ep_len=500.0 pi_loss=-0.014 v_loss=1.350 ent=2.645 kl=0.0062
[upd  169 | steps   86528 | t   48.1s | sps  1800] ret_mean=46.000 ep_len=500.0 pi_loss=-0.008 v_loss=0.297 ent=2.736 kl=0.0012
[upd  170 | steps   87040 | t   48.2s | sps  1805] ret_mean=0.000 ep_len=500.0 pi_loss=-0.010 v_loss=0.262 ent=2.876 kl=0.0006
[upd  171 | steps   87552 | t   48.4s | sps  1810] ret_mean=12.500 ep_len=500.0 pi_loss=-0.006 v_loss=0.220 ent=2.775 kl=0.0078
[upd  172 | steps   88064 | t   48.5s | sps  1815] ret_mean=0.000 ep_len=500.0 pi_loss=-0.016 v_loss=0.041 ent=2.634 kl=0.0092
[upd  173 | steps   88576 | t   48.7s | sps  1820] ret_mean=0.000 ep_len=500.0 pi_loss=-0.016 v_loss=0.093 ent=2.217 kl=0.0100
[upd  174 | steps   89088 | t   48.8s | sps  1825] ret_mean=0.000 ep_len=500.0 pi_loss=-0.005 v_loss=3.113 ent=2.229 kl=0.0008
[upd  175 | steps   89600 | t   49.0s | sps  1830] ret_mean=103.500 ep_len=500.0 pi_loss=-0.007 v_loss=1.514 ent=2.252 kl=0.0068
        [eval] ret_mean=8.317 ep_len=500.0
[upd  176 | steps   90112 | t   52.7s | sps  1711] ret_mean=0.000 ep_len=500.0 pi_loss=-0.014 v_loss=0.047 ent=2.955 kl=0.0020
[upd  177 | steps   90624 | t   52.8s | sps  1716] ret_mean=106.500 ep_len=500.0 pi_loss=-0.007 v_loss=5.265 ent=1.511 kl=0.0045
[upd  178 | steps   91136 | t   52.9s | sps  1721] ret_mean=138.500 ep_len=500.0 pi_loss=-0.015 v_loss=9.390 ent=1.827 kl=0.0045
[upd  179 | steps   91648 | t   53.1s | sps  1726] ret_mean=0.000 ep_len=500.0 pi_loss=-0.012 v_loss=0.021 ent=3.004 kl=0.0072
[upd  180 | steps   92160 | t   53.2s | sps  1731] ret_mean=0.000 ep_len=500.0 pi_loss=-0.012 v_loss=0.210 ent=2.679 kl=0.0106
[upd  181 | steps   92672 | t   53.4s | sps  1736] ret_mean=69.500 ep_len=500.0 pi_loss=-0.012 v_loss=2.133 ent=2.344 kl=0.0061
[upd  182 | steps   93184 | t   53.5s | sps  1740] ret_mean=0.000 ep_len=500.0 pi_loss=-0.008 v_loss=0.137 ent=2.266 kl=0.0045
[upd  183 | steps   93696 | t   53.7s | sps  1745] ret_mean=35.500 ep_len=500.0 pi_loss=-0.013 v_loss=2.207 ent=2.281 kl=0.0124
[upd  184 | steps   94208 | t   53.8s | sps  1750] ret_mean=58.500 ep_len=500.0 pi_loss=-0.008 v_loss=2.718 ent=2.296 kl=0.0082
[upd  185 | steps   94720 | t   54.0s | sps  1755] ret_mean=119.000 ep_len=500.0 pi_loss=-0.007 v_loss=6.942 ent=2.180 kl=0.0162
[upd  186 | steps   95232 | t   54.1s | sps  1760] ret_mean=0.000 ep_len=500.0 pi_loss=-0.011 v_loss=0.521 ent=2.197 kl=0.0066
[upd  187 | steps   95744 | t   54.3s | sps  1764] ret_mean=12.500 ep_len=500.0 pi_loss=-0.012 v_loss=0.060 ent=3.294 kl=0.0114
[upd  188 | steps   96256 | t   54.4s | sps  1768] ret_mean=0.000 ep_len=500.0 pi_loss=-0.019 v_loss=0.011 ent=3.382 kl=0.0278
[upd  189 | steps   96768 | t   54.6s | sps  1773] ret_mean=38.000 ep_len=500.0 pi_loss=-0.014 v_loss=3.120 ent=2.415 kl=0.0193
[upd  190 | steps   97280 | t   54.7s | sps  1778] ret_mean=112.000 ep_len=500.0 pi_loss=-0.011 v_loss=2.994 ent=2.033 kl=0.0072
[upd  191 | steps   97792 | t   54.9s | sps  1782] ret_mean=0.000 ep_len=500.0 pi_loss=-0.015 v_loss=1.701 ent=2.833 kl=0.0183
[upd  192 | steps   98304 | t   55.0s | sps  1786] ret_mean=53.500 ep_len=500.0 pi_loss=-0.021 v_loss=2.009 ent=2.699 kl=-0.0077
[upd  193 | steps   98816 | t   55.2s | sps  1791] ret_mean=86.500 ep_len=500.0 pi_loss=-0.010 v_loss=1.697 ent=2.561 kl=-0.0003
[upd  194 | steps   99328 | t   55.3s | sps  1795] ret_mean=20.000 ep_len=500.0 pi_loss=-0.009 v_loss=1.546 ent=2.699 kl=0.0037
[upd  195 | steps   99840 | t   55.5s | sps  1800] ret_mean=20.000 ep_len=500.0 pi_loss=-0.012 v_loss=9.667 ent=2.184 kl=0.0094
[upd  196 | steps  100352 | t   55.6s | sps  1804] ret_mean=193.000 ep_len=500.0 pi_loss=-0.009 v_loss=3.283 ent=2.015 kl=0.0149
[upd  197 | steps  100864 | t   55.8s | sps  1808] ret_mean=0.000 ep_len=500.0 pi_loss=-0.013 v_loss=0.483 ent=3.285 kl=-0.0034
[upd  198 | steps  101376 | t   55.9s | sps  1813] ret_mean=71.500 ep_len=500.0 pi_loss=-0.010 v_loss=3.648 ent=2.182 kl=0.0085
[upd  199 | steps  101888 | t   56.1s | sps  1817] ret_mean=54.500 ep_len=500.0 pi_loss=-0.010 v_loss=2.794 ent=2.871 kl=0.0028
[upd  200 | steps  102400 | t   56.2s | sps  1822] ret_mean=83.500 ep_len=500.0 pi_loss=-0.008 v_loss=1.157 ent=2.490 kl=0.0111
        [eval] ret_mean=4.167 ep_len=500.0
[upd  201 | steps  102912 | t   60.0s | sps  1716] ret_mean=109.500 ep_len=500.0 pi_loss=-0.014 v_loss=3.976 ent=2.216 kl=0.0102
[upd  202 | steps  103424 | t   60.1s | sps  1720] ret_mean=0.000 ep_len=500.0 pi_loss=-0.015 v_loss=0.168 ent=3.302 kl=0.0107
[upd  203 | steps  103936 | t   60.3s | sps  1724] ret_mean=65.000 ep_len=500.0 pi_loss=-0.013 v_loss=1.932 ent=2.509 kl=0.0158
[upd  204 | steps  104448 | t   60.4s | sps  1729] ret_mean=42.500 ep_len=500.0 pi_loss=-0.012 v_loss=1.832 ent=2.631 kl=0.0143
[upd  205 | steps  104960 | t   60.6s | sps  1733] ret_mean=121.500 ep_len=500.0 pi_loss=-0.010 v_loss=4.365 ent=2.162 kl=0.0070
[upd  206 | steps  105472 | t   60.7s | sps  1737] ret_mean=0.000 ep_len=500.0 pi_loss=-0.012 v_loss=0.094 ent=3.382 kl=0.0035
[upd  207 | steps  105984 | t   60.9s | sps  1741] ret_mean=0.000 ep_len=500.0 pi_loss=-0.012 v_loss=0.038 ent=3.399 kl=0.0050
[upd  208 | steps  106496 | t   61.0s | sps  1746] ret_mean=40.500 ep_len=500.0 pi_loss=-0.012 v_loss=2.266 ent=2.937 kl=-0.0026
[upd  209 | steps  107008 | t   61.1s | sps  1750] ret_mean=119.500 ep_len=500.0 pi_loss=-0.010 v_loss=4.066 ent=2.228 kl=0.0082
[upd  210 | steps  107520 | t   61.3s | sps  1754] ret_mean=24.000 ep_len=500.0 pi_loss=-0.016 v_loss=1.286 ent=3.290 kl=0.0021
[upd  211 | steps  108032 | t   61.5s | sps  1758] ret_mean=58.000 ep_len=500.0 pi_loss=-0.013 v_loss=2.165 ent=2.802 kl=0.0056
[upd  212 | steps  108544 | t   61.6s | sps  1762] ret_mean=0.000 ep_len=500.0 pi_loss=-0.009 v_loss=0.053 ent=3.474 kl=0.0098
[upd  213 | steps  109056 | t   61.8s | sps  1766] ret_mean=81.000 ep_len=500.0 pi_loss=-0.009 v_loss=3.394 ent=2.317 kl=0.0040
[upd  214 | steps  109568 | t   61.9s | sps  1770] ret_mean=73.500 ep_len=500.0 pi_loss=-0.011 v_loss=3.919 ent=2.226 kl=0.0019
[upd  215 | steps  110080 | t   62.0s | sps  1774] ret_mean=27.500 ep_len=500.0 pi_loss=-0.015 v_loss=0.772 ent=3.123 kl=0.0107
[upd  216 | steps  110592 | t   62.2s | sps  1778] ret_mean=95.000 ep_len=500.0 pi_loss=-0.012 v_loss=2.933 ent=2.401 kl=0.0063
[upd  217 | steps  111104 | t   62.3s | sps  1782] ret_mean=0.000 ep_len=500.0 pi_loss=-0.020 v_loss=0.224 ent=3.242 kl=0.0097
[upd  218 | steps  111616 | t   62.5s | sps  1786] ret_mean=8.500 ep_len=500.0 pi_loss=-0.010 v_loss=1.865 ent=3.043 kl=-0.0028
[upd  219 | steps  112128 | t   62.6s | sps  1790] ret_mean=47.000 ep_len=500.0 pi_loss=-0.006 v_loss=0.173 ent=3.502 kl=0.0038
[upd  220 | steps  112640 | t   62.8s | sps  1794] ret_mean=0.000 ep_len=500.0 pi_loss=-0.012 v_loss=5.747 ent=3.013 kl=-0.0000
[upd  221 | steps  113152 | t   62.9s | sps  1798] ret_mean=145.000 ep_len=500.0 pi_loss=-0.009 v_loss=2.602 ent=2.471 kl=0.0189
[upd  222 | steps  113664 | t   63.1s | sps  1802] ret_mean=0.000 ep_len=500.0 pi_loss=-0.010 v_loss=0.126 ent=3.367 kl=0.0049
[upd  223 | steps  114176 | t   63.2s | sps  1806] ret_mean=25.500 ep_len=500.0 pi_loss=-0.008 v_loss=1.992 ent=2.672 kl=0.0072
[upd  224 | steps  114688 | t   63.4s | sps  1810] ret_mean=77.500 ep_len=500.0 pi_loss=-0.004 v_loss=10.650 ent=1.507 kl=0.0033
[upd  225 | steps  115200 | t   63.5s | sps  1814] ret_mean=164.500 ep_len=500.0 pi_loss=-0.009 v_loss=2.026 ent=2.435 kl=0.0040
        [eval] ret_mean=4.167 ep_len=500.0
[upd  226 | steps  115712 | t   67.1s | sps  1724] ret_mean=78.000 ep_len=500.0 pi_loss=-0.014 v_loss=3.583 ent=2.456 kl=0.0070
[upd  227 | steps  116224 | t   67.3s | sps  1728] ret_mean=25.500 ep_len=500.0 pi_loss=-0.010 v_loss=1.131 ent=2.822 kl=0.0044
[upd  228 | steps  116736 | t   67.4s | sps  1732] ret_mean=103.500 ep_len=500.0 pi_loss=-0.015 v_loss=3.999 ent=2.175 kl=0.0072
[upd  229 | steps  117248 | t   67.6s | sps  1735] ret_mean=100.500 ep_len=500.0 pi_loss=-0.012 v_loss=4.121 ent=2.188 kl=0.0045
[upd  230 | steps  117760 | t   67.7s | sps  1739] ret_mean=0.000 ep_len=500.0 pi_loss=-0.013 v_loss=0.034 ent=3.317 kl=0.0071
[upd  231 | steps  118272 | t   67.9s | sps  1743] ret_mean=76.000 ep_len=500.0 pi_loss=-0.012 v_loss=3.034 ent=2.454 kl=0.0083
[upd  232 | steps  118784 | t   68.0s | sps  1747] ret_mean=0.000 ep_len=500.0 pi_loss=-0.009 v_loss=0.178 ent=3.035 kl=0.0037
[upd  233 | steps  119296 | t   68.2s | sps  1750] ret_mean=105.500 ep_len=500.0 pi_loss=-0.009 v_loss=4.169 ent=2.044 kl=0.0035
[upd  234 | steps  119808 | t   68.3s | sps  1754] ret_mean=0.000 ep_len=500.0 pi_loss=-0.011 v_loss=0.591 ent=3.275 kl=-0.0007
[upd  235 | steps  120320 | t   68.5s | sps  1757] ret_mean=109.500 ep_len=500.0 pi_loss=-0.008 v_loss=4.834 ent=1.952 kl=-0.0000
[upd  236 | steps  120832 | t   68.6s | sps  1761] ret_mean=81.000 ep_len=500.0 pi_loss=-0.008 v_loss=1.719 ent=2.938 kl=0.0050
[upd  237 | steps  121344 | t   68.8s | sps  1765] ret_mean=10.500 ep_len=500.0 pi_loss=-0.011 v_loss=1.508 ent=2.984 kl=0.0057
[upd  238 | steps  121856 | t   68.9s | sps  1768] ret_mean=123.500 ep_len=500.0 pi_loss=-0.008 v_loss=2.890 ent=2.168 kl=0.0042
[upd  239 | steps  122368 | t   69.1s | sps  1772] ret_mean=0.000 ep_len=500.0 pi_loss=-0.011 v_loss=1.072 ent=2.724 kl=0.0077
[upd  240 | steps  122880 | t   69.2s | sps  1776] ret_mean=66.500 ep_len=500.0 pi_loss=-0.010 v_loss=0.837 ent=3.169 kl=0.0106
[upd  241 | steps  123392 | t   69.4s | sps  1779] ret_mean=0.000 ep_len=500.0 pi_loss=-0.011 v_loss=1.219 ent=2.738 kl=0.0102
[upd  242 | steps  123904 | t   69.5s | sps  1783] ret_mean=65.000 ep_len=500.0 pi_loss=-0.011 v_loss=2.457 ent=2.543 kl=0.0106
[upd  243 | steps  124416 | t   69.7s | sps  1786] ret_mean=123.500 ep_len=500.0 pi_loss=-0.009 v_loss=4.390 ent=1.973 kl=0.0127
[upd  244 | steps  124928 | t   69.8s | sps  1790] ret_mean=120.500 ep_len=500.0 pi_loss=-0.011 v_loss=3.445 ent=2.186 kl=0.0054
[upd  245 | steps  125440 | t   69.9s | sps  1793] ret_mean=94.000 ep_len=500.0 pi_loss=-0.010 v_loss=2.372 ent=2.433 kl=0.0083
[upd  246 | steps  125952 | t   70.1s | sps  1797] ret_mean=8.000 ep_len=500.0 pi_loss=-0.012 v_loss=2.449 ent=2.771 kl=0.0004
[upd  247 | steps  126464 | t   70.2s | sps  1800] ret_mean=122.500 ep_len=500.0 pi_loss=-0.011 v_loss=1.758 ent=2.567 kl=0.0112
[upd  248 | steps  126976 | t   70.4s | sps  1804] ret_mean=0.000 ep_len=500.0 pi_loss=-0.011 v_loss=0.259 ent=3.258 kl=0.0045
[upd  249 | steps  127488 | t   70.5s | sps  1807] ret_mean=0.000 ep_len=500.0 pi_loss=-0.014 v_loss=1.642 ent=2.922 kl=0.0084
[upd  250 | steps  128000 | t   70.7s | sps  1811] ret_mean=63.500 ep_len=500.0 pi_loss=-0.011 v_loss=1.614 ent=2.844 kl=0.0031
        [eval] ret_mean=19.350 ep_len=500.0
[upd  251 | steps  128512 | t   74.2s | sps  1731] ret_mean=77.500 ep_len=500.0 pi_loss=-0.015 v_loss=2.811 ent=2.686 kl=-0.0011
[upd  252 | steps  129024 | t   74.4s | sps  1735] ret_mean=102.500 ep_len=500.0 pi_loss=-0.011 v_loss=3.181 ent=1.912 kl=0.0071
[upd  253 | steps  129536 | t   74.5s | sps  1738] ret_mean=57.000 ep_len=500.0 pi_loss=-0.009 v_loss=1.456 ent=2.302 kl=0.0029
[upd  254 | steps  130048 | t   74.7s | sps  1742] ret_mean=0.000 ep_len=500.0 pi_loss=-0.010 v_loss=0.261 ent=2.635 kl=0.0045
[upd  255 | steps  130560 | t   74.8s | sps  1745] ret_mean=0.000 ep_len=500.0 pi_loss=-0.010 v_loss=0.173 ent=3.218 kl=0.0030
[upd  256 | steps  131072 | t   75.0s | sps  1748] ret_mean=0.000 ep_len=500.0 pi_loss=-0.009 v_loss=0.212 ent=2.453 kl=0.0118
[upd  257 | steps  131584 | t   75.1s | sps  1752] ret_mean=7.500 ep_len=500.0 pi_loss=-0.011 v_loss=1.272 ent=3.277 kl=-0.0013
[upd  258 | steps  132096 | t   75.3s | sps  1755] ret_mean=66.500 ep_len=500.0 pi_loss=-0.014 v_loss=1.893 ent=2.642 kl=0.0150
[upd  259 | steps  132608 | t   75.4s | sps  1759] ret_mean=149.000 ep_len=500.0 pi_loss=-0.013 v_loss=6.552 ent=1.751 kl=0.0099
[upd  260 | steps  133120 | t   75.6s | sps  1762] ret_mean=55.500 ep_len=500.0 pi_loss=-0.011 v_loss=1.162 ent=2.503 kl=0.0052
[upd  261 | steps  133632 | t   75.7s | sps  1765] ret_mean=0.000 ep_len=500.0 pi_loss=-0.012 v_loss=0.173 ent=3.282 kl=0.0145
[upd  262 | steps  134144 | t   75.8s | sps  1769] ret_mean=0.000 ep_len=500.0 pi_loss=-0.011 v_loss=0.935 ent=3.246 kl=0.0035
[upd  263 | steps  134656 | t   76.0s | sps  1772] ret_mean=125.000 ep_len=500.0 pi_loss=-0.013 v_loss=2.861 ent=2.027 kl=0.0067
[upd  264 | steps  135168 | t   76.1s | sps  1775] ret_mean=0.000 ep_len=500.0 pi_loss=-0.012 v_loss=1.159 ent=3.025 kl=0.0015
[upd  265 | steps  135680 | t   76.3s | sps  1778] ret_mean=48.500 ep_len=500.0 pi_loss=-0.010 v_loss=2.056 ent=2.823 kl=0.0039
[upd  266 | steps  136192 | t   76.4s | sps  1782] ret_mean=110.500 ep_len=500.0 pi_loss=-0.016 v_loss=3.738 ent=2.113 kl=0.0068
[upd  267 | steps  136704 | t   76.6s | sps  1785] ret_mean=67.500 ep_len=500.0 pi_loss=-0.012 v_loss=1.667 ent=2.924 kl=0.0033
[upd  268 | steps  137216 | t   76.7s | sps  1788] ret_mean=77.500 ep_len=500.0 pi_loss=-0.013 v_loss=2.145 ent=2.357 kl=0.0074
[upd  269 | steps  137728 | t   76.9s | sps  1791] ret_mean=0.000 ep_len=500.0 pi_loss=-0.012 v_loss=1.653 ent=3.045 kl=0.0054
[upd  270 | steps  138240 | t   77.0s | sps  1795] ret_mean=67.500 ep_len=500.0 pi_loss=-0.006 v_loss=0.927 ent=3.214 kl=0.0039
[upd  271 | steps  138752 | t   77.2s | sps  1798] ret_mean=71.000 ep_len=500.0 pi_loss=-0.009 v_loss=2.962 ent=2.156 kl=0.0067
[upd  272 | steps  139264 | t   77.3s | sps  1801] ret_mean=81.500 ep_len=500.0 pi_loss=-0.011 v_loss=3.433 ent=1.856 kl=0.0100
[upd  273 | steps  139776 | t   77.5s | sps  1804] ret_mean=80.000 ep_len=500.0 pi_loss=-0.007 v_loss=2.760 ent=2.434 kl=0.0010
[upd  274 | steps  140288 | t   77.6s | sps  1808] ret_mean=124.000 ep_len=500.0 pi_loss=-0.008 v_loss=1.867 ent=1.676 kl=0.0118
[upd  275 | steps  140800 | t   77.8s | sps  1811] ret_mean=0.000 ep_len=500.0 pi_loss=-0.011 v_loss=2.182 ent=1.943 kl=-0.0026
        [eval] ret_mean=16.667 ep_len=500.0
[upd  276 | steps  141312 | t   81.5s | sps  1734] ret_mean=0.000 ep_len=500.0 pi_loss=-0.018 v_loss=0.191 ent=3.205 kl=0.0135
[upd  277 | steps  141824 | t   81.6s | sps  1738] ret_mean=121.500 ep_len=500.0 pi_loss=-0.010 v_loss=3.292 ent=1.585 kl=-0.0005
[upd  278 | steps  142336 | t   81.8s | sps  1741] ret_mean=199.500 ep_len=500.0 pi_loss=-0.013 v_loss=9.990 ent=1.555 kl=0.0035
[upd  279 | steps  142848 | t   81.9s | sps  1744] ret_mean=45.000 ep_len=500.0 pi_loss=-0.007 v_loss=2.593 ent=2.264 kl=0.0015
[upd  280 | steps  143360 | t   82.1s | sps  1747] ret_mean=0.000 ep_len=500.0 pi_loss=-0.008 v_loss=0.181 ent=2.998 kl=0.0014
[upd  281 | steps  143872 | t   82.2s | sps  1750] ret_mean=89.000 ep_len=500.0 pi_loss=-0.014 v_loss=4.703 ent=2.169 kl=0.0154
[upd  282 | steps  144384 | t   82.4s | sps  1753] ret_mean=165.500 ep_len=500.0 pi_loss=-0.008 v_loss=6.379 ent=1.495 kl=0.0038
[upd  283 | steps  144896 | t   82.5s | sps  1756] ret_mean=109.000 ep_len=500.0 pi_loss=-0.012 v_loss=5.095 ent=1.779 kl=0.0062
[upd  284 | steps  145408 | t   82.7s | sps  1759] ret_mean=180.000 ep_len=500.0 pi_loss=-0.010 v_loss=7.676 ent=1.598 kl=0.0072
[upd  285 | steps  145920 | t   82.8s | sps  1762] ret_mean=20.000 ep_len=500.0 pi_loss=-0.015 v_loss=2.000 ent=2.957 kl=0.0064
[upd  286 | steps  146432 | t   82.9s | sps  1765] ret_mean=111.500 ep_len=500.0 pi_loss=-0.007 v_loss=3.009 ent=1.796 kl=0.0089
[upd  287 | steps  146944 | t   83.1s | sps  1768] ret_mean=25.500 ep_len=500.0 pi_loss=-0.010 v_loss=1.381 ent=2.639 kl=0.0137
[upd  288 | steps  147456 | t   83.2s | sps  1771] ret_mean=8.500 ep_len=500.0 pi_loss=-0.011 v_loss=0.577 ent=2.380 kl=0.0160
[upd  289 | steps  147968 | t   83.4s | sps  1774] ret_mean=0.000 ep_len=500.0 pi_loss=-0.011 v_loss=0.827 ent=2.248 kl=0.0160
[upd  290 | steps  148480 | t   83.5s | sps  1778] ret_mean=35.500 ep_len=500.0 pi_loss=-0.008 v_loss=2.565 ent=1.905 kl=0.0003
[upd  291 | steps  148992 | t   83.7s | sps  1781] ret_mean=142.000 ep_len=500.0 pi_loss=-0.008 v_loss=5.406 ent=1.382 kl=0.0022
[upd  292 | steps  149504 | t   83.8s | sps  1784] ret_mean=74.500 ep_len=500.0 pi_loss=-0.011 v_loss=3.148 ent=2.252 kl=0.0041
[upd  293 | steps  150016 | t   84.0s | sps  1787] ret_mean=78.000 ep_len=500.0 pi_loss=-0.018 v_loss=1.007 ent=2.358 kl=0.0038
[upd  294 | steps  150528 | t   84.1s | sps  1790] ret_mean=0.000 ep_len=500.0 pi_loss=-0.014 v_loss=1.224 ent=3.070 kl=0.0156
[upd  295 | steps  151040 | t   84.3s | sps  1793] ret_mean=46.500 ep_len=500.0 pi_loss=-0.008 v_loss=1.707 ent=2.431 kl=0.0052
[upd  296 | steps  151552 | t   84.4s | sps  1796] ret_mean=75.500 ep_len=500.0 pi_loss=-0.005 v_loss=3.570 ent=1.970 kl=0.0023
[upd  297 | steps  152064 | t   84.6s | sps  1798] ret_mean=142.500 ep_len=500.0 pi_loss=-0.011 v_loss=4.068 ent=1.642 kl=0.0043
[upd  298 | steps  152576 | t   84.7s | sps  1801] ret_mean=109.500 ep_len=500.0 pi_loss=-0.015 v_loss=2.138 ent=2.344 kl=0.0135
[upd  299 | steps  153088 | t   84.9s | sps  1804] ret_mean=0.000 ep_len=500.0 pi_loss=-0.011 v_loss=0.940 ent=3.068 kl=0.0064
[upd  300 | steps  153600 | t   85.0s | sps  1806] ret_mean=69.500 ep_len=500.0 pi_loss=-0.008 v_loss=1.445 ent=2.594 kl=0.0125
        [eval] ret_mean=8.017 ep_len=500.0
[upd  301 | steps  154112 | t   88.7s | sps  1737] ret_mean=0.000 ep_len=500.0 pi_loss=-0.014 v_loss=0.114 ent=2.720 kl=0.0156
[upd  302 | steps  154624 | t   88.9s | sps  1739] ret_mean=0.000 ep_len=500.0 pi_loss=-0.011 v_loss=0.139 ent=2.476 kl=0.0038
[upd  303 | steps  155136 | t   89.1s | sps  1742] ret_mean=0.000 ep_len=500.0 pi_loss=-0.011 v_loss=0.114 ent=3.168 kl=0.0112
[upd  304 | steps  155648 | t   89.2s | sps  1745] ret_mean=45.000 ep_len=500.0 pi_loss=-0.015 v_loss=1.695 ent=2.188 kl=0.0076
[upd  305 | steps  156160 | t   89.4s | sps  1748] ret_mean=66.000 ep_len=500.0 pi_loss=-0.012 v_loss=3.014 ent=2.162 kl=0.0151
[upd  306 | steps  156672 | t   89.5s | sps  1750] ret_mean=0.000 ep_len=500.0 pi_loss=-0.011 v_loss=0.704 ent=3.133 kl=-0.0073
[upd  307 | steps  157184 | t   89.7s | sps  1752] ret_mean=113.000 ep_len=500.0 pi_loss=-0.008 v_loss=3.568 ent=2.141 kl=0.0058
[upd  308 | steps  157696 | t   89.9s | sps  1754] ret_mean=93.500 ep_len=500.0 pi_loss=-0.013 v_loss=3.773 ent=1.859 kl=0.0075
[upd  309 | steps  158208 | t   90.1s | sps  1757] ret_mean=0.000 ep_len=500.0 pi_loss=-0.011 v_loss=0.042 ent=3.180 kl=0.0079
[upd  310 | steps  158720 | t   90.2s | sps  1759] ret_mean=89.000 ep_len=500.0 pi_loss=-0.007 v_loss=6.859 ent=1.851 kl=0.0053
[upd  311 | steps  159232 | t   90.4s | sps  1762] ret_mean=168.000 ep_len=500.0 pi_loss=-0.005 v_loss=8.158 ent=1.450 kl=0.0026
[upd  312 | steps  159744 | t   90.5s | sps  1765] ret_mean=93.500 ep_len=500.0 pi_loss=-0.011 v_loss=2.491 ent=2.417 kl=-0.0007
[upd  313 | steps  160256 | t   90.7s | sps  1768] ret_mean=53.500 ep_len=500.0 pi_loss=-0.012 v_loss=1.191 ent=2.938 kl=0.0033
[upd  314 | steps  160768 | t   90.8s | sps  1770] ret_mean=136.500 ep_len=500.0 pi_loss=-0.012 v_loss=6.601 ent=1.700 kl=0.0123
[upd  315 | steps  161280 | t   91.0s | sps  1773] ret_mean=18.500 ep_len=500.0 pi_loss=-0.016 v_loss=1.526 ent=2.817 kl=0.0074
[upd  316 | steps  161792 | t   91.1s | sps  1775] ret_mean=114.000 ep_len=500.0 pi_loss=-0.007 v_loss=2.418 ent=1.990 kl=0.0075
[upd  317 | steps  162304 | t   91.3s | sps  1777] ret_mean=83.000 ep_len=500.0 pi_loss=-0.015 v_loss=3.147 ent=1.724 kl=0.0123
[upd  318 | steps  162816 | t   91.5s | sps  1780] ret_mean=5.500 ep_len=500.0 pi_loss=-0.011 v_loss=5.187 ent=2.559 kl=0.0080
[upd  319 | steps  163328 | t   91.6s | sps  1782] ret_mean=182.500 ep_len=500.0 pi_loss=-0.005 v_loss=5.365 ent=1.552 kl=0.0031
[upd  320 | steps  163840 | t   91.8s | sps  1785] ret_mean=125.000 ep_len=500.0 pi_loss=-0.010 v_loss=6.325 ent=1.238 kl=0.0058
[upd  321 | steps  164352 | t   91.9s | sps  1788] ret_mean=134.000 ep_len=500.0 pi_loss=-0.011 v_loss=2.534 ent=1.853 kl=0.0104
[upd  322 | steps  164864 | t   92.1s | sps  1790] ret_mean=0.000 ep_len=500.0 pi_loss=-0.012 v_loss=2.178 ent=2.352 kl=0.0071
[upd  323 | steps  165376 | t   92.2s | sps  1793] ret_mean=86.500 ep_len=500.0 pi_loss=-0.007 v_loss=2.644 ent=1.878 kl=0.0071
[upd  324 | steps  165888 | t   92.4s | sps  1795] ret_mean=87.500 ep_len=500.0 pi_loss=-0.007 v_loss=3.434 ent=1.797 kl=-0.0009
[upd  325 | steps  166400 | t   92.6s | sps  1798] ret_mean=83.000 ep_len=500.0 pi_loss=-0.005 v_loss=2.359 ent=2.162 kl=0.0006
        [eval] ret_mean=8.867 ep_len=500.0
[upd  326 | steps  166912 | t   96.3s | sps  1733] ret_mean=153.000 ep_len=500.0 pi_loss=-0.008 v_loss=6.911 ent=1.132 kl=0.0146
[upd  327 | steps  167424 | t   96.5s | sps  1735] ret_mean=97.000 ep_len=500.0 pi_loss=-0.008 v_loss=2.746 ent=1.742 kl=0.0092
[upd  328 | steps  167936 | t   96.6s | sps  1738] ret_mean=109.500 ep_len=500.0 pi_loss=-0.016 v_loss=3.757 ent=1.470 kl=0.0061
[upd  329 | steps  168448 | t   96.8s | sps  1741] ret_mean=183.000 ep_len=500.0 pi_loss=-0.004 v_loss=8.942 ent=1.020 kl=0.0016
[upd  330 | steps  168960 | t   96.9s | sps  1743] ret_mean=169.500 ep_len=500.0 pi_loss=-0.010 v_loss=7.297 ent=1.121 kl=0.0057
[upd  331 | steps  169472 | t   97.1s | sps  1746] ret_mean=151.000 ep_len=500.0 pi_loss=-0.009 v_loss=7.043 ent=1.031 kl=0.0007
[upd  332 | steps  169984 | t   97.2s | sps  1749] ret_mean=154.000 ep_len=500.0 pi_loss=-0.011 v_loss=5.822 ent=1.010 kl=0.0074
[upd  333 | steps  170496 | t   97.4s | sps  1751] ret_mean=0.000 ep_len=500.0 pi_loss=-0.018 v_loss=0.673 ent=2.838 kl=0.0171
[upd  334 | steps  171008 | t   97.5s | sps  1754] ret_mean=104.500 ep_len=500.0 pi_loss=-0.007 v_loss=4.644 ent=1.142 kl=0.0053
[upd  335 | steps  171520 | t   97.7s | sps  1756] ret_mean=116.500 ep_len=500.0 pi_loss=-0.007 v_loss=2.507 ent=1.491 kl=0.0209
[upd  336 | steps  172032 | t   97.8s | sps  1759] ret_mean=83.500 ep_len=500.0 pi_loss=-0.007 v_loss=2.963 ent=1.417 kl=0.0067
[upd  337 | steps  172544 | t   98.0s | sps  1761] ret_mean=28.000 ep_len=500.0 pi_loss=-0.009 v_loss=1.878 ent=2.415 kl=0.0074
[upd  338 | steps  173056 | t   98.1s | sps  1764] ret_mean=121.500 ep_len=500.0 pi_loss=-0.007 v_loss=2.612 ent=1.414 kl=0.0041
[upd  339 | steps  173568 | t   98.3s | sps  1766] ret_mean=123.000 ep_len=500.0 pi_loss=-0.009 v_loss=6.052 ent=1.113 kl=0.0030
[upd  340 | steps  174080 | t   98.4s | sps  1769] ret_mean=165.000 ep_len=500.0 pi_loss=-0.005 v_loss=5.642 ent=1.060 kl=0.0007
[upd  341 | steps  174592 | t   98.6s | sps  1772] ret_mean=149.000 ep_len=500.0 pi_loss=-0.011 v_loss=5.825 ent=1.405 kl=0.0144
[upd  342 | steps  175104 | t   98.7s | sps  1774] ret_mean=139.500 ep_len=500.0 pi_loss=-0.012 v_loss=2.054 ent=2.017 kl=0.0150
[upd  343 | steps  175616 | t   98.9s | sps  1776] ret_mean=0.000 ep_len=500.0 pi_loss=-0.012 v_loss=1.107 ent=2.708 kl=0.0045
[upd  344 | steps  176128 | t   99.0s | sps  1779] ret_mean=62.500 ep_len=500.0 pi_loss=-0.008 v_loss=2.105 ent=2.345 kl=0.0044
[upd  345 | steps  176640 | t   99.2s | sps  1781] ret_mean=123.000 ep_len=500.0 pi_loss=-0.011 v_loss=2.399 ent=1.737 kl=0.0050
[upd  346 | steps  177152 | t   99.3s | sps  1783] ret_mean=51.000 ep_len=500.0 pi_loss=-0.006 v_loss=1.109 ent=2.799 kl=0.0076
[upd  347 | steps  177664 | t   99.5s | sps  1786] ret_mean=23.500 ep_len=500.0 pi_loss=-0.017 v_loss=6.769 ent=2.071 kl=0.0073
[upd  348 | steps  178176 | t   99.6s | sps  1788] ret_mean=153.000 ep_len=500.0 pi_loss=-0.013 v_loss=3.243 ent=2.400 kl=0.0039
[upd  349 | steps  178688 | t   99.8s | sps  1791] ret_mean=58.000 ep_len=500.0 pi_loss=-0.009 v_loss=3.471 ent=2.212 kl=0.0008
[upd  350 | steps  179200 | t  100.0s | sps  1793] ret_mean=76.500 ep_len=500.0 pi_loss=-0.012 v_loss=2.687 ent=2.815 kl=0.0063
        [eval] ret_mean=31.867 ep_len=500.0
[upd  351 | steps  179712 | t  103.7s | sps  1733] ret_mean=192.500 ep_len=500.0 pi_loss=-0.006 v_loss=9.381 ent=1.457 kl=0.0004
[upd  352 | steps  180224 | t  103.8s | sps  1736] ret_mean=1.000 ep_len=500.0 pi_loss=-0.012 v_loss=2.128 ent=2.828 kl=0.0017
[upd  353 | steps  180736 | t  104.0s | sps  1738] ret_mean=68.000 ep_len=500.0 pi_loss=-0.008 v_loss=1.821 ent=2.647 kl=0.0101
[upd  354 | steps  181248 | t  104.1s | sps  1741] ret_mean=44.000 ep_len=500.0 pi_loss=-0.013 v_loss=1.757 ent=2.843 kl=0.0132
[upd  355 | steps  181760 | t  104.3s | sps  1743] ret_mean=141.500 ep_len=500.0 pi_loss=-0.006 v_loss=6.835 ent=1.588 kl=0.0052
[upd  356 | steps  182272 | t  104.4s | sps  1745] ret_mean=96.500 ep_len=500.0 pi_loss=-0.013 v_loss=2.987 ent=1.615 kl=0.0134
[upd  357 | steps  182784 | t  104.6s | sps  1748] ret_mean=124.500 ep_len=500.0 pi_loss=-0.010 v_loss=1.821 ent=1.842 kl=0.0139
[upd  358 | steps  183296 | t  104.7s | sps  1750] ret_mean=85.500 ep_len=500.0 pi_loss=-0.015 v_loss=2.843 ent=1.813 kl=0.0082
[upd  359 | steps  183808 | t  104.9s | sps  1753] ret_mean=0.000 ep_len=500.0 pi_loss=-0.008 v_loss=1.489 ent=2.708 kl=0.0034
[upd  360 | steps  184320 | t  105.0s | sps  1755] ret_mean=153.500 ep_len=500.0 pi_loss=-0.008 v_loss=6.249 ent=1.386 kl=0.0104
[upd  361 | steps  184832 | t  105.2s | sps  1757] ret_mean=110.500 ep_len=500.0 pi_loss=-0.012 v_loss=2.514 ent=1.709 kl=0.0071
[upd  362 | steps  185344 | t  105.3s | sps  1760] ret_mean=43.000 ep_len=500.0 pi_loss=-0.014 v_loss=3.535 ent=2.559 kl=0.0044
[upd  363 | steps  185856 | t  105.5s | sps  1762] ret_mean=147.000 ep_len=500.0 pi_loss=-0.007 v_loss=4.075 ent=1.409 kl=0.0093
[upd  364 | steps  186368 | t  105.6s | sps  1765] ret_mean=102.000 ep_len=500.0 pi_loss=-0.012 v_loss=2.801 ent=1.581 kl=0.0202
[upd  365 | steps  186880 | t  105.8s | sps  1767] ret_mean=21.000 ep_len=500.0 pi_loss=-0.007 v_loss=2.472 ent=2.870 kl=0.0035
[upd  366 | steps  187392 | t  105.9s | sps  1769] ret_mean=16.500 ep_len=500.0 pi_loss=-0.014 v_loss=1.468 ent=2.648 kl=0.0060
[upd  367 | steps  187904 | t  106.1s | sps  1772] ret_mean=81.500 ep_len=500.0 pi_loss=-0.011 v_loss=3.597 ent=2.447 kl=0.0077
[upd  368 | steps  188416 | t  106.2s | sps  1774] ret_mean=54.500 ep_len=500.0 pi_loss=-0.011 v_loss=2.591 ent=2.311 kl=0.0009
[upd  369 | steps  188928 | t  106.4s | sps  1776] ret_mean=54.000 ep_len=500.0 pi_loss=-0.014 v_loss=1.268 ent=2.581 kl=0.0075
[upd  370 | steps  189440 | t  106.5s | sps  1779] ret_mean=111.000 ep_len=500.0 pi_loss=-0.013 v_loss=2.557 ent=1.889 kl=0.0089
[upd  371 | steps  189952 | t  106.6s | sps  1781] ret_mean=129.000 ep_len=500.0 pi_loss=-0.011 v_loss=7.253 ent=1.471 kl=0.0049
[upd  372 | steps  190464 | t  106.8s | sps  1783] ret_mean=177.500 ep_len=500.0 pi_loss=-0.010 v_loss=3.389 ent=1.914 kl=0.0119
[upd  373 | steps  190976 | t  107.0s | sps  1786] ret_mean=74.000 ep_len=500.0 pi_loss=-0.009 v_loss=1.985 ent=1.869 kl=0.0035
[upd  374 | steps  191488 | t  107.1s | sps  1788] ret_mean=116.500 ep_len=500.0 pi_loss=-0.012 v_loss=2.596 ent=2.206 kl=0.0117
[upd  375 | steps  192000 | t  107.3s | sps  1790] ret_mean=59.000 ep_len=500.0 pi_loss=-0.006 v_loss=8.630 ent=1.720 kl=0.0027
        [eval] ret_mean=20.100 ep_len=500.0
[upd  376 | steps  192512 | t  111.1s | sps  1733] ret_mean=42.500 ep_len=500.0 pi_loss=-0.012 v_loss=2.470 ent=2.746 kl=0.0075
[upd  377 | steps  193024 | t  111.2s | sps  1735] ret_mean=153.500 ep_len=500.0 pi_loss=-0.014 v_loss=6.667 ent=1.603 kl=0.0105
[upd  378 | steps  193536 | t  111.4s | sps  1738] ret_mean=121.000 ep_len=500.0 pi_loss=-0.007 v_loss=1.878 ent=1.714 kl=0.0084
[upd  379 | steps  194048 | t  111.5s | sps  1740] ret_mean=122.000 ep_len=500.0 pi_loss=-0.012 v_loss=1.992 ent=1.805 kl=0.0093
[upd  380 | steps  194560 | t  111.7s | sps  1742] ret_mean=121.500 ep_len=500.0 pi_loss=-0.007 v_loss=2.200 ent=1.799 kl=0.0111
[upd  381 | steps  195072 | t  111.8s | sps  1744] ret_mean=124.000 ep_len=500.0 pi_loss=-0.009 v_loss=2.278 ent=1.834 kl=0.0009
[upd  382 | steps  195584 | t  112.0s | sps  1747] ret_mean=175.000 ep_len=500.0 pi_loss=-0.008 v_loss=4.738 ent=1.528 kl=0.0075
[upd  383 | steps  196096 | t  112.1s | sps  1749] ret_mean=37.500 ep_len=500.0 pi_loss=-0.012 v_loss=4.198 ent=2.425 kl=-0.0025
[upd  384 | steps  196608 | t  112.3s | sps  1751] ret_mean=186.000 ep_len=500.0 pi_loss=-0.009 v_loss=5.209 ent=1.561 kl=0.0223
[upd  385 | steps  197120 | t  112.4s | sps  1753] ret_mean=0.000 ep_len=500.0 pi_loss=-0.015 v_loss=3.375 ent=2.755 kl=0.0234
[upd  386 | steps  197632 | t  112.6s | sps  1756] ret_mean=203.500 ep_len=500.0 pi_loss=-0.007 v_loss=5.289 ent=1.690 kl=0.0122
[upd  387 | steps  198144 | t  112.7s | sps  1758] ret_mean=106.500 ep_len=500.0 pi_loss=-0.007 v_loss=3.550 ent=1.866 kl=0.0074
[upd  388 | steps  198656 | t  112.9s | sps  1760] ret_mean=116.500 ep_len=500.0 pi_loss=-0.014 v_loss=4.429 ent=1.909 kl=0.0105
[upd  389 | steps  199168 | t  113.0s | sps  1762] ret_mean=157.500 ep_len=500.0 pi_loss=-0.009 v_loss=4.995 ent=1.587 kl=0.0016
[upd  390 | steps  199680 | t  113.2s | sps  1765] ret_mean=112.000 ep_len=500.0 pi_loss=-0.015 v_loss=3.534 ent=1.843 kl=0.0082
[upd  391 | steps  200192 | t  113.3s | sps  1767] ret_mean=157.500 ep_len=500.0 pi_loss=-0.011 v_loss=3.337 ent=1.643 kl=0.0047
[upd  392 | steps  200704 | t  113.5s | sps  1768] ret_mean=124.500 ep_len=500.0 pi_loss=-0.011 v_loss=3.876 ent=1.795 kl=0.0077
[upd  393 | steps  201216 | t  113.6s | sps  1771] ret_mean=121.500 ep_len=500.0 pi_loss=-0.012 v_loss=3.719 ent=1.805 kl=0.0213
[upd  394 | steps  201728 | t  113.8s | sps  1773] ret_mean=69.500 ep_len=500.0 pi_loss=-0.012 v_loss=6.101 ent=1.976 kl=0.0138
[upd  395 | steps  202240 | t  113.9s | sps  1775] ret_mean=204.500 ep_len=500.0 pi_loss=-0.009 v_loss=4.491 ent=1.905 kl=0.0140
[upd  396 | steps  202752 | t  114.1s | sps  1777] ret_mean=88.000 ep_len=500.0 pi_loss=-0.008 v_loss=2.677 ent=1.814 kl=0.0078
[upd  397 | steps  203264 | t  114.3s | sps  1779] ret_mean=95.500 ep_len=500.0 pi_loss=-0.010 v_loss=2.164 ent=1.806 kl=-0.0000
[upd  398 | steps  203776 | t  114.4s | sps  1781] ret_mean=117.000 ep_len=500.0 pi_loss=-0.008 v_loss=2.261 ent=1.928 kl=0.0055
[upd  399 | steps  204288 | t  114.6s | sps  1783] ret_mean=63.000 ep_len=500.0 pi_loss=-0.011 v_loss=3.633 ent=2.238 kl=0.0062
[upd  400 | steps  204800 | t  114.7s | sps  1785] ret_mean=90.000 ep_len=500.0 pi_loss=-0.006 v_loss=1.609 ent=1.975 kl=0.0053
        [eval] ret_mean=19.867 ep_len=500.0
