$ /Users/praneelkhiantani/Downloads/cs2860/.venv/bin/python3 -m policies.train --env rware-small-2ag-easy-v2 --seed 0 --updates 200 --rollout 512 --eval-every 50 --eval-episodes 10 --log-dir matrix_results/intent_grounded_v1_pilot/rware-small-2ag-easy-v2 --run-name mappo-no-comm__baseline__d0__s0 --n-msg-tokens 8 --no-comm --shape-rewards --pickup-bonus 0.5

[env] EnvSpec(env_id='rware-small-2ag-easy-v2', n_agents=2, obs_dim=71, n_env_actions=5, noop_action=0, family='rware')  (n_msg_tokens=1)
[cfg] {'clip_range': 0.2, 'value_clip_range': 0.2, 'entropy_coef': 0.01, 'value_coef': 0.5, 'max_grad_norm': 0.5, 'gamma': 0.99, 'gae_lambda': 0.95, 'lr_actor': 0.0003, 'lr_critic': 0.001, 'update_epochs': 4, 'minibatches': 4, 'hidden': 128, 'depth': 2, 'device': 'cpu', 'message_grounding_coef': 0.0, 'extra': {}}
[log] writing to matrix_results/intent_grounded_v1_pilot/rware-small-2ag-easy-v2/mappo-no-comm__baseline__d0__s0
[upd    1 | steps     512 | t    3.0s | sps   169] ret_mean=0.000 ep_len=500.0 pi_loss=-0.004 v_loss=0.048 ent=1.607 msg_acc=0.000 kl=0.0019
[upd    2 | steps    1024 | t    4.9s | sps   209] ret_mean=0.000 ep_len=500.0 pi_loss=-0.005 v_loss=0.008 ent=1.607 msg_acc=0.000 kl=0.0010
[upd    3 | steps    1536 | t    6.0s | sps   258] ret_mean=0.000 ep_len=500.0 pi_loss=-0.003 v_loss=0.011 ent=1.601 msg_acc=0.000 kl=0.0029
[upd    4 | steps    2048 | t    7.0s | sps   294] ret_mean=0.000 ep_len=500.0 pi_loss=-0.003 v_loss=0.003 ent=1.594 msg_acc=0.000 kl=0.0027
[upd    5 | steps    2560 | t    7.8s | sps   328] ret_mean=0.000 ep_len=500.0 pi_loss=-0.011 v_loss=0.003 ent=1.590 msg_acc=0.000 kl=0.0057
[upd    6 | steps    3072 | t    8.6s | sps   355] ret_mean=0.000 ep_len=500.0 pi_loss=-0.009 v_loss=0.002 ent=1.551 msg_acc=0.000 kl=0.0092
[upd    7 | steps    3584 | t    9.4s | sps   383] ret_mean=0.000 ep_len=500.0 pi_loss=-0.006 v_loss=0.002 ent=1.589 msg_acc=0.000 kl=0.0009
[upd    8 | steps    4096 | t   10.0s | sps   410] ret_mean=0.000 ep_len=500.0 pi_loss=-0.007 v_loss=0.002 ent=1.562 msg_acc=0.000 kl=0.0078
[upd    9 | steps    4608 | t   10.6s | sps   435] ret_mean=0.000 ep_len=500.0 pi_loss=-0.003 v_loss=0.007 ent=1.575 msg_acc=0.000 kl=0.0023
[upd   10 | steps    5120 | t   11.4s | sps   450] ret_mean=1.000 ep_len=500.0 pi_loss=-0.008 v_loss=0.001 ent=1.587 msg_acc=0.000 kl=0.0019
[upd   11 | steps    5632 | t   12.0s | sps   469] ret_mean=0.000 ep_len=500.0 pi_loss=-0.004 v_loss=0.002 ent=1.584 msg_acc=0.000 kl=0.0055
[upd   12 | steps    6144 | t   12.9s | sps   478] ret_mean=0.000 ep_len=500.0 pi_loss=-0.008 v_loss=0.001 ent=1.560 msg_acc=0.000 kl=-0.0015
[upd   13 | steps    6656 | t   13.9s | sps   479] ret_mean=0.000 ep_len=500.0 pi_loss=-0.006 v_loss=0.001 ent=1.544 msg_acc=0.000 kl=0.0029
[upd   14 | steps    7168 | t   14.6s | sps   490] ret_mean=0.000 ep_len=500.0 pi_loss=-0.003 v_loss=0.001 ent=1.523 msg_acc=0.000 kl=0.0081
[upd   15 | steps    7680 | t   15.4s | sps   498] ret_mean=0.000 ep_len=500.0 pi_loss=-0.005 v_loss=0.001 ent=1.507 msg_acc=0.000 kl=-0.0016
[upd   16 | steps    8192 | t   16.2s | sps   507] ret_mean=0.000 ep_len=500.0 pi_loss=-0.003 v_loss=0.001 ent=1.550 msg_acc=0.000 kl=0.0035
[upd   17 | steps    8704 | t   16.8s | sps   517] ret_mean=0.000 ep_len=500.0 pi_loss=-0.007 v_loss=0.001 ent=1.558 msg_acc=0.000 kl=0.0082
[upd   18 | steps    9216 | t   17.9s | sps   514] ret_mean=0.000 ep_len=500.0 pi_loss=-0.006 v_loss=0.001 ent=1.572 msg_acc=0.000 kl=0.0040
[upd   19 | steps    9728 | t   18.9s | sps   515] ret_mean=0.000 ep_len=500.0 pi_loss=-0.003 v_loss=0.004 ent=1.577 msg_acc=0.000 kl=0.0015
[upd   20 | steps   10240 | t   21.0s | sps   487] ret_mean=1.000 ep_len=500.0 pi_loss=-0.003 v_loss=0.008 ent=1.545 msg_acc=0.000 kl=0.0046
[upd   21 | steps   10752 | t   23.8s | sps   451] ret_mean=1.500 ep_len=500.0 pi_loss=-0.010 v_loss=0.001 ent=1.558 msg_acc=0.000 kl=0.0055
[upd   22 | steps   11264 | t   26.6s | sps   423] ret_mean=0.000 ep_len=500.0 pi_loss=-0.005 v_loss=0.001 ent=1.477 msg_acc=0.000 kl=0.0005
[upd   23 | steps   11776 | t   28.6s | sps   411] ret_mean=0.000 ep_len=500.0 pi_loss=-0.004 v_loss=0.001 ent=1.375 msg_acc=0.000 kl=0.0070
[upd   24 | steps   12288 | t   29.8s | sps   412] ret_mean=0.000 ep_len=500.0 pi_loss=-0.004 v_loss=0.001 ent=1.454 msg_acc=0.000 kl=0.0001
[upd   25 | steps   12800 | t   30.6s | sps   418] ret_mean=0.000 ep_len=500.0 pi_loss=-0.008 v_loss=0.014 ent=1.536 msg_acc=0.000 kl=0.0109
[upd   26 | steps   13312 | t   31.5s | sps   423] ret_mean=1.500 ep_len=500.0 pi_loss=-0.008 v_loss=0.045 ent=1.397 msg_acc=0.000 kl=-0.0040
[upd   27 | steps   13824 | t   32.4s | sps   427] ret_mean=3.500 ep_len=500.0 pi_loss=-0.006 v_loss=0.001 ent=1.362 msg_acc=0.000 kl=0.0002
[upd   28 | steps   14336 | t   33.4s | sps   429] ret_mean=0.000 ep_len=500.0 pi_loss=-0.005 v_loss=0.001 ent=1.326 msg_acc=0.000 kl=0.0003
[upd   29 | steps   14848 | t   34.3s | sps   433] ret_mean=0.000 ep_len=500.0 pi_loss=-0.007 v_loss=0.001 ent=1.350 msg_acc=0.000 kl=0.0094
[upd   30 | steps   15360 | t   35.0s | sps   438] ret_mean=0.000 ep_len=500.0 pi_loss=-0.006 v_loss=0.001 ent=1.256 msg_acc=0.000 kl=0.0073
[upd   31 | steps   15872 | t   35.7s | sps   444] ret_mean=0.000 ep_len=500.0 pi_loss=-0.006 v_loss=0.000 ent=1.209 msg_acc=0.000 kl=0.0020
[upd   32 | steps   16384 | t   37.1s | sps   441] ret_mean=0.000 ep_len=500.0 pi_loss=-0.007 v_loss=0.001 ent=1.150 msg_acc=0.000 kl=0.0095
[upd   33 | steps   16896 | t   38.5s | sps   439] ret_mean=0.000 ep_len=500.0 pi_loss=-0.004 v_loss=0.000 ent=1.059 msg_acc=0.000 kl=0.0035
[upd   34 | steps   17408 | t   39.5s | sps   441] ret_mean=0.000 ep_len=500.0 pi_loss=-0.003 v_loss=0.000 ent=1.122 msg_acc=0.000 kl=0.0001
[upd   35 | steps   17920 | t   40.4s | sps   443] ret_mean=0.000 ep_len=500.0 pi_loss=-0.007 v_loss=0.001 ent=1.219 msg_acc=0.000 kl=0.0055
[upd   36 | steps   18432 | t   41.3s | sps   447] ret_mean=0.000 ep_len=500.0 pi_loss=0.001 v_loss=0.117 ent=1.131 msg_acc=0.000 kl=0.0115
[upd   37 | steps   18944 | t   42.1s | sps   450] ret_mean=5.000 ep_len=500.0 pi_loss=-0.005 v_loss=0.001 ent=1.408 msg_acc=0.000 kl=0.0050
[upd   38 | steps   19456 | t   43.2s | sps   450] ret_mean=0.000 ep_len=500.0 pi_loss=-0.002 v_loss=0.001 ent=1.418 msg_acc=0.000 kl=-0.0019
[upd   39 | steps   19968 | t   44.2s | sps   452] ret_mean=0.000 ep_len=500.0 pi_loss=-0.004 v_loss=0.004 ent=1.346 msg_acc=0.000 kl=0.0046
[upd   40 | steps   20480 | t   45.1s | sps   454] ret_mean=1.000 ep_len=500.0 pi_loss=-0.007 v_loss=0.000 ent=1.283 msg_acc=0.000 kl=0.0093
[upd   41 | steps   20992 | t   45.9s | sps   457] ret_mean=0.000 ep_len=500.0 pi_loss=-0.009 v_loss=0.000 ent=1.086 msg_acc=0.000 kl=0.0097
[upd   42 | steps   21504 | t   46.8s | sps   459] ret_mean=0.000 ep_len=500.0 pi_loss=-0.009 v_loss=0.001 ent=1.209 msg_acc=0.000 kl=0.0137
[upd   43 | steps   22016 | t   47.8s | sps   460] ret_mean=1.500 ep_len=500.0 pi_loss=-0.002 v_loss=0.012 ent=1.075 msg_acc=0.000 kl=0.0013
[upd   44 | steps   22528 | t   48.8s | sps   462] ret_mean=0.000 ep_len=500.0 pi_loss=-0.003 v_loss=0.001 ent=1.161 msg_acc=0.000 kl=0.0066
[upd   45 | steps   23040 | t   49.9s | sps   462] ret_mean=0.000 ep_len=500.0 pi_loss=-0.004 v_loss=0.154 ent=1.299 msg_acc=0.000 kl=-0.0004
[upd   46 | steps   23552 | t   50.8s | sps   464] ret_mean=18.000 ep_len=500.0 pi_loss=-0.009 v_loss=0.306 ent=1.263 msg_acc=0.000 kl=0.0078
[upd   47 | steps   24064 | t   51.9s | sps   464] ret_mean=0.000 ep_len=500.0 pi_loss=-0.006 v_loss=0.002 ent=0.906 msg_acc=0.000 kl=0.0188
[upd   48 | steps   24576 | t   52.7s | sps   467] ret_mean=8.000 ep_len=500.0 pi_loss=-0.003 v_loss=0.245 ent=1.060 msg_acc=0.000 kl=0.0052
[upd   49 | steps   25088 | t   53.4s | sps   470] ret_mean=3.000 ep_len=500.0 pi_loss=-0.007 v_loss=0.028 ent=1.250 msg_acc=0.000 kl=-0.0009
[upd   50 | steps   25600 | t   54.3s | sps   472] ret_mean=9.500 ep_len=500.0 pi_loss=-0.002 v_loss=0.317 ent=0.969 msg_acc=0.000 kl=0.0050
        [eval] ret_mean=0.000 ep_len=500.0
[upd   51 | steps   26112 | t   63.0s | sps   414] ret_mean=0.000 ep_len=500.0 pi_loss=-0.007 v_loss=0.002 ent=1.078 msg_acc=0.000 kl=0.0078
[upd   52 | steps   26624 | t   63.9s | sps   417] ret_mean=0.000 ep_len=500.0 pi_loss=-0.002 v_loss=0.002 ent=1.044 msg_acc=0.000 kl=0.0007
[upd   53 | steps   27136 | t   64.9s | sps   418] ret_mean=0.000 ep_len=500.0 pi_loss=-0.005 v_loss=0.001 ent=1.079 msg_acc=0.000 kl=0.0050
[upd   54 | steps   27648 | t   65.7s | sps   421] ret_mean=0.000 ep_len=500.0 pi_loss=-0.006 v_loss=0.001 ent=0.937 msg_acc=0.000 kl=0.0044
[upd   55 | steps   28160 | t   66.4s | sps   424] ret_mean=0.000 ep_len=500.0 pi_loss=-0.007 v_loss=0.001 ent=1.138 msg_acc=0.000 kl=-0.0011
[upd   56 | steps   28672 | t   68.3s | sps   420] ret_mean=5.500 ep_len=500.0 pi_loss=-0.004 v_loss=0.066 ent=0.950 msg_acc=0.000 kl=0.0102
[upd   57 | steps   29184 | t   70.0s | sps   417] ret_mean=0.000 ep_len=500.0 pi_loss=-0.009 v_loss=0.001 ent=0.971 msg_acc=0.000 kl=0.0152
[upd   58 | steps   29696 | t   71.0s | sps   418] ret_mean=0.000 ep_len=500.0 pi_loss=-0.006 v_loss=0.002 ent=0.801 msg_acc=0.000 kl=0.0031
[upd   59 | steps   30208 | t   71.9s | sps   420] ret_mean=0.000 ep_len=500.0 pi_loss=-0.001 v_loss=0.001 ent=0.868 msg_acc=0.000 kl=0.0080
[upd   60 | steps   30720 | t   72.6s | sps   423] ret_mean=0.500 ep_len=500.0 pi_loss=-0.003 v_loss=0.002 ent=1.115 msg_acc=0.000 kl=0.0029
[upd   61 | steps   31232 | t   73.5s | sps   425] ret_mean=0.000 ep_len=500.0 pi_loss=-0.008 v_loss=0.001 ent=1.179 msg_acc=0.000 kl=0.0007
[upd   62 | steps   31744 | t   74.4s | sps   427] ret_mean=0.000 ep_len=500.0 pi_loss=-0.005 v_loss=0.001 ent=1.225 msg_acc=0.000 kl=0.0027
[upd   63 | steps   32256 | t   75.1s | sps   430] ret_mean=0.000 ep_len=500.0 pi_loss=-0.005 v_loss=0.000 ent=0.800 msg_acc=0.000 kl=0.0055
[upd   64 | steps   32768 | t   75.7s | sps   433] ret_mean=0.000 ep_len=500.0 pi_loss=-0.008 v_loss=0.000 ent=1.061 msg_acc=0.000 kl=0.0135
[upd   65 | steps   33280 | t   76.3s | sps   436] ret_mean=0.000 ep_len=500.0 pi_loss=-0.003 v_loss=0.695 ent=1.075 msg_acc=0.000 kl=0.0026
[upd   66 | steps   33792 | t   77.0s | sps   439] ret_mean=41.500 ep_len=500.0 pi_loss=-0.003 v_loss=1.017 ent=0.788 msg_acc=0.000 kl=-0.0006
[upd   67 | steps   34304 | t   77.6s | sps   442] ret_mean=0.000 ep_len=500.0 pi_loss=-0.008 v_loss=0.001 ent=0.738 msg_acc=0.000 kl=0.0059
[upd   68 | steps   34816 | t   78.5s | sps   444] ret_mean=0.000 ep_len=500.0 pi_loss=-0.006 v_loss=0.001 ent=1.091 msg_acc=0.000 kl=0.0045
[upd   69 | steps   35328 | t   79.1s | sps   446] ret_mean=0.000 ep_len=500.0 pi_loss=-0.004 v_loss=0.001 ent=1.104 msg_acc=0.000 kl=-0.0001
[upd   70 | steps   35840 | t   79.8s | sps   449] ret_mean=0.000 ep_len=500.0 pi_loss=-0.003 v_loss=0.001 ent=1.316 msg_acc=0.000 kl=0.0080
[upd   71 | steps   36352 | t   80.5s | sps   452] ret_mean=0.000 ep_len=500.0 pi_loss=-0.008 v_loss=0.000 ent=1.225 msg_acc=0.000 kl=0.0056
[upd   72 | steps   36864 | t   81.1s | sps   455] ret_mean=0.000 ep_len=500.0 pi_loss=-0.008 v_loss=0.000 ent=0.995 msg_acc=0.000 kl=0.0074
[upd   73 | steps   37376 | t   81.7s | sps   457] ret_mean=0.000 ep_len=500.0 pi_loss=-0.004 v_loss=0.000 ent=1.004 msg_acc=0.000 kl=-0.0039
[upd   74 | steps   37888 | t   82.4s | sps   460] ret_mean=0.000 ep_len=500.0 pi_loss=-0.004 v_loss=0.000 ent=1.025 msg_acc=0.000 kl=0.0027
[upd   75 | steps   38400 | t   83.0s | sps   462] ret_mean=0.000 ep_len=500.0 pi_loss=-0.006 v_loss=0.000 ent=0.768 msg_acc=0.000 kl=0.0101
[upd   76 | steps   38912 | t   83.7s | sps   465] ret_mean=3.500 ep_len=500.0 pi_loss=-0.004 v_loss=0.328 ent=1.077 msg_acc=0.000 kl=0.0064
[upd   77 | steps   39424 | t   84.3s | sps   467] ret_mean=9.000 ep_len=500.0 pi_loss=-0.003 v_loss=0.001 ent=1.279 msg_acc=0.000 kl=0.0037
[upd   78 | steps   39936 | t   85.0s | sps   470] ret_mean=0.000 ep_len=500.0 pi_loss=-0.001 v_loss=0.002 ent=0.971 msg_acc=0.000 kl=-0.0013
[upd   79 | steps   40448 | t   85.6s | sps   473] ret_mean=0.000 ep_len=500.0 pi_loss=-0.005 v_loss=0.001 ent=0.961 msg_acc=0.000 kl=0.0062
[upd   80 | steps   40960 | t   86.2s | sps   475] ret_mean=0.000 ep_len=500.0 pi_loss=-0.001 v_loss=0.003 ent=1.116 msg_acc=0.000 kl=0.0085
[upd   81 | steps   41472 | t   86.9s | sps   477] ret_mean=0.000 ep_len=500.0 pi_loss=-0.001 v_loss=0.001 ent=1.177 msg_acc=0.000 kl=0.0041
[upd   82 | steps   41984 | t   87.9s | sps   478] ret_mean=0.000 ep_len=500.0 pi_loss=-0.005 v_loss=0.000 ent=1.163 msg_acc=0.000 kl=0.0006
[upd   83 | steps   42496 | t   88.5s | sps   480] ret_mean=0.000 ep_len=500.0 pi_loss=-0.007 v_loss=0.001 ent=1.208 msg_acc=0.000 kl=0.0044
[upd   84 | steps   43008 | t   89.2s | sps   482] ret_mean=0.000 ep_len=500.0 pi_loss=-0.007 v_loss=0.000 ent=0.994 msg_acc=0.000 kl=0.0059
[upd   85 | steps   43520 | t   89.9s | sps   484] ret_mean=0.000 ep_len=500.0 pi_loss=-0.005 v_loss=0.000 ent=1.239 msg_acc=0.000 kl=0.0043
[upd   86 | steps   44032 | t   90.6s | sps   486] ret_mean=0.000 ep_len=500.0 pi_loss=-0.007 v_loss=0.000 ent=1.287 msg_acc=0.000 kl=0.0029
[upd   87 | steps   44544 | t   91.2s | sps   488] ret_mean=3.500 ep_len=500.0 pi_loss=-0.015 v_loss=0.051 ent=1.057 msg_acc=0.000 kl=0.0099
[upd   88 | steps   45056 | t   91.9s | sps   490] ret_mean=0.000 ep_len=500.0 pi_loss=-0.003 v_loss=0.001 ent=1.058 msg_acc=0.000 kl=0.0011
[upd   89 | steps   45568 | t   92.5s | sps   492] ret_mean=0.000 ep_len=500.0 pi_loss=-0.008 v_loss=0.185 ent=1.039 msg_acc=0.000 kl=0.0113
[upd   90 | steps   46080 | t   93.1s | sps   495] ret_mean=7.500 ep_len=500.0 pi_loss=-0.003 v_loss=0.001 ent=1.231 msg_acc=0.000 kl=0.0018
[upd   91 | steps   46592 | t   93.9s | sps   496] ret_mean=0.000 ep_len=500.0 pi_loss=-0.005 v_loss=0.000 ent=1.116 msg_acc=0.000 kl=0.0028
[upd   92 | steps   47104 | t   94.6s | sps   498] ret_mean=0.000 ep_len=500.0 pi_loss=-0.007 v_loss=0.001 ent=1.137 msg_acc=0.000 kl=0.0154
[upd   93 | steps   47616 | t   95.3s | sps   499] ret_mean=9.500 ep_len=500.0 pi_loss=-0.005 v_loss=0.287 ent=1.026 msg_acc=0.000 kl=0.0066
[upd   94 | steps   48128 | t   96.1s | sps   501] ret_mean=0.000 ep_len=500.0 pi_loss=-0.005 v_loss=0.001 ent=1.363 msg_acc=0.000 kl=-0.0001
[upd   95 | steps   48640 | t   96.8s | sps   503] ret_mean=0.000 ep_len=500.0 pi_loss=-0.005 v_loss=0.001 ent=1.142 msg_acc=0.000 kl=0.0080
[upd   96 | steps   49152 | t   97.4s | sps   505] ret_mean=0.000 ep_len=500.0 pi_loss=-0.004 v_loss=0.001 ent=1.131 msg_acc=0.000 kl=0.0065
[upd   97 | steps   49664 | t   98.2s | sps   506] ret_mean=0.000 ep_len=500.0 pi_loss=-0.007 v_loss=0.000 ent=1.211 msg_acc=0.000 kl=0.0022
[upd   98 | steps   50176 | t   98.8s | sps   508] ret_mean=14.500 ep_len=500.0 pi_loss=-0.003 v_loss=0.291 ent=1.127 msg_acc=0.000 kl=-0.0008
[upd   99 | steps   50688 | t   99.5s | sps   510] ret_mean=0.000 ep_len=500.0 pi_loss=-0.010 v_loss=0.001 ent=1.188 msg_acc=0.000 kl=0.0058
[upd  100 | steps   51200 | t  100.1s | sps   512] ret_mean=0.000 ep_len=500.0 pi_loss=-0.001 v_loss=0.002 ent=1.074 msg_acc=0.000 kl=0.0024
        [eval] ret_mean=0.000 ep_len=500.0
[upd  101 | steps   51712 | t  105.4s | sps   491] ret_mean=0.000 ep_len=500.0 pi_loss=-0.010 v_loss=0.001 ent=1.174 msg_acc=0.000 kl=0.0097
[upd  102 | steps   52224 | t  106.0s | sps   493] ret_mean=0.000 ep_len=500.0 pi_loss=-0.004 v_loss=0.000 ent=1.058 msg_acc=0.000 kl=0.0019
[upd  103 | steps   52736 | t  106.6s | sps   495] ret_mean=0.000 ep_len=500.0 pi_loss=-0.004 v_loss=0.000 ent=0.950 msg_acc=0.000 kl=0.0058
[upd  104 | steps   53248 | t  107.2s | sps   497] ret_mean=0.000 ep_len=500.0 pi_loss=-0.006 v_loss=0.000 ent=1.100 msg_acc=0.000 kl=0.0137
[upd  105 | steps   53760 | t  107.8s | sps   499] ret_mean=0.000 ep_len=500.0 pi_loss=-0.004 v_loss=0.000 ent=1.045 msg_acc=0.000 kl=0.0073
[upd  106 | steps   54272 | t  108.7s | sps   500] ret_mean=0.000 ep_len=500.0 pi_loss=-0.004 v_loss=0.000 ent=1.005 msg_acc=0.000 kl=0.0011
[upd  107 | steps   54784 | t  109.3s | sps   501] ret_mean=0.000 ep_len=500.0 pi_loss=-0.004 v_loss=0.000 ent=1.039 msg_acc=0.000 kl=0.0095
[upd  108 | steps   55296 | t  110.1s | sps   502] ret_mean=0.000 ep_len=500.0 pi_loss=-0.010 v_loss=0.000 ent=1.122 msg_acc=0.000 kl=0.0083
[upd  109 | steps   55808 | t  110.8s | sps   504] ret_mean=0.000 ep_len=500.0 pi_loss=-0.006 v_loss=0.000 ent=1.127 msg_acc=0.000 kl=0.0173
[upd  110 | steps   56320 | t  111.5s | sps   505] ret_mean=0.000 ep_len=500.0 pi_loss=-0.005 v_loss=0.000 ent=1.179 msg_acc=0.000 kl=0.0054
[upd  111 | steps   56832 | t  112.4s | sps   506] ret_mean=0.000 ep_len=500.0 pi_loss=-0.007 v_loss=0.000 ent=0.955 msg_acc=0.000 kl=0.0091
[upd  112 | steps   57344 | t  113.1s | sps   507] ret_mean=0.000 ep_len=500.0 pi_loss=-0.007 v_loss=0.000 ent=0.849 msg_acc=0.000 kl=0.0097
[upd  113 | steps   57856 | t  113.8s | sps   509] ret_mean=0.000 ep_len=500.0 pi_loss=-0.005 v_loss=0.001 ent=0.773 msg_acc=0.000 kl=0.0050
[upd  114 | steps   58368 | t  114.4s | sps   510] ret_mean=0.000 ep_len=500.0 pi_loss=-0.008 v_loss=0.000 ent=0.958 msg_acc=0.000 kl=0.0148
[upd  115 | steps   58880 | t  115.0s | sps   512] ret_mean=0.000 ep_len=500.0 pi_loss=-0.007 v_loss=0.000 ent=0.974 msg_acc=0.000 kl=0.0074
[upd  116 | steps   59392 | t  115.7s | sps   513] ret_mean=0.000 ep_len=500.0 pi_loss=-0.006 v_loss=0.000 ent=0.920 msg_acc=0.000 kl=0.0073
[upd  117 | steps   59904 | t  116.3s | sps   515] ret_mean=23.000 ep_len=500.0 pi_loss=-0.012 v_loss=2.857 ent=0.700 msg_acc=0.000 kl=0.0101
[upd  118 | steps   60416 | t  116.9s | sps   517] ret_mean=47.000 ep_len=500.0 pi_loss=0.002 v_loss=0.069 ent=0.692 msg_acc=0.000 kl=0.0047
[upd  119 | steps   60928 | t  117.6s | sps   518] ret_mean=40.000 ep_len=500.0 pi_loss=-0.001 v_loss=1.429 ent=0.794 msg_acc=0.000 kl=0.0021
[upd  120 | steps   61440 | t  118.2s | sps   520] ret_mean=0.000 ep_len=500.0 pi_loss=-0.003 v_loss=0.005 ent=0.861 msg_acc=0.000 kl=0.0039
[upd  121 | steps   61952 | t  118.8s | sps   521] ret_mean=9.000 ep_len=500.0 pi_loss=-0.004 v_loss=0.227 ent=0.824 msg_acc=0.000 kl=0.0014
[upd  122 | steps   62464 | t  119.4s | sps   523] ret_mean=0.000 ep_len=500.0 pi_loss=-0.007 v_loss=2.503 ent=0.929 msg_acc=0.000 kl=0.0134
[upd  123 | steps   62976 | t  120.1s | sps   524] ret_mean=51.000 ep_len=500.0 pi_loss=-0.006 v_loss=0.008 ent=0.882 msg_acc=0.000 kl=0.0034
[upd  124 | steps   63488 | t  120.7s | sps   526] ret_mean=0.000 ep_len=500.0 pi_loss=-0.005 v_loss=0.012 ent=0.891 msg_acc=0.000 kl=0.0076
[upd  125 | steps   64000 | t  121.4s | sps   527] ret_mean=0.000 ep_len=500.0 pi_loss=-0.008 v_loss=0.005 ent=1.068 msg_acc=0.000 kl=0.0113
[upd  126 | steps   64512 | t  122.0s | sps   529] ret_mean=0.000 ep_len=500.0 pi_loss=-0.005 v_loss=0.003 ent=0.977 msg_acc=0.000 kl=0.0016
[upd  127 | steps   65024 | t  122.7s | sps   530] ret_mean=0.000 ep_len=500.0 pi_loss=-0.005 v_loss=0.942 ent=0.978 msg_acc=0.000 kl=0.0037
[upd  128 | steps   65536 | t  123.3s | sps   531] ret_mean=16.000 ep_len=500.0 pi_loss=-0.008 v_loss=0.005 ent=1.011 msg_acc=0.000 kl=-0.0030
[upd  129 | steps   66048 | t  124.0s | sps   533] ret_mean=0.000 ep_len=500.0 pi_loss=-0.003 v_loss=0.014 ent=0.799 msg_acc=0.000 kl=0.0029
[upd  130 | steps   66560 | t  124.7s | sps   534] ret_mean=1.500 ep_len=500.0 pi_loss=-0.004 v_loss=0.012 ent=0.850 msg_acc=0.000 kl=0.0062
[upd  131 | steps   67072 | t  125.3s | sps   535] ret_mean=1.500 ep_len=500.0 pi_loss=-0.004 v_loss=0.003 ent=0.887 msg_acc=0.000 kl=-0.0000
[upd  132 | steps   67584 | t  126.0s | sps   537] ret_mean=0.000 ep_len=500.0 pi_loss=-0.005 v_loss=0.002 ent=0.773 msg_acc=0.000 kl=0.0091
[upd  133 | steps   68096 | t  126.6s | sps   538] ret_mean=0.000 ep_len=500.0 pi_loss=-0.003 v_loss=0.002 ent=0.773 msg_acc=0.000 kl=0.0059
[upd  134 | steps   68608 | t  127.2s | sps   539] ret_mean=0.000 ep_len=500.0 pi_loss=-0.006 v_loss=0.003 ent=0.906 msg_acc=0.000 kl=0.0035
[upd  135 | steps   69120 | t  127.9s | sps   540] ret_mean=0.000 ep_len=500.0 pi_loss=-0.007 v_loss=0.001 ent=0.853 msg_acc=0.000 kl=0.0124
[upd  136 | steps   69632 | t  128.6s | sps   541] ret_mean=0.000 ep_len=500.0 pi_loss=-0.004 v_loss=0.001 ent=0.901 msg_acc=0.000 kl=0.0034
[upd  137 | steps   70144 | t  129.3s | sps   543] ret_mean=0.000 ep_len=500.0 pi_loss=-0.003 v_loss=0.001 ent=0.967 msg_acc=0.000 kl=0.0111
[upd  138 | steps   70656 | t  129.9s | sps   544] ret_mean=0.000 ep_len=500.0 pi_loss=-0.007 v_loss=0.547 ent=1.115 msg_acc=0.000 kl=-0.0001
[upd  139 | steps   71168 | t  130.6s | sps   545] ret_mean=20.000 ep_len=500.0 pi_loss=-0.005 v_loss=0.004 ent=0.556 msg_acc=0.000 kl=0.0006
[upd  140 | steps   71680 | t  131.2s | sps   546] ret_mean=0.000 ep_len=500.0 pi_loss=-0.001 v_loss=0.001 ent=0.663 msg_acc=0.000 kl=0.0069
[upd  141 | steps   72192 | t  131.9s | sps   547] ret_mean=0.000 ep_len=500.0 pi_loss=-0.005 v_loss=0.001 ent=0.959 msg_acc=0.000 kl=0.0019
[upd  142 | steps   72704 | t  132.5s | sps   549] ret_mean=0.000 ep_len=500.0 pi_loss=-0.005 v_loss=0.000 ent=0.974 msg_acc=0.000 kl=0.0034
[upd  143 | steps   73216 | t  133.2s | sps   550] ret_mean=0.000 ep_len=500.0 pi_loss=-0.010 v_loss=0.000 ent=1.014 msg_acc=0.000 kl=0.0088
[upd  144 | steps   73728 | t  133.8s | sps   551] ret_mean=0.000 ep_len=500.0 pi_loss=-0.003 v_loss=0.000 ent=0.417 msg_acc=0.000 kl=0.0003
[upd  145 | steps   74240 | t  134.4s | sps   552] ret_mean=0.000 ep_len=500.0 pi_loss=-0.002 v_loss=0.001 ent=0.737 msg_acc=0.000 kl=0.0014
[upd  146 | steps   74752 | t  135.0s | sps   554] ret_mean=0.000 ep_len=500.0 pi_loss=-0.004 v_loss=0.023 ent=0.833 msg_acc=0.000 kl=0.0021
[upd  147 | steps   75264 | t  135.7s | sps   555] ret_mean=3.000 ep_len=500.0 pi_loss=-0.004 v_loss=0.008 ent=0.763 msg_acc=0.000 kl=0.0063
[upd  148 | steps   75776 | t  136.3s | sps   556] ret_mean=5.500 ep_len=500.0 pi_loss=-0.006 v_loss=0.095 ent=0.712 msg_acc=0.000 kl=0.0027
[upd  149 | steps   76288 | t  137.0s | sps   557] ret_mean=0.000 ep_len=500.0 pi_loss=-0.004 v_loss=0.002 ent=0.495 msg_acc=0.000 kl=-0.0007
[upd  150 | steps   76800 | t  137.6s | sps   558] ret_mean=0.000 ep_len=500.0 pi_loss=-0.003 v_loss=0.001 ent=0.667 msg_acc=0.000 kl=0.0096
        [eval] ret_mean=0.000 ep_len=500.0
[upd  151 | steps   77312 | t  143.5s | sps   539] ret_mean=0.000 ep_len=500.0 pi_loss=-0.006 v_loss=0.019 ent=0.779 msg_acc=0.000 kl=0.0029
[upd  152 | steps   77824 | t  144.2s | sps   540] ret_mean=73.000 ep_len=500.0 pi_loss=-0.006 v_loss=3.062 ent=0.815 msg_acc=0.000 kl=0.0025
[upd  153 | steps   78336 | t  145.0s | sps   540] ret_mean=21.000 ep_len=500.0 pi_loss=-0.003 v_loss=0.854 ent=0.552 msg_acc=0.000 kl=0.0006
[upd  154 | steps   78848 | t  145.6s | sps   541] ret_mean=0.000 ep_len=500.0 pi_loss=-0.001 v_loss=0.001 ent=0.425 msg_acc=0.000 kl=-0.0031
[upd  155 | steps   79360 | t  146.2s | sps   543] ret_mean=0.000 ep_len=500.0 pi_loss=-0.004 v_loss=0.001 ent=0.748 msg_acc=0.000 kl=0.0055
[upd  156 | steps   79872 | t  146.9s | sps   544] ret_mean=0.000 ep_len=500.0 pi_loss=-0.005 v_loss=0.000 ent=0.644 msg_acc=0.000 kl=0.0039
[upd  157 | steps   80384 | t  147.4s | sps   545] ret_mean=0.000 ep_len=500.0 pi_loss=-0.006 v_loss=0.000 ent=0.711 msg_acc=0.000 kl=0.0044
[upd  158 | steps   80896 | t  148.2s | sps   546] ret_mean=0.000 ep_len=500.0 pi_loss=-0.006 v_loss=0.000 ent=0.838 msg_acc=0.000 kl=0.0072
[upd  159 | steps   81408 | t  148.9s | sps   547] ret_mean=0.000 ep_len=500.0 pi_loss=-0.008 v_loss=1.078 ent=0.706 msg_acc=0.000 kl=0.0005
[upd  160 | steps   81920 | t  149.5s | sps   548] ret_mean=111.500 ep_len=500.0 pi_loss=-0.002 v_loss=4.170 ent=0.473 msg_acc=0.000 kl=0.0019
[upd  161 | steps   82432 | t  150.1s | sps   549] ret_mean=0.000 ep_len=500.0 pi_loss=-0.005 v_loss=0.016 ent=0.634 msg_acc=0.000 kl=0.0007
[upd  162 | steps   82944 | t  150.7s | sps   550] ret_mean=0.000 ep_len=500.0 pi_loss=-0.009 v_loss=0.002 ent=0.704 msg_acc=0.000 kl=0.0076
[upd  163 | steps   83456 | t  151.3s | sps   552] ret_mean=0.000 ep_len=500.0 pi_loss=-0.004 v_loss=0.001 ent=0.573 msg_acc=0.000 kl=0.0024
[upd  164 | steps   83968 | t  151.9s | sps   553] ret_mean=0.000 ep_len=500.0 pi_loss=-0.003 v_loss=0.169 ent=0.536 msg_acc=0.000 kl=0.0019
[upd  165 | steps   84480 | t  152.6s | sps   554] ret_mean=80.500 ep_len=500.0 pi_loss=-0.005 v_loss=3.661 ent=0.623 msg_acc=0.000 kl=0.0023
[upd  166 | steps   84992 | t  153.2s | sps   555] ret_mean=0.000 ep_len=500.0 pi_loss=-0.002 v_loss=0.007 ent=0.531 msg_acc=0.000 kl=0.0028
[upd  167 | steps   85504 | t  153.8s | sps   556] ret_mean=0.000 ep_len=500.0 pi_loss=-0.003 v_loss=0.283 ent=0.521 msg_acc=0.000 kl=0.0045
[upd  168 | steps   86016 | t  154.4s | sps   557] ret_mean=33.000 ep_len=500.0 pi_loss=-0.001 v_loss=0.874 ent=0.505 msg_acc=0.000 kl=0.0025
[upd  169 | steps   86528 | t  155.0s | sps   558] ret_mean=0.000 ep_len=500.0 pi_loss=-0.001 v_loss=0.004 ent=0.715 msg_acc=0.000 kl=0.0044
[upd  170 | steps   87040 | t  155.6s | sps   559] ret_mean=0.000 ep_len=500.0 pi_loss=-0.008 v_loss=0.004 ent=0.478 msg_acc=0.000 kl=0.0068
[upd  171 | steps   87552 | t  156.2s | sps   561] ret_mean=0.000 ep_len=500.0 pi_loss=-0.005 v_loss=0.001 ent=0.504 msg_acc=0.000 kl=-0.0004
[upd  172 | steps   88064 | t  156.8s | sps   562] ret_mean=0.000 ep_len=500.0 pi_loss=-0.005 v_loss=0.001 ent=0.441 msg_acc=0.000 kl=-0.0001
[upd  173 | steps   88576 | t  157.4s | sps   563] ret_mean=0.000 ep_len=500.0 pi_loss=-0.004 v_loss=3.533 ent=0.364 msg_acc=0.000 kl=0.0027
[upd  174 | steps   89088 | t  158.2s | sps   563] ret_mean=88.000 ep_len=500.0 pi_loss=-0.001 v_loss=0.846 ent=0.382 msg_acc=0.000 kl=0.0011
[upd  175 | steps   89600 | t  159.0s | sps   564] ret_mean=0.000 ep_len=500.0 pi_loss=-0.001 v_loss=0.497 ent=0.350 msg_acc=0.000 kl=0.0051
[upd  176 | steps   90112 | t  159.7s | sps   564] ret_mean=15.000 ep_len=500.0 pi_loss=-0.001 v_loss=0.016 ent=0.332 msg_acc=0.000 kl=-0.0029
[upd  177 | steps   90624 | t  160.4s | sps   565] ret_mean=0.000 ep_len=500.0 pi_loss=-0.003 v_loss=0.001 ent=0.332 msg_acc=0.000 kl=0.0048
[upd  178 | steps   91136 | t  161.0s | sps   566] ret_mean=0.000 ep_len=500.0 pi_loss=-0.001 v_loss=0.002 ent=0.388 msg_acc=0.000 kl=-0.0008
[upd  179 | steps   91648 | t  161.6s | sps   567] ret_mean=0.000 ep_len=500.0 pi_loss=-0.007 v_loss=0.003 ent=0.543 msg_acc=0.000 kl=-0.0008
[upd  180 | steps   92160 | t  162.3s | sps   568] ret_mean=0.000 ep_len=500.0 pi_loss=-0.003 v_loss=0.003 ent=0.561 msg_acc=0.000 kl=0.0032
[upd  181 | steps   92672 | t  162.9s | sps   569] ret_mean=0.000 ep_len=500.0 pi_loss=-0.006 v_loss=0.002 ent=0.549 msg_acc=0.000 kl=0.0077
[upd  182 | steps   93184 | t  163.6s | sps   570] ret_mean=0.000 ep_len=500.0 pi_loss=-0.003 v_loss=0.527 ent=0.510 msg_acc=0.000 kl=0.0015
[upd  183 | steps   93696 | t  164.2s | sps   571] ret_mean=30.000 ep_len=500.0 pi_loss=-0.003 v_loss=0.687 ent=0.491 msg_acc=0.000 kl=0.0054
[upd  184 | steps   94208 | t  165.0s | sps   571] ret_mean=0.000 ep_len=500.0 pi_loss=-0.004 v_loss=2.719 ent=0.544 msg_acc=0.000 kl=-0.0012
[upd  185 | steps   94720 | t  165.6s | sps   572] ret_mean=63.000 ep_len=500.0 pi_loss=-0.004 v_loss=0.009 ent=0.514 msg_acc=0.000 kl=0.0017
[upd  186 | steps   95232 | t  166.2s | sps   573] ret_mean=0.000 ep_len=500.0 pi_loss=-0.009 v_loss=0.013 ent=0.454 msg_acc=0.000 kl=0.0070
[upd  187 | steps   95744 | t  166.8s | sps   574] ret_mean=0.000 ep_len=500.0 pi_loss=-0.004 v_loss=2.658 ent=0.340 msg_acc=0.000 kl=0.0046
[upd  188 | steps   96256 | t  167.4s | sps   575] ret_mean=50.000 ep_len=500.0 pi_loss=-0.004 v_loss=1.050 ent=0.549 msg_acc=0.000 kl=0.0000
[upd  189 | steps   96768 | t  168.1s | sps   576] ret_mean=28.000 ep_len=500.0 pi_loss=-0.002 v_loss=0.009 ent=0.638 msg_acc=0.000 kl=-0.0006
[upd  190 | steps   97280 | t  168.7s | sps   577] ret_mean=0.000 ep_len=500.0 pi_loss=-0.008 v_loss=6.482 ent=0.533 msg_acc=0.000 kl=0.0114
[upd  191 | steps   97792 | t  169.3s | sps   578] ret_mean=118.500 ep_len=500.0 pi_loss=-0.003 v_loss=0.044 ent=0.443 msg_acc=0.000 kl=0.0047
[upd  192 | steps   98304 | t  169.9s | sps   579] ret_mean=0.000 ep_len=500.0 pi_loss=-0.003 v_loss=0.005 ent=0.596 msg_acc=0.000 kl=0.0039
[upd  193 | steps   98816 | t  170.5s | sps   580] ret_mean=0.000 ep_len=500.0 pi_loss=-0.006 v_loss=0.002 ent=0.702 msg_acc=0.000 kl=0.0005
[upd  194 | steps   99328 | t  171.1s | sps   580] ret_mean=9.000 ep_len=500.0 pi_loss=-0.007 v_loss=0.312 ent=0.692 msg_acc=0.000 kl=0.0047
[upd  195 | steps   99840 | t  171.8s | sps   581] ret_mean=0.000 ep_len=500.0 pi_loss=-0.006 v_loss=0.001 ent=0.652 msg_acc=0.000 kl=0.0027
[upd  196 | steps  100352 | t  172.3s | sps   582] ret_mean=0.000 ep_len=500.0 pi_loss=-0.003 v_loss=0.001 ent=0.354 msg_acc=0.000 kl=0.0021
[upd  197 | steps  100864 | t  172.9s | sps   583] ret_mean=0.000 ep_len=500.0 pi_loss=-0.004 v_loss=0.003 ent=0.540 msg_acc=0.000 kl=0.0037
[upd  198 | steps  101376 | t  173.6s | sps   584] ret_mean=0.000 ep_len=500.0 pi_loss=-0.007 v_loss=0.001 ent=0.554 msg_acc=0.000 kl=0.0026
[upd  199 | steps  101888 | t  174.1s | sps   585] ret_mean=0.000 ep_len=500.0 pi_loss=-0.003 v_loss=0.002 ent=0.506 msg_acc=0.000 kl=0.0004
[upd  200 | steps  102400 | t  174.7s | sps   586] ret_mean=0.000 ep_len=500.0 pi_loss=-0.006 v_loss=0.002 ent=0.335 msg_acc=0.000 kl=0.0071
        [eval] ret_mean=0.000 ep_len=500.0
