$ uv run python -m policies.hierarchical.train --env rware-tiny-2ag-easy-v2 --episodes 400 --max-steps 500 --eval-every 50 --eval-episodes 10 --seed 2 --heartbeat --heartbeat-delay 30 --heartbeat-max-age-clip 128 --epsilon-start 0.5 --epsilon-end 0.05 --epsilon-decay-episodes 200 --log-dir matrix_results/diagnostics_v1_sam/hrl_oracle_high_level/tiny --run-name hrl-oracle-high__delay-only__d30__s2 --oracle-high-level

[env] EnvSpec(env_id='rware-tiny-2ag-easy-v2', n_agents=2, obs_dim=73, n_env_actions=5, noop_action=0, family='rware')  request_queue_size=4  comm=False
[cfg] alpha=0.3 gamma=0.99 eps=[0.5->0.05] over 200 eps  coop=True comm=False oracle_high_level=True
[hb] heartbeat=True (period=1, delay=30)  dropout=False (agent=None, time=None)
[log] writing to matrix_results/diagnostics_v1_sam/hrl_oracle_high_level/tiny/hrl-oracle-high__delay-only__d30__s2
[ep    0 | steps     500 | t    0.0s | sps 10031] ret=0.000 ep_len=500 deliv=0 eps=0.498 |Q|=5
[ep    1 | steps    1000 | t    0.1s | sps  9884] ret=0.000 ep_len=500 deliv=0 eps=0.495 |Q|=9
[ep    2 | steps    1500 | t    0.2s | sps  9501] ret=1.000 ep_len=500 deliv=1 eps=0.493 |Q|=11
[ep    3 | steps    2000 | t    0.2s | sps  9570] ret=0.000 ep_len=500 deliv=0 eps=0.491 |Q|=13
[ep    4 | steps    2500 | t    0.3s | sps  9579] ret=0.000 ep_len=500 deliv=0 eps=0.489 |Q|=14
[ep    5 | steps    3000 | t    0.3s | sps  9522] ret=0.000 ep_len=500 deliv=0 eps=0.486 |Q|=18
[ep    6 | steps    3500 | t    0.4s | sps  9545] ret=0.000 ep_len=500 deliv=0 eps=0.484 |Q|=18
[ep    7 | steps    4000 | t    0.4s | sps  9585] ret=0.000 ep_len=500 deliv=0 eps=0.482 |Q|=18
[ep    8 | steps    4500 | t    0.5s | sps  9717] ret=0.000 ep_len=500 deliv=0 eps=0.480 |Q|=19
[ep    9 | steps    5000 | t    0.5s | sps  9734] ret=0.000 ep_len=500 deliv=0 eps=0.477 |Q|=19
[ep   10 | steps    5500 | t    0.6s | sps  9853] ret=0.000 ep_len=500 deliv=0 eps=0.475 |Q|=20
[ep   11 | steps    6000 | t    0.6s | sps  9852] ret=0.000 ep_len=500 deliv=0 eps=0.473 |Q|=22
[ep   12 | steps    6500 | t    0.7s | sps  9846] ret=0.000 ep_len=500 deliv=0 eps=0.471 |Q|=22
[ep   13 | steps    7000 | t    0.7s | sps  9817] ret=0.000 ep_len=500 deliv=0 eps=0.468 |Q|=22
[ep   14 | steps    7500 | t    0.8s | sps  9817] ret=0.000 ep_len=500 deliv=0 eps=0.466 |Q|=22
[ep   15 | steps    8000 | t    0.8s | sps  9879] ret=0.000 ep_len=500 deliv=0 eps=0.464 |Q|=23
[ep   16 | steps    8500 | t    0.9s | sps  9806] ret=1.000 ep_len=500 deliv=1 eps=0.462 |Q|=25
[ep   17 | steps    9000 | t    0.9s | sps  9813] ret=0.000 ep_len=500 deliv=0 eps=0.460 |Q|=25
[ep   18 | steps    9500 | t    1.0s | sps  9815] ret=0.000 ep_len=500 deliv=0 eps=0.457 |Q|=25
[ep   19 | steps   10000 | t    1.0s | sps  9820] ret=0.000 ep_len=500 deliv=0 eps=0.455 |Q|=25
[ep   20 | steps   10500 | t    1.1s | sps  9835] ret=0.000 ep_len=500 deliv=0 eps=0.453 |Q|=26
[ep   21 | steps   11000 | t    1.1s | sps  9777] ret=1.000 ep_len=500 deliv=1 eps=0.451 |Q|=29
[ep   22 | steps   11500 | t    1.2s | sps  9781] ret=0.000 ep_len=500 deliv=0 eps=0.448 |Q|=30
[ep   23 | steps   12000 | t    1.2s | sps  9785] ret=0.000 ep_len=500 deliv=0 eps=0.446 |Q|=30
[ep   24 | steps   12500 | t    1.3s | sps  9773] ret=0.000 ep_len=500 deliv=0 eps=0.444 |Q|=30
[ep   25 | steps   13000 | t    1.3s | sps  9774] ret=0.000 ep_len=500 deliv=0 eps=0.442 |Q|=30
[ep   26 | steps   13500 | t    1.4s | sps  9776] ret=0.000 ep_len=500 deliv=0 eps=0.439 |Q|=30
[ep   27 | steps   14000 | t    1.4s | sps  9763] ret=0.000 ep_len=500 deliv=0 eps=0.437 |Q|=30
[ep   28 | steps   14500 | t    1.5s | sps  9796] ret=0.000 ep_len=500 deliv=0 eps=0.435 |Q|=31
[ep   29 | steps   15000 | t    1.5s | sps  9811] ret=0.000 ep_len=500 deliv=0 eps=0.432 |Q|=32
[ep   30 | steps   15500 | t    1.6s | sps  9738] ret=1.000 ep_len=500 deliv=1 eps=0.430 |Q|=33
[ep   31 | steps   16000 | t    1.6s | sps  9715] ret=0.000 ep_len=500 deliv=0 eps=0.428 |Q|=33
[ep   32 | steps   16500 | t    1.7s | sps  9708] ret=0.000 ep_len=500 deliv=0 eps=0.426 |Q|=33
[ep   33 | steps   17000 | t    1.8s | sps  9692] ret=0.000 ep_len=500 deliv=0 eps=0.423 |Q|=33
[ep   34 | steps   17500 | t    1.8s | sps  9708] ret=0.000 ep_len=500 deliv=0 eps=0.421 |Q|=34
[ep   35 | steps   18000 | t    1.9s | sps  9697] ret=0.000 ep_len=500 deliv=0 eps=0.419 |Q|=34
[ep   36 | steps   18500 | t    1.9s | sps  9679] ret=0.000 ep_len=500 deliv=0 eps=0.417 |Q|=34
[ep   37 | steps   19000 | t    2.0s | sps  9641] ret=1.000 ep_len=500 deliv=1 eps=0.414 |Q|=35
[ep   38 | steps   19500 | t    2.0s | sps  9642] ret=0.000 ep_len=500 deliv=0 eps=0.412 |Q|=36
[ep   39 | steps   20000 | t    2.1s | sps  9644] ret=0.000 ep_len=500 deliv=0 eps=0.410 |Q|=36
[ep   40 | steps   20500 | t    2.1s | sps  9633] ret=0.000 ep_len=500 deliv=0 eps=0.408 |Q|=36
[ep   41 | steps   21000 | t    2.2s | sps  9632] ret=0.000 ep_len=500 deliv=0 eps=0.405 |Q|=36
[ep   42 | steps   21500 | t    2.2s | sps  9634] ret=0.000 ep_len=500 deliv=0 eps=0.403 |Q|=36
[ep   43 | steps   22000 | t    2.3s | sps  9641] ret=0.000 ep_len=500 deliv=0 eps=0.401 |Q|=36
[ep   44 | steps   22500 | t    2.3s | sps  9649] ret=0.000 ep_len=500 deliv=0 eps=0.399 |Q|=37
[ep   45 | steps   23000 | t    2.4s | sps  9643] ret=0.000 ep_len=500 deliv=0 eps=0.396 |Q|=37
[ep   46 | steps   23500 | t    2.4s | sps  9642] ret=0.000 ep_len=500 deliv=0 eps=0.394 |Q|=37
[ep   47 | steps   24000 | t    2.5s | sps  9653] ret=0.000 ep_len=500 deliv=0 eps=0.392 |Q|=37
[ep   48 | steps   24500 | t    2.5s | sps  9660] ret=0.000 ep_len=500 deliv=0 eps=0.390 |Q|=38
[ep   49 | steps   25000 | t    2.6s | sps  9653] ret=0.000 ep_len=500 deliv=0 eps=0.388 |Q|=38
        [eval] ret_mean=0.400 ep_len=500.0 deliv=0.40
[ep   50 | steps   25500 | t    3.2s | sps  8007] ret=0.000 ep_len=500 deliv=0 eps=0.363 |Q|=38
[ep   51 | steps   26000 | t    3.2s | sps  8030] ret=0.000 ep_len=500 deliv=0 eps=0.360 |Q|=38
[ep   52 | steps   26500 | t    3.3s | sps  8049] ret=0.000 ep_len=500 deliv=0 eps=0.358 |Q|=38
[ep   53 | steps   27000 | t    3.3s | sps  8072] ret=0.000 ep_len=500 deliv=0 eps=0.356 |Q|=38
[ep   54 | steps   27500 | t    3.4s | sps  8091] ret=0.000 ep_len=500 deliv=0 eps=0.354 |Q|=38
[ep   55 | steps   28000 | t    3.5s | sps  8101] ret=0.000 ep_len=500 deliv=0 eps=0.351 |Q|=38
[ep   56 | steps   28500 | t    3.5s | sps  8120] ret=0.000 ep_len=500 deliv=0 eps=0.349 |Q|=38
[ep   57 | steps   29000 | t    3.6s | sps  8142] ret=0.000 ep_len=500 deliv=0 eps=0.347 |Q|=38
[ep   58 | steps   29500 | t    3.6s | sps  8159] ret=0.000 ep_len=500 deliv=0 eps=0.345 |Q|=38
[ep   59 | steps   30000 | t    3.7s | sps  8178] ret=0.000 ep_len=500 deliv=0 eps=0.343 |Q|=38
[ep   60 | steps   30500 | t    3.7s | sps  8200] ret=0.000 ep_len=500 deliv=0 eps=0.340 |Q|=38
[ep   61 | steps   31000 | t    3.8s | sps  8219] ret=0.000 ep_len=500 deliv=0 eps=0.338 |Q|=38
[ep   62 | steps   31500 | t    3.8s | sps  8225] ret=1.000 ep_len=500 deliv=1 eps=0.336 |Q|=40
[ep   63 | steps   32000 | t    3.9s | sps  8244] ret=0.000 ep_len=500 deliv=0 eps=0.334 |Q|=40
[ep   64 | steps   32500 | t    3.9s | sps  8263] ret=0.000 ep_len=500 deliv=0 eps=0.331 |Q|=40
[ep   65 | steps   33000 | t    4.0s | sps  8293] ret=0.000 ep_len=500 deliv=0 eps=0.329 |Q|=40
[ep   66 | steps   33500 | t    4.0s | sps  8298] ret=1.000 ep_len=500 deliv=1 eps=0.327 |Q|=40
[ep   67 | steps   34000 | t    4.1s | sps  8315] ret=0.000 ep_len=500 deliv=0 eps=0.325 |Q|=40
[ep   68 | steps   34500 | t    4.1s | sps  8320] ret=1.000 ep_len=500 deliv=1 eps=0.322 |Q|=41
[ep   69 | steps   35000 | t    4.2s | sps  8336] ret=0.000 ep_len=500 deliv=0 eps=0.320 |Q|=41
[ep   70 | steps   35500 | t    4.2s | sps  8362] ret=0.000 ep_len=500 deliv=0 eps=0.318 |Q|=41
[ep   71 | steps   36000 | t    4.3s | sps  8366] ret=1.000 ep_len=500 deliv=1 eps=0.316 |Q|=41
[ep   72 | steps   36500 | t    4.4s | sps  8380] ret=0.000 ep_len=500 deliv=0 eps=0.313 |Q|=41
[ep   73 | steps   37000 | t    4.4s | sps  8396] ret=0.000 ep_len=500 deliv=0 eps=0.311 |Q|=41
[ep   74 | steps   37500 | t    4.5s | sps  8383] ret=2.000 ep_len=500 deliv=2 eps=0.309 |Q|=45
[ep   75 | steps   38000 | t    4.5s | sps  8385] ret=1.000 ep_len=500 deliv=1 eps=0.306 |Q|=46
[ep   76 | steps   38500 | t    4.6s | sps  8395] ret=0.000 ep_len=500 deliv=0 eps=0.304 |Q|=46
[ep   77 | steps   39000 | t    4.6s | sps  8406] ret=0.000 ep_len=500 deliv=0 eps=0.302 |Q|=46
[ep   78 | steps   39500 | t    4.7s | sps  8419] ret=0.000 ep_len=500 deliv=0 eps=0.300 |Q|=46
[ep   79 | steps   40000 | t    4.7s | sps  8440] ret=0.000 ep_len=500 deliv=0 eps=0.297 |Q|=46
[ep   80 | steps   40500 | t    4.8s | sps  8442] ret=1.000 ep_len=500 deliv=1 eps=0.295 |Q|=46
[ep   81 | steps   41000 | t    4.8s | sps  8463] ret=0.000 ep_len=500 deliv=0 eps=0.293 |Q|=46
[ep   82 | steps   41500 | t    4.9s | sps  8475] ret=0.000 ep_len=500 deliv=0 eps=0.291 |Q|=46
[ep   83 | steps   42000 | t    4.9s | sps  8486] ret=0.000 ep_len=500 deliv=0 eps=0.288 |Q|=46
[ep   84 | steps   42500 | t    5.0s | sps  8497] ret=0.000 ep_len=500 deliv=0 eps=0.286 |Q|=46
[ep   85 | steps   43000 | t    5.1s | sps  8508] ret=0.000 ep_len=500 deliv=0 eps=0.284 |Q|=46
[ep   86 | steps   43500 | t    5.1s | sps  8518] ret=0.000 ep_len=500 deliv=0 eps=0.282 |Q|=46
[ep   87 | steps   44000 | t    5.2s | sps  8538] ret=0.000 ep_len=500 deliv=0 eps=0.279 |Q|=46
[ep   88 | steps   44500 | t    5.2s | sps  8554] ret=0.000 ep_len=500 deliv=0 eps=0.277 |Q|=46
[ep   89 | steps   45000 | t    5.3s | sps  8563] ret=0.000 ep_len=500 deliv=0 eps=0.275 |Q|=46
[ep   90 | steps   45500 | t    5.3s | sps  8564] ret=1.000 ep_len=500 deliv=1 eps=0.273 |Q|=47
[ep   91 | steps   46000 | t    5.4s | sps  8559] ret=2.000 ep_len=500 deliv=2 eps=0.270 |Q|=50
[ep   92 | steps   46500 | t    5.4s | sps  8568] ret=0.000 ep_len=500 deliv=0 eps=0.268 |Q|=50
[ep   93 | steps   47000 | t    5.5s | sps  8579] ret=0.000 ep_len=500 deliv=0 eps=0.266 |Q|=50
[ep   94 | steps   47500 | t    5.5s | sps  8579] ret=2.000 ep_len=500 deliv=2 eps=0.264 |Q|=51
[ep   95 | steps   48000 | t    5.6s | sps  8589] ret=0.000 ep_len=500 deliv=0 eps=0.261 |Q|=51
[ep   96 | steps   48500 | t    5.6s | sps  8598] ret=0.000 ep_len=500 deliv=0 eps=0.259 |Q|=51
[ep   97 | steps   49000 | t    5.7s | sps  8607] ret=0.000 ep_len=500 deliv=0 eps=0.257 |Q|=51
[ep   98 | steps   49500 | t    5.7s | sps  8617] ret=0.000 ep_len=500 deliv=0 eps=0.255 |Q|=51
[ep   99 | steps   50000 | t    5.8s | sps  8626] ret=0.000 ep_len=500 deliv=0 eps=0.252 |Q|=51
        [eval] ret_mean=0.200 ep_len=500.0 deliv=0.20
[ep  100 | steps   50500 | t    6.4s | sps  7934] ret=0.000 ep_len=500 deliv=0 eps=0.228 |Q|=51
[ep  101 | steps   51000 | t    6.4s | sps  7947] ret=0.000 ep_len=500 deliv=0 eps=0.225 |Q|=51
[ep  102 | steps   51500 | t    6.5s | sps  7967] ret=0.000 ep_len=500 deliv=0 eps=0.223 |Q|=51
[ep  103 | steps   52000 | t    6.5s | sps  7979] ret=0.000 ep_len=500 deliv=0 eps=0.221 |Q|=51
[ep  104 | steps   52500 | t    6.6s | sps  7993] ret=0.000 ep_len=500 deliv=0 eps=0.219 |Q|=51
[ep  105 | steps   53000 | t    6.6s | sps  8006] ret=0.000 ep_len=500 deliv=0 eps=0.216 |Q|=51
[ep  106 | steps   53500 | t    6.7s | sps  8018] ret=0.000 ep_len=500 deliv=0 eps=0.214 |Q|=51
[ep  107 | steps   54000 | t    6.7s | sps  8030] ret=0.000 ep_len=500 deliv=0 eps=0.212 |Q|=51
[ep  108 | steps   54500 | t    6.8s | sps  8043] ret=0.000 ep_len=500 deliv=0 eps=0.210 |Q|=51
[ep  109 | steps   55000 | t    6.8s | sps  8055] ret=0.000 ep_len=500 deliv=0 eps=0.207 |Q|=51
[ep  110 | steps   55500 | t    6.9s | sps  8068] ret=0.000 ep_len=500 deliv=0 eps=0.205 |Q|=51
[ep  111 | steps   56000 | t    6.9s | sps  8079] ret=0.000 ep_len=500 deliv=0 eps=0.203 |Q|=51
[ep  112 | steps   56500 | t    7.0s | sps  8089] ret=0.000 ep_len=500 deliv=0 eps=0.201 |Q|=51
[ep  113 | steps   57000 | t    7.0s | sps  8101] ret=0.000 ep_len=500 deliv=0 eps=0.198 |Q|=51
[ep  114 | steps   57500 | t    7.1s | sps  8118] ret=0.000 ep_len=500 deliv=0 eps=0.196 |Q|=51
[ep  115 | steps   58000 | t    7.1s | sps  8129] ret=0.000 ep_len=500 deliv=0 eps=0.194 |Q|=51
[ep  116 | steps   58500 | t    7.2s | sps  8140] ret=0.000 ep_len=500 deliv=0 eps=0.192 |Q|=51
[ep  117 | steps   59000 | t    7.2s | sps  8150] ret=0.000 ep_len=500 deliv=0 eps=0.190 |Q|=51
[ep  118 | steps   59500 | t    7.3s | sps  8160] ret=0.000 ep_len=500 deliv=0 eps=0.187 |Q|=51
[ep  119 | steps   60000 | t    7.3s | sps  8171] ret=0.000 ep_len=500 deliv=0 eps=0.185 |Q|=51
[ep  120 | steps   60500 | t    7.4s | sps  8180] ret=0.000 ep_len=500 deliv=0 eps=0.183 |Q|=51
[ep  121 | steps   61000 | t    7.4s | sps  8191] ret=0.000 ep_len=500 deliv=0 eps=0.180 |Q|=51
[ep  122 | steps   61500 | t    7.5s | sps  8199] ret=0.000 ep_len=500 deliv=0 eps=0.178 |Q|=51
[ep  123 | steps   62000 | t    7.6s | sps  8209] ret=0.000 ep_len=500 deliv=0 eps=0.176 |Q|=51
[ep  124 | steps   62500 | t    7.6s | sps  8219] ret=0.000 ep_len=500 deliv=0 eps=0.174 |Q|=51
[ep  125 | steps   63000 | t    7.7s | sps  8234] ret=0.000 ep_len=500 deliv=0 eps=0.171 |Q|=51
[ep  126 | steps   63500 | t    7.7s | sps  8237] ret=1.000 ep_len=500 deliv=1 eps=0.169 |Q|=52
[ep  127 | steps   64000 | t    7.8s | sps  8246] ret=0.000 ep_len=500 deliv=0 eps=0.167 |Q|=52
[ep  128 | steps   64500 | t    7.8s | sps  8255] ret=0.000 ep_len=500 deliv=0 eps=0.165 |Q|=52
[ep  129 | steps   65000 | t    7.9s | sps  8264] ret=0.000 ep_len=500 deliv=0 eps=0.162 |Q|=52
[ep  130 | steps   65500 | t    7.9s | sps  8273] ret=0.000 ep_len=500 deliv=0 eps=0.160 |Q|=52
[ep  131 | steps   66000 | t    8.0s | sps  8287] ret=0.000 ep_len=500 deliv=0 eps=0.158 |Q|=52
[ep  132 | steps   66500 | t    8.0s | sps  8300] ret=0.000 ep_len=500 deliv=0 eps=0.156 |Q|=52
[ep  133 | steps   67000 | t    8.1s | sps  8314] ret=0.000 ep_len=500 deliv=0 eps=0.153 |Q|=52
[ep  134 | steps   67500 | t    8.1s | sps  8321] ret=0.000 ep_len=500 deliv=0 eps=0.151 |Q|=52
[ep  135 | steps   68000 | t    8.2s | sps  8330] ret=0.000 ep_len=500 deliv=0 eps=0.149 |Q|=52
[ep  136 | steps   68500 | t    8.2s | sps  8332] ret=1.000 ep_len=500 deliv=1 eps=0.147 |Q|=52
[ep  137 | steps   69000 | t    8.3s | sps  8340] ret=0.000 ep_len=500 deliv=0 eps=0.144 |Q|=52
[ep  138 | steps   69500 | t    8.3s | sps  8348] ret=0.000 ep_len=500 deliv=0 eps=0.142 |Q|=52
[ep  139 | steps   70000 | t    8.4s | sps  8361] ret=0.000 ep_len=500 deliv=0 eps=0.140 |Q|=52
[ep  140 | steps   70500 | t    8.4s | sps  8373] ret=0.000 ep_len=500 deliv=0 eps=0.138 |Q|=52
[ep  141 | steps   71000 | t    8.5s | sps  8380] ret=0.000 ep_len=500 deliv=0 eps=0.135 |Q|=52
[ep  142 | steps   71500 | t    8.5s | sps  8388] ret=0.000 ep_len=500 deliv=0 eps=0.133 |Q|=52
[ep  143 | steps   72000 | t    8.6s | sps  8396] ret=0.000 ep_len=500 deliv=0 eps=0.131 |Q|=52
[ep  144 | steps   72500 | t    8.6s | sps  8408] ret=0.000 ep_len=500 deliv=0 eps=0.129 |Q|=52
[ep  145 | steps   73000 | t    8.7s | sps  8415] ret=0.000 ep_len=500 deliv=0 eps=0.127 |Q|=52
[ep  146 | steps   73500 | t    8.7s | sps  8422] ret=0.000 ep_len=500 deliv=0 eps=0.124 |Q|=52
[ep  147 | steps   74000 | t    8.8s | sps  8429] ret=0.000 ep_len=500 deliv=0 eps=0.122 |Q|=52
[ep  148 | steps   74500 | t    8.8s | sps  8436] ret=0.000 ep_len=500 deliv=0 eps=0.120 |Q|=52
[ep  149 | steps   75000 | t    8.9s | sps  8443] ret=0.000 ep_len=500 deliv=0 eps=0.117 |Q|=52
        [eval] ret_mean=0.000 ep_len=500.0 deliv=0.00
[ep  150 | steps   75500 | t    9.5s | sps  7973] ret=0.000 ep_len=500 deliv=0 eps=0.093 |Q|=52
[ep  151 | steps   76000 | t    9.5s | sps  7981] ret=0.000 ep_len=500 deliv=0 eps=0.090 |Q|=52
[ep  152 | steps   76500 | t    9.6s | sps  7989] ret=0.000 ep_len=500 deliv=0 eps=0.088 |Q|=52
[ep  153 | steps   77000 | t    9.6s | sps  8001] ret=0.000 ep_len=500 deliv=0 eps=0.086 |Q|=52
[ep  154 | steps   77500 | t    9.7s | sps  8005] ret=1.000 ep_len=500 deliv=1 eps=0.084 |Q|=52
[ep  155 | steps   78000 | t    9.7s | sps  8013] ret=0.000 ep_len=500 deliv=0 eps=0.081 |Q|=52
[ep  156 | steps   78500 | t    9.8s | sps  8024] ret=0.000 ep_len=500 deliv=0 eps=0.079 |Q|=52
[ep  157 | steps   79000 | t    9.8s | sps  8037] ret=0.000 ep_len=500 deliv=0 eps=0.077 |Q|=53
[ep  158 | steps   79500 | t    9.9s | sps  8045] ret=0.000 ep_len=500 deliv=0 eps=0.075 |Q|=53
[ep  159 | steps   80000 | t    9.9s | sps  8052] ret=0.000 ep_len=500 deliv=0 eps=0.073 |Q|=53
[ep  160 | steps   80500 | t   10.0s | sps  8064] ret=0.000 ep_len=500 deliv=0 eps=0.070 |Q|=53
[ep  161 | steps   81000 | t   10.0s | sps  8072] ret=0.000 ep_len=500 deliv=0 eps=0.068 |Q|=53
[ep  162 | steps   81500 | t   10.1s | sps  8080] ret=0.000 ep_len=500 deliv=0 eps=0.066 |Q|=53
[ep  163 | steps   82000 | t   10.1s | sps  8083] ret=1.000 ep_len=500 deliv=1 eps=0.064 |Q|=55
[ep  164 | steps   82500 | t   10.2s | sps  8090] ret=0.000 ep_len=500 deliv=0 eps=0.061 |Q|=55
[ep  165 | steps   83000 | t   10.2s | sps  8098] ret=0.000 ep_len=500 deliv=0 eps=0.059 |Q|=55
[ep  166 | steps   83500 | t   10.3s | sps  8105] ret=0.000 ep_len=500 deliv=0 eps=0.057 |Q|=55
[ep  167 | steps   84000 | t   10.4s | sps  8112] ret=0.000 ep_len=500 deliv=0 eps=0.054 |Q|=55
[ep  168 | steps   84500 | t   10.4s | sps  8114] ret=1.000 ep_len=500 deliv=1 eps=0.052 |Q|=55
[ep  169 | steps   85000 | t   10.5s | sps  8122] ret=0.000 ep_len=500 deliv=0 eps=0.050 |Q|=55
[ep  170 | steps   85500 | t   10.5s | sps  8132] ret=0.000 ep_len=500 deliv=0 eps=0.050 |Q|=55
[ep  171 | steps   86000 | t   10.6s | sps  8139] ret=0.000 ep_len=500 deliv=0 eps=0.050 |Q|=55
[ep  172 | steps   86500 | t   10.6s | sps  8146] ret=0.000 ep_len=500 deliv=0 eps=0.050 |Q|=55
[ep  173 | steps   87000 | t   10.7s | sps  8148] ret=1.000 ep_len=500 deliv=1 eps=0.050 |Q|=55
[ep  174 | steps   87500 | t   10.7s | sps  8154] ret=0.000 ep_len=500 deliv=0 eps=0.050 |Q|=55
[ep  175 | steps   88000 | t   10.8s | sps  8161] ret=0.000 ep_len=500 deliv=0 eps=0.050 |Q|=55
[ep  176 | steps   88500 | t   10.8s | sps  8171] ret=0.000 ep_len=500 deliv=0 eps=0.050 |Q|=55
[ep  177 | steps   89000 | t   10.9s | sps  8180] ret=0.000 ep_len=500 deliv=0 eps=0.050 |Q|=55
[ep  178 | steps   89500 | t   10.9s | sps  8186] ret=0.000 ep_len=500 deliv=0 eps=0.050 |Q|=55
[ep  179 | steps   90000 | t   11.0s | sps  8193] ret=0.000 ep_len=500 deliv=0 eps=0.050 |Q|=55
[ep  180 | steps   90500 | t   11.0s | sps  8198] ret=0.000 ep_len=500 deliv=0 eps=0.050 |Q|=55
[ep  181 | steps   91000 | t   11.1s | sps  8205] ret=0.000 ep_len=500 deliv=0 eps=0.050 |Q|=55
[ep  182 | steps   91500 | t   11.1s | sps  8210] ret=0.000 ep_len=500 deliv=0 eps=0.050 |Q|=55
[ep  183 | steps   92000 | t   11.2s | sps  8217] ret=0.000 ep_len=500 deliv=0 eps=0.050 |Q|=55
[ep  184 | steps   92500 | t   11.2s | sps  8223] ret=0.000 ep_len=500 deliv=0 eps=0.050 |Q|=55
[ep  185 | steps   93000 | t   11.3s | sps  8229] ret=0.000 ep_len=500 deliv=0 eps=0.050 |Q|=55
[ep  186 | steps   93500 | t   11.4s | sps  8235] ret=0.000 ep_len=500 deliv=0 eps=0.050 |Q|=55
[ep  187 | steps   94000 | t   11.4s | sps  8241] ret=0.000 ep_len=500 deliv=0 eps=0.050 |Q|=55
[ep  188 | steps   94500 | t   11.5s | sps  8247] ret=0.000 ep_len=500 deliv=0 eps=0.050 |Q|=55
[ep  189 | steps   95000 | t   11.5s | sps  8249] ret=1.000 ep_len=500 deliv=1 eps=0.050 |Q|=55
[ep  190 | steps   95500 | t   11.6s | sps  8254] ret=0.000 ep_len=500 deliv=0 eps=0.050 |Q|=55
[ep  191 | steps   96000 | t   11.6s | sps  8263] ret=0.000 ep_len=500 deliv=0 eps=0.050 |Q|=55
[ep  192 | steps   96500 | t   11.7s | sps  8269] ret=0.000 ep_len=500 deliv=0 eps=0.050 |Q|=55
[ep  193 | steps   97000 | t   11.7s | sps  8275] ret=0.000 ep_len=500 deliv=0 eps=0.050 |Q|=55
[ep  194 | steps   97500 | t   11.8s | sps  8280] ret=0.000 ep_len=500 deliv=0 eps=0.050 |Q|=55
[ep  195 | steps   98000 | t   11.8s | sps  8286] ret=0.000 ep_len=500 deliv=0 eps=0.050 |Q|=55
[ep  196 | steps   98500 | t   11.9s | sps  8291] ret=0.000 ep_len=500 deliv=0 eps=0.050 |Q|=55
[ep  197 | steps   99000 | t   11.9s | sps  8297] ret=0.000 ep_len=500 deliv=0 eps=0.050 |Q|=55
[ep  198 | steps   99500 | t   12.0s | sps  8302] ret=0.000 ep_len=500 deliv=0 eps=0.050 |Q|=55
[ep  199 | steps  100000 | t   12.0s | sps  8307] ret=0.000 ep_len=500 deliv=0 eps=0.050 |Q|=55
        [eval] ret_mean=0.000 ep_len=500.0 deliv=0.00
[ep  200 | steps  100500 | t   12.6s | sps  7977] ret=0.000 ep_len=500 deliv=0 eps=0.050 |Q|=55
[ep  201 | steps  101000 | t   12.7s | sps  7983] ret=0.000 ep_len=500 deliv=0 eps=0.050 |Q|=55
[ep  202 | steps  101500 | t   12.7s | sps  7989] ret=0.000 ep_len=500 deliv=0 eps=0.050 |Q|=55
[ep  203 | steps  102000 | t   12.8s | sps  7995] ret=0.000 ep_len=500 deliv=0 eps=0.050 |Q|=55
[ep  204 | steps  102500 | t   12.8s | sps  8001] ret=0.000 ep_len=500 deliv=0 eps=0.050 |Q|=55
[ep  205 | steps  103000 | t   12.9s | sps  8011] ret=0.000 ep_len=500 deliv=0 eps=0.050 |Q|=55
[ep  206 | steps  103500 | t   12.9s | sps  8021] ret=0.000 ep_len=500 deliv=0 eps=0.050 |Q|=55
[ep  207 | steps  104000 | t   13.0s | sps  8027] ret=0.000 ep_len=500 deliv=0 eps=0.050 |Q|=55
[ep  208 | steps  104500 | t   13.0s | sps  8034] ret=0.000 ep_len=500 deliv=0 eps=0.050 |Q|=55
[ep  209 | steps  105000 | t   13.1s | sps  8040] ret=0.000 ep_len=500 deliv=0 eps=0.050 |Q|=55
[ep  210 | steps  105500 | t   13.1s | sps  8046] ret=0.000 ep_len=500 deliv=0 eps=0.050 |Q|=55
[ep  211 | steps  106000 | t   13.2s | sps  8052] ret=0.000 ep_len=500 deliv=0 eps=0.050 |Q|=55
[ep  212 | steps  106500 | t   13.2s | sps  8055] ret=0.000 ep_len=500 deliv=0 eps=0.050 |Q|=55
[ep  213 | steps  107000 | t   13.3s | sps  8052] ret=2.000 ep_len=500 deliv=2 eps=0.050 |Q|=55
[ep  214 | steps  107500 | t   13.3s | sps  8058] ret=0.000 ep_len=500 deliv=0 eps=0.050 |Q|=55
[ep  215 | steps  108000 | t   13.4s | sps  8063] ret=0.000 ep_len=500 deliv=0 eps=0.050 |Q|=55
[ep  216 | steps  108500 | t   13.4s | sps  8069] ret=0.000 ep_len=500 deliv=0 eps=0.050 |Q|=55
[ep  217 | steps  109000 | t   13.5s | sps  8070] ret=1.000 ep_len=500 deliv=1 eps=0.050 |Q|=55
[ep  218 | steps  109500 | t   13.6s | sps  8076] ret=0.000 ep_len=500 deliv=0 eps=0.050 |Q|=55
[ep  219 | steps  110000 | t   13.6s | sps  8081] ret=0.000 ep_len=500 deliv=0 eps=0.050 |Q|=55
[ep  220 | steps  110500 | t   13.7s | sps  8087] ret=0.000 ep_len=500 deliv=0 eps=0.050 |Q|=55
[ep  221 | steps  111000 | t   13.7s | sps  8092] ret=0.000 ep_len=500 deliv=0 eps=0.050 |Q|=55
[ep  222 | steps  111500 | t   13.8s | sps  8098] ret=0.000 ep_len=500 deliv=0 eps=0.050 |Q|=55
[ep  223 | steps  112000 | t   13.8s | sps  8103] ret=0.000 ep_len=500 deliv=0 eps=0.050 |Q|=55
[ep  224 | steps  112500 | t   13.9s | sps  8108] ret=0.000 ep_len=500 deliv=0 eps=0.050 |Q|=55
[ep  225 | steps  113000 | t   13.9s | sps  8114] ret=0.000 ep_len=500 deliv=0 eps=0.050 |Q|=55
[ep  226 | steps  113500 | t   14.0s | sps  8119] ret=0.000 ep_len=500 deliv=0 eps=0.050 |Q|=55
[ep  227 | steps  114000 | t   14.0s | sps  8125] ret=0.000 ep_len=500 deliv=0 eps=0.050 |Q|=55
[ep  228 | steps  114500 | t   14.1s | sps  8130] ret=0.000 ep_len=500 deliv=0 eps=0.050 |Q|=55
[ep  229 | steps  115000 | t   14.1s | sps  8135] ret=0.000 ep_len=500 deliv=0 eps=0.050 |Q|=55
[ep  230 | steps  115500 | t   14.2s | sps  8136] ret=1.000 ep_len=500 deliv=1 eps=0.050 |Q|=55
[ep  231 | steps  116000 | t   14.2s | sps  8141] ret=0.000 ep_len=500 deliv=0 eps=0.050 |Q|=55
[ep  232 | steps  116500 | t   14.3s | sps  8146] ret=0.000 ep_len=500 deliv=0 eps=0.050 |Q|=55
[ep  233 | steps  117000 | t   14.4s | sps  8151] ret=0.000 ep_len=500 deliv=0 eps=0.050 |Q|=55
[ep  234 | steps  117500 | t   14.4s | sps  8156] ret=0.000 ep_len=500 deliv=0 eps=0.050 |Q|=55
[ep  235 | steps  118000 | t   14.5s | sps  8164] ret=0.000 ep_len=500 deliv=0 eps=0.050 |Q|=55
[ep  236 | steps  118500 | t   14.5s | sps  8169] ret=0.000 ep_len=500 deliv=0 eps=0.050 |Q|=55
[ep  237 | steps  119000 | t   14.6s | sps  8173] ret=0.000 ep_len=500 deliv=0 eps=0.050 |Q|=55
[ep  238 | steps  119500 | t   14.6s | sps  8178] ret=0.000 ep_len=500 deliv=0 eps=0.050 |Q|=55
[ep  239 | steps  120000 | t   14.7s | sps  8183] ret=0.000 ep_len=500 deliv=0 eps=0.050 |Q|=55
[ep  240 | steps  120500 | t   14.7s | sps  8188] ret=0.000 ep_len=500 deliv=0 eps=0.050 |Q|=55
[ep  241 | steps  121000 | t   14.8s | sps  8192] ret=0.000 ep_len=500 deliv=0 eps=0.050 |Q|=55
[ep  242 | steps  121500 | t   14.8s | sps  8197] ret=0.000 ep_len=500 deliv=0 eps=0.050 |Q|=55
[ep  243 | steps  122000 | t   14.9s | sps  8198] ret=1.000 ep_len=500 deliv=1 eps=0.050 |Q|=55
[ep  244 | steps  122500 | t   14.9s | sps  8199] ret=1.000 ep_len=500 deliv=1 eps=0.050 |Q|=55
[ep  245 | steps  123000 | t   15.0s | sps  8200] ret=1.000 ep_len=500 deliv=1 eps=0.050 |Q|=55
[ep  246 | steps  123500 | t   15.1s | sps  8202] ret=1.000 ep_len=500 deliv=1 eps=0.050 |Q|=55
[ep  247 | steps  124000 | t   15.1s | sps  8209] ret=0.000 ep_len=500 deliv=0 eps=0.050 |Q|=55
[ep  248 | steps  124500 | t   15.2s | sps  8213] ret=0.000 ep_len=500 deliv=0 eps=0.050 |Q|=55
[ep  249 | steps  125000 | t   15.2s | sps  8218] ret=0.000 ep_len=500 deliv=0 eps=0.050 |Q|=55
        [eval] ret_mean=0.000 ep_len=500.0 deliv=0.00
[ep  250 | steps  125500 | t   15.8s | sps  7960] ret=0.000 ep_len=500 deliv=0 eps=0.050 |Q|=55
[ep  251 | steps  126000 | t   15.8s | sps  7965] ret=0.000 ep_len=500 deliv=0 eps=0.050 |Q|=55
[ep  252 | steps  126500 | t   15.9s | sps  7970] ret=0.000 ep_len=500 deliv=0 eps=0.050 |Q|=55
[ep  253 | steps  127000 | t   15.9s | sps  7977] ret=0.000 ep_len=500 deliv=0 eps=0.050 |Q|=55
[ep  254 | steps  127500 | t   16.0s | sps  7985] ret=0.000 ep_len=500 deliv=0 eps=0.050 |Q|=55
[ep  255 | steps  128000 | t   16.0s | sps  7987] ret=1.000 ep_len=500 deliv=1 eps=0.050 |Q|=55
[ep  256 | steps  128500 | t   16.1s | sps  7992] ret=0.000 ep_len=500 deliv=0 eps=0.050 |Q|=55
[ep  257 | steps  129000 | t   16.1s | sps  7997] ret=0.000 ep_len=500 deliv=0 eps=0.050 |Q|=55
[ep  258 | steps  129500 | t   16.2s | sps  8002] ret=0.000 ep_len=500 deliv=0 eps=0.050 |Q|=55
[ep  259 | steps  130000 | t   16.2s | sps  8007] ret=0.000 ep_len=500 deliv=0 eps=0.050 |Q|=55
[ep  260 | steps  130500 | t   16.3s | sps  8008] ret=1.000 ep_len=500 deliv=1 eps=0.050 |Q|=55
[ep  261 | steps  131000 | t   16.3s | sps  8013] ret=0.000 ep_len=500 deliv=0 eps=0.050 |Q|=55
[ep  262 | steps  131500 | t   16.4s | sps  8015] ret=1.000 ep_len=500 deliv=1 eps=0.050 |Q|=55
[ep  263 | steps  132000 | t   16.5s | sps  8020] ret=0.000 ep_len=500 deliv=0 eps=0.050 |Q|=55
[ep  264 | steps  132500 | t   16.5s | sps  8024] ret=0.000 ep_len=500 deliv=0 eps=0.050 |Q|=55
[ep  265 | steps  133000 | t   16.6s | sps  8029] ret=0.000 ep_len=500 deliv=0 eps=0.050 |Q|=55
[ep  266 | steps  133500 | t   16.6s | sps  8033] ret=0.000 ep_len=500 deliv=0 eps=0.050 |Q|=55
[ep  267 | steps  134000 | t   16.7s | sps  8038] ret=0.000 ep_len=500 deliv=0 eps=0.050 |Q|=55
[ep  268 | steps  134500 | t   16.7s | sps  8044] ret=0.000 ep_len=500 deliv=0 eps=0.050 |Q|=55
[ep  269 | steps  135000 | t   16.8s | sps  8051] ret=0.000 ep_len=500 deliv=0 eps=0.050 |Q|=55
[ep  270 | steps  135500 | t   16.8s | sps  8055] ret=0.000 ep_len=500 deliv=0 eps=0.050 |Q|=55
[ep  271 | steps  136000 | t   16.9s | sps  8060] ret=0.000 ep_len=500 deliv=0 eps=0.050 |Q|=55
[ep  272 | steps  136500 | t   16.9s | sps  8064] ret=0.000 ep_len=500 deliv=0 eps=0.050 |Q|=55
[ep  273 | steps  137000 | t   17.0s | sps  8066] ret=1.000 ep_len=500 deliv=1 eps=0.050 |Q|=55
[ep  274 | steps  137500 | t   17.0s | sps  8072] ret=0.000 ep_len=500 deliv=0 eps=0.050 |Q|=55
[ep  275 | steps  138000 | t   17.1s | sps  8077] ret=0.000 ep_len=500 deliv=0 eps=0.050 |Q|=55
[ep  276 | steps  138500 | t   17.1s | sps  8081] ret=0.000 ep_len=500 deliv=0 eps=0.050 |Q|=55
[ep  277 | steps  139000 | t   17.2s | sps  8085] ret=0.000 ep_len=500 deliv=0 eps=0.050 |Q|=55
[ep  278 | steps  139500 | t   17.3s | sps  8086] ret=1.000 ep_len=500 deliv=1 eps=0.050 |Q|=55
[ep  279 | steps  140000 | t   17.3s | sps  8091] ret=0.000 ep_len=500 deliv=0 eps=0.050 |Q|=55
[ep  280 | steps  140500 | t   17.4s | sps  8097] ret=0.000 ep_len=500 deliv=0 eps=0.050 |Q|=55
[ep  281 | steps  141000 | t   17.4s | sps  8101] ret=0.000 ep_len=500 deliv=0 eps=0.050 |Q|=55
[ep  282 | steps  141500 | t   17.5s | sps  8105] ret=0.000 ep_len=500 deliv=0 eps=0.050 |Q|=55
[ep  283 | steps  142000 | t   17.5s | sps  8109] ret=0.000 ep_len=500 deliv=0 eps=0.050 |Q|=55
[ep  284 | steps  142500 | t   17.6s | sps  8113] ret=0.000 ep_len=500 deliv=0 eps=0.050 |Q|=55
[ep  285 | steps  143000 | t   17.6s | sps  8116] ret=0.000 ep_len=500 deliv=0 eps=0.050 |Q|=55
[ep  286 | steps  143500 | t   17.7s | sps  8117] ret=1.000 ep_len=500 deliv=1 eps=0.050 |Q|=55
[ep  287 | steps  144000 | t   17.7s | sps  8121] ret=0.000 ep_len=500 deliv=0 eps=0.050 |Q|=55
[ep  288 | steps  144500 | t   17.8s | sps  8125] ret=0.000 ep_len=500 deliv=0 eps=0.050 |Q|=55
[ep  289 | steps  145000 | t   17.8s | sps  8129] ret=0.000 ep_len=500 deliv=0 eps=0.050 |Q|=55
[ep  290 | steps  145500 | t   17.9s | sps  8131] ret=0.000 ep_len=500 deliv=0 eps=0.050 |Q|=55
[ep  291 | steps  146000 | t   17.9s | sps  8135] ret=0.000 ep_len=500 deliv=0 eps=0.050 |Q|=55
[ep  292 | steps  146500 | t   18.0s | sps  8138] ret=0.000 ep_len=500 deliv=0 eps=0.050 |Q|=55
[ep  293 | steps  147000 | t   18.1s | sps  8143] ret=0.000 ep_len=500 deliv=0 eps=0.050 |Q|=55
[ep  294 | steps  147500 | t   18.1s | sps  8145] ret=0.000 ep_len=500 deliv=0 eps=0.050 |Q|=55
[ep  295 | steps  148000 | t   18.2s | sps  8151] ret=0.000 ep_len=500 deliv=0 eps=0.050 |Q|=55
[ep  296 | steps  148500 | t   18.2s | sps  8155] ret=0.000 ep_len=500 deliv=0 eps=0.050 |Q|=55
[ep  297 | steps  149000 | t   18.3s | sps  8157] ret=0.000 ep_len=500 deliv=0 eps=0.050 |Q|=55
[ep  298 | steps  149500 | t   18.3s | sps  8160] ret=0.000 ep_len=500 deliv=0 eps=0.050 |Q|=55
[ep  299 | steps  150000 | t   18.4s | sps  8163] ret=0.000 ep_len=500 deliv=0 eps=0.050 |Q|=55
        [eval] ret_mean=0.100 ep_len=500.0 deliv=0.10
[ep  300 | steps  150500 | t   19.0s | sps  7930] ret=0.000 ep_len=500 deliv=0 eps=0.050 |Q|=55
[ep  301 | steps  151000 | t   19.0s | sps  7935] ret=0.000 ep_len=500 deliv=0 eps=0.050 |Q|=55
[ep  302 | steps  151500 | t   19.1s | sps  7938] ret=0.000 ep_len=500 deliv=0 eps=0.050 |Q|=55
[ep  303 | steps  152000 | t   19.1s | sps  7941] ret=0.000 ep_len=500 deliv=0 eps=0.050 |Q|=55
[ep  304 | steps  152500 | t   19.2s | sps  7944] ret=0.000 ep_len=500 deliv=0 eps=0.050 |Q|=55
[ep  305 | steps  153000 | t   19.2s | sps  7949] ret=0.000 ep_len=500 deliv=0 eps=0.050 |Q|=55
[ep  306 | steps  153500 | t   19.3s | sps  7952] ret=0.000 ep_len=500 deliv=0 eps=0.050 |Q|=55
[ep  307 | steps  154000 | t   19.4s | sps  7956] ret=0.000 ep_len=500 deliv=0 eps=0.050 |Q|=55
[ep  308 | steps  154500 | t   19.4s | sps  7959] ret=0.000 ep_len=500 deliv=0 eps=0.050 |Q|=55
[ep  309 | steps  155000 | t   19.5s | sps  7963] ret=0.000 ep_len=500 deliv=0 eps=0.050 |Q|=55
[ep  310 | steps  155500 | t   19.5s | sps  7966] ret=0.000 ep_len=500 deliv=0 eps=0.050 |Q|=55
[ep  311 | steps  156000 | t   19.6s | sps  7969] ret=0.000 ep_len=500 deliv=0 eps=0.050 |Q|=55
[ep  312 | steps  156500 | t   19.6s | sps  7969] ret=1.000 ep_len=500 deliv=1 eps=0.050 |Q|=55
[ep  313 | steps  157000 | t   19.7s | sps  7973] ret=0.000 ep_len=500 deliv=0 eps=0.050 |Q|=55
[ep  314 | steps  157500 | t   19.7s | sps  7976] ret=0.000 ep_len=500 deliv=0 eps=0.050 |Q|=55
[ep  315 | steps  158000 | t   19.8s | sps  7978] ret=0.000 ep_len=500 deliv=0 eps=0.050 |Q|=55
[ep  316 | steps  158500 | t   19.9s | sps  7979] ret=1.000 ep_len=500 deliv=1 eps=0.050 |Q|=55
[ep  317 | steps  159000 | t   19.9s | sps  7982] ret=0.000 ep_len=500 deliv=0 eps=0.050 |Q|=55
[ep  318 | steps  159500 | t   20.0s | sps  7985] ret=0.000 ep_len=500 deliv=0 eps=0.050 |Q|=55
[ep  319 | steps  160000 | t   20.0s | sps  7988] ret=0.000 ep_len=500 deliv=0 eps=0.050 |Q|=55
[ep  320 | steps  160500 | t   20.1s | sps  7991] ret=0.000 ep_len=500 deliv=0 eps=0.050 |Q|=55
[ep  321 | steps  161000 | t   20.1s | sps  7994] ret=0.000 ep_len=500 deliv=0 eps=0.050 |Q|=55
[ep  322 | steps  161500 | t   20.2s | sps  7997] ret=0.000 ep_len=500 deliv=0 eps=0.050 |Q|=55
[ep  323 | steps  162000 | t   20.2s | sps  8001] ret=0.000 ep_len=500 deliv=0 eps=0.050 |Q|=55
[ep  324 | steps  162500 | t   20.3s | sps  8003] ret=0.000 ep_len=500 deliv=0 eps=0.050 |Q|=55
[ep  325 | steps  163000 | t   20.4s | sps  8005] ret=0.000 ep_len=500 deliv=0 eps=0.050 |Q|=55
[ep  326 | steps  163500 | t   20.4s | sps  8007] ret=0.000 ep_len=500 deliv=0 eps=0.050 |Q|=55
[ep  327 | steps  164000 | t   20.5s | sps  8008] ret=1.000 ep_len=500 deliv=1 eps=0.050 |Q|=55
[ep  328 | steps  164500 | t   20.5s | sps  8013] ret=0.000 ep_len=500 deliv=0 eps=0.050 |Q|=55
[ep  329 | steps  165000 | t   20.6s | sps  8016] ret=0.000 ep_len=500 deliv=0 eps=0.050 |Q|=55
[ep  330 | steps  165500 | t   20.6s | sps  8018] ret=0.000 ep_len=500 deliv=0 eps=0.050 |Q|=55
[ep  331 | steps  166000 | t   20.7s | sps  8021] ret=0.000 ep_len=500 deliv=0 eps=0.050 |Q|=55
[ep  332 | steps  166500 | t   20.7s | sps  8025] ret=0.000 ep_len=500 deliv=0 eps=0.050 |Q|=55
[ep  333 | steps  167000 | t   20.8s | sps  8027] ret=0.000 ep_len=500 deliv=0 eps=0.050 |Q|=55
[ep  334 | steps  167500 | t   20.9s | sps  8032] ret=0.000 ep_len=500 deliv=0 eps=0.050 |Q|=55
[ep  335 | steps  168000 | t   20.9s | sps  8036] ret=0.000 ep_len=500 deliv=0 eps=0.050 |Q|=55
[ep  336 | steps  168500 | t   21.0s | sps  8040] ret=0.000 ep_len=500 deliv=0 eps=0.050 |Q|=55
[ep  337 | steps  169000 | t   21.0s | sps  8043] ret=0.000 ep_len=500 deliv=0 eps=0.050 |Q|=55
[ep  338 | steps  169500 | t   21.1s | sps  8046] ret=0.000 ep_len=500 deliv=0 eps=0.050 |Q|=55
[ep  339 | steps  170000 | t   21.1s | sps  8049] ret=0.000 ep_len=500 deliv=0 eps=0.050 |Q|=55
[ep  340 | steps  170500 | t   21.2s | sps  8050] ret=1.000 ep_len=500 deliv=1 eps=0.050 |Q|=55
[ep  341 | steps  171000 | t   21.2s | sps  8053] ret=0.000 ep_len=500 deliv=0 eps=0.050 |Q|=55
[ep  342 | steps  171500 | t   21.3s | sps  8053] ret=1.000 ep_len=500 deliv=1 eps=0.050 |Q|=55
[ep  343 | steps  172000 | t   21.4s | sps  8056] ret=0.000 ep_len=500 deliv=0 eps=0.050 |Q|=55
[ep  344 | steps  172500 | t   21.4s | sps  8058] ret=0.000 ep_len=500 deliv=0 eps=0.050 |Q|=55
[ep  345 | steps  173000 | t   21.5s | sps  8061] ret=0.000 ep_len=500 deliv=0 eps=0.050 |Q|=55
[ep  346 | steps  173500 | t   21.5s | sps  8066] ret=0.000 ep_len=500 deliv=0 eps=0.050 |Q|=55
[ep  347 | steps  174000 | t   21.6s | sps  8067] ret=0.000 ep_len=500 deliv=0 eps=0.050 |Q|=55
[ep  348 | steps  174500 | t   21.6s | sps  8069] ret=0.000 ep_len=500 deliv=0 eps=0.050 |Q|=55
[ep  349 | steps  175000 | t   21.7s | sps  8072] ret=0.000 ep_len=500 deliv=0 eps=0.050 |Q|=55
        [eval] ret_mean=0.000 ep_len=500.0 deliv=0.00
[ep  350 | steps  175500 | t   22.3s | sps  7880] ret=0.000 ep_len=500 deliv=0 eps=0.050 |Q|=55
[ep  351 | steps  176000 | t   22.3s | sps  7883] ret=0.000 ep_len=500 deliv=0 eps=0.050 |Q|=55
[ep  352 | steps  176500 | t   22.4s | sps  7886] ret=0.000 ep_len=500 deliv=0 eps=0.050 |Q|=55
[ep  353 | steps  177000 | t   22.4s | sps  7890] ret=0.000 ep_len=500 deliv=0 eps=0.050 |Q|=55
[ep  354 | steps  177500 | t   22.5s | sps  7894] ret=0.000 ep_len=500 deliv=0 eps=0.050 |Q|=55
[ep  355 | steps  178000 | t   22.5s | sps  7895] ret=1.000 ep_len=500 deliv=1 eps=0.050 |Q|=55
[ep  356 | steps  178500 | t   22.6s | sps  7896] ret=0.000 ep_len=500 deliv=0 eps=0.050 |Q|=55
[ep  357 | steps  179000 | t   22.7s | sps  7898] ret=0.000 ep_len=500 deliv=0 eps=0.050 |Q|=55
[ep  358 | steps  179500 | t   22.7s | sps  7899] ret=0.000 ep_len=500 deliv=0 eps=0.050 |Q|=55
[ep  359 | steps  180000 | t   22.8s | sps  7902] ret=0.000 ep_len=500 deliv=0 eps=0.050 |Q|=55
[ep  360 | steps  180500 | t   22.8s | sps  7902] ret=1.000 ep_len=500 deliv=1 eps=0.050 |Q|=55
[ep  361 | steps  181000 | t   22.9s | sps  7905] ret=0.000 ep_len=500 deliv=0 eps=0.050 |Q|=55
[ep  362 | steps  181500 | t   23.0s | sps  7907] ret=0.000 ep_len=500 deliv=0 eps=0.050 |Q|=55
[ep  363 | steps  182000 | t   23.0s | sps  7910] ret=0.000 ep_len=500 deliv=0 eps=0.050 |Q|=55
[ep  364 | steps  182500 | t   23.1s | sps  7911] ret=0.000 ep_len=500 deliv=0 eps=0.050 |Q|=55
[ep  365 | steps  183000 | t   23.1s | sps  7914] ret=0.000 ep_len=500 deliv=0 eps=0.050 |Q|=55
[ep  366 | steps  183500 | t   23.2s | sps  7917] ret=0.000 ep_len=500 deliv=0 eps=0.050 |Q|=55
[ep  367 | steps  184000 | t   23.2s | sps  7919] ret=0.000 ep_len=500 deliv=0 eps=0.050 |Q|=55
[ep  368 | steps  184500 | t   23.3s | sps  7921] ret=0.000 ep_len=500 deliv=0 eps=0.050 |Q|=55
[ep  369 | steps  185000 | t   23.3s | sps  7924] ret=0.000 ep_len=500 deliv=0 eps=0.050 |Q|=55
[ep  370 | steps  185500 | t   23.4s | sps  7928] ret=0.000 ep_len=500 deliv=0 eps=0.050 |Q|=55
[ep  371 | steps  186000 | t   23.5s | sps  7930] ret=0.000 ep_len=500 deliv=0 eps=0.050 |Q|=55
[ep  372 | steps  186500 | t   23.5s | sps  7931] ret=1.000 ep_len=500 deliv=1 eps=0.050 |Q|=55
[ep  373 | steps  187000 | t   23.6s | sps  7934] ret=0.000 ep_len=500 deliv=0 eps=0.050 |Q|=55
[ep  374 | steps  187500 | t   23.6s | sps  7937] ret=0.000 ep_len=500 deliv=0 eps=0.050 |Q|=55
[ep  375 | steps  188000 | t   23.7s | sps  7937] ret=1.000 ep_len=500 deliv=1 eps=0.050 |Q|=55
[ep  376 | steps  188500 | t   23.7s | sps  7942] ret=0.000 ep_len=500 deliv=0 eps=0.050 |Q|=55
[ep  377 | steps  189000 | t   23.8s | sps  7943] ret=1.000 ep_len=500 deliv=1 eps=0.050 |Q|=55
[ep  378 | steps  189500 | t   23.8s | sps  7946] ret=0.000 ep_len=500 deliv=0 eps=0.050 |Q|=55
[ep  379 | steps  190000 | t   23.9s | sps  7947] ret=1.000 ep_len=500 deliv=1 eps=0.050 |Q|=55
[ep  380 | steps  190500 | t   24.0s | sps  7949] ret=0.000 ep_len=500 deliv=0 eps=0.050 |Q|=55
[ep  381 | steps  191000 | t   24.0s | sps  7950] ret=0.000 ep_len=500 deliv=0 eps=0.050 |Q|=55
[ep  382 | steps  191500 | t   24.1s | sps  7955] ret=0.000 ep_len=500 deliv=0 eps=0.050 |Q|=55
[ep  383 | steps  192000 | t   24.1s | sps  7958] ret=0.000 ep_len=500 deliv=0 eps=0.050 |Q|=55
[ep  384 | steps  192500 | t   24.2s | sps  7961] ret=0.000 ep_len=500 deliv=0 eps=0.050 |Q|=55
[ep  385 | steps  193000 | t   24.2s | sps  7965] ret=0.000 ep_len=500 deliv=0 eps=0.050 |Q|=55
[ep  386 | steps  193500 | t   24.3s | sps  7968] ret=0.000 ep_len=500 deliv=0 eps=0.050 |Q|=55
[ep  387 | steps  194000 | t   24.3s | sps  7971] ret=0.000 ep_len=500 deliv=0 eps=0.050 |Q|=55
[ep  388 | steps  194500 | t   24.4s | sps  7975] ret=0.000 ep_len=500 deliv=0 eps=0.050 |Q|=55
[ep  389 | steps  195000 | t   24.4s | sps  7978] ret=0.000 ep_len=500 deliv=0 eps=0.050 |Q|=55
[ep  390 | steps  195500 | t   24.5s | sps  7980] ret=0.000 ep_len=500 deliv=0 eps=0.050 |Q|=55
[ep  391 | steps  196000 | t   24.6s | sps  7982] ret=0.000 ep_len=500 deliv=0 eps=0.050 |Q|=55
[ep  392 | steps  196500 | t   24.6s | sps  7985] ret=0.000 ep_len=500 deliv=0 eps=0.050 |Q|=55
[ep  393 | steps  197000 | t   24.7s | sps  7988] ret=0.000 ep_len=500 deliv=0 eps=0.050 |Q|=55
[ep  394 | steps  197500 | t   24.7s | sps  7990] ret=0.000 ep_len=500 deliv=0 eps=0.050 |Q|=55
[ep  395 | steps  198000 | t   24.8s | sps  7992] ret=0.000 ep_len=500 deliv=0 eps=0.050 |Q|=55
[ep  396 | steps  198500 | t   24.8s | sps  7994] ret=0.000 ep_len=500 deliv=0 eps=0.050 |Q|=55
[ep  397 | steps  199000 | t   24.9s | sps  7999] ret=0.000 ep_len=500 deliv=0 eps=0.050 |Q|=55
[ep  398 | steps  199500 | t   24.9s | sps  8000] ret=0.000 ep_len=500 deliv=0 eps=0.050 |Q|=55
[ep  399 | steps  200000 | t   25.0s | sps  8002] ret=0.000 ep_len=500 deliv=0 eps=0.050 |Q|=55
        [eval] ret_mean=0.300 ep_len=500.0 deliv=0.30
