$ /Users/samchen/Coding/CLASSES/CS2860/.venv/bin/python3 -m policies.train --env rware-tiny-2ag-easy-v2 --seed 0 --updates 300 --rollout 512 --eval-every 25 --eval-episodes 30 --log-dir matrix_results/diagnostics_v1_sam/death_token/tiny_normal --run-name mappo-heartbeat-plus-comm__delay-dropout__d30__s0 --n-msg-tokens 8 --heartbeat --heartbeat-period 1 --heartbeat-max-age-clip 128 --heartbeat-delay 30 --dropout --dropout-window-start 200 --dropout-window-end 350 --shape-rewards --pickup-bonus 0.5

[env] EnvSpec(env_id='rware-tiny-2ag-easy-v2', n_agents=2, obs_dim=73, n_env_actions=5, noop_action=0, family='rware')  (n_msg_tokens=8)
[cfg] {'clip_range': 0.2, 'value_clip_range': 0.2, 'entropy_coef': 0.01, 'value_coef': 0.5, 'max_grad_norm': 0.5, 'gamma': 0.99, 'gae_lambda': 0.95, 'lr_actor': 0.0003, 'lr_critic': 0.001, 'update_epochs': 4, 'minibatches': 4, 'hidden': 128, 'depth': 2, 'device': 'cpu', 'extra': {}}
[log] writing to matrix_results/diagnostics_v1_sam/death_token/tiny_normal/mappo-heartbeat-plus-comm__delay-dropout__d30__s0
[upd    1 | steps     512 | t    0.2s | sps  2945] ret_mean=0.000 ep_len=500.0 pi_loss=-0.016 v_loss=0.059 ent=3.684 kl=0.0138
[upd    2 | steps    1024 | t    0.3s | sps  3078] ret_mean=1.500 ep_len=500.0 pi_loss=-0.010 v_loss=0.026 ent=3.681 kl=0.0038
[upd    3 | steps    1536 | t    0.5s | sps  3151] ret_mean=1.500 ep_len=500.0 pi_loss=-0.004 v_loss=0.021 ent=3.672 kl=-0.0007
[upd    4 | steps    2048 | t    0.6s | sps  3187] ret_mean=0.000 ep_len=500.0 pi_loss=-0.009 v_loss=0.007 ent=3.671 kl=0.0043
[upd    5 | steps    2560 | t    0.9s | sps  2911] ret_mean=0.000 ep_len=500.0 pi_loss=-0.018 v_loss=0.012 ent=3.621 kl=0.0207
[upd    6 | steps    3072 | t    1.0s | sps  2997] ret_mean=0.000 ep_len=500.0 pi_loss=-0.006 v_loss=0.018 ent=3.649 kl=0.0032
[upd    7 | steps    3584 | t    1.2s | sps  3049] ret_mean=2.500 ep_len=500.0 pi_loss=-0.010 v_loss=0.005 ent=3.647 kl=0.0031
[upd    8 | steps    4096 | t    1.3s | sps  3087] ret_mean=2.000 ep_len=500.0 pi_loss=-0.011 v_loss=0.017 ent=3.637 kl=0.0062
[upd    9 | steps    4608 | t    1.5s | sps  3103] ret_mean=5.000 ep_len=500.0 pi_loss=-0.007 v_loss=0.059 ent=3.597 kl=0.0025
[upd   10 | steps    5120 | t    1.6s | sps  3104] ret_mean=2.500 ep_len=500.0 pi_loss=-0.005 v_loss=0.006 ent=3.575 kl=0.0002
[upd   11 | steps    5632 | t    1.8s | sps  3109] ret_mean=3.500 ep_len=500.0 pi_loss=-0.006 v_loss=0.017 ent=3.602 kl=0.0030
[upd   12 | steps    6144 | t    2.0s | sps  3116] ret_mean=0.000 ep_len=500.0 pi_loss=-0.011 v_loss=0.005 ent=3.599 kl=0.0044
[upd   13 | steps    6656 | t    2.1s | sps  3131] ret_mean=0.000 ep_len=500.0 pi_loss=-0.010 v_loss=0.004 ent=3.564 kl=0.0117
[upd   14 | steps    7168 | t    2.3s | sps  3150] ret_mean=0.000 ep_len=500.0 pi_loss=-0.011 v_loss=0.002 ent=3.561 kl=0.0059
[upd   15 | steps    7680 | t    2.4s | sps  3149] ret_mean=0.000 ep_len=500.0 pi_loss=-0.010 v_loss=0.002 ent=3.469 kl=0.0121
[upd   16 | steps    8192 | t    2.6s | sps  3154] ret_mean=5.000 ep_len=500.0 pi_loss=-0.010 v_loss=0.084 ent=3.509 kl=0.0094
[upd   17 | steps    8704 | t    2.8s | sps  3158] ret_mean=2.500 ep_len=500.0 pi_loss=-0.008 v_loss=0.004 ent=3.421 kl=0.0028
[upd   18 | steps    9216 | t    2.9s | sps  3169] ret_mean=0.000 ep_len=500.0 pi_loss=-0.013 v_loss=0.003 ent=3.445 kl=0.0088
[upd   19 | steps    9728 | t    3.1s | sps  3181] ret_mean=0.500 ep_len=500.0 pi_loss=-0.007 v_loss=0.003 ent=3.484 kl=0.0028
[upd   20 | steps   10240 | t    3.2s | sps  3192] ret_mean=0.500 ep_len=500.0 pi_loss=-0.011 v_loss=0.056 ent=3.431 kl=0.0051
[upd   21 | steps   10752 | t    3.4s | sps  3198] ret_mean=5.500 ep_len=500.0 pi_loss=-0.009 v_loss=0.003 ent=3.464 kl=0.0013
[upd   22 | steps   11264 | t    3.5s | sps  3205] ret_mean=0.500 ep_len=500.0 pi_loss=-0.011 v_loss=0.003 ent=3.468 kl=0.0034
[upd   23 | steps   11776 | t    3.7s | sps  3210] ret_mean=0.000 ep_len=500.0 pi_loss=-0.009 v_loss=0.001 ent=3.386 kl=-0.0027
[upd   24 | steps   12288 | t    3.8s | sps  3216] ret_mean=0.000 ep_len=500.0 pi_loss=-0.008 v_loss=0.001 ent=3.405 kl=0.0109
[upd   25 | steps   12800 | t    4.0s | sps  3222] ret_mean=0.000 ep_len=500.0 pi_loss=-0.009 v_loss=0.003 ent=3.470 kl=-0.0011
        [eval] ret_mean=10.017 ep_len=500.0
[upd   26 | steps   13312 | t    7.8s | sps  1698] ret_mean=1.500 ep_len=500.0 pi_loss=-0.013 v_loss=0.007 ent=3.531 kl=0.0056
[upd   27 | steps   13824 | t    8.0s | sps  1729] ret_mean=0.000 ep_len=500.0 pi_loss=-0.011 v_loss=0.001 ent=3.490 kl=0.0061
[upd   28 | steps   14336 | t    8.1s | sps  1761] ret_mean=3.000 ep_len=500.0 pi_loss=-0.012 v_loss=0.040 ent=3.397 kl=0.0098
[upd   29 | steps   14848 | t    8.3s | sps  1791] ret_mean=6.500 ep_len=500.0 pi_loss=-0.015 v_loss=0.038 ent=3.437 kl=0.0098
[upd   30 | steps   15360 | t    8.4s | sps  1820] ret_mean=4.500 ep_len=500.0 pi_loss=-0.008 v_loss=0.025 ent=3.457 kl=0.0043
[upd   31 | steps   15872 | t    8.6s | sps  1847] ret_mean=0.000 ep_len=500.0 pi_loss=-0.007 v_loss=0.002 ent=3.439 kl=0.0038
[upd   32 | steps   16384 | t    8.8s | sps  1868] ret_mean=0.000 ep_len=500.0 pi_loss=-0.009 v_loss=0.004 ent=3.443 kl=-0.0004
[upd   33 | steps   16896 | t    8.9s | sps  1890] ret_mean=3.500 ep_len=500.0 pi_loss=-0.011 v_loss=0.054 ent=3.439 kl=0.0055
[upd   34 | steps   17408 | t    9.1s | sps  1912] ret_mean=5.000 ep_len=500.0 pi_loss=-0.010 v_loss=0.024 ent=3.451 kl=0.0009
[upd   35 | steps   17920 | t    9.3s | sps  1934] ret_mean=0.500 ep_len=500.0 pi_loss=-0.011 v_loss=0.004 ent=3.424 kl=0.0112
[upd   36 | steps   18432 | t    9.4s | sps  1952] ret_mean=1.500 ep_len=500.0 pi_loss=-0.010 v_loss=0.022 ent=3.528 kl=-0.0017
[upd   37 | steps   18944 | t    9.6s | sps  1973] ret_mean=5.500 ep_len=500.0 pi_loss=-0.010 v_loss=0.026 ent=3.423 kl=0.0071
[upd   38 | steps   19456 | t    9.8s | sps  1984] ret_mean=0.000 ep_len=500.0 pi_loss=-0.011 v_loss=0.002 ent=3.363 kl=0.0002
[upd   39 | steps   19968 | t   10.0s | sps  2001] ret_mean=1.000 ep_len=500.0 pi_loss=-0.009 v_loss=0.006 ent=3.263 kl=0.0102
[upd   40 | steps   20480 | t   10.2s | sps  2017] ret_mean=2.000 ep_len=500.0 pi_loss=-0.011 v_loss=0.005 ent=3.369 kl=0.0027
[upd   41 | steps   20992 | t   10.3s | sps  2033] ret_mean=0.000 ep_len=500.0 pi_loss=-0.006 v_loss=0.002 ent=3.437 kl=-0.0006
[upd   42 | steps   21504 | t   10.5s | sps  2048] ret_mean=0.500 ep_len=500.0 pi_loss=-0.013 v_loss=0.038 ent=3.381 kl=0.0116
[upd   43 | steps   22016 | t   10.6s | sps  2068] ret_mean=4.000 ep_len=500.0 pi_loss=-0.012 v_loss=0.002 ent=3.359 kl=0.0061
[upd   44 | steps   22528 | t   10.8s | sps  2084] ret_mean=1.500 ep_len=500.0 pi_loss=-0.013 v_loss=0.060 ent=3.445 kl=0.0013
[upd   45 | steps   23040 | t   11.0s | sps  2101] ret_mean=5.000 ep_len=500.0 pi_loss=-0.015 v_loss=0.003 ent=3.420 kl=0.0030
[upd   46 | steps   23552 | t   11.1s | sps  2114] ret_mean=0.000 ep_len=500.0 pi_loss=-0.008 v_loss=0.001 ent=3.257 kl=0.0036
[upd   47 | steps   24064 | t   11.3s | sps  2126] ret_mean=0.000 ep_len=500.0 pi_loss=-0.013 v_loss=0.005 ent=3.199 kl=0.0139
[upd   48 | steps   24576 | t   11.5s | sps  2139] ret_mean=1.000 ep_len=500.0 pi_loss=-0.014 v_loss=0.002 ent=3.357 kl=0.0094
[upd   49 | steps   25088 | t   11.7s | sps  2152] ret_mean=0.000 ep_len=500.0 pi_loss=-0.012 v_loss=0.041 ent=3.333 kl=0.0055
[upd   50 | steps   25600 | t   11.8s | sps  2164] ret_mean=3.500 ep_len=500.0 pi_loss=-0.012 v_loss=0.001 ent=3.325 kl=0.0077
        [eval] ret_mean=0.017 ep_len=500.0
[upd   51 | steps   26112 | t   15.8s | sps  1653] ret_mean=2.500 ep_len=500.0 pi_loss=-0.014 v_loss=0.012 ent=3.316 kl=0.0052
[upd   52 | steps   26624 | t   15.9s | sps  1670] ret_mean=4.500 ep_len=500.0 pi_loss=-0.010 v_loss=0.055 ent=3.315 kl=-0.0006
[upd   53 | steps   27136 | t   16.1s | sps  1684] ret_mean=1.500 ep_len=500.0 pi_loss=-0.014 v_loss=0.014 ent=3.226 kl=0.0038
[upd   54 | steps   27648 | t   16.3s | sps  1700] ret_mean=11.500 ep_len=500.0 pi_loss=-0.011 v_loss=0.149 ent=3.089 kl=0.0058
[upd   55 | steps   28160 | t   16.4s | sps  1716] ret_mean=5.500 ep_len=500.0 pi_loss=-0.013 v_loss=0.066 ent=3.159 kl=0.0128
[upd   56 | steps   28672 | t   16.6s | sps  1731] ret_mean=3.500 ep_len=500.0 pi_loss=-0.016 v_loss=0.046 ent=3.195 kl=0.0235
[upd   57 | steps   29184 | t   16.7s | sps  1746] ret_mean=0.000 ep_len=500.0 pi_loss=-0.007 v_loss=0.002 ent=3.049 kl=-0.0023
[upd   58 | steps   29696 | t   16.9s | sps  1760] ret_mean=0.000 ep_len=500.0 pi_loss=-0.006 v_loss=0.082 ent=3.245 kl=0.0053
[upd   59 | steps   30208 | t   17.0s | sps  1772] ret_mean=7.000 ep_len=500.0 pi_loss=-0.009 v_loss=0.008 ent=3.168 kl=0.0004
[upd   60 | steps   30720 | t   17.2s | sps  1787] ret_mean=3.000 ep_len=500.0 pi_loss=-0.006 v_loss=0.037 ent=3.084 kl=0.0094
[upd   61 | steps   31232 | t   17.3s | sps  1800] ret_mean=0.000 ep_len=500.0 pi_loss=-0.013 v_loss=0.002 ent=3.175 kl=0.0180
[upd   62 | steps   31744 | t   17.5s | sps  1814] ret_mean=0.000 ep_len=500.0 pi_loss=-0.009 v_loss=0.002 ent=3.249 kl=0.0031
[upd   63 | steps   32256 | t   17.6s | sps  1828] ret_mean=4.000 ep_len=500.0 pi_loss=-0.017 v_loss=0.077 ent=3.219 kl=0.0085
[upd   64 | steps   32768 | t   17.8s | sps  1840] ret_mean=3.500 ep_len=500.0 pi_loss=-0.014 v_loss=0.036 ent=3.241 kl=0.0143
[upd   65 | steps   33280 | t   18.0s | sps  1853] ret_mean=3.000 ep_len=500.0 pi_loss=-0.012 v_loss=0.004 ent=3.327 kl=0.0035
[upd   66 | steps   33792 | t   18.1s | sps  1864] ret_mean=2.000 ep_len=500.0 pi_loss=-0.011 v_loss=0.016 ent=3.249 kl=0.0123
[upd   67 | steps   34304 | t   18.3s | sps  1876] ret_mean=0.000 ep_len=500.0 pi_loss=-0.012 v_loss=0.042 ent=3.181 kl=0.0051
[upd   68 | steps   34816 | t   18.4s | sps  1888] ret_mean=5.000 ep_len=500.0 pi_loss=-0.011 v_loss=0.037 ent=3.218 kl=-0.0012
[upd   69 | steps   35328 | t   18.6s | sps  1901] ret_mean=4.500 ep_len=500.0 pi_loss=-0.011 v_loss=0.008 ent=3.222 kl=0.0091
[upd   70 | steps   35840 | t   18.7s | sps  1912] ret_mean=0.500 ep_len=500.0 pi_loss=-0.011 v_loss=0.080 ent=3.250 kl=0.0038
[upd   71 | steps   36352 | t   18.9s | sps  1924] ret_mean=6.000 ep_len=500.0 pi_loss=-0.013 v_loss=0.002 ent=3.314 kl=-0.0019
[upd   72 | steps   36864 | t   19.1s | sps  1935] ret_mean=0.000 ep_len=500.0 pi_loss=-0.007 v_loss=0.011 ent=3.202 kl=-0.0008
[upd   73 | steps   37376 | t   19.2s | sps  1946] ret_mean=1.500 ep_len=500.0 pi_loss=-0.013 v_loss=0.001 ent=3.239 kl=0.0086
[upd   74 | steps   37888 | t   19.4s | sps  1956] ret_mean=0.000 ep_len=500.0 pi_loss=-0.010 v_loss=0.002 ent=3.187 kl=0.0123
[upd   75 | steps   38400 | t   19.5s | sps  1968] ret_mean=0.500 ep_len=500.0 pi_loss=-0.016 v_loss=0.081 ent=3.195 kl=0.0019
        [eval] ret_mean=5.917 ep_len=500.0
[upd   76 | steps   38912 | t   23.5s | sps  1657] ret_mean=4.500 ep_len=500.0 pi_loss=-0.013 v_loss=0.050 ent=3.246 kl=0.0022
[upd   77 | steps   39424 | t   23.7s | sps  1667] ret_mean=2.500 ep_len=500.0 pi_loss=-0.009 v_loss=0.013 ent=3.167 kl=0.0089
[upd   78 | steps   39936 | t   23.8s | sps  1674] ret_mean=0.000 ep_len=500.0 pi_loss=-0.011 v_loss=0.003 ent=3.286 kl=0.0012
[upd   79 | steps   40448 | t   24.0s | sps  1683] ret_mean=1.000 ep_len=500.0 pi_loss=-0.008 v_loss=0.006 ent=3.208 kl=0.0122
[upd   80 | steps   40960 | t   24.2s | sps  1692] ret_mean=0.000 ep_len=500.0 pi_loss=-0.013 v_loss=0.011 ent=3.136 kl=0.0065
[upd   81 | steps   41472 | t   24.3s | sps  1703] ret_mean=2.500 ep_len=500.0 pi_loss=-0.008 v_loss=0.006 ent=3.196 kl=0.0121
[upd   82 | steps   41984 | t   24.5s | sps  1713] ret_mean=1.000 ep_len=500.0 pi_loss=-0.014 v_loss=0.010 ent=3.141 kl=0.0051
[upd   83 | steps   42496 | t   24.7s | sps  1723] ret_mean=1.000 ep_len=500.0 pi_loss=-0.013 v_loss=0.013 ent=3.111 kl=0.0073
[upd   84 | steps   43008 | t   24.8s | sps  1732] ret_mean=1.500 ep_len=500.0 pi_loss=-0.009 v_loss=0.002 ent=3.139 kl=0.0096
[upd   85 | steps   43520 | t   25.0s | sps  1742] ret_mean=1.000 ep_len=500.0 pi_loss=-0.014 v_loss=0.007 ent=3.177 kl=0.0100
[upd   86 | steps   44032 | t   25.1s | sps  1751] ret_mean=0.000 ep_len=500.0 pi_loss=-0.011 v_loss=0.003 ent=2.977 kl=0.0060
[upd   87 | steps   44544 | t   25.3s | sps  1761] ret_mean=17.500 ep_len=500.0 pi_loss=-0.015 v_loss=0.491 ent=2.959 kl=0.0049
[upd   88 | steps   45056 | t   25.5s | sps  1769] ret_mean=7.000 ep_len=500.0 pi_loss=-0.011 v_loss=0.007 ent=2.889 kl=0.0123
[upd   89 | steps   45568 | t   25.6s | sps  1778] ret_mean=7.000 ep_len=500.0 pi_loss=-0.015 v_loss=0.228 ent=2.832 kl=0.0114
[upd   90 | steps   46080 | t   25.8s | sps  1785] ret_mean=5.000 ep_len=500.0 pi_loss=-0.015 v_loss=0.006 ent=2.887 kl=0.0077
[upd   91 | steps   46592 | t   26.0s | sps  1794] ret_mean=0.000 ep_len=500.0 pi_loss=-0.007 v_loss=0.084 ent=2.922 kl=0.0023
[upd   92 | steps   47104 | t   26.1s | sps  1803] ret_mean=8.000 ep_len=500.0 pi_loss=-0.011 v_loss=0.189 ent=3.022 kl=-0.0025
[upd   93 | steps   47616 | t   26.3s | sps  1812] ret_mean=13.000 ep_len=500.0 pi_loss=-0.011 v_loss=0.007 ent=3.006 kl=0.0073
[upd   94 | steps   48128 | t   26.5s | sps  1819] ret_mean=4.000 ep_len=500.0 pi_loss=-0.012 v_loss=0.262 ent=2.910 kl=0.0138
[upd   95 | steps   48640 | t   26.6s | sps  1827] ret_mean=9.500 ep_len=500.0 pi_loss=-0.006 v_loss=0.004 ent=2.885 kl=-0.0070
[upd   96 | steps   49152 | t   26.8s | sps  1835] ret_mean=0.000 ep_len=500.0 pi_loss=-0.009 v_loss=0.028 ent=2.865 kl=0.0080
[upd   97 | steps   49664 | t   26.9s | sps  1843] ret_mean=3.500 ep_len=500.0 pi_loss=-0.014 v_loss=0.124 ent=2.768 kl=0.0081
[upd   98 | steps   50176 | t   27.1s | sps  1850] ret_mean=10.500 ep_len=500.0 pi_loss=-0.009 v_loss=0.100 ent=2.826 kl=0.0160
[upd   99 | steps   50688 | t   27.3s | sps  1858] ret_mean=17.500 ep_len=500.0 pi_loss=-0.008 v_loss=0.511 ent=2.742 kl=0.0113
[upd  100 | steps   51200 | t   27.4s | sps  1866] ret_mean=0.500 ep_len=500.0 pi_loss=-0.008 v_loss=0.010 ent=2.825 kl=0.0018
        [eval] ret_mean=4.167 ep_len=500.0
[upd  101 | steps   51712 | t   31.4s | sps  1647] ret_mean=11.500 ep_len=500.0 pi_loss=-0.012 v_loss=0.325 ent=2.698 kl=0.0059
[upd  102 | steps   52224 | t   31.6s | sps  1654] ret_mean=0.000 ep_len=500.0 pi_loss=-0.017 v_loss=0.005 ent=2.808 kl=0.0135
[upd  103 | steps   52736 | t   31.7s | sps  1661] ret_mean=12.500 ep_len=500.0 pi_loss=-0.011 v_loss=0.289 ent=2.463 kl=0.0115
[upd  104 | steps   53248 | t   31.9s | sps  1668] ret_mean=46.500 ep_len=500.0 pi_loss=-0.010 v_loss=1.771 ent=2.394 kl=0.0089
[upd  105 | steps   53760 | t   32.1s | sps  1675] ret_mean=0.000 ep_len=500.0 pi_loss=-0.008 v_loss=0.006 ent=2.323 kl=0.0039
[upd  106 | steps   54272 | t   32.3s | sps  1682] ret_mean=0.000 ep_len=500.0 pi_loss=-0.007 v_loss=0.010 ent=2.590 kl=-0.0025
[upd  107 | steps   54784 | t   32.4s | sps  1689] ret_mean=17.000 ep_len=500.0 pi_loss=-0.008 v_loss=0.702 ent=2.537 kl=0.0067
[upd  108 | steps   55296 | t   32.6s | sps  1697] ret_mean=0.000 ep_len=500.0 pi_loss=-0.009 v_loss=0.005 ent=2.793 kl=0.0041
[upd  109 | steps   55808 | t   32.8s | sps  1704] ret_mean=0.000 ep_len=500.0 pi_loss=-0.009 v_loss=0.004 ent=2.623 kl=0.0080
[upd  110 | steps   56320 | t   32.9s | sps  1711] ret_mean=0.000 ep_len=500.0 pi_loss=-0.009 v_loss=0.004 ent=2.682 kl=0.0015
[upd  111 | steps   56832 | t   33.1s | sps  1719] ret_mean=0.000 ep_len=500.0 pi_loss=-0.008 v_loss=0.006 ent=2.588 kl=0.0057
[upd  112 | steps   57344 | t   33.2s | sps  1726] ret_mean=0.500 ep_len=500.0 pi_loss=-0.007 v_loss=0.004 ent=2.493 kl=0.0120
[upd  113 | steps   57856 | t   33.4s | sps  1733] ret_mean=52.000 ep_len=500.0 pi_loss=-0.005 v_loss=3.252 ent=2.360 kl=0.0019
[upd  114 | steps   58368 | t   33.5s | sps  1740] ret_mean=15.000 ep_len=500.0 pi_loss=-0.011 v_loss=0.005 ent=2.570 kl=-0.0018
[upd  115 | steps   58880 | t   33.7s | sps  1747] ret_mean=0.000 ep_len=500.0 pi_loss=-0.016 v_loss=0.025 ent=2.747 kl=0.0158
[upd  116 | steps   59392 | t   33.9s | sps  1754] ret_mean=5.000 ep_len=500.0 pi_loss=-0.008 v_loss=1.143 ent=2.459 kl=0.0075
[upd  117 | steps   59904 | t   34.0s | sps  1760] ret_mean=72.500 ep_len=500.0 pi_loss=-0.008 v_loss=2.123 ent=2.322 kl=0.0163
[upd  118 | steps   60416 | t   34.2s | sps  1766] ret_mean=0.000 ep_len=500.0 pi_loss=-0.012 v_loss=0.011 ent=2.690 kl=0.0208
[upd  119 | steps   60928 | t   34.4s | sps  1773] ret_mean=18.000 ep_len=500.0 pi_loss=-0.009 v_loss=3.428 ent=2.401 kl=0.0040
[upd  120 | steps   61440 | t   34.5s | sps  1780] ret_mean=105.500 ep_len=500.0 pi_loss=-0.008 v_loss=2.214 ent=2.337 kl=0.0113
[upd  121 | steps   61952 | t   34.7s | sps  1786] ret_mean=40.500 ep_len=500.0 pi_loss=-0.010 v_loss=1.777 ent=2.539 kl=0.0111
[upd  122 | steps   62464 | t   34.9s | sps  1792] ret_mean=0.000 ep_len=500.0 pi_loss=-0.009 v_loss=0.014 ent=2.528 kl=0.0142
[upd  123 | steps   62976 | t   35.0s | sps  1798] ret_mean=0.000 ep_len=500.0 pi_loss=-0.012 v_loss=0.010 ent=2.534 kl=0.0078
[upd  124 | steps   63488 | t   35.2s | sps  1804] ret_mean=16.500 ep_len=500.0 pi_loss=-0.008 v_loss=2.801 ent=2.431 kl=0.0056
[upd  125 | steps   64000 | t   35.3s | sps  1811] ret_mean=96.500 ep_len=500.0 pi_loss=-0.008 v_loss=2.204 ent=2.293 kl=0.0175
        [eval] ret_mean=0.000 ep_len=500.0
[upd  126 | steps   64512 | t   39.3s | sps  1642] ret_mean=26.000 ep_len=500.0 pi_loss=-0.015 v_loss=1.178 ent=2.776 kl=0.0011
[upd  127 | steps   65024 | t   39.4s | sps  1648] ret_mean=98.000 ep_len=500.0 pi_loss=-0.010 v_loss=4.623 ent=2.051 kl=0.0073
[upd  128 | steps   65536 | t   39.6s | sps  1654] ret_mean=0.000 ep_len=500.0 pi_loss=-0.014 v_loss=0.007 ent=2.871 kl=0.0077
[upd  129 | steps   66048 | t   39.8s | sps  1660] ret_mean=14.500 ep_len=500.0 pi_loss=-0.006 v_loss=0.542 ent=2.626 kl=0.0064
[upd  130 | steps   66560 | t   40.0s | sps  1666] ret_mean=23.000 ep_len=500.0 pi_loss=-0.015 v_loss=0.849 ent=2.857 kl=0.0127
[upd  131 | steps   67072 | t   40.1s | sps  1672] ret_mean=0.000 ep_len=500.0 pi_loss=-0.009 v_loss=0.018 ent=2.964 kl=0.0114
[upd  132 | steps   67584 | t   40.3s | sps  1678] ret_mean=0.000 ep_len=500.0 pi_loss=-0.008 v_loss=0.007 ent=2.556 kl=0.0105
[upd  133 | steps   68096 | t   40.4s | sps  1683] ret_mean=15.500 ep_len=500.0 pi_loss=-0.008 v_loss=0.462 ent=2.629 kl=0.0138
[upd  134 | steps   68608 | t   40.6s | sps  1689] ret_mean=0.000 ep_len=500.0 pi_loss=-0.019 v_loss=0.012 ent=2.721 kl=0.0097
[upd  135 | steps   69120 | t   40.8s | sps  1694] ret_mean=0.000 ep_len=500.0 pi_loss=-0.011 v_loss=0.004 ent=2.655 kl=0.0025
[upd  136 | steps   69632 | t   41.0s | sps  1700] ret_mean=52.500 ep_len=500.0 pi_loss=-0.014 v_loss=3.241 ent=2.347 kl=0.0127
[upd  137 | steps   70144 | t   41.1s | sps  1706] ret_mean=16.500 ep_len=500.0 pi_loss=-0.008 v_loss=0.006 ent=2.943 kl=0.0110
[upd  138 | steps   70656 | t   41.3s | sps  1711] ret_mean=0.000 ep_len=500.0 pi_loss=-0.012 v_loss=0.011 ent=2.787 kl=0.0005
[upd  139 | steps   71168 | t   41.5s | sps  1717] ret_mean=5.000 ep_len=500.0 pi_loss=-0.014 v_loss=0.054 ent=2.763 kl=0.0083
[upd  140 | steps   71680 | t   41.6s | sps  1722] ret_mean=8.000 ep_len=500.0 pi_loss=-0.008 v_loss=0.222 ent=2.572 kl=0.0095
[upd  141 | steps   72192 | t   41.8s | sps  1727] ret_mean=76.500 ep_len=500.0 pi_loss=-0.014 v_loss=3.913 ent=2.216 kl=0.0052
[upd  142 | steps   72704 | t   42.0s | sps  1732] ret_mean=0.000 ep_len=500.0 pi_loss=-0.008 v_loss=0.175 ent=2.890 kl=0.0082
[upd  143 | steps   73216 | t   42.1s | sps  1737] ret_mean=6.500 ep_len=500.0 pi_loss=-0.016 v_loss=0.002 ent=2.798 kl=0.0223
[upd  144 | steps   73728 | t   42.3s | sps  1742] ret_mean=0.000 ep_len=500.0 pi_loss=-0.012 v_loss=0.219 ent=2.944 kl=0.0010
[upd  145 | steps   74240 | t   42.5s | sps  1747] ret_mean=21.000 ep_len=500.0 pi_loss=-0.009 v_loss=2.457 ent=2.541 kl=0.0033
[upd  146 | steps   74752 | t   42.7s | sps  1752] ret_mean=92.000 ep_len=500.0 pi_loss=-0.014 v_loss=3.126 ent=2.412 kl=0.0117
[upd  147 | steps   75264 | t   42.8s | sps  1757] ret_mean=32.500 ep_len=500.0 pi_loss=-0.007 v_loss=0.625 ent=2.669 kl=0.0192
[upd  148 | steps   75776 | t   43.0s | sps  1763] ret_mean=0.000 ep_len=500.0 pi_loss=-0.007 v_loss=1.494 ent=2.565 kl=0.0081
[upd  149 | steps   76288 | t   43.1s | sps  1769] ret_mean=83.500 ep_len=500.0 pi_loss=-0.013 v_loss=3.381 ent=2.285 kl=0.0138
[upd  150 | steps   76800 | t   43.3s | sps  1774] ret_mean=20.000 ep_len=500.0 pi_loss=-0.010 v_loss=0.006 ent=2.951 kl=0.0004
        [eval] ret_mean=3.833 ep_len=500.0
[upd  151 | steps   77312 | t   47.2s | sps  1637] ret_mean=1.000 ep_len=500.0 pi_loss=-0.012 v_loss=0.008 ent=2.784 kl=-0.0023
[upd  152 | steps   77824 | t   47.4s | sps  1642] ret_mean=84.000 ep_len=500.0 pi_loss=-0.011 v_loss=4.072 ent=2.375 kl=0.0169
[upd  153 | steps   78336 | t   47.6s | sps  1647] ret_mean=0.000 ep_len=500.0 pi_loss=-0.013 v_loss=0.011 ent=2.734 kl=0.0070
[upd  154 | steps   78848 | t   47.7s | sps  1652] ret_mean=28.000 ep_len=500.0 pi_loss=-0.014 v_loss=1.270 ent=2.764 kl=0.0036
[upd  155 | steps   79360 | t   47.9s | sps  1657] ret_mean=0.000 ep_len=500.0 pi_loss=-0.011 v_loss=0.026 ent=2.588 kl=0.0085
[upd  156 | steps   79872 | t   48.1s | sps  1662] ret_mean=0.000 ep_len=500.0 pi_loss=-0.011 v_loss=0.011 ent=3.019 kl=-0.0086
[upd  157 | steps   80384 | t   48.2s | sps  1667] ret_mean=34.000 ep_len=500.0 pi_loss=-0.017 v_loss=1.331 ent=2.280 kl=0.0122
[upd  158 | steps   80896 | t   48.4s | sps  1672] ret_mean=0.000 ep_len=500.0 pi_loss=-0.014 v_loss=0.011 ent=2.593 kl=0.0092
[upd  159 | steps   81408 | t   48.5s | sps  1677] ret_mean=0.000 ep_len=500.0 pi_loss=-0.010 v_loss=0.025 ent=2.583 kl=-0.0035
[upd  160 | steps   81920 | t   48.7s | sps  1682] ret_mean=0.000 ep_len=500.0 pi_loss=-0.010 v_loss=0.009 ent=3.004 kl=0.0049
[upd  161 | steps   82432 | t   48.9s | sps  1686] ret_mean=0.000 ep_len=500.0 pi_loss=-0.012 v_loss=0.013 ent=2.885 kl=0.0129
[upd  162 | steps   82944 | t   49.1s | sps  1690] ret_mean=0.000 ep_len=500.0 pi_loss=-0.017 v_loss=0.004 ent=3.079 kl=0.0069
[upd  163 | steps   83456 | t   49.3s | sps  1694] ret_mean=0.000 ep_len=500.0 pi_loss=-0.012 v_loss=0.003 ent=3.036 kl=0.0101
[upd  164 | steps   83968 | t   49.4s | sps  1699] ret_mean=0.000 ep_len=500.0 pi_loss=-0.008 v_loss=0.003 ent=3.044 kl=0.0035
[upd  165 | steps   84480 | t   49.6s | sps  1703] ret_mean=4.500 ep_len=500.0 pi_loss=-0.012 v_loss=0.097 ent=2.969 kl=0.0083
[upd  166 | steps   84992 | t   49.8s | sps  1708] ret_mean=6.000 ep_len=500.0 pi_loss=-0.009 v_loss=0.172 ent=2.900 kl=0.0052
[upd  167 | steps   85504 | t   49.9s | sps  1712] ret_mean=5.000 ep_len=500.0 pi_loss=-0.013 v_loss=0.007 ent=2.847 kl=0.0008
[upd  168 | steps   86016 | t   50.1s | sps  1716] ret_mean=0.000 ep_len=500.0 pi_loss=-0.014 v_loss=0.002 ent=2.808 kl=0.0017
[upd  169 | steps   86528 | t   50.3s | sps  1721] ret_mean=0.000 ep_len=500.0 pi_loss=-0.009 v_loss=0.001 ent=2.895 kl=0.0136
[upd  170 | steps   87040 | t   50.4s | sps  1726] ret_mean=21.500 ep_len=500.0 pi_loss=-0.013 v_loss=3.271 ent=2.547 kl=0.0142
[upd  171 | steps   87552 | t   50.6s | sps  1730] ret_mean=55.500 ep_len=500.0 pi_loss=-0.010 v_loss=0.125 ent=2.742 kl=0.0232
[upd  172 | steps   88064 | t   50.8s | sps  1734] ret_mean=0.000 ep_len=500.0 pi_loss=-0.011 v_loss=0.006 ent=2.788 kl=0.0053
[upd  173 | steps   88576 | t   51.0s | sps  1738] ret_mean=0.000 ep_len=500.0 pi_loss=-0.008 v_loss=1.752 ent=2.792 kl=-0.0032
[upd  174 | steps   89088 | t   51.1s | sps  1743] ret_mean=34.000 ep_len=500.0 pi_loss=-0.008 v_loss=12.535 ent=2.108 kl=-0.0015
[upd  175 | steps   89600 | t   51.3s | sps  1748] ret_mean=166.500 ep_len=500.0 pi_loss=-0.012 v_loss=2.526 ent=1.721 kl=0.0083
        [eval] ret_mean=4.167 ep_len=500.0
[upd  176 | steps   90112 | t   55.4s | sps  1627] ret_mean=0.000 ep_len=500.0 pi_loss=-0.015 v_loss=0.007 ent=2.967 kl=0.0059
[upd  177 | steps   90624 | t   55.6s | sps  1630] ret_mean=119.500 ep_len=500.0 pi_loss=-0.014 v_loss=7.708 ent=1.664 kl=0.0080
[upd  178 | steps   91136 | t   55.8s | sps  1634] ret_mean=41.500 ep_len=500.0 pi_loss=-0.011 v_loss=1.421 ent=2.680 kl=0.0046
[upd  179 | steps   91648 | t   55.9s | sps  1638] ret_mean=0.000 ep_len=500.0 pi_loss=-0.013 v_loss=0.039 ent=2.460 kl=0.0028
[upd  180 | steps   92160 | t   56.1s | sps  1643] ret_mean=71.000 ep_len=500.0 pi_loss=-0.015 v_loss=3.140 ent=2.147 kl=0.0140
[upd  181 | steps   92672 | t   56.3s | sps  1647] ret_mean=0.000 ep_len=500.0 pi_loss=-0.010 v_loss=0.098 ent=2.823 kl=0.0117
[upd  182 | steps   93184 | t   56.4s | sps  1651] ret_mean=7.000 ep_len=500.0 pi_loss=-0.009 v_loss=0.044 ent=2.384 kl=0.0007
[upd  183 | steps   93696 | t   56.6s | sps  1655] ret_mean=93.000 ep_len=500.0 pi_loss=-0.013 v_loss=4.525 ent=2.113 kl=0.0140
[upd  184 | steps   94208 | t   56.8s | sps  1660] ret_mean=79.000 ep_len=500.0 pi_loss=-0.017 v_loss=3.780 ent=2.109 kl=0.0200
[upd  185 | steps   94720 | t   56.9s | sps  1664] ret_mean=36.500 ep_len=500.0 pi_loss=-0.007 v_loss=2.399 ent=2.616 kl=0.0039
[upd  186 | steps   95232 | t   57.1s | sps  1668] ret_mean=109.000 ep_len=500.0 pi_loss=-0.006 v_loss=3.683 ent=2.189 kl=0.0034
[upd  187 | steps   95744 | t   57.3s | sps  1672] ret_mean=37.500 ep_len=500.0 pi_loss=-0.009 v_loss=1.139 ent=2.823 kl=0.0103
[upd  188 | steps   96256 | t   57.4s | sps  1676] ret_mean=20.000 ep_len=500.0 pi_loss=-0.015 v_loss=4.911 ent=2.446 kl=0.0114
[upd  189 | steps   96768 | t   57.6s | sps  1680] ret_mean=175.000 ep_len=500.0 pi_loss=-0.014 v_loss=8.127 ent=2.054 kl=0.0067
[upd  190 | steps   97280 | t   57.8s | sps  1684] ret_mean=0.000 ep_len=500.0 pi_loss=-0.012 v_loss=1.524 ent=2.802 kl=0.0072
[upd  191 | steps   97792 | t   57.9s | sps  1688] ret_mean=117.000 ep_len=500.0 pi_loss=-0.008 v_loss=3.420 ent=1.865 kl=0.0043
[upd  192 | steps   98304 | t   58.1s | sps  1692] ret_mean=46.500 ep_len=500.0 pi_loss=-0.018 v_loss=1.187 ent=2.414 kl=0.0056
[upd  193 | steps   98816 | t   58.3s | sps  1696] ret_mean=26.000 ep_len=500.0 pi_loss=-0.014 v_loss=0.362 ent=2.803 kl=0.0079
[upd  194 | steps   99328 | t   58.4s | sps  1700] ret_mean=0.000 ep_len=500.0 pi_loss=-0.011 v_loss=0.223 ent=3.037 kl=0.0032
[upd  195 | steps   99840 | t   58.6s | sps  1704] ret_mean=6.500 ep_len=500.0 pi_loss=-0.019 v_loss=0.113 ent=2.793 kl=0.0061
[upd  196 | steps  100352 | t   58.8s | sps  1707] ret_mean=0.000 ep_len=500.0 pi_loss=-0.013 v_loss=2.225 ent=2.661 kl=0.0040
[upd  197 | steps  100864 | t   58.9s | sps  1711] ret_mean=65.500 ep_len=500.0 pi_loss=-0.013 v_loss=0.350 ent=2.684 kl=0.0014
[upd  198 | steps  101376 | t   59.1s | sps  1715] ret_mean=18.000 ep_len=500.0 pi_loss=-0.009 v_loss=2.138 ent=2.273 kl=0.0022
[upd  199 | steps  101888 | t   59.3s | sps  1719] ret_mean=88.500 ep_len=500.0 pi_loss=-0.006 v_loss=2.076 ent=2.001 kl=0.0107
[upd  200 | steps  102400 | t   59.4s | sps  1723] ret_mean=0.000 ep_len=500.0 pi_loss=-0.014 v_loss=1.877 ent=2.385 kl=0.0003
        [eval] ret_mean=4.167 ep_len=500.0
[upd  201 | steps  102912 | t   63.5s | sps  1620] ret_mean=0.000 ep_len=500.0 pi_loss=-0.017 v_loss=0.217 ent=2.704 kl=0.0074
[upd  202 | steps  103424 | t   63.7s | sps  1624] ret_mean=0.000 ep_len=500.0 pi_loss=-0.014 v_loss=0.058 ent=2.773 kl=0.0119
[upd  203 | steps  103936 | t   63.8s | sps  1628] ret_mean=0.000 ep_len=500.0 pi_loss=-0.016 v_loss=0.285 ent=2.675 kl=0.0029
[upd  204 | steps  104448 | t   64.0s | sps  1632] ret_mean=122.500 ep_len=500.0 pi_loss=-0.012 v_loss=4.024 ent=1.390 kl=0.0085
[upd  205 | steps  104960 | t   64.2s | sps  1636] ret_mean=7.500 ep_len=500.0 pi_loss=-0.011 v_loss=0.491 ent=2.622 kl=0.0027
[upd  206 | steps  105472 | t   64.3s | sps  1639] ret_mean=32.500 ep_len=500.0 pi_loss=-0.015 v_loss=1.862 ent=2.193 kl=-0.0007
[upd  207 | steps  105984 | t   64.5s | sps  1643] ret_mean=187.500 ep_len=500.0 pi_loss=-0.008 v_loss=10.586 ent=1.904 kl=0.0007
[upd  208 | steps  106496 | t   64.7s | sps  1647] ret_mean=36.500 ep_len=500.0 pi_loss=-0.010 v_loss=3.922 ent=2.212 kl=0.0032
[upd  209 | steps  107008 | t   64.8s | sps  1651] ret_mean=201.000 ep_len=500.0 pi_loss=-0.019 v_loss=9.640 ent=1.990 kl=0.0112
[upd  210 | steps  107520 | t   65.0s | sps  1654] ret_mean=82.500 ep_len=500.0 pi_loss=-0.007 v_loss=4.248 ent=2.069 kl=-0.0005
[upd  211 | steps  108032 | t   65.2s | sps  1658] ret_mean=100.000 ep_len=500.0 pi_loss=-0.016 v_loss=3.088 ent=2.125 kl=0.0126
[upd  212 | steps  108544 | t   65.3s | sps  1662] ret_mean=110.000 ep_len=500.0 pi_loss=-0.018 v_loss=3.468 ent=2.104 kl=0.0063
[upd  213 | steps  109056 | t   65.5s | sps  1666] ret_mean=72.500 ep_len=500.0 pi_loss=-0.020 v_loss=2.594 ent=2.310 kl=0.0131
[upd  214 | steps  109568 | t   65.6s | sps  1669] ret_mean=78.000 ep_len=500.0 pi_loss=-0.010 v_loss=3.269 ent=2.332 kl=0.0009
[upd  215 | steps  110080 | t   65.8s | sps  1673] ret_mean=0.000 ep_len=500.0 pi_loss=-0.011 v_loss=0.914 ent=2.610 kl=0.0081
[upd  216 | steps  110592 | t   66.0s | sps  1676] ret_mean=37.000 ep_len=500.0 pi_loss=-0.013 v_loss=0.429 ent=2.738 kl=-0.0006
[upd  217 | steps  111104 | t   66.2s | sps  1679] ret_mean=0.000 ep_len=500.0 pi_loss=-0.015 v_loss=0.165 ent=2.399 kl=0.0058
[upd  218 | steps  111616 | t   66.3s | sps  1683] ret_mean=3.000 ep_len=500.0 pi_loss=-0.014 v_loss=6.106 ent=2.535 kl=0.0056
[upd  219 | steps  112128 | t   66.5s | sps  1687] ret_mean=151.000 ep_len=500.0 pi_loss=-0.008 v_loss=2.744 ent=2.129 kl=0.0103
[upd  220 | steps  112640 | t   66.6s | sps  1690] ret_mean=0.000 ep_len=500.0 pi_loss=-0.007 v_loss=0.227 ent=2.755 kl=0.0040
[upd  221 | steps  113152 | t   66.8s | sps  1694] ret_mean=47.000 ep_len=500.0 pi_loss=-0.007 v_loss=3.612 ent=2.020 kl=0.0005
[upd  222 | steps  113664 | t   66.9s | sps  1698] ret_mean=80.000 ep_len=500.0 pi_loss=-0.011 v_loss=0.827 ent=2.962 kl=0.0116
[upd  223 | steps  114176 | t   67.1s | sps  1702] ret_mean=53.500 ep_len=500.0 pi_loss=-0.008 v_loss=3.362 ent=2.017 kl=0.0063
[upd  224 | steps  114688 | t   67.2s | sps  1705] ret_mean=37.000 ep_len=500.0 pi_loss=-0.012 v_loss=1.261 ent=2.823 kl=-0.0016
[upd  225 | steps  115200 | t   67.4s | sps  1709] ret_mean=81.500 ep_len=500.0 pi_loss=-0.014 v_loss=2.718 ent=2.593 kl=0.0164
        [eval] ret_mean=12.683 ep_len=500.0
[upd  226 | steps  115712 | t   71.5s | sps  1619] ret_mean=28.500 ep_len=500.0 pi_loss=-0.012 v_loss=1.066 ent=2.921 kl=0.0019
[upd  227 | steps  116224 | t   71.6s | sps  1622] ret_mean=101.500 ep_len=500.0 pi_loss=-0.010 v_loss=3.442 ent=2.026 kl=0.0038
[upd  228 | steps  116736 | t   71.8s | sps  1626] ret_mean=17.000 ep_len=500.0 pi_loss=-0.011 v_loss=0.624 ent=2.977 kl=0.0039
[upd  229 | steps  117248 | t   72.0s | sps  1629] ret_mean=22.500 ep_len=500.0 pi_loss=-0.014 v_loss=0.870 ent=2.716 kl=0.0011
[upd  230 | steps  117760 | t   72.1s | sps  1632] ret_mean=112.000 ep_len=500.0 pi_loss=-0.012 v_loss=4.343 ent=2.070 kl=0.0104
[upd  231 | steps  118272 | t   72.3s | sps  1636] ret_mean=77.000 ep_len=500.0 pi_loss=-0.014 v_loss=3.093 ent=2.341 kl=0.0116
[upd  232 | steps  118784 | t   72.5s | sps  1639] ret_mean=0.000 ep_len=500.0 pi_loss=-0.011 v_loss=0.169 ent=2.091 kl=0.0127
[upd  233 | steps  119296 | t   72.6s | sps  1642] ret_mean=24.000 ep_len=500.0 pi_loss=-0.010 v_loss=1.485 ent=2.720 kl=0.0016
[upd  234 | steps  119808 | t   72.8s | sps  1646] ret_mean=125.000 ep_len=500.0 pi_loss=-0.011 v_loss=3.274 ent=1.152 kl=0.0110
[upd  235 | steps  120320 | t   73.0s | sps  1649] ret_mean=21.000 ep_len=500.0 pi_loss=-0.013 v_loss=0.825 ent=2.529 kl=0.0011
[upd  236 | steps  120832 | t   73.1s | sps  1652] ret_mean=0.000 ep_len=500.0 pi_loss=-0.015 v_loss=0.898 ent=2.774 kl=0.0105
[upd  237 | steps  121344 | t   73.3s | sps  1655] ret_mean=135.500 ep_len=500.0 pi_loss=-0.008 v_loss=6.440 ent=1.719 kl=0.0067
[upd  238 | steps  121856 | t   73.5s | sps  1659] ret_mean=110.500 ep_len=500.0 pi_loss=-0.014 v_loss=3.282 ent=1.664 kl=0.0113
[upd  239 | steps  122368 | t   73.6s | sps  1662] ret_mean=108.000 ep_len=500.0 pi_loss=-0.011 v_loss=3.579 ent=1.512 kl=0.0020
[upd  240 | steps  122880 | t   73.8s | sps  1665] ret_mean=13.000 ep_len=500.0 pi_loss=-0.011 v_loss=1.682 ent=2.311 kl=0.0062
[upd  241 | steps  123392 | t   74.0s | sps  1668] ret_mean=120.500 ep_len=500.0 pi_loss=-0.008 v_loss=1.832 ent=2.299 kl=0.0056
[upd  242 | steps  123904 | t   74.1s | sps  1672] ret_mean=0.000 ep_len=500.0 pi_loss=-0.012 v_loss=0.295 ent=2.755 kl=0.0033
[upd  243 | steps  124416 | t   74.3s | sps  1675] ret_mean=0.000 ep_len=500.0 pi_loss=-0.011 v_loss=0.763 ent=3.082 kl=0.0033
[upd  244 | steps  124928 | t   74.5s | sps  1678] ret_mean=92.500 ep_len=500.0 pi_loss=-0.013 v_loss=2.797 ent=2.105 kl=0.0094
[upd  245 | steps  125440 | t   74.6s | sps  1681] ret_mean=99.500 ep_len=500.0 pi_loss=-0.014 v_loss=4.063 ent=1.752 kl=0.0033
[upd  246 | steps  125952 | t   74.8s | sps  1684] ret_mean=56.500 ep_len=500.0 pi_loss=-0.017 v_loss=1.322 ent=2.387 kl=-0.0016
[upd  247 | steps  126464 | t   74.9s | sps  1687] ret_mean=82.500 ep_len=500.0 pi_loss=-0.010 v_loss=1.988 ent=2.679 kl=0.0092
[upd  248 | steps  126976 | t   75.1s | sps  1690] ret_mean=0.000 ep_len=500.0 pi_loss=-0.009 v_loss=0.119 ent=3.120 kl=-0.0038
[upd  249 | steps  127488 | t   75.3s | sps  1694] ret_mean=7.500 ep_len=500.0 pi_loss=-0.014 v_loss=1.766 ent=2.691 kl=0.0020
[upd  250 | steps  128000 | t   75.4s | sps  1697] ret_mean=93.500 ep_len=500.0 pi_loss=-0.010 v_loss=2.382 ent=1.924 kl=0.0087
        [eval] ret_mean=23.317 ep_len=500.0
[upd  251 | steps  128512 | t   79.6s | sps  1615] ret_mean=102.500 ep_len=500.0 pi_loss=-0.013 v_loss=2.942 ent=2.220 kl=0.0071
[upd  252 | steps  129024 | t   79.8s | sps  1617] ret_mean=72.500 ep_len=500.0 pi_loss=-0.012 v_loss=2.977 ent=2.250 kl=0.0005
[upd  253 | steps  129536 | t   79.9s | sps  1620] ret_mean=82.000 ep_len=500.0 pi_loss=-0.007 v_loss=3.775 ent=2.398 kl=0.0052
[upd  254 | steps  130048 | t   80.1s | sps  1623] ret_mean=66.000 ep_len=500.0 pi_loss=-0.013 v_loss=2.138 ent=2.332 kl=0.0140
[upd  255 | steps  130560 | t   80.3s | sps  1627] ret_mean=181.000 ep_len=500.0 pi_loss=-0.014 v_loss=9.556 ent=1.878 kl=0.0117
[upd  256 | steps  131072 | t   80.4s | sps  1630] ret_mean=100.000 ep_len=500.0 pi_loss=-0.011 v_loss=4.170 ent=2.063 kl=0.0090
[upd  257 | steps  131584 | t   80.6s | sps  1633] ret_mean=68.500 ep_len=500.0 pi_loss=-0.011 v_loss=1.802 ent=2.903 kl=-0.0014
[upd  258 | steps  132096 | t   80.7s | sps  1636] ret_mean=111.500 ep_len=500.0 pi_loss=-0.010 v_loss=3.963 ent=1.562 kl=0.0091
[upd  259 | steps  132608 | t   80.9s | sps  1640] ret_mean=103.500 ep_len=500.0 pi_loss=-0.012 v_loss=3.338 ent=2.064 kl=0.0132
[upd  260 | steps  133120 | t   81.0s | sps  1643] ret_mean=123.500 ep_len=500.0 pi_loss=-0.016 v_loss=3.004 ent=2.144 kl=0.0190
[upd  261 | steps  133632 | t   81.2s | sps  1645] ret_mean=9.000 ep_len=500.0 pi_loss=-0.014 v_loss=0.787 ent=3.125 kl=0.0067
[upd  262 | steps  134144 | t   81.4s | sps  1648] ret_mean=24.000 ep_len=500.0 pi_loss=-0.013 v_loss=1.612 ent=2.780 kl=-0.0013
[upd  263 | steps  134656 | t   81.5s | sps  1651] ret_mean=70.000 ep_len=500.0 pi_loss=-0.009 v_loss=2.181 ent=2.522 kl=-0.0042
[upd  264 | steps  135168 | t   81.7s | sps  1655] ret_mean=53.500 ep_len=500.0 pi_loss=-0.013 v_loss=3.298 ent=2.665 kl=0.0039
[upd  265 | steps  135680 | t   81.8s | sps  1658] ret_mean=146.500 ep_len=500.0 pi_loss=-0.007 v_loss=4.298 ent=1.859 kl=0.0005
[upd  266 | steps  136192 | t   82.0s | sps  1661] ret_mean=56.000 ep_len=500.0 pi_loss=-0.014 v_loss=1.317 ent=3.004 kl=0.0104
[upd  267 | steps  136704 | t   82.1s | sps  1664] ret_mean=16.500 ep_len=500.0 pi_loss=-0.009 v_loss=1.936 ent=2.639 kl=0.0006
[upd  268 | steps  137216 | t   82.3s | sps  1667] ret_mean=90.500 ep_len=500.0 pi_loss=-0.012 v_loss=1.782 ent=2.186 kl=0.0124
[upd  269 | steps  137728 | t   82.5s | sps  1670] ret_mean=8.500 ep_len=500.0 pi_loss=-0.011 v_loss=1.089 ent=2.700 kl=0.0045
[upd  270 | steps  138240 | t   82.6s | sps  1673] ret_mean=75.000 ep_len=500.0 pi_loss=-0.012 v_loss=7.950 ent=2.114 kl=-0.0008
[upd  271 | steps  138752 | t   82.8s | sps  1677] ret_mean=182.500 ep_len=500.0 pi_loss=-0.005 v_loss=3.346 ent=1.708 kl=0.0066
[upd  272 | steps  139264 | t   82.9s | sps  1680] ret_mean=111.500 ep_len=500.0 pi_loss=-0.010 v_loss=3.094 ent=2.317 kl=0.0053
[upd  273 | steps  139776 | t   83.1s | sps  1683] ret_mean=39.000 ep_len=500.0 pi_loss=-0.011 v_loss=1.230 ent=2.379 kl=0.0038
[upd  274 | steps  140288 | t   83.2s | sps  1686] ret_mean=124.500 ep_len=500.0 pi_loss=-0.007 v_loss=2.270 ent=1.982 kl=0.0162
[upd  275 | steps  140800 | t   83.3s | sps  1689] ret_mean=0.000 ep_len=500.0 pi_loss=-0.015 v_loss=0.577 ent=3.163 kl=0.0198
        [eval] ret_mean=14.717 ep_len=500.0
[upd  276 | steps  141312 | t   87.2s | sps  1621] ret_mean=0.000 ep_len=500.0 pi_loss=-0.014 v_loss=0.406 ent=2.743 kl=0.0026
[upd  277 | steps  141824 | t   87.3s | sps  1624] ret_mean=0.000 ep_len=500.0 pi_loss=-0.015 v_loss=0.568 ent=2.850 kl=0.0110
[upd  278 | steps  142336 | t   87.5s | sps  1627] ret_mean=80.500 ep_len=500.0 pi_loss=-0.015 v_loss=1.698 ent=2.527 kl=0.0146
[upd  279 | steps  142848 | t   87.6s | sps  1630] ret_mean=0.000 ep_len=500.0 pi_loss=-0.007 v_loss=0.661 ent=2.876 kl=0.0058
[upd  280 | steps  143360 | t   87.8s | sps  1632] ret_mean=41.000 ep_len=500.0 pi_loss=-0.014 v_loss=2.842 ent=2.736 kl=0.0005
[upd  281 | steps  143872 | t   88.0s | sps  1635] ret_mean=188.500 ep_len=500.0 pi_loss=-0.006 v_loss=6.504 ent=1.843 kl=0.0047
[upd  282 | steps  144384 | t   88.2s | sps  1637] ret_mean=0.000 ep_len=500.0 pi_loss=-0.014 v_loss=0.213 ent=3.005 kl=0.0140
[upd  283 | steps  144896 | t   88.4s | sps  1639] ret_mean=0.000 ep_len=500.0 pi_loss=-0.015 v_loss=0.751 ent=2.702 kl=0.0035
[upd  284 | steps  145408 | t   88.6s | sps  1641] ret_mean=120.000 ep_len=500.0 pi_loss=-0.010 v_loss=3.328 ent=2.083 kl=0.0110
[upd  285 | steps  145920 | t   88.8s | sps  1643] ret_mean=1.500 ep_len=500.0 pi_loss=-0.011 v_loss=1.450 ent=2.658 kl=-0.0029
[upd  286 | steps  146432 | t   89.0s | sps  1646] ret_mean=119.500 ep_len=500.0 pi_loss=-0.011 v_loss=5.746 ent=2.058 kl=0.0118
[upd  287 | steps  146944 | t   89.1s | sps  1649] ret_mean=190.000 ep_len=500.0 pi_loss=-0.009 v_loss=5.536 ent=2.201 kl=0.0058
[upd  288 | steps  147456 | t   89.3s | sps  1652] ret_mean=0.000 ep_len=500.0 pi_loss=-0.015 v_loss=0.166 ent=3.051 kl=0.0070
[upd  289 | steps  147968 | t   89.4s | sps  1655] ret_mean=10.500 ep_len=500.0 pi_loss=-0.013 v_loss=1.776 ent=2.407 kl=0.0095
[upd  290 | steps  148480 | t   89.6s | sps  1658] ret_mean=116.500 ep_len=500.0 pi_loss=-0.015 v_loss=2.486 ent=2.064 kl=0.0191
[upd  291 | steps  148992 | t   89.7s | sps  1660] ret_mean=28.500 ep_len=500.0 pi_loss=-0.012 v_loss=0.431 ent=3.089 kl=0.0064
[upd  292 | steps  149504 | t   89.9s | sps  1663] ret_mean=0.000 ep_len=500.0 pi_loss=-0.015 v_loss=4.716 ent=2.579 kl=-0.0036
[upd  293 | steps  150016 | t   90.0s | sps  1666] ret_mean=83.000 ep_len=500.0 pi_loss=-0.009 v_loss=0.393 ent=2.695 kl=0.0052
[upd  294 | steps  150528 | t   90.2s | sps  1669] ret_mean=0.000 ep_len=500.0 pi_loss=-0.009 v_loss=5.213 ent=2.752 kl=0.0006
[upd  295 | steps  151040 | t   90.4s | sps  1672] ret_mean=154.000 ep_len=500.0 pi_loss=-0.008 v_loss=4.162 ent=1.940 kl=0.0065
[upd  296 | steps  151552 | t   90.5s | sps  1674] ret_mean=99.000 ep_len=500.0 pi_loss=-0.010 v_loss=3.178 ent=2.080 kl=0.0170
[upd  297 | steps  152064 | t   90.7s | sps  1676] ret_mean=56.000 ep_len=500.0 pi_loss=-0.010 v_loss=1.726 ent=2.410 kl=0.0127
[upd  298 | steps  152576 | t   90.9s | sps  1679] ret_mean=47.500 ep_len=500.0 pi_loss=-0.015 v_loss=1.194 ent=2.713 kl=0.0089
[upd  299 | steps  153088 | t   91.1s | sps  1681] ret_mean=101.500 ep_len=500.0 pi_loss=-0.010 v_loss=5.862 ent=1.954 kl=0.0023
[upd  300 | steps  153600 | t   91.2s | sps  1684] ret_mean=114.000 ep_len=500.0 pi_loss=-0.013 v_loss=3.576 ent=1.792 kl=0.0102
        [eval] ret_mean=10.167 ep_len=500.0
