$ /Users/samchen/Coding/CLASSES/CS2860/.venv/bin/python3 -m policies.train --env rware-medium-2ag-v2 --seed 3 --updates 300 --rollout 512 --eval-every 25 --eval-episodes 30 --log-dir matrix_results/diagnostics_v1_sam/comm_2ag/headroom/rware-medium-2ag-v2 --run-name mappo-heartbeat-only__delay-dropout__d30__s3 --n-msg-tokens 8 --no-comm --heartbeat --heartbeat-period 1 --heartbeat-max-age-clip 128 --heartbeat-delay 30 --dropout --dropout-window-start 200 --dropout-window-end 350 --shape-rewards --pickup-bonus 0.5

[env] EnvSpec(env_id='rware-medium-2ag-v2', n_agents=2, obs_dim=73, n_env_actions=5, noop_action=0, family='rware')  (n_msg_tokens=1)
[cfg] {'clip_range': 0.2, 'value_clip_range': 0.2, 'entropy_coef': 0.01, 'value_coef': 0.5, 'max_grad_norm': 0.5, 'gamma': 0.99, 'gae_lambda': 0.95, 'lr_actor': 0.0003, 'lr_critic': 0.001, 'update_epochs': 4, 'minibatches': 4, 'hidden': 128, 'depth': 2, 'device': 'cpu', 'extra': {}}
[log] writing to matrix_results/diagnostics_v1_sam/comm_2ag/headroom/rware-medium-2ag-v2/mappo-heartbeat-only__delay-dropout__d30__s3
[upd    1 | steps     512 | t    0.2s | sps  2994] ret_mean=0.000 ep_len=500.0 pi_loss=-0.005 v_loss=0.074 ent=1.607 kl=-0.0016
[upd    2 | steps    1024 | t    0.3s | sps  3141] ret_mean=0.000 ep_len=500.0 pi_loss=-0.004 v_loss=0.017 ent=1.606 kl=0.0019
[upd    3 | steps    1536 | t    0.5s | sps  3233] ret_mean=0.000 ep_len=500.0 pi_loss=-0.007 v_loss=0.012 ent=1.605 kl=0.0067
[upd    4 | steps    2048 | t    0.6s | sps  3317] ret_mean=0.000 ep_len=500.0 pi_loss=-0.004 v_loss=0.010 ent=1.600 kl=0.0005
[upd    5 | steps    2560 | t    0.8s | sps  3186] ret_mean=0.000 ep_len=500.0 pi_loss=-0.005 v_loss=0.012 ent=1.599 kl=0.0048
[upd    6 | steps    3072 | t    1.0s | sps  3230] ret_mean=0.000 ep_len=500.0 pi_loss=-0.004 v_loss=0.003 ent=1.600 kl=0.0021
[upd    7 | steps    3584 | t    1.1s | sps  3270] ret_mean=1.000 ep_len=500.0 pi_loss=-0.002 v_loss=0.011 ent=1.594 kl=0.0010
[upd    8 | steps    4096 | t    1.2s | sps  3302] ret_mean=0.000 ep_len=500.0 pi_loss=-0.003 v_loss=0.013 ent=1.601 kl=0.0005
[upd    9 | steps    4608 | t    1.4s | sps  3310] ret_mean=0.000 ep_len=500.0 pi_loss=-0.005 v_loss=0.005 ent=1.595 kl=0.0050
[upd   10 | steps    5120 | t    1.5s | sps  3320] ret_mean=0.000 ep_len=500.0 pi_loss=-0.002 v_loss=0.008 ent=1.602 kl=0.0005
[upd   11 | steps    5632 | t    1.7s | sps  3297] ret_mean=0.000 ep_len=500.0 pi_loss=-0.004 v_loss=0.004 ent=1.603 kl=-0.0012
[upd   12 | steps    6144 | t    1.9s | sps  3294] ret_mean=0.000 ep_len=500.0 pi_loss=-0.002 v_loss=0.002 ent=1.603 kl=0.0013
[upd   13 | steps    6656 | t    2.0s | sps  3302] ret_mean=0.000 ep_len=500.0 pi_loss=-0.003 v_loss=0.010 ent=1.599 kl=0.0004
[upd   14 | steps    7168 | t    2.2s | sps  3308] ret_mean=1.000 ep_len=500.0 pi_loss=-0.006 v_loss=0.002 ent=1.597 kl=0.0046
[upd   15 | steps    7680 | t    2.3s | sps  3321] ret_mean=0.000 ep_len=500.0 pi_loss=-0.007 v_loss=0.007 ent=1.578 kl=0.0057
[upd   16 | steps    8192 | t    2.5s | sps  3334] ret_mean=0.000 ep_len=500.0 pi_loss=-0.004 v_loss=0.004 ent=1.557 kl=0.0024
[upd   17 | steps    8704 | t    2.6s | sps  3351] ret_mean=0.000 ep_len=500.0 pi_loss=-0.003 v_loss=0.004 ent=1.520 kl=0.0022
[upd   18 | steps    9216 | t    2.7s | sps  3361] ret_mean=0.000 ep_len=500.0 pi_loss=-0.008 v_loss=0.005 ent=1.519 kl=0.0026
[upd   19 | steps    9728 | t    2.9s | sps  3373] ret_mean=0.000 ep_len=500.0 pi_loss=-0.005 v_loss=0.003 ent=1.540 kl=0.0072
[upd   20 | steps   10240 | t    3.0s | sps  3380] ret_mean=0.000 ep_len=500.0 pi_loss=-0.003 v_loss=0.002 ent=1.536 kl=0.0003
[upd   21 | steps   10752 | t    3.2s | sps  3389] ret_mean=0.000 ep_len=500.0 pi_loss=-0.002 v_loss=0.003 ent=1.526 kl=-0.0003
[upd   22 | steps   11264 | t    3.3s | sps  3392] ret_mean=0.000 ep_len=500.0 pi_loss=-0.009 v_loss=0.004 ent=1.525 kl=0.0095
[upd   23 | steps   11776 | t    3.5s | sps  3395] ret_mean=0.000 ep_len=500.0 pi_loss=-0.005 v_loss=0.002 ent=1.537 kl=0.0012
[upd   24 | steps   12288 | t    3.6s | sps  3395] ret_mean=0.000 ep_len=500.0 pi_loss=-0.009 v_loss=0.002 ent=1.562 kl=0.0017
[upd   25 | steps   12800 | t    3.8s | sps  3394] ret_mean=0.000 ep_len=500.0 pi_loss=-0.003 v_loss=0.001 ent=1.544 kl=0.0088
        [eval] ret_mean=0.000 ep_len=500.0
[upd   26 | steps   13312 | t    7.3s | sps  1817] ret_mean=0.000 ep_len=500.0 pi_loss=-0.001 v_loss=0.002 ent=1.545 kl=0.0013
[upd   27 | steps   13824 | t    7.5s | sps  1848] ret_mean=0.000 ep_len=500.0 pi_loss=-0.007 v_loss=0.016 ent=1.471 kl=0.0053
[upd   28 | steps   14336 | t    7.6s | sps  1879] ret_mean=6.000 ep_len=500.0 pi_loss=-0.009 v_loss=0.028 ent=1.389 kl=0.0043
[upd   29 | steps   14848 | t    7.8s | sps  1909] ret_mean=0.000 ep_len=500.0 pi_loss=-0.002 v_loss=0.001 ent=1.552 kl=0.0001
[upd   30 | steps   15360 | t    7.9s | sps  1937] ret_mean=0.000 ep_len=500.0 pi_loss=-0.004 v_loss=0.003 ent=1.443 kl=0.0026
[upd   31 | steps   15872 | t    8.1s | sps  1966] ret_mean=0.000 ep_len=500.0 pi_loss=-0.007 v_loss=0.013 ent=1.427 kl=0.0093
[upd   32 | steps   16384 | t    8.2s | sps  1994] ret_mean=0.000 ep_len=500.0 pi_loss=-0.003 v_loss=0.006 ent=1.491 kl=0.0070
[upd   33 | steps   16896 | t    8.4s | sps  2019] ret_mean=0.000 ep_len=500.0 pi_loss=-0.002 v_loss=0.005 ent=1.488 kl=0.0010
[upd   34 | steps   17408 | t    8.5s | sps  2045] ret_mean=0.000 ep_len=500.0 pi_loss=-0.007 v_loss=0.001 ent=1.522 kl=0.0062
[upd   35 | steps   17920 | t    8.7s | sps  2071] ret_mean=0.000 ep_len=500.0 pi_loss=-0.006 v_loss=0.001 ent=1.391 kl=0.0138
[upd   36 | steps   18432 | t    8.8s | sps  2095] ret_mean=0.000 ep_len=500.0 pi_loss=-0.007 v_loss=0.001 ent=1.505 kl=0.0033
[upd   37 | steps   18944 | t    9.0s | sps  2111] ret_mean=0.000 ep_len=500.0 pi_loss=-0.006 v_loss=0.001 ent=1.438 kl=0.0029
[upd   38 | steps   19456 | t    9.1s | sps  2132] ret_mean=0.000 ep_len=500.0 pi_loss=-0.004 v_loss=0.001 ent=1.435 kl=0.0056
[upd   39 | steps   19968 | t    9.3s | sps  2155] ret_mean=0.000 ep_len=500.0 pi_loss=-0.005 v_loss=0.004 ent=1.477 kl=0.0058
[upd   40 | steps   20480 | t    9.4s | sps  2177] ret_mean=1.000 ep_len=500.0 pi_loss=-0.004 v_loss=0.001 ent=1.463 kl=0.0036
[upd   41 | steps   20992 | t    9.6s | sps  2198] ret_mean=0.000 ep_len=500.0 pi_loss=-0.007 v_loss=0.001 ent=1.394 kl=-0.0007
[upd   42 | steps   21504 | t    9.7s | sps  2216] ret_mean=2.000 ep_len=500.0 pi_loss=-0.005 v_loss=0.021 ent=1.465 kl=0.0107
[upd   43 | steps   22016 | t    9.9s | sps  2234] ret_mean=0.000 ep_len=500.0 pi_loss=-0.004 v_loss=0.001 ent=1.443 kl=0.0018
[upd   44 | steps   22528 | t   10.0s | sps  2252] ret_mean=0.000 ep_len=500.0 pi_loss=-0.005 v_loss=0.002 ent=1.467 kl=0.0050
[upd   45 | steps   23040 | t   10.2s | sps  2269] ret_mean=0.000 ep_len=500.0 pi_loss=-0.007 v_loss=0.005 ent=1.483 kl=0.0076
[upd   46 | steps   23552 | t   10.3s | sps  2288] ret_mean=0.000 ep_len=500.0 pi_loss=-0.005 v_loss=0.001 ent=1.524 kl=0.0009
[upd   47 | steps   24064 | t   10.4s | sps  2306] ret_mean=0.000 ep_len=500.0 pi_loss=-0.007 v_loss=0.002 ent=1.506 kl=0.0055
[upd   48 | steps   24576 | t   10.6s | sps  2323] ret_mean=0.000 ep_len=500.0 pi_loss=-0.002 v_loss=0.003 ent=1.532 kl=0.0008
[upd   49 | steps   25088 | t   10.7s | sps  2339] ret_mean=0.000 ep_len=500.0 pi_loss=-0.008 v_loss=0.001 ent=1.524 kl=0.0057
[upd   50 | steps   25600 | t   10.9s | sps  2353] ret_mean=0.000 ep_len=500.0 pi_loss=-0.005 v_loss=0.001 ent=1.442 kl=0.0040
        [eval] ret_mean=0.000 ep_len=500.0
[upd   51 | steps   26112 | t   14.6s | sps  1783] ret_mean=0.000 ep_len=500.0 pi_loss=-0.002 v_loss=0.001 ent=1.448 kl=-0.0019
[upd   52 | steps   26624 | t   14.8s | sps  1800] ret_mean=0.000 ep_len=500.0 pi_loss=-0.008 v_loss=0.001 ent=1.530 kl=0.0032
[upd   53 | steps   27136 | t   14.9s | sps  1817] ret_mean=0.000 ep_len=500.0 pi_loss=-0.005 v_loss=0.001 ent=1.535 kl=0.0042
[upd   54 | steps   27648 | t   15.1s | sps  1834] ret_mean=0.000 ep_len=500.0 pi_loss=-0.007 v_loss=0.001 ent=1.465 kl=0.0033
[upd   55 | steps   28160 | t   15.2s | sps  1851] ret_mean=0.000 ep_len=500.0 pi_loss=-0.004 v_loss=0.001 ent=1.386 kl=0.0093
[upd   56 | steps   28672 | t   15.4s | sps  1864] ret_mean=0.000 ep_len=500.0 pi_loss=-0.003 v_loss=0.003 ent=1.361 kl=0.0012
[upd   57 | steps   29184 | t   15.5s | sps  1879] ret_mean=0.000 ep_len=500.0 pi_loss=-0.006 v_loss=0.001 ent=1.364 kl=0.0016
[upd   58 | steps   29696 | t   15.7s | sps  1893] ret_mean=0.000 ep_len=500.0 pi_loss=-0.003 v_loss=0.001 ent=1.376 kl=0.0034
[upd   59 | steps   30208 | t   15.8s | sps  1909] ret_mean=0.000 ep_len=500.0 pi_loss=-0.007 v_loss=0.001 ent=1.454 kl=0.0010
[upd   60 | steps   30720 | t   16.0s | sps  1924] ret_mean=0.500 ep_len=500.0 pi_loss=-0.005 v_loss=0.002 ent=1.496 kl=0.0037
[upd   61 | steps   31232 | t   16.1s | sps  1939] ret_mean=0.000 ep_len=500.0 pi_loss=-0.009 v_loss=0.001 ent=1.479 kl=0.0051
[upd   62 | steps   31744 | t   16.3s | sps  1953] ret_mean=0.000 ep_len=500.0 pi_loss=-0.007 v_loss=0.002 ent=1.377 kl=0.0010
[upd   63 | steps   32256 | t   16.4s | sps  1967] ret_mean=0.000 ep_len=500.0 pi_loss=-0.006 v_loss=0.001 ent=1.384 kl=0.0125
[upd   64 | steps   32768 | t   16.5s | sps  1981] ret_mean=0.000 ep_len=500.0 pi_loss=-0.004 v_loss=0.001 ent=1.398 kl=-0.0012
[upd   65 | steps   33280 | t   16.7s | sps  1994] ret_mean=0.000 ep_len=500.0 pi_loss=-0.003 v_loss=0.001 ent=1.394 kl=0.0004
[upd   66 | steps   33792 | t   16.8s | sps  2007] ret_mean=0.000 ep_len=500.0 pi_loss=-0.006 v_loss=0.001 ent=1.326 kl=0.0055
[upd   67 | steps   34304 | t   17.0s | sps  2021] ret_mean=0.000 ep_len=500.0 pi_loss=-0.001 v_loss=0.001 ent=1.332 kl=0.0041
[upd   68 | steps   34816 | t   17.1s | sps  2034] ret_mean=0.000 ep_len=500.0 pi_loss=-0.004 v_loss=0.035 ent=1.320 kl=0.0008
[upd   69 | steps   35328 | t   17.3s | sps  2047] ret_mean=4.000 ep_len=500.0 pi_loss=-0.005 v_loss=0.001 ent=1.317 kl=-0.0021
[upd   70 | steps   35840 | t   17.4s | sps  2060] ret_mean=0.000 ep_len=500.0 pi_loss=-0.004 v_loss=0.003 ent=1.269 kl=0.0029
[upd   71 | steps   36352 | t   17.5s | sps  2073] ret_mean=0.000 ep_len=500.0 pi_loss=-0.006 v_loss=0.002 ent=1.327 kl=-0.0000
[upd   72 | steps   36864 | t   17.7s | sps  2085] ret_mean=0.000 ep_len=500.0 pi_loss=-0.002 v_loss=0.002 ent=1.238 kl=0.0009
[upd   73 | steps   37376 | t   17.8s | sps  2097] ret_mean=0.000 ep_len=500.0 pi_loss=-0.006 v_loss=0.001 ent=1.186 kl=0.0023
[upd   74 | steps   37888 | t   18.0s | sps  2109] ret_mean=0.000 ep_len=500.0 pi_loss=-0.004 v_loss=0.001 ent=1.221 kl=0.0049
[upd   75 | steps   38400 | t   18.1s | sps  2121] ret_mean=0.000 ep_len=500.0 pi_loss=-0.004 v_loss=0.000 ent=1.129 kl=0.0057
        [eval] ret_mean=0.000 ep_len=500.0
[upd   76 | steps   38912 | t   21.7s | sps  1791] ret_mean=0.000 ep_len=500.0 pi_loss=-0.006 v_loss=0.003 ent=1.133 kl=0.0018
[upd   77 | steps   39424 | t   21.9s | sps  1803] ret_mean=0.000 ep_len=500.0 pi_loss=-0.004 v_loss=0.001 ent=1.171 kl=0.0019
[upd   78 | steps   39936 | t   22.0s | sps  1815] ret_mean=0.000 ep_len=500.0 pi_loss=-0.002 v_loss=0.001 ent=1.223 kl=0.0061
[upd   79 | steps   40448 | t   22.2s | sps  1826] ret_mean=0.000 ep_len=500.0 pi_loss=-0.005 v_loss=0.000 ent=1.348 kl=0.0055
[upd   80 | steps   40960 | t   22.3s | sps  1838] ret_mean=0.000 ep_len=500.0 pi_loss=-0.009 v_loss=0.001 ent=1.217 kl=0.0061
[upd   81 | steps   41472 | t   22.4s | sps  1849] ret_mean=0.000 ep_len=500.0 pi_loss=-0.001 v_loss=0.000 ent=1.278 kl=0.0021
[upd   82 | steps   41984 | t   22.6s | sps  1860] ret_mean=0.000 ep_len=500.0 pi_loss=-0.003 v_loss=0.001 ent=1.217 kl=-0.0004
[upd   83 | steps   42496 | t   22.7s | sps  1870] ret_mean=0.000 ep_len=500.0 pi_loss=-0.002 v_loss=0.001 ent=1.205 kl=0.0029
[upd   84 | steps   43008 | t   22.9s | sps  1881] ret_mean=0.000 ep_len=500.0 pi_loss=-0.008 v_loss=0.000 ent=1.333 kl=0.0071
[upd   85 | steps   43520 | t   23.0s | sps  1891] ret_mean=0.000 ep_len=500.0 pi_loss=-0.004 v_loss=0.000 ent=1.338 kl=0.0009
[upd   86 | steps   44032 | t   23.2s | sps  1902] ret_mean=0.000 ep_len=500.0 pi_loss=-0.001 v_loss=0.001 ent=1.308 kl=0.0054
[upd   87 | steps   44544 | t   23.3s | sps  1912] ret_mean=0.000 ep_len=500.0 pi_loss=-0.009 v_loss=0.000 ent=1.426 kl=0.0052
[upd   88 | steps   45056 | t   23.4s | sps  1921] ret_mean=7.000 ep_len=500.0 pi_loss=-0.005 v_loss=0.117 ent=1.430 kl=0.0132
[upd   89 | steps   45568 | t   23.6s | sps  1932] ret_mean=0.000 ep_len=500.0 pi_loss=-0.007 v_loss=0.004 ent=1.406 kl=0.0079
[upd   90 | steps   46080 | t   23.7s | sps  1941] ret_mean=0.000 ep_len=500.0 pi_loss=-0.004 v_loss=0.006 ent=1.414 kl=0.0104
[upd   91 | steps   46592 | t   23.9s | sps  1951] ret_mean=0.000 ep_len=500.0 pi_loss=-0.007 v_loss=0.269 ent=1.374 kl=0.0006
[upd   92 | steps   47104 | t   24.0s | sps  1961] ret_mean=29.500 ep_len=500.0 pi_loss=-0.005 v_loss=0.241 ent=1.299 kl=0.0069
[upd   93 | steps   47616 | t   24.2s | sps  1970] ret_mean=0.000 ep_len=500.0 pi_loss=-0.007 v_loss=0.001 ent=1.334 kl=-0.0014
[upd   94 | steps   48128 | t   24.3s | sps  1980] ret_mean=0.000 ep_len=500.0 pi_loss=-0.006 v_loss=0.012 ent=1.260 kl=0.0075
[upd   95 | steps   48640 | t   24.5s | sps  1989] ret_mean=0.000 ep_len=500.0 pi_loss=-0.002 v_loss=0.008 ent=1.285 kl=0.0012
[upd   96 | steps   49152 | t   24.6s | sps  1999] ret_mean=0.000 ep_len=500.0 pi_loss=-0.006 v_loss=0.002 ent=1.290 kl=0.0043
[upd   97 | steps   49664 | t   24.7s | sps  2008] ret_mean=0.000 ep_len=500.0 pi_loss=-0.001 v_loss=0.004 ent=1.242 kl=0.0014
[upd   98 | steps   50176 | t   24.9s | sps  2018] ret_mean=0.000 ep_len=500.0 pi_loss=-0.003 v_loss=0.001 ent=1.125 kl=0.0096
[upd   99 | steps   50688 | t   25.0s | sps  2027] ret_mean=0.000 ep_len=500.0 pi_loss=-0.005 v_loss=0.001 ent=1.177 kl=0.0003
[upd  100 | steps   51200 | t   25.2s | sps  2036] ret_mean=0.000 ep_len=500.0 pi_loss=-0.004 v_loss=0.002 ent=1.202 kl=0.0026
        [eval] ret_mean=0.000 ep_len=500.0
[upd  101 | steps   51712 | t   28.8s | sps  1798] ret_mean=0.000 ep_len=500.0 pi_loss=-0.003 v_loss=0.001 ent=1.173 kl=-0.0035
[upd  102 | steps   52224 | t   28.9s | sps  1807] ret_mean=0.000 ep_len=500.0 pi_loss=-0.007 v_loss=0.001 ent=1.246 kl=0.0007
[upd  103 | steps   52736 | t   29.0s | sps  1816] ret_mean=0.000 ep_len=500.0 pi_loss=-0.004 v_loss=0.000 ent=1.337 kl=0.0058
[upd  104 | steps   53248 | t   29.2s | sps  1824] ret_mean=0.000 ep_len=500.0 pi_loss=-0.004 v_loss=0.000 ent=1.307 kl=-0.0016
[upd  105 | steps   53760 | t   29.3s | sps  1833] ret_mean=0.000 ep_len=500.0 pi_loss=-0.002 v_loss=0.001 ent=1.260 kl=0.0036
[upd  106 | steps   54272 | t   29.5s | sps  1842] ret_mean=0.000 ep_len=500.0 pi_loss=-0.007 v_loss=0.001 ent=1.157 kl=0.0007
[upd  107 | steps   54784 | t   29.6s | sps  1851] ret_mean=0.000 ep_len=500.0 pi_loss=-0.000 v_loss=0.000 ent=1.322 kl=0.0007
[upd  108 | steps   55296 | t   29.7s | sps  1859] ret_mean=0.000 ep_len=500.0 pi_loss=-0.005 v_loss=0.000 ent=1.252 kl=0.0100
[upd  109 | steps   55808 | t   29.9s | sps  1867] ret_mean=0.000 ep_len=500.0 pi_loss=-0.009 v_loss=0.000 ent=1.271 kl=0.0134
[upd  110 | steps   56320 | t   30.0s | sps  1875] ret_mean=0.000 ep_len=500.0 pi_loss=-0.004 v_loss=0.000 ent=1.221 kl=0.0073
[upd  111 | steps   56832 | t   30.2s | sps  1882] ret_mean=0.000 ep_len=500.0 pi_loss=-0.008 v_loss=0.001 ent=1.257 kl=0.0047
[upd  112 | steps   57344 | t   30.3s | sps  1890] ret_mean=0.000 ep_len=500.0 pi_loss=-0.005 v_loss=0.001 ent=1.323 kl=0.0065
[upd  113 | steps   57856 | t   30.5s | sps  1898] ret_mean=0.000 ep_len=500.0 pi_loss=-0.008 v_loss=0.001 ent=1.315 kl=0.0115
[upd  114 | steps   58368 | t   30.6s | sps  1906] ret_mean=0.000 ep_len=500.0 pi_loss=-0.004 v_loss=0.001 ent=1.297 kl=0.0045
[upd  115 | steps   58880 | t   30.8s | sps  1913] ret_mean=0.000 ep_len=500.0 pi_loss=-0.002 v_loss=0.000 ent=1.358 kl=0.0020
[upd  116 | steps   59392 | t   30.9s | sps  1922] ret_mean=0.000 ep_len=500.0 pi_loss=0.001 v_loss=0.001 ent=1.243 kl=-0.0005
[upd  117 | steps   59904 | t   31.0s | sps  1929] ret_mean=0.000 ep_len=500.0 pi_loss=-0.005 v_loss=0.001 ent=1.321 kl=0.0025
[upd  118 | steps   60416 | t   31.2s | sps  1937] ret_mean=0.000 ep_len=500.0 pi_loss=-0.002 v_loss=0.000 ent=1.299 kl=-0.0009
[upd  119 | steps   60928 | t   31.3s | sps  1944] ret_mean=0.000 ep_len=500.0 pi_loss=-0.003 v_loss=0.000 ent=1.226 kl=0.0046
[upd  120 | steps   61440 | t   31.5s | sps  1952] ret_mean=0.000 ep_len=500.0 pi_loss=0.001 v_loss=0.001 ent=1.255 kl=0.0006
[upd  121 | steps   61952 | t   31.6s | sps  1959] ret_mean=0.000 ep_len=500.0 pi_loss=-0.004 v_loss=0.001 ent=1.344 kl=0.0116
[upd  122 | steps   62464 | t   31.8s | sps  1967] ret_mean=0.000 ep_len=500.0 pi_loss=-0.002 v_loss=0.000 ent=1.351 kl=0.0013
[upd  123 | steps   62976 | t   31.9s | sps  1974] ret_mean=0.000 ep_len=500.0 pi_loss=-0.003 v_loss=0.001 ent=1.374 kl=0.0022
[upd  124 | steps   63488 | t   32.0s | sps  1981] ret_mean=0.000 ep_len=500.0 pi_loss=-0.000 v_loss=0.000 ent=1.348 kl=-0.0001
[upd  125 | steps   64000 | t   32.2s | sps  1988] ret_mean=0.000 ep_len=500.0 pi_loss=-0.011 v_loss=0.001 ent=1.302 kl=0.0084
        [eval] ret_mean=1.833 ep_len=500.0
[upd  126 | steps   64512 | t   35.8s | sps  1803] ret_mean=0.000 ep_len=500.0 pi_loss=-0.003 v_loss=0.000 ent=1.212 kl=0.0084
[upd  127 | steps   65024 | t   35.9s | sps  1811] ret_mean=0.000 ep_len=500.0 pi_loss=-0.007 v_loss=0.000 ent=1.291 kl=0.0126
[upd  128 | steps   65536 | t   36.0s | sps  1818] ret_mean=0.000 ep_len=500.0 pi_loss=-0.006 v_loss=0.000 ent=1.324 kl=0.0015
[upd  129 | steps   66048 | t   36.2s | sps  1825] ret_mean=0.000 ep_len=500.0 pi_loss=-0.009 v_loss=0.000 ent=1.332 kl=0.0038
[upd  130 | steps   66560 | t   36.3s | sps  1832] ret_mean=0.000 ep_len=500.0 pi_loss=-0.007 v_loss=0.000 ent=1.246 kl=0.0125
[upd  131 | steps   67072 | t   36.5s | sps  1839] ret_mean=0.000 ep_len=500.0 pi_loss=-0.004 v_loss=0.000 ent=1.210 kl=0.0065
[upd  132 | steps   67584 | t   36.6s | sps  1845] ret_mean=0.000 ep_len=500.0 pi_loss=-0.005 v_loss=0.000 ent=1.139 kl=0.0086
[upd  133 | steps   68096 | t   36.8s | sps  1852] ret_mean=0.000 ep_len=500.0 pi_loss=-0.008 v_loss=0.000 ent=1.098 kl=0.0124
[upd  134 | steps   68608 | t   36.9s | sps  1858] ret_mean=0.000 ep_len=500.0 pi_loss=-0.005 v_loss=0.000 ent=1.136 kl=0.0009
[upd  135 | steps   69120 | t   37.1s | sps  1863] ret_mean=0.000 ep_len=500.0 pi_loss=-0.002 v_loss=0.000 ent=1.251 kl=0.0006
[upd  136 | steps   69632 | t   37.3s | sps  1869] ret_mean=0.000 ep_len=500.0 pi_loss=-0.006 v_loss=0.000 ent=1.220 kl=0.0027
[upd  137 | steps   70144 | t   37.4s | sps  1875] ret_mean=0.000 ep_len=500.0 pi_loss=-0.002 v_loss=0.000 ent=1.040 kl=0.0107
[upd  138 | steps   70656 | t   37.6s | sps  1881] ret_mean=0.000 ep_len=500.0 pi_loss=-0.007 v_loss=0.000 ent=1.202 kl=0.0067
[upd  139 | steps   71168 | t   37.7s | sps  1887] ret_mean=0.000 ep_len=500.0 pi_loss=-0.005 v_loss=0.000 ent=1.246 kl=0.0030
[upd  140 | steps   71680 | t   37.9s | sps  1892] ret_mean=0.000 ep_len=500.0 pi_loss=-0.005 v_loss=0.000 ent=1.174 kl=0.0075
[upd  141 | steps   72192 | t   38.0s | sps  1898] ret_mean=0.000 ep_len=500.0 pi_loss=-0.005 v_loss=0.001 ent=1.095 kl=0.0106
[upd  142 | steps   72704 | t   38.2s | sps  1901] ret_mean=0.000 ep_len=500.0 pi_loss=-0.006 v_loss=0.000 ent=1.137 kl=-0.0040
[upd  143 | steps   73216 | t   38.4s | sps  1906] ret_mean=0.000 ep_len=500.0 pi_loss=-0.008 v_loss=0.001 ent=1.107 kl=0.0061
[upd  144 | steps   73728 | t   38.6s | sps  1912] ret_mean=0.000 ep_len=500.0 pi_loss=-0.008 v_loss=0.000 ent=1.188 kl=0.0067
[upd  145 | steps   74240 | t   38.7s | sps  1917] ret_mean=0.000 ep_len=500.0 pi_loss=-0.009 v_loss=0.000 ent=1.139 kl=0.0168
[upd  146 | steps   74752 | t   38.9s | sps  1923] ret_mean=0.000 ep_len=500.0 pi_loss=-0.008 v_loss=0.000 ent=1.112 kl=0.0053
[upd  147 | steps   75264 | t   39.0s | sps  1929] ret_mean=0.000 ep_len=500.0 pi_loss=0.001 v_loss=0.000 ent=1.070 kl=0.0008
[upd  148 | steps   75776 | t   39.2s | sps  1934] ret_mean=0.000 ep_len=500.0 pi_loss=-0.010 v_loss=0.001 ent=1.088 kl=0.0020
[upd  149 | steps   76288 | t   39.3s | sps  1940] ret_mean=0.000 ep_len=500.0 pi_loss=-0.001 v_loss=0.000 ent=1.136 kl=0.0031
[upd  150 | steps   76800 | t   39.5s | sps  1945] ret_mean=0.000 ep_len=500.0 pi_loss=-0.005 v_loss=0.000 ent=1.024 kl=0.0082
        [eval] ret_mean=0.000 ep_len=500.0
[upd  151 | steps   77312 | t   43.2s | sps  1792] ret_mean=0.000 ep_len=500.0 pi_loss=-0.007 v_loss=0.001 ent=1.144 kl=0.0174
[upd  152 | steps   77824 | t   43.3s | sps  1798] ret_mean=0.000 ep_len=500.0 pi_loss=-0.004 v_loss=0.000 ent=1.141 kl=0.0012
[upd  153 | steps   78336 | t   43.4s | sps  1804] ret_mean=0.000 ep_len=500.0 pi_loss=-0.002 v_loss=0.000 ent=1.135 kl=0.0020
[upd  154 | steps   78848 | t   43.6s | sps  1809] ret_mean=0.000 ep_len=500.0 pi_loss=-0.008 v_loss=0.000 ent=0.998 kl=0.0055
[upd  155 | steps   79360 | t   43.7s | sps  1815] ret_mean=0.000 ep_len=500.0 pi_loss=-0.004 v_loss=0.000 ent=0.984 kl=0.0105
[upd  156 | steps   79872 | t   43.9s | sps  1821] ret_mean=0.000 ep_len=500.0 pi_loss=0.000 v_loss=0.000 ent=1.176 kl=0.0108
[upd  157 | steps   80384 | t   44.0s | sps  1826] ret_mean=0.000 ep_len=500.0 pi_loss=-0.003 v_loss=0.000 ent=1.227 kl=-0.0016
[upd  158 | steps   80896 | t   44.2s | sps  1832] ret_mean=0.000 ep_len=500.0 pi_loss=-0.009 v_loss=0.000 ent=1.250 kl=0.0183
[upd  159 | steps   81408 | t   44.3s | sps  1837] ret_mean=0.000 ep_len=500.0 pi_loss=-0.002 v_loss=0.001 ent=1.082 kl=0.0031
[upd  160 | steps   81920 | t   44.5s | sps  1843] ret_mean=0.000 ep_len=500.0 pi_loss=-0.005 v_loss=0.000 ent=1.057 kl=0.0077
[upd  161 | steps   82432 | t   44.6s | sps  1848] ret_mean=0.000 ep_len=500.0 pi_loss=-0.004 v_loss=0.000 ent=1.110 kl=0.0062
[upd  162 | steps   82944 | t   44.7s | sps  1854] ret_mean=0.000 ep_len=500.0 pi_loss=-0.007 v_loss=0.000 ent=1.096 kl=0.0093
[upd  163 | steps   83456 | t   44.9s | sps  1859] ret_mean=0.000 ep_len=500.0 pi_loss=-0.004 v_loss=0.000 ent=1.211 kl=0.0051
[upd  164 | steps   83968 | t   45.0s | sps  1864] ret_mean=0.000 ep_len=500.0 pi_loss=-0.005 v_loss=0.000 ent=1.110 kl=0.0109
[upd  165 | steps   84480 | t   45.2s | sps  1869] ret_mean=0.000 ep_len=500.0 pi_loss=-0.003 v_loss=0.000 ent=1.035 kl=0.0012
[upd  166 | steps   84992 | t   45.3s | sps  1874] ret_mean=0.000 ep_len=500.0 pi_loss=0.002 v_loss=0.000 ent=1.097 kl=0.0035
[upd  167 | steps   85504 | t   45.5s | sps  1879] ret_mean=0.000 ep_len=500.0 pi_loss=-0.004 v_loss=0.000 ent=1.079 kl=0.0145
[upd  168 | steps   86016 | t   45.6s | sps  1885] ret_mean=0.000 ep_len=500.0 pi_loss=-0.004 v_loss=0.000 ent=1.246 kl=0.0093
[upd  169 | steps   86528 | t   45.8s | sps  1890] ret_mean=0.000 ep_len=500.0 pi_loss=-0.004 v_loss=0.000 ent=1.188 kl=-0.0001
[upd  170 | steps   87040 | t   45.9s | sps  1896] ret_mean=0.000 ep_len=500.0 pi_loss=-0.009 v_loss=0.000 ent=1.110 kl=0.0209
[upd  171 | steps   87552 | t   46.1s | sps  1901] ret_mean=0.000 ep_len=500.0 pi_loss=-0.007 v_loss=0.000 ent=1.256 kl=0.0030
[upd  172 | steps   88064 | t   46.2s | sps  1906] ret_mean=0.000 ep_len=500.0 pi_loss=-0.008 v_loss=0.000 ent=1.169 kl=0.0131
[upd  173 | steps   88576 | t   46.3s | sps  1911] ret_mean=0.000 ep_len=500.0 pi_loss=-0.004 v_loss=0.000 ent=1.006 kl=0.0018
[upd  174 | steps   89088 | t   46.5s | sps  1916] ret_mean=0.000 ep_len=500.0 pi_loss=-0.002 v_loss=0.000 ent=0.834 kl=0.0047
[upd  175 | steps   89600 | t   46.6s | sps  1921] ret_mean=0.000 ep_len=500.0 pi_loss=-0.009 v_loss=0.000 ent=1.128 kl=0.0157
        [eval] ret_mean=0.000 ep_len=500.0
[upd  176 | steps   90112 | t   50.3s | sps  1791] ret_mean=0.000 ep_len=500.0 pi_loss=-0.009 v_loss=0.001 ent=1.132 kl=0.0049
[upd  177 | steps   90624 | t   50.4s | sps  1796] ret_mean=0.000 ep_len=500.0 pi_loss=-0.005 v_loss=0.000 ent=0.986 kl=0.0050
[upd  178 | steps   91136 | t   50.6s | sps  1801] ret_mean=0.000 ep_len=500.0 pi_loss=-0.002 v_loss=0.000 ent=0.854 kl=0.0055
[upd  179 | steps   91648 | t   50.8s | sps  1805] ret_mean=0.000 ep_len=500.0 pi_loss=-0.002 v_loss=0.000 ent=1.188 kl=0.0069
[upd  180 | steps   92160 | t   50.9s | sps  1810] ret_mean=0.000 ep_len=500.0 pi_loss=-0.002 v_loss=0.000 ent=0.740 kl=0.0035
[upd  181 | steps   92672 | t   51.1s | sps  1815] ret_mean=0.000 ep_len=500.0 pi_loss=-0.002 v_loss=0.000 ent=0.862 kl=0.0073
[upd  182 | steps   93184 | t   51.2s | sps  1820] ret_mean=0.000 ep_len=500.0 pi_loss=-0.004 v_loss=0.000 ent=0.923 kl=0.0012
[upd  183 | steps   93696 | t   51.4s | sps  1824] ret_mean=0.000 ep_len=500.0 pi_loss=-0.006 v_loss=0.000 ent=1.242 kl=0.0049
[upd  184 | steps   94208 | t   51.5s | sps  1829] ret_mean=0.000 ep_len=500.0 pi_loss=-0.006 v_loss=0.000 ent=0.942 kl=0.0082
[upd  185 | steps   94720 | t   51.7s | sps  1834] ret_mean=0.000 ep_len=500.0 pi_loss=-0.004 v_loss=0.000 ent=0.950 kl=0.0034
[upd  186 | steps   95232 | t   51.8s | sps  1838] ret_mean=0.000 ep_len=500.0 pi_loss=-0.004 v_loss=0.000 ent=0.921 kl=0.0044
[upd  187 | steps   95744 | t   52.0s | sps  1843] ret_mean=0.000 ep_len=500.0 pi_loss=-0.007 v_loss=0.000 ent=0.746 kl=0.0095
[upd  188 | steps   96256 | t   52.1s | sps  1847] ret_mean=0.000 ep_len=500.0 pi_loss=-0.002 v_loss=0.000 ent=0.776 kl=-0.0006
[upd  189 | steps   96768 | t   52.3s | sps  1852] ret_mean=0.000 ep_len=500.0 pi_loss=-0.006 v_loss=0.000 ent=0.894 kl=-0.0016
[upd  190 | steps   97280 | t   52.4s | sps  1856] ret_mean=0.000 ep_len=500.0 pi_loss=-0.003 v_loss=0.000 ent=0.732 kl=0.0027
[upd  191 | steps   97792 | t   52.6s | sps  1859] ret_mean=0.000 ep_len=500.0 pi_loss=-0.000 v_loss=0.000 ent=0.995 kl=0.0012
[upd  192 | steps   98304 | t   52.7s | sps  1864] ret_mean=0.000 ep_len=500.0 pi_loss=-0.001 v_loss=0.000 ent=0.956 kl=0.0020
[upd  193 | steps   98816 | t   52.9s | sps  1868] ret_mean=0.000 ep_len=500.0 pi_loss=-0.016 v_loss=0.000 ent=0.972 kl=0.0068
[upd  194 | steps   99328 | t   53.1s | sps  1872] ret_mean=0.000 ep_len=500.0 pi_loss=-0.001 v_loss=0.001 ent=0.780 kl=0.0009
[upd  195 | steps   99840 | t   53.2s | sps  1877] ret_mean=0.000 ep_len=500.0 pi_loss=-0.004 v_loss=0.000 ent=0.803 kl=-0.0009
[upd  196 | steps  100352 | t   53.3s | sps  1881] ret_mean=0.000 ep_len=500.0 pi_loss=-0.004 v_loss=0.000 ent=0.729 kl=-0.0048
[upd  197 | steps  100864 | t   53.5s | sps  1885] ret_mean=0.000 ep_len=500.0 pi_loss=-0.009 v_loss=0.000 ent=1.212 kl=0.0185
[upd  198 | steps  101376 | t   53.7s | sps  1889] ret_mean=0.000 ep_len=500.0 pi_loss=-0.004 v_loss=0.000 ent=0.998 kl=0.0030
[upd  199 | steps  101888 | t   53.8s | sps  1893] ret_mean=0.000 ep_len=500.0 pi_loss=-0.005 v_loss=0.000 ent=0.882 kl=0.0097
[upd  200 | steps  102400 | t   54.0s | sps  1898] ret_mean=0.000 ep_len=500.0 pi_loss=-0.003 v_loss=0.000 ent=0.783 kl=0.0006
        [eval] ret_mean=0.000 ep_len=500.0
[upd  201 | steps  102912 | t   57.7s | sps  1785] ret_mean=0.000 ep_len=500.0 pi_loss=-0.002 v_loss=0.000 ent=1.108 kl=0.0044
[upd  202 | steps  103424 | t   57.8s | sps  1789] ret_mean=0.000 ep_len=500.0 pi_loss=-0.013 v_loss=0.000 ent=0.775 kl=0.0247
[upd  203 | steps  103936 | t   58.0s | sps  1793] ret_mean=0.000 ep_len=500.0 pi_loss=-0.003 v_loss=0.000 ent=0.991 kl=-0.0007
[upd  204 | steps  104448 | t   58.1s | sps  1798] ret_mean=0.000 ep_len=500.0 pi_loss=-0.004 v_loss=0.005 ent=1.052 kl=-0.0001
[upd  205 | steps  104960 | t   58.2s | sps  1802] ret_mean=4.500 ep_len=500.0 pi_loss=-0.002 v_loss=0.010 ent=0.968 kl=0.0003
[upd  206 | steps  105472 | t   58.4s | sps  1806] ret_mean=0.000 ep_len=500.0 pi_loss=-0.002 v_loss=0.011 ent=0.881 kl=0.0081
[upd  207 | steps  105984 | t   58.6s | sps  1810] ret_mean=0.000 ep_len=500.0 pi_loss=-0.002 v_loss=0.000 ent=1.151 kl=0.0039
[upd  208 | steps  106496 | t   58.7s | sps  1814] ret_mean=0.000 ep_len=500.0 pi_loss=-0.007 v_loss=0.000 ent=1.232 kl=0.0035
[upd  209 | steps  107008 | t   58.8s | sps  1819] ret_mean=0.000 ep_len=500.0 pi_loss=-0.002 v_loss=0.000 ent=1.158 kl=0.0018
[upd  210 | steps  107520 | t   59.0s | sps  1823] ret_mean=0.000 ep_len=500.0 pi_loss=-0.003 v_loss=0.001 ent=1.174 kl=0.0030
[upd  211 | steps  108032 | t   59.1s | sps  1826] ret_mean=0.000 ep_len=500.0 pi_loss=-0.007 v_loss=0.000 ent=1.270 kl=0.0060
[upd  212 | steps  108544 | t   59.3s | sps  1830] ret_mean=0.000 ep_len=500.0 pi_loss=-0.008 v_loss=0.000 ent=1.208 kl=0.0011
[upd  213 | steps  109056 | t   59.5s | sps  1834] ret_mean=0.000 ep_len=500.0 pi_loss=-0.005 v_loss=0.000 ent=1.095 kl=0.0025
[upd  214 | steps  109568 | t   59.6s | sps  1838] ret_mean=0.000 ep_len=500.0 pi_loss=-0.004 v_loss=0.000 ent=0.933 kl=0.0050
[upd  215 | steps  110080 | t   59.8s | sps  1842] ret_mean=0.000 ep_len=500.0 pi_loss=-0.012 v_loss=0.000 ent=0.967 kl=0.0039
[upd  216 | steps  110592 | t   59.9s | sps  1846] ret_mean=0.000 ep_len=500.0 pi_loss=-0.009 v_loss=0.000 ent=1.019 kl=0.0116
[upd  217 | steps  111104 | t   60.1s | sps  1849] ret_mean=0.000 ep_len=500.0 pi_loss=-0.005 v_loss=0.000 ent=0.909 kl=-0.0037
[upd  218 | steps  111616 | t   60.2s | sps  1853] ret_mean=0.000 ep_len=500.0 pi_loss=-0.005 v_loss=0.000 ent=0.852 kl=0.0021
[upd  219 | steps  112128 | t   60.4s | sps  1856] ret_mean=0.000 ep_len=500.0 pi_loss=-0.005 v_loss=0.000 ent=0.928 kl=0.0032
[upd  220 | steps  112640 | t   60.6s | sps  1860] ret_mean=0.000 ep_len=500.0 pi_loss=-0.003 v_loss=0.000 ent=0.790 kl=-0.0012
[upd  221 | steps  113152 | t   60.7s | sps  1864] ret_mean=0.000 ep_len=500.0 pi_loss=-0.005 v_loss=0.000 ent=0.696 kl=0.0046
[upd  222 | steps  113664 | t   60.9s | sps  1867] ret_mean=0.000 ep_len=500.0 pi_loss=0.001 v_loss=0.000 ent=0.881 kl=0.0031
[upd  223 | steps  114176 | t   61.0s | sps  1870] ret_mean=0.000 ep_len=500.0 pi_loss=-0.003 v_loss=0.000 ent=0.590 kl=-0.0011
[upd  224 | steps  114688 | t   61.2s | sps  1873] ret_mean=0.000 ep_len=500.0 pi_loss=-0.005 v_loss=0.000 ent=0.522 kl=0.0106
[upd  225 | steps  115200 | t   61.4s | sps  1877] ret_mean=0.000 ep_len=500.0 pi_loss=-0.004 v_loss=0.000 ent=0.676 kl=0.0058
        [eval] ret_mean=0.000 ep_len=500.0
[upd  226 | steps  115712 | t   65.2s | sps  1774] ret_mean=0.000 ep_len=500.0 pi_loss=-0.001 v_loss=0.000 ent=0.477 kl=-0.0007
[upd  227 | steps  116224 | t   65.4s | sps  1777] ret_mean=0.000 ep_len=500.0 pi_loss=-0.005 v_loss=0.000 ent=0.770 kl=0.0073
[upd  228 | steps  116736 | t   65.6s | sps  1781] ret_mean=0.000 ep_len=500.0 pi_loss=-0.002 v_loss=0.000 ent=0.486 kl=0.0046
[upd  229 | steps  117248 | t   65.7s | sps  1784] ret_mean=0.000 ep_len=500.0 pi_loss=-0.003 v_loss=0.000 ent=0.687 kl=0.0008
[upd  230 | steps  117760 | t   65.9s | sps  1788] ret_mean=0.000 ep_len=500.0 pi_loss=-0.006 v_loss=0.000 ent=0.756 kl=0.0219
[upd  231 | steps  118272 | t   66.0s | sps  1792] ret_mean=0.000 ep_len=500.0 pi_loss=-0.003 v_loss=0.000 ent=0.836 kl=-0.0026
[upd  232 | steps  118784 | t   66.2s | sps  1795] ret_mean=0.000 ep_len=500.0 pi_loss=-0.005 v_loss=0.000 ent=0.847 kl=0.0011
[upd  233 | steps  119296 | t   66.3s | sps  1799] ret_mean=0.000 ep_len=500.0 pi_loss=-0.001 v_loss=0.000 ent=0.921 kl=-0.0000
[upd  234 | steps  119808 | t   66.5s | sps  1803] ret_mean=0.000 ep_len=500.0 pi_loss=-0.001 v_loss=0.000 ent=0.579 kl=0.0002
[upd  235 | steps  120320 | t   66.6s | sps  1806] ret_mean=0.000 ep_len=500.0 pi_loss=-0.004 v_loss=0.000 ent=0.864 kl=0.0023
[upd  236 | steps  120832 | t   66.8s | sps  1810] ret_mean=0.000 ep_len=500.0 pi_loss=-0.009 v_loss=0.000 ent=0.729 kl=0.0076
[upd  237 | steps  121344 | t   66.9s | sps  1813] ret_mean=0.000 ep_len=500.0 pi_loss=-0.001 v_loss=0.000 ent=0.754 kl=0.0051
[upd  238 | steps  121856 | t   67.1s | sps  1817] ret_mean=0.000 ep_len=500.0 pi_loss=-0.003 v_loss=0.000 ent=1.086 kl=0.0038
[upd  239 | steps  122368 | t   67.2s | sps  1820] ret_mean=0.000 ep_len=500.0 pi_loss=-0.004 v_loss=0.000 ent=1.114 kl=0.0052
[upd  240 | steps  122880 | t   67.4s | sps  1823] ret_mean=0.000 ep_len=500.0 pi_loss=-0.007 v_loss=0.000 ent=1.264 kl=-0.0020
[upd  241 | steps  123392 | t   67.6s | sps  1827] ret_mean=0.000 ep_len=500.0 pi_loss=-0.001 v_loss=0.000 ent=1.188 kl=0.0014
[upd  242 | steps  123904 | t   67.7s | sps  1830] ret_mean=0.000 ep_len=500.0 pi_loss=-0.007 v_loss=0.000 ent=1.101 kl=0.0007
[upd  243 | steps  124416 | t   67.9s | sps  1833] ret_mean=0.000 ep_len=500.0 pi_loss=-0.002 v_loss=0.000 ent=0.724 kl=0.0038
[upd  244 | steps  124928 | t   68.0s | sps  1836] ret_mean=0.000 ep_len=500.0 pi_loss=-0.005 v_loss=0.000 ent=0.812 kl=0.0006
[upd  245 | steps  125440 | t   68.2s | sps  1839] ret_mean=0.000 ep_len=500.0 pi_loss=-0.004 v_loss=0.000 ent=0.718 kl=0.0073
[upd  246 | steps  125952 | t   68.4s | sps  1842] ret_mean=0.000 ep_len=500.0 pi_loss=-0.003 v_loss=0.000 ent=0.880 kl=-0.0024
[upd  247 | steps  126464 | t   68.5s | sps  1845] ret_mean=0.000 ep_len=500.0 pi_loss=-0.002 v_loss=0.000 ent=0.611 kl=0.0008
[upd  248 | steps  126976 | t   68.7s | sps  1848] ret_mean=0.000 ep_len=500.0 pi_loss=-0.003 v_loss=0.000 ent=0.402 kl=0.0018
[upd  249 | steps  127488 | t   68.9s | sps  1851] ret_mean=0.000 ep_len=500.0 pi_loss=-0.003 v_loss=0.000 ent=0.537 kl=-0.0015
[upd  250 | steps  128000 | t   69.1s | sps  1854] ret_mean=0.000 ep_len=500.0 pi_loss=-0.001 v_loss=0.000 ent=0.627 kl=0.0058
        [eval] ret_mean=0.000 ep_len=500.0
[upd  251 | steps  128512 | t   72.7s | sps  1767] ret_mean=0.000 ep_len=500.0 pi_loss=0.000 v_loss=0.000 ent=0.919 kl=0.0057
[upd  252 | steps  129024 | t   72.9s | sps  1770] ret_mean=0.000 ep_len=500.0 pi_loss=-0.004 v_loss=0.000 ent=0.664 kl=0.0091
[upd  253 | steps  129536 | t   73.0s | sps  1774] ret_mean=0.000 ep_len=500.0 pi_loss=-0.003 v_loss=0.000 ent=0.925 kl=0.0028
[upd  254 | steps  130048 | t   73.2s | sps  1777] ret_mean=0.000 ep_len=500.0 pi_loss=-0.006 v_loss=0.000 ent=1.013 kl=0.0034
[upd  255 | steps  130560 | t   73.3s | sps  1780] ret_mean=0.000 ep_len=500.0 pi_loss=-0.002 v_loss=0.000 ent=0.945 kl=0.0051
[upd  256 | steps  131072 | t   73.5s | sps  1784] ret_mean=0.000 ep_len=500.0 pi_loss=-0.008 v_loss=0.000 ent=0.838 kl=0.0155
[upd  257 | steps  131584 | t   73.6s | sps  1787] ret_mean=0.000 ep_len=500.0 pi_loss=-0.007 v_loss=0.000 ent=0.800 kl=0.0081
[upd  258 | steps  132096 | t   73.8s | sps  1791] ret_mean=0.000 ep_len=500.0 pi_loss=-0.003 v_loss=0.000 ent=0.879 kl=0.0029
[upd  259 | steps  132608 | t   73.9s | sps  1794] ret_mean=0.000 ep_len=500.0 pi_loss=-0.004 v_loss=0.000 ent=0.754 kl=0.0035
[upd  260 | steps  133120 | t   74.1s | sps  1797] ret_mean=0.000 ep_len=500.0 pi_loss=-0.006 v_loss=0.000 ent=0.684 kl=0.0032
[upd  261 | steps  133632 | t   74.2s | sps  1800] ret_mean=0.000 ep_len=500.0 pi_loss=-0.005 v_loss=0.000 ent=0.750 kl=0.0065
[upd  262 | steps  134144 | t   74.4s | sps  1803] ret_mean=0.000 ep_len=500.0 pi_loss=-0.005 v_loss=0.000 ent=0.829 kl=0.0049
[upd  263 | steps  134656 | t   74.5s | sps  1807] ret_mean=0.000 ep_len=500.0 pi_loss=-0.007 v_loss=0.000 ent=0.624 kl=-0.0005
[upd  264 | steps  135168 | t   74.7s | sps  1810] ret_mean=0.000 ep_len=500.0 pi_loss=-0.001 v_loss=0.000 ent=0.820 kl=0.0020
[upd  265 | steps  135680 | t   74.8s | sps  1813] ret_mean=0.000 ep_len=500.0 pi_loss=-0.004 v_loss=0.000 ent=0.852 kl=0.0009
[upd  266 | steps  136192 | t   75.0s | sps  1816] ret_mean=0.000 ep_len=500.0 pi_loss=-0.002 v_loss=0.000 ent=0.918 kl=-0.0032
[upd  267 | steps  136704 | t   75.2s | sps  1819] ret_mean=0.000 ep_len=500.0 pi_loss=-0.004 v_loss=0.000 ent=0.799 kl=0.0018
[upd  268 | steps  137216 | t   75.3s | sps  1822] ret_mean=0.000 ep_len=500.0 pi_loss=-0.005 v_loss=0.000 ent=0.805 kl=0.0039
[upd  269 | steps  137728 | t   75.5s | sps  1825] ret_mean=0.000 ep_len=500.0 pi_loss=-0.004 v_loss=0.000 ent=0.747 kl=0.0111
[upd  270 | steps  138240 | t   75.6s | sps  1828] ret_mean=0.000 ep_len=500.0 pi_loss=-0.000 v_loss=0.000 ent=0.746 kl=0.0058
[upd  271 | steps  138752 | t   75.8s | sps  1831] ret_mean=0.000 ep_len=500.0 pi_loss=-0.005 v_loss=0.000 ent=0.726 kl=0.0021
[upd  272 | steps  139264 | t   75.9s | sps  1834] ret_mean=0.000 ep_len=500.0 pi_loss=-0.004 v_loss=0.000 ent=0.801 kl=0.0019
[upd  273 | steps  139776 | t   76.1s | sps  1837] ret_mean=0.000 ep_len=500.0 pi_loss=-0.007 v_loss=0.000 ent=0.844 kl=0.0009
[upd  274 | steps  140288 | t   76.3s | sps  1840] ret_mean=0.000 ep_len=500.0 pi_loss=-0.006 v_loss=0.000 ent=0.951 kl=0.0085
[upd  275 | steps  140800 | t   76.4s | sps  1843] ret_mean=0.000 ep_len=500.0 pi_loss=-0.010 v_loss=0.000 ent=0.951 kl=0.0152
        [eval] ret_mean=0.000 ep_len=500.0
[upd  276 | steps  141312 | t   80.1s | sps  1764] ret_mean=0.000 ep_len=500.0 pi_loss=-0.001 v_loss=0.000 ent=1.015 kl=0.0081
[upd  277 | steps  141824 | t   80.3s | sps  1767] ret_mean=0.000 ep_len=500.0 pi_loss=-0.004 v_loss=0.000 ent=0.892 kl=0.0105
[upd  278 | steps  142336 | t   80.4s | sps  1770] ret_mean=0.000 ep_len=500.0 pi_loss=-0.001 v_loss=0.000 ent=0.960 kl=0.0035
[upd  279 | steps  142848 | t   80.5s | sps  1774] ret_mean=0.000 ep_len=500.0 pi_loss=-0.004 v_loss=0.000 ent=0.953 kl=0.0042
[upd  280 | steps  143360 | t   80.7s | sps  1777] ret_mean=0.000 ep_len=500.0 pi_loss=-0.008 v_loss=0.000 ent=1.065 kl=0.0070
[upd  281 | steps  143872 | t   80.8s | sps  1780] ret_mean=0.000 ep_len=500.0 pi_loss=-0.004 v_loss=0.000 ent=1.057 kl=0.0083
[upd  282 | steps  144384 | t   81.0s | sps  1783] ret_mean=0.000 ep_len=500.0 pi_loss=-0.006 v_loss=0.000 ent=0.871 kl=0.0094
[upd  283 | steps  144896 | t   81.2s | sps  1786] ret_mean=0.000 ep_len=500.0 pi_loss=-0.005 v_loss=0.000 ent=1.069 kl=0.0046
[upd  284 | steps  145408 | t   81.3s | sps  1789] ret_mean=0.000 ep_len=500.0 pi_loss=-0.003 v_loss=0.000 ent=0.972 kl=0.0018
[upd  285 | steps  145920 | t   81.4s | sps  1792] ret_mean=0.000 ep_len=500.0 pi_loss=-0.001 v_loss=0.000 ent=0.860 kl=0.0089
[upd  286 | steps  146432 | t   81.6s | sps  1795] ret_mean=0.000 ep_len=500.0 pi_loss=-0.003 v_loss=0.000 ent=0.816 kl=0.0147
[upd  287 | steps  146944 | t   81.7s | sps  1797] ret_mean=0.000 ep_len=500.0 pi_loss=-0.003 v_loss=0.000 ent=0.583 kl=0.0090
[upd  288 | steps  147456 | t   81.9s | sps  1800] ret_mean=0.000 ep_len=500.0 pi_loss=-0.004 v_loss=0.000 ent=0.981 kl=0.0111
[upd  289 | steps  147968 | t   82.1s | sps  1803] ret_mean=0.000 ep_len=500.0 pi_loss=-0.001 v_loss=0.000 ent=0.952 kl=0.0009
[upd  290 | steps  148480 | t   82.2s | sps  1806] ret_mean=0.000 ep_len=500.0 pi_loss=-0.002 v_loss=0.000 ent=0.675 kl=0.0042
[upd  291 | steps  148992 | t   82.4s | sps  1808] ret_mean=0.000 ep_len=500.0 pi_loss=-0.004 v_loss=0.000 ent=0.802 kl=0.0026
[upd  292 | steps  149504 | t   82.5s | sps  1811] ret_mean=0.000 ep_len=500.0 pi_loss=-0.001 v_loss=0.000 ent=0.871 kl=-0.0007
[upd  293 | steps  150016 | t   82.7s | sps  1814] ret_mean=0.000 ep_len=500.0 pi_loss=-0.007 v_loss=0.000 ent=0.813 kl=0.0054
[upd  294 | steps  150528 | t   82.9s | sps  1817] ret_mean=0.000 ep_len=500.0 pi_loss=-0.005 v_loss=0.000 ent=0.790 kl=0.0012
[upd  295 | steps  151040 | t   83.0s | sps  1820] ret_mean=0.000 ep_len=500.0 pi_loss=-0.003 v_loss=0.000 ent=0.723 kl=0.0052
[upd  296 | steps  151552 | t   83.2s | sps  1822] ret_mean=0.000 ep_len=500.0 pi_loss=-0.002 v_loss=0.011 ent=0.696 kl=0.0016
[upd  297 | steps  152064 | t   83.3s | sps  1825] ret_mean=0.000 ep_len=500.0 pi_loss=-0.005 v_loss=0.003 ent=0.555 kl=0.0017
[upd  298 | steps  152576 | t   83.5s | sps  1828] ret_mean=0.000 ep_len=500.0 pi_loss=-0.003 v_loss=0.001 ent=0.818 kl=0.0070
[upd  299 | steps  153088 | t   83.6s | sps  1831] ret_mean=0.000 ep_len=500.0 pi_loss=-0.006 v_loss=0.000 ent=0.808 kl=0.0063
[upd  300 | steps  153600 | t   83.8s | sps  1834] ret_mean=0.000 ep_len=500.0 pi_loss=-0.003 v_loss=0.000 ent=0.605 kl=-0.0004
        [eval] ret_mean=0.000 ep_len=500.0
