$ /Users/praneelkhiantani/Downloads/cs2860/.venv/bin/python3 -m policies.train --env rware-medium-2ag-easy-v2 --seed 0 --updates 200 --rollout 512 --eval-every 50 --eval-episodes 10 --log-dir matrix_results/intent_grounded_v1_pilot/rware-medium-2ag-easy-v2 --run-name mappo-no-comm__baseline__d0__s0 --n-msg-tokens 8 --no-comm --shape-rewards --pickup-bonus 0.5

[env] EnvSpec(env_id='rware-medium-2ag-easy-v2', n_agents=2, obs_dim=71, n_env_actions=5, noop_action=0, family='rware')  (n_msg_tokens=1)
[cfg] {'clip_range': 0.2, 'value_clip_range': 0.2, 'entropy_coef': 0.01, 'value_coef': 0.5, 'max_grad_norm': 0.5, 'gamma': 0.99, 'gae_lambda': 0.95, 'lr_actor': 0.0003, 'lr_critic': 0.001, 'update_epochs': 4, 'minibatches': 4, 'hidden': 128, 'depth': 2, 'device': 'cpu', 'message_grounding_coef': 0.0, 'extra': {}}
[log] writing to matrix_results/intent_grounded_v1_pilot/rware-medium-2ag-easy-v2/mappo-no-comm__baseline__d0__s0
[upd    1 | steps     512 | t    0.6s | sps   928] ret_mean=0.000 ep_len=500.0 pi_loss=-0.007 v_loss=0.082 ent=1.607 msg_acc=0.000 kl=0.0067
[upd    2 | steps    1024 | t    1.0s | sps  1031] ret_mean=0.000 ep_len=500.0 pi_loss=-0.006 v_loss=0.014 ent=1.605 msg_acc=0.000 kl=0.0084
[upd    3 | steps    1536 | t    1.5s | sps  1055] ret_mean=0.000 ep_len=500.0 pi_loss=-0.006 v_loss=0.011 ent=1.587 msg_acc=0.000 kl=0.0015
[upd    4 | steps    2048 | t    2.3s | sps   903] ret_mean=0.000 ep_len=500.0 pi_loss=-0.009 v_loss=0.004 ent=1.582 msg_acc=0.000 kl=0.0048
[upd    5 | steps    2560 | t    3.7s | sps   687] ret_mean=0.000 ep_len=500.0 pi_loss=-0.003 v_loss=0.009 ent=1.549 msg_acc=0.000 kl=0.0033
[upd    6 | steps    3072 | t    4.7s | sps   647] ret_mean=1.000 ep_len=500.0 pi_loss=-0.007 v_loss=0.004 ent=1.566 msg_acc=0.000 kl=0.0040
[upd    7 | steps    3584 | t    6.1s | sps   592] ret_mean=0.000 ep_len=500.0 pi_loss=-0.008 v_loss=0.004 ent=1.544 msg_acc=0.000 kl=0.0112
[upd    8 | steps    4096 | t    7.9s | sps   521] ret_mean=0.000 ep_len=500.0 pi_loss=-0.002 v_loss=0.003 ent=1.540 msg_acc=0.000 kl=0.0019
[upd    9 | steps    4608 | t    9.9s | sps   465] ret_mean=0.000 ep_len=500.0 pi_loss=-0.001 v_loss=0.001 ent=1.514 msg_acc=0.000 kl=0.0048
[upd   10 | steps    5120 | t   10.8s | sps   472] ret_mean=0.000 ep_len=500.0 pi_loss=-0.002 v_loss=0.001 ent=1.526 msg_acc=0.000 kl=-0.0019
[upd   11 | steps    5632 | t   11.6s | sps   487] ret_mean=0.000 ep_len=500.0 pi_loss=-0.008 v_loss=0.003 ent=1.506 msg_acc=0.000 kl=0.0043
[upd   12 | steps    6144 | t   12.3s | sps   500] ret_mean=0.000 ep_len=500.0 pi_loss=-0.004 v_loss=0.001 ent=1.525 msg_acc=0.000 kl=0.0047
[upd   13 | steps    6656 | t   12.9s | sps   514] ret_mean=0.000 ep_len=500.0 pi_loss=-0.004 v_loss=0.001 ent=1.509 msg_acc=0.000 kl=0.0092
[upd   14 | steps    7168 | t   13.6s | sps   526] ret_mean=0.000 ep_len=500.0 pi_loss=-0.001 v_loss=0.001 ent=1.490 msg_acc=0.000 kl=0.0036
[upd   15 | steps    7680 | t   14.4s | sps   532] ret_mean=0.000 ep_len=500.0 pi_loss=-0.006 v_loss=0.001 ent=1.535 msg_acc=0.000 kl=-0.0007
[upd   16 | steps    8192 | t   15.7s | sps   522] ret_mean=0.000 ep_len=500.0 pi_loss=-0.006 v_loss=0.001 ent=1.527 msg_acc=0.000 kl=0.0079
[upd   17 | steps    8704 | t   16.9s | sps   516] ret_mean=0.000 ep_len=500.0 pi_loss=-0.003 v_loss=0.001 ent=1.495 msg_acc=0.000 kl=0.0079
[upd   18 | steps    9216 | t   17.7s | sps   522] ret_mean=0.000 ep_len=500.0 pi_loss=-0.003 v_loss=0.001 ent=1.509 msg_acc=0.000 kl=-0.0007
[upd   19 | steps    9728 | t   18.4s | sps   529] ret_mean=1.000 ep_len=500.0 pi_loss=-0.004 v_loss=0.009 ent=1.503 msg_acc=0.000 kl=0.0053
[upd   20 | steps   10240 | t   19.2s | sps   533] ret_mean=1.000 ep_len=500.0 pi_loss=-0.007 v_loss=0.001 ent=1.481 msg_acc=0.000 kl=0.0093
[upd   21 | steps   10752 | t   20.3s | sps   531] ret_mean=0.000 ep_len=500.0 pi_loss=-0.012 v_loss=0.001 ent=1.506 msg_acc=0.000 kl=0.0163
[upd   22 | steps   11264 | t   21.2s | sps   531] ret_mean=0.000 ep_len=500.0 pi_loss=-0.009 v_loss=0.001 ent=1.513 msg_acc=0.000 kl=0.0128
[upd   23 | steps   11776 | t   22.1s | sps   532] ret_mean=0.000 ep_len=500.0 pi_loss=-0.006 v_loss=0.001 ent=1.544 msg_acc=0.000 kl=0.0097
[upd   24 | steps   12288 | t   23.1s | sps   531] ret_mean=0.000 ep_len=500.0 pi_loss=-0.003 v_loss=0.001 ent=1.551 msg_acc=0.000 kl=-0.0004
[upd   25 | steps   12800 | t   24.0s | sps   534] ret_mean=0.000 ep_len=500.0 pi_loss=-0.005 v_loss=0.001 ent=1.573 msg_acc=0.000 kl=0.0047
[upd   26 | steps   13312 | t   24.6s | sps   540] ret_mean=0.000 ep_len=500.0 pi_loss=-0.004 v_loss=0.001 ent=1.510 msg_acc=0.000 kl=0.0077
[upd   27 | steps   13824 | t   25.3s | sps   547] ret_mean=0.000 ep_len=500.0 pi_loss=-0.006 v_loss=0.001 ent=1.512 msg_acc=0.000 kl=0.0036
[upd   28 | steps   14336 | t   26.2s | sps   548] ret_mean=0.000 ep_len=500.0 pi_loss=-0.006 v_loss=0.000 ent=1.463 msg_acc=0.000 kl=0.0008
[upd   29 | steps   14848 | t   26.9s | sps   551] ret_mean=0.000 ep_len=500.0 pi_loss=-0.004 v_loss=0.000 ent=1.448 msg_acc=0.000 kl=0.0084
[upd   30 | steps   15360 | t   27.7s | sps   554] ret_mean=0.000 ep_len=500.0 pi_loss=-0.001 v_loss=0.000 ent=1.427 msg_acc=0.000 kl=0.0045
[upd   31 | steps   15872 | t   28.4s | sps   560] ret_mean=0.000 ep_len=500.0 pi_loss=-0.006 v_loss=0.000 ent=1.417 msg_acc=0.000 kl=0.0066
[upd   32 | steps   16384 | t   29.1s | sps   563] ret_mean=0.000 ep_len=500.0 pi_loss=-0.003 v_loss=0.001 ent=1.456 msg_acc=0.000 kl=-0.0002
[upd   33 | steps   16896 | t   30.1s | sps   561] ret_mean=0.000 ep_len=500.0 pi_loss=-0.009 v_loss=0.000 ent=1.373 msg_acc=0.000 kl=0.0044
[upd   34 | steps   17408 | t   31.3s | sps   557] ret_mean=0.000 ep_len=500.0 pi_loss=-0.005 v_loss=0.000 ent=1.438 msg_acc=0.000 kl=0.0010
[upd   35 | steps   17920 | t   32.1s | sps   558] ret_mean=0.000 ep_len=500.0 pi_loss=-0.004 v_loss=0.000 ent=1.455 msg_acc=0.000 kl=-0.0002
[upd   36 | steps   18432 | t   32.9s | sps   561] ret_mean=0.000 ep_len=500.0 pi_loss=-0.006 v_loss=0.001 ent=1.251 msg_acc=0.000 kl=0.0067
[upd   37 | steps   18944 | t   33.8s | sps   560] ret_mean=0.000 ep_len=500.0 pi_loss=-0.004 v_loss=0.000 ent=1.415 msg_acc=0.000 kl=0.0054
[upd   38 | steps   19456 | t   34.8s | sps   559] ret_mean=0.000 ep_len=500.0 pi_loss=-0.008 v_loss=0.003 ent=1.432 msg_acc=0.000 kl=0.0030
[upd   39 | steps   19968 | t   35.9s | sps   556] ret_mean=1.000 ep_len=500.0 pi_loss=-0.008 v_loss=0.001 ent=1.525 msg_acc=0.000 kl=0.0053
[upd   40 | steps   20480 | t   36.6s | sps   559] ret_mean=0.000 ep_len=500.0 pi_loss=-0.005 v_loss=0.001 ent=1.525 msg_acc=0.000 kl=0.0013
[upd   41 | steps   20992 | t   37.4s | sps   561] ret_mean=0.000 ep_len=500.0 pi_loss=-0.005 v_loss=0.000 ent=1.405 msg_acc=0.000 kl=0.0089
[upd   42 | steps   21504 | t   38.1s | sps   564] ret_mean=0.000 ep_len=500.0 pi_loss=-0.006 v_loss=0.001 ent=1.333 msg_acc=0.000 kl=0.0090
[upd   43 | steps   22016 | t   39.2s | sps   562] ret_mean=1.000 ep_len=500.0 pi_loss=-0.005 v_loss=0.005 ent=1.355 msg_acc=0.000 kl=0.0082
[upd   44 | steps   22528 | t   39.9s | sps   564] ret_mean=0.000 ep_len=500.0 pi_loss=-0.002 v_loss=0.001 ent=1.536 msg_acc=0.000 kl=0.0013
[upd   45 | steps   23040 | t   40.8s | sps   565] ret_mean=1.000 ep_len=500.0 pi_loss=-0.004 v_loss=0.008 ent=1.452 msg_acc=0.000 kl=0.0023
[upd   46 | steps   23552 | t   41.6s | sps   567] ret_mean=0.000 ep_len=500.0 pi_loss=-0.006 v_loss=0.006 ent=1.402 msg_acc=0.000 kl=-0.0030
[upd   47 | steps   24064 | t   42.3s | sps   568] ret_mean=0.000 ep_len=500.0 pi_loss=-0.002 v_loss=0.001 ent=1.470 msg_acc=0.000 kl=-0.0028
[upd   48 | steps   24576 | t   43.0s | sps   571] ret_mean=0.000 ep_len=500.0 pi_loss=-0.006 v_loss=0.000 ent=1.501 msg_acc=0.000 kl=0.0066
[upd   49 | steps   25088 | t   43.8s | sps   573] ret_mean=0.000 ep_len=500.0 pi_loss=-0.004 v_loss=0.001 ent=1.449 msg_acc=0.000 kl=0.0008
[upd   50 | steps   25600 | t   44.4s | sps   576] ret_mean=0.500 ep_len=500.0 pi_loss=-0.003 v_loss=0.001 ent=1.467 msg_acc=0.000 kl=-0.0033
        [eval] ret_mean=0.000 ep_len=500.0
[upd   51 | steps   26112 | t   50.2s | sps   520] ret_mean=0.000 ep_len=500.0 pi_loss=-0.006 v_loss=0.001 ent=1.455 msg_acc=0.000 kl=0.0123
[upd   52 | steps   26624 | t   50.9s | sps   523] ret_mean=0.500 ep_len=500.0 pi_loss=-0.007 v_loss=0.002 ent=1.439 msg_acc=0.000 kl=0.0066
[upd   53 | steps   27136 | t   51.6s | sps   526] ret_mean=0.000 ep_len=500.0 pi_loss=-0.010 v_loss=0.001 ent=1.451 msg_acc=0.000 kl=0.0042
[upd   54 | steps   27648 | t   52.4s | sps   528] ret_mean=0.000 ep_len=500.0 pi_loss=-0.006 v_loss=0.001 ent=1.446 msg_acc=0.000 kl=0.0040
[upd   55 | steps   28160 | t   53.1s | sps   531] ret_mean=0.000 ep_len=500.0 pi_loss=-0.004 v_loss=0.000 ent=1.442 msg_acc=0.000 kl=0.0072
[upd   56 | steps   28672 | t   53.7s | sps   533] ret_mean=0.000 ep_len=500.0 pi_loss=-0.006 v_loss=0.000 ent=1.518 msg_acc=0.000 kl=0.0036
[upd   57 | steps   29184 | t   54.4s | sps   536] ret_mean=0.000 ep_len=500.0 pi_loss=-0.009 v_loss=0.000 ent=1.468 msg_acc=0.000 kl=0.0098
[upd   58 | steps   29696 | t   55.1s | sps   539] ret_mean=0.000 ep_len=500.0 pi_loss=-0.007 v_loss=0.000 ent=1.538 msg_acc=0.000 kl=0.0013
[upd   59 | steps   30208 | t   55.8s | sps   541] ret_mean=0.000 ep_len=500.0 pi_loss=-0.003 v_loss=0.001 ent=1.510 msg_acc=0.000 kl=0.0005
[upd   60 | steps   30720 | t   56.5s | sps   544] ret_mean=0.000 ep_len=500.0 pi_loss=-0.006 v_loss=0.000 ent=1.529 msg_acc=0.000 kl=-0.0019
[upd   61 | steps   31232 | t   57.2s | sps   546] ret_mean=0.000 ep_len=500.0 pi_loss=-0.005 v_loss=0.000 ent=1.561 msg_acc=0.000 kl=-0.0021
[upd   62 | steps   31744 | t   58.1s | sps   546] ret_mean=0.000 ep_len=500.0 pi_loss=-0.003 v_loss=0.000 ent=1.510 msg_acc=0.000 kl=-0.0004
[upd   63 | steps   32256 | t   58.9s | sps   548] ret_mean=0.000 ep_len=500.0 pi_loss=-0.007 v_loss=0.000 ent=1.513 msg_acc=0.000 kl=0.0011
[upd   64 | steps   32768 | t   59.5s | sps   550] ret_mean=0.000 ep_len=500.0 pi_loss=-0.005 v_loss=0.001 ent=1.514 msg_acc=0.000 kl=0.0052
[upd   65 | steps   33280 | t   61.0s | sps   545] ret_mean=0.500 ep_len=500.0 pi_loss=-0.007 v_loss=0.000 ent=1.491 msg_acc=0.000 kl=0.0016
[upd   66 | steps   33792 | t   62.1s | sps   544] ret_mean=0.000 ep_len=500.0 pi_loss=-0.006 v_loss=0.000 ent=1.419 msg_acc=0.000 kl=0.0083
[upd   67 | steps   34304 | t   63.3s | sps   542] ret_mean=0.000 ep_len=500.0 pi_loss=-0.003 v_loss=0.000 ent=1.399 msg_acc=0.000 kl=0.0035
[upd   68 | steps   34816 | t   64.9s | sps   536] ret_mean=0.000 ep_len=500.0 pi_loss=-0.006 v_loss=0.005 ent=1.481 msg_acc=0.000 kl=0.0047
[upd   69 | steps   35328 | t   65.7s | sps   537] ret_mean=1.500 ep_len=500.0 pi_loss=-0.005 v_loss=0.003 ent=1.490 msg_acc=0.000 kl=0.0052
[upd   70 | steps   35840 | t   66.6s | sps   539] ret_mean=1.500 ep_len=500.0 pi_loss=-0.007 v_loss=0.005 ent=1.472 msg_acc=0.000 kl=0.0027
[upd   71 | steps   36352 | t   67.3s | sps   540] ret_mean=2.000 ep_len=500.0 pi_loss=-0.004 v_loss=0.010 ent=1.413 msg_acc=0.000 kl=0.0049
[upd   72 | steps   36864 | t   68.1s | sps   542] ret_mean=0.000 ep_len=500.0 pi_loss=-0.005 v_loss=0.001 ent=1.438 msg_acc=0.000 kl=0.0066
[upd   73 | steps   37376 | t   68.9s | sps   542] ret_mean=0.000 ep_len=500.0 pi_loss=-0.006 v_loss=0.001 ent=1.478 msg_acc=0.000 kl=0.0104
[upd   74 | steps   37888 | t   69.8s | sps   543] ret_mean=0.000 ep_len=500.0 pi_loss=-0.006 v_loss=0.001 ent=1.486 msg_acc=0.000 kl=-0.0033
[upd   75 | steps   38400 | t   70.5s | sps   545] ret_mean=0.000 ep_len=500.0 pi_loss=-0.008 v_loss=0.000 ent=1.418 msg_acc=0.000 kl=0.0161
[upd   76 | steps   38912 | t   71.2s | sps   547] ret_mean=0.000 ep_len=500.0 pi_loss=-0.010 v_loss=0.000 ent=1.488 msg_acc=0.000 kl=0.0067
[upd   77 | steps   39424 | t   72.0s | sps   547] ret_mean=0.000 ep_len=500.0 pi_loss=-0.002 v_loss=0.015 ent=1.490 msg_acc=0.000 kl=-0.0013
[upd   78 | steps   39936 | t   73.1s | sps   546] ret_mean=3.500 ep_len=500.0 pi_loss=-0.010 v_loss=0.005 ent=1.449 msg_acc=0.000 kl=0.0052
[upd   79 | steps   40448 | t   75.3s | sps   537] ret_mean=0.000 ep_len=500.0 pi_loss=-0.005 v_loss=0.007 ent=1.445 msg_acc=0.000 kl=0.0067
[upd   80 | steps   40960 | t   77.1s | sps   531] ret_mean=0.000 ep_len=500.0 pi_loss=-0.007 v_loss=0.003 ent=1.346 msg_acc=0.000 kl=0.0054
[upd   81 | steps   41472 | t   78.2s | sps   530] ret_mean=0.000 ep_len=500.0 pi_loss=-0.008 v_loss=0.001 ent=1.437 msg_acc=0.000 kl=0.0149
[upd   82 | steps   41984 | t   79.3s | sps   529] ret_mean=0.000 ep_len=500.0 pi_loss=-0.006 v_loss=0.002 ent=1.536 msg_acc=0.000 kl=0.0030
[upd   83 | steps   42496 | t   80.4s | sps   528] ret_mean=0.000 ep_len=500.0 pi_loss=-0.012 v_loss=0.001 ent=1.472 msg_acc=0.000 kl=0.0015
[upd   84 | steps   43008 | t   81.6s | sps   527] ret_mean=0.000 ep_len=500.0 pi_loss=-0.005 v_loss=0.000 ent=1.475 msg_acc=0.000 kl=0.0054
[upd   85 | steps   43520 | t   83.1s | sps   524] ret_mean=0.000 ep_len=500.0 pi_loss=-0.008 v_loss=0.000 ent=1.422 msg_acc=0.000 kl=-0.0033
[upd   86 | steps   44032 | t   84.2s | sps   523] ret_mean=0.000 ep_len=500.0 pi_loss=-0.004 v_loss=0.006 ent=1.448 msg_acc=0.000 kl=0.0108
[upd   87 | steps   44544 | t   85.3s | sps   522] ret_mean=1.000 ep_len=500.0 pi_loss=-0.005 v_loss=0.001 ent=1.484 msg_acc=0.000 kl=0.0008
[upd   88 | steps   45056 | t   86.7s | sps   520] ret_mean=0.000 ep_len=500.0 pi_loss=-0.010 v_loss=0.001 ent=1.545 msg_acc=0.000 kl=-0.0031
[upd   89 | steps   45568 | t   87.7s | sps   519] ret_mean=0.000 ep_len=500.0 pi_loss=-0.007 v_loss=0.000 ent=1.533 msg_acc=0.000 kl=0.0055
[upd   90 | steps   46080 | t   88.7s | sps   519] ret_mean=0.000 ep_len=500.0 pi_loss=-0.009 v_loss=0.000 ent=1.506 msg_acc=0.000 kl=0.0026
[upd   91 | steps   46592 | t   89.7s | sps   519] ret_mean=0.000 ep_len=500.0 pi_loss=-0.005 v_loss=0.000 ent=1.566 msg_acc=0.000 kl=0.0023
[upd   92 | steps   47104 | t   90.5s | sps   520] ret_mean=0.000 ep_len=500.0 pi_loss=-0.013 v_loss=0.000 ent=1.492 msg_acc=0.000 kl=0.0035
[upd   93 | steps   47616 | t   91.3s | sps   522] ret_mean=0.000 ep_len=500.0 pi_loss=-0.008 v_loss=0.000 ent=1.556 msg_acc=0.000 kl=0.0018
[upd   94 | steps   48128 | t   92.0s | sps   523] ret_mean=0.000 ep_len=500.0 pi_loss=-0.009 v_loss=0.000 ent=1.506 msg_acc=0.000 kl=0.0010
[upd   95 | steps   48640 | t   92.7s | sps   525] ret_mean=0.000 ep_len=500.0 pi_loss=-0.004 v_loss=0.000 ent=1.560 msg_acc=0.000 kl=0.0000
[upd   96 | steps   49152 | t   93.5s | sps   526] ret_mean=0.000 ep_len=500.0 pi_loss=-0.010 v_loss=0.000 ent=1.491 msg_acc=0.000 kl=0.0024
[upd   97 | steps   49664 | t   94.1s | sps   528] ret_mean=0.000 ep_len=500.0 pi_loss=-0.008 v_loss=0.001 ent=1.529 msg_acc=0.000 kl=0.0061
[upd   98 | steps   50176 | t   94.8s | sps   529] ret_mean=0.000 ep_len=500.0 pi_loss=-0.005 v_loss=0.000 ent=1.471 msg_acc=0.000 kl=0.0030
[upd   99 | steps   50688 | t   95.5s | sps   531] ret_mean=3.000 ep_len=500.0 pi_loss=-0.014 v_loss=0.019 ent=1.460 msg_acc=0.000 kl=0.0081
[upd  100 | steps   51200 | t   96.3s | sps   532] ret_mean=0.000 ep_len=500.0 pi_loss=-0.011 v_loss=0.000 ent=1.494 msg_acc=0.000 kl=0.0021
        [eval] ret_mean=0.000 ep_len=500.0
[upd  101 | steps   51712 | t  102.2s | sps   506] ret_mean=0.000 ep_len=500.0 pi_loss=-0.007 v_loss=0.001 ent=1.437 msg_acc=0.000 kl=0.0036
[upd  102 | steps   52224 | t  103.0s | sps   507] ret_mean=0.500 ep_len=500.0 pi_loss=-0.004 v_loss=0.000 ent=1.413 msg_acc=0.000 kl=0.0012
[upd  103 | steps   52736 | t  103.7s | sps   508] ret_mean=1.000 ep_len=500.0 pi_loss=-0.010 v_loss=0.005 ent=1.517 msg_acc=0.000 kl=0.0067
[upd  104 | steps   53248 | t  104.4s | sps   510] ret_mean=0.000 ep_len=500.0 pi_loss=-0.007 v_loss=0.001 ent=1.523 msg_acc=0.000 kl=0.0120
[upd  105 | steps   53760 | t  105.3s | sps   510] ret_mean=13.500 ep_len=500.0 pi_loss=-0.019 v_loss=0.222 ent=1.415 msg_acc=0.000 kl=0.0229
[upd  106 | steps   54272 | t  107.1s | sps   507] ret_mean=0.000 ep_len=500.0 pi_loss=-0.001 v_loss=0.001 ent=1.316 msg_acc=0.000 kl=0.0073
[upd  107 | steps   54784 | t  108.7s | sps   504] ret_mean=0.000 ep_len=500.0 pi_loss=-0.004 v_loss=0.000 ent=1.546 msg_acc=0.000 kl=0.0031
[upd  108 | steps   55296 | t  110.4s | sps   501] ret_mean=2.000 ep_len=500.0 pi_loss=-0.008 v_loss=0.011 ent=1.499 msg_acc=0.000 kl=0.0090
[upd  109 | steps   55808 | t  111.5s | sps   500] ret_mean=0.000 ep_len=500.0 pi_loss=-0.002 v_loss=0.001 ent=1.214 msg_acc=0.000 kl=-0.0060
[upd  110 | steps   56320 | t  112.5s | sps   501] ret_mean=0.000 ep_len=500.0 pi_loss=-0.006 v_loss=0.000 ent=1.474 msg_acc=0.000 kl=-0.0009
[upd  111 | steps   56832 | t  113.3s | sps   502] ret_mean=0.000 ep_len=500.0 pi_loss=-0.006 v_loss=0.000 ent=1.359 msg_acc=0.000 kl=0.0003
[upd  112 | steps   57344 | t  114.0s | sps   503] ret_mean=0.000 ep_len=500.0 pi_loss=-0.005 v_loss=0.000 ent=1.519 msg_acc=0.000 kl=0.0075
[upd  113 | steps   57856 | t  115.0s | sps   503] ret_mean=0.000 ep_len=500.0 pi_loss=-0.011 v_loss=0.001 ent=1.509 msg_acc=0.000 kl=0.0016
[upd  114 | steps   58368 | t  116.3s | sps   502] ret_mean=0.000 ep_len=500.0 pi_loss=-0.004 v_loss=0.000 ent=1.517 msg_acc=0.000 kl=0.0060
[upd  115 | steps   58880 | t  117.4s | sps   501] ret_mean=0.000 ep_len=500.0 pi_loss=-0.004 v_loss=0.001 ent=1.338 msg_acc=0.000 kl=0.0029
[upd  116 | steps   59392 | t  118.1s | sps   503] ret_mean=0.000 ep_len=500.0 pi_loss=-0.007 v_loss=0.000 ent=1.515 msg_acc=0.000 kl=0.0038
[upd  117 | steps   59904 | t  118.9s | sps   504] ret_mean=0.000 ep_len=500.0 pi_loss=-0.008 v_loss=0.000 ent=1.221 msg_acc=0.000 kl=0.0127
[upd  118 | steps   60416 | t  120.2s | sps   503] ret_mean=0.000 ep_len=500.0 pi_loss=-0.005 v_loss=0.000 ent=1.383 msg_acc=0.000 kl=0.0080
[upd  119 | steps   60928 | t  120.9s | sps   504] ret_mean=0.000 ep_len=500.0 pi_loss=-0.010 v_loss=0.000 ent=1.476 msg_acc=0.000 kl=0.0026
[upd  120 | steps   61440 | t  121.6s | sps   505] ret_mean=0.000 ep_len=500.0 pi_loss=-0.010 v_loss=0.000 ent=1.519 msg_acc=0.000 kl=0.0003
[upd  121 | steps   61952 | t  123.0s | sps   504] ret_mean=0.000 ep_len=500.0 pi_loss=-0.008 v_loss=0.000 ent=1.582 msg_acc=0.000 kl=0.0039
[upd  122 | steps   62464 | t  124.0s | sps   504] ret_mean=0.000 ep_len=500.0 pi_loss=-0.008 v_loss=0.000 ent=1.416 msg_acc=0.000 kl=0.0011
[upd  123 | steps   62976 | t  125.9s | sps   500] ret_mean=0.500 ep_len=500.0 pi_loss=-0.000 v_loss=0.000 ent=1.330 msg_acc=0.000 kl=0.0014
[upd  124 | steps   63488 | t  127.1s | sps   500] ret_mean=0.000 ep_len=500.0 pi_loss=-0.003 v_loss=0.000 ent=1.587 msg_acc=0.000 kl=0.0001
[upd  125 | steps   64000 | t  128.3s | sps   499] ret_mean=0.000 ep_len=500.0 pi_loss=-0.005 v_loss=0.000 ent=1.457 msg_acc=0.000 kl=0.0024
[upd  126 | steps   64512 | t  129.4s | sps   498] ret_mean=0.000 ep_len=500.0 pi_loss=-0.007 v_loss=0.000 ent=1.580 msg_acc=0.000 kl=-0.0062
[upd  127 | steps   65024 | t  131.0s | sps   496] ret_mean=0.000 ep_len=500.0 pi_loss=-0.007 v_loss=0.000 ent=1.216 msg_acc=0.000 kl=0.0038
[upd  128 | steps   65536 | t  132.8s | sps   494] ret_mean=0.000 ep_len=500.0 pi_loss=-0.004 v_loss=0.002 ent=1.135 msg_acc=0.000 kl=0.0054
[upd  129 | steps   66048 | t  134.1s | sps   493] ret_mean=0.500 ep_len=500.0 pi_loss=-0.006 v_loss=0.015 ent=1.163 msg_acc=0.000 kl=0.0004
[upd  130 | steps   66560 | t  135.4s | sps   491] ret_mean=2.000 ep_len=500.0 pi_loss=-0.011 v_loss=0.010 ent=1.493 msg_acc=0.000 kl=0.0082
[upd  131 | steps   67072 | t  137.0s | sps   490] ret_mean=1.500 ep_len=500.0 pi_loss=-0.010 v_loss=0.002 ent=1.177 msg_acc=0.000 kl=0.0099
[upd  132 | steps   67584 | t  138.0s | sps   490] ret_mean=0.500 ep_len=500.0 pi_loss=-0.008 v_loss=0.001 ent=1.119 msg_acc=0.000 kl=0.0017
[upd  133 | steps   68096 | t  138.8s | sps   490] ret_mean=0.000 ep_len=500.0 pi_loss=-0.009 v_loss=0.001 ent=1.472 msg_acc=0.000 kl=0.0002
[upd  134 | steps   68608 | t  139.8s | sps   491] ret_mean=0.000 ep_len=500.0 pi_loss=-0.006 v_loss=0.002 ent=1.317 msg_acc=0.000 kl=0.0054
[upd  135 | steps   69120 | t  140.7s | sps   491] ret_mean=0.500 ep_len=500.0 pi_loss=-0.012 v_loss=0.006 ent=1.418 msg_acc=0.000 kl=0.0142
[upd  136 | steps   69632 | t  141.4s | sps   492] ret_mean=1.500 ep_len=500.0 pi_loss=-0.008 v_loss=0.004 ent=1.503 msg_acc=0.000 kl=-0.0001
[upd  137 | steps   70144 | t  142.1s | sps   493] ret_mean=0.500 ep_len=500.0 pi_loss=-0.004 v_loss=0.001 ent=1.479 msg_acc=0.000 kl=0.0004
[upd  138 | steps   70656 | t  142.9s | sps   495] ret_mean=0.000 ep_len=500.0 pi_loss=-0.012 v_loss=0.001 ent=1.532 msg_acc=0.000 kl=0.0101
[upd  139 | steps   71168 | t  143.6s | sps   496] ret_mean=0.000 ep_len=500.0 pi_loss=-0.009 v_loss=0.001 ent=1.555 msg_acc=0.000 kl=0.0089
[upd  140 | steps   71680 | t  144.3s | sps   497] ret_mean=0.000 ep_len=500.0 pi_loss=-0.008 v_loss=0.000 ent=1.526 msg_acc=0.000 kl=0.0073
[upd  141 | steps   72192 | t  145.1s | sps   498] ret_mean=0.000 ep_len=500.0 pi_loss=-0.005 v_loss=0.000 ent=1.515 msg_acc=0.000 kl=0.0040
[upd  142 | steps   72704 | t  145.8s | sps   499] ret_mean=0.000 ep_len=500.0 pi_loss=-0.010 v_loss=0.000 ent=1.460 msg_acc=0.000 kl=0.0060
[upd  143 | steps   73216 | t  146.6s | sps   500] ret_mean=0.000 ep_len=500.0 pi_loss=-0.009 v_loss=0.000 ent=1.506 msg_acc=0.000 kl=0.0020
[upd  144 | steps   73728 | t  147.8s | sps   499] ret_mean=0.500 ep_len=500.0 pi_loss=-0.007 v_loss=0.003 ent=1.529 msg_acc=0.000 kl=0.0081
[upd  145 | steps   74240 | t  149.4s | sps   497] ret_mean=0.500 ep_len=500.0 pi_loss=-0.012 v_loss=0.000 ent=1.382 msg_acc=0.000 kl=0.0189
[upd  146 | steps   74752 | t  150.7s | sps   496] ret_mean=0.000 ep_len=500.0 pi_loss=-0.009 v_loss=0.000 ent=1.421 msg_acc=0.000 kl=0.0023
[upd  147 | steps   75264 | t  151.8s | sps   496] ret_mean=0.000 ep_len=500.0 pi_loss=-0.008 v_loss=0.000 ent=1.406 msg_acc=0.000 kl=-0.0030
[upd  148 | steps   75776 | t  152.7s | sps   496] ret_mean=0.000 ep_len=500.0 pi_loss=-0.013 v_loss=0.000 ent=1.365 msg_acc=0.000 kl=0.0112
[upd  149 | steps   76288 | t  153.4s | sps   497] ret_mean=0.000 ep_len=500.0 pi_loss=-0.008 v_loss=0.001 ent=1.458 msg_acc=0.000 kl=0.0061
[upd  150 | steps   76800 | t  154.3s | sps   498] ret_mean=0.500 ep_len=500.0 pi_loss=-0.005 v_loss=0.002 ent=1.376 msg_acc=0.000 kl=0.0012
        [eval] ret_mean=0.000 ep_len=500.0
[upd  151 | steps   77312 | t  161.8s | sps   478] ret_mean=0.000 ep_len=500.0 pi_loss=-0.006 v_loss=0.000 ent=1.492 msg_acc=0.000 kl=0.0046
[upd  152 | steps   77824 | t  162.5s | sps   479] ret_mean=10.000 ep_len=500.0 pi_loss=-0.009 v_loss=0.181 ent=1.365 msg_acc=0.000 kl=0.0005
[upd  153 | steps   78336 | t  163.2s | sps   480] ret_mean=0.000 ep_len=500.0 pi_loss=-0.005 v_loss=0.001 ent=1.273 msg_acc=0.000 kl=0.0016
[upd  154 | steps   78848 | t  163.9s | sps   481] ret_mean=0.000 ep_len=500.0 pi_loss=-0.005 v_loss=0.001 ent=1.167 msg_acc=0.000 kl=0.0087
[upd  155 | steps   79360 | t  164.5s | sps   482] ret_mean=0.500 ep_len=500.0 pi_loss=-0.006 v_loss=0.002 ent=1.401 msg_acc=0.000 kl=0.0046
[upd  156 | steps   79872 | t  165.2s | sps   483] ret_mean=0.000 ep_len=500.0 pi_loss=-0.015 v_loss=0.000 ent=1.460 msg_acc=0.000 kl=0.0151
[upd  157 | steps   80384 | t  165.9s | sps   485] ret_mean=0.000 ep_len=500.0 pi_loss=-0.005 v_loss=0.000 ent=1.390 msg_acc=0.000 kl=0.0131
[upd  158 | steps   80896 | t  166.5s | sps   486] ret_mean=0.000 ep_len=500.0 pi_loss=-0.005 v_loss=0.000 ent=1.180 msg_acc=0.000 kl=0.0087
[upd  159 | steps   81408 | t  167.2s | sps   487] ret_mean=0.000 ep_len=500.0 pi_loss=-0.006 v_loss=0.000 ent=1.336 msg_acc=0.000 kl=0.0076
[upd  160 | steps   81920 | t  167.9s | sps   488] ret_mean=0.000 ep_len=500.0 pi_loss=-0.005 v_loss=0.000 ent=1.226 msg_acc=0.000 kl=0.0008
[upd  161 | steps   82432 | t  168.5s | sps   489] ret_mean=1.500 ep_len=500.0 pi_loss=-0.004 v_loss=0.008 ent=1.259 msg_acc=0.000 kl=0.0000
[upd  162 | steps   82944 | t  169.1s | sps   490] ret_mean=0.000 ep_len=500.0 pi_loss=-0.003 v_loss=0.000 ent=1.009 msg_acc=0.000 kl=0.0024
[upd  163 | steps   83456 | t  170.0s | sps   491] ret_mean=0.000 ep_len=500.0 pi_loss=-0.009 v_loss=0.000 ent=1.166 msg_acc=0.000 kl=-0.0015
[upd  164 | steps   83968 | t  170.7s | sps   492] ret_mean=0.000 ep_len=500.0 pi_loss=-0.002 v_loss=0.000 ent=1.212 msg_acc=0.000 kl=0.0022
[upd  165 | steps   84480 | t  171.5s | sps   493] ret_mean=0.000 ep_len=500.0 pi_loss=-0.006 v_loss=0.000 ent=1.247 msg_acc=0.000 kl=0.0034
[upd  166 | steps   84992 | t  172.2s | sps   494] ret_mean=0.000 ep_len=500.0 pi_loss=-0.003 v_loss=0.000 ent=1.243 msg_acc=0.000 kl=0.0016
[upd  167 | steps   85504 | t  172.8s | sps   495] ret_mean=0.000 ep_len=500.0 pi_loss=-0.004 v_loss=0.000 ent=1.324 msg_acc=0.000 kl=-0.0004
[upd  168 | steps   86016 | t  173.5s | sps   496] ret_mean=0.000 ep_len=500.0 pi_loss=-0.008 v_loss=0.000 ent=1.271 msg_acc=0.000 kl=0.0054
[upd  169 | steps   86528 | t  174.2s | sps   497] ret_mean=0.000 ep_len=500.0 pi_loss=-0.008 v_loss=0.000 ent=1.277 msg_acc=0.000 kl=0.0039
[upd  170 | steps   87040 | t  174.8s | sps   498] ret_mean=0.000 ep_len=500.0 pi_loss=-0.006 v_loss=0.000 ent=1.177 msg_acc=0.000 kl=0.0033
[upd  171 | steps   87552 | t  175.4s | sps   499] ret_mean=0.000 ep_len=500.0 pi_loss=-0.004 v_loss=0.000 ent=1.015 msg_acc=0.000 kl=0.0037
[upd  172 | steps   88064 | t  176.2s | sps   500] ret_mean=0.000 ep_len=500.0 pi_loss=-0.010 v_loss=0.334 ent=0.988 msg_acc=0.000 kl=0.0027
[upd  173 | steps   88576 | t  177.0s | sps   501] ret_mean=9.500 ep_len=500.0 pi_loss=-0.008 v_loss=0.001 ent=0.977 msg_acc=0.000 kl=0.0024
[upd  174 | steps   89088 | t  179.0s | sps   498] ret_mean=0.000 ep_len=500.0 pi_loss=-0.001 v_loss=0.000 ent=1.066 msg_acc=0.000 kl=0.0120
[upd  175 | steps   89600 | t  180.2s | sps   497] ret_mean=0.500 ep_len=500.0 pi_loss=-0.012 v_loss=0.002 ent=1.202 msg_acc=0.000 kl=0.0047
[upd  176 | steps   90112 | t  181.1s | sps   498] ret_mean=0.000 ep_len=500.0 pi_loss=-0.009 v_loss=0.000 ent=1.174 msg_acc=0.000 kl=0.0033
[upd  177 | steps   90624 | t  181.8s | sps   498] ret_mean=0.000 ep_len=500.0 pi_loss=-0.003 v_loss=0.000 ent=1.357 msg_acc=0.000 kl=0.0054
[upd  178 | steps   91136 | t  182.8s | sps   499] ret_mean=0.000 ep_len=500.0 pi_loss=-0.008 v_loss=0.000 ent=1.393 msg_acc=0.000 kl=0.0073
[upd  179 | steps   91648 | t  183.6s | sps   499] ret_mean=0.000 ep_len=500.0 pi_loss=-0.005 v_loss=0.026 ent=1.253 msg_acc=0.000 kl=0.0063
[upd  180 | steps   92160 | t  184.6s | sps   499] ret_mean=3.500 ep_len=500.0 pi_loss=-0.012 v_loss=0.000 ent=1.145 msg_acc=0.000 kl=0.0096
[upd  181 | steps   92672 | t  185.5s | sps   500] ret_mean=0.000 ep_len=500.0 pi_loss=-0.005 v_loss=0.000 ent=1.230 msg_acc=0.000 kl=0.0050
[upd  182 | steps   93184 | t  186.3s | sps   500] ret_mean=0.000 ep_len=500.0 pi_loss=-0.009 v_loss=0.004 ent=1.399 msg_acc=0.000 kl=0.0122
[upd  183 | steps   93696 | t  187.1s | sps   501] ret_mean=1.000 ep_len=500.0 pi_loss=-0.007 v_loss=0.000 ent=1.303 msg_acc=0.000 kl=0.0029
[upd  184 | steps   94208 | t  187.9s | sps   501] ret_mean=0.000 ep_len=500.0 pi_loss=-0.002 v_loss=0.000 ent=1.223 msg_acc=0.000 kl=-0.0010
[upd  185 | steps   94720 | t  188.8s | sps   502] ret_mean=0.000 ep_len=500.0 pi_loss=-0.009 v_loss=0.000 ent=1.365 msg_acc=0.000 kl=0.0041
[upd  186 | steps   95232 | t  189.5s | sps   503] ret_mean=0.000 ep_len=500.0 pi_loss=-0.003 v_loss=0.016 ent=1.400 msg_acc=0.000 kl=0.0004
[upd  187 | steps   95744 | t  190.3s | sps   503] ret_mean=2.000 ep_len=500.0 pi_loss=-0.007 v_loss=0.001 ent=1.422 msg_acc=0.000 kl=0.0015
[upd  188 | steps   96256 | t  191.0s | sps   504] ret_mean=0.000 ep_len=500.0 pi_loss=-0.009 v_loss=0.000 ent=1.501 msg_acc=0.000 kl=-0.0015
[upd  189 | steps   96768 | t  192.1s | sps   504] ret_mean=0.000 ep_len=500.0 pi_loss=-0.007 v_loss=0.000 ent=1.457 msg_acc=0.000 kl=0.0077
[upd  190 | steps   97280 | t  192.8s | sps   504] ret_mean=0.000 ep_len=500.0 pi_loss=-0.006 v_loss=0.036 ent=1.377 msg_acc=0.000 kl=0.0028
[upd  191 | steps   97792 | t  193.6s | sps   505] ret_mean=2.500 ep_len=500.0 pi_loss=-0.008 v_loss=0.148 ent=1.378 msg_acc=0.000 kl=0.0069
[upd  192 | steps   98304 | t  194.3s | sps   506] ret_mean=4.500 ep_len=500.0 pi_loss=-0.008 v_loss=0.002 ent=1.350 msg_acc=0.000 kl=0.0029
[upd  193 | steps   98816 | t  195.0s | sps   507] ret_mean=0.000 ep_len=500.0 pi_loss=-0.008 v_loss=0.001 ent=1.307 msg_acc=0.000 kl=0.0086
[upd  194 | steps   99328 | t  195.8s | sps   507] ret_mean=0.000 ep_len=500.0 pi_loss=-0.003 v_loss=0.001 ent=1.218 msg_acc=0.000 kl=0.0010
[upd  195 | steps   99840 | t  196.6s | sps   508] ret_mean=0.000 ep_len=500.0 pi_loss=-0.003 v_loss=0.000 ent=1.230 msg_acc=0.000 kl=-0.0008
[upd  196 | steps  100352 | t  197.5s | sps   508] ret_mean=0.000 ep_len=500.0 pi_loss=-0.004 v_loss=0.000 ent=1.453 msg_acc=0.000 kl=0.0041
[upd  197 | steps  100864 | t  198.3s | sps   509] ret_mean=0.000 ep_len=500.0 pi_loss=-0.004 v_loss=0.000 ent=1.261 msg_acc=0.000 kl=-0.0009
[upd  198 | steps  101376 | t  199.0s | sps   509] ret_mean=0.000 ep_len=500.0 pi_loss=-0.003 v_loss=0.000 ent=1.378 msg_acc=0.000 kl=0.0022
[upd  199 | steps  101888 | t  199.8s | sps   510] ret_mean=0.000 ep_len=500.0 pi_loss=-0.004 v_loss=0.001 ent=1.109 msg_acc=0.000 kl=0.0082
[upd  200 | steps  102400 | t  200.7s | sps   510] ret_mean=0.000 ep_len=500.0 pi_loss=-0.004 v_loss=0.000 ent=1.360 msg_acc=0.000 kl=0.0013
        [eval] ret_mean=12.500 ep_len=500.0
