$ /Users/samchen/Coding/CLASSES/CS2860/.venv/bin/python3 -m policies.train --env rware-tiny-2ag-easy-v2 --seed 3 --updates 400 --rollout 512 --eval-every 25 --eval-episodes 30 --log-dir matrix_results/diagnostics_v1_sam/comm_2ag/main_tiny --run-name mappo-heartbeat-plus-comm__baseline__d0__s3 --n-msg-tokens 8 --heartbeat --heartbeat-period 1 --heartbeat-max-age-clip 128 --shape-rewards --pickup-bonus 0.5

[env] EnvSpec(env_id='rware-tiny-2ag-easy-v2', n_agents=2, obs_dim=73, n_env_actions=5, noop_action=0, family='rware')  (n_msg_tokens=8)
[cfg] {'clip_range': 0.2, 'value_clip_range': 0.2, 'entropy_coef': 0.01, 'value_coef': 0.5, 'max_grad_norm': 0.5, 'gamma': 0.99, 'gae_lambda': 0.95, 'lr_actor': 0.0003, 'lr_critic': 0.001, 'update_epochs': 4, 'minibatches': 4, 'hidden': 128, 'depth': 2, 'device': 'cpu', 'extra': {}}
[log] writing to matrix_results/diagnostics_v1_sam/comm_2ag/main_tiny/mappo-heartbeat-plus-comm__baseline__d0__s3
[upd    1 | steps     512 | t    0.2s | sps  2658] ret_mean=2.000 ep_len=500.0 pi_loss=-0.015 v_loss=0.057 ent=3.685 kl=0.0097
[upd    2 | steps    1024 | t    0.3s | sps  2937] ret_mean=0.000 ep_len=500.0 pi_loss=-0.013 v_loss=0.013 ent=3.674 kl=0.0014
[upd    3 | steps    1536 | t    0.5s | sps  3051] ret_mean=0.000 ep_len=500.0 pi_loss=-0.009 v_loss=0.007 ent=3.657 kl=-0.0006
[upd    4 | steps    2048 | t    0.7s | sps  3097] ret_mean=0.000 ep_len=500.0 pi_loss=-0.014 v_loss=0.006 ent=3.650 kl=0.0059
[upd    5 | steps    2560 | t    0.9s | sps  2826] ret_mean=1.000 ep_len=500.0 pi_loss=-0.007 v_loss=0.006 ent=3.653 kl=0.0043
[upd    6 | steps    3072 | t    1.1s | sps  2897] ret_mean=2.500 ep_len=500.0 pi_loss=-0.012 v_loss=0.027 ent=3.651 kl=0.0158
[upd    7 | steps    3584 | t    1.2s | sps  2951] ret_mean=0.500 ep_len=500.0 pi_loss=-0.012 v_loss=0.009 ent=3.628 kl=0.0181
[upd    8 | steps    4096 | t    1.4s | sps  2981] ret_mean=2.000 ep_len=500.0 pi_loss=-0.012 v_loss=0.008 ent=3.628 kl=0.0119
[upd    9 | steps    4608 | t    1.5s | sps  3001] ret_mean=3.500 ep_len=500.0 pi_loss=-0.007 v_loss=0.020 ent=3.606 kl=0.0032
[upd   10 | steps    5120 | t    1.7s | sps  3011] ret_mean=0.000 ep_len=500.0 pi_loss=-0.011 v_loss=0.004 ent=3.587 kl=0.0069
[upd   11 | steps    5632 | t    1.9s | sps  3027] ret_mean=0.000 ep_len=500.0 pi_loss=-0.011 v_loss=0.003 ent=3.619 kl=0.0025
[upd   12 | steps    6144 | t    2.0s | sps  3047] ret_mean=0.000 ep_len=500.0 pi_loss=-0.015 v_loss=0.004 ent=3.616 kl=0.0030
[upd   13 | steps    6656 | t    2.2s | sps  3064] ret_mean=1.500 ep_len=500.0 pi_loss=-0.012 v_loss=0.005 ent=3.602 kl=-0.0004
[upd   14 | steps    7168 | t    2.3s | sps  3084] ret_mean=0.000 ep_len=500.0 pi_loss=-0.016 v_loss=0.005 ent=3.617 kl=0.0046
[upd   15 | steps    7680 | t    2.5s | sps  3085] ret_mean=1.000 ep_len=500.0 pi_loss=-0.014 v_loss=0.003 ent=3.586 kl=-0.0024
[upd   16 | steps    8192 | t    2.6s | sps  3092] ret_mean=0.000 ep_len=500.0 pi_loss=-0.012 v_loss=0.001 ent=3.575 kl=-0.0008
[upd   17 | steps    8704 | t    2.8s | sps  3102] ret_mean=0.000 ep_len=500.0 pi_loss=-0.011 v_loss=0.003 ent=3.608 kl=0.0011
[upd   18 | steps    9216 | t    3.0s | sps  3115] ret_mean=1.000 ep_len=500.0 pi_loss=-0.013 v_loss=0.002 ent=3.624 kl=0.0047
[upd   19 | steps    9728 | t    3.1s | sps  3127] ret_mean=0.500 ep_len=500.0 pi_loss=-0.016 v_loss=0.021 ent=3.638 kl=0.0091
[upd   20 | steps   10240 | t    3.3s | sps  3121] ret_mean=3.000 ep_len=500.0 pi_loss=-0.007 v_loss=0.002 ent=3.634 kl=0.0060
[upd   21 | steps   10752 | t    3.4s | sps  3121] ret_mean=0.000 ep_len=500.0 pi_loss=-0.011 v_loss=0.001 ent=3.643 kl=0.0046
[upd   22 | steps   11264 | t    3.6s | sps  3123] ret_mean=0.000 ep_len=500.0 pi_loss=-0.011 v_loss=0.003 ent=3.649 kl=0.0039
[upd   23 | steps   11776 | t    3.8s | sps  3132] ret_mean=0.500 ep_len=500.0 pi_loss=-0.012 v_loss=0.012 ent=3.630 kl=0.0047
[upd   24 | steps   12288 | t    3.9s | sps  3122] ret_mean=2.500 ep_len=500.0 pi_loss=-0.009 v_loss=0.003 ent=3.615 kl=0.0041
[upd   25 | steps   12800 | t    4.1s | sps  3099] ret_mean=0.500 ep_len=500.0 pi_loss=-0.013 v_loss=0.001 ent=3.617 kl=0.0109
        [eval] ret_mean=16.667 ep_len=500.0
[upd   26 | steps   13312 | t    8.1s | sps  1648] ret_mean=0.000 ep_len=500.0 pi_loss=-0.014 v_loss=0.001 ent=3.589 kl=0.0068
[upd   27 | steps   13824 | t    8.2s | sps  1678] ret_mean=0.000 ep_len=500.0 pi_loss=-0.014 v_loss=0.001 ent=3.556 kl=0.0022
[upd   28 | steps   14336 | t    8.4s | sps  1707] ret_mean=0.000 ep_len=500.0 pi_loss=-0.009 v_loss=0.003 ent=3.515 kl=0.0037
[upd   29 | steps   14848 | t    8.5s | sps  1737] ret_mean=7.000 ep_len=500.0 pi_loss=-0.013 v_loss=0.057 ent=3.541 kl=0.0140
[upd   30 | steps   15360 | t    8.7s | sps  1766] ret_mean=0.000 ep_len=500.0 pi_loss=-0.012 v_loss=0.003 ent=3.575 kl=0.0111
[upd   31 | steps   15872 | t    8.9s | sps  1792] ret_mean=0.000 ep_len=500.0 pi_loss=-0.010 v_loss=0.013 ent=3.518 kl=0.0060
[upd   32 | steps   16384 | t    9.0s | sps  1818] ret_mean=3.500 ep_len=500.0 pi_loss=-0.008 v_loss=0.013 ent=3.573 kl=-0.0003
[upd   33 | steps   16896 | t    9.2s | sps  1843] ret_mean=1.000 ep_len=500.0 pi_loss=-0.015 v_loss=0.008 ent=3.538 kl=0.0081
[upd   34 | steps   17408 | t    9.3s | sps  1863] ret_mean=0.000 ep_len=500.0 pi_loss=-0.013 v_loss=0.002 ent=3.501 kl=0.0132
[upd   35 | steps   17920 | t    9.5s | sps  1885] ret_mean=0.000 ep_len=500.0 pi_loss=-0.016 v_loss=0.001 ent=3.495 kl=0.0154
[upd   36 | steps   18432 | t    9.7s | sps  1907] ret_mean=0.000 ep_len=500.0 pi_loss=-0.009 v_loss=0.007 ent=3.464 kl=0.0026
[upd   37 | steps   18944 | t    9.8s | sps  1929] ret_mean=1.000 ep_len=500.0 pi_loss=-0.012 v_loss=0.034 ent=3.478 kl=0.0117
[upd   38 | steps   19456 | t   10.0s | sps  1949] ret_mean=4.500 ep_len=500.0 pi_loss=-0.014 v_loss=0.002 ent=3.557 kl=0.0041
[upd   39 | steps   19968 | t   10.1s | sps  1969] ret_mean=1.000 ep_len=500.0 pi_loss=-0.012 v_loss=0.008 ent=3.535 kl=0.0041
[upd   40 | steps   20480 | t   10.3s | sps  1988] ret_mean=3.000 ep_len=500.0 pi_loss=-0.013 v_loss=0.017 ent=3.501 kl=0.0064
[upd   41 | steps   20992 | t   10.5s | sps  2008] ret_mean=2.000 ep_len=500.0 pi_loss=-0.010 v_loss=0.015 ent=3.570 kl=0.0009
[upd   42 | steps   21504 | t   10.6s | sps  2026] ret_mean=3.500 ep_len=500.0 pi_loss=-0.009 v_loss=0.012 ent=3.523 kl=0.0011
[upd   43 | steps   22016 | t   10.8s | sps  2044] ret_mean=0.500 ep_len=500.0 pi_loss=-0.010 v_loss=0.002 ent=3.452 kl=0.0009
[upd   44 | steps   22528 | t   10.9s | sps  2062] ret_mean=0.000 ep_len=500.0 pi_loss=-0.012 v_loss=0.009 ent=3.478 kl=0.0066
[upd   45 | steps   23040 | t   11.1s | sps  2079] ret_mean=4.500 ep_len=500.0 pi_loss=-0.008 v_loss=0.027 ent=3.468 kl=0.0067
[upd   46 | steps   23552 | t   11.2s | sps  2096] ret_mean=1.000 ep_len=500.0 pi_loss=-0.014 v_loss=0.018 ent=3.430 kl=0.0162
[upd   47 | steps   24064 | t   11.4s | sps  2111] ret_mean=2.500 ep_len=500.0 pi_loss=-0.015 v_loss=0.002 ent=3.495 kl=0.0147
[upd   48 | steps   24576 | t   11.6s | sps  2127] ret_mean=2.500 ep_len=500.0 pi_loss=-0.012 v_loss=0.014 ent=3.455 kl=0.0016
[upd   49 | steps   25088 | t   11.7s | sps  2142] ret_mean=0.000 ep_len=500.0 pi_loss=-0.015 v_loss=0.002 ent=3.570 kl=0.0042
[upd   50 | steps   25600 | t   11.9s | sps  2152] ret_mean=1.500 ep_len=500.0 pi_loss=-0.009 v_loss=0.014 ent=3.530 kl=0.0021
        [eval] ret_mean=4.167 ep_len=500.0
[upd   51 | steps   26112 | t   15.7s | sps  1665] ret_mean=0.500 ep_len=500.0 pi_loss=-0.013 v_loss=0.003 ent=3.457 kl=0.0074
[upd   52 | steps   26624 | t   15.8s | sps  1680] ret_mean=9.000 ep_len=500.0 pi_loss=-0.011 v_loss=0.130 ent=3.491 kl=0.0110
[upd   53 | steps   27136 | t   16.0s | sps  1696] ret_mean=4.500 ep_len=500.0 pi_loss=-0.013 v_loss=0.048 ent=3.534 kl=0.0020
[upd   54 | steps   27648 | t   16.2s | sps  1710] ret_mean=2.000 ep_len=500.0 pi_loss=-0.010 v_loss=0.016 ent=3.541 kl=0.0059
[upd   55 | steps   28160 | t   16.3s | sps  1725] ret_mean=2.500 ep_len=500.0 pi_loss=-0.014 v_loss=0.004 ent=3.451 kl=0.0094
[upd   56 | steps   28672 | t   16.5s | sps  1739] ret_mean=0.000 ep_len=500.0 pi_loss=-0.013 v_loss=0.003 ent=3.433 kl=0.0076
[upd   57 | steps   29184 | t   16.6s | sps  1753] ret_mean=0.000 ep_len=500.0 pi_loss=-0.011 v_loss=0.001 ent=3.558 kl=0.0077
[upd   58 | steps   29696 | t   16.8s | sps  1767] ret_mean=0.000 ep_len=500.0 pi_loss=-0.012 v_loss=0.054 ent=3.464 kl=0.0014
[upd   59 | steps   30208 | t   17.0s | sps  1781] ret_mean=8.000 ep_len=500.0 pi_loss=-0.010 v_loss=0.022 ent=3.536 kl=0.0057
[upd   60 | steps   30720 | t   17.1s | sps  1795] ret_mean=0.000 ep_len=500.0 pi_loss=-0.015 v_loss=0.003 ent=3.559 kl=0.0039
[upd   61 | steps   31232 | t   17.3s | sps  1808] ret_mean=0.000 ep_len=500.0 pi_loss=-0.011 v_loss=0.001 ent=3.486 kl=0.0067
[upd   62 | steps   31744 | t   17.4s | sps  1821] ret_mean=0.000 ep_len=500.0 pi_loss=-0.015 v_loss=0.001 ent=3.529 kl=0.0022
[upd   63 | steps   32256 | t   17.6s | sps  1834] ret_mean=19.500 ep_len=500.0 pi_loss=-0.012 v_loss=0.478 ent=3.442 kl=0.0001
[upd   64 | steps   32768 | t   17.7s | sps  1847] ret_mean=0.000 ep_len=500.0 pi_loss=-0.009 v_loss=0.004 ent=3.447 kl=0.0022
[upd   65 | steps   33280 | t   17.9s | sps  1859] ret_mean=0.000 ep_len=500.0 pi_loss=-0.018 v_loss=0.003 ent=3.471 kl=0.0157
[upd   66 | steps   33792 | t   18.1s | sps  1871] ret_mean=0.000 ep_len=500.0 pi_loss=-0.012 v_loss=0.005 ent=3.405 kl=0.0085
[upd   67 | steps   34304 | t   18.2s | sps  1881] ret_mean=1.000 ep_len=500.0 pi_loss=-0.007 v_loss=0.149 ent=3.395 kl=0.0008
[upd   68 | steps   34816 | t   18.4s | sps  1893] ret_mean=8.500 ep_len=500.0 pi_loss=-0.012 v_loss=0.002 ent=3.461 kl=0.0064
[upd   69 | steps   35328 | t   18.5s | sps  1905] ret_mean=2.000 ep_len=500.0 pi_loss=-0.013 v_loss=0.030 ent=3.458 kl=0.0112
[upd   70 | steps   35840 | t   18.7s | sps  1917] ret_mean=2.500 ep_len=500.0 pi_loss=-0.011 v_loss=0.043 ent=3.466 kl=-0.0028
[upd   71 | steps   36352 | t   18.8s | sps  1929] ret_mean=3.500 ep_len=500.0 pi_loss=-0.011 v_loss=0.004 ent=3.459 kl=0.0109
[upd   72 | steps   36864 | t   19.0s | sps  1940] ret_mean=1.500 ep_len=500.0 pi_loss=-0.015 v_loss=0.011 ent=3.399 kl=0.0035
[upd   73 | steps   37376 | t   19.2s | sps  1951] ret_mean=0.000 ep_len=500.0 pi_loss=-0.012 v_loss=0.002 ent=3.427 kl=-0.0004
[upd   74 | steps   37888 | t   19.3s | sps  1962] ret_mean=0.000 ep_len=500.0 pi_loss=-0.011 v_loss=0.378 ent=3.334 kl=0.0180
[upd   75 | steps   38400 | t   19.5s | sps  1973] ret_mean=14.000 ep_len=500.0 pi_loss=-0.009 v_loss=0.217 ent=3.392 kl=0.0044
        [eval] ret_mean=8.333 ep_len=500.0
[upd   76 | steps   38912 | t   23.3s | sps  1672] ret_mean=1.500 ep_len=500.0 pi_loss=-0.014 v_loss=0.016 ent=3.453 kl=0.0065
[upd   77 | steps   39424 | t   23.4s | sps  1683] ret_mean=0.000 ep_len=500.0 pi_loss=-0.014 v_loss=0.001 ent=3.468 kl=0.0074
[upd   78 | steps   39936 | t   23.6s | sps  1694] ret_mean=32.000 ep_len=500.0 pi_loss=-0.010 v_loss=0.905 ent=3.336 kl=0.0079
[upd   79 | steps   40448 | t   23.7s | sps  1704] ret_mean=38.500 ep_len=500.0 pi_loss=-0.013 v_loss=0.773 ent=3.397 kl=0.0022
[upd   80 | steps   40960 | t   23.9s | sps  1714] ret_mean=0.000 ep_len=500.0 pi_loss=-0.017 v_loss=0.004 ent=3.470 kl=0.0070
[upd   81 | steps   41472 | t   24.1s | sps  1724] ret_mean=0.000 ep_len=500.0 pi_loss=-0.013 v_loss=0.006 ent=3.414 kl=0.0043
[upd   82 | steps   41984 | t   24.2s | sps  1734] ret_mean=24.500 ep_len=500.0 pi_loss=-0.013 v_loss=0.673 ent=3.333 kl=0.0084
[upd   83 | steps   42496 | t   24.4s | sps  1744] ret_mean=0.000 ep_len=500.0 pi_loss=-0.015 v_loss=0.006 ent=3.336 kl=0.0043
[upd   84 | steps   43008 | t   24.5s | sps  1754] ret_mean=0.000 ep_len=500.0 pi_loss=-0.011 v_loss=0.006 ent=3.278 kl=0.0069
[upd   85 | steps   43520 | t   24.7s | sps  1764] ret_mean=0.000 ep_len=500.0 pi_loss=-0.014 v_loss=0.002 ent=3.247 kl=0.0042
[upd   86 | steps   44032 | t   24.8s | sps  1773] ret_mean=0.000 ep_len=500.0 pi_loss=-0.015 v_loss=0.102 ent=3.373 kl=0.0013
[upd   87 | steps   44544 | t   25.0s | sps  1783] ret_mean=54.000 ep_len=500.0 pi_loss=-0.019 v_loss=1.556 ent=3.221 kl=0.0100
[upd   88 | steps   45056 | t   25.1s | sps  1792] ret_mean=0.000 ep_len=500.0 pi_loss=-0.015 v_loss=0.003 ent=3.323 kl=0.0006
[upd   89 | steps   45568 | t   25.3s | sps  1802] ret_mean=0.000 ep_len=500.0 pi_loss=-0.014 v_loss=0.005 ent=3.250 kl=0.0103
[upd   90 | steps   46080 | t   25.4s | sps  1811] ret_mean=2.000 ep_len=500.0 pi_loss=-0.017 v_loss=0.015 ent=3.383 kl=0.0087
[upd   91 | steps   46592 | t   25.6s | sps  1819] ret_mean=4.000 ep_len=500.0 pi_loss=-0.011 v_loss=0.068 ent=3.330 kl=0.0072
[upd   92 | steps   47104 | t   25.8s | sps  1828] ret_mean=0.000 ep_len=500.0 pi_loss=-0.016 v_loss=0.002 ent=3.341 kl=-0.0008
[upd   93 | steps   47616 | t   25.9s | sps  1837] ret_mean=0.000 ep_len=500.0 pi_loss=-0.010 v_loss=0.006 ent=3.399 kl=0.0079
[upd   94 | steps   48128 | t   26.1s | sps  1846] ret_mean=1.000 ep_len=500.0 pi_loss=-0.011 v_loss=0.005 ent=3.319 kl=0.0073
[upd   95 | steps   48640 | t   26.2s | sps  1855] ret_mean=0.000 ep_len=500.0 pi_loss=-0.018 v_loss=0.002 ent=3.315 kl=0.0099
[upd   96 | steps   49152 | t   26.4s | sps  1864] ret_mean=0.000 ep_len=500.0 pi_loss=-0.014 v_loss=0.029 ent=3.381 kl=-0.0007
[upd   97 | steps   49664 | t   26.5s | sps  1872] ret_mean=8.500 ep_len=500.0 pi_loss=-0.010 v_loss=0.072 ent=3.371 kl=0.0071
[upd   98 | steps   50176 | t   26.7s | sps  1880] ret_mean=0.000 ep_len=500.0 pi_loss=-0.014 v_loss=0.001 ent=3.346 kl=0.0035
[upd   99 | steps   50688 | t   26.8s | sps  1888] ret_mean=0.000 ep_len=500.0 pi_loss=-0.010 v_loss=0.001 ent=3.441 kl=0.0096
[upd  100 | steps   51200 | t   27.0s | sps  1896] ret_mean=0.000 ep_len=500.0 pi_loss=-0.015 v_loss=0.002 ent=3.333 kl=0.0107
        [eval] ret_mean=0.000 ep_len=500.0
[upd  101 | steps   51712 | t   30.8s | sps  1678] ret_mean=0.000 ep_len=500.0 pi_loss=-0.010 v_loss=0.001 ent=3.342 kl=0.0067
[upd  102 | steps   52224 | t   31.0s | sps  1687] ret_mean=0.000 ep_len=500.0 pi_loss=-0.013 v_loss=0.001 ent=3.378 kl=0.0035
[upd  103 | steps   52736 | t   31.1s | sps  1695] ret_mean=0.000 ep_len=500.0 pi_loss=-0.012 v_loss=0.000 ent=3.222 kl=0.0125
[upd  104 | steps   53248 | t   31.3s | sps  1703] ret_mean=0.000 ep_len=500.0 pi_loss=-0.013 v_loss=0.000 ent=3.190 kl=0.0082
[upd  105 | steps   53760 | t   31.4s | sps  1711] ret_mean=0.000 ep_len=500.0 pi_loss=-0.009 v_loss=0.000 ent=3.224 kl=0.0073
[upd  106 | steps   54272 | t   31.6s | sps  1719] ret_mean=0.000 ep_len=500.0 pi_loss=-0.008 v_loss=0.013 ent=3.141 kl=0.0080
[upd  107 | steps   54784 | t   31.7s | sps  1727] ret_mean=12.000 ep_len=500.0 pi_loss=-0.011 v_loss=0.321 ent=3.207 kl=0.0011
[upd  108 | steps   55296 | t   31.9s | sps  1735] ret_mean=0.000 ep_len=500.0 pi_loss=-0.013 v_loss=0.001 ent=3.037 kl=0.0066
[upd  109 | steps   55808 | t   32.0s | sps  1743] ret_mean=0.000 ep_len=500.0 pi_loss=-0.019 v_loss=0.404 ent=2.966 kl=0.0048
[upd  110 | steps   56320 | t   32.2s | sps  1751] ret_mean=14.500 ep_len=500.0 pi_loss=-0.012 v_loss=0.006 ent=3.060 kl=0.0101
[upd  111 | steps   56832 | t   32.3s | sps  1758] ret_mean=0.000 ep_len=500.0 pi_loss=-0.016 v_loss=0.001 ent=3.142 kl=-0.0007
[upd  112 | steps   57344 | t   32.5s | sps  1765] ret_mean=0.000 ep_len=500.0 pi_loss=-0.014 v_loss=0.001 ent=3.221 kl=0.0051
[upd  113 | steps   57856 | t   32.6s | sps  1773] ret_mean=18.000 ep_len=500.0 pi_loss=-0.011 v_loss=1.730 ent=3.059 kl=0.0065
[upd  114 | steps   58368 | t   32.8s | sps  1780] ret_mean=41.000 ep_len=500.0 pi_loss=-0.007 v_loss=0.500 ent=3.174 kl=0.0069
[upd  115 | steps   58880 | t   32.9s | sps  1787] ret_mean=34.500 ep_len=500.0 pi_loss=-0.013 v_loss=1.598 ent=3.052 kl=0.0080
[upd  116 | steps   59392 | t   33.1s | sps  1795] ret_mean=60.000 ep_len=500.0 pi_loss=-0.011 v_loss=1.322 ent=3.033 kl=0.0043
[upd  117 | steps   59904 | t   33.3s | sps  1801] ret_mean=0.000 ep_len=500.0 pi_loss=-0.012 v_loss=0.145 ent=3.113 kl=-0.0013
[upd  118 | steps   60416 | t   33.4s | sps  1809] ret_mean=65.000 ep_len=500.0 pi_loss=-0.006 v_loss=2.224 ent=2.905 kl=0.0050
[upd  119 | steps   60928 | t   33.6s | sps  1816] ret_mean=0.000 ep_len=500.0 pi_loss=-0.016 v_loss=0.013 ent=3.136 kl=0.0121
[upd  120 | steps   61440 | t   33.7s | sps  1823] ret_mean=0.000 ep_len=500.0 pi_loss=-0.013 v_loss=0.015 ent=3.179 kl=0.0095
[upd  121 | steps   61952 | t   33.9s | sps  1830] ret_mean=0.000 ep_len=500.0 pi_loss=-0.019 v_loss=0.007 ent=3.075 kl=0.0094
[upd  122 | steps   62464 | t   34.0s | sps  1837] ret_mean=30.000 ep_len=500.0 pi_loss=-0.013 v_loss=0.990 ent=2.940 kl=0.0205
[upd  123 | steps   62976 | t   34.2s | sps  1844] ret_mean=0.000 ep_len=500.0 pi_loss=-0.010 v_loss=0.008 ent=2.961 kl=0.0059
[upd  124 | steps   63488 | t   34.3s | sps  1851] ret_mean=0.000 ep_len=500.0 pi_loss=-0.012 v_loss=0.006 ent=2.845 kl=0.0080
[upd  125 | steps   64000 | t   34.5s | sps  1857] ret_mean=0.000 ep_len=500.0 pi_loss=-0.017 v_loss=0.003 ent=2.991 kl=0.0105
        [eval] ret_mean=4.167 ep_len=500.0
[upd  126 | steps   64512 | t   38.4s | sps  1681] ret_mean=0.000 ep_len=500.0 pi_loss=-0.015 v_loss=0.001 ent=3.208 kl=0.0003
[upd  127 | steps   65024 | t   38.5s | sps  1688] ret_mean=89.500 ep_len=500.0 pi_loss=-0.014 v_loss=3.607 ent=2.866 kl=0.0065
[upd  128 | steps   65536 | t   38.7s | sps  1694] ret_mean=30.500 ep_len=500.0 pi_loss=-0.019 v_loss=0.713 ent=3.094 kl=0.0124
[upd  129 | steps   66048 | t   38.9s | sps  1699] ret_mean=0.000 ep_len=500.0 pi_loss=-0.018 v_loss=0.012 ent=3.169 kl=0.0272
[upd  130 | steps   66560 | t   39.1s | sps  1704] ret_mean=0.000 ep_len=500.0 pi_loss=-0.015 v_loss=0.011 ent=3.196 kl=0.0103
[upd  131 | steps   67072 | t   39.2s | sps  1710] ret_mean=0.000 ep_len=500.0 pi_loss=-0.016 v_loss=0.009 ent=3.142 kl=0.0133
[upd  132 | steps   67584 | t   39.4s | sps  1714] ret_mean=0.000 ep_len=500.0 pi_loss=-0.016 v_loss=0.014 ent=3.176 kl=0.0100
[upd  133 | steps   68096 | t   39.6s | sps  1719] ret_mean=0.000 ep_len=500.0 pi_loss=-0.012 v_loss=0.008 ent=3.076 kl=0.0099
[upd  134 | steps   68608 | t   39.8s | sps  1723] ret_mean=0.000 ep_len=500.0 pi_loss=-0.010 v_loss=0.007 ent=3.160 kl=0.0122
[upd  135 | steps   69120 | t   40.0s | sps  1729] ret_mean=0.000 ep_len=500.0 pi_loss=-0.012 v_loss=0.005 ent=3.187 kl=-0.0012
[upd  136 | steps   69632 | t   40.1s | sps  1735] ret_mean=0.000 ep_len=500.0 pi_loss=-0.012 v_loss=0.004 ent=3.121 kl=0.0105
[upd  137 | steps   70144 | t   40.3s | sps  1740] ret_mean=6.000 ep_len=500.0 pi_loss=-0.014 v_loss=0.129 ent=3.159 kl=0.0103
[upd  138 | steps   70656 | t   40.5s | sps  1746] ret_mean=0.000 ep_len=500.0 pi_loss=-0.011 v_loss=0.002 ent=3.083 kl=-0.0018
[upd  139 | steps   71168 | t   40.6s | sps  1751] ret_mean=0.000 ep_len=500.0 pi_loss=-0.012 v_loss=0.003 ent=3.087 kl=0.0033
[upd  140 | steps   71680 | t   40.8s | sps  1756] ret_mean=0.000 ep_len=500.0 pi_loss=-0.014 v_loss=0.146 ent=3.131 kl=0.0081
[upd  141 | steps   72192 | t   41.0s | sps  1761] ret_mean=6.000 ep_len=500.0 pi_loss=-0.011 v_loss=0.003 ent=3.121 kl=0.0094
[upd  142 | steps   72704 | t   41.2s | sps  1766] ret_mean=0.000 ep_len=500.0 pi_loss=-0.009 v_loss=0.002 ent=3.104 kl=0.0073
[upd  143 | steps   73216 | t   41.3s | sps  1772] ret_mean=0.000 ep_len=500.0 pi_loss=-0.011 v_loss=0.002 ent=3.200 kl=0.0028
[upd  144 | steps   73728 | t   41.5s | sps  1777] ret_mean=0.000 ep_len=500.0 pi_loss=-0.012 v_loss=0.457 ent=3.108 kl=0.0018
[upd  145 | steps   74240 | t   41.6s | sps  1783] ret_mean=72.500 ep_len=500.0 pi_loss=-0.016 v_loss=3.127 ent=2.990 kl=0.0103
[upd  146 | steps   74752 | t   41.8s | sps  1788] ret_mean=8.500 ep_len=500.0 pi_loss=-0.014 v_loss=0.009 ent=3.170 kl=0.0039
[upd  147 | steps   75264 | t   42.0s | sps  1794] ret_mean=21.500 ep_len=500.0 pi_loss=-0.010 v_loss=1.312 ent=3.069 kl=0.0051
[upd  148 | steps   75776 | t   42.1s | sps  1799] ret_mean=16.000 ep_len=500.0 pi_loss=-0.018 v_loss=0.469 ent=3.016 kl=0.0093
[upd  149 | steps   76288 | t   42.3s | sps  1805] ret_mean=15.000 ep_len=500.0 pi_loss=-0.009 v_loss=0.877 ent=2.928 kl=0.0111
[upd  150 | steps   76800 | t   42.4s | sps  1810] ret_mean=62.000 ep_len=500.0 pi_loss=-0.011 v_loss=1.331 ent=2.765 kl=0.0119
        [eval] ret_mean=8.333 ep_len=500.0
[upd  151 | steps   77312 | t   46.5s | sps  1661] ret_mean=56.000 ep_len=500.0 pi_loss=-0.015 v_loss=2.019 ent=2.999 kl=0.0086
[upd  152 | steps   77824 | t   46.7s | sps  1665] ret_mean=11.500 ep_len=500.0 pi_loss=-0.014 v_loss=0.177 ent=3.178 kl=0.0074
[upd  153 | steps   78336 | t   46.9s | sps  1670] ret_mean=22.000 ep_len=500.0 pi_loss=-0.010 v_loss=0.722 ent=3.106 kl=0.0057
[upd  154 | steps   78848 | t   47.1s | sps  1675] ret_mean=8.500 ep_len=500.0 pi_loss=-0.016 v_loss=0.169 ent=3.139 kl=0.0072
[upd  155 | steps   79360 | t   47.3s | sps  1679] ret_mean=0.000 ep_len=500.0 pi_loss=-0.020 v_loss=0.013 ent=3.306 kl=0.0070
[upd  156 | steps   79872 | t   47.4s | sps  1684] ret_mean=0.000 ep_len=500.0 pi_loss=-0.012 v_loss=0.007 ent=3.231 kl=-0.0005
[upd  157 | steps   80384 | t   47.6s | sps  1689] ret_mean=0.000 ep_len=500.0 pi_loss=-0.019 v_loss=0.008 ent=2.964 kl=0.0141
[upd  158 | steps   80896 | t   47.8s | sps  1693] ret_mean=0.000 ep_len=500.0 pi_loss=-0.015 v_loss=0.007 ent=2.643 kl=0.0123
[upd  159 | steps   81408 | t   47.9s | sps  1698] ret_mean=73.500 ep_len=500.0 pi_loss=-0.018 v_loss=3.269 ent=2.747 kl=0.0103
[upd  160 | steps   81920 | t   48.1s | sps  1703] ret_mean=0.000 ep_len=500.0 pi_loss=-0.015 v_loss=0.010 ent=3.181 kl=0.0107
[upd  161 | steps   82432 | t   48.3s | sps  1708] ret_mean=0.000 ep_len=500.0 pi_loss=-0.016 v_loss=0.008 ent=3.030 kl=0.0129
[upd  162 | steps   82944 | t   48.4s | sps  1713] ret_mean=9.500 ep_len=500.0 pi_loss=-0.015 v_loss=1.350 ent=3.130 kl=0.0033
[upd  163 | steps   83456 | t   48.6s | sps  1717] ret_mean=55.500 ep_len=500.0 pi_loss=-0.017 v_loss=1.020 ent=3.037 kl=0.0125
[upd  164 | steps   83968 | t   48.8s | sps  1722] ret_mean=0.000 ep_len=500.0 pi_loss=-0.018 v_loss=0.008 ent=3.000 kl=0.0058
[upd  165 | steps   84480 | t   48.9s | sps  1727] ret_mean=0.000 ep_len=500.0 pi_loss=-0.013 v_loss=0.006 ent=2.931 kl=0.0024
[upd  166 | steps   84992 | t   49.1s | sps  1731] ret_mean=0.000 ep_len=500.0 pi_loss=-0.012 v_loss=0.002 ent=2.797 kl=0.0074
[upd  167 | steps   85504 | t   49.2s | sps  1736] ret_mean=15.500 ep_len=500.0 pi_loss=-0.015 v_loss=0.498 ent=3.081 kl=0.0126
[upd  168 | steps   86016 | t   49.4s | sps  1741] ret_mean=0.000 ep_len=500.0 pi_loss=-0.009 v_loss=2.343 ent=2.696 kl=0.0050
[upd  169 | steps   86528 | t   49.6s | sps  1746] ret_mean=63.500 ep_len=500.0 pi_loss=-0.018 v_loss=0.536 ent=2.960 kl=0.0031
[upd  170 | steps   87040 | t   49.7s | sps  1751] ret_mean=0.000 ep_len=500.0 pi_loss=-0.012 v_loss=0.017 ent=2.657 kl=0.0092
[upd  171 | steps   87552 | t   49.9s | sps  1756] ret_mean=0.000 ep_len=500.0 pi_loss=-0.013 v_loss=0.082 ent=2.767 kl=0.0131
[upd  172 | steps   88064 | t   50.0s | sps  1761] ret_mean=3.500 ep_len=500.0 pi_loss=-0.011 v_loss=0.009 ent=2.598 kl=0.0025
[upd  173 | steps   88576 | t   50.2s | sps  1765] ret_mean=0.000 ep_len=500.0 pi_loss=-0.015 v_loss=2.345 ent=2.521 kl=0.0110
[upd  174 | steps   89088 | t   50.3s | sps  1770] ret_mean=98.500 ep_len=500.0 pi_loss=-0.014 v_loss=2.175 ent=2.753 kl=0.0149
[upd  175 | steps   89600 | t   50.5s | sps  1775] ret_mean=0.000 ep_len=500.0 pi_loss=-0.010 v_loss=0.595 ent=2.764 kl=0.0072
        [eval] ret_mean=4.167 ep_len=500.0
[upd  176 | steps   90112 | t   54.5s | sps  1653] ret_mean=0.000 ep_len=500.0 pi_loss=-0.016 v_loss=0.015 ent=2.748 kl=0.0036
[upd  177 | steps   90624 | t   54.7s | sps  1656] ret_mean=0.000 ep_len=500.0 pi_loss=-0.018 v_loss=0.007 ent=3.046 kl=0.0133
[upd  178 | steps   91136 | t   54.9s | sps  1661] ret_mean=80.500 ep_len=500.0 pi_loss=-0.017 v_loss=4.246 ent=2.292 kl=0.0053
[upd  179 | steps   91648 | t   55.1s | sps  1665] ret_mean=0.000 ep_len=500.0 pi_loss=-0.006 v_loss=1.444 ent=2.753 kl=0.0070
[upd  180 | steps   92160 | t   55.2s | sps  1669] ret_mean=238.500 ep_len=500.0 pi_loss=-0.015 v_loss=22.565 ent=1.973 kl=0.0123
[upd  181 | steps   92672 | t   55.4s | sps  1674] ret_mean=0.000 ep_len=500.0 pi_loss=-0.008 v_loss=0.013 ent=2.353 kl=0.0059
[upd  182 | steps   93184 | t   55.6s | sps  1677] ret_mean=0.000 ep_len=500.0 pi_loss=-0.009 v_loss=0.006 ent=2.045 kl=0.0119
[upd  183 | steps   93696 | t   55.8s | sps  1680] ret_mean=74.500 ep_len=500.0 pi_loss=-0.005 v_loss=4.926 ent=1.979 kl=0.0011
[upd  184 | steps   94208 | t   56.0s | sps  1684] ret_mean=120.500 ep_len=500.0 pi_loss=-0.021 v_loss=5.677 ent=1.942 kl=0.0140
[upd  185 | steps   94720 | t   56.1s | sps  1688] ret_mean=109.000 ep_len=500.0 pi_loss=-0.006 v_loss=5.123 ent=1.638 kl=0.0092
[upd  186 | steps   95232 | t   56.3s | sps  1691] ret_mean=147.500 ep_len=500.0 pi_loss=-0.009 v_loss=10.173 ent=1.787 kl=0.0081
[upd  187 | steps   95744 | t   56.5s | sps  1695] ret_mean=115.500 ep_len=500.0 pi_loss=-0.010 v_loss=3.515 ent=2.334 kl=0.0118
[upd  188 | steps   96256 | t   56.7s | sps  1697] ret_mean=0.000 ep_len=500.0 pi_loss=-0.010 v_loss=0.029 ent=2.576 kl=0.0076
[upd  189 | steps   96768 | t   56.9s | sps  1700] ret_mean=53.500 ep_len=500.0 pi_loss=-0.008 v_loss=2.301 ent=2.099 kl=0.0068
[upd  190 | steps   97280 | t   57.1s | sps  1703] ret_mean=0.000 ep_len=500.0 pi_loss=-0.017 v_loss=0.031 ent=2.570 kl=0.0192
[upd  191 | steps   97792 | t   57.3s | sps  1706] ret_mean=0.000 ep_len=500.0 pi_loss=-0.012 v_loss=2.184 ent=2.554 kl=0.0182
[upd  192 | steps   98304 | t   57.5s | sps  1710] ret_mean=51.000 ep_len=500.0 pi_loss=-0.013 v_loss=0.493 ent=2.558 kl=0.0062
[upd  193 | steps   98816 | t   57.7s | sps  1714] ret_mean=12.000 ep_len=500.0 pi_loss=-0.011 v_loss=2.101 ent=2.243 kl=0.0027
[upd  194 | steps   99328 | t   57.8s | sps  1717] ret_mean=114.000 ep_len=500.0 pi_loss=-0.010 v_loss=4.813 ent=2.068 kl=0.0015
[upd  195 | steps   99840 | t   58.0s | sps  1721] ret_mean=111.500 ep_len=500.0 pi_loss=-0.010 v_loss=4.599 ent=1.831 kl=0.0013
[upd  196 | steps  100352 | t   58.2s | sps  1724] ret_mean=120.000 ep_len=500.0 pi_loss=-0.007 v_loss=2.266 ent=2.151 kl=0.0060
[upd  197 | steps  100864 | t   58.6s | sps  1722] ret_mean=0.000 ep_len=500.0 pi_loss=-0.006 v_loss=2.301 ent=2.364 kl=0.0058
[upd  198 | steps  101376 | t   58.8s | sps  1724] ret_mean=109.000 ep_len=500.0 pi_loss=-0.017 v_loss=2.183 ent=2.169 kl=0.0114
[upd  199 | steps  101888 | t   59.0s | sps  1727] ret_mean=0.000 ep_len=500.0 pi_loss=-0.013 v_loss=0.400 ent=2.396 kl=0.0202
[upd  200 | steps  102400 | t   59.2s | sps  1729] ret_mean=11.500 ep_len=500.0 pi_loss=-0.015 v_loss=0.121 ent=2.517 kl=0.0029
        [eval] ret_mean=4.167 ep_len=500.0
[upd  201 | steps  102912 | t   64.3s | sps  1601] ret_mean=101.000 ep_len=500.0 pi_loss=-0.015 v_loss=4.557 ent=2.222 kl=0.0056
[upd  202 | steps  103424 | t   64.5s | sps  1604] ret_mean=0.000 ep_len=500.0 pi_loss=-0.011 v_loss=0.260 ent=2.504 kl=0.0126
[upd  203 | steps  103936 | t   64.7s | sps  1607] ret_mean=21.500 ep_len=500.0 pi_loss=-0.011 v_loss=0.506 ent=2.659 kl=0.0075
[upd  204 | steps  104448 | t   64.9s | sps  1610] ret_mean=69.000 ep_len=500.0 pi_loss=-0.013 v_loss=2.228 ent=2.322 kl=0.0067
[upd  205 | steps  104960 | t   65.1s | sps  1612] ret_mean=47.500 ep_len=500.0 pi_loss=-0.012 v_loss=1.850 ent=2.341 kl=-0.0004
[upd  206 | steps  105472 | t   65.4s | sps  1614] ret_mean=0.000 ep_len=500.0 pi_loss=-0.010 v_loss=0.087 ent=2.591 kl=0.0021
[upd  207 | steps  105984 | t   65.6s | sps  1617] ret_mean=41.000 ep_len=500.0 pi_loss=-0.015 v_loss=2.929 ent=2.592 kl=0.0096
[upd  208 | steps  106496 | t   65.7s | sps  1620] ret_mean=125.000 ep_len=500.0 pi_loss=-0.011 v_loss=4.168 ent=2.159 kl=0.0040
[upd  209 | steps  107008 | t   65.9s | sps  1624] ret_mean=0.000 ep_len=500.0 pi_loss=-0.017 v_loss=0.718 ent=2.390 kl=0.0125
[upd  210 | steps  107520 | t   66.1s | sps  1628] ret_mean=95.000 ep_len=500.0 pi_loss=-0.004 v_loss=2.713 ent=2.000 kl=0.0047
[upd  211 | steps  108032 | t   66.2s | sps  1632] ret_mean=0.000 ep_len=500.0 pi_loss=-0.008 v_loss=0.109 ent=2.109 kl=0.0079
[upd  212 | steps  108544 | t   66.4s | sps  1634] ret_mean=0.000 ep_len=500.0 pi_loss=-0.011 v_loss=0.042 ent=2.621 kl=0.0107
[upd  213 | steps  109056 | t   66.6s | sps  1637] ret_mean=0.000 ep_len=500.0 pi_loss=-0.013 v_loss=0.109 ent=2.089 kl=0.0083
[upd  214 | steps  109568 | t   66.8s | sps  1640] ret_mean=0.000 ep_len=500.0 pi_loss=-0.010 v_loss=0.027 ent=2.157 kl=0.0077
[upd  215 | steps  110080 | t   67.0s | sps  1644] ret_mean=0.000 ep_len=500.0 pi_loss=-0.010 v_loss=0.020 ent=2.383 kl=0.0072
[upd  216 | steps  110592 | t   67.2s | sps  1646] ret_mean=0.000 ep_len=500.0 pi_loss=-0.015 v_loss=0.028 ent=2.528 kl=0.0097
[upd  217 | steps  111104 | t   67.4s | sps  1649] ret_mean=0.000 ep_len=500.0 pi_loss=-0.016 v_loss=0.010 ent=2.403 kl=0.0011
[upd  218 | steps  111616 | t   67.6s | sps  1651] ret_mean=0.000 ep_len=500.0 pi_loss=-0.018 v_loss=0.006 ent=2.399 kl=0.0094
[upd  219 | steps  112128 | t   67.8s | sps  1654] ret_mean=0.000 ep_len=500.0 pi_loss=-0.014 v_loss=0.004 ent=2.223 kl=0.0090
[upd  220 | steps  112640 | t   68.0s | sps  1657] ret_mean=6.000 ep_len=500.0 pi_loss=-0.016 v_loss=3.046 ent=2.022 kl=0.0138
[upd  221 | steps  113152 | t   68.2s | sps  1660] ret_mean=119.500 ep_len=500.0 pi_loss=-0.007 v_loss=2.812 ent=1.792 kl=0.0134
[upd  222 | steps  113664 | t   68.3s | sps  1664] ret_mean=50.000 ep_len=500.0 pi_loss=-0.005 v_loss=2.478 ent=1.842 kl=-0.0002
[upd  223 | steps  114176 | t   68.5s | sps  1668] ret_mean=0.000 ep_len=500.0 pi_loss=-0.012 v_loss=0.098 ent=2.013 kl=0.0088
[upd  224 | steps  114688 | t   68.6s | sps  1671] ret_mean=0.000 ep_len=500.0 pi_loss=-0.005 v_loss=0.008 ent=2.031 kl=-0.0030
[upd  225 | steps  115200 | t   68.8s | sps  1675] ret_mean=0.000 ep_len=500.0 pi_loss=-0.011 v_loss=3.769 ent=1.856 kl=0.0073
        [eval] ret_mean=8.333 ep_len=500.0
[upd  226 | steps  115712 | t   72.6s | sps  1594] ret_mean=6.500 ep_len=500.0 pi_loss=-0.012 v_loss=0.171 ent=2.025 kl=0.0140
[upd  227 | steps  116224 | t   72.8s | sps  1597] ret_mean=118.000 ep_len=500.0 pi_loss=-0.008 v_loss=6.423 ent=1.830 kl=0.0116
[upd  228 | steps  116736 | t   73.0s | sps  1600] ret_mean=47.500 ep_len=500.0 pi_loss=-0.007 v_loss=2.308 ent=2.001 kl=0.0046
[upd  229 | steps  117248 | t   73.1s | sps  1603] ret_mean=0.000 ep_len=500.0 pi_loss=-0.011 v_loss=0.113 ent=2.152 kl=0.0113
[upd  230 | steps  117760 | t   73.3s | sps  1606] ret_mean=0.000 ep_len=500.0 pi_loss=-0.013 v_loss=0.530 ent=2.054 kl=0.0077
[upd  231 | steps  118272 | t   73.5s | sps  1610] ret_mean=124.000 ep_len=500.0 pi_loss=-0.013 v_loss=4.231 ent=1.713 kl=0.0083
[upd  232 | steps  118784 | t   73.6s | sps  1613] ret_mean=0.000 ep_len=500.0 pi_loss=-0.009 v_loss=0.060 ent=1.683 kl=-0.0004
[upd  233 | steps  119296 | t   73.8s | sps  1617] ret_mean=0.000 ep_len=500.0 pi_loss=-0.012 v_loss=0.028 ent=1.975 kl=0.0029
[upd  234 | steps  119808 | t   73.9s | sps  1620] ret_mean=0.000 ep_len=500.0 pi_loss=-0.011 v_loss=0.866 ent=1.855 kl=0.0055
[upd  235 | steps  120320 | t   74.1s | sps  1624] ret_mean=86.500 ep_len=500.0 pi_loss=-0.010 v_loss=2.919 ent=1.852 kl=0.0047
[upd  236 | steps  120832 | t   74.2s | sps  1628] ret_mean=93.000 ep_len=500.0 pi_loss=-0.013 v_loss=5.830 ent=1.964 kl=0.0020
[upd  237 | steps  121344 | t   74.4s | sps  1631] ret_mean=109.500 ep_len=500.0 pi_loss=-0.013 v_loss=4.901 ent=2.151 kl=0.0039
[upd  238 | steps  121856 | t   74.6s | sps  1634] ret_mean=117.500 ep_len=500.0 pi_loss=-0.017 v_loss=3.613 ent=1.861 kl=0.0072
[upd  239 | steps  122368 | t   74.7s | sps  1638] ret_mean=0.000 ep_len=500.0 pi_loss=-0.014 v_loss=0.099 ent=2.279 kl=0.0075
[upd  240 | steps  122880 | t   74.9s | sps  1641] ret_mean=72.000 ep_len=500.0 pi_loss=-0.017 v_loss=3.556 ent=2.452 kl=0.0155
[upd  241 | steps  123392 | t   75.0s | sps  1645] ret_mean=0.000 ep_len=500.0 pi_loss=-0.009 v_loss=0.477 ent=2.361 kl=0.0128
[upd  242 | steps  123904 | t   75.2s | sps  1648] ret_mean=87.000 ep_len=500.0 pi_loss=-0.008 v_loss=3.273 ent=2.158 kl=0.0052
[upd  243 | steps  124416 | t   75.3s | sps  1651] ret_mean=0.000 ep_len=500.0 pi_loss=-0.018 v_loss=0.038 ent=2.382 kl=0.0036
[upd  244 | steps  124928 | t   75.5s | sps  1655] ret_mean=49.000 ep_len=500.0 pi_loss=-0.012 v_loss=4.300 ent=2.284 kl=0.0058
[upd  245 | steps  125440 | t   75.6s | sps  1658] ret_mean=117.000 ep_len=500.0 pi_loss=-0.011 v_loss=3.814 ent=2.197 kl=0.0066
[upd  246 | steps  125952 | t   75.8s | sps  1662] ret_mean=96.000 ep_len=500.0 pi_loss=-0.008 v_loss=2.341 ent=2.026 kl=0.0134
[upd  247 | steps  126464 | t   76.0s | sps  1665] ret_mean=58.000 ep_len=500.0 pi_loss=-0.017 v_loss=2.529 ent=2.169 kl=0.0013
[upd  248 | steps  126976 | t   76.2s | sps  1667] ret_mean=0.000 ep_len=500.0 pi_loss=-0.013 v_loss=2.045 ent=2.183 kl=0.0010
[upd  249 | steps  127488 | t   76.4s | sps  1670] ret_mean=110.000 ep_len=500.0 pi_loss=-0.009 v_loss=1.784 ent=1.988 kl=0.0091
[upd  250 | steps  128000 | t   76.6s | sps  1671] ret_mean=0.000 ep_len=500.0 pi_loss=-0.013 v_loss=1.444 ent=2.193 kl=0.0032
        [eval] ret_mean=20.833 ep_len=500.0
[upd  251 | steps  128512 | t   80.7s | sps  1592] ret_mean=0.000 ep_len=500.0 pi_loss=-0.014 v_loss=0.025 ent=2.200 kl=0.0139
[upd  252 | steps  129024 | t   80.9s | sps  1595] ret_mean=0.000 ep_len=500.0 pi_loss=-0.012 v_loss=0.092 ent=2.604 kl=0.0160
[upd  253 | steps  129536 | t   81.1s | sps  1597] ret_mean=124.000 ep_len=500.0 pi_loss=-0.005 v_loss=4.324 ent=1.876 kl=0.0070
[upd  254 | steps  130048 | t   81.3s | sps  1600] ret_mean=123.500 ep_len=500.0 pi_loss=-0.010 v_loss=4.964 ent=2.272 kl=-0.0010
[upd  255 | steps  130560 | t   81.4s | sps  1604] ret_mean=0.000 ep_len=500.0 pi_loss=-0.009 v_loss=0.070 ent=2.095 kl=0.0082
[upd  256 | steps  131072 | t   81.6s | sps  1607] ret_mean=49.500 ep_len=500.0 pi_loss=-0.012 v_loss=2.134 ent=1.966 kl=0.0111
[upd  257 | steps  131584 | t   81.7s | sps  1610] ret_mean=0.000 ep_len=500.0 pi_loss=-0.009 v_loss=0.138 ent=2.119 kl=0.0064
[upd  258 | steps  132096 | t   81.9s | sps  1613] ret_mean=0.000 ep_len=500.0 pi_loss=-0.015 v_loss=0.050 ent=2.171 kl=0.0175
[upd  259 | steps  132608 | t   82.0s | sps  1616] ret_mean=0.000 ep_len=500.0 pi_loss=-0.018 v_loss=0.250 ent=2.023 kl=0.0115
[upd  260 | steps  133120 | t   82.2s | sps  1620] ret_mean=69.000 ep_len=500.0 pi_loss=-0.016 v_loss=3.603 ent=2.080 kl=0.0173
[upd  261 | steps  133632 | t   82.3s | sps  1623] ret_mean=114.500 ep_len=500.0 pi_loss=-0.013 v_loss=3.719 ent=1.978 kl=0.0100
[upd  262 | steps  134144 | t   82.5s | sps  1626] ret_mean=0.000 ep_len=500.0 pi_loss=-0.017 v_loss=1.202 ent=2.508 kl=0.0098
[upd  263 | steps  134656 | t   82.7s | sps  1629] ret_mean=123.000 ep_len=500.0 pi_loss=-0.014 v_loss=3.742 ent=2.075 kl=0.0020
[upd  264 | steps  135168 | t   82.8s | sps  1632] ret_mean=0.000 ep_len=500.0 pi_loss=-0.011 v_loss=0.016 ent=2.106 kl=0.0013
[upd  265 | steps  135680 | t   83.0s | sps  1635] ret_mean=0.000 ep_len=500.0 pi_loss=-0.016 v_loss=3.696 ent=2.051 kl=0.0079
[upd  266 | steps  136192 | t   83.1s | sps  1638] ret_mean=134.000 ep_len=500.0 pi_loss=-0.006 v_loss=3.082 ent=1.996 kl=0.0001
[upd  267 | steps  136704 | t   83.3s | sps  1642] ret_mean=32.500 ep_len=500.0 pi_loss=-0.007 v_loss=1.441 ent=2.139 kl=0.0079
[upd  268 | steps  137216 | t   83.4s | sps  1644] ret_mean=0.000 ep_len=500.0 pi_loss=-0.018 v_loss=0.017 ent=2.420 kl=0.0148
[upd  269 | steps  137728 | t   83.6s | sps  1647] ret_mean=0.000 ep_len=500.0 pi_loss=-0.011 v_loss=0.029 ent=2.362 kl=0.0048
[upd  270 | steps  138240 | t   83.8s | sps  1650] ret_mean=0.000 ep_len=500.0 pi_loss=-0.012 v_loss=2.021 ent=2.058 kl=-0.0003
[upd  271 | steps  138752 | t   83.9s | sps  1653] ret_mean=65.500 ep_len=500.0 pi_loss=-0.011 v_loss=2.718 ent=2.004 kl=0.0087
[upd  272 | steps  139264 | t   84.1s | sps  1656] ret_mean=116.500 ep_len=500.0 pi_loss=-0.007 v_loss=1.922 ent=2.049 kl=0.0018
[upd  273 | steps  139776 | t   84.2s | sps  1660] ret_mean=0.000 ep_len=500.0 pi_loss=-0.010 v_loss=0.034 ent=2.103 kl=0.0096
[upd  274 | steps  140288 | t   84.4s | sps  1663] ret_mean=0.000 ep_len=500.0 pi_loss=-0.009 v_loss=0.017 ent=2.243 kl=0.0015
[upd  275 | steps  140800 | t   84.5s | sps  1666] ret_mean=0.000 ep_len=500.0 pi_loss=-0.014 v_loss=0.016 ent=2.337 kl=0.0045
        [eval] ret_mean=20.800 ep_len=500.0
[upd  276 | steps  141312 | t   88.4s | sps  1598] ret_mean=103.500 ep_len=500.0 pi_loss=-0.012 v_loss=5.384 ent=2.056 kl=0.0029
[upd  277 | steps  141824 | t   88.6s | sps  1601] ret_mean=34.500 ep_len=500.0 pi_loss=-0.013 v_loss=1.136 ent=2.453 kl=0.0128
[upd  278 | steps  142336 | t   88.7s | sps  1604] ret_mean=0.000 ep_len=500.0 pi_loss=-0.011 v_loss=0.241 ent=2.554 kl=0.0081
[upd  279 | steps  142848 | t   88.9s | sps  1607] ret_mean=122.500 ep_len=500.0 pi_loss=-0.012 v_loss=5.119 ent=2.041 kl=0.0081
[upd  280 | steps  143360 | t   89.0s | sps  1610] ret_mean=124.000 ep_len=500.0 pi_loss=-0.015 v_loss=4.969 ent=2.090 kl=0.0079
[upd  281 | steps  143872 | t   89.2s | sps  1613] ret_mean=0.000 ep_len=500.0 pi_loss=-0.009 v_loss=0.579 ent=2.430 kl=0.0115
[upd  282 | steps  144384 | t   89.4s | sps  1616] ret_mean=104.000 ep_len=500.0 pi_loss=-0.013 v_loss=3.634 ent=2.035 kl=0.0043
[upd  283 | steps  144896 | t   89.5s | sps  1619] ret_mean=0.000 ep_len=500.0 pi_loss=-0.008 v_loss=0.788 ent=2.048 kl=0.0027
[upd  284 | steps  145408 | t   89.7s | sps  1622] ret_mean=19.500 ep_len=500.0 pi_loss=-0.010 v_loss=0.209 ent=2.241 kl=0.0077
[upd  285 | steps  145920 | t   89.8s | sps  1625] ret_mean=0.000 ep_len=500.0 pi_loss=-0.012 v_loss=0.057 ent=2.067 kl=0.0073
[upd  286 | steps  146432 | t   90.0s | sps  1628] ret_mean=0.000 ep_len=500.0 pi_loss=-0.009 v_loss=1.464 ent=2.045 kl=0.0008
[upd  287 | steps  146944 | t   90.1s | sps  1631] ret_mean=119.000 ep_len=500.0 pi_loss=-0.006 v_loss=3.669 ent=2.041 kl=0.0055
[upd  288 | steps  147456 | t   90.3s | sps  1634] ret_mean=119.000 ep_len=500.0 pi_loss=-0.010 v_loss=2.664 ent=2.123 kl=0.0029
[upd  289 | steps  147968 | t   90.4s | sps  1636] ret_mean=0.000 ep_len=500.0 pi_loss=-0.013 v_loss=0.108 ent=2.501 kl=0.0068
[upd  290 | steps  148480 | t   90.6s | sps  1639] ret_mean=0.000 ep_len=500.0 pi_loss=-0.010 v_loss=0.318 ent=2.396 kl=0.0262
[upd  291 | steps  148992 | t   90.7s | sps  1642] ret_mean=84.000 ep_len=500.0 pi_loss=-0.014 v_loss=2.488 ent=2.229 kl=0.0100
[upd  292 | steps  149504 | t   90.9s | sps  1645] ret_mean=44.500 ep_len=500.0 pi_loss=-0.012 v_loss=1.730 ent=2.360 kl=0.0160
[upd  293 | steps  150016 | t   91.0s | sps  1648] ret_mean=0.000 ep_len=500.0 pi_loss=-0.014 v_loss=1.550 ent=2.273 kl=0.0099
[upd  294 | steps  150528 | t   91.2s | sps  1651] ret_mean=105.500 ep_len=500.0 pi_loss=-0.016 v_loss=2.184 ent=2.321 kl=0.0066
[upd  295 | steps  151040 | t   91.3s | sps  1654] ret_mean=0.000 ep_len=500.0 pi_loss=-0.017 v_loss=0.010 ent=2.637 kl=0.0183
[upd  296 | steps  151552 | t   91.5s | sps  1656] ret_mean=0.000 ep_len=500.0 pi_loss=-0.014 v_loss=0.027 ent=2.406 kl=0.0083
[upd  297 | steps  152064 | t   91.6s | sps  1659] ret_mean=0.000 ep_len=500.0 pi_loss=-0.016 v_loss=0.025 ent=2.183 kl=0.0087
[upd  298 | steps  152576 | t   91.8s | sps  1662] ret_mean=0.000 ep_len=500.0 pi_loss=-0.009 v_loss=3.495 ent=2.073 kl=0.0104
[upd  299 | steps  153088 | t   92.0s | sps  1665] ret_mean=120.500 ep_len=500.0 pi_loss=-0.015 v_loss=2.692 ent=2.655 kl=0.0157
[upd  300 | steps  153600 | t   92.1s | sps  1668] ret_mean=0.000 ep_len=500.0 pi_loss=-0.017 v_loss=0.008 ent=2.566 kl=0.0029
        [eval] ret_mean=12.400 ep_len=500.0
[upd  301 | steps  154112 | t   95.9s | sps  1608] ret_mean=0.000 ep_len=500.0 pi_loss=-0.014 v_loss=0.011 ent=2.644 kl=0.0092
[upd  302 | steps  154624 | t   96.0s | sps  1610] ret_mean=111.000 ep_len=500.0 pi_loss=-0.013 v_loss=5.408 ent=1.924 kl=0.0085
[upd  303 | steps  155136 | t   96.2s | sps  1613] ret_mean=0.000 ep_len=500.0 pi_loss=-0.017 v_loss=0.007 ent=2.493 kl=0.0113
[upd  304 | steps  155648 | t   96.3s | sps  1616] ret_mean=0.000 ep_len=500.0 pi_loss=-0.014 v_loss=0.011 ent=2.298 kl=0.0099
[upd  305 | steps  156160 | t   96.5s | sps  1618] ret_mean=0.000 ep_len=500.0 pi_loss=-0.011 v_loss=0.490 ent=2.363 kl=0.0241
[upd  306 | steps  156672 | t   96.6s | sps  1621] ret_mean=120.500 ep_len=500.0 pi_loss=-0.008 v_loss=5.107 ent=2.131 kl=0.0053
[upd  307 | steps  157184 | t   96.8s | sps  1624] ret_mean=97.500 ep_len=500.0 pi_loss=-0.013 v_loss=4.145 ent=2.244 kl=0.0162
[upd  308 | steps  157696 | t   96.9s | sps  1627] ret_mean=0.000 ep_len=500.0 pi_loss=-0.010 v_loss=0.013 ent=2.448 kl=0.0100
[upd  309 | steps  158208 | t   97.1s | sps  1629] ret_mean=75.500 ep_len=500.0 pi_loss=-0.014 v_loss=3.420 ent=2.179 kl=0.0085
[upd  310 | steps  158720 | t   97.3s | sps  1632] ret_mean=83.000 ep_len=500.0 pi_loss=-0.014 v_loss=3.595 ent=2.272 kl=0.0125
[upd  311 | steps  159232 | t   97.4s | sps  1634] ret_mean=0.000 ep_len=500.0 pi_loss=-0.017 v_loss=1.405 ent=2.883 kl=0.0131
[upd  312 | steps  159744 | t   97.6s | sps  1637] ret_mean=143.500 ep_len=500.0 pi_loss=-0.012 v_loss=7.372 ent=2.071 kl=0.0131
[upd  313 | steps  160256 | t   97.7s | sps  1640] ret_mean=105.500 ep_len=500.0 pi_loss=-0.011 v_loss=9.649 ent=2.288 kl=0.0102
[upd  314 | steps  160768 | t   97.9s | sps  1643] ret_mean=239.000 ep_len=500.0 pi_loss=-0.013 v_loss=13.054 ent=1.794 kl=0.0105
[upd  315 | steps  161280 | t   98.0s | sps  1645] ret_mean=83.000 ep_len=500.0 pi_loss=-0.008 v_loss=3.018 ent=2.097 kl=-0.0037
[upd  316 | steps  161792 | t   98.2s | sps  1648] ret_mean=0.000 ep_len=500.0 pi_loss=-0.014 v_loss=6.852 ent=2.298 kl=0.0139
[upd  317 | steps  162304 | t   98.3s | sps  1651] ret_mean=237.500 ep_len=500.0 pi_loss=-0.014 v_loss=10.199 ent=2.011 kl=0.0134
[upd  318 | steps  162816 | t   98.5s | sps  1653] ret_mean=4.500 ep_len=500.0 pi_loss=-0.015 v_loss=0.046 ent=2.474 kl=0.0081
[upd  319 | steps  163328 | t   98.6s | sps  1656] ret_mean=0.000 ep_len=500.0 pi_loss=-0.013 v_loss=0.925 ent=2.597 kl=0.0050
[upd  320 | steps  163840 | t   98.8s | sps  1658] ret_mean=84.000 ep_len=500.0 pi_loss=-0.013 v_loss=8.817 ent=2.040 kl=0.0100
[upd  321 | steps  164352 | t   98.9s | sps  1661] ret_mean=217.000 ep_len=500.0 pi_loss=-0.010 v_loss=13.832 ent=1.619 kl=0.0113
[upd  322 | steps  164864 | t   99.1s | sps  1664] ret_mean=195.500 ep_len=500.0 pi_loss=-0.009 v_loss=9.824 ent=1.868 kl=0.0115
[upd  323 | steps  165376 | t   99.3s | sps  1666] ret_mean=72.500 ep_len=500.0 pi_loss=-0.015 v_loss=3.585 ent=1.908 kl=0.0202
[upd  324 | steps  165888 | t   99.4s | sps  1669] ret_mean=124.000 ep_len=500.0 pi_loss=-0.009 v_loss=3.347 ent=1.805 kl=0.0146
[upd  325 | steps  166400 | t   99.6s | sps  1671] ret_mean=124.500 ep_len=500.0 pi_loss=-0.012 v_loss=1.488 ent=2.093 kl=0.0042
        [eval] ret_mean=0.000 ep_len=500.0
[upd  326 | steps  166912 | t  103.5s | sps  1613] ret_mean=116.500 ep_len=500.0 pi_loss=-0.013 v_loss=3.877 ent=1.901 kl=0.0130
[upd  327 | steps  167424 | t  103.6s | sps  1615] ret_mean=26.500 ep_len=500.0 pi_loss=-0.008 v_loss=1.357 ent=2.062 kl=0.0137
[upd  328 | steps  167936 | t  103.8s | sps  1618] ret_mean=164.000 ep_len=500.0 pi_loss=-0.011 v_loss=11.311 ent=1.502 kl=0.0052
[upd  329 | steps  168448 | t  104.0s | sps  1620] ret_mean=93.500 ep_len=500.0 pi_loss=-0.012 v_loss=3.674 ent=2.086 kl=0.0055
[upd  330 | steps  168960 | t  104.2s | sps  1622] ret_mean=0.000 ep_len=500.0 pi_loss=-0.017 v_loss=0.415 ent=2.464 kl=0.0054
[upd  331 | steps  169472 | t  104.4s | sps  1624] ret_mean=124.000 ep_len=500.0 pi_loss=-0.011 v_loss=2.992 ent=1.738 kl=0.0015
[upd  332 | steps  169984 | t  104.6s | sps  1625] ret_mean=0.000 ep_len=500.0 pi_loss=-0.009 v_loss=0.119 ent=2.021 kl=0.0109
[upd  333 | steps  170496 | t  104.8s | sps  1626] ret_mean=0.000 ep_len=500.0 pi_loss=-0.011 v_loss=0.059 ent=2.023 kl=0.0034
[upd  334 | steps  171008 | t  105.1s | sps  1627] ret_mean=0.000 ep_len=500.0 pi_loss=-0.010 v_loss=0.038 ent=1.731 kl=0.0094
[upd  335 | steps  171520 | t  105.3s | sps  1629] ret_mean=96.500 ep_len=500.0 pi_loss=-0.008 v_loss=3.774 ent=1.415 kl=0.0129
[upd  336 | steps  172032 | t  105.4s | sps  1631] ret_mean=0.000 ep_len=500.0 pi_loss=-0.012 v_loss=0.675 ent=1.815 kl=0.0035
[upd  337 | steps  172544 | t  105.6s | sps  1634] ret_mean=104.500 ep_len=500.0 pi_loss=-0.007 v_loss=2.828 ent=1.681 kl=0.0123
[upd  338 | steps  173056 | t  105.8s | sps  1636] ret_mean=0.000 ep_len=500.0 pi_loss=-0.011 v_loss=0.031 ent=1.960 kl=0.0039
[upd  339 | steps  173568 | t  106.0s | sps  1638] ret_mean=85.000 ep_len=500.0 pi_loss=-0.012 v_loss=12.684 ent=1.355 kl=0.0074
[upd  340 | steps  174080 | t  106.1s | sps  1641] ret_mean=244.000 ep_len=500.0 pi_loss=-0.013 v_loss=11.046 ent=1.285 kl=0.0018
[upd  341 | steps  174592 | t  106.3s | sps  1643] ret_mean=0.000 ep_len=500.0 pi_loss=-0.012 v_loss=0.035 ent=1.602 kl=0.0059
[upd  342 | steps  175104 | t  106.4s | sps  1645] ret_mean=0.000 ep_len=500.0 pi_loss=-0.016 v_loss=0.031 ent=1.723 kl=0.0196
[upd  343 | steps  175616 | t  106.6s | sps  1647] ret_mean=0.000 ep_len=500.0 pi_loss=-0.007 v_loss=1.628 ent=1.464 kl=0.0011
[upd  344 | steps  176128 | t  106.8s | sps  1649] ret_mean=108.500 ep_len=500.0 pi_loss=-0.009 v_loss=4.777 ent=1.370 kl=0.0180
[upd  345 | steps  176640 | t  107.0s | sps  1652] ret_mean=124.000 ep_len=500.0 pi_loss=-0.012 v_loss=3.077 ent=1.585 kl=0.0068
[upd  346 | steps  177152 | t  107.1s | sps  1654] ret_mean=20.000 ep_len=500.0 pi_loss=-0.010 v_loss=0.390 ent=1.657 kl=-0.0007
[upd  347 | steps  177664 | t  107.3s | sps  1656] ret_mean=66.000 ep_len=500.0 pi_loss=-0.010 v_loss=3.841 ent=1.426 kl=0.0054
[upd  348 | steps  178176 | t  107.4s | sps  1658] ret_mean=93.000 ep_len=500.0 pi_loss=-0.010 v_loss=2.010 ent=1.866 kl=0.0156
[upd  349 | steps  178688 | t  107.6s | sps  1660] ret_mean=0.000 ep_len=500.0 pi_loss=-0.011 v_loss=0.016 ent=1.808 kl=0.0087
[upd  350 | steps  179200 | t  107.8s | sps  1663] ret_mean=0.000 ep_len=500.0 pi_loss=-0.017 v_loss=0.606 ent=1.951 kl=0.0250
        [eval] ret_mean=37.383 ep_len=500.0
[upd  351 | steps  179712 | t  111.9s | sps  1606] ret_mean=226.500 ep_len=500.0 pi_loss=-0.007 v_loss=17.824 ent=1.157 kl=0.0028
[upd  352 | steps  180224 | t  112.1s | sps  1608] ret_mean=23.000 ep_len=500.0 pi_loss=-0.009 v_loss=2.284 ent=1.958 kl=0.0211
[upd  353 | steps  180736 | t  112.2s | sps  1611] ret_mean=109.000 ep_len=500.0 pi_loss=-0.013 v_loss=3.784 ent=1.564 kl=0.0032
[upd  354 | steps  181248 | t  112.4s | sps  1613] ret_mean=130.500 ep_len=500.0 pi_loss=-0.009 v_loss=4.970 ent=1.761 kl=-0.0002
[upd  355 | steps  181760 | t  112.5s | sps  1615] ret_mean=124.500 ep_len=500.0 pi_loss=-0.009 v_loss=4.174 ent=1.541 kl=0.0138
[upd  356 | steps  182272 | t  112.7s | sps  1618] ret_mean=124.500 ep_len=500.0 pi_loss=-0.007 v_loss=5.665 ent=1.552 kl=0.0034
[upd  357 | steps  182784 | t  112.8s | sps  1620] ret_mean=143.500 ep_len=500.0 pi_loss=-0.013 v_loss=4.420 ent=1.715 kl=0.0174
[upd  358 | steps  183296 | t  113.0s | sps  1622] ret_mean=0.000 ep_len=500.0 pi_loss=-0.009 v_loss=0.062 ent=2.047 kl=0.0082
[upd  359 | steps  183808 | t  113.1s | sps  1625] ret_mean=0.000 ep_len=500.0 pi_loss=-0.016 v_loss=0.343 ent=2.227 kl=0.0175
[upd  360 | steps  184320 | t  113.3s | sps  1627] ret_mean=99.000 ep_len=500.0 pi_loss=-0.013 v_loss=5.566 ent=1.830 kl=0.0055
[upd  361 | steps  184832 | t  113.5s | sps  1629] ret_mean=110.500 ep_len=500.0 pi_loss=-0.015 v_loss=3.222 ent=1.943 kl=0.0166
[upd  362 | steps  185344 | t  113.6s | sps  1631] ret_mean=120.000 ep_len=500.0 pi_loss=-0.009 v_loss=3.893 ent=1.809 kl=0.0001
[upd  363 | steps  185856 | t  113.8s | sps  1633] ret_mean=122.500 ep_len=500.0 pi_loss=-0.013 v_loss=2.663 ent=1.987 kl=0.0166
[upd  364 | steps  186368 | t  113.9s | sps  1636] ret_mean=0.000 ep_len=500.0 pi_loss=-0.010 v_loss=0.108 ent=2.198 kl=0.0040
[upd  365 | steps  186880 | t  114.1s | sps  1638] ret_mean=0.000 ep_len=500.0 pi_loss=-0.014 v_loss=1.199 ent=2.015 kl=0.0009
[upd  366 | steps  187392 | t  114.2s | sps  1640] ret_mean=121.500 ep_len=500.0 pi_loss=-0.011 v_loss=2.898 ent=1.836 kl=0.0039
[upd  367 | steps  187904 | t  114.4s | sps  1643] ret_mean=109.000 ep_len=500.0 pi_loss=-0.015 v_loss=3.137 ent=1.712 kl=0.0112
[upd  368 | steps  188416 | t  114.6s | sps  1645] ret_mean=40.000 ep_len=500.0 pi_loss=-0.012 v_loss=1.524 ent=1.973 kl=0.0029
[upd  369 | steps  188928 | t  114.7s | sps  1647] ret_mean=87.000 ep_len=500.0 pi_loss=-0.021 v_loss=1.732 ent=2.245 kl=0.0268
[upd  370 | steps  189440 | t  114.9s | sps  1649] ret_mean=131.500 ep_len=500.0 pi_loss=-0.009 v_loss=10.201 ent=1.646 kl=0.0080
[upd  371 | steps  189952 | t  115.0s | sps  1652] ret_mean=161.500 ep_len=500.0 pi_loss=-0.004 v_loss=8.329 ent=1.658 kl=0.0072
[upd  372 | steps  190464 | t  115.2s | sps  1654] ret_mean=113.500 ep_len=500.0 pi_loss=-0.015 v_loss=2.924 ent=2.022 kl=0.0044
[upd  373 | steps  190976 | t  115.3s | sps  1656] ret_mean=44.000 ep_len=500.0 pi_loss=-0.020 v_loss=2.515 ent=2.097 kl=0.0130
[upd  374 | steps  191488 | t  115.5s | sps  1658] ret_mean=109.500 ep_len=500.0 pi_loss=-0.008 v_loss=5.567 ent=1.928 kl=0.0105
[upd  375 | steps  192000 | t  115.6s | sps  1661] ret_mean=124.500 ep_len=500.0 pi_loss=-0.016 v_loss=2.417 ent=2.259 kl=0.0136
        [eval] ret_mean=8.267 ep_len=500.0
[upd  376 | steps  192512 | t  119.5s | sps  1611] ret_mean=0.500 ep_len=500.0 pi_loss=-0.012 v_loss=0.459 ent=2.356 kl=0.0088
[upd  377 | steps  193024 | t  119.7s | sps  1613] ret_mean=67.500 ep_len=500.0 pi_loss=-0.015 v_loss=2.452 ent=2.332 kl=0.0023
[upd  378 | steps  193536 | t  119.9s | sps  1615] ret_mean=0.000 ep_len=500.0 pi_loss=-0.007 v_loss=0.410 ent=2.119 kl=0.0007
[upd  379 | steps  194048 | t  120.0s | sps  1617] ret_mean=0.000 ep_len=500.0 pi_loss=-0.015 v_loss=0.461 ent=2.389 kl=0.0097
[upd  380 | steps  194560 | t  120.2s | sps  1619] ret_mean=41.500 ep_len=500.0 pi_loss=-0.013 v_loss=2.215 ent=2.354 kl=0.0167
[upd  381 | steps  195072 | t  120.4s | sps  1621] ret_mean=7.500 ep_len=500.0 pi_loss=-0.017 v_loss=0.750 ent=2.480 kl=0.0166
[upd  382 | steps  195584 | t  120.5s | sps  1622] ret_mean=0.000 ep_len=500.0 pi_loss=-0.013 v_loss=0.884 ent=2.426 kl=0.0019
[upd  383 | steps  196096 | t  120.7s | sps  1625] ret_mean=119.500 ep_len=500.0 pi_loss=-0.015 v_loss=2.855 ent=2.354 kl=0.0057
[upd  384 | steps  196608 | t  120.9s | sps  1626] ret_mean=4.000 ep_len=500.0 pi_loss=-0.016 v_loss=1.400 ent=2.462 kl=0.0089
[upd  385 | steps  197120 | t  121.1s | sps  1628] ret_mean=129.000 ep_len=500.0 pi_loss=-0.009 v_loss=5.799 ent=2.302 kl=0.0130
[upd  386 | steps  197632 | t  121.3s | sps  1630] ret_mean=163.000 ep_len=500.0 pi_loss=-0.007 v_loss=11.268 ent=2.100 kl=0.0015
[upd  387 | steps  198144 | t  121.4s | sps  1632] ret_mean=75.500 ep_len=500.0 pi_loss=-0.019 v_loss=2.972 ent=2.506 kl=0.0174
[upd  388 | steps  198656 | t  121.6s | sps  1634] ret_mean=19.500 ep_len=500.0 pi_loss=-0.013 v_loss=1.231 ent=2.731 kl=0.0069
[upd  389 | steps  199168 | t  121.8s | sps  1636] ret_mean=0.000 ep_len=500.0 pi_loss=-0.016 v_loss=1.209 ent=2.331 kl=0.0144
[upd  390 | steps  199680 | t  122.0s | sps  1637] ret_mean=34.000 ep_len=500.0 pi_loss=-0.011 v_loss=2.477 ent=2.463 kl=0.0085
[upd  391 | steps  200192 | t  122.1s | sps  1639] ret_mean=121.500 ep_len=500.0 pi_loss=-0.020 v_loss=2.232 ent=2.315 kl=0.0096
[upd  392 | steps  200704 | t  122.3s | sps  1641] ret_mean=0.000 ep_len=500.0 pi_loss=-0.017 v_loss=0.067 ent=2.462 kl=0.0145
[upd  393 | steps  201216 | t  122.5s | sps  1643] ret_mean=22.500 ep_len=500.0 pi_loss=-0.015 v_loss=1.327 ent=2.569 kl=0.0144
[upd  394 | steps  201728 | t  122.6s | sps  1645] ret_mean=51.500 ep_len=500.0 pi_loss=-0.009 v_loss=2.172 ent=2.664 kl=0.0088
[upd  395 | steps  202240 | t  122.8s | sps  1647] ret_mean=0.000 ep_len=500.0 pi_loss=-0.019 v_loss=0.104 ent=2.811 kl=0.0136
[upd  396 | steps  202752 | t  122.9s | sps  1649] ret_mean=0.000 ep_len=500.0 pi_loss=-0.015 v_loss=0.478 ent=2.787 kl=0.0074
[upd  397 | steps  203264 | t  123.1s | sps  1651] ret_mean=22.500 ep_len=500.0 pi_loss=-0.017 v_loss=2.699 ent=2.479 kl=0.0118
[upd  398 | steps  203776 | t  123.3s | sps  1653] ret_mean=124.000 ep_len=500.0 pi_loss=-0.018 v_loss=6.310 ent=2.309 kl=0.0076
[upd  399 | steps  204288 | t  123.4s | sps  1655] ret_mean=132.000 ep_len=500.0 pi_loss=-0.016 v_loss=3.468 ent=2.387 kl=0.0123
[upd  400 | steps  204800 | t  123.6s | sps  1657] ret_mean=26.000 ep_len=500.0 pi_loss=-0.011 v_loss=1.126 ent=2.522 kl=0.0083
        [eval] ret_mean=16.667 ep_len=500.0
