$ /Users/samchen/Coding/CLASSES/CS2860/.venv/bin/python3 -m policies.train --env rware-tiny-2ag-easy-v2 --seed 1 --updates 300 --rollout 512 --eval-every 25 --eval-episodes 30 --log-dir matrix_results/diagnostics_v1_sam/death_token/tiny_oracle --run-name mappo-heartbeat-plus-comm__delay-dropout__d30__s1 --n-msg-tokens 8 --heartbeat --heartbeat-period 1 --heartbeat-max-age-clip 128 --heartbeat-delay 30 --dropout --dropout-window-start 200 --dropout-window-end 350 --shape-rewards --pickup-bonus 0.5 --disable-message-echo

[env] EnvSpec(env_id='rware-tiny-2ag-easy-v2', n_agents=2, obs_dim=73, n_env_actions=5, noop_action=0, family='rware')  (n_msg_tokens=8)
[cfg] {'clip_range': 0.2, 'value_clip_range': 0.2, 'entropy_coef': 0.01, 'value_coef': 0.5, 'max_grad_norm': 0.5, 'gamma': 0.99, 'gae_lambda': 0.95, 'lr_actor': 0.0003, 'lr_critic': 0.001, 'update_epochs': 4, 'minibatches': 4, 'hidden': 128, 'depth': 2, 'device': 'cpu', 'extra': {}}
[log] writing to matrix_results/diagnostics_v1_sam/death_token/tiny_oracle/mappo-heartbeat-plus-comm__delay-dropout__d30__s1
[upd    1 | steps     512 | t    0.2s | sps  2413] ret_mean=0.000 ep_len=500.0 pi_loss=-0.016 v_loss=0.040 ent=3.682 kl=0.0087
[upd    2 | steps    1024 | t    0.4s | sps  2563] ret_mean=0.500 ep_len=500.0 pi_loss=-0.008 v_loss=0.019 ent=3.680 kl=0.0044
[upd    3 | steps    1536 | t    0.6s | sps  2577] ret_mean=0.000 ep_len=500.0 pi_loss=-0.010 v_loss=0.010 ent=3.665 kl=-0.0005
[upd    4 | steps    2048 | t    0.8s | sps  2562] ret_mean=0.000 ep_len=500.0 pi_loss=-0.009 v_loss=0.006 ent=3.645 kl=0.0018
[upd    5 | steps    2560 | t    1.1s | sps  2412] ret_mean=0.000 ep_len=500.0 pi_loss=-0.007 v_loss=0.013 ent=3.629 kl=-0.0014
[upd    6 | steps    3072 | t    1.3s | sps  2450] ret_mean=2.000 ep_len=500.0 pi_loss=-0.006 v_loss=0.007 ent=3.606 kl=0.0075
[upd    7 | steps    3584 | t    1.4s | sps  2473] ret_mean=0.000 ep_len=500.0 pi_loss=-0.014 v_loss=0.004 ent=3.603 kl=-0.0042
[upd    8 | steps    4096 | t    1.7s | sps  2480] ret_mean=2.000 ep_len=500.0 pi_loss=-0.007 v_loss=0.016 ent=3.597 kl=0.0004
[upd    9 | steps    4608 | t    1.8s | sps  2493] ret_mean=0.000 ep_len=500.0 pi_loss=-0.007 v_loss=0.005 ent=3.633 kl=0.0054
[upd   10 | steps    5120 | t    2.0s | sps  2508] ret_mean=0.000 ep_len=500.0 pi_loss=-0.010 v_loss=0.022 ent=3.617 kl=0.0030
[upd   11 | steps    5632 | t    2.2s | sps  2506] ret_mean=4.000 ep_len=500.0 pi_loss=-0.011 v_loss=0.004 ent=3.585 kl=0.0079
[upd   12 | steps    6144 | t    2.5s | sps  2496] ret_mean=0.500 ep_len=500.0 pi_loss=-0.006 v_loss=0.014 ent=3.593 kl=-0.0027
[upd   13 | steps    6656 | t    2.7s | sps  2482] ret_mean=3.000 ep_len=500.0 pi_loss=-0.011 v_loss=0.004 ent=3.555 kl=0.0061
[upd   14 | steps    7168 | t    2.9s | sps  2498] ret_mean=1.000 ep_len=500.0 pi_loss=-0.012 v_loss=0.006 ent=3.594 kl=0.0024
[upd   15 | steps    7680 | t    3.1s | sps  2505] ret_mean=0.000 ep_len=500.0 pi_loss=-0.009 v_loss=0.003 ent=3.590 kl=0.0043
[upd   16 | steps    8192 | t    3.3s | sps  2517] ret_mean=0.000 ep_len=500.0 pi_loss=-0.012 v_loss=0.003 ent=3.627 kl=-0.0041
[upd   17 | steps    8704 | t    3.5s | sps  2520] ret_mean=0.000 ep_len=500.0 pi_loss=-0.010 v_loss=0.004 ent=3.637 kl=0.0054
[upd   18 | steps    9216 | t    3.7s | sps  2519] ret_mean=1.000 ep_len=500.0 pi_loss=-0.013 v_loss=0.002 ent=3.620 kl=0.0037
[upd   19 | steps    9728 | t    3.9s | sps  2522] ret_mean=1.000 ep_len=500.0 pi_loss=-0.007 v_loss=0.006 ent=3.630 kl=0.0115
[upd   20 | steps   10240 | t    4.1s | sps  2519] ret_mean=0.000 ep_len=500.0 pi_loss=-0.010 v_loss=0.001 ent=3.638 kl=0.0000
[upd   21 | steps   10752 | t    4.3s | sps  2491] ret_mean=0.000 ep_len=500.0 pi_loss=-0.011 v_loss=0.001 ent=3.652 kl=0.0042
[upd   22 | steps   11264 | t    4.5s | sps  2486] ret_mean=0.000 ep_len=500.0 pi_loss=-0.008 v_loss=0.001 ent=3.631 kl=0.0006
[upd   23 | steps   11776 | t    4.7s | sps  2493] ret_mean=0.000 ep_len=500.0 pi_loss=-0.013 v_loss=0.001 ent=3.625 kl=0.0052
[upd   24 | steps   12288 | t    4.9s | sps  2498] ret_mean=0.000 ep_len=500.0 pi_loss=-0.008 v_loss=0.001 ent=3.614 kl=0.0049
[upd   25 | steps   12800 | t    5.1s | sps  2499] ret_mean=0.000 ep_len=500.0 pi_loss=-0.014 v_loss=0.002 ent=3.587 kl=0.0036
        [eval] ret_mean=0.000 ep_len=500.0
[upd   26 | steps   13312 | t   10.0s | sps  1337] ret_mean=1.500 ep_len=500.0 pi_loss=-0.013 v_loss=0.005 ent=3.580 kl=0.0139
[upd   27 | steps   13824 | t   10.2s | sps  1358] ret_mean=0.000 ep_len=500.0 pi_loss=-0.012 v_loss=0.001 ent=3.557 kl=0.0063
[upd   28 | steps   14336 | t   10.4s | sps  1375] ret_mean=0.000 ep_len=500.0 pi_loss=-0.007 v_loss=0.001 ent=3.553 kl=0.0032
[upd   29 | steps   14848 | t   10.7s | sps  1393] ret_mean=0.500 ep_len=500.0 pi_loss=-0.009 v_loss=0.002 ent=3.554 kl=0.0082
[upd   30 | steps   15360 | t   10.9s | sps  1410] ret_mean=0.000 ep_len=500.0 pi_loss=-0.010 v_loss=0.001 ent=3.594 kl=0.0017
[upd   31 | steps   15872 | t   11.1s | sps  1427] ret_mean=1.500 ep_len=500.0 pi_loss=-0.012 v_loss=0.007 ent=3.560 kl=0.0114
[upd   32 | steps   16384 | t   11.3s | sps  1444] ret_mean=1.500 ep_len=500.0 pi_loss=-0.012 v_loss=0.005 ent=3.545 kl=0.0094
[upd   33 | steps   16896 | t   11.6s | sps  1461] ret_mean=0.000 ep_len=500.0 pi_loss=-0.008 v_loss=0.001 ent=3.586 kl=-0.0014
[upd   34 | steps   17408 | t   11.8s | sps  1481] ret_mean=2.500 ep_len=500.0 pi_loss=-0.014 v_loss=0.016 ent=3.530 kl=-0.0012
[upd   35 | steps   17920 | t   12.0s | sps  1497] ret_mean=0.000 ep_len=500.0 pi_loss=-0.012 v_loss=0.003 ent=3.554 kl=-0.0032
[upd   36 | steps   18432 | t   12.2s | sps  1515] ret_mean=2.000 ep_len=500.0 pi_loss=-0.013 v_loss=0.008 ent=3.552 kl=0.0089
[upd   37 | steps   18944 | t   12.4s | sps  1531] ret_mean=0.000 ep_len=500.0 pi_loss=-0.009 v_loss=0.041 ent=3.569 kl=0.0017
[upd   38 | steps   19456 | t   12.6s | sps  1548] ret_mean=3.500 ep_len=500.0 pi_loss=-0.009 v_loss=0.001 ent=3.553 kl=0.0078
[upd   39 | steps   19968 | t   12.8s | sps  1566] ret_mean=0.000 ep_len=500.0 pi_loss=-0.017 v_loss=0.023 ent=3.507 kl=0.0027
[upd   40 | steps   20480 | t   13.0s | sps  1578] ret_mean=3.500 ep_len=500.0 pi_loss=-0.012 v_loss=0.043 ent=3.437 kl=0.0086
[upd   41 | steps   20992 | t   13.2s | sps  1594] ret_mean=4.000 ep_len=500.0 pi_loss=-0.012 v_loss=0.033 ent=3.462 kl=0.0028
[upd   42 | steps   21504 | t   13.4s | sps  1610] ret_mean=2.500 ep_len=500.0 pi_loss=-0.009 v_loss=0.106 ent=3.454 kl=0.0027
[upd   43 | steps   22016 | t   13.5s | sps  1626] ret_mean=8.500 ep_len=500.0 pi_loss=-0.009 v_loss=0.004 ent=3.464 kl=0.0012
[upd   44 | steps   22528 | t   13.7s | sps  1641] ret_mean=0.000 ep_len=500.0 pi_loss=-0.018 v_loss=0.085 ent=3.419 kl=0.0082
[upd   45 | steps   23040 | t   13.9s | sps  1655] ret_mean=8.500 ep_len=500.0 pi_loss=-0.007 v_loss=0.005 ent=3.493 kl=0.0069
[upd   46 | steps   23552 | t   14.1s | sps  1669] ret_mean=0.000 ep_len=500.0 pi_loss=-0.015 v_loss=0.007 ent=3.434 kl=0.0080
[upd   47 | steps   24064 | t   14.3s | sps  1683] ret_mean=6.500 ep_len=500.0 pi_loss=-0.009 v_loss=0.046 ent=3.385 kl=0.0065
[upd   48 | steps   24576 | t   14.5s | sps  1697] ret_mean=0.000 ep_len=500.0 pi_loss=-0.013 v_loss=0.037 ent=3.428 kl=0.0028
[upd   49 | steps   25088 | t   14.7s | sps  1709] ret_mean=4.000 ep_len=500.0 pi_loss=-0.011 v_loss=0.002 ent=3.291 kl=0.0045
[upd   50 | steps   25600 | t   14.9s | sps  1720] ret_mean=0.000 ep_len=500.0 pi_loss=-0.011 v_loss=0.014 ent=3.440 kl=0.0038
        [eval] ret_mean=4.167 ep_len=500.0
[upd   51 | steps   26112 | t   19.3s | sps  1354] ret_mean=2.500 ep_len=500.0 pi_loss=-0.021 v_loss=0.018 ent=3.441 kl=0.0058
[upd   52 | steps   26624 | t   19.5s | sps  1368] ret_mean=0.500 ep_len=500.0 pi_loss=-0.008 v_loss=0.009 ent=3.172 kl=0.0021
[upd   53 | steps   27136 | t   19.7s | sps  1380] ret_mean=0.000 ep_len=500.0 pi_loss=-0.012 v_loss=0.002 ent=3.277 kl=0.0105
[upd   54 | steps   27648 | t   19.9s | sps  1392] ret_mean=0.000 ep_len=500.0 pi_loss=-0.015 v_loss=0.002 ent=3.432 kl=0.0184
[upd   55 | steps   28160 | t   20.1s | sps  1404] ret_mean=4.500 ep_len=500.0 pi_loss=-0.012 v_loss=0.052 ent=3.380 kl=0.0117
[upd   56 | steps   28672 | t   20.3s | sps  1416] ret_mean=0.000 ep_len=500.0 pi_loss=-0.007 v_loss=0.001 ent=3.394 kl=-0.0058
[upd   57 | steps   29184 | t   20.4s | sps  1428] ret_mean=4.500 ep_len=500.0 pi_loss=-0.011 v_loss=0.036 ent=3.415 kl=0.0044
[upd   58 | steps   29696 | t   20.6s | sps  1439] ret_mean=8.000 ep_len=500.0 pi_loss=-0.008 v_loss=0.202 ent=3.371 kl=0.0149
[upd   59 | steps   30208 | t   20.8s | sps  1451] ret_mean=3.500 ep_len=500.0 pi_loss=-0.010 v_loss=0.041 ent=3.308 kl=-0.0003
[upd   60 | steps   30720 | t   21.0s | sps  1462] ret_mean=0.000 ep_len=500.0 pi_loss=-0.010 v_loss=0.174 ent=3.349 kl=0.0022
[upd   61 | steps   31232 | t   21.2s | sps  1474] ret_mean=13.500 ep_len=500.0 pi_loss=-0.012 v_loss=0.075 ent=3.310 kl=0.0060
[upd   62 | steps   31744 | t   21.4s | sps  1485] ret_mean=0.000 ep_len=500.0 pi_loss=-0.013 v_loss=0.004 ent=3.373 kl=0.0089
[upd   63 | steps   32256 | t   21.6s | sps  1494] ret_mean=0.000 ep_len=500.0 pi_loss=-0.016 v_loss=0.001 ent=3.312 kl=0.0078
[upd   64 | steps   32768 | t   21.8s | sps  1505] ret_mean=2.500 ep_len=500.0 pi_loss=-0.008 v_loss=0.027 ent=3.216 kl=0.0080
[upd   65 | steps   33280 | t   22.0s | sps  1514] ret_mean=0.000 ep_len=500.0 pi_loss=-0.010 v_loss=0.001 ent=3.404 kl=0.0046
[upd   66 | steps   33792 | t   22.2s | sps  1524] ret_mean=1.000 ep_len=500.0 pi_loss=-0.008 v_loss=0.227 ent=3.335 kl=0.0016
[upd   67 | steps   34304 | t   22.4s | sps  1534] ret_mean=8.000 ep_len=500.0 pi_loss=-0.015 v_loss=0.002 ent=3.273 kl=0.0135
[upd   68 | steps   34816 | t   22.5s | sps  1544] ret_mean=0.000 ep_len=500.0 pi_loss=-0.010 v_loss=0.001 ent=3.370 kl=-0.0007
[upd   69 | steps   35328 | t   22.7s | sps  1555] ret_mean=0.000 ep_len=500.0 pi_loss=-0.011 v_loss=0.094 ent=3.249 kl=0.0155
[upd   70 | steps   35840 | t   22.9s | sps  1565] ret_mean=4.500 ep_len=500.0 pi_loss=-0.013 v_loss=0.003 ent=3.358 kl=0.0091
[upd   71 | steps   36352 | t   23.1s | sps  1575] ret_mean=0.000 ep_len=500.0 pi_loss=-0.011 v_loss=0.031 ent=3.368 kl=0.0065
[upd   72 | steps   36864 | t   23.3s | sps  1584] ret_mean=2.500 ep_len=500.0 pi_loss=-0.015 v_loss=0.124 ent=3.118 kl=0.0016
[upd   73 | steps   37376 | t   23.5s | sps  1594] ret_mean=6.500 ep_len=500.0 pi_loss=-0.017 v_loss=0.018 ent=3.086 kl=0.0063
[upd   74 | steps   37888 | t   23.6s | sps  1603] ret_mean=2.000 ep_len=500.0 pi_loss=-0.014 v_loss=0.002 ent=2.965 kl=0.0038
[upd   75 | steps   38400 | t   23.8s | sps  1612] ret_mean=0.000 ep_len=500.0 pi_loss=-0.014 v_loss=0.214 ent=3.086 kl=0.0053
        [eval] ret_mean=5.917 ep_len=500.0
[upd   76 | steps   38912 | t   28.3s | sps  1375] ret_mean=10.000 ep_len=500.0 pi_loss=-0.011 v_loss=0.323 ent=2.957 kl=0.0088
[upd   77 | steps   39424 | t   28.5s | sps  1384] ret_mean=0.500 ep_len=500.0 pi_loss=-0.015 v_loss=0.003 ent=2.906 kl=0.0017
[upd   78 | steps   39936 | t   28.7s | sps  1393] ret_mean=2.000 ep_len=500.0 pi_loss=-0.013 v_loss=0.183 ent=3.157 kl=0.0012
[upd   79 | steps   40448 | t   28.9s | sps  1402] ret_mean=29.500 ep_len=500.0 pi_loss=-0.014 v_loss=0.650 ent=2.974 kl=0.0101
[upd   80 | steps   40960 | t   29.0s | sps  1411] ret_mean=0.000 ep_len=500.0 pi_loss=-0.009 v_loss=0.007 ent=2.838 kl=0.0043
[upd   81 | steps   41472 | t   29.2s | sps  1420] ret_mean=0.000 ep_len=500.0 pi_loss=-0.007 v_loss=0.006 ent=2.875 kl=0.0021
[upd   82 | steps   41984 | t   29.4s | sps  1428] ret_mean=0.000 ep_len=500.0 pi_loss=-0.007 v_loss=0.003 ent=2.971 kl=0.0013
[upd   83 | steps   42496 | t   29.6s | sps  1437] ret_mean=0.000 ep_len=500.0 pi_loss=-0.012 v_loss=0.004 ent=3.149 kl=0.0046
[upd   84 | steps   43008 | t   29.8s | sps  1445] ret_mean=1.500 ep_len=500.0 pi_loss=-0.015 v_loss=0.023 ent=2.847 kl=0.0107
[upd   85 | steps   43520 | t   30.0s | sps  1452] ret_mean=10.000 ep_len=500.0 pi_loss=-0.013 v_loss=0.916 ent=3.151 kl=0.0025
[upd   86 | steps   44032 | t   30.2s | sps  1460] ret_mean=32.500 ep_len=500.0 pi_loss=-0.010 v_loss=0.329 ent=3.100 kl=0.0088
[upd   87 | steps   44544 | t   30.4s | sps  1464] ret_mean=0.000 ep_len=500.0 pi_loss=-0.008 v_loss=0.005 ent=3.019 kl=0.0143
[upd   88 | steps   45056 | t   30.7s | sps  1470] ret_mean=0.000 ep_len=500.0 pi_loss=-0.011 v_loss=0.003 ent=2.819 kl=-0.0012
[upd   89 | steps   45568 | t   30.9s | sps  1475] ret_mean=6.500 ep_len=500.0 pi_loss=-0.006 v_loss=0.137 ent=3.070 kl=0.0143
[upd   90 | steps   46080 | t   31.1s | sps  1481] ret_mean=0.000 ep_len=500.0 pi_loss=-0.007 v_loss=0.003 ent=2.882 kl=0.0027
[upd   91 | steps   46592 | t   31.3s | sps  1488] ret_mean=0.000 ep_len=500.0 pi_loss=-0.007 v_loss=0.002 ent=2.698 kl=0.0013
[upd   92 | steps   47104 | t   31.5s | sps  1497] ret_mean=0.000 ep_len=500.0 pi_loss=-0.015 v_loss=0.001 ent=3.108 kl=0.0120
[upd   93 | steps   47616 | t   31.6s | sps  1505] ret_mean=0.000 ep_len=500.0 pi_loss=-0.010 v_loss=0.058 ent=3.256 kl=0.0018
[upd   94 | steps   48128 | t   31.8s | sps  1511] ret_mean=3.500 ep_len=500.0 pi_loss=-0.014 v_loss=2.477 ent=2.903 kl=0.0152
[upd   95 | steps   48640 | t   32.1s | sps  1516] ret_mean=109.500 ep_len=500.0 pi_loss=-0.011 v_loss=2.823 ent=2.717 kl=0.0113
[upd   96 | steps   49152 | t   32.3s | sps  1520] ret_mean=0.000 ep_len=500.0 pi_loss=-0.014 v_loss=0.004 ent=3.130 kl=-0.0016
[upd   97 | steps   49664 | t   32.5s | sps  1528] ret_mean=0.000 ep_len=500.0 pi_loss=-0.018 v_loss=0.067 ent=3.118 kl=0.0185
[upd   98 | steps   50176 | t   32.7s | sps  1535] ret_mean=55.000 ep_len=500.0 pi_loss=-0.008 v_loss=2.350 ent=2.467 kl=0.0024
[upd   99 | steps   50688 | t   32.9s | sps  1543] ret_mean=0.000 ep_len=500.0 pi_loss=-0.017 v_loss=0.231 ent=2.817 kl=0.0090
[upd  100 | steps   51200 | t   33.0s | sps  1551] ret_mean=12.000 ep_len=500.0 pi_loss=-0.012 v_loss=0.015 ent=2.886 kl=0.0042
        [eval] ret_mean=4.167 ep_len=500.0
[upd  101 | steps   51712 | t   36.9s | sps  1402] ret_mean=0.000 ep_len=500.0 pi_loss=-0.013 v_loss=0.009 ent=2.656 kl=-0.0058
[upd  102 | steps   52224 | t   37.0s | sps  1410] ret_mean=0.000 ep_len=500.0 pi_loss=-0.008 v_loss=0.004 ent=2.748 kl=0.0064
[upd  103 | steps   52736 | t   37.2s | sps  1417] ret_mean=44.500 ep_len=500.0 pi_loss=-0.010 v_loss=2.056 ent=2.695 kl=-0.0016
[upd  104 | steps   53248 | t   37.4s | sps  1425] ret_mean=1.500 ep_len=500.0 pi_loss=-0.016 v_loss=0.030 ent=2.476 kl=0.0050
[upd  105 | steps   53760 | t   37.5s | sps  1433] ret_mean=66.000 ep_len=500.0 pi_loss=-0.007 v_loss=2.907 ent=2.538 kl=0.0057
[upd  106 | steps   54272 | t   37.7s | sps  1441] ret_mean=0.000 ep_len=500.0 pi_loss=-0.012 v_loss=0.005 ent=2.810 kl=0.0100
[upd  107 | steps   54784 | t   37.8s | sps  1449] ret_mean=9.000 ep_len=500.0 pi_loss=-0.009 v_loss=0.286 ent=2.584 kl=0.0104
[upd  108 | steps   55296 | t   38.0s | sps  1456] ret_mean=4.000 ep_len=500.0 pi_loss=-0.014 v_loss=0.043 ent=2.790 kl=0.0165
[upd  109 | steps   55808 | t   38.1s | sps  1463] ret_mean=0.000 ep_len=500.0 pi_loss=-0.008 v_loss=0.354 ent=2.853 kl=0.0117
[upd  110 | steps   56320 | t   38.3s | sps  1471] ret_mean=12.000 ep_len=500.0 pi_loss=-0.013 v_loss=0.005 ent=2.910 kl=0.0153
[upd  111 | steps   56832 | t   38.4s | sps  1478] ret_mean=36.000 ep_len=500.0 pi_loss=-0.008 v_loss=2.969 ent=2.451 kl=0.0022
[upd  112 | steps   57344 | t   38.6s | sps  1486] ret_mean=111.000 ep_len=500.0 pi_loss=-0.009 v_loss=5.889 ent=2.326 kl=0.0086
[upd  113 | steps   57856 | t   38.7s | sps  1493] ret_mean=74.500 ep_len=500.0 pi_loss=-0.015 v_loss=1.622 ent=2.731 kl=0.0068
[upd  114 | steps   58368 | t   38.9s | sps  1500] ret_mean=0.000 ep_len=500.0 pi_loss=-0.016 v_loss=0.015 ent=2.988 kl=0.0032
[upd  115 | steps   58880 | t   39.1s | sps  1508] ret_mean=0.000 ep_len=500.0 pi_loss=-0.010 v_loss=0.026 ent=2.450 kl=0.0071
[upd  116 | steps   59392 | t   39.2s | sps  1515] ret_mean=12.000 ep_len=500.0 pi_loss=-0.012 v_loss=0.368 ent=2.744 kl=0.0133
[upd  117 | steps   59904 | t   39.4s | sps  1522] ret_mean=0.000 ep_len=500.0 pi_loss=-0.008 v_loss=0.010 ent=2.954 kl=0.0079
[upd  118 | steps   60416 | t   39.5s | sps  1529] ret_mean=0.000 ep_len=500.0 pi_loss=-0.008 v_loss=0.055 ent=2.641 kl=0.0086
[upd  119 | steps   60928 | t   39.7s | sps  1536] ret_mean=4.000 ep_len=500.0 pi_loss=-0.015 v_loss=3.140 ent=2.597 kl=-0.0028
[upd  120 | steps   61440 | t   39.8s | sps  1544] ret_mean=49.000 ep_len=500.0 pi_loss=-0.013 v_loss=3.252 ent=2.572 kl=0.0057
[upd  121 | steps   61952 | t   40.0s | sps  1551] ret_mean=111.500 ep_len=500.0 pi_loss=-0.013 v_loss=2.506 ent=2.305 kl=0.0129
[upd  122 | steps   62464 | t   40.1s | sps  1558] ret_mean=0.000 ep_len=500.0 pi_loss=-0.013 v_loss=0.269 ent=2.720 kl=0.0041
[upd  123 | steps   62976 | t   40.3s | sps  1565] ret_mean=8.500 ep_len=500.0 pi_loss=-0.016 v_loss=0.008 ent=2.534 kl=0.0170
[upd  124 | steps   63488 | t   40.4s | sps  1571] ret_mean=0.000 ep_len=500.0 pi_loss=-0.016 v_loss=0.838 ent=2.215 kl=0.0048
[upd  125 | steps   64000 | t   40.6s | sps  1578] ret_mean=19.500 ep_len=500.0 pi_loss=-0.014 v_loss=0.931 ent=2.481 kl=0.0052
        [eval] ret_mean=0.000 ep_len=500.0
[upd  126 | steps   64512 | t   44.3s | sps  1457] ret_mean=0.000 ep_len=500.0 pi_loss=-0.012 v_loss=0.020 ent=2.479 kl=0.0081
[upd  127 | steps   65024 | t   44.5s | sps  1461] ret_mean=0.000 ep_len=500.0 pi_loss=-0.018 v_loss=0.021 ent=2.224 kl=0.0222
[upd  128 | steps   65536 | t   44.7s | sps  1465] ret_mean=0.000 ep_len=500.0 pi_loss=-0.010 v_loss=0.011 ent=2.530 kl=0.0177
[upd  129 | steps   66048 | t   44.9s | sps  1470] ret_mean=0.000 ep_len=500.0 pi_loss=-0.014 v_loss=0.007 ent=2.599 kl=0.0076
[upd  130 | steps   66560 | t   45.1s | sps  1475] ret_mean=59.500 ep_len=500.0 pi_loss=-0.006 v_loss=2.630 ent=2.046 kl=0.0021
[upd  131 | steps   67072 | t   45.3s | sps  1481] ret_mean=0.000 ep_len=500.0 pi_loss=-0.010 v_loss=0.010 ent=1.887 kl=0.0090
[upd  132 | steps   67584 | t   45.4s | sps  1488] ret_mean=62.000 ep_len=500.0 pi_loss=-0.014 v_loss=2.931 ent=1.846 kl=0.0105
[upd  133 | steps   68096 | t   45.6s | sps  1494] ret_mean=0.000 ep_len=500.0 pi_loss=-0.008 v_loss=0.804 ent=2.548 kl=0.0097
[upd  134 | steps   68608 | t   45.8s | sps  1500] ret_mean=114.500 ep_len=500.0 pi_loss=-0.013 v_loss=6.359 ent=1.645 kl=0.0114
[upd  135 | steps   69120 | t   46.0s | sps  1504] ret_mean=164.000 ep_len=500.0 pi_loss=-0.008 v_loss=10.645 ent=1.612 kl=0.0038
[upd  136 | steps   69632 | t   46.1s | sps  1509] ret_mean=0.000 ep_len=500.0 pi_loss=-0.008 v_loss=0.014 ent=2.001 kl=0.0033
[upd  137 | steps   70144 | t   46.3s | sps  1515] ret_mean=0.000 ep_len=500.0 pi_loss=-0.015 v_loss=1.552 ent=2.332 kl=-0.0004
[upd  138 | steps   70656 | t   46.5s | sps  1520] ret_mean=125.500 ep_len=500.0 pi_loss=-0.016 v_loss=5.195 ent=1.657 kl=0.0131
[upd  139 | steps   71168 | t   46.6s | sps  1526] ret_mean=97.000 ep_len=500.0 pi_loss=-0.012 v_loss=3.678 ent=1.548 kl=0.0005
[upd  140 | steps   71680 | t   46.8s | sps  1531] ret_mean=2.000 ep_len=500.0 pi_loss=-0.009 v_loss=0.559 ent=2.346 kl=-0.0004
[upd  141 | steps   72192 | t   47.0s | sps  1536] ret_mean=12.500 ep_len=500.0 pi_loss=-0.006 v_loss=0.065 ent=2.230 kl=0.0066
[upd  142 | steps   72704 | t   47.2s | sps  1541] ret_mean=53.000 ep_len=500.0 pi_loss=-0.009 v_loss=2.618 ent=1.621 kl=0.0098
[upd  143 | steps   73216 | t   47.3s | sps  1546] ret_mean=0.000 ep_len=500.0 pi_loss=-0.010 v_loss=1.898 ent=2.138 kl=0.0054
[upd  144 | steps   73728 | t   47.5s | sps  1552] ret_mean=65.500 ep_len=500.0 pi_loss=-0.007 v_loss=0.806 ent=1.558 kl=0.0064
[upd  145 | steps   74240 | t   47.7s | sps  1558] ret_mean=0.000 ep_len=500.0 pi_loss=-0.009 v_loss=2.358 ent=1.482 kl=0.0045
[upd  146 | steps   74752 | t   47.8s | sps  1564] ret_mean=104.500 ep_len=500.0 pi_loss=-0.009 v_loss=3.697 ent=1.724 kl=0.0051
[upd  147 | steps   75264 | t   48.0s | sps  1570] ret_mean=0.000 ep_len=500.0 pi_loss=-0.013 v_loss=0.069 ent=1.989 kl=0.0056
[upd  148 | steps   75776 | t   48.1s | sps  1575] ret_mean=6.500 ep_len=500.0 pi_loss=-0.010 v_loss=0.226 ent=2.200 kl=0.0066
[upd  149 | steps   76288 | t   48.3s | sps  1580] ret_mean=0.000 ep_len=500.0 pi_loss=-0.009 v_loss=0.014 ent=2.134 kl=0.0051
[upd  150 | steps   76800 | t   48.4s | sps  1586] ret_mean=0.000 ep_len=500.0 pi_loss=-0.010 v_loss=0.013 ent=2.441 kl=0.0119
        [eval] ret_mean=6.050 ep_len=500.0
[upd  151 | steps   77312 | t   52.7s | sps  1468] ret_mean=0.000 ep_len=500.0 pi_loss=-0.008 v_loss=0.012 ent=1.983 kl=0.0057
[upd  152 | steps   77824 | t   52.8s | sps  1473] ret_mean=0.000 ep_len=500.0 pi_loss=-0.008 v_loss=0.008 ent=1.773 kl=0.0068
[upd  153 | steps   78336 | t   53.0s | sps  1479] ret_mean=0.000 ep_len=500.0 pi_loss=-0.014 v_loss=0.006 ent=2.168 kl=-0.0062
[upd  154 | steps   78848 | t   53.2s | sps  1483] ret_mean=0.000 ep_len=500.0 pi_loss=-0.007 v_loss=0.363 ent=2.295 kl=-0.0019
[upd  155 | steps   79360 | t   53.3s | sps  1489] ret_mean=74.500 ep_len=500.0 pi_loss=-0.007 v_loss=2.933 ent=1.525 kl=0.0010
[upd  156 | steps   79872 | t   53.5s | sps  1494] ret_mean=0.000 ep_len=500.0 pi_loss=-0.013 v_loss=0.462 ent=2.267 kl=0.0117
[upd  157 | steps   80384 | t   53.6s | sps  1498] ret_mean=14.000 ep_len=500.0 pi_loss=-0.012 v_loss=0.030 ent=2.014 kl=0.0053
[upd  158 | steps   80896 | t   53.8s | sps  1502] ret_mean=0.000 ep_len=500.0 pi_loss=-0.008 v_loss=0.013 ent=1.407 kl=0.0043
[upd  159 | steps   81408 | t   54.1s | sps  1505] ret_mean=42.000 ep_len=500.0 pi_loss=-0.008 v_loss=2.115 ent=1.615 kl=0.0063
[upd  160 | steps   81920 | t   54.3s | sps  1508] ret_mean=2.000 ep_len=500.0 pi_loss=-0.007 v_loss=0.035 ent=2.274 kl=0.0093
[upd  161 | steps   82432 | t   54.6s | sps  1511] ret_mean=0.000 ep_len=500.0 pi_loss=-0.008 v_loss=1.268 ent=2.349 kl=0.0167
[upd  162 | steps   82944 | t   54.8s | sps  1515] ret_mean=118.500 ep_len=500.0 pi_loss=-0.007 v_loss=4.401 ent=1.525 kl=0.0090
[upd  163 | steps   83456 | t   54.9s | sps  1519] ret_mean=0.000 ep_len=500.0 pi_loss=-0.011 v_loss=1.838 ent=2.190 kl=0.0074
[upd  164 | steps   83968 | t   55.1s | sps  1523] ret_mean=124.000 ep_len=500.0 pi_loss=-0.014 v_loss=4.285 ent=1.913 kl=0.0129
[upd  165 | steps   84480 | t   55.3s | sps  1527] ret_mean=0.000 ep_len=500.0 pi_loss=-0.013 v_loss=0.028 ent=2.217 kl=0.0045
[upd  166 | steps   84992 | t   55.5s | sps  1530] ret_mean=0.000 ep_len=500.0 pi_loss=-0.006 v_loss=0.029 ent=1.516 kl=0.0018
[upd  167 | steps   85504 | t   55.7s | sps  1535] ret_mean=27.500 ep_len=500.0 pi_loss=-0.005 v_loss=1.266 ent=1.461 kl=0.0106
[upd  168 | steps   86016 | t   55.9s | sps  1540] ret_mean=0.000 ep_len=500.0 pi_loss=-0.007 v_loss=1.866 ent=1.311 kl=0.0044
[upd  169 | steps   86528 | t   56.0s | sps  1544] ret_mean=104.500 ep_len=500.0 pi_loss=-0.008 v_loss=2.911 ent=1.267 kl=0.0247
[upd  170 | steps   87040 | t   56.2s | sps  1549] ret_mean=0.000 ep_len=500.0 pi_loss=-0.011 v_loss=2.150 ent=1.403 kl=0.0061
[upd  171 | steps   87552 | t   56.4s | sps  1554] ret_mean=43.500 ep_len=500.0 pi_loss=-0.009 v_loss=0.009 ent=1.463 kl=0.0003
[upd  172 | steps   88064 | t   56.5s | sps  1558] ret_mean=0.000 ep_len=500.0 pi_loss=-0.005 v_loss=0.020 ent=1.365 kl=0.0002
[upd  173 | steps   88576 | t   56.7s | sps  1562] ret_mean=0.000 ep_len=500.0 pi_loss=-0.010 v_loss=0.007 ent=1.390 kl=0.0069
[upd  174 | steps   89088 | t   56.9s | sps  1566] ret_mean=0.000 ep_len=500.0 pi_loss=-0.015 v_loss=0.004 ent=2.413 kl=0.0063
[upd  175 | steps   89600 | t   57.1s | sps  1570] ret_mean=0.000 ep_len=500.0 pi_loss=-0.011 v_loss=0.004 ent=2.182 kl=0.0057
        [eval] ret_mean=4.167 ep_len=500.0
[upd  176 | steps   90112 | t   61.1s | sps  1475] ret_mean=0.000 ep_len=500.0 pi_loss=-0.009 v_loss=0.005 ent=1.973 kl=0.0103
[upd  177 | steps   90624 | t   61.3s | sps  1479] ret_mean=40.000 ep_len=500.0 pi_loss=-0.008 v_loss=2.051 ent=1.398 kl=0.0058
[upd  178 | steps   91136 | t   61.4s | sps  1484] ret_mean=32.500 ep_len=500.0 pi_loss=-0.009 v_loss=1.768 ent=1.248 kl=0.0018
[upd  179 | steps   91648 | t   61.6s | sps  1488] ret_mean=55.000 ep_len=500.0 pi_loss=-0.010 v_loss=2.253 ent=2.397 kl=0.0119
[upd  180 | steps   92160 | t   61.8s | sps  1492] ret_mean=0.000 ep_len=500.0 pi_loss=-0.010 v_loss=0.006 ent=2.050 kl=0.0036
[upd  181 | steps   92672 | t   61.9s | sps  1497] ret_mean=0.000 ep_len=500.0 pi_loss=-0.010 v_loss=0.005 ent=1.742 kl=0.0085
[upd  182 | steps   93184 | t   62.1s | sps  1501] ret_mean=0.000 ep_len=500.0 pi_loss=-0.008 v_loss=0.004 ent=1.657 kl=0.0092
[upd  183 | steps   93696 | t   62.3s | sps  1504] ret_mean=29.500 ep_len=500.0 pi_loss=-0.010 v_loss=1.326 ent=1.501 kl=0.0047
[upd  184 | steps   94208 | t   62.5s | sps  1508] ret_mean=0.000 ep_len=500.0 pi_loss=-0.014 v_loss=0.003 ent=1.698 kl=0.0061
[upd  185 | steps   94720 | t   62.6s | sps  1513] ret_mean=28.500 ep_len=500.0 pi_loss=-0.009 v_loss=1.349 ent=1.808 kl=0.0048
[upd  186 | steps   95232 | t   62.8s | sps  1517] ret_mean=0.000 ep_len=500.0 pi_loss=-0.012 v_loss=0.003 ent=2.042 kl=0.0062
[upd  187 | steps   95744 | t   62.9s | sps  1521] ret_mean=0.000 ep_len=500.0 pi_loss=-0.012 v_loss=0.003 ent=1.714 kl=0.0099
[upd  188 | steps   96256 | t   63.1s | sps  1525] ret_mean=49.000 ep_len=500.0 pi_loss=-0.010 v_loss=2.668 ent=1.348 kl=0.0150
[upd  189 | steps   96768 | t   63.3s | sps  1529] ret_mean=0.000 ep_len=500.0 pi_loss=-0.011 v_loss=0.002 ent=1.606 kl=0.0112
[upd  190 | steps   97280 | t   63.4s | sps  1534] ret_mean=42.000 ep_len=500.0 pi_loss=-0.004 v_loss=3.922 ent=1.214 kl=0.0038
[upd  191 | steps   97792 | t   63.6s | sps  1538] ret_mean=37.500 ep_len=500.0 pi_loss=-0.011 v_loss=0.010 ent=2.051 kl=0.0005
[upd  192 | steps   98304 | t   63.8s | sps  1542] ret_mean=10.000 ep_len=500.0 pi_loss=-0.007 v_loss=0.375 ent=1.969 kl=0.0140
[upd  193 | steps   98816 | t   63.9s | sps  1546] ret_mean=0.000 ep_len=500.0 pi_loss=-0.007 v_loss=0.630 ent=1.799 kl=0.0074
[upd  194 | steps   99328 | t   64.1s | sps  1550] ret_mean=24.000 ep_len=500.0 pi_loss=-0.007 v_loss=0.173 ent=1.812 kl=0.0026
[upd  195 | steps   99840 | t   64.2s | sps  1554] ret_mean=0.000 ep_len=500.0 pi_loss=-0.007 v_loss=2.147 ent=1.682 kl=0.0113
[upd  196 | steps  100352 | t   64.4s | sps  1559] ret_mean=69.000 ep_len=500.0 pi_loss=-0.006 v_loss=0.792 ent=1.369 kl=0.0026
[upd  197 | steps  100864 | t   64.5s | sps  1563] ret_mean=0.000 ep_len=500.0 pi_loss=-0.012 v_loss=0.005 ent=2.048 kl=0.0027
[upd  198 | steps  101376 | t   64.7s | sps  1567] ret_mean=0.000 ep_len=500.0 pi_loss=-0.006 v_loss=0.009 ent=1.497 kl=0.0056
[upd  199 | steps  101888 | t   64.9s | sps  1571] ret_mean=0.000 ep_len=500.0 pi_loss=-0.009 v_loss=0.004 ent=1.991 kl=0.0012
[upd  200 | steps  102400 | t   65.0s | sps  1575] ret_mean=0.000 ep_len=500.0 pi_loss=-0.012 v_loss=0.007 ent=1.817 kl=0.0044
        [eval] ret_mean=4.167 ep_len=500.0
[upd  201 | steps  102912 | t   69.8s | sps  1474] ret_mean=0.000 ep_len=500.0 pi_loss=-0.012 v_loss=0.005 ent=1.407 kl=0.0204
[upd  202 | steps  103424 | t   70.0s | sps  1477] ret_mean=0.000 ep_len=500.0 pi_loss=-0.008 v_loss=0.102 ent=1.738 kl=0.0153
[upd  203 | steps  103936 | t   70.2s | sps  1481] ret_mean=120.000 ep_len=500.0 pi_loss=-0.004 v_loss=5.674 ent=1.079 kl=0.0025
[upd  204 | steps  104448 | t   70.3s | sps  1485] ret_mean=49.500 ep_len=500.0 pi_loss=-0.011 v_loss=1.650 ent=2.116 kl=0.0053
[upd  205 | steps  104960 | t   70.5s | sps  1489] ret_mean=19.500 ep_len=500.0 pi_loss=-0.011 v_loss=0.798 ent=2.173 kl=0.0051
[upd  206 | steps  105472 | t   70.6s | sps  1493] ret_mean=77.500 ep_len=500.0 pi_loss=-0.003 v_loss=3.586 ent=0.612 kl=0.0036
[upd  207 | steps  105984 | t   70.8s | sps  1497] ret_mean=0.000 ep_len=500.0 pi_loss=-0.001 v_loss=0.030 ent=0.955 kl=0.0016
[upd  208 | steps  106496 | t   71.0s | sps  1501] ret_mean=0.000 ep_len=500.0 pi_loss=-0.008 v_loss=0.016 ent=1.086 kl=0.0076
[upd  209 | steps  107008 | t   71.1s | sps  1505] ret_mean=0.000 ep_len=500.0 pi_loss=-0.018 v_loss=0.012 ent=2.670 kl=0.0085
[upd  210 | steps  107520 | t   71.3s | sps  1508] ret_mean=0.000 ep_len=500.0 pi_loss=-0.011 v_loss=0.007 ent=2.441 kl=0.0093
[upd  211 | steps  108032 | t   71.4s | sps  1512] ret_mean=0.000 ep_len=500.0 pi_loss=-0.006 v_loss=0.004 ent=1.388 kl=0.0083
[upd  212 | steps  108544 | t   71.6s | sps  1516] ret_mean=0.000 ep_len=500.0 pi_loss=-0.008 v_loss=0.002 ent=1.286 kl=0.0104
[upd  213 | steps  109056 | t   71.7s | sps  1520] ret_mean=67.000 ep_len=500.0 pi_loss=-0.008 v_loss=6.646 ent=0.845 kl=0.0011
[upd  214 | steps  109568 | t   71.9s | sps  1524] ret_mean=156.000 ep_len=500.0 pi_loss=-0.011 v_loss=8.190 ent=0.830 kl=0.0071
[upd  215 | steps  110080 | t   72.1s | sps  1528] ret_mean=0.000 ep_len=500.0 pi_loss=-0.010 v_loss=0.317 ent=1.404 kl=0.0008
[upd  216 | steps  110592 | t   72.2s | sps  1531] ret_mean=18.500 ep_len=500.0 pi_loss=-0.005 v_loss=2.268 ent=1.340 kl=0.0088
[upd  217 | steps  111104 | t   72.4s | sps  1535] ret_mean=123.000 ep_len=500.0 pi_loss=-0.008 v_loss=4.344 ent=0.935 kl=0.0083
[upd  218 | steps  111616 | t   72.6s | sps  1538] ret_mean=93.000 ep_len=500.0 pi_loss=-0.006 v_loss=5.128 ent=0.673 kl=0.0036
[upd  219 | steps  112128 | t   72.7s | sps  1542] ret_mean=106.000 ep_len=500.0 pi_loss=-0.010 v_loss=4.666 ent=0.780 kl=0.0106
[upd  220 | steps  112640 | t   72.9s | sps  1546] ret_mean=104.500 ep_len=500.0 pi_loss=-0.007 v_loss=2.681 ent=0.867 kl=0.0080
[upd  221 | steps  113152 | t   73.0s | sps  1549] ret_mean=0.000 ep_len=500.0 pi_loss=-0.007 v_loss=0.023 ent=2.099 kl=0.0137
[upd  222 | steps  113664 | t   73.2s | sps  1553] ret_mean=0.000 ep_len=500.0 pi_loss=-0.012 v_loss=1.723 ent=1.645 kl=0.0106
[upd  223 | steps  114176 | t   73.3s | sps  1557] ret_mean=41.500 ep_len=500.0 pi_loss=-0.007 v_loss=0.917 ent=1.307 kl=0.0069
[upd  224 | steps  114688 | t   73.5s | sps  1560] ret_mean=35.500 ep_len=500.0 pi_loss=-0.011 v_loss=3.397 ent=1.998 kl=0.0041
[upd  225 | steps  115200 | t   73.7s | sps  1564] ret_mean=83.000 ep_len=500.0 pi_loss=-0.006 v_loss=7.612 ent=1.534 kl=0.0053
        [eval] ret_mean=10.333 ep_len=500.0
[upd  226 | steps  115712 | t   77.8s | sps  1488] ret_mean=0.000 ep_len=500.0 pi_loss=-0.014 v_loss=0.063 ent=2.479 kl=0.0116
[upd  227 | steps  116224 | t   78.0s | sps  1491] ret_mean=0.000 ep_len=500.0 pi_loss=-0.010 v_loss=0.092 ent=2.284 kl=0.0104
[upd  228 | steps  116736 | t   78.1s | sps  1494] ret_mean=124.500 ep_len=500.0 pi_loss=-0.015 v_loss=4.489 ent=0.863 kl=0.0091
[upd  229 | steps  117248 | t   78.3s | sps  1497] ret_mean=131.500 ep_len=500.0 pi_loss=-0.007 v_loss=8.190 ent=0.818 kl=0.0061
[upd  230 | steps  117760 | t   78.5s | sps  1500] ret_mean=9.500 ep_len=500.0 pi_loss=-0.008 v_loss=0.332 ent=1.854 kl=0.0102
[upd  231 | steps  118272 | t   78.6s | sps  1504] ret_mean=0.000 ep_len=500.0 pi_loss=-0.013 v_loss=0.454 ent=1.903 kl=0.0125
[upd  232 | steps  118784 | t   78.8s | sps  1507] ret_mean=61.500 ep_len=500.0 pi_loss=-0.012 v_loss=1.791 ent=1.664 kl=0.0122
[upd  233 | steps  119296 | t   79.0s | sps  1510] ret_mean=0.000 ep_len=500.0 pi_loss=-0.012 v_loss=0.026 ent=2.125 kl=0.0069
[upd  234 | steps  119808 | t   79.2s | sps  1514] ret_mean=95.500 ep_len=500.0 pi_loss=-0.010 v_loss=4.106 ent=1.124 kl=0.0072
[upd  235 | steps  120320 | t   79.3s | sps  1517] ret_mean=0.000 ep_len=500.0 pi_loss=-0.008 v_loss=0.510 ent=2.074 kl=0.0118
[upd  236 | steps  120832 | t   79.5s | sps  1520] ret_mean=114.500 ep_len=500.0 pi_loss=-0.009 v_loss=5.573 ent=0.756 kl=0.0074
[upd  237 | steps  121344 | t   79.7s | sps  1523] ret_mean=0.000 ep_len=500.0 pi_loss=-0.009 v_loss=0.032 ent=2.488 kl=0.0035
[upd  238 | steps  121856 | t   79.8s | sps  1526] ret_mean=0.500 ep_len=500.0 pi_loss=-0.012 v_loss=0.274 ent=2.329 kl=0.0129
[upd  239 | steps  122368 | t   80.0s | sps  1529] ret_mean=39.000 ep_len=500.0 pi_loss=-0.012 v_loss=1.694 ent=2.242 kl=0.0041
[upd  240 | steps  122880 | t   80.2s | sps  1533] ret_mean=93.000 ep_len=500.0 pi_loss=-0.006 v_loss=4.536 ent=1.105 kl=-0.0008
[upd  241 | steps  123392 | t   80.3s | sps  1536] ret_mean=36.000 ep_len=500.0 pi_loss=-0.006 v_loss=8.220 ent=1.097 kl=0.0053
[upd  242 | steps  123904 | t   80.5s | sps  1539] ret_mean=182.500 ep_len=500.0 pi_loss=-0.004 v_loss=12.104 ent=0.373 kl=-0.0015
[upd  243 | steps  124416 | t   80.7s | sps  1543] ret_mean=183.000 ep_len=500.0 pi_loss=-0.014 v_loss=3.873 ent=0.888 kl=0.0249
[upd  244 | steps  124928 | t   80.8s | sps  1546] ret_mean=0.000 ep_len=500.0 pi_loss=-0.016 v_loss=1.297 ent=1.909 kl=0.0115
[upd  245 | steps  125440 | t   81.0s | sps  1549] ret_mean=77.500 ep_len=500.0 pi_loss=-0.007 v_loss=1.442 ent=1.269 kl=0.0146
[upd  246 | steps  125952 | t   81.2s | sps  1551] ret_mean=4.500 ep_len=500.0 pi_loss=-0.012 v_loss=1.478 ent=2.140 kl=0.0100
[upd  247 | steps  126464 | t   81.4s | sps  1554] ret_mean=61.500 ep_len=500.0 pi_loss=-0.011 v_loss=2.468 ent=1.897 kl=0.0052
[upd  248 | steps  126976 | t   81.5s | sps  1557] ret_mean=33.000 ep_len=500.0 pi_loss=-0.017 v_loss=0.066 ent=2.656 kl=0.0077
[upd  249 | steps  127488 | t   81.7s | sps  1560] ret_mean=0.000 ep_len=500.0 pi_loss=-0.015 v_loss=0.031 ent=2.743 kl=0.0133
[upd  250 | steps  128000 | t   81.9s | sps  1563] ret_mean=0.000 ep_len=500.0 pi_loss=-0.009 v_loss=2.336 ent=2.121 kl=0.0041
        [eval] ret_mean=23.617 ep_len=500.0
[upd  251 | steps  128512 | t   85.9s | sps  1497] ret_mean=47.500 ep_len=500.0 pi_loss=-0.010 v_loss=1.804 ent=2.413 kl=0.0025
[upd  252 | steps  129024 | t   86.0s | sps  1500] ret_mean=11.500 ep_len=500.0 pi_loss=-0.008 v_loss=0.531 ent=2.803 kl=-0.0000
[upd  253 | steps  129536 | t   86.2s | sps  1502] ret_mean=87.500 ep_len=500.0 pi_loss=-0.010 v_loss=3.695 ent=1.213 kl=0.0092
[upd  254 | steps  130048 | t   86.4s | sps  1505] ret_mean=66.500 ep_len=500.0 pi_loss=-0.010 v_loss=2.607 ent=2.063 kl=0.0045
[upd  255 | steps  130560 | t   86.6s | sps  1508] ret_mean=111.500 ep_len=500.0 pi_loss=-0.012 v_loss=4.602 ent=0.704 kl=0.0087
[upd  256 | steps  131072 | t   86.7s | sps  1511] ret_mean=101.500 ep_len=500.0 pi_loss=-0.013 v_loss=3.794 ent=1.614 kl=-0.0023
[upd  257 | steps  131584 | t   86.9s | sps  1514] ret_mean=50.500 ep_len=500.0 pi_loss=-0.012 v_loss=1.835 ent=1.927 kl=0.0128
[upd  258 | steps  132096 | t   87.1s | sps  1517] ret_mean=87.000 ep_len=500.0 pi_loss=-0.009 v_loss=3.404 ent=1.233 kl=0.0086
[upd  259 | steps  132608 | t   87.2s | sps  1520] ret_mean=139.500 ep_len=500.0 pi_loss=-0.006 v_loss=6.770 ent=0.657 kl=0.0007
[upd  260 | steps  133120 | t   87.4s | sps  1523] ret_mean=111.000 ep_len=500.0 pi_loss=-0.007 v_loss=3.680 ent=1.012 kl=0.0053
[upd  261 | steps  133632 | t   87.6s | sps  1526] ret_mean=127.000 ep_len=500.0 pi_loss=-0.003 v_loss=8.263 ent=0.836 kl=0.0022
[upd  262 | steps  134144 | t   87.7s | sps  1529] ret_mean=154.000 ep_len=500.0 pi_loss=-0.009 v_loss=4.944 ent=0.598 kl=0.0024
[upd  263 | steps  134656 | t   87.9s | sps  1532] ret_mean=129.000 ep_len=500.0 pi_loss=-0.008 v_loss=6.752 ent=0.712 kl=0.0120
[upd  264 | steps  135168 | t   88.0s | sps  1535] ret_mean=148.000 ep_len=500.0 pi_loss=-0.005 v_loss=6.033 ent=0.777 kl=0.0107
[upd  265 | steps  135680 | t   88.2s | sps  1538] ret_mean=18.000 ep_len=500.0 pi_loss=-0.009 v_loss=2.273 ent=1.587 kl=0.0098
[upd  266 | steps  136192 | t   88.4s | sps  1540] ret_mean=91.500 ep_len=500.0 pi_loss=-0.008 v_loss=2.818 ent=1.347 kl=0.0032
[upd  267 | steps  136704 | t   88.6s | sps  1543] ret_mean=115.500 ep_len=500.0 pi_loss=-0.011 v_loss=3.115 ent=0.876 kl=0.0111
[upd  268 | steps  137216 | t   88.8s | sps  1545] ret_mean=95.000 ep_len=500.0 pi_loss=-0.005 v_loss=3.456 ent=0.637 kl=0.0115
[upd  269 | steps  137728 | t   89.0s | sps  1547] ret_mean=124.500 ep_len=500.0 pi_loss=-0.009 v_loss=2.663 ent=0.933 kl=0.0147
[upd  270 | steps  138240 | t   89.2s | sps  1549] ret_mean=44.500 ep_len=500.0 pi_loss=-0.014 v_loss=1.345 ent=1.243 kl=0.0159
[upd  271 | steps  138752 | t   89.4s | sps  1552] ret_mean=87.000 ep_len=500.0 pi_loss=-0.008 v_loss=3.365 ent=0.875 kl=0.0032
[upd  272 | steps  139264 | t   89.6s | sps  1555] ret_mean=111.500 ep_len=500.0 pi_loss=-0.007 v_loss=2.525 ent=1.059 kl=0.0086
[upd  273 | steps  139776 | t   89.7s | sps  1558] ret_mean=85.000 ep_len=500.0 pi_loss=-0.009 v_loss=8.317 ent=0.686 kl=-0.0022
[upd  274 | steps  140288 | t   89.9s | sps  1561] ret_mean=151.500 ep_len=500.0 pi_loss=-0.006 v_loss=3.297 ent=0.850 kl=0.0054
[upd  275 | steps  140800 | t   90.1s | sps  1563] ret_mean=63.000 ep_len=500.0 pi_loss=-0.005 v_loss=7.111 ent=1.270 kl=0.0003
        [eval] ret_mean=20.783 ep_len=500.0
[upd  276 | steps  141312 | t   95.1s | sps  1487] ret_mean=70.500 ep_len=500.0 pi_loss=-0.006 v_loss=3.969 ent=1.421 kl=0.0053
[upd  277 | steps  141824 | t   95.3s | sps  1489] ret_mean=45.000 ep_len=500.0 pi_loss=-0.010 v_loss=2.900 ent=1.264 kl=-0.0015
[upd  278 | steps  142336 | t   95.5s | sps  1491] ret_mean=92.000 ep_len=500.0 pi_loss=-0.009 v_loss=2.697 ent=1.282 kl=0.0036
[upd  279 | steps  142848 | t   95.7s | sps  1493] ret_mean=40.500 ep_len=500.0 pi_loss=-0.008 v_loss=2.454 ent=1.396 kl=0.0042
[upd  280 | steps  143360 | t   95.8s | sps  1496] ret_mean=165.500 ep_len=500.0 pi_loss=-0.008 v_loss=9.086 ent=0.585 kl=0.0130
[upd  281 | steps  143872 | t   96.0s | sps  1498] ret_mean=94.500 ep_len=500.0 pi_loss=-0.006 v_loss=5.082 ent=0.857 kl=0.0032
[upd  282 | steps  144384 | t   96.3s | sps  1500] ret_mean=157.000 ep_len=500.0 pi_loss=-0.005 v_loss=5.829 ent=0.541 kl=0.0093
[upd  283 | steps  144896 | t   96.5s | sps  1502] ret_mean=0.000 ep_len=500.0 pi_loss=-0.007 v_loss=0.738 ent=1.857 kl=0.0155
[upd  284 | steps  145408 | t   96.6s | sps  1504] ret_mean=138.500 ep_len=500.0 pi_loss=-0.008 v_loss=4.612 ent=0.670 kl=0.0009
[upd  285 | steps  145920 | t   96.8s | sps  1507] ret_mean=103.000 ep_len=500.0 pi_loss=-0.009 v_loss=2.927 ent=1.139 kl=0.0041
[upd  286 | steps  146432 | t   97.0s | sps  1509] ret_mean=45.000 ep_len=500.0 pi_loss=-0.010 v_loss=1.850 ent=1.625 kl=0.0048
[upd  287 | steps  146944 | t   97.2s | sps  1511] ret_mean=49.500 ep_len=500.0 pi_loss=-0.011 v_loss=2.009 ent=1.792 kl=0.0104
[upd  288 | steps  147456 | t   97.4s | sps  1513] ret_mean=118.000 ep_len=500.0 pi_loss=-0.004 v_loss=2.449 ent=0.908 kl=0.0085
[upd  289 | steps  147968 | t   97.6s | sps  1516] ret_mean=62.500 ep_len=500.0 pi_loss=-0.014 v_loss=1.753 ent=1.727 kl=0.0047
[upd  290 | steps  148480 | t   97.8s | sps  1518] ret_mean=49.500 ep_len=500.0 pi_loss=-0.005 v_loss=1.676 ent=1.724 kl=0.0035
[upd  291 | steps  148992 | t   98.0s | sps  1520] ret_mean=112.000 ep_len=500.0 pi_loss=-0.009 v_loss=2.612 ent=1.104 kl=0.0076
[upd  292 | steps  149504 | t   98.2s | sps  1522] ret_mean=56.500 ep_len=500.0 pi_loss=-0.011 v_loss=6.430 ent=1.602 kl=0.0090
[upd  293 | steps  150016 | t   98.4s | sps  1525] ret_mean=176.500 ep_len=500.0 pi_loss=-0.002 v_loss=7.443 ent=0.393 kl=0.0009
[upd  294 | steps  150528 | t   98.5s | sps  1528] ret_mean=204.500 ep_len=500.0 pi_loss=-0.003 v_loss=3.928 ent=0.967 kl=0.0107
[upd  295 | steps  151040 | t   98.7s | sps  1530] ret_mean=62.000 ep_len=500.0 pi_loss=-0.013 v_loss=3.015 ent=1.990 kl=0.0011
[upd  296 | steps  151552 | t   98.9s | sps  1533] ret_mean=68.500 ep_len=500.0 pi_loss=-0.012 v_loss=1.975 ent=1.848 kl=0.0159
[upd  297 | steps  152064 | t   99.1s | sps  1534] ret_mean=0.000 ep_len=500.0 pi_loss=-0.007 v_loss=0.927 ent=1.862 kl=0.0036
[upd  298 | steps  152576 | t   99.4s | sps  1536] ret_mean=75.000 ep_len=500.0 pi_loss=-0.007 v_loss=6.523 ent=0.829 kl=0.0087
[upd  299 | steps  153088 | t   99.6s | sps  1537] ret_mean=151.000 ep_len=500.0 pi_loss=-0.012 v_loss=3.330 ent=1.352 kl=0.0044
[upd  300 | steps  153600 | t   99.7s | sps  1540] ret_mean=71.000 ep_len=500.0 pi_loss=-0.005 v_loss=5.306 ent=0.767 kl=0.0010
        [eval] ret_mean=25.450 ep_len=500.0
