$ /Users/praneelkhiantani/Downloads/cs2860/.venv/bin/python3 -m policies.train --env rware-small-2ag-easy-v2 --seed 3 --updates 200 --rollout 512 --eval-every 50 --eval-episodes 10 --log-dir matrix_results/intent_grounded_v1_pilot/rware-small-2ag-easy-v2 --run-name mappo-intent-aux__dropout-only__d0__s3 --n-msg-tokens 8 --message-grounding rware-intent --message-grounding-coef 0.2 --dropout --dropout-agent 0 --dropout-time 100 --shape-rewards --pickup-bonus 0.5

[env] EnvSpec(env_id='rware-small-2ag-easy-v2', n_agents=2, obs_dim=71, n_env_actions=5, noop_action=0, family='rware')  (n_msg_tokens=8)
[cfg] {'clip_range': 0.2, 'value_clip_range': 0.2, 'entropy_coef': 0.01, 'value_coef': 0.5, 'max_grad_norm': 0.5, 'gamma': 0.99, 'gae_lambda': 0.95, 'lr_actor': 0.0003, 'lr_critic': 0.001, 'update_epochs': 4, 'minibatches': 4, 'hidden': 128, 'depth': 2, 'device': 'cpu', 'message_grounding_coef': 0.2, 'extra': {}}
[log] writing to matrix_results/intent_grounded_v1_pilot/rware-small-2ag-easy-v2/mappo-intent-aux__dropout-only__d0__s3
[upd    1 | steps     512 | t    2.3s | sps   223] ret_mean=0.000 ep_len=500.0 pi_loss=-0.001 v_loss=0.061 ent=3.653 msg_acc=0.687 kl=0.0363
[upd    2 | steps    1024 | t    4.5s | sps   226] ret_mean=0.000 ep_len=500.0 pi_loss=0.005 v_loss=0.017 ent=3.443 msg_acc=0.696 kl=0.0487
[upd    3 | steps    1536 | t    5.3s | sps   289] ret_mean=0.500 ep_len=500.0 pi_loss=-0.014 v_loss=0.023 ent=3.594 msg_acc=0.455 kl=0.0033
[upd    4 | steps    2048 | t    7.0s | sps   291] ret_mean=2.500 ep_len=500.0 pi_loss=-0.005 v_loss=0.021 ent=3.517 msg_acc=0.363 kl=0.0116
[upd    5 | steps    2560 | t    8.2s | sps   313] ret_mean=0.000 ep_len=500.0 pi_loss=-0.002 v_loss=0.007 ent=3.480 msg_acc=0.688 kl=0.0057
[upd    6 | steps    3072 | t    9.0s | sps   340] ret_mean=0.000 ep_len=500.0 pi_loss=-0.004 v_loss=0.003 ent=3.487 msg_acc=0.700 kl=0.0173
[upd    7 | steps    3584 | t    9.8s | sps   366] ret_mean=0.000 ep_len=500.0 pi_loss=-0.007 v_loss=0.003 ent=3.359 msg_acc=0.402 kl=0.0169
[upd    8 | steps    4096 | t   11.1s | sps   370] ret_mean=0.000 ep_len=500.0 pi_loss=-0.009 v_loss=0.004 ent=3.275 msg_acc=0.758 kl=0.0166
[upd    9 | steps    4608 | t   12.4s | sps   371] ret_mean=0.000 ep_len=500.0 pi_loss=-0.002 v_loss=0.003 ent=3.354 msg_acc=0.306 kl=0.0069
[upd   10 | steps    5120 | t   13.1s | sps   390] ret_mean=0.000 ep_len=500.0 pi_loss=-0.007 v_loss=0.002 ent=3.365 msg_acc=0.381 kl=0.0201
[upd   11 | steps    5632 | t   14.3s | sps   395] ret_mean=0.000 ep_len=500.0 pi_loss=-0.014 v_loss=0.004 ent=3.310 msg_acc=0.343 kl=0.0079
[upd   12 | steps    6144 | t   16.2s | sps   380] ret_mean=0.000 ep_len=500.0 pi_loss=0.002 v_loss=0.003 ent=3.274 msg_acc=0.827 kl=0.0140
[upd   13 | steps    6656 | t   17.1s | sps   389] ret_mean=0.000 ep_len=500.0 pi_loss=0.005 v_loss=0.002 ent=3.088 msg_acc=0.837 kl=0.0119
[upd   14 | steps    7168 | t   18.0s | sps   398] ret_mean=0.000 ep_len=500.0 pi_loss=-0.005 v_loss=0.001 ent=2.937 msg_acc=0.729 kl=0.0163
[upd   15 | steps    7680 | t   20.5s | sps   374] ret_mean=0.000 ep_len=500.0 pi_loss=-0.007 v_loss=0.001 ent=2.832 msg_acc=0.910 kl=0.0106
[upd   16 | steps    8192 | t   22.8s | sps   359] ret_mean=0.000 ep_len=500.0 pi_loss=-0.006 v_loss=0.001 ent=2.964 msg_acc=0.489 kl=0.0177
[upd   17 | steps    8704 | t   24.1s | sps   361] ret_mean=0.000 ep_len=500.0 pi_loss=-0.010 v_loss=0.001 ent=2.779 msg_acc=0.713 kl=0.0021
[upd   18 | steps    9216 | t   24.8s | sps   372] ret_mean=0.000 ep_len=500.0 pi_loss=-0.005 v_loss=0.010 ent=2.717 msg_acc=0.568 kl=0.0122
[upd   19 | steps    9728 | t   25.5s | sps   382] ret_mean=1.500 ep_len=500.0 pi_loss=-0.004 v_loss=0.001 ent=2.671 msg_acc=0.842 kl=0.0026
[upd   20 | steps   10240 | t   27.3s | sps   375] ret_mean=0.000 ep_len=500.0 pi_loss=-0.010 v_loss=0.000 ent=2.520 msg_acc=0.803 kl=0.0062
[upd   21 | steps   10752 | t   29.6s | sps   363] ret_mean=0.000 ep_len=500.0 pi_loss=-0.009 v_loss=0.001 ent=2.683 msg_acc=0.565 kl=0.0142
[upd   22 | steps   11264 | t   31.2s | sps   362] ret_mean=1.000 ep_len=500.0 pi_loss=0.006 v_loss=0.004 ent=2.760 msg_acc=0.346 kl=0.0168
[upd   23 | steps   11776 | t   32.8s | sps   360] ret_mean=0.000 ep_len=500.0 pi_loss=-0.010 v_loss=0.006 ent=2.638 msg_acc=0.703 kl=0.0104
[upd   24 | steps   12288 | t   35.2s | sps   349] ret_mean=1.500 ep_len=500.0 pi_loss=-0.003 v_loss=0.001 ent=2.694 msg_acc=0.604 kl=0.0135
[upd   25 | steps   12800 | t   36.8s | sps   348] ret_mean=0.000 ep_len=500.0 pi_loss=-0.007 v_loss=0.001 ent=2.783 msg_acc=0.541 kl=0.0035
[upd   26 | steps   13312 | t   38.5s | sps   346] ret_mean=0.000 ep_len=500.0 pi_loss=-0.005 v_loss=0.000 ent=2.619 msg_acc=0.580 kl=0.0042
[upd   27 | steps   13824 | t   40.1s | sps   345] ret_mean=0.000 ep_len=500.0 pi_loss=-0.004 v_loss=0.001 ent=2.352 msg_acc=0.756 kl=0.0113
[upd   28 | steps   14336 | t   41.5s | sps   345] ret_mean=0.000 ep_len=500.0 pi_loss=-0.014 v_loss=0.001 ent=2.246 msg_acc=0.589 kl=0.0111
[upd   29 | steps   14848 | t   43.0s | sps   345] ret_mean=0.000 ep_len=500.0 pi_loss=0.005 v_loss=0.000 ent=2.638 msg_acc=0.376 kl=0.0226
[upd   30 | steps   15360 | t   44.5s | sps   345] ret_mean=0.000 ep_len=500.0 pi_loss=-0.002 v_loss=0.000 ent=2.677 msg_acc=0.424 kl=0.0224
[upd   31 | steps   15872 | t   46.0s | sps   345] ret_mean=0.000 ep_len=500.0 pi_loss=-0.004 v_loss=0.001 ent=2.356 msg_acc=0.721 kl=0.0067
[upd   32 | steps   16384 | t   47.7s | sps   344] ret_mean=0.000 ep_len=500.0 pi_loss=0.021 v_loss=0.000 ent=2.791 msg_acc=0.225 kl=0.0541
[upd   33 | steps   16896 | t   49.2s | sps   343] ret_mean=0.000 ep_len=500.0 pi_loss=-0.005 v_loss=0.000 ent=2.730 msg_acc=0.557 kl=0.0246
[upd   34 | steps   17408 | t   50.2s | sps   347] ret_mean=0.000 ep_len=500.0 pi_loss=-0.000 v_loss=0.005 ent=2.735 msg_acc=0.349 kl=0.0254
[upd   35 | steps   17920 | t   50.8s | sps   353] ret_mean=1.000 ep_len=500.0 pi_loss=-0.006 v_loss=0.001 ent=2.835 msg_acc=0.496 kl=0.0157
[upd   36 | steps   18432 | t   51.5s | sps   358] ret_mean=0.000 ep_len=500.0 pi_loss=0.006 v_loss=0.001 ent=2.661 msg_acc=0.255 kl=0.0482
[upd   37 | steps   18944 | t   52.2s | sps   363] ret_mean=0.000 ep_len=500.0 pi_loss=-0.007 v_loss=0.001 ent=2.070 msg_acc=0.791 kl=0.0126
[upd   38 | steps   19456 | t   53.7s | sps   363] ret_mean=0.000 ep_len=500.0 pi_loss=-0.001 v_loss=0.001 ent=2.273 msg_acc=0.759 kl=0.0070
[upd   39 | steps   19968 | t   54.4s | sps   367] ret_mean=0.000 ep_len=500.0 pi_loss=-0.008 v_loss=0.001 ent=2.137 msg_acc=0.715 kl=0.0137
[upd   40 | steps   20480 | t   55.6s | sps   369] ret_mean=0.000 ep_len=500.0 pi_loss=0.008 v_loss=0.000 ent=2.740 msg_acc=0.513 kl=0.0313
[upd   41 | steps   20992 | t   57.2s | sps   367] ret_mean=0.000 ep_len=500.0 pi_loss=0.007 v_loss=0.000 ent=2.296 msg_acc=0.415 kl=0.0330
[upd   42 | steps   21504 | t   58.8s | sps   366] ret_mean=0.000 ep_len=500.0 pi_loss=-0.013 v_loss=0.001 ent=2.057 msg_acc=0.755 kl=0.0118
[upd   43 | steps   22016 | t   60.3s | sps   365] ret_mean=0.000 ep_len=500.0 pi_loss=-0.008 v_loss=0.001 ent=2.331 msg_acc=0.662 kl=0.0085
[upd   44 | steps   22528 | t   61.8s | sps   364] ret_mean=0.000 ep_len=500.0 pi_loss=-0.001 v_loss=0.000 ent=2.798 msg_acc=0.561 kl=0.0100
[upd   45 | steps   23040 | t   63.4s | sps   363] ret_mean=0.000 ep_len=500.0 pi_loss=-0.005 v_loss=0.000 ent=2.095 msg_acc=0.792 kl=0.0202
[upd   46 | steps   23552 | t   64.9s | sps   363] ret_mean=0.000 ep_len=500.0 pi_loss=-0.007 v_loss=0.001 ent=1.809 msg_acc=0.697 kl=0.0170
[upd   47 | steps   24064 | t   66.4s | sps   362] ret_mean=4.500 ep_len=500.0 pi_loss=-0.005 v_loss=0.176 ent=2.249 msg_acc=0.487 kl=0.0114
[upd   48 | steps   24576 | t   67.9s | sps   362] ret_mean=8.500 ep_len=500.0 pi_loss=0.023 v_loss=0.005 ent=2.622 msg_acc=0.376 kl=0.0686
[upd   49 | steps   25088 | t   68.7s | sps   365] ret_mean=0.000 ep_len=500.0 pi_loss=0.002 v_loss=0.002 ent=2.062 msg_acc=0.792 kl=0.0151
[upd   50 | steps   25600 | t   69.3s | sps   369] ret_mean=0.000 ep_len=500.0 pi_loss=0.001 v_loss=0.001 ent=2.192 msg_acc=0.752 kl=0.0231
        [eval] ret_mean=0.000 ep_len=500.0
[upd   51 | steps   26112 | t   74.5s | sps   351] ret_mean=0.000 ep_len=500.0 pi_loss=0.000 v_loss=0.001 ent=2.761 msg_acc=0.343 kl=0.0282
[upd   52 | steps   26624 | t   75.1s | sps   354] ret_mean=0.000 ep_len=500.0 pi_loss=-0.001 v_loss=0.001 ent=2.889 msg_acc=0.326 kl=0.0167
[upd   53 | steps   27136 | t   75.7s | sps   358] ret_mean=0.000 ep_len=500.0 pi_loss=0.003 v_loss=0.001 ent=2.558 msg_acc=0.803 kl=0.0123
[upd   54 | steps   27648 | t   76.4s | sps   362] ret_mean=0.000 ep_len=500.0 pi_loss=-0.007 v_loss=0.001 ent=1.943 msg_acc=0.779 kl=0.0389
[upd   55 | steps   28160 | t   77.0s | sps   366] ret_mean=0.000 ep_len=500.0 pi_loss=-0.010 v_loss=0.000 ent=1.951 msg_acc=0.643 kl=0.0139
[upd   56 | steps   28672 | t   77.6s | sps   369] ret_mean=0.000 ep_len=500.0 pi_loss=0.002 v_loss=0.000 ent=2.681 msg_acc=0.367 kl=0.0126
[upd   57 | steps   29184 | t   78.2s | sps   373] ret_mean=0.000 ep_len=500.0 pi_loss=0.014 v_loss=0.000 ent=2.723 msg_acc=0.431 kl=0.0382
[upd   58 | steps   29696 | t   78.9s | sps   377] ret_mean=0.000 ep_len=500.0 pi_loss=0.005 v_loss=0.000 ent=2.632 msg_acc=0.251 kl=0.0252
[upd   59 | steps   30208 | t   79.4s | sps   380] ret_mean=0.000 ep_len=500.0 pi_loss=-0.003 v_loss=0.048 ent=2.547 msg_acc=0.521 kl=0.0213
[upd   60 | steps   30720 | t   80.0s | sps   384] ret_mean=3.000 ep_len=500.0 pi_loss=-0.001 v_loss=0.001 ent=2.470 msg_acc=0.593 kl=0.0160
[upd   61 | steps   31232 | t   80.6s | sps   387] ret_mean=0.000 ep_len=500.0 pi_loss=-0.009 v_loss=0.000 ent=1.870 msg_acc=0.544 kl=0.0089
[upd   62 | steps   31744 | t   81.3s | sps   391] ret_mean=0.000 ep_len=500.0 pi_loss=-0.001 v_loss=0.000 ent=2.738 msg_acc=0.471 kl=-0.0033
[upd   63 | steps   32256 | t   81.9s | sps   394] ret_mean=0.000 ep_len=500.0 pi_loss=-0.007 v_loss=0.000 ent=1.957 msg_acc=0.732 kl=0.0181
[upd   64 | steps   32768 | t   82.5s | sps   397] ret_mean=0.000 ep_len=500.0 pi_loss=-0.009 v_loss=0.000 ent=2.508 msg_acc=0.586 kl=0.0038
[upd   65 | steps   33280 | t   83.2s | sps   400] ret_mean=0.000 ep_len=500.0 pi_loss=-0.002 v_loss=0.001 ent=2.599 msg_acc=0.821 kl=0.0478
[upd   66 | steps   33792 | t   83.8s | sps   403] ret_mean=0.000 ep_len=500.0 pi_loss=0.008 v_loss=0.000 ent=2.337 msg_acc=0.685 kl=0.0264
[upd   67 | steps   34304 | t   84.4s | sps   406] ret_mean=0.000 ep_len=500.0 pi_loss=0.016 v_loss=0.000 ent=2.518 msg_acc=0.358 kl=0.0182
[upd   68 | steps   34816 | t   85.0s | sps   409] ret_mean=0.000 ep_len=500.0 pi_loss=-0.004 v_loss=0.001 ent=2.284 msg_acc=0.514 kl=0.0174
[upd   69 | steps   35328 | t   85.7s | sps   412] ret_mean=0.000 ep_len=500.0 pi_loss=-0.004 v_loss=0.000 ent=2.118 msg_acc=0.726 kl=0.0052
[upd   70 | steps   35840 | t   86.3s | sps   415] ret_mean=0.000 ep_len=500.0 pi_loss=-0.006 v_loss=0.000 ent=2.270 msg_acc=0.774 kl=0.0244
[upd   71 | steps   36352 | t   87.0s | sps   418] ret_mean=0.000 ep_len=500.0 pi_loss=-0.005 v_loss=0.000 ent=2.057 msg_acc=1.000 kl=0.0156
[upd   72 | steps   36864 | t   87.7s | sps   420] ret_mean=0.000 ep_len=500.0 pi_loss=-0.010 v_loss=0.006 ent=2.729 msg_acc=0.693 kl=0.0188
[upd   73 | steps   37376 | t   89.7s | sps   417] ret_mean=2.500 ep_len=500.0 pi_loss=-0.003 v_loss=0.012 ent=2.320 msg_acc=0.898 kl=0.0127
[upd   74 | steps   37888 | t   92.1s | sps   412] ret_mean=0.000 ep_len=500.0 pi_loss=-0.003 v_loss=0.001 ent=2.583 msg_acc=0.818 kl=0.0045
[upd   75 | steps   38400 | t   93.6s | sps   410] ret_mean=0.000 ep_len=500.0 pi_loss=-0.011 v_loss=0.001 ent=2.331 msg_acc=0.529 kl=0.0099
[upd   76 | steps   38912 | t   95.2s | sps   409] ret_mean=0.000 ep_len=500.0 pi_loss=-0.004 v_loss=0.000 ent=1.609 msg_acc=0.867 kl=0.0128
[upd   77 | steps   39424 | t   96.8s | sps   407] ret_mean=0.000 ep_len=500.0 pi_loss=-0.006 v_loss=0.000 ent=1.794 msg_acc=0.752 kl=0.0241
[upd   78 | steps   39936 | t   98.3s | sps   406] ret_mean=0.000 ep_len=500.0 pi_loss=-0.000 v_loss=0.000 ent=2.314 msg_acc=0.547 kl=0.0317
[upd   79 | steps   40448 | t  100.2s | sps   404] ret_mean=0.000 ep_len=500.0 pi_loss=-0.010 v_loss=0.000 ent=2.541 msg_acc=0.581 kl=0.0061
[upd   80 | steps   40960 | t  101.7s | sps   403] ret_mean=0.000 ep_len=500.0 pi_loss=-0.015 v_loss=0.001 ent=2.190 msg_acc=0.506 kl=0.0109
[upd   81 | steps   41472 | t  103.3s | sps   401] ret_mean=0.000 ep_len=500.0 pi_loss=0.003 v_loss=0.000 ent=2.538 msg_acc=0.399 kl=0.0193
[upd   82 | steps   41984 | t  105.0s | sps   400] ret_mean=0.000 ep_len=500.0 pi_loss=-0.009 v_loss=0.112 ent=2.822 msg_acc=0.243 kl=0.0227
[upd   83 | steps   42496 | t  106.6s | sps   399] ret_mean=6.000 ep_len=500.0 pi_loss=0.047 v_loss=0.010 ent=2.364 msg_acc=0.142 kl=0.1995
[upd   84 | steps   43008 | t  108.3s | sps   397] ret_mean=1.500 ep_len=500.0 pi_loss=0.010 v_loss=0.002 ent=2.933 msg_acc=0.211 kl=0.0239
[upd   85 | steps   43520 | t  110.4s | sps   394] ret_mean=0.000 ep_len=500.0 pi_loss=-0.006 v_loss=0.001 ent=2.818 msg_acc=0.391 kl=0.0143
[upd   86 | steps   44032 | t  112.0s | sps   393] ret_mean=0.000 ep_len=500.0 pi_loss=-0.008 v_loss=0.001 ent=2.696 msg_acc=0.521 kl=0.0032
[upd   87 | steps   44544 | t  113.5s | sps   393] ret_mean=0.000 ep_len=500.0 pi_loss=-0.002 v_loss=0.041 ent=2.519 msg_acc=0.714 kl=0.0154
[upd   88 | steps   45056 | t  115.3s | sps   391] ret_mean=3.500 ep_len=500.0 pi_loss=-0.007 v_loss=0.001 ent=2.689 msg_acc=0.357 kl=0.0042
[upd   89 | steps   45568 | t  116.9s | sps   390] ret_mean=0.000 ep_len=500.0 pi_loss=0.011 v_loss=0.005 ent=2.520 msg_acc=0.403 kl=0.0469
[upd   90 | steps   46080 | t  118.5s | sps   389] ret_mean=1.000 ep_len=500.0 pi_loss=-0.000 v_loss=0.001 ent=2.198 msg_acc=0.465 kl=0.0184
[upd   91 | steps   46592 | t  119.9s | sps   388] ret_mean=0.000 ep_len=500.0 pi_loss=-0.007 v_loss=0.000 ent=1.662 msg_acc=0.863 kl=0.0064
[upd   92 | steps   47104 | t  122.0s | sps   386] ret_mean=0.000 ep_len=500.0 pi_loss=-0.008 v_loss=0.001 ent=2.433 msg_acc=0.344 kl=-0.0005
[upd   93 | steps   47616 | t  123.5s | sps   386] ret_mean=0.000 ep_len=500.0 pi_loss=-0.005 v_loss=0.000 ent=2.424 msg_acc=0.773 kl=0.0246
[upd   94 | steps   48128 | t  124.9s | sps   385] ret_mean=0.500 ep_len=500.0 pi_loss=-0.010 v_loss=0.001 ent=1.206 msg_acc=0.847 kl=0.0094
[upd   95 | steps   48640 | t  126.5s | sps   384] ret_mean=2.000 ep_len=500.0 pi_loss=0.001 v_loss=0.017 ent=2.403 msg_acc=0.551 kl=0.0121
[upd   96 | steps   49152 | t  128.3s | sps   383] ret_mean=0.000 ep_len=500.0 pi_loss=-0.011 v_loss=0.001 ent=1.689 msg_acc=0.851 kl=0.0106
[upd   97 | steps   49664 | t  130.2s | sps   381] ret_mean=0.000 ep_len=500.0 pi_loss=-0.014 v_loss=0.001 ent=2.488 msg_acc=0.455 kl=0.0227
[upd   98 | steps   50176 | t  131.7s | sps   381] ret_mean=0.000 ep_len=500.0 pi_loss=-0.006 v_loss=0.001 ent=1.918 msg_acc=0.784 kl=0.0198
[upd   99 | steps   50688 | t  133.2s | sps   380] ret_mean=0.000 ep_len=500.0 pi_loss=-0.000 v_loss=0.001 ent=1.104 msg_acc=0.724 kl=0.0095
[upd  100 | steps   51200 | t  135.0s | sps   379] ret_mean=0.000 ep_len=500.0 pi_loss=-0.005 v_loss=0.003 ent=2.702 msg_acc=0.278 kl=0.0021
        [eval] ret_mean=0.000 ep_len=500.0
[upd  101 | steps   51712 | t  149.1s | sps   347] ret_mean=0.000 ep_len=500.0 pi_loss=-0.002 v_loss=0.001 ent=2.150 msg_acc=0.866 kl=0.0111
[upd  102 | steps   52224 | t  150.6s | sps   347] ret_mean=0.000 ep_len=500.0 pi_loss=-0.005 v_loss=0.001 ent=1.714 msg_acc=0.820 kl=0.0054
[upd  103 | steps   52736 | t  152.3s | sps   346] ret_mean=0.000 ep_len=500.0 pi_loss=0.011 v_loss=0.001 ent=1.675 msg_acc=0.437 kl=0.0054
[upd  104 | steps   53248 | t  153.7s | sps   346] ret_mean=0.000 ep_len=500.0 pi_loss=-0.009 v_loss=0.000 ent=1.515 msg_acc=0.787 kl=0.0070
[upd  105 | steps   53760 | t  155.4s | sps   346] ret_mean=0.000 ep_len=500.0 pi_loss=-0.008 v_loss=0.004 ent=2.542 msg_acc=0.488 kl=0.0118
[upd  106 | steps   54272 | t  157.1s | sps   345] ret_mean=6.500 ep_len=500.0 pi_loss=-0.003 v_loss=0.061 ent=2.685 msg_acc=0.483 kl=0.0240
[upd  107 | steps   54784 | t  158.7s | sps   345] ret_mean=0.000 ep_len=500.0 pi_loss=-0.002 v_loss=0.001 ent=2.802 msg_acc=0.254 kl=0.0091
[upd  108 | steps   55296 | t  160.2s | sps   345] ret_mean=0.000 ep_len=500.0 pi_loss=-0.008 v_loss=0.001 ent=1.672 msg_acc=0.627 kl=0.0185
[upd  109 | steps   55808 | t  161.7s | sps   345] ret_mean=0.000 ep_len=500.0 pi_loss=-0.003 v_loss=0.000 ent=2.276 msg_acc=0.324 kl=0.0156
[upd  110 | steps   56320 | t  164.3s | sps   343] ret_mean=0.000 ep_len=500.0 pi_loss=-0.012 v_loss=0.000 ent=2.767 msg_acc=0.314 kl=0.0020
[upd  111 | steps   56832 | t  166.1s | sps   342] ret_mean=0.000 ep_len=500.0 pi_loss=0.007 v_loss=0.002 ent=2.214 msg_acc=0.439 kl=0.0336
[upd  112 | steps   57344 | t  168.6s | sps   340] ret_mean=1.500 ep_len=500.0 pi_loss=-0.003 v_loss=0.003 ent=2.426 msg_acc=0.599 kl=0.0137
[upd  113 | steps   57856 | t  170.9s | sps   339] ret_mean=0.000 ep_len=500.0 pi_loss=0.006 v_loss=0.000 ent=2.104 msg_acc=0.698 kl=0.0004
[upd  114 | steps   58368 | t  173.3s | sps   337] ret_mean=0.000 ep_len=500.0 pi_loss=-0.007 v_loss=0.043 ent=1.443 msg_acc=0.900 kl=-0.0023
[upd  115 | steps   58880 | t  174.8s | sps   337] ret_mean=3.000 ep_len=500.0 pi_loss=-0.003 v_loss=0.006 ent=2.263 msg_acc=0.642 kl=0.0064
[upd  116 | steps   59392 | t  175.6s | sps   338] ret_mean=1.000 ep_len=500.0 pi_loss=-0.000 v_loss=0.001 ent=2.202 msg_acc=0.828 kl=0.0086
[upd  117 | steps   59904 | t  177.9s | sps   337] ret_mean=0.000 ep_len=500.0 pi_loss=-0.007 v_loss=0.000 ent=2.022 msg_acc=0.831 kl=0.0085
[upd  118 | steps   60416 | t  179.7s | sps   336] ret_mean=0.000 ep_len=500.0 pi_loss=-0.008 v_loss=0.000 ent=1.780 msg_acc=0.594 kl=0.0171
[upd  119 | steps   60928 | t  181.0s | sps   337] ret_mean=0.000 ep_len=500.0 pi_loss=-0.010 v_loss=0.000 ent=1.362 msg_acc=0.818 kl=0.0186
[upd  120 | steps   61440 | t  182.8s | sps   336] ret_mean=0.000 ep_len=500.0 pi_loss=-0.007 v_loss=0.000 ent=2.198 msg_acc=0.582 kl=0.0047
[upd  121 | steps   61952 | t  184.6s | sps   336] ret_mean=0.000 ep_len=500.0 pi_loss=-0.002 v_loss=0.000 ent=2.592 msg_acc=0.354 kl=0.0104
[upd  122 | steps   62464 | t  186.5s | sps   335] ret_mean=0.000 ep_len=500.0 pi_loss=-0.012 v_loss=0.000 ent=1.888 msg_acc=0.858 kl=0.0358
[upd  123 | steps   62976 | t  190.2s | sps   331] ret_mean=0.000 ep_len=500.0 pi_loss=-0.010 v_loss=0.000 ent=2.441 msg_acc=0.563 kl=0.0185
[upd  124 | steps   63488 | t  191.1s | sps   332] ret_mean=0.000 ep_len=500.0 pi_loss=-0.008 v_loss=0.000 ent=2.134 msg_acc=0.640 kl=0.0157
[upd  125 | steps   64000 | t  191.9s | sps   333] ret_mean=0.000 ep_len=500.0 pi_loss=-0.004 v_loss=0.049 ent=2.067 msg_acc=0.466 kl=0.0049
[upd  126 | steps   64512 | t  192.7s | sps   335] ret_mean=3.500 ep_len=500.0 pi_loss=0.006 v_loss=0.001 ent=2.325 msg_acc=0.411 kl=0.0195
[upd  127 | steps   65024 | t  193.6s | sps   336] ret_mean=0.000 ep_len=500.0 pi_loss=-0.006 v_loss=0.048 ent=1.955 msg_acc=0.841 kl=0.0073
[upd  128 | steps   65536 | t  195.4s | sps   335] ret_mean=4.500 ep_len=500.0 pi_loss=-0.002 v_loss=0.001 ent=2.399 msg_acc=0.867 kl=0.0093
[upd  129 | steps   66048 | t  196.3s | sps   336] ret_mean=0.000 ep_len=500.0 pi_loss=-0.010 v_loss=0.000 ent=1.686 msg_acc=0.859 kl=0.0133
[upd  130 | steps   66560 | t  197.0s | sps   338] ret_mean=0.000 ep_len=500.0 pi_loss=-0.019 v_loss=0.001 ent=1.649 msg_acc=0.808 kl=0.0207
[upd  131 | steps   67072 | t  197.7s | sps   339] ret_mean=0.000 ep_len=500.0 pi_loss=-0.007 v_loss=0.001 ent=1.825 msg_acc=0.740 kl=0.0097
[upd  132 | steps   67584 | t  198.6s | sps   340] ret_mean=0.000 ep_len=500.0 pi_loss=-0.011 v_loss=0.005 ent=1.192 msg_acc=0.868 kl=0.0082
[upd  133 | steps   68096 | t  199.2s | sps   342] ret_mean=1.000 ep_len=500.0 pi_loss=-0.009 v_loss=0.012 ent=2.210 msg_acc=0.742 kl=0.0083
[upd  134 | steps   68608 | t  199.9s | sps   343] ret_mean=3.000 ep_len=500.0 pi_loss=-0.009 v_loss=0.146 ent=2.500 msg_acc=0.335 kl=0.0103
[upd  135 | steps   69120 | t  200.8s | sps   344] ret_mean=9.000 ep_len=500.0 pi_loss=-0.010 v_loss=0.008 ent=2.047 msg_acc=0.754 kl=0.0102
[upd  136 | steps   69632 | t  202.2s | sps   344] ret_mean=0.000 ep_len=500.0 pi_loss=-0.008 v_loss=0.001 ent=2.421 msg_acc=0.541 kl=0.0117
[upd  137 | steps   70144 | t  203.4s | sps   345] ret_mean=0.000 ep_len=500.0 pi_loss=0.001 v_loss=0.001 ent=2.000 msg_acc=0.561 kl=0.0143
[upd  138 | steps   70656 | t  204.8s | sps   345] ret_mean=0.000 ep_len=500.0 pi_loss=-0.011 v_loss=0.013 ent=2.122 msg_acc=0.667 kl=0.0072
[upd  139 | steps   71168 | t  205.9s | sps   346] ret_mean=2.500 ep_len=500.0 pi_loss=-0.006 v_loss=0.002 ent=1.730 msg_acc=0.938 kl=0.0032
[upd  140 | steps   71680 | t  206.9s | sps   346] ret_mean=0.500 ep_len=500.0 pi_loss=-0.009 v_loss=0.001 ent=2.048 msg_acc=0.823 kl=0.0083
[upd  141 | steps   72192 | t  207.7s | sps   348] ret_mean=0.000 ep_len=500.0 pi_loss=0.005 v_loss=0.016 ent=2.323 msg_acc=0.352 kl=0.0191
[upd  142 | steps   72704 | t  208.4s | sps   349] ret_mean=1.000 ep_len=500.0 pi_loss=-0.006 v_loss=0.001 ent=1.375 msg_acc=0.701 kl=0.0060
[upd  143 | steps   73216 | t  209.0s | sps   350] ret_mean=0.000 ep_len=500.0 pi_loss=-0.001 v_loss=0.000 ent=2.671 msg_acc=0.618 kl=0.0146
[upd  144 | steps   73728 | t  209.6s | sps   352] ret_mean=1.500 ep_len=500.0 pi_loss=-0.006 v_loss=0.004 ent=2.654 msg_acc=0.270 kl=0.0097
[upd  145 | steps   74240 | t  210.3s | sps   353] ret_mean=0.000 ep_len=500.0 pi_loss=-0.017 v_loss=0.001 ent=1.306 msg_acc=0.744 kl=0.0264
[upd  146 | steps   74752 | t  211.0s | sps   354] ret_mean=0.000 ep_len=500.0 pi_loss=-0.014 v_loss=0.015 ent=2.274 msg_acc=0.522 kl=0.0045
[upd  147 | steps   75264 | t  212.0s | sps   355] ret_mean=2.500 ep_len=500.0 pi_loss=-0.004 v_loss=0.001 ent=2.193 msg_acc=0.479 kl=0.0166
[upd  148 | steps   75776 | t  212.8s | sps   356] ret_mean=0.000 ep_len=500.0 pi_loss=-0.011 v_loss=0.000 ent=1.637 msg_acc=0.562 kl=0.0182
[upd  149 | steps   76288 | t  213.6s | sps   357] ret_mean=0.000 ep_len=500.0 pi_loss=-0.003 v_loss=0.000 ent=2.266 msg_acc=0.391 kl=0.0063
[upd  150 | steps   76800 | t  214.2s | sps   358] ret_mean=0.000 ep_len=500.0 pi_loss=-0.013 v_loss=0.000 ent=1.765 msg_acc=0.739 kl=0.0144
        [eval] ret_mean=0.000 ep_len=500.0
[upd  151 | steps   77312 | t  220.3s | sps   351] ret_mean=0.000 ep_len=500.0 pi_loss=0.016 v_loss=0.000 ent=2.150 msg_acc=0.640 kl=0.0287
[upd  152 | steps   77824 | t  221.0s | sps   352] ret_mean=3.500 ep_len=500.0 pi_loss=-0.006 v_loss=0.025 ent=1.392 msg_acc=0.782 kl=0.0083
[upd  153 | steps   78336 | t  221.7s | sps   353] ret_mean=0.000 ep_len=500.0 pi_loss=-0.005 v_loss=0.000 ent=1.880 msg_acc=0.866 kl=0.0202
[upd  154 | steps   78848 | t  222.5s | sps   354] ret_mean=0.000 ep_len=500.0 pi_loss=0.002 v_loss=0.019 ent=2.536 msg_acc=0.224 kl=0.0279
[upd  155 | steps   79360 | t  223.2s | sps   356] ret_mean=7.000 ep_len=500.0 pi_loss=0.013 v_loss=0.035 ent=2.198 msg_acc=0.208 kl=0.0541
[upd  156 | steps   79872 | t  223.9s | sps   357] ret_mean=0.000 ep_len=500.0 pi_loss=-0.004 v_loss=0.001 ent=2.101 msg_acc=0.438 kl=0.0092
[upd  157 | steps   80384 | t  224.5s | sps   358] ret_mean=2.500 ep_len=500.0 pi_loss=-0.001 v_loss=0.033 ent=2.315 msg_acc=0.634 kl=0.0247
[upd  158 | steps   80896 | t  225.3s | sps   359] ret_mean=0.000 ep_len=500.0 pi_loss=0.000 v_loss=0.002 ent=2.292 msg_acc=0.420 kl=0.0288
[upd  159 | steps   81408 | t  226.1s | sps   360] ret_mean=0.000 ep_len=500.0 pi_loss=-0.002 v_loss=0.001 ent=2.451 msg_acc=0.244 kl=0.0056
[upd  160 | steps   81920 | t  226.9s | sps   361] ret_mean=0.000 ep_len=500.0 pi_loss=-0.002 v_loss=0.001 ent=2.439 msg_acc=0.272 kl=0.0102
[upd  161 | steps   82432 | t  227.6s | sps   362] ret_mean=0.000 ep_len=500.0 pi_loss=0.001 v_loss=0.000 ent=2.458 msg_acc=0.740 kl=0.0265
[upd  162 | steps   82944 | t  228.3s | sps   363] ret_mean=0.000 ep_len=500.0 pi_loss=-0.010 v_loss=0.001 ent=2.350 msg_acc=0.517 kl=0.0224
[upd  163 | steps   83456 | t  228.9s | sps   365] ret_mean=0.000 ep_len=500.0 pi_loss=-0.008 v_loss=0.000 ent=2.165 msg_acc=0.437 kl=0.0212
[upd  164 | steps   83968 | t  229.6s | sps   366] ret_mean=0.000 ep_len=500.0 pi_loss=-0.002 v_loss=0.001 ent=1.986 msg_acc=0.656 kl=0.0058
[upd  165 | steps   84480 | t  230.3s | sps   367] ret_mean=0.000 ep_len=500.0 pi_loss=0.003 v_loss=0.002 ent=2.017 msg_acc=0.649 kl=0.0253
[upd  166 | steps   84992 | t  230.9s | sps   368] ret_mean=0.500 ep_len=500.0 pi_loss=-0.000 v_loss=0.000 ent=1.824 msg_acc=0.719 kl=-0.0019
[upd  167 | steps   85504 | t  231.6s | sps   369] ret_mean=0.000 ep_len=500.0 pi_loss=0.002 v_loss=0.001 ent=1.474 msg_acc=0.658 kl=0.0212
[upd  168 | steps   86016 | t  232.4s | sps   370] ret_mean=0.000 ep_len=500.0 pi_loss=-0.001 v_loss=0.000 ent=2.425 msg_acc=0.208 kl=0.0056
[upd  169 | steps   86528 | t  233.0s | sps   371] ret_mean=0.000 ep_len=500.0 pi_loss=0.002 v_loss=0.169 ent=2.336 msg_acc=0.455 kl=0.0366
[upd  170 | steps   87040 | t  233.6s | sps   373] ret_mean=14.000 ep_len=500.0 pi_loss=0.000 v_loss=0.177 ent=2.284 msg_acc=0.341 kl=0.0095
[upd  171 | steps   87552 | t  234.3s | sps   374] ret_mean=0.000 ep_len=500.0 pi_loss=0.000 v_loss=0.522 ent=2.088 msg_acc=0.633 kl=0.0002
[upd  172 | steps   88064 | t  234.9s | sps   375] ret_mean=16.000 ep_len=500.0 pi_loss=-0.012 v_loss=0.003 ent=2.167 msg_acc=0.790 kl=0.0202
[upd  173 | steps   88576 | t  235.5s | sps   376] ret_mean=0.000 ep_len=500.0 pi_loss=-0.005 v_loss=0.001 ent=1.848 msg_acc=0.456 kl=0.0056
[upd  174 | steps   89088 | t  236.2s | sps   377] ret_mean=0.000 ep_len=500.0 pi_loss=-0.008 v_loss=0.001 ent=1.193 msg_acc=0.717 kl=0.0076
[upd  175 | steps   89600 | t  237.1s | sps   378] ret_mean=0.000 ep_len=500.0 pi_loss=-0.012 v_loss=0.228 ent=1.489 msg_acc=0.710 kl=0.0007
[upd  176 | steps   90112 | t  237.9s | sps   379] ret_mean=8.500 ep_len=500.0 pi_loss=-0.011 v_loss=0.001 ent=1.551 msg_acc=0.643 kl=0.0182
[upd  177 | steps   90624 | t  238.7s | sps   380] ret_mean=0.000 ep_len=500.0 pi_loss=0.006 v_loss=0.001 ent=2.213 msg_acc=0.245 kl=0.0139
[upd  178 | steps   91136 | t  239.4s | sps   381] ret_mean=0.000 ep_len=500.0 pi_loss=-0.007 v_loss=0.015 ent=2.230 msg_acc=0.643 kl=0.0055
[upd  179 | steps   91648 | t  240.3s | sps   381] ret_mean=2.000 ep_len=500.0 pi_loss=-0.002 v_loss=0.000 ent=2.124 msg_acc=0.439 kl=0.0176
[upd  180 | steps   92160 | t  240.9s | sps   383] ret_mean=0.000 ep_len=500.0 pi_loss=-0.005 v_loss=0.000 ent=2.259 msg_acc=0.354 kl=0.0172
[upd  181 | steps   92672 | t  241.6s | sps   384] ret_mean=0.000 ep_len=500.0 pi_loss=-0.005 v_loss=0.102 ent=2.083 msg_acc=0.559 kl=0.0104
[upd  182 | steps   93184 | t  242.4s | sps   384] ret_mean=5.000 ep_len=500.0 pi_loss=-0.002 v_loss=0.002 ent=2.611 msg_acc=0.330 kl=0.0181
[upd  183 | steps   93696 | t  243.0s | sps   386] ret_mean=0.000 ep_len=500.0 pi_loss=-0.004 v_loss=0.001 ent=2.685 msg_acc=0.174 kl=0.0113
[upd  184 | steps   94208 | t  243.6s | sps   387] ret_mean=0.000 ep_len=500.0 pi_loss=-0.005 v_loss=0.329 ent=2.327 msg_acc=0.427 kl=0.0064
[upd  185 | steps   94720 | t  244.1s | sps   388] ret_mean=12.500 ep_len=500.0 pi_loss=-0.006 v_loss=0.001 ent=2.210 msg_acc=0.637 kl=0.0242
[upd  186 | steps   95232 | t  244.6s | sps   389] ret_mean=0.000 ep_len=500.0 pi_loss=-0.007 v_loss=0.001 ent=2.399 msg_acc=0.459 kl=0.0103
[upd  187 | steps   95744 | t  245.2s | sps   390] ret_mean=0.000 ep_len=500.0 pi_loss=-0.011 v_loss=0.001 ent=2.434 msg_acc=0.462 kl=0.0164
[upd  188 | steps   96256 | t  245.8s | sps   392] ret_mean=0.000 ep_len=500.0 pi_loss=0.001 v_loss=0.173 ent=2.423 msg_acc=0.624 kl=0.0150
[upd  189 | steps   96768 | t  246.3s | sps   393] ret_mean=6.500 ep_len=500.0 pi_loss=-0.004 v_loss=0.001 ent=1.041 msg_acc=0.738 kl=0.0020
[upd  190 | steps   97280 | t  246.9s | sps   394] ret_mean=0.000 ep_len=500.0 pi_loss=-0.010 v_loss=0.039 ent=2.031 msg_acc=0.438 kl=0.0076
[upd  191 | steps   97792 | t  247.4s | sps   395] ret_mean=3.000 ep_len=500.0 pi_loss=-0.010 v_loss=0.044 ent=1.715 msg_acc=0.666 kl=-0.0014
[upd  192 | steps   98304 | t  247.9s | sps   397] ret_mean=10.750 ep_len=500.0 pi_loss=-0.007 v_loss=0.558 ent=2.336 msg_acc=0.512 kl=0.0045
[upd  193 | steps   98816 | t  248.4s | sps   398] ret_mean=0.500 ep_len=500.0 pi_loss=-0.003 v_loss=0.005 ent=2.612 msg_acc=0.544 kl=0.0317
[upd  194 | steps   99328 | t  248.8s | sps   399] ret_mean=5.000 ep_len=500.0 pi_loss=-0.011 v_loss=0.097 ent=2.194 msg_acc=0.390 kl=-0.0015
[upd  195 | steps   99840 | t  249.2s | sps   401] ret_mean=0.000 ep_len=500.0 pi_loss=-0.009 v_loss=0.001 ent=1.792 msg_acc=0.754 kl=0.0168
[upd  196 | steps  100352 | t  249.6s | sps   402] ret_mean=0.000 ep_len=500.0 pi_loss=-0.004 v_loss=0.004 ent=1.947 msg_acc=0.477 kl=0.0009
[upd  197 | steps  100864 | t  250.0s | sps   403] ret_mean=0.500 ep_len=500.0 pi_loss=-0.008 v_loss=0.002 ent=1.910 msg_acc=0.604 kl=0.0254
[upd  198 | steps  101376 | t  250.4s | sps   405] ret_mean=8.000 ep_len=500.0 pi_loss=-0.008 v_loss=0.219 ent=2.317 msg_acc=0.294 kl=0.0013
[upd  199 | steps  101888 | t  250.8s | sps   406] ret_mean=0.000 ep_len=500.0 pi_loss=-0.005 v_loss=0.002 ent=2.558 msg_acc=0.437 kl=0.0087
[upd  200 | steps  102400 | t  251.2s | sps   408] ret_mean=0.000 ep_len=500.0 pi_loss=-0.009 v_loss=0.001 ent=1.882 msg_acc=0.485 kl=0.0042
        [eval] ret_mean=0.000 ep_len=500.0
