$ /Users/samchen/Coding/CLASSES/CS2860/.venv/bin/python3 -m policies.train --env rware-tiny-2ag-easy-v2 --seed 2 --updates 300 --rollout 512 --eval-every 25 --eval-episodes 30 --log-dir matrix_results/diagnostics_v1_sam/death_token/tiny_normal --run-name mappo-heartbeat-plus-comm__delay-dropout__d30__s2 --n-msg-tokens 8 --heartbeat --heartbeat-period 1 --heartbeat-max-age-clip 128 --heartbeat-delay 30 --dropout --dropout-window-start 200 --dropout-window-end 350 --shape-rewards --pickup-bonus 0.5

[env] EnvSpec(env_id='rware-tiny-2ag-easy-v2', n_agents=2, obs_dim=73, n_env_actions=5, noop_action=0, family='rware')  (n_msg_tokens=8)
[cfg] {'clip_range': 0.2, 'value_clip_range': 0.2, 'entropy_coef': 0.01, 'value_coef': 0.5, 'max_grad_norm': 0.5, 'gamma': 0.99, 'gae_lambda': 0.95, 'lr_actor': 0.0003, 'lr_critic': 0.001, 'update_epochs': 4, 'minibatches': 4, 'hidden': 128, 'depth': 2, 'device': 'cpu', 'extra': {}}
[log] writing to matrix_results/diagnostics_v1_sam/death_token/tiny_normal/mappo-heartbeat-plus-comm__delay-dropout__d30__s2
[upd    1 | steps     512 | t    0.2s | sps  3137] ret_mean=0.000 ep_len=500.0 pi_loss=-0.016 v_loss=0.031 ent=3.684 kl=0.0095
[upd    2 | steps    1024 | t    0.3s | sps  3180] ret_mean=0.000 ep_len=500.0 pi_loss=-0.013 v_loss=0.005 ent=3.680 kl=0.0083
[upd    3 | steps    1536 | t    0.5s | sps  3196] ret_mean=0.000 ep_len=500.0 pi_loss=-0.009 v_loss=0.006 ent=3.674 kl=0.0015
[upd    4 | steps    2048 | t    0.6s | sps  3179] ret_mean=0.000 ep_len=500.0 pi_loss=-0.014 v_loss=0.002 ent=3.671 kl=0.0085
[upd    5 | steps    2560 | t    0.8s | sps  3025] ret_mean=4.000 ep_len=500.0 pi_loss=-0.007 v_loss=0.026 ent=3.663 kl=0.0009
[upd    6 | steps    3072 | t    1.0s | sps  3077] ret_mean=1.500 ep_len=500.0 pi_loss=-0.011 v_loss=0.010 ent=3.669 kl=0.0079
[upd    7 | steps    3584 | t    1.1s | sps  3119] ret_mean=1.000 ep_len=500.0 pi_loss=-0.008 v_loss=0.007 ent=3.664 kl=0.0023
[upd    8 | steps    4096 | t    1.3s | sps  3132] ret_mean=0.500 ep_len=500.0 pi_loss=-0.012 v_loss=0.004 ent=3.654 kl=0.0083
[upd    9 | steps    4608 | t    1.5s | sps  3127] ret_mean=0.000 ep_len=500.0 pi_loss=-0.010 v_loss=0.002 ent=3.631 kl=0.0096
[upd   10 | steps    5120 | t    1.6s | sps  3138] ret_mean=0.000 ep_len=500.0 pi_loss=-0.015 v_loss=0.015 ent=3.598 kl=0.0014
[upd   11 | steps    5632 | t    1.8s | sps  3158] ret_mean=5.000 ep_len=500.0 pi_loss=-0.014 v_loss=0.012 ent=3.605 kl=0.0035
[upd   12 | steps    6144 | t    1.9s | sps  3180] ret_mean=0.000 ep_len=500.0 pi_loss=-0.011 v_loss=0.002 ent=3.603 kl=0.0077
[upd   13 | steps    6656 | t    2.1s | sps  3206] ret_mean=0.000 ep_len=500.0 pi_loss=-0.009 v_loss=0.008 ent=3.588 kl=-0.0002
[upd   14 | steps    7168 | t    2.2s | sps  3214] ret_mean=2.000 ep_len=500.0 pi_loss=-0.007 v_loss=0.003 ent=3.562 kl=0.0088
[upd   15 | steps    7680 | t    2.4s | sps  3218] ret_mean=0.000 ep_len=500.0 pi_loss=-0.007 v_loss=0.001 ent=3.526 kl=-0.0000
[upd   16 | steps    8192 | t    2.5s | sps  3233] ret_mean=0.000 ep_len=500.0 pi_loss=-0.010 v_loss=0.001 ent=3.513 kl=-0.0005
[upd   17 | steps    8704 | t    2.7s | sps  3249] ret_mean=0.000 ep_len=500.0 pi_loss=-0.013 v_loss=0.001 ent=3.526 kl=0.0028
[upd   18 | steps    9216 | t    2.8s | sps  3257] ret_mean=0.500 ep_len=500.0 pi_loss=-0.009 v_loss=0.002 ent=3.485 kl=0.0030
[upd   19 | steps    9728 | t    3.0s | sps  3250] ret_mean=0.000 ep_len=500.0 pi_loss=-0.009 v_loss=0.008 ent=3.503 kl=0.0050
[upd   20 | steps   10240 | t    3.1s | sps  3254] ret_mean=2.000 ep_len=500.0 pi_loss=-0.009 v_loss=0.005 ent=3.520 kl=0.0096
[upd   21 | steps   10752 | t    3.3s | sps  3257] ret_mean=0.500 ep_len=500.0 pi_loss=-0.013 v_loss=0.001 ent=3.532 kl=0.0091
[upd   22 | steps   11264 | t    3.5s | sps  3258] ret_mean=0.000 ep_len=500.0 pi_loss=-0.008 v_loss=0.011 ent=3.517 kl=0.0022
[upd   23 | steps   11776 | t    3.6s | sps  3258] ret_mean=2.000 ep_len=500.0 pi_loss=-0.014 v_loss=0.003 ent=3.413 kl=0.0037
[upd   24 | steps   12288 | t    3.8s | sps  3258] ret_mean=4.500 ep_len=500.0 pi_loss=-0.012 v_loss=0.041 ent=3.426 kl=0.0134
[upd   25 | steps   12800 | t    3.9s | sps  3265] ret_mean=1.500 ep_len=500.0 pi_loss=-0.017 v_loss=0.003 ent=3.418 kl=0.0022
        [eval] ret_mean=0.000 ep_len=500.0
[upd   26 | steps   13312 | t    7.8s | sps  1705] ret_mean=3.000 ep_len=500.0 pi_loss=-0.006 v_loss=0.023 ent=3.439 kl=0.0074
[upd   27 | steps   13824 | t    8.0s | sps  1733] ret_mean=0.000 ep_len=500.0 pi_loss=-0.015 v_loss=0.003 ent=3.497 kl=0.0037
[upd   28 | steps   14336 | t    8.1s | sps  1761] ret_mean=2.000 ep_len=500.0 pi_loss=-0.012 v_loss=0.013 ent=3.459 kl=0.0068
[upd   29 | steps   14848 | t    8.3s | sps  1784] ret_mean=2.000 ep_len=500.0 pi_loss=-0.013 v_loss=0.005 ent=3.397 kl=0.0043
[upd   30 | steps   15360 | t    8.5s | sps  1813] ret_mean=0.000 ep_len=500.0 pi_loss=-0.011 v_loss=0.002 ent=3.456 kl=0.0044
[upd   31 | steps   15872 | t    8.7s | sps  1833] ret_mean=2.000 ep_len=500.0 pi_loss=-0.015 v_loss=0.034 ent=3.426 kl=0.0133
[upd   32 | steps   16384 | t    8.8s | sps  1852] ret_mean=3.500 ep_len=500.0 pi_loss=-0.011 v_loss=0.003 ent=3.393 kl=0.0038
[upd   33 | steps   16896 | t    9.0s | sps  1875] ret_mean=1.000 ep_len=500.0 pi_loss=-0.008 v_loss=0.006 ent=3.472 kl=0.0014
[upd   34 | steps   17408 | t    9.2s | sps  1893] ret_mean=4.000 ep_len=500.0 pi_loss=-0.012 v_loss=0.039 ent=3.402 kl=0.0242
[upd   35 | steps   17920 | t    9.4s | sps  1915] ret_mean=0.000 ep_len=500.0 pi_loss=-0.015 v_loss=0.011 ent=3.431 kl=0.0133
[upd   36 | steps   18432 | t    9.5s | sps  1937] ret_mean=3.000 ep_len=500.0 pi_loss=-0.010 v_loss=0.005 ent=3.412 kl=0.0101
[upd   37 | steps   18944 | t    9.7s | sps  1957] ret_mean=0.000 ep_len=500.0 pi_loss=-0.012 v_loss=0.002 ent=3.272 kl=0.0058
[upd   38 | steps   19456 | t    9.8s | sps  1979] ret_mean=0.000 ep_len=500.0 pi_loss=-0.007 v_loss=0.001 ent=3.429 kl=0.0024
[upd   39 | steps   19968 | t   10.0s | sps  1995] ret_mean=10.000 ep_len=500.0 pi_loss=-0.016 v_loss=0.238 ent=3.357 kl=0.0091
[upd   40 | steps   20480 | t   10.2s | sps  2012] ret_mean=4.000 ep_len=500.0 pi_loss=-0.015 v_loss=0.002 ent=3.455 kl=0.0087
[upd   41 | steps   20992 | t   10.4s | sps  2026] ret_mean=0.000 ep_len=500.0 pi_loss=-0.008 v_loss=0.001 ent=3.383 kl=0.0112
[upd   42 | steps   21504 | t   10.5s | sps  2043] ret_mean=0.000 ep_len=500.0 pi_loss=-0.006 v_loss=0.001 ent=3.310 kl=0.0025
[upd   43 | steps   22016 | t   10.7s | sps  2058] ret_mean=0.000 ep_len=500.0 pi_loss=-0.008 v_loss=0.001 ent=3.394 kl=0.0109
[upd   44 | steps   22528 | t   10.9s | sps  2076] ret_mean=0.000 ep_len=500.0 pi_loss=-0.010 v_loss=0.001 ent=3.365 kl=0.0042
[upd   45 | steps   23040 | t   11.0s | sps  2093] ret_mean=0.000 ep_len=500.0 pi_loss=-0.013 v_loss=0.153 ent=3.453 kl=0.0015
[upd   46 | steps   23552 | t   11.2s | sps  2107] ret_mean=13.500 ep_len=500.0 pi_loss=-0.012 v_loss=0.026 ent=3.405 kl=0.0028
[upd   47 | steps   24064 | t   11.3s | sps  2123] ret_mean=1.000 ep_len=500.0 pi_loss=-0.011 v_loss=0.003 ent=3.409 kl=0.0086
[upd   48 | steps   24576 | t   11.5s | sps  2137] ret_mean=0.000 ep_len=500.0 pi_loss=-0.009 v_loss=0.003 ent=3.324 kl=0.0025
[upd   49 | steps   25088 | t   11.7s | sps  2151] ret_mean=0.000 ep_len=500.0 pi_loss=-0.010 v_loss=0.001 ent=3.332 kl=0.0064
[upd   50 | steps   25600 | t   11.8s | sps  2164] ret_mean=1.500 ep_len=500.0 pi_loss=-0.010 v_loss=0.010 ent=3.371 kl=0.0147
        [eval] ret_mean=0.000 ep_len=500.0
[upd   51 | steps   26112 | t   15.7s | sps  1662] ret_mean=0.000 ep_len=500.0 pi_loss=-0.011 v_loss=0.001 ent=3.413 kl=0.0023
[upd   52 | steps   26624 | t   15.9s | sps  1678] ret_mean=2.000 ep_len=500.0 pi_loss=-0.015 v_loss=0.012 ent=3.460 kl=0.0025
[upd   53 | steps   27136 | t   16.0s | sps  1693] ret_mean=0.000 ep_len=500.0 pi_loss=-0.010 v_loss=0.002 ent=3.319 kl=0.0071
[upd   54 | steps   27648 | t   16.2s | sps  1710] ret_mean=4.000 ep_len=500.0 pi_loss=-0.009 v_loss=0.020 ent=3.212 kl=0.0039
[upd   55 | steps   28160 | t   16.3s | sps  1725] ret_mean=4.500 ep_len=500.0 pi_loss=-0.013 v_loss=0.046 ent=3.284 kl=0.0068
[upd   56 | steps   28672 | t   16.5s | sps  1740] ret_mean=0.000 ep_len=500.0 pi_loss=-0.010 v_loss=0.091 ent=3.209 kl=0.0055
[upd   57 | steps   29184 | t   16.6s | sps  1755] ret_mean=16.000 ep_len=500.0 pi_loss=-0.005 v_loss=0.177 ent=3.214 kl=0.0022
[upd   58 | steps   29696 | t   16.8s | sps  1769] ret_mean=3.500 ep_len=500.0 pi_loss=-0.009 v_loss=0.068 ent=3.280 kl=0.0049
[upd   59 | steps   30208 | t   16.9s | sps  1783] ret_mean=4.000 ep_len=500.0 pi_loss=-0.016 v_loss=0.009 ent=3.160 kl=0.0086
[upd   60 | steps   30720 | t   17.1s | sps  1796] ret_mean=7.500 ep_len=500.0 pi_loss=-0.012 v_loss=0.345 ent=3.243 kl=0.0124
[upd   61 | steps   31232 | t   17.3s | sps  1810] ret_mean=75.500 ep_len=500.0 pi_loss=-0.020 v_loss=2.547 ent=2.904 kl=0.0252
[upd   62 | steps   31744 | t   17.4s | sps  1824] ret_mean=1.500 ep_len=500.0 pi_loss=-0.008 v_loss=0.014 ent=3.326 kl=0.0034
[upd   63 | steps   32256 | t   17.6s | sps  1837] ret_mean=0.500 ep_len=500.0 pi_loss=-0.014 v_loss=0.007 ent=3.252 kl=0.0029
[upd   64 | steps   32768 | t   17.7s | sps  1850] ret_mean=2.000 ep_len=500.0 pi_loss=-0.009 v_loss=1.108 ent=3.164 kl=0.0037
[upd   65 | steps   33280 | t   17.9s | sps  1863] ret_mean=32.500 ep_len=500.0 pi_loss=-0.012 v_loss=0.160 ent=3.132 kl=0.0079
[upd   66 | steps   33792 | t   18.0s | sps  1876] ret_mean=13.000 ep_len=500.0 pi_loss=-0.018 v_loss=0.130 ent=3.295 kl=0.0060
[upd   67 | steps   34304 | t   18.2s | sps  1888] ret_mean=0.000 ep_len=500.0 pi_loss=-0.018 v_loss=0.077 ent=3.377 kl=0.0046
[upd   68 | steps   34816 | t   18.3s | sps  1900] ret_mean=10.000 ep_len=500.0 pi_loss=-0.014 v_loss=0.063 ent=3.254 kl=0.0022
[upd   69 | steps   35328 | t   18.5s | sps  1913] ret_mean=3.000 ep_len=500.0 pi_loss=-0.006 v_loss=0.042 ent=3.121 kl=0.0066
[upd   70 | steps   35840 | t   18.6s | sps  1925] ret_mean=0.000 ep_len=500.0 pi_loss=-0.012 v_loss=0.004 ent=3.410 kl=0.0011
[upd   71 | steps   36352 | t   18.8s | sps  1937] ret_mean=0.000 ep_len=500.0 pi_loss=-0.012 v_loss=0.026 ent=3.383 kl=0.0088
[upd   72 | steps   36864 | t   18.9s | sps  1948] ret_mean=2.500 ep_len=500.0 pi_loss=-0.015 v_loss=0.064 ent=3.260 kl=0.0039
[upd   73 | steps   37376 | t   19.1s | sps  1960] ret_mean=21.000 ep_len=500.0 pi_loss=-0.012 v_loss=0.665 ent=2.866 kl=0.0141
[upd   74 | steps   37888 | t   19.2s | sps  1972] ret_mean=0.000 ep_len=500.0 pi_loss=-0.013 v_loss=0.009 ent=2.939 kl=0.0052
[upd   75 | steps   38400 | t   19.4s | sps  1983] ret_mean=0.500 ep_len=500.0 pi_loss=-0.016 v_loss=0.002 ent=3.196 kl=0.0223
        [eval] ret_mean=5.917 ep_len=500.0
[upd   76 | steps   38912 | t   23.5s | sps  1657] ret_mean=2.500 ep_len=500.0 pi_loss=-0.013 v_loss=0.037 ent=3.214 kl=0.0060
[upd   77 | steps   39424 | t   23.6s | sps  1667] ret_mean=3.000 ep_len=500.0 pi_loss=-0.008 v_loss=0.037 ent=3.141 kl=0.0094
[upd   78 | steps   39936 | t   23.8s | sps  1678] ret_mean=5.000 ep_len=500.0 pi_loss=-0.009 v_loss=0.047 ent=3.105 kl=0.0095
[upd   79 | steps   40448 | t   24.0s | sps  1688] ret_mean=0.000 ep_len=500.0 pi_loss=-0.013 v_loss=0.003 ent=3.221 kl=0.0073
[upd   80 | steps   40960 | t   24.1s | sps  1697] ret_mean=4.000 ep_len=500.0 pi_loss=-0.009 v_loss=0.077 ent=3.167 kl=0.0106
[upd   81 | steps   41472 | t   24.3s | sps  1707] ret_mean=0.000 ep_len=500.0 pi_loss=-0.012 v_loss=0.002 ent=3.393 kl=0.0099
[upd   82 | steps   41984 | t   24.5s | sps  1716] ret_mean=0.000 ep_len=500.0 pi_loss=-0.017 v_loss=0.001 ent=3.329 kl=0.0070
[upd   83 | steps   42496 | t   24.6s | sps  1725] ret_mean=0.000 ep_len=500.0 pi_loss=-0.017 v_loss=0.001 ent=3.315 kl=0.0023
[upd   84 | steps   43008 | t   24.8s | sps  1735] ret_mean=0.000 ep_len=500.0 pi_loss=-0.017 v_loss=0.051 ent=3.280 kl=0.0115
[upd   85 | steps   43520 | t   25.0s | sps  1744] ret_mean=7.000 ep_len=500.0 pi_loss=-0.004 v_loss=0.077 ent=3.195 kl=0.0016
[upd   86 | steps   44032 | t   25.1s | sps  1754] ret_mean=0.000 ep_len=500.0 pi_loss=-0.011 v_loss=0.002 ent=3.225 kl=0.0151
[upd   87 | steps   44544 | t   25.3s | sps  1763] ret_mean=0.000 ep_len=500.0 pi_loss=-0.015 v_loss=0.220 ent=3.258 kl=0.0142
[upd   88 | steps   45056 | t   25.4s | sps  1771] ret_mean=10.500 ep_len=500.0 pi_loss=-0.017 v_loss=0.365 ent=3.128 kl=0.0123
[upd   89 | steps   45568 | t   25.6s | sps  1780] ret_mean=21.500 ep_len=500.0 pi_loss=-0.014 v_loss=0.678 ent=3.034 kl=0.0017
[upd   90 | steps   46080 | t   25.8s | sps  1789] ret_mean=10.500 ep_len=500.0 pi_loss=-0.016 v_loss=0.026 ent=2.751 kl=0.0080
[upd   91 | steps   46592 | t   25.9s | sps  1798] ret_mean=5.500 ep_len=500.0 pi_loss=-0.012 v_loss=0.056 ent=2.886 kl=0.0163
[upd   92 | steps   47104 | t   26.1s | sps  1806] ret_mean=0.000 ep_len=500.0 pi_loss=-0.010 v_loss=0.852 ent=2.818 kl=0.0017
[upd   93 | steps   47616 | t   26.2s | sps  1815] ret_mean=35.500 ep_len=500.0 pi_loss=-0.016 v_loss=1.463 ent=2.907 kl=0.0026
[upd   94 | steps   48128 | t   26.4s | sps  1823] ret_mean=73.000 ep_len=500.0 pi_loss=-0.011 v_loss=1.911 ent=2.783 kl=0.0120
[upd   95 | steps   48640 | t   26.6s | sps  1831] ret_mean=0.000 ep_len=500.0 pi_loss=-0.014 v_loss=0.009 ent=3.276 kl=0.0105
[upd   96 | steps   49152 | t   26.7s | sps  1839] ret_mean=0.000 ep_len=500.0 pi_loss=-0.012 v_loss=0.008 ent=3.030 kl=0.0144
[upd   97 | steps   49664 | t   26.9s | sps  1847] ret_mean=0.000 ep_len=500.0 pi_loss=-0.015 v_loss=0.007 ent=3.095 kl=0.0079
[upd   98 | steps   50176 | t   27.1s | sps  1855] ret_mean=0.000 ep_len=500.0 pi_loss=-0.017 v_loss=0.006 ent=2.718 kl=0.0114
[upd   99 | steps   50688 | t   27.2s | sps  1862] ret_mean=0.000 ep_len=500.0 pi_loss=-0.011 v_loss=0.006 ent=3.207 kl=0.0030
[upd  100 | steps   51200 | t   27.4s | sps  1870] ret_mean=0.000 ep_len=500.0 pi_loss=-0.011 v_loss=2.265 ent=3.100 kl=0.0033
        [eval] ret_mean=6.133 ep_len=500.0
[upd  101 | steps   51712 | t   31.4s | sps  1648] ret_mean=1.000 ep_len=500.0 pi_loss=-0.009 v_loss=0.005 ent=2.943 kl=0.0026
[upd  102 | steps   52224 | t   31.5s | sps  1656] ret_mean=0.000 ep_len=500.0 pi_loss=-0.014 v_loss=0.005 ent=3.118 kl=0.0155
[upd  103 | steps   52736 | t   31.7s | sps  1664] ret_mean=0.000 ep_len=500.0 pi_loss=-0.012 v_loss=0.003 ent=3.058 kl=0.0037
[upd  104 | steps   53248 | t   31.9s | sps  1671] ret_mean=4.000 ep_len=500.0 pi_loss=-0.014 v_loss=0.066 ent=3.141 kl=0.0047
[upd  105 | steps   53760 | t   32.0s | sps  1680] ret_mean=2.000 ep_len=500.0 pi_loss=-0.009 v_loss=0.027 ent=3.183 kl=0.0008
[upd  106 | steps   54272 | t   32.2s | sps  1688] ret_mean=0.000 ep_len=500.0 pi_loss=-0.011 v_loss=0.003 ent=2.742 kl=0.0092
[upd  107 | steps   54784 | t   32.3s | sps  1695] ret_mean=59.500 ep_len=500.0 pi_loss=-0.017 v_loss=2.644 ent=2.820 kl=0.0148
[upd  108 | steps   55296 | t   32.5s | sps  1702] ret_mean=49.000 ep_len=500.0 pi_loss=-0.008 v_loss=2.441 ent=2.715 kl=0.0062
[upd  109 | steps   55808 | t   32.6s | sps  1710] ret_mean=22.000 ep_len=500.0 pi_loss=-0.008 v_loss=1.097 ent=2.738 kl=0.0105
[upd  110 | steps   56320 | t   32.8s | sps  1717] ret_mean=29.000 ep_len=500.0 pi_loss=-0.018 v_loss=1.702 ent=2.654 kl=0.0002
[upd  111 | steps   56832 | t   33.0s | sps  1725] ret_mean=111.500 ep_len=500.0 pi_loss=-0.012 v_loss=3.744 ent=2.345 kl=0.0073
[upd  112 | steps   57344 | t   33.1s | sps  1732] ret_mean=0.000 ep_len=500.0 pi_loss=-0.016 v_loss=0.800 ent=2.504 kl=0.0056
[upd  113 | steps   57856 | t   33.3s | sps  1739] ret_mean=36.500 ep_len=500.0 pi_loss=-0.012 v_loss=0.262 ent=2.804 kl=0.0044
[upd  114 | steps   58368 | t   33.4s | sps  1746] ret_mean=0.000 ep_len=500.0 pi_loss=-0.018 v_loss=0.024 ent=2.402 kl=-0.0015
[upd  115 | steps   58880 | t   33.6s | sps  1753] ret_mean=7.500 ep_len=500.0 pi_loss=-0.007 v_loss=1.117 ent=2.596 kl=-0.0022
[upd  116 | steps   59392 | t   33.8s | sps  1760] ret_mean=30.000 ep_len=500.0 pi_loss=-0.012 v_loss=1.783 ent=2.688 kl=0.0006
[upd  117 | steps   59904 | t   33.9s | sps  1766] ret_mean=115.000 ep_len=500.0 pi_loss=-0.006 v_loss=5.273 ent=2.082 kl=-0.0015
[upd  118 | steps   60416 | t   34.1s | sps  1773] ret_mean=62.500 ep_len=500.0 pi_loss=-0.010 v_loss=0.300 ent=2.350 kl=0.0025
[upd  119 | steps   60928 | t   34.2s | sps  1780] ret_mean=0.000 ep_len=500.0 pi_loss=-0.010 v_loss=0.049 ent=2.202 kl=0.0019
[upd  120 | steps   61440 | t   34.4s | sps  1787] ret_mean=0.000 ep_len=500.0 pi_loss=-0.009 v_loss=1.269 ent=2.231 kl=0.0116
[upd  121 | steps   61952 | t   34.6s | sps  1793] ret_mean=45.500 ep_len=500.0 pi_loss=-0.008 v_loss=0.074 ent=2.480 kl=-0.0005
[upd  122 | steps   62464 | t   34.7s | sps  1800] ret_mean=0.000 ep_len=500.0 pi_loss=-0.016 v_loss=1.429 ent=2.389 kl=0.0128
[upd  123 | steps   62976 | t   34.9s | sps  1806] ret_mean=56.500 ep_len=500.0 pi_loss=-0.013 v_loss=0.387 ent=2.690 kl=0.0021
[upd  124 | steps   63488 | t   35.0s | sps  1813] ret_mean=0.000 ep_len=500.0 pi_loss=-0.015 v_loss=0.042 ent=2.730 kl=0.0188
[upd  125 | steps   64000 | t   35.2s | sps  1819] ret_mean=0.000 ep_len=500.0 pi_loss=-0.016 v_loss=3.134 ent=2.690 kl=0.0022
        [eval] ret_mean=0.000 ep_len=500.0
[upd  126 | steps   64512 | t   39.1s | sps  1650] ret_mean=61.000 ep_len=500.0 pi_loss=-0.014 v_loss=2.168 ent=2.376 kl=0.0207
[upd  127 | steps   65024 | t   39.3s | sps  1656] ret_mean=0.000 ep_len=500.0 pi_loss=-0.011 v_loss=0.043 ent=2.519 kl=-0.0002
[upd  128 | steps   65536 | t   39.4s | sps  1662] ret_mean=0.000 ep_len=500.0 pi_loss=-0.007 v_loss=0.017 ent=2.469 kl=0.0004
[upd  129 | steps   66048 | t   39.6s | sps  1667] ret_mean=0.000 ep_len=500.0 pi_loss=-0.020 v_loss=0.290 ent=2.776 kl=0.0198
[upd  130 | steps   66560 | t   39.8s | sps  1673] ret_mean=100.000 ep_len=500.0 pi_loss=-0.015 v_loss=3.833 ent=2.359 kl=0.0150
[upd  131 | steps   67072 | t   39.9s | sps  1680] ret_mean=24.000 ep_len=500.0 pi_loss=-0.006 v_loss=1.076 ent=2.597 kl=0.0112
[upd  132 | steps   67584 | t   40.1s | sps  1686] ret_mean=9.500 ep_len=500.0 pi_loss=-0.010 v_loss=0.304 ent=2.874 kl=0.0052
[upd  133 | steps   68096 | t   40.3s | sps  1692] ret_mean=60.500 ep_len=500.0 pi_loss=-0.012 v_loss=2.916 ent=2.421 kl=0.0258
[upd  134 | steps   68608 | t   40.4s | sps  1697] ret_mean=0.000 ep_len=500.0 pi_loss=-0.008 v_loss=1.089 ent=2.516 kl=0.0073
[upd  135 | steps   69120 | t   40.6s | sps  1702] ret_mean=87.000 ep_len=500.0 pi_loss=-0.007 v_loss=3.471 ent=2.191 kl=0.0080
[upd  136 | steps   69632 | t   40.8s | sps  1707] ret_mean=53.000 ep_len=500.0 pi_loss=-0.015 v_loss=2.280 ent=2.506 kl=-0.0019
[upd  137 | steps   70144 | t   40.9s | sps  1713] ret_mean=82.500 ep_len=500.0 pi_loss=-0.011 v_loss=4.513 ent=2.186 kl=0.0061
[upd  138 | steps   70656 | t   41.1s | sps  1719] ret_mean=49.000 ep_len=500.0 pi_loss=-0.016 v_loss=2.027 ent=1.714 kl=-0.0045
[upd  139 | steps   71168 | t   41.3s | sps  1724] ret_mean=83.000 ep_len=500.0 pi_loss=-0.010 v_loss=1.721 ent=2.409 kl=0.0043
[upd  140 | steps   71680 | t   41.5s | sps  1729] ret_mean=0.000 ep_len=500.0 pi_loss=-0.013 v_loss=0.084 ent=2.584 kl=0.0096
[upd  141 | steps   72192 | t   41.6s | sps  1735] ret_mean=0.000 ep_len=500.0 pi_loss=-0.008 v_loss=1.582 ent=2.462 kl=-0.0044
[upd  142 | steps   72704 | t   41.8s | sps  1740] ret_mean=117.000 ep_len=500.0 pi_loss=-0.009 v_loss=2.876 ent=2.169 kl=0.0117
[upd  143 | steps   73216 | t   41.9s | sps  1746] ret_mean=0.000 ep_len=500.0 pi_loss=-0.010 v_loss=0.040 ent=2.852 kl=0.0076
[upd  144 | steps   73728 | t   42.1s | sps  1751] ret_mean=0.000 ep_len=500.0 pi_loss=-0.010 v_loss=0.045 ent=2.521 kl=0.0137
[upd  145 | steps   74240 | t   42.3s | sps  1757] ret_mean=0.000 ep_len=500.0 pi_loss=-0.008 v_loss=0.042 ent=2.493 kl=-0.0093
[upd  146 | steps   74752 | t   42.4s | sps  1762] ret_mean=0.000 ep_len=500.0 pi_loss=-0.011 v_loss=0.033 ent=2.598 kl=0.0099
[upd  147 | steps   75264 | t   42.6s | sps  1767] ret_mean=0.000 ep_len=500.0 pi_loss=-0.005 v_loss=0.034 ent=2.889 kl=0.0054
[upd  148 | steps   75776 | t   42.8s | sps  1772] ret_mean=0.000 ep_len=500.0 pi_loss=-0.007 v_loss=7.243 ent=2.481 kl=0.0069
[upd  149 | steps   76288 | t   42.9s | sps  1778] ret_mean=138.500 ep_len=500.0 pi_loss=-0.010 v_loss=3.588 ent=2.364 kl=0.0076
[upd  150 | steps   76800 | t   43.1s | sps  1783] ret_mean=55.000 ep_len=500.0 pi_loss=-0.010 v_loss=0.222 ent=2.445 kl=0.0046
        [eval] ret_mean=3.833 ep_len=500.0
[upd  151 | steps   77312 | t   47.0s | sps  1646] ret_mean=2.000 ep_len=500.0 pi_loss=-0.013 v_loss=0.087 ent=2.607 kl=0.0142
[upd  152 | steps   77824 | t   47.1s | sps  1651] ret_mean=0.000 ep_len=500.0 pi_loss=-0.013 v_loss=0.072 ent=2.212 kl=0.0016
[upd  153 | steps   78336 | t   47.3s | sps  1656] ret_mean=61.000 ep_len=500.0 pi_loss=-0.016 v_loss=2.074 ent=2.949 kl=0.0046
[upd  154 | steps   78848 | t   47.5s | sps  1662] ret_mean=0.000 ep_len=500.0 pi_loss=-0.012 v_loss=0.011 ent=3.175 kl=0.0094
[upd  155 | steps   79360 | t   47.6s | sps  1667] ret_mean=0.000 ep_len=500.0 pi_loss=-0.012 v_loss=0.024 ent=2.492 kl=0.0110
[upd  156 | steps   79872 | t   47.8s | sps  1671] ret_mean=13.000 ep_len=500.0 pi_loss=-0.019 v_loss=0.344 ent=3.173 kl=0.0030
[upd  157 | steps   80384 | t   48.0s | sps  1676] ret_mean=92.000 ep_len=500.0 pi_loss=-0.015 v_loss=4.317 ent=1.941 kl=0.0111
[upd  158 | steps   80896 | t   48.1s | sps  1680] ret_mean=81.000 ep_len=500.0 pi_loss=-0.013 v_loss=3.710 ent=2.232 kl=0.0063
[upd  159 | steps   81408 | t   48.3s | sps  1685] ret_mean=7.500 ep_len=500.0 pi_loss=-0.016 v_loss=1.111 ent=2.506 kl=0.0080
[upd  160 | steps   81920 | t   48.5s | sps  1690] ret_mean=76.500 ep_len=500.0 pi_loss=-0.009 v_loss=2.319 ent=2.410 kl=0.0043
[upd  161 | steps   82432 | t   48.6s | sps  1695] ret_mean=11.500 ep_len=500.0 pi_loss=-0.011 v_loss=0.089 ent=2.798 kl=0.0145
[upd  162 | steps   82944 | t   48.8s | sps  1700] ret_mean=0.000 ep_len=500.0 pi_loss=-0.012 v_loss=0.653 ent=3.048 kl=0.0042
[upd  163 | steps   83456 | t   49.0s | sps  1704] ret_mean=29.000 ep_len=500.0 pi_loss=-0.010 v_loss=0.303 ent=3.122 kl=-0.0009
[upd  164 | steps   83968 | t   49.1s | sps  1709] ret_mean=0.000 ep_len=500.0 pi_loss=-0.016 v_loss=1.407 ent=2.785 kl=0.0039
[upd  165 | steps   84480 | t   49.3s | sps  1714] ret_mean=99.500 ep_len=500.0 pi_loss=-0.012 v_loss=2.209 ent=1.863 kl=0.0189
[upd  166 | steps   84992 | t   49.5s | sps  1718] ret_mean=0.000 ep_len=500.0 pi_loss=-0.007 v_loss=2.497 ent=2.400 kl=0.0079
[upd  167 | steps   85504 | t   49.6s | sps  1723] ret_mean=79.500 ep_len=500.0 pi_loss=-0.006 v_loss=1.041 ent=2.376 kl=0.0043
[upd  168 | steps   86016 | t   49.8s | sps  1727] ret_mean=0.000 ep_len=500.0 pi_loss=-0.014 v_loss=1.350 ent=2.645 kl=0.0062
[upd  169 | steps   86528 | t   50.0s | sps  1731] ret_mean=46.000 ep_len=500.0 pi_loss=-0.008 v_loss=0.297 ent=2.736 kl=0.0012
[upd  170 | steps   87040 | t   50.1s | sps  1736] ret_mean=0.000 ep_len=500.0 pi_loss=-0.010 v_loss=0.262 ent=2.876 kl=0.0006
[upd  171 | steps   87552 | t   50.3s | sps  1740] ret_mean=12.500 ep_len=500.0 pi_loss=-0.006 v_loss=0.220 ent=2.775 kl=0.0078
[upd  172 | steps   88064 | t   50.5s | sps  1745] ret_mean=0.000 ep_len=500.0 pi_loss=-0.016 v_loss=0.041 ent=2.634 kl=0.0092
[upd  173 | steps   88576 | t   50.6s | sps  1750] ret_mean=0.000 ep_len=500.0 pi_loss=-0.016 v_loss=0.093 ent=2.217 kl=0.0100
[upd  174 | steps   89088 | t   50.8s | sps  1754] ret_mean=0.000 ep_len=500.0 pi_loss=-0.005 v_loss=3.113 ent=2.229 kl=0.0008
[upd  175 | steps   89600 | t   50.9s | sps  1759] ret_mean=103.500 ep_len=500.0 pi_loss=-0.007 v_loss=1.514 ent=2.252 kl=0.0068
        [eval] ret_mean=8.317 ep_len=500.0
[upd  176 | steps   90112 | t   55.1s | sps  1635] ret_mean=0.000 ep_len=500.0 pi_loss=-0.014 v_loss=0.047 ent=2.955 kl=0.0020
[upd  177 | steps   90624 | t   55.3s | sps  1639] ret_mean=106.500 ep_len=500.0 pi_loss=-0.007 v_loss=5.265 ent=1.511 kl=0.0045
[upd  178 | steps   91136 | t   55.4s | sps  1644] ret_mean=138.500 ep_len=500.0 pi_loss=-0.015 v_loss=9.390 ent=1.827 kl=0.0045
[upd  179 | steps   91648 | t   55.6s | sps  1648] ret_mean=0.000 ep_len=500.0 pi_loss=-0.012 v_loss=0.021 ent=3.004 kl=0.0072
[upd  180 | steps   92160 | t   55.8s | sps  1653] ret_mean=0.000 ep_len=500.0 pi_loss=-0.012 v_loss=0.210 ent=2.679 kl=0.0106
[upd  181 | steps   92672 | t   55.9s | sps  1657] ret_mean=69.500 ep_len=500.0 pi_loss=-0.012 v_loss=2.133 ent=2.344 kl=0.0061
[upd  182 | steps   93184 | t   56.1s | sps  1661] ret_mean=0.000 ep_len=500.0 pi_loss=-0.008 v_loss=0.137 ent=2.266 kl=0.0045
[upd  183 | steps   93696 | t   56.3s | sps  1665] ret_mean=35.500 ep_len=500.0 pi_loss=-0.013 v_loss=2.207 ent=2.281 kl=0.0124
[upd  184 | steps   94208 | t   56.4s | sps  1670] ret_mean=58.500 ep_len=500.0 pi_loss=-0.008 v_loss=2.718 ent=2.296 kl=0.0082
[upd  185 | steps   94720 | t   56.6s | sps  1674] ret_mean=119.000 ep_len=500.0 pi_loss=-0.007 v_loss=6.942 ent=2.180 kl=0.0162
[upd  186 | steps   95232 | t   56.8s | sps  1678] ret_mean=0.000 ep_len=500.0 pi_loss=-0.011 v_loss=0.521 ent=2.197 kl=0.0066
[upd  187 | steps   95744 | t   56.9s | sps  1682] ret_mean=12.500 ep_len=500.0 pi_loss=-0.012 v_loss=0.060 ent=3.294 kl=0.0114
[upd  188 | steps   96256 | t   57.1s | sps  1685] ret_mean=0.000 ep_len=500.0 pi_loss=-0.019 v_loss=0.011 ent=3.382 kl=0.0278
[upd  189 | steps   96768 | t   57.3s | sps  1689] ret_mean=38.000 ep_len=500.0 pi_loss=-0.014 v_loss=3.120 ent=2.415 kl=0.0193
[upd  190 | steps   97280 | t   57.4s | sps  1693] ret_mean=112.000 ep_len=500.0 pi_loss=-0.011 v_loss=2.994 ent=2.033 kl=0.0072
[upd  191 | steps   97792 | t   57.6s | sps  1697] ret_mean=0.000 ep_len=500.0 pi_loss=-0.015 v_loss=1.701 ent=2.833 kl=0.0183
[upd  192 | steps   98304 | t   57.8s | sps  1701] ret_mean=53.500 ep_len=500.0 pi_loss=-0.021 v_loss=2.009 ent=2.699 kl=-0.0077
[upd  193 | steps   98816 | t   58.0s | sps  1705] ret_mean=86.500 ep_len=500.0 pi_loss=-0.010 v_loss=1.697 ent=2.561 kl=-0.0003
[upd  194 | steps   99328 | t   58.1s | sps  1709] ret_mean=20.000 ep_len=500.0 pi_loss=-0.009 v_loss=1.546 ent=2.699 kl=0.0037
[upd  195 | steps   99840 | t   58.3s | sps  1713] ret_mean=20.000 ep_len=500.0 pi_loss=-0.012 v_loss=9.667 ent=2.184 kl=0.0094
[upd  196 | steps  100352 | t   58.4s | sps  1718] ret_mean=193.000 ep_len=500.0 pi_loss=-0.009 v_loss=3.283 ent=2.015 kl=0.0149
[upd  197 | steps  100864 | t   58.6s | sps  1722] ret_mean=0.000 ep_len=500.0 pi_loss=-0.013 v_loss=0.483 ent=3.285 kl=-0.0034
[upd  198 | steps  101376 | t   58.7s | sps  1726] ret_mean=71.500 ep_len=500.0 pi_loss=-0.010 v_loss=3.648 ent=2.182 kl=0.0085
[upd  199 | steps  101888 | t   58.9s | sps  1730] ret_mean=54.500 ep_len=500.0 pi_loss=-0.010 v_loss=2.794 ent=2.871 kl=0.0028
[upd  200 | steps  102400 | t   59.0s | sps  1734] ret_mean=83.500 ep_len=500.0 pi_loss=-0.008 v_loss=1.157 ent=2.490 kl=0.0111
        [eval] ret_mean=4.167 ep_len=500.0
[upd  201 | steps  102912 | t   63.2s | sps  1628] ret_mean=109.500 ep_len=500.0 pi_loss=-0.014 v_loss=3.976 ent=2.216 kl=0.0102
[upd  202 | steps  103424 | t   63.4s | sps  1632] ret_mean=0.000 ep_len=500.0 pi_loss=-0.015 v_loss=0.168 ent=3.302 kl=0.0107
[upd  203 | steps  103936 | t   63.5s | sps  1636] ret_mean=65.000 ep_len=500.0 pi_loss=-0.013 v_loss=1.932 ent=2.509 kl=0.0158
[upd  204 | steps  104448 | t   63.7s | sps  1639] ret_mean=42.500 ep_len=500.0 pi_loss=-0.012 v_loss=1.832 ent=2.631 kl=0.0143
[upd  205 | steps  104960 | t   63.9s | sps  1643] ret_mean=121.500 ep_len=500.0 pi_loss=-0.010 v_loss=4.365 ent=2.162 kl=0.0070
[upd  206 | steps  105472 | t   64.1s | sps  1647] ret_mean=0.000 ep_len=500.0 pi_loss=-0.012 v_loss=0.094 ent=3.382 kl=0.0035
[upd  207 | steps  105984 | t   64.2s | sps  1651] ret_mean=0.000 ep_len=500.0 pi_loss=-0.012 v_loss=0.038 ent=3.399 kl=0.0050
[upd  208 | steps  106496 | t   64.4s | sps  1654] ret_mean=40.500 ep_len=500.0 pi_loss=-0.012 v_loss=2.266 ent=2.937 kl=-0.0026
[upd  209 | steps  107008 | t   64.5s | sps  1658] ret_mean=119.500 ep_len=500.0 pi_loss=-0.010 v_loss=4.066 ent=2.228 kl=0.0082
[upd  210 | steps  107520 | t   64.7s | sps  1662] ret_mean=24.000 ep_len=500.0 pi_loss=-0.016 v_loss=1.286 ent=3.290 kl=0.0021
[upd  211 | steps  108032 | t   64.9s | sps  1665] ret_mean=58.000 ep_len=500.0 pi_loss=-0.013 v_loss=2.165 ent=2.802 kl=0.0056
[upd  212 | steps  108544 | t   65.1s | sps  1668] ret_mean=0.000 ep_len=500.0 pi_loss=-0.009 v_loss=0.053 ent=3.474 kl=0.0098
[upd  213 | steps  109056 | t   65.2s | sps  1672] ret_mean=81.000 ep_len=500.0 pi_loss=-0.009 v_loss=3.394 ent=2.317 kl=0.0040
[upd  214 | steps  109568 | t   65.4s | sps  1676] ret_mean=73.500 ep_len=500.0 pi_loss=-0.011 v_loss=3.919 ent=2.226 kl=0.0019
[upd  215 | steps  110080 | t   65.5s | sps  1680] ret_mean=27.500 ep_len=500.0 pi_loss=-0.015 v_loss=0.772 ent=3.123 kl=0.0107
[upd  216 | steps  110592 | t   65.7s | sps  1684] ret_mean=95.000 ep_len=500.0 pi_loss=-0.012 v_loss=2.933 ent=2.401 kl=0.0063
[upd  217 | steps  111104 | t   65.8s | sps  1688] ret_mean=0.000 ep_len=500.0 pi_loss=-0.020 v_loss=0.224 ent=3.242 kl=0.0097
[upd  218 | steps  111616 | t   66.0s | sps  1692] ret_mean=8.500 ep_len=500.0 pi_loss=-0.010 v_loss=1.865 ent=3.043 kl=-0.0028
[upd  219 | steps  112128 | t   66.1s | sps  1695] ret_mean=47.000 ep_len=500.0 pi_loss=-0.006 v_loss=0.173 ent=3.502 kl=0.0038
[upd  220 | steps  112640 | t   66.3s | sps  1699] ret_mean=0.000 ep_len=500.0 pi_loss=-0.012 v_loss=5.747 ent=3.013 kl=-0.0000
[upd  221 | steps  113152 | t   66.5s | sps  1702] ret_mean=145.000 ep_len=500.0 pi_loss=-0.009 v_loss=2.602 ent=2.471 kl=0.0189
[upd  222 | steps  113664 | t   66.6s | sps  1706] ret_mean=0.000 ep_len=500.0 pi_loss=-0.010 v_loss=0.126 ent=3.367 kl=0.0049
[upd  223 | steps  114176 | t   66.8s | sps  1709] ret_mean=25.500 ep_len=500.0 pi_loss=-0.008 v_loss=1.992 ent=2.672 kl=0.0072
[upd  224 | steps  114688 | t   66.9s | sps  1713] ret_mean=77.500 ep_len=500.0 pi_loss=-0.004 v_loss=10.650 ent=1.507 kl=0.0033
[upd  225 | steps  115200 | t   67.1s | sps  1717] ret_mean=164.500 ep_len=500.0 pi_loss=-0.009 v_loss=2.026 ent=2.435 kl=0.0040
        [eval] ret_mean=4.167 ep_len=500.0
[upd  226 | steps  115712 | t   71.1s | sps  1627] ret_mean=78.000 ep_len=500.0 pi_loss=-0.014 v_loss=3.583 ent=2.456 kl=0.0070
[upd  227 | steps  116224 | t   71.3s | sps  1630] ret_mean=25.500 ep_len=500.0 pi_loss=-0.010 v_loss=1.131 ent=2.822 kl=0.0044
[upd  228 | steps  116736 | t   71.4s | sps  1634] ret_mean=103.500 ep_len=500.0 pi_loss=-0.015 v_loss=3.999 ent=2.175 kl=0.0072
[upd  229 | steps  117248 | t   71.6s | sps  1637] ret_mean=100.500 ep_len=500.0 pi_loss=-0.012 v_loss=4.121 ent=2.188 kl=0.0045
[upd  230 | steps  117760 | t   71.8s | sps  1641] ret_mean=0.000 ep_len=500.0 pi_loss=-0.013 v_loss=0.034 ent=3.317 kl=0.0071
[upd  231 | steps  118272 | t   71.9s | sps  1644] ret_mean=76.000 ep_len=500.0 pi_loss=-0.012 v_loss=3.034 ent=2.454 kl=0.0083
[upd  232 | steps  118784 | t   72.1s | sps  1648] ret_mean=0.000 ep_len=500.0 pi_loss=-0.009 v_loss=0.178 ent=3.035 kl=0.0037
[upd  233 | steps  119296 | t   72.3s | sps  1651] ret_mean=105.500 ep_len=500.0 pi_loss=-0.009 v_loss=4.169 ent=2.044 kl=0.0035
[upd  234 | steps  119808 | t   72.4s | sps  1654] ret_mean=0.000 ep_len=500.0 pi_loss=-0.011 v_loss=0.591 ent=3.275 kl=-0.0007
[upd  235 | steps  120320 | t   72.6s | sps  1657] ret_mean=109.500 ep_len=500.0 pi_loss=-0.008 v_loss=4.834 ent=1.952 kl=-0.0000
[upd  236 | steps  120832 | t   72.8s | sps  1660] ret_mean=81.000 ep_len=500.0 pi_loss=-0.008 v_loss=1.719 ent=2.938 kl=0.0050
[upd  237 | steps  121344 | t   72.9s | sps  1664] ret_mean=10.500 ep_len=500.0 pi_loss=-0.011 v_loss=1.508 ent=2.984 kl=0.0057
[upd  238 | steps  121856 | t   73.1s | sps  1667] ret_mean=123.500 ep_len=500.0 pi_loss=-0.008 v_loss=2.890 ent=2.168 kl=0.0042
[upd  239 | steps  122368 | t   73.3s | sps  1670] ret_mean=0.000 ep_len=500.0 pi_loss=-0.011 v_loss=1.072 ent=2.724 kl=0.0077
[upd  240 | steps  122880 | t   73.4s | sps  1673] ret_mean=66.500 ep_len=500.0 pi_loss=-0.010 v_loss=0.837 ent=3.169 kl=0.0106
[upd  241 | steps  123392 | t   73.6s | sps  1677] ret_mean=0.000 ep_len=500.0 pi_loss=-0.011 v_loss=1.219 ent=2.738 kl=0.0102
[upd  242 | steps  123904 | t   73.8s | sps  1680] ret_mean=65.000 ep_len=500.0 pi_loss=-0.011 v_loss=2.457 ent=2.543 kl=0.0106
[upd  243 | steps  124416 | t   73.9s | sps  1683] ret_mean=123.500 ep_len=500.0 pi_loss=-0.009 v_loss=4.390 ent=1.973 kl=0.0127
[upd  244 | steps  124928 | t   74.1s | sps  1686] ret_mean=120.500 ep_len=500.0 pi_loss=-0.011 v_loss=3.445 ent=2.186 kl=0.0054
[upd  245 | steps  125440 | t   74.2s | sps  1690] ret_mean=94.000 ep_len=500.0 pi_loss=-0.010 v_loss=2.372 ent=2.433 kl=0.0083
[upd  246 | steps  125952 | t   74.4s | sps  1693] ret_mean=8.000 ep_len=500.0 pi_loss=-0.012 v_loss=2.449 ent=2.771 kl=0.0004
[upd  247 | steps  126464 | t   74.6s | sps  1695] ret_mean=122.500 ep_len=500.0 pi_loss=-0.011 v_loss=1.758 ent=2.567 kl=0.0112
[upd  248 | steps  126976 | t   74.8s | sps  1698] ret_mean=0.000 ep_len=500.0 pi_loss=-0.011 v_loss=0.259 ent=3.258 kl=0.0045
[upd  249 | steps  127488 | t   75.0s | sps  1700] ret_mean=0.000 ep_len=500.0 pi_loss=-0.014 v_loss=1.642 ent=2.922 kl=0.0084
[upd  250 | steps  128000 | t   75.2s | sps  1702] ret_mean=63.500 ep_len=500.0 pi_loss=-0.011 v_loss=1.614 ent=2.844 kl=0.0031
        [eval] ret_mean=19.350 ep_len=500.0
[upd  251 | steps  128512 | t   79.2s | sps  1623] ret_mean=77.500 ep_len=500.0 pi_loss=-0.015 v_loss=2.811 ent=2.686 kl=-0.0011
[upd  252 | steps  129024 | t   79.3s | sps  1627] ret_mean=102.500 ep_len=500.0 pi_loss=-0.011 v_loss=3.181 ent=1.912 kl=0.0071
[upd  253 | steps  129536 | t   79.5s | sps  1630] ret_mean=57.000 ep_len=500.0 pi_loss=-0.009 v_loss=1.456 ent=2.302 kl=0.0029
[upd  254 | steps  130048 | t   79.6s | sps  1633] ret_mean=0.000 ep_len=500.0 pi_loss=-0.010 v_loss=0.261 ent=2.635 kl=0.0045
[upd  255 | steps  130560 | t   79.8s | sps  1636] ret_mean=0.000 ep_len=500.0 pi_loss=-0.010 v_loss=0.173 ent=3.218 kl=0.0030
[upd  256 | steps  131072 | t   80.0s | sps  1639] ret_mean=0.000 ep_len=500.0 pi_loss=-0.009 v_loss=0.212 ent=2.453 kl=0.0118
[upd  257 | steps  131584 | t   80.2s | sps  1642] ret_mean=7.500 ep_len=500.0 pi_loss=-0.011 v_loss=1.272 ent=3.277 kl=-0.0013
[upd  258 | steps  132096 | t   80.3s | sps  1645] ret_mean=66.500 ep_len=500.0 pi_loss=-0.014 v_loss=1.893 ent=2.642 kl=0.0150
[upd  259 | steps  132608 | t   80.5s | sps  1648] ret_mean=149.000 ep_len=500.0 pi_loss=-0.013 v_loss=6.552 ent=1.751 kl=0.0099
[upd  260 | steps  133120 | t   80.6s | sps  1652] ret_mean=55.500 ep_len=500.0 pi_loss=-0.011 v_loss=1.162 ent=2.503 kl=0.0052
[upd  261 | steps  133632 | t   80.7s | sps  1655] ret_mean=0.000 ep_len=500.0 pi_loss=-0.012 v_loss=0.173 ent=3.282 kl=0.0145
[upd  262 | steps  134144 | t   80.9s | sps  1658] ret_mean=0.000 ep_len=500.0 pi_loss=-0.011 v_loss=0.935 ent=3.246 kl=0.0035
[upd  263 | steps  134656 | t   81.1s | sps  1661] ret_mean=125.000 ep_len=500.0 pi_loss=-0.013 v_loss=2.861 ent=2.027 kl=0.0067
[upd  264 | steps  135168 | t   81.2s | sps  1664] ret_mean=0.000 ep_len=500.0 pi_loss=-0.012 v_loss=1.159 ent=3.025 kl=0.0015
[upd  265 | steps  135680 | t   81.4s | sps  1667] ret_mean=48.500 ep_len=500.0 pi_loss=-0.010 v_loss=2.056 ent=2.823 kl=0.0039
[upd  266 | steps  136192 | t   81.5s | sps  1671] ret_mean=110.500 ep_len=500.0 pi_loss=-0.016 v_loss=3.738 ent=2.113 kl=0.0068
[upd  267 | steps  136704 | t   81.7s | sps  1674] ret_mean=67.500 ep_len=500.0 pi_loss=-0.012 v_loss=1.667 ent=2.924 kl=0.0033
[upd  268 | steps  137216 | t   81.8s | sps  1677] ret_mean=77.500 ep_len=500.0 pi_loss=-0.013 v_loss=2.145 ent=2.357 kl=0.0074
[upd  269 | steps  137728 | t   82.0s | sps  1680] ret_mean=0.000 ep_len=500.0 pi_loss=-0.012 v_loss=1.653 ent=3.045 kl=0.0054
[upd  270 | steps  138240 | t   82.1s | sps  1684] ret_mean=67.500 ep_len=500.0 pi_loss=-0.006 v_loss=0.927 ent=3.214 kl=0.0039
[upd  271 | steps  138752 | t   82.3s | sps  1687] ret_mean=71.000 ep_len=500.0 pi_loss=-0.009 v_loss=2.962 ent=2.156 kl=0.0067
[upd  272 | steps  139264 | t   82.4s | sps  1690] ret_mean=81.500 ep_len=500.0 pi_loss=-0.011 v_loss=3.433 ent=1.856 kl=0.0100
[upd  273 | steps  139776 | t   82.6s | sps  1693] ret_mean=80.000 ep_len=500.0 pi_loss=-0.007 v_loss=2.760 ent=2.434 kl=0.0010
[upd  274 | steps  140288 | t   82.7s | sps  1696] ret_mean=124.000 ep_len=500.0 pi_loss=-0.008 v_loss=1.867 ent=1.676 kl=0.0118
[upd  275 | steps  140800 | t   82.8s | sps  1700] ret_mean=0.000 ep_len=500.0 pi_loss=-0.011 v_loss=2.182 ent=1.943 kl=-0.0026
        [eval] ret_mean=16.667 ep_len=500.0
[upd  276 | steps  141312 | t   86.7s | sps  1630] ret_mean=0.000 ep_len=500.0 pi_loss=-0.018 v_loss=0.191 ent=3.205 kl=0.0135
[upd  277 | steps  141824 | t   86.9s | sps  1633] ret_mean=121.500 ep_len=500.0 pi_loss=-0.010 v_loss=3.292 ent=1.585 kl=-0.0005
[upd  278 | steps  142336 | t   87.0s | sps  1635] ret_mean=199.500 ep_len=500.0 pi_loss=-0.013 v_loss=9.990 ent=1.555 kl=0.0035
[upd  279 | steps  142848 | t   87.2s | sps  1638] ret_mean=45.000 ep_len=500.0 pi_loss=-0.007 v_loss=2.593 ent=2.264 kl=0.0015
[upd  280 | steps  143360 | t   87.4s | sps  1639] ret_mean=0.000 ep_len=500.0 pi_loss=-0.008 v_loss=0.181 ent=2.998 kl=0.0014
[upd  281 | steps  143872 | t   87.6s | sps  1642] ret_mean=89.000 ep_len=500.0 pi_loss=-0.014 v_loss=4.703 ent=2.169 kl=0.0154
[upd  282 | steps  144384 | t   87.8s | sps  1645] ret_mean=165.500 ep_len=500.0 pi_loss=-0.008 v_loss=6.379 ent=1.495 kl=0.0038
[upd  283 | steps  144896 | t   88.0s | sps  1647] ret_mean=109.000 ep_len=500.0 pi_loss=-0.012 v_loss=5.095 ent=1.779 kl=0.0062
[upd  284 | steps  145408 | t   88.1s | sps  1650] ret_mean=180.000 ep_len=500.0 pi_loss=-0.010 v_loss=7.676 ent=1.598 kl=0.0072
[upd  285 | steps  145920 | t   88.3s | sps  1653] ret_mean=20.000 ep_len=500.0 pi_loss=-0.015 v_loss=2.000 ent=2.957 kl=0.0064
[upd  286 | steps  146432 | t   88.4s | sps  1656] ret_mean=111.500 ep_len=500.0 pi_loss=-0.007 v_loss=3.009 ent=1.796 kl=0.0089
[upd  287 | steps  146944 | t   88.6s | sps  1659] ret_mean=25.500 ep_len=500.0 pi_loss=-0.010 v_loss=1.381 ent=2.639 kl=0.0137
[upd  288 | steps  147456 | t   88.7s | sps  1662] ret_mean=8.500 ep_len=500.0 pi_loss=-0.011 v_loss=0.577 ent=2.380 kl=0.0160
[upd  289 | steps  147968 | t   88.9s | sps  1665] ret_mean=0.000 ep_len=500.0 pi_loss=-0.011 v_loss=0.827 ent=2.248 kl=0.0160
[upd  290 | steps  148480 | t   89.0s | sps  1668] ret_mean=35.500 ep_len=500.0 pi_loss=-0.008 v_loss=2.565 ent=1.905 kl=0.0003
[upd  291 | steps  148992 | t   89.2s | sps  1671] ret_mean=142.000 ep_len=500.0 pi_loss=-0.008 v_loss=5.406 ent=1.382 kl=0.0022
[upd  292 | steps  149504 | t   89.3s | sps  1674] ret_mean=74.500 ep_len=500.0 pi_loss=-0.011 v_loss=3.148 ent=2.252 kl=0.0041
[upd  293 | steps  150016 | t   89.5s | sps  1676] ret_mean=78.000 ep_len=500.0 pi_loss=-0.018 v_loss=1.007 ent=2.358 kl=0.0038
[upd  294 | steps  150528 | t   89.7s | sps  1678] ret_mean=0.000 ep_len=500.0 pi_loss=-0.014 v_loss=1.224 ent=3.070 kl=0.0156
[upd  295 | steps  151040 | t   89.9s | sps  1681] ret_mean=46.500 ep_len=500.0 pi_loss=-0.008 v_loss=1.707 ent=2.431 kl=0.0052
[upd  296 | steps  151552 | t   90.0s | sps  1683] ret_mean=75.500 ep_len=500.0 pi_loss=-0.005 v_loss=3.570 ent=1.970 kl=0.0023
[upd  297 | steps  152064 | t   90.2s | sps  1686] ret_mean=142.500 ep_len=500.0 pi_loss=-0.011 v_loss=4.068 ent=1.642 kl=0.0043
[upd  298 | steps  152576 | t   90.3s | sps  1689] ret_mean=109.500 ep_len=500.0 pi_loss=-0.015 v_loss=2.138 ent=2.344 kl=0.0135
[upd  299 | steps  153088 | t   90.5s | sps  1691] ret_mean=0.000 ep_len=500.0 pi_loss=-0.011 v_loss=0.940 ent=3.068 kl=0.0064
[upd  300 | steps  153600 | t   90.7s | sps  1694] ret_mean=69.500 ep_len=500.0 pi_loss=-0.008 v_loss=1.445 ent=2.594 kl=0.0125
        [eval] ret_mean=8.017 ep_len=500.0
