$ /Users/praneelkhiantani/Downloads/cs2860/.venv/bin/python3 -m policies.train --env rware-medium-2ag-easy-v2 --seed 2 --updates 200 --rollout 512 --eval-every 50 --eval-episodes 10 --log-dir matrix_results/intent_grounded_v1_pilot/rware-medium-2ag-easy-v2 --run-name mappo-intent-aux__dropout-only__d0__s2 --n-msg-tokens 8 --message-grounding rware-intent --message-grounding-coef 0.2 --dropout --dropout-agent 0 --dropout-time 100 --shape-rewards --pickup-bonus 0.5

[env] EnvSpec(env_id='rware-medium-2ag-easy-v2', n_agents=2, obs_dim=71, n_env_actions=5, noop_action=0, family='rware')  (n_msg_tokens=8)
[cfg] {'clip_range': 0.2, 'value_clip_range': 0.2, 'entropy_coef': 0.01, 'value_coef': 0.5, 'max_grad_norm': 0.5, 'gamma': 0.99, 'gae_lambda': 0.95, 'lr_actor': 0.0003, 'lr_critic': 0.001, 'update_epochs': 4, 'minibatches': 4, 'hidden': 128, 'depth': 2, 'device': 'cpu', 'message_grounding_coef': 0.2, 'extra': {}}
[log] writing to matrix_results/intent_grounded_v1_pilot/rware-medium-2ag-easy-v2/mappo-intent-aux__dropout-only__d0__s2
[upd    1 | steps     512 | t    0.7s | sps   738] ret_mean=0.000 ep_len=500.0 pi_loss=0.011 v_loss=0.055 ent=3.673 msg_acc=0.846 kl=0.0100
[upd    2 | steps    1024 | t    2.1s | sps   497] ret_mean=0.000 ep_len=500.0 pi_loss=0.017 v_loss=0.024 ent=3.543 msg_acc=0.807 kl=0.0329
[upd    3 | steps    1536 | t    3.1s | sps   498] ret_mean=0.000 ep_len=500.0 pi_loss=-0.008 v_loss=0.003 ent=3.577 msg_acc=0.599 kl=0.0116
[upd    4 | steps    2048 | t    4.2s | sps   492] ret_mean=0.000 ep_len=500.0 pi_loss=0.003 v_loss=0.005 ent=3.453 msg_acc=0.773 kl=0.0028
[upd    5 | steps    2560 | t    5.2s | sps   491] ret_mean=0.500 ep_len=500.0 pi_loss=0.002 v_loss=0.007 ent=3.362 msg_acc=0.661 kl=0.0196
[upd    6 | steps    3072 | t    6.0s | sps   516] ret_mean=1.500 ep_len=500.0 pi_loss=-0.010 v_loss=0.014 ent=3.345 msg_acc=0.413 kl=0.0213
[upd    7 | steps    3584 | t    6.7s | sps   534] ret_mean=0.000 ep_len=500.0 pi_loss=-0.004 v_loss=0.003 ent=3.114 msg_acc=0.714 kl=0.0061
[upd    8 | steps    4096 | t    7.4s | sps   552] ret_mean=0.000 ep_len=500.0 pi_loss=-0.002 v_loss=0.004 ent=3.348 msg_acc=0.781 kl=0.0172
[upd    9 | steps    4608 | t    8.2s | sps   564] ret_mean=0.000 ep_len=500.0 pi_loss=-0.007 v_loss=0.002 ent=3.170 msg_acc=0.887 kl=0.0146
[upd   10 | steps    5120 | t    8.9s | sps   572] ret_mean=0.000 ep_len=500.0 pi_loss=-0.014 v_loss=0.006 ent=2.758 msg_acc=0.668 kl=0.0210
[upd   11 | steps    5632 | t    9.7s | sps   581] ret_mean=0.000 ep_len=500.0 pi_loss=-0.007 v_loss=0.003 ent=2.742 msg_acc=0.583 kl=0.0122
[upd   12 | steps    6144 | t   10.6s | sps   579] ret_mean=0.000 ep_len=500.0 pi_loss=-0.002 v_loss=0.003 ent=2.663 msg_acc=0.719 kl=0.0034
[upd   13 | steps    6656 | t   11.7s | sps   569] ret_mean=0.000 ep_len=500.0 pi_loss=-0.013 v_loss=0.003 ent=2.748 msg_acc=0.754 kl=0.0135
[upd   14 | steps    7168 | t   12.6s | sps   568] ret_mean=0.000 ep_len=500.0 pi_loss=-0.012 v_loss=0.002 ent=2.397 msg_acc=0.858 kl=0.0124
[upd   15 | steps    7680 | t   13.3s | sps   577] ret_mean=0.000 ep_len=500.0 pi_loss=-0.006 v_loss=0.001 ent=2.604 msg_acc=0.695 kl=0.0233
[upd   16 | steps    8192 | t   14.0s | sps   585] ret_mean=0.000 ep_len=500.0 pi_loss=0.025 v_loss=0.001 ent=2.551 msg_acc=0.263 kl=0.0780
[upd   17 | steps    8704 | t   14.6s | sps   595] ret_mean=0.000 ep_len=500.0 pi_loss=-0.011 v_loss=0.001 ent=2.597 msg_acc=0.827 kl=0.0149
[upd   18 | steps    9216 | t   15.3s | sps   604] ret_mean=0.000 ep_len=500.0 pi_loss=-0.000 v_loss=0.001 ent=2.682 msg_acc=0.474 kl=0.0088
[upd   19 | steps    9728 | t   15.9s | sps   612] ret_mean=0.000 ep_len=500.0 pi_loss=0.004 v_loss=0.001 ent=2.571 msg_acc=0.473 kl=0.0300
[upd   20 | steps   10240 | t   16.6s | sps   617] ret_mean=0.000 ep_len=500.0 pi_loss=0.006 v_loss=0.001 ent=2.626 msg_acc=0.426 kl=0.0300
[upd   21 | steps   10752 | t   17.4s | sps   617] ret_mean=0.000 ep_len=500.0 pi_loss=0.015 v_loss=0.001 ent=2.543 msg_acc=0.263 kl=0.0575
[upd   22 | steps   11264 | t   18.1s | sps   623] ret_mean=1.500 ep_len=500.0 pi_loss=-0.003 v_loss=0.010 ent=2.735 msg_acc=0.386 kl=0.0221
[upd   23 | steps   11776 | t   18.7s | sps   629] ret_mean=0.000 ep_len=500.0 pi_loss=-0.008 v_loss=0.001 ent=2.669 msg_acc=0.659 kl=0.0049
[upd   24 | steps   12288 | t   19.3s | sps   636] ret_mean=0.000 ep_len=500.0 pi_loss=-0.006 v_loss=0.033 ent=2.549 msg_acc=0.784 kl=0.0217
[upd   25 | steps   12800 | t   19.9s | sps   642] ret_mean=3.000 ep_len=500.0 pi_loss=0.000 v_loss=0.004 ent=2.458 msg_acc=0.723 kl=0.0031
[upd   26 | steps   13312 | t   20.5s | sps   648] ret_mean=0.000 ep_len=500.0 pi_loss=-0.009 v_loss=0.008 ent=2.633 msg_acc=0.585 kl=0.0162
[upd   27 | steps   13824 | t   21.3s | sps   649] ret_mean=1.500 ep_len=500.0 pi_loss=-0.004 v_loss=0.001 ent=2.773 msg_acc=0.677 kl=0.0106
[upd   28 | steps   14336 | t   22.0s | sps   652] ret_mean=0.000 ep_len=500.0 pi_loss=0.011 v_loss=0.001 ent=2.880 msg_acc=0.388 kl=0.0178
[upd   29 | steps   14848 | t   22.9s | sps   648] ret_mean=0.500 ep_len=500.0 pi_loss=-0.002 v_loss=0.001 ent=2.691 msg_acc=0.714 kl=0.0198
[upd   30 | steps   15360 | t   23.6s | sps   650] ret_mean=0.000 ep_len=500.0 pi_loss=-0.002 v_loss=0.011 ent=2.497 msg_acc=0.706 kl=0.0101
[upd   31 | steps   15872 | t   24.3s | sps   654] ret_mean=2.000 ep_len=500.0 pi_loss=0.003 v_loss=0.001 ent=2.744 msg_acc=0.292 kl=0.0260
[upd   32 | steps   16384 | t   24.9s | sps   658] ret_mean=0.000 ep_len=500.0 pi_loss=-0.003 v_loss=0.001 ent=2.729 msg_acc=0.743 kl=0.0209
[upd   33 | steps   16896 | t   25.5s | sps   662] ret_mean=0.000 ep_len=500.0 pi_loss=-0.005 v_loss=0.001 ent=2.613 msg_acc=0.620 kl=0.0061
[upd   34 | steps   17408 | t   26.1s | sps   666] ret_mean=0.000 ep_len=500.0 pi_loss=-0.002 v_loss=0.002 ent=2.846 msg_acc=0.737 kl=0.0134
[upd   35 | steps   17920 | t   26.7s | sps   671] ret_mean=0.000 ep_len=500.0 pi_loss=0.007 v_loss=0.001 ent=2.920 msg_acc=0.497 kl=0.0148
[upd   36 | steps   18432 | t   27.3s | sps   674] ret_mean=0.000 ep_len=500.0 pi_loss=-0.008 v_loss=0.009 ent=2.706 msg_acc=0.492 kl=0.0134
[upd   37 | steps   18944 | t   28.2s | sps   672] ret_mean=1.000 ep_len=500.0 pi_loss=-0.003 v_loss=0.002 ent=2.639 msg_acc=0.763 kl=0.0064
[upd   38 | steps   19456 | t   28.8s | sps   675] ret_mean=0.000 ep_len=500.0 pi_loss=-0.004 v_loss=0.001 ent=2.279 msg_acc=0.849 kl=0.0023
[upd   39 | steps   19968 | t   29.4s | sps   678] ret_mean=0.000 ep_len=500.0 pi_loss=0.000 v_loss=0.001 ent=2.569 msg_acc=0.475 kl=0.0220
[upd   40 | steps   20480 | t   30.1s | sps   681] ret_mean=0.000 ep_len=500.0 pi_loss=0.000 v_loss=0.000 ent=2.522 msg_acc=0.680 kl=0.0093
[upd   41 | steps   20992 | t   30.7s | sps   684] ret_mean=0.000 ep_len=500.0 pi_loss=-0.000 v_loss=0.021 ent=2.862 msg_acc=0.385 kl=0.0212
[upd   42 | steps   21504 | t   31.3s | sps   687] ret_mean=1.250 ep_len=500.0 pi_loss=0.001 v_loss=0.008 ent=2.755 msg_acc=0.678 kl=0.0351
[upd   43 | steps   22016 | t   31.9s | sps   690] ret_mean=0.000 ep_len=500.0 pi_loss=-0.012 v_loss=0.001 ent=2.343 msg_acc=0.782 kl=0.0109
[upd   44 | steps   22528 | t   32.6s | sps   691] ret_mean=0.000 ep_len=500.0 pi_loss=-0.006 v_loss=0.002 ent=3.122 msg_acc=0.422 kl=0.0163
[upd   45 | steps   23040 | t   33.2s | sps   693] ret_mean=0.000 ep_len=500.0 pi_loss=-0.011 v_loss=0.001 ent=2.352 msg_acc=0.737 kl=0.0106
[upd   46 | steps   23552 | t   33.8s | sps   696] ret_mean=0.000 ep_len=500.0 pi_loss=-0.012 v_loss=0.001 ent=2.423 msg_acc=0.637 kl=0.0288
[upd   47 | steps   24064 | t   34.5s | sps   698] ret_mean=0.000 ep_len=500.0 pi_loss=-0.011 v_loss=0.001 ent=2.399 msg_acc=0.696 kl=-0.0016
[upd   48 | steps   24576 | t   35.1s | sps   701] ret_mean=0.000 ep_len=500.0 pi_loss=-0.001 v_loss=0.001 ent=2.481 msg_acc=0.552 kl=0.0005
[upd   49 | steps   25088 | t   35.7s | sps   703] ret_mean=0.000 ep_len=500.0 pi_loss=-0.000 v_loss=0.001 ent=2.662 msg_acc=0.507 kl=0.0231
[upd   50 | steps   25600 | t   36.5s | sps   701] ret_mean=0.000 ep_len=500.0 pi_loss=-0.008 v_loss=0.002 ent=2.284 msg_acc=0.777 kl=0.0072
        [eval] ret_mean=0.000 ep_len=500.0
[upd   51 | steps   26112 | t   46.0s | sps   568] ret_mean=0.500 ep_len=500.0 pi_loss=0.003 v_loss=0.003 ent=2.579 msg_acc=0.720 kl=0.0005
[upd   52 | steps   26624 | t   47.3s | sps   563] ret_mean=0.000 ep_len=500.0 pi_loss=-0.003 v_loss=0.002 ent=2.616 msg_acc=0.580 kl=0.0293
[upd   53 | steps   27136 | t   49.3s | sps   550] ret_mean=1.000 ep_len=500.0 pi_loss=-0.014 v_loss=0.002 ent=2.345 msg_acc=0.893 kl=0.0078
[upd   54 | steps   27648 | t   49.9s | sps   554] ret_mean=0.000 ep_len=500.0 pi_loss=-0.011 v_loss=0.001 ent=2.028 msg_acc=0.822 kl=0.0146
[upd   55 | steps   28160 | t   50.6s | sps   557] ret_mean=0.000 ep_len=500.0 pi_loss=-0.007 v_loss=0.002 ent=2.464 msg_acc=0.676 kl=0.0011
[upd   56 | steps   28672 | t   51.2s | sps   560] ret_mean=3.000 ep_len=500.0 pi_loss=0.000 v_loss=0.015 ent=3.006 msg_acc=0.359 kl=0.0107
[upd   57 | steps   29184 | t   51.8s | sps   563] ret_mean=0.000 ep_len=500.0 pi_loss=-0.007 v_loss=0.000 ent=2.066 msg_acc=0.836 kl=-0.0024
[upd   58 | steps   29696 | t   52.5s | sps   565] ret_mean=0.000 ep_len=500.0 pi_loss=0.010 v_loss=0.001 ent=2.941 msg_acc=0.473 kl=0.0336
[upd   59 | steps   30208 | t   53.2s | sps   568] ret_mean=0.000 ep_len=500.0 pi_loss=-0.011 v_loss=0.002 ent=2.299 msg_acc=0.667 kl=0.0018
[upd   60 | steps   30720 | t   53.9s | sps   570] ret_mean=0.500 ep_len=500.0 pi_loss=-0.009 v_loss=0.000 ent=2.411 msg_acc=0.816 kl=0.0073
[upd   61 | steps   31232 | t   54.6s | sps   572] ret_mean=0.000 ep_len=500.0 pi_loss=-0.001 v_loss=0.010 ent=2.666 msg_acc=0.508 kl=0.0140
[upd   62 | steps   31744 | t   55.2s | sps   575] ret_mean=1.500 ep_len=500.0 pi_loss=-0.006 v_loss=0.001 ent=2.006 msg_acc=0.799 kl=0.0165
[upd   63 | steps   32256 | t   56.1s | sps   575] ret_mean=0.000 ep_len=500.0 pi_loss=-0.010 v_loss=0.001 ent=2.197 msg_acc=0.765 kl=0.0128
[upd   64 | steps   32768 | t   56.7s | sps   578] ret_mean=0.000 ep_len=500.0 pi_loss=-0.017 v_loss=0.004 ent=2.694 msg_acc=0.761 kl=0.0067
[upd   65 | steps   33280 | t   57.7s | sps   576] ret_mean=1.000 ep_len=500.0 pi_loss=-0.005 v_loss=0.002 ent=2.195 msg_acc=0.733 kl=0.0151
[upd   66 | steps   33792 | t   58.4s | sps   578] ret_mean=0.000 ep_len=500.0 pi_loss=-0.007 v_loss=0.001 ent=1.962 msg_acc=0.763 kl=-0.0003
[upd   67 | steps   34304 | t   59.1s | sps   580] ret_mean=0.000 ep_len=500.0 pi_loss=-0.008 v_loss=0.001 ent=1.942 msg_acc=0.938 kl=0.0103
[upd   68 | steps   34816 | t   60.0s | sps   580] ret_mean=0.000 ep_len=500.0 pi_loss=-0.013 v_loss=0.002 ent=1.855 msg_acc=0.855 kl=0.0132
[upd   69 | steps   35328 | t   60.7s | sps   582] ret_mean=0.000 ep_len=500.0 pi_loss=-0.008 v_loss=0.001 ent=1.987 msg_acc=0.866 kl=0.0030
[upd   70 | steps   35840 | t   61.3s | sps   585] ret_mean=0.000 ep_len=500.0 pi_loss=-0.004 v_loss=0.000 ent=1.995 msg_acc=0.927 kl=0.0114
[upd   71 | steps   36352 | t   62.1s | sps   586] ret_mean=0.000 ep_len=500.0 pi_loss=-0.007 v_loss=0.001 ent=1.879 msg_acc=0.789 kl=0.0110
[upd   72 | steps   36864 | t   63.3s | sps   583] ret_mean=0.000 ep_len=500.0 pi_loss=-0.004 v_loss=0.001 ent=2.271 msg_acc=0.629 kl=0.0131
[upd   73 | steps   37376 | t   64.6s | sps   579] ret_mean=0.000 ep_len=500.0 pi_loss=-0.005 v_loss=0.001 ent=1.886 msg_acc=0.883 kl=0.0231
[upd   74 | steps   37888 | t   65.8s | sps   576] ret_mean=0.000 ep_len=500.0 pi_loss=-0.003 v_loss=0.000 ent=2.138 msg_acc=0.824 kl=0.0024
[upd   75 | steps   38400 | t   67.2s | sps   571] ret_mean=0.000 ep_len=500.0 pi_loss=-0.006 v_loss=0.000 ent=2.130 msg_acc=0.864 kl=0.0344
[upd   76 | steps   38912 | t   68.0s | sps   572] ret_mean=0.000 ep_len=500.0 pi_loss=-0.012 v_loss=0.000 ent=1.687 msg_acc=0.965 kl=0.0075
[upd   77 | steps   39424 | t   68.7s | sps   574] ret_mean=0.000 ep_len=500.0 pi_loss=-0.007 v_loss=0.000 ent=1.781 msg_acc=0.980 kl=0.0033
[upd   78 | steps   39936 | t   69.4s | sps   575] ret_mean=0.000 ep_len=500.0 pi_loss=-0.004 v_loss=0.001 ent=1.712 msg_acc=0.841 kl=0.0061
[upd   79 | steps   40448 | t   70.1s | sps   577] ret_mean=0.000 ep_len=500.0 pi_loss=0.011 v_loss=0.000 ent=2.293 msg_acc=0.418 kl=0.0362
[upd   80 | steps   40960 | t   71.0s | sps   577] ret_mean=1.500 ep_len=500.0 pi_loss=-0.005 v_loss=0.046 ent=2.035 msg_acc=0.723 kl=0.0144
[upd   81 | steps   41472 | t   71.8s | sps   578] ret_mean=3.500 ep_len=500.0 pi_loss=0.007 v_loss=0.002 ent=2.177 msg_acc=0.620 kl=0.0293
[upd   82 | steps   41984 | t   72.9s | sps   576] ret_mean=0.000 ep_len=500.0 pi_loss=-0.005 v_loss=0.001 ent=1.833 msg_acc=0.658 kl=0.0038
[upd   83 | steps   42496 | t   74.0s | sps   574] ret_mean=0.000 ep_len=500.0 pi_loss=-0.003 v_loss=0.001 ent=1.638 msg_acc=0.864 kl=0.0051
[upd   84 | steps   43008 | t   74.7s | sps   575] ret_mean=0.500 ep_len=500.0 pi_loss=-0.002 v_loss=0.001 ent=2.613 msg_acc=0.278 kl=0.0053
[upd   85 | steps   43520 | t   75.5s | sps   576] ret_mean=0.000 ep_len=500.0 pi_loss=-0.007 v_loss=0.001 ent=2.653 msg_acc=0.545 kl=-0.0021
[upd   86 | steps   44032 | t   76.4s | sps   576] ret_mean=0.000 ep_len=500.0 pi_loss=-0.015 v_loss=0.001 ent=1.882 msg_acc=0.893 kl=0.0177
[upd   87 | steps   44544 | t   77.3s | sps   576] ret_mean=0.000 ep_len=500.0 pi_loss=-0.009 v_loss=0.010 ent=2.427 msg_acc=0.594 kl=0.0092
[upd   88 | steps   45056 | t   78.1s | sps   577] ret_mean=1.500 ep_len=500.0 pi_loss=-0.008 v_loss=0.021 ent=1.738 msg_acc=0.843 kl=-0.0017
[upd   89 | steps   45568 | t   79.3s | sps   575] ret_mean=2.000 ep_len=500.0 pi_loss=-0.006 v_loss=0.001 ent=1.761 msg_acc=0.866 kl=0.0050
[upd   90 | steps   46080 | t   80.1s | sps   576] ret_mean=0.000 ep_len=500.0 pi_loss=-0.009 v_loss=0.018 ent=1.953 msg_acc=0.775 kl=0.0046
[upd   91 | steps   46592 | t   80.8s | sps   576] ret_mean=2.000 ep_len=500.0 pi_loss=-0.001 v_loss=0.001 ent=2.375 msg_acc=0.767 kl=0.0168
[upd   92 | steps   47104 | t   81.7s | sps   576] ret_mean=0.000 ep_len=500.0 pi_loss=-0.006 v_loss=0.000 ent=2.295 msg_acc=0.461 kl=0.0096
[upd   93 | steps   47616 | t   82.9s | sps   574] ret_mean=5.500 ep_len=500.0 pi_loss=-0.006 v_loss=0.078 ent=2.231 msg_acc=0.789 kl=0.0089
[upd   94 | steps   48128 | t   84.2s | sps   572] ret_mean=0.000 ep_len=500.0 pi_loss=-0.008 v_loss=0.002 ent=1.812 msg_acc=0.886 kl=0.0009
[upd   95 | steps   48640 | t   85.0s | sps   572] ret_mean=1.000 ep_len=500.0 pi_loss=-0.010 v_loss=0.001 ent=1.761 msg_acc=0.856 kl=0.0096
[upd   96 | steps   49152 | t   85.7s | sps   574] ret_mean=0.000 ep_len=500.0 pi_loss=-0.009 v_loss=0.000 ent=1.666 msg_acc=0.893 kl=0.0052
[upd   97 | steps   49664 | t   86.4s | sps   575] ret_mean=0.000 ep_len=500.0 pi_loss=-0.012 v_loss=0.000 ent=1.858 msg_acc=0.681 kl=0.0088
[upd   98 | steps   50176 | t   87.1s | sps   576] ret_mean=0.000 ep_len=500.0 pi_loss=-0.008 v_loss=0.001 ent=2.512 msg_acc=0.474 kl=0.0057
[upd   99 | steps   50688 | t   87.8s | sps   577] ret_mean=0.000 ep_len=500.0 pi_loss=-0.016 v_loss=0.000 ent=2.309 msg_acc=0.606 kl=0.0110
[upd  100 | steps   51200 | t   88.9s | sps   576] ret_mean=0.000 ep_len=500.0 pi_loss=-0.007 v_loss=0.001 ent=2.473 msg_acc=0.551 kl=0.0217
        [eval] ret_mean=0.000 ep_len=500.0
[upd  101 | steps   51712 | t   95.4s | sps   542] ret_mean=0.000 ep_len=500.0 pi_loss=-0.011 v_loss=0.002 ent=1.799 msg_acc=0.832 kl=0.0031
[upd  102 | steps   52224 | t   96.0s | sps   544] ret_mean=0.500 ep_len=500.0 pi_loss=-0.015 v_loss=0.000 ent=1.824 msg_acc=0.828 kl=0.0103
[upd  103 | steps   52736 | t   96.7s | sps   546] ret_mean=0.000 ep_len=500.0 pi_loss=-0.006 v_loss=0.000 ent=1.598 msg_acc=0.907 kl=0.0039
[upd  104 | steps   53248 | t   97.3s | sps   547] ret_mean=0.000 ep_len=500.0 pi_loss=-0.012 v_loss=0.006 ent=1.513 msg_acc=0.893 kl=-0.0020
[upd  105 | steps   53760 | t   97.9s | sps   549] ret_mean=3.000 ep_len=500.0 pi_loss=-0.015 v_loss=0.024 ent=2.418 msg_acc=0.615 kl=0.0128
[upd  106 | steps   54272 | t   98.5s | sps   551] ret_mean=0.000 ep_len=500.0 pi_loss=-0.013 v_loss=0.001 ent=1.669 msg_acc=0.854 kl=0.0138
[upd  107 | steps   54784 | t   99.3s | sps   552] ret_mean=0.000 ep_len=500.0 pi_loss=-0.012 v_loss=0.002 ent=1.630 msg_acc=0.825 kl=0.0109
[upd  108 | steps   55296 | t  100.1s | sps   553] ret_mean=0.500 ep_len=500.0 pi_loss=-0.017 v_loss=0.000 ent=1.769 msg_acc=0.756 kl=0.0243
[upd  109 | steps   55808 | t  100.9s | sps   553] ret_mean=0.000 ep_len=500.0 pi_loss=-0.008 v_loss=0.001 ent=1.980 msg_acc=0.763 kl=0.0051
[upd  110 | steps   56320 | t  101.6s | sps   554] ret_mean=0.000 ep_len=500.0 pi_loss=-0.008 v_loss=0.001 ent=1.983 msg_acc=0.814 kl=-0.0016
[upd  111 | steps   56832 | t  102.3s | sps   555] ret_mean=0.000 ep_len=500.0 pi_loss=-0.005 v_loss=0.001 ent=2.603 msg_acc=0.742 kl=0.0138
[upd  112 | steps   57344 | t  103.0s | sps   557] ret_mean=0.000 ep_len=500.0 pi_loss=-0.009 v_loss=0.000 ent=2.254 msg_acc=0.590 kl=0.0149
[upd  113 | steps   57856 | t  103.8s | sps   557] ret_mean=0.500 ep_len=500.0 pi_loss=-0.007 v_loss=0.002 ent=2.552 msg_acc=0.454 kl=0.0150
[upd  114 | steps   58368 | t  104.6s | sps   558] ret_mean=0.000 ep_len=500.0 pi_loss=-0.009 v_loss=0.000 ent=1.577 msg_acc=0.919 kl=0.0124
[upd  115 | steps   58880 | t  105.4s | sps   559] ret_mean=0.000 ep_len=500.0 pi_loss=-0.005 v_loss=0.000 ent=2.082 msg_acc=0.562 kl=0.0069
[upd  116 | steps   59392 | t  106.2s | sps   560] ret_mean=0.500 ep_len=500.0 pi_loss=0.000 v_loss=0.002 ent=2.301 msg_acc=0.607 kl=0.0066
[upd  117 | steps   59904 | t  107.1s | sps   560] ret_mean=0.000 ep_len=500.0 pi_loss=-0.008 v_loss=0.001 ent=1.806 msg_acc=0.855 kl=0.0035
[upd  118 | steps   60416 | t  108.0s | sps   560] ret_mean=0.000 ep_len=500.0 pi_loss=-0.008 v_loss=0.001 ent=2.101 msg_acc=0.720 kl=0.0168
[upd  119 | steps   60928 | t  108.7s | sps   560] ret_mean=2.500 ep_len=500.0 pi_loss=-0.003 v_loss=0.017 ent=2.649 msg_acc=0.524 kl=0.0183
[upd  120 | steps   61440 | t  109.4s | sps   562] ret_mean=0.000 ep_len=500.0 pi_loss=-0.012 v_loss=0.001 ent=1.766 msg_acc=0.879 kl=0.0171
[upd  121 | steps   61952 | t  110.0s | sps   563] ret_mean=0.000 ep_len=500.0 pi_loss=-0.007 v_loss=0.001 ent=2.275 msg_acc=0.539 kl=0.0029
[upd  122 | steps   62464 | t  110.7s | sps   564] ret_mean=0.000 ep_len=500.0 pi_loss=-0.006 v_loss=0.000 ent=2.152 msg_acc=0.534 kl=0.0057
[upd  123 | steps   62976 | t  111.4s | sps   565] ret_mean=0.500 ep_len=500.0 pi_loss=-0.002 v_loss=0.002 ent=2.379 msg_acc=0.621 kl=0.0124
[upd  124 | steps   63488 | t  112.1s | sps   566] ret_mean=0.000 ep_len=500.0 pi_loss=-0.005 v_loss=0.000 ent=2.519 msg_acc=0.506 kl=0.0082
[upd  125 | steps   64000 | t  112.9s | sps   567] ret_mean=0.000 ep_len=500.0 pi_loss=0.000 v_loss=0.000 ent=2.029 msg_acc=0.721 kl=0.0191
[upd  126 | steps   64512 | t  113.6s | sps   568] ret_mean=0.500 ep_len=500.0 pi_loss=-0.008 v_loss=0.003 ent=1.469 msg_acc=0.879 kl=-0.0014
[upd  127 | steps   65024 | t  114.4s | sps   568] ret_mean=0.500 ep_len=500.0 pi_loss=-0.005 v_loss=0.000 ent=1.393 msg_acc=0.884 kl=0.0081
[upd  128 | steps   65536 | t  115.3s | sps   568] ret_mean=0.000 ep_len=500.0 pi_loss=-0.010 v_loss=0.000 ent=1.718 msg_acc=0.897 kl=0.0082
[upd  129 | steps   66048 | t  116.1s | sps   569] ret_mean=0.000 ep_len=500.0 pi_loss=-0.009 v_loss=0.002 ent=1.986 msg_acc=0.668 kl=0.0045
[upd  130 | steps   66560 | t  117.0s | sps   569] ret_mean=0.500 ep_len=500.0 pi_loss=-0.008 v_loss=0.000 ent=1.456 msg_acc=0.676 kl=0.0050
[upd  131 | steps   67072 | t  118.4s | sps   566] ret_mean=0.000 ep_len=500.0 pi_loss=-0.005 v_loss=0.001 ent=2.076 msg_acc=0.889 kl=0.0220
[upd  132 | steps   67584 | t  120.2s | sps   562] ret_mean=0.000 ep_len=500.0 pi_loss=-0.004 v_loss=0.000 ent=1.879 msg_acc=0.791 kl=0.0047
[upd  133 | steps   68096 | t  121.9s | sps   559] ret_mean=0.000 ep_len=500.0 pi_loss=-0.004 v_loss=0.000 ent=1.797 msg_acc=0.562 kl=-0.0028
[upd  134 | steps   68608 | t  123.0s | sps   558] ret_mean=0.000 ep_len=500.0 pi_loss=-0.005 v_loss=0.000 ent=1.516 msg_acc=0.720 kl=0.0128
[upd  135 | steps   69120 | t  123.7s | sps   559] ret_mean=0.000 ep_len=500.0 pi_loss=-0.002 v_loss=0.000 ent=2.073 msg_acc=0.498 kl=0.0164
[upd  136 | steps   69632 | t  124.4s | sps   560] ret_mean=0.000 ep_len=500.0 pi_loss=-0.006 v_loss=0.000 ent=1.713 msg_acc=0.664 kl=0.0276
[upd  137 | steps   70144 | t  125.1s | sps   561] ret_mean=0.000 ep_len=500.0 pi_loss=-0.009 v_loss=0.000 ent=1.373 msg_acc=0.807 kl=0.0055
[upd  138 | steps   70656 | t  127.3s | sps   555] ret_mean=0.000 ep_len=500.0 pi_loss=-0.008 v_loss=0.000 ent=1.301 msg_acc=0.947 kl=0.0121
[upd  139 | steps   71168 | t  128.1s | sps   556] ret_mean=0.000 ep_len=500.0 pi_loss=0.003 v_loss=0.002 ent=2.119 msg_acc=0.884 kl=0.0115
[upd  140 | steps   71680 | t  128.9s | sps   556] ret_mean=3.000 ep_len=500.0 pi_loss=-0.007 v_loss=0.019 ent=1.134 msg_acc=0.959 kl=0.0031
[upd  141 | steps   72192 | t  129.6s | sps   557] ret_mean=0.000 ep_len=500.0 pi_loss=-0.008 v_loss=0.000 ent=1.162 msg_acc=0.908 kl=0.0081
[upd  142 | steps   72704 | t  130.3s | sps   558] ret_mean=0.000 ep_len=500.0 pi_loss=-0.004 v_loss=0.000 ent=0.882 msg_acc=0.887 kl=0.0047
[upd  143 | steps   73216 | t  131.1s | sps   559] ret_mean=0.000 ep_len=500.0 pi_loss=0.008 v_loss=0.000 ent=1.974 msg_acc=0.444 kl=0.0235
[upd  144 | steps   73728 | t  132.1s | sps   558] ret_mean=0.000 ep_len=500.0 pi_loss=-0.008 v_loss=0.001 ent=0.865 msg_acc=0.964 kl=0.0095
[upd  145 | steps   74240 | t  132.8s | sps   559] ret_mean=0.000 ep_len=500.0 pi_loss=-0.002 v_loss=0.001 ent=2.422 msg_acc=0.871 kl=0.0160
[upd  146 | steps   74752 | t  133.6s | sps   560] ret_mean=2.500 ep_len=500.0 pi_loss=-0.007 v_loss=0.035 ent=2.232 msg_acc=0.693 kl=0.0084
[upd  147 | steps   75264 | t  134.5s | sps   560] ret_mean=0.000 ep_len=500.0 pi_loss=-0.005 v_loss=0.001 ent=1.508 msg_acc=0.790 kl=0.0012
[upd  148 | steps   75776 | t  135.3s | sps   560] ret_mean=0.000 ep_len=500.0 pi_loss=-0.007 v_loss=0.001 ent=1.993 msg_acc=0.680 kl=0.0106
[upd  149 | steps   76288 | t  136.1s | sps   560] ret_mean=0.000 ep_len=500.0 pi_loss=-0.005 v_loss=0.000 ent=1.511 msg_acc=0.855 kl=0.0033
[upd  150 | steps   76800 | t  137.1s | sps   560] ret_mean=0.000 ep_len=500.0 pi_loss=0.004 v_loss=0.001 ent=2.170 msg_acc=0.412 kl=0.0155
        [eval] ret_mean=0.000 ep_len=500.0
[upd  151 | steps   77312 | t  143.9s | sps   537] ret_mean=0.500 ep_len=500.0 pi_loss=-0.008 v_loss=0.002 ent=2.265 msg_acc=0.597 kl=0.0063
[upd  152 | steps   77824 | t  144.7s | sps   538] ret_mean=0.000 ep_len=500.0 pi_loss=-0.005 v_loss=0.000 ent=1.785 msg_acc=0.733 kl=0.0018
[upd  153 | steps   78336 | t  145.4s | sps   539] ret_mean=0.000 ep_len=500.0 pi_loss=-0.008 v_loss=0.000 ent=1.057 msg_acc=0.826 kl=-0.0022
[upd  154 | steps   78848 | t  146.4s | sps   539] ret_mean=0.000 ep_len=500.0 pi_loss=-0.012 v_loss=0.000 ent=1.222 msg_acc=0.793 kl=0.0017
[upd  155 | steps   79360 | t  147.1s | sps   540] ret_mean=0.000 ep_len=500.0 pi_loss=-0.011 v_loss=0.003 ent=1.184 msg_acc=0.845 kl=0.0100
[upd  156 | steps   79872 | t  147.8s | sps   540] ret_mean=3.500 ep_len=500.0 pi_loss=-0.002 v_loss=0.061 ent=1.698 msg_acc=0.557 kl=0.0559
[upd  157 | steps   80384 | t  148.5s | sps   541] ret_mean=3.000 ep_len=500.0 pi_loss=-0.004 v_loss=0.002 ent=1.769 msg_acc=0.859 kl=0.0068
[upd  158 | steps   80896 | t  149.7s | sps   540] ret_mean=0.000 ep_len=500.0 pi_loss=-0.003 v_loss=0.001 ent=1.763 msg_acc=0.839 kl=0.0094
[upd  159 | steps   81408 | t  150.6s | sps   541] ret_mean=0.000 ep_len=500.0 pi_loss=-0.015 v_loss=0.002 ent=1.874 msg_acc=0.762 kl=0.0099
[upd  160 | steps   81920 | t  151.5s | sps   541] ret_mean=0.000 ep_len=500.0 pi_loss=-0.003 v_loss=0.006 ent=2.431 msg_acc=0.717 kl=0.0181
[upd  161 | steps   82432 | t  152.4s | sps   541] ret_mean=0.000 ep_len=500.0 pi_loss=-0.007 v_loss=0.006 ent=2.055 msg_acc=0.715 kl=0.0112
[upd  162 | steps   82944 | t  153.2s | sps   542] ret_mean=0.000 ep_len=500.0 pi_loss=0.007 v_loss=0.001 ent=2.649 msg_acc=0.606 kl=0.0219
[upd  163 | steps   83456 | t  153.9s | sps   542] ret_mean=1.000 ep_len=500.0 pi_loss=-0.008 v_loss=0.007 ent=1.611 msg_acc=0.915 kl=0.0060
[upd  164 | steps   83968 | t  154.7s | sps   543] ret_mean=0.000 ep_len=500.0 pi_loss=-0.005 v_loss=0.001 ent=1.390 msg_acc=0.847 kl=0.0041
[upd  165 | steps   84480 | t  155.5s | sps   543] ret_mean=0.000 ep_len=500.0 pi_loss=-0.007 v_loss=0.002 ent=1.303 msg_acc=0.707 kl=0.0173
[upd  166 | steps   84992 | t  156.7s | sps   542] ret_mean=0.000 ep_len=500.0 pi_loss=-0.003 v_loss=0.002 ent=1.191 msg_acc=0.623 kl=0.0031
[upd  167 | steps   85504 | t  157.7s | sps   542] ret_mean=0.500 ep_len=500.0 pi_loss=0.023 v_loss=0.047 ent=2.178 msg_acc=0.338 kl=0.1306
[upd  168 | steps   86016 | t  158.5s | sps   543] ret_mean=4.000 ep_len=500.0 pi_loss=0.000 v_loss=0.004 ent=2.130 msg_acc=0.524 kl=0.0038
[upd  169 | steps   86528 | t  159.2s | sps   544] ret_mean=0.000 ep_len=500.0 pi_loss=-0.001 v_loss=0.003 ent=2.063 msg_acc=0.676 kl=0.0075
[upd  170 | steps   87040 | t  159.9s | sps   544] ret_mean=0.000 ep_len=500.0 pi_loss=-0.007 v_loss=0.001 ent=1.585 msg_acc=0.874 kl=0.0014
[upd  171 | steps   87552 | t  160.6s | sps   545] ret_mean=0.000 ep_len=500.0 pi_loss=-0.008 v_loss=0.002 ent=1.903 msg_acc=0.781 kl=0.0061
[upd  172 | steps   88064 | t  161.3s | sps   546] ret_mean=0.000 ep_len=500.0 pi_loss=-0.002 v_loss=0.000 ent=1.722 msg_acc=0.978 kl=0.0038
[upd  173 | steps   88576 | t  162.1s | sps   546] ret_mean=0.000 ep_len=500.0 pi_loss=0.000 v_loss=0.001 ent=2.146 msg_acc=0.560 kl=0.0201
[upd  174 | steps   89088 | t  162.9s | sps   547] ret_mean=0.000 ep_len=500.0 pi_loss=0.006 v_loss=0.001 ent=2.403 msg_acc=0.573 kl=0.0077
[upd  175 | steps   89600 | t  163.6s | sps   548] ret_mean=0.000 ep_len=500.0 pi_loss=0.006 v_loss=0.001 ent=2.169 msg_acc=0.448 kl=0.0065
[upd  176 | steps   90112 | t  164.4s | sps   548] ret_mean=0.000 ep_len=500.0 pi_loss=-0.005 v_loss=0.014 ent=2.259 msg_acc=0.622 kl=0.0042
[upd  177 | steps   90624 | t  165.1s | sps   549] ret_mean=1.500 ep_len=500.0 pi_loss=-0.007 v_loss=0.001 ent=2.113 msg_acc=0.527 kl=0.0170
[upd  178 | steps   91136 | t  165.8s | sps   550] ret_mean=0.000 ep_len=500.0 pi_loss=-0.008 v_loss=0.000 ent=1.827 msg_acc=0.689 kl=0.0077
[upd  179 | steps   91648 | t  166.6s | sps   550] ret_mean=0.000 ep_len=500.0 pi_loss=-0.002 v_loss=0.000 ent=2.075 msg_acc=0.406 kl=0.0126
[upd  180 | steps   92160 | t  167.5s | sps   550] ret_mean=0.000 ep_len=500.0 pi_loss=-0.007 v_loss=0.371 ent=2.285 msg_acc=0.498 kl=0.0098
[upd  181 | steps   92672 | t  168.2s | sps   551] ret_mean=17.000 ep_len=500.0 pi_loss=-0.002 v_loss=0.001 ent=2.294 msg_acc=0.687 kl=0.0061
[upd  182 | steps   93184 | t  169.0s | sps   552] ret_mean=1.500 ep_len=500.0 pi_loss=-0.011 v_loss=0.011 ent=2.267 msg_acc=0.679 kl=0.0155
[upd  183 | steps   93696 | t  169.7s | sps   552] ret_mean=0.000 ep_len=500.0 pi_loss=-0.005 v_loss=0.001 ent=1.987 msg_acc=0.717 kl=0.0047
[upd  184 | steps   94208 | t  170.4s | sps   553] ret_mean=0.000 ep_len=500.0 pi_loss=-0.013 v_loss=0.015 ent=2.034 msg_acc=0.597 kl=0.0064
[upd  185 | steps   94720 | t  171.1s | sps   554] ret_mean=2.500 ep_len=500.0 pi_loss=0.007 v_loss=0.001 ent=2.557 msg_acc=0.286 kl=0.0242
[upd  186 | steps   95232 | t  171.8s | sps   554] ret_mean=0.000 ep_len=500.0 pi_loss=-0.009 v_loss=0.001 ent=1.949 msg_acc=0.624 kl=0.0054
[upd  187 | steps   95744 | t  172.6s | sps   555] ret_mean=0.500 ep_len=500.0 pi_loss=-0.007 v_loss=0.000 ent=2.475 msg_acc=0.435 kl=0.0247
[upd  188 | steps   96256 | t  173.3s | sps   555] ret_mean=0.000 ep_len=500.0 pi_loss=-0.002 v_loss=0.000 ent=2.553 msg_acc=0.154 kl=0.0182
[upd  189 | steps   96768 | t  174.0s | sps   556] ret_mean=0.000 ep_len=500.0 pi_loss=-0.005 v_loss=0.000 ent=1.541 msg_acc=0.755 kl=0.0033
[upd  190 | steps   97280 | t  174.7s | sps   557] ret_mean=0.000 ep_len=500.0 pi_loss=-0.006 v_loss=0.095 ent=1.762 msg_acc=0.641 kl=0.0202
[upd  191 | steps   97792 | t  175.4s | sps   558] ret_mean=5.500 ep_len=500.0 pi_loss=-0.007 v_loss=0.001 ent=1.214 msg_acc=0.871 kl=0.0030
[upd  192 | steps   98304 | t  176.1s | sps   558] ret_mean=0.000 ep_len=500.0 pi_loss=-0.003 v_loss=0.000 ent=1.037 msg_acc=0.903 kl=0.0028
[upd  193 | steps   98816 | t  176.8s | sps   559] ret_mean=0.000 ep_len=500.0 pi_loss=-0.008 v_loss=0.000 ent=2.344 msg_acc=0.514 kl=0.0106
[upd  194 | steps   99328 | t  177.5s | sps   560] ret_mean=8.000 ep_len=500.0 pi_loss=-0.008 v_loss=0.208 ent=2.171 msg_acc=0.543 kl=0.0034
[upd  195 | steps   99840 | t  178.2s | sps   560] ret_mean=0.000 ep_len=500.0 pi_loss=-0.010 v_loss=0.001 ent=1.832 msg_acc=0.842 kl=0.0084
[upd  196 | steps  100352 | t  179.0s | sps   561] ret_mean=0.500 ep_len=500.0 pi_loss=-0.005 v_loss=0.002 ent=2.263 msg_acc=0.788 kl=0.0232
[upd  197 | steps  100864 | t  179.8s | sps   561] ret_mean=0.000 ep_len=500.0 pi_loss=0.012 v_loss=0.000 ent=2.343 msg_acc=0.255 kl=0.0108
[upd  198 | steps  101376 | t  180.6s | sps   561] ret_mean=1.500 ep_len=500.0 pi_loss=-0.005 v_loss=0.009 ent=2.185 msg_acc=0.381 kl=0.0163
[upd  199 | steps  101888 | t  181.4s | sps   562] ret_mean=0.000 ep_len=500.0 pi_loss=-0.012 v_loss=0.025 ent=0.915 msg_acc=0.840 kl=0.0025
[upd  200 | steps  102400 | t  182.2s | sps   562] ret_mean=2.500 ep_len=500.0 pi_loss=0.002 v_loss=0.001 ent=2.073 msg_acc=0.774 kl=0.0177
        [eval] ret_mean=12.500 ep_len=500.0
