$ /Users/praneelkhiantani/Downloads/cs2860/.venv/bin/python3 -m policies.train --env rware-small-2ag-easy-v2 --seed 0 --updates 200 --rollout 512 --eval-every 50 --eval-episodes 10 --log-dir matrix_results/intent_grounded_v1_pilot/rware-small-2ag-easy-v2 --run-name mappo-comm__dropout-only__d0__s0 --n-msg-tokens 8 --dropout --dropout-agent 0 --dropout-time 100 --shape-rewards --pickup-bonus 0.5

[env] EnvSpec(env_id='rware-small-2ag-easy-v2', n_agents=2, obs_dim=71, n_env_actions=5, noop_action=0, family='rware')  (n_msg_tokens=8)
[cfg] {'clip_range': 0.2, 'value_clip_range': 0.2, 'entropy_coef': 0.01, 'value_coef': 0.5, 'max_grad_norm': 0.5, 'gamma': 0.99, 'gae_lambda': 0.95, 'lr_actor': 0.0003, 'lr_critic': 0.001, 'update_epochs': 4, 'minibatches': 4, 'hidden': 128, 'depth': 2, 'device': 'cpu', 'message_grounding_coef': 0.0, 'extra': {}}
[log] writing to matrix_results/intent_grounded_v1_pilot/rware-small-2ag-easy-v2/mappo-comm__dropout-only__d0__s0
[upd    1 | steps     512 | t    1.1s | sps   455] ret_mean=0.000 ep_len=500.0 pi_loss=-0.016 v_loss=0.038 ent=3.681 msg_acc=0.000 kl=0.0109
[upd    2 | steps    1024 | t    1.8s | sps   573] ret_mean=0.000 ep_len=500.0 pi_loss=-0.015 v_loss=0.019 ent=3.667 msg_acc=0.000 kl=0.0213
[upd    3 | steps    1536 | t    2.5s | sps   624] ret_mean=0.000 ep_len=500.0 pi_loss=-0.008 v_loss=0.008 ent=3.678 msg_acc=0.000 kl=0.0010
[upd    4 | steps    2048 | t    3.1s | sps   657] ret_mean=0.000 ep_len=500.0 pi_loss=-0.010 v_loss=0.005 ent=3.681 msg_acc=0.000 kl=0.0041
[upd    5 | steps    2560 | t    4.0s | sps   642] ret_mean=0.000 ep_len=500.0 pi_loss=-0.008 v_loss=0.005 ent=3.660 msg_acc=0.000 kl=-0.0024
[upd    6 | steps    3072 | t    5.4s | sps   569] ret_mean=0.500 ep_len=500.0 pi_loss=-0.011 v_loss=0.003 ent=3.655 msg_acc=0.000 kl=0.0072
[upd    7 | steps    3584 | t    7.0s | sps   512] ret_mean=0.000 ep_len=500.0 pi_loss=-0.009 v_loss=0.002 ent=3.593 msg_acc=0.000 kl=0.0070
[upd    8 | steps    4096 | t    8.7s | sps   473] ret_mean=0.000 ep_len=500.0 pi_loss=-0.009 v_loss=0.002 ent=3.635 msg_acc=0.000 kl=0.0036
[upd    9 | steps    4608 | t   10.1s | sps   455] ret_mean=0.000 ep_len=500.0 pi_loss=-0.014 v_loss=0.004 ent=3.644 msg_acc=0.000 kl=0.0009
[upd   10 | steps    5120 | t   12.3s | sps   416] ret_mean=0.500 ep_len=500.0 pi_loss=-0.012 v_loss=0.002 ent=3.615 msg_acc=0.000 kl=0.0054
[upd   11 | steps    5632 | t   14.4s | sps   391] ret_mean=0.000 ep_len=500.0 pi_loss=-0.017 v_loss=0.010 ent=3.571 msg_acc=0.000 kl=0.0024
[upd   12 | steps    6144 | t   17.5s | sps   350] ret_mean=1.000 ep_len=500.0 pi_loss=-0.014 v_loss=0.003 ent=3.642 msg_acc=0.000 kl=0.0061
[upd   13 | steps    6656 | t   18.7s | sps   355] ret_mean=0.500 ep_len=500.0 pi_loss=-0.013 v_loss=0.003 ent=3.580 msg_acc=0.000 kl=0.0117
[upd   14 | steps    7168 | t   20.2s | sps   355] ret_mean=0.000 ep_len=500.0 pi_loss=-0.012 v_loss=0.001 ent=3.556 msg_acc=0.000 kl=0.0131
[upd   15 | steps    7680 | t   21.1s | sps   363] ret_mean=1.000 ep_len=500.0 pi_loss=-0.007 v_loss=0.004 ent=3.555 msg_acc=0.000 kl=0.0069
[upd   16 | steps    8192 | t   22.1s | sps   372] ret_mean=0.000 ep_len=500.0 pi_loss=-0.012 v_loss=0.001 ent=3.579 msg_acc=0.000 kl=-0.0013
[upd   17 | steps    8704 | t   22.9s | sps   380] ret_mean=0.000 ep_len=500.0 pi_loss=-0.010 v_loss=0.001 ent=3.508 msg_acc=0.000 kl=0.0070
[upd   18 | steps    9216 | t   23.6s | sps   390] ret_mean=0.000 ep_len=500.0 pi_loss=-0.014 v_loss=0.001 ent=3.431 msg_acc=0.000 kl=0.0088
[upd   19 | steps    9728 | t   24.5s | sps   397] ret_mean=0.000 ep_len=500.0 pi_loss=-0.016 v_loss=0.006 ent=3.527 msg_acc=0.000 kl=0.0001
[upd   20 | steps   10240 | t   25.3s | sps   404] ret_mean=1.500 ep_len=500.0 pi_loss=-0.009 v_loss=0.001 ent=3.561 msg_acc=0.000 kl=-0.0018
[upd   21 | steps   10752 | t   26.0s | sps   413] ret_mean=0.000 ep_len=500.0 pi_loss=-0.011 v_loss=0.001 ent=3.524 msg_acc=0.000 kl=0.0077
[upd   22 | steps   11264 | t   26.9s | sps   419] ret_mean=0.000 ep_len=500.0 pi_loss=-0.007 v_loss=0.001 ent=3.499 msg_acc=0.000 kl=0.0014
[upd   23 | steps   11776 | t   27.6s | sps   426] ret_mean=0.000 ep_len=500.0 pi_loss=-0.010 v_loss=0.001 ent=3.537 msg_acc=0.000 kl=0.0035
[upd   24 | steps   12288 | t   28.3s | sps   434] ret_mean=0.000 ep_len=500.0 pi_loss=-0.012 v_loss=0.001 ent=3.437 msg_acc=0.000 kl=0.0087
[upd   25 | steps   12800 | t   29.1s | sps   440] ret_mean=0.000 ep_len=500.0 pi_loss=-0.012 v_loss=0.001 ent=3.454 msg_acc=0.000 kl=0.0017
[upd   26 | steps   13312 | t   29.9s | sps   445] ret_mean=0.000 ep_len=500.0 pi_loss=-0.010 v_loss=0.000 ent=3.452 msg_acc=0.000 kl=0.0116
[upd   27 | steps   13824 | t   30.6s | sps   452] ret_mean=0.000 ep_len=500.0 pi_loss=-0.009 v_loss=0.003 ent=3.587 msg_acc=0.000 kl=-0.0001
[upd   28 | steps   14336 | t   31.2s | sps   459] ret_mean=1.000 ep_len=500.0 pi_loss=-0.010 v_loss=0.003 ent=3.572 msg_acc=0.000 kl=0.0017
[upd   29 | steps   14848 | t   31.9s | sps   465] ret_mean=2.500 ep_len=500.0 pi_loss=-0.010 v_loss=0.010 ent=3.567 msg_acc=0.000 kl=0.0017
[upd   30 | steps   15360 | t   32.6s | sps   472] ret_mean=0.000 ep_len=500.0 pi_loss=-0.009 v_loss=0.001 ent=3.523 msg_acc=0.000 kl=0.0057
[upd   31 | steps   15872 | t   33.2s | sps   478] ret_mean=0.000 ep_len=500.0 pi_loss=-0.011 v_loss=0.001 ent=3.515 msg_acc=0.000 kl=0.0004
[upd   32 | steps   16384 | t   33.9s | sps   483] ret_mean=0.000 ep_len=500.0 pi_loss=-0.005 v_loss=0.002 ent=3.399 msg_acc=0.000 kl=0.0063
[upd   33 | steps   16896 | t   34.6s | sps   488] ret_mean=0.500 ep_len=500.0 pi_loss=-0.009 v_loss=0.002 ent=3.365 msg_acc=0.000 kl=0.0030
[upd   34 | steps   17408 | t   35.4s | sps   492] ret_mean=0.500 ep_len=500.0 pi_loss=-0.011 v_loss=0.001 ent=3.488 msg_acc=0.000 kl=0.0023
[upd   35 | steps   17920 | t   36.4s | sps   493] ret_mean=0.000 ep_len=500.0 pi_loss=-0.017 v_loss=0.001 ent=3.520 msg_acc=0.000 kl=0.0061
[upd   36 | steps   18432 | t   37.1s | sps   497] ret_mean=0.000 ep_len=500.0 pi_loss=-0.018 v_loss=0.001 ent=3.308 msg_acc=0.000 kl=0.0180
[upd   37 | steps   18944 | t   37.8s | sps   501] ret_mean=0.000 ep_len=500.0 pi_loss=-0.012 v_loss=0.004 ent=3.541 msg_acc=0.000 kl=-0.0030
[upd   38 | steps   19456 | t   38.7s | sps   502] ret_mean=0.500 ep_len=500.0 pi_loss=-0.012 v_loss=0.001 ent=3.590 msg_acc=0.000 kl=0.0101
[upd   39 | steps   19968 | t   40.1s | sps   498] ret_mean=0.000 ep_len=500.0 pi_loss=-0.011 v_loss=0.001 ent=3.561 msg_acc=0.000 kl=0.0033
[upd   40 | steps   20480 | t   41.2s | sps   497] ret_mean=0.000 ep_len=500.0 pi_loss=-0.011 v_loss=0.001 ent=3.399 msg_acc=0.000 kl=0.0027
[upd   41 | steps   20992 | t   42.1s | sps   498] ret_mean=0.000 ep_len=500.0 pi_loss=-0.013 v_loss=0.001 ent=3.259 msg_acc=0.000 kl=0.0064
[upd   42 | steps   21504 | t   43.6s | sps   493] ret_mean=0.000 ep_len=500.0 pi_loss=-0.011 v_loss=0.000 ent=3.243 msg_acc=0.000 kl=0.0083
[upd   43 | steps   22016 | t   44.5s | sps   495] ret_mean=0.500 ep_len=500.0 pi_loss=-0.015 v_loss=0.002 ent=3.372 msg_acc=0.000 kl=0.0121
[upd   44 | steps   22528 | t   45.2s | sps   499] ret_mean=0.000 ep_len=500.0 pi_loss=-0.007 v_loss=0.000 ent=3.511 msg_acc=0.000 kl=0.0041
[upd   45 | steps   23040 | t   46.0s | sps   501] ret_mean=0.000 ep_len=500.0 pi_loss=-0.009 v_loss=0.001 ent=3.488 msg_acc=0.000 kl=0.0009
[upd   46 | steps   23552 | t   46.9s | sps   502] ret_mean=1.000 ep_len=500.0 pi_loss=-0.014 v_loss=0.001 ent=3.384 msg_acc=0.000 kl=0.0061
[upd   47 | steps   24064 | t   47.7s | sps   504] ret_mean=0.000 ep_len=500.0 pi_loss=-0.011 v_loss=0.001 ent=3.558 msg_acc=0.000 kl=0.0042
[upd   48 | steps   24576 | t   48.4s | sps   507] ret_mean=0.000 ep_len=500.0 pi_loss=-0.010 v_loss=0.001 ent=3.340 msg_acc=0.000 kl=0.0019
[upd   49 | steps   25088 | t   49.2s | sps   510] ret_mean=0.000 ep_len=500.0 pi_loss=-0.010 v_loss=0.000 ent=3.499 msg_acc=0.000 kl=0.0084
[upd   50 | steps   25600 | t   49.9s | sps   514] ret_mean=0.000 ep_len=500.0 pi_loss=-0.007 v_loss=0.000 ent=3.249 msg_acc=0.000 kl=0.0037
        [eval] ret_mean=0.000 ep_len=500.0
[upd   51 | steps   26112 | t   57.2s | sps   456] ret_mean=0.000 ep_len=500.0 pi_loss=-0.010 v_loss=0.000 ent=3.429 msg_acc=0.000 kl=0.0078
[upd   52 | steps   26624 | t   58.2s | sps   457] ret_mean=0.000 ep_len=500.0 pi_loss=-0.006 v_loss=0.000 ent=3.324 msg_acc=0.000 kl=0.0010
[upd   53 | steps   27136 | t   59.3s | sps   458] ret_mean=0.000 ep_len=500.0 pi_loss=-0.008 v_loss=0.000 ent=3.303 msg_acc=0.000 kl=0.0083
[upd   54 | steps   27648 | t   60.1s | sps   460] ret_mean=2.000 ep_len=500.0 pi_loss=-0.012 v_loss=0.114 ent=3.358 msg_acc=0.000 kl=0.0068
[upd   55 | steps   28160 | t   60.9s | sps   462] ret_mean=10.000 ep_len=500.0 pi_loss=-0.014 v_loss=0.177 ent=3.235 msg_acc=0.000 kl=-0.0037
[upd   56 | steps   28672 | t   61.6s | sps   465] ret_mean=5.000 ep_len=500.0 pi_loss=-0.014 v_loss=0.002 ent=3.312 msg_acc=0.000 kl=0.0143
[upd   57 | steps   29184 | t   62.3s | sps   469] ret_mean=0.000 ep_len=500.0 pi_loss=-0.010 v_loss=0.002 ent=3.217 msg_acc=0.000 kl=0.0034
[upd   58 | steps   29696 | t   64.3s | sps   462] ret_mean=0.000 ep_len=500.0 pi_loss=-0.009 v_loss=0.003 ent=3.302 msg_acc=0.000 kl=0.0012
[upd   59 | steps   30208 | t   67.2s | sps   450] ret_mean=0.500 ep_len=500.0 pi_loss=-0.010 v_loss=0.001 ent=2.988 msg_acc=0.000 kl=0.0069
[upd   60 | steps   30720 | t   68.3s | sps   450] ret_mean=0.000 ep_len=500.0 pi_loss=-0.008 v_loss=0.007 ent=3.090 msg_acc=0.000 kl=0.0010
[upd   61 | steps   31232 | t   69.3s | sps   451] ret_mean=1.000 ep_len=500.0 pi_loss=-0.011 v_loss=0.001 ent=3.174 msg_acc=0.000 kl=0.0110
[upd   62 | steps   31744 | t   70.4s | sps   451] ret_mean=0.000 ep_len=500.0 pi_loss=-0.013 v_loss=0.001 ent=3.340 msg_acc=0.000 kl=0.0059
[upd   63 | steps   32256 | t   71.4s | sps   452] ret_mean=0.000 ep_len=500.0 pi_loss=-0.015 v_loss=0.001 ent=3.218 msg_acc=0.000 kl=0.0073
[upd   64 | steps   32768 | t   72.3s | sps   453] ret_mean=0.000 ep_len=500.0 pi_loss=-0.011 v_loss=0.000 ent=3.365 msg_acc=0.000 kl=0.0122
[upd   65 | steps   33280 | t   73.2s | sps   455] ret_mean=0.000 ep_len=500.0 pi_loss=-0.012 v_loss=0.001 ent=3.296 msg_acc=0.000 kl=0.0060
[upd   66 | steps   33792 | t   74.1s | sps   456] ret_mean=0.000 ep_len=500.0 pi_loss=-0.010 v_loss=0.000 ent=3.344 msg_acc=0.000 kl=0.0030
[upd   67 | steps   34304 | t   75.3s | sps   456] ret_mean=0.000 ep_len=500.0 pi_loss=-0.006 v_loss=0.006 ent=3.306 msg_acc=0.000 kl=-0.0024
[upd   68 | steps   34816 | t   76.2s | sps   457] ret_mean=1.000 ep_len=500.0 pi_loss=-0.012 v_loss=0.010 ent=3.231 msg_acc=0.000 kl=-0.0012
[upd   69 | steps   35328 | t   77.0s | sps   459] ret_mean=1.500 ep_len=500.0 pi_loss=-0.013 v_loss=0.032 ent=3.251 msg_acc=0.000 kl=0.0048
[upd   70 | steps   35840 | t   77.7s | sps   461] ret_mean=4.000 ep_len=500.0 pi_loss=-0.017 v_loss=0.004 ent=3.383 msg_acc=0.000 kl=0.0147
[upd   71 | steps   36352 | t   78.4s | sps   464] ret_mean=0.000 ep_len=500.0 pi_loss=-0.014 v_loss=0.002 ent=3.376 msg_acc=0.000 kl=0.0106
[upd   72 | steps   36864 | t   79.0s | sps   466] ret_mean=0.000 ep_len=500.0 pi_loss=-0.018 v_loss=0.001 ent=3.317 msg_acc=0.000 kl=0.0160
[upd   73 | steps   37376 | t   79.7s | sps   469] ret_mean=0.000 ep_len=500.0 pi_loss=-0.013 v_loss=0.001 ent=3.372 msg_acc=0.000 kl=0.0011
[upd   74 | steps   37888 | t   80.4s | sps   471] ret_mean=0.000 ep_len=500.0 pi_loss=-0.007 v_loss=0.019 ent=3.223 msg_acc=0.000 kl=0.0022
[upd   75 | steps   38400 | t   81.2s | sps   473] ret_mean=2.000 ep_len=500.0 pi_loss=-0.008 v_loss=0.030 ent=3.276 msg_acc=0.000 kl=0.0003
[upd   76 | steps   38912 | t   81.8s | sps   476] ret_mean=3.000 ep_len=500.0 pi_loss=-0.014 v_loss=0.001 ent=3.424 msg_acc=0.000 kl=0.0065
[upd   77 | steps   39424 | t   82.5s | sps   478] ret_mean=0.000 ep_len=500.0 pi_loss=-0.010 v_loss=0.002 ent=3.410 msg_acc=0.000 kl=0.0059
[upd   78 | steps   39936 | t   83.1s | sps   480] ret_mean=0.000 ep_len=500.0 pi_loss=-0.010 v_loss=0.001 ent=3.283 msg_acc=0.000 kl=0.0050
[upd   79 | steps   40448 | t   83.7s | sps   483] ret_mean=0.000 ep_len=500.0 pi_loss=-0.013 v_loss=0.001 ent=3.392 msg_acc=0.000 kl=0.0070
[upd   80 | steps   40960 | t   84.5s | sps   485] ret_mean=0.000 ep_len=500.0 pi_loss=-0.013 v_loss=0.001 ent=3.368 msg_acc=0.000 kl=-0.0039
[upd   81 | steps   41472 | t   85.2s | sps   486] ret_mean=0.000 ep_len=500.0 pi_loss=-0.011 v_loss=0.001 ent=3.414 msg_acc=0.000 kl=0.0041
[upd   82 | steps   41984 | t   85.9s | sps   489] ret_mean=0.000 ep_len=500.0 pi_loss=-0.010 v_loss=0.000 ent=3.320 msg_acc=0.000 kl=0.0041
[upd   83 | steps   42496 | t   86.6s | sps   491] ret_mean=0.000 ep_len=500.0 pi_loss=-0.013 v_loss=0.000 ent=3.383 msg_acc=0.000 kl=0.0073
[upd   84 | steps   43008 | t   87.3s | sps   493] ret_mean=0.000 ep_len=500.0 pi_loss=-0.007 v_loss=0.004 ent=3.308 msg_acc=0.000 kl=0.0058
[upd   85 | steps   43520 | t   88.0s | sps   495] ret_mean=1.000 ep_len=500.0 pi_loss=-0.017 v_loss=0.001 ent=3.328 msg_acc=0.000 kl=0.0042
[upd   86 | steps   44032 | t   89.0s | sps   495] ret_mean=0.000 ep_len=500.0 pi_loss=-0.017 v_loss=0.001 ent=3.313 msg_acc=0.000 kl=0.0050
[upd   87 | steps   44544 | t   89.7s | sps   496] ret_mean=0.000 ep_len=500.0 pi_loss=-0.014 v_loss=0.000 ent=3.170 msg_acc=0.000 kl=0.0078
[upd   88 | steps   45056 | t   90.4s | sps   498] ret_mean=0.000 ep_len=500.0 pi_loss=-0.010 v_loss=0.000 ent=3.254 msg_acc=0.000 kl=0.0033
[upd   89 | steps   45568 | t   92.1s | sps   495] ret_mean=0.000 ep_len=500.0 pi_loss=-0.013 v_loss=0.000 ent=3.127 msg_acc=0.000 kl=0.0017
[upd   90 | steps   46080 | t   92.9s | sps   496] ret_mean=0.000 ep_len=500.0 pi_loss=-0.007 v_loss=0.000 ent=3.285 msg_acc=0.000 kl=0.0084
[upd   91 | steps   46592 | t   93.6s | sps   498] ret_mean=0.000 ep_len=500.0 pi_loss=-0.012 v_loss=0.000 ent=3.160 msg_acc=0.000 kl=0.0059
[upd   92 | steps   47104 | t   94.5s | sps   499] ret_mean=0.000 ep_len=500.0 pi_loss=-0.013 v_loss=0.000 ent=3.430 msg_acc=0.000 kl=0.0003
[upd   93 | steps   47616 | t   95.2s | sps   500] ret_mean=0.500 ep_len=500.0 pi_loss=-0.008 v_loss=0.002 ent=3.202 msg_acc=0.000 kl=0.0029
[upd   94 | steps   48128 | t   96.3s | sps   500] ret_mean=0.000 ep_len=500.0 pi_loss=-0.016 v_loss=0.001 ent=3.296 msg_acc=0.000 kl=0.0068
[upd   95 | steps   48640 | t   97.1s | sps   501] ret_mean=0.000 ep_len=500.0 pi_loss=-0.015 v_loss=0.000 ent=3.180 msg_acc=0.000 kl=0.0078
[upd   96 | steps   49152 | t   97.8s | sps   503] ret_mean=3.500 ep_len=500.0 pi_loss=-0.011 v_loss=0.025 ent=3.364 msg_acc=0.000 kl=0.0065
[upd   97 | steps   49664 | t   98.5s | sps   504] ret_mean=0.500 ep_len=500.0 pi_loss=-0.016 v_loss=0.002 ent=3.152 msg_acc=0.000 kl=0.0102
[upd   98 | steps   50176 | t   99.2s | sps   506] ret_mean=0.000 ep_len=500.0 pi_loss=-0.012 v_loss=0.001 ent=3.344 msg_acc=0.000 kl=0.0071
[upd   99 | steps   50688 | t   99.9s | sps   507] ret_mean=0.000 ep_len=500.0 pi_loss=-0.019 v_loss=0.001 ent=3.203 msg_acc=0.000 kl=0.0171
[upd  100 | steps   51200 | t  100.6s | sps   509] ret_mean=0.000 ep_len=500.0 pi_loss=-0.007 v_loss=0.001 ent=2.718 msg_acc=0.000 kl=0.0116
        [eval] ret_mean=0.000 ep_len=500.0
[upd  101 | steps   51712 | t  109.2s | sps   473] ret_mean=0.000 ep_len=500.0 pi_loss=-0.006 v_loss=0.001 ent=2.638 msg_acc=0.000 kl=0.0039
[upd  102 | steps   52224 | t  110.4s | sps   473] ret_mean=0.000 ep_len=500.0 pi_loss=-0.012 v_loss=0.000 ent=3.088 msg_acc=0.000 kl=0.0082
[upd  103 | steps   52736 | t  112.4s | sps   469] ret_mean=0.000 ep_len=500.0 pi_loss=-0.012 v_loss=0.000 ent=3.373 msg_acc=0.000 kl=0.0033
[upd  104 | steps   53248 | t  114.6s | sps   465] ret_mean=0.000 ep_len=500.0 pi_loss=-0.006 v_loss=0.000 ent=3.264 msg_acc=0.000 kl=0.0029
[upd  105 | steps   53760 | t  116.8s | sps   460] ret_mean=0.000 ep_len=500.0 pi_loss=-0.011 v_loss=0.003 ent=3.304 msg_acc=0.000 kl=-0.0009
[upd  106 | steps   54272 | t  120.3s | sps   451] ret_mean=1.500 ep_len=500.0 pi_loss=-0.014 v_loss=0.001 ent=3.063 msg_acc=0.000 kl=0.0088
[upd  107 | steps   54784 | t  122.9s | sps   446] ret_mean=0.000 ep_len=500.0 pi_loss=-0.008 v_loss=0.000 ent=3.235 msg_acc=0.000 kl=0.0065
[upd  108 | steps   55296 | t  126.3s | sps   438] ret_mean=0.000 ep_len=500.0 pi_loss=-0.014 v_loss=0.000 ent=3.105 msg_acc=0.000 kl=0.0084
[upd  109 | steps   55808 | t  128.1s | sps   436] ret_mean=0.000 ep_len=500.0 pi_loss=-0.016 v_loss=0.000 ent=3.377 msg_acc=0.000 kl=0.0102
[upd  110 | steps   56320 | t  129.1s | sps   436] ret_mean=0.000 ep_len=500.0 pi_loss=-0.007 v_loss=0.000 ent=2.737 msg_acc=0.000 kl=0.0011
[upd  111 | steps   56832 | t  131.2s | sps   433] ret_mean=0.000 ep_len=500.0 pi_loss=-0.009 v_loss=0.000 ent=2.971 msg_acc=0.000 kl=0.0067
[upd  112 | steps   57344 | t  132.0s | sps   435] ret_mean=0.000 ep_len=500.0 pi_loss=-0.006 v_loss=0.000 ent=2.717 msg_acc=0.000 kl=0.0003
[upd  113 | steps   57856 | t  134.7s | sps   430] ret_mean=0.000 ep_len=500.0 pi_loss=-0.011 v_loss=0.000 ent=3.227 msg_acc=0.000 kl=0.0017
[upd  114 | steps   58368 | t  136.5s | sps   428] ret_mean=0.000 ep_len=500.0 pi_loss=-0.013 v_loss=0.000 ent=3.292 msg_acc=0.000 kl=-0.0012
[upd  115 | steps   58880 | t  138.4s | sps   425] ret_mean=0.000 ep_len=500.0 pi_loss=-0.007 v_loss=0.000 ent=3.043 msg_acc=0.000 kl=0.0044
[upd  116 | steps   59392 | t  139.9s | sps   425] ret_mean=0.000 ep_len=500.0 pi_loss=-0.019 v_loss=0.000 ent=3.226 msg_acc=0.000 kl=0.0079
[upd  117 | steps   59904 | t  142.2s | sps   421] ret_mean=0.000 ep_len=500.0 pi_loss=-0.014 v_loss=0.001 ent=3.208 msg_acc=0.000 kl=0.0136
[upd  118 | steps   60416 | t  143.8s | sps   420] ret_mean=0.500 ep_len=500.0 pi_loss=-0.012 v_loss=0.000 ent=3.223 msg_acc=0.000 kl=0.0028
[upd  119 | steps   60928 | t  145.4s | sps   419] ret_mean=3.500 ep_len=500.0 pi_loss=-0.010 v_loss=0.038 ent=3.151 msg_acc=0.000 kl=0.0045
[upd  120 | steps   61440 | t  147.5s | sps   416] ret_mean=0.000 ep_len=500.0 pi_loss=-0.011 v_loss=0.000 ent=3.224 msg_acc=0.000 kl=0.0095
[upd  121 | steps   61952 | t  149.6s | sps   414] ret_mean=0.000 ep_len=500.0 pi_loss=-0.011 v_loss=0.000 ent=3.180 msg_acc=0.000 kl=0.0026
[upd  122 | steps   62464 | t  152.1s | sps   411] ret_mean=0.000 ep_len=500.0 pi_loss=-0.017 v_loss=0.000 ent=3.325 msg_acc=0.000 kl=0.0086
[upd  123 | steps   62976 | t  153.9s | sps   409] ret_mean=0.000 ep_len=500.0 pi_loss=-0.012 v_loss=0.000 ent=3.071 msg_acc=0.000 kl=0.0069
[upd  124 | steps   63488 | t  155.7s | sps   408] ret_mean=0.000 ep_len=500.0 pi_loss=-0.006 v_loss=0.000 ent=2.721 msg_acc=0.000 kl=0.0010
[upd  125 | steps   64000 | t  156.6s | sps   409] ret_mean=0.000 ep_len=500.0 pi_loss=-0.011 v_loss=0.000 ent=3.098 msg_acc=0.000 kl=0.0115
[upd  126 | steps   64512 | t  157.5s | sps   410] ret_mean=0.000 ep_len=500.0 pi_loss=-0.010 v_loss=0.000 ent=3.236 msg_acc=0.000 kl=-0.0003
[upd  127 | steps   65024 | t  158.5s | sps   410] ret_mean=0.000 ep_len=500.0 pi_loss=-0.010 v_loss=0.000 ent=3.289 msg_acc=0.000 kl=-0.0015
[upd  128 | steps   65536 | t  159.4s | sps   411] ret_mean=0.000 ep_len=500.0 pi_loss=-0.009 v_loss=0.002 ent=2.916 msg_acc=0.000 kl=0.0015
[upd  129 | steps   66048 | t  160.2s | sps   412] ret_mean=0.500 ep_len=500.0 pi_loss=-0.007 v_loss=0.019 ent=3.047 msg_acc=0.000 kl=0.0007
[upd  130 | steps   66560 | t  160.9s | sps   414] ret_mean=2.000 ep_len=500.0 pi_loss=-0.007 v_loss=0.001 ent=3.143 msg_acc=0.000 kl=0.0044
[upd  131 | steps   67072 | t  161.6s | sps   415] ret_mean=0.000 ep_len=500.0 pi_loss=-0.015 v_loss=0.027 ent=3.096 msg_acc=0.000 kl=-0.0010
[upd  132 | steps   67584 | t  163.0s | sps   415] ret_mean=3.000 ep_len=500.0 pi_loss=-0.012 v_loss=0.001 ent=3.109 msg_acc=0.000 kl=0.0028
[upd  133 | steps   68096 | t  164.6s | sps   414] ret_mean=0.000 ep_len=500.0 pi_loss=-0.007 v_loss=0.000 ent=2.676 msg_acc=0.000 kl=0.0054
[upd  134 | steps   68608 | t  166.3s | sps   412] ret_mean=0.000 ep_len=500.0 pi_loss=-0.011 v_loss=0.000 ent=3.034 msg_acc=0.000 kl=0.0083
[upd  135 | steps   69120 | t  168.2s | sps   411] ret_mean=0.000 ep_len=500.0 pi_loss=-0.018 v_loss=0.022 ent=3.080 msg_acc=0.000 kl=0.0064
[upd  136 | steps   69632 | t  169.8s | sps   410] ret_mean=2.500 ep_len=500.0 pi_loss=-0.011 v_loss=0.000 ent=3.146 msg_acc=0.000 kl=0.0031
[upd  137 | steps   70144 | t  171.6s | sps   409] ret_mean=0.000 ep_len=500.0 pi_loss=-0.012 v_loss=0.001 ent=2.999 msg_acc=0.000 kl=0.0132
[upd  138 | steps   70656 | t  173.2s | sps   408] ret_mean=0.000 ep_len=500.0 pi_loss=-0.012 v_loss=0.021 ent=3.191 msg_acc=0.000 kl=-0.0024
[upd  139 | steps   71168 | t  175.0s | sps   407] ret_mean=3.000 ep_len=500.0 pi_loss=-0.003 v_loss=0.001 ent=2.790 msg_acc=0.000 kl=0.0044
[upd  140 | steps   71680 | t  177.3s | sps   404] ret_mean=0.000 ep_len=500.0 pi_loss=-0.012 v_loss=0.001 ent=2.525 msg_acc=0.000 kl=0.0229
[upd  141 | steps   72192 | t  179.0s | sps   403] ret_mean=0.000 ep_len=500.0 pi_loss=-0.017 v_loss=0.001 ent=3.101 msg_acc=0.000 kl=0.0042
[upd  142 | steps   72704 | t  180.7s | sps   402] ret_mean=0.750 ep_len=500.0 pi_loss=-0.008 v_loss=0.007 ent=3.191 msg_acc=0.000 kl=0.0086
[upd  143 | steps   73216 | t  183.1s | sps   400] ret_mean=0.000 ep_len=500.0 pi_loss=-0.013 v_loss=0.000 ent=3.089 msg_acc=0.000 kl=0.0144
[upd  144 | steps   73728 | t  184.8s | sps   399] ret_mean=0.500 ep_len=500.0 pi_loss=-0.014 v_loss=0.002 ent=3.254 msg_acc=0.000 kl=0.0075
[upd  145 | steps   74240 | t  186.4s | sps   398] ret_mean=0.000 ep_len=500.0 pi_loss=-0.013 v_loss=0.001 ent=2.799 msg_acc=0.000 kl=0.0107
[upd  146 | steps   74752 | t  187.9s | sps   398] ret_mean=0.000 ep_len=500.0 pi_loss=-0.011 v_loss=0.000 ent=3.035 msg_acc=0.000 kl=0.0096
[upd  147 | steps   75264 | t  189.4s | sps   397] ret_mean=0.000 ep_len=500.0 pi_loss=-0.007 v_loss=0.000 ent=3.229 msg_acc=0.000 kl=0.0003
[upd  148 | steps   75776 | t  190.9s | sps   397] ret_mean=0.000 ep_len=500.0 pi_loss=-0.009 v_loss=0.000 ent=3.265 msg_acc=0.000 kl=0.0108
[upd  149 | steps   76288 | t  193.1s | sps   395] ret_mean=0.000 ep_len=500.0 pi_loss=-0.013 v_loss=0.000 ent=3.099 msg_acc=0.000 kl=0.0102
[upd  150 | steps   76800 | t  195.0s | sps   394] ret_mean=0.000 ep_len=500.0 pi_loss=-0.010 v_loss=0.000 ent=2.485 msg_acc=0.000 kl=0.0102
        [eval] ret_mean=0.000 ep_len=500.0
[upd  151 | steps   77312 | t  208.9s | sps   370] ret_mean=3.500 ep_len=500.0 pi_loss=-0.008 v_loss=0.055 ent=3.033 msg_acc=0.000 kl=0.0004
[upd  152 | steps   77824 | t  211.2s | sps   368] ret_mean=6.000 ep_len=500.0 pi_loss=-0.012 v_loss=0.052 ent=3.182 msg_acc=0.000 kl=0.0042
[upd  153 | steps   78336 | t  213.4s | sps   367] ret_mean=0.000 ep_len=500.0 pi_loss=-0.011 v_loss=0.001 ent=2.522 msg_acc=0.000 kl=0.0051
[upd  154 | steps   78848 | t  215.7s | sps   365] ret_mean=1.000 ep_len=500.0 pi_loss=-0.012 v_loss=0.003 ent=2.997 msg_acc=0.000 kl=0.0013
[upd  155 | steps   79360 | t  217.6s | sps   365] ret_mean=0.000 ep_len=500.0 pi_loss=-0.009 v_loss=0.000 ent=2.820 msg_acc=0.000 kl=0.0066
[upd  156 | steps   79872 | t  219.4s | sps   364] ret_mean=1.000 ep_len=500.0 pi_loss=-0.010 v_loss=0.002 ent=3.037 msg_acc=0.000 kl=0.0061
[upd  157 | steps   80384 | t  221.1s | sps   364] ret_mean=0.000 ep_len=500.0 pi_loss=-0.010 v_loss=0.000 ent=2.785 msg_acc=0.000 kl=0.0070
[upd  158 | steps   80896 | t  222.6s | sps   363] ret_mean=0.000 ep_len=500.0 pi_loss=-0.008 v_loss=0.000 ent=3.030 msg_acc=0.000 kl=-0.0039
[upd  159 | steps   81408 | t  224.6s | sps   362] ret_mean=0.000 ep_len=500.0 pi_loss=-0.007 v_loss=0.000 ent=2.900 msg_acc=0.000 kl=0.0003
[upd  160 | steps   81920 | t  226.3s | sps   362] ret_mean=0.000 ep_len=500.0 pi_loss=-0.012 v_loss=0.000 ent=2.276 msg_acc=0.000 kl=0.0291
[upd  161 | steps   82432 | t  227.9s | sps   362] ret_mean=0.000 ep_len=500.0 pi_loss=-0.011 v_loss=0.050 ent=2.725 msg_acc=0.000 kl=0.0025
[upd  162 | steps   82944 | t  229.4s | sps   362] ret_mean=43.500 ep_len=500.0 pi_loss=-0.007 v_loss=1.398 ent=2.183 msg_acc=0.000 kl=0.0057
[upd  163 | steps   83456 | t  231.1s | sps   361] ret_mean=0.500 ep_len=500.0 pi_loss=-0.015 v_loss=0.001 ent=2.727 msg_acc=0.000 kl=0.0183
[upd  164 | steps   83968 | t  232.7s | sps   361] ret_mean=0.000 ep_len=500.0 pi_loss=-0.006 v_loss=0.458 ent=2.482 msg_acc=0.000 kl=0.0023
[upd  165 | steps   84480 | t  234.3s | sps   361] ret_mean=15.500 ep_len=500.0 pi_loss=-0.010 v_loss=0.002 ent=2.974 msg_acc=0.000 kl=0.0041
[upd  166 | steps   84992 | t  235.9s | sps   360] ret_mean=0.000 ep_len=500.0 pi_loss=-0.011 v_loss=0.026 ent=3.214 msg_acc=0.000 kl=-0.0010
[upd  167 | steps   85504 | t  237.5s | sps   360] ret_mean=3.000 ep_len=500.0 pi_loss=-0.011 v_loss=0.002 ent=2.853 msg_acc=0.000 kl=0.0139
[upd  168 | steps   86016 | t  239.1s | sps   360] ret_mean=0.000 ep_len=500.0 pi_loss=-0.008 v_loss=0.002 ent=3.003 msg_acc=0.000 kl=0.0043
[upd  169 | steps   86528 | t  240.7s | sps   360] ret_mean=0.000 ep_len=500.0 pi_loss=-0.015 v_loss=0.001 ent=3.156 msg_acc=0.000 kl=0.0032
[upd  170 | steps   87040 | t  242.2s | sps   359] ret_mean=0.000 ep_len=500.0 pi_loss=-0.011 v_loss=0.000 ent=3.253 msg_acc=0.000 kl=0.0054
[upd  171 | steps   87552 | t  243.8s | sps   359] ret_mean=0.000 ep_len=500.0 pi_loss=-0.007 v_loss=0.001 ent=2.859 msg_acc=0.000 kl=-0.0035
[upd  172 | steps   88064 | t  245.4s | sps   359] ret_mean=0.000 ep_len=500.0 pi_loss=-0.006 v_loss=0.039 ent=2.729 msg_acc=0.000 kl=0.0104
[upd  173 | steps   88576 | t  246.9s | sps   359] ret_mean=3.000 ep_len=500.0 pi_loss=-0.015 v_loss=0.028 ent=2.830 msg_acc=0.000 kl=-0.0016
[upd  174 | steps   89088 | t  248.5s | sps   359] ret_mean=3.500 ep_len=500.0 pi_loss=-0.016 v_loss=0.002 ent=2.958 msg_acc=0.000 kl=0.0202
[upd  175 | steps   89600 | t  250.7s | sps   357] ret_mean=0.000 ep_len=500.0 pi_loss=-0.010 v_loss=0.001 ent=3.296 msg_acc=0.000 kl=0.0005
[upd  176 | steps   90112 | t  253.3s | sps   356] ret_mean=0.500 ep_len=500.0 pi_loss=-0.013 v_loss=0.006 ent=3.280 msg_acc=0.000 kl=0.0049
[upd  177 | steps   90624 | t  255.2s | sps   355] ret_mean=1.000 ep_len=500.0 pi_loss=-0.011 v_loss=0.001 ent=3.188 msg_acc=0.000 kl=0.0072
[upd  178 | steps   91136 | t  257.1s | sps   355] ret_mean=0.000 ep_len=500.0 pi_loss=-0.014 v_loss=0.000 ent=3.148 msg_acc=0.000 kl=0.0038
[upd  179 | steps   91648 | t  258.7s | sps   354] ret_mean=0.000 ep_len=500.0 pi_loss=-0.014 v_loss=0.000 ent=3.213 msg_acc=0.000 kl=0.0108
[upd  180 | steps   92160 | t  260.3s | sps   354] ret_mean=0.000 ep_len=500.0 pi_loss=-0.010 v_loss=0.000 ent=3.084 msg_acc=0.000 kl=0.0054
[upd  181 | steps   92672 | t  261.8s | sps   354] ret_mean=0.000 ep_len=500.0 pi_loss=-0.010 v_loss=0.000 ent=3.029 msg_acc=0.000 kl=0.0090
[upd  182 | steps   93184 | t  263.4s | sps   354] ret_mean=0.000 ep_len=500.0 pi_loss=-0.006 v_loss=0.000 ent=3.072 msg_acc=0.000 kl=0.0032
[upd  183 | steps   93696 | t  265.7s | sps   353] ret_mean=0.000 ep_len=500.0 pi_loss=-0.016 v_loss=0.000 ent=2.931 msg_acc=0.000 kl=0.0038
[upd  184 | steps   94208 | t  268.4s | sps   351] ret_mean=0.000 ep_len=500.0 pi_loss=-0.007 v_loss=0.062 ent=2.754 msg_acc=0.000 kl=0.0108
[upd  185 | steps   94720 | t  270.2s | sps   351] ret_mean=3.500 ep_len=500.0 pi_loss=-0.005 v_loss=0.001 ent=2.842 msg_acc=0.000 kl=0.0074
[upd  186 | steps   95232 | t  271.8s | sps   350] ret_mean=0.000 ep_len=500.0 pi_loss=-0.008 v_loss=0.000 ent=2.781 msg_acc=0.000 kl=0.0141
[upd  187 | steps   95744 | t  273.7s | sps   350] ret_mean=0.000 ep_len=500.0 pi_loss=-0.009 v_loss=0.000 ent=3.271 msg_acc=0.000 kl=-0.0004
[upd  188 | steps   96256 | t  275.2s | sps   350] ret_mean=0.000 ep_len=500.0 pi_loss=-0.011 v_loss=0.011 ent=3.211 msg_acc=0.000 kl=0.0025
[upd  189 | steps   96768 | t  276.7s | sps   350] ret_mean=1.500 ep_len=500.0 pi_loss=-0.007 v_loss=0.001 ent=2.852 msg_acc=0.000 kl=0.0032
[upd  190 | steps   97280 | t  278.4s | sps   349] ret_mean=0.000 ep_len=500.0 pi_loss=-0.004 v_loss=0.537 ent=2.321 msg_acc=0.000 kl=0.0083
[upd  191 | steps   97792 | t  280.0s | sps   349] ret_mean=16.500 ep_len=500.0 pi_loss=-0.013 v_loss=0.002 ent=3.093 msg_acc=0.000 kl=0.0173
[upd  192 | steps   98304 | t  280.9s | sps   350] ret_mean=0.000 ep_len=500.0 pi_loss=-0.010 v_loss=0.000 ent=2.993 msg_acc=0.000 kl=0.0048
[upd  193 | steps   98816 | t  281.6s | sps   351] ret_mean=0.000 ep_len=500.0 pi_loss=-0.010 v_loss=0.001 ent=2.808 msg_acc=0.000 kl=0.0107
[upd  194 | steps   99328 | t  282.2s | sps   352] ret_mean=0.000 ep_len=500.0 pi_loss=-0.013 v_loss=0.000 ent=2.867 msg_acc=0.000 kl=0.0091
[upd  195 | steps   99840 | t  282.9s | sps   353] ret_mean=0.000 ep_len=500.0 pi_loss=-0.011 v_loss=0.000 ent=3.163 msg_acc=0.000 kl=0.0035
[upd  196 | steps  100352 | t  283.7s | sps   354] ret_mean=0.000 ep_len=500.0 pi_loss=-0.014 v_loss=0.000 ent=3.209 msg_acc=0.000 kl=0.0033
[upd  197 | steps  100864 | t  284.7s | sps   354] ret_mean=0.000 ep_len=500.0 pi_loss=-0.013 v_loss=0.000 ent=2.506 msg_acc=0.000 kl=0.0030
[upd  198 | steps  101376 | t  285.8s | sps   355] ret_mean=0.000 ep_len=500.0 pi_loss=-0.009 v_loss=0.000 ent=2.908 msg_acc=0.000 kl=0.0087
[upd  199 | steps  101888 | t  286.4s | sps   356] ret_mean=0.000 ep_len=500.0 pi_loss=-0.009 v_loss=0.000 ent=2.602 msg_acc=0.000 kl=0.0131
[upd  200 | steps  102400 | t  287.2s | sps   357] ret_mean=0.000 ep_len=500.0 pi_loss=-0.009 v_loss=0.000 ent=2.669 msg_acc=0.000 kl=0.0045
        [eval] ret_mean=0.000 ep_len=500.0
