$ /Users/praneelkhiantani/Downloads/cs2860/.venv/bin/python3 -m policies.train --env rware-small-2ag-easy-v2 --seed 0 --updates 200 --rollout 512 --eval-every 50 --eval-episodes 10 --log-dir matrix_results/intent_grounded_v1_pilot/rware-small-2ag-easy-v2 --run-name mappo-no-comm__dropout-only__d0__s0 --n-msg-tokens 8 --no-comm --dropout --dropout-agent 0 --dropout-time 100 --shape-rewards --pickup-bonus 0.5

[env] EnvSpec(env_id='rware-small-2ag-easy-v2', n_agents=2, obs_dim=71, n_env_actions=5, noop_action=0, family='rware')  (n_msg_tokens=1)
[cfg] {'clip_range': 0.2, 'value_clip_range': 0.2, 'entropy_coef': 0.01, 'value_coef': 0.5, 'max_grad_norm': 0.5, 'gamma': 0.99, 'gae_lambda': 0.95, 'lr_actor': 0.0003, 'lr_critic': 0.001, 'update_epochs': 4, 'minibatches': 4, 'hidden': 128, 'depth': 2, 'device': 'cpu', 'message_grounding_coef': 0.0, 'extra': {}}
[log] writing to matrix_results/intent_grounded_v1_pilot/rware-small-2ag-easy-v2/mappo-no-comm__dropout-only__d0__s0
[upd    1 | steps     512 | t    0.7s | sps   784] ret_mean=0.000 ep_len=500.0 pi_loss=-0.011 v_loss=0.024 ent=1.604 msg_acc=0.000 kl=0.0025
[upd    2 | steps    1024 | t    1.3s | sps   795] ret_mean=0.000 ep_len=500.0 pi_loss=-0.004 v_loss=0.004 ent=1.601 msg_acc=0.000 kl=0.0011
[upd    3 | steps    1536 | t    1.9s | sps   798] ret_mean=2.000 ep_len=500.0 pi_loss=-0.001 v_loss=0.014 ent=1.574 msg_acc=0.000 kl=0.0029
[upd    4 | steps    2048 | t    2.5s | sps   806] ret_mean=0.000 ep_len=500.0 pi_loss=-0.006 v_loss=0.001 ent=1.598 msg_acc=0.000 kl=0.0058
[upd    5 | steps    2560 | t    3.3s | sps   782] ret_mean=2.500 ep_len=500.0 pi_loss=-0.005 v_loss=0.027 ent=1.558 msg_acc=0.000 kl=0.0024
[upd    6 | steps    3072 | t    3.9s | sps   788] ret_mean=0.000 ep_len=500.0 pi_loss=-0.009 v_loss=0.005 ent=1.528 msg_acc=0.000 kl=0.0085
[upd    7 | steps    3584 | t    4.5s | sps   803] ret_mean=0.000 ep_len=500.0 pi_loss=-0.009 v_loss=0.001 ent=1.569 msg_acc=0.000 kl=0.0054
[upd    8 | steps    4096 | t    5.1s | sps   810] ret_mean=0.000 ep_len=500.0 pi_loss=-0.003 v_loss=0.001 ent=1.549 msg_acc=0.000 kl=-0.0006
[upd    9 | steps    4608 | t    5.6s | sps   819] ret_mean=0.000 ep_len=500.0 pi_loss=-0.009 v_loss=0.002 ent=1.555 msg_acc=0.000 kl=0.0067
[upd   10 | steps    5120 | t    6.2s | sps   825] ret_mean=0.500 ep_len=500.0 pi_loss=-0.007 v_loss=0.010 ent=1.537 msg_acc=0.000 kl=-0.0034
[upd   11 | steps    5632 | t    6.8s | sps   830] ret_mean=1.500 ep_len=500.0 pi_loss=-0.004 v_loss=0.004 ent=1.512 msg_acc=0.000 kl=0.0023
[upd   12 | steps    6144 | t    7.3s | sps   836] ret_mean=0.500 ep_len=500.0 pi_loss=-0.004 v_loss=0.001 ent=1.522 msg_acc=0.000 kl=0.0080
[upd   13 | steps    6656 | t    8.0s | sps   837] ret_mean=0.000 ep_len=500.0 pi_loss=-0.013 v_loss=0.002 ent=1.423 msg_acc=0.000 kl=0.0079
[upd   14 | steps    7168 | t    8.6s | sps   838] ret_mean=0.000 ep_len=500.0 pi_loss=-0.004 v_loss=0.001 ent=1.448 msg_acc=0.000 kl=0.0016
[upd   15 | steps    7680 | t    9.1s | sps   840] ret_mean=0.000 ep_len=500.0 pi_loss=-0.012 v_loss=0.001 ent=1.400 msg_acc=0.000 kl=0.0131
[upd   16 | steps    8192 | t    9.7s | sps   842] ret_mean=0.000 ep_len=500.0 pi_loss=-0.006 v_loss=0.000 ent=1.286 msg_acc=0.000 kl=0.0184
[upd   17 | steps    8704 | t   10.3s | sps   844] ret_mean=0.000 ep_len=500.0 pi_loss=-0.003 v_loss=0.000 ent=1.410 msg_acc=0.000 kl=0.0022
[upd   18 | steps    9216 | t   10.9s | sps   846] ret_mean=0.000 ep_len=500.0 pi_loss=-0.007 v_loss=0.001 ent=1.328 msg_acc=0.000 kl=0.0067
[upd   19 | steps    9728 | t   11.5s | sps   847] ret_mean=3.000 ep_len=500.0 pi_loss=-0.007 v_loss=0.013 ent=1.440 msg_acc=0.000 kl=0.0028
[upd   20 | steps   10240 | t   12.1s | sps   847] ret_mean=0.000 ep_len=500.0 pi_loss=-0.003 v_loss=0.001 ent=1.481 msg_acc=0.000 kl=0.0040
[upd   21 | steps   10752 | t   12.7s | sps   847] ret_mean=0.000 ep_len=500.0 pi_loss=-0.005 v_loss=0.003 ent=1.452 msg_acc=0.000 kl=-0.0004
[upd   22 | steps   11264 | t   13.3s | sps   850] ret_mean=0.000 ep_len=500.0 pi_loss=-0.006 v_loss=0.001 ent=1.384 msg_acc=0.000 kl=0.0036
[upd   23 | steps   11776 | t   13.9s | sps   850] ret_mean=0.000 ep_len=500.0 pi_loss=-0.002 v_loss=0.001 ent=1.281 msg_acc=0.000 kl=0.0012
[upd   24 | steps   12288 | t   14.5s | sps   850] ret_mean=0.000 ep_len=500.0 pi_loss=-0.007 v_loss=0.000 ent=1.303 msg_acc=0.000 kl=0.0083
[upd   25 | steps   12800 | t   15.3s | sps   838] ret_mean=0.000 ep_len=500.0 pi_loss=-0.003 v_loss=0.001 ent=1.372 msg_acc=0.000 kl=0.0044
[upd   26 | steps   13312 | t   15.9s | sps   838] ret_mean=0.000 ep_len=500.0 pi_loss=-0.004 v_loss=0.001 ent=1.392 msg_acc=0.000 kl=0.0034
[upd   27 | steps   13824 | t   16.5s | sps   840] ret_mean=0.000 ep_len=500.0 pi_loss=-0.005 v_loss=0.001 ent=1.400 msg_acc=0.000 kl=0.0064
[upd   28 | steps   14336 | t   17.0s | sps   843] ret_mean=0.000 ep_len=500.0 pi_loss=-0.006 v_loss=0.097 ent=1.400 msg_acc=0.000 kl=0.0047
[upd   29 | steps   14848 | t   17.6s | sps   845] ret_mean=10.000 ep_len=500.0 pi_loss=-0.010 v_loss=0.005 ent=1.410 msg_acc=0.000 kl=0.0136
[upd   30 | steps   15360 | t   18.1s | sps   847] ret_mean=0.000 ep_len=500.0 pi_loss=-0.009 v_loss=0.001 ent=1.367 msg_acc=0.000 kl=0.0110
[upd   31 | steps   15872 | t   18.7s | sps   850] ret_mean=0.000 ep_len=500.0 pi_loss=-0.003 v_loss=0.001 ent=1.415 msg_acc=0.000 kl=0.0063
[upd   32 | steps   16384 | t   19.3s | sps   851] ret_mean=0.000 ep_len=500.0 pi_loss=-0.006 v_loss=0.001 ent=1.424 msg_acc=0.000 kl=-0.0013
[upd   33 | steps   16896 | t   19.8s | sps   852] ret_mean=0.000 ep_len=500.0 pi_loss=-0.014 v_loss=0.001 ent=1.324 msg_acc=0.000 kl=0.0044
[upd   34 | steps   17408 | t   20.4s | sps   853] ret_mean=0.000 ep_len=500.0 pi_loss=-0.004 v_loss=0.000 ent=1.369 msg_acc=0.000 kl=0.0026
[upd   35 | steps   17920 | t   21.0s | sps   855] ret_mean=0.000 ep_len=500.0 pi_loss=-0.006 v_loss=0.000 ent=1.430 msg_acc=0.000 kl=-0.0004
[upd   36 | steps   18432 | t   21.6s | sps   855] ret_mean=0.000 ep_len=500.0 pi_loss=-0.012 v_loss=0.001 ent=1.322 msg_acc=0.000 kl=0.0040
[upd   37 | steps   18944 | t   22.1s | sps   856] ret_mean=0.000 ep_len=500.0 pi_loss=-0.009 v_loss=0.000 ent=1.410 msg_acc=0.000 kl=0.0008
[upd   38 | steps   19456 | t   22.7s | sps   858] ret_mean=0.000 ep_len=500.0 pi_loss=-0.001 v_loss=0.000 ent=1.442 msg_acc=0.000 kl=-0.0005
[upd   39 | steps   19968 | t   23.2s | sps   859] ret_mean=0.000 ep_len=500.0 pi_loss=-0.007 v_loss=0.000 ent=1.417 msg_acc=0.000 kl=0.0019
[upd   40 | steps   20480 | t   23.8s | sps   860] ret_mean=0.000 ep_len=500.0 pi_loss=-0.006 v_loss=0.000 ent=1.353 msg_acc=0.000 kl=0.0035
[upd   41 | steps   20992 | t   24.4s | sps   861] ret_mean=0.000 ep_len=500.0 pi_loss=-0.002 v_loss=0.000 ent=1.284 msg_acc=0.000 kl=0.0014
[upd   42 | steps   21504 | t   25.0s | sps   861] ret_mean=0.000 ep_len=500.0 pi_loss=-0.010 v_loss=0.000 ent=1.358 msg_acc=0.000 kl=0.0014
[upd   43 | steps   22016 | t   25.5s | sps   863] ret_mean=0.000 ep_len=500.0 pi_loss=-0.003 v_loss=0.000 ent=1.309 msg_acc=0.000 kl=0.0031
[upd   44 | steps   22528 | t   26.1s | sps   864] ret_mean=0.000 ep_len=500.0 pi_loss=-0.008 v_loss=0.000 ent=1.447 msg_acc=0.000 kl=0.0020
[upd   45 | steps   23040 | t   26.6s | sps   865] ret_mean=0.000 ep_len=500.0 pi_loss=-0.010 v_loss=0.037 ent=1.431 msg_acc=0.000 kl=0.0090
[upd   46 | steps   23552 | t   27.2s | sps   866] ret_mean=9.500 ep_len=500.0 pi_loss=-0.004 v_loss=0.078 ent=1.410 msg_acc=0.000 kl=0.0012
[upd   47 | steps   24064 | t   27.8s | sps   866] ret_mean=0.000 ep_len=500.0 pi_loss=-0.003 v_loss=0.002 ent=1.405 msg_acc=0.000 kl=-0.0021
[upd   48 | steps   24576 | t   28.3s | sps   867] ret_mean=0.000 ep_len=500.0 pi_loss=-0.002 v_loss=0.000 ent=1.441 msg_acc=0.000 kl=0.0041
[upd   49 | steps   25088 | t   28.9s | sps   868] ret_mean=0.000 ep_len=500.0 pi_loss=-0.002 v_loss=0.000 ent=1.366 msg_acc=0.000 kl=0.0013
[upd   50 | steps   25600 | t   29.5s | sps   868] ret_mean=0.000 ep_len=500.0 pi_loss=-0.009 v_loss=0.000 ent=1.356 msg_acc=0.000 kl=0.0088
        [eval] ret_mean=0.000 ep_len=500.0
[upd   51 | steps   26112 | t   35.2s | sps   742] ret_mean=0.000 ep_len=500.0 pi_loss=-0.009 v_loss=0.007 ent=1.478 msg_acc=0.000 kl=0.0059
[upd   52 | steps   26624 | t   36.8s | sps   724] ret_mean=0.000 ep_len=500.0 pi_loss=-0.003 v_loss=0.000 ent=1.379 msg_acc=0.000 kl=0.0080
[upd   53 | steps   27136 | t   37.8s | sps   719] ret_mean=0.000 ep_len=500.0 pi_loss=-0.015 v_loss=0.000 ent=1.151 msg_acc=0.000 kl=0.0166
[upd   54 | steps   27648 | t   38.6s | sps   715] ret_mean=0.000 ep_len=500.0 pi_loss=-0.006 v_loss=0.000 ent=1.257 msg_acc=0.000 kl=0.0030
[upd   55 | steps   28160 | t   39.3s | sps   716] ret_mean=0.000 ep_len=500.0 pi_loss=-0.006 v_loss=0.000 ent=1.350 msg_acc=0.000 kl=0.0036
[upd   56 | steps   28672 | t   40.7s | sps   705] ret_mean=0.000 ep_len=500.0 pi_loss=-0.004 v_loss=0.000 ent=1.359 msg_acc=0.000 kl=0.0061
[upd   57 | steps   29184 | t   42.2s | sps   692] ret_mean=0.000 ep_len=500.0 pi_loss=-0.008 v_loss=0.001 ent=1.257 msg_acc=0.000 kl=0.0023
[upd   58 | steps   29696 | t   43.3s | sps   687] ret_mean=0.000 ep_len=500.0 pi_loss=-0.008 v_loss=0.000 ent=1.321 msg_acc=0.000 kl=0.0119
[upd   59 | steps   30208 | t   44.2s | sps   683] ret_mean=0.000 ep_len=500.0 pi_loss=-0.004 v_loss=0.000 ent=1.288 msg_acc=0.000 kl=-0.0010
[upd   60 | steps   30720 | t   44.9s | sps   684] ret_mean=0.000 ep_len=500.0 pi_loss=-0.006 v_loss=0.000 ent=1.385 msg_acc=0.000 kl=0.0070
[upd   61 | steps   31232 | t   45.6s | sps   686] ret_mean=0.000 ep_len=500.0 pi_loss=-0.004 v_loss=0.000 ent=1.372 msg_acc=0.000 kl=0.0087
[upd   62 | steps   31744 | t   46.5s | sps   683] ret_mean=0.000 ep_len=500.0 pi_loss=-0.005 v_loss=0.000 ent=1.320 msg_acc=0.000 kl=0.0082
[upd   63 | steps   32256 | t   47.3s | sps   683] ret_mean=0.000 ep_len=500.0 pi_loss=-0.004 v_loss=0.001 ent=1.404 msg_acc=0.000 kl=0.0041
[upd   64 | steps   32768 | t   48.1s | sps   681] ret_mean=0.000 ep_len=500.0 pi_loss=-0.003 v_loss=0.001 ent=1.461 msg_acc=0.000 kl=0.0028
[upd   65 | steps   33280 | t   48.9s | sps   681] ret_mean=0.500 ep_len=500.0 pi_loss=-0.004 v_loss=0.000 ent=1.428 msg_acc=0.000 kl=0.0089
[upd   66 | steps   33792 | t   49.7s | sps   680] ret_mean=0.000 ep_len=500.0 pi_loss=-0.003 v_loss=0.000 ent=1.482 msg_acc=0.000 kl=-0.0005
[upd   67 | steps   34304 | t   50.6s | sps   679] ret_mean=0.000 ep_len=500.0 pi_loss=-0.004 v_loss=0.000 ent=1.472 msg_acc=0.000 kl=0.0037
[upd   68 | steps   34816 | t   51.3s | sps   678] ret_mean=0.000 ep_len=500.0 pi_loss=-0.006 v_loss=0.000 ent=1.482 msg_acc=0.000 kl=0.0016
[upd   69 | steps   35328 | t   52.3s | sps   675] ret_mean=0.000 ep_len=500.0 pi_loss=-0.007 v_loss=0.000 ent=1.425 msg_acc=0.000 kl=0.0040
[upd   70 | steps   35840 | t   53.2s | sps   674] ret_mean=0.000 ep_len=500.0 pi_loss=-0.007 v_loss=0.000 ent=1.416 msg_acc=0.000 kl=0.0061
[upd   71 | steps   36352 | t   53.9s | sps   675] ret_mean=0.000 ep_len=500.0 pi_loss=-0.005 v_loss=0.000 ent=1.415 msg_acc=0.000 kl=0.0027
[upd   72 | steps   36864 | t   54.6s | sps   675] ret_mean=0.000 ep_len=500.0 pi_loss=-0.005 v_loss=0.000 ent=1.357 msg_acc=0.000 kl=0.0067
[upd   73 | steps   37376 | t   55.2s | sps   677] ret_mean=0.000 ep_len=500.0 pi_loss=-0.004 v_loss=0.000 ent=1.288 msg_acc=0.000 kl=0.0043
[upd   74 | steps   37888 | t   55.9s | sps   677] ret_mean=0.000 ep_len=500.0 pi_loss=-0.004 v_loss=0.016 ent=1.290 msg_acc=0.000 kl=0.0033
[upd   75 | steps   38400 | t   56.6s | sps   679] ret_mean=8.000 ep_len=500.0 pi_loss=-0.004 v_loss=0.038 ent=1.216 msg_acc=0.000 kl=0.0036
[upd   76 | steps   38912 | t   57.2s | sps   680] ret_mean=5.000 ep_len=500.0 pi_loss=-0.004 v_loss=0.032 ent=1.332 msg_acc=0.000 kl=0.0081
[upd   77 | steps   39424 | t   57.9s | sps   681] ret_mean=0.000 ep_len=500.0 pi_loss=-0.003 v_loss=0.001 ent=1.366 msg_acc=0.000 kl=0.0080
[upd   78 | steps   39936 | t   58.6s | sps   682] ret_mean=0.000 ep_len=500.0 pi_loss=-0.002 v_loss=0.000 ent=1.231 msg_acc=0.000 kl=0.0017
[upd   79 | steps   40448 | t   59.2s | sps   683] ret_mean=0.000 ep_len=500.0 pi_loss=-0.010 v_loss=0.001 ent=1.269 msg_acc=0.000 kl=0.0061
[upd   80 | steps   40960 | t   59.8s | sps   685] ret_mean=0.500 ep_len=500.0 pi_loss=-0.004 v_loss=0.000 ent=1.376 msg_acc=0.000 kl=0.0039
[upd   81 | steps   41472 | t   60.5s | sps   686] ret_mean=0.000 ep_len=500.0 pi_loss=-0.003 v_loss=0.000 ent=1.253 msg_acc=0.000 kl=0.0009
[upd   82 | steps   41984 | t   61.2s | sps   686] ret_mean=0.000 ep_len=500.0 pi_loss=-0.006 v_loss=0.000 ent=1.118 msg_acc=0.000 kl=0.0145
[upd   83 | steps   42496 | t   61.9s | sps   687] ret_mean=0.000 ep_len=500.0 pi_loss=-0.008 v_loss=0.000 ent=1.319 msg_acc=0.000 kl=0.0056
[upd   84 | steps   43008 | t   62.5s | sps   688] ret_mean=0.000 ep_len=500.0 pi_loss=-0.005 v_loss=0.000 ent=1.179 msg_acc=0.000 kl=0.0012
[upd   85 | steps   43520 | t   63.0s | sps   690] ret_mean=0.000 ep_len=500.0 pi_loss=-0.003 v_loss=0.001 ent=1.343 msg_acc=0.000 kl=0.0051
[upd   86 | steps   44032 | t   63.7s | sps   691] ret_mean=0.000 ep_len=500.0 pi_loss=-0.002 v_loss=0.000 ent=1.346 msg_acc=0.000 kl=0.0045
[upd   87 | steps   44544 | t   64.5s | sps   690] ret_mean=0.000 ep_len=500.0 pi_loss=-0.006 v_loss=0.000 ent=1.143 msg_acc=0.000 kl=-0.0035
[upd   88 | steps   45056 | t   65.6s | sps   687] ret_mean=0.000 ep_len=500.0 pi_loss=-0.002 v_loss=0.000 ent=1.072 msg_acc=0.000 kl=-0.0024
[upd   89 | steps   45568 | t   67.7s | sps   673] ret_mean=0.000 ep_len=500.0 pi_loss=-0.014 v_loss=0.000 ent=1.280 msg_acc=0.000 kl=0.0148
[upd   90 | steps   46080 | t   68.8s | sps   669] ret_mean=0.000 ep_len=500.0 pi_loss=-0.000 v_loss=0.005 ent=1.199 msg_acc=0.000 kl=0.0056
[upd   91 | steps   46592 | t   69.7s | sps   668] ret_mean=1.000 ep_len=500.0 pi_loss=-0.002 v_loss=0.001 ent=0.994 msg_acc=0.000 kl=0.0097
[upd   92 | steps   47104 | t   70.4s | sps   669] ret_mean=0.000 ep_len=500.0 pi_loss=-0.004 v_loss=0.000 ent=1.174 msg_acc=0.000 kl=0.0028
[upd   93 | steps   47616 | t   71.1s | sps   669] ret_mean=0.000 ep_len=500.0 pi_loss=-0.000 v_loss=0.000 ent=1.081 msg_acc=0.000 kl=-0.0003
[upd   94 | steps   48128 | t   71.8s | sps   670] ret_mean=0.000 ep_len=500.0 pi_loss=-0.008 v_loss=0.000 ent=1.420 msg_acc=0.000 kl=0.0016
[upd   95 | steps   48640 | t   72.5s | sps   671] ret_mean=0.000 ep_len=500.0 pi_loss=-0.006 v_loss=0.000 ent=1.455 msg_acc=0.000 kl=0.0044
[upd   96 | steps   49152 | t   73.2s | sps   671] ret_mean=0.000 ep_len=500.0 pi_loss=-0.004 v_loss=0.000 ent=1.098 msg_acc=0.000 kl=-0.0015
[upd   97 | steps   49664 | t   73.8s | sps   673] ret_mean=0.000 ep_len=500.0 pi_loss=-0.002 v_loss=0.001 ent=1.262 msg_acc=0.000 kl=0.0017
[upd   98 | steps   50176 | t   74.4s | sps   674] ret_mean=0.000 ep_len=500.0 pi_loss=-0.005 v_loss=0.000 ent=1.413 msg_acc=0.000 kl=0.0073
[upd   99 | steps   50688 | t   75.0s | sps   675] ret_mean=1.500 ep_len=500.0 pi_loss=-0.005 v_loss=0.009 ent=1.391 msg_acc=0.000 kl=0.0070
[upd  100 | steps   51200 | t   76.5s | sps   670] ret_mean=0.000 ep_len=500.0 pi_loss=-0.004 v_loss=0.000 ent=1.050 msg_acc=0.000 kl=0.0031
        [eval] ret_mean=0.000 ep_len=500.0
[upd  101 | steps   51712 | t   83.4s | sps   620] ret_mean=0.000 ep_len=500.0 pi_loss=-0.003 v_loss=0.001 ent=1.076 msg_acc=0.000 kl=0.0037
[upd  102 | steps   52224 | t   84.0s | sps   622] ret_mean=0.000 ep_len=500.0 pi_loss=-0.002 v_loss=0.000 ent=1.189 msg_acc=0.000 kl=0.0026
[upd  103 | steps   52736 | t   84.6s | sps   623] ret_mean=0.000 ep_len=500.0 pi_loss=-0.003 v_loss=0.001 ent=1.193 msg_acc=0.000 kl=0.0058
[upd  104 | steps   53248 | t   85.2s | sps   625] ret_mean=0.000 ep_len=500.0 pi_loss=-0.009 v_loss=0.000 ent=1.230 msg_acc=0.000 kl=0.0089
[upd  105 | steps   53760 | t   85.8s | sps   626] ret_mean=0.500 ep_len=500.0 pi_loss=-0.007 v_loss=0.002 ent=1.405 msg_acc=0.000 kl=0.0200
[upd  106 | steps   54272 | t   86.4s | sps   628] ret_mean=0.000 ep_len=500.0 pi_loss=-0.007 v_loss=0.001 ent=1.393 msg_acc=0.000 kl=0.0107
[upd  107 | steps   54784 | t   87.0s | sps   629] ret_mean=0.000 ep_len=500.0 pi_loss=-0.003 v_loss=0.001 ent=1.302 msg_acc=0.000 kl=-0.0000
[upd  108 | steps   55296 | t   87.7s | sps   630] ret_mean=0.000 ep_len=500.0 pi_loss=-0.004 v_loss=0.000 ent=1.360 msg_acc=0.000 kl=0.0052
[upd  109 | steps   55808 | t   88.8s | sps   629] ret_mean=0.000 ep_len=500.0 pi_loss=-0.009 v_loss=0.001 ent=1.332 msg_acc=0.000 kl=0.0053
[upd  110 | steps   56320 | t   90.0s | sps   626] ret_mean=0.000 ep_len=500.0 pi_loss=-0.006 v_loss=0.000 ent=1.117 msg_acc=0.000 kl=-0.0031
[upd  111 | steps   56832 | t   91.8s | sps   619] ret_mean=0.000 ep_len=500.0 pi_loss=-0.008 v_loss=0.000 ent=1.148 msg_acc=0.000 kl=0.0184
[upd  112 | steps   57344 | t   93.8s | sps   611] ret_mean=0.000 ep_len=500.0 pi_loss=-0.003 v_loss=0.001 ent=1.155 msg_acc=0.000 kl=0.0049
[upd  113 | steps   57856 | t   95.5s | sps   606] ret_mean=0.000 ep_len=500.0 pi_loss=-0.007 v_loss=0.000 ent=1.222 msg_acc=0.000 kl=0.0105
[upd  114 | steps   58368 | t   96.8s | sps   603] ret_mean=0.000 ep_len=500.0 pi_loss=-0.009 v_loss=0.000 ent=1.277 msg_acc=0.000 kl=0.0037
[upd  115 | steps   58880 | t   97.7s | sps   603] ret_mean=0.000 ep_len=500.0 pi_loss=-0.005 v_loss=0.000 ent=1.240 msg_acc=0.000 kl=0.0030
[upd  116 | steps   59392 | t   98.5s | sps   603] ret_mean=0.000 ep_len=500.0 pi_loss=-0.004 v_loss=0.000 ent=1.184 msg_acc=0.000 kl=0.0032
[upd  117 | steps   59904 | t   99.3s | sps   603] ret_mean=0.000 ep_len=500.0 pi_loss=-0.005 v_loss=0.015 ent=1.375 msg_acc=0.000 kl=0.0044
[upd  118 | steps   60416 | t  100.0s | sps   604] ret_mean=2.500 ep_len=500.0 pi_loss=-0.006 v_loss=0.001 ent=1.273 msg_acc=0.000 kl=0.0004
[upd  119 | steps   60928 | t  100.9s | sps   604] ret_mean=0.000 ep_len=500.0 pi_loss=-0.008 v_loss=0.000 ent=1.254 msg_acc=0.000 kl=0.0025
[upd  120 | steps   61440 | t  101.9s | sps   603] ret_mean=0.000 ep_len=500.0 pi_loss=-0.003 v_loss=0.000 ent=1.336 msg_acc=0.000 kl=-0.0010
[upd  121 | steps   61952 | t  102.9s | sps   602] ret_mean=0.000 ep_len=500.0 pi_loss=-0.005 v_loss=0.000 ent=1.372 msg_acc=0.000 kl=0.0041
[upd  122 | steps   62464 | t  103.9s | sps   601] ret_mean=0.000 ep_len=500.0 pi_loss=-0.009 v_loss=0.000 ent=1.359 msg_acc=0.000 kl=0.0039
[upd  123 | steps   62976 | t  104.8s | sps   601] ret_mean=0.000 ep_len=500.0 pi_loss=-0.003 v_loss=0.000 ent=1.250 msg_acc=0.000 kl=0.0097
[upd  124 | steps   63488 | t  106.1s | sps   598] ret_mean=0.000 ep_len=500.0 pi_loss=-0.006 v_loss=0.000 ent=1.125 msg_acc=0.000 kl=0.0099
[upd  125 | steps   64000 | t  107.1s | sps   598] ret_mean=0.000 ep_len=500.0 pi_loss=-0.009 v_loss=0.000 ent=1.210 msg_acc=0.000 kl=0.0069
[upd  126 | steps   64512 | t  108.3s | sps   596] ret_mean=0.000 ep_len=500.0 pi_loss=-0.008 v_loss=0.000 ent=1.337 msg_acc=0.000 kl=0.0078
[upd  127 | steps   65024 | t  109.0s | sps   597] ret_mean=0.000 ep_len=500.0 pi_loss=-0.008 v_loss=0.024 ent=1.402 msg_acc=0.000 kl=0.0037
[upd  128 | steps   65536 | t  109.6s | sps   598] ret_mean=2.500 ep_len=500.0 pi_loss=-0.005 v_loss=0.001 ent=1.195 msg_acc=0.000 kl=0.0064
[upd  129 | steps   66048 | t  110.3s | sps   599] ret_mean=0.000 ep_len=500.0 pi_loss=-0.003 v_loss=0.000 ent=1.120 msg_acc=0.000 kl=0.0015
[upd  130 | steps   66560 | t  111.0s | sps   600] ret_mean=0.000 ep_len=500.0 pi_loss=-0.001 v_loss=0.000 ent=1.275 msg_acc=0.000 kl=0.0070
[upd  131 | steps   67072 | t  111.6s | sps   601] ret_mean=0.000 ep_len=500.0 pi_loss=-0.009 v_loss=0.068 ent=1.322 msg_acc=0.000 kl=0.0047
[upd  132 | steps   67584 | t  112.3s | sps   602] ret_mean=9.000 ep_len=500.0 pi_loss=-0.002 v_loss=0.001 ent=1.156 msg_acc=0.000 kl=0.0015
[upd  133 | steps   68096 | t  112.9s | sps   603] ret_mean=0.000 ep_len=500.0 pi_loss=-0.010 v_loss=0.000 ent=1.102 msg_acc=0.000 kl=0.0166
[upd  134 | steps   68608 | t  113.7s | sps   604] ret_mean=0.000 ep_len=500.0 pi_loss=-0.007 v_loss=0.001 ent=1.249 msg_acc=0.000 kl=0.0098
[upd  135 | steps   69120 | t  114.5s | sps   604] ret_mean=0.000 ep_len=500.0 pi_loss=-0.008 v_loss=0.002 ent=0.952 msg_acc=0.000 kl=0.0151
[upd  136 | steps   69632 | t  115.2s | sps   605] ret_mean=0.000 ep_len=500.0 pi_loss=-0.006 v_loss=0.000 ent=1.068 msg_acc=0.000 kl=0.0007
[upd  137 | steps   70144 | t  117.2s | sps   598] ret_mean=0.000 ep_len=500.0 pi_loss=-0.003 v_loss=0.000 ent=1.159 msg_acc=0.000 kl=0.0072
[upd  138 | steps   70656 | t  118.6s | sps   596] ret_mean=0.000 ep_len=500.0 pi_loss=-0.004 v_loss=0.000 ent=1.363 msg_acc=0.000 kl=0.0081
[upd  139 | steps   71168 | t  120.0s | sps   593] ret_mean=0.000 ep_len=500.0 pi_loss=-0.003 v_loss=0.000 ent=1.186 msg_acc=0.000 kl=0.0013
[upd  140 | steps   71680 | t  121.7s | sps   589] ret_mean=0.000 ep_len=500.0 pi_loss=-0.005 v_loss=0.000 ent=1.139 msg_acc=0.000 kl=0.0136
[upd  141 | steps   72192 | t  123.0s | sps   587] ret_mean=0.000 ep_len=500.0 pi_loss=-0.010 v_loss=0.000 ent=1.206 msg_acc=0.000 kl=0.0098
[upd  142 | steps   72704 | t  124.9s | sps   582] ret_mean=0.000 ep_len=500.0 pi_loss=-0.001 v_loss=0.000 ent=1.421 msg_acc=0.000 kl=0.0018
[upd  143 | steps   73216 | t  127.6s | sps   574] ret_mean=0.000 ep_len=500.0 pi_loss=-0.005 v_loss=0.000 ent=1.168 msg_acc=0.000 kl=0.0124
[upd  144 | steps   73728 | t  132.1s | sps   558] ret_mean=0.000 ep_len=500.0 pi_loss=-0.009 v_loss=0.000 ent=0.819 msg_acc=0.000 kl=0.0109
[upd  145 | steps   74240 | t  134.5s | sps   552] ret_mean=0.000 ep_len=500.0 pi_loss=-0.009 v_loss=0.000 ent=1.211 msg_acc=0.000 kl=-0.0005
[upd  146 | steps   74752 | t  137.9s | sps   542] ret_mean=0.000 ep_len=500.0 pi_loss=-0.007 v_loss=0.000 ent=1.166 msg_acc=0.000 kl=0.0055
[upd  147 | steps   75264 | t  138.8s | sps   542] ret_mean=1.500 ep_len=500.0 pi_loss=-0.010 v_loss=0.006 ent=1.237 msg_acc=0.000 kl=0.0107
[upd  148 | steps   75776 | t  139.8s | sps   542] ret_mean=0.000 ep_len=500.0 pi_loss=-0.005 v_loss=0.000 ent=1.184 msg_acc=0.000 kl=0.0002
[upd  149 | steps   76288 | t  140.6s | sps   542] ret_mean=0.000 ep_len=500.0 pi_loss=-0.004 v_loss=0.000 ent=1.171 msg_acc=0.000 kl=0.0065
[upd  150 | steps   76800 | t  141.7s | sps   542] ret_mean=0.000 ep_len=500.0 pi_loss=-0.005 v_loss=0.000 ent=1.115 msg_acc=0.000 kl=0.0068
        [eval] ret_mean=0.000 ep_len=500.0
[upd  151 | steps   77312 | t  148.5s | sps   521] ret_mean=0.000 ep_len=500.0 pi_loss=-0.003 v_loss=0.001 ent=1.330 msg_acc=0.000 kl=0.0023
[upd  152 | steps   77824 | t  149.3s | sps   521] ret_mean=5.000 ep_len=500.0 pi_loss=-0.008 v_loss=0.020 ent=1.357 msg_acc=0.000 kl=0.0066
[upd  153 | steps   78336 | t  149.9s | sps   523] ret_mean=0.000 ep_len=500.0 pi_loss=-0.003 v_loss=0.000 ent=1.117 msg_acc=0.000 kl=-0.0025
[upd  154 | steps   78848 | t  150.5s | sps   524] ret_mean=0.000 ep_len=500.0 pi_loss=-0.001 v_loss=0.000 ent=1.229 msg_acc=0.000 kl=-0.0003
[upd  155 | steps   79360 | t  151.1s | sps   525] ret_mean=0.000 ep_len=500.0 pi_loss=-0.002 v_loss=0.000 ent=1.240 msg_acc=0.000 kl=0.0024
[upd  156 | steps   79872 | t  152.3s | sps   524] ret_mean=0.000 ep_len=500.0 pi_loss=-0.004 v_loss=0.001 ent=1.299 msg_acc=0.000 kl=-0.0001
[upd  157 | steps   80384 | t  154.3s | sps   521] ret_mean=0.000 ep_len=500.0 pi_loss=-0.004 v_loss=0.000 ent=1.145 msg_acc=0.000 kl=0.0044
[upd  158 | steps   80896 | t  156.5s | sps   517] ret_mean=0.000 ep_len=500.0 pi_loss=-0.004 v_loss=0.000 ent=1.241 msg_acc=0.000 kl=0.0023
[upd  159 | steps   81408 | t  157.2s | sps   518] ret_mean=0.000 ep_len=500.0 pi_loss=-0.010 v_loss=0.022 ent=1.323 msg_acc=0.000 kl=-0.0001
[upd  160 | steps   81920 | t  157.8s | sps   519] ret_mean=4.000 ep_len=500.0 pi_loss=-0.005 v_loss=0.001 ent=1.076 msg_acc=0.000 kl=0.0057
[upd  161 | steps   82432 | t  158.7s | sps   519] ret_mean=0.000 ep_len=500.0 pi_loss=-0.005 v_loss=0.000 ent=1.194 msg_acc=0.000 kl=-0.0003
[upd  162 | steps   82944 | t  159.9s | sps   519] ret_mean=0.000 ep_len=500.0 pi_loss=-0.006 v_loss=0.000 ent=1.135 msg_acc=0.000 kl=0.0057
[upd  163 | steps   83456 | t  160.5s | sps   520] ret_mean=0.000 ep_len=500.0 pi_loss=-0.010 v_loss=0.000 ent=1.235 msg_acc=0.000 kl=0.0158
[upd  164 | steps   83968 | t  162.3s | sps   517] ret_mean=0.000 ep_len=500.0 pi_loss=-0.011 v_loss=0.000 ent=1.046 msg_acc=0.000 kl=0.0115
[upd  165 | steps   84480 | t  163.6s | sps   516] ret_mean=0.000 ep_len=500.0 pi_loss=-0.003 v_loss=0.000 ent=1.069 msg_acc=0.000 kl=0.0049
[upd  166 | steps   84992 | t  165.3s | sps   514] ret_mean=0.000 ep_len=500.0 pi_loss=-0.002 v_loss=0.000 ent=0.861 msg_acc=0.000 kl=0.0082
[upd  167 | steps   85504 | t  166.1s | sps   515] ret_mean=0.000 ep_len=500.0 pi_loss=-0.011 v_loss=0.000 ent=0.869 msg_acc=0.000 kl=0.0159
[upd  168 | steps   86016 | t  166.8s | sps   516] ret_mean=0.000 ep_len=500.0 pi_loss=-0.001 v_loss=0.000 ent=1.100 msg_acc=0.000 kl=0.0032
[upd  169 | steps   86528 | t  167.4s | sps   517] ret_mean=0.000 ep_len=500.0 pi_loss=-0.007 v_loss=0.000 ent=0.963 msg_acc=0.000 kl=0.0101
[upd  170 | steps   87040 | t  168.0s | sps   518] ret_mean=0.000 ep_len=500.0 pi_loss=-0.005 v_loss=0.000 ent=0.930 msg_acc=0.000 kl=0.0033
[upd  171 | steps   87552 | t  168.6s | sps   519] ret_mean=0.000 ep_len=500.0 pi_loss=-0.004 v_loss=0.000 ent=0.885 msg_acc=0.000 kl=0.0071
[upd  172 | steps   88064 | t  169.4s | sps   520] ret_mean=0.000 ep_len=500.0 pi_loss=-0.001 v_loss=0.000 ent=0.777 msg_acc=0.000 kl=0.0001
[upd  173 | steps   88576 | t  170.1s | sps   521] ret_mean=0.000 ep_len=500.0 pi_loss=-0.005 v_loss=0.003 ent=0.968 msg_acc=0.000 kl=0.0023
[upd  174 | steps   89088 | t  170.7s | sps   522] ret_mean=2.000 ep_len=500.0 pi_loss=-0.006 v_loss=0.004 ent=1.057 msg_acc=0.000 kl=0.0116
[upd  175 | steps   89600 | t  171.3s | sps   523] ret_mean=0.000 ep_len=500.0 pi_loss=-0.004 v_loss=0.013 ent=1.108 msg_acc=0.000 kl=0.0065
[upd  176 | steps   90112 | t  172.0s | sps   524] ret_mean=3.000 ep_len=500.0 pi_loss=-0.004 v_loss=0.000 ent=0.980 msg_acc=0.000 kl=0.0053
[upd  177 | steps   90624 | t  172.6s | sps   525] ret_mean=0.000 ep_len=500.0 pi_loss=-0.004 v_loss=0.000 ent=0.892 msg_acc=0.000 kl=0.0027
[upd  178 | steps   91136 | t  173.2s | sps   526] ret_mean=0.000 ep_len=500.0 pi_loss=-0.002 v_loss=0.000 ent=0.758 msg_acc=0.000 kl=0.0026
[upd  179 | steps   91648 | t  173.7s | sps   528] ret_mean=0.000 ep_len=500.0 pi_loss=-0.003 v_loss=0.000 ent=0.899 msg_acc=0.000 kl=-0.0002
[upd  180 | steps   92160 | t  174.3s | sps   529] ret_mean=0.000 ep_len=500.0 pi_loss=-0.003 v_loss=0.000 ent=1.037 msg_acc=0.000 kl=0.0036
[upd  181 | steps   92672 | t  175.0s | sps   529] ret_mean=0.000 ep_len=500.0 pi_loss=-0.008 v_loss=0.000 ent=0.900 msg_acc=0.000 kl=0.0081
[upd  182 | steps   93184 | t  175.7s | sps   530] ret_mean=0.000 ep_len=500.0 pi_loss=-0.005 v_loss=0.000 ent=0.864 msg_acc=0.000 kl=-0.0005
[upd  183 | steps   93696 | t  176.3s | sps   532] ret_mean=0.000 ep_len=500.0 pi_loss=-0.006 v_loss=0.000 ent=1.013 msg_acc=0.000 kl=0.0024
[upd  184 | steps   94208 | t  176.9s | sps   533] ret_mean=0.000 ep_len=500.0 pi_loss=-0.002 v_loss=0.000 ent=0.673 msg_acc=0.000 kl=-0.0044
[upd  185 | steps   94720 | t  177.5s | sps   534] ret_mean=0.000 ep_len=500.0 pi_loss=0.001 v_loss=0.000 ent=0.676 msg_acc=0.000 kl=0.0033
[upd  186 | steps   95232 | t  178.1s | sps   535] ret_mean=0.000 ep_len=500.0 pi_loss=-0.004 v_loss=0.000 ent=0.704 msg_acc=0.000 kl=0.0143
[upd  187 | steps   95744 | t  178.7s | sps   536] ret_mean=0.000 ep_len=500.0 pi_loss=-0.001 v_loss=0.000 ent=0.510 msg_acc=0.000 kl=-0.0015
[upd  188 | steps   96256 | t  179.2s | sps   537] ret_mean=0.000 ep_len=500.0 pi_loss=-0.006 v_loss=0.000 ent=0.842 msg_acc=0.000 kl=0.0002
[upd  189 | steps   96768 | t  179.8s | sps   538] ret_mean=0.000 ep_len=500.0 pi_loss=-0.010 v_loss=0.000 ent=0.850 msg_acc=0.000 kl=0.0141
[upd  190 | steps   97280 | t  180.4s | sps   539] ret_mean=0.000 ep_len=500.0 pi_loss=-0.001 v_loss=0.000 ent=0.978 msg_acc=0.000 kl=0.0060
[upd  191 | steps   97792 | t  181.0s | sps   540] ret_mean=0.000 ep_len=500.0 pi_loss=-0.008 v_loss=0.000 ent=0.504 msg_acc=0.000 kl=-0.0026
[upd  192 | steps   98304 | t  181.6s | sps   541] ret_mean=0.000 ep_len=500.0 pi_loss=-0.005 v_loss=0.000 ent=0.738 msg_acc=0.000 kl=0.0110
[upd  193 | steps   98816 | t  182.3s | sps   542] ret_mean=0.000 ep_len=500.0 pi_loss=-0.002 v_loss=0.000 ent=0.874 msg_acc=0.000 kl=0.0091
[upd  194 | steps   99328 | t  182.9s | sps   543] ret_mean=0.000 ep_len=500.0 pi_loss=-0.002 v_loss=0.000 ent=0.824 msg_acc=0.000 kl=0.0055
[upd  195 | steps   99840 | t  183.6s | sps   544] ret_mean=0.000 ep_len=500.0 pi_loss=-0.002 v_loss=0.000 ent=0.772 msg_acc=0.000 kl=0.0046
[upd  196 | steps  100352 | t  184.2s | sps   545] ret_mean=0.000 ep_len=500.0 pi_loss=-0.005 v_loss=0.000 ent=0.479 msg_acc=0.000 kl=0.0117
[upd  197 | steps  100864 | t  184.8s | sps   546] ret_mean=0.000 ep_len=500.0 pi_loss=-0.002 v_loss=0.000 ent=0.788 msg_acc=0.000 kl=0.0062
[upd  198 | steps  101376 | t  185.4s | sps   547] ret_mean=0.000 ep_len=500.0 pi_loss=0.000 v_loss=0.000 ent=0.653 msg_acc=0.000 kl=0.0012
[upd  199 | steps  101888 | t  185.9s | sps   548] ret_mean=0.000 ep_len=500.0 pi_loss=-0.008 v_loss=0.000 ent=0.713 msg_acc=0.000 kl=0.0030
[upd  200 | steps  102400 | t  186.5s | sps   549] ret_mean=0.000 ep_len=500.0 pi_loss=-0.006 v_loss=0.000 ent=0.856 msg_acc=0.000 kl=0.0036
        [eval] ret_mean=0.000 ep_len=500.0
