$ /Users/praneelkhiantani/Downloads/cs2860/.venv/bin/python3 -m policies.train --env rware-small-2ag-easy-v2 --seed 1 --updates 200 --rollout 512 --eval-every 50 --eval-episodes 10 --log-dir matrix_results/intent_grounded_v1_pilot/rware-small-2ag-easy-v2 --run-name mappo-intent-aux__dropout-only__d0__s1 --n-msg-tokens 8 --message-grounding rware-intent --message-grounding-coef 0.2 --dropout --dropout-agent 0 --dropout-time 100 --shape-rewards --pickup-bonus 0.5

[env] EnvSpec(env_id='rware-small-2ag-easy-v2', n_agents=2, obs_dim=71, n_env_actions=5, noop_action=0, family='rware')  (n_msg_tokens=8)
[cfg] {'clip_range': 0.2, 'value_clip_range': 0.2, 'entropy_coef': 0.01, 'value_coef': 0.5, 'max_grad_norm': 0.5, 'gamma': 0.99, 'gae_lambda': 0.95, 'lr_actor': 0.0003, 'lr_critic': 0.001, 'update_epochs': 4, 'minibatches': 4, 'hidden': 128, 'depth': 2, 'device': 'cpu', 'message_grounding_coef': 0.2, 'extra': {}}
[log] writing to matrix_results/intent_grounded_v1_pilot/rware-small-2ag-easy-v2/mappo-intent-aux__dropout-only__d0__s1
[upd    1 | steps     512 | t    0.9s | sps   570] ret_mean=0.000 ep_len=500.0 pi_loss=0.011 v_loss=0.019 ent=3.674 msg_acc=0.734 kl=0.0124
[upd    2 | steps    1024 | t    2.7s | sps   382] ret_mean=0.000 ep_len=500.0 pi_loss=0.005 v_loss=0.008 ent=3.646 msg_acc=0.807 kl=0.0094
[upd    3 | steps    1536 | t    4.1s | sps   374] ret_mean=0.000 ep_len=500.0 pi_loss=0.007 v_loss=0.014 ent=3.446 msg_acc=0.920 kl=0.0210
[upd    4 | steps    2048 | t    5.6s | sps   366] ret_mean=1.000 ep_len=500.0 pi_loss=-0.009 v_loss=0.006 ent=3.431 msg_acc=0.137 kl=0.0161
[upd    5 | steps    2560 | t    8.2s | sps   312] ret_mean=0.000 ep_len=500.0 pi_loss=-0.014 v_loss=0.012 ent=3.367 msg_acc=0.480 kl=0.0151
[upd    6 | steps    3072 | t    8.9s | sps   346] ret_mean=1.000 ep_len=500.0 pi_loss=-0.011 v_loss=0.010 ent=3.439 msg_acc=0.697 kl=0.0191
[upd    7 | steps    3584 | t    9.5s | sps   377] ret_mean=4.000 ep_len=500.0 pi_loss=-0.003 v_loss=0.039 ent=3.492 msg_acc=0.293 kl=0.0099
[upd    8 | steps    4096 | t   10.3s | sps   399] ret_mean=0.500 ep_len=500.0 pi_loss=-0.007 v_loss=0.004 ent=3.447 msg_acc=0.549 kl=0.0141
[upd    9 | steps    4608 | t   10.9s | sps   422] ret_mean=0.000 ep_len=500.0 pi_loss=-0.004 v_loss=0.003 ent=3.333 msg_acc=0.518 kl=0.0120
[upd   10 | steps    5120 | t   11.6s | sps   443] ret_mean=0.000 ep_len=500.0 pi_loss=0.007 v_loss=0.003 ent=3.286 msg_acc=0.777 kl=0.0241
[upd   11 | steps    5632 | t   12.2s | sps   461] ret_mean=0.500 ep_len=500.0 pi_loss=-0.003 v_loss=0.001 ent=3.056 msg_acc=0.805 kl=0.0062
[upd   12 | steps    6144 | t   13.9s | sps   443] ret_mean=0.000 ep_len=500.0 pi_loss=-0.006 v_loss=0.001 ent=2.930 msg_acc=0.840 kl=0.0162
[upd   13 | steps    6656 | t   15.5s | sps   430] ret_mean=0.000 ep_len=500.0 pi_loss=0.007 v_loss=0.002 ent=2.874 msg_acc=0.289 kl=0.0111
[upd   14 | steps    7168 | t   17.2s | sps   417] ret_mean=0.000 ep_len=500.0 pi_loss=-0.002 v_loss=0.005 ent=2.837 msg_acc=0.785 kl=0.0108
[upd   15 | steps    7680 | t   18.8s | sps   408] ret_mean=0.000 ep_len=500.0 pi_loss=0.006 v_loss=0.001 ent=2.987 msg_acc=0.515 kl=0.0240
[upd   16 | steps    8192 | t   20.5s | sps   400] ret_mean=0.000 ep_len=500.0 pi_loss=-0.006 v_loss=0.032 ent=2.704 msg_acc=0.686 kl=0.0194
[upd   17 | steps    8704 | t   22.2s | sps   393] ret_mean=5.000 ep_len=500.0 pi_loss=0.004 v_loss=0.009 ent=2.926 msg_acc=0.454 kl=0.0180
[upd   18 | steps    9216 | t   23.7s | sps   388] ret_mean=0.000 ep_len=500.0 pi_loss=-0.001 v_loss=0.002 ent=2.750 msg_acc=0.545 kl=0.0044
[upd   19 | steps    9728 | t   24.5s | sps   397] ret_mean=0.000 ep_len=500.0 pi_loss=-0.007 v_loss=0.029 ent=2.674 msg_acc=0.834 kl=0.0063
[upd   20 | steps   10240 | t   25.2s | sps   406] ret_mean=2.500 ep_len=500.0 pi_loss=-0.007 v_loss=0.002 ent=2.761 msg_acc=0.782 kl=-0.0002
[upd   21 | steps   10752 | t   26.0s | sps   414] ret_mean=0.000 ep_len=500.0 pi_loss=-0.010 v_loss=0.003 ent=2.817 msg_acc=0.684 kl=0.0186
[upd   22 | steps   11264 | t   26.8s | sps   420] ret_mean=0.000 ep_len=500.0 pi_loss=-0.001 v_loss=0.002 ent=2.743 msg_acc=0.560 kl=0.0096
[upd   23 | steps   11776 | t   29.3s | sps   402] ret_mean=0.000 ep_len=500.0 pi_loss=-0.008 v_loss=0.001 ent=2.623 msg_acc=0.603 kl=0.0005
[upd   24 | steps   12288 | t   31.3s | sps   393] ret_mean=0.000 ep_len=500.0 pi_loss=-0.010 v_loss=0.001 ent=2.598 msg_acc=0.781 kl=0.0043
[upd   25 | steps   12800 | t   33.8s | sps   378] ret_mean=0.000 ep_len=500.0 pi_loss=-0.002 v_loss=0.003 ent=2.790 msg_acc=0.612 kl=0.0060
[upd   26 | steps   13312 | t   35.1s | sps   379] ret_mean=0.500 ep_len=500.0 pi_loss=-0.013 v_loss=0.001 ent=2.784 msg_acc=0.470 kl=0.0080
[upd   27 | steps   13824 | t   36.2s | sps   382] ret_mean=0.000 ep_len=500.0 pi_loss=-0.003 v_loss=0.000 ent=2.517 msg_acc=0.850 kl=0.0231
[upd   28 | steps   14336 | t   37.9s | sps   378] ret_mean=0.000 ep_len=500.0 pi_loss=-0.006 v_loss=0.001 ent=2.496 msg_acc=0.689 kl=0.0233
[upd   29 | steps   14848 | t   38.8s | sps   383] ret_mean=0.000 ep_len=500.0 pi_loss=-0.007 v_loss=0.001 ent=2.474 msg_acc=0.810 kl=0.0081
[upd   30 | steps   15360 | t   39.6s | sps   388] ret_mean=0.000 ep_len=500.0 pi_loss=-0.012 v_loss=0.005 ent=2.316 msg_acc=0.749 kl=0.0094
[upd   31 | steps   15872 | t   40.4s | sps   393] ret_mean=1.000 ep_len=500.0 pi_loss=-0.004 v_loss=0.001 ent=2.540 msg_acc=0.629 kl=0.0119
[upd   32 | steps   16384 | t   42.3s | sps   387] ret_mean=0.000 ep_len=500.0 pi_loss=-0.002 v_loss=0.000 ent=2.368 msg_acc=0.783 kl=0.0081
[upd   33 | steps   16896 | t   43.2s | sps   391] ret_mean=0.000 ep_len=500.0 pi_loss=0.003 v_loss=0.001 ent=2.465 msg_acc=0.565 kl=0.0086
[upd   34 | steps   17408 | t   44.0s | sps   395] ret_mean=0.000 ep_len=500.0 pi_loss=-0.004 v_loss=0.001 ent=2.162 msg_acc=0.847 kl=-0.0024
[upd   35 | steps   17920 | t   45.9s | sps   390] ret_mean=0.000 ep_len=500.0 pi_loss=-0.004 v_loss=0.001 ent=2.384 msg_acc=0.679 kl=0.0087
[upd   36 | steps   18432 | t   47.2s | sps   391] ret_mean=0.000 ep_len=500.0 pi_loss=-0.013 v_loss=0.001 ent=2.321 msg_acc=0.666 kl=0.0165
[upd   37 | steps   18944 | t   48.1s | sps   394] ret_mean=0.000 ep_len=500.0 pi_loss=-0.009 v_loss=0.001 ent=2.188 msg_acc=0.847 kl=0.0044
[upd   38 | steps   19456 | t   50.6s | sps   384] ret_mean=0.000 ep_len=500.0 pi_loss=0.013 v_loss=0.001 ent=2.592 msg_acc=0.315 kl=0.0346
[upd   39 | steps   19968 | t   53.0s | sps   377] ret_mean=0.000 ep_len=500.0 pi_loss=-0.009 v_loss=0.003 ent=2.238 msg_acc=0.850 kl=0.0018
[upd   40 | steps   20480 | t   54.3s | sps   377] ret_mean=0.500 ep_len=500.0 pi_loss=-0.003 v_loss=0.001 ent=2.346 msg_acc=0.615 kl=0.0160
[upd   41 | steps   20992 | t   55.0s | sps   381] ret_mean=0.000 ep_len=500.0 pi_loss=-0.005 v_loss=0.001 ent=2.535 msg_acc=0.501 kl=0.0088
[upd   42 | steps   21504 | t   55.8s | sps   385] ret_mean=0.250 ep_len=500.0 pi_loss=-0.011 v_loss=0.001 ent=2.185 msg_acc=0.900 kl=0.0169
[upd   43 | steps   22016 | t   57.7s | sps   382] ret_mean=0.000 ep_len=500.0 pi_loss=-0.013 v_loss=0.001 ent=2.394 msg_acc=0.694 kl=0.0111
[upd   44 | steps   22528 | t   60.0s | sps   376] ret_mean=1.500 ep_len=500.0 pi_loss=-0.010 v_loss=0.008 ent=2.135 msg_acc=0.757 kl=0.0114
[upd   45 | steps   23040 | t   61.6s | sps   374] ret_mean=0.500 ep_len=500.0 pi_loss=-0.007 v_loss=0.003 ent=2.718 msg_acc=0.488 kl=0.0160
[upd   46 | steps   23552 | t   64.1s | sps   368] ret_mean=0.000 ep_len=500.0 pi_loss=-0.008 v_loss=0.001 ent=2.204 msg_acc=0.787 kl=0.0095
[upd   47 | steps   24064 | t   65.9s | sps   365] ret_mean=0.000 ep_len=500.0 pi_loss=-0.009 v_loss=0.001 ent=2.153 msg_acc=0.814 kl=0.0064
[upd   48 | steps   24576 | t   67.7s | sps   363] ret_mean=0.000 ep_len=500.0 pi_loss=-0.009 v_loss=0.000 ent=2.344 msg_acc=0.695 kl=0.0125
[upd   49 | steps   25088 | t   69.4s | sps   361] ret_mean=0.000 ep_len=500.0 pi_loss=0.001 v_loss=0.001 ent=2.469 msg_acc=0.445 kl=0.0174
[upd   50 | steps   25600 | t   71.1s | sps   360] ret_mean=0.000 ep_len=500.0 pi_loss=-0.010 v_loss=0.000 ent=2.094 msg_acc=0.760 kl=0.0144
        [eval] ret_mean=0.000 ep_len=500.0
[upd   51 | steps   26112 | t   81.9s | sps   319] ret_mean=0.000 ep_len=500.0 pi_loss=-0.010 v_loss=0.000 ent=1.988 msg_acc=0.872 kl=0.0039
[upd   52 | steps   26624 | t   82.7s | sps   322] ret_mean=0.000 ep_len=500.0 pi_loss=-0.007 v_loss=0.000 ent=2.118 msg_acc=0.886 kl=0.0086
[upd   53 | steps   27136 | t   84.2s | sps   322] ret_mean=0.000 ep_len=500.0 pi_loss=-0.012 v_loss=0.000 ent=2.004 msg_acc=0.718 kl=0.0089
[upd   54 | steps   27648 | t   84.9s | sps   326] ret_mean=0.000 ep_len=500.0 pi_loss=-0.007 v_loss=0.001 ent=2.387 msg_acc=0.637 kl=0.0011
[upd   55 | steps   28160 | t   86.6s | sps   325] ret_mean=1.000 ep_len=500.0 pi_loss=-0.006 v_loss=0.002 ent=2.072 msg_acc=0.821 kl=0.0167
[upd   56 | steps   28672 | t   88.2s | sps   325] ret_mean=0.000 ep_len=500.0 pi_loss=-0.014 v_loss=0.000 ent=1.922 msg_acc=0.878 kl=0.0156
[upd   57 | steps   29184 | t   89.8s | sps   325] ret_mean=0.000 ep_len=500.0 pi_loss=-0.013 v_loss=0.000 ent=1.812 msg_acc=0.800 kl=0.0098
[upd   58 | steps   29696 | t   91.3s | sps   325] ret_mean=0.000 ep_len=500.0 pi_loss=-0.005 v_loss=0.000 ent=1.803 msg_acc=0.876 kl=0.0026
[upd   59 | steps   30208 | t   92.9s | sps   325] ret_mean=0.000 ep_len=500.0 pi_loss=-0.011 v_loss=0.000 ent=1.644 msg_acc=0.909 kl=-0.0031
[upd   60 | steps   30720 | t   94.5s | sps   325] ret_mean=0.000 ep_len=500.0 pi_loss=-0.007 v_loss=0.000 ent=1.666 msg_acc=0.874 kl=0.0070
[upd   61 | steps   31232 | t   96.0s | sps   325] ret_mean=0.000 ep_len=500.0 pi_loss=-0.011 v_loss=0.000 ent=1.478 msg_acc=0.919 kl=0.0096
[upd   62 | steps   31744 | t   97.8s | sps   325] ret_mean=0.000 ep_len=500.0 pi_loss=-0.010 v_loss=0.001 ent=1.812 msg_acc=0.692 kl=0.0142
[upd   63 | steps   32256 | t   98.7s | sps   327] ret_mean=0.500 ep_len=500.0 pi_loss=-0.004 v_loss=0.000 ent=1.896 msg_acc=0.735 kl=0.0106
[upd   64 | steps   32768 | t   99.4s | sps   330] ret_mean=0.500 ep_len=500.0 pi_loss=-0.008 v_loss=0.002 ent=2.332 msg_acc=0.569 kl=0.0123
[upd   65 | steps   33280 | t  100.0s | sps   333] ret_mean=0.000 ep_len=500.0 pi_loss=-0.009 v_loss=0.001 ent=1.749 msg_acc=0.830 kl=0.0083
[upd   66 | steps   33792 | t  100.7s | sps   336] ret_mean=0.000 ep_len=500.0 pi_loss=-0.007 v_loss=0.003 ent=1.939 msg_acc=0.800 kl=0.0058
[upd   67 | steps   34304 | t  101.3s | sps   339] ret_mean=1.000 ep_len=500.0 pi_loss=-0.007 v_loss=0.001 ent=1.583 msg_acc=0.875 kl=0.0113
[upd   68 | steps   34816 | t  101.9s | sps   342] ret_mean=0.000 ep_len=500.0 pi_loss=-0.012 v_loss=0.001 ent=1.664 msg_acc=0.842 kl=0.0115
[upd   69 | steps   35328 | t  102.5s | sps   344] ret_mean=0.000 ep_len=500.0 pi_loss=-0.009 v_loss=0.000 ent=1.512 msg_acc=0.796 kl=0.0102
[upd   70 | steps   35840 | t  103.2s | sps   347] ret_mean=0.000 ep_len=500.0 pi_loss=-0.009 v_loss=0.001 ent=1.472 msg_acc=0.822 kl=-0.0015
[upd   71 | steps   36352 | t  103.8s | sps   350] ret_mean=0.500 ep_len=500.0 pi_loss=-0.009 v_loss=0.000 ent=2.164 msg_acc=0.729 kl=0.0210
[upd   72 | steps   36864 | t  104.5s | sps   353] ret_mean=0.000 ep_len=500.0 pi_loss=0.002 v_loss=0.000 ent=2.566 msg_acc=0.604 kl=0.0183
[upd   73 | steps   37376 | t  105.2s | sps   355] ret_mean=0.000 ep_len=500.0 pi_loss=-0.010 v_loss=0.000 ent=1.594 msg_acc=0.960 kl=-0.0013
[upd   74 | steps   37888 | t  105.9s | sps   358] ret_mean=0.000 ep_len=500.0 pi_loss=-0.004 v_loss=0.000 ent=2.111 msg_acc=0.653 kl=0.0183
[upd   75 | steps   38400 | t  106.5s | sps   360] ret_mean=0.000 ep_len=500.0 pi_loss=-0.009 v_loss=0.001 ent=1.885 msg_acc=0.787 kl=0.0123
[upd   76 | steps   38912 | t  107.2s | sps   363] ret_mean=0.000 ep_len=500.0 pi_loss=-0.004 v_loss=0.000 ent=1.624 msg_acc=0.850 kl=0.0028
[upd   77 | steps   39424 | t  107.8s | sps   366] ret_mean=0.000 ep_len=500.0 pi_loss=-0.011 v_loss=0.005 ent=1.607 msg_acc=0.882 kl=0.0033
[upd   78 | steps   39936 | t  108.5s | sps   368] ret_mean=1.000 ep_len=500.0 pi_loss=-0.012 v_loss=0.015 ent=1.647 msg_acc=0.835 kl=-0.0010
[upd   79 | steps   40448 | t  109.1s | sps   371] ret_mean=2.000 ep_len=500.0 pi_loss=-0.012 v_loss=0.001 ent=2.092 msg_acc=0.859 kl=0.0147
[upd   80 | steps   40960 | t  109.8s | sps   373] ret_mean=0.000 ep_len=500.0 pi_loss=-0.010 v_loss=0.008 ent=1.869 msg_acc=0.957 kl=0.0241
[upd   81 | steps   41472 | t  110.4s | sps   376] ret_mean=2.500 ep_len=500.0 pi_loss=-0.000 v_loss=0.018 ent=1.885 msg_acc=0.828 kl=0.0011
[upd   82 | steps   41984 | t  111.0s | sps   378] ret_mean=0.000 ep_len=500.0 pi_loss=-0.008 v_loss=0.022 ent=1.686 msg_acc=0.780 kl=0.0001
[upd   83 | steps   42496 | t  111.6s | sps   381] ret_mean=2.500 ep_len=500.0 pi_loss=-0.006 v_loss=0.001 ent=1.567 msg_acc=0.959 kl=0.0260
[upd   84 | steps   43008 | t  112.3s | sps   383] ret_mean=0.000 ep_len=500.0 pi_loss=-0.007 v_loss=0.001 ent=1.999 msg_acc=0.672 kl=0.0218
[upd   85 | steps   43520 | t  113.0s | sps   385] ret_mean=0.000 ep_len=500.0 pi_loss=-0.000 v_loss=0.006 ent=2.400 msg_acc=0.673 kl=0.0274
[upd   86 | steps   44032 | t  113.7s | sps   387] ret_mean=1.000 ep_len=500.0 pi_loss=-0.004 v_loss=0.001 ent=1.771 msg_acc=0.779 kl=0.0060
[upd   87 | steps   44544 | t  114.3s | sps   390] ret_mean=0.000 ep_len=500.0 pi_loss=-0.005 v_loss=0.001 ent=2.344 msg_acc=0.479 kl=0.0126
[upd   88 | steps   45056 | t  115.0s | sps   392] ret_mean=0.000 ep_len=500.0 pi_loss=-0.013 v_loss=0.001 ent=1.573 msg_acc=0.833 kl=0.0179
[upd   89 | steps   45568 | t  115.6s | sps   394] ret_mean=0.000 ep_len=500.0 pi_loss=-0.008 v_loss=0.001 ent=1.912 msg_acc=0.805 kl=0.0215
[upd   90 | steps   46080 | t  116.2s | sps   397] ret_mean=0.000 ep_len=500.0 pi_loss=-0.009 v_loss=0.000 ent=1.825 msg_acc=0.697 kl=0.0038
[upd   91 | steps   46592 | t  116.8s | sps   399] ret_mean=0.000 ep_len=500.0 pi_loss=-0.013 v_loss=0.000 ent=2.320 msg_acc=0.759 kl=0.0178
[upd   92 | steps   47104 | t  117.6s | sps   400] ret_mean=0.000 ep_len=500.0 pi_loss=-0.008 v_loss=0.000 ent=1.671 msg_acc=0.879 kl=0.0038
[upd   93 | steps   47616 | t  118.6s | sps   402] ret_mean=0.000 ep_len=500.0 pi_loss=-0.008 v_loss=0.000 ent=1.782 msg_acc=0.763 kl=0.0034
[upd   94 | steps   48128 | t  121.3s | sps   397] ret_mean=0.000 ep_len=500.0 pi_loss=-0.012 v_loss=0.000 ent=1.675 msg_acc=0.915 kl=0.0198
[upd   95 | steps   48640 | t  123.4s | sps   394] ret_mean=0.500 ep_len=500.0 pi_loss=0.050 v_loss=0.002 ent=2.091 msg_acc=0.314 kl=0.1677
[upd   96 | steps   49152 | t  125.0s | sps   393] ret_mean=4.500 ep_len=500.0 pi_loss=0.023 v_loss=0.048 ent=2.870 msg_acc=0.234 kl=0.0406
[upd   97 | steps   49664 | t  126.5s | sps   393] ret_mean=0.000 ep_len=500.0 pi_loss=-0.001 v_loss=0.001 ent=2.188 msg_acc=0.857 kl=0.0192
[upd   98 | steps   50176 | t  128.1s | sps   392] ret_mean=0.000 ep_len=500.0 pi_loss=0.000 v_loss=0.001 ent=2.443 msg_acc=0.939 kl=0.0136
[upd   99 | steps   50688 | t  129.8s | sps   391] ret_mean=0.000 ep_len=500.0 pi_loss=0.004 v_loss=0.001 ent=2.344 msg_acc=0.871 kl=0.0240
[upd  100 | steps   51200 | t  131.4s | sps   390] ret_mean=1.500 ep_len=500.0 pi_loss=0.002 v_loss=0.009 ent=2.765 msg_acc=0.461 kl=0.0243
        [eval] ret_mean=0.150 ep_len=500.0
[upd  101 | steps   51712 | t  146.1s | sps   354] ret_mean=0.500 ep_len=500.0 pi_loss=-0.002 v_loss=0.002 ent=2.749 msg_acc=0.791 kl=0.0094
[upd  102 | steps   52224 | t  147.7s | sps   353] ret_mean=0.000 ep_len=500.0 pi_loss=-0.009 v_loss=0.001 ent=1.917 msg_acc=0.877 kl=0.0195
[upd  103 | steps   52736 | t  149.2s | sps   353] ret_mean=0.000 ep_len=500.0 pi_loss=-0.011 v_loss=0.001 ent=1.659 msg_acc=0.833 kl=0.0152
[upd  104 | steps   53248 | t  150.8s | sps   353] ret_mean=0.500 ep_len=500.0 pi_loss=-0.011 v_loss=0.001 ent=1.566 msg_acc=0.931 kl=0.0022
[upd  105 | steps   53760 | t  152.6s | sps   352] ret_mean=3.500 ep_len=500.0 pi_loss=-0.011 v_loss=0.018 ent=2.089 msg_acc=0.668 kl=0.0077
[upd  106 | steps   54272 | t  154.2s | sps   352] ret_mean=2.000 ep_len=500.0 pi_loss=-0.011 v_loss=0.023 ent=1.879 msg_acc=0.792 kl=0.0141
[upd  107 | steps   54784 | t  155.7s | sps   352] ret_mean=0.500 ep_len=500.0 pi_loss=0.002 v_loss=0.048 ent=2.439 msg_acc=0.757 kl=0.0150
[upd  108 | steps   55296 | t  157.4s | sps   351] ret_mean=4.500 ep_len=500.0 pi_loss=0.008 v_loss=0.006 ent=2.363 msg_acc=0.292 kl=0.0724
[upd  109 | steps   55808 | t  159.1s | sps   351] ret_mean=0.000 ep_len=500.0 pi_loss=-0.003 v_loss=0.013 ent=1.947 msg_acc=0.866 kl=0.0040
[upd  110 | steps   56320 | t  160.9s | sps   350] ret_mean=1.500 ep_len=500.0 pi_loss=-0.001 v_loss=0.002 ent=2.338 msg_acc=0.841 kl=0.0157
[upd  111 | steps   56832 | t  162.5s | sps   350] ret_mean=0.000 ep_len=500.0 pi_loss=-0.007 v_loss=0.001 ent=2.325 msg_acc=0.714 kl=0.0144
[upd  112 | steps   57344 | t  164.2s | sps   349] ret_mean=0.000 ep_len=500.0 pi_loss=-0.002 v_loss=0.003 ent=2.441 msg_acc=0.649 kl=0.0127
[upd  113 | steps   57856 | t  165.9s | sps   349] ret_mean=0.500 ep_len=500.0 pi_loss=-0.009 v_loss=0.002 ent=2.055 msg_acc=0.877 kl=0.0016
[upd  114 | steps   58368 | t  167.6s | sps   348] ret_mean=0.500 ep_len=500.0 pi_loss=-0.008 v_loss=0.001 ent=2.349 msg_acc=0.695 kl=0.0138
[upd  115 | steps   58880 | t  169.3s | sps   348] ret_mean=0.000 ep_len=500.0 pi_loss=-0.012 v_loss=0.000 ent=2.631 msg_acc=0.454 kl=0.0171
[upd  116 | steps   59392 | t  170.9s | sps   348] ret_mean=2.000 ep_len=500.0 pi_loss=0.005 v_loss=0.023 ent=2.721 msg_acc=0.581 kl=0.0141
[upd  117 | steps   59904 | t  172.8s | sps   347] ret_mean=0.000 ep_len=500.0 pi_loss=-0.008 v_loss=0.001 ent=2.174 msg_acc=0.768 kl=0.0171
[upd  118 | steps   60416 | t  174.4s | sps   346] ret_mean=0.000 ep_len=500.0 pi_loss=-0.007 v_loss=0.001 ent=2.353 msg_acc=0.615 kl=0.0207
[upd  119 | steps   60928 | t  176.0s | sps   346] ret_mean=0.000 ep_len=500.0 pi_loss=-0.013 v_loss=0.000 ent=2.047 msg_acc=0.761 kl=0.0084
[upd  120 | steps   61440 | t  177.6s | sps   346] ret_mean=0.000 ep_len=500.0 pi_loss=-0.011 v_loss=0.006 ent=1.684 msg_acc=0.747 kl=0.0013
[upd  121 | steps   61952 | t  179.2s | sps   346] ret_mean=1.000 ep_len=500.0 pi_loss=-0.007 v_loss=0.004 ent=1.705 msg_acc=0.805 kl=0.0053
[upd  122 | steps   62464 | t  180.7s | sps   346] ret_mean=1.000 ep_len=500.0 pi_loss=-0.015 v_loss=0.001 ent=2.234 msg_acc=0.626 kl=0.0190
[upd  123 | steps   62976 | t  182.4s | sps   345] ret_mean=0.000 ep_len=500.0 pi_loss=-0.000 v_loss=0.001 ent=2.127 msg_acc=0.738 kl=0.0059
[upd  124 | steps   63488 | t  184.0s | sps   345] ret_mean=0.000 ep_len=500.0 pi_loss=-0.002 v_loss=0.000 ent=2.701 msg_acc=0.495 kl=0.0168
[upd  125 | steps   64000 | t  185.6s | sps   345] ret_mean=0.000 ep_len=500.0 pi_loss=-0.001 v_loss=0.002 ent=2.629 msg_acc=0.329 kl=0.0091
[upd  126 | steps   64512 | t  187.3s | sps   344] ret_mean=0.500 ep_len=500.0 pi_loss=-0.005 v_loss=0.000 ent=1.921 msg_acc=0.898 kl=0.0103
[upd  127 | steps   65024 | t  188.9s | sps   344] ret_mean=0.000 ep_len=500.0 pi_loss=-0.007 v_loss=0.001 ent=1.937 msg_acc=0.737 kl=0.0028
[upd  128 | steps   65536 | t  190.6s | sps   344] ret_mean=0.500 ep_len=500.0 pi_loss=-0.010 v_loss=0.000 ent=1.506 msg_acc=0.978 kl=0.0038
[upd  129 | steps   66048 | t  192.1s | sps   344] ret_mean=0.000 ep_len=500.0 pi_loss=-0.010 v_loss=0.000 ent=1.606 msg_acc=0.763 kl=0.0097
[upd  130 | steps   66560 | t  194.8s | sps   342] ret_mean=0.000 ep_len=500.0 pi_loss=-0.007 v_loss=0.000 ent=2.023 msg_acc=0.809 kl=0.0139
[upd  131 | steps   67072 | t  196.6s | sps   341] ret_mean=0.000 ep_len=500.0 pi_loss=-0.014 v_loss=0.001 ent=2.418 msg_acc=0.675 kl=0.0084
[upd  132 | steps   67584 | t  199.1s | sps   339] ret_mean=0.000 ep_len=500.0 pi_loss=-0.009 v_loss=0.000 ent=2.241 msg_acc=0.797 kl=0.0161
[upd  133 | steps   68096 | t  201.3s | sps   338] ret_mean=0.000 ep_len=500.0 pi_loss=-0.006 v_loss=0.046 ent=2.281 msg_acc=0.426 kl=0.0152
[upd  134 | steps   68608 | t  203.7s | sps   337] ret_mean=3.500 ep_len=500.0 pi_loss=-0.008 v_loss=0.001 ent=1.532 msg_acc=0.787 kl=0.0052
[upd  135 | steps   69120 | t  205.1s | sps   337] ret_mean=0.000 ep_len=500.0 pi_loss=-0.015 v_loss=0.000 ent=1.684 msg_acc=0.717 kl=0.0029
[upd  136 | steps   69632 | t  206.2s | sps   338] ret_mean=0.000 ep_len=500.0 pi_loss=-0.002 v_loss=0.001 ent=2.345 msg_acc=0.638 kl=0.0119
[upd  137 | steps   70144 | t  208.1s | sps   337] ret_mean=0.000 ep_len=500.0 pi_loss=-0.005 v_loss=0.001 ent=2.453 msg_acc=0.583 kl=0.0072
[upd  138 | steps   70656 | t  210.0s | sps   337] ret_mean=0.000 ep_len=500.0 pi_loss=-0.011 v_loss=0.006 ent=2.461 msg_acc=0.480 kl=0.0178
[upd  139 | steps   71168 | t  211.4s | sps   337] ret_mean=1.000 ep_len=500.0 pi_loss=-0.001 v_loss=0.000 ent=2.237 msg_acc=0.578 kl=0.0048
[upd  140 | steps   71680 | t  213.4s | sps   336] ret_mean=0.000 ep_len=500.0 pi_loss=-0.009 v_loss=0.042 ent=2.272 msg_acc=0.536 kl=0.0134
[upd  141 | steps   72192 | t  215.5s | sps   335] ret_mean=3.000 ep_len=500.0 pi_loss=0.003 v_loss=0.001 ent=2.626 msg_acc=0.286 kl=0.0051
[upd  142 | steps   72704 | t  217.3s | sps   335] ret_mean=0.000 ep_len=500.0 pi_loss=-0.006 v_loss=0.000 ent=1.323 msg_acc=0.969 kl=0.0026
[upd  143 | steps   73216 | t  220.9s | sps   331] ret_mean=0.000 ep_len=500.0 pi_loss=-0.014 v_loss=0.000 ent=1.451 msg_acc=0.826 kl=-0.0034
[upd  144 | steps   73728 | t  221.7s | sps   333] ret_mean=0.000 ep_len=500.0 pi_loss=-0.006 v_loss=0.000 ent=2.458 msg_acc=0.687 kl=0.0098
[upd  145 | steps   74240 | t  222.5s | sps   334] ret_mean=0.000 ep_len=500.0 pi_loss=-0.003 v_loss=0.000 ent=2.276 msg_acc=0.690 kl=0.0011
[upd  146 | steps   74752 | t  223.4s | sps   335] ret_mean=0.000 ep_len=500.0 pi_loss=0.005 v_loss=0.000 ent=2.591 msg_acc=0.250 kl=0.0179
[upd  147 | steps   75264 | t  224.5s | sps   335] ret_mean=2.000 ep_len=500.0 pi_loss=-0.011 v_loss=0.060 ent=2.280 msg_acc=0.716 kl=-0.0007
[upd  148 | steps   75776 | t  226.2s | sps   335] ret_mean=3.500 ep_len=500.0 pi_loss=-0.007 v_loss=0.024 ent=2.428 msg_acc=0.388 kl=0.0095
[upd  149 | steps   76288 | t  227.0s | sps   336] ret_mean=3.500 ep_len=500.0 pi_loss=-0.006 v_loss=0.002 ent=2.635 msg_acc=0.562 kl=0.0057
[upd  150 | steps   76800 | t  227.7s | sps   337] ret_mean=0.000 ep_len=500.0 pi_loss=-0.009 v_loss=0.000 ent=1.756 msg_acc=0.842 kl=0.0033
        [eval] ret_mean=0.000 ep_len=500.0
[upd  151 | steps   77312 | t  236.6s | sps   327] ret_mean=0.000 ep_len=500.0 pi_loss=-0.009 v_loss=0.000 ent=1.791 msg_acc=0.591 kl=0.0079
[upd  152 | steps   77824 | t  237.6s | sps   328] ret_mean=1.000 ep_len=500.0 pi_loss=-0.005 v_loss=0.003 ent=1.800 msg_acc=0.745 kl=0.0047
[upd  153 | steps   78336 | t  238.3s | sps   329] ret_mean=5.000 ep_len=500.0 pi_loss=-0.002 v_loss=0.085 ent=2.703 msg_acc=0.615 kl=0.0141
[upd  154 | steps   78848 | t  239.0s | sps   330] ret_mean=4.000 ep_len=500.0 pi_loss=-0.012 v_loss=0.024 ent=2.068 msg_acc=0.649 kl=0.0078
[upd  155 | steps   79360 | t  239.6s | sps   331] ret_mean=0.000 ep_len=500.0 pi_loss=-0.007 v_loss=0.005 ent=1.606 msg_acc=0.819 kl=-0.0037
[upd  156 | steps   79872 | t  240.3s | sps   332] ret_mean=0.500 ep_len=500.0 pi_loss=-0.009 v_loss=0.002 ent=1.784 msg_acc=0.683 kl=0.0036
[upd  157 | steps   80384 | t  241.1s | sps   333] ret_mean=0.000 ep_len=500.0 pi_loss=-0.014 v_loss=0.001 ent=1.801 msg_acc=0.900 kl=0.0181
[upd  158 | steps   80896 | t  242.0s | sps   334] ret_mean=0.000 ep_len=500.0 pi_loss=-0.012 v_loss=0.001 ent=1.586 msg_acc=0.835 kl=0.0235
[upd  159 | steps   81408 | t  243.0s | sps   335] ret_mean=0.000 ep_len=500.0 pi_loss=-0.007 v_loss=0.001 ent=1.735 msg_acc=0.781 kl=0.0098
[upd  160 | steps   81920 | t  243.7s | sps   336] ret_mean=1.000 ep_len=500.0 pi_loss=-0.015 v_loss=0.010 ent=2.481 msg_acc=0.516 kl=0.0253
[upd  161 | steps   82432 | t  244.4s | sps   337] ret_mean=1.000 ep_len=500.0 pi_loss=-0.005 v_loss=0.002 ent=1.753 msg_acc=0.868 kl=0.0089
[upd  162 | steps   82944 | t  245.2s | sps   338] ret_mean=0.000 ep_len=500.0 pi_loss=-0.006 v_loss=0.001 ent=1.810 msg_acc=0.630 kl=0.0218
[upd  163 | steps   83456 | t  245.9s | sps   339] ret_mean=0.000 ep_len=500.0 pi_loss=-0.014 v_loss=0.001 ent=1.890 msg_acc=0.697 kl=0.0037
[upd  164 | steps   83968 | t  246.6s | sps   340] ret_mean=0.000 ep_len=500.0 pi_loss=-0.005 v_loss=0.001 ent=2.403 msg_acc=0.474 kl=0.0006
[upd  165 | steps   84480 | t  247.4s | sps   341] ret_mean=0.000 ep_len=500.0 pi_loss=-0.007 v_loss=0.000 ent=1.895 msg_acc=0.577 kl=0.0239
[upd  166 | steps   84992 | t  248.2s | sps   342] ret_mean=0.000 ep_len=500.0 pi_loss=-0.008 v_loss=0.000 ent=2.536 msg_acc=0.401 kl=0.0045
[upd  167 | steps   85504 | t  249.0s | sps   343] ret_mean=0.000 ep_len=500.0 pi_loss=-0.003 v_loss=0.000 ent=2.424 msg_acc=0.485 kl=0.0059
[upd  168 | steps   86016 | t  249.7s | sps   344] ret_mean=0.000 ep_len=500.0 pi_loss=-0.013 v_loss=0.001 ent=2.247 msg_acc=0.549 kl=0.0062
[upd  169 | steps   86528 | t  250.3s | sps   346] ret_mean=1.500 ep_len=500.0 pi_loss=-0.003 v_loss=0.002 ent=1.911 msg_acc=0.772 kl=0.0229
[upd  170 | steps   87040 | t  251.0s | sps   347] ret_mean=0.000 ep_len=500.0 pi_loss=-0.015 v_loss=0.000 ent=1.329 msg_acc=0.815 kl=0.0094
[upd  171 | steps   87552 | t  251.6s | sps   348] ret_mean=0.000 ep_len=500.0 pi_loss=-0.009 v_loss=0.002 ent=1.616 msg_acc=0.943 kl=0.0082
[upd  172 | steps   88064 | t  252.5s | sps   349] ret_mean=0.500 ep_len=500.0 pi_loss=-0.010 v_loss=0.000 ent=1.807 msg_acc=0.677 kl=-0.0045
[upd  173 | steps   88576 | t  253.1s | sps   350] ret_mean=0.000 ep_len=500.0 pi_loss=-0.011 v_loss=0.000 ent=1.741 msg_acc=0.922 kl=0.0087
[upd  174 | steps   89088 | t  253.8s | sps   351] ret_mean=0.000 ep_len=500.0 pi_loss=-0.012 v_loss=0.000 ent=1.961 msg_acc=0.880 kl=0.0093
[upd  175 | steps   89600 | t  254.6s | sps   352] ret_mean=0.000 ep_len=500.0 pi_loss=-0.010 v_loss=0.000 ent=2.002 msg_acc=0.593 kl=0.0143
[upd  176 | steps   90112 | t  255.3s | sps   353] ret_mean=0.000 ep_len=500.0 pi_loss=-0.005 v_loss=0.000 ent=2.284 msg_acc=0.583 kl=0.0033
[upd  177 | steps   90624 | t  256.3s | sps   354] ret_mean=4.500 ep_len=500.0 pi_loss=-0.004 v_loss=0.112 ent=2.591 msg_acc=0.694 kl=0.0106
[upd  178 | steps   91136 | t  257.1s | sps   354] ret_mean=2.000 ep_len=500.0 pi_loss=-0.013 v_loss=0.001 ent=2.142 msg_acc=0.665 kl=0.0199
[upd  179 | steps   91648 | t  257.8s | sps   356] ret_mean=0.000 ep_len=500.0 pi_loss=-0.009 v_loss=0.001 ent=1.943 msg_acc=0.838 kl=0.0017
[upd  180 | steps   92160 | t  258.5s | sps   357] ret_mean=0.000 ep_len=500.0 pi_loss=-0.005 v_loss=0.036 ent=2.018 msg_acc=0.637 kl=0.0103
[upd  181 | steps   92672 | t  259.2s | sps   358] ret_mean=3.500 ep_len=500.0 pi_loss=-0.004 v_loss=0.002 ent=2.165 msg_acc=0.809 kl=0.0142
[upd  182 | steps   93184 | t  259.9s | sps   359] ret_mean=0.000 ep_len=500.0 pi_loss=-0.004 v_loss=0.002 ent=1.973 msg_acc=0.718 kl=-0.0013
[upd  183 | steps   93696 | t  260.6s | sps   360] ret_mean=0.000 ep_len=500.0 pi_loss=-0.012 v_loss=0.001 ent=2.222 msg_acc=0.336 kl=0.0089
[upd  184 | steps   94208 | t  261.3s | sps   361] ret_mean=0.000 ep_len=500.0 pi_loss=0.006 v_loss=0.005 ent=2.158 msg_acc=0.340 kl=0.2763
[upd  185 | steps   94720 | t  261.9s | sps   362] ret_mean=1.500 ep_len=500.0 pi_loss=0.001 v_loss=0.004 ent=2.283 msg_acc=0.793 kl=0.0270
[upd  186 | steps   95232 | t  262.7s | sps   362] ret_mean=0.500 ep_len=500.0 pi_loss=-0.005 v_loss=0.030 ent=2.451 msg_acc=0.445 kl=0.0111
[upd  187 | steps   95744 | t  263.4s | sps   363] ret_mean=2.500 ep_len=500.0 pi_loss=0.001 v_loss=0.000 ent=2.369 msg_acc=0.441 kl=0.0119
[upd  188 | steps   96256 | t  264.1s | sps   364] ret_mean=0.000 ep_len=500.0 pi_loss=-0.009 v_loss=0.013 ent=2.221 msg_acc=0.535 kl=0.0070
[upd  189 | steps   96768 | t  264.8s | sps   366] ret_mean=2.000 ep_len=500.0 pi_loss=0.006 v_loss=0.001 ent=2.479 msg_acc=0.800 kl=0.0285
[upd  190 | steps   97280 | t  265.4s | sps   367] ret_mean=0.000 ep_len=500.0 pi_loss=0.007 v_loss=0.042 ent=2.331 msg_acc=0.280 kl=0.0190
[upd  191 | steps   97792 | t  266.1s | sps   368] ret_mean=5.500 ep_len=500.0 pi_loss=-0.016 v_loss=0.001 ent=1.618 msg_acc=0.674 kl=0.0104
[upd  192 | steps   98304 | t  266.8s | sps   368] ret_mean=0.000 ep_len=500.0 pi_loss=-0.008 v_loss=0.000 ent=1.985 msg_acc=0.645 kl=0.0127
[upd  193 | steps   98816 | t  267.8s | sps   369] ret_mean=2.500 ep_len=500.0 pi_loss=-0.007 v_loss=0.029 ent=2.533 msg_acc=0.424 kl=0.0097
[upd  194 | steps   99328 | t  268.6s | sps   370] ret_mean=0.500 ep_len=500.0 pi_loss=-0.002 v_loss=0.002 ent=2.225 msg_acc=0.706 kl=0.0138
[upd  195 | steps   99840 | t  269.4s | sps   371] ret_mean=3.000 ep_len=500.0 pi_loss=-0.008 v_loss=0.072 ent=1.991 msg_acc=0.680 kl=-0.0016
[upd  196 | steps  100352 | t  270.3s | sps   371] ret_mean=4.000 ep_len=500.0 pi_loss=0.001 v_loss=0.009 ent=2.408 msg_acc=0.585 kl=0.0642
[upd  197 | steps  100864 | t  270.9s | sps   372] ret_mean=0.000 ep_len=500.0 pi_loss=-0.008 v_loss=0.001 ent=2.520 msg_acc=0.615 kl=0.0081
[upd  198 | steps  101376 | t  271.6s | sps   373] ret_mean=0.000 ep_len=500.0 pi_loss=-0.010 v_loss=0.001 ent=2.419 msg_acc=0.511 kl=0.0073
[upd  199 | steps  101888 | t  272.4s | sps   374] ret_mean=0.000 ep_len=500.0 pi_loss=-0.012 v_loss=0.002 ent=2.299 msg_acc=0.459 kl=0.0244
[upd  200 | steps  102400 | t  273.1s | sps   375] ret_mean=2.500 ep_len=500.0 pi_loss=-0.007 v_loss=0.035 ent=2.784 msg_acc=0.229 kl=0.0174
        [eval] ret_mean=0.000 ep_len=500.0
