$ /Users/praneelkhiantani/Downloads/cs2860/.venv/bin/python3 -m policies.train --env rware-small-2ag-easy-v2 --seed 0 --updates 200 --rollout 512 --eval-every 50 --eval-episodes 10 --log-dir matrix_results/intent_grounded_v1_pilot/rware-small-2ag-easy-v2 --run-name mappo-comm__baseline__d0__s0 --n-msg-tokens 8 --shape-rewards --pickup-bonus 0.5

[env] EnvSpec(env_id='rware-small-2ag-easy-v2', n_agents=2, obs_dim=71, n_env_actions=5, noop_action=0, family='rware')  (n_msg_tokens=8)
[cfg] {'clip_range': 0.2, 'value_clip_range': 0.2, 'entropy_coef': 0.01, 'value_coef': 0.5, 'max_grad_norm': 0.5, 'gamma': 0.99, 'gae_lambda': 0.95, 'lr_actor': 0.0003, 'lr_critic': 0.001, 'update_epochs': 4, 'minibatches': 4, 'hidden': 128, 'depth': 2, 'device': 'cpu', 'message_grounding_coef': 0.0, 'extra': {}}
[log] writing to matrix_results/intent_grounded_v1_pilot/rware-small-2ag-easy-v2/mappo-comm__baseline__d0__s0
[upd    1 | steps     512 | t    1.2s | sps   442] ret_mean=0.000 ep_len=500.0 pi_loss=-0.014 v_loss=0.089 ent=3.685 msg_acc=0.000 kl=0.0093
[upd    2 | steps    1024 | t    2.2s | sps   472] ret_mean=0.000 ep_len=500.0 pi_loss=-0.009 v_loss=0.018 ent=3.683 msg_acc=0.000 kl=0.0074
[upd    3 | steps    1536 | t    2.8s | sps   541] ret_mean=0.000 ep_len=500.0 pi_loss=-0.010 v_loss=0.008 ent=3.676 msg_acc=0.000 kl=0.0074
[upd    4 | steps    2048 | t    4.0s | sps   518] ret_mean=0.000 ep_len=500.0 pi_loss=-0.014 v_loss=0.006 ent=3.668 msg_acc=0.000 kl=0.0023
[upd    5 | steps    2560 | t    4.9s | sps   525] ret_mean=0.000 ep_len=500.0 pi_loss=-0.015 v_loss=0.005 ent=3.650 msg_acc=0.000 kl=0.0068
[upd    6 | steps    3072 | t    6.2s | sps   493] ret_mean=0.000 ep_len=500.0 pi_loss=-0.009 v_loss=0.003 ent=3.630 msg_acc=0.000 kl=0.0084
[upd    7 | steps    3584 | t    7.3s | sps   489] ret_mean=1.500 ep_len=500.0 pi_loss=-0.008 v_loss=0.010 ent=3.636 msg_acc=0.000 kl=0.0014
[upd    8 | steps    4096 | t    8.4s | sps   486] ret_mean=0.000 ep_len=500.0 pi_loss=-0.010 v_loss=0.003 ent=3.622 msg_acc=0.000 kl=0.0028
[upd    9 | steps    4608 | t    9.1s | sps   505] ret_mean=0.000 ep_len=500.0 pi_loss=-0.006 v_loss=0.006 ent=3.632 msg_acc=0.000 kl=0.0008
[upd   10 | steps    5120 | t   10.8s | sps   475] ret_mean=3.500 ep_len=500.0 pi_loss=-0.006 v_loss=0.028 ent=3.652 msg_acc=0.000 kl=0.0011
[upd   11 | steps    5632 | t   12.0s | sps   470] ret_mean=1.500 ep_len=500.0 pi_loss=-0.010 v_loss=0.003 ent=3.627 msg_acc=0.000 kl=0.0076
[upd   12 | steps    6144 | t   12.7s | sps   482] ret_mean=0.000 ep_len=500.0 pi_loss=-0.009 v_loss=0.004 ent=3.602 msg_acc=0.000 kl=0.0064
[upd   13 | steps    6656 | t   13.7s | sps   486] ret_mean=3.500 ep_len=500.0 pi_loss=-0.012 v_loss=0.022 ent=3.599 msg_acc=0.000 kl=0.0065
[upd   14 | steps    7168 | t   15.0s | sps   477] ret_mean=0.000 ep_len=500.0 pi_loss=-0.014 v_loss=0.003 ent=3.574 msg_acc=0.000 kl=0.0039
[upd   15 | steps    7680 | t   16.6s | sps   463] ret_mean=0.000 ep_len=500.0 pi_loss=-0.011 v_loss=0.013 ent=3.573 msg_acc=0.000 kl=0.0043
[upd   16 | steps    8192 | t   18.2s | sps   449] ret_mean=1.500 ep_len=500.0 pi_loss=-0.016 v_loss=0.002 ent=3.551 msg_acc=0.000 kl=0.0047
[upd   17 | steps    8704 | t   19.7s | sps   442] ret_mean=0.000 ep_len=500.0 pi_loss=-0.012 v_loss=0.002 ent=3.520 msg_acc=0.000 kl=0.0075
[upd   18 | steps    9216 | t   21.3s | sps   433] ret_mean=0.000 ep_len=500.0 pi_loss=-0.014 v_loss=0.009 ent=3.523 msg_acc=0.000 kl=-0.0019
[upd   19 | steps    9728 | t   23.5s | sps   414] ret_mean=2.000 ep_len=500.0 pi_loss=-0.012 v_loss=0.005 ent=3.484 msg_acc=0.000 kl=0.0111
[upd   20 | steps   10240 | t   24.8s | sps   413] ret_mean=0.500 ep_len=500.0 pi_loss=-0.009 v_loss=0.008 ent=3.437 msg_acc=0.000 kl=0.0063
[upd   21 | steps   10752 | t   26.0s | sps   414] ret_mean=1.500 ep_len=500.0 pi_loss=-0.013 v_loss=0.002 ent=3.472 msg_acc=0.000 kl=-0.0022
[upd   22 | steps   11264 | t   26.7s | sps   422] ret_mean=1.000 ep_len=500.0 pi_loss=-0.011 v_loss=0.005 ent=3.503 msg_acc=0.000 kl=0.0027
[upd   23 | steps   11776 | t   27.7s | sps   425] ret_mean=0.000 ep_len=500.0 pi_loss=-0.010 v_loss=0.003 ent=3.565 msg_acc=0.000 kl=0.0081
[upd   24 | steps   12288 | t   28.7s | sps   428] ret_mean=0.500 ep_len=500.0 pi_loss=-0.016 v_loss=0.006 ent=3.593 msg_acc=0.000 kl=0.0086
[upd   25 | steps   12800 | t   29.8s | sps   429] ret_mean=1.000 ep_len=500.0 pi_loss=-0.015 v_loss=0.108 ent=3.537 msg_acc=0.000 kl=0.0080
[upd   26 | steps   13312 | t   31.3s | sps   426] ret_mean=7.000 ep_len=500.0 pi_loss=-0.013 v_loss=0.007 ent=3.453 msg_acc=0.000 kl=0.0083
[upd   27 | steps   13824 | t   32.2s | sps   429] ret_mean=0.500 ep_len=500.0 pi_loss=-0.013 v_loss=0.034 ent=3.405 msg_acc=0.000 kl=0.0126
[upd   28 | steps   14336 | t   33.0s | sps   434] ret_mean=9.000 ep_len=500.0 pi_loss=-0.011 v_loss=0.085 ent=3.326 msg_acc=0.000 kl=0.0166
[upd   29 | steps   14848 | t   34.0s | sps   436] ret_mean=1.000 ep_len=500.0 pi_loss=-0.004 v_loss=0.003 ent=3.343 msg_acc=0.000 kl=0.0079
[upd   30 | steps   15360 | t   35.0s | sps   439] ret_mean=0.000 ep_len=500.0 pi_loss=-0.007 v_loss=0.002 ent=3.256 msg_acc=0.000 kl=0.0092
[upd   31 | steps   15872 | t   35.6s | sps   445] ret_mean=0.000 ep_len=500.0 pi_loss=-0.012 v_loss=0.002 ent=3.277 msg_acc=0.000 kl=0.0106
[upd   32 | steps   16384 | t   36.3s | sps   451] ret_mean=0.500 ep_len=500.0 pi_loss=-0.010 v_loss=0.012 ent=3.248 msg_acc=0.000 kl=0.0077
[upd   33 | steps   16896 | t   37.0s | sps   457] ret_mean=1.500 ep_len=500.0 pi_loss=-0.008 v_loss=0.001 ent=3.237 msg_acc=0.000 kl=0.0061
[upd   34 | steps   17408 | t   37.6s | sps   463] ret_mean=0.000 ep_len=500.0 pi_loss=-0.010 v_loss=0.001 ent=3.252 msg_acc=0.000 kl=0.0038
[upd   35 | steps   17920 | t   38.2s | sps   469] ret_mean=0.000 ep_len=500.0 pi_loss=-0.013 v_loss=0.001 ent=3.324 msg_acc=0.000 kl=0.0008
[upd   36 | steps   18432 | t   38.8s | sps   475] ret_mean=0.000 ep_len=500.0 pi_loss=-0.007 v_loss=0.192 ent=3.188 msg_acc=0.000 kl=-0.0002
[upd   37 | steps   18944 | t   39.5s | sps   480] ret_mean=7.000 ep_len=500.0 pi_loss=-0.014 v_loss=0.002 ent=3.238 msg_acc=0.000 kl=0.0113
[upd   38 | steps   19456 | t   40.2s | sps   484] ret_mean=0.000 ep_len=500.0 pi_loss=-0.014 v_loss=0.001 ent=3.280 msg_acc=0.000 kl=0.0078
[upd   39 | steps   19968 | t   40.9s | sps   488] ret_mean=0.000 ep_len=500.0 pi_loss=-0.010 v_loss=0.027 ent=3.380 msg_acc=0.000 kl=0.0024
[upd   40 | steps   20480 | t   41.9s | sps   489] ret_mean=2.500 ep_len=500.0 pi_loss=-0.013 v_loss=0.001 ent=3.201 msg_acc=0.000 kl=-0.0023
[upd   41 | steps   20992 | t   43.4s | sps   484] ret_mean=0.000 ep_len=500.0 pi_loss=-0.011 v_loss=0.001 ent=3.268 msg_acc=0.000 kl=0.0084
[upd   42 | steps   21504 | t   44.4s | sps   485] ret_mean=0.000 ep_len=500.0 pi_loss=-0.004 v_loss=0.000 ent=3.056 msg_acc=0.000 kl=0.0106
[upd   43 | steps   22016 | t   45.2s | sps   487] ret_mean=0.000 ep_len=500.0 pi_loss=-0.010 v_loss=0.001 ent=3.310 msg_acc=0.000 kl=0.0025
[upd   44 | steps   22528 | t   45.9s | sps   491] ret_mean=4.000 ep_len=500.0 pi_loss=-0.009 v_loss=0.067 ent=3.344 msg_acc=0.000 kl=0.0011
[upd   45 | steps   23040 | t   46.5s | sps   495] ret_mean=0.000 ep_len=500.0 pi_loss=-0.020 v_loss=0.251 ent=3.179 msg_acc=0.000 kl=0.0151
[upd   46 | steps   23552 | t   47.2s | sps   499] ret_mean=15.000 ep_len=500.0 pi_loss=-0.009 v_loss=0.106 ent=3.059 msg_acc=0.000 kl=0.0049
[upd   47 | steps   24064 | t   47.8s | sps   503] ret_mean=0.000 ep_len=500.0 pi_loss=-0.009 v_loss=0.002 ent=3.174 msg_acc=0.000 kl=0.0047
[upd   48 | steps   24576 | t   49.0s | sps   502] ret_mean=0.000 ep_len=500.0 pi_loss=-0.015 v_loss=0.001 ent=3.109 msg_acc=0.000 kl=0.0110
[upd   49 | steps   25088 | t   49.8s | sps   504] ret_mean=0.000 ep_len=500.0 pi_loss=-0.014 v_loss=0.001 ent=3.147 msg_acc=0.000 kl=0.0067
[upd   50 | steps   25600 | t   50.5s | sps   507] ret_mean=0.000 ep_len=500.0 pi_loss=-0.009 v_loss=0.001 ent=2.834 msg_acc=0.000 kl=0.0051
        [eval] ret_mean=0.000 ep_len=500.0
[upd   51 | steps   26112 | t   57.5s | sps   454] ret_mean=0.000 ep_len=500.0 pi_loss=-0.014 v_loss=0.001 ent=3.102 msg_acc=0.000 kl=0.0103
[upd   52 | steps   26624 | t   58.3s | sps   457] ret_mean=0.000 ep_len=500.0 pi_loss=-0.011 v_loss=0.001 ent=3.161 msg_acc=0.000 kl=0.0050
[upd   53 | steps   27136 | t   59.1s | sps   459] ret_mean=0.000 ep_len=500.0 pi_loss=-0.006 v_loss=0.001 ent=2.887 msg_acc=0.000 kl=0.0087
[upd   54 | steps   27648 | t   60.1s | sps   460] ret_mean=0.000 ep_len=500.0 pi_loss=-0.008 v_loss=0.000 ent=2.951 msg_acc=0.000 kl=0.0111
[upd   55 | steps   28160 | t   60.7s | sps   464] ret_mean=0.000 ep_len=500.0 pi_loss=-0.014 v_loss=0.000 ent=3.128 msg_acc=0.000 kl=0.0081
[upd   56 | steps   28672 | t   61.3s | sps   468] ret_mean=0.000 ep_len=500.0 pi_loss=-0.013 v_loss=0.000 ent=3.033 msg_acc=0.000 kl=0.0149
[upd   57 | steps   29184 | t   62.1s | sps   470] ret_mean=0.000 ep_len=500.0 pi_loss=-0.010 v_loss=0.019 ent=3.083 msg_acc=0.000 kl=0.0104
[upd   58 | steps   29696 | t   62.8s | sps   473] ret_mean=2.000 ep_len=500.0 pi_loss=-0.013 v_loss=0.001 ent=3.082 msg_acc=0.000 kl=-0.0008
[upd   59 | steps   30208 | t   64.0s | sps   472] ret_mean=10.000 ep_len=500.0 pi_loss=-0.011 v_loss=0.936 ent=3.211 msg_acc=0.000 kl=0.0037
[upd   60 | steps   30720 | t   65.0s | sps   473] ret_mean=17.500 ep_len=500.0 pi_loss=-0.010 v_loss=0.006 ent=3.244 msg_acc=0.000 kl=0.0063
[upd   61 | steps   31232 | t   65.7s | sps   475] ret_mean=0.000 ep_len=500.0 pi_loss=-0.017 v_loss=0.002 ent=3.385 msg_acc=0.000 kl=-0.0051
[upd   62 | steps   31744 | t   66.4s | sps   478] ret_mean=0.000 ep_len=500.0 pi_loss=-0.013 v_loss=0.001 ent=3.357 msg_acc=0.000 kl=0.0099
[upd   63 | steps   32256 | t   67.0s | sps   481] ret_mean=0.000 ep_len=500.0 pi_loss=-0.013 v_loss=0.001 ent=3.303 msg_acc=0.000 kl=0.0076
[upd   64 | steps   32768 | t   67.8s | sps   483] ret_mean=1.500 ep_len=500.0 pi_loss=-0.010 v_loss=0.011 ent=3.254 msg_acc=0.000 kl=0.0075
[upd   65 | steps   33280 | t   68.5s | sps   486] ret_mean=0.000 ep_len=500.0 pi_loss=-0.018 v_loss=0.002 ent=3.218 msg_acc=0.000 kl=0.0135
[upd   66 | steps   33792 | t   69.2s | sps   489] ret_mean=0.000 ep_len=500.0 pi_loss=-0.010 v_loss=0.001 ent=3.102 msg_acc=0.000 kl=0.0078
[upd   67 | steps   34304 | t   69.9s | sps   491] ret_mean=0.000 ep_len=500.0 pi_loss=-0.010 v_loss=0.000 ent=3.173 msg_acc=0.000 kl=0.0036
[upd   68 | steps   34816 | t   70.5s | sps   494] ret_mean=0.000 ep_len=500.0 pi_loss=-0.012 v_loss=0.056 ent=3.242 msg_acc=0.000 kl=0.0023
[upd   69 | steps   35328 | t   71.2s | sps   496] ret_mean=5.000 ep_len=500.0 pi_loss=-0.013 v_loss=0.008 ent=3.291 msg_acc=0.000 kl=0.0046
[upd   70 | steps   35840 | t   71.8s | sps   499] ret_mean=0.000 ep_len=500.0 pi_loss=-0.012 v_loss=0.001 ent=3.251 msg_acc=0.000 kl=0.0121
[upd   71 | steps   36352 | t   72.5s | sps   501] ret_mean=0.000 ep_len=500.0 pi_loss=-0.012 v_loss=0.001 ent=3.122 msg_acc=0.000 kl=0.0048
[upd   72 | steps   36864 | t   73.5s | sps   502] ret_mean=0.000 ep_len=500.0 pi_loss=-0.009 v_loss=0.000 ent=3.137 msg_acc=0.000 kl=0.0084
[upd   73 | steps   37376 | t   74.1s | sps   504] ret_mean=0.000 ep_len=500.0 pi_loss=-0.015 v_loss=0.000 ent=3.208 msg_acc=0.000 kl=0.0121
[upd   74 | steps   37888 | t   74.8s | sps   507] ret_mean=0.000 ep_len=500.0 pi_loss=-0.018 v_loss=0.001 ent=3.330 msg_acc=0.000 kl=0.0153
[upd   75 | steps   38400 | t   75.4s | sps   510] ret_mean=0.000 ep_len=500.0 pi_loss=-0.012 v_loss=0.000 ent=3.228 msg_acc=0.000 kl=0.0035
[upd   76 | steps   38912 | t   76.1s | sps   511] ret_mean=0.000 ep_len=500.0 pi_loss=-0.009 v_loss=0.000 ent=3.236 msg_acc=0.000 kl=0.0051
[upd   77 | steps   39424 | t   76.9s | sps   513] ret_mean=1.000 ep_len=500.0 pi_loss=-0.014 v_loss=0.098 ent=3.360 msg_acc=0.000 kl=0.0065
[upd   78 | steps   39936 | t   77.6s | sps   515] ret_mean=7.000 ep_len=500.0 pi_loss=-0.013 v_loss=0.002 ent=3.120 msg_acc=0.000 kl=0.0060
[upd   79 | steps   40448 | t   78.2s | sps   517] ret_mean=0.000 ep_len=500.0 pi_loss=-0.005 v_loss=0.003 ent=3.149 msg_acc=0.000 kl=0.0031
[upd   80 | steps   40960 | t   78.8s | sps   520] ret_mean=0.000 ep_len=500.0 pi_loss=-0.010 v_loss=0.167 ent=2.907 msg_acc=0.000 kl=0.0044
[upd   81 | steps   41472 | t   79.5s | sps   522] ret_mean=11.500 ep_len=500.0 pi_loss=-0.010 v_loss=0.003 ent=3.092 msg_acc=0.000 kl=0.0047
[upd   82 | steps   41984 | t   80.2s | sps   523] ret_mean=0.000 ep_len=500.0 pi_loss=-0.009 v_loss=0.363 ent=3.057 msg_acc=0.000 kl=0.0150
[upd   83 | steps   42496 | t   82.1s | sps   518] ret_mean=11.500 ep_len=500.0 pi_loss=-0.009 v_loss=0.059 ent=3.145 msg_acc=0.000 kl=0.0078
[upd   84 | steps   43008 | t   83.2s | sps   517] ret_mean=5.500 ep_len=500.0 pi_loss=-0.007 v_loss=0.022 ent=2.793 msg_acc=0.000 kl=0.0085
[upd   85 | steps   43520 | t   84.1s | sps   517] ret_mean=0.000 ep_len=500.0 pi_loss=-0.013 v_loss=0.070 ent=3.161 msg_acc=0.000 kl=0.0082
[upd   86 | steps   44032 | t   84.8s | sps   519] ret_mean=5.500 ep_len=500.0 pi_loss=-0.018 v_loss=0.002 ent=3.254 msg_acc=0.000 kl=0.0012
[upd   87 | steps   44544 | t   85.5s | sps   521] ret_mean=0.000 ep_len=500.0 pi_loss=-0.012 v_loss=0.001 ent=2.662 msg_acc=0.000 kl=0.0140
[upd   88 | steps   45056 | t   86.7s | sps   520] ret_mean=0.000 ep_len=500.0 pi_loss=-0.011 v_loss=0.149 ent=2.670 msg_acc=0.000 kl=0.0133
[upd   89 | steps   45568 | t   87.5s | sps   521] ret_mean=5.500 ep_len=500.0 pi_loss=-0.011 v_loss=0.002 ent=2.820 msg_acc=0.000 kl=0.0049
[upd   90 | steps   46080 | t   88.2s | sps   522] ret_mean=0.000 ep_len=500.0 pi_loss=-0.011 v_loss=0.001 ent=2.976 msg_acc=0.000 kl=0.0064
[upd   91 | steps   46592 | t   89.2s | sps   522] ret_mean=0.000 ep_len=500.0 pi_loss=-0.006 v_loss=0.001 ent=2.910 msg_acc=0.000 kl=0.0030
[upd   92 | steps   47104 | t   90.0s | sps   523] ret_mean=1.500 ep_len=500.0 pi_loss=-0.012 v_loss=0.024 ent=2.956 msg_acc=0.000 kl=0.0188
[upd   93 | steps   47616 | t   90.8s | sps   524] ret_mean=0.000 ep_len=500.0 pi_loss=-0.008 v_loss=0.001 ent=2.683 msg_acc=0.000 kl=0.0056
[upd   94 | steps   48128 | t   91.8s | sps   524] ret_mean=0.000 ep_len=500.0 pi_loss=-0.015 v_loss=0.002 ent=3.126 msg_acc=0.000 kl=0.0044
[upd   95 | steps   48640 | t   92.6s | sps   525] ret_mean=0.000 ep_len=500.0 pi_loss=-0.011 v_loss=0.001 ent=3.199 msg_acc=0.000 kl=0.0077
[upd   96 | steps   49152 | t   93.6s | sps   525] ret_mean=6.000 ep_len=500.0 pi_loss=-0.009 v_loss=0.164 ent=2.495 msg_acc=0.000 kl=0.0047
[upd   97 | steps   49664 | t   94.7s | sps   525] ret_mean=0.000 ep_len=500.0 pi_loss=-0.015 v_loss=0.001 ent=3.210 msg_acc=0.000 kl=0.0104
[upd   98 | steps   50176 | t   95.8s | sps   524] ret_mean=0.000 ep_len=500.0 pi_loss=-0.016 v_loss=0.001 ent=3.188 msg_acc=0.000 kl=0.0016
[upd   99 | steps   50688 | t   96.5s | sps   525] ret_mean=0.000 ep_len=500.0 pi_loss=-0.008 v_loss=0.001 ent=3.098 msg_acc=0.000 kl=0.0017
[upd  100 | steps   51200 | t   97.2s | sps   527] ret_mean=0.000 ep_len=500.0 pi_loss=-0.013 v_loss=0.031 ent=2.970 msg_acc=0.000 kl=0.0026
        [eval] ret_mean=0.000 ep_len=500.0
[upd  101 | steps   51712 | t  102.8s | sps   503] ret_mean=0.000 ep_len=500.0 pi_loss=-0.005 v_loss=0.003 ent=2.804 msg_acc=0.000 kl=0.0074
[upd  102 | steps   52224 | t  103.5s | sps   505] ret_mean=39.500 ep_len=500.0 pi_loss=-0.007 v_loss=1.851 ent=2.564 msg_acc=0.000 kl=0.0020
[upd  103 | steps   52736 | t  104.1s | sps   507] ret_mean=0.000 ep_len=500.0 pi_loss=-0.012 v_loss=0.003 ent=3.091 msg_acc=0.000 kl=0.0103
[upd  104 | steps   53248 | t  104.7s | sps   509] ret_mean=4.500 ep_len=500.0 pi_loss=-0.008 v_loss=0.106 ent=2.354 msg_acc=0.000 kl=0.0064
[upd  105 | steps   53760 | t  105.3s | sps   511] ret_mean=11.000 ep_len=500.0 pi_loss=-0.011 v_loss=0.423 ent=3.176 msg_acc=0.000 kl=0.0030
[upd  106 | steps   54272 | t  105.9s | sps   512] ret_mean=13.000 ep_len=500.0 pi_loss=-0.012 v_loss=0.123 ent=3.281 msg_acc=0.000 kl=0.0106
[upd  107 | steps   54784 | t  106.5s | sps   514] ret_mean=0.000 ep_len=500.0 pi_loss=-0.013 v_loss=0.002 ent=2.682 msg_acc=0.000 kl=0.0110
[upd  108 | steps   55296 | t  107.1s | sps   516] ret_mean=0.000 ep_len=500.0 pi_loss=-0.013 v_loss=0.002 ent=2.703 msg_acc=0.000 kl=0.0016
[upd  109 | steps   55808 | t  107.7s | sps   518] ret_mean=0.000 ep_len=500.0 pi_loss=-0.015 v_loss=0.002 ent=3.134 msg_acc=0.000 kl=-0.0082
[upd  110 | steps   56320 | t  108.3s | sps   520] ret_mean=0.000 ep_len=500.0 pi_loss=-0.010 v_loss=0.001 ent=2.861 msg_acc=0.000 kl=0.0068
[upd  111 | steps   56832 | t  109.0s | sps   522] ret_mean=0.000 ep_len=500.0 pi_loss=-0.010 v_loss=0.001 ent=2.811 msg_acc=0.000 kl=0.0018
[upd  112 | steps   57344 | t  109.6s | sps   523] ret_mean=0.000 ep_len=500.0 pi_loss=-0.012 v_loss=0.001 ent=2.791 msg_acc=0.000 kl=0.0037
[upd  113 | steps   57856 | t  110.2s | sps   525] ret_mean=0.000 ep_len=500.0 pi_loss=-0.019 v_loss=0.001 ent=3.089 msg_acc=0.000 kl=0.0094
[upd  114 | steps   58368 | t  110.8s | sps   527] ret_mean=0.000 ep_len=500.0 pi_loss=-0.015 v_loss=0.001 ent=2.933 msg_acc=0.000 kl=0.0043
[upd  115 | steps   58880 | t  111.5s | sps   528] ret_mean=0.000 ep_len=500.0 pi_loss=-0.017 v_loss=0.000 ent=2.759 msg_acc=0.000 kl=0.0052
[upd  116 | steps   59392 | t  112.1s | sps   530] ret_mean=0.000 ep_len=500.0 pi_loss=-0.014 v_loss=0.001 ent=3.148 msg_acc=0.000 kl=0.0184
[upd  117 | steps   59904 | t  112.7s | sps   531] ret_mean=0.000 ep_len=500.0 pi_loss=-0.015 v_loss=0.012 ent=3.337 msg_acc=0.000 kl=0.0156
[upd  118 | steps   60416 | t  113.4s | sps   533] ret_mean=2.500 ep_len=500.0 pi_loss=-0.007 v_loss=0.400 ent=3.089 msg_acc=0.000 kl=0.0014
[upd  119 | steps   60928 | t  114.0s | sps   534] ret_mean=50.000 ep_len=500.0 pi_loss=-0.011 v_loss=1.505 ent=2.990 msg_acc=0.000 kl=0.0012
[upd  120 | steps   61440 | t  114.6s | sps   536] ret_mean=0.000 ep_len=500.0 pi_loss=-0.013 v_loss=0.002 ent=3.013 msg_acc=0.000 kl=0.0057
[upd  121 | steps   61952 | t  115.2s | sps   538] ret_mean=29.500 ep_len=500.0 pi_loss=-0.017 v_loss=1.278 ent=3.077 msg_acc=0.000 kl=0.0078
[upd  122 | steps   62464 | t  115.8s | sps   539] ret_mean=0.000 ep_len=500.0 pi_loss=-0.012 v_loss=0.002 ent=3.355 msg_acc=0.000 kl=0.0127
[upd  123 | steps   62976 | t  116.5s | sps   541] ret_mean=0.000 ep_len=500.0 pi_loss=-0.015 v_loss=0.002 ent=3.313 msg_acc=0.000 kl=0.0004
[upd  124 | steps   63488 | t  117.1s | sps   542] ret_mean=0.000 ep_len=500.0 pi_loss=-0.013 v_loss=0.002 ent=2.767 msg_acc=0.000 kl=0.0142
[upd  125 | steps   64000 | t  117.7s | sps   544] ret_mean=0.000 ep_len=500.0 pi_loss=-0.014 v_loss=0.003 ent=2.825 msg_acc=0.000 kl=-0.0033
[upd  126 | steps   64512 | t  118.3s | sps   545] ret_mean=0.000 ep_len=500.0 pi_loss=-0.012 v_loss=0.001 ent=3.156 msg_acc=0.000 kl=0.0054
[upd  127 | steps   65024 | t  118.9s | sps   547] ret_mean=0.000 ep_len=500.0 pi_loss=-0.013 v_loss=1.196 ent=3.215 msg_acc=0.000 kl=0.0191
[upd  128 | steps   65536 | t  119.6s | sps   548] ret_mean=28.000 ep_len=500.0 pi_loss=-0.013 v_loss=0.002 ent=3.006 msg_acc=0.000 kl=0.0117
[upd  129 | steps   66048 | t  120.2s | sps   550] ret_mean=0.000 ep_len=500.0 pi_loss=-0.012 v_loss=0.002 ent=2.926 msg_acc=0.000 kl=0.0086
[upd  130 | steps   66560 | t  120.8s | sps   551] ret_mean=0.000 ep_len=500.0 pi_loss=-0.012 v_loss=0.137 ent=3.015 msg_acc=0.000 kl=0.0138
[upd  131 | steps   67072 | t  121.4s | sps   552] ret_mean=5.500 ep_len=500.0 pi_loss=-0.009 v_loss=1.172 ent=2.697 msg_acc=0.000 kl=0.0010
[upd  132 | steps   67584 | t  122.1s | sps   554] ret_mean=25.500 ep_len=500.0 pi_loss=-0.012 v_loss=0.003 ent=2.905 msg_acc=0.000 kl=0.0135
[upd  133 | steps   68096 | t  122.7s | sps   555] ret_mean=0.000 ep_len=500.0 pi_loss=-0.015 v_loss=0.082 ent=3.060 msg_acc=0.000 kl=0.0123
[upd  134 | steps   68608 | t  123.3s | sps   557] ret_mean=4.000 ep_len=500.0 pi_loss=-0.012 v_loss=0.024 ent=3.251 msg_acc=0.000 kl=0.0016
[upd  135 | steps   69120 | t  123.9s | sps   558] ret_mean=2.000 ep_len=500.0 pi_loss=-0.016 v_loss=0.003 ent=3.299 msg_acc=0.000 kl=-0.0012
[upd  136 | steps   69632 | t  124.5s | sps   559] ret_mean=0.000 ep_len=500.0 pi_loss=-0.011 v_loss=0.332 ent=3.087 msg_acc=0.000 kl=0.0111
[upd  137 | steps   70144 | t  125.1s | sps   561] ret_mean=12.500 ep_len=500.0 pi_loss=-0.015 v_loss=0.004 ent=2.990 msg_acc=0.000 kl=0.0057
[upd  138 | steps   70656 | t  125.7s | sps   562] ret_mean=0.000 ep_len=500.0 pi_loss=-0.016 v_loss=0.728 ent=3.122 msg_acc=0.000 kl=0.0057
[upd  139 | steps   71168 | t  126.3s | sps   563] ret_mean=27.000 ep_len=500.0 pi_loss=-0.017 v_loss=0.003 ent=3.075 msg_acc=0.000 kl=0.0139
[upd  140 | steps   71680 | t  126.9s | sps   565] ret_mean=0.000 ep_len=500.0 pi_loss=-0.010 v_loss=0.001 ent=3.193 msg_acc=0.000 kl=0.0080
[upd  141 | steps   72192 | t  127.5s | sps   566] ret_mean=0.000 ep_len=500.0 pi_loss=-0.007 v_loss=0.362 ent=2.475 msg_acc=0.000 kl=-0.0044
[upd  142 | steps   72704 | t  128.1s | sps   567] ret_mean=9.000 ep_len=500.0 pi_loss=-0.007 v_loss=0.116 ent=2.702 msg_acc=0.000 kl=-0.0003
[upd  143 | steps   73216 | t  128.8s | sps   569] ret_mean=0.000 ep_len=500.0 pi_loss=-0.016 v_loss=0.001 ent=3.402 msg_acc=0.000 kl=-0.0027
[upd  144 | steps   73728 | t  129.4s | sps   570] ret_mean=37.500 ep_len=500.0 pi_loss=-0.011 v_loss=1.442 ent=3.197 msg_acc=0.000 kl=0.0096
[upd  145 | steps   74240 | t  130.1s | sps   571] ret_mean=0.000 ep_len=500.0 pi_loss=-0.011 v_loss=0.002 ent=2.809 msg_acc=0.000 kl=0.0110
[upd  146 | steps   74752 | t  130.7s | sps   572] ret_mean=0.000 ep_len=500.0 pi_loss=-0.011 v_loss=0.001 ent=3.223 msg_acc=0.000 kl=0.0000
[upd  147 | steps   75264 | t  131.3s | sps   573] ret_mean=0.000 ep_len=500.0 pi_loss=-0.015 v_loss=0.001 ent=3.138 msg_acc=0.000 kl=0.0144
[upd  148 | steps   75776 | t  131.9s | sps   574] ret_mean=0.000 ep_len=500.0 pi_loss=-0.012 v_loss=0.001 ent=2.910 msg_acc=0.000 kl=0.0012
[upd  149 | steps   76288 | t  132.5s | sps   576] ret_mean=0.000 ep_len=500.0 pi_loss=-0.014 v_loss=0.001 ent=2.662 msg_acc=0.000 kl=0.0012
[upd  150 | steps   76800 | t  133.2s | sps   577] ret_mean=0.000 ep_len=500.0 pi_loss=-0.009 v_loss=0.575 ent=2.756 msg_acc=0.000 kl=0.0076
        [eval] ret_mean=0.000 ep_len=500.0
[upd  151 | steps   77312 | t  138.9s | sps   557] ret_mean=0.000 ep_len=500.0 pi_loss=-0.005 v_loss=0.015 ent=3.172 msg_acc=0.000 kl=0.0058
[upd  152 | steps   77824 | t  139.5s | sps   558] ret_mean=44.500 ep_len=500.0 pi_loss=-0.015 v_loss=1.801 ent=3.042 msg_acc=0.000 kl=0.0112
[upd  153 | steps   78336 | t  140.1s | sps   559] ret_mean=0.000 ep_len=500.0 pi_loss=-0.010 v_loss=0.004 ent=2.562 msg_acc=0.000 kl=-0.0004
[upd  154 | steps   78848 | t  140.7s | sps   561] ret_mean=6.000 ep_len=500.0 pi_loss=-0.008 v_loss=0.165 ent=2.324 msg_acc=0.000 kl=0.0188
[upd  155 | steps   79360 | t  141.2s | sps   562] ret_mean=0.000 ep_len=500.0 pi_loss=-0.014 v_loss=0.001 ent=2.898 msg_acc=0.000 kl=0.0139
[upd  156 | steps   79872 | t  141.8s | sps   563] ret_mean=61.000 ep_len=500.0 pi_loss=-0.019 v_loss=2.565 ent=2.941 msg_acc=0.000 kl=0.0079
[upd  157 | steps   80384 | t  142.4s | sps   565] ret_mean=0.000 ep_len=500.0 pi_loss=-0.009 v_loss=0.209 ent=2.677 msg_acc=0.000 kl=0.0125
[upd  158 | steps   80896 | t  143.0s | sps   566] ret_mean=102.000 ep_len=500.0 pi_loss=-0.009 v_loss=4.480 ent=2.091 msg_acc=0.000 kl=0.0121
[upd  159 | steps   81408 | t  143.6s | sps   567] ret_mean=0.000 ep_len=500.0 pi_loss=-0.015 v_loss=0.778 ent=2.926 msg_acc=0.000 kl=0.0089
[upd  160 | steps   81920 | t  144.2s | sps   568] ret_mean=22.500 ep_len=500.0 pi_loss=-0.008 v_loss=0.012 ent=2.743 msg_acc=0.000 kl=0.0074
[upd  161 | steps   82432 | t  145.1s | sps   568] ret_mean=0.000 ep_len=500.0 pi_loss=-0.020 v_loss=0.002 ent=2.995 msg_acc=0.000 kl=0.0271
[upd  162 | steps   82944 | t  145.7s | sps   569] ret_mean=0.000 ep_len=500.0 pi_loss=-0.011 v_loss=0.002 ent=2.148 msg_acc=0.000 kl=0.0042
[upd  163 | steps   83456 | t  146.3s | sps   570] ret_mean=0.000 ep_len=500.0 pi_loss=-0.013 v_loss=0.007 ent=2.359 msg_acc=0.000 kl=0.0125
[upd  164 | steps   83968 | t  146.9s | sps   572] ret_mean=0.000 ep_len=500.0 pi_loss=-0.011 v_loss=0.007 ent=2.022 msg_acc=0.000 kl=0.0077
[upd  165 | steps   84480 | t  147.5s | sps   573] ret_mean=0.000 ep_len=500.0 pi_loss=-0.013 v_loss=0.002 ent=2.516 msg_acc=0.000 kl=0.0092
[upd  166 | steps   84992 | t  148.1s | sps   574] ret_mean=31.500 ep_len=500.0 pi_loss=-0.012 v_loss=1.246 ent=2.352 msg_acc=0.000 kl=0.0102
[upd  167 | steps   85504 | t  148.9s | sps   574] ret_mean=0.000 ep_len=500.0 pi_loss=-0.012 v_loss=0.003 ent=2.438 msg_acc=0.000 kl=0.0053
[upd  168 | steps   86016 | t  149.6s | sps   575] ret_mean=0.000 ep_len=500.0 pi_loss=-0.012 v_loss=0.005 ent=1.890 msg_acc=0.000 kl=0.0098
[upd  169 | steps   86528 | t  150.2s | sps   576] ret_mean=0.000 ep_len=500.0 pi_loss=-0.011 v_loss=0.044 ent=2.162 msg_acc=0.000 kl=0.0047
[upd  170 | steps   87040 | t  151.0s | sps   577] ret_mean=33.500 ep_len=500.0 pi_loss=-0.009 v_loss=1.245 ent=2.061 msg_acc=0.000 kl=0.0108
[upd  171 | steps   87552 | t  151.7s | sps   577] ret_mean=0.000 ep_len=500.0 pi_loss=-0.012 v_loss=0.002 ent=1.895 msg_acc=0.000 kl=0.0081
[upd  172 | steps   88064 | t  152.3s | sps   578] ret_mean=0.000 ep_len=500.0 pi_loss=-0.007 v_loss=0.002 ent=1.882 msg_acc=0.000 kl=0.0032
[upd  173 | steps   88576 | t  153.0s | sps   579] ret_mean=0.000 ep_len=500.0 pi_loss=-0.007 v_loss=3.266 ent=1.797 msg_acc=0.000 kl=0.0053
[upd  174 | steps   89088 | t  153.7s | sps   580] ret_mean=117.500 ep_len=500.0 pi_loss=-0.007 v_loss=2.453 ent=1.924 msg_acc=0.000 kl=0.0040
[upd  175 | steps   89600 | t  154.3s | sps   581] ret_mean=0.000 ep_len=500.0 pi_loss=-0.015 v_loss=3.222 ent=1.682 msg_acc=0.000 kl=0.0152
[upd  176 | steps   90112 | t  154.8s | sps   582] ret_mean=115.000 ep_len=500.0 pi_loss=-0.012 v_loss=4.145 ent=1.570 msg_acc=0.000 kl=0.0098
[upd  177 | steps   90624 | t  155.4s | sps   583] ret_mean=93.500 ep_len=500.0 pi_loss=-0.006 v_loss=4.234 ent=1.727 msg_acc=0.000 kl=0.0048
[upd  178 | steps   91136 | t  156.5s | sps   582] ret_mean=90.500 ep_len=500.0 pi_loss=-0.013 v_loss=1.637 ent=2.076 msg_acc=0.000 kl=0.0064
[upd  179 | steps   91648 | t  157.2s | sps   583] ret_mean=0.000 ep_len=500.0 pi_loss=-0.009 v_loss=0.014 ent=2.203 msg_acc=0.000 kl=0.0053
[upd  180 | steps   92160 | t  157.9s | sps   584] ret_mean=0.000 ep_len=500.0 pi_loss=-0.010 v_loss=0.019 ent=1.661 msg_acc=0.000 kl=0.0005
[upd  181 | steps   92672 | t  158.5s | sps   585] ret_mean=0.000 ep_len=500.0 pi_loss=-0.009 v_loss=0.014 ent=1.869 msg_acc=0.000 kl=0.0036
[upd  182 | steps   93184 | t  159.2s | sps   585] ret_mean=0.000 ep_len=500.0 pi_loss=-0.012 v_loss=0.004 ent=2.387 msg_acc=0.000 kl=0.0053
[upd  183 | steps   93696 | t  159.8s | sps   586] ret_mean=0.000 ep_len=500.0 pi_loss=-0.013 v_loss=0.002 ent=1.813 msg_acc=0.000 kl=0.0062
[upd  184 | steps   94208 | t  160.4s | sps   587] ret_mean=0.000 ep_len=500.0 pi_loss=-0.011 v_loss=0.006 ent=2.106 msg_acc=0.000 kl=0.0085
[upd  185 | steps   94720 | t  161.5s | sps   586] ret_mean=0.000 ep_len=500.0 pi_loss=-0.011 v_loss=0.009 ent=2.200 msg_acc=0.000 kl=0.0123
[upd  186 | steps   95232 | t  162.3s | sps   587] ret_mean=0.000 ep_len=500.0 pi_loss=-0.008 v_loss=0.004 ent=2.404 msg_acc=0.000 kl=0.0044
[upd  187 | steps   95744 | t  163.1s | sps   587] ret_mean=0.000 ep_len=500.0 pi_loss=-0.014 v_loss=0.001 ent=2.998 msg_acc=0.000 kl=0.0048
[upd  188 | steps   96256 | t  165.1s | sps   583] ret_mean=0.000 ep_len=500.0 pi_loss=-0.018 v_loss=0.000 ent=2.321 msg_acc=0.000 kl=0.0018
[upd  189 | steps   96768 | t  165.8s | sps   584] ret_mean=10.000 ep_len=500.0 pi_loss=-0.010 v_loss=0.302 ent=2.091 msg_acc=0.000 kl=0.0023
[upd  190 | steps   97280 | t  166.6s | sps   584] ret_mean=0.000 ep_len=500.0 pi_loss=-0.008 v_loss=5.216 ent=1.544 msg_acc=0.000 kl=0.0046
[upd  191 | steps   97792 | t  167.3s | sps   585] ret_mean=99.500 ep_len=500.0 pi_loss=-0.005 v_loss=0.047 ent=1.968 msg_acc=0.000 kl=0.0181
[upd  192 | steps   98304 | t  168.0s | sps   585] ret_mean=28.750 ep_len=500.0 pi_loss=-0.010 v_loss=2.893 ent=1.660 msg_acc=0.000 kl=0.0134
[upd  193 | steps   98816 | t  168.7s | sps   586] ret_mean=0.000 ep_len=500.0 pi_loss=-0.007 v_loss=0.008 ent=1.918 msg_acc=0.000 kl=0.0247
[upd  194 | steps   99328 | t  169.5s | sps   586] ret_mean=0.000 ep_len=500.0 pi_loss=-0.005 v_loss=0.003 ent=2.076 msg_acc=0.000 kl=0.0070
[upd  195 | steps   99840 | t  170.2s | sps   586] ret_mean=0.000 ep_len=500.0 pi_loss=-0.012 v_loss=0.002 ent=1.973 msg_acc=0.000 kl=0.0100
[upd  196 | steps  100352 | t  170.9s | sps   587] ret_mean=0.000 ep_len=500.0 pi_loss=-0.012 v_loss=0.001 ent=2.203 msg_acc=0.000 kl=0.0143
[upd  197 | steps  100864 | t  171.6s | sps   588] ret_mean=0.000 ep_len=500.0 pi_loss=-0.015 v_loss=0.001 ent=2.208 msg_acc=0.000 kl=0.0138
[upd  198 | steps  101376 | t  172.3s | sps   588] ret_mean=0.000 ep_len=500.0 pi_loss=-0.014 v_loss=0.001 ent=2.188 msg_acc=0.000 kl=0.0171
[upd  199 | steps  101888 | t  173.0s | sps   589] ret_mean=0.000 ep_len=500.0 pi_loss=-0.006 v_loss=0.001 ent=2.336 msg_acc=0.000 kl=0.0113
[upd  200 | steps  102400 | t  173.7s | sps   590] ret_mean=0.000 ep_len=500.0 pi_loss=-0.010 v_loss=0.001 ent=2.340 msg_acc=0.000 kl=0.0038
        [eval] ret_mean=0.000 ep_len=500.0
