$ /Users/samchen/Coding/CLASSES/CS2860/.venv/bin/python3 -m policies.train --env rware-tiny-2ag-easy-v2 --seed 0 --updates 400 --rollout 512 --eval-every 25 --eval-episodes 30 --log-dir matrix_results/diagnostics_v1_sam/comm_2ag/main_tiny --run-name mappo-no-comm__dropout-only__d0__s0 --n-msg-tokens 8 --no-comm --dropout --dropout-window-start 200 --dropout-window-end 350 --shape-rewards --pickup-bonus 0.5

[env] EnvSpec(env_id='rware-tiny-2ag-easy-v2', n_agents=2, obs_dim=71, n_env_actions=5, noop_action=0, family='rware')  (n_msg_tokens=1)
[cfg] {'clip_range': 0.2, 'value_clip_range': 0.2, 'entropy_coef': 0.01, 'value_coef': 0.5, 'max_grad_norm': 0.5, 'gamma': 0.99, 'gae_lambda': 0.95, 'lr_actor': 0.0003, 'lr_critic': 0.001, 'update_epochs': 4, 'minibatches': 4, 'hidden': 128, 'depth': 2, 'device': 'cpu', 'extra': {}}
[log] writing to matrix_results/diagnostics_v1_sam/comm_2ag/main_tiny/mappo-no-comm__dropout-only__d0__s0
[upd    1 | steps     512 | t    0.2s | sps  2546] ret_mean=0.000 ep_len=500.0 pi_loss=-0.009 v_loss=0.018 ent=1.606 kl=0.0057
[upd    2 | steps    1024 | t    0.3s | sps  2959] ret_mean=0.000 ep_len=500.0 pi_loss=-0.004 v_loss=0.004 ent=1.602 kl=0.0031
[upd    3 | steps    1536 | t    0.5s | sps  3075] ret_mean=0.500 ep_len=500.0 pi_loss=-0.005 v_loss=0.003 ent=1.606 kl=0.0042
[upd    4 | steps    2048 | t    0.6s | sps  3183] ret_mean=0.000 ep_len=500.0 pi_loss=-0.003 v_loss=0.003 ent=1.602 kl=0.0005
[upd    5 | steps    2560 | t    0.9s | sps  2960] ret_mean=0.000 ep_len=500.0 pi_loss=-0.005 v_loss=0.005 ent=1.605 kl=0.0005
[upd    6 | steps    3072 | t    1.0s | sps  3032] ret_mean=0.000 ep_len=500.0 pi_loss=-0.004 v_loss=0.002 ent=1.603 kl=0.0003
[upd    7 | steps    3584 | t    1.2s | sps  3037] ret_mean=0.000 ep_len=500.0 pi_loss=-0.007 v_loss=0.001 ent=1.601 kl=0.0068
[upd    8 | steps    4096 | t    1.3s | sps  3066] ret_mean=0.000 ep_len=500.0 pi_loss=-0.002 v_loss=0.001 ent=1.598 kl=0.0008
[upd    9 | steps    4608 | t    1.5s | sps  3096] ret_mean=0.000 ep_len=500.0 pi_loss=-0.006 v_loss=0.007 ent=1.601 kl=-0.0002
[upd   10 | steps    5120 | t    1.6s | sps  3138] ret_mean=1.000 ep_len=500.0 pi_loss=-0.007 v_loss=0.002 ent=1.588 kl=0.0004
[upd   11 | steps    5632 | t    1.8s | sps  3152] ret_mean=0.000 ep_len=500.0 pi_loss=-0.002 v_loss=0.003 ent=1.561 kl=0.0002
[upd   12 | steps    6144 | t    1.9s | sps  3175] ret_mean=0.500 ep_len=500.0 pi_loss=-0.004 v_loss=0.013 ent=1.583 kl=0.0041
[upd   13 | steps    6656 | t    2.1s | sps  3185] ret_mean=1.500 ep_len=500.0 pi_loss=-0.005 v_loss=0.002 ent=1.565 kl=0.0032
[upd   14 | steps    7168 | t    2.2s | sps  3202] ret_mean=1.500 ep_len=500.0 pi_loss=-0.005 v_loss=0.009 ent=1.556 kl=0.0001
[upd   15 | steps    7680 | t    2.4s | sps  3215] ret_mean=0.500 ep_len=500.0 pi_loss=-0.007 v_loss=0.003 ent=1.500 kl=0.0101
[upd   16 | steps    8192 | t    2.5s | sps  3231] ret_mean=0.500 ep_len=500.0 pi_loss=-0.009 v_loss=0.007 ent=1.554 kl=0.0050
[upd   17 | steps    8704 | t    2.7s | sps  3244] ret_mean=1.000 ep_len=500.0 pi_loss=-0.005 v_loss=0.002 ent=1.538 kl=0.0032
[upd   18 | steps    9216 | t    2.8s | sps  3257] ret_mean=0.500 ep_len=500.0 pi_loss=-0.004 v_loss=0.006 ent=1.549 kl=0.0020
[upd   19 | steps    9728 | t    3.0s | sps  3264] ret_mean=1.000 ep_len=500.0 pi_loss=-0.005 v_loss=0.001 ent=1.488 kl=0.0062
[upd   20 | steps   10240 | t    3.1s | sps  3265] ret_mean=0.000 ep_len=500.0 pi_loss=-0.009 v_loss=0.001 ent=1.536 kl=0.0036
[upd   21 | steps   10752 | t    3.3s | sps  3272] ret_mean=0.000 ep_len=500.0 pi_loss=-0.005 v_loss=0.010 ent=1.561 kl=0.0062
[upd   22 | steps   11264 | t    3.4s | sps  3279] ret_mean=1.500 ep_len=500.0 pi_loss=-0.005 v_loss=0.001 ent=1.537 kl=0.0036
[upd   23 | steps   11776 | t    3.6s | sps  3289] ret_mean=0.000 ep_len=500.0 pi_loss=-0.002 v_loss=0.008 ent=1.505 kl=0.0012
[upd   24 | steps   12288 | t    3.7s | sps  3294] ret_mean=4.000 ep_len=500.0 pi_loss=-0.006 v_loss=0.021 ent=1.515 kl=0.0032
[upd   25 | steps   12800 | t    3.9s | sps  3295] ret_mean=1.500 ep_len=500.0 pi_loss=-0.007 v_loss=0.062 ent=1.488 kl=0.0081
        [eval] ret_mean=7.267 ep_len=500.0
[upd   26 | steps   13312 | t    7.6s | sps  1754] ret_mean=0.500 ep_len=500.0 pi_loss=-0.004 v_loss=0.005 ent=1.351 kl=0.0068
[upd   27 | steps   13824 | t    7.7s | sps  1784] ret_mean=0.000 ep_len=500.0 pi_loss=-0.004 v_loss=0.004 ent=1.464 kl=0.0025
[upd   28 | steps   14336 | t    7.9s | sps  1815] ret_mean=1.000 ep_len=500.0 pi_loss=-0.007 v_loss=0.013 ent=1.424 kl=-0.0003
[upd   29 | steps   14848 | t    8.0s | sps  1845] ret_mean=3.000 ep_len=500.0 pi_loss=-0.005 v_loss=0.009 ent=1.344 kl=0.0080
[upd   30 | steps   15360 | t    8.2s | sps  1872] ret_mean=8.000 ep_len=500.0 pi_loss=-0.005 v_loss=0.082 ent=1.394 kl=-0.0000
[upd   31 | steps   15872 | t    8.4s | sps  1898] ret_mean=2.500 ep_len=500.0 pi_loss=-0.010 v_loss=0.006 ent=1.516 kl=0.0088
[upd   32 | steps   16384 | t    8.5s | sps  1924] ret_mean=0.500 ep_len=500.0 pi_loss=-0.003 v_loss=0.003 ent=1.353 kl=0.0014
[upd   33 | steps   16896 | t    8.7s | sps  1944] ret_mean=3.000 ep_len=500.0 pi_loss=-0.010 v_loss=0.023 ent=1.251 kl=0.0119
[upd   34 | steps   17408 | t    8.9s | sps  1964] ret_mean=4.500 ep_len=500.0 pi_loss=-0.006 v_loss=0.050 ent=1.357 kl=0.0071
[upd   35 | steps   17920 | t    9.0s | sps  1987] ret_mean=0.000 ep_len=500.0 pi_loss=-0.005 v_loss=0.025 ent=1.324 kl=0.0019
[upd   36 | steps   18432 | t    9.2s | sps  2007] ret_mean=5.000 ep_len=500.0 pi_loss=-0.007 v_loss=0.010 ent=1.086 kl=0.0111
[upd   37 | steps   18944 | t    9.3s | sps  2028] ret_mean=1.000 ep_len=500.0 pi_loss=-0.005 v_loss=0.019 ent=1.218 kl=0.0045
[upd   38 | steps   19456 | t    9.5s | sps  2050] ret_mean=2.000 ep_len=500.0 pi_loss=-0.008 v_loss=0.005 ent=0.978 kl=0.0019
[upd   39 | steps   19968 | t    9.6s | sps  2070] ret_mean=3.500 ep_len=500.0 pi_loss=-0.007 v_loss=0.017 ent=1.129 kl=0.0051
[upd   40 | steps   20480 | t    9.8s | sps  2090] ret_mean=0.000 ep_len=500.0 pi_loss=-0.009 v_loss=0.038 ent=1.006 kl=0.0110
[upd   41 | steps   20992 | t   10.0s | sps  2108] ret_mean=3.000 ep_len=500.0 pi_loss=-0.004 v_loss=0.229 ent=0.980 kl=0.0104
[upd   42 | steps   21504 | t   10.1s | sps  2125] ret_mean=8.000 ep_len=500.0 pi_loss=-0.005 v_loss=0.002 ent=0.956 kl=0.0060
[upd   43 | steps   22016 | t   10.3s | sps  2142] ret_mean=8.500 ep_len=500.0 pi_loss=-0.012 v_loss=0.202 ent=1.126 kl=-0.0010
[upd   44 | steps   22528 | t   10.5s | sps  2152] ret_mean=1.000 ep_len=500.0 pi_loss=-0.005 v_loss=0.003 ent=1.009 kl=0.0042
[upd   45 | steps   23040 | t   10.6s | sps  2166] ret_mean=0.000 ep_len=500.0 pi_loss=-0.000 v_loss=0.001 ent=0.865 kl=0.0025
[upd   46 | steps   23552 | t   10.9s | sps  2166] ret_mean=0.000 ep_len=500.0 pi_loss=-0.007 v_loss=0.218 ent=1.054 kl=0.0056
[upd   47 | steps   24064 | t   11.1s | sps  2172] ret_mean=7.500 ep_len=500.0 pi_loss=-0.003 v_loss=0.044 ent=0.951 kl=0.0088
[upd   48 | steps   24576 | t   11.3s | sps  2181] ret_mean=3.500 ep_len=500.0 pi_loss=-0.004 v_loss=0.002 ent=1.209 kl=0.0077
[upd   49 | steps   25088 | t   11.4s | sps  2195] ret_mean=0.000 ep_len=500.0 pi_loss=-0.006 v_loss=0.378 ent=1.096 kl=0.0026
[upd   50 | steps   25600 | t   11.7s | sps  2194] ret_mean=17.500 ep_len=500.0 pi_loss=-0.006 v_loss=0.404 ent=1.065 kl=0.0038
        [eval] ret_mean=4.167 ep_len=500.0
[upd   51 | steps   26112 | t   16.1s | sps  1626] ret_mean=0.000 ep_len=500.0 pi_loss=-0.013 v_loss=0.008 ent=1.166 kl=0.0080
[upd   52 | steps   26624 | t   16.2s | sps  1641] ret_mean=11.000 ep_len=500.0 pi_loss=-0.008 v_loss=0.247 ent=1.150 kl=0.0050
[upd   53 | steps   27136 | t   16.4s | sps  1657] ret_mean=16.500 ep_len=500.0 pi_loss=-0.000 v_loss=0.559 ent=0.965 kl=0.0015
[upd   54 | steps   27648 | t   16.6s | sps  1667] ret_mean=10.000 ep_len=500.0 pi_loss=-0.004 v_loss=0.309 ent=1.168 kl=0.0015
[upd   55 | steps   28160 | t   16.8s | sps  1679] ret_mean=8.500 ep_len=500.0 pi_loss=0.000 v_loss=0.281 ent=1.097 kl=0.0016
[upd   56 | steps   28672 | t   17.0s | sps  1686] ret_mean=16.000 ep_len=500.0 pi_loss=-0.009 v_loss=0.392 ent=1.126 kl=0.0020
[upd   57 | steps   29184 | t   17.2s | sps  1696] ret_mean=0.000 ep_len=500.0 pi_loss=-0.006 v_loss=0.052 ent=1.076 kl=0.0062
[upd   58 | steps   29696 | t   17.4s | sps  1702] ret_mean=15.000 ep_len=500.0 pi_loss=-0.005 v_loss=0.232 ent=1.098 kl=0.0069
[upd   59 | steps   30208 | t   17.7s | sps  1711] ret_mean=1.000 ep_len=500.0 pi_loss=-0.007 v_loss=0.021 ent=1.179 kl=0.0099
[upd   60 | steps   30720 | t   17.8s | sps  1721] ret_mean=0.000 ep_len=500.0 pi_loss=-0.011 v_loss=0.004 ent=1.272 kl=0.0025
[upd   61 | steps   31232 | t   18.0s | sps  1732] ret_mean=0.000 ep_len=500.0 pi_loss=-0.014 v_loss=0.005 ent=1.170 kl=0.0257
[upd   62 | steps   31744 | t   18.2s | sps  1744] ret_mean=12.000 ep_len=500.0 pi_loss=-0.009 v_loss=3.609 ent=1.064 kl=0.0010
[upd   63 | steps   32256 | t   18.4s | sps  1757] ret_mean=56.500 ep_len=500.0 pi_loss=-0.001 v_loss=0.673 ent=1.149 kl=0.0034
[upd   64 | steps   32768 | t   18.5s | sps  1769] ret_mean=16.500 ep_len=500.0 pi_loss=-0.011 v_loss=0.604 ent=1.086 kl=-0.0038
[upd   65 | steps   33280 | t   18.7s | sps  1782] ret_mean=36.000 ep_len=500.0 pi_loss=-0.003 v_loss=0.846 ent=0.982 kl=0.0004
[upd   66 | steps   33792 | t   18.8s | sps  1794] ret_mean=0.000 ep_len=500.0 pi_loss=-0.007 v_loss=0.011 ent=1.241 kl=0.0100
[upd   67 | steps   34304 | t   19.0s | sps  1806] ret_mean=0.000 ep_len=500.0 pi_loss=-0.006 v_loss=0.294 ent=1.117 kl=0.0075
[upd   68 | steps   34816 | t   19.2s | sps  1818] ret_mean=26.500 ep_len=500.0 pi_loss=-0.009 v_loss=0.819 ent=1.039 kl=0.0075
[upd   69 | steps   35328 | t   19.3s | sps  1830] ret_mean=12.000 ep_len=500.0 pi_loss=-0.002 v_loss=0.016 ent=0.983 kl=0.0082
[upd   70 | steps   35840 | t   19.5s | sps  1840] ret_mean=0.000 ep_len=500.0 pi_loss=-0.007 v_loss=0.393 ent=1.049 kl=0.0005
[upd   71 | steps   36352 | t   19.6s | sps  1851] ret_mean=15.000 ep_len=500.0 pi_loss=-0.005 v_loss=0.015 ent=1.161 kl=-0.0006
[upd   72 | steps   36864 | t   19.8s | sps  1861] ret_mean=0.000 ep_len=500.0 pi_loss=-0.005 v_loss=0.200 ent=1.139 kl=0.0081
[upd   73 | steps   37376 | t   20.0s | sps  1871] ret_mean=7.000 ep_len=500.0 pi_loss=-0.010 v_loss=2.543 ent=1.040 kl=0.0075
[upd   74 | steps   37888 | t   20.1s | sps  1881] ret_mean=75.500 ep_len=500.0 pi_loss=-0.004 v_loss=1.817 ent=0.845 kl=0.0047
[upd   75 | steps   38400 | t   20.3s | sps  1891] ret_mean=29.000 ep_len=500.0 pi_loss=-0.007 v_loss=0.375 ent=1.102 kl=0.0095
        [eval] ret_mean=10.083 ep_len=500.0
[upd   76 | steps   38912 | t   24.5s | sps  1588] ret_mean=41.000 ep_len=500.0 pi_loss=-0.015 v_loss=1.979 ent=1.077 kl=0.0185
[upd   77 | steps   39424 | t   24.7s | sps  1598] ret_mean=2.500 ep_len=500.0 pi_loss=-0.007 v_loss=0.051 ent=1.119 kl=0.0068
[upd   78 | steps   39936 | t   24.8s | sps  1609] ret_mean=17.500 ep_len=500.0 pi_loss=-0.009 v_loss=0.711 ent=1.117 kl=0.0067
[upd   79 | steps   40448 | t   25.0s | sps  1619] ret_mean=14.500 ep_len=500.0 pi_loss=-0.010 v_loss=0.556 ent=1.137 kl=0.0081
[upd   80 | steps   40960 | t   25.1s | sps  1630] ret_mean=1.000 ep_len=500.0 pi_loss=-0.005 v_loss=0.097 ent=1.059 kl=-0.0012
[upd   81 | steps   41472 | t   25.3s | sps  1640] ret_mean=18.000 ep_len=500.0 pi_loss=-0.006 v_loss=0.458 ent=1.023 kl=-0.0035
[upd   82 | steps   41984 | t   25.4s | sps  1650] ret_mean=9.000 ep_len=500.0 pi_loss=-0.009 v_loss=0.019 ent=1.169 kl=0.0144
[upd   83 | steps   42496 | t   25.6s | sps  1659] ret_mean=0.000 ep_len=500.0 pi_loss=-0.009 v_loss=0.019 ent=0.920 kl=0.0043
[upd   84 | steps   43008 | t   25.8s | sps  1668] ret_mean=4.000 ep_len=500.0 pi_loss=-0.013 v_loss=0.064 ent=0.988 kl=0.0277
[upd   85 | steps   43520 | t   26.0s | sps  1676] ret_mean=61.500 ep_len=500.0 pi_loss=-0.008 v_loss=4.444 ent=0.595 kl=0.0056
[upd   86 | steps   44032 | t   26.1s | sps  1684] ret_mean=48.500 ep_len=500.0 pi_loss=-0.005 v_loss=0.570 ent=0.977 kl=0.0091
[upd   87 | steps   44544 | t   26.3s | sps  1693] ret_mean=11.000 ep_len=500.0 pi_loss=-0.008 v_loss=1.383 ent=0.916 kl=0.0039
[upd   88 | steps   45056 | t   26.5s | sps  1703] ret_mean=112.500 ep_len=500.0 pi_loss=-0.004 v_loss=4.227 ent=0.574 kl=0.0033
[upd   89 | steps   45568 | t   26.6s | sps  1713] ret_mean=20.500 ep_len=500.0 pi_loss=-0.005 v_loss=2.502 ent=0.890 kl=0.0059
[upd   90 | steps   46080 | t   26.8s | sps  1722] ret_mean=88.500 ep_len=500.0 pi_loss=-0.005 v_loss=4.165 ent=0.699 kl=0.0029
[upd   91 | steps   46592 | t   26.9s | sps  1731] ret_mean=80.000 ep_len=500.0 pi_loss=-0.007 v_loss=2.417 ent=0.627 kl=0.0070
[upd   92 | steps   47104 | t   27.1s | sps  1741] ret_mean=0.000 ep_len=500.0 pi_loss=-0.007 v_loss=0.077 ent=0.890 kl=0.0057
[upd   93 | steps   47616 | t   27.2s | sps  1750] ret_mean=0.000 ep_len=500.0 pi_loss=-0.007 v_loss=0.060 ent=0.865 kl=0.0017
[upd   94 | steps   48128 | t   27.4s | sps  1758] ret_mean=0.000 ep_len=500.0 pi_loss=-0.005 v_loss=3.084 ent=0.652 kl=-0.0003
[upd   95 | steps   48640 | t   27.5s | sps  1768] ret_mean=124.000 ep_len=500.0 pi_loss=-0.004 v_loss=3.001 ent=0.346 kl=0.0032
[upd   96 | steps   49152 | t   27.7s | sps  1776] ret_mean=0.000 ep_len=500.0 pi_loss=-0.002 v_loss=0.104 ent=1.033 kl=0.0064
[upd   97 | steps   49664 | t   27.8s | sps  1784] ret_mean=0.000 ep_len=500.0 pi_loss=-0.006 v_loss=0.058 ent=0.994 kl=-0.0003
[upd   98 | steps   50176 | t   28.0s | sps  1793] ret_mean=0.000 ep_len=500.0 pi_loss=-0.007 v_loss=1.082 ent=0.792 kl=0.0113
[upd   99 | steps   50688 | t   28.1s | sps  1801] ret_mean=31.500 ep_len=500.0 pi_loss=-0.008 v_loss=1.434 ent=0.858 kl=0.0078
[upd  100 | steps   51200 | t   28.3s | sps  1809] ret_mean=35.500 ep_len=500.0 pi_loss=-0.010 v_loss=0.039 ent=1.065 kl=0.0064
        [eval] ret_mean=8.317 ep_len=500.0
[upd  101 | steps   51712 | t   31.9s | sps  1622] ret_mean=73.000 ep_len=500.0 pi_loss=-0.001 v_loss=3.222 ent=0.232 kl=0.0029
[upd  102 | steps   52224 | t   32.0s | sps  1630] ret_mean=102.000 ep_len=500.0 pi_loss=-0.005 v_loss=4.762 ent=0.380 kl=0.0053
[upd  103 | steps   52736 | t   32.2s | sps  1636] ret_mean=43.500 ep_len=500.0 pi_loss=-0.009 v_loss=1.889 ent=0.884 kl=-0.0008
[upd  104 | steps   53248 | t   32.4s | sps  1644] ret_mean=114.500 ep_len=500.0 pi_loss=-0.006 v_loss=6.545 ent=0.252 kl=0.0032
[upd  105 | steps   53760 | t   32.6s | sps  1649] ret_mean=80.000 ep_len=500.0 pi_loss=-0.006 v_loss=3.693 ent=0.679 kl=0.0047
[upd  106 | steps   54272 | t   32.8s | sps  1654] ret_mean=1.500 ep_len=500.0 pi_loss=-0.008 v_loss=0.311 ent=1.067 kl=0.0059
[upd  107 | steps   54784 | t   33.0s | sps  1661] ret_mean=52.500 ep_len=500.0 pi_loss=-0.005 v_loss=1.576 ent=0.753 kl=0.0028
[upd  108 | steps   55296 | t   33.1s | sps  1669] ret_mean=95.000 ep_len=500.0 pi_loss=-0.005 v_loss=4.064 ent=0.302 kl=0.0047
[upd  109 | steps   55808 | t   33.3s | sps  1676] ret_mean=97.500 ep_len=500.0 pi_loss=-0.015 v_loss=3.968 ent=0.456 kl=0.0194
[upd  110 | steps   56320 | t   33.5s | sps  1683] ret_mean=0.000 ep_len=500.0 pi_loss=-0.007 v_loss=0.186 ent=0.583 kl=0.0087
[upd  111 | steps   56832 | t   33.6s | sps  1690] ret_mean=0.000 ep_len=500.0 pi_loss=-0.004 v_loss=1.354 ent=0.494 kl=0.0039
[upd  112 | steps   57344 | t   33.8s | sps  1698] ret_mean=116.000 ep_len=500.0 pi_loss=-0.002 v_loss=3.649 ent=0.270 kl=-0.0003
[upd  113 | steps   57856 | t   33.9s | sps  1705] ret_mean=44.000 ep_len=500.0 pi_loss=-0.002 v_loss=1.958 ent=0.283 kl=0.0043
[upd  114 | steps   58368 | t   34.1s | sps  1712] ret_mean=0.000 ep_len=500.0 pi_loss=-0.005 v_loss=0.064 ent=0.990 kl=0.0008
[upd  115 | steps   58880 | t   34.3s | sps  1718] ret_mean=0.000 ep_len=500.0 pi_loss=-0.006 v_loss=0.966 ent=0.962 kl=0.0110
[upd  116 | steps   59392 | t   34.4s | sps  1725] ret_mean=30.000 ep_len=500.0 pi_loss=-0.003 v_loss=0.627 ent=0.897 kl=0.0017
[upd  117 | steps   59904 | t   34.6s | sps  1731] ret_mean=25.500 ep_len=500.0 pi_loss=-0.002 v_loss=0.783 ent=0.226 kl=0.0006
[upd  118 | steps   60416 | t   34.8s | sps  1736] ret_mean=55.000 ep_len=500.0 pi_loss=-0.004 v_loss=7.558 ent=0.521 kl=0.0029
[upd  119 | steps   60928 | t   35.0s | sps  1742] ret_mean=143.500 ep_len=500.0 pi_loss=-0.001 v_loss=3.523 ent=0.171 kl=0.0015
[upd  120 | steps   61440 | t   35.1s | sps  1750] ret_mean=23.000 ep_len=500.0 pi_loss=-0.002 v_loss=2.698 ent=0.284 kl=0.0004
[upd  121 | steps   61952 | t   35.3s | sps  1756] ret_mean=107.000 ep_len=500.0 pi_loss=-0.006 v_loss=2.555 ent=0.325 kl=0.0053
[upd  122 | steps   62464 | t   35.4s | sps  1763] ret_mean=0.000 ep_len=500.0 pi_loss=-0.002 v_loss=0.056 ent=0.250 kl=0.0023
[upd  123 | steps   62976 | t   35.6s | sps  1770] ret_mean=0.000 ep_len=500.0 pi_loss=-0.001 v_loss=10.570 ent=0.108 kl=0.0019
[upd  124 | steps   63488 | t   35.7s | sps  1776] ret_mean=154.500 ep_len=500.0 pi_loss=-0.006 v_loss=1.917 ent=0.664 kl=0.0109
[upd  125 | steps   64000 | t   35.9s | sps  1783] ret_mean=35.000 ep_len=500.0 pi_loss=-0.006 v_loss=2.300 ent=0.466 kl=0.0119
        [eval] ret_mean=0.000 ep_len=500.0
[upd  126 | steps   64512 | t   39.9s | sps  1618] ret_mean=103.000 ep_len=500.0 pi_loss=-0.007 v_loss=4.484 ent=0.328 kl=0.0076
[upd  127 | steps   65024 | t   40.1s | sps  1623] ret_mean=43.000 ep_len=500.0 pi_loss=-0.005 v_loss=1.667 ent=0.625 kl=0.0013
[upd  128 | steps   65536 | t   40.2s | sps  1628] ret_mean=119.500 ep_len=500.0 pi_loss=-0.006 v_loss=4.069 ent=0.244 kl=0.0079
[upd  129 | steps   66048 | t   40.4s | sps  1633] ret_mean=93.000 ep_len=500.0 pi_loss=-0.002 v_loss=3.627 ent=0.468 kl=0.0158
[upd  130 | steps   66560 | t   40.6s | sps  1639] ret_mean=0.000 ep_len=500.0 pi_loss=-0.004 v_loss=0.217 ent=0.841 kl=0.0099
[upd  131 | steps   67072 | t   40.8s | sps  1645] ret_mean=21.000 ep_len=500.0 pi_loss=-0.006 v_loss=1.193 ent=0.649 kl=0.0102
[upd  132 | steps   67584 | t   40.9s | sps  1651] ret_mean=140.500 ep_len=500.0 pi_loss=-0.002 v_loss=7.528 ent=0.171 kl=0.0001
[upd  133 | steps   68096 | t   41.1s | sps  1658] ret_mean=59.500 ep_len=500.0 pi_loss=-0.004 v_loss=2.148 ent=0.613 kl=0.0030
[upd  134 | steps   68608 | t   41.3s | sps  1660] ret_mean=0.000 ep_len=500.0 pi_loss=-0.004 v_loss=0.972 ent=1.097 kl=0.0046
[upd  135 | steps   69120 | t   41.6s | sps  1662] ret_mean=51.500 ep_len=500.0 pi_loss=-0.007 v_loss=0.792 ent=0.739 kl=0.0068
[upd  136 | steps   69632 | t   41.8s | sps  1666] ret_mean=58.500 ep_len=500.0 pi_loss=0.000 v_loss=3.179 ent=0.385 kl=-0.0002
[upd  137 | steps   70144 | t   42.0s | sps  1670] ret_mean=124.500 ep_len=500.0 pi_loss=-0.006 v_loss=3.288 ent=0.278 kl=0.0034
[upd  138 | steps   70656 | t   42.2s | sps  1674] ret_mean=0.000 ep_len=500.0 pi_loss=-0.009 v_loss=0.735 ent=0.430 kl=-0.0001
[upd  139 | steps   71168 | t   42.4s | sps  1679] ret_mean=21.500 ep_len=500.0 pi_loss=-0.003 v_loss=0.157 ent=0.897 kl=0.0049
[upd  140 | steps   71680 | t   42.6s | sps  1684] ret_mean=39.500 ep_len=500.0 pi_loss=-0.005 v_loss=1.628 ent=0.680 kl=0.0132
[upd  141 | steps   72192 | t   42.7s | sps  1689] ret_mean=0.000 ep_len=500.0 pi_loss=-0.008 v_loss=0.347 ent=1.085 kl=0.0043
[upd  142 | steps   72704 | t   42.9s | sps  1695] ret_mean=84.500 ep_len=500.0 pi_loss=-0.003 v_loss=3.296 ent=0.421 kl=0.0060
[upd  143 | steps   73216 | t   43.0s | sps  1701] ret_mean=0.000 ep_len=500.0 pi_loss=-0.006 v_loss=4.031 ent=0.744 kl=0.0114
[upd  144 | steps   73728 | t   43.2s | sps  1707] ret_mean=126.500 ep_len=500.0 pi_loss=-0.007 v_loss=5.844 ent=0.342 kl=0.0053
[upd  145 | steps   74240 | t   43.3s | sps  1714] ret_mean=86.500 ep_len=500.0 pi_loss=-0.001 v_loss=2.486 ent=0.719 kl=0.0112
[upd  146 | steps   74752 | t   43.5s | sps  1720] ret_mean=52.500 ep_len=500.0 pi_loss=-0.012 v_loss=4.961 ent=0.406 kl=0.0250
[upd  147 | steps   75264 | t   43.6s | sps  1725] ret_mean=120.000 ep_len=500.0 pi_loss=0.002 v_loss=2.897 ent=0.444 kl=0.0100
[upd  148 | steps   75776 | t   43.8s | sps  1731] ret_mean=20.000 ep_len=500.0 pi_loss=-0.004 v_loss=10.378 ent=0.518 kl=0.0020
[upd  149 | steps   76288 | t   43.9s | sps  1737] ret_mean=183.000 ep_len=500.0 pi_loss=-0.001 v_loss=10.861 ent=0.098 kl=0.0003
[upd  150 | steps   76800 | t   44.1s | sps  1742] ret_mean=158.000 ep_len=500.0 pi_loss=-0.002 v_loss=4.634 ent=0.328 kl=0.0022
        [eval] ret_mean=17.233 ep_len=500.0
[upd  151 | steps   77312 | t   48.0s | sps  1612] ret_mean=0.000 ep_len=500.0 pi_loss=-0.006 v_loss=0.157 ent=1.031 kl=0.0056
[upd  152 | steps   77824 | t   48.1s | sps  1617] ret_mean=128.000 ep_len=500.0 pi_loss=-0.005 v_loss=7.169 ent=0.280 kl=0.0069
[upd  153 | steps   78336 | t   48.3s | sps  1623] ret_mean=0.000 ep_len=500.0 pi_loss=-0.006 v_loss=0.126 ent=1.002 kl=0.0121
[upd  154 | steps   78848 | t   48.4s | sps  1628] ret_mean=0.000 ep_len=500.0 pi_loss=-0.009 v_loss=0.169 ent=1.026 kl=0.0088
[upd  155 | steps   79360 | t   48.6s | sps  1633] ret_mean=0.000 ep_len=500.0 pi_loss=-0.006 v_loss=0.143 ent=0.999 kl=0.0066
[upd  156 | steps   79872 | t   48.7s | sps  1639] ret_mean=0.000 ep_len=500.0 pi_loss=-0.014 v_loss=0.600 ent=0.876 kl=0.0109
[upd  157 | steps   80384 | t   48.9s | sps  1644] ret_mean=124.500 ep_len=500.0 pi_loss=-0.007 v_loss=3.759 ent=0.374 kl=0.0178
[upd  158 | steps   80896 | t   49.0s | sps  1649] ret_mean=0.000 ep_len=500.0 pi_loss=-0.004 v_loss=2.587 ent=0.942 kl=0.0063
[upd  159 | steps   81408 | t   49.2s | sps  1655] ret_mean=77.000 ep_len=500.0 pi_loss=-0.001 v_loss=2.668 ent=0.803 kl=0.0065
[upd  160 | steps   81920 | t   49.3s | sps  1660] ret_mean=78.500 ep_len=500.0 pi_loss=-0.003 v_loss=3.495 ent=0.474 kl=0.0085
[upd  161 | steps   82432 | t   49.5s | sps  1665] ret_mean=95.000 ep_len=500.0 pi_loss=-0.005 v_loss=2.360 ent=0.573 kl=0.0033
[upd  162 | steps   82944 | t   49.7s | sps  1670] ret_mean=0.000 ep_len=500.0 pi_loss=-0.006 v_loss=0.142 ent=0.972 kl=0.0041
[upd  163 | steps   83456 | t   49.8s | sps  1675] ret_mean=0.000 ep_len=500.0 pi_loss=-0.007 v_loss=0.110 ent=1.081 kl=0.0065
[upd  164 | steps   83968 | t   50.0s | sps  1679] ret_mean=0.000 ep_len=500.0 pi_loss=-0.004 v_loss=2.344 ent=0.914 kl=0.0096
[upd  165 | steps   84480 | t   50.1s | sps  1685] ret_mean=150.000 ep_len=500.0 pi_loss=-0.003 v_loss=7.984 ent=0.319 kl=0.0029
[upd  166 | steps   84992 | t   50.3s | sps  1690] ret_mean=129.500 ep_len=500.0 pi_loss=-0.001 v_loss=5.767 ent=0.452 kl=0.0016
[upd  167 | steps   85504 | t   50.5s | sps  1694] ret_mean=1.500 ep_len=500.0 pi_loss=-0.007 v_loss=0.052 ent=0.981 kl=0.0059
[upd  168 | steps   86016 | t   50.6s | sps  1699] ret_mean=0.000 ep_len=500.0 pi_loss=-0.009 v_loss=2.015 ent=0.825 kl=0.0073
[upd  169 | steps   86528 | t   50.8s | sps  1704] ret_mean=61.500 ep_len=500.0 pi_loss=-0.005 v_loss=1.924 ent=0.891 kl=0.0067
[upd  170 | steps   87040 | t   50.9s | sps  1709] ret_mean=109.000 ep_len=500.0 pi_loss=-0.006 v_loss=2.167 ent=0.710 kl=0.0037
[upd  171 | steps   87552 | t   51.1s | sps  1713] ret_mean=3.500 ep_len=500.0 pi_loss=-0.004 v_loss=1.585 ent=0.909 kl=0.0044
[upd  172 | steps   88064 | t   51.3s | sps  1717] ret_mean=37.500 ep_len=500.0 pi_loss=-0.010 v_loss=3.030 ent=0.809 kl=0.0052
[upd  173 | steps   88576 | t   51.4s | sps  1722] ret_mean=134.000 ep_len=500.0 pi_loss=-0.007 v_loss=2.459 ent=0.627 kl=0.0170
[upd  174 | steps   89088 | t   51.6s | sps  1727] ret_mean=32.000 ep_len=500.0 pi_loss=-0.007 v_loss=2.979 ent=0.530 kl=0.0044
[upd  175 | steps   89600 | t   51.7s | sps  1732] ret_mean=71.500 ep_len=500.0 pi_loss=-0.006 v_loss=3.479 ent=0.750 kl=0.0035
        [eval] ret_mean=8.300 ep_len=500.0
[upd  176 | steps   90112 | t   55.7s | sps  1619] ret_mean=0.000 ep_len=500.0 pi_loss=-0.007 v_loss=0.213 ent=1.206 kl=0.0091
[upd  177 | steps   90624 | t   55.8s | sps  1623] ret_mean=12.000 ep_len=500.0 pi_loss=-0.008 v_loss=0.561 ent=1.247 kl=0.0006
[upd  178 | steps   91136 | t   56.0s | sps  1628] ret_mean=177.500 ep_len=500.0 pi_loss=-0.008 v_loss=10.444 ent=0.222 kl=0.0230
[upd  179 | steps   91648 | t   56.1s | sps  1633] ret_mean=17.000 ep_len=500.0 pi_loss=-0.007 v_loss=1.225 ent=0.996 kl=0.0123
[upd  180 | steps   92160 | t   56.3s | sps  1637] ret_mean=112.000 ep_len=500.0 pi_loss=-0.003 v_loss=3.904 ent=0.267 kl=0.0091
[upd  181 | steps   92672 | t   56.5s | sps  1641] ret_mean=121.500 ep_len=500.0 pi_loss=-0.002 v_loss=4.032 ent=0.315 kl=0.0052
[upd  182 | steps   93184 | t   56.6s | sps  1646] ret_mean=0.000 ep_len=500.0 pi_loss=-0.011 v_loss=0.777 ent=1.078 kl=0.0068
[upd  183 | steps   93696 | t   56.8s | sps  1650] ret_mean=121.000 ep_len=500.0 pi_loss=-0.008 v_loss=3.505 ent=0.315 kl=0.0108
[upd  184 | steps   94208 | t   56.9s | sps  1655] ret_mean=123.500 ep_len=500.0 pi_loss=-0.002 v_loss=5.869 ent=0.254 kl=0.0036
[upd  185 | steps   94720 | t   57.1s | sps  1659] ret_mean=58.500 ep_len=500.0 pi_loss=-0.006 v_loss=1.983 ent=0.796 kl=0.0027
[upd  186 | steps   95232 | t   57.3s | sps  1663] ret_mean=88.500 ep_len=500.0 pi_loss=-0.005 v_loss=4.005 ent=0.509 kl=0.0016
[upd  187 | steps   95744 | t   57.4s | sps  1667] ret_mean=95.500 ep_len=500.0 pi_loss=-0.004 v_loss=3.112 ent=0.294 kl=0.0028
[upd  188 | steps   96256 | t   57.6s | sps  1670] ret_mean=37.500 ep_len=500.0 pi_loss=-0.005 v_loss=1.224 ent=0.816 kl=-0.0012
[upd  189 | steps   96768 | t   57.8s | sps  1675] ret_mean=117.000 ep_len=500.0 pi_loss=-0.006 v_loss=4.813 ent=0.321 kl=0.0051
[upd  190 | steps   97280 | t   57.9s | sps  1679] ret_mean=154.500 ep_len=500.0 pi_loss=-0.003 v_loss=8.999 ent=0.113 kl=0.0042
[upd  191 | steps   97792 | t   58.1s | sps  1684] ret_mean=176.500 ep_len=500.0 pi_loss=-0.005 v_loss=5.440 ent=0.245 kl=0.0021
[upd  192 | steps   98304 | t   58.2s | sps  1688] ret_mean=126.000 ep_len=500.0 pi_loss=-0.003 v_loss=3.645 ent=0.290 kl=0.0050
[upd  193 | steps   98816 | t   58.4s | sps  1693] ret_mean=36.500 ep_len=500.0 pi_loss=-0.006 v_loss=1.119 ent=0.756 kl=0.0122
[upd  194 | steps   99328 | t   58.5s | sps  1697] ret_mean=44.500 ep_len=500.0 pi_loss=-0.006 v_loss=2.619 ent=0.471 kl=0.0019
[upd  195 | steps   99840 | t   58.7s | sps  1701] ret_mean=101.000 ep_len=500.0 pi_loss=-0.004 v_loss=8.564 ent=0.104 kl=-0.0016
[upd  196 | steps  100352 | t   58.8s | sps  1706] ret_mean=138.500 ep_len=500.0 pi_loss=-0.007 v_loss=1.852 ent=0.631 kl=0.0200
[upd  197 | steps  100864 | t   59.0s | sps  1710] ret_mean=30.000 ep_len=500.0 pi_loss=-0.003 v_loss=8.097 ent=0.302 kl=0.0064
[upd  198 | steps  101376 | t   59.1s | sps  1714] ret_mean=170.000 ep_len=500.0 pi_loss=-0.013 v_loss=3.712 ent=0.391 kl=0.0167
[upd  199 | steps  101888 | t   59.3s | sps  1718] ret_mean=105.000 ep_len=500.0 pi_loss=-0.008 v_loss=3.481 ent=0.508 kl=0.0167
[upd  200 | steps  102400 | t   59.4s | sps  1723] ret_mean=41.500 ep_len=500.0 pi_loss=-0.006 v_loss=1.618 ent=0.856 kl=0.0058
        [eval] ret_mean=8.300 ep_len=500.0
[upd  201 | steps  102912 | t   63.2s | sps  1629] ret_mean=74.500 ep_len=500.0 pi_loss=-0.004 v_loss=2.146 ent=0.724 kl=0.0077
[upd  202 | steps  103424 | t   63.3s | sps  1633] ret_mean=21.500 ep_len=500.0 pi_loss=-0.011 v_loss=0.948 ent=1.003 kl=0.0114
[upd  203 | steps  103936 | t   63.5s | sps  1637] ret_mean=56.500 ep_len=500.0 pi_loss=-0.004 v_loss=2.459 ent=0.451 kl=0.0082
[upd  204 | steps  104448 | t   63.6s | sps  1642] ret_mean=175.500 ep_len=500.0 pi_loss=-0.003 v_loss=8.811 ent=0.097 kl=0.0030
[upd  205 | steps  104960 | t   63.8s | sps  1646] ret_mean=78.000 ep_len=500.0 pi_loss=-0.006 v_loss=1.972 ent=0.721 kl=0.0064
[upd  206 | steps  105472 | t   63.9s | sps  1650] ret_mean=124.000 ep_len=500.0 pi_loss=-0.005 v_loss=3.312 ent=0.308 kl=0.0003
[upd  207 | steps  105984 | t   64.1s | sps  1654] ret_mean=132.000 ep_len=500.0 pi_loss=-0.007 v_loss=3.969 ent=0.418 kl=0.0044
[upd  208 | steps  106496 | t   64.2s | sps  1658] ret_mean=0.000 ep_len=500.0 pi_loss=-0.005 v_loss=2.643 ent=0.646 kl=-0.0000
[upd  209 | steps  107008 | t   64.4s | sps  1663] ret_mean=205.000 ep_len=500.0 pi_loss=-0.002 v_loss=7.795 ent=0.143 kl=0.0058
[upd  210 | steps  107520 | t   64.5s | sps  1667] ret_mean=155.000 ep_len=500.0 pi_loss=-0.002 v_loss=5.283 ent=0.154 kl=0.0045
[upd  211 | steps  108032 | t   64.6s | sps  1671] ret_mean=68.000 ep_len=500.0 pi_loss=-0.008 v_loss=2.234 ent=0.594 kl=-0.0003
[upd  212 | steps  108544 | t   64.8s | sps  1675] ret_mean=124.000 ep_len=500.0 pi_loss=-0.002 v_loss=2.172 ent=0.352 kl=0.0010
[upd  213 | steps  109056 | t   64.9s | sps  1679] ret_mean=122.000 ep_len=500.0 pi_loss=-0.002 v_loss=2.204 ent=0.325 kl=0.0046
[upd  214 | steps  109568 | t   65.1s | sps  1683] ret_mean=72.500 ep_len=500.0 pi_loss=-0.010 v_loss=4.251 ent=0.624 kl=0.0067
[upd  215 | steps  110080 | t   65.2s | sps  1687] ret_mean=140.500 ep_len=500.0 pi_loss=-0.002 v_loss=3.663 ent=0.244 kl=0.0154
[upd  216 | steps  110592 | t   65.4s | sps  1691] ret_mean=42.500 ep_len=500.0 pi_loss=-0.006 v_loss=2.616 ent=0.984 kl=0.0101
[upd  217 | steps  111104 | t   65.5s | sps  1695] ret_mean=33.000 ep_len=500.0 pi_loss=-0.000 v_loss=3.574 ent=0.767 kl=0.0065
[upd  218 | steps  111616 | t   65.7s | sps  1699] ret_mean=145.000 ep_len=500.0 pi_loss=-0.009 v_loss=3.492 ent=0.413 kl=0.0103
[upd  219 | steps  112128 | t   65.8s | sps  1703] ret_mean=112.500 ep_len=500.0 pi_loss=-0.001 v_loss=2.959 ent=0.307 kl=0.0011
[upd  220 | steps  112640 | t   66.0s | sps  1707] ret_mean=122.500 ep_len=500.0 pi_loss=-0.003 v_loss=3.782 ent=0.454 kl=0.0047
[upd  221 | steps  113152 | t   66.1s | sps  1711] ret_mean=25.500 ep_len=500.0 pi_loss=-0.006 v_loss=1.345 ent=0.993 kl=0.0040
[upd  222 | steps  113664 | t   66.3s | sps  1715] ret_mean=65.500 ep_len=500.0 pi_loss=-0.007 v_loss=3.127 ent=1.076 kl=0.0066
[upd  223 | steps  114176 | t   66.4s | sps  1718] ret_mean=0.000 ep_len=500.0 pi_loss=-0.007 v_loss=0.830 ent=0.884 kl=0.0043
[upd  224 | steps  114688 | t   66.6s | sps  1722] ret_mean=124.500 ep_len=500.0 pi_loss=-0.003 v_loss=3.775 ent=0.279 kl=0.0012
[upd  225 | steps  115200 | t   66.7s | sps  1726] ret_mean=133.000 ep_len=500.0 pi_loss=-0.007 v_loss=3.116 ent=0.441 kl=0.0097
        [eval] ret_mean=21.417 ep_len=500.0
[upd  226 | steps  115712 | t   70.7s | sps  1637] ret_mean=101.500 ep_len=500.0 pi_loss=-0.005 v_loss=2.473 ent=0.341 kl=0.0043
[upd  227 | steps  116224 | t   70.9s | sps  1640] ret_mean=70.000 ep_len=500.0 pi_loss=-0.009 v_loss=3.802 ent=0.821 kl=0.0144
[upd  228 | steps  116736 | t   71.0s | sps  1644] ret_mean=108.000 ep_len=500.0 pi_loss=-0.001 v_loss=3.614 ent=0.253 kl=-0.0031
[upd  229 | steps  117248 | t   71.2s | sps  1647] ret_mean=31.000 ep_len=500.0 pi_loss=-0.005 v_loss=3.431 ent=0.760 kl=0.0142
[upd  230 | steps  117760 | t   71.4s | sps  1650] ret_mean=24.000 ep_len=500.0 pi_loss=-0.005 v_loss=2.562 ent=0.956 kl=0.0149
[upd  231 | steps  118272 | t   71.5s | sps  1654] ret_mean=122.500 ep_len=500.0 pi_loss=-0.002 v_loss=2.412 ent=0.375 kl=0.0063
[upd  232 | steps  118784 | t   71.7s | sps  1657] ret_mean=111.500 ep_len=500.0 pi_loss=-0.003 v_loss=2.279 ent=0.448 kl=0.0028
[upd  233 | steps  119296 | t   71.9s | sps  1660] ret_mean=119.000 ep_len=500.0 pi_loss=-0.002 v_loss=3.236 ent=0.362 kl=0.0035
[upd  234 | steps  119808 | t   72.1s | sps  1663] ret_mean=167.500 ep_len=500.0 pi_loss=-0.002 v_loss=4.603 ent=0.151 kl=0.0047
[upd  235 | steps  120320 | t   72.2s | sps  1666] ret_mean=121.500 ep_len=500.0 pi_loss=-0.004 v_loss=3.307 ent=0.338 kl=0.0030
[upd  236 | steps  120832 | t   72.4s | sps  1669] ret_mean=60.500 ep_len=500.0 pi_loss=-0.006 v_loss=2.880 ent=0.871 kl=0.0089
[upd  237 | steps  121344 | t   72.5s | sps  1673] ret_mean=53.000 ep_len=500.0 pi_loss=-0.004 v_loss=3.390 ent=0.898 kl=0.0066
[upd  238 | steps  121856 | t   72.7s | sps  1676] ret_mean=0.000 ep_len=500.0 pi_loss=-0.005 v_loss=1.537 ent=0.997 kl=0.0034
[upd  239 | steps  122368 | t   72.9s | sps  1679] ret_mean=113.000 ep_len=500.0 pi_loss=-0.005 v_loss=2.598 ent=0.482 kl=0.0056
[upd  240 | steps  122880 | t   73.0s | sps  1682] ret_mean=55.000 ep_len=500.0 pi_loss=-0.005 v_loss=4.916 ent=0.401 kl=0.0045
[upd  241 | steps  123392 | t   73.2s | sps  1686] ret_mean=184.500 ep_len=500.0 pi_loss=-0.004 v_loss=4.613 ent=0.443 kl=0.0103
[upd  242 | steps  123904 | t   73.3s | sps  1690] ret_mean=0.000 ep_len=500.0 pi_loss=-0.003 v_loss=5.344 ent=0.848 kl=0.0017
[upd  243 | steps  124416 | t   73.5s | sps  1693] ret_mean=187.000 ep_len=500.0 pi_loss=-0.002 v_loss=3.979 ent=0.252 kl=0.0002
[upd  244 | steps  124928 | t   73.6s | sps  1697] ret_mean=124.500 ep_len=500.0 pi_loss=-0.004 v_loss=2.638 ent=0.394 kl=0.0040
[upd  245 | steps  125440 | t   73.8s | sps  1700] ret_mean=66.500 ep_len=500.0 pi_loss=-0.011 v_loss=4.555 ent=0.863 kl=0.0093
[upd  246 | steps  125952 | t   73.9s | sps  1703] ret_mean=46.000 ep_len=500.0 pi_loss=-0.007 v_loss=1.323 ent=1.085 kl=-0.0016
[upd  247 | steps  126464 | t   74.1s | sps  1707] ret_mean=61.500 ep_len=500.0 pi_loss=-0.007 v_loss=3.437 ent=1.144 kl=0.0015
[upd  248 | steps  126976 | t   74.2s | sps  1710] ret_mean=25.500 ep_len=500.0 pi_loss=-0.008 v_loss=4.768 ent=0.815 kl=0.0041
[upd  249 | steps  127488 | t   74.4s | sps  1714] ret_mean=152.500 ep_len=500.0 pi_loss=-0.004 v_loss=5.070 ent=0.698 kl=0.0070
[upd  250 | steps  128000 | t   74.5s | sps  1717] ret_mean=13.500 ep_len=500.0 pi_loss=-0.007 v_loss=2.811 ent=1.266 kl=0.0084
        [eval] ret_mean=36.800 ep_len=500.0
[upd  251 | steps  128512 | t   78.1s | sps  1645] ret_mean=174.000 ep_len=500.0 pi_loss=-0.003 v_loss=6.901 ent=0.174 kl=-0.0005
[upd  252 | steps  129024 | t   78.3s | sps  1648] ret_mean=199.500 ep_len=500.0 pi_loss=-0.001 v_loss=7.268 ent=0.175 kl=0.0034
[upd  253 | steps  129536 | t   78.4s | sps  1652] ret_mean=118.500 ep_len=500.0 pi_loss=-0.005 v_loss=2.212 ent=0.508 kl=0.0091
[upd  254 | steps  130048 | t   78.6s | sps  1655] ret_mean=64.000 ep_len=500.0 pi_loss=-0.006 v_loss=3.528 ent=0.891 kl=0.0069
[upd  255 | steps  130560 | t   78.7s | sps  1658] ret_mean=69.000 ep_len=500.0 pi_loss=-0.006 v_loss=2.618 ent=0.961 kl=0.0060
[upd  256 | steps  131072 | t   78.9s | sps  1662] ret_mean=54.000 ep_len=500.0 pi_loss=-0.004 v_loss=2.983 ent=0.895 kl=0.0106
[upd  257 | steps  131584 | t   79.0s | sps  1665] ret_mean=80.500 ep_len=500.0 pi_loss=-0.006 v_loss=3.061 ent=0.930 kl=0.0031
[upd  258 | steps  132096 | t   79.2s | sps  1668] ret_mean=91.500 ep_len=500.0 pi_loss=-0.006 v_loss=3.087 ent=0.415 kl=0.0030
[upd  259 | steps  132608 | t   79.3s | sps  1672] ret_mean=100.500 ep_len=500.0 pi_loss=-0.006 v_loss=2.322 ent=0.559 kl=0.0008
[upd  260 | steps  133120 | t   79.5s | sps  1675] ret_mean=115.500 ep_len=500.0 pi_loss=-0.004 v_loss=2.453 ent=0.408 kl=0.0017
[upd  261 | steps  133632 | t   79.6s | sps  1678] ret_mean=63.500 ep_len=500.0 pi_loss=-0.010 v_loss=3.436 ent=0.923 kl=0.0164
[upd  262 | steps  134144 | t   79.8s | sps  1682] ret_mean=147.500 ep_len=500.0 pi_loss=-0.004 v_loss=4.922 ent=0.311 kl=0.0051
[upd  263 | steps  134656 | t   79.9s | sps  1685] ret_mean=79.500 ep_len=500.0 pi_loss=-0.006 v_loss=2.495 ent=0.879 kl=-0.0018
[upd  264 | steps  135168 | t   80.1s | sps  1688] ret_mean=111.500 ep_len=500.0 pi_loss=-0.006 v_loss=2.489 ent=0.518 kl=0.0033
[upd  265 | steps  135680 | t   80.2s | sps  1691] ret_mean=55.500 ep_len=500.0 pi_loss=-0.006 v_loss=2.217 ent=1.021 kl=-0.0015
[upd  266 | steps  136192 | t   80.4s | sps  1694] ret_mean=50.500 ep_len=500.0 pi_loss=-0.007 v_loss=2.876 ent=0.947 kl=0.0045
[upd  267 | steps  136704 | t   80.5s | sps  1697] ret_mean=74.000 ep_len=500.0 pi_loss=-0.010 v_loss=6.374 ent=0.618 kl=0.0082
[upd  268 | steps  137216 | t   80.7s | sps  1700] ret_mean=162.000 ep_len=500.0 pi_loss=-0.005 v_loss=4.778 ent=0.236 kl=0.0026
[upd  269 | steps  137728 | t   80.9s | sps  1703] ret_mean=156.000 ep_len=500.0 pi_loss=-0.006 v_loss=4.918 ent=0.362 kl=0.0085
[upd  270 | steps  138240 | t   81.0s | sps  1707] ret_mean=136.500 ep_len=500.0 pi_loss=-0.001 v_loss=5.424 ent=0.122 kl=0.0042
[upd  271 | steps  138752 | t   81.2s | sps  1710] ret_mean=176.500 ep_len=500.0 pi_loss=-0.003 v_loss=3.868 ent=0.509 kl=0.0044
[upd  272 | steps  139264 | t   81.3s | sps  1713] ret_mean=20.000 ep_len=500.0 pi_loss=-0.009 v_loss=5.307 ent=0.879 kl=0.0045
[upd  273 | steps  139776 | t   81.5s | sps  1715] ret_mean=48.500 ep_len=500.0 pi_loss=-0.001 v_loss=1.166 ent=0.749 kl=0.0009
[upd  274 | steps  140288 | t   81.7s | sps  1718] ret_mean=126.000 ep_len=500.0 pi_loss=-0.005 v_loss=3.416 ent=0.282 kl=0.0143
[upd  275 | steps  140800 | t   81.8s | sps  1721] ret_mean=97.000 ep_len=500.0 pi_loss=-0.004 v_loss=6.449 ent=0.543 kl=0.0060
        [eval] ret_mean=46.467 ep_len=500.0
[upd  276 | steps  141312 | t   85.8s | sps  1647] ret_mean=160.000 ep_len=500.0 pi_loss=-0.004 v_loss=5.297 ent=0.347 kl=0.0071
[upd  277 | steps  141824 | t   85.9s | sps  1650] ret_mean=85.000 ep_len=500.0 pi_loss=-0.003 v_loss=3.986 ent=0.548 kl=-0.0001
[upd  278 | steps  142336 | t   86.1s | sps  1653] ret_mean=128.000 ep_len=500.0 pi_loss=-0.007 v_loss=2.811 ent=0.496 kl=0.0036
[upd  279 | steps  142848 | t   86.2s | sps  1656] ret_mean=83.500 ep_len=500.0 pi_loss=-0.008 v_loss=3.769 ent=0.519 kl=0.0119
[upd  280 | steps  143360 | t   86.4s | sps  1660] ret_mean=32.500 ep_len=500.0 pi_loss=-0.006 v_loss=2.611 ent=0.917 kl=0.0088
[upd  281 | steps  143872 | t   86.5s | sps  1662] ret_mean=40.000 ep_len=500.0 pi_loss=-0.006 v_loss=3.733 ent=0.893 kl=-0.0012
[upd  282 | steps  144384 | t   86.7s | sps  1665] ret_mean=48.500 ep_len=500.0 pi_loss=-0.005 v_loss=3.444 ent=0.740 kl=0.0001
[upd  283 | steps  144896 | t   86.9s | sps  1668] ret_mean=34.500 ep_len=500.0 pi_loss=-0.003 v_loss=3.059 ent=0.777 kl=0.0024
[upd  284 | steps  145408 | t   87.0s | sps  1671] ret_mean=144.000 ep_len=500.0 pi_loss=-0.004 v_loss=3.978 ent=0.297 kl=0.0066
[upd  285 | steps  145920 | t   87.2s | sps  1674] ret_mean=105.500 ep_len=500.0 pi_loss=-0.004 v_loss=2.962 ent=0.416 kl=0.0037
[upd  286 | steps  146432 | t   87.3s | sps  1677] ret_mean=87.000 ep_len=500.0 pi_loss=-0.004 v_loss=2.818 ent=0.338 kl=0.0010
[upd  287 | steps  146944 | t   87.5s | sps  1680] ret_mean=179.000 ep_len=500.0 pi_loss=-0.005 v_loss=4.712 ent=0.252 kl=0.0002
[upd  288 | steps  147456 | t   87.6s | sps  1683] ret_mean=120.000 ep_len=500.0 pi_loss=-0.003 v_loss=2.812 ent=0.331 kl=0.0001
[upd  289 | steps  147968 | t   87.8s | sps  1686] ret_mean=174.500 ep_len=500.0 pi_loss=-0.003 v_loss=4.535 ent=0.234 kl=0.0044
[upd  290 | steps  148480 | t   87.9s | sps  1689] ret_mean=55.000 ep_len=500.0 pi_loss=-0.006 v_loss=3.444 ent=0.980 kl=0.0017
[upd  291 | steps  148992 | t   88.1s | sps  1692] ret_mean=73.500 ep_len=500.0 pi_loss=-0.007 v_loss=3.350 ent=0.507 kl=0.0056
[upd  292 | steps  149504 | t   88.2s | sps  1694] ret_mean=140.000 ep_len=500.0 pi_loss=-0.014 v_loss=4.983 ent=0.316 kl=0.0393
[upd  293 | steps  150016 | t   88.4s | sps  1697] ret_mean=98.000 ep_len=500.0 pi_loss=-0.004 v_loss=2.570 ent=0.373 kl=0.0121
[upd  294 | steps  150528 | t   88.6s | sps  1699] ret_mean=65.000 ep_len=500.0 pi_loss=-0.006 v_loss=6.717 ent=0.379 kl=0.0121
[upd  295 | steps  151040 | t   88.7s | sps  1702] ret_mean=161.000 ep_len=500.0 pi_loss=-0.008 v_loss=4.027 ent=0.730 kl=0.0110
[upd  296 | steps  151552 | t   88.9s | sps  1705] ret_mean=108.000 ep_len=500.0 pi_loss=-0.004 v_loss=4.111 ent=0.540 kl=0.0097
[upd  297 | steps  152064 | t   89.0s | sps  1708] ret_mean=84.000 ep_len=500.0 pi_loss=-0.006 v_loss=4.168 ent=0.570 kl=0.0049
[upd  298 | steps  152576 | t   89.2s | sps  1711] ret_mean=25.500 ep_len=500.0 pi_loss=-0.008 v_loss=3.652 ent=0.936 kl=0.0063
[upd  299 | steps  153088 | t   89.3s | sps  1714] ret_mean=70.000 ep_len=500.0 pi_loss=-0.003 v_loss=3.959 ent=0.439 kl=-0.0026
[upd  300 | steps  153600 | t   89.5s | sps  1717] ret_mean=140.000 ep_len=500.0 pi_loss=-0.005 v_loss=4.186 ent=0.335 kl=0.0067
        [eval] ret_mean=42.150 ep_len=500.0
[upd  301 | steps  154112 | t   93.3s | sps  1651] ret_mean=0.000 ep_len=500.0 pi_loss=-0.009 v_loss=3.920 ent=1.228 kl=0.0063
[upd  302 | steps  154624 | t   93.5s | sps  1654] ret_mean=6.500 ep_len=500.0 pi_loss=-0.006 v_loss=3.442 ent=1.202 kl=0.0032
[upd  303 | steps  155136 | t   93.7s | sps  1657] ret_mean=173.500 ep_len=500.0 pi_loss=-0.002 v_loss=5.093 ent=0.120 kl=0.0034
[upd  304 | steps  155648 | t   93.8s | sps  1659] ret_mean=55.000 ep_len=500.0 pi_loss=-0.007 v_loss=4.397 ent=0.953 kl=0.0046
[upd  305 | steps  156160 | t   94.0s | sps  1662] ret_mean=177.500 ep_len=500.0 pi_loss=-0.008 v_loss=4.938 ent=0.261 kl=0.0028
[upd  306 | steps  156672 | t   94.1s | sps  1664] ret_mean=114.500 ep_len=500.0 pi_loss=-0.001 v_loss=2.089 ent=0.420 kl=0.0020
[upd  307 | steps  157184 | t   94.3s | sps  1667] ret_mean=52.500 ep_len=500.0 pi_loss=-0.003 v_loss=2.695 ent=1.041 kl=0.0107
[upd  308 | steps  157696 | t   94.5s | sps  1669] ret_mean=131.000 ep_len=500.0 pi_loss=-0.001 v_loss=3.460 ent=0.358 kl=-0.0023
[upd  309 | steps  158208 | t   94.6s | sps  1672] ret_mean=67.500 ep_len=500.0 pi_loss=-0.004 v_loss=2.931 ent=0.925 kl=0.0009
[upd  310 | steps  158720 | t   94.8s | sps  1674] ret_mean=66.000 ep_len=500.0 pi_loss=-0.006 v_loss=4.229 ent=0.737 kl=0.0018
[upd  311 | steps  159232 | t   94.9s | sps  1677] ret_mean=171.000 ep_len=500.0 pi_loss=-0.002 v_loss=3.587 ent=0.200 kl=0.0022
[upd  312 | steps  159744 | t   95.1s | sps  1680] ret_mean=79.000 ep_len=500.0 pi_loss=-0.004 v_loss=3.034 ent=0.864 kl=0.0056
[upd  313 | steps  160256 | t   95.3s | sps  1682] ret_mean=131.500 ep_len=500.0 pi_loss=-0.005 v_loss=3.669 ent=0.551 kl=0.0125
[upd  314 | steps  160768 | t   95.4s | sps  1685] ret_mean=107.500 ep_len=500.0 pi_loss=-0.006 v_loss=3.717 ent=0.656 kl=0.0024
[upd  315 | steps  161280 | t   95.6s | sps  1688] ret_mean=130.500 ep_len=500.0 pi_loss=-0.005 v_loss=3.605 ent=0.287 kl=0.0028
[upd  316 | steps  161792 | t   95.7s | sps  1690] ret_mean=77.000 ep_len=500.0 pi_loss=-0.007 v_loss=4.157 ent=0.675 kl=0.0010
[upd  317 | steps  162304 | t   95.9s | sps  1693] ret_mean=119.500 ep_len=500.0 pi_loss=-0.004 v_loss=5.331 ent=0.303 kl=0.0019
[upd  318 | steps  162816 | t   96.0s | sps  1696] ret_mean=172.500 ep_len=500.0 pi_loss=-0.000 v_loss=3.792 ent=0.221 kl=0.0001
[upd  319 | steps  163328 | t   96.2s | sps  1698] ret_mean=102.000 ep_len=500.0 pi_loss=-0.002 v_loss=2.358 ent=0.440 kl=0.0025
[upd  320 | steps  163840 | t   96.3s | sps  1701] ret_mean=120.000 ep_len=500.0 pi_loss=-0.001 v_loss=3.373 ent=0.246 kl=0.0009
[upd  321 | steps  164352 | t   96.5s | sps  1704] ret_mean=158.000 ep_len=500.0 pi_loss=-0.005 v_loss=4.094 ent=0.258 kl=0.0060
[upd  322 | steps  164864 | t   96.6s | sps  1706] ret_mean=150.500 ep_len=500.0 pi_loss=-0.003 v_loss=4.753 ent=0.266 kl=0.0017
[upd  323 | steps  165376 | t   96.8s | sps  1709] ret_mean=132.000 ep_len=500.0 pi_loss=-0.005 v_loss=4.127 ent=0.233 kl=0.0020
[upd  324 | steps  165888 | t   96.9s | sps  1711] ret_mean=149.500 ep_len=500.0 pi_loss=-0.002 v_loss=5.023 ent=0.245 kl=0.0035
[upd  325 | steps  166400 | t   97.1s | sps  1714] ret_mean=153.500 ep_len=500.0 pi_loss=-0.004 v_loss=3.985 ent=0.401 kl=0.0018
        [eval] ret_mean=38.783 ep_len=500.0
[upd  326 | steps  166912 | t  100.9s | sps  1654] ret_mean=122.500 ep_len=500.0 pi_loss=-0.003 v_loss=3.648 ent=0.382 kl=0.0075
[upd  327 | steps  167424 | t  101.0s | sps  1657] ret_mean=151.500 ep_len=500.0 pi_loss=-0.002 v_loss=4.825 ent=0.344 kl=0.0041
[upd  328 | steps  167936 | t  101.2s | sps  1660] ret_mean=109.500 ep_len=500.0 pi_loss=-0.004 v_loss=3.907 ent=0.295 kl=0.0058
[upd  329 | steps  168448 | t  101.3s | sps  1662] ret_mean=195.000 ep_len=500.0 pi_loss=-0.001 v_loss=5.578 ent=0.088 kl=-0.0023
[upd  330 | steps  168960 | t  101.5s | sps  1665] ret_mean=117.000 ep_len=500.0 pi_loss=-0.003 v_loss=2.894 ent=0.306 kl=0.0041
[upd  331 | steps  169472 | t  101.6s | sps  1668] ret_mean=90.500 ep_len=500.0 pi_loss=-0.010 v_loss=5.328 ent=0.565 kl=0.0082
[upd  332 | steps  169984 | t  101.8s | sps  1670] ret_mean=177.000 ep_len=500.0 pi_loss=-0.001 v_loss=4.630 ent=0.142 kl=-0.0005
[upd  333 | steps  170496 | t  101.9s | sps  1673] ret_mean=150.500 ep_len=500.0 pi_loss=-0.001 v_loss=4.809 ent=0.166 kl=0.0013
[upd  334 | steps  171008 | t  102.1s | sps  1675] ret_mean=153.000 ep_len=500.0 pi_loss=-0.002 v_loss=5.184 ent=0.201 kl=0.0071
[upd  335 | steps  171520 | t  102.2s | sps  1678] ret_mean=154.000 ep_len=500.0 pi_loss=-0.001 v_loss=4.481 ent=0.156 kl=-0.0012
[upd  336 | steps  172032 | t  102.4s | sps  1680] ret_mean=161.000 ep_len=500.0 pi_loss=-0.002 v_loss=4.465 ent=0.192 kl=0.0014
[upd  337 | steps  172544 | t  102.5s | sps  1683] ret_mean=63.000 ep_len=500.0 pi_loss=-0.006 v_loss=4.235 ent=0.777 kl=0.0035
[upd  338 | steps  173056 | t  102.7s | sps  1686] ret_mean=185.500 ep_len=500.0 pi_loss=-0.003 v_loss=5.516 ent=0.141 kl=0.0039
[upd  339 | steps  173568 | t  102.8s | sps  1688] ret_mean=153.500 ep_len=500.0 pi_loss=-0.002 v_loss=3.548 ent=0.271 kl=0.0042
[upd  340 | steps  174080 | t  103.0s | sps  1691] ret_mean=49.500 ep_len=500.0 pi_loss=-0.009 v_loss=3.317 ent=0.899 kl=0.0091
[upd  341 | steps  174592 | t  103.1s | sps  1693] ret_mean=53.500 ep_len=500.0 pi_loss=-0.011 v_loss=5.352 ent=0.712 kl=0.0089
[upd  342 | steps  175104 | t  103.3s | sps  1696] ret_mean=151.000 ep_len=500.0 pi_loss=-0.001 v_loss=5.813 ent=0.114 kl=-0.0006
[upd  343 | steps  175616 | t  103.4s | sps  1698] ret_mean=158.500 ep_len=500.0 pi_loss=-0.005 v_loss=5.749 ent=0.207 kl=-0.0006
[upd  344 | steps  176128 | t  103.6s | sps  1701] ret_mean=138.500 ep_len=500.0 pi_loss=-0.002 v_loss=8.255 ent=0.549 kl=0.0016
[upd  345 | steps  176640 | t  103.7s | sps  1703] ret_mean=53.000 ep_len=500.0 pi_loss=-0.005 v_loss=2.484 ent=0.728 kl=0.0057
[upd  346 | steps  177152 | t  103.9s | sps  1706] ret_mean=168.000 ep_len=500.0 pi_loss=-0.003 v_loss=5.282 ent=0.362 kl=0.0030
[upd  347 | steps  177664 | t  104.0s | sps  1708] ret_mean=92.500 ep_len=500.0 pi_loss=-0.003 v_loss=4.129 ent=0.104 kl=-0.0029
[upd  348 | steps  178176 | t  104.2s | sps  1711] ret_mean=193.500 ep_len=500.0 pi_loss=-0.001 v_loss=3.923 ent=0.230 kl=-0.0004
[upd  349 | steps  178688 | t  104.3s | sps  1713] ret_mean=123.000 ep_len=500.0 pi_loss=-0.002 v_loss=5.789 ent=0.155 kl=0.0017
[upd  350 | steps  179200 | t  104.5s | sps  1715] ret_mean=167.500 ep_len=500.0 pi_loss=-0.003 v_loss=3.808 ent=0.196 kl=0.0026
        [eval] ret_mean=39.967 ep_len=500.0
[upd  351 | steps  179712 | t  108.9s | sps  1650] ret_mean=156.500 ep_len=500.0 pi_loss=-0.000 v_loss=4.511 ent=0.182 kl=0.0023
[upd  352 | steps  180224 | t  109.1s | sps  1652] ret_mean=173.500 ep_len=500.0 pi_loss=-0.003 v_loss=5.372 ent=0.062 kl=-0.0006
[upd  353 | steps  180736 | t  109.2s | sps  1655] ret_mean=168.000 ep_len=500.0 pi_loss=-0.002 v_loss=5.035 ent=0.080 kl=0.0009
[upd  354 | steps  181248 | t  109.4s | sps  1657] ret_mean=124.500 ep_len=500.0 pi_loss=-0.003 v_loss=2.944 ent=0.290 kl=0.0090
[upd  355 | steps  181760 | t  109.5s | sps  1659] ret_mean=170.500 ep_len=500.0 pi_loss=-0.001 v_loss=5.726 ent=0.127 kl=-0.0016
[upd  356 | steps  182272 | t  109.7s | sps  1662] ret_mean=168.500 ep_len=500.0 pi_loss=-0.002 v_loss=5.566 ent=0.053 kl=-0.0016
[upd  357 | steps  182784 | t  109.9s | sps  1664] ret_mean=162.500 ep_len=500.0 pi_loss=-0.006 v_loss=4.321 ent=0.235 kl=0.0081
[upd  358 | steps  183296 | t  110.0s | sps  1666] ret_mean=154.500 ep_len=500.0 pi_loss=-0.005 v_loss=5.673 ent=0.106 kl=0.0000
[upd  359 | steps  183808 | t  110.2s | sps  1668] ret_mean=171.500 ep_len=500.0 pi_loss=-0.004 v_loss=5.009 ent=0.057 kl=-0.0018
[upd  360 | steps  184320 | t  110.3s | sps  1671] ret_mean=182.500 ep_len=500.0 pi_loss=-0.003 v_loss=6.585 ent=0.048 kl=-0.0019
[upd  361 | steps  184832 | t  110.5s | sps  1673] ret_mean=175.500 ep_len=500.0 pi_loss=-0.003 v_loss=5.125 ent=0.170 kl=0.0035
[upd  362 | steps  185344 | t  110.6s | sps  1675] ret_mean=134.500 ep_len=500.0 pi_loss=-0.005 v_loss=4.114 ent=0.201 kl=0.0028
[upd  363 | steps  185856 | t  110.8s | sps  1678] ret_mean=147.500 ep_len=500.0 pi_loss=-0.002 v_loss=4.978 ent=0.213 kl=-0.0031
[upd  364 | steps  186368 | t  110.9s | sps  1680] ret_mean=153.500 ep_len=500.0 pi_loss=-0.005 v_loss=4.884 ent=0.123 kl=0.0022
[upd  365 | steps  186880 | t  111.1s | sps  1683] ret_mean=177.500 ep_len=500.0 pi_loss=-0.000 v_loss=5.398 ent=0.144 kl=0.0046
[upd  366 | steps  187392 | t  111.2s | sps  1685] ret_mean=173.000 ep_len=500.0 pi_loss=-0.003 v_loss=4.417 ent=0.174 kl=0.0008
[upd  367 | steps  187904 | t  111.4s | sps  1687] ret_mean=138.500 ep_len=500.0 pi_loss=-0.004 v_loss=5.881 ent=0.150 kl=0.0072
[upd  368 | steps  188416 | t  111.5s | sps  1690] ret_mean=173.000 ep_len=500.0 pi_loss=-0.002 v_loss=4.546 ent=0.151 kl=0.0004
[upd  369 | steps  188928 | t  111.7s | sps  1692] ret_mean=135.000 ep_len=500.0 pi_loss=-0.001 v_loss=5.077 ent=0.041 kl=-0.0007
[upd  370 | steps  189440 | t  111.8s | sps  1694] ret_mean=180.000 ep_len=500.0 pi_loss=-0.001 v_loss=4.226 ent=0.215 kl=-0.0006
[upd  371 | steps  189952 | t  112.0s | sps  1697] ret_mean=174.500 ep_len=500.0 pi_loss=-0.002 v_loss=6.222 ent=0.113 kl=-0.0000
[upd  372 | steps  190464 | t  112.1s | sps  1699] ret_mean=190.000 ep_len=500.0 pi_loss=-0.003 v_loss=4.960 ent=0.207 kl=0.0075
[upd  373 | steps  190976 | t  112.3s | sps  1701] ret_mean=177.500 ep_len=500.0 pi_loss=-0.002 v_loss=6.101 ent=0.162 kl=0.0029
[upd  374 | steps  191488 | t  112.4s | sps  1703] ret_mean=143.000 ep_len=500.0 pi_loss=-0.002 v_loss=3.256 ent=0.260 kl=0.0020
[upd  375 | steps  192000 | t  112.6s | sps  1706] ret_mean=123.000 ep_len=500.0 pi_loss=-0.009 v_loss=7.700 ent=0.174 kl=0.0079
        [eval] ret_mean=47.450 ep_len=500.0
[upd  376 | steps  192512 | t  116.6s | sps  1651] ret_mean=159.000 ep_len=500.0 pi_loss=-0.005 v_loss=4.664 ent=0.377 kl=0.0389
[upd  377 | steps  193024 | t  116.8s | sps  1653] ret_mean=110.000 ep_len=500.0 pi_loss=-0.010 v_loss=4.449 ent=0.516 kl=0.0143
[upd  378 | steps  193536 | t  116.9s | sps  1655] ret_mean=173.000 ep_len=500.0 pi_loss=-0.007 v_loss=5.432 ent=0.191 kl=0.0034
[upd  379 | steps  194048 | t  117.1s | sps  1657] ret_mean=187.000 ep_len=500.0 pi_loss=-0.001 v_loss=5.563 ent=0.147 kl=0.0020
[upd  380 | steps  194560 | t  117.2s | sps  1659] ret_mean=157.000 ep_len=500.0 pi_loss=-0.002 v_loss=5.464 ent=0.315 kl=0.0019
[upd  381 | steps  195072 | t  117.4s | sps  1662] ret_mean=167.000 ep_len=500.0 pi_loss=-0.006 v_loss=4.333 ent=0.321 kl=0.0061
[upd  382 | steps  195584 | t  117.5s | sps  1664] ret_mean=136.500 ep_len=500.0 pi_loss=-0.002 v_loss=4.199 ent=0.329 kl=0.0074
[upd  383 | steps  196096 | t  117.7s | sps  1666] ret_mean=130.500 ep_len=500.0 pi_loss=-0.009 v_loss=3.946 ent=0.293 kl=0.0065
[upd  384 | steps  196608 | t  117.8s | sps  1668] ret_mean=157.000 ep_len=500.0 pi_loss=-0.004 v_loss=6.274 ent=0.446 kl=0.0026
[upd  385 | steps  197120 | t  118.0s | sps  1671] ret_mean=129.500 ep_len=500.0 pi_loss=-0.008 v_loss=6.044 ent=0.355 kl=0.0030
[upd  386 | steps  197632 | t  118.1s | sps  1673] ret_mean=145.000 ep_len=500.0 pi_loss=-0.004 v_loss=4.286 ent=0.286 kl=0.0034
[upd  387 | steps  198144 | t  118.3s | sps  1675] ret_mean=70.500 ep_len=500.0 pi_loss=-0.006 v_loss=4.260 ent=0.576 kl=0.0060
[upd  388 | steps  198656 | t  118.4s | sps  1677] ret_mean=116.500 ep_len=500.0 pi_loss=-0.004 v_loss=3.196 ent=0.396 kl=0.0003
[upd  389 | steps  199168 | t  118.6s | sps  1679] ret_mean=105.000 ep_len=500.0 pi_loss=-0.005 v_loss=4.136 ent=0.399 kl=0.0025
[upd  390 | steps  199680 | t  118.7s | sps  1682] ret_mean=133.500 ep_len=500.0 pi_loss=-0.007 v_loss=4.219 ent=0.335 kl=0.0148
[upd  391 | steps  200192 | t  118.9s | sps  1684] ret_mean=133.500 ep_len=500.0 pi_loss=-0.011 v_loss=6.238 ent=0.495 kl=0.0054
[upd  392 | steps  200704 | t  119.1s | sps  1686] ret_mean=143.000 ep_len=500.0 pi_loss=-0.006 v_loss=4.449 ent=0.342 kl=0.0112
[upd  393 | steps  201216 | t  119.2s | sps  1688] ret_mean=110.000 ep_len=500.0 pi_loss=-0.005 v_loss=4.564 ent=0.443 kl=0.0085
[upd  394 | steps  201728 | t  119.3s | sps  1690] ret_mean=145.500 ep_len=500.0 pi_loss=-0.001 v_loss=4.437 ent=0.340 kl=0.0133
[upd  395 | steps  202240 | t  119.5s | sps  1692] ret_mean=164.500 ep_len=500.0 pi_loss=0.002 v_loss=5.137 ent=0.289 kl=-0.0004
[upd  396 | steps  202752 | t  119.7s | sps  1694] ret_mean=119.500 ep_len=500.0 pi_loss=-0.005 v_loss=2.891 ent=0.387 kl=0.0069
[upd  397 | steps  203264 | t  119.8s | sps  1697] ret_mean=122.500 ep_len=500.0 pi_loss=-0.002 v_loss=5.035 ent=0.392 kl=0.0059
[upd  398 | steps  203776 | t  120.0s | sps  1699] ret_mean=125.000 ep_len=500.0 pi_loss=-0.002 v_loss=2.888 ent=0.244 kl=0.0029
[upd  399 | steps  204288 | t  120.1s | sps  1701] ret_mean=152.000 ep_len=500.0 pi_loss=-0.002 v_loss=4.435 ent=0.288 kl=0.0007
[upd  400 | steps  204800 | t  120.3s | sps  1703] ret_mean=147.500 ep_len=500.0 pi_loss=-0.002 v_loss=4.878 ent=0.481 kl=0.0011
        [eval] ret_mean=52.117 ep_len=500.0
