$ /Users/praneelkhiantani/Downloads/cs2860/.venv/bin/python3 -m policies.train --env rware-tiny-2ag-easy-v2 --seed 2 --updates 200 --rollout 512 --eval-every 50 --eval-episodes 10 --log-dir matrix_results/intent_grounded_v1_pilot/rware-tiny-2ag-easy-v2 --run-name mappo-comm__dropout-only__d0__s2 --n-msg-tokens 8 --dropout --dropout-agent 0 --dropout-time 100 --shape-rewards --pickup-bonus 0.5

[env] EnvSpec(env_id='rware-tiny-2ag-easy-v2', n_agents=2, obs_dim=71, n_env_actions=5, noop_action=0, family='rware')  (n_msg_tokens=8)
[cfg] {'clip_range': 0.2, 'value_clip_range': 0.2, 'entropy_coef': 0.01, 'value_coef': 0.5, 'max_grad_norm': 0.5, 'gamma': 0.99, 'gae_lambda': 0.95, 'lr_actor': 0.0003, 'lr_critic': 0.001, 'update_epochs': 4, 'minibatches': 4, 'hidden': 128, 'depth': 2, 'device': 'cpu', 'message_grounding_coef': 0.0, 'extra': {}}
[log] writing to matrix_results/intent_grounded_v1_pilot/rware-tiny-2ag-easy-v2/mappo-comm__dropout-only__d0__s2
[upd    1 | steps     512 | t    0.7s | sps   757] ret_mean=2.500 ep_len=500.0 pi_loss=-0.013 v_loss=0.039 ent=3.686 msg_acc=0.000 kl=0.0066
[upd    2 | steps    1024 | t    1.3s | sps   802] ret_mean=1.000 ep_len=500.0 pi_loss=-0.010 v_loss=0.007 ent=3.662 msg_acc=0.000 kl=0.0077
[upd    3 | steps    1536 | t    2.0s | sps   769] ret_mean=3.000 ep_len=500.0 pi_loss=-0.009 v_loss=0.027 ent=3.641 msg_acc=0.000 kl=0.0094
[upd    4 | steps    2048 | t    2.7s | sps   769] ret_mean=4.500 ep_len=500.0 pi_loss=-0.010 v_loss=0.036 ent=3.611 msg_acc=0.000 kl=0.0079
[upd    5 | steps    2560 | t    3.4s | sps   750] ret_mean=0.000 ep_len=500.0 pi_loss=-0.008 v_loss=0.003 ent=3.589 msg_acc=0.000 kl=0.0081
[upd    6 | steps    3072 | t    4.1s | sps   748] ret_mean=0.000 ep_len=500.0 pi_loss=-0.013 v_loss=0.004 ent=3.606 msg_acc=0.000 kl=0.0082
[upd    7 | steps    3584 | t    6.8s | sps   526] ret_mean=5.000 ep_len=500.0 pi_loss=-0.011 v_loss=0.046 ent=3.514 msg_acc=0.000 kl=0.0095
[upd    8 | steps    4096 | t    9.2s | sps   445] ret_mean=0.000 ep_len=500.0 pi_loss=-0.010 v_loss=0.003 ent=3.602 msg_acc=0.000 kl=0.0013
[upd    9 | steps    4608 | t   10.5s | sps   439] ret_mean=0.000 ep_len=500.0 pi_loss=-0.011 v_loss=0.021 ent=3.510 msg_acc=0.000 kl=-0.0004
[upd   10 | steps    5120 | t   11.6s | sps   441] ret_mean=2.000 ep_len=500.0 pi_loss=-0.011 v_loss=0.005 ent=3.441 msg_acc=0.000 kl=0.0099
[upd   11 | steps    5632 | t   12.4s | sps   454] ret_mean=1.500 ep_len=500.0 pi_loss=-0.011 v_loss=0.002 ent=3.457 msg_acc=0.000 kl=0.0044
[upd   12 | steps    6144 | t   13.1s | sps   470] ret_mean=0.000 ep_len=500.0 pi_loss=-0.013 v_loss=0.001 ent=3.464 msg_acc=0.000 kl=0.0101
[upd   13 | steps    6656 | t   13.8s | sps   483] ret_mean=3.500 ep_len=500.0 pi_loss=-0.006 v_loss=0.036 ent=3.471 msg_acc=0.000 kl=0.0103
[upd   14 | steps    7168 | t   14.6s | sps   491] ret_mean=0.000 ep_len=500.0 pi_loss=-0.012 v_loss=0.002 ent=3.422 msg_acc=0.000 kl=0.0103
[upd   15 | steps    7680 | t   15.5s | sps   496] ret_mean=0.000 ep_len=500.0 pi_loss=-0.012 v_loss=0.001 ent=3.497 msg_acc=0.000 kl=0.0026
[upd   16 | steps    8192 | t   16.2s | sps   504] ret_mean=1.000 ep_len=500.0 pi_loss=-0.007 v_loss=0.018 ent=3.438 msg_acc=0.000 kl=0.0008
[upd   17 | steps    8704 | t   16.9s | sps   515] ret_mean=2.500 ep_len=500.0 pi_loss=-0.006 v_loss=0.002 ent=3.415 msg_acc=0.000 kl=0.0056
[upd   18 | steps    9216 | t   17.5s | sps   525] ret_mean=0.000 ep_len=500.0 pi_loss=-0.011 v_loss=0.001 ent=3.413 msg_acc=0.000 kl=0.0102
[upd   19 | steps    9728 | t   18.3s | sps   531] ret_mean=0.000 ep_len=500.0 pi_loss=-0.007 v_loss=0.001 ent=3.369 msg_acc=0.000 kl=0.0062
[upd   20 | steps   10240 | t   19.4s | sps   527] ret_mean=0.000 ep_len=500.0 pi_loss=-0.012 v_loss=0.001 ent=3.438 msg_acc=0.000 kl=0.0011
[upd   21 | steps   10752 | t   20.3s | sps   531] ret_mean=1.500 ep_len=500.0 pi_loss=-0.007 v_loss=0.013 ent=3.426 msg_acc=0.000 kl=0.0069
[upd   22 | steps   11264 | t   21.0s | sps   536] ret_mean=0.000 ep_len=500.0 pi_loss=-0.011 v_loss=0.001 ent=3.433 msg_acc=0.000 kl=0.0052
[upd   23 | steps   11776 | t   21.7s | sps   541] ret_mean=0.000 ep_len=500.0 pi_loss=-0.009 v_loss=0.001 ent=3.412 msg_acc=0.000 kl=0.0062
[upd   24 | steps   12288 | t   22.9s | sps   536] ret_mean=0.000 ep_len=500.0 pi_loss=-0.010 v_loss=0.001 ent=3.445 msg_acc=0.000 kl=0.0061
[upd   25 | steps   12800 | t   23.9s | sps   535] ret_mean=0.000 ep_len=500.0 pi_loss=-0.008 v_loss=0.001 ent=3.501 msg_acc=0.000 kl=0.0110
[upd   26 | steps   13312 | t   25.2s | sps   528] ret_mean=0.000 ep_len=500.0 pi_loss=-0.012 v_loss=0.000 ent=3.490 msg_acc=0.000 kl=0.0023
[upd   27 | steps   13824 | t   27.2s | sps   508] ret_mean=0.000 ep_len=500.0 pi_loss=-0.014 v_loss=0.001 ent=3.465 msg_acc=0.000 kl=0.0134
[upd   28 | steps   14336 | t   28.7s | sps   500] ret_mean=0.000 ep_len=500.0 pi_loss=-0.008 v_loss=0.001 ent=3.469 msg_acc=0.000 kl=0.0069
[upd   29 | steps   14848 | t   29.6s | sps   502] ret_mean=1.000 ep_len=500.0 pi_loss=-0.009 v_loss=0.003 ent=3.452 msg_acc=0.000 kl=0.0092
[upd   30 | steps   15360 | t   30.3s | sps   508] ret_mean=0.000 ep_len=500.0 pi_loss=-0.010 v_loss=0.004 ent=3.274 msg_acc=0.000 kl=0.0114
[upd   31 | steps   15872 | t   31.0s | sps   512] ret_mean=1.000 ep_len=500.0 pi_loss=-0.008 v_loss=0.001 ent=3.373 msg_acc=0.000 kl=0.0024
[upd   32 | steps   16384 | t   31.7s | sps   518] ret_mean=0.000 ep_len=500.0 pi_loss=-0.008 v_loss=0.009 ent=3.380 msg_acc=0.000 kl=0.0172
[upd   33 | steps   16896 | t   32.3s | sps   523] ret_mean=2.000 ep_len=500.0 pi_loss=-0.016 v_loss=0.002 ent=3.471 msg_acc=0.000 kl=0.0020
[upd   34 | steps   17408 | t   32.9s | sps   528] ret_mean=0.000 ep_len=500.0 pi_loss=-0.011 v_loss=0.001 ent=3.374 msg_acc=0.000 kl=0.0079
[upd   35 | steps   17920 | t   33.6s | sps   533] ret_mean=0.000 ep_len=500.0 pi_loss=-0.012 v_loss=0.001 ent=3.443 msg_acc=0.000 kl=0.0051
[upd   36 | steps   18432 | t   34.2s | sps   538] ret_mean=2.000 ep_len=500.0 pi_loss=-0.011 v_loss=0.021 ent=3.480 msg_acc=0.000 kl=0.0046
[upd   37 | steps   18944 | t   34.9s | sps   543] ret_mean=1.000 ep_len=500.0 pi_loss=-0.013 v_loss=0.006 ent=3.488 msg_acc=0.000 kl=-0.0009
[upd   38 | steps   19456 | t   35.6s | sps   547] ret_mean=1.000 ep_len=500.0 pi_loss=-0.010 v_loss=0.001 ent=3.455 msg_acc=0.000 kl=-0.0024
[upd   39 | steps   19968 | t   36.2s | sps   552] ret_mean=0.000 ep_len=500.0 pi_loss=-0.010 v_loss=0.001 ent=3.434 msg_acc=0.000 kl=0.0085
[upd   40 | steps   20480 | t   36.8s | sps   556] ret_mean=0.000 ep_len=500.0 pi_loss=-0.007 v_loss=0.001 ent=3.461 msg_acc=0.000 kl=0.0006
[upd   41 | steps   20992 | t   37.5s | sps   560] ret_mean=0.000 ep_len=500.0 pi_loss=-0.009 v_loss=0.002 ent=3.367 msg_acc=0.000 kl=0.0043
[upd   42 | steps   21504 | t   38.2s | sps   564] ret_mean=4.000 ep_len=500.0 pi_loss=-0.012 v_loss=0.117 ent=3.427 msg_acc=0.000 kl=0.0021
[upd   43 | steps   22016 | t   38.9s | sps   565] ret_mean=0.000 ep_len=500.0 pi_loss=-0.010 v_loss=0.001 ent=3.445 msg_acc=0.000 kl=0.0012
[upd   44 | steps   22528 | t   39.6s | sps   569] ret_mean=0.000 ep_len=500.0 pi_loss=-0.016 v_loss=0.002 ent=3.483 msg_acc=0.000 kl=-0.0004
[upd   45 | steps   23040 | t   40.3s | sps   572] ret_mean=0.000 ep_len=500.0 pi_loss=-0.011 v_loss=0.002 ent=3.362 msg_acc=0.000 kl=0.0066
[upd   46 | steps   23552 | t   40.9s | sps   576] ret_mean=0.000 ep_len=500.0 pi_loss=-0.012 v_loss=0.001 ent=3.490 msg_acc=0.000 kl=0.0063
[upd   47 | steps   24064 | t   41.7s | sps   577] ret_mean=0.000 ep_len=500.0 pi_loss=-0.015 v_loss=0.002 ent=3.457 msg_acc=0.000 kl=0.0049
[upd   48 | steps   24576 | t   42.6s | sps   577] ret_mean=1.500 ep_len=500.0 pi_loss=-0.008 v_loss=0.005 ent=3.462 msg_acc=0.000 kl=0.0024
[upd   49 | steps   25088 | t   43.4s | sps   578] ret_mean=3.000 ep_len=500.0 pi_loss=-0.010 v_loss=0.017 ent=3.463 msg_acc=0.000 kl=0.0028
[upd   50 | steps   25600 | t   44.1s | sps   581] ret_mean=0.000 ep_len=500.0 pi_loss=-0.011 v_loss=0.009 ent=3.299 msg_acc=0.000 kl=-0.0017
        [eval] ret_mean=0.000 ep_len=500.0
[upd   51 | steps   26112 | t   51.9s | sps   503] ret_mean=0.000 ep_len=500.0 pi_loss=-0.013 v_loss=0.002 ent=3.360 msg_acc=0.000 kl=0.0093
[upd   52 | steps   26624 | t   53.6s | sps   497] ret_mean=0.500 ep_len=500.0 pi_loss=-0.010 v_loss=0.001 ent=3.428 msg_acc=0.000 kl=0.0039
[upd   53 | steps   27136 | t   55.0s | sps   493] ret_mean=2.000 ep_len=500.0 pi_loss=-0.009 v_loss=0.017 ent=3.312 msg_acc=0.000 kl=0.0081
[upd   54 | steps   27648 | t   56.6s | sps   488] ret_mean=0.000 ep_len=500.0 pi_loss=-0.011 v_loss=0.001 ent=3.486 msg_acc=0.000 kl=0.0085
[upd   55 | steps   28160 | t   57.4s | sps   491] ret_mean=0.000 ep_len=500.0 pi_loss=-0.013 v_loss=0.001 ent=3.186 msg_acc=0.000 kl=0.0112
[upd   56 | steps   28672 | t   58.0s | sps   494] ret_mean=0.000 ep_len=500.0 pi_loss=-0.009 v_loss=0.001 ent=3.193 msg_acc=0.000 kl=0.0113
[upd   57 | steps   29184 | t   58.7s | sps   497] ret_mean=0.000 ep_len=500.0 pi_loss=-0.008 v_loss=0.000 ent=2.691 msg_acc=0.000 kl=-0.0035
[upd   58 | steps   29696 | t   59.3s | sps   501] ret_mean=0.000 ep_len=500.0 pi_loss=-0.011 v_loss=0.023 ent=3.474 msg_acc=0.000 kl=0.0070
[upd   59 | steps   30208 | t   60.0s | sps   504] ret_mean=3.000 ep_len=500.0 pi_loss=-0.013 v_loss=0.002 ent=3.043 msg_acc=0.000 kl=0.0079
[upd   60 | steps   30720 | t   61.6s | sps   498] ret_mean=1.000 ep_len=500.0 pi_loss=-0.016 v_loss=0.005 ent=3.486 msg_acc=0.000 kl=0.0072
[upd   61 | steps   31232 | t   63.0s | sps   496] ret_mean=0.000 ep_len=500.0 pi_loss=-0.015 v_loss=0.001 ent=3.443 msg_acc=0.000 kl=0.0029
[upd   62 | steps   31744 | t   64.5s | sps   492] ret_mean=0.000 ep_len=500.0 pi_loss=-0.008 v_loss=0.089 ent=3.471 msg_acc=0.000 kl=-0.0020
[upd   63 | steps   32256 | t   69.7s | sps   463] ret_mean=5.000 ep_len=500.0 pi_loss=-0.016 v_loss=0.002 ent=3.204 msg_acc=0.000 kl=0.0107
[upd   64 | steps   32768 | t   73.1s | sps   449] ret_mean=3.000 ep_len=500.0 pi_loss=-0.013 v_loss=0.028 ent=3.522 msg_acc=0.000 kl=0.0125
[upd   65 | steps   33280 | t   74.7s | sps   446] ret_mean=0.000 ep_len=500.0 pi_loss=-0.010 v_loss=0.003 ent=3.458 msg_acc=0.000 kl=0.0066
[upd   66 | steps   33792 | t   76.4s | sps   442] ret_mean=5.000 ep_len=500.0 pi_loss=-0.009 v_loss=0.086 ent=3.240 msg_acc=0.000 kl=0.0021
[upd   67 | steps   34304 | t   77.2s | sps   444] ret_mean=2.000 ep_len=500.0 pi_loss=-0.007 v_loss=0.062 ent=3.324 msg_acc=0.000 kl=0.0048
[upd   68 | steps   34816 | t   79.6s | sps   437] ret_mean=4.000 ep_len=500.0 pi_loss=-0.008 v_loss=0.005 ent=3.360 msg_acc=0.000 kl=0.0041
[upd   69 | steps   35328 | t   80.7s | sps   438] ret_mean=0.000 ep_len=500.0 pi_loss=-0.016 v_loss=0.001 ent=3.326 msg_acc=0.000 kl=0.0093
[upd   70 | steps   35840 | t   82.3s | sps   436] ret_mean=0.000 ep_len=500.0 pi_loss=-0.013 v_loss=0.001 ent=3.219 msg_acc=0.000 kl=0.0083
[upd   71 | steps   36352 | t   83.1s | sps   438] ret_mean=0.000 ep_len=500.0 pi_loss=-0.010 v_loss=0.001 ent=3.186 msg_acc=0.000 kl=0.0032
[upd   72 | steps   36864 | t   84.1s | sps   438] ret_mean=0.000 ep_len=500.0 pi_loss=-0.013 v_loss=0.013 ent=3.139 msg_acc=0.000 kl=0.0129
[upd   73 | steps   37376 | t   85.2s | sps   439] ret_mean=1.500 ep_len=500.0 pi_loss=-0.007 v_loss=0.002 ent=3.197 msg_acc=0.000 kl=-0.0020
[upd   74 | steps   37888 | t   85.9s | sps   441] ret_mean=0.000 ep_len=500.0 pi_loss=-0.006 v_loss=0.001 ent=3.144 msg_acc=0.000 kl=0.0108
[upd   75 | steps   38400 | t   86.6s | sps   443] ret_mean=0.000 ep_len=500.0 pi_loss=-0.011 v_loss=0.000 ent=3.197 msg_acc=0.000 kl=0.0087
[upd   76 | steps   38912 | t   87.3s | sps   446] ret_mean=0.000 ep_len=500.0 pi_loss=-0.012 v_loss=0.006 ent=3.186 msg_acc=0.000 kl=0.0058
[upd   77 | steps   39424 | t   88.0s | sps   448] ret_mean=1.500 ep_len=500.0 pi_loss=-0.008 v_loss=0.001 ent=2.845 msg_acc=0.000 kl=0.0016
[upd   78 | steps   39936 | t   88.6s | sps   451] ret_mean=0.000 ep_len=500.0 pi_loss=-0.011 v_loss=0.000 ent=3.139 msg_acc=0.000 kl=0.0074
[upd   79 | steps   40448 | t   89.3s | sps   453] ret_mean=0.000 ep_len=500.0 pi_loss=-0.011 v_loss=0.001 ent=3.310 msg_acc=0.000 kl=0.0048
[upd   80 | steps   40960 | t   90.0s | sps   455] ret_mean=0.000 ep_len=500.0 pi_loss=-0.015 v_loss=0.044 ent=3.271 msg_acc=0.000 kl=0.0082
[upd   81 | steps   41472 | t   90.6s | sps   458] ret_mean=3.500 ep_len=500.0 pi_loss=-0.011 v_loss=0.001 ent=3.316 msg_acc=0.000 kl=0.0066
[upd   82 | steps   41984 | t   91.7s | sps   458] ret_mean=0.000 ep_len=500.0 pi_loss=-0.011 v_loss=0.001 ent=3.057 msg_acc=0.000 kl=0.0050
[upd   83 | steps   42496 | t   92.7s | sps   459] ret_mean=0.000 ep_len=500.0 pi_loss=-0.012 v_loss=0.000 ent=3.298 msg_acc=0.000 kl=0.0012
[upd   84 | steps   43008 | t   93.4s | sps   460] ret_mean=0.000 ep_len=500.0 pi_loss=-0.008 v_loss=0.002 ent=3.229 msg_acc=0.000 kl=0.0017
[upd   85 | steps   43520 | t   94.3s | sps   461] ret_mean=0.500 ep_len=500.0 pi_loss=-0.009 v_loss=0.000 ent=3.288 msg_acc=0.000 kl=0.0032
[upd   86 | steps   44032 | t   95.1s | sps   463] ret_mean=0.000 ep_len=500.0 pi_loss=-0.012 v_loss=0.092 ent=3.299 msg_acc=0.000 kl=0.0033
[upd   87 | steps   44544 | t   95.9s | sps   465] ret_mean=5.000 ep_len=500.0 pi_loss=-0.013 v_loss=0.001 ent=3.130 msg_acc=0.000 kl=0.0084
[upd   88 | steps   45056 | t   96.5s | sps   467] ret_mean=0.000 ep_len=500.0 pi_loss=-0.014 v_loss=0.000 ent=3.031 msg_acc=0.000 kl=0.0096
[upd   89 | steps   45568 | t   97.1s | sps   469] ret_mean=0.000 ep_len=500.0 pi_loss=-0.007 v_loss=0.010 ent=3.269 msg_acc=0.000 kl=0.0043
[upd   90 | steps   46080 | t   97.8s | sps   471] ret_mean=1.500 ep_len=500.0 pi_loss=-0.008 v_loss=0.002 ent=3.372 msg_acc=0.000 kl=0.0019
[upd   91 | steps   46592 | t   98.4s | sps   474] ret_mean=0.500 ep_len=500.0 pi_loss=-0.011 v_loss=0.040 ent=3.155 msg_acc=0.000 kl=0.0096
[upd   92 | steps   47104 | t   99.0s | sps   476] ret_mean=1.750 ep_len=500.0 pi_loss=-0.010 v_loss=0.001 ent=3.074 msg_acc=0.000 kl=0.0010
[upd   93 | steps   47616 | t   99.6s | sps   478] ret_mean=0.000 ep_len=500.0 pi_loss=-0.014 v_loss=0.000 ent=3.041 msg_acc=0.000 kl=0.0094
[upd   94 | steps   48128 | t  100.3s | sps   480] ret_mean=2.500 ep_len=500.0 pi_loss=-0.010 v_loss=0.019 ent=3.146 msg_acc=0.000 kl=-0.0042
[upd   95 | steps   48640 | t  101.2s | sps   481] ret_mean=0.500 ep_len=500.0 pi_loss=-0.011 v_loss=0.001 ent=3.166 msg_acc=0.000 kl=0.0078
[upd   96 | steps   49152 | t  102.0s | sps   482] ret_mean=0.500 ep_len=500.0 pi_loss=-0.013 v_loss=0.051 ent=3.231 msg_acc=0.000 kl=0.0045
[upd   97 | steps   49664 | t  102.9s | sps   483] ret_mean=5.000 ep_len=500.0 pi_loss=-0.005 v_loss=0.008 ent=3.069 msg_acc=0.000 kl=0.0059
[upd   98 | steps   50176 | t  103.7s | sps   484] ret_mean=1.500 ep_len=500.0 pi_loss=-0.005 v_loss=0.012 ent=3.113 msg_acc=0.000 kl=0.0004
[upd   99 | steps   50688 | t  104.7s | sps   484] ret_mean=0.000 ep_len=500.0 pi_loss=-0.012 v_loss=0.001 ent=3.193 msg_acc=0.000 kl=0.0026
[upd  100 | steps   51200 | t  105.4s | sps   486] ret_mean=5.000 ep_len=500.0 pi_loss=-0.012 v_loss=0.090 ent=3.233 msg_acc=0.000 kl=0.0064
        [eval] ret_mean=12.500 ep_len=500.0
[upd  101 | steps   51712 | t  112.1s | sps   461] ret_mean=2.000 ep_len=500.0 pi_loss=-0.010 v_loss=0.020 ent=3.021 msg_acc=0.000 kl=0.0054
[upd  102 | steps   52224 | t  113.0s | sps   462] ret_mean=4.000 ep_len=500.0 pi_loss=-0.008 v_loss=0.055 ent=2.952 msg_acc=0.000 kl=0.0096
[upd  103 | steps   52736 | t  114.1s | sps   462] ret_mean=0.000 ep_len=500.0 pi_loss=-0.014 v_loss=0.002 ent=3.134 msg_acc=0.000 kl=0.0120
[upd  104 | steps   53248 | t  115.1s | sps   463] ret_mean=0.000 ep_len=500.0 pi_loss=-0.010 v_loss=0.001 ent=3.098 msg_acc=0.000 kl=0.0054
[upd  105 | steps   53760 | t  115.8s | sps   464] ret_mean=2.500 ep_len=500.0 pi_loss=-0.011 v_loss=0.030 ent=3.158 msg_acc=0.000 kl=0.0038
[upd  106 | steps   54272 | t  116.5s | sps   466] ret_mean=0.000 ep_len=500.0 pi_loss=-0.014 v_loss=0.001 ent=3.264 msg_acc=0.000 kl=0.0027
[upd  107 | steps   54784 | t  117.2s | sps   467] ret_mean=0.500 ep_len=500.0 pi_loss=-0.009 v_loss=0.038 ent=3.204 msg_acc=0.000 kl=0.0035
[upd  108 | steps   55296 | t  117.9s | sps   469] ret_mean=3.000 ep_len=500.0 pi_loss=-0.015 v_loss=0.001 ent=3.192 msg_acc=0.000 kl=0.0079
[upd  109 | steps   55808 | t  118.5s | sps   471] ret_mean=0.000 ep_len=500.0 pi_loss=-0.012 v_loss=0.001 ent=2.998 msg_acc=0.000 kl=0.0091
[upd  110 | steps   56320 | t  119.2s | sps   472] ret_mean=0.000 ep_len=500.0 pi_loss=-0.007 v_loss=0.001 ent=3.065 msg_acc=0.000 kl=0.0023
[upd  111 | steps   56832 | t  119.9s | sps   474] ret_mean=0.000 ep_len=500.0 pi_loss=-0.017 v_loss=0.001 ent=3.162 msg_acc=0.000 kl=0.0042
[upd  112 | steps   57344 | t  120.6s | sps   476] ret_mean=18.000 ep_len=500.0 pi_loss=-0.009 v_loss=0.680 ent=3.095 msg_acc=0.000 kl=-0.0009
[upd  113 | steps   57856 | t  121.3s | sps   477] ret_mean=1.000 ep_len=500.0 pi_loss=-0.008 v_loss=0.066 ent=2.836 msg_acc=0.000 kl=0.0052
[upd  114 | steps   58368 | t  121.9s | sps   479] ret_mean=16.000 ep_len=500.0 pi_loss=-0.008 v_loss=0.232 ent=2.939 msg_acc=0.000 kl=0.0047
[upd  115 | steps   58880 | t  122.6s | sps   480] ret_mean=0.000 ep_len=500.0 pi_loss=-0.007 v_loss=0.108 ent=3.115 msg_acc=0.000 kl=0.0066
[upd  116 | steps   59392 | t  123.4s | sps   481] ret_mean=8.500 ep_len=500.0 pi_loss=-0.012 v_loss=0.036 ent=2.898 msg_acc=0.000 kl=0.0137
[upd  117 | steps   59904 | t  124.3s | sps   482] ret_mean=0.000 ep_len=500.0 pi_loss=-0.012 v_loss=0.004 ent=2.928 msg_acc=0.000 kl=0.0111
[upd  118 | steps   60416 | t  125.4s | sps   482] ret_mean=0.000 ep_len=500.0 pi_loss=-0.012 v_loss=0.006 ent=2.715 msg_acc=0.000 kl=0.0159
[upd  119 | steps   60928 | t  126.7s | sps   481] ret_mean=0.000 ep_len=500.0 pi_loss=-0.010 v_loss=0.001 ent=2.924 msg_acc=0.000 kl=0.0122
[upd  120 | steps   61440 | t  127.5s | sps   482] ret_mean=15.500 ep_len=500.0 pi_loss=-0.010 v_loss=0.554 ent=2.846 msg_acc=0.000 kl=0.0188
[upd  121 | steps   61952 | t  128.3s | sps   483] ret_mean=3.500 ep_len=500.0 pi_loss=-0.011 v_loss=0.003 ent=2.905 msg_acc=0.000 kl=0.0114
[upd  122 | steps   62464 | t  130.2s | sps   480] ret_mean=2.000 ep_len=500.0 pi_loss=-0.012 v_loss=0.027 ent=3.107 msg_acc=0.000 kl=0.0193
[upd  123 | steps   62976 | t  131.0s | sps   481] ret_mean=0.500 ep_len=500.0 pi_loss=-0.014 v_loss=0.010 ent=2.990 msg_acc=0.000 kl=0.0092
[upd  124 | steps   63488 | t  132.0s | sps   481] ret_mean=2.000 ep_len=500.0 pi_loss=-0.009 v_loss=0.124 ent=3.091 msg_acc=0.000 kl=0.0154
[upd  125 | steps   64000 | t  132.6s | sps   483] ret_mean=21.500 ep_len=500.0 pi_loss=-0.010 v_loss=0.290 ent=3.007 msg_acc=0.000 kl=0.0217
[upd  126 | steps   64512 | t  133.3s | sps   484] ret_mean=2.000 ep_len=500.0 pi_loss=-0.011 v_loss=0.005 ent=3.049 msg_acc=0.000 kl=0.0058
[upd  127 | steps   65024 | t  134.4s | sps   484] ret_mean=0.000 ep_len=500.0 pi_loss=-0.005 v_loss=0.004 ent=2.973 msg_acc=0.000 kl=0.0119
[upd  128 | steps   65536 | t  135.4s | sps   484] ret_mean=0.000 ep_len=500.0 pi_loss=-0.008 v_loss=0.520 ent=2.987 msg_acc=0.000 kl=0.0066
[upd  129 | steps   66048 | t  136.5s | sps   484] ret_mean=19.000 ep_len=500.0 pi_loss=-0.011 v_loss=0.827 ent=2.949 msg_acc=0.000 kl=0.0038
[upd  130 | steps   66560 | t  137.2s | sps   485] ret_mean=19.500 ep_len=500.0 pi_loss=-0.013 v_loss=0.005 ent=3.015 msg_acc=0.000 kl=0.0139
[upd  131 | steps   67072 | t  137.9s | sps   487] ret_mean=0.000 ep_len=500.0 pi_loss=-0.011 v_loss=0.006 ent=3.057 msg_acc=0.000 kl=0.0038
[upd  132 | steps   67584 | t  138.5s | sps   488] ret_mean=0.000 ep_len=500.0 pi_loss=-0.009 v_loss=0.093 ent=2.858 msg_acc=0.000 kl=0.0100
[upd  133 | steps   68096 | t  139.1s | sps   490] ret_mean=8.500 ep_len=500.0 pi_loss=-0.011 v_loss=0.012 ent=2.885 msg_acc=0.000 kl=0.0108
[upd  134 | steps   68608 | t  139.7s | sps   491] ret_mean=0.000 ep_len=500.0 pi_loss=-0.017 v_loss=0.003 ent=2.686 msg_acc=0.000 kl=0.0237
[upd  135 | steps   69120 | t  140.3s | sps   493] ret_mean=0.000 ep_len=500.0 pi_loss=-0.010 v_loss=0.004 ent=2.725 msg_acc=0.000 kl=0.0066
[upd  136 | steps   69632 | t  141.1s | sps   494] ret_mean=0.000 ep_len=500.0 pi_loss=-0.007 v_loss=0.135 ent=3.013 msg_acc=0.000 kl=0.0025
[upd  137 | steps   70144 | t  141.7s | sps   495] ret_mean=7.500 ep_len=500.0 pi_loss=-0.016 v_loss=0.534 ent=2.876 msg_acc=0.000 kl=0.0033
[upd  138 | steps   70656 | t  142.3s | sps   496] ret_mean=15.500 ep_len=500.0 pi_loss=-0.013 v_loss=0.226 ent=2.922 msg_acc=0.000 kl=0.0272
[upd  139 | steps   71168 | t  143.0s | sps   498] ret_mean=9.500 ep_len=500.0 pi_loss=-0.012 v_loss=0.003 ent=2.917 msg_acc=0.000 kl=0.0005
[upd  140 | steps   71680 | t  144.1s | sps   498] ret_mean=0.000 ep_len=500.0 pi_loss=-0.008 v_loss=0.286 ent=2.925 msg_acc=0.000 kl=0.0054
[upd  141 | steps   72192 | t  145.2s | sps   497] ret_mean=10.000 ep_len=500.0 pi_loss=-0.011 v_loss=0.109 ent=2.784 msg_acc=0.000 kl=0.0151
[upd  142 | steps   72704 | t  146.6s | sps   496] ret_mean=4.000 ep_len=500.0 pi_loss=-0.017 v_loss=0.012 ent=2.852 msg_acc=0.000 kl=0.0122
[upd  143 | steps   73216 | t  147.3s | sps   497] ret_mean=5.000 ep_len=500.0 pi_loss=-0.013 v_loss=0.088 ent=2.853 msg_acc=0.000 kl=0.0176
[upd  144 | steps   73728 | t  148.2s | sps   498] ret_mean=0.000 ep_len=500.0 pi_loss=-0.007 v_loss=0.011 ent=2.824 msg_acc=0.000 kl=0.0090
[upd  145 | steps   74240 | t  148.8s | sps   499] ret_mean=2.500 ep_len=500.0 pi_loss=-0.009 v_loss=0.025 ent=2.806 msg_acc=0.000 kl=0.0116
[upd  146 | steps   74752 | t  149.5s | sps   500] ret_mean=0.000 ep_len=500.0 pi_loss=-0.012 v_loss=0.003 ent=2.860 msg_acc=0.000 kl=0.0157
[upd  147 | steps   75264 | t  150.2s | sps   501] ret_mean=0.000 ep_len=500.0 pi_loss=-0.013 v_loss=0.003 ent=2.806 msg_acc=0.000 kl=0.0128
[upd  148 | steps   75776 | t  150.8s | sps   503] ret_mean=0.000 ep_len=500.0 pi_loss=-0.014 v_loss=0.003 ent=2.507 msg_acc=0.000 kl=0.0062
[upd  149 | steps   76288 | t  151.4s | sps   504] ret_mean=0.000 ep_len=500.0 pi_loss=-0.012 v_loss=0.293 ent=2.910 msg_acc=0.000 kl=0.0116
[upd  150 | steps   76800 | t  152.1s | sps   505] ret_mean=9.500 ep_len=500.0 pi_loss=-0.015 v_loss=0.001 ent=2.811 msg_acc=0.000 kl=0.0153
        [eval] ret_mean=24.950 ep_len=500.0
[upd  151 | steps   77312 | t  157.4s | sps   491] ret_mean=14.500 ep_len=500.0 pi_loss=-0.013 v_loss=0.386 ent=2.613 msg_acc=0.000 kl=0.0095
[upd  152 | steps   77824 | t  158.0s | sps   493] ret_mean=0.000 ep_len=500.0 pi_loss=-0.017 v_loss=0.004 ent=2.424 msg_acc=0.000 kl=0.0034
[upd  153 | steps   78336 | t  158.6s | sps   494] ret_mean=57.000 ep_len=500.0 pi_loss=-0.010 v_loss=2.735 ent=2.247 msg_acc=0.000 kl=-0.0030
[upd  154 | steps   78848 | t  159.2s | sps   495] ret_mean=3.500 ep_len=500.0 pi_loss=-0.007 v_loss=0.016 ent=2.568 msg_acc=0.000 kl=0.0198
[upd  155 | steps   79360 | t  159.9s | sps   496] ret_mean=0.500 ep_len=500.0 pi_loss=-0.015 v_loss=0.003 ent=2.620 msg_acc=0.000 kl=0.0088
[upd  156 | steps   79872 | t  160.5s | sps   498] ret_mean=0.000 ep_len=500.0 pi_loss=-0.011 v_loss=0.002 ent=2.540 msg_acc=0.000 kl=0.0094
[upd  157 | steps   80384 | t  161.1s | sps   499] ret_mean=0.000 ep_len=500.0 pi_loss=-0.009 v_loss=1.035 ent=2.495 msg_acc=0.000 kl=-0.0003
[upd  158 | steps   80896 | t  161.7s | sps   500] ret_mean=105.000 ep_len=500.0 pi_loss=-0.010 v_loss=4.617 ent=2.176 msg_acc=0.000 kl=0.0053
[upd  159 | steps   81408 | t  162.4s | sps   501] ret_mean=0.000 ep_len=500.0 pi_loss=-0.024 v_loss=0.948 ent=2.280 msg_acc=0.000 kl=0.0006
[upd  160 | steps   81920 | t  163.1s | sps   502] ret_mean=21.500 ep_len=500.0 pi_loss=-0.013 v_loss=0.008 ent=2.629 msg_acc=0.000 kl=0.0050
[upd  161 | steps   82432 | t  163.7s | sps   504] ret_mean=43.000 ep_len=500.0 pi_loss=-0.012 v_loss=2.141 ent=2.374 msg_acc=0.000 kl=0.0130
[upd  162 | steps   82944 | t  164.3s | sps   505] ret_mean=0.000 ep_len=500.0 pi_loss=-0.010 v_loss=0.003 ent=2.485 msg_acc=0.000 kl=0.0072
[upd  163 | steps   83456 | t  164.9s | sps   506] ret_mean=0.000 ep_len=500.0 pi_loss=-0.010 v_loss=0.007 ent=2.278 msg_acc=0.000 kl=0.0061
[upd  164 | steps   83968 | t  165.5s | sps   507] ret_mean=0.000 ep_len=500.0 pi_loss=-0.010 v_loss=0.001 ent=2.446 msg_acc=0.000 kl=0.0062
[upd  165 | steps   84480 | t  166.1s | sps   508] ret_mean=1.500 ep_len=500.0 pi_loss=-0.004 v_loss=0.010 ent=2.543 msg_acc=0.000 kl=0.0031
[upd  166 | steps   84992 | t  166.7s | sps   510] ret_mean=0.000 ep_len=500.0 pi_loss=-0.012 v_loss=0.002 ent=2.581 msg_acc=0.000 kl=0.0055
[upd  167 | steps   85504 | t  167.4s | sps   511] ret_mean=0.000 ep_len=500.0 pi_loss=-0.009 v_loss=0.627 ent=2.099 msg_acc=0.000 kl=0.0050
[upd  168 | steps   86016 | t  168.0s | sps   512] ret_mean=22.000 ep_len=500.0 pi_loss=-0.010 v_loss=0.026 ent=2.506 msg_acc=0.000 kl=0.0088
[upd  169 | steps   86528 | t  168.6s | sps   513] ret_mean=0.000 ep_len=500.0 pi_loss=-0.011 v_loss=0.001 ent=2.357 msg_acc=0.000 kl=0.0073
[upd  170 | steps   87040 | t  169.3s | sps   514] ret_mean=0.000 ep_len=500.0 pi_loss=-0.011 v_loss=0.001 ent=2.820 msg_acc=0.000 kl=0.0192
[upd  171 | steps   87552 | t  169.9s | sps   515] ret_mean=0.000 ep_len=500.0 pi_loss=-0.011 v_loss=0.002 ent=2.542 msg_acc=0.000 kl=0.0124
[upd  172 | steps   88064 | t  170.6s | sps   516] ret_mean=0.000 ep_len=500.0 pi_loss=-0.009 v_loss=0.002 ent=2.594 msg_acc=0.000 kl=0.0041
[upd  173 | steps   88576 | t  171.2s | sps   517] ret_mean=0.000 ep_len=500.0 pi_loss=-0.010 v_loss=0.001 ent=2.680 msg_acc=0.000 kl=0.0059
[upd  174 | steps   89088 | t  171.9s | sps   518] ret_mean=0.000 ep_len=500.0 pi_loss=-0.010 v_loss=0.001 ent=2.266 msg_acc=0.000 kl=0.0040
[upd  175 | steps   89600 | t  172.9s | sps   518] ret_mean=0.000 ep_len=500.0 pi_loss=-0.013 v_loss=0.234 ent=2.610 msg_acc=0.000 kl=0.0069
[upd  176 | steps   90112 | t  173.9s | sps   518] ret_mean=10.000 ep_len=500.0 pi_loss=-0.008 v_loss=0.002 ent=2.480 msg_acc=0.000 kl=0.0098
[upd  177 | steps   90624 | t  174.6s | sps   519] ret_mean=0.000 ep_len=500.0 pi_loss=-0.007 v_loss=2.061 ent=2.235 msg_acc=0.000 kl=0.0094
[upd  178 | steps   91136 | t  175.3s | sps   520] ret_mean=47.000 ep_len=500.0 pi_loss=-0.007 v_loss=0.232 ent=2.563 msg_acc=0.000 kl=0.0047
[upd  179 | steps   91648 | t  176.0s | sps   521] ret_mean=6.500 ep_len=500.0 pi_loss=-0.010 v_loss=0.080 ent=2.839 msg_acc=0.000 kl=0.0049
[upd  180 | steps   92160 | t  176.7s | sps   522] ret_mean=2.500 ep_len=500.0 pi_loss=-0.018 v_loss=0.001 ent=2.898 msg_acc=0.000 kl=0.0132
[upd  181 | steps   92672 | t  177.3s | sps   523] ret_mean=0.000 ep_len=500.0 pi_loss=-0.007 v_loss=0.002 ent=2.527 msg_acc=0.000 kl=0.0006
[upd  182 | steps   93184 | t  178.0s | sps   524] ret_mean=0.000 ep_len=500.0 pi_loss=-0.012 v_loss=0.001 ent=2.764 msg_acc=0.000 kl=0.0016
[upd  183 | steps   93696 | t  178.7s | sps   524] ret_mean=0.000 ep_len=500.0 pi_loss=-0.011 v_loss=0.670 ent=2.685 msg_acc=0.000 kl=0.0051
[upd  184 | steps   94208 | t  179.4s | sps   525] ret_mean=16.000 ep_len=500.0 pi_loss=-0.009 v_loss=0.671 ent=2.603 msg_acc=0.000 kl=0.0099
[upd  185 | steps   94720 | t  180.0s | sps   526] ret_mean=17.500 ep_len=500.0 pi_loss=-0.007 v_loss=3.414 ent=2.114 msg_acc=0.000 kl=0.0050
[upd  186 | steps   95232 | t  180.7s | sps   527] ret_mean=81.000 ep_len=500.0 pi_loss=-0.009 v_loss=0.536 ent=2.340 msg_acc=0.000 kl=0.0083
[upd  187 | steps   95744 | t  181.3s | sps   528] ret_mean=6.500 ep_len=500.0 pi_loss=-0.011 v_loss=0.001 ent=2.629 msg_acc=0.000 kl=0.0060
[upd  188 | steps   96256 | t  182.0s | sps   529] ret_mean=0.000 ep_len=500.0 pi_loss=-0.008 v_loss=0.068 ent=2.848 msg_acc=0.000 kl=0.0038
[upd  189 | steps   96768 | t  182.6s | sps   530] ret_mean=3.500 ep_len=500.0 pi_loss=-0.015 v_loss=0.004 ent=2.315 msg_acc=0.000 kl=0.0079
[upd  190 | steps   97280 | t  183.2s | sps   531] ret_mean=0.000 ep_len=500.0 pi_loss=-0.007 v_loss=0.002 ent=2.598 msg_acc=0.000 kl=0.0052
[upd  191 | steps   97792 | t  183.9s | sps   532] ret_mean=0.000 ep_len=500.0 pi_loss=-0.008 v_loss=0.001 ent=2.298 msg_acc=0.000 kl=0.0027
[upd  192 | steps   98304 | t  184.6s | sps   533] ret_mean=0.250 ep_len=500.0 pi_loss=-0.010 v_loss=0.002 ent=1.769 msg_acc=0.000 kl=0.0025
[upd  193 | steps   98816 | t  185.8s | sps   532] ret_mean=0.000 ep_len=500.0 pi_loss=-0.009 v_loss=0.001 ent=1.662 msg_acc=0.000 kl=0.0086
[upd  194 | steps   99328 | t  186.5s | sps   533] ret_mean=0.000 ep_len=500.0 pi_loss=-0.011 v_loss=0.148 ent=2.706 msg_acc=0.000 kl=-0.0003
[upd  195 | steps   99840 | t  187.1s | sps   534] ret_mean=123.500 ep_len=500.0 pi_loss=-0.013 v_loss=5.903 ent=1.594 msg_acc=0.000 kl=0.0153
[upd  196 | steps  100352 | t  187.7s | sps   535] ret_mean=0.000 ep_len=500.0 pi_loss=-0.010 v_loss=0.016 ent=1.766 msg_acc=0.000 kl=-0.0034
[upd  197 | steps  100864 | t  188.4s | sps   535] ret_mean=0.000 ep_len=500.0 pi_loss=-0.007 v_loss=0.543 ent=1.879 msg_acc=0.000 kl=-0.0024
[upd  198 | steps  101376 | t  189.0s | sps   536] ret_mean=96.500 ep_len=500.0 pi_loss=-0.008 v_loss=4.285 ent=1.599 msg_acc=0.000 kl=0.0090
[upd  199 | steps  101888 | t  189.6s | sps   537] ret_mean=0.000 ep_len=500.0 pi_loss=-0.017 v_loss=0.065 ent=2.099 msg_acc=0.000 kl=0.0018
[upd  200 | steps  102400 | t  190.3s | sps   538] ret_mean=104.000 ep_len=500.0 pi_loss=-0.013 v_loss=4.777 ent=2.119 msg_acc=0.000 kl=0.0139
        [eval] ret_mean=0.000 ep_len=500.0
