$ /Users/praneelkhiantani/Downloads/cs2860/.venv/bin/python3 -m policies.train --env rware-tiny-2ag-easy-v2 --seed 3 --updates 200 --rollout 512 --eval-every 50 --eval-episodes 10 --log-dir matrix_results/intent_grounded_v1_pilot/rware-tiny-2ag-easy-v2 --run-name mappo-intent-aux__dropout-only__d0__s3 --n-msg-tokens 8 --message-grounding rware-intent --message-grounding-coef 0.2 --dropout --dropout-agent 0 --dropout-time 100 --shape-rewards --pickup-bonus 0.5

[env] EnvSpec(env_id='rware-tiny-2ag-easy-v2', n_agents=2, obs_dim=71, n_env_actions=5, noop_action=0, family='rware')  (n_msg_tokens=8)
[cfg] {'clip_range': 0.2, 'value_clip_range': 0.2, 'entropy_coef': 0.01, 'value_coef': 0.5, 'max_grad_norm': 0.5, 'gamma': 0.99, 'gae_lambda': 0.95, 'lr_actor': 0.0003, 'lr_critic': 0.001, 'update_epochs': 4, 'minibatches': 4, 'hidden': 128, 'depth': 2, 'device': 'cpu', 'message_grounding_coef': 0.2, 'extra': {}}
[log] writing to matrix_results/intent_grounded_v1_pilot/rware-tiny-2ag-easy-v2/mappo-intent-aux__dropout-only__d0__s3
[upd    1 | steps     512 | t    2.0s | sps   253] ret_mean=0.000 ep_len=500.0 pi_loss=-0.005 v_loss=0.038 ent=3.682 msg_acc=0.239 kl=0.0061
[upd    2 | steps    1024 | t    3.5s | sps   295] ret_mean=2.000 ep_len=500.0 pi_loss=-0.007 v_loss=0.023 ent=3.667 msg_acc=0.254 kl=0.0045
[upd    3 | steps    1536 | t    4.1s | sps   371] ret_mean=0.000 ep_len=500.0 pi_loss=0.009 v_loss=0.007 ent=3.590 msg_acc=0.701 kl=0.0157
[upd    4 | steps    2048 | t    4.8s | sps   429] ret_mean=1.500 ep_len=500.0 pi_loss=-0.000 v_loss=0.015 ent=3.535 msg_acc=0.464 kl=0.0014
[upd    5 | steps    2560 | t    5.6s | sps   458] ret_mean=2.500 ep_len=500.0 pi_loss=-0.001 v_loss=0.025 ent=3.449 msg_acc=0.674 kl=0.0099
[upd    6 | steps    3072 | t    7.9s | sps   391] ret_mean=0.500 ep_len=500.0 pi_loss=-0.004 v_loss=0.002 ent=3.418 msg_acc=0.100 kl=0.0065
[upd    7 | steps    3584 | t    8.7s | sps   414] ret_mean=0.000 ep_len=500.0 pi_loss=-0.003 v_loss=0.004 ent=3.466 msg_acc=0.802 kl=0.0117
[upd    8 | steps    4096 | t    9.3s | sps   440] ret_mean=0.500 ep_len=500.0 pi_loss=-0.006 v_loss=0.003 ent=3.233 msg_acc=0.738 kl=0.0196
[upd    9 | steps    4608 | t   10.1s | sps   458] ret_mean=0.500 ep_len=500.0 pi_loss=-0.011 v_loss=0.002 ent=3.191 msg_acc=0.534 kl=0.0079
[upd   10 | steps    5120 | t   11.0s | sps   463] ret_mean=0.000 ep_len=500.0 pi_loss=-0.002 v_loss=0.003 ent=3.137 msg_acc=0.763 kl=0.0255
[upd   11 | steps    5632 | t   12.0s | sps   469] ret_mean=0.000 ep_len=500.0 pi_loss=-0.003 v_loss=0.011 ent=3.392 msg_acc=0.275 kl=0.0018
[upd   12 | steps    6144 | t   12.8s | sps   479] ret_mean=2.500 ep_len=500.0 pi_loss=0.002 v_loss=0.009 ent=3.137 msg_acc=0.127 kl=0.0257
[upd   13 | steps    6656 | t   13.5s | sps   492] ret_mean=0.500 ep_len=500.0 pi_loss=-0.005 v_loss=0.003 ent=3.399 msg_acc=0.052 kl=0.0231
[upd   14 | steps    7168 | t   14.1s | sps   508] ret_mean=0.000 ep_len=500.0 pi_loss=-0.005 v_loss=0.003 ent=3.199 msg_acc=0.491 kl=0.0257
[upd   15 | steps    7680 | t   14.7s | sps   521] ret_mean=1.500 ep_len=500.0 pi_loss=-0.008 v_loss=0.006 ent=3.304 msg_acc=0.418 kl=0.0135
[upd   16 | steps    8192 | t   15.4s | sps   534] ret_mean=0.000 ep_len=500.0 pi_loss=0.008 v_loss=0.001 ent=3.155 msg_acc=0.891 kl=0.0475
[upd   17 | steps    8704 | t   16.0s | sps   546] ret_mean=0.000 ep_len=500.0 pi_loss=-0.004 v_loss=0.004 ent=3.236 msg_acc=0.660 kl=0.0164
[upd   18 | steps    9216 | t   16.6s | sps   556] ret_mean=5.000 ep_len=500.0 pi_loss=-0.008 v_loss=0.036 ent=3.212 msg_acc=0.277 kl=0.0229
[upd   19 | steps    9728 | t   17.2s | sps   566] ret_mean=0.000 ep_len=500.0 pi_loss=-0.006 v_loss=0.001 ent=3.148 msg_acc=0.601 kl=0.0070
[upd   20 | steps   10240 | t   17.8s | sps   575] ret_mean=0.000 ep_len=500.0 pi_loss=-0.001 v_loss=0.013 ent=3.145 msg_acc=0.467 kl=0.0073
[upd   21 | steps   10752 | t   18.5s | sps   583] ret_mean=1.500 ep_len=500.0 pi_loss=0.009 v_loss=0.002 ent=3.185 msg_acc=0.155 kl=0.0278
[upd   22 | steps   11264 | t   19.2s | sps   586] ret_mean=0.000 ep_len=500.0 pi_loss=-0.006 v_loss=0.009 ent=3.210 msg_acc=0.279 kl=0.0147
[upd   23 | steps   11776 | t   19.8s | sps   593] ret_mean=5.500 ep_len=500.0 pi_loss=-0.003 v_loss=0.203 ent=2.928 msg_acc=0.543 kl=0.0050
[upd   24 | steps   12288 | t   20.5s | sps   600] ret_mean=6.500 ep_len=500.0 pi_loss=-0.008 v_loss=0.001 ent=3.079 msg_acc=0.456 kl=0.0304
[upd   25 | steps   12800 | t   21.1s | sps   607] ret_mean=0.000 ep_len=500.0 pi_loss=-0.004 v_loss=0.044 ent=3.142 msg_acc=0.292 kl=0.0105
[upd   26 | steps   13312 | t   21.7s | sps   613] ret_mean=5.000 ep_len=500.0 pi_loss=0.007 v_loss=0.001 ent=3.252 msg_acc=0.102 kl=0.0169
[upd   27 | steps   13824 | t   22.3s | sps   620] ret_mean=4.500 ep_len=500.0 pi_loss=0.006 v_loss=0.044 ent=3.208 msg_acc=0.378 kl=0.0257
[upd   28 | steps   14336 | t   23.0s | sps   624] ret_mean=0.000 ep_len=500.0 pi_loss=0.003 v_loss=0.002 ent=2.934 msg_acc=0.790 kl=0.0339
[upd   29 | steps   14848 | t   23.7s | sps   626] ret_mean=0.000 ep_len=500.0 pi_loss=-0.002 v_loss=0.081 ent=2.928 msg_acc=0.353 kl=0.0235
[upd   30 | steps   15360 | t   24.3s | sps   631] ret_mean=5.000 ep_len=500.0 pi_loss=0.007 v_loss=0.553 ent=2.844 msg_acc=0.000 kl=0.0190
[upd   31 | steps   15872 | t   24.9s | sps   637] ret_mean=16.000 ep_len=500.0 pi_loss=0.004 v_loss=0.148 ent=2.971 msg_acc=0.224 kl=0.0250
[upd   32 | steps   16384 | t   25.5s | sps   643] ret_mean=7.500 ep_len=500.0 pi_loss=-0.006 v_loss=0.002 ent=2.815 msg_acc=0.679 kl=0.0488
[upd   33 | steps   16896 | t   26.1s | sps   648] ret_mean=0.000 ep_len=500.0 pi_loss=-0.002 v_loss=0.002 ent=2.700 msg_acc=0.701 kl=0.0070
[upd   34 | steps   17408 | t   26.6s | sps   654] ret_mean=0.000 ep_len=500.0 pi_loss=0.000 v_loss=0.001 ent=2.910 msg_acc=0.355 kl=0.0287
[upd   35 | steps   17920 | t   27.3s | sps   657] ret_mean=0.000 ep_len=500.0 pi_loss=-0.011 v_loss=0.001 ent=2.840 msg_acc=0.297 kl=0.0170
[upd   36 | steps   18432 | t   27.9s | sps   661] ret_mean=0.000 ep_len=500.0 pi_loss=-0.013 v_loss=0.000 ent=2.765 msg_acc=0.576 kl=0.0250
[upd   37 | steps   18944 | t   28.5s | sps   665] ret_mean=0.000 ep_len=500.0 pi_loss=0.002 v_loss=0.528 ent=2.718 msg_acc=0.716 kl=0.0219
[upd   38 | steps   19456 | t   29.0s | sps   671] ret_mean=17.000 ep_len=500.0 pi_loss=0.004 v_loss=0.002 ent=2.483 msg_acc=0.447 kl=0.0137
[upd   39 | steps   19968 | t   29.6s | sps   674] ret_mean=0.000 ep_len=500.0 pi_loss=0.005 v_loss=0.149 ent=2.500 msg_acc=0.788 kl=0.0098
[upd   40 | steps   20480 | t   30.2s | sps   677] ret_mean=7.000 ep_len=500.0 pi_loss=0.000 v_loss=0.188 ent=2.543 msg_acc=0.460 kl=0.0095
[upd   41 | steps   20992 | t   30.8s | sps   681] ret_mean=7.000 ep_len=500.0 pi_loss=-0.001 v_loss=0.004 ent=2.671 msg_acc=0.381 kl=0.0177
[upd   42 | steps   21504 | t   31.4s | sps   685] ret_mean=7.500 ep_len=500.0 pi_loss=-0.008 v_loss=0.454 ent=2.570 msg_acc=0.358 kl=0.0220
[upd   43 | steps   22016 | t   32.0s | sps   688] ret_mean=0.000 ep_len=500.0 pi_loss=0.002 v_loss=0.003 ent=2.738 msg_acc=0.499 kl=0.0333
[upd   44 | steps   22528 | t   32.6s | sps   692] ret_mean=29.500 ep_len=500.0 pi_loss=0.006 v_loss=1.185 ent=2.501 msg_acc=0.003 kl=0.0340
[upd   45 | steps   23040 | t   33.3s | sps   691] ret_mean=0.000 ep_len=500.0 pi_loss=0.005 v_loss=0.158 ent=2.749 msg_acc=0.072 kl=0.0057
[upd   46 | steps   23552 | t   34.3s | sps   688] ret_mean=7.500 ep_len=500.0 pi_loss=-0.002 v_loss=0.012 ent=2.410 msg_acc=0.650 kl=0.0186
[upd   47 | steps   24064 | t   35.0s | sps   688] ret_mean=0.000 ep_len=500.0 pi_loss=-0.011 v_loss=0.004 ent=2.665 msg_acc=0.671 kl=0.0230
[upd   48 | steps   24576 | t   35.6s | sps   690] ret_mean=5.000 ep_len=500.0 pi_loss=0.008 v_loss=0.099 ent=2.443 msg_acc=0.581 kl=0.0394
[upd   49 | steps   25088 | t   36.3s | sps   692] ret_mean=0.000 ep_len=500.0 pi_loss=0.000 v_loss=0.001 ent=2.144 msg_acc=0.829 kl=0.0079
[upd   50 | steps   25600 | t   36.9s | sps   693] ret_mean=0.000 ep_len=500.0 pi_loss=-0.006 v_loss=0.003 ent=1.937 msg_acc=0.890 kl=0.0107
        [eval] ret_mean=12.500 ep_len=500.0
[upd   51 | steps   26112 | t   43.4s | sps   601] ret_mean=0.000 ep_len=500.0 pi_loss=-0.006 v_loss=0.003 ent=2.041 msg_acc=0.691 kl=0.0153
[upd   52 | steps   26624 | t   44.2s | sps   602] ret_mean=0.000 ep_len=500.0 pi_loss=0.004 v_loss=0.003 ent=2.643 msg_acc=0.416 kl=0.0084
[upd   53 | steps   27136 | t   45.0s | sps   604] ret_mean=0.000 ep_len=500.0 pi_loss=0.005 v_loss=0.001 ent=2.654 msg_acc=0.118 kl=0.0099
[upd   54 | steps   27648 | t   45.6s | sps   606] ret_mean=5.500 ep_len=500.0 pi_loss=0.002 v_loss=0.134 ent=2.730 msg_acc=0.529 kl=0.0154
[upd   55 | steps   28160 | t   46.3s | sps   608] ret_mean=0.000 ep_len=500.0 pi_loss=0.003 v_loss=0.002 ent=2.338 msg_acc=0.219 kl=0.0401
[upd   56 | steps   28672 | t   47.7s | sps   601] ret_mean=0.000 ep_len=500.0 pi_loss=-0.004 v_loss=0.003 ent=2.232 msg_acc=0.675 kl=0.0306
[upd   57 | steps   29184 | t   48.4s | sps   603] ret_mean=0.000 ep_len=500.0 pi_loss=0.018 v_loss=0.001 ent=2.983 msg_acc=0.143 kl=0.0183
[upd   58 | steps   29696 | t   49.0s | sps   606] ret_mean=0.000 ep_len=500.0 pi_loss=-0.012 v_loss=0.553 ent=2.600 msg_acc=0.551 kl=0.0055
[upd   59 | steps   30208 | t   49.8s | sps   607] ret_mean=18.500 ep_len=500.0 pi_loss=0.005 v_loss=0.003 ent=1.972 msg_acc=0.439 kl=0.0297
[upd   60 | steps   30720 | t   51.8s | sps   593] ret_mean=0.500 ep_len=500.0 pi_loss=-0.007 v_loss=0.003 ent=2.769 msg_acc=0.553 kl=0.0204
[upd   61 | steps   31232 | t   52.8s | sps   592] ret_mean=32.500 ep_len=500.0 pi_loss=-0.003 v_loss=0.797 ent=2.555 msg_acc=0.400 kl=0.0161
[upd   62 | steps   31744 | t   54.4s | sps   584] ret_mean=0.500 ep_len=500.0 pi_loss=-0.006 v_loss=0.003 ent=2.467 msg_acc=0.697 kl=0.0054
[upd   63 | steps   32256 | t   55.3s | sps   583] ret_mean=0.000 ep_len=500.0 pi_loss=-0.010 v_loss=0.002 ent=2.566 msg_acc=0.728 kl=0.0090
[upd   64 | steps   32768 | t   56.2s | sps   583] ret_mean=8.500 ep_len=500.0 pi_loss=-0.006 v_loss=0.758 ent=2.262 msg_acc=0.494 kl=0.0124
[upd   65 | steps   33280 | t   57.4s | sps   580] ret_mean=18.500 ep_len=500.0 pi_loss=0.001 v_loss=0.012 ent=2.088 msg_acc=0.524 kl=0.0190
[upd   66 | steps   33792 | t   58.2s | sps   580] ret_mean=0.000 ep_len=500.0 pi_loss=-0.009 v_loss=0.076 ent=2.114 msg_acc=0.706 kl=0.0089
[upd   67 | steps   34304 | t   59.1s | sps   580] ret_mean=4.500 ep_len=500.0 pi_loss=0.005 v_loss=0.003 ent=2.699 msg_acc=0.199 kl=0.0121
[upd   68 | steps   34816 | t   60.5s | sps   575] ret_mean=0.000 ep_len=500.0 pi_loss=0.000 v_loss=0.002 ent=2.592 msg_acc=0.162 kl=0.0178
[upd   69 | steps   35328 | t   61.8s | sps   571] ret_mean=0.000 ep_len=500.0 pi_loss=0.005 v_loss=0.001 ent=2.403 msg_acc=0.206 kl=0.0215
[upd   70 | steps   35840 | t   63.0s | sps   569] ret_mean=0.000 ep_len=500.0 pi_loss=0.000 v_loss=0.002 ent=2.710 msg_acc=0.388 kl=0.0224
[upd   71 | steps   36352 | t   63.7s | sps   570] ret_mean=0.000 ep_len=500.0 pi_loss=0.001 v_loss=0.001 ent=2.790 msg_acc=0.339 kl=0.0063
[upd   72 | steps   36864 | t   64.7s | sps   570] ret_mean=0.000 ep_len=500.0 pi_loss=-0.009 v_loss=0.228 ent=2.592 msg_acc=0.503 kl=0.0044
[upd   73 | steps   37376 | t   65.6s | sps   570] ret_mean=11.500 ep_len=500.0 pi_loss=-0.006 v_loss=0.175 ent=2.575 msg_acc=0.468 kl=0.0091
[upd   74 | steps   37888 | t   66.4s | sps   571] ret_mean=22.500 ep_len=500.0 pi_loss=0.002 v_loss=0.175 ent=2.539 msg_acc=0.607 kl=0.0551
[upd   75 | steps   38400 | t   67.1s | sps   572] ret_mean=0.000 ep_len=500.0 pi_loss=-0.007 v_loss=0.479 ent=2.465 msg_acc=0.487 kl=0.0074
[upd   76 | steps   38912 | t   67.9s | sps   573] ret_mean=48.500 ep_len=500.0 pi_loss=0.001 v_loss=0.758 ent=2.536 msg_acc=0.515 kl=0.0096
[upd   77 | steps   39424 | t   68.6s | sps   575] ret_mean=0.000 ep_len=500.0 pi_loss=-0.003 v_loss=0.005 ent=2.422 msg_acc=0.671 kl=0.0328
[upd   78 | steps   39936 | t   69.2s | sps   577] ret_mean=0.000 ep_len=500.0 pi_loss=-0.006 v_loss=0.007 ent=2.475 msg_acc=0.466 kl=0.0126
[upd   79 | steps   40448 | t   69.9s | sps   579] ret_mean=0.000 ep_len=500.0 pi_loss=-0.003 v_loss=0.036 ent=2.144 msg_acc=0.583 kl=0.0046
[upd   80 | steps   40960 | t   70.6s | sps   581] ret_mean=3.000 ep_len=500.0 pi_loss=-0.006 v_loss=0.037 ent=2.241 msg_acc=0.402 kl=0.0097
[upd   81 | steps   41472 | t   71.3s | sps   582] ret_mean=8.500 ep_len=500.0 pi_loss=0.011 v_loss=1.402 ent=2.356 msg_acc=0.481 kl=0.0247
[upd   82 | steps   41984 | t   72.0s | sps   583] ret_mean=41.500 ep_len=500.0 pi_loss=-0.001 v_loss=0.007 ent=2.359 msg_acc=0.798 kl=0.0113
[upd   83 | steps   42496 | t   73.1s | sps   581] ret_mean=0.000 ep_len=500.0 pi_loss=0.010 v_loss=0.005 ent=2.530 msg_acc=0.190 kl=0.0473
[upd   84 | steps   43008 | t   73.8s | sps   583] ret_mean=0.000 ep_len=500.0 pi_loss=-0.002 v_loss=0.003 ent=2.488 msg_acc=0.593 kl=0.0340
[upd   85 | steps   43520 | t   74.4s | sps   585] ret_mean=0.000 ep_len=500.0 pi_loss=-0.013 v_loss=0.022 ent=2.224 msg_acc=0.699 kl=0.0109
[upd   86 | steps   44032 | t   75.0s | sps   587] ret_mean=6.500 ep_len=500.0 pi_loss=0.003 v_loss=0.082 ent=2.603 msg_acc=0.548 kl=0.0241
[upd   87 | steps   44544 | t   75.7s | sps   589] ret_mean=0.000 ep_len=500.0 pi_loss=-0.006 v_loss=0.005 ent=2.734 msg_acc=0.424 kl=0.0126
[upd   88 | steps   45056 | t   76.3s | sps   590] ret_mean=0.000 ep_len=500.0 pi_loss=-0.013 v_loss=0.002 ent=2.636 msg_acc=0.325 kl=0.0249
[upd   89 | steps   45568 | t   76.9s | sps   592] ret_mean=0.000 ep_len=500.0 pi_loss=-0.005 v_loss=0.069 ent=2.463 msg_acc=0.299 kl=0.0352
[upd   90 | steps   46080 | t   77.5s | sps   594] ret_mean=4.500 ep_len=500.0 pi_loss=-0.009 v_loss=0.003 ent=2.128 msg_acc=0.723 kl=0.0043
[upd   91 | steps   46592 | t   78.1s | sps   596] ret_mean=0.000 ep_len=500.0 pi_loss=-0.010 v_loss=0.002 ent=2.219 msg_acc=0.644 kl=0.0069
[upd   92 | steps   47104 | t   78.8s | sps   598] ret_mean=0.000 ep_len=500.0 pi_loss=-0.004 v_loss=0.001 ent=2.298 msg_acc=0.645 kl=0.0102
[upd   93 | steps   47616 | t   79.5s | sps   599] ret_mean=5.000 ep_len=500.0 pi_loss=-0.008 v_loss=0.062 ent=2.332 msg_acc=0.651 kl=0.0085
[upd   94 | steps   48128 | t   80.2s | sps   600] ret_mean=0.000 ep_len=500.0 pi_loss=-0.003 v_loss=0.001 ent=2.220 msg_acc=0.375 kl=0.0281
[upd   95 | steps   48640 | t   80.8s | sps   602] ret_mean=0.000 ep_len=500.0 pi_loss=-0.002 v_loss=0.002 ent=2.123 msg_acc=0.431 kl=0.0148
[upd   96 | steps   49152 | t   81.5s | sps   603] ret_mean=9.000 ep_len=500.0 pi_loss=0.002 v_loss=0.259 ent=2.004 msg_acc=0.322 kl=0.0527
[upd   97 | steps   49664 | t   82.2s | sps   605] ret_mean=0.000 ep_len=500.0 pi_loss=-0.002 v_loss=0.002 ent=1.833 msg_acc=0.656 kl=0.0222
[upd   98 | steps   50176 | t   83.8s | sps   599] ret_mean=0.000 ep_len=500.0 pi_loss=-0.007 v_loss=0.001 ent=2.156 msg_acc=0.541 kl=0.0089
[upd   99 | steps   50688 | t   84.7s | sps   599] ret_mean=0.000 ep_len=500.0 pi_loss=0.009 v_loss=0.000 ent=2.350 msg_acc=0.400 kl=0.0409
[upd  100 | steps   51200 | t   85.3s | sps   600] ret_mean=0.000 ep_len=500.0 pi_loss=-0.002 v_loss=0.001 ent=2.514 msg_acc=0.725 kl=0.0194
        [eval] ret_mean=0.000 ep_len=500.0
[upd  101 | steps   51712 | t   90.5s | sps   571] ret_mean=0.000 ep_len=500.0 pi_loss=-0.008 v_loss=0.001 ent=2.299 msg_acc=0.503 kl=0.0200
[upd  102 | steps   52224 | t   91.1s | sps   573] ret_mean=0.000 ep_len=500.0 pi_loss=0.011 v_loss=0.000 ent=2.613 msg_acc=0.349 kl=0.0303
[upd  103 | steps   52736 | t   91.7s | sps   575] ret_mean=0.000 ep_len=500.0 pi_loss=-0.004 v_loss=0.000 ent=2.421 msg_acc=0.737 kl=0.0146
[upd  104 | steps   53248 | t   92.3s | sps   577] ret_mean=0.000 ep_len=500.0 pi_loss=-0.014 v_loss=0.000 ent=1.847 msg_acc=0.732 kl=0.0140
[upd  105 | steps   53760 | t   92.9s | sps   579] ret_mean=0.000 ep_len=500.0 pi_loss=-0.004 v_loss=0.000 ent=2.621 msg_acc=0.149 kl=0.0163
[upd  106 | steps   54272 | t   93.5s | sps   580] ret_mean=1.000 ep_len=500.0 pi_loss=-0.004 v_loss=0.199 ent=2.454 msg_acc=0.768 kl=0.0220
[upd  107 | steps   54784 | t   94.2s | sps   582] ret_mean=14.500 ep_len=500.0 pi_loss=-0.002 v_loss=0.061 ent=2.002 msg_acc=0.456 kl=0.0289
[upd  108 | steps   55296 | t   94.8s | sps   583] ret_mean=0.000 ep_len=500.0 pi_loss=-0.002 v_loss=0.001 ent=2.409 msg_acc=0.410 kl=0.0135
[upd  109 | steps   55808 | t   95.7s | sps   583] ret_mean=0.000 ep_len=500.0 pi_loss=-0.011 v_loss=0.002 ent=2.220 msg_acc=0.642 kl=0.0163
[upd  110 | steps   56320 | t   96.4s | sps   584] ret_mean=0.000 ep_len=500.0 pi_loss=-0.010 v_loss=0.001 ent=2.384 msg_acc=0.819 kl=0.0147
[upd  111 | steps   56832 | t   97.1s | sps   585] ret_mean=0.000 ep_len=500.0 pi_loss=-0.007 v_loss=0.001 ent=2.533 msg_acc=0.604 kl=0.0111
[upd  112 | steps   57344 | t   97.7s | sps   587] ret_mean=0.000 ep_len=500.0 pi_loss=-0.010 v_loss=0.095 ent=2.019 msg_acc=0.754 kl=0.0100
[upd  113 | steps   57856 | t   98.4s | sps   588] ret_mean=9.000 ep_len=500.0 pi_loss=0.012 v_loss=0.677 ent=2.203 msg_acc=0.194 kl=0.0401
[upd  114 | steps   58368 | t   99.8s | sps   585] ret_mean=16.500 ep_len=500.0 pi_loss=0.022 v_loss=0.005 ent=2.049 msg_acc=0.186 kl=0.0438
[upd  115 | steps   58880 | t  100.6s | sps   586] ret_mean=0.000 ep_len=500.0 pi_loss=-0.002 v_loss=0.015 ent=2.431 msg_acc=0.333 kl=0.0124
[upd  116 | steps   59392 | t  101.2s | sps   587] ret_mean=1.500 ep_len=500.0 pi_loss=-0.010 v_loss=0.002 ent=1.964 msg_acc=0.715 kl=0.0216
[upd  117 | steps   59904 | t  101.8s | sps   589] ret_mean=0.000 ep_len=500.0 pi_loss=-0.004 v_loss=0.002 ent=1.998 msg_acc=0.931 kl=0.0036
[upd  118 | steps   60416 | t  102.6s | sps   589] ret_mean=12.500 ep_len=500.0 pi_loss=-0.000 v_loss=0.395 ent=2.399 msg_acc=0.766 kl=0.0086
[upd  119 | steps   60928 | t  105.6s | sps   577] ret_mean=3.500 ep_len=500.0 pi_loss=0.003 v_loss=0.085 ent=1.990 msg_acc=0.395 kl=0.0084
[upd  120 | steps   61440 | t  107.3s | sps   573] ret_mean=3.000 ep_len=500.0 pi_loss=-0.001 v_loss=0.056 ent=2.057 msg_acc=0.580 kl=0.0130
[upd  121 | steps   61952 | t  107.9s | sps   574] ret_mean=0.000 ep_len=500.0 pi_loss=-0.007 v_loss=0.002 ent=2.186 msg_acc=0.595 kl=0.0072
[upd  122 | steps   62464 | t  108.5s | sps   576] ret_mean=0.000 ep_len=500.0 pi_loss=-0.005 v_loss=0.004 ent=2.088 msg_acc=0.575 kl=0.0049
[upd  123 | steps   62976 | t  109.1s | sps   577] ret_mean=0.000 ep_len=500.0 pi_loss=-0.006 v_loss=0.370 ent=2.429 msg_acc=0.480 kl=0.0026
[upd  124 | steps   63488 | t  109.9s | sps   578] ret_mean=14.500 ep_len=500.0 pi_loss=-0.008 v_loss=0.271 ent=2.810 msg_acc=0.244 kl=0.0044
[upd  125 | steps   64000 | t  110.5s | sps   579] ret_mean=20.000 ep_len=500.0 pi_loss=-0.010 v_loss=0.538 ent=2.121 msg_acc=0.371 kl=0.0110
[upd  126 | steps   64512 | t  111.2s | sps   580] ret_mean=8.500 ep_len=500.0 pi_loss=-0.008 v_loss=0.004 ent=1.996 msg_acc=0.699 kl=0.0059
[upd  127 | steps   65024 | t  111.8s | sps   582] ret_mean=0.000 ep_len=500.0 pi_loss=-0.008 v_loss=0.979 ent=2.315 msg_acc=0.571 kl=-0.0004
[upd  128 | steps   65536 | t  112.4s | sps   583] ret_mean=27.000 ep_len=500.0 pi_loss=-0.002 v_loss=0.613 ent=2.475 msg_acc=0.333 kl=0.0014
[upd  129 | steps   66048 | t  113.1s | sps   584] ret_mean=15.500 ep_len=500.0 pi_loss=-0.000 v_loss=0.491 ent=2.398 msg_acc=0.300 kl=0.0076
[upd  130 | steps   66560 | t  113.7s | sps   585] ret_mean=38.000 ep_len=500.0 pi_loss=-0.009 v_loss=1.408 ent=2.219 msg_acc=0.495 kl=0.0051
[upd  131 | steps   67072 | t  114.4s | sps   586] ret_mean=16.500 ep_len=500.0 pi_loss=-0.004 v_loss=1.309 ent=1.959 msg_acc=0.525 kl=0.0011
[upd  132 | steps   67584 | t  115.3s | sps   586] ret_mean=33.000 ep_len=500.0 pi_loss=0.005 v_loss=0.691 ent=2.042 msg_acc=0.463 kl=0.0034
[upd  133 | steps   68096 | t  116.1s | sps   587] ret_mean=22.000 ep_len=500.0 pi_loss=-0.011 v_loss=0.031 ent=1.956 msg_acc=0.719 kl=0.0173
[upd  134 | steps   68608 | t  116.8s | sps   587] ret_mean=0.000 ep_len=500.0 pi_loss=-0.007 v_loss=0.015 ent=1.840 msg_acc=0.473 kl=0.0131
[upd  135 | steps   69120 | t  117.8s | sps   587] ret_mean=0.000 ep_len=500.0 pi_loss=-0.002 v_loss=0.128 ent=1.967 msg_acc=0.669 kl=0.0269
[upd  136 | steps   69632 | t  119.3s | sps   584] ret_mean=23.000 ep_len=500.0 pi_loss=-0.001 v_loss=0.589 ent=2.237 msg_acc=0.306 kl=0.0146
[upd  137 | steps   70144 | t  120.4s | sps   583] ret_mean=5.500 ep_len=500.0 pi_loss=-0.001 v_loss=0.125 ent=1.736 msg_acc=0.814 kl=0.0477
[upd  138 | steps   70656 | t  121.9s | sps   579] ret_mean=0.000 ep_len=500.0 pi_loss=-0.010 v_loss=0.009 ent=2.064 msg_acc=0.594 kl=0.0060
[upd  139 | steps   71168 | t  122.7s | sps   580] ret_mean=0.000 ep_len=500.0 pi_loss=0.007 v_loss=0.921 ent=1.278 msg_acc=0.492 kl=0.0109
[upd  140 | steps   71680 | t  123.4s | sps   581] ret_mean=23.000 ep_len=500.0 pi_loss=0.000 v_loss=0.915 ent=1.693 msg_acc=0.756 kl=0.0142
[upd  141 | steps   72192 | t  124.0s | sps   582] ret_mean=24.500 ep_len=500.0 pi_loss=-0.005 v_loss=0.009 ent=1.817 msg_acc=0.417 kl=0.0131
[upd  142 | steps   72704 | t  124.5s | sps   584] ret_mean=0.000 ep_len=500.0 pi_loss=0.001 v_loss=0.005 ent=2.040 msg_acc=0.361 kl=0.0107
[upd  143 | steps   73216 | t  125.1s | sps   585] ret_mean=28.000 ep_len=500.0 pi_loss=0.004 v_loss=1.380 ent=1.265 msg_acc=0.657 kl=0.0134
[upd  144 | steps   73728 | t  125.8s | sps   586] ret_mean=0.000 ep_len=500.0 pi_loss=-0.007 v_loss=0.003 ent=1.586 msg_acc=0.593 kl=0.0141
[upd  145 | steps   74240 | t  126.5s | sps   587] ret_mean=48.500 ep_len=500.0 pi_loss=0.005 v_loss=2.439 ent=1.733 msg_acc=0.207 kl=0.0133
[upd  146 | steps   74752 | t  127.2s | sps   588] ret_mean=70.500 ep_len=500.0 pi_loss=0.014 v_loss=3.904 ent=1.514 msg_acc=0.337 kl=0.0325
[upd  147 | steps   75264 | t  128.1s | sps   588] ret_mean=114.000 ep_len=500.0 pi_loss=0.003 v_loss=4.922 ent=1.519 msg_acc=0.614 kl=0.0243
[upd  148 | steps   75776 | t  128.8s | sps   588] ret_mean=0.000 ep_len=500.0 pi_loss=0.005 v_loss=0.227 ent=1.672 msg_acc=0.861 kl=0.0104
[upd  149 | steps   76288 | t  129.4s | sps   589] ret_mean=111.500 ep_len=500.0 pi_loss=0.001 v_loss=4.721 ent=1.442 msg_acc=0.476 kl=0.0182
[upd  150 | steps   76800 | t  130.1s | sps   591] ret_mean=0.000 ep_len=500.0 pi_loss=0.003 v_loss=0.688 ent=1.480 msg_acc=0.417 kl=-0.0048
        [eval] ret_mean=15.000 ep_len=500.0
[upd  151 | steps   77312 | t  136.4s | sps   567] ret_mean=0.000 ep_len=500.0 pi_loss=-0.004 v_loss=0.014 ent=2.239 msg_acc=0.205 kl=0.0153
[upd  152 | steps   77824 | t  137.0s | sps   568] ret_mean=0.000 ep_len=500.0 pi_loss=-0.003 v_loss=0.025 ent=1.305 msg_acc=0.458 kl=0.0157
[upd  153 | steps   78336 | t  137.6s | sps   569] ret_mean=0.000 ep_len=500.0 pi_loss=0.006 v_loss=0.019 ent=1.373 msg_acc=0.750 kl=0.0125
[upd  154 | steps   78848 | t  138.2s | sps   570] ret_mean=106.500 ep_len=500.0 pi_loss=0.008 v_loss=5.466 ent=1.351 msg_acc=0.496 kl=0.0724
[upd  155 | steps   79360 | t  138.9s | sps   572] ret_mean=86.000 ep_len=500.0 pi_loss=-0.003 v_loss=4.200 ent=1.501 msg_acc=0.383 kl=0.0177
[upd  156 | steps   79872 | t  139.5s | sps   572] ret_mean=0.000 ep_len=500.0 pi_loss=0.006 v_loss=0.025 ent=1.691 msg_acc=0.403 kl=0.0369
[upd  157 | steps   80384 | t  140.3s | sps   573] ret_mean=0.000 ep_len=500.0 pi_loss=-0.011 v_loss=0.734 ent=1.274 msg_acc=0.822 kl=-0.0019
[upd  158 | steps   80896 | t  140.9s | sps   574] ret_mean=20.500 ep_len=500.0 pi_loss=-0.007 v_loss=0.720 ent=1.595 msg_acc=0.664 kl=0.0003
[upd  159 | steps   81408 | t  141.6s | sps   575] ret_mean=58.500 ep_len=500.0 pi_loss=-0.008 v_loss=2.038 ent=1.658 msg_acc=0.658 kl=0.0087
[upd  160 | steps   81920 | t  142.2s | sps   576] ret_mean=102.000 ep_len=500.0 pi_loss=-0.006 v_loss=4.631 ent=1.233 msg_acc=0.469 kl=0.0277
[upd  161 | steps   82432 | t  142.7s | sps   578] ret_mean=0.000 ep_len=500.0 pi_loss=-0.008 v_loss=0.488 ent=1.316 msg_acc=0.607 kl=0.0011
[upd  162 | steps   82944 | t  143.3s | sps   579] ret_mean=66.000 ep_len=500.0 pi_loss=-0.006 v_loss=2.577 ent=1.563 msg_acc=0.547 kl=0.0152
[upd  163 | steps   83456 | t  143.9s | sps   580] ret_mean=0.000 ep_len=500.0 pi_loss=-0.007 v_loss=0.013 ent=1.577 msg_acc=0.776 kl=0.0069
[upd  164 | steps   83968 | t  144.6s | sps   581] ret_mean=52.000 ep_len=500.0 pi_loss=0.013 v_loss=2.513 ent=1.276 msg_acc=0.259 kl=0.0338
[upd  165 | steps   84480 | t  145.3s | sps   581] ret_mean=11.500 ep_len=500.0 pi_loss=-0.000 v_loss=0.393 ent=1.637 msg_acc=0.319 kl=0.0194
[upd  166 | steps   84992 | t  145.9s | sps   582] ret_mean=0.000 ep_len=500.0 pi_loss=0.004 v_loss=0.402 ent=1.511 msg_acc=0.596 kl=0.0106
[upd  167 | steps   85504 | t  146.5s | sps   584] ret_mean=12.500 ep_len=500.0 pi_loss=-0.007 v_loss=0.022 ent=1.427 msg_acc=0.655 kl=0.0069
[upd  168 | steps   86016 | t  147.1s | sps   585] ret_mean=0.000 ep_len=500.0 pi_loss=-0.002 v_loss=0.012 ent=1.745 msg_acc=0.541 kl=0.0111
[upd  169 | steps   86528 | t  147.7s | sps   586] ret_mean=0.000 ep_len=500.0 pi_loss=0.001 v_loss=2.135 ent=1.318 msg_acc=0.618 kl=-0.0009
[upd  170 | steps   87040 | t  148.4s | sps   587] ret_mean=107.000 ep_len=500.0 pi_loss=0.026 v_loss=3.760 ent=1.235 msg_acc=0.285 kl=0.0367
[upd  171 | steps   87552 | t  149.2s | sps   587] ret_mean=23.000 ep_len=500.0 pi_loss=-0.008 v_loss=1.784 ent=1.781 msg_acc=0.363 kl=0.0067
[upd  172 | steps   88064 | t  149.9s | sps   587] ret_mean=37.500 ep_len=500.0 pi_loss=-0.001 v_loss=4.653 ent=1.432 msg_acc=0.551 kl=0.0047
[upd  173 | steps   88576 | t  150.9s | sps   587] ret_mean=122.500 ep_len=500.0 pi_loss=-0.007 v_loss=2.560 ent=1.529 msg_acc=0.404 kl=0.0145
[upd  174 | steps   89088 | t  151.7s | sps   587] ret_mean=4.000 ep_len=500.0 pi_loss=-0.004 v_loss=0.682 ent=1.809 msg_acc=0.487 kl=0.0129
[upd  175 | steps   89600 | t  152.5s | sps   588] ret_mean=17.500 ep_len=500.0 pi_loss=-0.004 v_loss=2.811 ent=1.644 msg_acc=0.465 kl=0.0147
[upd  176 | steps   90112 | t  153.3s | sps   588] ret_mean=110.000 ep_len=500.0 pi_loss=-0.008 v_loss=2.569 ent=1.478 msg_acc=0.519 kl=0.0194
[upd  177 | steps   90624 | t  154.1s | sps   588] ret_mean=18.500 ep_len=500.0 pi_loss=-0.001 v_loss=1.124 ent=1.998 msg_acc=0.779 kl=0.0131
[upd  178 | steps   91136 | t  155.1s | sps   588] ret_mean=65.500 ep_len=500.0 pi_loss=-0.005 v_loss=1.859 ent=1.863 msg_acc=0.877 kl=0.0264
[upd  179 | steps   91648 | t  155.8s | sps   588] ret_mean=11.500 ep_len=500.0 pi_loss=-0.011 v_loss=0.187 ent=2.069 msg_acc=0.833 kl=0.0018
[upd  180 | steps   92160 | t  156.7s | sps   588] ret_mean=8.000 ep_len=500.0 pi_loss=-0.004 v_loss=0.594 ent=2.093 msg_acc=0.381 kl=0.0221
[upd  181 | steps   92672 | t  157.7s | sps   588] ret_mean=15.000 ep_len=500.0 pi_loss=-0.005 v_loss=2.632 ent=1.578 msg_acc=0.449 kl=0.0198
[upd  182 | steps   93184 | t  158.8s | sps   587] ret_mean=87.500 ep_len=500.0 pi_loss=-0.002 v_loss=3.693 ent=1.459 msg_acc=0.392 kl=0.0183
[upd  183 | steps   93696 | t  160.2s | sps   585] ret_mean=90.000 ep_len=500.0 pi_loss=-0.004 v_loss=3.608 ent=1.285 msg_acc=0.599 kl=0.0073
[upd  184 | steps   94208 | t  162.1s | sps   581] ret_mean=87.000 ep_len=500.0 pi_loss=-0.009 v_loss=2.332 ent=1.636 msg_acc=0.661 kl=0.0110
[upd  185 | steps   94720 | t  163.1s | sps   581] ret_mean=60.000 ep_len=500.0 pi_loss=0.001 v_loss=1.246 ent=1.849 msg_acc=0.628 kl=0.0017
[upd  186 | steps   95232 | t  164.1s | sps   580] ret_mean=15.500 ep_len=500.0 pi_loss=-0.005 v_loss=2.981 ent=1.477 msg_acc=0.491 kl=0.0261
[upd  187 | steps   95744 | t  165.2s | sps   580] ret_mean=86.500 ep_len=500.0 pi_loss=-0.007 v_loss=1.407 ent=1.968 msg_acc=0.429 kl=0.0044
[upd  188 | steps   96256 | t  165.9s | sps   580] ret_mean=38.500 ep_len=500.0 pi_loss=-0.009 v_loss=2.431 ent=1.707 msg_acc=0.430 kl=0.0154
[upd  189 | steps   96768 | t  166.8s | sps   580] ret_mean=67.500 ep_len=500.0 pi_loss=-0.001 v_loss=0.248 ent=2.433 msg_acc=0.232 kl=0.0042
[upd  190 | steps   97280 | t  167.7s | sps   580] ret_mean=0.000 ep_len=500.0 pi_loss=-0.007 v_loss=2.925 ent=1.692 msg_acc=0.579 kl=0.0183
[upd  191 | steps   97792 | t  168.5s | sps   580] ret_mean=80.000 ep_len=500.0 pi_loss=-0.005 v_loss=1.013 ent=2.224 msg_acc=0.814 kl=0.0139
[upd  192 | steps   98304 | t  170.4s | sps   577] ret_mean=28.250 ep_len=500.0 pi_loss=-0.009 v_loss=1.431 ent=1.909 msg_acc=0.831 kl=0.0368
[upd  193 | steps   98816 | t  173.4s | sps   570] ret_mean=41.000 ep_len=500.0 pi_loss=-0.004 v_loss=1.694 ent=1.942 msg_acc=0.446 kl=0.0122
[upd  194 | steps   99328 | t  175.0s | sps   568] ret_mean=17.500 ep_len=500.0 pi_loss=0.003 v_loss=0.651 ent=2.296 msg_acc=0.201 kl=0.0149
[upd  195 | steps   99840 | t  176.4s | sps   566] ret_mean=17.000 ep_len=500.0 pi_loss=0.002 v_loss=0.535 ent=1.957 msg_acc=0.785 kl=0.0102
[upd  196 | steps  100352 | t  178.3s | sps   563] ret_mean=6.000 ep_len=500.0 pi_loss=-0.004 v_loss=0.327 ent=2.409 msg_acc=0.271 kl=0.0119
[upd  197 | steps  100864 | t  179.8s | sps   561] ret_mean=0.000 ep_len=500.0 pi_loss=0.007 v_loss=0.185 ent=1.500 msg_acc=0.699 kl=0.0506
[upd  198 | steps  101376 | t  181.6s | sps   558] ret_mean=14.500 ep_len=500.0 pi_loss=-0.011 v_loss=0.238 ent=2.154 msg_acc=0.409 kl=0.0123
[upd  199 | steps  101888 | t  182.9s | sps   557] ret_mean=91.000 ep_len=500.0 pi_loss=-0.005 v_loss=3.642 ent=1.440 msg_acc=0.668 kl=0.0175
[upd  200 | steps  102400 | t  185.5s | sps   552] ret_mean=11.000 ep_len=500.0 pi_loss=-0.001 v_loss=0.295 ent=2.255 msg_acc=0.256 kl=0.0101
        [eval] ret_mean=0.000 ep_len=500.0
