$ /Users/praneelkhiantani/Downloads/cs2860/.venv/bin/python3 -m policies.train --env rware-tiny-2ag-easy-v2 --seed 2 --updates 200 --rollout 512 --eval-every 50 --eval-episodes 10 --log-dir matrix_results/intent_grounded_v1_pilot/rware-tiny-2ag-easy-v2 --run-name mappo-intent-aux__baseline__d0__s2 --n-msg-tokens 8 --message-grounding rware-intent --message-grounding-coef 0.2 --shape-rewards --pickup-bonus 0.5

[env] EnvSpec(env_id='rware-tiny-2ag-easy-v2', n_agents=2, obs_dim=71, n_env_actions=5, noop_action=0, family='rware')  (n_msg_tokens=8)
[cfg] {'clip_range': 0.2, 'value_clip_range': 0.2, 'entropy_coef': 0.01, 'value_coef': 0.5, 'max_grad_norm': 0.5, 'gamma': 0.99, 'gae_lambda': 0.95, 'lr_actor': 0.0003, 'lr_critic': 0.001, 'update_epochs': 4, 'minibatches': 4, 'hidden': 128, 'depth': 2, 'device': 'cpu', 'message_grounding_coef': 0.2, 'extra': {}}
[log] writing to matrix_results/intent_grounded_v1_pilot/rware-tiny-2ag-easy-v2/mappo-intent-aux__baseline__d0__s2
[upd    1 | steps     512 | t    1.0s | sps   528] ret_mean=2.500 ep_len=500.0 pi_loss=-0.014 v_loss=0.057 ent=3.683 msg_acc=0.256 kl=-0.0006
[upd    2 | steps    1024 | t    1.8s | sps   555] ret_mean=1.000 ep_len=500.0 pi_loss=-0.003 v_loss=0.009 ent=3.670 msg_acc=0.185 kl=-0.0018
[upd    3 | steps    1536 | t    2.6s | sps   594] ret_mean=3.000 ep_len=500.0 pi_loss=0.003 v_loss=0.023 ent=3.642 msg_acc=0.704 kl=0.0193
[upd    4 | steps    2048 | t    3.2s | sps   630] ret_mean=1.500 ep_len=500.0 pi_loss=0.000 v_loss=0.012 ent=3.592 msg_acc=0.503 kl=0.0077
[upd    5 | steps    2560 | t    4.1s | sps   629] ret_mean=0.000 ep_len=500.0 pi_loss=-0.004 v_loss=0.003 ent=3.528 msg_acc=0.668 kl=0.0255
[upd    6 | steps    3072 | t    4.7s | sps   653] ret_mean=1.000 ep_len=500.0 pi_loss=-0.006 v_loss=0.006 ent=3.461 msg_acc=0.671 kl=0.0047
[upd    7 | steps    3584 | t    5.4s | sps   670] ret_mean=0.000 ep_len=500.0 pi_loss=-0.002 v_loss=0.002 ent=3.392 msg_acc=0.479 kl=0.0076
[upd    8 | steps    4096 | t    6.0s | sps   683] ret_mean=0.000 ep_len=500.0 pi_loss=-0.007 v_loss=0.003 ent=3.429 msg_acc=0.470 kl=-0.0016
[upd    9 | steps    4608 | t    6.7s | sps   688] ret_mean=0.000 ep_len=500.0 pi_loss=-0.004 v_loss=0.003 ent=3.375 msg_acc=0.767 kl=0.0075
[upd   10 | steps    5120 | t    7.3s | sps   697] ret_mean=0.000 ep_len=500.0 pi_loss=-0.010 v_loss=0.004 ent=3.343 msg_acc=0.530 kl=0.0137
[upd   11 | steps    5632 | t    8.0s | sps   703] ret_mean=1.000 ep_len=500.0 pi_loss=-0.008 v_loss=0.003 ent=3.247 msg_acc=0.631 kl=0.0104
[upd   12 | steps    6144 | t    8.7s | sps   704] ret_mean=0.500 ep_len=500.0 pi_loss=-0.010 v_loss=0.002 ent=3.255 msg_acc=0.469 kl=0.0214
[upd   13 | steps    6656 | t    9.5s | sps   702] ret_mean=0.000 ep_len=500.0 pi_loss=-0.007 v_loss=0.005 ent=2.965 msg_acc=0.721 kl=0.0166
[upd   14 | steps    7168 | t   10.3s | sps   693] ret_mean=3.500 ep_len=500.0 pi_loss=-0.008 v_loss=0.019 ent=3.233 msg_acc=0.342 kl=0.0401
[upd   15 | steps    7680 | t   11.4s | sps   674] ret_mean=0.000 ep_len=500.0 pi_loss=-0.004 v_loss=0.007 ent=3.076 msg_acc=0.650 kl=0.0086
[upd   16 | steps    8192 | t   12.1s | sps   675] ret_mean=2.000 ep_len=500.0 pi_loss=-0.004 v_loss=0.019 ent=3.164 msg_acc=0.161 kl=0.0187
[upd   17 | steps    8704 | t   12.9s | sps   676] ret_mean=3.000 ep_len=500.0 pi_loss=-0.001 v_loss=0.003 ent=3.168 msg_acc=0.380 kl=0.0191
[upd   18 | steps    9216 | t   13.5s | sps   681] ret_mean=0.000 ep_len=500.0 pi_loss=-0.006 v_loss=0.002 ent=3.217 msg_acc=0.500 kl=0.0090
[upd   19 | steps    9728 | t   14.2s | sps   686] ret_mean=0.000 ep_len=500.0 pi_loss=-0.005 v_loss=0.002 ent=3.164 msg_acc=0.514 kl=0.0161
[upd   20 | steps   10240 | t   14.8s | sps   691] ret_mean=3.500 ep_len=500.0 pi_loss=-0.009 v_loss=0.028 ent=3.152 msg_acc=0.575 kl=0.0098
[upd   21 | steps   10752 | t   15.4s | sps   696] ret_mean=0.000 ep_len=500.0 pi_loss=-0.016 v_loss=0.002 ent=3.093 msg_acc=0.515 kl=0.0072
[upd   22 | steps   11264 | t   16.1s | sps   701] ret_mean=1.500 ep_len=500.0 pi_loss=-0.008 v_loss=0.014 ent=3.071 msg_acc=0.634 kl=0.0025
[upd   23 | steps   11776 | t   16.7s | sps   704] ret_mean=0.000 ep_len=500.0 pi_loss=-0.011 v_loss=0.002 ent=2.992 msg_acc=0.645 kl=0.0121
[upd   24 | steps   12288 | t   17.4s | sps   706] ret_mean=0.000 ep_len=500.0 pi_loss=-0.003 v_loss=0.060 ent=2.689 msg_acc=0.907 kl=0.0356
[upd   25 | steps   12800 | t   18.1s | sps   707] ret_mean=4.000 ep_len=500.0 pi_loss=-0.010 v_loss=0.171 ent=2.818 msg_acc=0.538 kl=0.0221
[upd   26 | steps   13312 | t   18.8s | sps   709] ret_mean=9.500 ep_len=500.0 pi_loss=-0.003 v_loss=0.002 ent=2.747 msg_acc=0.338 kl=0.0191
[upd   27 | steps   13824 | t   19.5s | sps   710] ret_mean=0.000 ep_len=500.0 pi_loss=-0.008 v_loss=0.022 ent=2.901 msg_acc=0.365 kl=0.0285
[upd   28 | steps   14336 | t   20.3s | sps   708] ret_mean=3.000 ep_len=500.0 pi_loss=-0.005 v_loss=0.010 ent=3.010 msg_acc=0.339 kl=0.0089
[upd   29 | steps   14848 | t   21.0s | sps   707] ret_mean=0.000 ep_len=500.0 pi_loss=-0.008 v_loss=0.002 ent=3.102 msg_acc=0.383 kl=0.0142
[upd   30 | steps   15360 | t   21.7s | sps   708] ret_mean=0.000 ep_len=500.0 pi_loss=-0.003 v_loss=0.002 ent=3.165 msg_acc=0.256 kl=0.0135
[upd   31 | steps   15872 | t   22.3s | sps   711] ret_mean=2.000 ep_len=500.0 pi_loss=-0.005 v_loss=0.018 ent=2.992 msg_acc=0.617 kl=0.0244
[upd   32 | steps   16384 | t   22.9s | sps   715] ret_mean=3.500 ep_len=500.0 pi_loss=-0.011 v_loss=0.067 ent=3.046 msg_acc=0.392 kl=0.0097
[upd   33 | steps   16896 | t   23.5s | sps   718] ret_mean=4.000 ep_len=500.0 pi_loss=-0.014 v_loss=0.003 ent=2.708 msg_acc=0.768 kl=0.0050
[upd   34 | steps   17408 | t   24.2s | sps   720] ret_mean=0.000 ep_len=500.0 pi_loss=-0.005 v_loss=0.005 ent=2.829 msg_acc=0.475 kl=0.0086
[upd   35 | steps   17920 | t   24.8s | sps   723] ret_mean=0.000 ep_len=500.0 pi_loss=-0.005 v_loss=0.187 ent=2.971 msg_acc=0.426 kl=0.0075
[upd   36 | steps   18432 | t   25.4s | sps   726] ret_mean=11.000 ep_len=500.0 pi_loss=-0.009 v_loss=0.008 ent=2.824 msg_acc=0.573 kl=0.0161
[upd   37 | steps   18944 | t   26.0s | sps   729] ret_mean=3.500 ep_len=500.0 pi_loss=-0.001 v_loss=0.143 ent=2.929 msg_acc=0.384 kl=0.0089
[upd   38 | steps   19456 | t   26.6s | sps   732] ret_mean=7.000 ep_len=500.0 pi_loss=0.006 v_loss=0.005 ent=2.931 msg_acc=0.398 kl=0.0255
[upd   39 | steps   19968 | t   27.2s | sps   734] ret_mean=0.500 ep_len=500.0 pi_loss=0.005 v_loss=0.010 ent=2.912 msg_acc=0.447 kl=0.0117
[upd   40 | steps   20480 | t   27.8s | sps   737] ret_mean=1.500 ep_len=500.0 pi_loss=-0.008 v_loss=0.002 ent=2.629 msg_acc=0.642 kl=0.0062
[upd   41 | steps   20992 | t   28.4s | sps   739] ret_mean=0.000 ep_len=500.0 pi_loss=-0.007 v_loss=0.003 ent=2.943 msg_acc=0.822 kl=0.0051
[upd   42 | steps   21504 | t   29.0s | sps   741] ret_mean=0.000 ep_len=500.0 pi_loss=-0.012 v_loss=0.001 ent=2.770 msg_acc=0.637 kl=0.0198
[upd   43 | steps   22016 | t   29.6s | sps   744] ret_mean=0.000 ep_len=500.0 pi_loss=-0.006 v_loss=0.001 ent=2.774 msg_acc=0.378 kl=0.0171
[upd   44 | steps   22528 | t   30.2s | sps   746] ret_mean=8.500 ep_len=500.0 pi_loss=-0.017 v_loss=0.107 ent=2.549 msg_acc=0.632 kl=0.0130
[upd   45 | steps   23040 | t   30.8s | sps   749] ret_mean=1.500 ep_len=500.0 pi_loss=-0.006 v_loss=0.014 ent=2.747 msg_acc=0.563 kl=0.0159
[upd   46 | steps   23552 | t   31.4s | sps   751] ret_mean=1.500 ep_len=500.0 pi_loss=0.000 v_loss=0.007 ent=2.569 msg_acc=0.521 kl=0.0244
[upd   47 | steps   24064 | t   31.9s | sps   753] ret_mean=13.500 ep_len=500.0 pi_loss=0.000 v_loss=0.203 ent=2.828 msg_acc=0.215 kl=0.0284
[upd   48 | steps   24576 | t   32.5s | sps   755] ret_mean=1.500 ep_len=500.0 pi_loss=-0.008 v_loss=0.015 ent=2.874 msg_acc=0.756 kl=0.0080
[upd   49 | steps   25088 | t   33.2s | sps   757] ret_mean=10.000 ep_len=500.0 pi_loss=-0.009 v_loss=0.256 ent=2.696 msg_acc=0.770 kl=0.0139
[upd   50 | steps   25600 | t   33.8s | sps   757] ret_mean=0.000 ep_len=500.0 pi_loss=-0.008 v_loss=0.003 ent=2.653 msg_acc=0.516 kl=0.0134
        [eval] ret_mean=0.000 ep_len=500.0
[upd   51 | steps   26112 | t   39.6s | sps   659] ret_mean=0.000 ep_len=500.0 pi_loss=-0.013 v_loss=0.005 ent=2.653 msg_acc=0.778 kl=0.0152
[upd   52 | steps   26624 | t   40.2s | sps   662] ret_mean=3.000 ep_len=500.0 pi_loss=-0.009 v_loss=0.018 ent=2.309 msg_acc=0.862 kl=0.0078
[upd   53 | steps   27136 | t   40.8s | sps   664] ret_mean=0.000 ep_len=500.0 pi_loss=-0.009 v_loss=0.003 ent=2.312 msg_acc=0.787 kl=0.0032
[upd   54 | steps   27648 | t   41.5s | sps   666] ret_mean=0.000 ep_len=500.0 pi_loss=-0.012 v_loss=0.014 ent=2.284 msg_acc=0.874 kl=-0.0003
[upd   55 | steps   28160 | t   42.2s | sps   668] ret_mean=1.500 ep_len=500.0 pi_loss=-0.007 v_loss=0.002 ent=2.509 msg_acc=0.608 kl=-0.0005
[upd   56 | steps   28672 | t   42.9s | sps   669] ret_mean=0.000 ep_len=500.0 pi_loss=-0.012 v_loss=0.051 ent=1.882 msg_acc=0.818 kl=0.0124
[upd   57 | steps   29184 | t   43.6s | sps   670] ret_mean=4.000 ep_len=500.0 pi_loss=-0.002 v_loss=0.005 ent=2.552 msg_acc=0.274 kl=0.0403
[upd   58 | steps   29696 | t   44.3s | sps   671] ret_mean=6.000 ep_len=500.0 pi_loss=0.005 v_loss=0.113 ent=2.421 msg_acc=0.425 kl=0.0366
[upd   59 | steps   30208 | t   45.0s | sps   671] ret_mean=4.500 ep_len=500.0 pi_loss=-0.005 v_loss=0.073 ent=2.627 msg_acc=0.760 kl=0.0290
[upd   60 | steps   30720 | t   45.7s | sps   672] ret_mean=5.500 ep_len=500.0 pi_loss=-0.009 v_loss=0.092 ent=2.567 msg_acc=0.530 kl=0.0162
[upd   61 | steps   31232 | t   46.4s | sps   674] ret_mean=9.000 ep_len=500.0 pi_loss=-0.011 v_loss=0.189 ent=2.392 msg_acc=0.530 kl=0.0069
[upd   62 | steps   31744 | t   47.0s | sps   675] ret_mean=0.000 ep_len=500.0 pi_loss=-0.005 v_loss=0.002 ent=2.432 msg_acc=0.643 kl=0.0186
[upd   63 | steps   32256 | t   47.7s | sps   676] ret_mean=0.000 ep_len=500.0 pi_loss=-0.012 v_loss=0.025 ent=2.150 msg_acc=0.767 kl=0.0013
[upd   64 | steps   32768 | t   48.6s | sps   674] ret_mean=2.000 ep_len=500.0 pi_loss=-0.009 v_loss=0.001 ent=2.413 msg_acc=0.561 kl=0.0093
[upd   65 | steps   33280 | t   49.4s | sps   674] ret_mean=0.000 ep_len=500.0 pi_loss=-0.007 v_loss=0.001 ent=2.495 msg_acc=0.563 kl=0.0063
[upd   66 | steps   33792 | t   50.1s | sps   675] ret_mean=0.000 ep_len=500.0 pi_loss=-0.009 v_loss=0.035 ent=2.579 msg_acc=0.566 kl=0.0088
[upd   67 | steps   34304 | t   50.7s | sps   676] ret_mean=3.000 ep_len=500.0 pi_loss=-0.005 v_loss=0.029 ent=2.470 msg_acc=0.387 kl=0.0066
[upd   68 | steps   34816 | t   51.5s | sps   677] ret_mean=2.000 ep_len=500.0 pi_loss=0.007 v_loss=0.002 ent=2.545 msg_acc=0.314 kl=0.0195
[upd   69 | steps   35328 | t   52.1s | sps   678] ret_mean=8.500 ep_len=500.0 pi_loss=-0.009 v_loss=0.206 ent=2.507 msg_acc=0.451 kl=0.0018
[upd   70 | steps   35840 | t   52.7s | sps   680] ret_mean=5.000 ep_len=500.0 pi_loss=-0.011 v_loss=0.008 ent=2.157 msg_acc=0.792 kl=0.0096
[upd   71 | steps   36352 | t   53.3s | sps   682] ret_mean=0.000 ep_len=500.0 pi_loss=-0.008 v_loss=0.002 ent=2.119 msg_acc=0.826 kl=0.0228
[upd   72 | steps   36864 | t   54.0s | sps   683] ret_mean=0.500 ep_len=500.0 pi_loss=-0.006 v_loss=0.009 ent=2.288 msg_acc=0.647 kl=0.0050
[upd   73 | steps   37376 | t   54.6s | sps   685] ret_mean=3.500 ep_len=500.0 pi_loss=-0.006 v_loss=0.031 ent=2.066 msg_acc=0.825 kl=0.0119
[upd   74 | steps   37888 | t   55.2s | sps   687] ret_mean=0.000 ep_len=500.0 pi_loss=-0.017 v_loss=0.550 ent=2.321 msg_acc=0.565 kl=0.0189
[upd   75 | steps   38400 | t   55.8s | sps   688] ret_mean=50.500 ep_len=500.0 pi_loss=-0.013 v_loss=1.429 ent=2.624 msg_acc=0.360 kl=0.0029
[upd   76 | steps   38912 | t   56.4s | sps   690] ret_mean=0.000 ep_len=500.0 pi_loss=0.000 v_loss=0.217 ent=2.068 msg_acc=0.501 kl=0.0238
[upd   77 | steps   39424 | t   57.0s | sps   692] ret_mean=12.000 ep_len=500.0 pi_loss=-0.012 v_loss=0.063 ent=2.235 msg_acc=0.318 kl=0.0095
[upd   78 | steps   39936 | t   57.8s | sps   690] ret_mean=0.000 ep_len=500.0 pi_loss=-0.010 v_loss=0.008 ent=2.047 msg_acc=0.803 kl=0.0134
[upd   79 | steps   40448 | t   58.4s | sps   692] ret_mean=0.000 ep_len=500.0 pi_loss=-0.010 v_loss=0.004 ent=2.096 msg_acc=0.773 kl=0.0178
[upd   80 | steps   40960 | t   59.0s | sps   694] ret_mean=4.000 ep_len=500.0 pi_loss=-0.012 v_loss=0.099 ent=2.218 msg_acc=0.602 kl=0.0113
[upd   81 | steps   41472 | t   59.6s | sps   695] ret_mean=2.500 ep_len=500.0 pi_loss=-0.005 v_loss=0.127 ent=2.184 msg_acc=0.613 kl=0.0074
[upd   82 | steps   41984 | t   60.3s | sps   697] ret_mean=19.000 ep_len=500.0 pi_loss=-0.009 v_loss=0.287 ent=2.360 msg_acc=0.556 kl=0.0082
[upd   83 | steps   42496 | t   60.9s | sps   698] ret_mean=6.500 ep_len=500.0 pi_loss=-0.011 v_loss=0.131 ent=2.345 msg_acc=0.568 kl=0.0077
[upd   84 | steps   43008 | t   61.5s | sps   699] ret_mean=8.000 ep_len=500.0 pi_loss=-0.008 v_loss=0.229 ent=2.455 msg_acc=0.647 kl=0.0242
[upd   85 | steps   43520 | t   62.1s | sps   700] ret_mean=1.000 ep_len=500.0 pi_loss=-0.007 v_loss=0.016 ent=2.197 msg_acc=0.701 kl=0.0238
[upd   86 | steps   44032 | t   62.9s | sps   700] ret_mean=1.000 ep_len=500.0 pi_loss=0.013 v_loss=0.497 ent=2.105 msg_acc=0.407 kl=0.0435
[upd   87 | steps   44544 | t   63.6s | sps   701] ret_mean=16.500 ep_len=500.0 pi_loss=-0.012 v_loss=0.005 ent=1.779 msg_acc=0.880 kl=0.0130
[upd   88 | steps   45056 | t   64.2s | sps   702] ret_mean=0.000 ep_len=500.0 pi_loss=-0.007 v_loss=0.106 ent=2.285 msg_acc=0.696 kl=0.0079
[upd   89 | steps   45568 | t   64.9s | sps   703] ret_mean=6.000 ep_len=500.0 pi_loss=-0.014 v_loss=0.007 ent=2.357 msg_acc=0.440 kl=0.0063
[upd   90 | steps   46080 | t   65.5s | sps   704] ret_mean=0.000 ep_len=500.0 pi_loss=-0.008 v_loss=0.088 ent=1.925 msg_acc=0.580 kl=0.0437
[upd   91 | steps   46592 | t   66.1s | sps   704] ret_mean=4.000 ep_len=500.0 pi_loss=-0.002 v_loss=0.275 ent=1.966 msg_acc=0.635 kl=0.0111
[upd   92 | steps   47104 | t   66.8s | sps   706] ret_mean=21.500 ep_len=500.0 pi_loss=-0.004 v_loss=1.993 ent=2.036 msg_acc=0.251 kl=0.0199
[upd   93 | steps   47616 | t   67.4s | sps   707] ret_mean=7.500 ep_len=500.0 pi_loss=-0.008 v_loss=0.211 ent=2.409 msg_acc=0.584 kl=0.0163
[upd   94 | steps   48128 | t   68.0s | sps   708] ret_mean=42.000 ep_len=500.0 pi_loss=0.004 v_loss=1.481 ent=2.209 msg_acc=0.079 kl=0.0182
[upd   95 | steps   48640 | t   68.6s | sps   709] ret_mean=15.500 ep_len=500.0 pi_loss=-0.011 v_loss=0.363 ent=1.884 msg_acc=0.838 kl=0.0158
[upd   96 | steps   49152 | t   69.2s | sps   711] ret_mean=0.000 ep_len=500.0 pi_loss=-0.003 v_loss=0.006 ent=1.962 msg_acc=0.609 kl=0.0086
[upd   97 | steps   49664 | t   69.8s | sps   712] ret_mean=0.000 ep_len=500.0 pi_loss=-0.009 v_loss=0.004 ent=1.788 msg_acc=0.877 kl=0.0099
[upd   98 | steps   50176 | t   70.4s | sps   713] ret_mean=0.000 ep_len=500.0 pi_loss=-0.004 v_loss=0.007 ent=2.196 msg_acc=0.707 kl=0.0084
[upd   99 | steps   50688 | t   71.0s | sps   714] ret_mean=0.000 ep_len=500.0 pi_loss=-0.007 v_loss=0.347 ent=2.011 msg_acc=0.848 kl=0.0047
[upd  100 | steps   51200 | t   71.8s | sps   713] ret_mean=10.500 ep_len=500.0 pi_loss=-0.011 v_loss=0.119 ent=1.883 msg_acc=0.806 kl=0.0124
        [eval] ret_mean=12.500 ep_len=500.0
[upd  101 | steps   51712 | t   77.1s | sps   671] ret_mean=0.000 ep_len=500.0 pi_loss=-0.007 v_loss=0.007 ent=2.013 msg_acc=0.849 kl=0.0032
[upd  102 | steps   52224 | t   77.7s | sps   672] ret_mean=0.000 ep_len=500.0 pi_loss=0.006 v_loss=0.006 ent=2.253 msg_acc=0.273 kl=0.0361
[upd  103 | steps   52736 | t   78.3s | sps   673] ret_mean=63.000 ep_len=500.0 pi_loss=0.004 v_loss=2.886 ent=1.926 msg_acc=0.228 kl=0.0416
[upd  104 | steps   53248 | t   79.0s | sps   674] ret_mean=0.000 ep_len=500.0 pi_loss=-0.001 v_loss=0.002 ent=2.106 msg_acc=0.484 kl=0.0186
[upd  105 | steps   53760 | t   79.5s | sps   676] ret_mean=0.000 ep_len=500.0 pi_loss=-0.004 v_loss=0.007 ent=2.154 msg_acc=0.409 kl=0.0211
[upd  106 | steps   54272 | t   80.1s | sps   677] ret_mean=0.000 ep_len=500.0 pi_loss=-0.008 v_loss=0.004 ent=1.870 msg_acc=0.665 kl=0.0176
[upd  107 | steps   54784 | t   80.7s | sps   678] ret_mean=22.000 ep_len=500.0 pi_loss=-0.006 v_loss=0.875 ent=1.854 msg_acc=0.610 kl=0.0064
[upd  108 | steps   55296 | t   81.4s | sps   680] ret_mean=44.000 ep_len=500.0 pi_loss=-0.005 v_loss=1.930 ent=2.193 msg_acc=0.337 kl=0.0143
[upd  109 | steps   55808 | t   82.0s | sps   681] ret_mean=0.000 ep_len=500.0 pi_loss=-0.006 v_loss=0.016 ent=2.454 msg_acc=0.265 kl=0.0114
[upd  110 | steps   56320 | t   82.6s | sps   682] ret_mean=5.000 ep_len=500.0 pi_loss=-0.006 v_loss=0.062 ent=1.970 msg_acc=0.508 kl=0.0183
[upd  111 | steps   56832 | t   83.2s | sps   683] ret_mean=1.000 ep_len=500.0 pi_loss=-0.014 v_loss=0.013 ent=2.122 msg_acc=0.624 kl=0.0153
[upd  112 | steps   57344 | t   83.8s | sps   685] ret_mean=27.000 ep_len=500.0 pi_loss=-0.007 v_loss=1.051 ent=2.142 msg_acc=0.597 kl=0.0049
[upd  113 | steps   57856 | t   84.4s | sps   686] ret_mean=0.000 ep_len=500.0 pi_loss=-0.013 v_loss=0.009 ent=2.457 msg_acc=0.535 kl=0.0188
[upd  114 | steps   58368 | t   85.0s | sps   687] ret_mean=0.000 ep_len=500.0 pi_loss=-0.005 v_loss=0.005 ent=1.957 msg_acc=0.779 kl=0.0081
[upd  115 | steps   58880 | t   85.6s | sps   688] ret_mean=9.000 ep_len=500.0 pi_loss=-0.012 v_loss=0.279 ent=1.867 msg_acc=0.661 kl=0.0172
[upd  116 | steps   59392 | t   86.2s | sps   689] ret_mean=0.000 ep_len=500.0 pi_loss=-0.013 v_loss=0.007 ent=2.103 msg_acc=0.724 kl=0.0263
[upd  117 | steps   59904 | t   86.8s | sps   690] ret_mean=0.000 ep_len=500.0 pi_loss=-0.000 v_loss=0.003 ent=2.082 msg_acc=0.502 kl=0.0251
[upd  118 | steps   60416 | t   87.4s | sps   692] ret_mean=0.000 ep_len=500.0 pi_loss=-0.008 v_loss=0.004 ent=2.029 msg_acc=0.561 kl=0.0104
[upd  119 | steps   60928 | t   88.0s | sps   692] ret_mean=0.000 ep_len=500.0 pi_loss=-0.002 v_loss=0.002 ent=2.344 msg_acc=0.775 kl=-0.0038
[upd  120 | steps   61440 | t   88.6s | sps   693] ret_mean=0.000 ep_len=500.0 pi_loss=-0.013 v_loss=2.063 ent=2.117 msg_acc=0.686 kl=0.0088
[upd  121 | steps   61952 | t   89.2s | sps   694] ret_mean=92.500 ep_len=500.0 pi_loss=-0.009 v_loss=1.975 ent=2.135 msg_acc=0.507 kl=-0.0028
[upd  122 | steps   62464 | t   89.9s | sps   695] ret_mean=0.000 ep_len=500.0 pi_loss=-0.016 v_loss=0.004 ent=2.302 msg_acc=0.742 kl=0.0077
[upd  123 | steps   62976 | t   90.6s | sps   695] ret_mean=0.000 ep_len=500.0 pi_loss=-0.007 v_loss=0.002 ent=1.787 msg_acc=0.863 kl=0.0162
[upd  124 | steps   63488 | t   91.2s | sps   696] ret_mean=0.000 ep_len=500.0 pi_loss=-0.002 v_loss=0.107 ent=2.011 msg_acc=0.641 kl=0.0126
[upd  125 | steps   64000 | t   91.8s | sps   697] ret_mean=5.000 ep_len=500.0 pi_loss=-0.010 v_loss=0.002 ent=2.051 msg_acc=0.631 kl=0.0139
[upd  126 | steps   64512 | t   92.4s | sps   698] ret_mean=0.000 ep_len=500.0 pi_loss=-0.004 v_loss=0.885 ent=1.955 msg_acc=0.442 kl=0.0075
[upd  127 | steps   65024 | t   93.0s | sps   699] ret_mean=26.000 ep_len=500.0 pi_loss=-0.010 v_loss=0.005 ent=1.822 msg_acc=0.603 kl=0.0059
[upd  128 | steps   65536 | t   93.6s | sps   700] ret_mean=0.000 ep_len=500.0 pi_loss=-0.008 v_loss=0.075 ent=1.941 msg_acc=0.852 kl=-0.0010
[upd  129 | steps   66048 | t   94.2s | sps   701] ret_mean=4.000 ep_len=500.0 pi_loss=-0.013 v_loss=0.001 ent=1.814 msg_acc=0.898 kl=0.0042
[upd  130 | steps   66560 | t   94.8s | sps   702] ret_mean=0.000 ep_len=500.0 pi_loss=-0.010 v_loss=1.096 ent=1.956 msg_acc=0.723 kl=0.0082
[upd  131 | steps   67072 | t   95.4s | sps   703] ret_mean=33.500 ep_len=500.0 pi_loss=0.005 v_loss=13.172 ent=1.741 msg_acc=0.263 kl=0.0195
[upd  132 | steps   67584 | t   96.0s | sps   704] ret_mean=186.000 ep_len=500.0 pi_loss=-0.003 v_loss=4.837 ent=1.931 msg_acc=0.355 kl=0.0087
[upd  133 | steps   68096 | t   96.6s | sps   705] ret_mean=0.000 ep_len=500.0 pi_loss=-0.008 v_loss=0.191 ent=1.992 msg_acc=0.622 kl=0.0317
[upd  134 | steps   68608 | t   97.2s | sps   706] ret_mean=6.500 ep_len=500.0 pi_loss=-0.011 v_loss=0.007 ent=1.880 msg_acc=0.784 kl=0.0066
[upd  135 | steps   69120 | t   98.3s | sps   703] ret_mean=0.000 ep_len=500.0 pi_loss=-0.009 v_loss=0.440 ent=1.512 msg_acc=0.822 kl=0.0121
[upd  136 | steps   69632 | t   99.5s | sps   700] ret_mean=11.500 ep_len=500.0 pi_loss=-0.005 v_loss=1.099 ent=1.794 msg_acc=0.610 kl=0.0088
[upd  137 | steps   70144 | t  100.4s | sps   699] ret_mean=34.000 ep_len=500.0 pi_loss=-0.008 v_loss=0.041 ent=2.065 msg_acc=0.550 kl=-0.0013
[upd  138 | steps   70656 | t  101.0s | sps   700] ret_mean=0.000 ep_len=500.0 pi_loss=0.004 v_loss=1.611 ent=1.925 msg_acc=0.541 kl=0.0164
[upd  139 | steps   71168 | t  101.8s | sps   699] ret_mean=36.000 ep_len=500.0 pi_loss=-0.002 v_loss=0.355 ent=2.078 msg_acc=0.394 kl=0.0153
[upd  140 | steps   71680 | t  102.5s | sps   699] ret_mean=14.500 ep_len=500.0 pi_loss=-0.011 v_loss=0.689 ent=1.679 msg_acc=0.510 kl=0.0137
[upd  141 | steps   72192 | t  103.0s | sps   701] ret_mean=20.000 ep_len=500.0 pi_loss=-0.011 v_loss=0.009 ent=1.768 msg_acc=0.792 kl=0.0066
[upd  142 | steps   72704 | t  103.7s | sps   701] ret_mean=0.000 ep_len=500.0 pi_loss=-0.009 v_loss=0.006 ent=1.939 msg_acc=0.539 kl=0.0037
[upd  143 | steps   73216 | t  104.3s | sps   702] ret_mean=0.000 ep_len=500.0 pi_loss=-0.007 v_loss=0.004 ent=1.938 msg_acc=0.499 kl=0.0112
[upd  144 | steps   73728 | t  104.9s | sps   703] ret_mean=0.000 ep_len=500.0 pi_loss=-0.008 v_loss=0.003 ent=1.884 msg_acc=0.640 kl=0.0061
[upd  145 | steps   74240 | t  105.5s | sps   703] ret_mean=40.500 ep_len=500.0 pi_loss=-0.010 v_loss=1.605 ent=1.977 msg_acc=0.309 kl=0.0067
[upd  146 | steps   74752 | t  106.2s | sps   704] ret_mean=62.000 ep_len=500.0 pi_loss=-0.004 v_loss=3.003 ent=1.833 msg_acc=0.413 kl=0.0053
[upd  147 | steps   75264 | t  106.8s | sps   705] ret_mean=0.000 ep_len=500.0 pi_loss=-0.007 v_loss=0.003 ent=1.614 msg_acc=0.673 kl=0.0179
[upd  148 | steps   75776 | t  107.5s | sps   705] ret_mean=17.500 ep_len=500.0 pi_loss=-0.008 v_loss=0.504 ent=1.915 msg_acc=0.475 kl=0.0149
[upd  149 | steps   76288 | t  108.1s | sps   706] ret_mean=0.000 ep_len=500.0 pi_loss=-0.006 v_loss=0.004 ent=1.389 msg_acc=0.896 kl=0.0123
[upd  150 | steps   76800 | t  108.7s | sps   706] ret_mean=23.000 ep_len=500.0 pi_loss=-0.005 v_loss=1.117 ent=2.040 msg_acc=0.556 kl=0.0173
        [eval] ret_mean=12.500 ep_len=500.0
[upd  151 | steps   77312 | t  113.8s | sps   679] ret_mean=6.000 ep_len=500.0 pi_loss=0.020 v_loss=0.074 ent=1.521 msg_acc=0.490 kl=0.0555
[upd  152 | steps   77824 | t  114.4s | sps   680] ret_mean=34.500 ep_len=500.0 pi_loss=-0.011 v_loss=1.396 ent=1.778 msg_acc=0.817 kl=0.0091
[upd  153 | steps   78336 | t  115.0s | sps   681] ret_mean=54.000 ep_len=500.0 pi_loss=-0.006 v_loss=2.424 ent=2.278 msg_acc=0.155 kl=0.0058
[upd  154 | steps   78848 | t  115.6s | sps   682] ret_mean=22.000 ep_len=500.0 pi_loss=-0.012 v_loss=1.014 ent=2.082 msg_acc=0.664 kl=0.0083
[upd  155 | steps   79360 | t  116.2s | sps   683] ret_mean=53.000 ep_len=500.0 pi_loss=0.002 v_loss=1.595 ent=1.903 msg_acc=0.450 kl=0.0057
[upd  156 | steps   79872 | t  116.7s | sps   684] ret_mean=0.000 ep_len=500.0 pi_loss=-0.006 v_loss=0.024 ent=1.815 msg_acc=0.705 kl=0.0281
[upd  157 | steps   80384 | t  117.3s | sps   685] ret_mean=0.000 ep_len=500.0 pi_loss=-0.002 v_loss=0.011 ent=1.832 msg_acc=0.546 kl=0.0140
[upd  158 | steps   80896 | t  117.9s | sps   686] ret_mean=0.000 ep_len=500.0 pi_loss=-0.006 v_loss=0.012 ent=2.067 msg_acc=0.518 kl=0.0027
[upd  159 | steps   81408 | t  118.5s | sps   687] ret_mean=42.500 ep_len=500.0 pi_loss=-0.010 v_loss=2.196 ent=1.513 msg_acc=0.746 kl=0.0189
[upd  160 | steps   81920 | t  119.1s | sps   688] ret_mean=29.500 ep_len=500.0 pi_loss=-0.006 v_loss=0.451 ent=1.818 msg_acc=0.697 kl=0.0128
[upd  161 | steps   82432 | t  119.9s | sps   688] ret_mean=46.500 ep_len=500.0 pi_loss=-0.004 v_loss=2.211 ent=1.444 msg_acc=0.478 kl=0.0094
[upd  162 | steps   82944 | t  120.6s | sps   688] ret_mean=20.000 ep_len=500.0 pi_loss=-0.008 v_loss=1.022 ent=1.689 msg_acc=0.516 kl=0.0070
[upd  163 | steps   83456 | t  121.3s | sps   688] ret_mean=15.000 ep_len=500.0 pi_loss=-0.010 v_loss=0.563 ent=1.608 msg_acc=0.656 kl=0.0093
[upd  164 | steps   83968 | t  121.9s | sps   689] ret_mean=14.500 ep_len=500.0 pi_loss=-0.020 v_loss=0.023 ent=1.683 msg_acc=0.758 kl=0.0209
[upd  165 | steps   84480 | t  122.5s | sps   689] ret_mean=0.000 ep_len=500.0 pi_loss=-0.011 v_loss=0.014 ent=1.854 msg_acc=0.807 kl=0.0151
[upd  166 | steps   84992 | t  123.2s | sps   690] ret_mean=0.000 ep_len=500.0 pi_loss=-0.008 v_loss=0.718 ent=1.952 msg_acc=0.793 kl=0.0137
[upd  167 | steps   85504 | t  123.9s | sps   690] ret_mean=87.000 ep_len=500.0 pi_loss=-0.011 v_loss=3.185 ent=1.575 msg_acc=0.871 kl=0.0138
[upd  168 | steps   86016 | t  124.5s | sps   691] ret_mean=19.000 ep_len=500.0 pi_loss=-0.006 v_loss=1.054 ent=1.750 msg_acc=0.523 kl=0.0104
[upd  169 | steps   86528 | t  125.1s | sps   692] ret_mean=9.500 ep_len=500.0 pi_loss=-0.008 v_loss=0.030 ent=2.012 msg_acc=0.546 kl=0.0072
[upd  170 | steps   87040 | t  126.0s | sps   691] ret_mean=61.500 ep_len=500.0 pi_loss=-0.015 v_loss=3.645 ent=1.836 msg_acc=0.586 kl=0.0293
[upd  171 | steps   87552 | t  127.3s | sps   688] ret_mean=63.500 ep_len=500.0 pi_loss=-0.009 v_loss=1.564 ent=1.646 msg_acc=0.542 kl=0.0111
[upd  172 | steps   88064 | t  128.1s | sps   687] ret_mean=0.000 ep_len=500.0 pi_loss=-0.007 v_loss=0.037 ent=1.679 msg_acc=0.708 kl=0.0121
[upd  173 | steps   88576 | t  128.8s | sps   688] ret_mean=15.500 ep_len=500.0 pi_loss=-0.012 v_loss=2.237 ent=1.778 msg_acc=0.690 kl=0.0123
[upd  174 | steps   89088 | t  129.4s | sps   688] ret_mean=72.000 ep_len=500.0 pi_loss=-0.006 v_loss=1.674 ent=1.657 msg_acc=0.868 kl=0.0092
[upd  175 | steps   89600 | t  130.1s | sps   689] ret_mean=30.500 ep_len=500.0 pi_loss=-0.002 v_loss=0.256 ent=1.797 msg_acc=0.619 kl=0.0079
[upd  176 | steps   90112 | t  130.7s | sps   689] ret_mean=0.000 ep_len=500.0 pi_loss=-0.006 v_loss=1.379 ent=1.860 msg_acc=0.529 kl=0.0043
[upd  177 | steps   90624 | t  131.3s | sps   690] ret_mean=70.000 ep_len=500.0 pi_loss=-0.008 v_loss=1.105 ent=2.037 msg_acc=0.532 kl=0.0010
[upd  178 | steps   91136 | t  132.2s | sps   689] ret_mean=8.000 ep_len=500.0 pi_loss=-0.011 v_loss=0.185 ent=2.391 msg_acc=0.494 kl=0.0145
[upd  179 | steps   91648 | t  133.1s | sps   689] ret_mean=0.000 ep_len=500.0 pi_loss=-0.014 v_loss=0.217 ent=1.785 msg_acc=0.692 kl=0.0067
[upd  180 | steps   92160 | t  133.7s | sps   689] ret_mean=37.500 ep_len=500.0 pi_loss=-0.012 v_loss=4.198 ent=1.749 msg_acc=0.516 kl=0.0175
[upd  181 | steps   92672 | t  134.4s | sps   690] ret_mean=93.000 ep_len=500.0 pi_loss=-0.012 v_loss=1.019 ent=1.516 msg_acc=0.848 kl=0.0109
[upd  182 | steps   93184 | t  135.0s | sps   690] ret_mean=0.000 ep_len=500.0 pi_loss=-0.009 v_loss=0.058 ent=1.744 msg_acc=0.602 kl=0.0154
[upd  183 | steps   93696 | t  135.6s | sps   691] ret_mean=14.500 ep_len=500.0 pi_loss=-0.004 v_loss=4.274 ent=1.615 msg_acc=0.517 kl=0.0135
[upd  184 | steps   94208 | t  136.2s | sps   692] ret_mean=115.500 ep_len=500.0 pi_loss=-0.008 v_loss=3.686 ent=1.793 msg_acc=0.563 kl=0.0163
[upd  185 | steps   94720 | t  136.8s | sps   692] ret_mean=87.000 ep_len=500.0 pi_loss=-0.009 v_loss=3.226 ent=2.026 msg_acc=0.543 kl=0.0094
[upd  186 | steps   95232 | t  137.7s | sps   692] ret_mean=74.500 ep_len=500.0 pi_loss=-0.012 v_loss=1.398 ent=1.916 msg_acc=0.528 kl=0.0103
[upd  187 | steps   95744 | t  138.4s | sps   692] ret_mean=33.500 ep_len=500.0 pi_loss=-0.007 v_loss=2.503 ent=1.870 msg_acc=0.528 kl=0.0114
[upd  188 | steps   96256 | t  139.0s | sps   692] ret_mean=75.500 ep_len=500.0 pi_loss=-0.011 v_loss=2.152 ent=1.713 msg_acc=0.581 kl=0.0086
[upd  189 | steps   96768 | t  139.7s | sps   693] ret_mean=63.000 ep_len=500.0 pi_loss=-0.005 v_loss=4.768 ent=1.793 msg_acc=0.484 kl=0.0170
[upd  190 | steps   97280 | t  140.4s | sps   693] ret_mean=119.000 ep_len=500.0 pi_loss=-0.016 v_loss=0.264 ent=1.953 msg_acc=0.685 kl=0.0098
[upd  191 | steps   97792 | t  141.4s | sps   692] ret_mean=0.000 ep_len=500.0 pi_loss=-0.013 v_loss=0.143 ent=2.228 msg_acc=0.540 kl=0.0211
[upd  192 | steps   98304 | t  142.2s | sps   692] ret_mean=17.250 ep_len=500.0 pi_loss=-0.010 v_loss=1.289 ent=1.869 msg_acc=0.410 kl=0.0105
[upd  193 | steps   98816 | t  143.1s | sps   691] ret_mean=104.000 ep_len=500.0 pi_loss=-0.008 v_loss=4.134 ent=1.719 msg_acc=0.562 kl=0.0092
[upd  194 | steps   99328 | t  143.7s | sps   691] ret_mean=62.500 ep_len=500.0 pi_loss=-0.008 v_loss=2.674 ent=1.701 msg_acc=0.616 kl=0.0120
[upd  195 | steps   99840 | t  144.4s | sps   691] ret_mean=120.500 ep_len=500.0 pi_loss=-0.009 v_loss=4.430 ent=1.813 msg_acc=0.633 kl=0.0144
[upd  196 | steps  100352 | t  145.1s | sps   692] ret_mean=30.000 ep_len=500.0 pi_loss=-0.013 v_loss=1.094 ent=1.869 msg_acc=0.638 kl=0.0100
[upd  197 | steps  100864 | t  145.7s | sps   692] ret_mean=4.500 ep_len=500.0 pi_loss=0.020 v_loss=0.669 ent=1.796 msg_acc=0.283 kl=0.0738
[upd  198 | steps  101376 | t  146.3s | sps   693] ret_mean=27.500 ep_len=500.0 pi_loss=-0.007 v_loss=0.804 ent=2.248 msg_acc=0.527 kl=0.0133
[upd  199 | steps  101888 | t  147.0s | sps   693] ret_mean=88.500 ep_len=500.0 pi_loss=-0.012 v_loss=3.683 ent=1.966 msg_acc=0.496 kl=0.0196
[upd  200 | steps  102400 | t  148.1s | sps   692] ret_mean=179.000 ep_len=500.0 pi_loss=-0.008 v_loss=11.932 ent=1.593 msg_acc=0.515 kl=0.0167
        [eval] ret_mean=0.000 ep_len=500.0
