$ /Users/praneelkhiantani/Downloads/cs2860/.venv/bin/python3 -m policies.train --env rware-tiny-2ag-easy-v2 --seed 3 --updates 200 --rollout 512 --eval-every 50 --eval-episodes 10 --log-dir matrix_results/intent_grounded_v1_pilot/rware-tiny-2ag-easy-v2 --run-name mappo-no-comm__baseline__d0__s3 --n-msg-tokens 8 --no-comm --shape-rewards --pickup-bonus 0.5

[env] EnvSpec(env_id='rware-tiny-2ag-easy-v2', n_agents=2, obs_dim=71, n_env_actions=5, noop_action=0, family='rware')  (n_msg_tokens=1)
[cfg] {'clip_range': 0.2, 'value_clip_range': 0.2, 'entropy_coef': 0.01, 'value_coef': 0.5, 'max_grad_norm': 0.5, 'gamma': 0.99, 'gae_lambda': 0.95, 'lr_actor': 0.0003, 'lr_critic': 0.001, 'update_epochs': 4, 'minibatches': 4, 'hidden': 128, 'depth': 2, 'device': 'cpu', 'message_grounding_coef': 0.0, 'extra': {}}
[log] writing to matrix_results/intent_grounded_v1_pilot/rware-tiny-2ag-easy-v2/mappo-no-comm__baseline__d0__s3
[upd    1 | steps     512 | t    1.0s | sps   514] ret_mean=2.000 ep_len=500.0 pi_loss=-0.004 v_loss=0.074 ent=1.608 msg_acc=0.000 kl=0.0085
[upd    2 | steps    1024 | t    1.8s | sps   573] ret_mean=0.000 ep_len=500.0 pi_loss=-0.009 v_loss=0.008 ent=1.604 msg_acc=0.000 kl=0.0024
[upd    3 | steps    1536 | t    2.7s | sps   570] ret_mean=0.000 ep_len=500.0 pi_loss=-0.003 v_loss=0.004 ent=1.598 msg_acc=0.000 kl=-0.0026
[upd    4 | steps    2048 | t    3.5s | sps   591] ret_mean=0.000 ep_len=500.0 pi_loss=-0.004 v_loss=0.004 ent=1.579 msg_acc=0.000 kl=0.0071
[upd    5 | steps    2560 | t    4.4s | sps   580] ret_mean=0.000 ep_len=500.0 pi_loss=-0.003 v_loss=0.002 ent=1.571 msg_acc=0.000 kl=0.0017
[upd    6 | steps    3072 | t    5.2s | sps   596] ret_mean=1.000 ep_len=500.0 pi_loss=-0.003 v_loss=0.014 ent=1.584 msg_acc=0.000 kl=-0.0004
[upd    7 | steps    3584 | t    5.9s | sps   609] ret_mean=3.500 ep_len=500.0 pi_loss=-0.007 v_loss=0.014 ent=1.599 msg_acc=0.000 kl=0.0050
[upd    8 | steps    4096 | t    6.6s | sps   620] ret_mean=2.500 ep_len=500.0 pi_loss=-0.002 v_loss=0.016 ent=1.571 msg_acc=0.000 kl=0.0005
[upd    9 | steps    4608 | t    7.4s | sps   623] ret_mean=0.000 ep_len=500.0 pi_loss=-0.007 v_loss=0.002 ent=1.577 msg_acc=0.000 kl=0.0039
[upd   10 | steps    5120 | t    8.2s | sps   627] ret_mean=0.000 ep_len=500.0 pi_loss=-0.010 v_loss=0.004 ent=1.587 msg_acc=0.000 kl=0.0056
[upd   11 | steps    5632 | t    8.9s | sps   633] ret_mean=2.500 ep_len=500.0 pi_loss=-0.008 v_loss=0.018 ent=1.575 msg_acc=0.000 kl=0.0062
[upd   12 | steps    6144 | t    9.6s | sps   639] ret_mean=0.000 ep_len=500.0 pi_loss=-0.003 v_loss=0.008 ent=1.588 msg_acc=0.000 kl=0.0019
[upd   13 | steps    6656 | t   10.4s | sps   643] ret_mean=0.000 ep_len=500.0 pi_loss=-0.012 v_loss=0.003 ent=1.565 msg_acc=0.000 kl=0.0075
[upd   14 | steps    7168 | t   11.1s | sps   648] ret_mean=0.000 ep_len=500.0 pi_loss=-0.004 v_loss=0.031 ent=1.552 msg_acc=0.000 kl=-0.0012
[upd   15 | steps    7680 | t   11.9s | sps   645] ret_mean=3.000 ep_len=500.0 pi_loss=-0.009 v_loss=0.006 ent=1.528 msg_acc=0.000 kl=0.0104
[upd   16 | steps    8192 | t   12.7s | sps   646] ret_mean=0.000 ep_len=500.0 pi_loss=-0.002 v_loss=0.007 ent=1.555 msg_acc=0.000 kl=0.0026
[upd   17 | steps    8704 | t   13.4s | sps   648] ret_mean=2.000 ep_len=500.0 pi_loss=-0.006 v_loss=0.007 ent=1.555 msg_acc=0.000 kl=0.0019
[upd   18 | steps    9216 | t   14.2s | sps   649] ret_mean=0.000 ep_len=500.0 pi_loss=-0.006 v_loss=0.035 ent=1.548 msg_acc=0.000 kl=0.0006
[upd   19 | steps    9728 | t   14.9s | sps   652] ret_mean=5.000 ep_len=500.0 pi_loss=-0.005 v_loss=0.017 ent=1.547 msg_acc=0.000 kl=0.0012
[upd   20 | steps   10240 | t   15.7s | sps   653] ret_mean=1.500 ep_len=500.0 pi_loss=-0.006 v_loss=0.007 ent=1.531 msg_acc=0.000 kl=0.0006
[upd   21 | steps   10752 | t   16.4s | sps   655] ret_mean=1.500 ep_len=500.0 pi_loss=-0.009 v_loss=0.006 ent=1.523 msg_acc=0.000 kl=0.0122
[upd   22 | steps   11264 | t   17.2s | sps   657] ret_mean=0.000 ep_len=500.0 pi_loss=-0.001 v_loss=0.003 ent=1.517 msg_acc=0.000 kl=0.0023
[upd   23 | steps   11776 | t   17.9s | sps   658] ret_mean=1.500 ep_len=500.0 pi_loss=-0.006 v_loss=0.007 ent=1.525 msg_acc=0.000 kl=0.0048
[upd   24 | steps   12288 | t   18.7s | sps   656] ret_mean=0.000 ep_len=500.0 pi_loss=-0.007 v_loss=0.002 ent=1.518 msg_acc=0.000 kl=0.0059
[upd   25 | steps   12800 | t   19.5s | sps   657] ret_mean=2.500 ep_len=500.0 pi_loss=-0.009 v_loss=0.043 ent=1.512 msg_acc=0.000 kl=-0.0027
[upd   26 | steps   13312 | t   20.3s | sps   655] ret_mean=3.000 ep_len=500.0 pi_loss=-0.007 v_loss=0.010 ent=1.524 msg_acc=0.000 kl=0.0054
[upd   27 | steps   13824 | t   21.1s | sps   656] ret_mean=1.500 ep_len=500.0 pi_loss=-0.013 v_loss=0.082 ent=1.471 msg_acc=0.000 kl=0.0110
[upd   28 | steps   14336 | t   21.8s | sps   658] ret_mean=5.000 ep_len=500.0 pi_loss=-0.006 v_loss=0.029 ent=1.462 msg_acc=0.000 kl=0.0089
[upd   29 | steps   14848 | t   22.5s | sps   659] ret_mean=3.000 ep_len=500.0 pi_loss=-0.014 v_loss=0.005 ent=1.350 msg_acc=0.000 kl=0.0069
[upd   30 | steps   15360 | t   23.3s | sps   660] ret_mean=1.000 ep_len=500.0 pi_loss=-0.014 v_loss=0.208 ent=1.435 msg_acc=0.000 kl=0.0024
[upd   31 | steps   15872 | t   24.3s | sps   654] ret_mean=11.500 ep_len=500.0 pi_loss=-0.004 v_loss=0.018 ent=1.427 msg_acc=0.000 kl=0.0090
[upd   32 | steps   16384 | t   25.3s | sps   649] ret_mean=2.500 ep_len=500.0 pi_loss=-0.006 v_loss=0.009 ent=1.325 msg_acc=0.000 kl=0.0010
[upd   33 | steps   16896 | t   26.0s | sps   650] ret_mean=0.500 ep_len=500.0 pi_loss=-0.007 v_loss=0.010 ent=1.319 msg_acc=0.000 kl=0.0045
[upd   34 | steps   17408 | t   26.8s | sps   650] ret_mean=0.000 ep_len=500.0 pi_loss=-0.003 v_loss=0.027 ent=1.306 msg_acc=0.000 kl=0.0115
[upd   35 | steps   17920 | t   27.5s | sps   651] ret_mean=2.500 ep_len=500.0 pi_loss=-0.001 v_loss=0.006 ent=1.359 msg_acc=0.000 kl=0.0036
[upd   36 | steps   18432 | t   28.3s | sps   652] ret_mean=0.000 ep_len=500.0 pi_loss=-0.008 v_loss=0.004 ent=1.345 msg_acc=0.000 kl=0.0054
[upd   37 | steps   18944 | t   29.0s | sps   652] ret_mean=0.500 ep_len=500.0 pi_loss=-0.008 v_loss=0.002 ent=1.360 msg_acc=0.000 kl=-0.0020
[upd   38 | steps   19456 | t   29.8s | sps   653] ret_mean=0.000 ep_len=500.0 pi_loss=-0.004 v_loss=0.001 ent=1.400 msg_acc=0.000 kl=0.0065
[upd   39 | steps   19968 | t   30.5s | sps   654] ret_mean=0.000 ep_len=500.0 pi_loss=-0.006 v_loss=0.002 ent=1.327 msg_acc=0.000 kl=0.0037
[upd   40 | steps   20480 | t   31.3s | sps   655] ret_mean=0.000 ep_len=500.0 pi_loss=-0.006 v_loss=0.003 ent=1.407 msg_acc=0.000 kl=0.0035
[upd   41 | steps   20992 | t   32.0s | sps   655] ret_mean=1.000 ep_len=500.0 pi_loss=-0.006 v_loss=0.050 ent=1.323 msg_acc=0.000 kl=0.0008
[upd   42 | steps   21504 | t   32.8s | sps   656] ret_mean=4.250 ep_len=500.0 pi_loss=-0.003 v_loss=0.056 ent=1.409 msg_acc=0.000 kl=0.0092
[upd   43 | steps   22016 | t   33.6s | sps   655] ret_mean=0.000 ep_len=500.0 pi_loss=-0.006 v_loss=0.001 ent=1.375 msg_acc=0.000 kl=0.0089
[upd   44 | steps   22528 | t   34.4s | sps   655] ret_mean=3.000 ep_len=500.0 pi_loss=-0.005 v_loss=0.027 ent=1.418 msg_acc=0.000 kl=0.0077
[upd   45 | steps   23040 | t   35.1s | sps   656] ret_mean=0.000 ep_len=500.0 pi_loss=-0.007 v_loss=0.001 ent=1.437 msg_acc=0.000 kl=0.0066
[upd   46 | steps   23552 | t   35.9s | sps   656] ret_mean=1.000 ep_len=500.0 pi_loss=-0.008 v_loss=0.004 ent=1.416 msg_acc=0.000 kl=0.0034
[upd   47 | steps   24064 | t   36.6s | sps   657] ret_mean=0.000 ep_len=500.0 pi_loss=-0.007 v_loss=0.006 ent=1.434 msg_acc=0.000 kl=0.0115
[upd   48 | steps   24576 | t   37.4s | sps   658] ret_mean=5.000 ep_len=500.0 pi_loss=-0.005 v_loss=0.034 ent=1.453 msg_acc=0.000 kl=0.0007
[upd   49 | steps   25088 | t   38.1s | sps   658] ret_mean=21.000 ep_len=500.0 pi_loss=-0.010 v_loss=0.503 ent=1.333 msg_acc=0.000 kl=0.0095
[upd   50 | steps   25600 | t   38.8s | sps   659] ret_mean=1.000 ep_len=500.0 pi_loss=-0.008 v_loss=0.010 ent=1.396 msg_acc=0.000 kl=0.0025
        [eval] ret_mean=25.000 ep_len=500.0
[upd   51 | steps   26112 | t   45.0s | sps   580] ret_mean=3.000 ep_len=500.0 pi_loss=-0.005 v_loss=0.018 ent=1.337 msg_acc=0.000 kl=0.0065
[upd   52 | steps   26624 | t   45.8s | sps   582] ret_mean=0.000 ep_len=500.0 pi_loss=-0.008 v_loss=0.003 ent=1.347 msg_acc=0.000 kl=0.0011
[upd   53 | steps   27136 | t   46.5s | sps   584] ret_mean=8.500 ep_len=500.0 pi_loss=-0.010 v_loss=0.134 ent=1.310 msg_acc=0.000 kl=0.0153
[upd   54 | steps   27648 | t   47.2s | sps   586] ret_mean=1.000 ep_len=500.0 pi_loss=-0.008 v_loss=0.010 ent=1.373 msg_acc=0.000 kl=0.0012
[upd   55 | steps   28160 | t   48.1s | sps   586] ret_mean=0.000 ep_len=500.0 pi_loss=-0.012 v_loss=0.003 ent=1.365 msg_acc=0.000 kl=0.0016
[upd   56 | steps   28672 | t   48.9s | sps   586] ret_mean=3.000 ep_len=500.0 pi_loss=-0.006 v_loss=0.040 ent=1.330 msg_acc=0.000 kl=0.0007
[upd   57 | steps   29184 | t   49.6s | sps   588] ret_mean=0.000 ep_len=500.0 pi_loss=-0.009 v_loss=0.002 ent=1.345 msg_acc=0.000 kl=0.0100
[upd   58 | steps   29696 | t   50.4s | sps   589] ret_mean=0.000 ep_len=500.0 pi_loss=-0.003 v_loss=0.001 ent=1.385 msg_acc=0.000 kl=0.0070
[upd   59 | steps   30208 | t   51.1s | sps   591] ret_mean=0.000 ep_len=500.0 pi_loss=-0.010 v_loss=0.002 ent=1.326 msg_acc=0.000 kl=0.0077
[upd   60 | steps   30720 | t   51.9s | sps   592] ret_mean=1.000 ep_len=500.0 pi_loss=-0.006 v_loss=0.004 ent=1.335 msg_acc=0.000 kl=0.0035
[upd   61 | steps   31232 | t   52.6s | sps   593] ret_mean=0.000 ep_len=500.0 pi_loss=-0.004 v_loss=0.002 ent=1.288 msg_acc=0.000 kl=0.0057
[upd   62 | steps   31744 | t   53.4s | sps   595] ret_mean=0.000 ep_len=500.0 pi_loss=-0.004 v_loss=0.006 ent=1.355 msg_acc=0.000 kl=0.0040
[upd   63 | steps   32256 | t   54.1s | sps   596] ret_mean=1.000 ep_len=500.0 pi_loss=-0.005 v_loss=0.001 ent=1.338 msg_acc=0.000 kl=0.0003
[upd   64 | steps   32768 | t   55.0s | sps   596] ret_mean=10.000 ep_len=500.0 pi_loss=-0.006 v_loss=0.206 ent=1.374 msg_acc=0.000 kl=-0.0016
[upd   65 | steps   33280 | t   56.0s | sps   594] ret_mean=2.000 ep_len=500.0 pi_loss=-0.010 v_loss=0.008 ent=1.371 msg_acc=0.000 kl=0.0040
[upd   66 | steps   33792 | t   56.8s | sps   595] ret_mean=1.000 ep_len=500.0 pi_loss=-0.013 v_loss=0.003 ent=1.431 msg_acc=0.000 kl=0.0012
[upd   67 | steps   34304 | t   57.5s | sps   596] ret_mean=0.000 ep_len=500.0 pi_loss=-0.006 v_loss=0.104 ent=1.383 msg_acc=0.000 kl=-0.0011
[upd   68 | steps   34816 | t   58.3s | sps   597] ret_mean=5.000 ep_len=500.0 pi_loss=-0.009 v_loss=0.002 ent=1.416 msg_acc=0.000 kl=0.0004
[upd   69 | steps   35328 | t   59.0s | sps   599] ret_mean=0.500 ep_len=500.0 pi_loss=-0.010 v_loss=0.099 ent=1.420 msg_acc=0.000 kl=0.0060
[upd   70 | steps   35840 | t   59.8s | sps   600] ret_mean=12.000 ep_len=500.0 pi_loss=-0.010 v_loss=0.120 ent=1.499 msg_acc=0.000 kl=0.0063
[upd   71 | steps   36352 | t   60.5s | sps   601] ret_mean=0.000 ep_len=500.0 pi_loss=-0.006 v_loss=0.711 ent=1.338 msg_acc=0.000 kl=0.0003
[upd   72 | steps   36864 | t   61.2s | sps   602] ret_mean=34.500 ep_len=500.0 pi_loss=-0.006 v_loss=0.424 ent=1.277 msg_acc=0.000 kl=0.0049
[upd   73 | steps   37376 | t   61.9s | sps   603] ret_mean=33.000 ep_len=500.0 pi_loss=-0.010 v_loss=0.752 ent=1.346 msg_acc=0.000 kl=0.0070
[upd   74 | steps   37888 | t   62.7s | sps   605] ret_mean=7.500 ep_len=500.0 pi_loss=-0.005 v_loss=1.044 ent=1.177 msg_acc=0.000 kl=0.0008
[upd   75 | steps   38400 | t   63.4s | sps   606] ret_mean=23.500 ep_len=500.0 pi_loss=-0.009 v_loss=0.014 ent=1.232 msg_acc=0.000 kl=0.0023
[upd   76 | steps   38912 | t   64.1s | sps   607] ret_mean=0.000 ep_len=500.0 pi_loss=-0.010 v_loss=0.010 ent=1.184 msg_acc=0.000 kl=0.0025
[upd   77 | steps   39424 | t   64.8s | sps   608] ret_mean=30.000 ep_len=500.0 pi_loss=-0.008 v_loss=2.352 ent=1.097 msg_acc=0.000 kl=0.0207
[upd   78 | steps   39936 | t   65.6s | sps   609] ret_mean=25.500 ep_len=500.0 pi_loss=-0.011 v_loss=2.687 ent=1.114 msg_acc=0.000 kl=0.0036
[upd   79 | steps   40448 | t   66.3s | sps   610] ret_mean=77.500 ep_len=500.0 pi_loss=-0.006 v_loss=1.961 ent=0.944 msg_acc=0.000 kl=0.0110
[upd   80 | steps   40960 | t   67.0s | sps   611] ret_mean=44.000 ep_len=500.0 pi_loss=-0.010 v_loss=0.443 ent=1.097 msg_acc=0.000 kl=-0.0013
[upd   81 | steps   41472 | t   67.8s | sps   612] ret_mean=0.000 ep_len=500.0 pi_loss=-0.010 v_loss=0.050 ent=0.851 msg_acc=0.000 kl=0.0061
[upd   82 | steps   41984 | t   68.5s | sps   613] ret_mean=0.000 ep_len=500.0 pi_loss=-0.008 v_loss=2.219 ent=0.817 msg_acc=0.000 kl=0.0086
[upd   83 | steps   42496 | t   69.2s | sps   614] ret_mean=47.500 ep_len=500.0 pi_loss=-0.008 v_loss=2.012 ent=1.088 msg_acc=0.000 kl=0.0111
[upd   84 | steps   43008 | t   69.9s | sps   615] ret_mean=46.000 ep_len=500.0 pi_loss=-0.007 v_loss=0.021 ent=1.191 msg_acc=0.000 kl=0.0118
[upd   85 | steps   43520 | t   70.6s | sps   616] ret_mean=0.000 ep_len=500.0 pi_loss=-0.003 v_loss=0.737 ent=1.016 msg_acc=0.000 kl=-0.0007
[upd   86 | steps   44032 | t   71.3s | sps   617] ret_mean=17.000 ep_len=500.0 pi_loss=-0.006 v_loss=0.018 ent=0.826 msg_acc=0.000 kl=0.0067
[upd   87 | steps   44544 | t   72.0s | sps   618] ret_mean=0.000 ep_len=500.0 pi_loss=-0.006 v_loss=13.959 ent=0.598 msg_acc=0.000 kl=0.0099
[upd   88 | steps   45056 | t   72.9s | sps   618] ret_mean=177.000 ep_len=500.0 pi_loss=-0.008 v_loss=3.538 ent=0.907 msg_acc=0.000 kl=0.0134
[upd   89 | steps   45568 | t   73.6s | sps   619] ret_mean=44.000 ep_len=500.0 pi_loss=-0.005 v_loss=4.097 ent=0.394 msg_acc=0.000 kl=0.0010
[upd   90 | steps   46080 | t   74.3s | sps   620] ret_mean=85.500 ep_len=500.0 pi_loss=-0.002 v_loss=6.148 ent=0.560 msg_acc=0.000 kl=0.0058
[upd   91 | steps   46592 | t   75.0s | sps   621] ret_mean=123.500 ep_len=500.0 pi_loss=-0.009 v_loss=3.462 ent=0.810 msg_acc=0.000 kl=0.0088
[upd   92 | steps   47104 | t   75.7s | sps   622] ret_mean=56.000 ep_len=500.0 pi_loss=-0.007 v_loss=1.771 ent=0.756 msg_acc=0.000 kl=0.0173
[upd   93 | steps   47616 | t   76.5s | sps   623] ret_mean=0.000 ep_len=500.0 pi_loss=-0.005 v_loss=0.042 ent=1.118 msg_acc=0.000 kl=0.0045
[upd   94 | steps   48128 | t   77.2s | sps   623] ret_mean=29.000 ep_len=500.0 pi_loss=-0.010 v_loss=1.060 ent=0.679 msg_acc=0.000 kl=0.0043
[upd   95 | steps   48640 | t   77.9s | sps   624] ret_mean=0.000 ep_len=500.0 pi_loss=-0.010 v_loss=0.290 ent=0.867 msg_acc=0.000 kl=0.0040
[upd   96 | steps   49152 | t   78.8s | sps   624] ret_mean=123.500 ep_len=500.0 pi_loss=-0.007 v_loss=5.850 ent=0.705 msg_acc=0.000 kl=0.0100
[upd   97 | steps   49664 | t   79.5s | sps   625] ret_mean=0.000 ep_len=500.0 pi_loss=-0.007 v_loss=0.135 ent=0.828 msg_acc=0.000 kl=0.0053
[upd   98 | steps   50176 | t   80.3s | sps   625] ret_mean=6.500 ep_len=500.0 pi_loss=-0.009 v_loss=0.053 ent=1.038 msg_acc=0.000 kl=0.0090
[upd   99 | steps   50688 | t   81.0s | sps   626] ret_mean=0.000 ep_len=500.0 pi_loss=-0.000 v_loss=0.656 ent=0.764 msg_acc=0.000 kl=0.0057
[upd  100 | steps   51200 | t   81.7s | sps   627] ret_mean=24.500 ep_len=500.0 pi_loss=-0.009 v_loss=0.195 ent=0.851 msg_acc=0.000 kl=0.0223
        [eval] ret_mean=24.950 ep_len=500.0
[upd  101 | steps   51712 | t   88.5s | sps   584] ret_mean=108.000 ep_len=500.0 pi_loss=-0.007 v_loss=5.759 ent=0.633 msg_acc=0.000 kl=-0.0025
[upd  102 | steps   52224 | t   89.2s | sps   585] ret_mean=0.000 ep_len=500.0 pi_loss=-0.002 v_loss=0.023 ent=0.353 msg_acc=0.000 kl=0.0067
[upd  103 | steps   52736 | t   90.0s | sps   586] ret_mean=0.000 ep_len=500.0 pi_loss=-0.008 v_loss=0.031 ent=0.966 msg_acc=0.000 kl=0.0105
[upd  104 | steps   53248 | t   90.7s | sps   587] ret_mean=0.000 ep_len=500.0 pi_loss=-0.007 v_loss=0.076 ent=1.049 msg_acc=0.000 kl=0.0067
[upd  105 | steps   53760 | t   91.4s | sps   588] ret_mean=78.000 ep_len=500.0 pi_loss=-0.011 v_loss=3.254 ent=0.716 msg_acc=0.000 kl=0.0116
[upd  106 | steps   54272 | t   92.2s | sps   589] ret_mean=12.000 ep_len=500.0 pi_loss=-0.010 v_loss=0.339 ent=1.058 msg_acc=0.000 kl=0.0086
[upd  107 | steps   54784 | t   93.0s | sps   589] ret_mean=12.000 ep_len=500.0 pi_loss=-0.007 v_loss=1.200 ent=0.561 msg_acc=0.000 kl=0.0093
[upd  108 | steps   55296 | t   93.8s | sps   590] ret_mean=121.000 ep_len=500.0 pi_loss=-0.004 v_loss=5.075 ent=0.658 msg_acc=0.000 kl=0.0006
[upd  109 | steps   55808 | t   94.5s | sps   590] ret_mean=0.000 ep_len=500.0 pi_loss=-0.001 v_loss=0.718 ent=0.667 msg_acc=0.000 kl=0.0048
[upd  110 | steps   56320 | t   95.2s | sps   592] ret_mean=34.500 ep_len=500.0 pi_loss=-0.004 v_loss=0.635 ent=0.579 msg_acc=0.000 kl=0.0117
[upd  111 | steps   56832 | t   96.0s | sps   592] ret_mean=0.000 ep_len=500.0 pi_loss=-0.007 v_loss=1.253 ent=0.908 msg_acc=0.000 kl=0.0107
[upd  112 | steps   57344 | t   97.0s | sps   591] ret_mean=96.500 ep_len=500.0 pi_loss=-0.005 v_loss=3.428 ent=0.674 msg_acc=0.000 kl=0.0021
[upd  113 | steps   57856 | t   98.2s | sps   589] ret_mean=88.500 ep_len=500.0 pi_loss=-0.010 v_loss=3.847 ent=0.687 msg_acc=0.000 kl=0.0049
[upd  114 | steps   58368 | t   99.3s | sps   588] ret_mean=80.000 ep_len=500.0 pi_loss=-0.014 v_loss=5.241 ent=0.684 msg_acc=0.000 kl=0.0055
[upd  115 | steps   58880 | t  100.0s | sps   589] ret_mean=34.500 ep_len=500.0 pi_loss=-0.005 v_loss=2.023 ent=0.721 msg_acc=0.000 kl=0.0116
[upd  116 | steps   59392 | t  100.7s | sps   590] ret_mean=95.000 ep_len=500.0 pi_loss=-0.009 v_loss=1.969 ent=0.634 msg_acc=0.000 kl=0.0138
[upd  117 | steps   59904 | t  101.3s | sps   591] ret_mean=7.500 ep_len=500.0 pi_loss=-0.005 v_loss=2.145 ent=0.782 msg_acc=0.000 kl=0.0083
[upd  118 | steps   60416 | t  102.0s | sps   592] ret_mean=111.000 ep_len=500.0 pi_loss=-0.007 v_loss=2.506 ent=0.787 msg_acc=0.000 kl=0.0050
[upd  119 | steps   60928 | t  102.9s | sps   592] ret_mean=6.000 ep_len=500.0 pi_loss=-0.002 v_loss=1.072 ent=0.756 msg_acc=0.000 kl=0.0028
[upd  120 | steps   61440 | t  103.6s | sps   593] ret_mean=87.500 ep_len=500.0 pi_loss=-0.007 v_loss=4.973 ent=0.564 msg_acc=0.000 kl=0.0108
[upd  121 | steps   61952 | t  104.3s | sps   594] ret_mean=121.500 ep_len=500.0 pi_loss=-0.005 v_loss=3.546 ent=0.544 msg_acc=0.000 kl=0.0051
[upd  122 | steps   62464 | t  105.1s | sps   594] ret_mean=89.500 ep_len=500.0 pi_loss=-0.001 v_loss=2.169 ent=0.572 msg_acc=0.000 kl=0.0093
[upd  123 | steps   62976 | t  106.0s | sps   594] ret_mean=0.000 ep_len=500.0 pi_loss=-0.005 v_loss=2.146 ent=0.653 msg_acc=0.000 kl=0.0072
[upd  124 | steps   63488 | t  106.8s | sps   595] ret_mean=56.500 ep_len=500.0 pi_loss=-0.006 v_loss=0.748 ent=0.716 msg_acc=0.000 kl=-0.0002
[upd  125 | steps   64000 | t  107.5s | sps   596] ret_mean=66.500 ep_len=500.0 pi_loss=-0.007 v_loss=1.754 ent=0.679 msg_acc=0.000 kl=0.0100
[upd  126 | steps   64512 | t  108.1s | sps   597] ret_mean=0.000 ep_len=500.0 pi_loss=-0.010 v_loss=0.170 ent=1.009 msg_acc=0.000 kl=0.0075
[upd  127 | steps   65024 | t  108.8s | sps   598] ret_mean=45.000 ep_len=500.0 pi_loss=-0.007 v_loss=1.908 ent=0.838 msg_acc=0.000 kl=0.0068
[upd  128 | steps   65536 | t  109.5s | sps   599] ret_mean=0.000 ep_len=500.0 pi_loss=-0.004 v_loss=0.164 ent=1.018 msg_acc=0.000 kl=-0.0011
[upd  129 | steps   66048 | t  110.1s | sps   600] ret_mean=26.000 ep_len=500.0 pi_loss=-0.005 v_loss=0.930 ent=0.876 msg_acc=0.000 kl=0.0037
[upd  130 | steps   66560 | t  110.7s | sps   601] ret_mean=0.000 ep_len=500.0 pi_loss=-0.003 v_loss=1.830 ent=0.769 msg_acc=0.000 kl=0.0038
[upd  131 | steps   67072 | t  111.5s | sps   602] ret_mean=43.500 ep_len=500.0 pi_loss=-0.005 v_loss=2.654 ent=0.746 msg_acc=0.000 kl=0.0043
[upd  132 | steps   67584 | t  112.4s | sps   601] ret_mean=76.000 ep_len=500.0 pi_loss=-0.001 v_loss=1.624 ent=0.741 msg_acc=0.000 kl=0.0061
[upd  133 | steps   68096 | t  113.2s | sps   601] ret_mean=54.000 ep_len=500.0 pi_loss=-0.008 v_loss=2.658 ent=0.747 msg_acc=0.000 kl=0.0052
[upd  134 | steps   68608 | t  113.9s | sps   602] ret_mean=71.000 ep_len=500.0 pi_loss=-0.003 v_loss=2.347 ent=0.743 msg_acc=0.000 kl=0.0027
[upd  135 | steps   69120 | t  114.6s | sps   603] ret_mean=53.000 ep_len=500.0 pi_loss=-0.006 v_loss=2.807 ent=0.860 msg_acc=0.000 kl=0.0010
[upd  136 | steps   69632 | t  115.6s | sps   602] ret_mean=69.500 ep_len=500.0 pi_loss=-0.004 v_loss=0.094 ent=0.902 msg_acc=0.000 kl=0.0087
[upd  137 | steps   70144 | t  116.3s | sps   603] ret_mean=0.000 ep_len=500.0 pi_loss=-0.004 v_loss=0.786 ent=1.123 msg_acc=0.000 kl=0.0090
[upd  138 | steps   70656 | t  116.9s | sps   604] ret_mean=18.000 ep_len=500.0 pi_loss=-0.006 v_loss=0.068 ent=0.904 msg_acc=0.000 kl=0.0031
[upd  139 | steps   71168 | t  117.7s | sps   605] ret_mean=0.000 ep_len=500.0 pi_loss=-0.005 v_loss=1.557 ent=1.031 msg_acc=0.000 kl=0.0053
[upd  140 | steps   71680 | t  118.3s | sps   606] ret_mean=38.500 ep_len=500.0 pi_loss=-0.006 v_loss=5.221 ent=0.522 msg_acc=0.000 kl=0.0024
[upd  141 | steps   72192 | t  119.0s | sps   607] ret_mean=123.500 ep_len=500.0 pi_loss=-0.008 v_loss=4.391 ent=0.712 msg_acc=0.000 kl=0.0107
[upd  142 | steps   72704 | t  119.6s | sps   608] ret_mean=101.750 ep_len=500.0 pi_loss=-0.006 v_loss=4.157 ent=0.727 msg_acc=0.000 kl=0.0025
[upd  143 | steps   73216 | t  120.3s | sps   609] ret_mean=67.500 ep_len=500.0 pi_loss=-0.005 v_loss=3.069 ent=0.764 msg_acc=0.000 kl=-0.0004
[upd  144 | steps   73728 | t  121.0s | sps   609] ret_mean=152.000 ep_len=500.0 pi_loss=-0.007 v_loss=10.217 ent=0.470 msg_acc=0.000 kl=0.0102
[upd  145 | steps   74240 | t  121.8s | sps   610] ret_mean=0.000 ep_len=500.0 pi_loss=-0.009 v_loss=0.035 ent=0.919 msg_acc=0.000 kl=0.0023
[upd  146 | steps   74752 | t  122.5s | sps   610] ret_mean=67.000 ep_len=500.0 pi_loss=-0.011 v_loss=2.812 ent=0.710 msg_acc=0.000 kl=0.0124
[upd  147 | steps   75264 | t  123.2s | sps   611] ret_mean=58.500 ep_len=500.0 pi_loss=-0.001 v_loss=2.454 ent=0.670 msg_acc=0.000 kl=0.0019
[upd  148 | steps   75776 | t  124.0s | sps   611] ret_mean=0.000 ep_len=500.0 pi_loss=-0.005 v_loss=0.363 ent=0.971 msg_acc=0.000 kl=-0.0011
[upd  149 | steps   76288 | t  124.8s | sps   611] ret_mean=113.000 ep_len=500.0 pi_loss=-0.014 v_loss=4.521 ent=0.644 msg_acc=0.000 kl=0.0204
[upd  150 | steps   76800 | t  125.6s | sps   612] ret_mean=40.000 ep_len=500.0 pi_loss=-0.006 v_loss=1.636 ent=0.923 msg_acc=0.000 kl=0.0139
        [eval] ret_mean=49.950 ep_len=500.0
[upd  151 | steps   77312 | t  132.7s | sps   583] ret_mean=114.000 ep_len=500.0 pi_loss=-0.003 v_loss=5.728 ent=0.611 msg_acc=0.000 kl=0.0033
[upd  152 | steps   77824 | t  133.5s | sps   583] ret_mean=17.000 ep_len=500.0 pi_loss=-0.009 v_loss=0.555 ent=0.879 msg_acc=0.000 kl=0.0076
[upd  153 | steps   78336 | t  134.3s | sps   583] ret_mean=82.000 ep_len=500.0 pi_loss=-0.004 v_loss=2.916 ent=0.728 msg_acc=0.000 kl=0.0106
[upd  154 | steps   78848 | t  135.1s | sps   584] ret_mean=76.000 ep_len=500.0 pi_loss=-0.002 v_loss=3.198 ent=0.769 msg_acc=0.000 kl=0.0087
[upd  155 | steps   79360 | t  135.8s | sps   584] ret_mean=3.000 ep_len=500.0 pi_loss=-0.008 v_loss=0.113 ent=0.951 msg_acc=0.000 kl=0.0135
[upd  156 | steps   79872 | t  136.8s | sps   584] ret_mean=0.000 ep_len=500.0 pi_loss=-0.005 v_loss=0.026 ent=0.968 msg_acc=0.000 kl=0.0058
[upd  157 | steps   80384 | t  137.6s | sps   584] ret_mean=64.500 ep_len=500.0 pi_loss=-0.008 v_loss=2.775 ent=0.569 msg_acc=0.000 kl=0.0152
[upd  158 | steps   80896 | t  138.4s | sps   585] ret_mean=104.500 ep_len=500.0 pi_loss=-0.011 v_loss=4.648 ent=0.755 msg_acc=0.000 kl=0.0086
[upd  159 | steps   81408 | t  139.2s | sps   585] ret_mean=0.000 ep_len=500.0 pi_loss=-0.003 v_loss=0.036 ent=0.656 msg_acc=0.000 kl=0.0026
[upd  160 | steps   81920 | t  139.9s | sps   585] ret_mean=0.000 ep_len=500.0 pi_loss=-0.002 v_loss=0.011 ent=0.941 msg_acc=0.000 kl=0.0011
[upd  161 | steps   82432 | t  140.7s | sps   586] ret_mean=0.000 ep_len=500.0 pi_loss=-0.002 v_loss=1.148 ent=0.838 msg_acc=0.000 kl=0.0085
[upd  162 | steps   82944 | t  141.4s | sps   587] ret_mean=207.000 ep_len=500.0 pi_loss=-0.003 v_loss=15.660 ent=0.374 msg_acc=0.000 kl=0.0051
[upd  163 | steps   83456 | t  142.2s | sps   587] ret_mean=0.000 ep_len=500.0 pi_loss=-0.007 v_loss=0.040 ent=1.083 msg_acc=0.000 kl=0.0088
[upd  164 | steps   83968 | t  142.9s | sps   587] ret_mean=0.000 ep_len=500.0 pi_loss=-0.007 v_loss=0.685 ent=1.029 msg_acc=0.000 kl=0.0050
[upd  165 | steps   84480 | t  143.7s | sps   588] ret_mean=90.500 ep_len=500.0 pi_loss=-0.002 v_loss=3.325 ent=0.743 msg_acc=0.000 kl=0.0049
[upd  166 | steps   84992 | t  144.5s | sps   588] ret_mean=74.500 ep_len=500.0 pi_loss=-0.002 v_loss=3.660 ent=0.758 msg_acc=0.000 kl=0.0036
[upd  167 | steps   85504 | t  145.3s | sps   589] ret_mean=79.500 ep_len=500.0 pi_loss=-0.011 v_loss=9.096 ent=0.593 msg_acc=0.000 kl=0.0095
[upd  168 | steps   86016 | t  146.0s | sps   589] ret_mean=210.500 ep_len=500.0 pi_loss=-0.008 v_loss=11.583 ent=0.524 msg_acc=0.000 kl=0.0147
[upd  169 | steps   86528 | t  146.9s | sps   589] ret_mean=0.000 ep_len=500.0 pi_loss=-0.003 v_loss=0.047 ent=0.988 msg_acc=0.000 kl=0.0052
[upd  170 | steps   87040 | t  147.7s | sps   589] ret_mean=0.000 ep_len=500.0 pi_loss=-0.012 v_loss=2.380 ent=0.913 msg_acc=0.000 kl=-0.0021
[upd  171 | steps   87552 | t  148.4s | sps   590] ret_mean=116.500 ep_len=500.0 pi_loss=-0.018 v_loss=4.698 ent=0.745 msg_acc=0.000 kl=0.0293
[upd  172 | steps   88064 | t  149.1s | sps   591] ret_mean=111.000 ep_len=500.0 pi_loss=-0.008 v_loss=4.310 ent=0.745 msg_acc=0.000 kl=0.0040
[upd  173 | steps   88576 | t  149.8s | sps   591] ret_mean=97.000 ep_len=500.0 pi_loss=-0.009 v_loss=2.089 ent=0.784 msg_acc=0.000 kl=0.0063
[upd  174 | steps   89088 | t  150.5s | sps   592] ret_mean=6.500 ep_len=500.0 pi_loss=-0.004 v_loss=2.709 ent=0.506 msg_acc=0.000 kl=0.0030
[upd  175 | steps   89600 | t  151.2s | sps   593] ret_mean=112.000 ep_len=500.0 pi_loss=-0.006 v_loss=2.892 ent=0.670 msg_acc=0.000 kl=0.0036
[upd  176 | steps   90112 | t  151.9s | sps   593] ret_mean=98.000 ep_len=500.0 pi_loss=-0.004 v_loss=5.288 ent=0.561 msg_acc=0.000 kl=0.0036
[upd  177 | steps   90624 | t  152.7s | sps   594] ret_mean=44.000 ep_len=500.0 pi_loss=-0.004 v_loss=5.000 ent=0.693 msg_acc=0.000 kl=0.0029
[upd  178 | steps   91136 | t  153.4s | sps   594] ret_mean=121.500 ep_len=500.0 pi_loss=-0.004 v_loss=3.809 ent=0.871 msg_acc=0.000 kl=0.0139
[upd  179 | steps   91648 | t  154.2s | sps   594] ret_mean=99.000 ep_len=500.0 pi_loss=-0.005 v_loss=2.676 ent=0.900 msg_acc=0.000 kl=0.0026
[upd  180 | steps   92160 | t  154.9s | sps   595] ret_mean=77.000 ep_len=500.0 pi_loss=-0.007 v_loss=1.298 ent=0.985 msg_acc=0.000 kl=0.0137
[upd  181 | steps   92672 | t  155.6s | sps   595] ret_mean=0.000 ep_len=500.0 pi_loss=-0.008 v_loss=10.940 ent=0.535 msg_acc=0.000 kl=0.0082
[upd  182 | steps   93184 | t  156.4s | sps   596] ret_mean=211.000 ep_len=500.0 pi_loss=-0.004 v_loss=3.817 ent=0.922 msg_acc=0.000 kl=0.0077
[upd  183 | steps   93696 | t  157.1s | sps   596] ret_mean=0.000 ep_len=500.0 pi_loss=-0.012 v_loss=0.204 ent=1.020 msg_acc=0.000 kl=0.0013
[upd  184 | steps   94208 | t  157.9s | sps   597] ret_mean=0.000 ep_len=500.0 pi_loss=-0.004 v_loss=6.102 ent=0.722 msg_acc=0.000 kl=0.0025
[upd  185 | steps   94720 | t  158.6s | sps   597] ret_mean=130.500 ep_len=500.0 pi_loss=-0.003 v_loss=6.236 ent=0.406 msg_acc=0.000 kl=0.0028
[upd  186 | steps   95232 | t  159.4s | sps   597] ret_mean=114.500 ep_len=500.0 pi_loss=-0.005 v_loss=1.020 ent=1.035 msg_acc=0.000 kl=0.0098
[upd  187 | steps   95744 | t  160.2s | sps   598] ret_mean=26.500 ep_len=500.0 pi_loss=-0.010 v_loss=4.183 ent=0.671 msg_acc=0.000 kl=0.0053
[upd  188 | steps   96256 | t  160.9s | sps   598] ret_mean=121.000 ep_len=500.0 pi_loss=-0.004 v_loss=4.422 ent=0.593 msg_acc=0.000 kl=0.0092
[upd  189 | steps   96768 | t  161.8s | sps   598] ret_mean=114.000 ep_len=500.0 pi_loss=-0.008 v_loss=1.944 ent=0.823 msg_acc=0.000 kl=0.0126
[upd  190 | steps   97280 | t  162.8s | sps   598] ret_mean=53.000 ep_len=500.0 pi_loss=-0.013 v_loss=2.465 ent=0.746 msg_acc=0.000 kl=0.0146
[upd  191 | steps   97792 | t  163.5s | sps   598] ret_mean=69.000 ep_len=500.0 pi_loss=-0.008 v_loss=4.073 ent=0.781 msg_acc=0.000 kl=0.0024
[upd  192 | steps   98304 | t  164.2s | sps   599] ret_mean=59.500 ep_len=500.0 pi_loss=-0.005 v_loss=0.390 ent=1.076 msg_acc=0.000 kl=0.0006
[upd  193 | steps   98816 | t  165.0s | sps   599] ret_mean=44.500 ep_len=500.0 pi_loss=-0.012 v_loss=1.807 ent=1.005 msg_acc=0.000 kl=0.0168
[upd  194 | steps   99328 | t  165.7s | sps   600] ret_mean=184.000 ep_len=500.0 pi_loss=-0.005 v_loss=14.091 ent=0.401 msg_acc=0.000 kl=0.0082
[upd  195 | steps   99840 | t  166.5s | sps   600] ret_mean=65.000 ep_len=500.0 pi_loss=-0.008 v_loss=3.341 ent=0.907 msg_acc=0.000 kl=0.0119
[upd  196 | steps  100352 | t  167.3s | sps   600] ret_mean=123.500 ep_len=500.0 pi_loss=-0.009 v_loss=4.455 ent=0.689 msg_acc=0.000 kl=0.0034
[upd  197 | steps  100864 | t  168.0s | sps   600] ret_mean=106.500 ep_len=500.0 pi_loss=-0.012 v_loss=2.882 ent=0.859 msg_acc=0.000 kl=0.0131
[upd  198 | steps  101376 | t  168.8s | sps   601] ret_mean=112.500 ep_len=500.0 pi_loss=-0.006 v_loss=4.458 ent=0.731 msg_acc=0.000 kl=0.0050
[upd  199 | steps  101888 | t  169.8s | sps   600] ret_mean=123.500 ep_len=500.0 pi_loss=-0.008 v_loss=3.420 ent=0.704 msg_acc=0.000 kl=0.0075
[upd  200 | steps  102400 | t  170.6s | sps   600] ret_mean=163.500 ep_len=500.0 pi_loss=-0.004 v_loss=9.061 ent=0.465 msg_acc=0.000 kl=0.0030
        [eval] ret_mean=0.000 ep_len=500.0
