$ /Users/samchen/Coding/CLASSES/CS2860/.venv/bin/python3 -m policies.train --env rware-tiny-2ag-easy-v2 --seed 0 --updates 400 --rollout 512 --eval-every 25 --eval-episodes 30 --log-dir matrix_results/diagnostics_v1_sam/comm_2ag/main_tiny --run-name mappo-heartbeat-only__delay-dropout__d30__s0 --n-msg-tokens 8 --no-comm --heartbeat --heartbeat-period 1 --heartbeat-max-age-clip 128 --heartbeat-delay 30 --dropout --dropout-window-start 200 --dropout-window-end 350 --shape-rewards --pickup-bonus 0.5

[env] EnvSpec(env_id='rware-tiny-2ag-easy-v2', n_agents=2, obs_dim=73, n_env_actions=5, noop_action=0, family='rware')  (n_msg_tokens=1)
[cfg] {'clip_range': 0.2, 'value_clip_range': 0.2, 'entropy_coef': 0.01, 'value_coef': 0.5, 'max_grad_norm': 0.5, 'gamma': 0.99, 'gae_lambda': 0.95, 'lr_actor': 0.0003, 'lr_critic': 0.001, 'update_epochs': 4, 'minibatches': 4, 'hidden': 128, 'depth': 2, 'device': 'cpu', 'extra': {}}
[log] writing to matrix_results/diagnostics_v1_sam/comm_2ag/main_tiny/mappo-heartbeat-only__delay-dropout__d30__s0
[upd    1 | steps     512 | t    0.2s | sps  2745] ret_mean=0.000 ep_len=500.0 pi_loss=-0.010 v_loss=0.030 ent=1.606 kl=0.0028
[upd    2 | steps    1024 | t    0.4s | sps  2688] ret_mean=0.000 ep_len=500.0 pi_loss=-0.006 v_loss=0.012 ent=1.597 kl=0.0064
[upd    3 | steps    1536 | t    0.5s | sps  2816] ret_mean=2.000 ep_len=500.0 pi_loss=-0.007 v_loss=0.017 ent=1.599 kl=0.0048
[upd    4 | steps    2048 | t    0.7s | sps  2818] ret_mean=1.500 ep_len=500.0 pi_loss=-0.007 v_loss=0.009 ent=1.605 kl=0.0072
[upd    5 | steps    2560 | t    1.0s | sps  2653] ret_mean=4.000 ep_len=500.0 pi_loss=-0.003 v_loss=0.020 ent=1.599 kl=-0.0001
[upd    6 | steps    3072 | t    1.2s | sps  2639] ret_mean=3.500 ep_len=500.0 pi_loss=-0.004 v_loss=0.018 ent=1.594 kl=0.0002
[upd    7 | steps    3584 | t    1.4s | sps  2620] ret_mean=0.000 ep_len=500.0 pi_loss=-0.005 v_loss=0.022 ent=1.591 kl=0.0078
[upd    8 | steps    4096 | t    1.6s | sps  2613] ret_mean=4.500 ep_len=500.0 pi_loss=-0.006 v_loss=0.021 ent=1.575 kl=0.0051
[upd    9 | steps    4608 | t    1.8s | sps  2603] ret_mean=0.000 ep_len=500.0 pi_loss=-0.005 v_loss=0.008 ent=1.582 kl=0.0034
[upd   10 | steps    5120 | t    2.0s | sps  2593] ret_mean=1.000 ep_len=500.0 pi_loss=-0.008 v_loss=0.008 ent=1.569 kl=0.0021
[upd   11 | steps    5632 | t    2.2s | sps  2596] ret_mean=2.000 ep_len=500.0 pi_loss=-0.004 v_loss=0.021 ent=1.564 kl=-0.0015
[upd   12 | steps    6144 | t    2.3s | sps  2632] ret_mean=3.000 ep_len=500.0 pi_loss=-0.002 v_loss=0.012 ent=1.559 kl=0.0010
[upd   13 | steps    6656 | t    2.5s | sps  2663] ret_mean=0.000 ep_len=500.0 pi_loss=-0.006 v_loss=0.005 ent=1.539 kl=0.0071
[upd   14 | steps    7168 | t    2.7s | sps  2686] ret_mean=0.500 ep_len=500.0 pi_loss=-0.004 v_loss=0.002 ent=1.539 kl=0.0044
[upd   15 | steps    7680 | t    2.9s | sps  2682] ret_mean=0.000 ep_len=500.0 pi_loss=-0.007 v_loss=0.001 ent=1.527 kl=0.0059
[upd   16 | steps    8192 | t    3.1s | sps  2672] ret_mean=0.000 ep_len=500.0 pi_loss=-0.003 v_loss=0.002 ent=1.527 kl=0.0016
[upd   17 | steps    8704 | t    3.3s | sps  2678] ret_mean=0.000 ep_len=500.0 pi_loss=-0.005 v_loss=0.019 ent=1.474 kl=0.0093
[upd   18 | steps    9216 | t    3.4s | sps  2697] ret_mean=4.000 ep_len=500.0 pi_loss=-0.007 v_loss=0.013 ent=1.487 kl=0.0072
[upd   19 | steps    9728 | t    3.6s | sps  2713] ret_mean=3.500 ep_len=500.0 pi_loss=-0.003 v_loss=0.012 ent=1.489 kl=0.0049
[upd   20 | steps   10240 | t    3.8s | sps  2730] ret_mean=0.500 ep_len=500.0 pi_loss=-0.002 v_loss=0.010 ent=1.524 kl=0.0009
[upd   21 | steps   10752 | t    3.9s | sps  2748] ret_mean=1.000 ep_len=500.0 pi_loss=-0.006 v_loss=0.005 ent=1.520 kl=-0.0010
[upd   22 | steps   11264 | t    4.1s | sps  2758] ret_mean=1.000 ep_len=500.0 pi_loss=-0.010 v_loss=0.020 ent=1.516 kl=0.0030
[upd   23 | steps   11776 | t    4.3s | sps  2769] ret_mean=3.000 ep_len=500.0 pi_loss=-0.006 v_loss=0.001 ent=1.533 kl=0.0069
[upd   24 | steps   12288 | t    4.5s | sps  2757] ret_mean=0.000 ep_len=500.0 pi_loss=-0.002 v_loss=0.002 ent=1.436 kl=0.0040
[upd   25 | steps   12800 | t    4.6s | sps  2765] ret_mean=0.500 ep_len=500.0 pi_loss=-0.008 v_loss=0.010 ent=1.473 kl=0.0023
        [eval] ret_mean=5.550 ep_len=500.0
[upd   26 | steps   13312 | t    8.9s | sps  1498] ret_mean=0.000 ep_len=500.0 pi_loss=-0.002 v_loss=0.001 ent=1.469 kl=-0.0003
[upd   27 | steps   13824 | t    9.1s | sps  1522] ret_mean=0.000 ep_len=500.0 pi_loss=-0.011 v_loss=0.001 ent=1.391 kl=0.0113
[upd   28 | steps   14336 | t    9.3s | sps  1545] ret_mean=1.500 ep_len=500.0 pi_loss=-0.008 v_loss=0.009 ent=1.388 kl=0.0167
[upd   29 | steps   14848 | t    9.4s | sps  1573] ret_mean=0.500 ep_len=500.0 pi_loss=-0.009 v_loss=0.001 ent=1.465 kl=0.0070
[upd   30 | steps   15360 | t    9.6s | sps  1596] ret_mean=2.500 ep_len=500.0 pi_loss=-0.008 v_loss=0.026 ent=1.428 kl=0.0049
[upd   31 | steps   15872 | t    9.8s | sps  1614] ret_mean=5.000 ep_len=500.0 pi_loss=-0.002 v_loss=0.064 ent=1.457 kl=-0.0015
[upd   32 | steps   16384 | t   10.0s | sps  1635] ret_mean=0.000 ep_len=500.0 pi_loss=-0.003 v_loss=0.002 ent=1.491 kl=0.0069
[upd   33 | steps   16896 | t   10.2s | sps  1654] ret_mean=4.000 ep_len=500.0 pi_loss=-0.004 v_loss=0.054 ent=1.493 kl=0.0050
[upd   34 | steps   17408 | t   10.4s | sps  1674] ret_mean=5.000 ep_len=500.0 pi_loss=-0.004 v_loss=0.098 ent=1.453 kl=0.0030
[upd   35 | steps   17920 | t   10.6s | sps  1691] ret_mean=0.000 ep_len=500.0 pi_loss=-0.004 v_loss=0.001 ent=1.310 kl=0.0048
[upd   36 | steps   18432 | t   10.8s | sps  1705] ret_mean=0.000 ep_len=500.0 pi_loss=-0.008 v_loss=0.034 ent=1.401 kl=0.0096
[upd   37 | steps   18944 | t   11.0s | sps  1719] ret_mean=3.500 ep_len=500.0 pi_loss=-0.009 v_loss=0.001 ent=1.292 kl=0.0067
[upd   38 | steps   19456 | t   11.2s | sps  1735] ret_mean=0.000 ep_len=500.0 pi_loss=-0.006 v_loss=0.000 ent=1.329 kl=0.0028
[upd   39 | steps   19968 | t   11.4s | sps  1754] ret_mean=0.000 ep_len=500.0 pi_loss=-0.003 v_loss=0.051 ent=1.349 kl=0.0027
[upd   40 | steps   20480 | t   11.6s | sps  1772] ret_mean=8.500 ep_len=500.0 pi_loss=-0.005 v_loss=0.049 ent=1.375 kl=0.0062
[upd   41 | steps   20992 | t   11.8s | sps  1786] ret_mean=0.500 ep_len=500.0 pi_loss=-0.005 v_loss=0.001 ent=1.451 kl=0.0066
[upd   42 | steps   21504 | t   11.9s | sps  1804] ret_mean=0.000 ep_len=500.0 pi_loss=-0.014 v_loss=0.001 ent=1.378 kl=0.0008
[upd   43 | steps   22016 | t   12.1s | sps  1815] ret_mean=0.000 ep_len=500.0 pi_loss=-0.006 v_loss=0.057 ent=1.419 kl=0.0088
[upd   44 | steps   22528 | t   12.3s | sps  1829] ret_mean=5.500 ep_len=500.0 pi_loss=-0.007 v_loss=0.008 ent=1.432 kl=0.0046
[upd   45 | steps   23040 | t   12.5s | sps  1846] ret_mean=3.000 ep_len=500.0 pi_loss=-0.007 v_loss=0.156 ent=1.518 kl=0.0016
[upd   46 | steps   23552 | t   12.7s | sps  1861] ret_mean=12.000 ep_len=500.0 pi_loss=-0.003 v_loss=0.018 ent=1.461 kl=0.0000
[upd   47 | steps   24064 | t   12.8s | sps  1876] ret_mean=1.500 ep_len=500.0 pi_loss=-0.010 v_loss=0.388 ent=1.333 kl=0.0091
[upd   48 | steps   24576 | t   13.0s | sps  1891] ret_mean=25.000 ep_len=500.0 pi_loss=-0.009 v_loss=0.349 ent=1.288 kl=0.0037
[upd   49 | steps   25088 | t   13.2s | sps  1907] ret_mean=13.000 ep_len=500.0 pi_loss=-0.003 v_loss=0.115 ent=1.248 kl=0.0045
[upd   50 | steps   25600 | t   13.3s | sps  1920] ret_mean=6.500 ep_len=500.0 pi_loss=-0.003 v_loss=0.008 ent=1.224 kl=0.0011
        [eval] ret_mean=4.167 ep_len=500.0
[upd   51 | steps   26112 | t   17.7s | sps  1475] ret_mean=12.500 ep_len=500.0 pi_loss=-0.009 v_loss=0.151 ent=1.345 kl=0.0107
[upd   52 | steps   26624 | t   17.9s | sps  1491] ret_mean=11.500 ep_len=500.0 pi_loss=-0.016 v_loss=0.125 ent=1.353 kl=0.0073
[upd   53 | steps   27136 | t   18.0s | sps  1506] ret_mean=0.000 ep_len=500.0 pi_loss=-0.004 v_loss=0.049 ent=1.404 kl=0.0052
[upd   54 | steps   27648 | t   18.2s | sps  1520] ret_mean=17.500 ep_len=500.0 pi_loss=-0.004 v_loss=0.322 ent=1.279 kl=0.0028
[upd   55 | steps   28160 | t   18.4s | sps  1534] ret_mean=0.000 ep_len=500.0 pi_loss=-0.011 v_loss=0.012 ent=1.405 kl=0.0151
[upd   56 | steps   28672 | t   18.5s | sps  1548] ret_mean=0.000 ep_len=500.0 pi_loss=-0.005 v_loss=0.006 ent=1.414 kl=0.0109
[upd   57 | steps   29184 | t   18.7s | sps  1562] ret_mean=0.000 ep_len=500.0 pi_loss=-0.005 v_loss=0.005 ent=1.345 kl=0.0080
[upd   58 | steps   29696 | t   18.9s | sps  1575] ret_mean=12.000 ep_len=500.0 pi_loss=-0.005 v_loss=0.379 ent=1.320 kl=0.0005
[upd   59 | steps   30208 | t   19.0s | sps  1589] ret_mean=7.000 ep_len=500.0 pi_loss=-0.005 v_loss=0.775 ent=1.127 kl=0.0057
[upd   60 | steps   30720 | t   19.2s | sps  1603] ret_mean=90.000 ep_len=500.0 pi_loss=-0.005 v_loss=3.741 ent=0.866 kl=0.0162
[upd   61 | steps   31232 | t   19.3s | sps  1615] ret_mean=0.000 ep_len=500.0 pi_loss=-0.003 v_loss=0.006 ent=1.266 kl=0.0021
[upd   62 | steps   31744 | t   19.5s | sps  1627] ret_mean=0.000 ep_len=500.0 pi_loss=-0.005 v_loss=1.120 ent=1.106 kl=0.0033
[upd   63 | steps   32256 | t   19.7s | sps  1639] ret_mean=56.000 ep_len=500.0 pi_loss=-0.003 v_loss=1.250 ent=0.956 kl=0.0086
[upd   64 | steps   32768 | t   19.8s | sps  1651] ret_mean=23.000 ep_len=500.0 pi_loss=-0.007 v_loss=0.612 ent=1.167 kl=0.0014
[upd   65 | steps   33280 | t   20.0s | sps  1663] ret_mean=68.000 ep_len=500.0 pi_loss=-0.011 v_loss=2.667 ent=0.812 kl=0.0182
[upd   66 | steps   33792 | t   20.2s | sps  1675] ret_mean=0.000 ep_len=500.0 pi_loss=-0.002 v_loss=0.646 ent=0.925 kl=0.0019
[upd   67 | steps   34304 | t   20.4s | sps  1686] ret_mean=17.000 ep_len=500.0 pi_loss=-0.006 v_loss=0.044 ent=1.001 kl=0.0036
[upd   68 | steps   34816 | t   20.5s | sps  1696] ret_mean=0.000 ep_len=500.0 pi_loss=-0.007 v_loss=0.004 ent=1.353 kl=0.0073
[upd   69 | steps   35328 | t   20.7s | sps  1707] ret_mean=7.500 ep_len=500.0 pi_loss=-0.006 v_loss=0.242 ent=1.067 kl=0.0128
[upd   70 | steps   35840 | t   20.9s | sps  1718] ret_mean=22.000 ep_len=500.0 pi_loss=-0.004 v_loss=0.920 ent=0.857 kl=0.0064
[upd   71 | steps   36352 | t   21.0s | sps  1730] ret_mean=0.000 ep_len=500.0 pi_loss=-0.002 v_loss=1.221 ent=0.767 kl=0.0043
[upd   72 | steps   36864 | t   21.2s | sps  1741] ret_mean=32.500 ep_len=500.0 pi_loss=-0.001 v_loss=0.061 ent=0.750 kl=0.0025
[upd   73 | steps   37376 | t   21.3s | sps  1752] ret_mean=0.000 ep_len=500.0 pi_loss=-0.006 v_loss=0.668 ent=0.547 kl=-0.0032
[upd   74 | steps   37888 | t   21.5s | sps  1762] ret_mean=16.000 ep_len=500.0 pi_loss=-0.017 v_loss=1.018 ent=0.708 kl=-0.0010
[upd   75 | steps   38400 | t   21.7s | sps  1772] ret_mean=22.500 ep_len=500.0 pi_loss=0.000 v_loss=0.010 ent=0.721 kl=0.0020
        [eval] ret_mean=5.917 ep_len=500.0
[upd   76 | steps   38912 | t   25.7s | sps  1514] ret_mean=0.000 ep_len=500.0 pi_loss=-0.003 v_loss=0.007 ent=0.779 kl=-0.0003
[upd   77 | steps   39424 | t   25.9s | sps  1524] ret_mean=2.000 ep_len=500.0 pi_loss=-0.001 v_loss=0.023 ent=0.736 kl=0.0033
[upd   78 | steps   39936 | t   26.0s | sps  1534] ret_mean=0.000 ep_len=500.0 pi_loss=-0.007 v_loss=0.003 ent=0.838 kl=0.0039
[upd   79 | steps   40448 | t   26.2s | sps  1544] ret_mean=0.000 ep_len=500.0 pi_loss=-0.002 v_loss=0.003 ent=0.762 kl=0.0022
[upd   80 | steps   40960 | t   26.4s | sps  1554] ret_mean=0.000 ep_len=500.0 pi_loss=-0.000 v_loss=0.002 ent=0.731 kl=0.0076
[upd   81 | steps   41472 | t   26.5s | sps  1564] ret_mean=92.000 ep_len=500.0 pi_loss=-0.005 v_loss=5.137 ent=0.378 kl=0.0069
[upd   82 | steps   41984 | t   26.7s | sps  1574] ret_mean=15.500 ep_len=500.0 pi_loss=-0.002 v_loss=0.648 ent=0.717 kl=0.0074
[upd   83 | steps   42496 | t   26.8s | sps  1584] ret_mean=30.000 ep_len=500.0 pi_loss=-0.002 v_loss=1.285 ent=0.611 kl=-0.0002
[upd   84 | steps   43008 | t   27.0s | sps  1593] ret_mean=50.000 ep_len=500.0 pi_loss=-0.002 v_loss=3.409 ent=0.913 kl=-0.0000
[upd   85 | steps   43520 | t   27.2s | sps  1603] ret_mean=91.000 ep_len=500.0 pi_loss=-0.003 v_loss=4.351 ent=0.670 kl=-0.0038
[upd   86 | steps   44032 | t   27.3s | sps  1612] ret_mean=47.000 ep_len=500.0 pi_loss=-0.002 v_loss=1.326 ent=0.829 kl=-0.0011
[upd   87 | steps   44544 | t   27.5s | sps  1622] ret_mean=102.500 ep_len=500.0 pi_loss=-0.003 v_loss=4.946 ent=0.429 kl=0.0140
[upd   88 | steps   45056 | t   27.6s | sps  1631] ret_mean=131.000 ep_len=500.0 pi_loss=-0.005 v_loss=7.460 ent=0.466 kl=0.0091
[upd   89 | steps   45568 | t   27.8s | sps  1640] ret_mean=59.000 ep_len=500.0 pi_loss=-0.004 v_loss=1.936 ent=0.677 kl=0.0038
[upd   90 | steps   46080 | t   27.9s | sps  1649] ret_mean=36.500 ep_len=500.0 pi_loss=-0.006 v_loss=1.235 ent=0.535 kl=0.0028
[upd   91 | steps   46592 | t   28.1s | sps  1658] ret_mean=105.000 ep_len=500.0 pi_loss=-0.008 v_loss=3.755 ent=0.484 kl=0.0084
[upd   92 | steps   47104 | t   28.3s | sps  1667] ret_mean=69.500 ep_len=500.0 pi_loss=-0.005 v_loss=2.732 ent=0.592 kl=0.0093
[upd   93 | steps   47616 | t   28.4s | sps  1676] ret_mean=0.000 ep_len=500.0 pi_loss=-0.003 v_loss=0.051 ent=0.592 kl=0.0005
[upd   94 | steps   48128 | t   28.6s | sps  1685] ret_mean=0.000 ep_len=500.0 pi_loss=-0.004 v_loss=0.097 ent=0.525 kl=0.0107
[upd   95 | steps   48640 | t   28.7s | sps  1692] ret_mean=3.000 ep_len=500.0 pi_loss=-0.006 v_loss=0.093 ent=0.638 kl=0.0076
[upd   96 | steps   49152 | t   28.9s | sps  1700] ret_mean=0.000 ep_len=500.0 pi_loss=-0.006 v_loss=1.194 ent=0.732 kl=0.0027
[upd   97 | steps   49664 | t   29.1s | sps  1709] ret_mean=32.500 ep_len=500.0 pi_loss=-0.007 v_loss=0.055 ent=1.145 kl=0.0030
[upd   98 | steps   50176 | t   29.2s | sps  1717] ret_mean=0.000 ep_len=500.0 pi_loss=-0.001 v_loss=0.686 ent=0.752 kl=0.0140
[upd   99 | steps   50688 | t   29.4s | sps  1725] ret_mean=19.500 ep_len=500.0 pi_loss=-0.007 v_loss=2.483 ent=0.872 kl=0.0046
[upd  100 | steps   51200 | t   29.5s | sps  1733] ret_mean=71.000 ep_len=500.0 pi_loss=-0.004 v_loss=0.192 ent=0.910 kl=0.0135
        [eval] ret_mean=4.167 ep_len=500.0
[upd  101 | steps   51712 | t   33.6s | sps  1540] ret_mean=0.000 ep_len=500.0 pi_loss=-0.008 v_loss=0.041 ent=0.783 kl=0.0094
[upd  102 | steps   52224 | t   33.8s | sps  1547] ret_mean=0.000 ep_len=500.0 pi_loss=-0.009 v_loss=0.039 ent=0.991 kl=0.0112
[upd  103 | steps   52736 | t   33.9s | sps  1555] ret_mean=28.000 ep_len=500.0 pi_loss=-0.006 v_loss=1.043 ent=1.172 kl=0.0085
[upd  104 | steps   53248 | t   34.1s | sps  1562] ret_mean=0.000 ep_len=500.0 pi_loss=-0.006 v_loss=0.026 ent=1.060 kl=0.0066
[upd  105 | steps   53760 | t   34.2s | sps  1570] ret_mean=95.500 ep_len=500.0 pi_loss=-0.002 v_loss=4.459 ent=0.537 kl=0.0008
[upd  106 | steps   54272 | t   34.4s | sps  1577] ret_mean=2.000 ep_len=500.0 pi_loss=-0.015 v_loss=0.054 ent=1.215 kl=0.0282
[upd  107 | steps   54784 | t   34.6s | sps  1585] ret_mean=79.000 ep_len=500.0 pi_loss=-0.007 v_loss=3.543 ent=0.636 kl=0.0099
[upd  108 | steps   55296 | t   34.7s | sps  1592] ret_mean=68.500 ep_len=500.0 pi_loss=-0.002 v_loss=3.440 ent=0.572 kl=0.0047
[upd  109 | steps   55808 | t   34.9s | sps  1597] ret_mean=0.000 ep_len=500.0 pi_loss=-0.007 v_loss=0.054 ent=0.798 kl=0.0028
[upd  110 | steps   56320 | t   35.1s | sps  1602] ret_mean=0.000 ep_len=500.0 pi_loss=-0.010 v_loss=0.030 ent=1.009 kl=0.0130
[upd  111 | steps   56832 | t   35.3s | sps  1608] ret_mean=0.000 ep_len=500.0 pi_loss=-0.004 v_loss=0.024 ent=0.978 kl=0.0007
[upd  112 | steps   57344 | t   35.6s | sps  1613] ret_mean=0.000 ep_len=500.0 pi_loss=-0.012 v_loss=0.021 ent=1.174 kl=0.0250
[upd  113 | steps   57856 | t   35.7s | sps  1620] ret_mean=0.000 ep_len=500.0 pi_loss=-0.010 v_loss=0.010 ent=1.147 kl=0.0190
[upd  114 | steps   58368 | t   35.9s | sps  1627] ret_mean=8.500 ep_len=500.0 pi_loss=-0.006 v_loss=0.200 ent=0.970 kl=0.0114
[upd  115 | steps   58880 | t   36.0s | sps  1635] ret_mean=0.000 ep_len=500.0 pi_loss=-0.009 v_loss=0.014 ent=0.982 kl=0.0067
[upd  116 | steps   59392 | t   36.2s | sps  1642] ret_mean=0.000 ep_len=500.0 pi_loss=-0.004 v_loss=0.006 ent=0.936 kl=0.0070
[upd  117 | steps   59904 | t   36.3s | sps  1649] ret_mean=0.000 ep_len=500.0 pi_loss=-0.002 v_loss=1.459 ent=0.975 kl=0.0023
[upd  118 | steps   60416 | t   36.5s | sps  1656] ret_mean=34.000 ep_len=500.0 pi_loss=-0.005 v_loss=0.004 ent=1.021 kl=0.0112
[upd  119 | steps   60928 | t   36.6s | sps  1663] ret_mean=0.000 ep_len=500.0 pi_loss=-0.005 v_loss=2.440 ent=0.740 kl=0.0052
[upd  120 | steps   61440 | t   36.8s | sps  1670] ret_mean=110.000 ep_len=500.0 pi_loss=-0.001 v_loss=2.286 ent=0.571 kl=0.0028
[upd  121 | steps   61952 | t   37.0s | sps  1677] ret_mean=4.000 ep_len=500.0 pi_loss=-0.005 v_loss=0.069 ent=0.892 kl=0.0091
[upd  122 | steps   62464 | t   37.1s | sps  1683] ret_mean=0.000 ep_len=500.0 pi_loss=-0.005 v_loss=0.785 ent=0.902 kl=0.0040
[upd  123 | steps   62976 | t   37.3s | sps  1689] ret_mean=23.000 ep_len=500.0 pi_loss=-0.007 v_loss=0.850 ent=0.608 kl=0.0094
[upd  124 | steps   63488 | t   37.5s | sps  1695] ret_mean=28.000 ep_len=500.0 pi_loss=-0.003 v_loss=2.605 ent=0.583 kl=0.0075
[upd  125 | steps   64000 | t   37.6s | sps  1701] ret_mean=106.000 ep_len=500.0 pi_loss=-0.008 v_loss=1.659 ent=0.826 kl=0.0125
        [eval] ret_mean=0.000 ep_len=500.0
[upd  126 | steps   64512 | t   41.3s | sps  1561] ret_mean=0.000 ep_len=500.0 pi_loss=-0.006 v_loss=0.024 ent=0.641 kl=0.0046
[upd  127 | steps   65024 | t   41.5s | sps  1567] ret_mean=21.000 ep_len=500.0 pi_loss=0.000 v_loss=0.801 ent=0.845 kl=0.0032
[upd  128 | steps   65536 | t   41.6s | sps  1574] ret_mean=0.000 ep_len=500.0 pi_loss=-0.006 v_loss=0.008 ent=1.147 kl=0.0018
[upd  129 | steps   66048 | t   41.8s | sps  1581] ret_mean=65.500 ep_len=500.0 pi_loss=-0.002 v_loss=3.106 ent=0.443 kl=-0.0049
[upd  130 | steps   66560 | t   42.0s | sps  1587] ret_mean=0.000 ep_len=500.0 pi_loss=-0.004 v_loss=0.019 ent=0.917 kl=0.0057
[upd  131 | steps   67072 | t   42.1s | sps  1593] ret_mean=0.000 ep_len=500.0 pi_loss=-0.006 v_loss=0.014 ent=0.734 kl=0.0210
[upd  132 | steps   67584 | t   42.3s | sps  1599] ret_mean=12.500 ep_len=500.0 pi_loss=-0.005 v_loss=0.421 ent=0.783 kl=0.0004
[upd  133 | steps   68096 | t   42.4s | sps  1605] ret_mean=85.500 ep_len=500.0 pi_loss=-0.010 v_loss=3.998 ent=0.617 kl=0.0068
[upd  134 | steps   68608 | t   42.6s | sps  1611] ret_mean=0.000 ep_len=500.0 pi_loss=-0.004 v_loss=0.013 ent=1.128 kl=0.0032
[upd  135 | steps   69120 | t   42.7s | sps  1617] ret_mean=0.000 ep_len=500.0 pi_loss=-0.005 v_loss=0.013 ent=1.000 kl=0.0056
[upd  136 | steps   69632 | t   42.9s | sps  1623] ret_mean=0.000 ep_len=500.0 pi_loss=-0.004 v_loss=1.474 ent=0.725 kl=0.0073
[upd  137 | steps   70144 | t   43.0s | sps  1629] ret_mean=123.000 ep_len=500.0 pi_loss=-0.006 v_loss=4.596 ent=0.498 kl=0.0052
[upd  138 | steps   70656 | t   43.2s | sps  1636] ret_mean=5.000 ep_len=500.0 pi_loss=-0.004 v_loss=1.398 ent=0.861 kl=0.0019
[upd  139 | steps   71168 | t   43.3s | sps  1642] ret_mean=45.500 ep_len=500.0 pi_loss=-0.008 v_loss=0.335 ent=0.951 kl=0.0111
[upd  140 | steps   71680 | t   43.5s | sps  1648] ret_mean=0.000 ep_len=500.0 pi_loss=-0.007 v_loss=0.023 ent=0.902 kl=0.0061
[upd  141 | steps   72192 | t   43.7s | sps  1653] ret_mean=0.000 ep_len=500.0 pi_loss=-0.002 v_loss=0.866 ent=0.887 kl=0.0015
[upd  142 | steps   72704 | t   43.8s | sps  1659] ret_mean=21.000 ep_len=500.0 pi_loss=-0.004 v_loss=1.534 ent=1.040 kl=0.0061
[upd  143 | steps   73216 | t   44.0s | sps  1665] ret_mean=104.500 ep_len=500.0 pi_loss=-0.003 v_loss=3.288 ent=0.466 kl=0.0068
[upd  144 | steps   73728 | t   44.1s | sps  1670] ret_mean=0.000 ep_len=500.0 pi_loss=-0.007 v_loss=4.424 ent=1.005 kl=0.0109
[upd  145 | steps   74240 | t   44.3s | sps  1676] ret_mean=146.000 ep_len=500.0 pi_loss=-0.005 v_loss=6.381 ent=0.443 kl=0.0103
[upd  146 | steps   74752 | t   44.4s | sps  1682] ret_mean=74.000 ep_len=500.0 pi_loss=-0.002 v_loss=2.707 ent=0.634 kl=0.0065
[upd  147 | steps   75264 | t   44.6s | sps  1688] ret_mean=39.000 ep_len=500.0 pi_loss=-0.008 v_loss=4.565 ent=0.555 kl=0.0087
[upd  148 | steps   75776 | t   44.7s | sps  1693] ret_mean=107.500 ep_len=500.0 pi_loss=-0.002 v_loss=2.574 ent=0.578 kl=0.0064
[upd  149 | steps   76288 | t   44.9s | sps  1698] ret_mean=0.000 ep_len=500.0 pi_loss=-0.006 v_loss=2.562 ent=0.595 kl=-0.0028
[upd  150 | steps   76800 | t   45.1s | sps  1702] ret_mean=109.500 ep_len=500.0 pi_loss=-0.002 v_loss=1.885 ent=0.460 kl=0.0082
        [eval] ret_mean=8.883 ep_len=500.0
[upd  151 | steps   77312 | t   49.2s | sps  1571] ret_mean=74.000 ep_len=500.0 pi_loss=-0.004 v_loss=3.483 ent=0.862 kl=0.0043
[upd  152 | steps   77824 | t   49.4s | sps  1576] ret_mean=52.500 ep_len=500.0 pi_loss=-0.002 v_loss=2.414 ent=0.614 kl=0.0062
[upd  153 | steps   78336 | t   49.5s | sps  1582] ret_mean=118.500 ep_len=500.0 pi_loss=-0.001 v_loss=5.072 ent=0.307 kl=0.0010
[upd  154 | steps   78848 | t   49.7s | sps  1587] ret_mean=10.500 ep_len=500.0 pi_loss=-0.001 v_loss=0.352 ent=0.547 kl=0.0150
[upd  155 | steps   79360 | t   49.8s | sps  1592] ret_mean=1.500 ep_len=500.0 pi_loss=-0.000 v_loss=0.056 ent=0.905 kl=0.0120
[upd  156 | steps   79872 | t   50.0s | sps  1598] ret_mean=0.000 ep_len=500.0 pi_loss=-0.004 v_loss=0.029 ent=1.029 kl=0.0032
[upd  157 | steps   80384 | t   50.1s | sps  1603] ret_mean=0.000 ep_len=500.0 pi_loss=0.002 v_loss=0.013 ent=0.544 kl=0.0062
[upd  158 | steps   80896 | t   50.3s | sps  1608] ret_mean=0.000 ep_len=500.0 pi_loss=-0.007 v_loss=0.019 ent=0.787 kl=0.0207
[upd  159 | steps   81408 | t   50.4s | sps  1614] ret_mean=19.500 ep_len=500.0 pi_loss=-0.002 v_loss=0.772 ent=0.652 kl=0.0040
[upd  160 | steps   81920 | t   50.6s | sps  1619] ret_mean=0.000 ep_len=500.0 pi_loss=-0.009 v_loss=0.017 ent=1.128 kl=0.0083
[upd  161 | steps   82432 | t   50.8s | sps  1624] ret_mean=0.000 ep_len=500.0 pi_loss=-0.005 v_loss=0.011 ent=1.099 kl=0.0145
[upd  162 | steps   82944 | t   50.9s | sps  1629] ret_mean=35.500 ep_len=500.0 pi_loss=-0.004 v_loss=1.971 ent=0.659 kl=0.0056
[upd  163 | steps   83456 | t   51.1s | sps  1634] ret_mean=33.500 ep_len=500.0 pi_loss=-0.006 v_loss=0.754 ent=1.150 kl=0.0002
[upd  164 | steps   83968 | t   51.2s | sps  1639] ret_mean=0.000 ep_len=500.0 pi_loss=-0.006 v_loss=1.746 ent=1.049 kl=0.0004
[upd  165 | steps   84480 | t   51.4s | sps  1644] ret_mean=79.000 ep_len=500.0 pi_loss=-0.009 v_loss=3.248 ent=0.720 kl=0.0077
[upd  166 | steps   84992 | t   51.5s | sps  1649] ret_mean=109.500 ep_len=500.0 pi_loss=-0.004 v_loss=5.149 ent=0.463 kl=0.0079
[upd  167 | steps   85504 | t   51.7s | sps  1654] ret_mean=76.500 ep_len=500.0 pi_loss=-0.007 v_loss=0.984 ent=0.880 kl=0.0075
[upd  168 | steps   86016 | t   51.8s | sps  1659] ret_mean=0.000 ep_len=500.0 pi_loss=-0.002 v_loss=1.876 ent=0.915 kl=0.0042
[upd  169 | steps   86528 | t   52.0s | sps  1664] ret_mean=113.500 ep_len=500.0 pi_loss=-0.005 v_loss=3.554 ent=0.458 kl=0.0068
[upd  170 | steps   87040 | t   52.2s | sps  1668] ret_mean=101.000 ep_len=500.0 pi_loss=-0.006 v_loss=4.441 ent=0.551 kl=0.0089
[upd  171 | steps   87552 | t   52.3s | sps  1673] ret_mean=38.000 ep_len=500.0 pi_loss=-0.004 v_loss=1.466 ent=0.842 kl=0.0046
[upd  172 | steps   88064 | t   52.5s | sps  1678] ret_mean=69.000 ep_len=500.0 pi_loss=-0.005 v_loss=8.766 ent=0.483 kl=0.0018
[upd  173 | steps   88576 | t   52.6s | sps  1683] ret_mean=150.500 ep_len=500.0 pi_loss=-0.003 v_loss=2.328 ent=0.732 kl=0.0102
[upd  174 | steps   89088 | t   52.8s | sps  1688] ret_mean=0.000 ep_len=500.0 pi_loss=-0.006 v_loss=2.090 ent=0.948 kl=0.0084
[upd  175 | steps   89600 | t   52.9s | sps  1693] ret_mean=60.500 ep_len=500.0 pi_loss=-0.004 v_loss=6.800 ent=0.751 kl=0.0064
        [eval] ret_mean=4.167 ep_len=500.0
[upd  176 | steps   90112 | t   56.8s | sps  1587] ret_mean=107.500 ep_len=500.0 pi_loss=-0.007 v_loss=4.239 ent=0.422 kl=0.0060
[upd  177 | steps   90624 | t   56.9s | sps  1591] ret_mean=154.000 ep_len=500.0 pi_loss=-0.003 v_loss=9.497 ent=0.203 kl=-0.0012
[upd  178 | steps   91136 | t   57.1s | sps  1596] ret_mean=122.500 ep_len=500.0 pi_loss=-0.004 v_loss=3.605 ent=0.447 kl=0.0037
[upd  179 | steps   91648 | t   57.3s | sps  1601] ret_mean=12.500 ep_len=500.0 pi_loss=-0.005 v_loss=0.495 ent=0.659 kl=0.0127
[upd  180 | steps   92160 | t   57.4s | sps  1606] ret_mean=154.000 ep_len=500.0 pi_loss=-0.002 v_loss=10.352 ent=0.107 kl=-0.0006
[upd  181 | steps   92672 | t   57.6s | sps  1610] ret_mean=121.000 ep_len=500.0 pi_loss=-0.004 v_loss=3.973 ent=0.275 kl=0.0158
[upd  182 | steps   93184 | t   57.7s | sps  1614] ret_mean=134.000 ep_len=500.0 pi_loss=-0.005 v_loss=5.201 ent=0.434 kl=0.0054
[upd  183 | steps   93696 | t   57.9s | sps  1619] ret_mean=18.500 ep_len=500.0 pi_loss=-0.008 v_loss=0.635 ent=1.190 kl=0.0086
[upd  184 | steps   94208 | t   58.0s | sps  1623] ret_mean=45.000 ep_len=500.0 pi_loss=-0.003 v_loss=3.947 ent=0.748 kl=0.0002
[upd  185 | steps   94720 | t   58.2s | sps  1628] ret_mean=184.000 ep_len=500.0 pi_loss=-0.006 v_loss=7.257 ent=0.317 kl=0.0097
[upd  186 | steps   95232 | t   58.3s | sps  1632] ret_mean=73.500 ep_len=500.0 pi_loss=-0.009 v_loss=3.281 ent=0.557 kl=0.0046
[upd  187 | steps   95744 | t   58.5s | sps  1637] ret_mean=31.000 ep_len=500.0 pi_loss=-0.005 v_loss=0.374 ent=1.195 kl=0.0063
[upd  188 | steps   96256 | t   58.7s | sps  1641] ret_mean=42.000 ep_len=500.0 pi_loss=-0.004 v_loss=1.945 ent=0.771 kl=0.0067
[upd  189 | steps   96768 | t   58.8s | sps  1645] ret_mean=29.500 ep_len=500.0 pi_loss=-0.004 v_loss=1.967 ent=0.854 kl=0.0067
[upd  190 | steps   97280 | t   59.0s | sps  1650] ret_mean=146.500 ep_len=500.0 pi_loss=-0.004 v_loss=9.893 ent=0.204 kl=0.0024
[upd  191 | steps   97792 | t   59.1s | sps  1654] ret_mean=150.000 ep_len=500.0 pi_loss=-0.003 v_loss=3.410 ent=0.445 kl=0.0111
[upd  192 | steps   98304 | t   59.3s | sps  1659] ret_mean=6.000 ep_len=500.0 pi_loss=-0.003 v_loss=0.444 ent=1.134 kl=0.0052
[upd  193 | steps   98816 | t   59.4s | sps  1663] ret_mean=1.000 ep_len=500.0 pi_loss=-0.004 v_loss=0.301 ent=1.086 kl=0.0080
[upd  194 | steps   99328 | t   59.6s | sps  1667] ret_mean=28.000 ep_len=500.0 pi_loss=-0.002 v_loss=2.321 ent=0.827 kl=-0.0018
[upd  195 | steps   99840 | t   59.7s | sps  1671] ret_mean=108.000 ep_len=500.0 pi_loss=-0.007 v_loss=2.910 ent=0.388 kl=0.0097
[upd  196 | steps  100352 | t   59.9s | sps  1676] ret_mean=108.500 ep_len=500.0 pi_loss=-0.002 v_loss=3.797 ent=0.265 kl=0.0017
[upd  197 | steps  100864 | t   60.0s | sps  1680] ret_mean=114.500 ep_len=500.0 pi_loss=-0.009 v_loss=4.908 ent=0.306 kl=0.0112
[upd  198 | steps  101376 | t   60.2s | sps  1684] ret_mean=95.500 ep_len=500.0 pi_loss=-0.008 v_loss=0.907 ent=0.846 kl=0.0143
[upd  199 | steps  101888 | t   60.3s | sps  1688] ret_mean=8.000 ep_len=500.0 pi_loss=-0.007 v_loss=5.421 ent=0.702 kl=0.0079
[upd  200 | steps  102400 | t   60.5s | sps  1693] ret_mean=149.000 ep_len=500.0 pi_loss=-0.008 v_loss=2.960 ent=0.334 kl=0.0123
        [eval] ret_mean=8.317 ep_len=500.0
[upd  201 | steps  102912 | t   65.2s | sps  1579] ret_mean=65.000 ep_len=500.0 pi_loss=-0.009 v_loss=1.843 ent=0.631 kl=0.0099
[upd  202 | steps  103424 | t   65.4s | sps  1583] ret_mean=79.500 ep_len=500.0 pi_loss=-0.008 v_loss=3.135 ent=0.572 kl=0.0073
[upd  203 | steps  103936 | t   65.5s | sps  1586] ret_mean=116.500 ep_len=500.0 pi_loss=-0.006 v_loss=2.732 ent=0.510 kl=0.0105
[upd  204 | steps  104448 | t   65.7s | sps  1589] ret_mean=0.000 ep_len=500.0 pi_loss=-0.005 v_loss=1.030 ent=1.078 kl=0.0140
[upd  205 | steps  104960 | t   65.9s | sps  1593] ret_mean=120.500 ep_len=500.0 pi_loss=-0.004 v_loss=2.699 ent=0.440 kl=0.0108
[upd  206 | steps  105472 | t   66.0s | sps  1597] ret_mean=98.500 ep_len=500.0 pi_loss=-0.006 v_loss=2.604 ent=0.483 kl=0.0106
[upd  207 | steps  105984 | t   66.2s | sps  1600] ret_mean=51.000 ep_len=500.0 pi_loss=-0.005 v_loss=1.600 ent=0.969 kl=0.0100
[upd  208 | steps  106496 | t   66.4s | sps  1604] ret_mean=18.500 ep_len=500.0 pi_loss=-0.003 v_loss=3.761 ent=0.765 kl=0.0103
[upd  209 | steps  107008 | t   66.6s | sps  1608] ret_mean=198.000 ep_len=500.0 pi_loss=-0.006 v_loss=7.042 ent=0.325 kl=0.0074
[upd  210 | steps  107520 | t   66.7s | sps  1611] ret_mean=0.000 ep_len=500.0 pi_loss=-0.011 v_loss=1.015 ent=1.000 kl=0.0153
[upd  211 | steps  108032 | t   66.9s | sps  1615] ret_mean=72.500 ep_len=500.0 pi_loss=-0.005 v_loss=2.073 ent=0.853 kl=0.0021
[upd  212 | steps  108544 | t   67.0s | sps  1619] ret_mean=43.500 ep_len=500.0 pi_loss=-0.004 v_loss=1.876 ent=0.698 kl=0.0104
[upd  213 | steps  109056 | t   67.2s | sps  1623] ret_mean=0.000 ep_len=500.0 pi_loss=-0.007 v_loss=1.327 ent=0.940 kl=0.0083
[upd  214 | steps  109568 | t   67.4s | sps  1627] ret_mean=114.000 ep_len=500.0 pi_loss=-0.003 v_loss=2.287 ent=0.516 kl=0.0051
[upd  215 | steps  110080 | t   67.5s | sps  1630] ret_mean=0.000 ep_len=500.0 pi_loss=-0.007 v_loss=0.358 ent=1.015 kl=0.0032
[upd  216 | steps  110592 | t   67.7s | sps  1634] ret_mean=12.000 ep_len=500.0 pi_loss=-0.001 v_loss=0.867 ent=0.844 kl=0.0087
[upd  217 | steps  111104 | t   67.9s | sps  1637] ret_mean=34.500 ep_len=500.0 pi_loss=-0.007 v_loss=2.980 ent=0.469 kl=0.0095
[upd  218 | steps  111616 | t   68.0s | sps  1641] ret_mean=142.000 ep_len=500.0 pi_loss=-0.005 v_loss=5.762 ent=0.391 kl=0.0140
[upd  219 | steps  112128 | t   68.2s | sps  1645] ret_mean=106.000 ep_len=500.0 pi_loss=-0.002 v_loss=2.628 ent=0.499 kl=0.0031
[upd  220 | steps  112640 | t   68.4s | sps  1647] ret_mean=15.000 ep_len=500.0 pi_loss=-0.019 v_loss=1.196 ent=1.047 kl=0.0209
[upd  221 | steps  113152 | t   68.6s | sps  1651] ret_mean=17.500 ep_len=500.0 pi_loss=-0.005 v_loss=5.500 ent=0.806 kl=0.0036
[upd  222 | steps  113664 | t   68.8s | sps  1652] ret_mean=133.000 ep_len=500.0 pi_loss=-0.005 v_loss=9.939 ent=0.280 kl=0.0080
[upd  223 | steps  114176 | t   69.0s | sps  1655] ret_mean=176.500 ep_len=500.0 pi_loss=-0.004 v_loss=5.832 ent=0.255 kl=-0.0004
[upd  224 | steps  114688 | t   69.2s | sps  1659] ret_mean=139.000 ep_len=500.0 pi_loss=-0.002 v_loss=10.261 ent=0.091 kl=-0.0027
[upd  225 | steps  115200 | t   69.3s | sps  1662] ret_mean=178.500 ep_len=500.0 pi_loss=-0.002 v_loss=3.060 ent=0.454 kl=0.0043
        [eval] ret_mean=10.283 ep_len=500.0
[upd  226 | steps  115712 | t   73.4s | sps  1576] ret_mean=47.000 ep_len=500.0 pi_loss=-0.003 v_loss=1.576 ent=0.461 kl=0.0025
[upd  227 | steps  116224 | t   73.6s | sps  1580] ret_mean=0.000 ep_len=500.0 pi_loss=-0.005 v_loss=0.623 ent=0.481 kl=0.0050
[upd  228 | steps  116736 | t   73.7s | sps  1584] ret_mean=80.000 ep_len=500.0 pi_loss=-0.007 v_loss=3.329 ent=0.490 kl=0.0117
[upd  229 | steps  117248 | t   73.9s | sps  1587] ret_mean=66.000 ep_len=500.0 pi_loss=-0.001 v_loss=2.202 ent=0.383 kl=-0.0015
[upd  230 | steps  117760 | t   74.1s | sps  1589] ret_mean=80.000 ep_len=500.0 pi_loss=-0.002 v_loss=3.884 ent=0.669 kl=0.0037
[upd  231 | steps  118272 | t   74.3s | sps  1592] ret_mean=24.000 ep_len=500.0 pi_loss=-0.008 v_loss=1.316 ent=0.757 kl=0.0225
[upd  232 | steps  118784 | t   74.4s | sps  1596] ret_mean=0.000 ep_len=500.0 pi_loss=-0.014 v_loss=0.198 ent=0.958 kl=0.0172
[upd  233 | steps  119296 | t   74.6s | sps  1599] ret_mean=0.000 ep_len=500.0 pi_loss=0.000 v_loss=2.589 ent=0.943 kl=0.0081
[upd  234 | steps  119808 | t   74.8s | sps  1603] ret_mean=172.500 ep_len=500.0 pi_loss=-0.001 v_loss=6.695 ent=0.109 kl=0.0007
[upd  235 | steps  120320 | t   74.9s | sps  1606] ret_mean=47.000 ep_len=500.0 pi_loss=-0.001 v_loss=1.143 ent=0.751 kl=0.0038
[upd  236 | steps  120832 | t   75.1s | sps  1610] ret_mean=66.000 ep_len=500.0 pi_loss=-0.006 v_loss=1.197 ent=0.631 kl=0.0168
[upd  237 | steps  121344 | t   75.2s | sps  1613] ret_mean=68.500 ep_len=500.0 pi_loss=-0.004 v_loss=2.884 ent=0.568 kl=0.0058
[upd  238 | steps  121856 | t   75.4s | sps  1616] ret_mean=107.500 ep_len=500.0 pi_loss=-0.004 v_loss=3.192 ent=0.268 kl=0.0091
[upd  239 | steps  122368 | t   75.6s | sps  1619] ret_mean=56.000 ep_len=500.0 pi_loss=-0.004 v_loss=1.380 ent=0.794 kl=0.0102
[upd  240 | steps  122880 | t   75.8s | sps  1622] ret_mean=0.000 ep_len=500.0 pi_loss=-0.009 v_loss=0.326 ent=0.794 kl=0.0166
[upd  241 | steps  123392 | t   75.9s | sps  1625] ret_mean=0.000 ep_len=500.0 pi_loss=-0.006 v_loss=0.366 ent=0.948 kl=0.0090
[upd  242 | steps  123904 | t   76.1s | sps  1628] ret_mean=76.500 ep_len=500.0 pi_loss=-0.002 v_loss=3.785 ent=0.252 kl=0.0036
[upd  243 | steps  124416 | t   76.3s | sps  1631] ret_mean=66.000 ep_len=500.0 pi_loss=-0.004 v_loss=1.045 ent=0.534 kl=0.0036
[upd  244 | steps  124928 | t   76.4s | sps  1635] ret_mean=90.000 ep_len=500.0 pi_loss=-0.004 v_loss=3.136 ent=0.327 kl=0.0031
[upd  245 | steps  125440 | t   76.6s | sps  1638] ret_mean=58.000 ep_len=500.0 pi_loss=-0.006 v_loss=0.967 ent=0.774 kl=0.0116
[upd  246 | steps  125952 | t   76.8s | sps  1641] ret_mean=7.500 ep_len=500.0 pi_loss=-0.005 v_loss=1.922 ent=0.600 kl=-0.0006
[upd  247 | steps  126464 | t   76.9s | sps  1644] ret_mean=67.000 ep_len=500.0 pi_loss=0.000 v_loss=0.648 ent=0.856 kl=0.0063
[upd  248 | steps  126976 | t   77.1s | sps  1647] ret_mean=0.000 ep_len=500.0 pi_loss=-0.004 v_loss=3.836 ent=0.619 kl=0.0071
[upd  249 | steps  127488 | t   77.3s | sps  1650] ret_mean=127.500 ep_len=500.0 pi_loss=-0.004 v_loss=9.938 ent=0.105 kl=-0.0020
[upd  250 | steps  128000 | t   77.4s | sps  1653] ret_mean=115.500 ep_len=500.0 pi_loss=-0.004 v_loss=1.284 ent=0.618 kl=0.0228
        [eval] ret_mean=27.200 ep_len=500.0
[upd  251 | steps  128512 | t   81.6s | sps  1575] ret_mean=96.500 ep_len=500.0 pi_loss=-0.002 v_loss=2.942 ent=0.265 kl=0.0061
[upd  252 | steps  129024 | t   81.7s | sps  1578] ret_mean=184.000 ep_len=500.0 pi_loss=-0.003 v_loss=9.861 ent=0.094 kl=0.0042
[upd  253 | steps  129536 | t   81.9s | sps  1582] ret_mean=0.000 ep_len=500.0 pi_loss=-0.004 v_loss=0.671 ent=0.782 kl=0.0047
[upd  254 | steps  130048 | t   82.1s | sps  1585] ret_mean=118.500 ep_len=500.0 pi_loss=-0.008 v_loss=2.310 ent=0.348 kl=-0.0016
[upd  255 | steps  130560 | t   82.2s | sps  1588] ret_mean=0.000 ep_len=500.0 pi_loss=-0.005 v_loss=2.352 ent=0.610 kl=0.0096
[upd  256 | steps  131072 | t   82.4s | sps  1591] ret_mean=166.000 ep_len=500.0 pi_loss=-0.003 v_loss=5.641 ent=0.168 kl=0.0137
[upd  257 | steps  131584 | t   82.5s | sps  1594] ret_mean=151.500 ep_len=500.0 pi_loss=-0.001 v_loss=5.927 ent=0.185 kl=0.0149
[upd  258 | steps  132096 | t   82.7s | sps  1597] ret_mean=46.500 ep_len=500.0 pi_loss=-0.005 v_loss=2.312 ent=0.530 kl=0.0207
[upd  259 | steps  132608 | t   82.9s | sps  1600] ret_mean=46.000 ep_len=500.0 pi_loss=-0.005 v_loss=3.417 ent=0.717 kl=0.0067
[upd  260 | steps  133120 | t   83.0s | sps  1603] ret_mean=23.500 ep_len=500.0 pi_loss=-0.011 v_loss=3.160 ent=0.835 kl=0.0041
[upd  261 | steps  133632 | t   83.2s | sps  1606] ret_mean=153.000 ep_len=500.0 pi_loss=-0.001 v_loss=9.643 ent=0.057 kl=0.0002
[upd  262 | steps  134144 | t   83.3s | sps  1610] ret_mean=182.500 ep_len=500.0 pi_loss=-0.005 v_loss=6.613 ent=0.297 kl=-0.0005
[upd  263 | steps  134656 | t   83.5s | sps  1613] ret_mean=143.500 ep_len=500.0 pi_loss=-0.003 v_loss=6.302 ent=0.215 kl=0.0025
[upd  264 | steps  135168 | t   83.7s | sps  1616] ret_mean=129.500 ep_len=500.0 pi_loss=-0.002 v_loss=5.148 ent=0.258 kl=0.0045
[upd  265 | steps  135680 | t   83.8s | sps  1619] ret_mean=53.500 ep_len=500.0 pi_loss=-0.002 v_loss=1.693 ent=0.763 kl=0.0071
[upd  266 | steps  136192 | t   84.0s | sps  1622] ret_mean=71.000 ep_len=500.0 pi_loss=-0.005 v_loss=2.462 ent=0.448 kl=0.0180
[upd  267 | steps  136704 | t   84.1s | sps  1625] ret_mean=75.000 ep_len=500.0 pi_loss=-0.003 v_loss=5.503 ent=0.114 kl=0.0053
[upd  268 | steps  137216 | t   84.3s | sps  1628] ret_mean=162.500 ep_len=500.0 pi_loss=-0.002 v_loss=6.196 ent=0.065 kl=-0.0005
[upd  269 | steps  137728 | t   84.5s | sps  1631] ret_mean=155.000 ep_len=500.0 pi_loss=-0.002 v_loss=2.938 ent=0.241 kl=0.0012
[upd  270 | steps  138240 | t   84.6s | sps  1634] ret_mean=29.500 ep_len=500.0 pi_loss=-0.005 v_loss=1.447 ent=0.599 kl=0.0041
[upd  271 | steps  138752 | t   84.8s | sps  1636] ret_mean=125.000 ep_len=500.0 pi_loss=-0.001 v_loss=3.850 ent=0.154 kl=0.0068
[upd  272 | steps  139264 | t   85.0s | sps  1639] ret_mean=76.500 ep_len=500.0 pi_loss=-0.003 v_loss=6.606 ent=0.331 kl=0.0092
[upd  273 | steps  139776 | t   85.1s | sps  1642] ret_mean=155.000 ep_len=500.0 pi_loss=-0.001 v_loss=5.778 ent=0.074 kl=-0.0014
[upd  274 | steps  140288 | t   85.3s | sps  1645] ret_mean=161.500 ep_len=500.0 pi_loss=-0.002 v_loss=2.633 ent=0.238 kl=0.0059
[upd  275 | steps  140800 | t   85.5s | sps  1648] ret_mean=119.000 ep_len=500.0 pi_loss=-0.003 v_loss=6.170 ent=0.126 kl=-0.0023
        [eval] ret_mean=30.950 ep_len=500.0
[upd  276 | steps  141312 | t   89.8s | sps  1574] ret_mean=88.500 ep_len=500.0 pi_loss=-0.003 v_loss=2.243 ent=0.372 kl=0.0036
[upd  277 | steps  141824 | t   89.9s | sps  1577] ret_mean=163.000 ep_len=500.0 pi_loss=-0.002 v_loss=6.877 ent=0.066 kl=-0.0005
[upd  278 | steps  142336 | t   90.1s | sps  1580] ret_mean=131.500 ep_len=500.0 pi_loss=-0.004 v_loss=3.577 ent=0.313 kl=0.0030
[upd  279 | steps  142848 | t   90.3s | sps  1582] ret_mean=180.000 ep_len=500.0 pi_loss=-0.001 v_loss=7.498 ent=0.085 kl=0.0013
[upd  280 | steps  143360 | t   90.5s | sps  1585] ret_mean=86.500 ep_len=500.0 pi_loss=-0.001 v_loss=3.229 ent=0.192 kl=0.0009
[upd  281 | steps  143872 | t   90.6s | sps  1588] ret_mean=75.000 ep_len=500.0 pi_loss=-0.002 v_loss=2.188 ent=0.553 kl=0.0011
[upd  282 | steps  144384 | t   90.8s | sps  1590] ret_mean=76.500 ep_len=500.0 pi_loss=-0.003 v_loss=3.127 ent=0.326 kl=0.0017
[upd  283 | steps  144896 | t   90.9s | sps  1593] ret_mean=120.000 ep_len=500.0 pi_loss=-0.004 v_loss=2.283 ent=0.203 kl=0.0088
[upd  284 | steps  145408 | t   91.1s | sps  1596] ret_mean=125.000 ep_len=500.0 pi_loss=-0.002 v_loss=4.388 ent=0.120 kl=-0.0005
[upd  285 | steps  145920 | t   91.3s | sps  1599] ret_mean=176.000 ep_len=500.0 pi_loss=-0.001 v_loss=5.934 ent=0.056 kl=0.0009
[upd  286 | steps  146432 | t   91.4s | sps  1602] ret_mean=155.500 ep_len=500.0 pi_loss=-0.002 v_loss=2.677 ent=0.107 kl=0.0037
[upd  287 | steps  146944 | t   91.6s | sps  1604] ret_mean=84.500 ep_len=500.0 pi_loss=-0.001 v_loss=2.982 ent=0.450 kl=-0.0006
[upd  288 | steps  147456 | t   91.7s | sps  1607] ret_mean=0.000 ep_len=500.0 pi_loss=-0.004 v_loss=4.973 ent=0.574 kl=0.0014
[upd  289 | steps  147968 | t   91.9s | sps  1610] ret_mean=190.500 ep_len=500.0 pi_loss=-0.001 v_loss=6.451 ent=0.090 kl=-0.0006
[upd  290 | steps  148480 | t   92.1s | sps  1613] ret_mean=158.000 ep_len=500.0 pi_loss=-0.001 v_loss=5.335 ent=0.095 kl=-0.0019
[upd  291 | steps  148992 | t   92.2s | sps  1616] ret_mean=159.500 ep_len=500.0 pi_loss=-0.002 v_loss=3.403 ent=0.157 kl=0.0043
[upd  292 | steps  149504 | t   92.4s | sps  1618] ret_mean=56.500 ep_len=500.0 pi_loss=-0.005 v_loss=5.366 ent=0.482 kl=0.0068
[upd  293 | steps  150016 | t   92.5s | sps  1621] ret_mean=127.000 ep_len=500.0 pi_loss=-0.006 v_loss=3.218 ent=0.411 kl=0.0269
[upd  294 | steps  150528 | t   92.7s | sps  1623] ret_mean=0.000 ep_len=500.0 pi_loss=-0.008 v_loss=3.555 ent=0.302 kl=0.0051
[upd  295 | steps  151040 | t   92.9s | sps  1626] ret_mean=163.500 ep_len=500.0 pi_loss=0.000 v_loss=6.252 ent=0.117 kl=0.0021
[upd  296 | steps  151552 | t   93.1s | sps  1629] ret_mean=182.000 ep_len=500.0 pi_loss=-0.001 v_loss=6.506 ent=0.026 kl=0.0004
[upd  297 | steps  152064 | t   93.2s | sps  1631] ret_mean=194.000 ep_len=500.0 pi_loss=-0.002 v_loss=5.033 ent=0.307 kl=0.0127
[upd  298 | steps  152576 | t   93.4s | sps  1634] ret_mean=51.500 ep_len=500.0 pi_loss=-0.002 v_loss=4.517 ent=0.512 kl=0.0017
[upd  299 | steps  153088 | t   93.6s | sps  1636] ret_mean=158.500 ep_len=500.0 pi_loss=-0.003 v_loss=2.752 ent=0.285 kl=0.0082
[upd  300 | steps  153600 | t   93.7s | sps  1639] ret_mean=85.500 ep_len=500.0 pi_loss=-0.002 v_loss=3.006 ent=0.235 kl=0.0040
        [eval] ret_mean=26.250 ep_len=500.0
[upd  301 | steps  154112 | t   98.2s | sps  1569] ret_mean=57.500 ep_len=500.0 pi_loss=-0.004 v_loss=3.083 ent=0.620 kl=-0.0004
[upd  302 | steps  154624 | t   98.4s | sps  1572] ret_mean=123.000 ep_len=500.0 pi_loss=-0.002 v_loss=2.250 ent=0.168 kl=0.0063
[upd  303 | steps  155136 | t   98.6s | sps  1574] ret_mean=157.000 ep_len=500.0 pi_loss=-0.001 v_loss=5.325 ent=0.094 kl=-0.0011
[upd  304 | steps  155648 | t   98.7s | sps  1577] ret_mean=158.500 ep_len=500.0 pi_loss=-0.000 v_loss=5.668 ent=0.129 kl=0.0003
[upd  305 | steps  156160 | t   98.9s | sps  1579] ret_mean=185.000 ep_len=500.0 pi_loss=-0.001 v_loss=6.132 ent=0.072 kl=0.0001
[upd  306 | steps  156672 | t   99.1s | sps  1582] ret_mean=67.500 ep_len=500.0 pi_loss=-0.003 v_loss=4.335 ent=0.454 kl=0.0028
[upd  307 | steps  157184 | t   99.2s | sps  1584] ret_mean=165.500 ep_len=500.0 pi_loss=-0.000 v_loss=6.048 ent=0.015 kl=-0.0001
[upd  308 | steps  157696 | t   99.4s | sps  1587] ret_mean=176.000 ep_len=500.0 pi_loss=-0.003 v_loss=5.185 ent=0.089 kl=0.0020
[upd  309 | steps  158208 | t   99.6s | sps  1589] ret_mean=165.500 ep_len=500.0 pi_loss=-0.001 v_loss=5.439 ent=0.077 kl=0.0022
[upd  310 | steps  158720 | t   99.7s | sps  1592] ret_mean=179.500 ep_len=500.0 pi_loss=-0.000 v_loss=4.672 ent=0.084 kl=-0.0007
[upd  311 | steps  159232 | t  100.0s | sps  1593] ret_mean=78.000 ep_len=500.0 pi_loss=0.000 v_loss=4.530 ent=0.389 kl=-0.0015
[upd  312 | steps  159744 | t  100.1s | sps  1595] ret_mean=119.500 ep_len=500.0 pi_loss=-0.003 v_loss=2.661 ent=0.193 kl=0.0060
[upd  313 | steps  160256 | t  100.3s | sps  1597] ret_mean=142.500 ep_len=500.0 pi_loss=-0.001 v_loss=5.627 ent=0.098 kl=0.0013
[upd  314 | steps  160768 | t  100.5s | sps  1599] ret_mean=178.500 ep_len=500.0 pi_loss=-0.004 v_loss=5.422 ent=0.170 kl=0.0038
[upd  315 | steps  161280 | t  100.7s | sps  1601] ret_mean=133.000 ep_len=500.0 pi_loss=-0.001 v_loss=6.166 ent=0.035 kl=-0.0007
[upd  316 | steps  161792 | t  100.9s | sps  1603] ret_mean=190.500 ep_len=500.0 pi_loss=-0.005 v_loss=4.384 ent=0.195 kl=0.0089
[upd  317 | steps  162304 | t  101.1s | sps  1605] ret_mean=96.000 ep_len=500.0 pi_loss=-0.002 v_loss=2.450 ent=0.176 kl=0.0091
[upd  318 | steps  162816 | t  101.3s | sps  1608] ret_mean=125.000 ep_len=500.0 pi_loss=-0.004 v_loss=3.657 ent=0.202 kl=0.0017
[upd  319 | steps  163328 | t  101.5s | sps  1610] ret_mean=138.500 ep_len=500.0 pi_loss=-0.001 v_loss=4.010 ent=0.125 kl=-0.0003
[upd  320 | steps  163840 | t  101.6s | sps  1613] ret_mean=144.000 ep_len=500.0 pi_loss=-0.001 v_loss=6.239 ent=0.026 kl=-0.0010
[upd  321 | steps  164352 | t  101.8s | sps  1615] ret_mean=201.500 ep_len=500.0 pi_loss=-0.001 v_loss=5.939 ent=0.088 kl=-0.0012
[upd  322 | steps  164864 | t  101.9s | sps  1617] ret_mean=182.000 ep_len=500.0 pi_loss=-0.016 v_loss=6.038 ent=0.240 kl=0.0765
[upd  323 | steps  165376 | t  102.1s | sps  1620] ret_mean=90.000 ep_len=500.0 pi_loss=0.002 v_loss=1.784 ent=0.368 kl=0.0161
[upd  324 | steps  165888 | t  102.3s | sps  1622] ret_mean=85.000 ep_len=500.0 pi_loss=-0.005 v_loss=6.051 ent=0.308 kl=0.0035
[upd  325 | steps  166400 | t  102.4s | sps  1625] ret_mean=140.000 ep_len=500.0 pi_loss=-0.003 v_loss=4.032 ent=0.242 kl=0.0023
        [eval] ret_mean=24.433 ep_len=500.0
[upd  326 | steps  166912 | t  106.8s | sps  1563] ret_mean=96.500 ep_len=500.0 pi_loss=-0.003 v_loss=3.068 ent=0.317 kl=0.0055
[upd  327 | steps  167424 | t  107.0s | sps  1565] ret_mean=74.000 ep_len=500.0 pi_loss=-0.006 v_loss=2.846 ent=0.540 kl=-0.0019
[upd  328 | steps  167936 | t  107.1s | sps  1568] ret_mean=89.500 ep_len=500.0 pi_loss=-0.006 v_loss=3.275 ent=0.319 kl=0.0062
[upd  329 | steps  168448 | t  107.3s | sps  1570] ret_mean=165.500 ep_len=500.0 pi_loss=-0.002 v_loss=4.658 ent=0.126 kl=0.0064
[upd  330 | steps  168960 | t  107.5s | sps  1572] ret_mean=101.000 ep_len=500.0 pi_loss=-0.004 v_loss=2.911 ent=0.207 kl=0.0048
[upd  331 | steps  169472 | t  107.6s | sps  1575] ret_mean=177.500 ep_len=500.0 pi_loss=-0.002 v_loss=5.388 ent=0.088 kl=0.0024
[upd  332 | steps  169984 | t  107.8s | sps  1577] ret_mean=151.500 ep_len=500.0 pi_loss=-0.002 v_loss=4.675 ent=0.119 kl=0.0011
[upd  333 | steps  170496 | t  107.9s | sps  1579] ret_mean=51.500 ep_len=500.0 pi_loss=-0.003 v_loss=4.201 ent=0.658 kl=0.0012
[upd  334 | steps  171008 | t  108.1s | sps  1582] ret_mean=166.000 ep_len=500.0 pi_loss=-0.002 v_loss=4.407 ent=0.114 kl=0.0045
[upd  335 | steps  171520 | t  108.3s | sps  1584] ret_mean=135.500 ep_len=500.0 pi_loss=-0.004 v_loss=4.750 ent=0.152 kl=0.0075
[upd  336 | steps  172032 | t  108.4s | sps  1587] ret_mean=120.000 ep_len=500.0 pi_loss=-0.004 v_loss=4.673 ent=0.151 kl=-0.0053
[upd  337 | steps  172544 | t  108.6s | sps  1589] ret_mean=62.500 ep_len=500.0 pi_loss=-0.004 v_loss=4.421 ent=0.570 kl=0.0012
[upd  338 | steps  173056 | t  108.7s | sps  1592] ret_mean=179.000 ep_len=500.0 pi_loss=-0.004 v_loss=4.716 ent=0.153 kl=0.0045
[upd  339 | steps  173568 | t  108.9s | sps  1594] ret_mean=111.000 ep_len=500.0 pi_loss=-0.001 v_loss=5.394 ent=0.080 kl=-0.0004
[upd  340 | steps  174080 | t  109.0s | sps  1596] ret_mean=159.000 ep_len=500.0 pi_loss=-0.001 v_loss=4.483 ent=0.114 kl=0.0028
[upd  341 | steps  174592 | t  109.2s | sps  1599] ret_mean=138.500 ep_len=500.0 pi_loss=-0.002 v_loss=5.772 ent=0.093 kl=0.0005
[upd  342 | steps  175104 | t  109.3s | sps  1601] ret_mean=148.000 ep_len=500.0 pi_loss=-0.002 v_loss=5.468 ent=0.009 kl=-0.0010
[upd  343 | steps  175616 | t  109.5s | sps  1604] ret_mean=189.500 ep_len=500.0 pi_loss=-0.002 v_loss=5.715 ent=0.032 kl=0.0001
[upd  344 | steps  176128 | t  109.7s | sps  1606] ret_mean=141.000 ep_len=500.0 pi_loss=-0.009 v_loss=8.762 ent=0.177 kl=0.0153
[upd  345 | steps  176640 | t  109.8s | sps  1608] ret_mean=138.500 ep_len=500.0 pi_loss=-0.004 v_loss=3.155 ent=0.061 kl=0.0129
[upd  346 | steps  177152 | t  110.0s | sps  1611] ret_mean=160.500 ep_len=500.0 pi_loss=-0.004 v_loss=5.008 ent=0.132 kl=0.0008
[upd  347 | steps  177664 | t  110.1s | sps  1613] ret_mean=100.500 ep_len=500.0 pi_loss=-0.004 v_loss=4.065 ent=0.324 kl=0.0033
[upd  348 | steps  178176 | t  110.3s | sps  1615] ret_mean=83.000 ep_len=500.0 pi_loss=-0.003 v_loss=3.366 ent=0.158 kl=0.0052
[upd  349 | steps  178688 | t  110.5s | sps  1618] ret_mean=166.000 ep_len=500.0 pi_loss=0.002 v_loss=3.797 ent=0.187 kl=0.0028
[upd  350 | steps  179200 | t  110.6s | sps  1620] ret_mean=121.000 ep_len=500.0 pi_loss=0.000 v_loss=4.810 ent=0.025 kl=-0.0011
        [eval] ret_mean=37.450 ep_len=500.0
[upd  351 | steps  179712 | t  114.8s | sps  1565] ret_mean=125.000 ep_len=500.0 pi_loss=-0.003 v_loss=2.062 ent=0.143 kl=0.0010
[upd  352 | steps  180224 | t  115.0s | sps  1567] ret_mean=100.000 ep_len=500.0 pi_loss=-0.013 v_loss=6.275 ent=0.251 kl=0.0137
[upd  353 | steps  180736 | t  115.2s | sps  1569] ret_mean=177.500 ep_len=500.0 pi_loss=-0.002 v_loss=5.301 ent=0.009 kl=-0.0004
[upd  354 | steps  181248 | t  115.3s | sps  1572] ret_mean=176.000 ep_len=500.0 pi_loss=-0.001 v_loss=4.649 ent=0.036 kl=0.0027
[upd  355 | steps  181760 | t  115.5s | sps  1574] ret_mean=70.500 ep_len=500.0 pi_loss=-0.001 v_loss=6.166 ent=0.241 kl=0.0026
[upd  356 | steps  182272 | t  115.7s | sps  1576] ret_mean=111.500 ep_len=500.0 pi_loss=-0.005 v_loss=2.219 ent=0.106 kl=0.0051
[upd  357 | steps  182784 | t  115.8s | sps  1578] ret_mean=148.500 ep_len=500.0 pi_loss=-0.001 v_loss=3.486 ent=0.077 kl=0.0018
[upd  358 | steps  183296 | t  116.0s | sps  1580] ret_mean=107.500 ep_len=500.0 pi_loss=-0.001 v_loss=5.525 ent=0.068 kl=0.0007
[upd  359 | steps  183808 | t  116.1s | sps  1583] ret_mean=177.000 ep_len=500.0 pi_loss=-0.001 v_loss=4.258 ent=0.046 kl=-0.0008
[upd  360 | steps  184320 | t  116.3s | sps  1585] ret_mean=145.000 ep_len=500.0 pi_loss=-0.007 v_loss=8.231 ent=0.205 kl=0.0135
[upd  361 | steps  184832 | t  116.5s | sps  1587] ret_mean=54.000 ep_len=500.0 pi_loss=-0.007 v_loss=5.796 ent=0.370 kl=0.0089
[upd  362 | steps  185344 | t  116.6s | sps  1589] ret_mean=151.000 ep_len=500.0 pi_loss=0.000 v_loss=4.525 ent=0.007 kl=-0.0001
[upd  363 | steps  185856 | t  116.8s | sps  1591] ret_mean=192.000 ep_len=500.0 pi_loss=-0.001 v_loss=4.915 ent=0.061 kl=-0.0010
[upd  364 | steps  186368 | t  117.0s | sps  1594] ret_mean=170.000 ep_len=500.0 pi_loss=-0.002 v_loss=5.770 ent=0.047 kl=0.0012
[upd  365 | steps  186880 | t  117.1s | sps  1596] ret_mean=181.000 ep_len=500.0 pi_loss=-0.002 v_loss=5.066 ent=0.054 kl=-0.0002
[upd  366 | steps  187392 | t  117.3s | sps  1597] ret_mean=158.000 ep_len=500.0 pi_loss=-0.003 v_loss=3.947 ent=0.110 kl=0.0021
[upd  367 | steps  187904 | t  117.5s | sps  1599] ret_mean=167.000 ep_len=500.0 pi_loss=-0.002 v_loss=4.412 ent=0.151 kl=0.0075
[upd  368 | steps  188416 | t  117.7s | sps  1601] ret_mean=81.000 ep_len=500.0 pi_loss=0.000 v_loss=4.755 ent=0.204 kl=0.0087
[upd  369 | steps  188928 | t  117.8s | sps  1603] ret_mean=162.500 ep_len=500.0 pi_loss=-0.001 v_loss=4.349 ent=0.032 kl=-0.0013
[upd  370 | steps  189440 | t  118.0s | sps  1605] ret_mean=170.000 ep_len=500.0 pi_loss=-0.000 v_loss=3.849 ent=0.098 kl=-0.0015
[upd  371 | steps  189952 | t  118.2s | sps  1607] ret_mean=166.500 ep_len=500.0 pi_loss=-0.001 v_loss=4.146 ent=0.115 kl=0.0027
[upd  372 | steps  190464 | t  118.3s | sps  1609] ret_mean=152.000 ep_len=500.0 pi_loss=-0.002 v_loss=5.140 ent=0.082 kl=0.0006
[upd  373 | steps  190976 | t  118.5s | sps  1612] ret_mean=175.500 ep_len=500.0 pi_loss=-0.000 v_loss=6.449 ent=0.027 kl=-0.0004
[upd  374 | steps  191488 | t  118.7s | sps  1614] ret_mean=176.000 ep_len=500.0 pi_loss=-0.003 v_loss=3.366 ent=0.074 kl=0.0040
[upd  375 | steps  192000 | t  118.8s | sps  1616] ret_mean=176.500 ep_len=500.0 pi_loss=-0.002 v_loss=6.927 ent=0.086 kl=0.0013
        [eval] ret_mean=36.967 ep_len=500.0
[upd  376 | steps  192512 | t  123.2s | sps  1563] ret_mean=162.500 ep_len=500.0 pi_loss=-0.001 v_loss=4.787 ent=0.128 kl=0.0016
[upd  377 | steps  193024 | t  123.3s | sps  1565] ret_mean=93.000 ep_len=500.0 pi_loss=-0.003 v_loss=5.248 ent=0.198 kl=0.0082
[upd  378 | steps  193536 | t  123.5s | sps  1567] ret_mean=123.000 ep_len=500.0 pi_loss=-0.001 v_loss=3.096 ent=0.149 kl=0.0046
[upd  379 | steps  194048 | t  123.7s | sps  1569] ret_mean=83.500 ep_len=500.0 pi_loss=-0.004 v_loss=7.028 ent=0.224 kl=0.0045
[upd  380 | steps  194560 | t  123.8s | sps  1571] ret_mean=175.000 ep_len=500.0 pi_loss=-0.000 v_loss=4.296 ent=0.036 kl=0.0001
[upd  381 | steps  195072 | t  124.0s | sps  1574] ret_mean=144.000 ep_len=500.0 pi_loss=-0.001 v_loss=3.917 ent=0.189 kl=0.0063
[upd  382 | steps  195584 | t  124.1s | sps  1576] ret_mean=151.000 ep_len=500.0 pi_loss=-0.002 v_loss=5.818 ent=0.027 kl=-0.0001
[upd  383 | steps  196096 | t  124.3s | sps  1578] ret_mean=172.000 ep_len=500.0 pi_loss=-0.000 v_loss=5.025 ent=0.027 kl=0.0005
[upd  384 | steps  196608 | t  124.4s | sps  1580] ret_mean=201.000 ep_len=500.0 pi_loss=-0.001 v_loss=5.047 ent=0.042 kl=-0.0002
[upd  385 | steps  197120 | t  124.6s | sps  1582] ret_mean=174.000 ep_len=500.0 pi_loss=-0.000 v_loss=4.930 ent=0.031 kl=0.0021
[upd  386 | steps  197632 | t  124.7s | sps  1584] ret_mean=170.500 ep_len=500.0 pi_loss=-0.002 v_loss=3.679 ent=0.072 kl=0.0094
[upd  387 | steps  198144 | t  124.9s | sps  1587] ret_mean=157.000 ep_len=500.0 pi_loss=-0.001 v_loss=4.654 ent=0.064 kl=-0.0019
[upd  388 | steps  198656 | t  125.1s | sps  1589] ret_mean=183.500 ep_len=500.0 pi_loss=-0.002 v_loss=4.041 ent=0.151 kl=0.0011
[upd  389 | steps  199168 | t  125.2s | sps  1591] ret_mean=123.000 ep_len=500.0 pi_loss=-0.002 v_loss=5.035 ent=0.065 kl=-0.0005
[upd  390 | steps  199680 | t  125.4s | sps  1593] ret_mean=174.500 ep_len=500.0 pi_loss=-0.001 v_loss=5.700 ent=0.018 kl=-0.0006
[upd  391 | steps  200192 | t  125.5s | sps  1595] ret_mean=209.000 ep_len=500.0 pi_loss=-0.001 v_loss=4.644 ent=0.086 kl=0.0010
[upd  392 | steps  200704 | t  125.7s | sps  1597] ret_mean=149.500 ep_len=500.0 pi_loss=-0.001 v_loss=3.548 ent=0.143 kl=0.0025
[upd  393 | steps  201216 | t  125.8s | sps  1599] ret_mean=130.000 ep_len=500.0 pi_loss=-0.002 v_loss=3.752 ent=0.072 kl=-0.0009
[upd  394 | steps  201728 | t  126.0s | sps  1600] ret_mean=174.000 ep_len=500.0 pi_loss=-0.003 v_loss=4.538 ent=0.039 kl=-0.0015
[upd  395 | steps  202240 | t  126.2s | sps  1603] ret_mean=187.500 ep_len=500.0 pi_loss=-0.005 v_loss=7.588 ent=0.180 kl=0.0062
[upd  396 | steps  202752 | t  126.4s | sps  1604] ret_mean=76.000 ep_len=500.0 pi_loss=-0.006 v_loss=1.786 ent=0.222 kl=0.0030
[upd  397 | steps  203264 | t  126.6s | sps  1606] ret_mean=108.500 ep_len=500.0 pi_loss=-0.003 v_loss=6.040 ent=0.219 kl=0.0054
[upd  398 | steps  203776 | t  126.8s | sps  1607] ret_mean=161.500 ep_len=500.0 pi_loss=-0.005 v_loss=2.667 ent=0.176 kl=0.0016
[upd  399 | steps  204288 | t  127.0s | sps  1609] ret_mean=141.000 ep_len=500.0 pi_loss=-0.004 v_loss=3.554 ent=0.227 kl=-0.0018
[upd  400 | steps  204800 | t  127.1s | sps  1611] ret_mean=141.500 ep_len=500.0 pi_loss=-0.003 v_loss=4.943 ent=0.137 kl=0.0054
        [eval] ret_mean=33.783 ep_len=500.0
