$ /Users/samchen/Coding/CLASSES/CS2860/.venv/bin/python3 -m policies.train --env rware-tiny-2ag-easy-v2 --seed 1 --updates 400 --rollout 512 --eval-every 25 --eval-episodes 30 --log-dir matrix_results/diagnostics_v1_sam/comm_2ag/main_tiny --run-name mappo-no-comm__baseline__d0__s1 --n-msg-tokens 8 --no-comm --shape-rewards --pickup-bonus 0.5

[env] EnvSpec(env_id='rware-tiny-2ag-easy-v2', n_agents=2, obs_dim=71, n_env_actions=5, noop_action=0, family='rware')  (n_msg_tokens=1)
[cfg] {'clip_range': 0.2, 'value_clip_range': 0.2, 'entropy_coef': 0.01, 'value_coef': 0.5, 'max_grad_norm': 0.5, 'gamma': 0.99, 'gae_lambda': 0.95, 'lr_actor': 0.0003, 'lr_critic': 0.001, 'update_epochs': 4, 'minibatches': 4, 'hidden': 128, 'depth': 2, 'device': 'cpu', 'extra': {}}
[log] writing to matrix_results/diagnostics_v1_sam/comm_2ag/main_tiny/mappo-no-comm__baseline__d0__s1
[upd    1 | steps     512 | t    0.2s | sps  2545] ret_mean=0.000 ep_len=500.0 pi_loss=-0.004 v_loss=0.062 ent=1.608 kl=0.0009
[upd    2 | steps    1024 | t    0.4s | sps  2885] ret_mean=2.500 ep_len=500.0 pi_loss=-0.005 v_loss=0.038 ent=1.599 kl=0.0059
[upd    3 | steps    1536 | t    0.5s | sps  3030] ret_mean=1.000 ep_len=500.0 pi_loss=-0.007 v_loss=0.016 ent=1.587 kl=0.0027
[upd    4 | steps    2048 | t    0.7s | sps  3090] ret_mean=0.500 ep_len=500.0 pi_loss=-0.002 v_loss=0.006 ent=1.577 kl=0.0002
[upd    5 | steps    2560 | t    0.9s | sps  2886] ret_mean=1.500 ep_len=500.0 pi_loss=-0.005 v_loss=0.019 ent=1.579 kl=0.0017
[upd    6 | steps    3072 | t    1.0s | sps  2951] ret_mean=3.000 ep_len=500.0 pi_loss=-0.006 v_loss=0.032 ent=1.577 kl=0.0075
[upd    7 | steps    3584 | t    1.2s | sps  2958] ret_mean=4.000 ep_len=500.0 pi_loss=-0.005 v_loss=0.037 ent=1.566 kl=0.0004
[upd    8 | steps    4096 | t    1.4s | sps  2985] ret_mean=0.000 ep_len=500.0 pi_loss=-0.007 v_loss=0.005 ent=1.575 kl=0.0059
[upd    9 | steps    4608 | t    1.5s | sps  3025] ret_mean=0.000 ep_len=500.0 pi_loss=-0.012 v_loss=0.003 ent=1.577 kl=0.0099
[upd   10 | steps    5120 | t    1.7s | sps  3050] ret_mean=0.000 ep_len=500.0 pi_loss=-0.005 v_loss=0.008 ent=1.575 kl=0.0031
[upd   11 | steps    5632 | t    1.8s | sps  3077] ret_mean=4.500 ep_len=500.0 pi_loss=-0.007 v_loss=0.017 ent=1.579 kl=0.0047
[upd   12 | steps    6144 | t    2.0s | sps  3096] ret_mean=0.000 ep_len=500.0 pi_loss=-0.010 v_loss=0.002 ent=1.558 kl=0.0104
[upd   13 | steps    6656 | t    2.1s | sps  3119] ret_mean=0.000 ep_len=500.0 pi_loss=-0.010 v_loss=0.006 ent=1.547 kl=0.0060
[upd   14 | steps    7168 | t    2.3s | sps  3136] ret_mean=2.000 ep_len=500.0 pi_loss=-0.008 v_loss=0.013 ent=1.560 kl=0.0025
[upd   15 | steps    7680 | t    2.4s | sps  3157] ret_mean=1.000 ep_len=500.0 pi_loss=-0.011 v_loss=0.132 ent=1.533 kl=0.0092
[upd   16 | steps    8192 | t    2.6s | sps  3173] ret_mean=6.500 ep_len=500.0 pi_loss=-0.008 v_loss=0.061 ent=1.496 kl=0.0045
[upd   17 | steps    8704 | t    2.7s | sps  3191] ret_mean=6.500 ep_len=500.0 pi_loss=-0.004 v_loss=0.016 ent=1.519 kl=0.0112
[upd   18 | steps    9216 | t    2.9s | sps  3202] ret_mean=0.000 ep_len=500.0 pi_loss=-0.007 v_loss=0.021 ent=1.502 kl=0.0039
[upd   19 | steps    9728 | t    3.0s | sps  3215] ret_mean=3.000 ep_len=500.0 pi_loss=-0.008 v_loss=0.002 ent=1.461 kl=0.0066
[upd   20 | steps   10240 | t    3.2s | sps  3225] ret_mean=1.500 ep_len=500.0 pi_loss=-0.007 v_loss=0.012 ent=1.499 kl=0.0126
[upd   21 | steps   10752 | t    3.3s | sps  3233] ret_mean=0.000 ep_len=500.0 pi_loss=-0.009 v_loss=0.037 ent=1.489 kl=0.0055
[upd   22 | steps   11264 | t    3.5s | sps  3236] ret_mean=7.500 ep_len=500.0 pi_loss=-0.006 v_loss=0.043 ent=1.482 kl=0.0011
[upd   23 | steps   11776 | t    3.6s | sps  3240] ret_mean=0.000 ep_len=500.0 pi_loss=-0.004 v_loss=0.004 ent=1.450 kl=0.0021
[upd   24 | steps   12288 | t    3.8s | sps  3239] ret_mean=1.000 ep_len=500.0 pi_loss=-0.007 v_loss=0.003 ent=1.443 kl=-0.0003
[upd   25 | steps   12800 | t    4.0s | sps  3222] ret_mean=0.000 ep_len=500.0 pi_loss=-0.010 v_loss=0.165 ent=1.408 kl=0.0124
        [eval] ret_mean=16.667 ep_len=500.0
[upd   26 | steps   13312 | t    7.7s | sps  1735] ret_mean=2.000 ep_len=500.0 pi_loss=-0.003 v_loss=0.021 ent=1.362 kl=0.0084
[upd   27 | steps   13824 | t    7.8s | sps  1766] ret_mean=0.000 ep_len=500.0 pi_loss=-0.007 v_loss=0.002 ent=1.459 kl=0.0023
[upd   28 | steps   14336 | t    8.0s | sps  1797] ret_mean=7.500 ep_len=500.0 pi_loss=-0.005 v_loss=0.130 ent=1.438 kl=0.0066
[upd   29 | steps   14848 | t    8.1s | sps  1826] ret_mean=4.000 ep_len=500.0 pi_loss=-0.007 v_loss=0.013 ent=1.485 kl=0.0002
[upd   30 | steps   15360 | t    8.3s | sps  1855] ret_mean=15.000 ep_len=500.0 pi_loss=-0.009 v_loss=0.360 ent=1.373 kl=0.0102
[upd   31 | steps   15872 | t    8.4s | sps  1880] ret_mean=8.500 ep_len=500.0 pi_loss=-0.011 v_loss=0.193 ent=1.409 kl=0.0058
[upd   32 | steps   16384 | t    8.6s | sps  1904] ret_mean=0.000 ep_len=500.0 pi_loss=-0.007 v_loss=0.008 ent=1.463 kl=0.0076
[upd   33 | steps   16896 | t    8.8s | sps  1923] ret_mean=0.000 ep_len=500.0 pi_loss=-0.007 v_loss=0.005 ent=1.390 kl=0.0074
[upd   34 | steps   17408 | t    8.9s | sps  1947] ret_mean=11.500 ep_len=500.0 pi_loss=-0.003 v_loss=0.266 ent=1.385 kl=0.0007
[upd   35 | steps   17920 | t    9.1s | sps  1971] ret_mean=0.000 ep_len=500.0 pi_loss=-0.004 v_loss=0.096 ent=1.326 kl=0.0034
[upd   36 | steps   18432 | t    9.2s | sps  1993] ret_mean=4.500 ep_len=500.0 pi_loss=-0.005 v_loss=0.172 ent=1.314 kl=0.0042
[upd   37 | steps   18944 | t    9.4s | sps  2014] ret_mean=8.000 ep_len=500.0 pi_loss=-0.006 v_loss=0.012 ent=1.384 kl=0.0013
[upd   38 | steps   19456 | t    9.6s | sps  2036] ret_mean=14.000 ep_len=500.0 pi_loss=-0.003 v_loss=0.352 ent=1.214 kl=0.0034
[upd   39 | steps   19968 | t    9.7s | sps  2057] ret_mean=0.000 ep_len=500.0 pi_loss=-0.003 v_loss=0.014 ent=1.304 kl=-0.0018
[upd   40 | steps   20480 | t    9.9s | sps  2078] ret_mean=0.000 ep_len=500.0 pi_loss=-0.007 v_loss=0.477 ent=1.355 kl=0.0121
[upd   41 | steps   20992 | t   10.0s | sps  2097] ret_mean=22.000 ep_len=500.0 pi_loss=-0.007 v_loss=0.208 ent=1.234 kl=-0.0005
[upd   42 | steps   21504 | t   10.2s | sps  2115] ret_mean=0.000 ep_len=500.0 pi_loss=-0.009 v_loss=0.004 ent=1.383 kl=0.0063
[upd   43 | steps   22016 | t   10.3s | sps  2130] ret_mean=0.000 ep_len=500.0 pi_loss=-0.008 v_loss=0.003 ent=1.274 kl=0.0085
[upd   44 | steps   22528 | t   10.5s | sps  2142] ret_mean=0.000 ep_len=500.0 pi_loss=-0.008 v_loss=0.078 ent=1.224 kl=0.0015
[upd   45 | steps   23040 | t   10.7s | sps  2153] ret_mean=5.500 ep_len=500.0 pi_loss=-0.008 v_loss=0.743 ent=1.047 kl=0.0127
[upd   46 | steps   23552 | t   10.9s | sps  2155] ret_mean=18.500 ep_len=500.0 pi_loss=-0.004 v_loss=0.005 ent=1.192 kl=0.0224
[upd   47 | steps   24064 | t   11.1s | sps  2161] ret_mean=0.000 ep_len=500.0 pi_loss=-0.005 v_loss=0.184 ent=1.182 kl=0.0060
[upd   48 | steps   24576 | t   11.3s | sps  2173] ret_mean=8.500 ep_len=500.0 pi_loss=-0.002 v_loss=1.525 ent=1.146 kl=0.0018
[upd   49 | steps   25088 | t   11.5s | sps  2186] ret_mean=48.000 ep_len=500.0 pi_loss=-0.007 v_loss=0.534 ent=1.209 kl=0.0085
[upd   50 | steps   25600 | t   11.7s | sps  2186] ret_mean=5.000 ep_len=500.0 pi_loss=-0.003 v_loss=0.004 ent=1.306 kl=0.0080
        [eval] ret_mean=8.333 ep_len=500.0
[upd   51 | steps   26112 | t   16.1s | sps  1624] ret_mean=8.500 ep_len=500.0 pi_loss=-0.011 v_loss=0.146 ent=1.364 kl=0.0157
[upd   52 | steps   26624 | t   16.2s | sps  1639] ret_mean=10.000 ep_len=500.0 pi_loss=-0.005 v_loss=0.148 ent=1.169 kl=0.0083
[upd   53 | steps   27136 | t   16.4s | sps  1655] ret_mean=0.000 ep_len=500.0 pi_loss=-0.010 v_loss=0.009 ent=1.143 kl=0.0097
[upd   54 | steps   27648 | t   16.6s | sps  1666] ret_mean=15.000 ep_len=500.0 pi_loss=-0.005 v_loss=0.468 ent=1.116 kl=0.0061
[upd   55 | steps   28160 | t   16.8s | sps  1678] ret_mean=43.000 ep_len=500.0 pi_loss=-0.008 v_loss=1.551 ent=1.167 kl=0.0007
[upd   56 | steps   28672 | t   17.0s | sps  1686] ret_mean=46.000 ep_len=500.0 pi_loss=-0.012 v_loss=2.116 ent=1.096 kl=0.0030
[upd   57 | steps   29184 | t   17.2s | sps  1695] ret_mean=0.000 ep_len=500.0 pi_loss=-0.005 v_loss=0.017 ent=1.013 kl=-0.0034
[upd   58 | steps   29696 | t   17.5s | sps  1702] ret_mean=47.500 ep_len=500.0 pi_loss=-0.010 v_loss=2.640 ent=0.987 kl=0.0073
[upd   59 | steps   30208 | t   17.7s | sps  1711] ret_mean=37.000 ep_len=500.0 pi_loss=-0.007 v_loss=0.380 ent=1.106 kl=0.0081
[upd   60 | steps   30720 | t   17.9s | sps  1721] ret_mean=0.000 ep_len=500.0 pi_loss=-0.005 v_loss=0.011 ent=1.331 kl=0.0033
[upd   61 | steps   31232 | t   18.0s | sps  1732] ret_mean=0.000 ep_len=500.0 pi_loss=-0.006 v_loss=1.152 ent=0.790 kl=0.0058
[upd   62 | steps   31744 | t   18.2s | sps  1745] ret_mean=34.500 ep_len=500.0 pi_loss=-0.003 v_loss=1.060 ent=0.860 kl=0.0025
[upd   63 | steps   32256 | t   18.3s | sps  1758] ret_mean=76.000 ep_len=500.0 pi_loss=-0.006 v_loss=2.772 ent=0.855 kl=0.0091
[upd   64 | steps   32768 | t   18.5s | sps  1771] ret_mean=57.500 ep_len=500.0 pi_loss=-0.009 v_loss=1.618 ent=0.949 kl=0.0047
[upd   65 | steps   33280 | t   18.7s | sps  1784] ret_mean=0.000 ep_len=500.0 pi_loss=-0.007 v_loss=0.011 ent=1.145 kl=0.0132
[upd   66 | steps   33792 | t   18.8s | sps  1796] ret_mean=0.000 ep_len=500.0 pi_loss=-0.006 v_loss=0.015 ent=1.028 kl=0.0161
[upd   67 | steps   34304 | t   19.0s | sps  1809] ret_mean=0.000 ep_len=500.0 pi_loss=-0.007 v_loss=2.074 ent=0.809 kl=0.0097
[upd   68 | steps   34816 | t   19.1s | sps  1822] ret_mean=168.500 ep_len=500.0 pi_loss=-0.006 v_loss=14.587 ent=0.408 kl=0.0115
[upd   69 | steps   35328 | t   19.3s | sps  1834] ret_mean=102.000 ep_len=500.0 pi_loss=-0.008 v_loss=2.706 ent=0.907 kl=0.0137
[upd   70 | steps   35840 | t   19.4s | sps  1845] ret_mean=60.000 ep_len=500.0 pi_loss=-0.007 v_loss=2.724 ent=0.789 kl=0.0090
[upd   71 | steps   36352 | t   19.6s | sps  1856] ret_mean=66.500 ep_len=500.0 pi_loss=-0.006 v_loss=2.740 ent=0.902 kl=0.0125
[upd   72 | steps   36864 | t   19.7s | sps  1867] ret_mean=58.000 ep_len=500.0 pi_loss=-0.007 v_loss=5.348 ent=0.761 kl=0.0022
[upd   73 | steps   37376 | t   19.9s | sps  1877] ret_mean=73.500 ep_len=500.0 pi_loss=-0.011 v_loss=0.557 ent=0.795 kl=0.0097
[upd   74 | steps   37888 | t   20.1s | sps  1888] ret_mean=18.000 ep_len=500.0 pi_loss=-0.001 v_loss=0.716 ent=0.381 kl=0.0001
[upd   75 | steps   38400 | t   20.2s | sps  1899] ret_mean=0.000 ep_len=500.0 pi_loss=-0.002 v_loss=0.049 ent=0.528 kl=0.0038
        [eval] ret_mean=8.333 ep_len=500.0
[upd   76 | steps   38912 | t   24.4s | sps  1597] ret_mean=0.000 ep_len=500.0 pi_loss=-0.004 v_loss=0.026 ent=0.786 kl=0.0046
[upd   77 | steps   39424 | t   24.5s | sps  1607] ret_mean=0.000 ep_len=500.0 pi_loss=-0.008 v_loss=0.016 ent=0.847 kl=-0.0021
[upd   78 | steps   39936 | t   24.7s | sps  1618] ret_mean=26.000 ep_len=500.0 pi_loss=-0.002 v_loss=1.083 ent=0.899 kl=0.0073
[upd   79 | steps   40448 | t   24.8s | sps  1629] ret_mean=4.500 ep_len=500.0 pi_loss=-0.006 v_loss=0.014 ent=0.595 kl=0.0125
[upd   80 | steps   40960 | t   25.0s | sps  1639] ret_mean=0.000 ep_len=500.0 pi_loss=-0.007 v_loss=0.014 ent=0.773 kl=0.0034
[upd   81 | steps   41472 | t   25.1s | sps  1650] ret_mean=0.000 ep_len=500.0 pi_loss=-0.006 v_loss=0.192 ent=0.727 kl=0.0042
[upd   82 | steps   41984 | t   25.3s | sps  1660] ret_mean=110.000 ep_len=500.0 pi_loss=-0.006 v_loss=5.279 ent=0.483 kl=0.0013
[upd   83 | steps   42496 | t   25.4s | sps  1671] ret_mean=63.500 ep_len=500.0 pi_loss=-0.006 v_loss=4.031 ent=0.596 kl=0.0033
[upd   84 | steps   43008 | t   25.6s | sps  1680] ret_mean=28.000 ep_len=500.0 pi_loss=-0.000 v_loss=0.134 ent=0.605 kl=0.0042
[upd   85 | steps   43520 | t   25.8s | sps  1689] ret_mean=27.500 ep_len=500.0 pi_loss=-0.008 v_loss=1.308 ent=0.823 kl=-0.0052
[upd   86 | steps   44032 | t   25.9s | sps  1697] ret_mean=0.000 ep_len=500.0 pi_loss=-0.008 v_loss=0.392 ent=1.067 kl=0.0027
[upd   87 | steps   44544 | t   26.1s | sps  1705] ret_mean=71.500 ep_len=500.0 pi_loss=-0.006 v_loss=2.625 ent=0.747 kl=0.0017
[upd   88 | steps   45056 | t   26.3s | sps  1715] ret_mean=0.000 ep_len=500.0 pi_loss=-0.006 v_loss=0.010 ent=0.526 kl=0.0048
[upd   89 | steps   45568 | t   26.4s | sps  1725] ret_mean=66.500 ep_len=500.0 pi_loss=-0.003 v_loss=5.438 ent=0.590 kl=0.0045
[upd   90 | steps   46080 | t   26.6s | sps  1735] ret_mean=122.500 ep_len=500.0 pi_loss=-0.006 v_loss=4.654 ent=0.476 kl=0.0065
[upd   91 | steps   46592 | t   26.7s | sps  1744] ret_mean=70.000 ep_len=500.0 pi_loss=-0.006 v_loss=2.078 ent=0.676 kl=0.0027
[upd   92 | steps   47104 | t   26.9s | sps  1753] ret_mean=82.000 ep_len=500.0 pi_loss=-0.004 v_loss=3.620 ent=0.664 kl=-0.0008
[upd   93 | steps   47616 | t   27.0s | sps  1763] ret_mean=75.500 ep_len=500.0 pi_loss=-0.004 v_loss=2.360 ent=0.494 kl=0.0037
[upd   94 | steps   48128 | t   27.2s | sps  1771] ret_mean=0.000 ep_len=500.0 pi_loss=-0.005 v_loss=0.023 ent=0.939 kl=-0.0002
[upd   95 | steps   48640 | t   27.3s | sps  1780] ret_mean=0.000 ep_len=500.0 pi_loss=-0.011 v_loss=1.424 ent=0.814 kl=0.0157
[upd   96 | steps   49152 | t   27.5s | sps  1789] ret_mean=55.500 ep_len=500.0 pi_loss=-0.007 v_loss=0.711 ent=0.711 kl=0.0172
[upd   97 | steps   49664 | t   27.6s | sps  1797] ret_mean=0.000 ep_len=500.0 pi_loss=0.000 v_loss=1.924 ent=0.808 kl=0.0043
[upd   98 | steps   50176 | t   27.8s | sps  1806] ret_mean=159.000 ep_len=500.0 pi_loss=-0.003 v_loss=11.228 ent=0.491 kl=0.0111
[upd   99 | steps   50688 | t   27.9s | sps  1815] ret_mean=0.000 ep_len=500.0 pi_loss=-0.003 v_loss=0.053 ent=0.760 kl=-0.0023
[upd  100 | steps   51200 | t   28.1s | sps  1823] ret_mean=1.000 ep_len=500.0 pi_loss=-0.003 v_loss=0.064 ent=0.744 kl=0.0064
        [eval] ret_mean=4.167 ep_len=500.0
[upd  101 | steps   51712 | t   31.7s | sps  1632] ret_mean=104.000 ep_len=500.0 pi_loss=-0.004 v_loss=4.169 ent=0.751 kl=0.0062
[upd  102 | steps   52224 | t   31.8s | sps  1641] ret_mean=40.000 ep_len=500.0 pi_loss=-0.003 v_loss=2.018 ent=0.685 kl=0.0073
[upd  103 | steps   52736 | t   32.0s | sps  1649] ret_mean=90.500 ep_len=500.0 pi_loss=-0.007 v_loss=3.630 ent=0.826 kl=0.0043
[upd  104 | steps   53248 | t   32.2s | sps  1656] ret_mean=0.000 ep_len=500.0 pi_loss=-0.004 v_loss=0.069 ent=1.024 kl=0.0071
[upd  105 | steps   53760 | t   32.3s | sps  1663] ret_mean=34.000 ep_len=500.0 pi_loss=-0.004 v_loss=1.023 ent=0.906 kl=0.0056
[upd  106 | steps   54272 | t   32.5s | sps  1669] ret_mean=0.000 ep_len=500.0 pi_loss=-0.002 v_loss=0.074 ent=1.041 kl=0.0030
[upd  107 | steps   54784 | t   32.7s | sps  1673] ret_mean=0.000 ep_len=500.0 pi_loss=-0.009 v_loss=0.675 ent=1.071 kl=-0.0004
[upd  108 | steps   55296 | t   32.9s | sps  1680] ret_mean=115.500 ep_len=500.0 pi_loss=-0.010 v_loss=4.441 ent=0.779 kl=0.0092
[upd  109 | steps   55808 | t   33.1s | sps  1688] ret_mean=0.000 ep_len=500.0 pi_loss=-0.011 v_loss=0.025 ent=0.660 kl=0.0078
[upd  110 | steps   56320 | t   33.2s | sps  1695] ret_mean=13.000 ep_len=500.0 pi_loss=-0.001 v_loss=0.470 ent=0.632 kl=0.0011
[upd  111 | steps   56832 | t   33.4s | sps  1702] ret_mean=0.000 ep_len=500.0 pi_loss=-0.010 v_loss=0.027 ent=0.962 kl=0.0051
[upd  112 | steps   57344 | t   33.6s | sps  1709] ret_mean=83.500 ep_len=500.0 pi_loss=-0.004 v_loss=4.462 ent=0.827 kl=0.0097
[upd  113 | steps   57856 | t   33.7s | sps  1716] ret_mean=50.000 ep_len=500.0 pi_loss=-0.004 v_loss=4.397 ent=0.740 kl=0.0040
[upd  114 | steps   58368 | t   33.9s | sps  1723] ret_mean=122.500 ep_len=500.0 pi_loss=-0.004 v_loss=6.123 ent=0.299 kl=0.0006
[upd  115 | steps   58880 | t   34.0s | sps  1731] ret_mean=122.000 ep_len=500.0 pi_loss=-0.005 v_loss=4.276 ent=0.380 kl=0.0043
[upd  116 | steps   59392 | t   34.2s | sps  1737] ret_mean=96.500 ep_len=500.0 pi_loss=-0.006 v_loss=5.196 ent=0.473 kl=0.0028
[upd  117 | steps   59904 | t   34.4s | sps  1743] ret_mean=120.500 ep_len=500.0 pi_loss=-0.004 v_loss=4.580 ent=0.192 kl=0.0034
[upd  118 | steps   60416 | t   34.5s | sps  1749] ret_mean=38.500 ep_len=500.0 pi_loss=-0.002 v_loss=0.592 ent=0.463 kl=0.0024
[upd  119 | steps   60928 | t   34.7s | sps  1755] ret_mean=17.000 ep_len=500.0 pi_loss=-0.004 v_loss=2.376 ent=0.421 kl=0.0118
[upd  120 | steps   61440 | t   34.9s | sps  1760] ret_mean=124.500 ep_len=500.0 pi_loss=-0.004 v_loss=2.568 ent=0.378 kl=0.0053
[upd  121 | steps   61952 | t   35.1s | sps  1767] ret_mean=0.000 ep_len=500.0 pi_loss=-0.003 v_loss=0.102 ent=0.605 kl=-0.0006
[upd  122 | steps   62464 | t   35.2s | sps  1773] ret_mean=0.000 ep_len=500.0 pi_loss=-0.003 v_loss=0.028 ent=0.668 kl=0.0006
[upd  123 | steps   62976 | t   35.4s | sps  1779] ret_mean=53.500 ep_len=500.0 pi_loss=-0.003 v_loss=4.150 ent=0.290 kl=0.0071
[upd  124 | steps   63488 | t   35.5s | sps  1786] ret_mean=86.500 ep_len=500.0 pi_loss=-0.010 v_loss=2.522 ent=0.516 kl=0.0197
[upd  125 | steps   64000 | t   35.7s | sps  1792] ret_mean=55.500 ep_len=500.0 pi_loss=-0.003 v_loss=2.240 ent=0.663 kl=0.0090
        [eval] ret_mean=8.300 ep_len=500.0
[upd  126 | steps   64512 | t   39.7s | sps  1626] ret_mean=60.500 ep_len=500.0 pi_loss=-0.000 v_loss=2.591 ent=0.456 kl=0.0065
[upd  127 | steps   65024 | t   39.8s | sps  1632] ret_mean=67.500 ep_len=500.0 pi_loss=-0.008 v_loss=3.155 ent=0.508 kl=0.0040
[upd  128 | steps   65536 | t   40.1s | sps  1636] ret_mean=79.000 ep_len=500.0 pi_loss=-0.005 v_loss=3.612 ent=0.698 kl=0.0056
[upd  129 | steps   66048 | t   40.3s | sps  1641] ret_mean=103.500 ep_len=500.0 pi_loss=-0.004 v_loss=4.697 ent=0.625 kl=0.0011
[upd  130 | steps   66560 | t   40.4s | sps  1646] ret_mean=110.500 ep_len=500.0 pi_loss=-0.000 v_loss=5.308 ent=0.457 kl=-0.0013
[upd  131 | steps   67072 | t   40.6s | sps  1652] ret_mean=0.000 ep_len=500.0 pi_loss=-0.010 v_loss=0.383 ent=0.433 kl=0.0023
[upd  132 | steps   67584 | t   40.8s | sps  1657] ret_mean=114.000 ep_len=500.0 pi_loss=-0.003 v_loss=4.672 ent=0.440 kl=0.0034
[upd  133 | steps   68096 | t   40.9s | sps  1664] ret_mean=103.500 ep_len=500.0 pi_loss=-0.006 v_loss=4.863 ent=0.265 kl=0.0060
[upd  134 | steps   68608 | t   41.1s | sps  1669] ret_mean=55.500 ep_len=500.0 pi_loss=-0.003 v_loss=3.130 ent=0.659 kl=0.0068
[upd  135 | steps   69120 | t   41.3s | sps  1673] ret_mean=124.000 ep_len=500.0 pi_loss=-0.003 v_loss=4.005 ent=0.245 kl=0.0015
[upd  136 | steps   69632 | t   41.6s | sps  1675] ret_mean=79.500 ep_len=500.0 pi_loss=-0.007 v_loss=3.699 ent=0.400 kl=0.0047
[upd  137 | steps   70144 | t   41.8s | sps  1678] ret_mean=0.000 ep_len=500.0 pi_loss=-0.008 v_loss=4.222 ent=0.682 kl=0.0241
[upd  138 | steps   70656 | t   42.0s | sps  1682] ret_mean=221.000 ep_len=500.0 pi_loss=-0.000 v_loss=17.243 ent=0.219 kl=0.0001
[upd  139 | steps   71168 | t   42.2s | sps  1686] ret_mean=43.000 ep_len=500.0 pi_loss=-0.008 v_loss=0.133 ent=0.928 kl=0.0137
[upd  140 | steps   71680 | t   42.4s | sps  1690] ret_mean=0.000 ep_len=500.0 pi_loss=-0.006 v_loss=1.659 ent=0.506 kl=0.0056
[upd  141 | steps   72192 | t   42.6s | sps  1696] ret_mean=121.500 ep_len=500.0 pi_loss=-0.003 v_loss=4.411 ent=0.263 kl=0.0031
[upd  142 | steps   72704 | t   42.7s | sps  1701] ret_mean=113.500 ep_len=500.0 pi_loss=0.001 v_loss=3.322 ent=0.489 kl=0.0106
[upd  143 | steps   73216 | t   42.9s | sps  1707] ret_mean=0.000 ep_len=500.0 pi_loss=-0.004 v_loss=0.122 ent=0.911 kl=0.0034
[upd  144 | steps   73728 | t   43.1s | sps  1712] ret_mean=0.000 ep_len=500.0 pi_loss=-0.004 v_loss=0.060 ent=0.606 kl=0.0015
[upd  145 | steps   74240 | t   43.2s | sps  1718] ret_mean=0.000 ep_len=500.0 pi_loss=-0.007 v_loss=2.677 ent=0.528 kl=0.0081
[upd  146 | steps   74752 | t   43.3s | sps  1724] ret_mean=177.500 ep_len=500.0 pi_loss=-0.001 v_loss=13.049 ent=0.203 kl=0.0011
[upd  147 | steps   75264 | t   43.5s | sps  1730] ret_mean=121.000 ep_len=500.0 pi_loss=-0.005 v_loss=2.252 ent=0.599 kl=0.0052
[upd  148 | steps   75776 | t   43.7s | sps  1736] ret_mean=48.000 ep_len=500.0 pi_loss=-0.004 v_loss=7.781 ent=0.492 kl=0.0104
[upd  149 | steps   76288 | t   43.8s | sps  1741] ret_mean=185.000 ep_len=500.0 pi_loss=-0.004 v_loss=12.291 ent=0.260 kl=0.0282
[upd  150 | steps   76800 | t   44.0s | sps  1747] ret_mean=122.500 ep_len=500.0 pi_loss=-0.003 v_loss=7.695 ent=0.398 kl=0.0050
        [eval] ret_mean=20.800 ep_len=500.0
[upd  151 | steps   77312 | t   47.8s | sps  1616] ret_mean=0.000 ep_len=500.0 pi_loss=-0.005 v_loss=0.098 ent=0.798 kl=0.0079
[upd  152 | steps   77824 | t   48.0s | sps  1622] ret_mean=70.500 ep_len=500.0 pi_loss=-0.006 v_loss=2.786 ent=0.623 kl=0.0099
[upd  153 | steps   78336 | t   48.1s | sps  1627] ret_mean=105.000 ep_len=500.0 pi_loss=-0.006 v_loss=4.183 ent=0.518 kl=0.0105
[upd  154 | steps   78848 | t   48.3s | sps  1633] ret_mean=106.000 ep_len=500.0 pi_loss=-0.007 v_loss=4.882 ent=0.385 kl=0.0071
[upd  155 | steps   79360 | t   48.4s | sps  1638] ret_mean=113.500 ep_len=500.0 pi_loss=-0.008 v_loss=5.035 ent=0.332 kl=0.0031
[upd  156 | steps   79872 | t   48.6s | sps  1644] ret_mean=207.000 ep_len=500.0 pi_loss=-0.004 v_loss=14.614 ent=0.244 kl=0.0019
[upd  157 | steps   80384 | t   48.7s | sps  1649] ret_mean=0.000 ep_len=500.0 pi_loss=-0.004 v_loss=0.167 ent=0.789 kl=0.0105
[upd  158 | steps   80896 | t   48.9s | sps  1655] ret_mean=139.000 ep_len=500.0 pi_loss=-0.004 v_loss=11.043 ent=0.326 kl=0.0097
[upd  159 | steps   81408 | t   49.0s | sps  1660] ret_mean=0.000 ep_len=500.0 pi_loss=-0.010 v_loss=0.138 ent=0.930 kl=0.0127
[upd  160 | steps   81920 | t   49.2s | sps  1665] ret_mean=0.000 ep_len=500.0 pi_loss=-0.004 v_loss=0.086 ent=0.817 kl=0.0010
[upd  161 | steps   82432 | t   49.4s | sps  1670] ret_mean=147.000 ep_len=500.0 pi_loss=-0.002 v_loss=12.459 ent=0.385 kl=0.0028
[upd  162 | steps   82944 | t   49.5s | sps  1676] ret_mean=35.000 ep_len=500.0 pi_loss=-0.002 v_loss=5.130 ent=0.613 kl=0.0021
[upd  163 | steps   83456 | t   49.7s | sps  1680] ret_mean=236.500 ep_len=500.0 pi_loss=-0.005 v_loss=13.293 ent=0.369 kl=0.0074
[upd  164 | steps   83968 | t   49.8s | sps  1685] ret_mean=0.000 ep_len=500.0 pi_loss=-0.004 v_loss=1.747 ent=0.988 kl=0.0118
[upd  165 | steps   84480 | t   50.0s | sps  1690] ret_mean=123.500 ep_len=500.0 pi_loss=-0.009 v_loss=8.922 ent=0.393 kl=0.0034
[upd  166 | steps   84992 | t   50.1s | sps  1695] ret_mean=166.500 ep_len=500.0 pi_loss=-0.006 v_loss=3.415 ent=0.696 kl=0.0064
[upd  167 | steps   85504 | t   50.3s | sps  1700] ret_mean=26.000 ep_len=500.0 pi_loss=-0.012 v_loss=2.529 ent=0.730 kl=0.0127
[upd  168 | steps   86016 | t   50.4s | sps  1705] ret_mean=126.500 ep_len=500.0 pi_loss=-0.001 v_loss=5.978 ent=0.459 kl=0.0017
[upd  169 | steps   86528 | t   50.6s | sps  1710] ret_mean=115.000 ep_len=500.0 pi_loss=-0.003 v_loss=2.215 ent=0.730 kl=0.0022
[upd  170 | steps   87040 | t   50.7s | sps  1715] ret_mean=70.000 ep_len=500.0 pi_loss=-0.008 v_loss=10.312 ent=0.424 kl=0.0085
[upd  171 | steps   87552 | t   50.9s | sps  1720] ret_mean=242.500 ep_len=500.0 pi_loss=-0.001 v_loss=16.368 ent=0.177 kl=0.0007
[upd  172 | steps   88064 | t   51.0s | sps  1725] ret_mean=229.500 ep_len=500.0 pi_loss=-0.003 v_loss=13.615 ent=0.147 kl=0.0033
[upd  173 | steps   88576 | t   51.2s | sps  1728] ret_mean=149.500 ep_len=500.0 pi_loss=-0.011 v_loss=8.842 ent=0.484 kl=0.0051
[upd  174 | steps   89088 | t   51.4s | sps  1734] ret_mean=214.500 ep_len=500.0 pi_loss=-0.002 v_loss=8.531 ent=0.480 kl=0.0063
[upd  175 | steps   89600 | t   51.5s | sps  1738] ret_mean=77.000 ep_len=500.0 pi_loss=-0.006 v_loss=0.811 ent=1.135 kl=0.0073
        [eval] ret_mean=4.167 ep_len=500.0
[upd  176 | steps   90112 | t   55.4s | sps  1627] ret_mean=210.000 ep_len=500.0 pi_loss=-0.003 v_loss=13.213 ent=0.278 kl=-0.0014
[upd  177 | steps   90624 | t   55.6s | sps  1630] ret_mean=191.000 ep_len=500.0 pi_loss=-0.009 v_loss=11.254 ent=0.325 kl=0.0102
[upd  178 | steps   91136 | t   55.8s | sps  1634] ret_mean=0.000 ep_len=500.0 pi_loss=-0.006 v_loss=0.880 ent=1.185 kl=0.0103
[upd  179 | steps   91648 | t   55.9s | sps  1638] ret_mean=105.500 ep_len=500.0 pi_loss=-0.004 v_loss=3.150 ent=0.770 kl=0.0009
[upd  180 | steps   92160 | t   56.1s | sps  1643] ret_mean=110.500 ep_len=500.0 pi_loss=-0.004 v_loss=4.084 ent=0.725 kl=0.0044
[upd  181 | steps   92672 | t   56.3s | sps  1646] ret_mean=65.500 ep_len=500.0 pi_loss=-0.006 v_loss=2.337 ent=0.848 kl=0.0016
[upd  182 | steps   93184 | t   56.4s | sps  1651] ret_mean=43.000 ep_len=500.0 pi_loss=-0.005 v_loss=1.839 ent=1.155 kl=0.0021
[upd  183 | steps   93696 | t   56.6s | sps  1655] ret_mean=0.000 ep_len=500.0 pi_loss=-0.005 v_loss=1.164 ent=1.346 kl=0.0011
[upd  184 | steps   94208 | t   56.8s | sps  1659] ret_mean=109.000 ep_len=500.0 pi_loss=-0.008 v_loss=2.828 ent=0.777 kl=0.0010
[upd  185 | steps   94720 | t   56.9s | sps  1664] ret_mean=117.500 ep_len=500.0 pi_loss=-0.009 v_loss=2.494 ent=0.828 kl=0.0070
[upd  186 | steps   95232 | t   57.1s | sps  1669] ret_mean=198.000 ep_len=500.0 pi_loss=-0.005 v_loss=12.055 ent=0.453 kl=0.0067
[upd  187 | steps   95744 | t   57.2s | sps  1673] ret_mean=90.500 ep_len=500.0 pi_loss=-0.004 v_loss=2.158 ent=0.772 kl=0.0059
[upd  188 | steps   96256 | t   57.4s | sps  1676] ret_mean=114.000 ep_len=500.0 pi_loss=-0.008 v_loss=2.372 ent=0.928 kl=0.0160
[upd  189 | steps   96768 | t   57.6s | sps  1679] ret_mean=0.000 ep_len=500.0 pi_loss=-0.003 v_loss=1.487 ent=1.172 kl=0.0065
[upd  190 | steps   97280 | t   57.8s | sps  1684] ret_mean=120.000 ep_len=500.0 pi_loss=-0.006 v_loss=2.935 ent=0.756 kl=0.0048
[upd  191 | steps   97792 | t   57.9s | sps  1688] ret_mean=115.500 ep_len=500.0 pi_loss=-0.005 v_loss=6.034 ent=0.551 kl=0.0088
[upd  192 | steps   98304 | t   58.1s | sps  1692] ret_mean=212.000 ep_len=500.0 pi_loss=-0.001 v_loss=13.260 ent=0.123 kl=0.0005
[upd  193 | steps   98816 | t   58.2s | sps  1696] ret_mean=243.500 ep_len=500.0 pi_loss=-0.004 v_loss=10.806 ent=0.419 kl=0.0044
[upd  194 | steps   99328 | t   58.4s | sps  1701] ret_mean=176.000 ep_len=500.0 pi_loss=-0.002 v_loss=11.048 ent=0.261 kl=0.0020
[upd  195 | steps   99840 | t   58.5s | sps  1705] ret_mean=207.000 ep_len=500.0 pi_loss=-0.003 v_loss=12.132 ent=0.289 kl=0.0044
[upd  196 | steps  100352 | t   58.7s | sps  1710] ret_mean=201.500 ep_len=500.0 pi_loss=-0.002 v_loss=7.825 ent=0.376 kl=0.0061
[upd  197 | steps  100864 | t   58.8s | sps  1714] ret_mean=123.000 ep_len=500.0 pi_loss=-0.002 v_loss=2.725 ent=0.911 kl=0.0017
[upd  198 | steps  101376 | t   59.0s | sps  1719] ret_mean=98.500 ep_len=500.0 pi_loss=-0.002 v_loss=6.453 ent=0.553 kl=0.0038
[upd  199 | steps  101888 | t   59.1s | sps  1723] ret_mean=214.500 ep_len=500.0 pi_loss=-0.000 v_loss=7.352 ent=0.437 kl=0.0002
[upd  200 | steps  102400 | t   59.3s | sps  1727] ret_mean=122.000 ep_len=500.0 pi_loss=-0.006 v_loss=4.301 ent=0.840 kl=0.0072
        [eval] ret_mean=4.167 ep_len=500.0
[upd  201 | steps  102912 | t   63.1s | sps  1632] ret_mean=146.000 ep_len=500.0 pi_loss=-0.005 v_loss=5.802 ent=0.608 kl=0.0017
[upd  202 | steps  103424 | t   63.2s | sps  1636] ret_mean=105.000 ep_len=500.0 pi_loss=-0.007 v_loss=2.967 ent=0.803 kl=0.0120
[upd  203 | steps  103936 | t   63.4s | sps  1640] ret_mean=121.500 ep_len=500.0 pi_loss=-0.009 v_loss=2.323 ent=0.780 kl=0.0110
[upd  204 | steps  104448 | t   63.5s | sps  1645] ret_mean=97.500 ep_len=500.0 pi_loss=-0.004 v_loss=2.466 ent=0.927 kl=0.0047
[upd  205 | steps  104960 | t   63.6s | sps  1649] ret_mean=184.000 ep_len=500.0 pi_loss=-0.008 v_loss=8.741 ent=0.381 kl=0.0053
[upd  206 | steps  105472 | t   63.8s | sps  1653] ret_mean=103.000 ep_len=500.0 pi_loss=-0.011 v_loss=3.972 ent=0.864 kl=0.0117
[upd  207 | steps  105984 | t   64.0s | sps  1657] ret_mean=0.000 ep_len=500.0 pi_loss=-0.005 v_loss=1.518 ent=1.428 kl=0.0045
[upd  208 | steps  106496 | t   64.1s | sps  1661] ret_mean=87.500 ep_len=500.0 pi_loss=-0.008 v_loss=3.210 ent=0.943 kl=0.0141
[upd  209 | steps  107008 | t   64.3s | sps  1665] ret_mean=166.000 ep_len=500.0 pi_loss=-0.005 v_loss=11.657 ent=0.349 kl=0.0032
[upd  210 | steps  107520 | t   64.4s | sps  1670] ret_mean=237.500 ep_len=500.0 pi_loss=-0.001 v_loss=9.790 ent=0.281 kl=0.0024
[upd  211 | steps  108032 | t   64.5s | sps  1674] ret_mean=166.000 ep_len=500.0 pi_loss=-0.001 v_loss=8.981 ent=0.534 kl=-0.0003
[upd  212 | steps  108544 | t   64.7s | sps  1678] ret_mean=121.500 ep_len=500.0 pi_loss=-0.008 v_loss=3.484 ent=0.845 kl=0.0091
[upd  213 | steps  109056 | t   64.8s | sps  1682] ret_mean=71.500 ep_len=500.0 pi_loss=-0.007 v_loss=5.401 ent=0.746 kl=0.0050
[upd  214 | steps  109568 | t   65.0s | sps  1686] ret_mean=154.000 ep_len=500.0 pi_loss=-0.002 v_loss=6.702 ent=0.644 kl=0.0067
[upd  215 | steps  110080 | t   65.1s | sps  1690] ret_mean=107.000 ep_len=500.0 pi_loss=-0.007 v_loss=4.016 ent=0.623 kl=0.0049
[upd  216 | steps  110592 | t   65.3s | sps  1694] ret_mean=189.000 ep_len=500.0 pi_loss=-0.008 v_loss=6.453 ent=0.550 kl=0.0160
[upd  217 | steps  111104 | t   65.4s | sps  1698] ret_mean=85.500 ep_len=500.0 pi_loss=-0.004 v_loss=2.945 ent=0.786 kl=0.0010
[upd  218 | steps  111616 | t   65.6s | sps  1702] ret_mean=92.000 ep_len=500.0 pi_loss=-0.004 v_loss=2.673 ent=0.797 kl=0.0038
[upd  219 | steps  112128 | t   65.8s | sps  1705] ret_mean=17.000 ep_len=500.0 pi_loss=-0.005 v_loss=5.378 ent=0.883 kl=0.0046
[upd  220 | steps  112640 | t   65.9s | sps  1709] ret_mean=191.500 ep_len=500.0 pi_loss=-0.001 v_loss=11.747 ent=0.149 kl=0.0034
[upd  221 | steps  113152 | t   66.0s | sps  1713] ret_mean=156.500 ep_len=500.0 pi_loss=-0.012 v_loss=3.059 ent=0.808 kl=0.0174
[upd  222 | steps  113664 | t   66.2s | sps  1717] ret_mean=77.500 ep_len=500.0 pi_loss=-0.012 v_loss=2.775 ent=0.793 kl=0.0058
[upd  223 | steps  114176 | t   66.4s | sps  1721] ret_mean=85.500 ep_len=500.0 pi_loss=-0.008 v_loss=2.442 ent=0.642 kl=0.0091
[upd  224 | steps  114688 | t   66.5s | sps  1724] ret_mean=106.500 ep_len=500.0 pi_loss=-0.009 v_loss=2.960 ent=0.920 kl=0.0105
[upd  225 | steps  115200 | t   66.7s | sps  1728] ret_mean=16.000 ep_len=500.0 pi_loss=-0.003 v_loss=3.595 ent=0.986 kl=0.0006
        [eval] ret_mean=16.583 ep_len=500.0
[upd  226 | steps  115712 | t   70.5s | sps  1641] ret_mean=93.500 ep_len=500.0 pi_loss=-0.003 v_loss=2.861 ent=0.588 kl=0.0043
[upd  227 | steps  116224 | t   70.7s | sps  1644] ret_mean=0.000 ep_len=500.0 pi_loss=-0.009 v_loss=1.602 ent=1.117 kl=0.0052
[upd  228 | steps  116736 | t   70.9s | sps  1647] ret_mean=124.500 ep_len=500.0 pi_loss=-0.004 v_loss=2.631 ent=0.549 kl=0.0052
[upd  229 | steps  117248 | t   71.0s | sps  1651] ret_mean=107.500 ep_len=500.0 pi_loss=-0.010 v_loss=2.801 ent=0.583 kl=-0.0012
[upd  230 | steps  117760 | t   71.2s | sps  1654] ret_mean=147.500 ep_len=500.0 pi_loss=-0.002 v_loss=6.889 ent=0.272 kl=0.0024
[upd  231 | steps  118272 | t   71.4s | sps  1658] ret_mean=121.000 ep_len=500.0 pi_loss=-0.016 v_loss=2.627 ent=0.387 kl=0.0375
[upd  232 | steps  118784 | t   71.5s | sps  1661] ret_mean=166.000 ep_len=500.0 pi_loss=-0.001 v_loss=7.536 ent=0.309 kl=0.0048
[upd  233 | steps  119296 | t   71.7s | sps  1664] ret_mean=124.000 ep_len=500.0 pi_loss=-0.005 v_loss=2.756 ent=0.482 kl=-0.0008
[upd  234 | steps  119808 | t   71.9s | sps  1667] ret_mean=208.000 ep_len=500.0 pi_loss=-0.002 v_loss=10.490 ent=0.110 kl=-0.0023
[upd  235 | steps  120320 | t   72.1s | sps  1670] ret_mean=114.500 ep_len=500.0 pi_loss=-0.004 v_loss=3.052 ent=0.383 kl=0.0007
[upd  236 | steps  120832 | t   72.2s | sps  1673] ret_mean=0.000 ep_len=500.0 pi_loss=-0.008 v_loss=5.898 ent=0.305 kl=0.0041
[upd  237 | steps  121344 | t   72.4s | sps  1676] ret_mean=222.500 ep_len=500.0 pi_loss=-0.006 v_loss=9.938 ent=0.151 kl=0.0197
[upd  238 | steps  121856 | t   72.6s | sps  1680] ret_mean=61.500 ep_len=500.0 pi_loss=-0.017 v_loss=4.041 ent=0.594 kl=0.0578
[upd  239 | steps  122368 | t   72.7s | sps  1683] ret_mean=204.000 ep_len=500.0 pi_loss=-0.001 v_loss=9.291 ent=0.209 kl=0.0022
[upd  240 | steps  122880 | t   72.9s | sps  1686] ret_mean=119.000 ep_len=500.0 pi_loss=-0.005 v_loss=3.960 ent=0.541 kl=0.0072
[upd  241 | steps  123392 | t   73.0s | sps  1689] ret_mean=82.500 ep_len=500.0 pi_loss=-0.001 v_loss=2.735 ent=0.379 kl=0.0055
[upd  242 | steps  123904 | t   73.2s | sps  1693] ret_mean=132.000 ep_len=500.0 pi_loss=-0.005 v_loss=7.110 ent=0.285 kl=0.0003
[upd  243 | steps  124416 | t   73.3s | sps  1696] ret_mean=238.500 ep_len=500.0 pi_loss=-0.002 v_loss=9.075 ent=0.185 kl=0.0023
[upd  244 | steps  124928 | t   73.5s | sps  1700] ret_mean=114.000 ep_len=500.0 pi_loss=-0.003 v_loss=6.312 ent=0.371 kl=-0.0035
[upd  245 | steps  125440 | t   73.6s | sps  1703] ret_mean=95.500 ep_len=500.0 pi_loss=-0.003 v_loss=6.693 ent=0.272 kl=0.0017
[upd  246 | steps  125952 | t   73.8s | sps  1706] ret_mean=217.500 ep_len=500.0 pi_loss=-0.002 v_loss=7.830 ent=0.335 kl=0.0020
[upd  247 | steps  126464 | t   74.0s | sps  1710] ret_mean=135.500 ep_len=500.0 pi_loss=-0.003 v_loss=9.758 ent=0.217 kl=0.0033
[upd  248 | steps  126976 | t   74.1s | sps  1714] ret_mean=213.000 ep_len=500.0 pi_loss=-0.001 v_loss=9.520 ent=0.213 kl=-0.0020
[upd  249 | steps  127488 | t   74.3s | sps  1717] ret_mean=171.000 ep_len=500.0 pi_loss=-0.001 v_loss=7.931 ent=0.214 kl=0.0004
[upd  250 | steps  128000 | t   74.4s | sps  1721] ret_mean=203.000 ep_len=500.0 pi_loss=-0.002 v_loss=10.811 ent=0.210 kl=-0.0017
        [eval] ret_mean=58.117 ep_len=500.0
[upd  251 | steps  128512 | t   78.1s | sps  1645] ret_mean=124.500 ep_len=500.0 pi_loss=-0.005 v_loss=4.898 ent=0.539 kl=0.0013
[upd  252 | steps  129024 | t   78.3s | sps  1649] ret_mean=137.000 ep_len=500.0 pi_loss=-0.005 v_loss=4.700 ent=0.476 kl=0.0118
[upd  253 | steps  129536 | t   78.4s | sps  1652] ret_mean=186.500 ep_len=500.0 pi_loss=-0.002 v_loss=9.132 ent=0.237 kl=-0.0014
[upd  254 | steps  130048 | t   78.6s | sps  1655] ret_mean=164.500 ep_len=500.0 pi_loss=-0.001 v_loss=9.121 ent=0.395 kl=0.0021
[upd  255 | steps  130560 | t   78.7s | sps  1659] ret_mean=120.500 ep_len=500.0 pi_loss=-0.003 v_loss=5.245 ent=0.515 kl=0.0007
[upd  256 | steps  131072 | t   78.9s | sps  1662] ret_mean=221.000 ep_len=500.0 pi_loss=-0.004 v_loss=10.696 ent=0.337 kl=-0.0020
[upd  257 | steps  131584 | t   79.0s | sps  1665] ret_mean=67.000 ep_len=500.0 pi_loss=-0.007 v_loss=9.053 ent=0.867 kl=0.0128
[upd  258 | steps  132096 | t   79.2s | sps  1669] ret_mean=188.000 ep_len=500.0 pi_loss=-0.002 v_loss=11.524 ent=0.339 kl=-0.0019
[upd  259 | steps  132608 | t   79.3s | sps  1672] ret_mean=219.500 ep_len=500.0 pi_loss=-0.002 v_loss=10.315 ent=0.239 kl=0.0062
[upd  260 | steps  133120 | t   79.5s | sps  1676] ret_mean=140.000 ep_len=500.0 pi_loss=-0.006 v_loss=8.523 ent=0.432 kl=0.0017
[upd  261 | steps  133632 | t   79.6s | sps  1679] ret_mean=223.500 ep_len=500.0 pi_loss=-0.003 v_loss=10.710 ent=0.256 kl=0.0082
[upd  262 | steps  134144 | t   79.7s | sps  1682] ret_mean=115.000 ep_len=500.0 pi_loss=-0.006 v_loss=5.905 ent=0.571 kl=-0.0042
[upd  263 | steps  134656 | t   79.9s | sps  1685] ret_mean=121.000 ep_len=500.0 pi_loss=-0.002 v_loss=5.754 ent=0.578 kl=0.0012
[upd  264 | steps  135168 | t   80.1s | sps  1689] ret_mean=117.000 ep_len=500.0 pi_loss=-0.005 v_loss=5.779 ent=0.826 kl=0.0058
[upd  265 | steps  135680 | t   80.2s | sps  1692] ret_mean=108.500 ep_len=500.0 pi_loss=-0.001 v_loss=9.337 ent=0.395 kl=0.0015
[upd  266 | steps  136192 | t   80.4s | sps  1695] ret_mean=220.000 ep_len=500.0 pi_loss=-0.001 v_loss=10.895 ent=0.125 kl=0.0011
[upd  267 | steps  136704 | t   80.5s | sps  1698] ret_mean=233.500 ep_len=500.0 pi_loss=-0.001 v_loss=10.395 ent=0.192 kl=-0.0011
[upd  268 | steps  137216 | t   80.7s | sps  1701] ret_mean=207.000 ep_len=500.0 pi_loss=-0.007 v_loss=11.288 ent=0.325 kl=0.0264
[upd  269 | steps  137728 | t   80.8s | sps  1704] ret_mean=153.500 ep_len=500.0 pi_loss=-0.002 v_loss=11.054 ent=0.538 kl=0.0050
[upd  270 | steps  138240 | t   81.0s | sps  1707] ret_mean=18.500 ep_len=500.0 pi_loss=-0.005 v_loss=7.654 ent=0.551 kl=0.0026
[upd  271 | steps  138752 | t   81.1s | sps  1710] ret_mean=219.500 ep_len=500.0 pi_loss=-0.002 v_loss=11.979 ent=0.127 kl=0.0034
[upd  272 | steps  139264 | t   81.3s | sps  1713] ret_mean=231.000 ep_len=500.0 pi_loss=-0.004 v_loss=10.990 ent=0.367 kl=0.0126
[upd  273 | steps  139776 | t   81.5s | sps  1715] ret_mean=189.000 ep_len=500.0 pi_loss=-0.002 v_loss=12.878 ent=0.466 kl=0.0050
[upd  274 | steps  140288 | t   81.6s | sps  1718] ret_mean=68.500 ep_len=500.0 pi_loss=-0.006 v_loss=15.487 ent=0.629 kl=0.0090
[upd  275 | steps  140800 | t   81.8s | sps  1721] ret_mean=108.000 ep_len=500.0 pi_loss=-0.003 v_loss=5.666 ent=0.576 kl=0.0049
        [eval] ret_mean=45.633 ep_len=500.0
[upd  276 | steps  141312 | t   85.8s | sps  1647] ret_mean=161.000 ep_len=500.0 pi_loss=-0.005 v_loss=6.920 ent=0.427 kl=0.0142
[upd  277 | steps  141824 | t   86.0s | sps  1650] ret_mean=106.000 ep_len=500.0 pi_loss=-0.012 v_loss=7.545 ent=0.627 kl=0.0059
[upd  278 | steps  142336 | t   86.1s | sps  1653] ret_mean=65.000 ep_len=500.0 pi_loss=-0.007 v_loss=8.868 ent=0.584 kl=0.0046
[upd  279 | steps  142848 | t   86.3s | sps  1656] ret_mean=201.500 ep_len=500.0 pi_loss=-0.001 v_loss=10.545 ent=0.236 kl=0.0003
[upd  280 | steps  143360 | t   86.4s | sps  1659] ret_mean=4.000 ep_len=500.0 pi_loss=-0.005 v_loss=13.274 ent=0.672 kl=0.0096
[upd  281 | steps  143872 | t   86.6s | sps  1662] ret_mean=150.500 ep_len=500.0 pi_loss=-0.003 v_loss=6.566 ent=0.299 kl=0.0015
[upd  282 | steps  144384 | t   86.7s | sps  1665] ret_mean=192.500 ep_len=500.0 pi_loss=-0.002 v_loss=9.742 ent=0.295 kl=0.0035
[upd  283 | steps  144896 | t   86.9s | sps  1668] ret_mean=112.500 ep_len=500.0 pi_loss=-0.004 v_loss=4.019 ent=0.390 kl=0.0152
[upd  284 | steps  145408 | t   87.0s | sps  1671] ret_mean=167.500 ep_len=500.0 pi_loss=-0.003 v_loss=8.349 ent=0.468 kl=0.0030
[upd  285 | steps  145920 | t   87.2s | sps  1674] ret_mean=92.000 ep_len=500.0 pi_loss=-0.009 v_loss=5.965 ent=0.631 kl=0.0112
[upd  286 | steps  146432 | t   87.3s | sps  1677] ret_mean=114.000 ep_len=500.0 pi_loss=-0.012 v_loss=6.909 ent=0.496 kl=0.0199
[upd  287 | steps  146944 | t   87.5s | sps  1680] ret_mean=231.500 ep_len=500.0 pi_loss=-0.004 v_loss=9.885 ent=0.309 kl=0.0051
[upd  288 | steps  147456 | t   87.6s | sps  1683] ret_mean=206.500 ep_len=500.0 pi_loss=-0.000 v_loss=9.864 ent=0.226 kl=0.0011
[upd  289 | steps  147968 | t   87.8s | sps  1685] ret_mean=182.500 ep_len=500.0 pi_loss=-0.003 v_loss=8.744 ent=0.421 kl=0.0020
[upd  290 | steps  148480 | t   87.9s | sps  1688] ret_mean=177.000 ep_len=500.0 pi_loss=-0.001 v_loss=8.554 ent=0.381 kl=-0.0003
[upd  291 | steps  148992 | t   88.1s | sps  1691] ret_mean=118.000 ep_len=500.0 pi_loss=-0.001 v_loss=5.732 ent=0.504 kl=0.0016
[upd  292 | steps  149504 | t   88.3s | sps  1694] ret_mean=177.500 ep_len=500.0 pi_loss=-0.003 v_loss=8.747 ent=0.344 kl=-0.0004
[upd  293 | steps  150016 | t   88.5s | sps  1696] ret_mean=117.500 ep_len=500.0 pi_loss=-0.001 v_loss=7.086 ent=0.360 kl=-0.0024
[upd  294 | steps  150528 | t   88.6s | sps  1699] ret_mean=239.500 ep_len=500.0 pi_loss=-0.004 v_loss=9.177 ent=0.349 kl=0.0237
[upd  295 | steps  151040 | t   88.8s | sps  1701] ret_mean=111.500 ep_len=500.0 pi_loss=-0.003 v_loss=5.357 ent=0.652 kl=-0.0021
[upd  296 | steps  151552 | t   88.9s | sps  1704] ret_mean=136.000 ep_len=500.0 pi_loss=-0.009 v_loss=7.585 ent=0.603 kl=0.0059
[upd  297 | steps  152064 | t   89.1s | sps  1707] ret_mean=84.500 ep_len=500.0 pi_loss=-0.007 v_loss=5.961 ent=0.756 kl=0.0063
[upd  298 | steps  152576 | t   89.2s | sps  1710] ret_mean=99.500 ep_len=500.0 pi_loss=-0.007 v_loss=6.898 ent=0.489 kl=0.0072
[upd  299 | steps  153088 | t   89.4s | sps  1713] ret_mean=226.500 ep_len=500.0 pi_loss=-0.004 v_loss=9.717 ent=0.434 kl=0.0004
[upd  300 | steps  153600 | t   89.5s | sps  1715] ret_mean=109.000 ep_len=500.0 pi_loss=-0.004 v_loss=7.510 ent=0.508 kl=0.0055
        [eval] ret_mean=45.583 ep_len=500.0
[upd  301 | steps  154112 | t   93.6s | sps  1646] ret_mean=149.000 ep_len=500.0 pi_loss=-0.007 v_loss=8.217 ent=0.497 kl=0.0060
[upd  302 | steps  154624 | t   93.8s | sps  1648] ret_mean=167.000 ep_len=500.0 pi_loss=-0.003 v_loss=11.434 ent=0.454 kl=0.0034
[upd  303 | steps  155136 | t   94.0s | sps  1651] ret_mean=171.500 ep_len=500.0 pi_loss=-0.003 v_loss=9.658 ent=0.542 kl=0.0026
[upd  304 | steps  155648 | t   94.1s | sps  1654] ret_mean=57.500 ep_len=500.0 pi_loss=-0.008 v_loss=7.091 ent=0.987 kl=0.0053
[upd  305 | steps  156160 | t   94.3s | sps  1656] ret_mean=156.000 ep_len=500.0 pi_loss=-0.005 v_loss=9.723 ent=0.566 kl=0.0013
[upd  306 | steps  156672 | t   94.5s | sps  1659] ret_mean=133.000 ep_len=500.0 pi_loss=-0.004 v_loss=9.450 ent=0.637 kl=0.0105
[upd  307 | steps  157184 | t   94.6s | sps  1661] ret_mean=99.000 ep_len=500.0 pi_loss=-0.010 v_loss=5.666 ent=0.750 kl=0.0131
[upd  308 | steps  157696 | t   94.8s | sps  1664] ret_mean=218.000 ep_len=500.0 pi_loss=-0.003 v_loss=10.692 ent=0.315 kl=0.0028
[upd  309 | steps  158208 | t   94.9s | sps  1666] ret_mean=69.500 ep_len=500.0 pi_loss=-0.007 v_loss=6.507 ent=0.685 kl=0.0079
[upd  310 | steps  158720 | t   95.1s | sps  1669] ret_mean=225.500 ep_len=500.0 pi_loss=-0.005 v_loss=10.447 ent=0.332 kl=0.0009
[upd  311 | steps  159232 | t   95.2s | sps  1672] ret_mean=204.000 ep_len=500.0 pi_loss=-0.003 v_loss=10.252 ent=0.259 kl=0.0123
[upd  312 | steps  159744 | t   95.4s | sps  1674] ret_mean=120.000 ep_len=500.0 pi_loss=-0.002 v_loss=5.958 ent=0.690 kl=0.0033
[upd  313 | steps  160256 | t   95.6s | sps  1677] ret_mean=111.500 ep_len=500.0 pi_loss=-0.008 v_loss=5.771 ent=0.674 kl=0.0040
[upd  314 | steps  160768 | t   95.7s | sps  1679] ret_mean=114.500 ep_len=500.0 pi_loss=-0.006 v_loss=6.174 ent=0.601 kl=-0.0006
[upd  315 | steps  161280 | t   95.9s | sps  1682] ret_mean=210.500 ep_len=500.0 pi_loss=-0.003 v_loss=10.274 ent=0.378 kl=0.0073
[upd  316 | steps  161792 | t   96.0s | sps  1684] ret_mean=105.500 ep_len=500.0 pi_loss=-0.004 v_loss=6.337 ent=0.817 kl=0.0040
[upd  317 | steps  162304 | t   96.2s | sps  1687] ret_mean=123.000 ep_len=500.0 pi_loss=-0.005 v_loss=10.557 ent=0.577 kl=0.0020
[upd  318 | steps  162816 | t   96.4s | sps  1690] ret_mean=101.500 ep_len=500.0 pi_loss=-0.005 v_loss=5.462 ent=0.724 kl=0.0004
[upd  319 | steps  163328 | t   96.5s | sps  1692] ret_mean=120.500 ep_len=500.0 pi_loss=-0.014 v_loss=6.382 ent=0.536 kl=0.0086
[upd  320 | steps  163840 | t   96.7s | sps  1695] ret_mean=217.500 ep_len=500.0 pi_loss=-0.002 v_loss=10.391 ent=0.197 kl=-0.0009
[upd  321 | steps  164352 | t   96.8s | sps  1698] ret_mean=215.500 ep_len=500.0 pi_loss=-0.000 v_loss=10.251 ent=0.076 kl=0.0002
[upd  322 | steps  164864 | t   97.0s | sps  1700] ret_mean=245.000 ep_len=500.0 pi_loss=-0.002 v_loss=10.045 ent=0.506 kl=0.0014
[upd  323 | steps  165376 | t   97.1s | sps  1703] ret_mean=82.000 ep_len=500.0 pi_loss=-0.002 v_loss=6.693 ent=0.478 kl=-0.0017
[upd  324 | steps  165888 | t   97.3s | sps  1706] ret_mean=203.500 ep_len=500.0 pi_loss=-0.001 v_loss=11.229 ent=0.273 kl=0.0026
[upd  325 | steps  166400 | t   97.4s | sps  1708] ret_mean=214.000 ep_len=500.0 pi_loss=-0.002 v_loss=10.627 ent=0.206 kl=-0.0002
        [eval] ret_mean=20.717 ep_len=500.0
[upd  326 | steps  166912 | t  101.3s | sps  1647] ret_mean=230.500 ep_len=500.0 pi_loss=-0.002 v_loss=11.379 ent=0.153 kl=-0.0010
[upd  327 | steps  167424 | t  101.5s | sps  1650] ret_mean=121.500 ep_len=500.0 pi_loss=-0.007 v_loss=7.764 ent=0.679 kl=0.0039
[upd  328 | steps  167936 | t  101.6s | sps  1652] ret_mean=118.000 ep_len=500.0 pi_loss=-0.005 v_loss=11.287 ent=0.665 kl=0.0132
[upd  329 | steps  168448 | t  101.8s | sps  1655] ret_mean=95.500 ep_len=500.0 pi_loss=-0.009 v_loss=5.746 ent=0.800 kl=0.0088
[upd  330 | steps  168960 | t  101.9s | sps  1658] ret_mean=192.000 ep_len=500.0 pi_loss=-0.003 v_loss=10.661 ent=0.337 kl=0.0080
[upd  331 | steps  169472 | t  102.1s | sps  1660] ret_mean=23.000 ep_len=500.0 pi_loss=-0.003 v_loss=8.286 ent=1.010 kl=-0.0008
[upd  332 | steps  169984 | t  102.2s | sps  1663] ret_mean=230.500 ep_len=500.0 pi_loss=-0.001 v_loss=10.626 ent=0.162 kl=-0.0007
[upd  333 | steps  170496 | t  102.4s | sps  1665] ret_mean=124.500 ep_len=500.0 pi_loss=-0.011 v_loss=5.341 ent=0.759 kl=0.0060
[upd  334 | steps  171008 | t  102.6s | sps  1668] ret_mean=30.000 ep_len=500.0 pi_loss=-0.005 v_loss=8.577 ent=0.902 kl=0.0077
[upd  335 | steps  171520 | t  102.7s | sps  1670] ret_mean=222.000 ep_len=500.0 pi_loss=-0.002 v_loss=11.771 ent=0.121 kl=0.0001
[upd  336 | steps  172032 | t  102.8s | sps  1673] ret_mean=236.000 ep_len=500.0 pi_loss=-0.004 v_loss=10.472 ent=0.297 kl=0.0012
[upd  337 | steps  172544 | t  103.0s | sps  1675] ret_mean=180.000 ep_len=500.0 pi_loss=-0.002 v_loss=11.071 ent=0.348 kl=0.0038
[upd  338 | steps  173056 | t  103.1s | sps  1678] ret_mean=97.500 ep_len=500.0 pi_loss=-0.005 v_loss=5.470 ent=0.647 kl=-0.0015
[upd  339 | steps  173568 | t  103.3s | sps  1680] ret_mean=111.000 ep_len=500.0 pi_loss=-0.007 v_loss=6.726 ent=0.470 kl=0.0023
[upd  340 | steps  174080 | t  103.4s | sps  1683] ret_mean=235.000 ep_len=500.0 pi_loss=-0.000 v_loss=10.105 ent=0.269 kl=-0.0024
[upd  341 | steps  174592 | t  103.6s | sps  1686] ret_mean=123.000 ep_len=500.0 pi_loss=-0.007 v_loss=6.489 ent=0.495 kl=0.0048
[upd  342 | steps  175104 | t  103.7s | sps  1688] ret_mean=244.000 ep_len=500.0 pi_loss=-0.000 v_loss=11.251 ent=0.325 kl=0.0035
[upd  343 | steps  175616 | t  103.9s | sps  1691] ret_mean=121.000 ep_len=500.0 pi_loss=-0.007 v_loss=5.987 ent=0.702 kl=0.0046
[upd  344 | steps  176128 | t  104.0s | sps  1693] ret_mean=191.000 ep_len=500.0 pi_loss=-0.002 v_loss=10.746 ent=0.404 kl=0.0018
[upd  345 | steps  176640 | t  104.2s | sps  1695] ret_mean=121.500 ep_len=500.0 pi_loss=-0.014 v_loss=7.937 ent=1.040 kl=0.0039
[upd  346 | steps  177152 | t  104.3s | sps  1698] ret_mean=0.000 ep_len=500.0 pi_loss=-0.009 v_loss=5.935 ent=1.013 kl=0.0101
[upd  347 | steps  177664 | t  104.6s | sps  1699] ret_mean=193.500 ep_len=500.0 pi_loss=-0.003 v_loss=11.955 ent=0.906 kl=0.0059
[upd  348 | steps  178176 | t  104.8s | sps  1700] ret_mean=27.500 ep_len=500.0 pi_loss=-0.014 v_loss=7.367 ent=1.186 kl=0.0136
[upd  349 | steps  178688 | t  105.0s | sps  1702] ret_mean=64.500 ep_len=500.0 pi_loss=-0.005 v_loss=7.097 ent=1.124 kl=0.0094
[upd  350 | steps  179200 | t  105.3s | sps  1701] ret_mean=57.000 ep_len=500.0 pi_loss=-0.009 v_loss=6.124 ent=0.653 kl=0.0068
        [eval] ret_mean=66.133 ep_len=500.0
[upd  351 | steps  179712 | t  109.4s | sps  1642] ret_mean=118.500 ep_len=500.0 pi_loss=-0.007 v_loss=5.564 ent=0.878 kl=0.0111
[upd  352 | steps  180224 | t  109.6s | sps  1645] ret_mean=99.000 ep_len=500.0 pi_loss=-0.006 v_loss=6.888 ent=0.963 kl=0.0060
[upd  353 | steps  180736 | t  109.7s | sps  1647] ret_mean=206.500 ep_len=500.0 pi_loss=-0.003 v_loss=10.916 ent=0.380 kl=0.0009
[upd  354 | steps  181248 | t  109.9s | sps  1649] ret_mean=206.000 ep_len=500.0 pi_loss=-0.005 v_loss=11.217 ent=0.398 kl=0.0136
[upd  355 | steps  181760 | t  110.1s | sps  1651] ret_mean=104.500 ep_len=500.0 pi_loss=-0.010 v_loss=5.720 ent=0.857 kl=0.0048
[upd  356 | steps  182272 | t  110.2s | sps  1654] ret_mean=103.000 ep_len=500.0 pi_loss=-0.014 v_loss=5.352 ent=0.929 kl=0.0049
[upd  357 | steps  182784 | t  110.4s | sps  1656] ret_mean=103.500 ep_len=500.0 pi_loss=-0.001 v_loss=5.024 ent=0.903 kl=0.0017
[upd  358 | steps  183296 | t  110.5s | sps  1658] ret_mean=104.000 ep_len=500.0 pi_loss=-0.010 v_loss=6.165 ent=0.821 kl=0.0101
[upd  359 | steps  183808 | t  110.7s | sps  1660] ret_mean=117.000 ep_len=500.0 pi_loss=-0.009 v_loss=8.905 ent=0.752 kl=0.0001
[upd  360 | steps  184320 | t  110.8s | sps  1663] ret_mean=215.500 ep_len=500.0 pi_loss=-0.005 v_loss=9.798 ent=0.460 kl=0.0058
[upd  361 | steps  184832 | t  111.0s | sps  1665] ret_mean=197.500 ep_len=500.0 pi_loss=-0.006 v_loss=11.818 ent=0.352 kl=0.0020
[upd  362 | steps  185344 | t  111.1s | sps  1668] ret_mean=217.000 ep_len=500.0 pi_loss=-0.005 v_loss=10.475 ent=0.487 kl=0.0063
[upd  363 | steps  185856 | t  111.3s | sps  1670] ret_mean=96.500 ep_len=500.0 pi_loss=-0.007 v_loss=5.755 ent=0.867 kl=0.0033
[upd  364 | steps  186368 | t  111.5s | sps  1672] ret_mean=111.500 ep_len=500.0 pi_loss=-0.014 v_loss=5.711 ent=0.870 kl=0.0187
[upd  365 | steps  186880 | t  111.6s | sps  1674] ret_mean=107.500 ep_len=500.0 pi_loss=-0.009 v_loss=5.939 ent=0.726 kl=0.0192
[upd  366 | steps  187392 | t  111.8s | sps  1677] ret_mean=223.500 ep_len=500.0 pi_loss=-0.004 v_loss=10.511 ent=0.478 kl=0.0064
[upd  367 | steps  187904 | t  111.9s | sps  1679] ret_mean=147.000 ep_len=500.0 pi_loss=-0.004 v_loss=7.704 ent=0.501 kl=0.0046
[upd  368 | steps  188416 | t  112.1s | sps  1681] ret_mean=193.000 ep_len=500.0 pi_loss=-0.006 v_loss=9.749 ent=0.675 kl=0.0114
[upd  369 | steps  188928 | t  112.2s | sps  1684] ret_mean=77.500 ep_len=500.0 pi_loss=-0.002 v_loss=6.709 ent=0.879 kl=0.0034
[upd  370 | steps  189440 | t  112.4s | sps  1686] ret_mean=147.000 ep_len=500.0 pi_loss=-0.006 v_loss=11.362 ent=0.616 kl=0.0095
[upd  371 | steps  189952 | t  112.5s | sps  1688] ret_mean=212.000 ep_len=500.0 pi_loss=-0.008 v_loss=9.453 ent=0.632 kl=0.0148
[upd  372 | steps  190464 | t  112.7s | sps  1691] ret_mean=205.000 ep_len=500.0 pi_loss=-0.002 v_loss=9.829 ent=0.688 kl=-0.0003
[upd  373 | steps  190976 | t  112.8s | sps  1693] ret_mean=166.000 ep_len=500.0 pi_loss=-0.007 v_loss=11.030 ent=0.776 kl=0.0104
[upd  374 | steps  191488 | t  113.0s | sps  1695] ret_mean=184.000 ep_len=500.0 pi_loss=-0.006 v_loss=9.850 ent=0.611 kl=0.0133
[upd  375 | steps  192000 | t  113.1s | sps  1697] ret_mean=202.000 ep_len=500.0 pi_loss=-0.003 v_loss=9.656 ent=0.824 kl=0.0234
        [eval] ret_mean=57.317 ep_len=500.0
[upd  376 | steps  192512 | t  117.2s | sps  1643] ret_mean=111.500 ep_len=500.0 pi_loss=-0.005 v_loss=10.362 ent=0.917 kl=0.0077
[upd  377 | steps  193024 | t  117.4s | sps  1645] ret_mean=81.500 ep_len=500.0 pi_loss=-0.010 v_loss=10.233 ent=0.986 kl=0.0113
[upd  378 | steps  193536 | t  117.5s | sps  1647] ret_mean=102.000 ep_len=500.0 pi_loss=-0.016 v_loss=8.174 ent=0.926 kl=0.0214
[upd  379 | steps  194048 | t  117.7s | sps  1649] ret_mean=103.000 ep_len=500.0 pi_loss=-0.001 v_loss=10.107 ent=0.966 kl=0.0146
[upd  380 | steps  194560 | t  117.8s | sps  1652] ret_mean=170.500 ep_len=500.0 pi_loss=-0.003 v_loss=10.183 ent=0.735 kl=0.0177
[upd  381 | steps  195072 | t  118.0s | sps  1654] ret_mean=89.000 ep_len=500.0 pi_loss=-0.008 v_loss=11.437 ent=1.054 kl=0.0199
[upd  382 | steps  195584 | t  118.1s | sps  1656] ret_mean=64.500 ep_len=500.0 pi_loss=-0.008 v_loss=9.326 ent=1.188 kl=0.0073
[upd  383 | steps  196096 | t  118.3s | sps  1658] ret_mean=154.000 ep_len=500.0 pi_loss=-0.003 v_loss=10.072 ent=0.947 kl=0.0006
[upd  384 | steps  196608 | t  118.4s | sps  1660] ret_mean=128.500 ep_len=500.0 pi_loss=-0.007 v_loss=11.589 ent=0.965 kl=0.0142
[upd  385 | steps  197120 | t  118.6s | sps  1663] ret_mean=57.500 ep_len=500.0 pi_loss=-0.009 v_loss=8.324 ent=1.041 kl=0.0077
[upd  386 | steps  197632 | t  118.7s | sps  1665] ret_mean=168.000 ep_len=500.0 pi_loss=-0.004 v_loss=9.948 ent=0.941 kl=0.0017
[upd  387 | steps  198144 | t  118.9s | sps  1667] ret_mean=56.500 ep_len=500.0 pi_loss=-0.009 v_loss=9.454 ent=1.083 kl=0.0000
[upd  388 | steps  198656 | t  119.0s | sps  1669] ret_mean=159.000 ep_len=500.0 pi_loss=-0.002 v_loss=9.022 ent=0.725 kl=0.0005
[upd  389 | steps  199168 | t  119.2s | sps  1671] ret_mean=180.000 ep_len=500.0 pi_loss=-0.007 v_loss=10.585 ent=0.674 kl=0.0168
[upd  390 | steps  199680 | t  119.3s | sps  1673] ret_mean=156.000 ep_len=500.0 pi_loss=-0.007 v_loss=8.310 ent=0.748 kl=0.0110
[upd  391 | steps  200192 | t  119.5s | sps  1675] ret_mean=97.500 ep_len=500.0 pi_loss=-0.005 v_loss=7.284 ent=0.967 kl=0.0049
[upd  392 | steps  200704 | t  119.7s | sps  1677] ret_mean=154.500 ep_len=500.0 pi_loss=-0.006 v_loss=8.348 ent=0.761 kl=0.0084
[upd  393 | steps  201216 | t  119.8s | sps  1679] ret_mean=186.000 ep_len=500.0 pi_loss=-0.006 v_loss=10.390 ent=0.793 kl=0.0109
[upd  394 | steps  201728 | t  120.0s | sps  1682] ret_mean=0.000 ep_len=500.0 pi_loss=-0.007 v_loss=7.873 ent=0.933 kl=0.0052
[upd  395 | steps  202240 | t  120.1s | sps  1684] ret_mean=210.500 ep_len=500.0 pi_loss=-0.003 v_loss=9.885 ent=0.421 kl=0.0097
[upd  396 | steps  202752 | t  120.3s | sps  1686] ret_mean=180.000 ep_len=500.0 pi_loss=-0.006 v_loss=7.177 ent=0.647 kl=0.0069
[upd  397 | steps  203264 | t  120.4s | sps  1688] ret_mean=160.500 ep_len=500.0 pi_loss=-0.003 v_loss=9.471 ent=0.557 kl=-0.0005
[upd  398 | steps  203776 | t  120.6s | sps  1690] ret_mean=201.000 ep_len=500.0 pi_loss=-0.000 v_loss=10.535 ent=0.799 kl=0.0048
[upd  399 | steps  204288 | t  120.7s | sps  1692] ret_mean=134.000 ep_len=500.0 pi_loss=-0.004 v_loss=8.030 ent=0.802 kl=0.0089
[upd  400 | steps  204800 | t  120.9s | sps  1694] ret_mean=104.500 ep_len=500.0 pi_loss=-0.009 v_loss=6.665 ent=0.943 kl=0.0058
        [eval] ret_mean=74.333 ep_len=500.0
