$ /Users/praneelkhiantani/Downloads/cs2860/.venv/bin/python3 -m policies.train --env rware-small-2ag-easy-v2 --seed 3 --updates 200 --rollout 512 --eval-every 50 --eval-episodes 10 --log-dir matrix_results/intent_grounded_v1_pilot/rware-small-2ag-easy-v2 --run-name mappo-no-comm__dropout-only__d0__s3 --n-msg-tokens 8 --no-comm --dropout --dropout-agent 0 --dropout-time 100 --shape-rewards --pickup-bonus 0.5

[env] EnvSpec(env_id='rware-small-2ag-easy-v2', n_agents=2, obs_dim=71, n_env_actions=5, noop_action=0, family='rware')  (n_msg_tokens=1)
[cfg] {'clip_range': 0.2, 'value_clip_range': 0.2, 'entropy_coef': 0.01, 'value_coef': 0.5, 'max_grad_norm': 0.5, 'gamma': 0.99, 'gae_lambda': 0.95, 'lr_actor': 0.0003, 'lr_critic': 0.001, 'update_epochs': 4, 'minibatches': 4, 'hidden': 128, 'depth': 2, 'device': 'cpu', 'message_grounding_coef': 0.0, 'extra': {}}
[log] writing to matrix_results/intent_grounded_v1_pilot/rware-small-2ag-easy-v2/mappo-no-comm__dropout-only__d0__s3
[upd    1 | steps     512 | t    0.6s | sps   797] ret_mean=0.000 ep_len=500.0 pi_loss=-0.010 v_loss=0.079 ent=1.603 msg_acc=0.000 kl=0.0017
[upd    2 | steps    1024 | t    1.2s | sps   820] ret_mean=0.000 ep_len=500.0 pi_loss=-0.009 v_loss=0.024 ent=1.595 msg_acc=0.000 kl=-0.0022
[upd    3 | steps    1536 | t    1.8s | sps   839] ret_mean=0.000 ep_len=500.0 pi_loss=-0.003 v_loss=0.012 ent=1.598 msg_acc=0.000 kl=0.0025
[upd    4 | steps    2048 | t    2.4s | sps   843] ret_mean=1.000 ep_len=500.0 pi_loss=-0.008 v_loss=0.016 ent=1.567 msg_acc=0.000 kl=0.0137
[upd    5 | steps    2560 | t    3.1s | sps   815] ret_mean=0.000 ep_len=500.0 pi_loss=-0.007 v_loss=0.006 ent=1.484 msg_acc=0.000 kl=0.0130
[upd    6 | steps    3072 | t    3.7s | sps   822] ret_mean=0.000 ep_len=500.0 pi_loss=-0.004 v_loss=0.005 ent=1.593 msg_acc=0.000 kl=-0.0010
[upd    7 | steps    3584 | t    4.3s | sps   826] ret_mean=0.000 ep_len=500.0 pi_loss=-0.004 v_loss=0.004 ent=1.590 msg_acc=0.000 kl=0.0016
[upd    8 | steps    4096 | t    5.0s | sps   826] ret_mean=0.000 ep_len=500.0 pi_loss=-0.003 v_loss=0.005 ent=1.562 msg_acc=0.000 kl=-0.0016
[upd    9 | steps    4608 | t    5.5s | sps   831] ret_mean=0.000 ep_len=500.0 pi_loss=0.000 v_loss=0.002 ent=1.505 msg_acc=0.000 kl=-0.0012
[upd   10 | steps    5120 | t    6.2s | sps   831] ret_mean=0.000 ep_len=500.0 pi_loss=-0.004 v_loss=0.004 ent=1.550 msg_acc=0.000 kl=-0.0004
[upd   11 | steps    5632 | t    6.7s | sps   835] ret_mean=3.000 ep_len=500.0 pi_loss=-0.003 v_loss=0.012 ent=1.442 msg_acc=0.000 kl=0.0010
[upd   12 | steps    6144 | t    7.3s | sps   836] ret_mean=0.500 ep_len=500.0 pi_loss=-0.003 v_loss=0.005 ent=1.480 msg_acc=0.000 kl=0.0025
[upd   13 | steps    6656 | t    7.9s | sps   841] ret_mean=0.000 ep_len=500.0 pi_loss=-0.005 v_loss=0.003 ent=1.536 msg_acc=0.000 kl=0.0020
[upd   14 | steps    7168 | t    8.5s | sps   842] ret_mean=1.000 ep_len=500.0 pi_loss=-0.003 v_loss=0.004 ent=1.564 msg_acc=0.000 kl=0.0027
[upd   15 | steps    7680 | t    9.1s | sps   843] ret_mean=2.000 ep_len=500.0 pi_loss=-0.009 v_loss=0.021 ent=1.547 msg_acc=0.000 kl=0.0116
[upd   16 | steps    8192 | t    9.7s | sps   843] ret_mean=0.000 ep_len=500.0 pi_loss=-0.002 v_loss=0.002 ent=1.578 msg_acc=0.000 kl=0.0053
[upd   17 | steps    8704 | t   10.3s | sps   841] ret_mean=0.000 ep_len=500.0 pi_loss=-0.005 v_loss=0.001 ent=1.577 msg_acc=0.000 kl=-0.0005
[upd   18 | steps    9216 | t   11.0s | sps   841] ret_mean=0.000 ep_len=500.0 pi_loss=-0.003 v_loss=0.001 ent=1.578 msg_acc=0.000 kl=0.0012
[upd   19 | steps    9728 | t   11.6s | sps   841] ret_mean=0.000 ep_len=500.0 pi_loss=-0.004 v_loss=0.001 ent=1.595 msg_acc=0.000 kl=0.0030
[upd   20 | steps   10240 | t   12.2s | sps   841] ret_mean=0.000 ep_len=500.0 pi_loss=-0.004 v_loss=0.002 ent=1.596 msg_acc=0.000 kl=-0.0007
[upd   21 | steps   10752 | t   13.0s | sps   825] ret_mean=0.000 ep_len=500.0 pi_loss=-0.003 v_loss=0.001 ent=1.595 msg_acc=0.000 kl=0.0006
[upd   22 | steps   11264 | t   13.6s | sps   826] ret_mean=0.000 ep_len=500.0 pi_loss=-0.005 v_loss=0.001 ent=1.579 msg_acc=0.000 kl=0.0004
[upd   23 | steps   11776 | t   14.2s | sps   826] ret_mean=0.000 ep_len=500.0 pi_loss=-0.003 v_loss=0.002 ent=1.581 msg_acc=0.000 kl=-0.0000
[upd   24 | steps   12288 | t   14.9s | sps   827] ret_mean=0.500 ep_len=500.0 pi_loss=-0.001 v_loss=0.001 ent=1.589 msg_acc=0.000 kl=-0.0001
[upd   25 | steps   12800 | t   15.4s | sps   829] ret_mean=0.000 ep_len=500.0 pi_loss=-0.007 v_loss=0.001 ent=1.583 msg_acc=0.000 kl=0.0049
[upd   26 | steps   13312 | t   16.0s | sps   830] ret_mean=0.000 ep_len=500.0 pi_loss=-0.004 v_loss=0.002 ent=1.583 msg_acc=0.000 kl=0.0024
[upd   27 | steps   13824 | t   16.7s | sps   829] ret_mean=0.000 ep_len=500.0 pi_loss=-0.004 v_loss=0.001 ent=1.569 msg_acc=0.000 kl=0.0035
[upd   28 | steps   14336 | t   17.3s | sps   830] ret_mean=0.000 ep_len=500.0 pi_loss=-0.004 v_loss=0.001 ent=1.571 msg_acc=0.000 kl=0.0018
[upd   29 | steps   14848 | t   17.9s | sps   831] ret_mean=0.000 ep_len=500.0 pi_loss=-0.003 v_loss=0.001 ent=1.572 msg_acc=0.000 kl=0.0037
[upd   30 | steps   15360 | t   18.5s | sps   832] ret_mean=0.000 ep_len=500.0 pi_loss=-0.003 v_loss=0.002 ent=1.550 msg_acc=0.000 kl=0.0011
[upd   31 | steps   15872 | t   19.1s | sps   831] ret_mean=0.500 ep_len=500.0 pi_loss=-0.007 v_loss=0.001 ent=1.551 msg_acc=0.000 kl=0.0068
[upd   32 | steps   16384 | t   19.7s | sps   831] ret_mean=0.000 ep_len=500.0 pi_loss=-0.008 v_loss=0.001 ent=1.520 msg_acc=0.000 kl=0.0031
[upd   33 | steps   16896 | t   20.3s | sps   831] ret_mean=0.000 ep_len=500.0 pi_loss=-0.011 v_loss=0.001 ent=1.546 msg_acc=0.000 kl=0.0014
[upd   34 | steps   17408 | t   20.9s | sps   831] ret_mean=0.000 ep_len=500.0 pi_loss=-0.001 v_loss=0.001 ent=1.483 msg_acc=0.000 kl=0.0015
[upd   35 | steps   17920 | t   21.5s | sps   832] ret_mean=0.000 ep_len=500.0 pi_loss=-0.008 v_loss=0.000 ent=1.495 msg_acc=0.000 kl=0.0041
[upd   36 | steps   18432 | t   22.1s | sps   833] ret_mean=0.000 ep_len=500.0 pi_loss=-0.005 v_loss=0.001 ent=1.421 msg_acc=0.000 kl=0.0001
[upd   37 | steps   18944 | t   22.7s | sps   834] ret_mean=0.000 ep_len=500.0 pi_loss=-0.003 v_loss=0.002 ent=1.477 msg_acc=0.000 kl=0.0084
[upd   38 | steps   19456 | t   23.3s | sps   834] ret_mean=0.500 ep_len=500.0 pi_loss=-0.003 v_loss=0.000 ent=1.495 msg_acc=0.000 kl=-0.0019
[upd   39 | steps   19968 | t   23.9s | sps   834] ret_mean=0.000 ep_len=500.0 pi_loss=-0.003 v_loss=0.001 ent=1.512 msg_acc=0.000 kl=-0.0025
[upd   40 | steps   20480 | t   24.5s | sps   834] ret_mean=0.000 ep_len=500.0 pi_loss=-0.008 v_loss=0.001 ent=1.427 msg_acc=0.000 kl=0.0027
[upd   41 | steps   20992 | t   25.1s | sps   835] ret_mean=0.000 ep_len=500.0 pi_loss=-0.006 v_loss=0.000 ent=1.460 msg_acc=0.000 kl=0.0035
[upd   42 | steps   21504 | t   25.8s | sps   835] ret_mean=0.000 ep_len=500.0 pi_loss=-0.003 v_loss=0.000 ent=1.400 msg_acc=0.000 kl=-0.0010
[upd   43 | steps   22016 | t   26.4s | sps   834] ret_mean=0.000 ep_len=500.0 pi_loss=-0.003 v_loss=0.001 ent=1.341 msg_acc=0.000 kl=0.0065
[upd   44 | steps   22528 | t   27.0s | sps   833] ret_mean=0.000 ep_len=500.0 pi_loss=-0.004 v_loss=0.000 ent=1.438 msg_acc=0.000 kl=0.0006
[upd   45 | steps   23040 | t   27.7s | sps   833] ret_mean=0.000 ep_len=500.0 pi_loss=-0.003 v_loss=0.001 ent=1.474 msg_acc=0.000 kl=-0.0003
[upd   46 | steps   23552 | t   28.3s | sps   831] ret_mean=0.000 ep_len=500.0 pi_loss=-0.008 v_loss=0.007 ent=1.418 msg_acc=0.000 kl=0.0043
[upd   47 | steps   24064 | t   29.0s | sps   831] ret_mean=1.500 ep_len=500.0 pi_loss=-0.008 v_loss=0.001 ent=1.428 msg_acc=0.000 kl=0.0015
[upd   48 | steps   24576 | t   29.7s | sps   828] ret_mean=0.000 ep_len=500.0 pi_loss=-0.007 v_loss=0.000 ent=1.357 msg_acc=0.000 kl=0.0038
[upd   49 | steps   25088 | t   30.3s | sps   828] ret_mean=0.000 ep_len=500.0 pi_loss=-0.010 v_loss=0.001 ent=1.480 msg_acc=0.000 kl=0.0056
[upd   50 | steps   25600 | t   30.9s | sps   827] ret_mean=0.000 ep_len=500.0 pi_loss=-0.008 v_loss=0.000 ent=1.474 msg_acc=0.000 kl=0.0045
        [eval] ret_mean=0.000 ep_len=500.0
[upd   51 | steps   26112 | t   40.0s | sps   653] ret_mean=0.000 ep_len=500.0 pi_loss=-0.007 v_loss=0.001 ent=1.485 msg_acc=0.000 kl=-0.0016
[upd   52 | steps   26624 | t   41.1s | sps   648] ret_mean=0.000 ep_len=500.0 pi_loss=-0.004 v_loss=0.000 ent=1.459 msg_acc=0.000 kl=0.0036
[upd   53 | steps   27136 | t   42.1s | sps   645] ret_mean=0.000 ep_len=500.0 pi_loss=-0.006 v_loss=0.000 ent=1.402 msg_acc=0.000 kl=0.0041
[upd   54 | steps   27648 | t   42.7s | sps   647] ret_mean=0.500 ep_len=500.0 pi_loss=-0.006 v_loss=0.002 ent=1.492 msg_acc=0.000 kl=0.0039
[upd   55 | steps   28160 | t   43.5s | sps   648] ret_mean=0.000 ep_len=500.0 pi_loss=-0.006 v_loss=0.001 ent=1.486 msg_acc=0.000 kl=-0.0023
[upd   56 | steps   28672 | t   44.4s | sps   645] ret_mean=0.000 ep_len=500.0 pi_loss=-0.001 v_loss=0.006 ent=1.460 msg_acc=0.000 kl=0.0023
[upd   57 | steps   29184 | t   45.2s | sps   646] ret_mean=1.000 ep_len=500.0 pi_loss=-0.004 v_loss=0.001 ent=1.529 msg_acc=0.000 kl=0.0027
[upd   58 | steps   29696 | t   46.1s | sps   644] ret_mean=0.000 ep_len=500.0 pi_loss=-0.007 v_loss=0.000 ent=1.445 msg_acc=0.000 kl=0.0035
[upd   59 | steps   30208 | t   47.0s | sps   643] ret_mean=0.000 ep_len=500.0 pi_loss=-0.004 v_loss=0.001 ent=1.515 msg_acc=0.000 kl=-0.0005
[upd   60 | steps   30720 | t   47.8s | sps   642] ret_mean=0.000 ep_len=500.0 pi_loss=-0.006 v_loss=0.001 ent=1.427 msg_acc=0.000 kl=0.0014
[upd   61 | steps   31232 | t   48.6s | sps   643] ret_mean=0.000 ep_len=500.0 pi_loss=-0.004 v_loss=0.000 ent=1.517 msg_acc=0.000 kl=-0.0018
[upd   62 | steps   31744 | t   49.5s | sps   641] ret_mean=0.000 ep_len=500.0 pi_loss=-0.005 v_loss=0.000 ent=1.503 msg_acc=0.000 kl=-0.0023
[upd   63 | steps   32256 | t   50.5s | sps   639] ret_mean=0.000 ep_len=500.0 pi_loss=-0.001 v_loss=0.000 ent=1.515 msg_acc=0.000 kl=0.0003
[upd   64 | steps   32768 | t   51.3s | sps   639] ret_mean=0.000 ep_len=500.0 pi_loss=-0.007 v_loss=0.000 ent=1.541 msg_acc=0.000 kl=0.0023
[upd   65 | steps   33280 | t   52.0s | sps   640] ret_mean=0.000 ep_len=500.0 pi_loss=-0.004 v_loss=0.000 ent=1.508 msg_acc=0.000 kl=0.0035
[upd   66 | steps   33792 | t   52.7s | sps   641] ret_mean=0.000 ep_len=500.0 pi_loss=-0.002 v_loss=0.000 ent=1.488 msg_acc=0.000 kl=0.0018
[upd   67 | steps   34304 | t   53.5s | sps   642] ret_mean=0.000 ep_len=500.0 pi_loss=-0.005 v_loss=0.000 ent=1.501 msg_acc=0.000 kl=0.0033
[upd   68 | steps   34816 | t   54.2s | sps   643] ret_mean=0.000 ep_len=500.0 pi_loss=-0.004 v_loss=0.000 ent=1.530 msg_acc=0.000 kl=-0.0003
[upd   69 | steps   35328 | t   54.8s | sps   644] ret_mean=0.000 ep_len=500.0 pi_loss=-0.006 v_loss=0.000 ent=1.483 msg_acc=0.000 kl=0.0007
[upd   70 | steps   35840 | t   55.6s | sps   645] ret_mean=0.000 ep_len=500.0 pi_loss=-0.008 v_loss=0.000 ent=1.498 msg_acc=0.000 kl=0.0009
[upd   71 | steps   36352 | t   56.3s | sps   646] ret_mean=0.000 ep_len=500.0 pi_loss=-0.005 v_loss=0.000 ent=1.441 msg_acc=0.000 kl=0.0026
[upd   72 | steps   36864 | t   57.0s | sps   647] ret_mean=0.000 ep_len=500.0 pi_loss=-0.001 v_loss=0.000 ent=1.434 msg_acc=0.000 kl=0.0030
[upd   73 | steps   37376 | t   57.6s | sps   649] ret_mean=0.000 ep_len=500.0 pi_loss=-0.004 v_loss=0.001 ent=1.431 msg_acc=0.000 kl=0.0074
[upd   74 | steps   37888 | t   58.4s | sps   649] ret_mean=0.500 ep_len=500.0 pi_loss=-0.004 v_loss=0.001 ent=1.492 msg_acc=0.000 kl=0.0022
[upd   75 | steps   38400 | t   59.1s | sps   650] ret_mean=0.000 ep_len=500.0 pi_loss=-0.005 v_loss=0.002 ent=1.479 msg_acc=0.000 kl=-0.0001
[upd   76 | steps   38912 | t   59.7s | sps   652] ret_mean=0.500 ep_len=500.0 pi_loss=-0.005 v_loss=0.001 ent=1.509 msg_acc=0.000 kl=-0.0004
[upd   77 | steps   39424 | t   60.3s | sps   654] ret_mean=0.000 ep_len=500.0 pi_loss=-0.007 v_loss=0.000 ent=1.514 msg_acc=0.000 kl=0.0011
[upd   78 | steps   39936 | t   60.9s | sps   655] ret_mean=0.000 ep_len=500.0 pi_loss=-0.007 v_loss=0.001 ent=1.269 msg_acc=0.000 kl=0.0032
[upd   79 | steps   40448 | t   61.7s | sps   655] ret_mean=0.000 ep_len=500.0 pi_loss=-0.006 v_loss=0.000 ent=1.358 msg_acc=0.000 kl=-0.0002
[upd   80 | steps   40960 | t   62.7s | sps   654] ret_mean=0.000 ep_len=500.0 pi_loss=-0.009 v_loss=0.006 ent=1.328 msg_acc=0.000 kl=0.0028
[upd   81 | steps   41472 | t   64.6s | sps   642] ret_mean=1.000 ep_len=500.0 pi_loss=-0.009 v_loss=0.001 ent=1.423 msg_acc=0.000 kl=0.0008
[upd   82 | steps   41984 | t   66.1s | sps   635] ret_mean=0.000 ep_len=500.0 pi_loss=-0.004 v_loss=0.000 ent=1.508 msg_acc=0.000 kl=0.0030
[upd   83 | steps   42496 | t   67.3s | sps   632] ret_mean=0.000 ep_len=500.0 pi_loss=-0.007 v_loss=0.002 ent=1.528 msg_acc=0.000 kl=0.0020
[upd   84 | steps   43008 | t   67.9s | sps   633] ret_mean=1.000 ep_len=500.0 pi_loss=-0.008 v_loss=0.002 ent=1.381 msg_acc=0.000 kl=0.0047
[upd   85 | steps   43520 | t   68.8s | sps   633] ret_mean=0.500 ep_len=500.0 pi_loss=-0.008 v_loss=0.001 ent=1.519 msg_acc=0.000 kl=0.0043
[upd   86 | steps   44032 | t   69.5s | sps   633] ret_mean=0.500 ep_len=500.0 pi_loss=-0.002 v_loss=0.002 ent=1.248 msg_acc=0.000 kl=-0.0040
[upd   87 | steps   44544 | t   70.3s | sps   634] ret_mean=2.500 ep_len=500.0 pi_loss=-0.009 v_loss=0.009 ent=1.515 msg_acc=0.000 kl=0.0056
[upd   88 | steps   45056 | t   71.0s | sps   635] ret_mean=0.000 ep_len=500.0 pi_loss=-0.003 v_loss=0.001 ent=1.530 msg_acc=0.000 kl=0.0036
[upd   89 | steps   45568 | t   71.6s | sps   636] ret_mean=0.000 ep_len=500.0 pi_loss=-0.004 v_loss=0.001 ent=1.400 msg_acc=0.000 kl=-0.0001
[upd   90 | steps   46080 | t   72.3s | sps   637] ret_mean=0.000 ep_len=500.0 pi_loss=-0.009 v_loss=0.035 ent=1.453 msg_acc=0.000 kl=0.0076
[upd   91 | steps   46592 | t   73.0s | sps   638] ret_mean=2.500 ep_len=500.0 pi_loss=-0.006 v_loss=0.004 ent=1.363 msg_acc=0.000 kl=0.0020
[upd   92 | steps   47104 | t   74.5s | sps   632] ret_mean=0.500 ep_len=500.0 pi_loss=-0.006 v_loss=0.002 ent=1.476 msg_acc=0.000 kl=0.0003
[upd   93 | steps   47616 | t   75.3s | sps   632] ret_mean=0.000 ep_len=500.0 pi_loss=-0.008 v_loss=0.002 ent=1.455 msg_acc=0.000 kl=0.0064
[upd   94 | steps   48128 | t   76.0s | sps   633] ret_mean=1.000 ep_len=500.0 pi_loss=-0.008 v_loss=0.001 ent=1.449 msg_acc=0.000 kl=0.0048
[upd   95 | steps   48640 | t   76.6s | sps   635] ret_mean=1.000 ep_len=500.0 pi_loss=-0.006 v_loss=0.004 ent=1.465 msg_acc=0.000 kl=0.0008
[upd   96 | steps   49152 | t   77.7s | sps   633] ret_mean=0.000 ep_len=500.0 pi_loss=-0.004 v_loss=0.001 ent=1.320 msg_acc=0.000 kl=0.0028
[upd   97 | steps   49664 | t   78.5s | sps   632] ret_mean=0.000 ep_len=500.0 pi_loss=-0.012 v_loss=0.007 ent=1.456 msg_acc=0.000 kl=0.0049
[upd   98 | steps   50176 | t   79.4s | sps   632] ret_mean=1.500 ep_len=500.0 pi_loss=-0.008 v_loss=0.002 ent=1.479 msg_acc=0.000 kl=0.0107
[upd   99 | steps   50688 | t   80.3s | sps   631] ret_mean=0.000 ep_len=500.0 pi_loss=-0.006 v_loss=0.001 ent=1.358 msg_acc=0.000 kl=0.0047
[upd  100 | steps   51200 | t   81.1s | sps   632] ret_mean=0.000 ep_len=500.0 pi_loss=-0.007 v_loss=0.000 ent=1.325 msg_acc=0.000 kl=0.0010
        [eval] ret_mean=0.000 ep_len=500.0
[upd  101 | steps   51712 | t   88.2s | sps   586] ret_mean=0.000 ep_len=500.0 pi_loss=-0.004 v_loss=0.000 ent=1.413 msg_acc=0.000 kl=0.0045
[upd  102 | steps   52224 | t   90.6s | sps   576] ret_mean=2.000 ep_len=500.0 pi_loss=-0.002 v_loss=0.021 ent=1.204 msg_acc=0.000 kl=0.0046
[upd  103 | steps   52736 | t   92.7s | sps   569] ret_mean=0.000 ep_len=500.0 pi_loss=-0.002 v_loss=0.001 ent=0.910 msg_acc=0.000 kl=0.0049
[upd  104 | steps   53248 | t   93.9s | sps   567] ret_mean=0.000 ep_len=500.0 pi_loss=-0.002 v_loss=0.001 ent=1.348 msg_acc=0.000 kl=0.0016
[upd  105 | steps   53760 | t   95.1s | sps   565] ret_mean=0.000 ep_len=500.0 pi_loss=-0.003 v_loss=0.001 ent=1.153 msg_acc=0.000 kl=0.0026
[upd  106 | steps   54272 | t   96.0s | sps   565] ret_mean=0.000 ep_len=500.0 pi_loss=-0.008 v_loss=0.004 ent=1.345 msg_acc=0.000 kl=0.0058
[upd  107 | steps   54784 | t   96.8s | sps   566] ret_mean=1.000 ep_len=500.0 pi_loss=-0.005 v_loss=0.000 ent=1.166 msg_acc=0.000 kl=0.0068
[upd  108 | steps   55296 | t   97.7s | sps   566] ret_mean=0.000 ep_len=500.0 pi_loss=-0.005 v_loss=0.000 ent=1.359 msg_acc=0.000 kl=0.0078
[upd  109 | steps   55808 | t   98.5s | sps   566] ret_mean=0.000 ep_len=500.0 pi_loss=-0.006 v_loss=0.001 ent=1.171 msg_acc=0.000 kl=0.0174
[upd  110 | steps   56320 | t   99.6s | sps   565] ret_mean=6.000 ep_len=500.0 pi_loss=-0.003 v_loss=0.121 ent=1.261 msg_acc=0.000 kl=0.0043
[upd  111 | steps   56832 | t  100.6s | sps   565] ret_mean=3.000 ep_len=500.0 pi_loss=-0.002 v_loss=0.035 ent=1.345 msg_acc=0.000 kl=0.0004
[upd  112 | steps   57344 | t  101.7s | sps   564] ret_mean=0.000 ep_len=500.0 pi_loss=-0.013 v_loss=0.001 ent=1.260 msg_acc=0.000 kl=0.0075
[upd  113 | steps   57856 | t  102.9s | sps   562] ret_mean=0.000 ep_len=500.0 pi_loss=-0.009 v_loss=0.001 ent=1.061 msg_acc=0.000 kl=-0.0025
[upd  114 | steps   58368 | t  103.9s | sps   562] ret_mean=0.000 ep_len=500.0 pi_loss=-0.004 v_loss=0.002 ent=1.283 msg_acc=0.000 kl=0.0035
[upd  115 | steps   58880 | t  104.8s | sps   562] ret_mean=0.000 ep_len=500.0 pi_loss=-0.006 v_loss=0.002 ent=0.814 msg_acc=0.000 kl=0.0080
[upd  116 | steps   59392 | t  106.1s | sps   560] ret_mean=0.500 ep_len=500.0 pi_loss=-0.006 v_loss=0.000 ent=0.952 msg_acc=0.000 kl=0.0046
[upd  117 | steps   59904 | t  106.8s | sps   561] ret_mean=0.000 ep_len=500.0 pi_loss=-0.004 v_loss=0.000 ent=0.743 msg_acc=0.000 kl=0.0069
[upd  118 | steps   60416 | t  107.5s | sps   562] ret_mean=1.000 ep_len=500.0 pi_loss=-0.005 v_loss=0.006 ent=0.965 msg_acc=0.000 kl=0.0082
[upd  119 | steps   60928 | t  108.2s | sps   563] ret_mean=0.000 ep_len=500.0 pi_loss=-0.003 v_loss=0.001 ent=1.151 msg_acc=0.000 kl=0.0002
[upd  120 | steps   61440 | t  108.9s | sps   564] ret_mean=0.000 ep_len=500.0 pi_loss=-0.010 v_loss=0.001 ent=1.116 msg_acc=0.000 kl=0.0140
[upd  121 | steps   61952 | t  109.6s | sps   565] ret_mean=0.000 ep_len=500.0 pi_loss=-0.004 v_loss=0.001 ent=1.093 msg_acc=0.000 kl=0.0012
[upd  122 | steps   62464 | t  110.2s | sps   567] ret_mean=0.000 ep_len=500.0 pi_loss=-0.003 v_loss=0.002 ent=1.268 msg_acc=0.000 kl=0.0078
[upd  123 | steps   62976 | t  110.9s | sps   568] ret_mean=0.500 ep_len=500.0 pi_loss=-0.004 v_loss=0.000 ent=1.218 msg_acc=0.000 kl=0.0010
[upd  124 | steps   63488 | t  111.7s | sps   568] ret_mean=0.000 ep_len=500.0 pi_loss=-0.002 v_loss=0.002 ent=1.164 msg_acc=0.000 kl=0.0005
[upd  125 | steps   64000 | t  112.5s | sps   569] ret_mean=0.500 ep_len=500.0 pi_loss=-0.005 v_loss=0.000 ent=1.081 msg_acc=0.000 kl=0.0023
[upd  126 | steps   64512 | t  113.8s | sps   567] ret_mean=0.000 ep_len=500.0 pi_loss=-0.003 v_loss=0.000 ent=1.300 msg_acc=0.000 kl=0.0050
[upd  127 | steps   65024 | t  115.4s | sps   563] ret_mean=0.000 ep_len=500.0 pi_loss=-0.009 v_loss=0.373 ent=1.300 msg_acc=0.000 kl=0.0107
[upd  128 | steps   65536 | t  116.9s | sps   561] ret_mean=17.500 ep_len=500.0 pi_loss=-0.004 v_loss=0.003 ent=1.041 msg_acc=0.000 kl=0.0074
[upd  129 | steps   66048 | t  118.6s | sps   557] ret_mean=0.000 ep_len=500.0 pi_loss=-0.000 v_loss=0.008 ent=1.216 msg_acc=0.000 kl=0.0078
[upd  130 | steps   66560 | t  119.7s | sps   556] ret_mean=0.000 ep_len=500.0 pi_loss=-0.010 v_loss=0.001 ent=1.375 msg_acc=0.000 kl=0.0046
[upd  131 | steps   67072 | t  121.4s | sps   553] ret_mean=0.000 ep_len=500.0 pi_loss=-0.003 v_loss=0.003 ent=1.304 msg_acc=0.000 kl=0.0089
[upd  132 | steps   67584 | t  124.1s | sps   545] ret_mean=0.500 ep_len=500.0 pi_loss=-0.003 v_loss=0.002 ent=0.990 msg_acc=0.000 kl=0.0043
[upd  133 | steps   68096 | t  127.9s | sps   532] ret_mean=0.000 ep_len=500.0 pi_loss=-0.009 v_loss=0.001 ent=1.395 msg_acc=0.000 kl=0.0089
[upd  134 | steps   68608 | t  131.4s | sps   522] ret_mean=0.000 ep_len=500.0 pi_loss=-0.007 v_loss=0.001 ent=1.377 msg_acc=0.000 kl=0.0024
[upd  135 | steps   69120 | t  133.5s | sps   518] ret_mean=0.000 ep_len=500.0 pi_loss=-0.013 v_loss=0.000 ent=1.436 msg_acc=0.000 kl=0.0119
[upd  136 | steps   69632 | t  136.3s | sps   511] ret_mean=0.000 ep_len=500.0 pi_loss=-0.007 v_loss=0.000 ent=1.288 msg_acc=0.000 kl=0.0058
[upd  137 | steps   70144 | t  137.2s | sps   511] ret_mean=0.000 ep_len=500.0 pi_loss=-0.005 v_loss=0.002 ent=1.353 msg_acc=0.000 kl=-0.0003
[upd  138 | steps   70656 | t  138.1s | sps   512] ret_mean=0.500 ep_len=500.0 pi_loss=-0.001 v_loss=0.001 ent=0.980 msg_acc=0.000 kl=0.0016
[upd  139 | steps   71168 | t  139.0s | sps   512] ret_mean=0.500 ep_len=500.0 pi_loss=-0.006 v_loss=0.000 ent=1.238 msg_acc=0.000 kl=0.0086
[upd  140 | steps   71680 | t  140.2s | sps   511] ret_mean=0.000 ep_len=500.0 pi_loss=-0.019 v_loss=0.000 ent=1.324 msg_acc=0.000 kl=0.0157
[upd  141 | steps   72192 | t  140.9s | sps   512] ret_mean=0.000 ep_len=500.0 pi_loss=-0.004 v_loss=0.002 ent=1.391 msg_acc=0.000 kl=0.0050
[upd  142 | steps   72704 | t  141.6s | sps   514] ret_mean=0.250 ep_len=500.0 pi_loss=-0.003 v_loss=0.001 ent=1.456 msg_acc=0.000 kl=0.0006
[upd  143 | steps   73216 | t  142.8s | sps   513] ret_mean=0.000 ep_len=500.0 pi_loss=-0.005 v_loss=0.000 ent=1.459 msg_acc=0.000 kl=0.0034
[upd  144 | steps   73728 | t  143.6s | sps   514] ret_mean=1.500 ep_len=500.0 pi_loss=-0.007 v_loss=0.009 ent=1.523 msg_acc=0.000 kl=0.0008
[upd  145 | steps   74240 | t  144.3s | sps   515] ret_mean=0.000 ep_len=500.0 pi_loss=-0.007 v_loss=0.000 ent=1.322 msg_acc=0.000 kl=0.0069
[upd  146 | steps   74752 | t  145.0s | sps   516] ret_mean=3.500 ep_len=500.0 pi_loss=-0.007 v_loss=0.020 ent=1.505 msg_acc=0.000 kl=0.0043
[upd  147 | steps   75264 | t  145.7s | sps   516] ret_mean=0.000 ep_len=500.0 pi_loss=-0.008 v_loss=0.001 ent=1.495 msg_acc=0.000 kl=0.0029
[upd  148 | steps   75776 | t  146.4s | sps   517] ret_mean=0.000 ep_len=500.0 pi_loss=-0.000 v_loss=0.001 ent=1.275 msg_acc=0.000 kl=0.0021
[upd  149 | steps   76288 | t  147.2s | sps   518] ret_mean=1.500 ep_len=500.0 pi_loss=-0.007 v_loss=0.008 ent=1.521 msg_acc=0.000 kl=0.0053
[upd  150 | steps   76800 | t  147.9s | sps   519] ret_mean=0.000 ep_len=500.0 pi_loss=-0.003 v_loss=0.001 ent=1.514 msg_acc=0.000 kl=0.0036
        [eval] ret_mean=12.500 ep_len=500.0
[upd  151 | steps   77312 | t  157.7s | sps   490] ret_mean=0.000 ep_len=500.0 pi_loss=-0.003 v_loss=0.000 ent=1.341 msg_acc=0.000 kl=0.0038
[upd  152 | steps   77824 | t  158.4s | sps   491] ret_mean=0.000 ep_len=500.0 pi_loss=-0.005 v_loss=0.001 ent=1.408 msg_acc=0.000 kl=-0.0012
[upd  153 | steps   78336 | t  160.2s | sps   489] ret_mean=1.500 ep_len=500.0 pi_loss=-0.011 v_loss=0.010 ent=1.467 msg_acc=0.000 kl=0.0147
[upd  154 | steps   78848 | t  161.9s | sps   487] ret_mean=0.000 ep_len=500.0 pi_loss=-0.009 v_loss=0.004 ent=1.250 msg_acc=0.000 kl=0.0040
[upd  155 | steps   79360 | t  163.1s | sps   486] ret_mean=2.000 ep_len=500.0 pi_loss=-0.007 v_loss=0.002 ent=1.452 msg_acc=0.000 kl=0.0017
[upd  156 | steps   79872 | t  164.0s | sps   487] ret_mean=0.000 ep_len=500.0 pi_loss=-0.007 v_loss=0.000 ent=1.354 msg_acc=0.000 kl=0.0125
[upd  157 | steps   80384 | t  164.7s | sps   488] ret_mean=3.000 ep_len=500.0 pi_loss=-0.005 v_loss=0.045 ent=1.444 msg_acc=0.000 kl=0.0030
[upd  158 | steps   80896 | t  165.3s | sps   489] ret_mean=0.000 ep_len=500.0 pi_loss=-0.005 v_loss=0.001 ent=1.342 msg_acc=0.000 kl=0.0078
[upd  159 | steps   81408 | t  165.9s | sps   491] ret_mean=0.000 ep_len=500.0 pi_loss=-0.007 v_loss=0.001 ent=1.438 msg_acc=0.000 kl=-0.0022
[upd  160 | steps   81920 | t  166.6s | sps   492] ret_mean=0.000 ep_len=500.0 pi_loss=-0.010 v_loss=0.001 ent=1.396 msg_acc=0.000 kl=0.0054
[upd  161 | steps   82432 | t  167.4s | sps   492] ret_mean=0.000 ep_len=500.0 pi_loss=-0.003 v_loss=0.015 ent=1.419 msg_acc=0.000 kl=0.0019
[upd  162 | steps   82944 | t  168.1s | sps   493] ret_mean=2.000 ep_len=500.0 pi_loss=-0.013 v_loss=0.001 ent=1.473 msg_acc=0.000 kl=0.0053
[upd  163 | steps   83456 | t  168.7s | sps   495] ret_mean=0.000 ep_len=500.0 pi_loss=-0.010 v_loss=0.001 ent=1.430 msg_acc=0.000 kl=0.0043
[upd  164 | steps   83968 | t  169.4s | sps   496] ret_mean=0.000 ep_len=500.0 pi_loss=-0.006 v_loss=0.001 ent=1.407 msg_acc=0.000 kl=0.0031
[upd  165 | steps   84480 | t  170.1s | sps   497] ret_mean=0.000 ep_len=500.0 pi_loss=-0.002 v_loss=0.069 ent=1.459 msg_acc=0.000 kl=0.0006
[upd  166 | steps   84992 | t  170.7s | sps   498] ret_mean=7.000 ep_len=500.0 pi_loss=-0.011 v_loss=0.011 ent=1.460 msg_acc=0.000 kl=0.0033
[upd  167 | steps   85504 | t  171.3s | sps   499] ret_mean=0.000 ep_len=500.0 pi_loss=-0.004 v_loss=0.001 ent=1.418 msg_acc=0.000 kl=0.0006
[upd  168 | steps   86016 | t  171.9s | sps   500] ret_mean=0.000 ep_len=500.0 pi_loss=-0.009 v_loss=0.000 ent=1.341 msg_acc=0.000 kl=0.0125
[upd  169 | steps   86528 | t  172.6s | sps   501] ret_mean=0.000 ep_len=500.0 pi_loss=-0.003 v_loss=0.001 ent=1.366 msg_acc=0.000 kl=0.0008
[upd  170 | steps   87040 | t  173.4s | sps   502] ret_mean=0.000 ep_len=500.0 pi_loss=-0.006 v_loss=0.001 ent=1.459 msg_acc=0.000 kl=0.0060
[upd  171 | steps   87552 | t  174.0s | sps   503] ret_mean=0.000 ep_len=500.0 pi_loss=-0.005 v_loss=0.027 ent=1.415 msg_acc=0.000 kl=0.0025
[upd  172 | steps   88064 | t  174.6s | sps   504] ret_mean=4.000 ep_len=500.0 pi_loss=-0.009 v_loss=0.036 ent=1.340 msg_acc=0.000 kl=0.0077
[upd  173 | steps   88576 | t  175.2s | sps   506] ret_mean=3.000 ep_len=500.0 pi_loss=-0.007 v_loss=0.066 ent=1.326 msg_acc=0.000 kl=0.0017
[upd  174 | steps   89088 | t  175.8s | sps   507] ret_mean=5.000 ep_len=500.0 pi_loss=-0.007 v_loss=0.007 ent=1.338 msg_acc=0.000 kl=0.0087
[upd  175 | steps   89600 | t  176.4s | sps   508] ret_mean=0.000 ep_len=500.0 pi_loss=-0.006 v_loss=0.191 ent=1.351 msg_acc=0.000 kl=0.0069
[upd  176 | steps   90112 | t  177.0s | sps   509] ret_mean=7.500 ep_len=500.0 pi_loss=-0.008 v_loss=0.005 ent=1.277 msg_acc=0.000 kl=0.0051
[upd  177 | steps   90624 | t  177.6s | sps   510] ret_mean=0.000 ep_len=500.0 pi_loss=-0.002 v_loss=0.004 ent=1.280 msg_acc=0.000 kl=0.0079
[upd  178 | steps   91136 | t  178.2s | sps   511] ret_mean=0.000 ep_len=500.0 pi_loss=-0.006 v_loss=0.001 ent=1.225 msg_acc=0.000 kl=-0.0005
[upd  179 | steps   91648 | t  178.9s | sps   512] ret_mean=0.000 ep_len=500.0 pi_loss=-0.005 v_loss=0.000 ent=1.291 msg_acc=0.000 kl=-0.0042
[upd  180 | steps   92160 | t  179.5s | sps   513] ret_mean=0.000 ep_len=500.0 pi_loss=-0.002 v_loss=0.065 ent=1.240 msg_acc=0.000 kl=0.0037
[upd  181 | steps   92672 | t  180.2s | sps   514] ret_mean=6.500 ep_len=500.0 pi_loss=-0.005 v_loss=0.015 ent=1.299 msg_acc=0.000 kl=0.0025
[upd  182 | steps   93184 | t  180.8s | sps   515] ret_mean=0.000 ep_len=500.0 pi_loss=-0.011 v_loss=0.001 ent=1.229 msg_acc=0.000 kl=-0.0029
[upd  183 | steps   93696 | t  181.5s | sps   516] ret_mean=0.000 ep_len=500.0 pi_loss=-0.005 v_loss=0.001 ent=1.230 msg_acc=0.000 kl=0.0049
[upd  184 | steps   94208 | t  182.0s | sps   517] ret_mean=0.000 ep_len=500.0 pi_loss=-0.004 v_loss=0.001 ent=1.169 msg_acc=0.000 kl=0.0057
[upd  185 | steps   94720 | t  182.7s | sps   519] ret_mean=0.000 ep_len=500.0 pi_loss=-0.003 v_loss=0.001 ent=1.236 msg_acc=0.000 kl=0.0031
[upd  186 | steps   95232 | t  183.3s | sps   520] ret_mean=0.000 ep_len=500.0 pi_loss=-0.007 v_loss=0.000 ent=1.281 msg_acc=0.000 kl=0.0045
[upd  187 | steps   95744 | t  183.9s | sps   521] ret_mean=0.000 ep_len=500.0 pi_loss=-0.006 v_loss=0.000 ent=1.281 msg_acc=0.000 kl=0.0050
[upd  188 | steps   96256 | t  184.5s | sps   522] ret_mean=0.000 ep_len=500.0 pi_loss=-0.008 v_loss=0.000 ent=1.288 msg_acc=0.000 kl=0.0067
[upd  189 | steps   96768 | t  185.1s | sps   523] ret_mean=0.000 ep_len=500.0 pi_loss=-0.004 v_loss=0.000 ent=1.316 msg_acc=0.000 kl=0.0056
[upd  190 | steps   97280 | t  185.7s | sps   524] ret_mean=0.000 ep_len=500.0 pi_loss=-0.005 v_loss=0.002 ent=1.411 msg_acc=0.000 kl=0.0111
[upd  191 | steps   97792 | t  186.3s | sps   525] ret_mean=0.500 ep_len=500.0 pi_loss=-0.003 v_loss=0.012 ent=1.324 msg_acc=0.000 kl=-0.0005
[upd  192 | steps   98304 | t  187.0s | sps   526] ret_mean=1.000 ep_len=500.0 pi_loss=-0.007 v_loss=0.000 ent=1.372 msg_acc=0.000 kl=0.0118
[upd  193 | steps   98816 | t  187.6s | sps   527] ret_mean=0.000 ep_len=500.0 pi_loss=-0.010 v_loss=0.000 ent=1.205 msg_acc=0.000 kl=0.0045
[upd  194 | steps   99328 | t  188.2s | sps   528] ret_mean=9.500 ep_len=500.0 pi_loss=-0.004 v_loss=0.172 ent=1.188 msg_acc=0.000 kl=0.0019
[upd  195 | steps   99840 | t  188.8s | sps   529] ret_mean=0.000 ep_len=500.0 pi_loss=-0.009 v_loss=0.001 ent=1.411 msg_acc=0.000 kl=-0.0030
[upd  196 | steps  100352 | t  189.5s | sps   530] ret_mean=0.000 ep_len=500.0 pi_loss=-0.008 v_loss=0.003 ent=1.381 msg_acc=0.000 kl=0.0054
[upd  197 | steps  100864 | t  190.3s | sps   530] ret_mean=2.000 ep_len=500.0 pi_loss=-0.002 v_loss=0.014 ent=1.234 msg_acc=0.000 kl=0.0059
[upd  198 | steps  101376 | t  193.5s | sps   524] ret_mean=0.000 ep_len=500.0 pi_loss=-0.002 v_loss=0.001 ent=1.235 msg_acc=0.000 kl=0.0025
[upd  199 | steps  101888 | t  195.1s | sps   522] ret_mean=0.000 ep_len=500.0 pi_loss=-0.003 v_loss=0.001 ent=1.190 msg_acc=0.000 kl=0.0021
[upd  200 | steps  102400 | t  195.9s | sps   523] ret_mean=0.000 ep_len=500.0 pi_loss=-0.008 v_loss=0.000 ent=1.475 msg_acc=0.000 kl=0.0038
        [eval] ret_mean=0.000 ep_len=500.0
