$ /Users/samchen/Coding/CLASSES/CS2860/.venv/bin/python3 -m policies.train --env rware-tiny-2ag-easy-v2 --seed 3 --updates 400 --rollout 512 --eval-every 25 --eval-episodes 30 --log-dir matrix_results/diagnostics_v1_sam/comm_2ag/main_tiny --run-name mappo-no-comm__baseline__d0__s3 --n-msg-tokens 8 --no-comm --shape-rewards --pickup-bonus 0.5

[env] EnvSpec(env_id='rware-tiny-2ag-easy-v2', n_agents=2, obs_dim=71, n_env_actions=5, noop_action=0, family='rware')  (n_msg_tokens=1)
[cfg] {'clip_range': 0.2, 'value_clip_range': 0.2, 'entropy_coef': 0.01, 'value_coef': 0.5, 'max_grad_norm': 0.5, 'gamma': 0.99, 'gae_lambda': 0.95, 'lr_actor': 0.0003, 'lr_critic': 0.001, 'update_epochs': 4, 'minibatches': 4, 'hidden': 128, 'depth': 2, 'device': 'cpu', 'extra': {}}
[log] writing to matrix_results/diagnostics_v1_sam/comm_2ag/main_tiny/mappo-no-comm__baseline__d0__s3
[upd    1 | steps     512 | t    0.2s | sps  2546] ret_mean=2.000 ep_len=500.0 pi_loss=-0.004 v_loss=0.074 ent=1.608 kl=0.0085
[upd    2 | steps    1024 | t    0.3s | sps  2938] ret_mean=0.000 ep_len=500.0 pi_loss=-0.009 v_loss=0.008 ent=1.604 kl=0.0024
[upd    3 | steps    1536 | t    0.5s | sps  3093] ret_mean=0.000 ep_len=500.0 pi_loss=-0.003 v_loss=0.004 ent=1.598 kl=-0.0026
[upd    4 | steps    2048 | t    0.6s | sps  3155] ret_mean=0.000 ep_len=500.0 pi_loss=-0.004 v_loss=0.004 ent=1.578 kl=0.0071
[upd    5 | steps    2560 | t    0.9s | sps  2932] ret_mean=0.000 ep_len=500.0 pi_loss=-0.003 v_loss=0.002 ent=1.571 kl=0.0018
[upd    6 | steps    3072 | t    1.0s | sps  3012] ret_mean=2.000 ep_len=500.0 pi_loss=-0.006 v_loss=0.020 ent=1.588 kl=0.0037
[upd    7 | steps    3584 | t    1.2s | sps  3005] ret_mean=4.500 ep_len=500.0 pi_loss=-0.004 v_loss=0.038 ent=1.586 kl=-0.0019
[upd    8 | steps    4096 | t    1.3s | sps  3037] ret_mean=0.000 ep_len=500.0 pi_loss=-0.001 v_loss=0.003 ent=1.586 kl=0.0016
[upd    9 | steps    4608 | t    1.5s | sps  3081] ret_mean=0.000 ep_len=500.0 pi_loss=-0.007 v_loss=0.003 ent=1.586 kl=0.0003
[upd   10 | steps    5120 | t    1.6s | sps  3113] ret_mean=0.000 ep_len=500.0 pi_loss=-0.003 v_loss=0.001 ent=1.592 kl=0.0004
[upd   11 | steps    5632 | t    1.8s | sps  3137] ret_mean=0.000 ep_len=500.0 pi_loss=-0.003 v_loss=0.001 ent=1.594 kl=0.0006
[upd   12 | steps    6144 | t    1.9s | sps  3157] ret_mean=0.500 ep_len=500.0 pi_loss=-0.005 v_loss=0.003 ent=1.589 kl=-0.0007
[upd   13 | steps    6656 | t    2.1s | sps  3168] ret_mean=0.500 ep_len=500.0 pi_loss=-0.003 v_loss=0.002 ent=1.588 kl=0.0006
[upd   14 | steps    7168 | t    2.3s | sps  3183] ret_mean=0.000 ep_len=500.0 pi_loss=-0.004 v_loss=0.007 ent=1.586 kl=0.0018
[upd   15 | steps    7680 | t    2.4s | sps  3195] ret_mean=1.000 ep_len=500.0 pi_loss=-0.006 v_loss=0.005 ent=1.554 kl=0.0056
[upd   16 | steps    8192 | t    2.6s | sps  3207] ret_mean=1.000 ep_len=500.0 pi_loss=-0.003 v_loss=0.002 ent=1.568 kl=0.0066
[upd   17 | steps    8704 | t    2.7s | sps  3216] ret_mean=0.500 ep_len=500.0 pi_loss=-0.004 v_loss=0.005 ent=1.551 kl=0.0029
[upd   18 | steps    9216 | t    2.9s | sps  3224] ret_mean=0.000 ep_len=500.0 pi_loss=-0.005 v_loss=0.001 ent=1.559 kl=0.0033
[upd   19 | steps    9728 | t    3.0s | sps  3228] ret_mean=0.000 ep_len=500.0 pi_loss=-0.004 v_loss=0.002 ent=1.574 kl=0.0039
[upd   20 | steps   10240 | t    3.2s | sps  3231] ret_mean=1.500 ep_len=500.0 pi_loss=-0.004 v_loss=0.011 ent=1.559 kl=0.0019
[upd   21 | steps   10752 | t    3.3s | sps  3240] ret_mean=1.000 ep_len=500.0 pi_loss=-0.002 v_loss=0.021 ent=1.557 kl=0.0011
[upd   22 | steps   11264 | t    3.5s | sps  3242] ret_mean=3.500 ep_len=500.0 pi_loss=-0.010 v_loss=0.003 ent=1.528 kl=0.0090
[upd   23 | steps   11776 | t    3.6s | sps  3249] ret_mean=2.000 ep_len=500.0 pi_loss=-0.006 v_loss=0.008 ent=1.528 kl=0.0035
[upd   24 | steps   12288 | t    3.8s | sps  3250] ret_mean=0.500 ep_len=500.0 pi_loss=-0.004 v_loss=0.002 ent=1.540 kl=0.0024
[upd   25 | steps   12800 | t    4.0s | sps  3232] ret_mean=0.000 ep_len=500.0 pi_loss=-0.009 v_loss=0.005 ent=1.496 kl=0.0090
        [eval] ret_mean=16.650 ep_len=500.0
[upd   26 | steps   13312 | t    7.7s | sps  1738] ret_mean=5.000 ep_len=500.0 pi_loss=-0.005 v_loss=0.040 ent=1.493 kl=0.0069
[upd   27 | steps   13824 | t    7.8s | sps  1769] ret_mean=0.000 ep_len=500.0 pi_loss=-0.005 v_loss=0.002 ent=1.417 kl=0.0071
[upd   28 | steps   14336 | t    8.0s | sps  1800] ret_mean=1.500 ep_len=500.0 pi_loss=-0.007 v_loss=0.006 ent=1.515 kl=-0.0005
[upd   29 | steps   14848 | t    8.1s | sps  1830] ret_mean=6.500 ep_len=500.0 pi_loss=-0.007 v_loss=0.054 ent=1.434 kl=0.0076
[upd   30 | steps   15360 | t    8.3s | sps  1858] ret_mean=5.500 ep_len=500.0 pi_loss=-0.005 v_loss=0.034 ent=1.484 kl=0.0039
[upd   31 | steps   15872 | t    8.4s | sps  1882] ret_mean=5.000 ep_len=500.0 pi_loss=-0.007 v_loss=0.063 ent=1.439 kl=0.0075
[upd   32 | steps   16384 | t    8.6s | sps  1905] ret_mean=0.000 ep_len=500.0 pi_loss=-0.005 v_loss=0.004 ent=1.488 kl=-0.0010
[upd   33 | steps   16896 | t    8.8s | sps  1926] ret_mean=0.500 ep_len=500.0 pi_loss=-0.003 v_loss=0.003 ent=1.436 kl=0.0027
[upd   34 | steps   17408 | t    8.9s | sps  1947] ret_mean=0.000 ep_len=500.0 pi_loss=-0.011 v_loss=0.004 ent=1.377 kl=0.0127
[upd   35 | steps   17920 | t    9.1s | sps  1972] ret_mean=9.500 ep_len=500.0 pi_loss=-0.008 v_loss=0.163 ent=1.365 kl=-0.0002
[upd   36 | steps   18432 | t    9.2s | sps  1994] ret_mean=8.000 ep_len=500.0 pi_loss=-0.000 v_loss=0.038 ent=1.394 kl=0.0002
[upd   37 | steps   18944 | t    9.4s | sps  2016] ret_mean=3.500 ep_len=500.0 pi_loss=-0.006 v_loss=0.006 ent=1.465 kl=0.0054
[upd   38 | steps   19456 | t    9.5s | sps  2039] ret_mean=5.500 ep_len=500.0 pi_loss=-0.006 v_loss=0.064 ent=1.468 kl=0.0068
[upd   39 | steps   19968 | t    9.7s | sps  2060] ret_mean=0.000 ep_len=500.0 pi_loss=-0.005 v_loss=0.003 ent=1.474 kl=0.0060
[upd   40 | steps   20480 | t    9.8s | sps  2082] ret_mean=0.000 ep_len=500.0 pi_loss=-0.006 v_loss=0.003 ent=1.395 kl=0.0021
[upd   41 | steps   20992 | t   10.0s | sps  2102] ret_mean=0.000 ep_len=500.0 pi_loss=-0.006 v_loss=0.348 ent=1.362 kl=0.0011
[upd   42 | steps   21504 | t   10.1s | sps  2121] ret_mean=21.500 ep_len=500.0 pi_loss=-0.004 v_loss=0.142 ent=1.372 kl=0.0075
[upd   43 | steps   22016 | t   10.3s | sps  2138] ret_mean=0.000 ep_len=500.0 pi_loss=-0.009 v_loss=0.043 ent=1.307 kl=0.0122
[upd   44 | steps   22528 | t   10.5s | sps  2150] ret_mean=4.500 ep_len=500.0 pi_loss=-0.003 v_loss=0.003 ent=1.324 kl=0.0004
[upd   45 | steps   23040 | t   10.6s | sps  2165] ret_mean=0.000 ep_len=500.0 pi_loss=-0.005 v_loss=0.009 ent=1.320 kl=0.0044
[upd   46 | steps   23552 | t   10.9s | sps  2166] ret_mean=1.000 ep_len=500.0 pi_loss=-0.006 v_loss=0.001 ent=1.178 kl=0.0062
[upd   47 | steps   24064 | t   11.1s | sps  2175] ret_mean=0.000 ep_len=500.0 pi_loss=-0.006 v_loss=0.002 ent=1.090 kl=0.0033
[upd   48 | steps   24576 | t   11.3s | sps  2183] ret_mean=0.000 ep_len=500.0 pi_loss=-0.003 v_loss=0.054 ent=1.030 kl=0.0016
[upd   49 | steps   25088 | t   11.4s | sps  2197] ret_mean=5.500 ep_len=500.0 pi_loss=-0.003 v_loss=0.005 ent=1.104 kl=-0.0025
[upd   50 | steps   25600 | t   11.6s | sps  2199] ret_mean=1.000 ep_len=500.0 pi_loss=-0.006 v_loss=0.009 ent=1.097 kl=0.0064
        [eval] ret_mean=0.000 ep_len=500.0
[upd   51 | steps   26112 | t   16.0s | sps  1629] ret_mean=8.000 ep_len=500.0 pi_loss=-0.006 v_loss=0.143 ent=1.148 kl=0.0046
[upd   52 | steps   26624 | t   16.2s | sps  1645] ret_mean=0.000 ep_len=500.0 pi_loss=-0.006 v_loss=0.003 ent=1.074 kl=0.0073
[upd   53 | steps   27136 | t   16.3s | sps  1660] ret_mean=1.500 ep_len=500.0 pi_loss=-0.004 v_loss=0.024 ent=1.226 kl=0.0070
[upd   54 | steps   27648 | t   16.5s | sps  1673] ret_mean=3.000 ep_len=500.0 pi_loss=-0.004 v_loss=0.007 ent=1.057 kl=-0.0016
[upd   55 | steps   28160 | t   16.7s | sps  1683] ret_mean=0.500 ep_len=500.0 pi_loss=-0.008 v_loss=0.001 ent=1.312 kl=0.0092
[upd   56 | steps   28672 | t   17.0s | sps  1692] ret_mean=2.000 ep_len=500.0 pi_loss=-0.007 v_loss=0.015 ent=1.158 kl=0.0091
[upd   57 | steps   29184 | t   17.2s | sps  1701] ret_mean=4.500 ep_len=500.0 pi_loss=-0.011 v_loss=0.102 ent=1.206 kl=0.0045
[upd   58 | steps   29696 | t   17.4s | sps  1707] ret_mean=2.000 ep_len=500.0 pi_loss=-0.006 v_loss=0.047 ent=1.109 kl=0.0092
[upd   59 | steps   30208 | t   17.6s | sps  1714] ret_mean=4.000 ep_len=500.0 pi_loss=-0.007 v_loss=0.003 ent=1.321 kl=0.0047
[upd   60 | steps   30720 | t   17.8s | sps  1726] ret_mean=6.500 ep_len=500.0 pi_loss=-0.010 v_loss=0.050 ent=1.168 kl=0.0084
[upd   61 | steps   31232 | t   18.0s | sps  1737] ret_mean=0.000 ep_len=500.0 pi_loss=-0.006 v_loss=0.013 ent=1.229 kl=0.0132
[upd   62 | steps   31744 | t   18.2s | sps  1748] ret_mean=10.500 ep_len=500.0 pi_loss=-0.004 v_loss=0.123 ent=1.155 kl=0.0031
[upd   63 | steps   32256 | t   18.3s | sps  1761] ret_mean=0.500 ep_len=500.0 pi_loss=-0.006 v_loss=0.036 ent=1.207 kl=0.0050
[upd   64 | steps   32768 | t   18.5s | sps  1774] ret_mean=2.000 ep_len=500.0 pi_loss=-0.010 v_loss=0.014 ent=1.377 kl=0.0101
[upd   65 | steps   33280 | t   18.6s | sps  1787] ret_mean=0.000 ep_len=500.0 pi_loss=-0.008 v_loss=0.007 ent=1.277 kl=0.0117
[upd   66 | steps   33792 | t   18.8s | sps  1799] ret_mean=17.000 ep_len=500.0 pi_loss=-0.009 v_loss=0.337 ent=1.245 kl=0.0202
[upd   67 | steps   34304 | t   18.9s | sps  1812] ret_mean=3.500 ep_len=500.0 pi_loss=-0.006 v_loss=0.047 ent=1.269 kl=-0.0050
[upd   68 | steps   34816 | t   19.1s | sps  1823] ret_mean=0.000 ep_len=500.0 pi_loss=-0.008 v_loss=0.008 ent=1.335 kl=0.0062
[upd   69 | steps   35328 | t   19.2s | sps  1835] ret_mean=0.000 ep_len=500.0 pi_loss=-0.007 v_loss=0.156 ent=1.275 kl=0.0123
[upd   70 | steps   35840 | t   19.4s | sps  1846] ret_mean=14.000 ep_len=500.0 pi_loss=-0.004 v_loss=0.033 ent=1.264 kl=0.0123
[upd   71 | steps   36352 | t   19.6s | sps  1857] ret_mean=30.500 ep_len=500.0 pi_loss=-0.006 v_loss=0.807 ent=1.181 kl=0.0211
[upd   72 | steps   36864 | t   19.7s | sps  1868] ret_mean=0.000 ep_len=500.0 pi_loss=-0.006 v_loss=0.009 ent=1.347 kl=0.0021
[upd   73 | steps   37376 | t   19.9s | sps  1878] ret_mean=0.000 ep_len=500.0 pi_loss=-0.010 v_loss=0.013 ent=1.276 kl=0.0088
[upd   74 | steps   37888 | t   20.1s | sps  1887] ret_mean=4.500 ep_len=500.0 pi_loss=-0.009 v_loss=0.039 ent=1.286 kl=0.0163
[upd   75 | steps   38400 | t   20.2s | sps  1897] ret_mean=0.000 ep_len=500.0 pi_loss=-0.005 v_loss=0.032 ent=1.275 kl=0.0070
        [eval] ret_mean=4.167 ep_len=500.0
[upd   76 | steps   38912 | t   24.4s | sps  1596] ret_mean=0.000 ep_len=500.0 pi_loss=-0.004 v_loss=0.008 ent=1.286 kl=0.0060
[upd   77 | steps   39424 | t   24.5s | sps  1607] ret_mean=0.000 ep_len=500.0 pi_loss=-0.007 v_loss=0.003 ent=1.313 kl=0.0080
[upd   78 | steps   39936 | t   24.7s | sps  1617] ret_mean=0.000 ep_len=500.0 pi_loss=-0.006 v_loss=0.008 ent=1.250 kl=0.0055
[upd   79 | steps   40448 | t   24.8s | sps  1628] ret_mean=0.000 ep_len=500.0 pi_loss=-0.003 v_loss=0.004 ent=1.222 kl=0.0049
[upd   80 | steps   40960 | t   25.0s | sps  1639] ret_mean=0.000 ep_len=500.0 pi_loss=-0.007 v_loss=0.003 ent=1.290 kl=0.0042
[upd   81 | steps   41472 | t   25.1s | sps  1650] ret_mean=0.000 ep_len=500.0 pi_loss=-0.003 v_loss=0.002 ent=1.146 kl=0.0092
[upd   82 | steps   41984 | t   25.3s | sps  1660] ret_mean=0.000 ep_len=500.0 pi_loss=-0.005 v_loss=0.001 ent=1.288 kl=0.0013
[upd   83 | steps   42496 | t   25.5s | sps  1670] ret_mean=4.500 ep_len=500.0 pi_loss=-0.009 v_loss=0.210 ent=1.342 kl=0.0039
[upd   84 | steps   43008 | t   25.6s | sps  1680] ret_mean=65.000 ep_len=500.0 pi_loss=-0.015 v_loss=1.729 ent=1.210 kl=0.0076
[upd   85 | steps   43520 | t   25.8s | sps  1689] ret_mean=6.500 ep_len=500.0 pi_loss=-0.005 v_loss=0.148 ent=1.256 kl=0.0034
[upd   86 | steps   44032 | t   26.0s | sps  1696] ret_mean=0.000 ep_len=500.0 pi_loss=-0.004 v_loss=0.407 ent=1.235 kl=0.0061
[upd   87 | steps   44544 | t   26.1s | sps  1705] ret_mean=78.500 ep_len=500.0 pi_loss=-0.007 v_loss=1.883 ent=1.058 kl=0.0071
[upd   88 | steps   45056 | t   26.3s | sps  1715] ret_mean=9.000 ep_len=500.0 pi_loss=-0.004 v_loss=0.418 ent=1.332 kl=0.0008
[upd   89 | steps   45568 | t   26.4s | sps  1724] ret_mean=26.500 ep_len=500.0 pi_loss=-0.005 v_loss=0.417 ent=1.159 kl=0.0021
[upd   90 | steps   46080 | t   26.6s | sps  1734] ret_mean=18.000 ep_len=500.0 pi_loss=-0.012 v_loss=0.867 ent=1.244 kl=0.0085
[upd   91 | steps   46592 | t   26.7s | sps  1743] ret_mean=22.500 ep_len=500.0 pi_loss=-0.010 v_loss=0.237 ent=1.171 kl=0.0111
[upd   92 | steps   47104 | t   26.9s | sps  1752] ret_mean=3.000 ep_len=500.0 pi_loss=-0.004 v_loss=0.085 ent=1.115 kl=0.0060
[upd   93 | steps   47616 | t   27.0s | sps  1762] ret_mean=0.000 ep_len=500.0 pi_loss=-0.004 v_loss=0.007 ent=1.013 kl=0.0048
[upd   94 | steps   48128 | t   27.2s | sps  1771] ret_mean=4.000 ep_len=500.0 pi_loss=-0.006 v_loss=0.078 ent=1.090 kl=0.0099
[upd   95 | steps   48640 | t   27.3s | sps  1780] ret_mean=0.000 ep_len=500.0 pi_loss=-0.011 v_loss=1.477 ent=0.970 kl=0.0055
[upd   96 | steps   49152 | t   27.5s | sps  1789] ret_mean=63.500 ep_len=500.0 pi_loss=-0.011 v_loss=2.692 ent=0.725 kl=0.0157
[upd   97 | steps   49664 | t   27.6s | sps  1798] ret_mean=110.000 ep_len=500.0 pi_loss=-0.005 v_loss=3.094 ent=0.780 kl=0.0043
[upd   98 | steps   50176 | t   27.8s | sps  1807] ret_mean=51.000 ep_len=500.0 pi_loss=-0.005 v_loss=0.828 ent=0.624 kl=0.0037
[upd   99 | steps   50688 | t   27.9s | sps  1816] ret_mean=0.000 ep_len=500.0 pi_loss=-0.005 v_loss=0.399 ent=0.723 kl=-0.0001
[upd  100 | steps   51200 | t   28.1s | sps  1824] ret_mean=27.000 ep_len=500.0 pi_loss=-0.003 v_loss=0.482 ent=0.730 kl=0.0059
        [eval] ret_mean=0.000 ep_len=500.0
[upd  101 | steps   51712 | t   31.7s | sps  1633] ret_mean=0.000 ep_len=500.0 pi_loss=-0.008 v_loss=0.014 ent=0.685 kl=0.0037
[upd  102 | steps   52224 | t   31.8s | sps  1641] ret_mean=0.000 ep_len=500.0 pi_loss=-0.001 v_loss=0.014 ent=0.669 kl=0.0043
[upd  103 | steps   52736 | t   32.0s | sps  1649] ret_mean=17.000 ep_len=500.0 pi_loss=-0.019 v_loss=0.579 ent=0.967 kl=0.0158
[upd  104 | steps   53248 | t   32.2s | sps  1656] ret_mean=0.000 ep_len=500.0 pi_loss=-0.006 v_loss=0.016 ent=0.975 kl=0.0036
[upd  105 | steps   53760 | t   32.3s | sps  1663] ret_mean=53.500 ep_len=500.0 pi_loss=-0.008 v_loss=2.062 ent=0.558 kl=0.0085
[upd  106 | steps   54272 | t   32.5s | sps  1669] ret_mean=0.000 ep_len=500.0 pi_loss=-0.007 v_loss=0.610 ent=0.822 kl=0.0069
[upd  107 | steps   54784 | t   32.7s | sps  1674] ret_mean=47.500 ep_len=500.0 pi_loss=-0.007 v_loss=1.371 ent=0.713 kl=0.0125
[upd  108 | steps   55296 | t   32.9s | sps  1680] ret_mean=0.000 ep_len=500.0 pi_loss=-0.003 v_loss=0.765 ent=0.858 kl=0.0052
[upd  109 | steps   55808 | t   33.1s | sps  1688] ret_mean=116.000 ep_len=500.0 pi_loss=-0.004 v_loss=5.392 ent=0.305 kl=0.0041
[upd  110 | steps   56320 | t   33.2s | sps  1696] ret_mean=74.000 ep_len=500.0 pi_loss=-0.010 v_loss=2.189 ent=0.951 kl=0.0193
[upd  111 | steps   56832 | t   33.4s | sps  1703] ret_mean=0.000 ep_len=500.0 pi_loss=-0.005 v_loss=0.179 ent=0.996 kl=-0.0016
[upd  112 | steps   57344 | t   33.5s | sps  1709] ret_mean=57.500 ep_len=500.0 pi_loss=-0.009 v_loss=2.298 ent=0.907 kl=0.0132
[upd  113 | steps   57856 | t   33.7s | sps  1717] ret_mean=60.500 ep_len=500.0 pi_loss=-0.003 v_loss=4.338 ent=0.636 kl=0.0008
[upd  114 | steps   58368 | t   33.9s | sps  1724] ret_mean=121.000 ep_len=500.0 pi_loss=-0.009 v_loss=3.602 ent=0.551 kl=0.0068
[upd  115 | steps   58880 | t   34.0s | sps  1731] ret_mean=56.000 ep_len=500.0 pi_loss=-0.002 v_loss=2.708 ent=0.606 kl=0.0064
[upd  116 | steps   59392 | t   34.2s | sps  1738] ret_mean=15.500 ep_len=500.0 pi_loss=-0.006 v_loss=0.547 ent=0.478 kl=0.0067
[upd  117 | steps   59904 | t   34.3s | sps  1744] ret_mean=3.500 ep_len=500.0 pi_loss=-0.004 v_loss=1.484 ent=0.425 kl=0.0021
[upd  118 | steps   60416 | t   34.5s | sps  1750] ret_mean=139.000 ep_len=500.0 pi_loss=-0.003 v_loss=9.948 ent=0.331 kl=0.0019
[upd  119 | steps   60928 | t   34.7s | sps  1756] ret_mean=102.500 ep_len=500.0 pi_loss=-0.004 v_loss=3.536 ent=0.544 kl=0.0059
[upd  120 | steps   61440 | t   34.9s | sps  1761] ret_mean=41.000 ep_len=500.0 pi_loss=-0.005 v_loss=3.482 ent=0.361 kl=0.0037
[upd  121 | steps   61952 | t   35.0s | sps  1768] ret_mean=158.500 ep_len=500.0 pi_loss=-0.003 v_loss=13.934 ent=0.252 kl=0.0055
[upd  122 | steps   62464 | t   35.2s | sps  1774] ret_mean=115.500 ep_len=500.0 pi_loss=-0.006 v_loss=2.544 ent=0.569 kl=0.0068
[upd  123 | steps   62976 | t   35.4s | sps  1780] ret_mean=25.500 ep_len=500.0 pi_loss=-0.006 v_loss=2.213 ent=0.729 kl=-0.0006
[upd  124 | steps   63488 | t   35.5s | sps  1786] ret_mean=80.500 ep_len=500.0 pi_loss=-0.008 v_loss=1.716 ent=0.784 kl=0.0086
[upd  125 | steps   64000 | t   35.7s | sps  1792] ret_mean=0.000 ep_len=500.0 pi_loss=-0.005 v_loss=2.238 ent=0.739 kl=0.0049
        [eval] ret_mean=16.600 ep_len=500.0
[upd  126 | steps   64512 | t   39.7s | sps  1624] ret_mean=0.000 ep_len=500.0 pi_loss=-0.004 v_loss=0.283 ent=0.800 kl=0.0054
[upd  127 | steps   65024 | t   39.9s | sps  1631] ret_mean=116.500 ep_len=500.0 pi_loss=-0.002 v_loss=3.513 ent=0.394 kl=0.0010
[upd  128 | steps   65536 | t   40.1s | sps  1634] ret_mean=0.000 ep_len=500.0 pi_loss=-0.003 v_loss=0.280 ent=1.063 kl=0.0049
[upd  129 | steps   66048 | t   40.3s | sps  1640] ret_mean=79.500 ep_len=500.0 pi_loss=-0.014 v_loss=2.821 ent=0.494 kl=0.0062
[upd  130 | steps   66560 | t   40.5s | sps  1645] ret_mean=119.500 ep_len=500.0 pi_loss=-0.011 v_loss=4.027 ent=0.750 kl=-0.0029
[upd  131 | steps   67072 | t   40.6s | sps  1651] ret_mean=86.500 ep_len=500.0 pi_loss=-0.006 v_loss=3.629 ent=0.805 kl=0.0012
[upd  132 | steps   67584 | t   40.8s | sps  1657] ret_mean=62.000 ep_len=500.0 pi_loss=-0.007 v_loss=1.737 ent=0.760 kl=0.0032
[upd  133 | steps   68096 | t   40.9s | sps  1663] ret_mean=84.000 ep_len=500.0 pi_loss=-0.006 v_loss=3.269 ent=0.762 kl=0.0041
[upd  134 | steps   68608 | t   41.1s | sps  1669] ret_mean=25.000 ep_len=500.0 pi_loss=-0.003 v_loss=1.332 ent=0.870 kl=0.0015
[upd  135 | steps   69120 | t   41.4s | sps  1672] ret_mean=21.500 ep_len=500.0 pi_loss=-0.007 v_loss=1.694 ent=1.125 kl=0.0084
[upd  136 | steps   69632 | t   41.6s | sps  1674] ret_mean=178.500 ep_len=500.0 pi_loss=-0.003 v_loss=10.092 ent=0.467 kl=0.0053
[upd  137 | steps   70144 | t   41.8s | sps  1677] ret_mean=65.500 ep_len=500.0 pi_loss=-0.008 v_loss=1.429 ent=0.995 kl=0.0063
[upd  138 | steps   70656 | t   42.0s | sps  1682] ret_mean=63.000 ep_len=500.0 pi_loss=-0.007 v_loss=2.381 ent=1.013 kl=0.0071
[upd  139 | steps   71168 | t   42.2s | sps  1685] ret_mean=0.000 ep_len=500.0 pi_loss=-0.004 v_loss=0.183 ent=1.270 kl=0.0017
[upd  140 | steps   71680 | t   42.4s | sps  1690] ret_mean=0.000 ep_len=500.0 pi_loss=-0.006 v_loss=0.932 ent=1.084 kl=0.0046
[upd  141 | steps   72192 | t   42.6s | sps  1695] ret_mean=64.500 ep_len=500.0 pi_loss=-0.013 v_loss=1.508 ent=1.093 kl=0.0170
[upd  142 | steps   72704 | t   42.7s | sps  1701] ret_mean=62.000 ep_len=500.0 pi_loss=-0.008 v_loss=2.744 ent=0.606 kl=0.0001
[upd  143 | steps   73216 | t   42.9s | sps  1707] ret_mean=120.500 ep_len=500.0 pi_loss=-0.009 v_loss=5.758 ent=0.609 kl=0.0027
[upd  144 | steps   73728 | t   43.0s | sps  1713] ret_mean=101.500 ep_len=500.0 pi_loss=-0.004 v_loss=10.894 ent=0.354 kl=0.0088
[upd  145 | steps   74240 | t   43.2s | sps  1719] ret_mean=230.000 ep_len=500.0 pi_loss=-0.001 v_loss=10.846 ent=0.381 kl=0.0055
[upd  146 | steps   74752 | t   43.3s | sps  1725] ret_mean=120.500 ep_len=500.0 pi_loss=-0.003 v_loss=3.354 ent=0.730 kl=0.0024
[upd  147 | steps   75264 | t   43.5s | sps  1730] ret_mean=137.000 ep_len=500.0 pi_loss=-0.007 v_loss=4.509 ent=0.805 kl=0.0112
[upd  148 | steps   75776 | t   43.6s | sps  1736] ret_mean=0.000 ep_len=500.0 pi_loss=-0.007 v_loss=2.928 ent=0.939 kl=0.0164
[upd  149 | steps   76288 | t   43.8s | sps  1741] ret_mean=179.000 ep_len=500.0 pi_loss=-0.005 v_loss=8.332 ent=0.488 kl=0.0150
[upd  150 | steps   76800 | t   44.0s | sps  1747] ret_mean=105.000 ep_len=500.0 pi_loss=-0.011 v_loss=2.264 ent=0.993 kl=0.0144
        [eval] ret_mean=16.650 ep_len=500.0
[upd  151 | steps   77312 | t   47.9s | sps  1615] ret_mean=221.500 ep_len=500.0 pi_loss=-0.009 v_loss=13.284 ent=0.282 kl=0.0029
[upd  152 | steps   77824 | t   48.0s | sps  1621] ret_mean=57.000 ep_len=500.0 pi_loss=-0.011 v_loss=2.134 ent=1.067 kl=0.0076
[upd  153 | steps   78336 | t   48.2s | sps  1626] ret_mean=0.000 ep_len=500.0 pi_loss=-0.007 v_loss=0.587 ent=1.163 kl=0.0045
[upd  154 | steps   78848 | t   48.3s | sps  1632] ret_mean=88.500 ep_len=500.0 pi_loss=-0.003 v_loss=5.232 ent=0.782 kl=0.0056
[upd  155 | steps   79360 | t   48.5s | sps  1638] ret_mean=105.000 ep_len=500.0 pi_loss=-0.006 v_loss=3.396 ent=0.681 kl=0.0053
[upd  156 | steps   79872 | t   48.6s | sps  1643] ret_mean=77.500 ep_len=500.0 pi_loss=-0.006 v_loss=3.576 ent=0.781 kl=0.0130
[upd  157 | steps   80384 | t   48.8s | sps  1649] ret_mean=217.500 ep_len=500.0 pi_loss=-0.003 v_loss=14.130 ent=0.237 kl=0.0031
[upd  158 | steps   80896 | t   48.9s | sps  1654] ret_mean=52.500 ep_len=500.0 pi_loss=-0.004 v_loss=2.702 ent=0.758 kl=0.0068
[upd  159 | steps   81408 | t   49.0s | sps  1660] ret_mean=53.500 ep_len=500.0 pi_loss=-0.007 v_loss=2.196 ent=0.558 kl=0.0056
[upd  160 | steps   81920 | t   49.2s | sps  1665] ret_mean=112.000 ep_len=500.0 pi_loss=-0.007 v_loss=2.643 ent=0.678 kl=0.0056
[upd  161 | steps   82432 | t   49.3s | sps  1671] ret_mean=122.500 ep_len=500.0 pi_loss=-0.002 v_loss=3.585 ent=0.687 kl=0.0006
[upd  162 | steps   82944 | t   49.5s | sps  1676] ret_mean=139.000 ep_len=500.0 pi_loss=-0.004 v_loss=3.240 ent=0.611 kl=0.0053
[upd  163 | steps   83456 | t   49.7s | sps  1681] ret_mean=29.000 ep_len=500.0 pi_loss=-0.006 v_loss=5.809 ent=0.766 kl=0.0096
[upd  164 | steps   83968 | t   49.8s | sps  1686] ret_mean=230.500 ep_len=500.0 pi_loss=-0.002 v_loss=11.448 ent=0.241 kl=0.0024
[upd  165 | steps   84480 | t   50.0s | sps  1691] ret_mean=193.500 ep_len=500.0 pi_loss=-0.004 v_loss=9.399 ent=0.407 kl=0.0008
[upd  166 | steps   84992 | t   50.1s | sps  1696] ret_mean=0.000 ep_len=500.0 pi_loss=-0.003 v_loss=5.532 ent=0.777 kl=0.0068
[upd  167 | steps   85504 | t   50.3s | sps  1701] ret_mean=195.000 ep_len=500.0 pi_loss=-0.004 v_loss=10.082 ent=0.359 kl=0.0099
[upd  168 | steps   86016 | t   50.4s | sps  1706] ret_mean=214.500 ep_len=500.0 pi_loss=-0.003 v_loss=10.656 ent=0.333 kl=0.0059
[upd  169 | steps   86528 | t   50.6s | sps  1711] ret_mean=188.500 ep_len=500.0 pi_loss=-0.002 v_loss=8.576 ent=0.455 kl=0.0014
[upd  170 | steps   87040 | t   50.7s | sps  1717] ret_mean=94.500 ep_len=500.0 pi_loss=-0.007 v_loss=2.773 ent=0.659 kl=0.0054
[upd  171 | steps   87552 | t   50.9s | sps  1722] ret_mean=141.500 ep_len=500.0 pi_loss=-0.005 v_loss=6.310 ent=0.544 kl=-0.0012
[upd  172 | steps   88064 | t   51.0s | sps  1727] ret_mean=123.500 ep_len=500.0 pi_loss=-0.003 v_loss=2.568 ent=0.697 kl=-0.0019
[upd  173 | steps   88576 | t   51.2s | sps  1730] ret_mean=148.000 ep_len=500.0 pi_loss=-0.002 v_loss=13.265 ent=0.182 kl=0.0012
[upd  174 | steps   89088 | t   51.4s | sps  1735] ret_mean=244.500 ep_len=500.0 pi_loss=-0.001 v_loss=7.302 ent=0.303 kl=0.0048
[upd  175 | steps   89600 | t   51.5s | sps  1740] ret_mean=124.000 ep_len=500.0 pi_loss=-0.006 v_loss=2.486 ent=0.507 kl=0.0159
        [eval] ret_mean=4.167 ep_len=500.0
[upd  176 | steps   90112 | t   55.2s | sps  1631] ret_mean=200.500 ep_len=500.0 pi_loss=-0.002 v_loss=11.427 ent=0.268 kl=0.0018
[upd  177 | steps   90624 | t   55.5s | sps  1634] ret_mean=241.000 ep_len=500.0 pi_loss=-0.001 v_loss=12.383 ent=0.126 kl=0.0005
[upd  178 | steps   91136 | t   55.7s | sps  1637] ret_mean=0.000 ep_len=500.0 pi_loss=-0.009 v_loss=3.834 ent=0.930 kl=0.0038
[upd  179 | steps   91648 | t   55.8s | sps  1642] ret_mean=96.000 ep_len=500.0 pi_loss=-0.002 v_loss=3.962 ent=0.534 kl=0.0011
[upd  180 | steps   92160 | t   56.0s | sps  1647] ret_mean=241.000 ep_len=500.0 pi_loss=-0.005 v_loss=9.782 ent=0.301 kl=0.0067
[upd  181 | steps   92672 | t   56.1s | sps  1651] ret_mean=100.000 ep_len=500.0 pi_loss=-0.007 v_loss=2.731 ent=0.481 kl=0.0023
[upd  182 | steps   93184 | t   56.3s | sps  1655] ret_mean=144.500 ep_len=500.0 pi_loss=-0.005 v_loss=5.306 ent=0.455 kl=0.0033
[upd  183 | steps   93696 | t   56.4s | sps  1660] ret_mean=81.500 ep_len=500.0 pi_loss=-0.004 v_loss=5.074 ent=0.745 kl=0.0019
[upd  184 | steps   94208 | t   56.6s | sps  1665] ret_mean=220.000 ep_len=500.0 pi_loss=-0.010 v_loss=12.994 ent=0.272 kl=0.0183
[upd  185 | steps   94720 | t   56.7s | sps  1669] ret_mean=227.000 ep_len=500.0 pi_loss=-0.001 v_loss=10.626 ent=0.274 kl=-0.0001
[upd  186 | steps   95232 | t   56.9s | sps  1674] ret_mean=129.000 ep_len=500.0 pi_loss=-0.003 v_loss=4.634 ent=0.744 kl=0.0066
[upd  187 | steps   95744 | t   57.1s | sps  1678] ret_mean=132.000 ep_len=500.0 pi_loss=-0.003 v_loss=7.545 ent=0.584 kl=0.0020
[upd  188 | steps   96256 | t   57.2s | sps  1682] ret_mean=80.500 ep_len=500.0 pi_loss=-0.003 v_loss=3.249 ent=0.730 kl=0.0001
[upd  189 | steps   96768 | t   57.4s | sps  1686] ret_mean=106.500 ep_len=500.0 pi_loss=-0.008 v_loss=3.773 ent=0.813 kl=0.0069
[upd  190 | steps   97280 | t   57.6s | sps  1689] ret_mean=73.000 ep_len=500.0 pi_loss=-0.008 v_loss=2.733 ent=0.732 kl=0.0027
[upd  191 | steps   97792 | t   57.7s | sps  1694] ret_mean=177.500 ep_len=500.0 pi_loss=-0.007 v_loss=9.843 ent=0.224 kl=0.0130
[upd  192 | steps   98304 | t   57.9s | sps  1698] ret_mean=152.000 ep_len=500.0 pi_loss=-0.008 v_loss=3.294 ent=0.657 kl=0.0069
[upd  193 | steps   98816 | t   58.1s | sps  1702] ret_mean=118.500 ep_len=500.0 pi_loss=-0.004 v_loss=3.586 ent=0.706 kl=0.0047
[upd  194 | steps   99328 | t   58.2s | sps  1706] ret_mean=111.500 ep_len=500.0 pi_loss=-0.002 v_loss=3.872 ent=0.942 kl=0.0062
[upd  195 | steps   99840 | t   58.4s | sps  1710] ret_mean=28.500 ep_len=500.0 pi_loss=-0.006 v_loss=4.082 ent=0.787 kl=0.0030
[upd  196 | steps  100352 | t   58.5s | sps  1715] ret_mean=124.000 ep_len=500.0 pi_loss=-0.007 v_loss=4.967 ent=0.638 kl=0.0099
[upd  197 | steps  100864 | t   58.7s | sps  1719] ret_mean=175.500 ep_len=500.0 pi_loss=-0.003 v_loss=8.230 ent=0.475 kl=0.0021
[upd  198 | steps  101376 | t   58.8s | sps  1723] ret_mean=58.000 ep_len=500.0 pi_loss=-0.006 v_loss=4.139 ent=0.846 kl=0.0081
[upd  199 | steps  101888 | t   59.0s | sps  1728] ret_mean=82.500 ep_len=500.0 pi_loss=-0.005 v_loss=4.150 ent=0.445 kl=0.0117
[upd  200 | steps  102400 | t   59.1s | sps  1732] ret_mean=93.500 ep_len=500.0 pi_loss=-0.004 v_loss=9.957 ent=0.446 kl=0.0110
        [eval] ret_mean=16.383 ep_len=500.0
[upd  201 | steps  102912 | t   62.8s | sps  1638] ret_mean=226.000 ep_len=500.0 pi_loss=-0.002 v_loss=11.012 ent=0.215 kl=0.0038
[upd  202 | steps  103424 | t   63.0s | sps  1642] ret_mean=110.000 ep_len=500.0 pi_loss=-0.003 v_loss=6.198 ent=0.730 kl=0.0020
[upd  203 | steps  103936 | t   63.1s | sps  1646] ret_mean=143.000 ep_len=500.0 pi_loss=-0.012 v_loss=4.276 ent=0.618 kl=0.0098
[upd  204 | steps  104448 | t   63.3s | sps  1650] ret_mean=119.500 ep_len=500.0 pi_loss=-0.003 v_loss=3.522 ent=0.668 kl=0.0215
[upd  205 | steps  104960 | t   63.4s | sps  1655] ret_mean=116.000 ep_len=500.0 pi_loss=-0.004 v_loss=2.728 ent=0.730 kl=0.0055
[upd  206 | steps  105472 | t   63.6s | sps  1659] ret_mean=0.000 ep_len=500.0 pi_loss=-0.014 v_loss=5.262 ent=1.300 kl=0.0190
[upd  207 | steps  105984 | t   63.7s | sps  1663] ret_mean=133.000 ep_len=500.0 pi_loss=-0.010 v_loss=10.269 ent=0.522 kl=0.0050
[upd  208 | steps  106496 | t   63.9s | sps  1667] ret_mean=147.500 ep_len=500.0 pi_loss=-0.005 v_loss=4.397 ent=0.725 kl=0.0070
[upd  209 | steps  107008 | t   64.0s | sps  1671] ret_mean=0.000 ep_len=500.0 pi_loss=-0.005 v_loss=5.032 ent=1.138 kl=0.0106
[upd  210 | steps  107520 | t   64.2s | sps  1675] ret_mean=102.500 ep_len=500.0 pi_loss=-0.003 v_loss=3.046 ent=0.690 kl=0.0085
[upd  211 | steps  108032 | t   64.3s | sps  1679] ret_mean=117.000 ep_len=500.0 pi_loss=-0.006 v_loss=3.296 ent=0.798 kl=0.0029
[upd  212 | steps  108544 | t   64.5s | sps  1683] ret_mean=79.000 ep_len=500.0 pi_loss=-0.015 v_loss=3.932 ent=0.662 kl=0.0279
[upd  213 | steps  109056 | t   64.6s | sps  1688] ret_mean=122.500 ep_len=500.0 pi_loss=-0.007 v_loss=3.439 ent=0.915 kl=0.0054
[upd  214 | steps  109568 | t   64.8s | sps  1692] ret_mean=58.500 ep_len=500.0 pi_loss=-0.009 v_loss=3.413 ent=1.173 kl=0.0138
[upd  215 | steps  110080 | t   64.9s | sps  1696] ret_mean=75.500 ep_len=500.0 pi_loss=-0.008 v_loss=3.972 ent=1.009 kl=0.0117
[upd  216 | steps  110592 | t   65.1s | sps  1699] ret_mean=0.000 ep_len=500.0 pi_loss=-0.010 v_loss=2.696 ent=1.239 kl=0.0029
[upd  217 | steps  111104 | t   65.2s | sps  1703] ret_mean=162.000 ep_len=500.0 pi_loss=-0.007 v_loss=8.370 ent=0.557 kl=0.0184
[upd  218 | steps  111616 | t   65.4s | sps  1707] ret_mean=76.000 ep_len=500.0 pi_loss=-0.014 v_loss=3.308 ent=0.937 kl=0.0132
[upd  219 | steps  112128 | t   65.5s | sps  1711] ret_mean=116.500 ep_len=500.0 pi_loss=-0.008 v_loss=3.216 ent=1.067 kl=0.0026
[upd  220 | steps  112640 | t   65.7s | sps  1715] ret_mean=36.000 ep_len=500.0 pi_loss=-0.010 v_loss=9.750 ent=1.119 kl=0.0083
[upd  221 | steps  113152 | t   65.8s | sps  1719] ret_mean=79.500 ep_len=500.0 pi_loss=-0.010 v_loss=2.678 ent=1.167 kl=0.0021
[upd  222 | steps  113664 | t   66.0s | sps  1723] ret_mean=41.500 ep_len=500.0 pi_loss=-0.008 v_loss=4.420 ent=1.045 kl=0.0139
[upd  223 | steps  114176 | t   66.1s | sps  1727] ret_mean=80.000 ep_len=500.0 pi_loss=-0.008 v_loss=7.430 ent=0.542 kl=0.0124
[upd  224 | steps  114688 | t   66.3s | sps  1731] ret_mean=172.500 ep_len=500.0 pi_loss=-0.007 v_loss=5.960 ent=0.593 kl=0.0087
[upd  225 | steps  115200 | t   66.4s | sps  1735] ret_mean=210.000 ep_len=500.0 pi_loss=-0.001 v_loss=8.829 ent=0.404 kl=0.0011
        [eval] ret_mean=33.200 ep_len=500.0
[upd  226 | steps  115712 | t   70.4s | sps  1644] ret_mean=54.500 ep_len=500.0 pi_loss=-0.005 v_loss=3.715 ent=0.980 kl=0.0108
[upd  227 | steps  116224 | t   70.5s | sps  1647] ret_mean=90.500 ep_len=500.0 pi_loss=-0.004 v_loss=4.281 ent=0.887 kl=0.0117
[upd  228 | steps  116736 | t   70.7s | sps  1651] ret_mean=73.500 ep_len=500.0 pi_loss=-0.006 v_loss=4.074 ent=0.858 kl=-0.0034
[upd  229 | steps  117248 | t   70.9s | sps  1655] ret_mean=142.000 ep_len=500.0 pi_loss=-0.002 v_loss=3.366 ent=0.676 kl=0.0043
[upd  230 | steps  117760 | t   71.0s | sps  1658] ret_mean=163.500 ep_len=500.0 pi_loss=-0.008 v_loss=6.973 ent=0.438 kl=0.0118
[upd  231 | steps  118272 | t   71.2s | sps  1661] ret_mean=120.000 ep_len=500.0 pi_loss=-0.007 v_loss=4.146 ent=0.759 kl=0.0051
[upd  232 | steps  118784 | t   71.3s | sps  1665] ret_mean=230.500 ep_len=500.0 pi_loss=-0.004 v_loss=9.240 ent=0.363 kl=0.0079
[upd  233 | steps  119296 | t   71.5s | sps  1669] ret_mean=192.500 ep_len=500.0 pi_loss=-0.005 v_loss=11.660 ent=0.223 kl=0.0027
[upd  234 | steps  119808 | t   71.7s | sps  1672] ret_mean=134.000 ep_len=500.0 pi_loss=-0.003 v_loss=5.501 ent=0.460 kl=-0.0018
[upd  235 | steps  120320 | t   71.9s | sps  1674] ret_mean=89.500 ep_len=500.0 pi_loss=-0.010 v_loss=3.637 ent=0.763 kl=0.0085
[upd  236 | steps  120832 | t   72.1s | sps  1677] ret_mean=124.000 ep_len=500.0 pi_loss=-0.005 v_loss=5.011 ent=0.590 kl=0.0084
[upd  237 | steps  121344 | t   72.2s | sps  1680] ret_mean=231.500 ep_len=500.0 pi_loss=-0.006 v_loss=11.413 ent=0.219 kl=0.0053
[upd  238 | steps  121856 | t   72.4s | sps  1684] ret_mean=198.000 ep_len=500.0 pi_loss=-0.005 v_loss=9.801 ent=0.280 kl=0.0016
[upd  239 | steps  122368 | t   72.5s | sps  1687] ret_mean=121.500 ep_len=500.0 pi_loss=-0.007 v_loss=5.292 ent=0.881 kl=0.0050
[upd  240 | steps  122880 | t   72.7s | sps  1691] ret_mean=171.500 ep_len=500.0 pi_loss=-0.004 v_loss=9.386 ent=0.332 kl=0.0110
[upd  241 | steps  123392 | t   72.8s | sps  1694] ret_mean=104.000 ep_len=500.0 pi_loss=-0.007 v_loss=6.991 ent=0.559 kl=0.0201
[upd  242 | steps  123904 | t   73.0s | sps  1697] ret_mean=208.500 ep_len=500.0 pi_loss=-0.004 v_loss=10.335 ent=0.267 kl=0.0031
[upd  243 | steps  124416 | t   73.2s | sps  1701] ret_mean=212.500 ep_len=500.0 pi_loss=-0.003 v_loss=8.641 ent=0.344 kl=0.0092
[upd  244 | steps  124928 | t   73.3s | sps  1704] ret_mean=134.500 ep_len=500.0 pi_loss=-0.004 v_loss=8.454 ent=0.636 kl=-0.0012
[upd  245 | steps  125440 | t   73.5s | sps  1708] ret_mean=110.500 ep_len=500.0 pi_loss=-0.007 v_loss=8.231 ent=0.459 kl=0.0047
[upd  246 | steps  125952 | t   73.6s | sps  1711] ret_mean=233.500 ep_len=500.0 pi_loss=-0.004 v_loss=10.444 ent=0.613 kl=0.0069
[upd  247 | steps  126464 | t   73.8s | sps  1714] ret_mean=64.000 ep_len=500.0 pi_loss=-0.005 v_loss=5.651 ent=0.942 kl=0.0031
[upd  248 | steps  126976 | t   73.9s | sps  1718] ret_mean=23.500 ep_len=500.0 pi_loss=-0.011 v_loss=4.561 ent=1.105 kl=0.0112
[upd  249 | steps  127488 | t   74.1s | sps  1721] ret_mean=110.500 ep_len=500.0 pi_loss=-0.007 v_loss=4.206 ent=0.782 kl=0.0045
[upd  250 | steps  128000 | t   74.2s | sps  1725] ret_mean=113.000 ep_len=500.0 pi_loss=-0.004 v_loss=6.625 ent=0.534 kl=0.0015
        [eval] ret_mean=33.217 ep_len=500.0
[upd  251 | steps  128512 | t   77.7s | sps  1653] ret_mean=119.500 ep_len=500.0 pi_loss=-0.007 v_loss=4.395 ent=0.738 kl=0.0078
[upd  252 | steps  129024 | t   77.9s | sps  1656] ret_mean=112.500 ep_len=500.0 pi_loss=-0.008 v_loss=6.275 ent=0.713 kl=0.0073
[upd  253 | steps  129536 | t   78.0s | sps  1660] ret_mean=93.000 ep_len=500.0 pi_loss=-0.009 v_loss=4.706 ent=0.885 kl=0.0028
[upd  254 | steps  130048 | t   78.2s | sps  1663] ret_mean=227.000 ep_len=500.0 pi_loss=-0.001 v_loss=10.458 ent=0.251 kl=0.0010
[upd  255 | steps  130560 | t   78.3s | sps  1666] ret_mean=76.500 ep_len=500.0 pi_loss=-0.007 v_loss=5.364 ent=0.927 kl=0.0044
[upd  256 | steps  131072 | t   78.5s | sps  1670] ret_mean=87.500 ep_len=500.0 pi_loss=-0.008 v_loss=4.764 ent=0.816 kl=0.0069
[upd  257 | steps  131584 | t   78.7s | sps  1673] ret_mean=117.000 ep_len=500.0 pi_loss=-0.011 v_loss=4.123 ent=0.864 kl=0.0116
[upd  258 | steps  132096 | t   78.8s | sps  1676] ret_mean=104.000 ep_len=500.0 pi_loss=-0.003 v_loss=3.374 ent=0.838 kl=0.0113
[upd  259 | steps  132608 | t   79.0s | sps  1680] ret_mean=183.000 ep_len=500.0 pi_loss=-0.003 v_loss=10.533 ent=0.312 kl=0.0012
[upd  260 | steps  133120 | t   79.1s | sps  1683] ret_mean=116.500 ep_len=500.0 pi_loss=-0.005 v_loss=3.293 ent=0.710 kl=-0.0012
[upd  261 | steps  133632 | t   79.3s | sps  1686] ret_mean=161.500 ep_len=500.0 pi_loss=-0.007 v_loss=7.820 ent=0.532 kl=0.0265
[upd  262 | steps  134144 | t   79.4s | sps  1689] ret_mean=120.000 ep_len=500.0 pi_loss=-0.007 v_loss=5.741 ent=0.867 kl=0.0160
[upd  263 | steps  134656 | t   79.6s | sps  1693] ret_mean=31.500 ep_len=500.0 pi_loss=-0.007 v_loss=5.607 ent=1.161 kl=0.0050
[upd  264 | steps  135168 | t   79.7s | sps  1696] ret_mean=89.000 ep_len=500.0 pi_loss=-0.009 v_loss=4.105 ent=0.990 kl=0.0075
[upd  265 | steps  135680 | t   79.9s | sps  1699] ret_mean=88.000 ep_len=500.0 pi_loss=-0.005 v_loss=5.802 ent=0.837 kl=0.0009
[upd  266 | steps  136192 | t   80.0s | sps  1702] ret_mean=121.000 ep_len=500.0 pi_loss=-0.006 v_loss=5.362 ent=0.695 kl=0.0060
[upd  267 | steps  136704 | t   80.2s | sps  1705] ret_mean=189.000 ep_len=500.0 pi_loss=-0.003 v_loss=8.518 ent=0.547 kl=0.0018
[upd  268 | steps  137216 | t   80.3s | sps  1708] ret_mean=126.500 ep_len=500.0 pi_loss=-0.005 v_loss=9.795 ent=0.900 kl=0.0047
[upd  269 | steps  137728 | t   80.5s | sps  1711] ret_mean=0.000 ep_len=500.0 pi_loss=-0.007 v_loss=4.787 ent=1.187 kl=-0.0028
[upd  270 | steps  138240 | t   80.7s | sps  1714] ret_mean=74.000 ep_len=500.0 pi_loss=-0.007 v_loss=7.092 ent=0.642 kl=0.0050
[upd  271 | steps  138752 | t   80.8s | sps  1717] ret_mean=195.500 ep_len=500.0 pi_loss=-0.007 v_loss=10.160 ent=0.427 kl=0.0038
[upd  272 | steps  139264 | t   81.0s | sps  1720] ret_mean=159.000 ep_len=500.0 pi_loss=-0.004 v_loss=9.848 ent=0.898 kl=0.0081
[upd  273 | steps  139776 | t   81.1s | sps  1723] ret_mean=7.500 ep_len=500.0 pi_loss=-0.010 v_loss=6.970 ent=1.203 kl=0.0219
[upd  274 | steps  140288 | t   81.3s | sps  1726] ret_mean=34.500 ep_len=500.0 pi_loss=-0.005 v_loss=7.058 ent=1.120 kl=0.0104
[upd  275 | steps  140800 | t   81.5s | sps  1728] ret_mean=15.500 ep_len=500.0 pi_loss=-0.011 v_loss=4.175 ent=0.996 kl=0.0171
        [eval] ret_mean=49.700 ep_len=500.0
[upd  276 | steps  141312 | t   85.4s | sps  1655] ret_mean=147.500 ep_len=500.0 pi_loss=-0.001 v_loss=7.611 ent=0.639 kl=0.0012
[upd  277 | steps  141824 | t   85.6s | sps  1658] ret_mean=95.000 ep_len=500.0 pi_loss=-0.006 v_loss=5.822 ent=0.926 kl=0.0072
[upd  278 | steps  142336 | t   85.7s | sps  1660] ret_mean=107.500 ep_len=500.0 pi_loss=-0.010 v_loss=8.758 ent=0.756 kl=0.0101
[upd  279 | steps  142848 | t   85.9s | sps  1663] ret_mean=192.000 ep_len=500.0 pi_loss=0.001 v_loss=8.618 ent=0.488 kl=0.0076
[upd  280 | steps  143360 | t   86.0s | sps  1666] ret_mean=131.000 ep_len=500.0 pi_loss=-0.010 v_loss=7.150 ent=0.715 kl=0.0092
[upd  281 | steps  143872 | t   86.2s | sps  1669] ret_mean=143.000 ep_len=500.0 pi_loss=-0.005 v_loss=6.841 ent=0.649 kl=0.0053
[upd  282 | steps  144384 | t   86.3s | sps  1672] ret_mean=126.000 ep_len=500.0 pi_loss=-0.005 v_loss=9.349 ent=0.684 kl=-0.0018
[upd  283 | steps  144896 | t   86.5s | sps  1676] ret_mean=232.500 ep_len=500.0 pi_loss=-0.003 v_loss=9.028 ent=0.337 kl=0.0100
[upd  284 | steps  145408 | t   86.6s | sps  1679] ret_mean=188.500 ep_len=500.0 pi_loss=-0.005 v_loss=8.501 ent=0.639 kl=0.0054
[upd  285 | steps  145920 | t   86.8s | sps  1681] ret_mean=0.000 ep_len=500.0 pi_loss=-0.015 v_loss=6.663 ent=1.237 kl=0.0278
[upd  286 | steps  146432 | t   86.9s | sps  1685] ret_mean=94.000 ep_len=500.0 pi_loss=-0.011 v_loss=5.930 ent=0.611 kl=-0.0015
[upd  287 | steps  146944 | t   87.1s | sps  1688] ret_mean=230.500 ep_len=500.0 pi_loss=-0.004 v_loss=8.823 ent=0.355 kl=0.0068
[upd  288 | steps  147456 | t   87.2s | sps  1691] ret_mean=182.000 ep_len=500.0 pi_loss=-0.009 v_loss=6.992 ent=0.568 kl=0.0180
[upd  289 | steps  147968 | t   87.4s | sps  1694] ret_mean=149.000 ep_len=500.0 pi_loss=0.000 v_loss=9.320 ent=0.690 kl=0.0139
[upd  290 | steps  148480 | t   87.5s | sps  1697] ret_mean=114.000 ep_len=500.0 pi_loss=-0.008 v_loss=9.327 ent=0.862 kl=0.0164
[upd  291 | steps  148992 | t   87.7s | sps  1699] ret_mean=40.000 ep_len=500.0 pi_loss=-0.006 v_loss=5.858 ent=0.979 kl=0.0029
[upd  292 | steps  149504 | t   87.8s | sps  1702] ret_mean=109.000 ep_len=500.0 pi_loss=-0.001 v_loss=8.948 ent=0.801 kl=0.0109
[upd  293 | steps  150016 | t   88.0s | sps  1705] ret_mean=0.000 ep_len=500.0 pi_loss=-0.005 v_loss=5.042 ent=0.951 kl=0.0078
[upd  294 | steps  150528 | t   88.1s | sps  1708] ret_mean=203.000 ep_len=500.0 pi_loss=-0.004 v_loss=10.227 ent=0.305 kl=-0.0058
[upd  295 | steps  151040 | t   88.3s | sps  1710] ret_mean=217.500 ep_len=500.0 pi_loss=-0.001 v_loss=7.917 ent=0.491 kl=0.0053
[upd  296 | steps  151552 | t   88.5s | sps  1712] ret_mean=183.500 ep_len=500.0 pi_loss=-0.002 v_loss=8.972 ent=0.658 kl=0.0040
[upd  297 | steps  152064 | t   88.7s | sps  1715] ret_mean=1.000 ep_len=500.0 pi_loss=-0.008 v_loss=5.030 ent=0.974 kl=0.0013
[upd  298 | steps  152576 | t   88.8s | sps  1718] ret_mean=102.500 ep_len=500.0 pi_loss=-0.012 v_loss=5.615 ent=0.607 kl=0.0115
[upd  299 | steps  153088 | t   89.0s | sps  1721] ret_mean=210.500 ep_len=500.0 pi_loss=0.000 v_loss=8.426 ent=0.520 kl=0.0020
[upd  300 | steps  153600 | t   89.1s | sps  1723] ret_mean=163.000 ep_len=500.0 pi_loss=-0.006 v_loss=10.910 ent=0.870 kl=0.0024
        [eval] ret_mean=53.850 ep_len=500.0
[upd  301 | steps  154112 | t   93.2s | sps  1654] ret_mean=173.500 ep_len=500.0 pi_loss=-0.009 v_loss=7.446 ent=0.490 kl=0.0039
[upd  302 | steps  154624 | t   93.3s | sps  1657] ret_mean=167.500 ep_len=500.0 pi_loss=-0.004 v_loss=8.998 ent=0.604 kl=-0.0026
[upd  303 | steps  155136 | t   93.5s | sps  1660] ret_mean=163.000 ep_len=500.0 pi_loss=-0.009 v_loss=8.450 ent=0.564 kl=0.0058
[upd  304 | steps  155648 | t   93.7s | sps  1662] ret_mean=163.500 ep_len=500.0 pi_loss=-0.001 v_loss=8.942 ent=0.564 kl=0.0022
[upd  305 | steps  156160 | t   93.8s | sps  1664] ret_mean=187.000 ep_len=500.0 pi_loss=-0.001 v_loss=8.851 ent=0.600 kl=0.0095
[upd  306 | steps  156672 | t   94.0s | sps  1667] ret_mean=169.000 ep_len=500.0 pi_loss=-0.015 v_loss=7.416 ent=0.593 kl=0.0151
[upd  307 | steps  157184 | t   94.1s | sps  1670] ret_mean=166.500 ep_len=500.0 pi_loss=-0.007 v_loss=9.276 ent=0.718 kl=0.0245
[upd  308 | steps  157696 | t   94.3s | sps  1673] ret_mean=203.000 ep_len=500.0 pi_loss=-0.011 v_loss=9.155 ent=0.548 kl=0.0145
[upd  309 | steps  158208 | t   94.5s | sps  1675] ret_mean=140.000 ep_len=500.0 pi_loss=-0.013 v_loss=5.986 ent=0.633 kl=0.0294
[upd  310 | steps  158720 | t   94.6s | sps  1678] ret_mean=204.000 ep_len=500.0 pi_loss=-0.007 v_loss=10.048 ent=0.572 kl=0.0254
[upd  311 | steps  159232 | t   94.8s | sps  1680] ret_mean=171.000 ep_len=500.0 pi_loss=-0.005 v_loss=10.548 ent=0.421 kl=-0.0003
[upd  312 | steps  159744 | t   94.9s | sps  1683] ret_mean=191.000 ep_len=500.0 pi_loss=-0.005 v_loss=8.216 ent=0.713 kl=0.0017
[upd  313 | steps  160256 | t   95.1s | sps  1686] ret_mean=92.000 ep_len=500.0 pi_loss=-0.004 v_loss=4.948 ent=0.857 kl=0.0040
[upd  314 | steps  160768 | t   95.2s | sps  1688] ret_mean=164.000 ep_len=500.0 pi_loss=-0.004 v_loss=7.755 ent=0.825 kl=0.0031
[upd  315 | steps  161280 | t   95.4s | sps  1691] ret_mean=60.000 ep_len=500.0 pi_loss=-0.007 v_loss=4.210 ent=0.929 kl=0.0032
[upd  316 | steps  161792 | t   95.6s | sps  1693] ret_mean=171.500 ep_len=500.0 pi_loss=-0.004 v_loss=8.672 ent=0.619 kl=0.0126
[upd  317 | steps  162304 | t   95.7s | sps  1696] ret_mean=172.500 ep_len=500.0 pi_loss=-0.008 v_loss=9.530 ent=0.767 kl=0.0148
[upd  318 | steps  162816 | t   95.9s | sps  1699] ret_mean=185.500 ep_len=500.0 pi_loss=-0.005 v_loss=9.285 ent=0.763 kl=-0.0005
[upd  319 | steps  163328 | t   96.0s | sps  1701] ret_mean=78.500 ep_len=500.0 pi_loss=-0.006 v_loss=5.732 ent=0.740 kl=0.0086
[upd  320 | steps  163840 | t   96.2s | sps  1704] ret_mean=201.000 ep_len=500.0 pi_loss=-0.008 v_loss=8.347 ent=0.540 kl=0.0072
[upd  321 | steps  164352 | t   96.3s | sps  1706] ret_mean=103.500 ep_len=500.0 pi_loss=-0.006 v_loss=4.347 ent=0.827 kl=0.0069
[upd  322 | steps  164864 | t   96.5s | sps  1709] ret_mean=167.500 ep_len=500.0 pi_loss=-0.004 v_loss=9.573 ent=0.735 kl=0.0029
[upd  323 | steps  165376 | t   96.6s | sps  1712] ret_mean=49.000 ep_len=500.0 pi_loss=-0.002 v_loss=4.405 ent=0.916 kl=0.0040
[upd  324 | steps  165888 | t   96.8s | sps  1714] ret_mean=103.000 ep_len=500.0 pi_loss=-0.005 v_loss=7.736 ent=0.711 kl=0.0087
[upd  325 | steps  166400 | t   96.9s | sps  1717] ret_mean=169.000 ep_len=500.0 pi_loss=-0.008 v_loss=8.627 ent=0.730 kl=0.0114
        [eval] ret_mean=57.750 ep_len=500.0
[upd  326 | steps  166912 | t  100.8s | sps  1655] ret_mean=176.500 ep_len=500.0 pi_loss=-0.005 v_loss=10.199 ent=0.610 kl=-0.0012
[upd  327 | steps  167424 | t  101.0s | sps  1658] ret_mean=209.500 ep_len=500.0 pi_loss=-0.005 v_loss=9.419 ent=0.471 kl=0.0037
[upd  328 | steps  167936 | t  101.1s | sps  1660] ret_mean=196.000 ep_len=500.0 pi_loss=-0.000 v_loss=9.526 ent=0.478 kl=0.0037
[upd  329 | steps  168448 | t  101.3s | sps  1663] ret_mean=196.500 ep_len=500.0 pi_loss=-0.007 v_loss=8.952 ent=0.681 kl=0.0094
[upd  330 | steps  168960 | t  101.4s | sps  1666] ret_mean=89.500 ep_len=500.0 pi_loss=-0.002 v_loss=10.092 ent=0.758 kl=0.0051
[upd  331 | steps  169472 | t  101.6s | sps  1668] ret_mean=198.000 ep_len=500.0 pi_loss=-0.002 v_loss=9.763 ent=0.477 kl=0.0069
[upd  332 | steps  169984 | t  101.7s | sps  1671] ret_mean=203.500 ep_len=500.0 pi_loss=-0.005 v_loss=9.595 ent=0.500 kl=0.0128
[upd  333 | steps  170496 | t  101.9s | sps  1674] ret_mean=130.500 ep_len=500.0 pi_loss=-0.003 v_loss=9.863 ent=0.839 kl=0.0001
[upd  334 | steps  171008 | t  102.0s | sps  1676] ret_mean=194.000 ep_len=500.0 pi_loss=-0.002 v_loss=9.009 ent=0.585 kl=0.0072
[upd  335 | steps  171520 | t  102.2s | sps  1679] ret_mean=168.000 ep_len=500.0 pi_loss=-0.004 v_loss=8.430 ent=0.688 kl=0.0001
[upd  336 | steps  172032 | t  102.3s | sps  1681] ret_mean=158.500 ep_len=500.0 pi_loss=-0.006 v_loss=10.529 ent=0.786 kl=0.0124
[upd  337 | steps  172544 | t  102.5s | sps  1684] ret_mean=65.000 ep_len=500.0 pi_loss=-0.013 v_loss=10.416 ent=1.069 kl=0.0202
[upd  338 | steps  173056 | t  102.6s | sps  1686] ret_mean=52.500 ep_len=500.0 pi_loss=-0.009 v_loss=6.644 ent=0.796 kl=0.0058
[upd  339 | steps  173568 | t  102.8s | sps  1689] ret_mean=145.500 ep_len=500.0 pi_loss=-0.009 v_loss=7.357 ent=0.697 kl=0.0058
[upd  340 | steps  174080 | t  102.9s | sps  1691] ret_mean=197.000 ep_len=500.0 pi_loss=-0.008 v_loss=9.694 ent=0.619 kl=0.0089
[upd  341 | steps  174592 | t  103.1s | sps  1694] ret_mean=160.000 ep_len=500.0 pi_loss=-0.005 v_loss=8.754 ent=0.827 kl=0.0035
[upd  342 | steps  175104 | t  103.2s | sps  1696] ret_mean=37.000 ep_len=500.0 pi_loss=-0.011 v_loss=5.138 ent=1.063 kl=0.0166
[upd  343 | steps  175616 | t  103.4s | sps  1699] ret_mean=156.000 ep_len=500.0 pi_loss=-0.001 v_loss=9.724 ent=0.827 kl=0.0056
[upd  344 | steps  176128 | t  103.5s | sps  1701] ret_mean=70.000 ep_len=500.0 pi_loss=-0.005 v_loss=5.585 ent=0.913 kl=0.0010
[upd  345 | steps  176640 | t  103.7s | sps  1704] ret_mean=184.500 ep_len=500.0 pi_loss=-0.004 v_loss=9.728 ent=0.570 kl=-0.0001
[upd  346 | steps  177152 | t  103.8s | sps  1707] ret_mean=182.000 ep_len=500.0 pi_loss=-0.007 v_loss=8.848 ent=0.726 kl=0.0011
[upd  347 | steps  177664 | t  104.0s | sps  1709] ret_mean=193.000 ep_len=500.0 pi_loss=-0.006 v_loss=10.590 ent=0.835 kl=0.0040
[upd  348 | steps  178176 | t  104.1s | sps  1711] ret_mean=0.000 ep_len=500.0 pi_loss=-0.009 v_loss=5.149 ent=1.190 kl=0.0048
[upd  349 | steps  178688 | t  104.3s | sps  1714] ret_mean=78.500 ep_len=500.0 pi_loss=-0.013 v_loss=5.675 ent=0.784 kl=0.0235
[upd  350 | steps  179200 | t  104.5s | sps  1715] ret_mean=113.000 ep_len=500.0 pi_loss=-0.004 v_loss=4.853 ent=0.831 kl=0.0076
        [eval] ret_mean=82.367 ep_len=500.0
[upd  351 | steps  179712 | t  108.9s | sps  1650] ret_mean=208.000 ep_len=500.0 pi_loss=-0.001 v_loss=9.133 ent=0.484 kl=-0.0000
[upd  352 | steps  180224 | t  109.0s | sps  1653] ret_mean=175.000 ep_len=500.0 pi_loss=-0.003 v_loss=10.421 ent=0.719 kl=-0.0013
[upd  353 | steps  180736 | t  109.2s | sps  1655] ret_mean=143.000 ep_len=500.0 pi_loss=-0.007 v_loss=8.998 ent=0.683 kl=0.0044
[upd  354 | steps  181248 | t  109.3s | sps  1658] ret_mean=175.500 ep_len=500.0 pi_loss=-0.005 v_loss=8.762 ent=0.598 kl=0.0027
[upd  355 | steps  181760 | t  109.5s | sps  1660] ret_mean=180.000 ep_len=500.0 pi_loss=-0.006 v_loss=10.204 ent=0.737 kl=0.0071
[upd  356 | steps  182272 | t  109.7s | sps  1662] ret_mean=96.000 ep_len=500.0 pi_loss=-0.008 v_loss=6.325 ent=0.965 kl=0.0041
[upd  357 | steps  182784 | t  109.8s | sps  1664] ret_mean=200.000 ep_len=500.0 pi_loss=-0.004 v_loss=8.902 ent=0.624 kl=0.0069
[upd  358 | steps  183296 | t  110.0s | sps  1667] ret_mean=137.000 ep_len=500.0 pi_loss=-0.007 v_loss=9.752 ent=0.840 kl=0.0121
[upd  359 | steps  183808 | t  110.1s | sps  1669] ret_mean=71.000 ep_len=500.0 pi_loss=-0.004 v_loss=6.164 ent=0.922 kl=0.0068
[upd  360 | steps  184320 | t  110.3s | sps  1671] ret_mean=142.500 ep_len=500.0 pi_loss=-0.004 v_loss=10.991 ent=0.704 kl=0.0067
[upd  361 | steps  184832 | t  110.4s | sps  1673] ret_mean=162.500 ep_len=500.0 pi_loss=-0.001 v_loss=10.241 ent=0.499 kl=0.0018
[upd  362 | steps  185344 | t  110.6s | sps  1676] ret_mean=187.500 ep_len=500.0 pi_loss=-0.008 v_loss=12.141 ent=0.607 kl=0.0140
[upd  363 | steps  185856 | t  110.8s | sps  1678] ret_mean=102.500 ep_len=500.0 pi_loss=-0.009 v_loss=10.449 ent=0.784 kl=0.0130
[upd  364 | steps  186368 | t  110.9s | sps  1680] ret_mean=101.500 ep_len=500.0 pi_loss=-0.008 v_loss=7.278 ent=0.828 kl=0.0079
[upd  365 | steps  186880 | t  111.1s | sps  1683] ret_mean=101.000 ep_len=500.0 pi_loss=-0.009 v_loss=12.978 ent=0.797 kl=0.0083
[upd  366 | steps  187392 | t  111.2s | sps  1685] ret_mean=188.000 ep_len=500.0 pi_loss=-0.004 v_loss=11.155 ent=0.539 kl=0.0024
[upd  367 | steps  187904 | t  111.4s | sps  1687] ret_mean=191.000 ep_len=500.0 pi_loss=-0.003 v_loss=9.619 ent=0.570 kl=0.0062
[upd  368 | steps  188416 | t  111.5s | sps  1689] ret_mean=198.500 ep_len=500.0 pi_loss=-0.003 v_loss=10.968 ent=0.708 kl=0.0058
[upd  369 | steps  188928 | t  111.7s | sps  1692] ret_mean=115.000 ep_len=500.0 pi_loss=-0.008 v_loss=11.415 ent=0.752 kl=0.0165
[upd  370 | steps  189440 | t  111.8s | sps  1694] ret_mean=167.000 ep_len=500.0 pi_loss=-0.004 v_loss=9.949 ent=0.676 kl=0.0065
[upd  371 | steps  189952 | t  112.0s | sps  1696] ret_mean=114.000 ep_len=500.0 pi_loss=-0.003 v_loss=7.606 ent=0.721 kl=0.0047
[upd  372 | steps  190464 | t  112.1s | sps  1699] ret_mean=136.500 ep_len=500.0 pi_loss=-0.008 v_loss=8.756 ent=0.695 kl=0.0095
[upd  373 | steps  190976 | t  112.3s | sps  1701] ret_mean=111.500 ep_len=500.0 pi_loss=-0.007 v_loss=7.801 ent=0.770 kl=0.0063
[upd  374 | steps  191488 | t  112.4s | sps  1703] ret_mean=147.500 ep_len=500.0 pi_loss=-0.005 v_loss=11.280 ent=0.635 kl=0.0049
[upd  375 | steps  192000 | t  112.6s | sps  1705] ret_mean=204.500 ep_len=500.0 pi_loss=-0.003 v_loss=10.162 ent=0.441 kl=0.0094
        [eval] ret_mean=70.100 ep_len=500.0
[upd  376 | steps  192512 | t  116.7s | sps  1650] ret_mean=122.500 ep_len=500.0 pi_loss=-0.011 v_loss=9.871 ent=0.819 kl=0.0152
[upd  377 | steps  193024 | t  116.8s | sps  1652] ret_mean=58.000 ep_len=500.0 pi_loss=-0.004 v_loss=8.572 ent=1.083 kl=0.0010
[upd  378 | steps  193536 | t  117.0s | sps  1654] ret_mean=1.000 ep_len=500.0 pi_loss=-0.008 v_loss=10.561 ent=1.043 kl=0.0112
[upd  379 | steps  194048 | t  117.2s | sps  1656] ret_mean=60.500 ep_len=500.0 pi_loss=-0.010 v_loss=6.512 ent=0.995 kl=0.0111
[upd  380 | steps  194560 | t  117.3s | sps  1659] ret_mean=194.500 ep_len=500.0 pi_loss=-0.005 v_loss=8.797 ent=0.655 kl=0.0107
[upd  381 | steps  195072 | t  117.5s | sps  1661] ret_mean=81.000 ep_len=500.0 pi_loss=-0.009 v_loss=7.609 ent=0.918 kl=0.0079
[upd  382 | steps  195584 | t  117.6s | sps  1663] ret_mean=91.500 ep_len=500.0 pi_loss=-0.013 v_loss=6.663 ent=0.780 kl=0.0100
[upd  383 | steps  196096 | t  117.8s | sps  1665] ret_mean=95.500 ep_len=500.0 pi_loss=-0.009 v_loss=6.247 ent=0.847 kl=0.0072
[upd  384 | steps  196608 | t  117.9s | sps  1667] ret_mean=55.500 ep_len=500.0 pi_loss=-0.010 v_loss=10.536 ent=0.910 kl=0.0007
[upd  385 | steps  197120 | t  118.1s | sps  1670] ret_mean=173.500 ep_len=500.0 pi_loss=-0.003 v_loss=7.958 ent=0.777 kl=0.0030
[upd  386 | steps  197632 | t  118.3s | sps  1671] ret_mean=165.000 ep_len=500.0 pi_loss=-0.005 v_loss=7.268 ent=0.752 kl=0.0105
[upd  387 | steps  198144 | t  118.4s | sps  1673] ret_mean=186.000 ep_len=500.0 pi_loss=-0.004 v_loss=8.874 ent=0.586 kl=0.0100
[upd  388 | steps  198656 | t  118.6s | sps  1675] ret_mean=151.500 ep_len=500.0 pi_loss=-0.009 v_loss=8.296 ent=0.789 kl=0.0048
[upd  389 | steps  199168 | t  118.7s | sps  1677] ret_mean=53.500 ep_len=500.0 pi_loss=-0.014 v_loss=7.830 ent=1.022 kl=0.0129
[upd  390 | steps  199680 | t  118.9s | sps  1679] ret_mean=58.000 ep_len=500.0 pi_loss=-0.001 v_loss=4.295 ent=0.913 kl=0.0109
[upd  391 | steps  200192 | t  119.1s | sps  1681] ret_mean=90.500 ep_len=500.0 pi_loss=-0.008 v_loss=4.308 ent=0.944 kl=0.0166
[upd  392 | steps  200704 | t  119.2s | sps  1683] ret_mean=87.500 ep_len=500.0 pi_loss=-0.008 v_loss=4.752 ent=0.864 kl=0.0100
[upd  393 | steps  201216 | t  119.4s | sps  1685] ret_mean=101.500 ep_len=500.0 pi_loss=-0.012 v_loss=4.892 ent=0.772 kl=0.0137
[upd  394 | steps  201728 | t  119.5s | sps  1687] ret_mean=168.500 ep_len=500.0 pi_loss=-0.004 v_loss=8.632 ent=0.685 kl=0.0112
[upd  395 | steps  202240 | t  119.7s | sps  1690] ret_mean=186.500 ep_len=500.0 pi_loss=-0.001 v_loss=7.598 ent=0.795 kl=-0.0016
[upd  396 | steps  202752 | t  119.8s | sps  1692] ret_mean=105.500 ep_len=500.0 pi_loss=-0.011 v_loss=6.412 ent=1.013 kl=0.0211
[upd  397 | steps  203264 | t  120.0s | sps  1694] ret_mean=63.000 ep_len=500.0 pi_loss=-0.005 v_loss=7.142 ent=1.020 kl=0.0006
[upd  398 | steps  203776 | t  120.2s | sps  1696] ret_mean=149.000 ep_len=500.0 pi_loss=-0.006 v_loss=7.268 ent=0.948 kl=0.0061
[upd  399 | steps  204288 | t  120.3s | sps  1698] ret_mean=41.000 ep_len=500.0 pi_loss=-0.014 v_loss=6.157 ent=0.951 kl=0.0121
[upd  400 | steps  204800 | t  120.5s | sps  1700] ret_mean=143.000 ep_len=500.0 pi_loss=-0.009 v_loss=6.857 ent=0.836 kl=0.0065
        [eval] ret_mean=49.383 ep_len=500.0
