$ /Users/samchen/Coding/CLASSES/CS2860/.venv/bin/python3 -m policies.train --env rware-medium-2ag-v2 --seed 2 --updates 300 --rollout 512 --eval-every 25 --eval-episodes 30 --log-dir matrix_results/diagnostics_v1_sam/comm_2ag/headroom/rware-medium-2ag-v2 --run-name mappo-heartbeat-only__delay-only__d30__s2 --n-msg-tokens 8 --no-comm --heartbeat --heartbeat-period 1 --heartbeat-max-age-clip 128 --heartbeat-delay 30 --shape-rewards --pickup-bonus 0.5

[env] EnvSpec(env_id='rware-medium-2ag-v2', n_agents=2, obs_dim=73, n_env_actions=5, noop_action=0, family='rware')  (n_msg_tokens=1)
[cfg] {'clip_range': 0.2, 'value_clip_range': 0.2, 'entropy_coef': 0.01, 'value_coef': 0.5, 'max_grad_norm': 0.5, 'gamma': 0.99, 'gae_lambda': 0.95, 'lr_actor': 0.0003, 'lr_critic': 0.001, 'update_epochs': 4, 'minibatches': 4, 'hidden': 128, 'depth': 2, 'device': 'cpu', 'extra': {}}
[log] writing to matrix_results/diagnostics_v1_sam/comm_2ag/headroom/rware-medium-2ag-v2/mappo-heartbeat-only__delay-only__d30__s2
[upd    1 | steps     512 | t    0.2s | sps  2807] ret_mean=0.000 ep_len=500.0 pi_loss=-0.008 v_loss=0.078 ent=1.605 kl=0.0038
[upd    2 | steps    1024 | t    0.4s | sps  2891] ret_mean=0.000 ep_len=500.0 pi_loss=-0.005 v_loss=0.023 ent=1.606 kl=0.0023
[upd    3 | steps    1536 | t    0.5s | sps  2926] ret_mean=0.000 ep_len=500.0 pi_loss=-0.004 v_loss=0.007 ent=1.606 kl=0.0067
[upd    4 | steps    2048 | t    0.7s | sps  2950] ret_mean=0.000 ep_len=500.0 pi_loss=-0.008 v_loss=0.025 ent=1.601 kl=0.0111
[upd    5 | steps    2560 | t    0.9s | sps  2755] ret_mean=0.000 ep_len=500.0 pi_loss=-0.003 v_loss=0.018 ent=1.593 kl=0.0011
[upd    6 | steps    3072 | t    1.1s | sps  2789] ret_mean=0.000 ep_len=500.0 pi_loss=-0.002 v_loss=0.005 ent=1.594 kl=0.0020
[upd    7 | steps    3584 | t    1.3s | sps  2817] ret_mean=0.000 ep_len=500.0 pi_loss=-0.007 v_loss=0.004 ent=1.574 kl=0.0035
[upd    8 | steps    4096 | t    1.5s | sps  2825] ret_mean=0.000 ep_len=500.0 pi_loss=-0.006 v_loss=0.005 ent=1.554 kl=0.0097
[upd    9 | steps    4608 | t    1.6s | sps  2851] ret_mean=0.000 ep_len=500.0 pi_loss=-0.004 v_loss=0.008 ent=1.547 kl=0.0035
[upd   10 | steps    5120 | t    1.8s | sps  2860] ret_mean=0.000 ep_len=500.0 pi_loss=-0.002 v_loss=0.020 ent=1.540 kl=0.0011
[upd   11 | steps    5632 | t    2.0s | sps  2864] ret_mean=0.000 ep_len=500.0 pi_loss=-0.009 v_loss=0.007 ent=1.567 kl=0.0046
[upd   12 | steps    6144 | t    2.2s | sps  2851] ret_mean=0.000 ep_len=500.0 pi_loss=-0.011 v_loss=0.002 ent=1.581 kl=0.0077
[upd   13 | steps    6656 | t    2.3s | sps  2847] ret_mean=0.000 ep_len=500.0 pi_loss=-0.006 v_loss=0.002 ent=1.580 kl=0.0047
[upd   14 | steps    7168 | t    2.5s | sps  2850] ret_mean=0.000 ep_len=500.0 pi_loss=-0.005 v_loss=0.002 ent=1.557 kl=-0.0003
[upd   15 | steps    7680 | t    2.7s | sps  2861] ret_mean=0.000 ep_len=500.0 pi_loss=-0.003 v_loss=0.002 ent=1.559 kl=-0.0008
[upd   16 | steps    8192 | t    2.9s | sps  2865] ret_mean=0.000 ep_len=500.0 pi_loss=-0.007 v_loss=0.001 ent=1.566 kl=0.0054
[upd   17 | steps    8704 | t    3.0s | sps  2858] ret_mean=0.000 ep_len=500.0 pi_loss=-0.002 v_loss=0.001 ent=1.576 kl=0.0032
[upd   18 | steps    9216 | t    3.2s | sps  2844] ret_mean=0.000 ep_len=500.0 pi_loss=-0.008 v_loss=0.002 ent=1.552 kl=0.0084
[upd   19 | steps    9728 | t    3.4s | sps  2829] ret_mean=0.000 ep_len=500.0 pi_loss=-0.003 v_loss=0.003 ent=1.561 kl=0.0017
[upd   20 | steps   10240 | t    3.6s | sps  2810] ret_mean=0.000 ep_len=500.0 pi_loss=-0.009 v_loss=0.001 ent=1.484 kl=0.0080
[upd   21 | steps   10752 | t    3.8s | sps  2808] ret_mean=0.000 ep_len=500.0 pi_loss=-0.004 v_loss=0.002 ent=1.514 kl=0.0038
[upd   22 | steps   11264 | t    4.0s | sps  2808] ret_mean=0.000 ep_len=500.0 pi_loss=-0.009 v_loss=0.002 ent=1.551 kl=0.0018
[upd   23 | steps   11776 | t    4.2s | sps  2802] ret_mean=0.000 ep_len=500.0 pi_loss=-0.009 v_loss=0.001 ent=1.537 kl=0.0081
[upd   24 | steps   12288 | t    4.4s | sps  2804] ret_mean=0.000 ep_len=500.0 pi_loss=-0.004 v_loss=0.002 ent=1.530 kl=0.0037
[upd   25 | steps   12800 | t    4.6s | sps  2811] ret_mean=0.000 ep_len=500.0 pi_loss=-0.006 v_loss=0.002 ent=1.549 kl=0.0130
        [eval] ret_mean=0.000 ep_len=500.0
[upd   26 | steps   13312 | t    9.1s | sps  1456] ret_mean=0.000 ep_len=500.0 pi_loss=-0.003 v_loss=0.002 ent=1.408 kl=-0.0028
[upd   27 | steps   13824 | t    9.3s | sps  1482] ret_mean=0.000 ep_len=500.0 pi_loss=-0.008 v_loss=0.002 ent=1.517 kl=0.0012
[upd   28 | steps   14336 | t    9.5s | sps  1505] ret_mean=0.000 ep_len=500.0 pi_loss=-0.005 v_loss=0.001 ent=1.565 kl=0.0007
[upd   29 | steps   14848 | t    9.7s | sps  1530] ret_mean=0.000 ep_len=500.0 pi_loss=-0.007 v_loss=0.001 ent=1.518 kl=0.0042
[upd   30 | steps   15360 | t    9.9s | sps  1554] ret_mean=0.000 ep_len=500.0 pi_loss=-0.008 v_loss=0.001 ent=1.565 kl=0.0048
[upd   31 | steps   15872 | t   10.1s | sps  1577] ret_mean=0.000 ep_len=500.0 pi_loss=-0.006 v_loss=0.001 ent=1.538 kl=0.0088
[upd   32 | steps   16384 | t   10.2s | sps  1599] ret_mean=0.500 ep_len=500.0 pi_loss=-0.004 v_loss=0.003 ent=1.542 kl=-0.0000
[upd   33 | steps   16896 | t   10.4s | sps  1619] ret_mean=0.000 ep_len=500.0 pi_loss=-0.008 v_loss=0.002 ent=1.584 kl=0.0070
[upd   34 | steps   17408 | t   10.6s | sps  1635] ret_mean=0.000 ep_len=500.0 pi_loss=-0.006 v_loss=0.001 ent=1.547 kl=0.0010
[upd   35 | steps   17920 | t   10.8s | sps  1654] ret_mean=0.000 ep_len=500.0 pi_loss=-0.009 v_loss=0.001 ent=1.574 kl=0.0053
[upd   36 | steps   18432 | t   11.0s | sps  1674] ret_mean=0.000 ep_len=500.0 pi_loss=-0.005 v_loss=0.001 ent=1.567 kl=0.0027
[upd   37 | steps   18944 | t   11.2s | sps  1691] ret_mean=0.000 ep_len=500.0 pi_loss=-0.005 v_loss=0.001 ent=1.579 kl=0.0011
[upd   38 | steps   19456 | t   11.4s | sps  1708] ret_mean=0.000 ep_len=500.0 pi_loss=-0.008 v_loss=0.001 ent=1.566 kl=0.0056
[upd   39 | steps   19968 | t   11.6s | sps  1726] ret_mean=0.000 ep_len=500.0 pi_loss=-0.012 v_loss=0.001 ent=1.524 kl=0.0114
[upd   40 | steps   20480 | t   11.7s | sps  1743] ret_mean=0.000 ep_len=500.0 pi_loss=-0.007 v_loss=0.001 ent=1.560 kl=0.0034
[upd   41 | steps   20992 | t   11.9s | sps  1759] ret_mean=0.000 ep_len=500.0 pi_loss=-0.003 v_loss=0.000 ent=1.577 kl=0.0092
[upd   42 | steps   21504 | t   12.1s | sps  1777] ret_mean=0.000 ep_len=500.0 pi_loss=-0.007 v_loss=0.001 ent=1.586 kl=0.0004
[upd   43 | steps   22016 | t   12.3s | sps  1793] ret_mean=0.000 ep_len=500.0 pi_loss=-0.004 v_loss=0.001 ent=1.562 kl=0.0069
[upd   44 | steps   22528 | t   12.5s | sps  1809] ret_mean=0.000 ep_len=500.0 pi_loss=-0.005 v_loss=0.016 ent=1.538 kl=-0.0020
[upd   45 | steps   23040 | t   12.6s | sps  1825] ret_mean=0.000 ep_len=500.0 pi_loss=-0.006 v_loss=0.001 ent=1.535 kl=0.0046
[upd   46 | steps   23552 | t   12.8s | sps  1841] ret_mean=0.000 ep_len=500.0 pi_loss=-0.005 v_loss=0.001 ent=1.579 kl=-0.0002
[upd   47 | steps   24064 | t   13.0s | sps  1856] ret_mean=0.000 ep_len=500.0 pi_loss=-0.005 v_loss=0.001 ent=1.528 kl=0.0014
[upd   48 | steps   24576 | t   13.1s | sps  1871] ret_mean=0.000 ep_len=500.0 pi_loss=-0.006 v_loss=0.001 ent=1.345 kl=0.0071
[upd   49 | steps   25088 | t   13.3s | sps  1885] ret_mean=0.000 ep_len=500.0 pi_loss=-0.013 v_loss=0.001 ent=1.517 kl=0.0137
[upd   50 | steps   25600 | t   13.5s | sps  1900] ret_mean=0.000 ep_len=500.0 pi_loss=-0.009 v_loss=0.001 ent=1.545 kl=0.0039
        [eval] ret_mean=0.000 ep_len=500.0
[upd   51 | steps   26112 | t   17.8s | sps  1470] ret_mean=0.000 ep_len=500.0 pi_loss=-0.013 v_loss=0.000 ent=1.542 kl=0.0040
[upd   52 | steps   26624 | t   17.9s | sps  1484] ret_mean=1.000 ep_len=500.0 pi_loss=-0.004 v_loss=0.005 ent=1.503 kl=0.0028
[upd   53 | steps   27136 | t   18.1s | sps  1497] ret_mean=0.000 ep_len=500.0 pi_loss=-0.008 v_loss=0.001 ent=1.453 kl=0.0038
[upd   54 | steps   27648 | t   18.3s | sps  1508] ret_mean=0.000 ep_len=500.0 pi_loss=-0.003 v_loss=0.001 ent=1.498 kl=-0.0021
[upd   55 | steps   28160 | t   18.5s | sps  1521] ret_mean=0.000 ep_len=500.0 pi_loss=-0.011 v_loss=0.001 ent=1.510 kl=0.0055
[upd   56 | steps   28672 | t   18.7s | sps  1533] ret_mean=0.000 ep_len=500.0 pi_loss=-0.003 v_loss=0.001 ent=1.441 kl=0.0048
[upd   57 | steps   29184 | t   18.9s | sps  1544] ret_mean=0.000 ep_len=500.0 pi_loss=-0.002 v_loss=0.009 ent=1.395 kl=0.0047
[upd   58 | steps   29696 | t   19.1s | sps  1555] ret_mean=2.000 ep_len=500.0 pi_loss=-0.001 v_loss=0.007 ent=1.396 kl=0.0000
[upd   59 | steps   30208 | t   19.3s | sps  1564] ret_mean=0.000 ep_len=500.0 pi_loss=-0.009 v_loss=0.002 ent=1.460 kl=0.0075
[upd   60 | steps   30720 | t   19.5s | sps  1573] ret_mean=0.000 ep_len=500.0 pi_loss=-0.009 v_loss=0.002 ent=1.489 kl=0.0069
[upd   61 | steps   31232 | t   19.7s | sps  1582] ret_mean=0.000 ep_len=500.0 pi_loss=-0.004 v_loss=0.001 ent=1.333 kl=0.0082
[upd   62 | steps   31744 | t   20.0s | sps  1590] ret_mean=0.000 ep_len=500.0 pi_loss=-0.008 v_loss=0.001 ent=1.428 kl=0.0041
[upd   63 | steps   32256 | t   20.2s | sps  1599] ret_mean=0.000 ep_len=500.0 pi_loss=-0.007 v_loss=0.001 ent=1.400 kl=0.0066
[upd   64 | steps   32768 | t   20.4s | sps  1607] ret_mean=0.000 ep_len=500.0 pi_loss=-0.007 v_loss=0.001 ent=1.357 kl=0.0041
[upd   65 | steps   33280 | t   20.6s | sps  1615] ret_mean=0.000 ep_len=500.0 pi_loss=-0.004 v_loss=0.001 ent=1.408 kl=0.0047
[upd   66 | steps   33792 | t   20.8s | sps  1621] ret_mean=0.000 ep_len=500.0 pi_loss=-0.010 v_loss=0.001 ent=1.389 kl=0.0073
[upd   67 | steps   34304 | t   21.0s | sps  1630] ret_mean=0.000 ep_len=500.0 pi_loss=-0.008 v_loss=0.000 ent=1.392 kl=0.0036
[upd   68 | steps   34816 | t   21.2s | sps  1641] ret_mean=0.000 ep_len=500.0 pi_loss=-0.007 v_loss=0.001 ent=1.355 kl=0.0001
[upd   69 | steps   35328 | t   21.4s | sps  1652] ret_mean=0.000 ep_len=500.0 pi_loss=-0.006 v_loss=0.000 ent=1.449 kl=0.0096
[upd   70 | steps   35840 | t   21.6s | sps  1663] ret_mean=0.000 ep_len=500.0 pi_loss=-0.007 v_loss=0.001 ent=1.375 kl=0.0000
[upd   71 | steps   36352 | t   21.8s | sps  1669] ret_mean=0.000 ep_len=500.0 pi_loss=-0.007 v_loss=0.000 ent=1.354 kl=0.0150
[upd   72 | steps   36864 | t   22.0s | sps  1677] ret_mean=0.000 ep_len=500.0 pi_loss=-0.008 v_loss=0.000 ent=1.377 kl=0.0029
[upd   73 | steps   37376 | t   22.2s | sps  1687] ret_mean=0.000 ep_len=500.0 pi_loss=-0.013 v_loss=0.000 ent=1.375 kl=0.0134
[upd   74 | steps   37888 | t   22.3s | sps  1698] ret_mean=0.000 ep_len=500.0 pi_loss=-0.010 v_loss=0.000 ent=1.339 kl=0.0107
[upd   75 | steps   38400 | t   22.5s | sps  1707] ret_mean=0.000 ep_len=500.0 pi_loss=-0.003 v_loss=0.000 ent=1.358 kl=0.0004
        [eval] ret_mean=4.100 ep_len=500.0
[upd   76 | steps   38912 | t   26.5s | sps  1466] ret_mean=0.000 ep_len=500.0 pi_loss=-0.009 v_loss=0.000 ent=1.405 kl=0.0003
[upd   77 | steps   39424 | t   26.7s | sps  1476] ret_mean=0.000 ep_len=500.0 pi_loss=-0.003 v_loss=0.001 ent=1.288 kl=0.0030
[upd   78 | steps   39936 | t   26.9s | sps  1485] ret_mean=0.000 ep_len=500.0 pi_loss=-0.009 v_loss=0.000 ent=1.520 kl=0.0068
[upd   79 | steps   40448 | t   27.1s | sps  1493] ret_mean=0.000 ep_len=500.0 pi_loss=-0.003 v_loss=0.000 ent=1.424 kl=0.0023
[upd   80 | steps   40960 | t   27.3s | sps  1502] ret_mean=0.000 ep_len=500.0 pi_loss=-0.005 v_loss=0.000 ent=1.521 kl=0.0038
[upd   81 | steps   41472 | t   27.5s | sps  1509] ret_mean=0.000 ep_len=500.0 pi_loss=-0.002 v_loss=0.000 ent=1.332 kl=0.0050
[upd   82 | steps   41984 | t   27.7s | sps  1515] ret_mean=0.000 ep_len=500.0 pi_loss=-0.004 v_loss=0.001 ent=1.406 kl=0.0029
[upd   83 | steps   42496 | t   27.9s | sps  1521] ret_mean=0.000 ep_len=500.0 pi_loss=-0.010 v_loss=0.000 ent=1.538 kl=0.0050
[upd   84 | steps   43008 | t   28.2s | sps  1527] ret_mean=0.000 ep_len=500.0 pi_loss=-0.006 v_loss=0.000 ent=1.329 kl=0.0019
[upd   85 | steps   43520 | t   28.4s | sps  1531] ret_mean=0.000 ep_len=500.0 pi_loss=-0.004 v_loss=0.001 ent=1.259 kl=0.0009
[upd   86 | steps   44032 | t   28.6s | sps  1537] ret_mean=0.000 ep_len=500.0 pi_loss=-0.008 v_loss=0.000 ent=1.322 kl=0.0096
[upd   87 | steps   44544 | t   28.9s | sps  1543] ret_mean=0.000 ep_len=500.0 pi_loss=-0.004 v_loss=0.000 ent=1.353 kl=0.0085
[upd   88 | steps   45056 | t   29.1s | sps  1549] ret_mean=0.000 ep_len=500.0 pi_loss=-0.005 v_loss=0.000 ent=1.203 kl=0.0083
[upd   89 | steps   45568 | t   29.3s | sps  1555] ret_mean=0.000 ep_len=500.0 pi_loss=-0.007 v_loss=0.000 ent=1.519 kl=-0.0000
[upd   90 | steps   46080 | t   29.5s | sps  1561] ret_mean=0.000 ep_len=500.0 pi_loss=-0.006 v_loss=0.000 ent=1.301 kl=0.0005
[upd   91 | steps   46592 | t   29.7s | sps  1568] ret_mean=0.000 ep_len=500.0 pi_loss=-0.003 v_loss=0.001 ent=1.078 kl=0.0040
[upd   92 | steps   47104 | t   29.9s | sps  1575] ret_mean=1.500 ep_len=500.0 pi_loss=-0.003 v_loss=0.036 ent=1.046 kl=0.0097
[upd   93 | steps   47616 | t   30.1s | sps  1580] ret_mean=0.000 ep_len=500.0 pi_loss=-0.002 v_loss=0.001 ent=1.250 kl=0.0012
[upd   94 | steps   48128 | t   30.4s | sps  1586] ret_mean=0.000 ep_len=500.0 pi_loss=-0.002 v_loss=0.001 ent=1.254 kl=-0.0003
[upd   95 | steps   48640 | t   30.6s | sps  1591] ret_mean=0.000 ep_len=500.0 pi_loss=-0.004 v_loss=0.002 ent=1.395 kl=0.0038
[upd   96 | steps   49152 | t   30.8s | sps  1595] ret_mean=0.500 ep_len=500.0 pi_loss=-0.013 v_loss=0.001 ent=1.404 kl=0.0099
[upd   97 | steps   49664 | t   31.0s | sps  1600] ret_mean=0.000 ep_len=500.0 pi_loss=-0.005 v_loss=0.001 ent=1.046 kl=-0.0019
[upd   98 | steps   50176 | t   31.3s | sps  1605] ret_mean=0.000 ep_len=500.0 pi_loss=-0.002 v_loss=0.001 ent=0.921 kl=0.0062
[upd   99 | steps   50688 | t   31.5s | sps  1610] ret_mean=0.000 ep_len=500.0 pi_loss=-0.005 v_loss=0.001 ent=0.962 kl=0.0060
[upd  100 | steps   51200 | t   31.7s | sps  1615] ret_mean=0.000 ep_len=500.0 pi_loss=-0.003 v_loss=0.001 ent=1.121 kl=-0.0007
        [eval] ret_mean=0.000 ep_len=500.0
[upd  101 | steps   51712 | t   36.4s | sps  1420] ret_mean=0.000 ep_len=500.0 pi_loss=-0.004 v_loss=0.000 ent=1.144 kl=0.0006
[upd  102 | steps   52224 | t   36.6s | sps  1427] ret_mean=0.000 ep_len=500.0 pi_loss=-0.004 v_loss=0.000 ent=1.043 kl=-0.0014
[upd  103 | steps   52736 | t   36.8s | sps  1434] ret_mean=2.000 ep_len=500.0 pi_loss=-0.005 v_loss=0.013 ent=1.100 kl=0.0057
[upd  104 | steps   53248 | t   36.9s | sps  1442] ret_mean=0.000 ep_len=500.0 pi_loss=-0.007 v_loss=0.004 ent=1.224 kl=0.0086
[upd  105 | steps   53760 | t   37.1s | sps  1448] ret_mean=0.000 ep_len=500.0 pi_loss=-0.002 v_loss=0.001 ent=1.037 kl=0.0074
[upd  106 | steps   54272 | t   37.3s | sps  1455] ret_mean=0.000 ep_len=500.0 pi_loss=-0.003 v_loss=0.001 ent=1.104 kl=0.0014
[upd  107 | steps   54784 | t   37.5s | sps  1462] ret_mean=0.000 ep_len=500.0 pi_loss=-0.009 v_loss=0.001 ent=1.213 kl=0.0128
[upd  108 | steps   55296 | t   37.7s | sps  1469] ret_mean=0.000 ep_len=500.0 pi_loss=-0.010 v_loss=0.001 ent=1.092 kl=0.0063
[upd  109 | steps   55808 | t   37.8s | sps  1475] ret_mean=0.000 ep_len=500.0 pi_loss=-0.006 v_loss=0.000 ent=1.207 kl=0.0040
[upd  110 | steps   56320 | t   38.0s | sps  1482] ret_mean=0.000 ep_len=500.0 pi_loss=-0.010 v_loss=0.000 ent=1.094 kl=0.0060
[upd  111 | steps   56832 | t   38.2s | sps  1489] ret_mean=0.000 ep_len=500.0 pi_loss=-0.007 v_loss=0.000 ent=1.153 kl=-0.0002
[upd  112 | steps   57344 | t   38.4s | sps  1495] ret_mean=0.000 ep_len=500.0 pi_loss=-0.005 v_loss=0.000 ent=0.961 kl=0.0051
[upd  113 | steps   57856 | t   38.5s | sps  1502] ret_mean=0.000 ep_len=500.0 pi_loss=-0.006 v_loss=0.000 ent=0.780 kl=0.0052
[upd  114 | steps   58368 | t   38.7s | sps  1508] ret_mean=0.000 ep_len=500.0 pi_loss=-0.006 v_loss=0.000 ent=1.070 kl=0.0080
[upd  115 | steps   58880 | t   38.9s | sps  1514] ret_mean=0.000 ep_len=500.0 pi_loss=-0.002 v_loss=0.000 ent=1.047 kl=0.0042
[upd  116 | steps   59392 | t   39.1s | sps  1520] ret_mean=0.000 ep_len=500.0 pi_loss=-0.005 v_loss=0.000 ent=1.173 kl=0.0015
[upd  117 | steps   59904 | t   39.2s | sps  1527] ret_mean=0.000 ep_len=500.0 pi_loss=-0.001 v_loss=0.000 ent=1.017 kl=0.0005
[upd  118 | steps   60416 | t   39.4s | sps  1532] ret_mean=0.000 ep_len=500.0 pi_loss=-0.005 v_loss=0.000 ent=0.918 kl=0.0129
[upd  119 | steps   60928 | t   39.6s | sps  1537] ret_mean=0.000 ep_len=500.0 pi_loss=-0.003 v_loss=0.000 ent=1.070 kl=0.0039
[upd  120 | steps   61440 | t   39.8s | sps  1542] ret_mean=0.000 ep_len=500.0 pi_loss=-0.004 v_loss=0.000 ent=0.844 kl=0.0025
[upd  121 | steps   61952 | t   40.0s | sps  1548] ret_mean=0.000 ep_len=500.0 pi_loss=-0.004 v_loss=0.000 ent=0.968 kl=0.0069
[upd  122 | steps   62464 | t   40.2s | sps  1554] ret_mean=0.000 ep_len=500.0 pi_loss=-0.005 v_loss=0.000 ent=0.974 kl=0.0018
[upd  123 | steps   62976 | t   40.4s | sps  1560] ret_mean=0.000 ep_len=500.0 pi_loss=-0.003 v_loss=0.002 ent=0.996 kl=0.0003
[upd  124 | steps   63488 | t   40.5s | sps  1566] ret_mean=0.500 ep_len=500.0 pi_loss=-0.007 v_loss=0.000 ent=0.874 kl=0.0009
[upd  125 | steps   64000 | t   40.7s | sps  1572] ret_mean=0.000 ep_len=500.0 pi_loss=-0.002 v_loss=0.000 ent=0.813 kl=0.0056
        [eval] ret_mean=4.167 ep_len=500.0
[upd  126 | steps   64512 | t   44.7s | sps  1442] ret_mean=0.000 ep_len=500.0 pi_loss=-0.006 v_loss=0.000 ent=0.953 kl=0.0050
[upd  127 | steps   65024 | t   44.9s | sps  1448] ret_mean=0.000 ep_len=500.0 pi_loss=-0.005 v_loss=0.000 ent=0.907 kl=0.0045
[upd  128 | steps   65536 | t   45.1s | sps  1453] ret_mean=0.000 ep_len=500.0 pi_loss=-0.008 v_loss=0.000 ent=1.009 kl=0.0092
[upd  129 | steps   66048 | t   45.3s | sps  1459] ret_mean=0.000 ep_len=500.0 pi_loss=-0.002 v_loss=0.000 ent=0.917 kl=0.0028
[upd  130 | steps   66560 | t   45.4s | sps  1465] ret_mean=0.000 ep_len=500.0 pi_loss=-0.005 v_loss=0.000 ent=0.857 kl=0.0019
[upd  131 | steps   67072 | t   45.6s | sps  1470] ret_mean=0.000 ep_len=500.0 pi_loss=-0.001 v_loss=0.000 ent=0.854 kl=0.0006
[upd  132 | steps   67584 | t   45.8s | sps  1476] ret_mean=0.000 ep_len=500.0 pi_loss=-0.003 v_loss=0.000 ent=0.868 kl=0.0081
[upd  133 | steps   68096 | t   46.0s | sps  1481] ret_mean=0.500 ep_len=500.0 pi_loss=-0.004 v_loss=0.001 ent=0.801 kl=0.0107
[upd  134 | steps   68608 | t   46.1s | sps  1487] ret_mean=0.000 ep_len=500.0 pi_loss=-0.006 v_loss=0.000 ent=0.974 kl=0.0083
[upd  135 | steps   69120 | t   46.3s | sps  1492] ret_mean=0.000 ep_len=500.0 pi_loss=-0.005 v_loss=0.000 ent=1.060 kl=0.0014
[upd  136 | steps   69632 | t   46.6s | sps  1495] ret_mean=0.000 ep_len=500.0 pi_loss=-0.006 v_loss=0.002 ent=0.928 kl=0.0038
[upd  137 | steps   70144 | t   46.9s | sps  1497] ret_mean=0.500 ep_len=500.0 pi_loss=-0.005 v_loss=0.000 ent=0.805 kl=0.0087
[upd  138 | steps   70656 | t   47.1s | sps  1501] ret_mean=0.000 ep_len=500.0 pi_loss=-0.009 v_loss=0.002 ent=0.921 kl=0.0106
[upd  139 | steps   71168 | t   47.3s | sps  1505] ret_mean=0.500 ep_len=500.0 pi_loss=-0.005 v_loss=0.000 ent=0.849 kl=0.0042
[upd  140 | steps   71680 | t   47.6s | sps  1507] ret_mean=0.000 ep_len=500.0 pi_loss=-0.004 v_loss=0.001 ent=0.873 kl=0.0037
[upd  141 | steps   72192 | t   47.9s | sps  1509] ret_mean=0.000 ep_len=500.0 pi_loss=-0.006 v_loss=0.000 ent=0.887 kl=0.0020
[upd  142 | steps   72704 | t   48.1s | sps  1512] ret_mean=0.000 ep_len=500.0 pi_loss=-0.004 v_loss=0.000 ent=0.814 kl=0.0119
[upd  143 | steps   73216 | t   48.3s | sps  1515] ret_mean=0.000 ep_len=500.0 pi_loss=-0.005 v_loss=0.001 ent=0.877 kl=0.0143
[upd  144 | steps   73728 | t   48.6s | sps  1518] ret_mean=0.000 ep_len=500.0 pi_loss=-0.005 v_loss=0.000 ent=0.936 kl=0.0087
[upd  145 | steps   74240 | t   48.8s | sps  1521] ret_mean=0.000 ep_len=500.0 pi_loss=-0.005 v_loss=0.000 ent=0.830 kl=0.0016
[upd  146 | steps   74752 | t   49.0s | sps  1525] ret_mean=0.000 ep_len=500.0 pi_loss=-0.005 v_loss=0.005 ent=0.796 kl=-0.0001
[upd  147 | steps   75264 | t   49.2s | sps  1530] ret_mean=1.500 ep_len=500.0 pi_loss=-0.001 v_loss=0.001 ent=0.789 kl=0.0043
[upd  148 | steps   75776 | t   49.4s | sps  1533] ret_mean=0.000 ep_len=500.0 pi_loss=-0.009 v_loss=0.000 ent=0.859 kl=0.0119
[upd  149 | steps   76288 | t   49.6s | sps  1538] ret_mean=0.000 ep_len=500.0 pi_loss=-0.002 v_loss=0.000 ent=0.937 kl=0.0012
[upd  150 | steps   76800 | t   49.8s | sps  1542] ret_mean=0.000 ep_len=500.0 pi_loss=-0.003 v_loss=0.000 ent=0.897 kl=0.0100
        [eval] ret_mean=0.000 ep_len=500.0
[upd  151 | steps   77312 | t   54.3s | sps  1423] ret_mean=0.000 ep_len=500.0 pi_loss=-0.002 v_loss=0.000 ent=0.891 kl=0.0001
[upd  152 | steps   77824 | t   54.5s | sps  1427] ret_mean=1.000 ep_len=500.0 pi_loss=-0.006 v_loss=0.005 ent=0.900 kl=0.0157
[upd  153 | steps   78336 | t   54.7s | sps  1432] ret_mean=0.000 ep_len=500.0 pi_loss=-0.008 v_loss=0.001 ent=0.921 kl=0.0003
[upd  154 | steps   78848 | t   54.9s | sps  1436] ret_mean=0.000 ep_len=500.0 pi_loss=-0.004 v_loss=0.000 ent=0.914 kl=0.0070
[upd  155 | steps   79360 | t   55.1s | sps  1441] ret_mean=0.000 ep_len=500.0 pi_loss=-0.002 v_loss=0.000 ent=0.947 kl=0.0018
[upd  156 | steps   79872 | t   55.3s | sps  1446] ret_mean=0.000 ep_len=500.0 pi_loss=-0.003 v_loss=0.000 ent=1.010 kl=0.0031
[upd  157 | steps   80384 | t   55.4s | sps  1450] ret_mean=0.000 ep_len=500.0 pi_loss=-0.012 v_loss=0.000 ent=0.849 kl=0.0275
[upd  158 | steps   80896 | t   55.6s | sps  1454] ret_mean=0.000 ep_len=500.0 pi_loss=-0.003 v_loss=0.000 ent=0.900 kl=-0.0001
[upd  159 | steps   81408 | t   55.8s | sps  1459] ret_mean=0.000 ep_len=500.0 pi_loss=-0.004 v_loss=0.000 ent=1.001 kl=-0.0026
[upd  160 | steps   81920 | t   56.0s | sps  1464] ret_mean=0.000 ep_len=500.0 pi_loss=-0.006 v_loss=0.000 ent=0.874 kl=0.0051
[upd  161 | steps   82432 | t   56.2s | sps  1468] ret_mean=0.000 ep_len=500.0 pi_loss=-0.007 v_loss=0.000 ent=0.857 kl=0.0006
[upd  162 | steps   82944 | t   56.3s | sps  1472] ret_mean=0.000 ep_len=500.0 pi_loss=-0.006 v_loss=0.000 ent=0.999 kl=0.0073
[upd  163 | steps   83456 | t   56.5s | sps  1476] ret_mean=0.000 ep_len=500.0 pi_loss=-0.004 v_loss=0.000 ent=0.865 kl=0.0049
[upd  164 | steps   83968 | t   56.7s | sps  1480] ret_mean=0.000 ep_len=500.0 pi_loss=-0.003 v_loss=0.000 ent=0.915 kl=-0.0004
[upd  165 | steps   84480 | t   56.9s | sps  1484] ret_mean=0.000 ep_len=500.0 pi_loss=-0.010 v_loss=0.000 ent=0.880 kl=-0.0037
[upd  166 | steps   84992 | t   57.1s | sps  1488] ret_mean=0.000 ep_len=500.0 pi_loss=-0.005 v_loss=0.000 ent=0.963 kl=0.0043
[upd  167 | steps   85504 | t   57.3s | sps  1492] ret_mean=0.000 ep_len=500.0 pi_loss=-0.009 v_loss=0.000 ent=0.960 kl=0.0038
[upd  168 | steps   86016 | t   57.5s | sps  1496] ret_mean=0.000 ep_len=500.0 pi_loss=-0.006 v_loss=0.000 ent=0.986 kl=0.0039
[upd  169 | steps   86528 | t   57.7s | sps  1501] ret_mean=0.000 ep_len=500.0 pi_loss=-0.004 v_loss=0.000 ent=0.995 kl=-0.0003
[upd  170 | steps   87040 | t   57.8s | sps  1505] ret_mean=0.000 ep_len=500.0 pi_loss=-0.009 v_loss=0.000 ent=1.004 kl=0.0037
[upd  171 | steps   87552 | t   58.0s | sps  1509] ret_mean=0.000 ep_len=500.0 pi_loss=-0.003 v_loss=0.000 ent=0.914 kl=0.0058
[upd  172 | steps   88064 | t   58.2s | sps  1514] ret_mean=0.000 ep_len=500.0 pi_loss=-0.005 v_loss=0.000 ent=0.978 kl=0.0042
[upd  173 | steps   88576 | t   58.3s | sps  1518] ret_mean=0.000 ep_len=500.0 pi_loss=-0.006 v_loss=0.000 ent=0.969 kl=0.0016
[upd  174 | steps   89088 | t   58.5s | sps  1523] ret_mean=0.000 ep_len=500.0 pi_loss=-0.008 v_loss=0.000 ent=0.956 kl=0.0052
[upd  175 | steps   89600 | t   58.7s | sps  1527] ret_mean=0.000 ep_len=500.0 pi_loss=-0.006 v_loss=0.000 ent=1.044 kl=0.0183
        [eval] ret_mean=0.000 ep_len=500.0
[upd  176 | steps   90112 | t   62.8s | sps  1434] ret_mean=0.000 ep_len=500.0 pi_loss=-0.001 v_loss=0.000 ent=0.980 kl=0.0001
[upd  177 | steps   90624 | t   63.0s | sps  1438] ret_mean=0.000 ep_len=500.0 pi_loss=-0.005 v_loss=0.000 ent=1.029 kl=0.0051
[upd  178 | steps   91136 | t   63.2s | sps  1442] ret_mean=0.000 ep_len=500.0 pi_loss=-0.005 v_loss=0.000 ent=1.021 kl=0.0056
[upd  179 | steps   91648 | t   63.4s | sps  1445] ret_mean=0.000 ep_len=500.0 pi_loss=-0.005 v_loss=0.000 ent=1.046 kl=0.0034
[upd  180 | steps   92160 | t   63.6s | sps  1449] ret_mean=0.000 ep_len=500.0 pi_loss=-0.006 v_loss=0.000 ent=1.077 kl=0.0089
[upd  181 | steps   92672 | t   63.8s | sps  1453] ret_mean=0.000 ep_len=500.0 pi_loss=-0.005 v_loss=0.000 ent=1.030 kl=-0.0006
[upd  182 | steps   93184 | t   64.0s | sps  1457] ret_mean=0.000 ep_len=500.0 pi_loss=-0.011 v_loss=0.000 ent=0.974 kl=0.0052
[upd  183 | steps   93696 | t   64.1s | sps  1461] ret_mean=0.000 ep_len=500.0 pi_loss=-0.004 v_loss=0.000 ent=0.966 kl=0.0006
[upd  184 | steps   94208 | t   64.3s | sps  1465] ret_mean=0.000 ep_len=500.0 pi_loss=-0.005 v_loss=0.000 ent=0.975 kl=-0.0029
[upd  185 | steps   94720 | t   64.5s | sps  1469] ret_mean=0.000 ep_len=500.0 pi_loss=-0.005 v_loss=0.000 ent=0.864 kl=0.0163
[upd  186 | steps   95232 | t   64.7s | sps  1473] ret_mean=0.000 ep_len=500.0 pi_loss=-0.005 v_loss=0.000 ent=0.912 kl=0.0082
[upd  187 | steps   95744 | t   64.8s | sps  1477] ret_mean=0.000 ep_len=500.0 pi_loss=-0.001 v_loss=0.067 ent=0.812 kl=0.0031
[upd  188 | steps   96256 | t   65.0s | sps  1481] ret_mean=4.000 ep_len=500.0 pi_loss=-0.001 v_loss=0.006 ent=0.812 kl=-0.0025
[upd  189 | steps   96768 | t   65.2s | sps  1485] ret_mean=0.000 ep_len=500.0 pi_loss=-0.003 v_loss=0.011 ent=0.788 kl=0.0162
[upd  190 | steps   97280 | t   65.4s | sps  1489] ret_mean=0.000 ep_len=500.0 pi_loss=-0.006 v_loss=0.003 ent=0.791 kl=0.0079
[upd  191 | steps   97792 | t   65.5s | sps  1492] ret_mean=0.000 ep_len=500.0 pi_loss=-0.001 v_loss=0.003 ent=0.780 kl=0.0067
[upd  192 | steps   98304 | t   65.7s | sps  1496] ret_mean=0.000 ep_len=500.0 pi_loss=-0.002 v_loss=0.002 ent=0.867 kl=0.0016
[upd  193 | steps   98816 | t   65.9s | sps  1499] ret_mean=0.000 ep_len=500.0 pi_loss=-0.010 v_loss=0.000 ent=0.932 kl=0.0070
[upd  194 | steps   99328 | t   66.1s | sps  1503] ret_mean=0.000 ep_len=500.0 pi_loss=-0.002 v_loss=0.000 ent=0.850 kl=0.0123
[upd  195 | steps   99840 | t   66.3s | sps  1506] ret_mean=0.000 ep_len=500.0 pi_loss=-0.004 v_loss=0.001 ent=0.828 kl=0.0104
[upd  196 | steps  100352 | t   66.5s | sps  1510] ret_mean=0.000 ep_len=500.0 pi_loss=-0.005 v_loss=0.000 ent=0.857 kl=0.0072
[upd  197 | steps  100864 | t   66.6s | sps  1514] ret_mean=0.000 ep_len=500.0 pi_loss=-0.003 v_loss=0.000 ent=0.881 kl=0.0066
[upd  198 | steps  101376 | t   66.8s | sps  1517] ret_mean=0.000 ep_len=500.0 pi_loss=-0.008 v_loss=0.022 ent=0.909 kl=0.0056
[upd  199 | steps  101888 | t   67.0s | sps  1521] ret_mean=2.000 ep_len=500.0 pi_loss=-0.007 v_loss=0.000 ent=0.905 kl=0.0048
[upd  200 | steps  102400 | t   67.2s | sps  1525] ret_mean=0.000 ep_len=500.0 pi_loss=-0.000 v_loss=0.000 ent=0.832 kl=0.0031
        [eval] ret_mean=0.000 ep_len=500.0
[upd  201 | steps  102912 | t   71.3s | sps  1443] ret_mean=0.500 ep_len=500.0 pi_loss=-0.002 v_loss=0.001 ent=0.835 kl=0.0032
[upd  202 | steps  103424 | t   71.5s | sps  1446] ret_mean=0.000 ep_len=500.0 pi_loss=-0.003 v_loss=0.002 ent=0.850 kl=0.0044
[upd  203 | steps  103936 | t   71.7s | sps  1450] ret_mean=0.500 ep_len=500.0 pi_loss=-0.005 v_loss=0.003 ent=0.896 kl=0.0088
[upd  204 | steps  104448 | t   71.8s | sps  1454] ret_mean=0.000 ep_len=500.0 pi_loss=-0.008 v_loss=0.002 ent=0.817 kl=0.0107
[upd  205 | steps  104960 | t   72.0s | sps  1458] ret_mean=0.000 ep_len=500.0 pi_loss=0.001 v_loss=0.001 ent=0.671 kl=0.0050
[upd  206 | steps  105472 | t   72.2s | sps  1461] ret_mean=0.000 ep_len=500.0 pi_loss=-0.003 v_loss=0.000 ent=0.824 kl=0.0040
[upd  207 | steps  105984 | t   72.3s | sps  1465] ret_mean=0.000 ep_len=500.0 pi_loss=-0.005 v_loss=0.001 ent=0.804 kl=0.0077
[upd  208 | steps  106496 | t   72.5s | sps  1469] ret_mean=0.000 ep_len=500.0 pi_loss=-0.003 v_loss=0.000 ent=0.670 kl=0.0064
[upd  209 | steps  107008 | t   72.7s | sps  1472] ret_mean=0.000 ep_len=500.0 pi_loss=-0.010 v_loss=0.000 ent=0.730 kl=0.0094
[upd  210 | steps  107520 | t   72.8s | sps  1476] ret_mean=0.000 ep_len=500.0 pi_loss=0.000 v_loss=0.000 ent=0.686 kl=0.0018
[upd  211 | steps  108032 | t   73.0s | sps  1480] ret_mean=0.000 ep_len=500.0 pi_loss=-0.004 v_loss=0.000 ent=0.770 kl=0.0025
[upd  212 | steps  108544 | t   73.2s | sps  1484] ret_mean=0.000 ep_len=500.0 pi_loss=-0.004 v_loss=0.000 ent=0.723 kl=0.0055
[upd  213 | steps  109056 | t   73.3s | sps  1487] ret_mean=0.000 ep_len=500.0 pi_loss=-0.003 v_loss=0.000 ent=0.688 kl=0.0057
[upd  214 | steps  109568 | t   73.5s | sps  1491] ret_mean=0.000 ep_len=500.0 pi_loss=-0.004 v_loss=0.000 ent=0.717 kl=0.0072
[upd  215 | steps  110080 | t   73.7s | sps  1494] ret_mean=0.000 ep_len=500.0 pi_loss=-0.004 v_loss=0.000 ent=0.677 kl=0.0016
[upd  216 | steps  110592 | t   73.8s | sps  1498] ret_mean=0.000 ep_len=500.0 pi_loss=-0.005 v_loss=0.000 ent=0.587 kl=0.0062
[upd  217 | steps  111104 | t   74.0s | sps  1502] ret_mean=0.000 ep_len=500.0 pi_loss=-0.005 v_loss=0.000 ent=0.481 kl=0.0071
[upd  218 | steps  111616 | t   74.1s | sps  1505] ret_mean=0.000 ep_len=500.0 pi_loss=-0.002 v_loss=0.000 ent=0.462 kl=0.0007
[upd  219 | steps  112128 | t   74.3s | sps  1509] ret_mean=0.000 ep_len=500.0 pi_loss=-0.001 v_loss=0.000 ent=0.422 kl=0.0025
[upd  220 | steps  112640 | t   74.5s | sps  1513] ret_mean=0.000 ep_len=500.0 pi_loss=-0.003 v_loss=0.000 ent=0.470 kl=0.0054
[upd  221 | steps  113152 | t   74.6s | sps  1516] ret_mean=0.000 ep_len=500.0 pi_loss=-0.001 v_loss=0.000 ent=0.517 kl=0.0010
[upd  222 | steps  113664 | t   74.8s | sps  1520] ret_mean=0.000 ep_len=500.0 pi_loss=-0.004 v_loss=0.000 ent=0.479 kl=0.0041
[upd  223 | steps  114176 | t   75.0s | sps  1523] ret_mean=0.000 ep_len=500.0 pi_loss=-0.003 v_loss=0.000 ent=0.435 kl=0.0012
[upd  224 | steps  114688 | t   75.1s | sps  1527] ret_mean=0.000 ep_len=500.0 pi_loss=-0.007 v_loss=0.000 ent=0.560 kl=0.0159
[upd  225 | steps  115200 | t   75.3s | sps  1530] ret_mean=0.000 ep_len=500.0 pi_loss=0.001 v_loss=0.000 ent=0.562 kl=0.0036
        [eval] ret_mean=0.000 ep_len=500.0
[upd  226 | steps  115712 | t   79.9s | sps  1449] ret_mean=0.000 ep_len=500.0 pi_loss=-0.003 v_loss=0.000 ent=0.624 kl=0.0016
[upd  227 | steps  116224 | t   80.1s | sps  1452] ret_mean=0.000 ep_len=500.0 pi_loss=-0.002 v_loss=0.000 ent=0.425 kl=-0.0016
[upd  228 | steps  116736 | t   80.2s | sps  1455] ret_mean=6.000 ep_len=500.0 pi_loss=-0.001 v_loss=0.118 ent=0.698 kl=0.0019
[upd  229 | steps  117248 | t   80.4s | sps  1458] ret_mean=0.000 ep_len=500.0 pi_loss=-0.004 v_loss=0.001 ent=0.797 kl=0.0031
[upd  230 | steps  117760 | t   80.6s | sps  1461] ret_mean=0.000 ep_len=500.0 pi_loss=-0.003 v_loss=0.000 ent=0.684 kl=0.0022
[upd  231 | steps  118272 | t   80.8s | sps  1463] ret_mean=0.000 ep_len=500.0 pi_loss=-0.003 v_loss=0.000 ent=0.817 kl=-0.0013
[upd  232 | steps  118784 | t   81.0s | sps  1466] ret_mean=0.000 ep_len=500.0 pi_loss=-0.005 v_loss=0.000 ent=0.763 kl=0.0040
[upd  233 | steps  119296 | t   81.2s | sps  1469] ret_mean=0.000 ep_len=500.0 pi_loss=-0.000 v_loss=0.000 ent=0.827 kl=0.0002
[upd  234 | steps  119808 | t   81.4s | sps  1472] ret_mean=0.000 ep_len=500.0 pi_loss=-0.006 v_loss=0.000 ent=0.712 kl=0.0020
[upd  235 | steps  120320 | t   81.6s | sps  1475] ret_mean=0.000 ep_len=500.0 pi_loss=-0.010 v_loss=0.000 ent=0.801 kl=0.0128
[upd  236 | steps  120832 | t   81.7s | sps  1478] ret_mean=6.000 ep_len=500.0 pi_loss=-0.002 v_loss=0.169 ent=0.650 kl=0.0083
[upd  237 | steps  121344 | t   81.9s | sps  1481] ret_mean=0.000 ep_len=500.0 pi_loss=-0.002 v_loss=0.001 ent=0.611 kl=0.0027
[upd  238 | steps  121856 | t   82.1s | sps  1484] ret_mean=0.000 ep_len=500.0 pi_loss=-0.004 v_loss=0.001 ent=0.583 kl=0.0040
[upd  239 | steps  122368 | t   82.3s | sps  1487] ret_mean=0.000 ep_len=500.0 pi_loss=-0.004 v_loss=0.000 ent=0.599 kl=0.0071
[upd  240 | steps  122880 | t   82.5s | sps  1490] ret_mean=0.000 ep_len=500.0 pi_loss=-0.002 v_loss=0.000 ent=0.511 kl=0.0002
[upd  241 | steps  123392 | t   82.6s | sps  1493] ret_mean=0.000 ep_len=500.0 pi_loss=-0.005 v_loss=0.000 ent=0.443 kl=0.0028
[upd  242 | steps  123904 | t   82.8s | sps  1496] ret_mean=0.000 ep_len=500.0 pi_loss=-0.002 v_loss=0.000 ent=0.572 kl=0.0102
[upd  243 | steps  124416 | t   83.0s | sps  1499] ret_mean=0.000 ep_len=500.0 pi_loss=-0.002 v_loss=0.000 ent=0.650 kl=-0.0002
[upd  244 | steps  124928 | t   83.2s | sps  1502] ret_mean=0.000 ep_len=500.0 pi_loss=-0.007 v_loss=0.000 ent=0.588 kl=0.0082
[upd  245 | steps  125440 | t   83.3s | sps  1505] ret_mean=0.000 ep_len=500.0 pi_loss=-0.003 v_loss=0.000 ent=0.569 kl=0.0034
[upd  246 | steps  125952 | t   83.5s | sps  1508] ret_mean=0.000 ep_len=500.0 pi_loss=-0.004 v_loss=0.000 ent=0.548 kl=0.0049
[upd  247 | steps  126464 | t   83.7s | sps  1511] ret_mean=0.000 ep_len=500.0 pi_loss=-0.001 v_loss=0.000 ent=0.598 kl=-0.0001
[upd  248 | steps  126976 | t   83.8s | sps  1515] ret_mean=0.000 ep_len=500.0 pi_loss=-0.003 v_loss=0.000 ent=0.638 kl=0.0062
[upd  249 | steps  127488 | t   84.0s | sps  1518] ret_mean=0.000 ep_len=500.0 pi_loss=-0.006 v_loss=0.000 ent=0.680 kl=0.0095
[upd  250 | steps  128000 | t   84.2s | sps  1520] ret_mean=0.000 ep_len=500.0 pi_loss=-0.003 v_loss=0.000 ent=0.550 kl=-0.0021
        [eval] ret_mean=0.000 ep_len=500.0
[upd  251 | steps  128512 | t   88.4s | sps  1454] ret_mean=0.000 ep_len=500.0 pi_loss=-0.003 v_loss=0.000 ent=0.833 kl=0.0116
[upd  252 | steps  129024 | t   88.6s | sps  1457] ret_mean=0.000 ep_len=500.0 pi_loss=-0.004 v_loss=0.000 ent=0.809 kl=0.0015
[upd  253 | steps  129536 | t   88.7s | sps  1460] ret_mean=0.000 ep_len=500.0 pi_loss=-0.001 v_loss=0.000 ent=0.589 kl=-0.0001
[upd  254 | steps  130048 | t   88.9s | sps  1463] ret_mean=0.000 ep_len=500.0 pi_loss=-0.001 v_loss=0.000 ent=0.625 kl=0.0003
[upd  255 | steps  130560 | t   89.1s | sps  1466] ret_mean=0.000 ep_len=500.0 pi_loss=-0.003 v_loss=0.000 ent=0.820 kl=0.0073
[upd  256 | steps  131072 | t   89.2s | sps  1469] ret_mean=0.000 ep_len=500.0 pi_loss=-0.003 v_loss=0.000 ent=0.578 kl=0.0012
[upd  257 | steps  131584 | t   89.4s | sps  1472] ret_mean=0.000 ep_len=500.0 pi_loss=-0.003 v_loss=0.000 ent=0.733 kl=-0.0006
[upd  258 | steps  132096 | t   89.6s | sps  1474] ret_mean=0.000 ep_len=500.0 pi_loss=-0.006 v_loss=0.000 ent=0.686 kl=0.0129
[upd  259 | steps  132608 | t   89.8s | sps  1477] ret_mean=0.000 ep_len=500.0 pi_loss=-0.006 v_loss=0.000 ent=0.804 kl=0.0075
[upd  260 | steps  133120 | t   89.9s | sps  1480] ret_mean=0.000 ep_len=500.0 pi_loss=-0.006 v_loss=0.000 ent=0.781 kl=0.0160
[upd  261 | steps  133632 | t   90.1s | sps  1483] ret_mean=0.000 ep_len=500.0 pi_loss=-0.005 v_loss=0.000 ent=0.803 kl=0.0092
[upd  262 | steps  134144 | t   90.3s | sps  1486] ret_mean=0.000 ep_len=500.0 pi_loss=-0.002 v_loss=0.000 ent=0.673 kl=0.0001
[upd  263 | steps  134656 | t   90.5s | sps  1489] ret_mean=0.000 ep_len=500.0 pi_loss=-0.005 v_loss=0.000 ent=0.700 kl=0.0029
[upd  264 | steps  135168 | t   90.6s | sps  1491] ret_mean=0.000 ep_len=500.0 pi_loss=-0.003 v_loss=0.000 ent=0.485 kl=0.0026
[upd  265 | steps  135680 | t   90.8s | sps  1494] ret_mean=0.000 ep_len=500.0 pi_loss=-0.002 v_loss=0.000 ent=0.453 kl=0.0050
[upd  266 | steps  136192 | t   91.0s | sps  1497] ret_mean=0.000 ep_len=500.0 pi_loss=-0.001 v_loss=0.000 ent=0.401 kl=0.0031
[upd  267 | steps  136704 | t   91.2s | sps  1499] ret_mean=0.000 ep_len=500.0 pi_loss=-0.001 v_loss=0.000 ent=0.415 kl=0.0055
[upd  268 | steps  137216 | t   91.3s | sps  1502] ret_mean=0.000 ep_len=500.0 pi_loss=-0.003 v_loss=0.000 ent=0.437 kl=0.0012
[upd  269 | steps  137728 | t   91.5s | sps  1505] ret_mean=0.000 ep_len=500.0 pi_loss=-0.005 v_loss=0.000 ent=0.497 kl=0.0079
[upd  270 | steps  138240 | t   91.7s | sps  1508] ret_mean=0.000 ep_len=500.0 pi_loss=-0.005 v_loss=0.000 ent=0.595 kl=-0.0013
[upd  271 | steps  138752 | t   91.9s | sps  1510] ret_mean=0.000 ep_len=500.0 pi_loss=-0.004 v_loss=0.000 ent=0.549 kl=0.0054
[upd  272 | steps  139264 | t   92.1s | sps  1513] ret_mean=0.000 ep_len=500.0 pi_loss=-0.003 v_loss=0.000 ent=0.629 kl=0.0055
[upd  273 | steps  139776 | t   92.2s | sps  1516] ret_mean=0.000 ep_len=500.0 pi_loss=-0.002 v_loss=0.000 ent=0.566 kl=0.0034
[upd  274 | steps  140288 | t   92.4s | sps  1518] ret_mean=0.000 ep_len=500.0 pi_loss=-0.007 v_loss=0.000 ent=0.544 kl=0.0093
[upd  275 | steps  140800 | t   92.6s | sps  1521] ret_mean=0.000 ep_len=500.0 pi_loss=-0.002 v_loss=0.000 ent=0.639 kl=0.0034
        [eval] ret_mean=0.000 ep_len=500.0
[upd  276 | steps  141312 | t   96.7s | sps  1462] ret_mean=12.000 ep_len=500.0 pi_loss=-0.001 v_loss=0.506 ent=0.596 kl=0.0084
[upd  277 | steps  141824 | t   96.9s | sps  1464] ret_mean=0.000 ep_len=500.0 pi_loss=-0.001 v_loss=0.004 ent=0.710 kl=0.0004
[upd  278 | steps  142336 | t   97.0s | sps  1467] ret_mean=1.500 ep_len=500.0 pi_loss=-0.006 v_loss=0.001 ent=0.593 kl=0.0116
[upd  279 | steps  142848 | t   97.2s | sps  1470] ret_mean=0.000 ep_len=500.0 pi_loss=-0.004 v_loss=0.003 ent=0.594 kl=0.0011
[upd  280 | steps  143360 | t   97.4s | sps  1472] ret_mean=0.000 ep_len=500.0 pi_loss=-0.005 v_loss=0.004 ent=0.534 kl=0.0121
[upd  281 | steps  143872 | t   97.6s | sps  1475] ret_mean=0.000 ep_len=500.0 pi_loss=-0.003 v_loss=0.001 ent=0.643 kl=-0.0020
[upd  282 | steps  144384 | t   97.7s | sps  1477] ret_mean=0.000 ep_len=500.0 pi_loss=-0.005 v_loss=0.002 ent=0.238 kl=0.0017
[upd  283 | steps  144896 | t   97.9s | sps  1480] ret_mean=0.000 ep_len=500.0 pi_loss=-0.002 v_loss=0.000 ent=0.331 kl=0.0037
[upd  284 | steps  145408 | t   98.1s | sps  1482] ret_mean=0.000 ep_len=500.0 pi_loss=-0.001 v_loss=0.000 ent=0.370 kl=-0.0003
[upd  285 | steps  145920 | t   98.3s | sps  1485] ret_mean=2.000 ep_len=500.0 pi_loss=-0.002 v_loss=0.022 ent=0.574 kl=0.0044
[upd  286 | steps  146432 | t   98.4s | sps  1488] ret_mean=0.000 ep_len=500.0 pi_loss=-0.002 v_loss=0.000 ent=0.561 kl=0.0052
[upd  287 | steps  146944 | t   98.6s | sps  1490] ret_mean=0.000 ep_len=500.0 pi_loss=-0.004 v_loss=0.001 ent=0.475 kl=0.0102
[upd  288 | steps  147456 | t   98.8s | sps  1493] ret_mean=0.000 ep_len=500.0 pi_loss=-0.002 v_loss=0.000 ent=0.611 kl=0.0051
[upd  289 | steps  147968 | t   99.0s | sps  1495] ret_mean=0.000 ep_len=500.0 pi_loss=-0.002 v_loss=0.001 ent=0.581 kl=0.0001
[upd  290 | steps  148480 | t   99.2s | sps  1497] ret_mean=0.000 ep_len=500.0 pi_loss=-0.004 v_loss=0.001 ent=0.543 kl=-0.0004
[upd  291 | steps  148992 | t   99.3s | sps  1500] ret_mean=0.000 ep_len=500.0 pi_loss=-0.005 v_loss=0.000 ent=0.674 kl=0.0068
[upd  292 | steps  149504 | t   99.5s | sps  1503] ret_mean=0.000 ep_len=500.0 pi_loss=-0.001 v_loss=0.000 ent=0.531 kl=0.0032
[upd  293 | steps  150016 | t   99.7s | sps  1505] ret_mean=0.000 ep_len=500.0 pi_loss=-0.001 v_loss=0.000 ent=0.508 kl=-0.0000
[upd  294 | steps  150528 | t   99.8s | sps  1508] ret_mean=0.000 ep_len=500.0 pi_loss=-0.004 v_loss=0.000 ent=0.773 kl=0.0029
[upd  295 | steps  151040 | t  100.0s | sps  1510] ret_mean=0.000 ep_len=500.0 pi_loss=-0.007 v_loss=0.000 ent=0.878 kl=0.0120
[upd  296 | steps  151552 | t  100.2s | sps  1513] ret_mean=0.000 ep_len=500.0 pi_loss=-0.005 v_loss=0.005 ent=0.947 kl=0.0007
[upd  297 | steps  152064 | t  100.4s | sps  1515] ret_mean=1.500 ep_len=500.0 pi_loss=-0.004 v_loss=0.000 ent=0.933 kl=0.0045
[upd  298 | steps  152576 | t  100.5s | sps  1518] ret_mean=0.000 ep_len=500.0 pi_loss=-0.009 v_loss=0.000 ent=0.929 kl=0.0116
[upd  299 | steps  153088 | t  100.7s | sps  1520] ret_mean=0.000 ep_len=500.0 pi_loss=-0.013 v_loss=0.000 ent=0.904 kl=0.0076
[upd  300 | steps  153600 | t  100.9s | sps  1523] ret_mean=0.000 ep_len=500.0 pi_loss=-0.002 v_loss=0.000 ent=0.904 kl=0.0050
        [eval] ret_mean=0.000 ep_len=500.0
