$ /Users/samchen/Coding/CLASSES/CS2860/.venv/bin/python3 -m policies.train --env rware-medium-2ag-v2 --seed 1 --updates 300 --rollout 512 --eval-every 25 --eval-episodes 30 --log-dir matrix_results/diagnostics_v1_sam/comm_2ag/headroom/rware-medium-2ag-v2 --run-name mappo-heartbeat-only__delay-dropout__d30__s1 --n-msg-tokens 8 --no-comm --heartbeat --heartbeat-period 1 --heartbeat-max-age-clip 128 --heartbeat-delay 30 --dropout --dropout-window-start 200 --dropout-window-end 350 --shape-rewards --pickup-bonus 0.5

[env] EnvSpec(env_id='rware-medium-2ag-v2', n_agents=2, obs_dim=73, n_env_actions=5, noop_action=0, family='rware')  (n_msg_tokens=1)
[cfg] {'clip_range': 0.2, 'value_clip_range': 0.2, 'entropy_coef': 0.01, 'value_coef': 0.5, 'max_grad_norm': 0.5, 'gamma': 0.99, 'gae_lambda': 0.95, 'lr_actor': 0.0003, 'lr_critic': 0.001, 'update_epochs': 4, 'minibatches': 4, 'hidden': 128, 'depth': 2, 'device': 'cpu', 'extra': {}}
[log] writing to matrix_results/diagnostics_v1_sam/comm_2ag/headroom/rware-medium-2ag-v2/mappo-heartbeat-only__delay-dropout__d30__s1
[upd    1 | steps     512 | t    0.2s | sps  2805] ret_mean=0.000 ep_len=500.0 pi_loss=-0.004 v_loss=0.137 ent=1.608 kl=-0.0016
[upd    2 | steps    1024 | t    0.3s | sps  2926] ret_mean=0.000 ep_len=500.0 pi_loss=-0.004 v_loss=0.051 ent=1.601 kl=0.0050
[upd    3 | steps    1536 | t    0.5s | sps  2955] ret_mean=0.000 ep_len=500.0 pi_loss=-0.006 v_loss=0.083 ent=1.553 kl=0.0149
[upd    4 | steps    2048 | t    0.7s | sps  2948] ret_mean=0.000 ep_len=500.0 pi_loss=-0.003 v_loss=0.105 ent=1.584 kl=0.0030
[upd    5 | steps    2560 | t    0.9s | sps  2748] ret_mean=0.000 ep_len=500.0 pi_loss=-0.006 v_loss=0.064 ent=1.586 kl=0.0026
[upd    6 | steps    3072 | t    1.1s | sps  2784] ret_mean=0.000 ep_len=500.0 pi_loss=-0.008 v_loss=0.013 ent=1.583 kl=-0.0000
[upd    7 | steps    3584 | t    1.3s | sps  2808] ret_mean=0.000 ep_len=500.0 pi_loss=-0.002 v_loss=0.019 ent=1.596 kl=0.0061
[upd    8 | steps    4096 | t    1.5s | sps  2813] ret_mean=1.000 ep_len=500.0 pi_loss=-0.005 v_loss=0.024 ent=1.597 kl=0.0034
[upd    9 | steps    4608 | t    1.6s | sps  2849] ret_mean=0.000 ep_len=500.0 pi_loss=-0.005 v_loss=0.018 ent=1.527 kl=0.0013
[upd   10 | steps    5120 | t    1.8s | sps  2872] ret_mean=0.000 ep_len=500.0 pi_loss=-0.004 v_loss=0.020 ent=1.549 kl=-0.0006
[upd   11 | steps    5632 | t    2.0s | sps  2872] ret_mean=0.000 ep_len=500.0 pi_loss=-0.003 v_loss=0.009 ent=1.551 kl=0.0048
[upd   12 | steps    6144 | t    2.2s | sps  2857] ret_mean=0.000 ep_len=500.0 pi_loss=-0.004 v_loss=0.022 ent=1.522 kl=0.0151
[upd   13 | steps    6656 | t    2.3s | sps  2853] ret_mean=0.000 ep_len=500.0 pi_loss=-0.005 v_loss=0.009 ent=1.556 kl=0.0070
[upd   14 | steps    7168 | t    2.5s | sps  2852] ret_mean=0.000 ep_len=500.0 pi_loss=-0.003 v_loss=0.009 ent=1.547 kl=-0.0011
[upd   15 | steps    7680 | t    2.7s | sps  2861] ret_mean=0.000 ep_len=500.0 pi_loss=-0.006 v_loss=0.025 ent=1.545 kl=0.0027
[upd   16 | steps    8192 | t    2.9s | sps  2867] ret_mean=0.000 ep_len=500.0 pi_loss=-0.007 v_loss=0.007 ent=1.561 kl=0.0092
[upd   17 | steps    8704 | t    3.0s | sps  2862] ret_mean=0.000 ep_len=500.0 pi_loss=-0.006 v_loss=0.002 ent=1.560 kl=0.0096
[upd   18 | steps    9216 | t    3.2s | sps  2852] ret_mean=0.000 ep_len=500.0 pi_loss=-0.007 v_loss=0.008 ent=1.551 kl=0.0121
[upd   19 | steps    9728 | t    3.4s | sps  2832] ret_mean=0.000 ep_len=500.0 pi_loss=-0.003 v_loss=0.005 ent=1.540 kl=0.0035
[upd   20 | steps   10240 | t    3.6s | sps  2818] ret_mean=0.000 ep_len=500.0 pi_loss=-0.003 v_loss=0.008 ent=1.530 kl=0.0004
[upd   21 | steps   10752 | t    3.8s | sps  2817] ret_mean=0.000 ep_len=500.0 pi_loss=-0.002 v_loss=0.003 ent=1.482 kl=0.0051
[upd   22 | steps   11264 | t    4.0s | sps  2818] ret_mean=0.000 ep_len=500.0 pi_loss=-0.005 v_loss=0.004 ent=1.486 kl=0.0080
[upd   23 | steps   11776 | t    4.2s | sps  2815] ret_mean=0.000 ep_len=500.0 pi_loss=-0.006 v_loss=0.002 ent=1.414 kl=0.0072
[upd   24 | steps   12288 | t    4.4s | sps  2817] ret_mean=0.000 ep_len=500.0 pi_loss=-0.006 v_loss=0.002 ent=1.486 kl=0.0045
[upd   25 | steps   12800 | t    4.5s | sps  2821] ret_mean=0.000 ep_len=500.0 pi_loss=-0.008 v_loss=0.001 ent=1.488 kl=0.0095
        [eval] ret_mean=0.000 ep_len=500.0
[upd   26 | steps   13312 | t    9.2s | sps  1453] ret_mean=0.000 ep_len=500.0 pi_loss=-0.004 v_loss=0.001 ent=1.499 kl=0.0149
[upd   27 | steps   13824 | t    9.4s | sps  1478] ret_mean=0.000 ep_len=500.0 pi_loss=-0.007 v_loss=0.001 ent=1.554 kl=0.0003
[upd   28 | steps   14336 | t    9.6s | sps  1501] ret_mean=0.000 ep_len=500.0 pi_loss=-0.002 v_loss=0.003 ent=1.485 kl=0.0078
[upd   29 | steps   14848 | t    9.7s | sps  1524] ret_mean=0.500 ep_len=500.0 pi_loss=-0.005 v_loss=0.004 ent=1.481 kl=0.0028
[upd   30 | steps   15360 | t    9.9s | sps  1547] ret_mean=1.000 ep_len=500.0 pi_loss=-0.008 v_loss=0.005 ent=1.449 kl=0.0093
[upd   31 | steps   15872 | t   10.1s | sps  1571] ret_mean=0.000 ep_len=500.0 pi_loss=-0.005 v_loss=0.001 ent=1.528 kl=0.0029
[upd   32 | steps   16384 | t   10.3s | sps  1595] ret_mean=0.000 ep_len=500.0 pi_loss=-0.004 v_loss=0.003 ent=1.515 kl=-0.0007
[upd   33 | steps   16896 | t   10.5s | sps  1614] ret_mean=0.500 ep_len=500.0 pi_loss=-0.011 v_loss=0.002 ent=1.449 kl=0.0127
[upd   34 | steps   17408 | t   10.7s | sps  1632] ret_mean=0.000 ep_len=500.0 pi_loss=-0.009 v_loss=0.001 ent=1.530 kl=0.0010
[upd   35 | steps   17920 | t   10.8s | sps  1652] ret_mean=0.000 ep_len=500.0 pi_loss=-0.008 v_loss=0.001 ent=1.504 kl=0.0084
[upd   36 | steps   18432 | t   11.0s | sps  1672] ret_mean=0.500 ep_len=500.0 pi_loss=-0.005 v_loss=0.002 ent=1.459 kl=-0.0006
[upd   37 | steps   18944 | t   11.2s | sps  1687] ret_mean=0.000 ep_len=500.0 pi_loss=-0.006 v_loss=0.001 ent=1.521 kl=0.0014
[upd   38 | steps   19456 | t   11.4s | sps  1705] ret_mean=0.000 ep_len=500.0 pi_loss=-0.003 v_loss=0.001 ent=1.488 kl=0.0079
[upd   39 | steps   19968 | t   11.6s | sps  1723] ret_mean=0.000 ep_len=500.0 pi_loss=-0.005 v_loss=0.002 ent=1.464 kl=0.0020
[upd   40 | steps   20480 | t   11.8s | sps  1738] ret_mean=0.000 ep_len=500.0 pi_loss=-0.014 v_loss=0.001 ent=1.473 kl=0.0042
[upd   41 | steps   20992 | t   12.0s | sps  1754] ret_mean=0.000 ep_len=500.0 pi_loss=-0.005 v_loss=0.001 ent=1.524 kl=0.0004
[upd   42 | steps   21504 | t   12.1s | sps  1771] ret_mean=0.000 ep_len=500.0 pi_loss=-0.005 v_loss=0.001 ent=1.547 kl=0.0004
[upd   43 | steps   22016 | t   12.3s | sps  1788] ret_mean=0.000 ep_len=500.0 pi_loss=-0.007 v_loss=0.001 ent=1.544 kl=0.0089
[upd   44 | steps   22528 | t   12.5s | sps  1805] ret_mean=0.000 ep_len=500.0 pi_loss=-0.006 v_loss=0.001 ent=1.456 kl=0.0075
[upd   45 | steps   23040 | t   12.7s | sps  1820] ret_mean=0.000 ep_len=500.0 pi_loss=-0.007 v_loss=0.001 ent=1.426 kl=0.0081
[upd   46 | steps   23552 | t   12.8s | sps  1835] ret_mean=0.000 ep_len=500.0 pi_loss=-0.004 v_loss=0.001 ent=1.395 kl=0.0004
[upd   47 | steps   24064 | t   13.0s | sps  1850] ret_mean=0.000 ep_len=500.0 pi_loss=-0.006 v_loss=0.000 ent=1.418 kl=0.0021
[upd   48 | steps   24576 | t   13.2s | sps  1866] ret_mean=0.000 ep_len=500.0 pi_loss=-0.011 v_loss=0.001 ent=1.444 kl=0.0148
[upd   49 | steps   25088 | t   13.3s | sps  1881] ret_mean=0.000 ep_len=500.0 pi_loss=-0.009 v_loss=0.001 ent=1.375 kl=0.0118
[upd   50 | steps   25600 | t   13.5s | sps  1895] ret_mean=0.000 ep_len=500.0 pi_loss=-0.007 v_loss=0.001 ent=1.313 kl=0.0184
        [eval] ret_mean=0.000 ep_len=500.0
[upd   51 | steps   26112 | t   17.8s | sps  1468] ret_mean=0.000 ep_len=500.0 pi_loss=-0.007 v_loss=0.001 ent=1.233 kl=0.0115
[upd   52 | steps   26624 | t   18.0s | sps  1482] ret_mean=0.000 ep_len=500.0 pi_loss=-0.005 v_loss=0.001 ent=1.234 kl=0.0063
[upd   53 | steps   27136 | t   18.2s | sps  1495] ret_mean=0.000 ep_len=500.0 pi_loss=-0.003 v_loss=0.001 ent=1.244 kl=0.0014
[upd   54 | steps   27648 | t   18.4s | sps  1505] ret_mean=0.000 ep_len=500.0 pi_loss=-0.005 v_loss=0.001 ent=1.213 kl=0.0024
[upd   55 | steps   28160 | t   18.6s | sps  1518] ret_mean=0.000 ep_len=500.0 pi_loss=-0.006 v_loss=0.001 ent=1.120 kl=0.0042
[upd   56 | steps   28672 | t   18.8s | sps  1528] ret_mean=0.000 ep_len=500.0 pi_loss=-0.005 v_loss=0.001 ent=1.154 kl=0.0023
[upd   57 | steps   29184 | t   19.0s | sps  1540] ret_mean=0.500 ep_len=500.0 pi_loss=-0.004 v_loss=0.003 ent=1.304 kl=0.0064
[upd   58 | steps   29696 | t   19.2s | sps  1551] ret_mean=0.000 ep_len=500.0 pi_loss=-0.004 v_loss=0.001 ent=1.180 kl=0.0027
[upd   59 | steps   30208 | t   19.4s | sps  1559] ret_mean=0.000 ep_len=500.0 pi_loss=-0.006 v_loss=0.001 ent=0.904 kl=0.0061
[upd   60 | steps   30720 | t   19.6s | sps  1571] ret_mean=0.000 ep_len=500.0 pi_loss=-0.007 v_loss=0.001 ent=0.829 kl=0.0083
[upd   61 | steps   31232 | t   19.8s | sps  1579] ret_mean=0.000 ep_len=500.0 pi_loss=-0.004 v_loss=0.000 ent=0.737 kl=0.0094
[upd   62 | steps   31744 | t   20.0s | sps  1588] ret_mean=0.000 ep_len=500.0 pi_loss=-0.007 v_loss=0.000 ent=1.057 kl=-0.0002
[upd   63 | steps   32256 | t   20.2s | sps  1596] ret_mean=0.000 ep_len=500.0 pi_loss=-0.005 v_loss=0.000 ent=0.995 kl=0.0042
[upd   64 | steps   32768 | t   20.4s | sps  1605] ret_mean=0.000 ep_len=500.0 pi_loss=-0.003 v_loss=0.001 ent=1.083 kl=0.0012
[upd   65 | steps   33280 | t   20.7s | sps  1610] ret_mean=0.000 ep_len=500.0 pi_loss=-0.004 v_loss=0.001 ent=1.105 kl=0.0021
[upd   66 | steps   33792 | t   20.9s | sps  1618] ret_mean=0.000 ep_len=500.0 pi_loss=-0.009 v_loss=0.001 ent=0.965 kl=0.0036
[upd   67 | steps   34304 | t   21.1s | sps  1627] ret_mean=0.000 ep_len=500.0 pi_loss=-0.005 v_loss=0.001 ent=1.080 kl=0.0087
[upd   68 | steps   34816 | t   21.3s | sps  1638] ret_mean=0.000 ep_len=500.0 pi_loss=-0.003 v_loss=0.001 ent=0.858 kl=0.0055
[upd   69 | steps   35328 | t   21.4s | sps  1650] ret_mean=0.000 ep_len=500.0 pi_loss=-0.007 v_loss=0.007 ent=0.782 kl=0.0018
[upd   70 | steps   35840 | t   21.6s | sps  1660] ret_mean=1.500 ep_len=500.0 pi_loss=-0.006 v_loss=0.001 ent=0.925 kl=0.0069
[upd   71 | steps   36352 | t   21.8s | sps  1667] ret_mean=0.000 ep_len=500.0 pi_loss=-0.004 v_loss=0.001 ent=0.841 kl=0.0037
[upd   72 | steps   36864 | t   22.0s | sps  1675] ret_mean=0.000 ep_len=500.0 pi_loss=-0.003 v_loss=0.000 ent=0.777 kl=0.0014
[upd   73 | steps   37376 | t   22.2s | sps  1686] ret_mean=0.000 ep_len=500.0 pi_loss=-0.003 v_loss=0.001 ent=0.493 kl=0.0004
[upd   74 | steps   37888 | t   22.3s | sps  1696] ret_mean=0.000 ep_len=500.0 pi_loss=-0.005 v_loss=0.000 ent=0.677 kl=0.0088
[upd   75 | steps   38400 | t   22.5s | sps  1706] ret_mean=0.000 ep_len=500.0 pi_loss=-0.006 v_loss=0.000 ent=0.717 kl=0.0100
        [eval] ret_mean=0.000 ep_len=500.0
[upd   76 | steps   38912 | t   26.4s | sps  1473] ret_mean=0.000 ep_len=500.0 pi_loss=-0.004 v_loss=0.000 ent=0.819 kl=0.0074
[upd   77 | steps   39424 | t   26.6s | sps  1483] ret_mean=0.000 ep_len=500.0 pi_loss=-0.004 v_loss=0.000 ent=0.570 kl=0.0134
[upd   78 | steps   39936 | t   26.8s | sps  1492] ret_mean=0.000 ep_len=500.0 pi_loss=-0.007 v_loss=0.000 ent=0.762 kl=0.0069
[upd   79 | steps   40448 | t   26.9s | sps  1501] ret_mean=0.000 ep_len=500.0 pi_loss=-0.001 v_loss=0.000 ent=0.733 kl=0.0093
[upd   80 | steps   40960 | t   27.1s | sps  1510] ret_mean=0.000 ep_len=500.0 pi_loss=-0.003 v_loss=0.000 ent=0.710 kl=0.0058
[upd   81 | steps   41472 | t   27.3s | sps  1519] ret_mean=0.000 ep_len=500.0 pi_loss=-0.009 v_loss=0.000 ent=1.015 kl=0.0041
[upd   82 | steps   41984 | t   27.5s | sps  1526] ret_mean=0.000 ep_len=500.0 pi_loss=-0.004 v_loss=0.000 ent=0.813 kl=0.0067
[upd   83 | steps   42496 | t   27.7s | sps  1533] ret_mean=0.000 ep_len=500.0 pi_loss=-0.004 v_loss=0.000 ent=0.761 kl=0.0006
[upd   84 | steps   43008 | t   27.9s | sps  1540] ret_mean=0.000 ep_len=500.0 pi_loss=-0.008 v_loss=0.000 ent=0.730 kl=0.0140
[upd   85 | steps   43520 | t   28.1s | sps  1546] ret_mean=0.000 ep_len=500.0 pi_loss=-0.008 v_loss=0.002 ent=1.166 kl=0.0073
[upd   86 | steps   44032 | t   28.4s | sps  1551] ret_mean=0.500 ep_len=500.0 pi_loss=-0.001 v_loss=0.000 ent=0.892 kl=0.0039
[upd   87 | steps   44544 | t   28.6s | sps  1558] ret_mean=0.000 ep_len=500.0 pi_loss=-0.004 v_loss=0.000 ent=0.903 kl=0.0057
[upd   88 | steps   45056 | t   28.8s | sps  1564] ret_mean=0.000 ep_len=500.0 pi_loss=-0.006 v_loss=0.000 ent=0.825 kl=0.0058
[upd   89 | steps   45568 | t   29.0s | sps  1571] ret_mean=0.000 ep_len=500.0 pi_loss=-0.003 v_loss=0.000 ent=0.768 kl=0.0016
[upd   90 | steps   46080 | t   29.2s | sps  1577] ret_mean=0.000 ep_len=500.0 pi_loss=-0.008 v_loss=0.000 ent=0.926 kl=0.0052
[upd   91 | steps   46592 | t   29.4s | sps  1583] ret_mean=0.000 ep_len=500.0 pi_loss=-0.008 v_loss=0.000 ent=0.809 kl=0.0070
[upd   92 | steps   47104 | t   29.6s | sps  1590] ret_mean=0.000 ep_len=500.0 pi_loss=-0.007 v_loss=0.000 ent=0.684 kl=0.0051
[upd   93 | steps   47616 | t   29.8s | sps  1598] ret_mean=0.000 ep_len=500.0 pi_loss=-0.006 v_loss=0.000 ent=0.736 kl=0.0090
[upd   94 | steps   48128 | t   30.0s | sps  1603] ret_mean=0.000 ep_len=500.0 pi_loss=-0.005 v_loss=0.000 ent=0.846 kl=0.0006
[upd   95 | steps   48640 | t   30.2s | sps  1609] ret_mean=0.000 ep_len=500.0 pi_loss=-0.005 v_loss=0.000 ent=0.847 kl=0.0096
[upd   96 | steps   49152 | t   30.4s | sps  1615] ret_mean=0.000 ep_len=500.0 pi_loss=-0.005 v_loss=0.001 ent=0.697 kl=0.0133
[upd   97 | steps   49664 | t   30.7s | sps  1619] ret_mean=0.000 ep_len=500.0 pi_loss=-0.006 v_loss=0.000 ent=0.895 kl=0.0097
[upd   98 | steps   50176 | t   30.9s | sps  1625] ret_mean=0.000 ep_len=500.0 pi_loss=-0.004 v_loss=0.000 ent=1.096 kl=0.0093
[upd   99 | steps   50688 | t   31.1s | sps  1631] ret_mean=0.000 ep_len=500.0 pi_loss=-0.001 v_loss=0.001 ent=0.701 kl=0.0002
[upd  100 | steps   51200 | t   31.3s | sps  1636] ret_mean=0.000 ep_len=500.0 pi_loss=-0.004 v_loss=0.002 ent=0.692 kl=0.0012
        [eval] ret_mean=0.000 ep_len=500.0
[upd  101 | steps   51712 | t   35.9s | sps  1441] ret_mean=0.000 ep_len=500.0 pi_loss=-0.003 v_loss=0.003 ent=0.847 kl=0.0071
[upd  102 | steps   52224 | t   36.0s | sps  1449] ret_mean=0.000 ep_len=500.0 pi_loss=-0.001 v_loss=0.003 ent=0.890 kl=0.0027
[upd  103 | steps   52736 | t   36.2s | sps  1457] ret_mean=0.000 ep_len=500.0 pi_loss=-0.002 v_loss=0.000 ent=0.897 kl=0.0030
[upd  104 | steps   53248 | t   36.4s | sps  1464] ret_mean=0.000 ep_len=500.0 pi_loss=-0.001 v_loss=0.000 ent=0.954 kl=0.0079
[upd  105 | steps   53760 | t   36.5s | sps  1471] ret_mean=0.000 ep_len=500.0 pi_loss=-0.008 v_loss=0.000 ent=1.005 kl=0.0044
[upd  106 | steps   54272 | t   36.7s | sps  1478] ret_mean=0.000 ep_len=500.0 pi_loss=-0.004 v_loss=0.000 ent=0.783 kl=0.0030
[upd  107 | steps   54784 | t   36.9s | sps  1485] ret_mean=0.000 ep_len=500.0 pi_loss=-0.001 v_loss=0.000 ent=0.885 kl=-0.0005
[upd  108 | steps   55296 | t   37.1s | sps  1492] ret_mean=0.000 ep_len=500.0 pi_loss=-0.002 v_loss=0.001 ent=0.912 kl=-0.0031
[upd  109 | steps   55808 | t   37.2s | sps  1499] ret_mean=0.000 ep_len=500.0 pi_loss=-0.004 v_loss=0.000 ent=0.957 kl=0.0163
[upd  110 | steps   56320 | t   37.4s | sps  1507] ret_mean=0.000 ep_len=500.0 pi_loss=-0.011 v_loss=0.001 ent=0.894 kl=0.0195
[upd  111 | steps   56832 | t   37.5s | sps  1514] ret_mean=0.000 ep_len=500.0 pi_loss=-0.008 v_loss=0.000 ent=1.009 kl=0.0084
[upd  112 | steps   57344 | t   37.7s | sps  1520] ret_mean=0.000 ep_len=500.0 pi_loss=-0.011 v_loss=0.001 ent=1.132 kl=0.0138
[upd  113 | steps   57856 | t   37.9s | sps  1527] ret_mean=0.000 ep_len=500.0 pi_loss=-0.008 v_loss=0.000 ent=0.895 kl=0.0044
[upd  114 | steps   58368 | t   38.1s | sps  1534] ret_mean=0.000 ep_len=500.0 pi_loss=-0.006 v_loss=0.001 ent=0.999 kl=0.0073
[upd  115 | steps   58880 | t   38.2s | sps  1541] ret_mean=0.000 ep_len=500.0 pi_loss=-0.004 v_loss=0.001 ent=0.972 kl=0.0084
[upd  116 | steps   59392 | t   38.4s | sps  1548] ret_mean=0.000 ep_len=500.0 pi_loss=-0.007 v_loss=0.000 ent=1.008 kl=0.0129
[upd  117 | steps   59904 | t   38.5s | sps  1554] ret_mean=0.000 ep_len=500.0 pi_loss=-0.005 v_loss=0.021 ent=0.866 kl=0.0117
[upd  118 | steps   60416 | t   38.7s | sps  1561] ret_mean=3.500 ep_len=500.0 pi_loss=-0.007 v_loss=0.001 ent=1.011 kl=0.0029
[upd  119 | steps   60928 | t   38.9s | sps  1567] ret_mean=0.000 ep_len=500.0 pi_loss=-0.005 v_loss=0.000 ent=0.908 kl=0.0073
[upd  120 | steps   61440 | t   39.1s | sps  1573] ret_mean=0.000 ep_len=500.0 pi_loss=-0.004 v_loss=0.000 ent=1.099 kl=0.0012
[upd  121 | steps   61952 | t   39.2s | sps  1579] ret_mean=0.000 ep_len=500.0 pi_loss=-0.004 v_loss=0.001 ent=1.018 kl=0.0057
[upd  122 | steps   62464 | t   39.4s | sps  1586] ret_mean=0.000 ep_len=500.0 pi_loss=-0.005 v_loss=0.000 ent=0.902 kl=0.0073
[upd  123 | steps   62976 | t   39.6s | sps  1590] ret_mean=0.000 ep_len=500.0 pi_loss=-0.003 v_loss=0.000 ent=1.010 kl=0.0024
[upd  124 | steps   63488 | t   39.8s | sps  1596] ret_mean=0.000 ep_len=500.0 pi_loss=-0.005 v_loss=0.043 ent=1.029 kl=-0.0023
[upd  125 | steps   64000 | t   40.0s | sps  1602] ret_mean=6.500 ep_len=500.0 pi_loss=-0.001 v_loss=0.001 ent=0.896 kl=0.0007
        [eval] ret_mean=0.000 ep_len=500.0
[upd  126 | steps   64512 | t   43.9s | sps  1468] ret_mean=0.000 ep_len=500.0 pi_loss=-0.005 v_loss=0.001 ent=0.917 kl=0.0044
[upd  127 | steps   65024 | t   44.1s | sps  1474] ret_mean=0.000 ep_len=500.0 pi_loss=-0.005 v_loss=0.000 ent=1.201 kl=0.0070
[upd  128 | steps   65536 | t   44.3s | sps  1481] ret_mean=0.000 ep_len=500.0 pi_loss=-0.004 v_loss=0.000 ent=1.105 kl=0.0057
[upd  129 | steps   66048 | t   44.4s | sps  1487] ret_mean=0.000 ep_len=500.0 pi_loss=-0.006 v_loss=0.000 ent=1.129 kl=-0.0000
[upd  130 | steps   66560 | t   44.6s | sps  1493] ret_mean=0.000 ep_len=500.0 pi_loss=-0.002 v_loss=0.000 ent=1.365 kl=0.0020
[upd  131 | steps   67072 | t   44.8s | sps  1499] ret_mean=0.000 ep_len=500.0 pi_loss=-0.008 v_loss=0.000 ent=1.044 kl=0.0067
[upd  132 | steps   67584 | t   44.9s | sps  1505] ret_mean=0.000 ep_len=500.0 pi_loss=-0.003 v_loss=0.000 ent=0.948 kl=0.0030
[upd  133 | steps   68096 | t   45.1s | sps  1510] ret_mean=0.000 ep_len=500.0 pi_loss=-0.002 v_loss=0.000 ent=0.760 kl=0.0083
[upd  134 | steps   68608 | t   45.3s | sps  1516] ret_mean=0.000 ep_len=500.0 pi_loss=-0.005 v_loss=0.000 ent=0.806 kl=0.0046
[upd  135 | steps   69120 | t   45.4s | sps  1522] ret_mean=0.500 ep_len=500.0 pi_loss=-0.005 v_loss=0.001 ent=0.997 kl=0.0058
[upd  136 | steps   69632 | t   45.6s | sps  1528] ret_mean=0.000 ep_len=500.0 pi_loss=-0.001 v_loss=0.000 ent=0.826 kl=0.0014
[upd  137 | steps   70144 | t   45.7s | sps  1533] ret_mean=0.000 ep_len=500.0 pi_loss=-0.002 v_loss=0.000 ent=0.842 kl=0.0011
[upd  138 | steps   70656 | t   45.9s | sps  1539] ret_mean=0.000 ep_len=500.0 pi_loss=-0.001 v_loss=0.000 ent=0.902 kl=0.0011
[upd  139 | steps   71168 | t   46.1s | sps  1545] ret_mean=0.000 ep_len=500.0 pi_loss=-0.002 v_loss=0.000 ent=0.949 kl=0.0018
[upd  140 | steps   71680 | t   46.2s | sps  1550] ret_mean=0.000 ep_len=500.0 pi_loss=-0.003 v_loss=0.000 ent=1.012 kl=0.0033
[upd  141 | steps   72192 | t   46.5s | sps  1553] ret_mean=0.000 ep_len=500.0 pi_loss=-0.003 v_loss=0.000 ent=1.276 kl=0.0006
[upd  142 | steps   72704 | t   46.7s | sps  1556] ret_mean=0.000 ep_len=500.0 pi_loss=-0.002 v_loss=0.000 ent=0.899 kl=0.0008
[upd  143 | steps   73216 | t   46.9s | sps  1560] ret_mean=0.000 ep_len=500.0 pi_loss=-0.003 v_loss=0.000 ent=1.114 kl=0.0043
[upd  144 | steps   73728 | t   47.1s | sps  1565] ret_mean=0.000 ep_len=500.0 pi_loss=-0.005 v_loss=0.000 ent=1.137 kl=0.0092
[upd  145 | steps   74240 | t   47.3s | sps  1569] ret_mean=0.000 ep_len=500.0 pi_loss=-0.004 v_loss=0.000 ent=1.278 kl=0.0042
[upd  146 | steps   74752 | t   47.6s | sps  1571] ret_mean=0.000 ep_len=500.0 pi_loss=-0.004 v_loss=0.000 ent=1.133 kl=-0.0014
[upd  147 | steps   75264 | t   47.8s | sps  1573] ret_mean=0.000 ep_len=500.0 pi_loss=-0.001 v_loss=0.000 ent=0.997 kl=-0.0010
[upd  148 | steps   75776 | t   48.1s | sps  1577] ret_mean=0.000 ep_len=500.0 pi_loss=-0.006 v_loss=0.000 ent=1.156 kl=0.0067
[upd  149 | steps   76288 | t   48.3s | sps  1581] ret_mean=0.000 ep_len=500.0 pi_loss=-0.007 v_loss=0.000 ent=1.223 kl=0.0030
[upd  150 | steps   76800 | t   48.5s | sps  1583] ret_mean=0.000 ep_len=500.0 pi_loss=-0.009 v_loss=0.000 ent=1.324 kl=0.0020
        [eval] ret_mean=0.000 ep_len=500.0
[upd  151 | steps   77312 | t   53.0s | sps  1459] ret_mean=0.000 ep_len=500.0 pi_loss=-0.002 v_loss=0.000 ent=1.049 kl=-0.0030
[upd  152 | steps   77824 | t   53.2s | sps  1464] ret_mean=0.000 ep_len=500.0 pi_loss=-0.008 v_loss=0.000 ent=0.667 kl=0.0065
[upd  153 | steps   78336 | t   53.3s | sps  1469] ret_mean=0.000 ep_len=500.0 pi_loss=-0.005 v_loss=0.000 ent=1.246 kl=0.0036
[upd  154 | steps   78848 | t   53.5s | sps  1473] ret_mean=0.000 ep_len=500.0 pi_loss=-0.003 v_loss=0.000 ent=0.953 kl=0.0043
[upd  155 | steps   79360 | t   53.7s | sps  1478] ret_mean=0.000 ep_len=500.0 pi_loss=-0.004 v_loss=0.000 ent=0.803 kl=0.0046
[upd  156 | steps   79872 | t   53.9s | sps  1482] ret_mean=0.000 ep_len=500.0 pi_loss=-0.004 v_loss=0.000 ent=1.026 kl=0.0049
[upd  157 | steps   80384 | t   54.1s | sps  1485] ret_mean=0.000 ep_len=500.0 pi_loss=-0.004 v_loss=0.000 ent=1.290 kl=0.0005
[upd  158 | steps   80896 | t   54.3s | sps  1489] ret_mean=0.000 ep_len=500.0 pi_loss=-0.012 v_loss=0.000 ent=1.206 kl=0.0173
[upd  159 | steps   81408 | t   54.5s | sps  1493] ret_mean=0.000 ep_len=500.0 pi_loss=-0.002 v_loss=0.000 ent=0.934 kl=-0.0006
[upd  160 | steps   81920 | t   54.7s | sps  1498] ret_mean=0.000 ep_len=500.0 pi_loss=-0.005 v_loss=0.022 ent=1.185 kl=0.0022
[upd  161 | steps   82432 | t   54.9s | sps  1502] ret_mean=3.500 ep_len=500.0 pi_loss=-0.009 v_loss=0.001 ent=1.268 kl=0.0092
[upd  162 | steps   82944 | t   55.0s | sps  1507] ret_mean=0.000 ep_len=500.0 pi_loss=-0.006 v_loss=0.000 ent=0.883 kl=0.0085
[upd  163 | steps   83456 | t   55.2s | sps  1512] ret_mean=0.000 ep_len=500.0 pi_loss=-0.004 v_loss=0.000 ent=1.055 kl=0.0025
[upd  164 | steps   83968 | t   55.3s | sps  1517] ret_mean=0.000 ep_len=500.0 pi_loss=-0.008 v_loss=0.000 ent=1.075 kl=0.0028
[upd  165 | steps   84480 | t   55.5s | sps  1521] ret_mean=0.000 ep_len=500.0 pi_loss=-0.008 v_loss=0.000 ent=1.035 kl=0.0242
[upd  166 | steps   84992 | t   55.7s | sps  1526] ret_mean=0.000 ep_len=500.0 pi_loss=-0.005 v_loss=0.000 ent=1.335 kl=0.0042
[upd  167 | steps   85504 | t   55.9s | sps  1531] ret_mean=0.000 ep_len=500.0 pi_loss=-0.003 v_loss=0.000 ent=1.194 kl=-0.0011
[upd  168 | steps   86016 | t   56.0s | sps  1535] ret_mean=0.000 ep_len=500.0 pi_loss=-0.008 v_loss=0.000 ent=0.957 kl=0.0049
[upd  169 | steps   86528 | t   56.2s | sps  1539] ret_mean=0.000 ep_len=500.0 pi_loss=-0.010 v_loss=0.000 ent=0.982 kl=0.0038
[upd  170 | steps   87040 | t   56.4s | sps  1544] ret_mean=0.000 ep_len=500.0 pi_loss=-0.002 v_loss=0.000 ent=1.262 kl=0.0047
[upd  171 | steps   87552 | t   56.6s | sps  1548] ret_mean=0.000 ep_len=500.0 pi_loss=-0.008 v_loss=0.000 ent=1.066 kl=0.0089
[upd  172 | steps   88064 | t   56.7s | sps  1553] ret_mean=0.000 ep_len=500.0 pi_loss=-0.001 v_loss=0.000 ent=1.150 kl=0.0016
[upd  173 | steps   88576 | t   56.9s | sps  1557] ret_mean=0.000 ep_len=500.0 pi_loss=-0.003 v_loss=0.000 ent=1.162 kl=0.0006
[upd  174 | steps   89088 | t   57.1s | sps  1560] ret_mean=0.000 ep_len=500.0 pi_loss=-0.007 v_loss=0.000 ent=1.140 kl=0.0092
[upd  175 | steps   89600 | t   57.3s | sps  1564] ret_mean=0.000 ep_len=500.0 pi_loss=-0.006 v_loss=0.000 ent=1.016 kl=0.0048
        [eval] ret_mean=0.000 ep_len=500.0
[upd  176 | steps   90112 | t   61.3s | sps  1469] ret_mean=0.000 ep_len=500.0 pi_loss=-0.005 v_loss=0.000 ent=0.881 kl=0.0055
[upd  177 | steps   90624 | t   61.5s | sps  1474] ret_mean=0.000 ep_len=500.0 pi_loss=-0.003 v_loss=0.000 ent=1.123 kl=0.0078
[upd  178 | steps   91136 | t   61.6s | sps  1478] ret_mean=0.000 ep_len=500.0 pi_loss=-0.002 v_loss=0.000 ent=0.689 kl=0.0025
[upd  179 | steps   91648 | t   61.8s | sps  1483] ret_mean=0.000 ep_len=500.0 pi_loss=-0.010 v_loss=0.000 ent=1.051 kl=0.0075
[upd  180 | steps   92160 | t   62.0s | sps  1487] ret_mean=0.000 ep_len=500.0 pi_loss=-0.007 v_loss=0.000 ent=1.199 kl=0.0026
[upd  181 | steps   92672 | t   62.1s | sps  1492] ret_mean=0.000 ep_len=500.0 pi_loss=-0.005 v_loss=0.000 ent=1.246 kl=0.0036
[upd  182 | steps   93184 | t   62.3s | sps  1496] ret_mean=0.000 ep_len=500.0 pi_loss=-0.001 v_loss=0.000 ent=0.743 kl=0.0031
[upd  183 | steps   93696 | t   62.5s | sps  1500] ret_mean=0.000 ep_len=500.0 pi_loss=-0.002 v_loss=0.000 ent=0.740 kl=-0.0011
[upd  184 | steps   94208 | t   62.7s | sps  1504] ret_mean=0.000 ep_len=500.0 pi_loss=-0.000 v_loss=0.000 ent=0.696 kl=0.0034
[upd  185 | steps   94720 | t   62.8s | sps  1508] ret_mean=0.000 ep_len=500.0 pi_loss=-0.007 v_loss=0.000 ent=0.870 kl=0.0049
[upd  186 | steps   95232 | t   63.0s | sps  1512] ret_mean=0.000 ep_len=500.0 pi_loss=-0.004 v_loss=0.000 ent=0.971 kl=0.0030
[upd  187 | steps   95744 | t   63.2s | sps  1516] ret_mean=0.000 ep_len=500.0 pi_loss=-0.006 v_loss=0.000 ent=1.194 kl=0.0030
[upd  188 | steps   96256 | t   63.3s | sps  1520] ret_mean=0.000 ep_len=500.0 pi_loss=-0.004 v_loss=0.000 ent=0.530 kl=-0.0036
[upd  189 | steps   96768 | t   63.5s | sps  1524] ret_mean=0.000 ep_len=500.0 pi_loss=-0.002 v_loss=0.000 ent=0.704 kl=-0.0018
[upd  190 | steps   97280 | t   63.7s | sps  1528] ret_mean=0.000 ep_len=500.0 pi_loss=-0.002 v_loss=0.000 ent=0.862 kl=0.0006
[upd  191 | steps   97792 | t   63.8s | sps  1532] ret_mean=0.000 ep_len=500.0 pi_loss=-0.004 v_loss=0.000 ent=0.922 kl=0.0085
[upd  192 | steps   98304 | t   64.0s | sps  1536] ret_mean=0.000 ep_len=500.0 pi_loss=-0.004 v_loss=0.000 ent=0.840 kl=0.0065
[upd  193 | steps   98816 | t   64.2s | sps  1540] ret_mean=0.000 ep_len=500.0 pi_loss=-0.006 v_loss=0.000 ent=0.822 kl=0.0137
[upd  194 | steps   99328 | t   64.3s | sps  1544] ret_mean=0.000 ep_len=500.0 pi_loss=-0.003 v_loss=0.000 ent=0.838 kl=0.0091
[upd  195 | steps   99840 | t   64.5s | sps  1548] ret_mean=0.000 ep_len=500.0 pi_loss=-0.004 v_loss=0.000 ent=0.828 kl=-0.0022
[upd  196 | steps  100352 | t   64.7s | sps  1552] ret_mean=0.000 ep_len=500.0 pi_loss=-0.005 v_loss=0.000 ent=0.763 kl=0.0093
[upd  197 | steps  100864 | t   64.8s | sps  1556] ret_mean=0.000 ep_len=500.0 pi_loss=-0.005 v_loss=0.000 ent=1.109 kl=0.0091
[upd  198 | steps  101376 | t   65.0s | sps  1560] ret_mean=0.000 ep_len=500.0 pi_loss=-0.003 v_loss=0.000 ent=0.950 kl=0.0021
[upd  199 | steps  101888 | t   65.2s | sps  1564] ret_mean=0.000 ep_len=500.0 pi_loss=-0.002 v_loss=0.000 ent=0.930 kl=0.0057
[upd  200 | steps  102400 | t   65.3s | sps  1568] ret_mean=0.000 ep_len=500.0 pi_loss=-0.006 v_loss=0.000 ent=1.201 kl=0.0032
        [eval] ret_mean=0.000 ep_len=500.0
[upd  201 | steps  102912 | t   69.5s | sps  1481] ret_mean=0.000 ep_len=500.0 pi_loss=-0.006 v_loss=0.000 ent=1.158 kl=0.0137
[upd  202 | steps  103424 | t   69.6s | sps  1486] ret_mean=0.000 ep_len=500.0 pi_loss=-0.002 v_loss=0.000 ent=0.964 kl=0.0070
[upd  203 | steps  103936 | t   69.8s | sps  1490] ret_mean=0.000 ep_len=500.0 pi_loss=-0.008 v_loss=0.000 ent=0.836 kl=0.0090
[upd  204 | steps  104448 | t   69.9s | sps  1494] ret_mean=0.000 ep_len=500.0 pi_loss=-0.006 v_loss=0.000 ent=1.154 kl=0.0052
[upd  205 | steps  104960 | t   70.1s | sps  1497] ret_mean=0.000 ep_len=500.0 pi_loss=-0.007 v_loss=0.000 ent=0.567 kl=0.0106
[upd  206 | steps  105472 | t   70.3s | sps  1501] ret_mean=0.000 ep_len=500.0 pi_loss=-0.007 v_loss=0.001 ent=1.050 kl=0.0095
[upd  207 | steps  105984 | t   70.4s | sps  1505] ret_mean=4.000 ep_len=500.0 pi_loss=-0.011 v_loss=0.013 ent=0.604 kl=0.0122
[upd  208 | steps  106496 | t   70.6s | sps  1508] ret_mean=0.000 ep_len=500.0 pi_loss=-0.004 v_loss=0.000 ent=0.656 kl=-0.0031
[upd  209 | steps  107008 | t   70.8s | sps  1512] ret_mean=0.000 ep_len=500.0 pi_loss=-0.005 v_loss=0.001 ent=0.637 kl=0.0030
[upd  210 | steps  107520 | t   70.9s | sps  1515] ret_mean=0.000 ep_len=500.0 pi_loss=-0.002 v_loss=0.000 ent=0.813 kl=0.0059
[upd  211 | steps  108032 | t   71.1s | sps  1519] ret_mean=0.000 ep_len=500.0 pi_loss=-0.005 v_loss=0.000 ent=0.952 kl=-0.0051
[upd  212 | steps  108544 | t   71.3s | sps  1522] ret_mean=0.000 ep_len=500.0 pi_loss=-0.005 v_loss=0.000 ent=0.728 kl=0.0013
[upd  213 | steps  109056 | t   71.5s | sps  1526] ret_mean=0.000 ep_len=500.0 pi_loss=-0.007 v_loss=0.000 ent=0.797 kl=0.0036
[upd  214 | steps  109568 | t   71.6s | sps  1529] ret_mean=0.500 ep_len=500.0 pi_loss=-0.007 v_loss=0.002 ent=0.872 kl=0.0001
[upd  215 | steps  110080 | t   71.8s | sps  1533] ret_mean=0.000 ep_len=500.0 pi_loss=-0.006 v_loss=0.000 ent=1.033 kl=0.0045
[upd  216 | steps  110592 | t   72.0s | sps  1537] ret_mean=0.000 ep_len=500.0 pi_loss=-0.002 v_loss=0.000 ent=1.000 kl=0.0035
[upd  217 | steps  111104 | t   72.1s | sps  1541] ret_mean=0.000 ep_len=500.0 pi_loss=-0.003 v_loss=0.000 ent=0.886 kl=0.0020
[upd  218 | steps  111616 | t   72.3s | sps  1545] ret_mean=0.000 ep_len=500.0 pi_loss=-0.004 v_loss=0.000 ent=0.919 kl=0.0021
[upd  219 | steps  112128 | t   72.4s | sps  1548] ret_mean=0.000 ep_len=500.0 pi_loss=-0.007 v_loss=0.000 ent=1.108 kl=0.0053
[upd  220 | steps  112640 | t   72.6s | sps  1552] ret_mean=0.000 ep_len=500.0 pi_loss=-0.010 v_loss=0.000 ent=0.932 kl=0.0173
[upd  221 | steps  113152 | t   72.7s | sps  1556] ret_mean=0.000 ep_len=500.0 pi_loss=-0.002 v_loss=0.000 ent=0.553 kl=0.0033
[upd  222 | steps  113664 | t   72.9s | sps  1559] ret_mean=0.000 ep_len=500.0 pi_loss=-0.003 v_loss=0.000 ent=0.850 kl=-0.0037
[upd  223 | steps  114176 | t   73.0s | sps  1563] ret_mean=0.000 ep_len=500.0 pi_loss=-0.005 v_loss=0.000 ent=0.962 kl=0.0072
[upd  224 | steps  114688 | t   73.2s | sps  1567] ret_mean=0.000 ep_len=500.0 pi_loss=-0.007 v_loss=0.000 ent=0.818 kl=0.0125
[upd  225 | steps  115200 | t   73.3s | sps  1571] ret_mean=0.000 ep_len=500.0 pi_loss=-0.002 v_loss=0.000 ent=0.793 kl=0.0010
        [eval] ret_mean=0.000 ep_len=500.0
[upd  226 | steps  115712 | t   77.8s | sps  1488] ret_mean=0.000 ep_len=500.0 pi_loss=-0.004 v_loss=0.000 ent=0.828 kl=0.0036
[upd  227 | steps  116224 | t   78.0s | sps  1491] ret_mean=0.000 ep_len=500.0 pi_loss=-0.008 v_loss=0.000 ent=1.120 kl=0.0134
[upd  228 | steps  116736 | t   78.1s | sps  1494] ret_mean=0.000 ep_len=500.0 pi_loss=-0.005 v_loss=0.000 ent=0.983 kl=0.0031
[upd  229 | steps  117248 | t   78.3s | sps  1497] ret_mean=0.000 ep_len=500.0 pi_loss=-0.006 v_loss=0.000 ent=1.124 kl=0.0003
[upd  230 | steps  117760 | t   78.5s | sps  1501] ret_mean=0.000 ep_len=500.0 pi_loss=-0.005 v_loss=0.000 ent=0.888 kl=0.0092
[upd  231 | steps  118272 | t   78.6s | sps  1504] ret_mean=0.000 ep_len=500.0 pi_loss=0.001 v_loss=0.000 ent=1.061 kl=0.0023
[upd  232 | steps  118784 | t   78.8s | sps  1508] ret_mean=0.000 ep_len=500.0 pi_loss=-0.004 v_loss=0.000 ent=0.986 kl=0.0030
[upd  233 | steps  119296 | t   78.9s | sps  1511] ret_mean=0.000 ep_len=500.0 pi_loss=-0.009 v_loss=0.000 ent=1.169 kl=0.0047
[upd  234 | steps  119808 | t   79.1s | sps  1514] ret_mean=0.000 ep_len=500.0 pi_loss=-0.002 v_loss=0.000 ent=0.876 kl=0.0062
[upd  235 | steps  120320 | t   79.3s | sps  1517] ret_mean=0.000 ep_len=500.0 pi_loss=-0.005 v_loss=0.000 ent=1.056 kl=0.0076
[upd  236 | steps  120832 | t   79.5s | sps  1521] ret_mean=0.000 ep_len=500.0 pi_loss=-0.008 v_loss=0.000 ent=1.246 kl=0.0060
[upd  237 | steps  121344 | t   79.6s | sps  1524] ret_mean=0.000 ep_len=500.0 pi_loss=-0.005 v_loss=0.000 ent=0.804 kl=0.0069
[upd  238 | steps  121856 | t   79.8s | sps  1527] ret_mean=0.000 ep_len=500.0 pi_loss=-0.002 v_loss=0.000 ent=0.614 kl=0.0005
[upd  239 | steps  122368 | t   79.9s | sps  1531] ret_mean=0.000 ep_len=500.0 pi_loss=-0.007 v_loss=0.000 ent=1.073 kl=0.0016
[upd  240 | steps  122880 | t   80.1s | sps  1534] ret_mean=0.500 ep_len=500.0 pi_loss=-0.006 v_loss=0.001 ent=1.273 kl=0.0094
[upd  241 | steps  123392 | t   80.3s | sps  1536] ret_mean=0.000 ep_len=500.0 pi_loss=-0.003 v_loss=0.000 ent=0.709 kl=-0.0020
[upd  242 | steps  123904 | t   80.5s | sps  1539] ret_mean=0.000 ep_len=500.0 pi_loss=-0.002 v_loss=0.000 ent=0.943 kl=-0.0040
[upd  243 | steps  124416 | t   80.7s | sps  1542] ret_mean=0.000 ep_len=500.0 pi_loss=-0.005 v_loss=0.000 ent=0.633 kl=0.0056
[upd  244 | steps  124928 | t   80.9s | sps  1545] ret_mean=0.000 ep_len=500.0 pi_loss=-0.003 v_loss=0.000 ent=1.029 kl=0.0010
[upd  245 | steps  125440 | t   81.1s | sps  1547] ret_mean=0.000 ep_len=500.0 pi_loss=-0.001 v_loss=0.001 ent=0.560 kl=0.0037
[upd  246 | steps  125952 | t   81.3s | sps  1550] ret_mean=0.000 ep_len=500.0 pi_loss=-0.008 v_loss=0.001 ent=0.443 kl=0.0007
[upd  247 | steps  126464 | t   81.4s | sps  1553] ret_mean=0.000 ep_len=500.0 pi_loss=-0.012 v_loss=0.000 ent=0.534 kl=0.0086
[upd  248 | steps  126976 | t   81.6s | sps  1556] ret_mean=0.000 ep_len=500.0 pi_loss=-0.000 v_loss=0.000 ent=0.735 kl=0.0010
[upd  249 | steps  127488 | t   81.8s | sps  1559] ret_mean=0.000 ep_len=500.0 pi_loss=-0.002 v_loss=0.000 ent=0.954 kl=0.0036
[upd  250 | steps  128000 | t   82.0s | sps  1561] ret_mean=0.000 ep_len=500.0 pi_loss=-0.004 v_loss=0.000 ent=1.025 kl=0.0023
        [eval] ret_mean=0.000 ep_len=500.0
[upd  251 | steps  128512 | t   86.2s | sps  1491] ret_mean=0.000 ep_len=500.0 pi_loss=-0.008 v_loss=0.000 ent=1.075 kl=0.0073
[upd  252 | steps  129024 | t   86.3s | sps  1494] ret_mean=0.000 ep_len=500.0 pi_loss=-0.006 v_loss=0.000 ent=1.063 kl=0.0090
[upd  253 | steps  129536 | t   86.5s | sps  1497] ret_mean=0.000 ep_len=500.0 pi_loss=-0.011 v_loss=0.000 ent=0.840 kl=0.0173
[upd  254 | steps  130048 | t   86.7s | sps  1501] ret_mean=0.000 ep_len=500.0 pi_loss=-0.008 v_loss=0.000 ent=0.664 kl=0.0093
[upd  255 | steps  130560 | t   86.8s | sps  1504] ret_mean=0.000 ep_len=500.0 pi_loss=-0.011 v_loss=0.000 ent=1.170 kl=0.0167
[upd  256 | steps  131072 | t   87.0s | sps  1507] ret_mean=0.000 ep_len=500.0 pi_loss=-0.008 v_loss=0.000 ent=0.937 kl=0.0060
[upd  257 | steps  131584 | t   87.2s | sps  1510] ret_mean=0.000 ep_len=500.0 pi_loss=-0.002 v_loss=0.000 ent=0.976 kl=0.0103
[upd  258 | steps  132096 | t   87.3s | sps  1513] ret_mean=0.000 ep_len=500.0 pi_loss=-0.005 v_loss=0.000 ent=1.206 kl=0.0058
[upd  259 | steps  132608 | t   87.5s | sps  1515] ret_mean=0.000 ep_len=500.0 pi_loss=-0.007 v_loss=0.000 ent=0.982 kl=0.0276
[upd  260 | steps  133120 | t   87.7s | sps  1518] ret_mean=0.000 ep_len=500.0 pi_loss=-0.002 v_loss=0.000 ent=1.017 kl=0.0039
[upd  261 | steps  133632 | t   87.9s | sps  1521] ret_mean=0.000 ep_len=500.0 pi_loss=-0.003 v_loss=0.000 ent=0.840 kl=0.0048
[upd  262 | steps  134144 | t   88.0s | sps  1524] ret_mean=0.000 ep_len=500.0 pi_loss=-0.002 v_loss=0.000 ent=0.938 kl=0.0016
[upd  263 | steps  134656 | t   88.2s | sps  1527] ret_mean=0.000 ep_len=500.0 pi_loss=-0.007 v_loss=0.000 ent=1.003 kl=0.0020
[upd  264 | steps  135168 | t   88.4s | sps  1529] ret_mean=0.000 ep_len=500.0 pi_loss=-0.006 v_loss=0.000 ent=0.981 kl=0.0076
[upd  265 | steps  135680 | t   88.6s | sps  1532] ret_mean=0.000 ep_len=500.0 pi_loss=-0.004 v_loss=0.000 ent=0.936 kl=0.0048
[upd  266 | steps  136192 | t   88.7s | sps  1535] ret_mean=0.000 ep_len=500.0 pi_loss=-0.002 v_loss=0.000 ent=1.006 kl=0.0031
[upd  267 | steps  136704 | t   88.9s | sps  1538] ret_mean=0.000 ep_len=500.0 pi_loss=-0.001 v_loss=0.000 ent=0.658 kl=-0.0033
[upd  268 | steps  137216 | t   89.1s | sps  1541] ret_mean=0.000 ep_len=500.0 pi_loss=-0.012 v_loss=0.000 ent=1.023 kl=0.0064
[upd  269 | steps  137728 | t   89.2s | sps  1544] ret_mean=0.000 ep_len=500.0 pi_loss=-0.003 v_loss=0.000 ent=1.208 kl=0.0022
[upd  270 | steps  138240 | t   89.4s | sps  1547] ret_mean=0.000 ep_len=500.0 pi_loss=-0.006 v_loss=0.000 ent=1.012 kl=0.0044
[upd  271 | steps  138752 | t   89.5s | sps  1549] ret_mean=0.000 ep_len=500.0 pi_loss=-0.005 v_loss=0.000 ent=0.982 kl=0.0029
[upd  272 | steps  139264 | t   89.7s | sps  1552] ret_mean=0.000 ep_len=500.0 pi_loss=-0.013 v_loss=0.000 ent=1.228 kl=0.0121
[upd  273 | steps  139776 | t   89.9s | sps  1555] ret_mean=0.000 ep_len=500.0 pi_loss=-0.012 v_loss=0.000 ent=1.224 kl=0.0164
[upd  274 | steps  140288 | t   90.1s | sps  1558] ret_mean=0.000 ep_len=500.0 pi_loss=-0.009 v_loss=0.000 ent=1.208 kl=0.0116
[upd  275 | steps  140800 | t   90.2s | sps  1561] ret_mean=0.000 ep_len=500.0 pi_loss=-0.005 v_loss=0.000 ent=1.194 kl=0.0101
        [eval] ret_mean=0.000 ep_len=500.0
[upd  276 | steps  141312 | t   94.4s | sps  1497] ret_mean=0.000 ep_len=500.0 pi_loss=-0.002 v_loss=0.000 ent=1.179 kl=0.0001
[upd  277 | steps  141824 | t   94.5s | sps  1500] ret_mean=0.000 ep_len=500.0 pi_loss=-0.005 v_loss=0.000 ent=0.893 kl=0.0008
[upd  278 | steps  142336 | t   94.7s | sps  1503] ret_mean=0.000 ep_len=500.0 pi_loss=-0.007 v_loss=0.000 ent=1.286 kl=0.0056
[upd  279 | steps  142848 | t   94.9s | sps  1505] ret_mean=0.000 ep_len=500.0 pi_loss=-0.004 v_loss=0.000 ent=1.350 kl=0.0005
[upd  280 | steps  143360 | t   95.0s | sps  1508] ret_mean=0.000 ep_len=500.0 pi_loss=-0.008 v_loss=0.000 ent=0.981 kl=0.0103
[upd  281 | steps  143872 | t   95.2s | sps  1511] ret_mean=0.000 ep_len=500.0 pi_loss=-0.006 v_loss=0.000 ent=1.325 kl=-0.0014
[upd  282 | steps  144384 | t   95.4s | sps  1514] ret_mean=0.000 ep_len=500.0 pi_loss=-0.009 v_loss=0.000 ent=1.066 kl=0.0024
[upd  283 | steps  144896 | t   95.5s | sps  1517] ret_mean=0.000 ep_len=500.0 pi_loss=-0.008 v_loss=0.000 ent=1.249 kl=-0.0016
[upd  284 | steps  145408 | t   95.7s | sps  1519] ret_mean=0.000 ep_len=500.0 pi_loss=-0.007 v_loss=0.000 ent=1.167 kl=0.0045
[upd  285 | steps  145920 | t   95.9s | sps  1522] ret_mean=0.000 ep_len=500.0 pi_loss=-0.008 v_loss=0.000 ent=1.151 kl=-0.0027
[upd  286 | steps  146432 | t   96.0s | sps  1525] ret_mean=0.000 ep_len=500.0 pi_loss=-0.001 v_loss=0.015 ent=0.758 kl=0.0115
[upd  287 | steps  146944 | t   96.2s | sps  1527] ret_mean=0.000 ep_len=500.0 pi_loss=-0.003 v_loss=0.001 ent=0.921 kl=0.0041
[upd  288 | steps  147456 | t   96.4s | sps  1530] ret_mean=0.000 ep_len=500.0 pi_loss=-0.006 v_loss=0.000 ent=0.730 kl=0.0149
[upd  289 | steps  147968 | t   96.5s | sps  1533] ret_mean=0.000 ep_len=500.0 pi_loss=0.000 v_loss=0.000 ent=1.214 kl=0.0055
[upd  290 | steps  148480 | t   96.7s | sps  1535] ret_mean=0.000 ep_len=500.0 pi_loss=-0.007 v_loss=0.000 ent=1.227 kl=0.0037
[upd  291 | steps  148992 | t   96.9s | sps  1538] ret_mean=0.000 ep_len=500.0 pi_loss=-0.009 v_loss=0.000 ent=1.214 kl=0.0176
[upd  292 | steps  149504 | t   97.1s | sps  1540] ret_mean=0.000 ep_len=500.0 pi_loss=-0.004 v_loss=0.000 ent=1.298 kl=0.0009
[upd  293 | steps  150016 | t   97.2s | sps  1543] ret_mean=0.000 ep_len=500.0 pi_loss=-0.009 v_loss=0.000 ent=1.219 kl=0.0027
[upd  294 | steps  150528 | t   97.4s | sps  1545] ret_mean=0.000 ep_len=500.0 pi_loss=-0.006 v_loss=0.000 ent=1.079 kl=0.0077
[upd  295 | steps  151040 | t   97.6s | sps  1548] ret_mean=0.000 ep_len=500.0 pi_loss=-0.007 v_loss=0.000 ent=0.966 kl=0.0019
[upd  296 | steps  151552 | t   97.8s | sps  1550] ret_mean=0.000 ep_len=500.0 pi_loss=-0.006 v_loss=0.000 ent=1.189 kl=0.0001
[upd  297 | steps  152064 | t   97.9s | sps  1553] ret_mean=0.000 ep_len=500.0 pi_loss=-0.003 v_loss=0.000 ent=1.181 kl=-0.0046
[upd  298 | steps  152576 | t   98.1s | sps  1555] ret_mean=0.000 ep_len=500.0 pi_loss=-0.004 v_loss=0.000 ent=1.108 kl=0.0088
[upd  299 | steps  153088 | t   98.3s | sps  1557] ret_mean=0.000 ep_len=500.0 pi_loss=-0.002 v_loss=0.000 ent=0.970 kl=0.0001
[upd  300 | steps  153600 | t   98.5s | sps  1560] ret_mean=0.000 ep_len=500.0 pi_loss=-0.008 v_loss=0.000 ent=1.019 kl=0.0056
        [eval] ret_mean=0.000 ep_len=500.0
